[2025-05-04T03:50:45.866-0300] {processor.py:161} INFO - Started process (PID=19644) to work on /home/facuvega/Descargas/crypto-etl-airflow/airflow-apache/lib/python3.11/site-packages/airflow/example_dags/example_task_group.py
[2025-05-04T03:50:45.867-0300] {processor.py:830} INFO - Processing file /home/facuvega/Descargas/crypto-etl-airflow/airflow-apache/lib/python3.11/site-packages/airflow/example_dags/example_task_group.py for tasks to queue
[2025-05-04T03:50:45.869-0300] {logging_mixin.py:188} INFO - [2025-05-04T03:50:45.868-0300] {dagbag.py:540} INFO - Filling up the DagBag from /home/facuvega/Descargas/crypto-etl-airflow/airflow-apache/lib/python3.11/site-packages/airflow/example_dags/example_task_group.py
[2025-05-04T03:50:45.878-0300] {processor.py:840} INFO - DAG(s) 'example_task_group' retrieved from /home/facuvega/Descargas/crypto-etl-airflow/airflow-apache/lib/python3.11/site-packages/airflow/example_dags/example_task_group.py
[2025-05-04T03:50:45.897-0300] {logging_mixin.py:188} INFO - [2025-05-04T03:50:45.897-0300] {dag.py:3096} INFO - Sync 1 DAGs
[2025-05-04T03:50:45.909-0300] {logging_mixin.py:188} INFO - [2025-05-04T03:50:45.909-0300] {dag.py:3954} INFO - Setting next_dagrun for example_task_group to 2025-05-03 00:00:00+00:00, run_after=2025-05-04 00:00:00+00:00
[2025-05-04T03:50:45.922-0300] {processor.py:183} INFO - Processing /home/facuvega/Descargas/crypto-etl-airflow/airflow-apache/lib/python3.11/site-packages/airflow/example_dags/example_task_group.py took 0.061 seconds
[2025-05-04T03:51:36.205-0300] {processor.py:161} INFO - Started process (PID=19871) to work on /home/facuvega/Descargas/crypto-etl-airflow/airflow-apache/lib/python3.11/site-packages/airflow/example_dags/example_task_group.py
[2025-05-04T03:51:36.206-0300] {processor.py:830} INFO - Processing file /home/facuvega/Descargas/crypto-etl-airflow/airflow-apache/lib/python3.11/site-packages/airflow/example_dags/example_task_group.py for tasks to queue
[2025-05-04T03:51:36.208-0300] {logging_mixin.py:188} INFO - [2025-05-04T03:51:36.207-0300] {dagbag.py:540} INFO - Filling up the DagBag from /home/facuvega/Descargas/crypto-etl-airflow/airflow-apache/lib/python3.11/site-packages/airflow/example_dags/example_task_group.py
[2025-05-04T03:51:36.214-0300] {processor.py:840} INFO - DAG(s) 'example_task_group' retrieved from /home/facuvega/Descargas/crypto-etl-airflow/airflow-apache/lib/python3.11/site-packages/airflow/example_dags/example_task_group.py
[2025-05-04T03:51:36.226-0300] {logging_mixin.py:188} INFO - [2025-05-04T03:51:36.226-0300] {dag.py:3096} INFO - Sync 1 DAGs
[2025-05-04T03:51:36.240-0300] {logging_mixin.py:188} INFO - [2025-05-04T03:51:36.240-0300] {dag.py:3954} INFO - Setting next_dagrun for example_task_group to 2025-05-03 00:00:00+00:00, run_after=2025-05-04 00:00:00+00:00
[2025-05-04T03:51:36.253-0300] {processor.py:183} INFO - Processing /home/facuvega/Descargas/crypto-etl-airflow/airflow-apache/lib/python3.11/site-packages/airflow/example_dags/example_task_group.py took 0.052 seconds
[2025-05-04T03:52:20.209-0300] {processor.py:161} INFO - Started process (PID=20081) to work on /home/facuvega/Descargas/crypto-etl-airflow/airflow-apache/lib/python3.11/site-packages/airflow/example_dags/example_task_group.py
[2025-05-04T03:52:20.210-0300] {processor.py:830} INFO - Processing file /home/facuvega/Descargas/crypto-etl-airflow/airflow-apache/lib/python3.11/site-packages/airflow/example_dags/example_task_group.py for tasks to queue
[2025-05-04T03:52:20.212-0300] {logging_mixin.py:188} INFO - [2025-05-04T03:52:20.212-0300] {dagbag.py:540} INFO - Filling up the DagBag from /home/facuvega/Descargas/crypto-etl-airflow/airflow-apache/lib/python3.11/site-packages/airflow/example_dags/example_task_group.py
[2025-05-04T03:52:20.218-0300] {processor.py:840} INFO - DAG(s) 'example_task_group' retrieved from /home/facuvega/Descargas/crypto-etl-airflow/airflow-apache/lib/python3.11/site-packages/airflow/example_dags/example_task_group.py
[2025-05-04T03:52:20.231-0300] {logging_mixin.py:188} INFO - [2025-05-04T03:52:20.230-0300] {dag.py:3096} INFO - Sync 1 DAGs
[2025-05-04T03:52:20.243-0300] {logging_mixin.py:188} INFO - [2025-05-04T03:52:20.243-0300] {dag.py:3954} INFO - Setting next_dagrun for example_task_group to 2025-05-03 00:00:00+00:00, run_after=2025-05-04 00:00:00+00:00
[2025-05-04T03:52:20.255-0300] {processor.py:183} INFO - Processing /home/facuvega/Descargas/crypto-etl-airflow/airflow-apache/lib/python3.11/site-packages/airflow/example_dags/example_task_group.py took 0.051 seconds
[2025-05-04T03:53:05.465-0300] {processor.py:161} INFO - Started process (PID=20332) to work on /home/facuvega/Descargas/crypto-etl-airflow/airflow-apache/lib/python3.11/site-packages/airflow/example_dags/example_task_group.py
[2025-05-04T03:53:05.471-0300] {processor.py:830} INFO - Processing file /home/facuvega/Descargas/crypto-etl-airflow/airflow-apache/lib/python3.11/site-packages/airflow/example_dags/example_task_group.py for tasks to queue
[2025-05-04T03:53:05.476-0300] {logging_mixin.py:188} INFO - [2025-05-04T03:53:05.474-0300] {dagbag.py:540} INFO - Filling up the DagBag from /home/facuvega/Descargas/crypto-etl-airflow/airflow-apache/lib/python3.11/site-packages/airflow/example_dags/example_task_group.py
[2025-05-04T03:53:05.534-0300] {processor.py:840} INFO - DAG(s) 'example_task_group' retrieved from /home/facuvega/Descargas/crypto-etl-airflow/airflow-apache/lib/python3.11/site-packages/airflow/example_dags/example_task_group.py
[2025-05-04T03:53:05.624-0300] {logging_mixin.py:188} INFO - [2025-05-04T03:53:05.624-0300] {dag.py:3096} INFO - Sync 1 DAGs
[2025-05-04T03:53:05.714-0300] {logging_mixin.py:188} INFO - [2025-05-04T03:53:05.714-0300] {dag.py:3954} INFO - Setting next_dagrun for example_task_group to 2025-05-03 00:00:00+00:00, run_after=2025-05-04 00:00:00+00:00
[2025-05-04T03:53:05.793-0300] {processor.py:183} INFO - Processing /home/facuvega/Descargas/crypto-etl-airflow/airflow-apache/lib/python3.11/site-packages/airflow/example_dags/example_task_group.py took 0.348 seconds
[2025-05-04T03:53:57.342-0300] {processor.py:161} INFO - Started process (PID=20858) to work on /home/facuvega/Descargas/crypto-etl-airflow/airflow-apache/lib/python3.11/site-packages/airflow/example_dags/example_task_group.py
[2025-05-04T03:53:57.343-0300] {processor.py:830} INFO - Processing file /home/facuvega/Descargas/crypto-etl-airflow/airflow-apache/lib/python3.11/site-packages/airflow/example_dags/example_task_group.py for tasks to queue
[2025-05-04T03:53:57.344-0300] {logging_mixin.py:188} INFO - [2025-05-04T03:53:57.344-0300] {dagbag.py:540} INFO - Filling up the DagBag from /home/facuvega/Descargas/crypto-etl-airflow/airflow-apache/lib/python3.11/site-packages/airflow/example_dags/example_task_group.py
[2025-05-04T03:53:57.351-0300] {processor.py:840} INFO - DAG(s) 'example_task_group' retrieved from /home/facuvega/Descargas/crypto-etl-airflow/airflow-apache/lib/python3.11/site-packages/airflow/example_dags/example_task_group.py
[2025-05-04T03:53:57.365-0300] {logging_mixin.py:188} INFO - [2025-05-04T03:53:57.364-0300] {dag.py:3096} INFO - Sync 1 DAGs
[2025-05-04T03:53:57.377-0300] {logging_mixin.py:188} INFO - [2025-05-04T03:53:57.377-0300] {dag.py:3954} INFO - Setting next_dagrun for example_task_group to 2025-05-03 00:00:00+00:00, run_after=2025-05-04 00:00:00+00:00
[2025-05-04T03:53:57.390-0300] {processor.py:183} INFO - Processing /home/facuvega/Descargas/crypto-etl-airflow/airflow-apache/lib/python3.11/site-packages/airflow/example_dags/example_task_group.py took 0.053 seconds
[2025-05-04T03:54:42.562-0300] {processor.py:161} INFO - Started process (PID=21062) to work on /home/facuvega/Descargas/crypto-etl-airflow/airflow-apache/lib/python3.11/site-packages/airflow/example_dags/example_task_group.py
[2025-05-04T03:54:42.563-0300] {processor.py:830} INFO - Processing file /home/facuvega/Descargas/crypto-etl-airflow/airflow-apache/lib/python3.11/site-packages/airflow/example_dags/example_task_group.py for tasks to queue
[2025-05-04T03:54:42.565-0300] {logging_mixin.py:188} INFO - [2025-05-04T03:54:42.564-0300] {dagbag.py:540} INFO - Filling up the DagBag from /home/facuvega/Descargas/crypto-etl-airflow/airflow-apache/lib/python3.11/site-packages/airflow/example_dags/example_task_group.py
[2025-05-04T03:54:42.572-0300] {processor.py:840} INFO - DAG(s) 'example_task_group' retrieved from /home/facuvega/Descargas/crypto-etl-airflow/airflow-apache/lib/python3.11/site-packages/airflow/example_dags/example_task_group.py
[2025-05-04T03:54:42.585-0300] {logging_mixin.py:188} INFO - [2025-05-04T03:54:42.585-0300] {dag.py:3096} INFO - Sync 1 DAGs
[2025-05-04T03:54:42.600-0300] {logging_mixin.py:188} INFO - [2025-05-04T03:54:42.600-0300] {dag.py:3954} INFO - Setting next_dagrun for example_task_group to 2025-05-03 00:00:00+00:00, run_after=2025-05-04 00:00:00+00:00
[2025-05-04T03:54:42.617-0300] {processor.py:183} INFO - Processing /home/facuvega/Descargas/crypto-etl-airflow/airflow-apache/lib/python3.11/site-packages/airflow/example_dags/example_task_group.py took 0.061 seconds
[2025-05-04T03:55:37.507-0300] {processor.py:161} INFO - Started process (PID=21419) to work on /home/facuvega/Descargas/crypto-etl-airflow/airflow-apache/lib/python3.11/site-packages/airflow/example_dags/example_task_group.py
[2025-05-04T03:55:37.508-0300] {processor.py:830} INFO - Processing file /home/facuvega/Descargas/crypto-etl-airflow/airflow-apache/lib/python3.11/site-packages/airflow/example_dags/example_task_group.py for tasks to queue
[2025-05-04T03:55:37.511-0300] {logging_mixin.py:188} INFO - [2025-05-04T03:55:37.511-0300] {dagbag.py:540} INFO - Filling up the DagBag from /home/facuvega/Descargas/crypto-etl-airflow/airflow-apache/lib/python3.11/site-packages/airflow/example_dags/example_task_group.py
[2025-05-04T03:55:37.520-0300] {processor.py:840} INFO - DAG(s) 'example_task_group' retrieved from /home/facuvega/Descargas/crypto-etl-airflow/airflow-apache/lib/python3.11/site-packages/airflow/example_dags/example_task_group.py
[2025-05-04T03:55:37.535-0300] {logging_mixin.py:188} INFO - [2025-05-04T03:55:37.535-0300] {dag.py:3096} INFO - Sync 1 DAGs
[2025-05-04T03:55:37.553-0300] {logging_mixin.py:188} INFO - [2025-05-04T03:55:37.553-0300] {dag.py:3954} INFO - Setting next_dagrun for example_task_group to 2025-05-03 00:00:00+00:00, run_after=2025-05-04 00:00:00+00:00
[2025-05-04T03:55:37.569-0300] {processor.py:183} INFO - Processing /home/facuvega/Descargas/crypto-etl-airflow/airflow-apache/lib/python3.11/site-packages/airflow/example_dags/example_task_group.py took 0.070 seconds
[2025-05-04T03:56:24.066-0300] {processor.py:161} INFO - Started process (PID=21634) to work on /home/facuvega/Descargas/crypto-etl-airflow/airflow-apache/lib/python3.11/site-packages/airflow/example_dags/example_task_group.py
[2025-05-04T03:56:24.069-0300] {processor.py:830} INFO - Processing file /home/facuvega/Descargas/crypto-etl-airflow/airflow-apache/lib/python3.11/site-packages/airflow/example_dags/example_task_group.py for tasks to queue
[2025-05-04T03:56:24.071-0300] {logging_mixin.py:188} INFO - [2025-05-04T03:56:24.071-0300] {dagbag.py:540} INFO - Filling up the DagBag from /home/facuvega/Descargas/crypto-etl-airflow/airflow-apache/lib/python3.11/site-packages/airflow/example_dags/example_task_group.py
[2025-05-04T03:56:24.078-0300] {processor.py:840} INFO - DAG(s) 'example_task_group' retrieved from /home/facuvega/Descargas/crypto-etl-airflow/airflow-apache/lib/python3.11/site-packages/airflow/example_dags/example_task_group.py
[2025-05-04T03:56:24.092-0300] {logging_mixin.py:188} INFO - [2025-05-04T03:56:24.092-0300] {dag.py:3096} INFO - Sync 1 DAGs
[2025-05-04T03:56:24.110-0300] {logging_mixin.py:188} INFO - [2025-05-04T03:56:24.110-0300] {dag.py:3954} INFO - Setting next_dagrun for example_task_group to 2025-05-03 00:00:00+00:00, run_after=2025-05-04 00:00:00+00:00
[2025-05-04T03:56:24.128-0300] {processor.py:183} INFO - Processing /home/facuvega/Descargas/crypto-etl-airflow/airflow-apache/lib/python3.11/site-packages/airflow/example_dags/example_task_group.py took 0.072 seconds
[2025-05-04T03:57:05.204-0300] {processor.py:161} INFO - Started process (PID=21820) to work on /home/facuvega/Descargas/crypto-etl-airflow/airflow-apache/lib/python3.11/site-packages/airflow/example_dags/example_task_group.py
[2025-05-04T03:57:05.205-0300] {processor.py:830} INFO - Processing file /home/facuvega/Descargas/crypto-etl-airflow/airflow-apache/lib/python3.11/site-packages/airflow/example_dags/example_task_group.py for tasks to queue
[2025-05-04T03:57:05.206-0300] {logging_mixin.py:188} INFO - [2025-05-04T03:57:05.206-0300] {dagbag.py:540} INFO - Filling up the DagBag from /home/facuvega/Descargas/crypto-etl-airflow/airflow-apache/lib/python3.11/site-packages/airflow/example_dags/example_task_group.py
[2025-05-04T03:57:05.213-0300] {processor.py:840} INFO - DAG(s) 'example_task_group' retrieved from /home/facuvega/Descargas/crypto-etl-airflow/airflow-apache/lib/python3.11/site-packages/airflow/example_dags/example_task_group.py
[2025-05-04T03:57:05.229-0300] {logging_mixin.py:188} INFO - [2025-05-04T03:57:05.229-0300] {dag.py:3096} INFO - Sync 1 DAGs
[2025-05-04T03:57:05.242-0300] {logging_mixin.py:188} INFO - [2025-05-04T03:57:05.242-0300] {dag.py:3954} INFO - Setting next_dagrun for example_task_group to 2025-05-03 00:00:00+00:00, run_after=2025-05-04 00:00:00+00:00
[2025-05-04T03:57:05.256-0300] {processor.py:183} INFO - Processing /home/facuvega/Descargas/crypto-etl-airflow/airflow-apache/lib/python3.11/site-packages/airflow/example_dags/example_task_group.py took 0.057 seconds
[2025-05-04T03:58:08.387-0300] {processor.py:161} INFO - Started process (PID=22446) to work on /home/facuvega/Descargas/crypto-etl-airflow/airflow-apache/lib/python3.11/site-packages/airflow/example_dags/example_task_group.py
[2025-05-04T03:58:08.388-0300] {processor.py:830} INFO - Processing file /home/facuvega/Descargas/crypto-etl-airflow/airflow-apache/lib/python3.11/site-packages/airflow/example_dags/example_task_group.py for tasks to queue
[2025-05-04T03:58:08.390-0300] {logging_mixin.py:188} INFO - [2025-05-04T03:58:08.389-0300] {dagbag.py:540} INFO - Filling up the DagBag from /home/facuvega/Descargas/crypto-etl-airflow/airflow-apache/lib/python3.11/site-packages/airflow/example_dags/example_task_group.py
[2025-05-04T03:58:08.398-0300] {processor.py:840} INFO - DAG(s) 'example_task_group' retrieved from /home/facuvega/Descargas/crypto-etl-airflow/airflow-apache/lib/python3.11/site-packages/airflow/example_dags/example_task_group.py
[2025-05-04T03:58:08.416-0300] {logging_mixin.py:188} INFO - [2025-05-04T03:58:08.416-0300] {dag.py:3096} INFO - Sync 1 DAGs
[2025-05-04T03:58:08.430-0300] {logging_mixin.py:188} INFO - [2025-05-04T03:58:08.430-0300] {dag.py:3954} INFO - Setting next_dagrun for example_task_group to 2025-05-03 00:00:00+00:00, run_after=2025-05-04 00:00:00+00:00
[2025-05-04T03:58:08.443-0300] {processor.py:183} INFO - Processing /home/facuvega/Descargas/crypto-etl-airflow/airflow-apache/lib/python3.11/site-packages/airflow/example_dags/example_task_group.py took 0.061 seconds
[2025-05-04T03:59:02.893-0300] {processor.py:161} INFO - Started process (PID=22802) to work on /home/facuvega/Descargas/crypto-etl-airflow/airflow-apache/lib/python3.11/site-packages/airflow/example_dags/example_task_group.py
[2025-05-04T03:59:02.894-0300] {processor.py:830} INFO - Processing file /home/facuvega/Descargas/crypto-etl-airflow/airflow-apache/lib/python3.11/site-packages/airflow/example_dags/example_task_group.py for tasks to queue
[2025-05-04T03:59:02.896-0300] {logging_mixin.py:188} INFO - [2025-05-04T03:59:02.895-0300] {dagbag.py:540} INFO - Filling up the DagBag from /home/facuvega/Descargas/crypto-etl-airflow/airflow-apache/lib/python3.11/site-packages/airflow/example_dags/example_task_group.py
[2025-05-04T03:59:02.903-0300] {processor.py:840} INFO - DAG(s) 'example_task_group' retrieved from /home/facuvega/Descargas/crypto-etl-airflow/airflow-apache/lib/python3.11/site-packages/airflow/example_dags/example_task_group.py
[2025-05-04T03:59:02.918-0300] {logging_mixin.py:188} INFO - [2025-05-04T03:59:02.918-0300] {dag.py:3096} INFO - Sync 1 DAGs
[2025-05-04T03:59:02.932-0300] {logging_mixin.py:188} INFO - [2025-05-04T03:59:02.932-0300] {dag.py:3954} INFO - Setting next_dagrun for example_task_group to 2025-05-03 00:00:00+00:00, run_after=2025-05-04 00:00:00+00:00
[2025-05-04T03:59:02.945-0300] {processor.py:183} INFO - Processing /home/facuvega/Descargas/crypto-etl-airflow/airflow-apache/lib/python3.11/site-packages/airflow/example_dags/example_task_group.py took 0.057 seconds
[2025-05-04T04:00:06.757-0300] {processor.py:161} INFO - Started process (PID=23500) to work on /home/facuvega/Descargas/crypto-etl-airflow/airflow-apache/lib/python3.11/site-packages/airflow/example_dags/example_task_group.py
[2025-05-04T04:00:06.758-0300] {processor.py:830} INFO - Processing file /home/facuvega/Descargas/crypto-etl-airflow/airflow-apache/lib/python3.11/site-packages/airflow/example_dags/example_task_group.py for tasks to queue
[2025-05-04T04:00:06.761-0300] {logging_mixin.py:188} INFO - [2025-05-04T04:00:06.761-0300] {dagbag.py:540} INFO - Filling up the DagBag from /home/facuvega/Descargas/crypto-etl-airflow/airflow-apache/lib/python3.11/site-packages/airflow/example_dags/example_task_group.py
[2025-05-04T04:00:06.769-0300] {processor.py:840} INFO - DAG(s) 'example_task_group' retrieved from /home/facuvega/Descargas/crypto-etl-airflow/airflow-apache/lib/python3.11/site-packages/airflow/example_dags/example_task_group.py
[2025-05-04T04:00:06.789-0300] {logging_mixin.py:188} INFO - [2025-05-04T04:00:06.789-0300] {dag.py:3096} INFO - Sync 1 DAGs
[2025-05-04T04:00:06.806-0300] {logging_mixin.py:188} INFO - [2025-05-04T04:00:06.806-0300] {dag.py:3954} INFO - Setting next_dagrun for example_task_group to 2025-05-03 00:00:00+00:00, run_after=2025-05-04 00:00:00+00:00
[2025-05-04T04:00:06.822-0300] {processor.py:183} INFO - Processing /home/facuvega/Descargas/crypto-etl-airflow/airflow-apache/lib/python3.11/site-packages/airflow/example_dags/example_task_group.py took 0.073 seconds
[2025-05-04T04:01:02.317-0300] {processor.py:161} INFO - Started process (PID=23932) to work on /home/facuvega/Descargas/crypto-etl-airflow/airflow-apache/lib/python3.11/site-packages/airflow/example_dags/example_task_group.py
[2025-05-04T04:01:02.319-0300] {processor.py:830} INFO - Processing file /home/facuvega/Descargas/crypto-etl-airflow/airflow-apache/lib/python3.11/site-packages/airflow/example_dags/example_task_group.py for tasks to queue
[2025-05-04T04:01:02.321-0300] {logging_mixin.py:188} INFO - [2025-05-04T04:01:02.321-0300] {dagbag.py:540} INFO - Filling up the DagBag from /home/facuvega/Descargas/crypto-etl-airflow/airflow-apache/lib/python3.11/site-packages/airflow/example_dags/example_task_group.py
[2025-05-04T04:01:02.331-0300] {processor.py:840} INFO - DAG(s) 'example_task_group' retrieved from /home/facuvega/Descargas/crypto-etl-airflow/airflow-apache/lib/python3.11/site-packages/airflow/example_dags/example_task_group.py
[2025-05-04T04:01:02.348-0300] {logging_mixin.py:188} INFO - [2025-05-04T04:01:02.347-0300] {dag.py:3096} INFO - Sync 1 DAGs
[2025-05-04T04:01:02.369-0300] {logging_mixin.py:188} INFO - [2025-05-04T04:01:02.368-0300] {dag.py:3954} INFO - Setting next_dagrun for example_task_group to 2025-05-03 00:00:00+00:00, run_after=2025-05-04 00:00:00+00:00
[2025-05-04T04:01:02.387-0300] {processor.py:183} INFO - Processing /home/facuvega/Descargas/crypto-etl-airflow/airflow-apache/lib/python3.11/site-packages/airflow/example_dags/example_task_group.py took 0.078 seconds
[2025-05-04T04:01:50.620-0300] {processor.py:161} INFO - Started process (PID=24160) to work on /home/facuvega/Descargas/crypto-etl-airflow/airflow-apache/lib/python3.11/site-packages/airflow/example_dags/example_task_group.py
[2025-05-04T04:01:50.621-0300] {processor.py:830} INFO - Processing file /home/facuvega/Descargas/crypto-etl-airflow/airflow-apache/lib/python3.11/site-packages/airflow/example_dags/example_task_group.py for tasks to queue
[2025-05-04T04:01:50.623-0300] {logging_mixin.py:188} INFO - [2025-05-04T04:01:50.622-0300] {dagbag.py:540} INFO - Filling up the DagBag from /home/facuvega/Descargas/crypto-etl-airflow/airflow-apache/lib/python3.11/site-packages/airflow/example_dags/example_task_group.py
[2025-05-04T04:01:50.630-0300] {processor.py:840} INFO - DAG(s) 'example_task_group' retrieved from /home/facuvega/Descargas/crypto-etl-airflow/airflow-apache/lib/python3.11/site-packages/airflow/example_dags/example_task_group.py
[2025-05-04T04:01:50.644-0300] {logging_mixin.py:188} INFO - [2025-05-04T04:01:50.644-0300] {dag.py:3096} INFO - Sync 1 DAGs
[2025-05-04T04:01:50.659-0300] {logging_mixin.py:188} INFO - [2025-05-04T04:01:50.659-0300] {dag.py:3954} INFO - Setting next_dagrun for example_task_group to 2025-05-03 00:00:00+00:00, run_after=2025-05-04 00:00:00+00:00
[2025-05-04T04:01:50.673-0300] {processor.py:183} INFO - Processing /home/facuvega/Descargas/crypto-etl-airflow/airflow-apache/lib/python3.11/site-packages/airflow/example_dags/example_task_group.py took 0.058 seconds
[2025-05-04T04:03:14.529-0300] {processor.py:161} INFO - Started process (PID=24952) to work on /home/facuvega/Descargas/crypto-etl-airflow/airflow-apache/lib/python3.11/site-packages/airflow/example_dags/example_task_group.py
[2025-05-04T04:03:14.530-0300] {processor.py:830} INFO - Processing file /home/facuvega/Descargas/crypto-etl-airflow/airflow-apache/lib/python3.11/site-packages/airflow/example_dags/example_task_group.py for tasks to queue
[2025-05-04T04:03:14.531-0300] {logging_mixin.py:188} INFO - [2025-05-04T04:03:14.531-0300] {dagbag.py:540} INFO - Filling up the DagBag from /home/facuvega/Descargas/crypto-etl-airflow/airflow-apache/lib/python3.11/site-packages/airflow/example_dags/example_task_group.py
[2025-05-04T04:03:14.541-0300] {processor.py:840} INFO - DAG(s) 'example_task_group' retrieved from /home/facuvega/Descargas/crypto-etl-airflow/airflow-apache/lib/python3.11/site-packages/airflow/example_dags/example_task_group.py
[2025-05-04T04:03:14.561-0300] {logging_mixin.py:188} INFO - [2025-05-04T04:03:14.561-0300] {dag.py:3096} INFO - Sync 1 DAGs
[2025-05-04T04:03:14.577-0300] {logging_mixin.py:188} INFO - [2025-05-04T04:03:14.576-0300] {dag.py:3954} INFO - Setting next_dagrun for example_task_group to 2025-05-03 00:00:00+00:00, run_after=2025-05-04 00:00:00+00:00
[2025-05-04T04:03:14.592-0300] {processor.py:183} INFO - Processing /home/facuvega/Descargas/crypto-etl-airflow/airflow-apache/lib/python3.11/site-packages/airflow/example_dags/example_task_group.py took 0.069 seconds
[2025-05-04T04:04:06.620-0300] {processor.py:161} INFO - Started process (PID=25184) to work on /home/facuvega/Descargas/crypto-etl-airflow/airflow-apache/lib/python3.11/site-packages/airflow/example_dags/example_task_group.py
[2025-05-04T04:04:06.621-0300] {processor.py:830} INFO - Processing file /home/facuvega/Descargas/crypto-etl-airflow/airflow-apache/lib/python3.11/site-packages/airflow/example_dags/example_task_group.py for tasks to queue
[2025-05-04T04:04:06.622-0300] {logging_mixin.py:188} INFO - [2025-05-04T04:04:06.622-0300] {dagbag.py:540} INFO - Filling up the DagBag from /home/facuvega/Descargas/crypto-etl-airflow/airflow-apache/lib/python3.11/site-packages/airflow/example_dags/example_task_group.py
[2025-05-04T04:04:06.628-0300] {processor.py:840} INFO - DAG(s) 'example_task_group' retrieved from /home/facuvega/Descargas/crypto-etl-airflow/airflow-apache/lib/python3.11/site-packages/airflow/example_dags/example_task_group.py
[2025-05-04T04:04:06.641-0300] {logging_mixin.py:188} INFO - [2025-05-04T04:04:06.641-0300] {dag.py:3096} INFO - Sync 1 DAGs
[2025-05-04T04:04:06.653-0300] {logging_mixin.py:188} INFO - [2025-05-04T04:04:06.653-0300] {dag.py:3954} INFO - Setting next_dagrun for example_task_group to 2025-05-03 00:00:00+00:00, run_after=2025-05-04 00:00:00+00:00
[2025-05-04T04:04:06.666-0300] {processor.py:183} INFO - Processing /home/facuvega/Descargas/crypto-etl-airflow/airflow-apache/lib/python3.11/site-packages/airflow/example_dags/example_task_group.py took 0.051 seconds
[2025-05-04T04:05:13.725-0300] {processor.py:161} INFO - Started process (PID=26237) to work on /home/facuvega/Descargas/crypto-etl-airflow/airflow-apache/lib/python3.11/site-packages/airflow/example_dags/example_task_group.py
[2025-05-04T04:05:13.726-0300] {processor.py:830} INFO - Processing file /home/facuvega/Descargas/crypto-etl-airflow/airflow-apache/lib/python3.11/site-packages/airflow/example_dags/example_task_group.py for tasks to queue
[2025-05-04T04:05:13.727-0300] {logging_mixin.py:188} INFO - [2025-05-04T04:05:13.727-0300] {dagbag.py:540} INFO - Filling up the DagBag from /home/facuvega/Descargas/crypto-etl-airflow/airflow-apache/lib/python3.11/site-packages/airflow/example_dags/example_task_group.py
[2025-05-04T04:05:13.737-0300] {processor.py:840} INFO - DAG(s) 'example_task_group' retrieved from /home/facuvega/Descargas/crypto-etl-airflow/airflow-apache/lib/python3.11/site-packages/airflow/example_dags/example_task_group.py
[2025-05-04T04:05:13.755-0300] {logging_mixin.py:188} INFO - [2025-05-04T04:05:13.755-0300] {dag.py:3096} INFO - Sync 1 DAGs
[2025-05-04T04:05:13.768-0300] {logging_mixin.py:188} INFO - [2025-05-04T04:05:13.768-0300] {dag.py:3954} INFO - Setting next_dagrun for example_task_group to 2025-05-03 00:00:00+00:00, run_after=2025-05-04 00:00:00+00:00
[2025-05-04T04:05:13.781-0300] {processor.py:183} INFO - Processing /home/facuvega/Descargas/crypto-etl-airflow/airflow-apache/lib/python3.11/site-packages/airflow/example_dags/example_task_group.py took 0.063 seconds
[2025-05-04T04:06:07.017-0300] {processor.py:161} INFO - Started process (PID=26491) to work on /home/facuvega/Descargas/crypto-etl-airflow/airflow-apache/lib/python3.11/site-packages/airflow/example_dags/example_task_group.py
[2025-05-04T04:06:07.018-0300] {processor.py:830} INFO - Processing file /home/facuvega/Descargas/crypto-etl-airflow/airflow-apache/lib/python3.11/site-packages/airflow/example_dags/example_task_group.py for tasks to queue
[2025-05-04T04:06:07.020-0300] {logging_mixin.py:188} INFO - [2025-05-04T04:06:07.019-0300] {dagbag.py:540} INFO - Filling up the DagBag from /home/facuvega/Descargas/crypto-etl-airflow/airflow-apache/lib/python3.11/site-packages/airflow/example_dags/example_task_group.py
[2025-05-04T04:06:07.026-0300] {processor.py:840} INFO - DAG(s) 'example_task_group' retrieved from /home/facuvega/Descargas/crypto-etl-airflow/airflow-apache/lib/python3.11/site-packages/airflow/example_dags/example_task_group.py
[2025-05-04T04:06:07.040-0300] {logging_mixin.py:188} INFO - [2025-05-04T04:06:07.040-0300] {dag.py:3096} INFO - Sync 1 DAGs
[2025-05-04T04:06:07.054-0300] {logging_mixin.py:188} INFO - [2025-05-04T04:06:07.053-0300] {dag.py:3954} INFO - Setting next_dagrun for example_task_group to 2025-05-03 00:00:00+00:00, run_after=2025-05-04 00:00:00+00:00
[2025-05-04T04:06:07.066-0300] {processor.py:183} INFO - Processing /home/facuvega/Descargas/crypto-etl-airflow/airflow-apache/lib/python3.11/site-packages/airflow/example_dags/example_task_group.py took 0.055 seconds
[2025-05-04T04:06:54.654-0300] {processor.py:161} INFO - Started process (PID=26787) to work on /home/facuvega/Descargas/crypto-etl-airflow/airflow-apache/lib/python3.11/site-packages/airflow/example_dags/example_task_group.py
[2025-05-04T04:06:54.655-0300] {processor.py:830} INFO - Processing file /home/facuvega/Descargas/crypto-etl-airflow/airflow-apache/lib/python3.11/site-packages/airflow/example_dags/example_task_group.py for tasks to queue
[2025-05-04T04:06:54.657-0300] {logging_mixin.py:188} INFO - [2025-05-04T04:06:54.656-0300] {dagbag.py:540} INFO - Filling up the DagBag from /home/facuvega/Descargas/crypto-etl-airflow/airflow-apache/lib/python3.11/site-packages/airflow/example_dags/example_task_group.py
[2025-05-04T04:06:54.666-0300] {processor.py:840} INFO - DAG(s) 'example_task_group' retrieved from /home/facuvega/Descargas/crypto-etl-airflow/airflow-apache/lib/python3.11/site-packages/airflow/example_dags/example_task_group.py
[2025-05-04T04:06:54.682-0300] {logging_mixin.py:188} INFO - [2025-05-04T04:06:54.682-0300] {dag.py:3096} INFO - Sync 1 DAGs
[2025-05-04T04:06:54.697-0300] {logging_mixin.py:188} INFO - [2025-05-04T04:06:54.697-0300] {dag.py:3954} INFO - Setting next_dagrun for example_task_group to 2025-05-03 00:00:00+00:00, run_after=2025-05-04 00:00:00+00:00
[2025-05-04T04:06:54.711-0300] {processor.py:183} INFO - Processing /home/facuvega/Descargas/crypto-etl-airflow/airflow-apache/lib/python3.11/site-packages/airflow/example_dags/example_task_group.py took 0.063 seconds
[2025-05-04T04:07:40.388-0300] {processor.py:161} INFO - Started process (PID=27001) to work on /home/facuvega/Descargas/crypto-etl-airflow/airflow-apache/lib/python3.11/site-packages/airflow/example_dags/example_task_group.py
[2025-05-04T04:07:40.389-0300] {processor.py:830} INFO - Processing file /home/facuvega/Descargas/crypto-etl-airflow/airflow-apache/lib/python3.11/site-packages/airflow/example_dags/example_task_group.py for tasks to queue
[2025-05-04T04:07:40.391-0300] {logging_mixin.py:188} INFO - [2025-05-04T04:07:40.391-0300] {dagbag.py:540} INFO - Filling up the DagBag from /home/facuvega/Descargas/crypto-etl-airflow/airflow-apache/lib/python3.11/site-packages/airflow/example_dags/example_task_group.py
[2025-05-04T04:07:40.398-0300] {processor.py:840} INFO - DAG(s) 'example_task_group' retrieved from /home/facuvega/Descargas/crypto-etl-airflow/airflow-apache/lib/python3.11/site-packages/airflow/example_dags/example_task_group.py
[2025-05-04T04:07:40.414-0300] {logging_mixin.py:188} INFO - [2025-05-04T04:07:40.413-0300] {dag.py:3096} INFO - Sync 1 DAGs
[2025-05-04T04:07:40.430-0300] {logging_mixin.py:188} INFO - [2025-05-04T04:07:40.430-0300] {dag.py:3954} INFO - Setting next_dagrun for example_task_group to 2025-05-03 00:00:00+00:00, run_after=2025-05-04 00:00:00+00:00
[2025-05-04T04:07:40.444-0300] {processor.py:183} INFO - Processing /home/facuvega/Descargas/crypto-etl-airflow/airflow-apache/lib/python3.11/site-packages/airflow/example_dags/example_task_group.py took 0.062 seconds
[2025-05-04T04:10:26.577-0300] {processor.py:161} INFO - Started process (PID=28725) to work on /home/facuvega/Descargas/crypto-etl-airflow/airflow-apache/lib/python3.11/site-packages/airflow/example_dags/example_task_group.py
[2025-05-04T04:10:26.578-0300] {processor.py:830} INFO - Processing file /home/facuvega/Descargas/crypto-etl-airflow/airflow-apache/lib/python3.11/site-packages/airflow/example_dags/example_task_group.py for tasks to queue
[2025-05-04T04:10:26.579-0300] {logging_mixin.py:188} INFO - [2025-05-04T04:10:26.579-0300] {dagbag.py:540} INFO - Filling up the DagBag from /home/facuvega/Descargas/crypto-etl-airflow/airflow-apache/lib/python3.11/site-packages/airflow/example_dags/example_task_group.py
[2025-05-04T04:10:26.589-0300] {processor.py:840} INFO - DAG(s) 'example_task_group' retrieved from /home/facuvega/Descargas/crypto-etl-airflow/airflow-apache/lib/python3.11/site-packages/airflow/example_dags/example_task_group.py
[2025-05-04T04:10:26.611-0300] {logging_mixin.py:188} INFO - [2025-05-04T04:10:26.611-0300] {dag.py:3096} INFO - Sync 1 DAGs
[2025-05-04T04:10:26.629-0300] {logging_mixin.py:188} INFO - [2025-05-04T04:10:26.629-0300] {dag.py:3954} INFO - Setting next_dagrun for example_task_group to 2025-05-03 00:00:00+00:00, run_after=2025-05-04 00:00:00+00:00
[2025-05-04T04:10:26.644-0300] {processor.py:183} INFO - Processing /home/facuvega/Descargas/crypto-etl-airflow/airflow-apache/lib/python3.11/site-packages/airflow/example_dags/example_task_group.py took 0.074 seconds
[2025-05-04T04:11:20.487-0300] {processor.py:161} INFO - Started process (PID=29219) to work on /home/facuvega/Descargas/crypto-etl-airflow/airflow-apache/lib/python3.11/site-packages/airflow/example_dags/example_task_group.py
[2025-05-04T04:11:20.488-0300] {processor.py:830} INFO - Processing file /home/facuvega/Descargas/crypto-etl-airflow/airflow-apache/lib/python3.11/site-packages/airflow/example_dags/example_task_group.py for tasks to queue
[2025-05-04T04:11:20.490-0300] {logging_mixin.py:188} INFO - [2025-05-04T04:11:20.489-0300] {dagbag.py:540} INFO - Filling up the DagBag from /home/facuvega/Descargas/crypto-etl-airflow/airflow-apache/lib/python3.11/site-packages/airflow/example_dags/example_task_group.py
[2025-05-04T04:11:20.497-0300] {processor.py:840} INFO - DAG(s) 'example_task_group' retrieved from /home/facuvega/Descargas/crypto-etl-airflow/airflow-apache/lib/python3.11/site-packages/airflow/example_dags/example_task_group.py
[2025-05-04T04:11:20.510-0300] {logging_mixin.py:188} INFO - [2025-05-04T04:11:20.510-0300] {dag.py:3096} INFO - Sync 1 DAGs
[2025-05-04T04:11:20.523-0300] {logging_mixin.py:188} INFO - [2025-05-04T04:11:20.523-0300] {dag.py:3954} INFO - Setting next_dagrun for example_task_group to 2025-05-03 00:00:00+00:00, run_after=2025-05-04 00:00:00+00:00
[2025-05-04T04:11:20.535-0300] {processor.py:183} INFO - Processing /home/facuvega/Descargas/crypto-etl-airflow/airflow-apache/lib/python3.11/site-packages/airflow/example_dags/example_task_group.py took 0.054 seconds
[2025-05-04T04:12:09.650-0300] {processor.py:161} INFO - Started process (PID=29436) to work on /home/facuvega/Descargas/crypto-etl-airflow/airflow-apache/lib/python3.11/site-packages/airflow/example_dags/example_task_group.py
[2025-05-04T04:12:09.651-0300] {processor.py:830} INFO - Processing file /home/facuvega/Descargas/crypto-etl-airflow/airflow-apache/lib/python3.11/site-packages/airflow/example_dags/example_task_group.py for tasks to queue
[2025-05-04T04:12:09.652-0300] {logging_mixin.py:188} INFO - [2025-05-04T04:12:09.652-0300] {dagbag.py:540} INFO - Filling up the DagBag from /home/facuvega/Descargas/crypto-etl-airflow/airflow-apache/lib/python3.11/site-packages/airflow/example_dags/example_task_group.py
[2025-05-04T04:12:09.658-0300] {processor.py:840} INFO - DAG(s) 'example_task_group' retrieved from /home/facuvega/Descargas/crypto-etl-airflow/airflow-apache/lib/python3.11/site-packages/airflow/example_dags/example_task_group.py
[2025-05-04T04:12:09.679-0300] {logging_mixin.py:188} INFO - [2025-05-04T04:12:09.679-0300] {dag.py:3096} INFO - Sync 1 DAGs
[2025-05-04T04:12:09.698-0300] {logging_mixin.py:188} INFO - [2025-05-04T04:12:09.698-0300] {dag.py:3954} INFO - Setting next_dagrun for example_task_group to 2025-05-03 00:00:00+00:00, run_after=2025-05-04 00:00:00+00:00
[2025-05-04T04:12:09.717-0300] {processor.py:183} INFO - Processing /home/facuvega/Descargas/crypto-etl-airflow/airflow-apache/lib/python3.11/site-packages/airflow/example_dags/example_task_group.py took 0.073 seconds
[2025-05-04T04:12:57.085-0300] {processor.py:161} INFO - Started process (PID=29660) to work on /home/facuvega/Descargas/crypto-etl-airflow/airflow-apache/lib/python3.11/site-packages/airflow/example_dags/example_task_group.py
[2025-05-04T04:12:57.086-0300] {processor.py:830} INFO - Processing file /home/facuvega/Descargas/crypto-etl-airflow/airflow-apache/lib/python3.11/site-packages/airflow/example_dags/example_task_group.py for tasks to queue
[2025-05-04T04:12:57.088-0300] {logging_mixin.py:188} INFO - [2025-05-04T04:12:57.087-0300] {dagbag.py:540} INFO - Filling up the DagBag from /home/facuvega/Descargas/crypto-etl-airflow/airflow-apache/lib/python3.11/site-packages/airflow/example_dags/example_task_group.py
[2025-05-04T04:12:57.094-0300] {processor.py:840} INFO - DAG(s) 'example_task_group' retrieved from /home/facuvega/Descargas/crypto-etl-airflow/airflow-apache/lib/python3.11/site-packages/airflow/example_dags/example_task_group.py
[2025-05-04T04:12:57.106-0300] {logging_mixin.py:188} INFO - [2025-05-04T04:12:57.106-0300] {dag.py:3096} INFO - Sync 1 DAGs
[2025-05-04T04:12:57.119-0300] {logging_mixin.py:188} INFO - [2025-05-04T04:12:57.119-0300] {dag.py:3954} INFO - Setting next_dagrun for example_task_group to 2025-05-03 00:00:00+00:00, run_after=2025-05-04 00:00:00+00:00
[2025-05-04T04:12:57.131-0300] {processor.py:183} INFO - Processing /home/facuvega/Descargas/crypto-etl-airflow/airflow-apache/lib/python3.11/site-packages/airflow/example_dags/example_task_group.py took 0.051 seconds
[2025-05-04T04:13:46.566-0300] {processor.py:161} INFO - Started process (PID=29880) to work on /home/facuvega/Descargas/crypto-etl-airflow/airflow-apache/lib/python3.11/site-packages/airflow/example_dags/example_task_group.py
[2025-05-04T04:13:46.567-0300] {processor.py:830} INFO - Processing file /home/facuvega/Descargas/crypto-etl-airflow/airflow-apache/lib/python3.11/site-packages/airflow/example_dags/example_task_group.py for tasks to queue
[2025-05-04T04:13:46.568-0300] {logging_mixin.py:188} INFO - [2025-05-04T04:13:46.568-0300] {dagbag.py:540} INFO - Filling up the DagBag from /home/facuvega/Descargas/crypto-etl-airflow/airflow-apache/lib/python3.11/site-packages/airflow/example_dags/example_task_group.py
[2025-05-04T04:13:46.574-0300] {processor.py:840} INFO - DAG(s) 'example_task_group' retrieved from /home/facuvega/Descargas/crypto-etl-airflow/airflow-apache/lib/python3.11/site-packages/airflow/example_dags/example_task_group.py
[2025-05-04T04:13:46.586-0300] {logging_mixin.py:188} INFO - [2025-05-04T04:13:46.586-0300] {dag.py:3096} INFO - Sync 1 DAGs
[2025-05-04T04:13:46.599-0300] {logging_mixin.py:188} INFO - [2025-05-04T04:13:46.599-0300] {dag.py:3954} INFO - Setting next_dagrun for example_task_group to 2025-05-03 00:00:00+00:00, run_after=2025-05-04 00:00:00+00:00
[2025-05-04T04:13:46.612-0300] {processor.py:183} INFO - Processing /home/facuvega/Descargas/crypto-etl-airflow/airflow-apache/lib/python3.11/site-packages/airflow/example_dags/example_task_group.py took 0.051 seconds
[2025-05-04T04:14:28.286-0300] {processor.py:161} INFO - Started process (PID=30069) to work on /home/facuvega/Descargas/crypto-etl-airflow/airflow-apache/lib/python3.11/site-packages/airflow/example_dags/example_task_group.py
[2025-05-04T04:14:28.287-0300] {processor.py:830} INFO - Processing file /home/facuvega/Descargas/crypto-etl-airflow/airflow-apache/lib/python3.11/site-packages/airflow/example_dags/example_task_group.py for tasks to queue
[2025-05-04T04:14:28.289-0300] {logging_mixin.py:188} INFO - [2025-05-04T04:14:28.289-0300] {dagbag.py:540} INFO - Filling up the DagBag from /home/facuvega/Descargas/crypto-etl-airflow/airflow-apache/lib/python3.11/site-packages/airflow/example_dags/example_task_group.py
[2025-05-04T04:14:28.295-0300] {processor.py:840} INFO - DAG(s) 'example_task_group' retrieved from /home/facuvega/Descargas/crypto-etl-airflow/airflow-apache/lib/python3.11/site-packages/airflow/example_dags/example_task_group.py
[2025-05-04T04:14:28.308-0300] {logging_mixin.py:188} INFO - [2025-05-04T04:14:28.308-0300] {dag.py:3096} INFO - Sync 1 DAGs
[2025-05-04T04:14:28.321-0300] {logging_mixin.py:188} INFO - [2025-05-04T04:14:28.321-0300] {dag.py:3954} INFO - Setting next_dagrun for example_task_group to 2025-05-03 00:00:00+00:00, run_after=2025-05-04 00:00:00+00:00
[2025-05-04T04:14:28.336-0300] {processor.py:183} INFO - Processing /home/facuvega/Descargas/crypto-etl-airflow/airflow-apache/lib/python3.11/site-packages/airflow/example_dags/example_task_group.py took 0.054 seconds
[2025-05-04T04:15:12.810-0300] {processor.py:161} INFO - Started process (PID=30301) to work on /home/facuvega/Descargas/crypto-etl-airflow/airflow-apache/lib/python3.11/site-packages/airflow/example_dags/example_task_group.py
[2025-05-04T04:15:12.811-0300] {processor.py:830} INFO - Processing file /home/facuvega/Descargas/crypto-etl-airflow/airflow-apache/lib/python3.11/site-packages/airflow/example_dags/example_task_group.py for tasks to queue
[2025-05-04T04:15:12.813-0300] {logging_mixin.py:188} INFO - [2025-05-04T04:15:12.813-0300] {dagbag.py:540} INFO - Filling up the DagBag from /home/facuvega/Descargas/crypto-etl-airflow/airflow-apache/lib/python3.11/site-packages/airflow/example_dags/example_task_group.py
[2025-05-04T04:15:12.819-0300] {processor.py:840} INFO - DAG(s) 'example_task_group' retrieved from /home/facuvega/Descargas/crypto-etl-airflow/airflow-apache/lib/python3.11/site-packages/airflow/example_dags/example_task_group.py
[2025-05-04T04:15:12.832-0300] {logging_mixin.py:188} INFO - [2025-05-04T04:15:12.832-0300] {dag.py:3096} INFO - Sync 1 DAGs
[2025-05-04T04:15:12.848-0300] {logging_mixin.py:188} INFO - [2025-05-04T04:15:12.848-0300] {dag.py:3954} INFO - Setting next_dagrun for example_task_group to 2025-05-03 00:00:00+00:00, run_after=2025-05-04 00:00:00+00:00
[2025-05-04T04:15:12.863-0300] {processor.py:183} INFO - Processing /home/facuvega/Descargas/crypto-etl-airflow/airflow-apache/lib/python3.11/site-packages/airflow/example_dags/example_task_group.py took 0.057 seconds
[2025-05-04T04:16:08.718-0300] {processor.py:161} INFO - Started process (PID=30637) to work on /home/facuvega/Descargas/crypto-etl-airflow/airflow-apache/lib/python3.11/site-packages/airflow/example_dags/example_task_group.py
[2025-05-04T04:16:08.719-0300] {processor.py:830} INFO - Processing file /home/facuvega/Descargas/crypto-etl-airflow/airflow-apache/lib/python3.11/site-packages/airflow/example_dags/example_task_group.py for tasks to queue
[2025-05-04T04:16:08.721-0300] {logging_mixin.py:188} INFO - [2025-05-04T04:16:08.720-0300] {dagbag.py:540} INFO - Filling up the DagBag from /home/facuvega/Descargas/crypto-etl-airflow/airflow-apache/lib/python3.11/site-packages/airflow/example_dags/example_task_group.py
[2025-05-04T04:16:08.728-0300] {processor.py:840} INFO - DAG(s) 'example_task_group' retrieved from /home/facuvega/Descargas/crypto-etl-airflow/airflow-apache/lib/python3.11/site-packages/airflow/example_dags/example_task_group.py
[2025-05-04T04:16:08.741-0300] {logging_mixin.py:188} INFO - [2025-05-04T04:16:08.741-0300] {dag.py:3096} INFO - Sync 1 DAGs
[2025-05-04T04:16:08.758-0300] {logging_mixin.py:188} INFO - [2025-05-04T04:16:08.758-0300] {dag.py:3954} INFO - Setting next_dagrun for example_task_group to 2025-05-03 00:00:00+00:00, run_after=2025-05-04 00:00:00+00:00
[2025-05-04T04:16:08.773-0300] {processor.py:183} INFO - Processing /home/facuvega/Descargas/crypto-etl-airflow/airflow-apache/lib/python3.11/site-packages/airflow/example_dags/example_task_group.py took 0.061 seconds
[2025-05-04T04:17:02.847-0300] {processor.py:161} INFO - Started process (PID=31163) to work on /home/facuvega/Descargas/crypto-etl-airflow/airflow-apache/lib/python3.11/site-packages/airflow/example_dags/example_task_group.py
[2025-05-04T04:17:02.848-0300] {processor.py:830} INFO - Processing file /home/facuvega/Descargas/crypto-etl-airflow/airflow-apache/lib/python3.11/site-packages/airflow/example_dags/example_task_group.py for tasks to queue
[2025-05-04T04:17:02.849-0300] {logging_mixin.py:188} INFO - [2025-05-04T04:17:02.849-0300] {dagbag.py:540} INFO - Filling up the DagBag from /home/facuvega/Descargas/crypto-etl-airflow/airflow-apache/lib/python3.11/site-packages/airflow/example_dags/example_task_group.py
[2025-05-04T04:17:02.857-0300] {processor.py:840} INFO - DAG(s) 'example_task_group' retrieved from /home/facuvega/Descargas/crypto-etl-airflow/airflow-apache/lib/python3.11/site-packages/airflow/example_dags/example_task_group.py
[2025-05-04T04:17:02.882-0300] {logging_mixin.py:188} INFO - [2025-05-04T04:17:02.882-0300] {dag.py:3096} INFO - Sync 1 DAGs
[2025-05-04T04:17:02.895-0300] {logging_mixin.py:188} INFO - [2025-05-04T04:17:02.895-0300] {dag.py:3954} INFO - Setting next_dagrun for example_task_group to 2025-05-03 00:00:00+00:00, run_after=2025-05-04 00:00:00+00:00
[2025-05-04T04:17:02.908-0300] {processor.py:183} INFO - Processing /home/facuvega/Descargas/crypto-etl-airflow/airflow-apache/lib/python3.11/site-packages/airflow/example_dags/example_task_group.py took 0.067 seconds
[2025-05-04T04:18:04.010-0300] {processor.py:161} INFO - Started process (PID=31537) to work on /home/facuvega/Descargas/crypto-etl-airflow/airflow-apache/lib/python3.11/site-packages/airflow/example_dags/example_task_group.py
[2025-05-04T04:18:04.011-0300] {processor.py:830} INFO - Processing file /home/facuvega/Descargas/crypto-etl-airflow/airflow-apache/lib/python3.11/site-packages/airflow/example_dags/example_task_group.py for tasks to queue
[2025-05-04T04:18:04.014-0300] {logging_mixin.py:188} INFO - [2025-05-04T04:18:04.013-0300] {dagbag.py:540} INFO - Filling up the DagBag from /home/facuvega/Descargas/crypto-etl-airflow/airflow-apache/lib/python3.11/site-packages/airflow/example_dags/example_task_group.py
[2025-05-04T04:18:04.025-0300] {processor.py:840} INFO - DAG(s) 'example_task_group' retrieved from /home/facuvega/Descargas/crypto-etl-airflow/airflow-apache/lib/python3.11/site-packages/airflow/example_dags/example_task_group.py
[2025-05-04T04:18:04.045-0300] {logging_mixin.py:188} INFO - [2025-05-04T04:18:04.045-0300] {dag.py:3096} INFO - Sync 1 DAGs
[2025-05-04T04:18:04.072-0300] {logging_mixin.py:188} INFO - [2025-05-04T04:18:04.070-0300] {dag.py:3954} INFO - Setting next_dagrun for example_task_group to 2025-05-03 00:00:00+00:00, run_after=2025-05-04 00:00:00+00:00
[2025-05-04T04:18:04.165-0300] {processor.py:183} INFO - Processing /home/facuvega/Descargas/crypto-etl-airflow/airflow-apache/lib/python3.11/site-packages/airflow/example_dags/example_task_group.py took 0.163 seconds
[2025-05-04T04:19:35.468-0300] {processor.py:161} INFO - Started process (PID=32803) to work on /home/facuvega/Descargas/crypto-etl-airflow/airflow-apache/lib/python3.11/site-packages/airflow/example_dags/example_task_group.py
[2025-05-04T04:19:35.470-0300] {processor.py:830} INFO - Processing file /home/facuvega/Descargas/crypto-etl-airflow/airflow-apache/lib/python3.11/site-packages/airflow/example_dags/example_task_group.py for tasks to queue
[2025-05-04T04:19:35.472-0300] {logging_mixin.py:188} INFO - [2025-05-04T04:19:35.472-0300] {dagbag.py:540} INFO - Filling up the DagBag from /home/facuvega/Descargas/crypto-etl-airflow/airflow-apache/lib/python3.11/site-packages/airflow/example_dags/example_task_group.py
[2025-05-04T04:19:35.490-0300] {processor.py:840} INFO - DAG(s) 'example_task_group' retrieved from /home/facuvega/Descargas/crypto-etl-airflow/airflow-apache/lib/python3.11/site-packages/airflow/example_dags/example_task_group.py
[2025-05-04T04:19:35.519-0300] {logging_mixin.py:188} INFO - [2025-05-04T04:19:35.518-0300] {dag.py:3096} INFO - Sync 1 DAGs
[2025-05-04T04:19:35.617-0300] {logging_mixin.py:188} INFO - [2025-05-04T04:19:35.616-0300] {dag.py:3954} INFO - Setting next_dagrun for example_task_group to 2025-05-03 00:00:00+00:00, run_after=2025-05-04 00:00:00+00:00
[2025-05-04T04:19:35.697-0300] {processor.py:183} INFO - Processing /home/facuvega/Descargas/crypto-etl-airflow/airflow-apache/lib/python3.11/site-packages/airflow/example_dags/example_task_group.py took 0.238 seconds
[2025-05-04T04:20:28.676-0300] {processor.py:161} INFO - Started process (PID=33046) to work on /home/facuvega/Descargas/crypto-etl-airflow/airflow-apache/lib/python3.11/site-packages/airflow/example_dags/example_task_group.py
[2025-05-04T04:20:28.677-0300] {processor.py:830} INFO - Processing file /home/facuvega/Descargas/crypto-etl-airflow/airflow-apache/lib/python3.11/site-packages/airflow/example_dags/example_task_group.py for tasks to queue
[2025-05-04T04:20:28.680-0300] {logging_mixin.py:188} INFO - [2025-05-04T04:20:28.679-0300] {dagbag.py:540} INFO - Filling up the DagBag from /home/facuvega/Descargas/crypto-etl-airflow/airflow-apache/lib/python3.11/site-packages/airflow/example_dags/example_task_group.py
[2025-05-04T04:20:28.689-0300] {processor.py:840} INFO - DAG(s) 'example_task_group' retrieved from /home/facuvega/Descargas/crypto-etl-airflow/airflow-apache/lib/python3.11/site-packages/airflow/example_dags/example_task_group.py
[2025-05-04T04:20:28.708-0300] {logging_mixin.py:188} INFO - [2025-05-04T04:20:28.708-0300] {dag.py:3096} INFO - Sync 1 DAGs
[2025-05-04T04:20:28.726-0300] {logging_mixin.py:188} INFO - [2025-05-04T04:20:28.726-0300] {dag.py:3954} INFO - Setting next_dagrun for example_task_group to 2025-05-03 00:00:00+00:00, run_after=2025-05-04 00:00:00+00:00
[2025-05-04T04:20:28.740-0300] {processor.py:183} INFO - Processing /home/facuvega/Descargas/crypto-etl-airflow/airflow-apache/lib/python3.11/site-packages/airflow/example_dags/example_task_group.py took 0.071 seconds
[2025-05-04T04:21:11.165-0300] {processor.py:161} INFO - Started process (PID=33236) to work on /home/facuvega/Descargas/crypto-etl-airflow/airflow-apache/lib/python3.11/site-packages/airflow/example_dags/example_task_group.py
[2025-05-04T04:21:11.165-0300] {processor.py:830} INFO - Processing file /home/facuvega/Descargas/crypto-etl-airflow/airflow-apache/lib/python3.11/site-packages/airflow/example_dags/example_task_group.py for tasks to queue
[2025-05-04T04:21:11.167-0300] {logging_mixin.py:188} INFO - [2025-05-04T04:21:11.167-0300] {dagbag.py:540} INFO - Filling up the DagBag from /home/facuvega/Descargas/crypto-etl-airflow/airflow-apache/lib/python3.11/site-packages/airflow/example_dags/example_task_group.py
[2025-05-04T04:21:11.175-0300] {processor.py:840} INFO - DAG(s) 'example_task_group' retrieved from /home/facuvega/Descargas/crypto-etl-airflow/airflow-apache/lib/python3.11/site-packages/airflow/example_dags/example_task_group.py
[2025-05-04T04:21:11.195-0300] {logging_mixin.py:188} INFO - [2025-05-04T04:21:11.195-0300] {dag.py:3096} INFO - Sync 1 DAGs
[2025-05-04T04:21:11.211-0300] {logging_mixin.py:188} INFO - [2025-05-04T04:21:11.211-0300] {dag.py:3954} INFO - Setting next_dagrun for example_task_group to 2025-05-03 00:00:00+00:00, run_after=2025-05-04 00:00:00+00:00
[2025-05-04T04:21:11.224-0300] {processor.py:183} INFO - Processing /home/facuvega/Descargas/crypto-etl-airflow/airflow-apache/lib/python3.11/site-packages/airflow/example_dags/example_task_group.py took 0.066 seconds
[2025-05-04T04:22:15.447-0300] {processor.py:161} INFO - Started process (PID=33922) to work on /home/facuvega/Descargas/crypto-etl-airflow/airflow-apache/lib/python3.11/site-packages/airflow/example_dags/example_task_group.py
[2025-05-04T04:22:15.530-0300] {processor.py:830} INFO - Processing file /home/facuvega/Descargas/crypto-etl-airflow/airflow-apache/lib/python3.11/site-packages/airflow/example_dags/example_task_group.py for tasks to queue
[2025-05-04T04:22:15.588-0300] {logging_mixin.py:188} INFO - [2025-05-04T04:22:15.535-0300] {dagbag.py:540} INFO - Filling up the DagBag from /home/facuvega/Descargas/crypto-etl-airflow/airflow-apache/lib/python3.11/site-packages/airflow/example_dags/example_task_group.py
[2025-05-04T04:22:15.726-0300] {processor.py:840} INFO - DAG(s) 'example_task_group' retrieved from /home/facuvega/Descargas/crypto-etl-airflow/airflow-apache/lib/python3.11/site-packages/airflow/example_dags/example_task_group.py
[2025-05-04T04:22:15.831-0300] {logging_mixin.py:188} INFO - [2025-05-04T04:22:15.831-0300] {dag.py:3096} INFO - Sync 1 DAGs
[2025-05-04T04:22:15.877-0300] {logging_mixin.py:188} INFO - [2025-05-04T04:22:15.877-0300] {dag.py:3954} INFO - Setting next_dagrun for example_task_group to 2025-05-03 00:00:00+00:00, run_after=2025-05-04 00:00:00+00:00
[2025-05-04T04:22:15.906-0300] {processor.py:183} INFO - Processing /home/facuvega/Descargas/crypto-etl-airflow/airflow-apache/lib/python3.11/site-packages/airflow/example_dags/example_task_group.py took 0.521 seconds
[2025-05-04T04:23:34.997-0300] {processor.py:161} INFO - Started process (PID=34833) to work on /home/facuvega/Descargas/crypto-etl-airflow/airflow-apache/lib/python3.11/site-packages/airflow/example_dags/example_task_group.py
[2025-05-04T04:23:35.000-0300] {processor.py:830} INFO - Processing file /home/facuvega/Descargas/crypto-etl-airflow/airflow-apache/lib/python3.11/site-packages/airflow/example_dags/example_task_group.py for tasks to queue
[2025-05-04T04:23:35.005-0300] {logging_mixin.py:188} INFO - [2025-05-04T04:23:35.005-0300] {dagbag.py:540} INFO - Filling up the DagBag from /home/facuvega/Descargas/crypto-etl-airflow/airflow-apache/lib/python3.11/site-packages/airflow/example_dags/example_task_group.py
[2025-05-04T04:23:35.023-0300] {processor.py:840} INFO - DAG(s) 'example_task_group' retrieved from /home/facuvega/Descargas/crypto-etl-airflow/airflow-apache/lib/python3.11/site-packages/airflow/example_dags/example_task_group.py
[2025-05-04T04:23:35.066-0300] {logging_mixin.py:188} INFO - [2025-05-04T04:23:35.065-0300] {dag.py:3096} INFO - Sync 1 DAGs
[2025-05-04T04:23:35.102-0300] {logging_mixin.py:188} INFO - [2025-05-04T04:23:35.102-0300] {dag.py:3954} INFO - Setting next_dagrun for example_task_group to 2025-05-03 00:00:00+00:00, run_after=2025-05-04 00:00:00+00:00
[2025-05-04T04:23:35.121-0300] {processor.py:183} INFO - Processing /home/facuvega/Descargas/crypto-etl-airflow/airflow-apache/lib/python3.11/site-packages/airflow/example_dags/example_task_group.py took 0.148 seconds
