[2025-05-04T03:51:08.552-0300] {processor.py:161} INFO - Started process (PID=19741) to work on /home/facuvega/Descargas/crypto-etl-airflow/airflow-apache/lib/python3.11/site-packages/airflow/example_dags/example_latest_only.py
[2025-05-04T03:51:08.553-0300] {processor.py:830} INFO - Processing file /home/facuvega/Descargas/crypto-etl-airflow/airflow-apache/lib/python3.11/site-packages/airflow/example_dags/example_latest_only.py for tasks to queue
[2025-05-04T03:51:08.555-0300] {logging_mixin.py:188} INFO - [2025-05-04T03:51:08.554-0300] {dagbag.py:540} INFO - Filling up the DagBag from /home/facuvega/Descargas/crypto-etl-airflow/airflow-apache/lib/python3.11/site-packages/airflow/example_dags/example_latest_only.py
[2025-05-04T03:51:08.559-0300] {processor.py:840} INFO - DAG(s) 'latest_only' retrieved from /home/facuvega/Descargas/crypto-etl-airflow/airflow-apache/lib/python3.11/site-packages/airflow/example_dags/example_latest_only.py
[2025-05-04T03:51:08.572-0300] {logging_mixin.py:188} INFO - [2025-05-04T03:51:08.572-0300] {dag.py:3096} INFO - Sync 1 DAGs
[2025-05-04T03:51:08.585-0300] {logging_mixin.py:188} INFO - [2025-05-04T03:51:08.584-0300] {dag.py:3954} INFO - Setting next_dagrun for latest_only to 2025-05-04 00:00:00+00:00, run_after=2025-05-04 04:00:00+00:00
[2025-05-04T03:51:08.597-0300] {processor.py:183} INFO - Processing /home/facuvega/Descargas/crypto-etl-airflow/airflow-apache/lib/python3.11/site-packages/airflow/example_dags/example_latest_only.py took 0.049 seconds
[2025-05-04T03:52:00.220-0300] {processor.py:161} INFO - Started process (PID=19983) to work on /home/facuvega/Descargas/crypto-etl-airflow/airflow-apache/lib/python3.11/site-packages/airflow/example_dags/example_latest_only.py
[2025-05-04T03:52:00.221-0300] {processor.py:830} INFO - Processing file /home/facuvega/Descargas/crypto-etl-airflow/airflow-apache/lib/python3.11/site-packages/airflow/example_dags/example_latest_only.py for tasks to queue
[2025-05-04T03:52:00.222-0300] {logging_mixin.py:188} INFO - [2025-05-04T03:52:00.222-0300] {dagbag.py:540} INFO - Filling up the DagBag from /home/facuvega/Descargas/crypto-etl-airflow/airflow-apache/lib/python3.11/site-packages/airflow/example_dags/example_latest_only.py
[2025-05-04T03:52:00.226-0300] {processor.py:840} INFO - DAG(s) 'latest_only' retrieved from /home/facuvega/Descargas/crypto-etl-airflow/airflow-apache/lib/python3.11/site-packages/airflow/example_dags/example_latest_only.py
[2025-05-04T03:52:00.239-0300] {logging_mixin.py:188} INFO - [2025-05-04T03:52:00.238-0300] {dag.py:3096} INFO - Sync 1 DAGs
[2025-05-04T03:52:00.252-0300] {logging_mixin.py:188} INFO - [2025-05-04T03:52:00.252-0300] {dag.py:3954} INFO - Setting next_dagrun for latest_only to 2025-05-04 00:00:00+00:00, run_after=2025-05-04 04:00:00+00:00
[2025-05-04T03:52:00.264-0300] {processor.py:183} INFO - Processing /home/facuvega/Descargas/crypto-etl-airflow/airflow-apache/lib/python3.11/site-packages/airflow/example_dags/example_latest_only.py took 0.049 seconds
[2025-05-04T03:53:08.437-0300] {processor.py:161} INFO - Started process (PID=20373) to work on /home/facuvega/Descargas/crypto-etl-airflow/airflow-apache/lib/python3.11/site-packages/airflow/example_dags/example_latest_only.py
[2025-05-04T03:53:08.438-0300] {processor.py:830} INFO - Processing file /home/facuvega/Descargas/crypto-etl-airflow/airflow-apache/lib/python3.11/site-packages/airflow/example_dags/example_latest_only.py for tasks to queue
[2025-05-04T03:53:08.439-0300] {logging_mixin.py:188} INFO - [2025-05-04T03:53:08.439-0300] {dagbag.py:540} INFO - Filling up the DagBag from /home/facuvega/Descargas/crypto-etl-airflow/airflow-apache/lib/python3.11/site-packages/airflow/example_dags/example_latest_only.py
[2025-05-04T03:53:08.445-0300] {processor.py:840} INFO - DAG(s) 'latest_only' retrieved from /home/facuvega/Descargas/crypto-etl-airflow/airflow-apache/lib/python3.11/site-packages/airflow/example_dags/example_latest_only.py
[2025-05-04T03:53:08.461-0300] {logging_mixin.py:188} INFO - [2025-05-04T03:53:08.461-0300] {dag.py:3096} INFO - Sync 1 DAGs
[2025-05-04T03:53:08.478-0300] {logging_mixin.py:188} INFO - [2025-05-04T03:53:08.477-0300] {dag.py:3954} INFO - Setting next_dagrun for latest_only to 2025-05-04 00:00:00+00:00, run_after=2025-05-04 04:00:00+00:00
[2025-05-04T03:53:08.495-0300] {processor.py:183} INFO - Processing /home/facuvega/Descargas/crypto-etl-airflow/airflow-apache/lib/python3.11/site-packages/airflow/example_dags/example_latest_only.py took 0.065 seconds
[2025-05-04T03:54:02.510-0300] {processor.py:161} INFO - Started process (PID=20885) to work on /home/facuvega/Descargas/crypto-etl-airflow/airflow-apache/lib/python3.11/site-packages/airflow/example_dags/example_latest_only.py
[2025-05-04T03:54:02.510-0300] {processor.py:830} INFO - Processing file /home/facuvega/Descargas/crypto-etl-airflow/airflow-apache/lib/python3.11/site-packages/airflow/example_dags/example_latest_only.py for tasks to queue
[2025-05-04T03:54:02.512-0300] {logging_mixin.py:188} INFO - [2025-05-04T03:54:02.512-0300] {dagbag.py:540} INFO - Filling up the DagBag from /home/facuvega/Descargas/crypto-etl-airflow/airflow-apache/lib/python3.11/site-packages/airflow/example_dags/example_latest_only.py
[2025-05-04T03:54:02.517-0300] {processor.py:840} INFO - DAG(s) 'latest_only' retrieved from /home/facuvega/Descargas/crypto-etl-airflow/airflow-apache/lib/python3.11/site-packages/airflow/example_dags/example_latest_only.py
[2025-05-04T03:54:02.529-0300] {logging_mixin.py:188} INFO - [2025-05-04T03:54:02.529-0300] {dag.py:3096} INFO - Sync 1 DAGs
[2025-05-04T03:54:02.542-0300] {logging_mixin.py:188} INFO - [2025-05-04T03:54:02.542-0300] {dag.py:3954} INFO - Setting next_dagrun for latest_only to 2025-05-04 00:00:00+00:00, run_after=2025-05-04 04:00:00+00:00
[2025-05-04T03:54:02.558-0300] {processor.py:183} INFO - Processing /home/facuvega/Descargas/crypto-etl-airflow/airflow-apache/lib/python3.11/site-packages/airflow/example_dags/example_latest_only.py took 0.053 seconds
[2025-05-04T03:55:04.337-0300] {processor.py:161} INFO - Started process (PID=21168) to work on /home/facuvega/Descargas/crypto-etl-airflow/airflow-apache/lib/python3.11/site-packages/airflow/example_dags/example_latest_only.py
[2025-05-04T03:55:04.338-0300] {processor.py:830} INFO - Processing file /home/facuvega/Descargas/crypto-etl-airflow/airflow-apache/lib/python3.11/site-packages/airflow/example_dags/example_latest_only.py for tasks to queue
[2025-05-04T03:55:04.340-0300] {logging_mixin.py:188} INFO - [2025-05-04T03:55:04.339-0300] {dagbag.py:540} INFO - Filling up the DagBag from /home/facuvega/Descargas/crypto-etl-airflow/airflow-apache/lib/python3.11/site-packages/airflow/example_dags/example_latest_only.py
[2025-05-04T03:55:04.346-0300] {processor.py:840} INFO - DAG(s) 'latest_only' retrieved from /home/facuvega/Descargas/crypto-etl-airflow/airflow-apache/lib/python3.11/site-packages/airflow/example_dags/example_latest_only.py
[2025-05-04T03:55:04.369-0300] {logging_mixin.py:188} INFO - [2025-05-04T03:55:04.369-0300] {dag.py:3096} INFO - Sync 1 DAGs
[2025-05-04T03:55:04.391-0300] {logging_mixin.py:188} INFO - [2025-05-04T03:55:04.391-0300] {dag.py:3954} INFO - Setting next_dagrun for latest_only to 2025-05-04 00:00:00+00:00, run_after=2025-05-04 04:00:00+00:00
[2025-05-04T03:55:04.412-0300] {processor.py:183} INFO - Processing /home/facuvega/Descargas/crypto-etl-airflow/airflow-apache/lib/python3.11/site-packages/airflow/example_dags/example_latest_only.py took 0.082 seconds
[2025-05-04T03:56:14.738-0300] {processor.py:161} INFO - Started process (PID=21595) to work on /home/facuvega/Descargas/crypto-etl-airflow/airflow-apache/lib/python3.11/site-packages/airflow/example_dags/example_latest_only.py
[2025-05-04T03:56:14.741-0300] {processor.py:830} INFO - Processing file /home/facuvega/Descargas/crypto-etl-airflow/airflow-apache/lib/python3.11/site-packages/airflow/example_dags/example_latest_only.py for tasks to queue
[2025-05-04T03:56:14.744-0300] {logging_mixin.py:188} INFO - [2025-05-04T03:56:14.742-0300] {dagbag.py:540} INFO - Filling up the DagBag from /home/facuvega/Descargas/crypto-etl-airflow/airflow-apache/lib/python3.11/site-packages/airflow/example_dags/example_latest_only.py
[2025-05-04T03:56:14.750-0300] {processor.py:840} INFO - DAG(s) 'latest_only' retrieved from /home/facuvega/Descargas/crypto-etl-airflow/airflow-apache/lib/python3.11/site-packages/airflow/example_dags/example_latest_only.py
[2025-05-04T03:56:14.768-0300] {logging_mixin.py:188} INFO - [2025-05-04T03:56:14.768-0300] {dag.py:3096} INFO - Sync 1 DAGs
[2025-05-04T03:56:14.788-0300] {logging_mixin.py:188} INFO - [2025-05-04T03:56:14.788-0300] {dag.py:3954} INFO - Setting next_dagrun for latest_only to 2025-05-04 00:00:00+00:00, run_after=2025-05-04 04:00:00+00:00
[2025-05-04T03:56:14.806-0300] {processor.py:183} INFO - Processing /home/facuvega/Descargas/crypto-etl-airflow/airflow-apache/lib/python3.11/site-packages/airflow/example_dags/example_latest_only.py took 0.074 seconds
[2025-05-04T03:57:15.633-0300] {processor.py:161} INFO - Started process (PID=21876) to work on /home/facuvega/Descargas/crypto-etl-airflow/airflow-apache/lib/python3.11/site-packages/airflow/example_dags/example_latest_only.py
[2025-05-04T03:57:15.635-0300] {processor.py:830} INFO - Processing file /home/facuvega/Descargas/crypto-etl-airflow/airflow-apache/lib/python3.11/site-packages/airflow/example_dags/example_latest_only.py for tasks to queue
[2025-05-04T03:57:15.637-0300] {logging_mixin.py:188} INFO - [2025-05-04T03:57:15.637-0300] {dagbag.py:540} INFO - Filling up the DagBag from /home/facuvega/Descargas/crypto-etl-airflow/airflow-apache/lib/python3.11/site-packages/airflow/example_dags/example_latest_only.py
[2025-05-04T03:57:15.642-0300] {processor.py:840} INFO - DAG(s) 'latest_only' retrieved from /home/facuvega/Descargas/crypto-etl-airflow/airflow-apache/lib/python3.11/site-packages/airflow/example_dags/example_latest_only.py
[2025-05-04T03:57:15.672-0300] {logging_mixin.py:188} INFO - [2025-05-04T03:57:15.671-0300] {dag.py:3096} INFO - Sync 1 DAGs
[2025-05-04T03:57:15.690-0300] {logging_mixin.py:188} INFO - [2025-05-04T03:57:15.690-0300] {dag.py:3954} INFO - Setting next_dagrun for latest_only to 2025-05-04 00:00:00+00:00, run_after=2025-05-04 04:00:00+00:00
[2025-05-04T03:57:15.713-0300] {processor.py:183} INFO - Processing /home/facuvega/Descargas/crypto-etl-airflow/airflow-apache/lib/python3.11/site-packages/airflow/example_dags/example_latest_only.py took 0.088 seconds
[2025-05-04T03:58:31.913-0300] {processor.py:161} INFO - Started process (PID=22669) to work on /home/facuvega/Descargas/crypto-etl-airflow/airflow-apache/lib/python3.11/site-packages/airflow/example_dags/example_latest_only.py
[2025-05-04T03:58:31.914-0300] {processor.py:830} INFO - Processing file /home/facuvega/Descargas/crypto-etl-airflow/airflow-apache/lib/python3.11/site-packages/airflow/example_dags/example_latest_only.py for tasks to queue
[2025-05-04T03:58:31.915-0300] {logging_mixin.py:188} INFO - [2025-05-04T03:58:31.915-0300] {dagbag.py:540} INFO - Filling up the DagBag from /home/facuvega/Descargas/crypto-etl-airflow/airflow-apache/lib/python3.11/site-packages/airflow/example_dags/example_latest_only.py
[2025-05-04T03:58:31.920-0300] {processor.py:840} INFO - DAG(s) 'latest_only' retrieved from /home/facuvega/Descargas/crypto-etl-airflow/airflow-apache/lib/python3.11/site-packages/airflow/example_dags/example_latest_only.py
[2025-05-04T03:58:31.932-0300] {logging_mixin.py:188} INFO - [2025-05-04T03:58:31.931-0300] {dag.py:3096} INFO - Sync 1 DAGs
[2025-05-04T03:58:31.946-0300] {logging_mixin.py:188} INFO - [2025-05-04T03:58:31.945-0300] {dag.py:3954} INFO - Setting next_dagrun for latest_only to 2025-05-04 00:00:00+00:00, run_after=2025-05-04 04:00:00+00:00
[2025-05-04T03:58:31.959-0300] {processor.py:183} INFO - Processing /home/facuvega/Descargas/crypto-etl-airflow/airflow-apache/lib/python3.11/site-packages/airflow/example_dags/example_latest_only.py took 0.051 seconds
[2025-05-04T03:59:26.873-0300] {processor.py:161} INFO - Started process (PID=22908) to work on /home/facuvega/Descargas/crypto-etl-airflow/airflow-apache/lib/python3.11/site-packages/airflow/example_dags/example_latest_only.py
[2025-05-04T03:59:26.874-0300] {processor.py:830} INFO - Processing file /home/facuvega/Descargas/crypto-etl-airflow/airflow-apache/lib/python3.11/site-packages/airflow/example_dags/example_latest_only.py for tasks to queue
[2025-05-04T03:59:26.876-0300] {logging_mixin.py:188} INFO - [2025-05-04T03:59:26.876-0300] {dagbag.py:540} INFO - Filling up the DagBag from /home/facuvega/Descargas/crypto-etl-airflow/airflow-apache/lib/python3.11/site-packages/airflow/example_dags/example_latest_only.py
[2025-05-04T03:59:26.882-0300] {processor.py:840} INFO - DAG(s) 'latest_only' retrieved from /home/facuvega/Descargas/crypto-etl-airflow/airflow-apache/lib/python3.11/site-packages/airflow/example_dags/example_latest_only.py
[2025-05-04T03:59:26.923-0300] {logging_mixin.py:188} INFO - [2025-05-04T03:59:26.923-0300] {dag.py:3096} INFO - Sync 1 DAGs
[2025-05-04T03:59:27.080-0300] {logging_mixin.py:188} INFO - [2025-05-04T03:59:27.079-0300] {dag.py:3954} INFO - Setting next_dagrun for latest_only to 2025-05-04 00:00:00+00:00, run_after=2025-05-04 04:00:00+00:00
[2025-05-04T03:59:27.123-0300] {processor.py:183} INFO - Processing /home/facuvega/Descargas/crypto-etl-airflow/airflow-apache/lib/python3.11/site-packages/airflow/example_dags/example_latest_only.py took 0.256 seconds
[2025-05-04T04:00:37.252-0300] {processor.py:161} INFO - Started process (PID=23826) to work on /home/facuvega/Descargas/crypto-etl-airflow/airflow-apache/lib/python3.11/site-packages/airflow/example_dags/example_latest_only.py
[2025-05-04T04:00:37.254-0300] {processor.py:830} INFO - Processing file /home/facuvega/Descargas/crypto-etl-airflow/airflow-apache/lib/python3.11/site-packages/airflow/example_dags/example_latest_only.py for tasks to queue
[2025-05-04T04:00:37.258-0300] {logging_mixin.py:188} INFO - [2025-05-04T04:00:37.257-0300] {dagbag.py:540} INFO - Filling up the DagBag from /home/facuvega/Descargas/crypto-etl-airflow/airflow-apache/lib/python3.11/site-packages/airflow/example_dags/example_latest_only.py
[2025-05-04T04:00:37.306-0300] {processor.py:840} INFO - DAG(s) 'latest_only' retrieved from /home/facuvega/Descargas/crypto-etl-airflow/airflow-apache/lib/python3.11/site-packages/airflow/example_dags/example_latest_only.py
[2025-05-04T04:00:37.535-0300] {logging_mixin.py:188} INFO - [2025-05-04T04:00:37.534-0300] {dag.py:3096} INFO - Sync 1 DAGs
[2025-05-04T04:00:37.776-0300] {logging_mixin.py:188} INFO - [2025-05-04T04:00:37.775-0300] {dag.py:3954} INFO - Setting next_dagrun for latest_only to 2025-05-04 00:00:00+00:00, run_after=2025-05-04 04:00:00+00:00
[2025-05-04T04:00:37.859-0300] {processor.py:183} INFO - Processing /home/facuvega/Descargas/crypto-etl-airflow/airflow-apache/lib/python3.11/site-packages/airflow/example_dags/example_latest_only.py took 0.626 seconds
[2025-05-04T04:01:33.460-0300] {processor.py:161} INFO - Started process (PID=24077) to work on /home/facuvega/Descargas/crypto-etl-airflow/airflow-apache/lib/python3.11/site-packages/airflow/example_dags/example_latest_only.py
[2025-05-04T04:01:33.465-0300] {processor.py:830} INFO - Processing file /home/facuvega/Descargas/crypto-etl-airflow/airflow-apache/lib/python3.11/site-packages/airflow/example_dags/example_latest_only.py for tasks to queue
[2025-05-04T04:01:33.471-0300] {logging_mixin.py:188} INFO - [2025-05-04T04:01:33.470-0300] {dagbag.py:540} INFO - Filling up the DagBag from /home/facuvega/Descargas/crypto-etl-airflow/airflow-apache/lib/python3.11/site-packages/airflow/example_dags/example_latest_only.py
[2025-05-04T04:01:33.480-0300] {processor.py:840} INFO - DAG(s) 'latest_only' retrieved from /home/facuvega/Descargas/crypto-etl-airflow/airflow-apache/lib/python3.11/site-packages/airflow/example_dags/example_latest_only.py
[2025-05-04T04:01:33.509-0300] {logging_mixin.py:188} INFO - [2025-05-04T04:01:33.509-0300] {dag.py:3096} INFO - Sync 1 DAGs
[2025-05-04T04:01:33.537-0300] {logging_mixin.py:188} INFO - [2025-05-04T04:01:33.537-0300] {dag.py:3954} INFO - Setting next_dagrun for latest_only to 2025-05-04 00:00:00+00:00, run_after=2025-05-04 04:00:00+00:00
[2025-05-04T04:01:33.569-0300] {processor.py:183} INFO - Processing /home/facuvega/Descargas/crypto-etl-airflow/airflow-apache/lib/python3.11/site-packages/airflow/example_dags/example_latest_only.py took 0.121 seconds
[2025-05-04T04:03:38.281-0300] {processor.py:161} INFO - Started process (PID=25056) to work on /home/facuvega/Descargas/crypto-etl-airflow/airflow-apache/lib/python3.11/site-packages/airflow/example_dags/example_latest_only.py
[2025-05-04T04:03:38.282-0300] {processor.py:830} INFO - Processing file /home/facuvega/Descargas/crypto-etl-airflow/airflow-apache/lib/python3.11/site-packages/airflow/example_dags/example_latest_only.py for tasks to queue
[2025-05-04T04:03:38.284-0300] {logging_mixin.py:188} INFO - [2025-05-04T04:03:38.284-0300] {dagbag.py:540} INFO - Filling up the DagBag from /home/facuvega/Descargas/crypto-etl-airflow/airflow-apache/lib/python3.11/site-packages/airflow/example_dags/example_latest_only.py
[2025-05-04T04:03:38.289-0300] {processor.py:840} INFO - DAG(s) 'latest_only' retrieved from /home/facuvega/Descargas/crypto-etl-airflow/airflow-apache/lib/python3.11/site-packages/airflow/example_dags/example_latest_only.py
[2025-05-04T04:03:38.302-0300] {logging_mixin.py:188} INFO - [2025-05-04T04:03:38.301-0300] {dag.py:3096} INFO - Sync 1 DAGs
[2025-05-04T04:03:38.315-0300] {logging_mixin.py:188} INFO - [2025-05-04T04:03:38.314-0300] {dag.py:3954} INFO - Setting next_dagrun for latest_only to 2025-05-04 00:00:00+00:00, run_after=2025-05-04 04:00:00+00:00
[2025-05-04T04:03:38.327-0300] {processor.py:183} INFO - Processing /home/facuvega/Descargas/crypto-etl-airflow/airflow-apache/lib/python3.11/site-packages/airflow/example_dags/example_latest_only.py took 0.051 seconds
[2025-05-04T04:04:48.047-0300] {processor.py:161} INFO - Started process (PID=25785) to work on /home/facuvega/Descargas/crypto-etl-airflow/airflow-apache/lib/python3.11/site-packages/airflow/example_dags/example_latest_only.py
[2025-05-04T04:04:48.049-0300] {processor.py:830} INFO - Processing file /home/facuvega/Descargas/crypto-etl-airflow/airflow-apache/lib/python3.11/site-packages/airflow/example_dags/example_latest_only.py for tasks to queue
[2025-05-04T04:04:48.084-0300] {logging_mixin.py:188} INFO - [2025-05-04T04:04:48.081-0300] {dagbag.py:540} INFO - Filling up the DagBag from /home/facuvega/Descargas/crypto-etl-airflow/airflow-apache/lib/python3.11/site-packages/airflow/example_dags/example_latest_only.py
[2025-05-04T04:04:48.169-0300] {processor.py:840} INFO - DAG(s) 'latest_only' retrieved from /home/facuvega/Descargas/crypto-etl-airflow/airflow-apache/lib/python3.11/site-packages/airflow/example_dags/example_latest_only.py
[2025-05-04T04:04:48.373-0300] {logging_mixin.py:188} INFO - [2025-05-04T04:04:48.372-0300] {dag.py:3096} INFO - Sync 1 DAGs
[2025-05-04T04:04:48.539-0300] {logging_mixin.py:188} INFO - [2025-05-04T04:04:48.539-0300] {dag.py:3954} INFO - Setting next_dagrun for latest_only to 2025-05-04 00:00:00+00:00, run_after=2025-05-04 04:00:00+00:00
[2025-05-04T04:04:48.603-0300] {processor.py:183} INFO - Processing /home/facuvega/Descargas/crypto-etl-airflow/airflow-apache/lib/python3.11/site-packages/airflow/example_dags/example_latest_only.py took 0.669 seconds
[2025-05-04T04:05:59.315-0300] {processor.py:161} INFO - Started process (PID=26465) to work on /home/facuvega/Descargas/crypto-etl-airflow/airflow-apache/lib/python3.11/site-packages/airflow/example_dags/example_latest_only.py
[2025-05-04T04:05:59.316-0300] {processor.py:830} INFO - Processing file /home/facuvega/Descargas/crypto-etl-airflow/airflow-apache/lib/python3.11/site-packages/airflow/example_dags/example_latest_only.py for tasks to queue
[2025-05-04T04:05:59.318-0300] {logging_mixin.py:188} INFO - [2025-05-04T04:05:59.318-0300] {dagbag.py:540} INFO - Filling up the DagBag from /home/facuvega/Descargas/crypto-etl-airflow/airflow-apache/lib/python3.11/site-packages/airflow/example_dags/example_latest_only.py
[2025-05-04T04:05:59.323-0300] {processor.py:840} INFO - DAG(s) 'latest_only' retrieved from /home/facuvega/Descargas/crypto-etl-airflow/airflow-apache/lib/python3.11/site-packages/airflow/example_dags/example_latest_only.py
[2025-05-04T04:05:59.336-0300] {logging_mixin.py:188} INFO - [2025-05-04T04:05:59.336-0300] {dag.py:3096} INFO - Sync 1 DAGs
[2025-05-04T04:05:59.349-0300] {logging_mixin.py:188} INFO - [2025-05-04T04:05:59.349-0300] {dag.py:3954} INFO - Setting next_dagrun for latest_only to 2025-05-04 00:00:00+00:00, run_after=2025-05-04 04:00:00+00:00
[2025-05-04T04:05:59.362-0300] {processor.py:183} INFO - Processing /home/facuvega/Descargas/crypto-etl-airflow/airflow-apache/lib/python3.11/site-packages/airflow/example_dags/example_latest_only.py took 0.052 seconds
[2025-05-04T04:07:10.100-0300] {processor.py:161} INFO - Started process (PID=26855) to work on /home/facuvega/Descargas/crypto-etl-airflow/airflow-apache/lib/python3.11/site-packages/airflow/example_dags/example_latest_only.py
[2025-05-04T04:07:10.102-0300] {processor.py:830} INFO - Processing file /home/facuvega/Descargas/crypto-etl-airflow/airflow-apache/lib/python3.11/site-packages/airflow/example_dags/example_latest_only.py for tasks to queue
[2025-05-04T04:07:10.104-0300] {logging_mixin.py:188} INFO - [2025-05-04T04:07:10.103-0300] {dagbag.py:540} INFO - Filling up the DagBag from /home/facuvega/Descargas/crypto-etl-airflow/airflow-apache/lib/python3.11/site-packages/airflow/example_dags/example_latest_only.py
[2025-05-04T04:07:10.111-0300] {processor.py:840} INFO - DAG(s) 'latest_only' retrieved from /home/facuvega/Descargas/crypto-etl-airflow/airflow-apache/lib/python3.11/site-packages/airflow/example_dags/example_latest_only.py
[2025-05-04T04:07:10.130-0300] {logging_mixin.py:188} INFO - [2025-05-04T04:07:10.130-0300] {dag.py:3096} INFO - Sync 1 DAGs
[2025-05-04T04:07:10.145-0300] {logging_mixin.py:188} INFO - [2025-05-04T04:07:10.145-0300] {dag.py:3954} INFO - Setting next_dagrun for latest_only to 2025-05-04 00:00:00+00:00, run_after=2025-05-04 04:00:00+00:00
[2025-05-04T04:07:10.160-0300] {processor.py:183} INFO - Processing /home/facuvega/Descargas/crypto-etl-airflow/airflow-apache/lib/python3.11/site-packages/airflow/example_dags/example_latest_only.py took 0.069 seconds
[2025-05-04T04:10:48.699-0300] {processor.py:161} INFO - Started process (PID=29043) to work on /home/facuvega/Descargas/crypto-etl-airflow/airflow-apache/lib/python3.11/site-packages/airflow/example_dags/example_latest_only.py
[2025-05-04T04:10:48.701-0300] {processor.py:830} INFO - Processing file /home/facuvega/Descargas/crypto-etl-airflow/airflow-apache/lib/python3.11/site-packages/airflow/example_dags/example_latest_only.py for tasks to queue
[2025-05-04T04:10:48.702-0300] {logging_mixin.py:188} INFO - [2025-05-04T04:10:48.702-0300] {dagbag.py:540} INFO - Filling up the DagBag from /home/facuvega/Descargas/crypto-etl-airflow/airflow-apache/lib/python3.11/site-packages/airflow/example_dags/example_latest_only.py
[2025-05-04T04:10:48.707-0300] {processor.py:840} INFO - DAG(s) 'latest_only' retrieved from /home/facuvega/Descargas/crypto-etl-airflow/airflow-apache/lib/python3.11/site-packages/airflow/example_dags/example_latest_only.py
[2025-05-04T04:10:48.722-0300] {logging_mixin.py:188} INFO - [2025-05-04T04:10:48.721-0300] {dag.py:3096} INFO - Sync 1 DAGs
[2025-05-04T04:10:48.736-0300] {logging_mixin.py:188} INFO - [2025-05-04T04:10:48.736-0300] {dag.py:3954} INFO - Setting next_dagrun for latest_only to 2025-05-04 00:00:00+00:00, run_after=2025-05-04 04:00:00+00:00
[2025-05-04T04:10:48.749-0300] {processor.py:183} INFO - Processing /home/facuvega/Descargas/crypto-etl-airflow/airflow-apache/lib/python3.11/site-packages/airflow/example_dags/example_latest_only.py took 0.055 seconds
[2025-05-04T04:11:42.840-0300] {processor.py:161} INFO - Started process (PID=29316) to work on /home/facuvega/Descargas/crypto-etl-airflow/airflow-apache/lib/python3.11/site-packages/airflow/example_dags/example_latest_only.py
[2025-05-04T04:11:42.841-0300] {processor.py:830} INFO - Processing file /home/facuvega/Descargas/crypto-etl-airflow/airflow-apache/lib/python3.11/site-packages/airflow/example_dags/example_latest_only.py for tasks to queue
[2025-05-04T04:11:42.844-0300] {logging_mixin.py:188} INFO - [2025-05-04T04:11:42.842-0300] {dagbag.py:540} INFO - Filling up the DagBag from /home/facuvega/Descargas/crypto-etl-airflow/airflow-apache/lib/python3.11/site-packages/airflow/example_dags/example_latest_only.py
[2025-05-04T04:11:42.848-0300] {processor.py:840} INFO - DAG(s) 'latest_only' retrieved from /home/facuvega/Descargas/crypto-etl-airflow/airflow-apache/lib/python3.11/site-packages/airflow/example_dags/example_latest_only.py
[2025-05-04T04:11:42.866-0300] {logging_mixin.py:188} INFO - [2025-05-04T04:11:42.866-0300] {dag.py:3096} INFO - Sync 1 DAGs
[2025-05-04T04:11:42.881-0300] {logging_mixin.py:188} INFO - [2025-05-04T04:11:42.881-0300] {dag.py:3954} INFO - Setting next_dagrun for latest_only to 2025-05-04 00:00:00+00:00, run_after=2025-05-04 04:00:00+00:00
[2025-05-04T04:11:42.896-0300] {processor.py:183} INFO - Processing /home/facuvega/Descargas/crypto-etl-airflow/airflow-apache/lib/python3.11/site-packages/airflow/example_dags/example_latest_only.py took 0.064 seconds
[2025-05-04T04:12:36.799-0300] {processor.py:161} INFO - Started process (PID=29567) to work on /home/facuvega/Descargas/crypto-etl-airflow/airflow-apache/lib/python3.11/site-packages/airflow/example_dags/example_latest_only.py
[2025-05-04T04:12:36.800-0300] {processor.py:830} INFO - Processing file /home/facuvega/Descargas/crypto-etl-airflow/airflow-apache/lib/python3.11/site-packages/airflow/example_dags/example_latest_only.py for tasks to queue
[2025-05-04T04:12:36.802-0300] {logging_mixin.py:188} INFO - [2025-05-04T04:12:36.801-0300] {dagbag.py:540} INFO - Filling up the DagBag from /home/facuvega/Descargas/crypto-etl-airflow/airflow-apache/lib/python3.11/site-packages/airflow/example_dags/example_latest_only.py
[2025-05-04T04:12:36.806-0300] {processor.py:840} INFO - DAG(s) 'latest_only' retrieved from /home/facuvega/Descargas/crypto-etl-airflow/airflow-apache/lib/python3.11/site-packages/airflow/example_dags/example_latest_only.py
[2025-05-04T04:12:36.818-0300] {logging_mixin.py:188} INFO - [2025-05-04T04:12:36.818-0300] {dag.py:3096} INFO - Sync 1 DAGs
[2025-05-04T04:12:36.831-0300] {logging_mixin.py:188} INFO - [2025-05-04T04:12:36.831-0300] {dag.py:3954} INFO - Setting next_dagrun for latest_only to 2025-05-04 00:00:00+00:00, run_after=2025-05-04 04:00:00+00:00
[2025-05-04T04:12:36.844-0300] {processor.py:183} INFO - Processing /home/facuvega/Descargas/crypto-etl-airflow/airflow-apache/lib/python3.11/site-packages/airflow/example_dags/example_latest_only.py took 0.050 seconds
[2025-05-04T04:13:39.380-0300] {processor.py:161} INFO - Started process (PID=29844) to work on /home/facuvega/Descargas/crypto-etl-airflow/airflow-apache/lib/python3.11/site-packages/airflow/example_dags/example_latest_only.py
[2025-05-04T04:13:39.381-0300] {processor.py:830} INFO - Processing file /home/facuvega/Descargas/crypto-etl-airflow/airflow-apache/lib/python3.11/site-packages/airflow/example_dags/example_latest_only.py for tasks to queue
[2025-05-04T04:13:39.382-0300] {logging_mixin.py:188} INFO - [2025-05-04T04:13:39.382-0300] {dagbag.py:540} INFO - Filling up the DagBag from /home/facuvega/Descargas/crypto-etl-airflow/airflow-apache/lib/python3.11/site-packages/airflow/example_dags/example_latest_only.py
[2025-05-04T04:13:39.387-0300] {processor.py:840} INFO - DAG(s) 'latest_only' retrieved from /home/facuvega/Descargas/crypto-etl-airflow/airflow-apache/lib/python3.11/site-packages/airflow/example_dags/example_latest_only.py
[2025-05-04T04:13:39.400-0300] {logging_mixin.py:188} INFO - [2025-05-04T04:13:39.400-0300] {dag.py:3096} INFO - Sync 1 DAGs
[2025-05-04T04:13:39.418-0300] {logging_mixin.py:188} INFO - [2025-05-04T04:13:39.418-0300] {dag.py:3954} INFO - Setting next_dagrun for latest_only to 2025-05-04 00:00:00+00:00, run_after=2025-05-04 04:00:00+00:00
[2025-05-04T04:13:39.436-0300] {processor.py:183} INFO - Processing /home/facuvega/Descargas/crypto-etl-airflow/airflow-apache/lib/python3.11/site-packages/airflow/example_dags/example_latest_only.py took 0.061 seconds
[2025-05-04T04:14:39.548-0300] {processor.py:161} INFO - Started process (PID=30116) to work on /home/facuvega/Descargas/crypto-etl-airflow/airflow-apache/lib/python3.11/site-packages/airflow/example_dags/example_latest_only.py
[2025-05-04T04:14:39.549-0300] {processor.py:830} INFO - Processing file /home/facuvega/Descargas/crypto-etl-airflow/airflow-apache/lib/python3.11/site-packages/airflow/example_dags/example_latest_only.py for tasks to queue
[2025-05-04T04:14:39.550-0300] {logging_mixin.py:188} INFO - [2025-05-04T04:14:39.550-0300] {dagbag.py:540} INFO - Filling up the DagBag from /home/facuvega/Descargas/crypto-etl-airflow/airflow-apache/lib/python3.11/site-packages/airflow/example_dags/example_latest_only.py
[2025-05-04T04:14:39.554-0300] {processor.py:840} INFO - DAG(s) 'latest_only' retrieved from /home/facuvega/Descargas/crypto-etl-airflow/airflow-apache/lib/python3.11/site-packages/airflow/example_dags/example_latest_only.py
[2025-05-04T04:14:39.567-0300] {logging_mixin.py:188} INFO - [2025-05-04T04:14:39.567-0300] {dag.py:3096} INFO - Sync 1 DAGs
[2025-05-04T04:14:39.581-0300] {logging_mixin.py:188} INFO - [2025-05-04T04:14:39.581-0300] {dag.py:3954} INFO - Setting next_dagrun for latest_only to 2025-05-04 00:00:00+00:00, run_after=2025-05-04 04:00:00+00:00
[2025-05-04T04:14:39.595-0300] {processor.py:183} INFO - Processing /home/facuvega/Descargas/crypto-etl-airflow/airflow-apache/lib/python3.11/site-packages/airflow/example_dags/example_latest_only.py took 0.052 seconds
[2025-05-04T04:15:52.977-0300] {processor.py:161} INFO - Started process (PID=30564) to work on /home/facuvega/Descargas/crypto-etl-airflow/airflow-apache/lib/python3.11/site-packages/airflow/example_dags/example_latest_only.py
[2025-05-04T04:15:52.979-0300] {processor.py:830} INFO - Processing file /home/facuvega/Descargas/crypto-etl-airflow/airflow-apache/lib/python3.11/site-packages/airflow/example_dags/example_latest_only.py for tasks to queue
[2025-05-04T04:15:52.980-0300] {logging_mixin.py:188} INFO - [2025-05-04T04:15:52.980-0300] {dagbag.py:540} INFO - Filling up the DagBag from /home/facuvega/Descargas/crypto-etl-airflow/airflow-apache/lib/python3.11/site-packages/airflow/example_dags/example_latest_only.py
[2025-05-04T04:15:52.985-0300] {processor.py:840} INFO - DAG(s) 'latest_only' retrieved from /home/facuvega/Descargas/crypto-etl-airflow/airflow-apache/lib/python3.11/site-packages/airflow/example_dags/example_latest_only.py
[2025-05-04T04:15:52.998-0300] {logging_mixin.py:188} INFO - [2025-05-04T04:15:52.998-0300] {dag.py:3096} INFO - Sync 1 DAGs
[2025-05-04T04:15:53.012-0300] {logging_mixin.py:188} INFO - [2025-05-04T04:15:53.012-0300] {dag.py:3954} INFO - Setting next_dagrun for latest_only to 2025-05-04 00:00:00+00:00, run_after=2025-05-04 04:00:00+00:00
[2025-05-04T04:15:53.025-0300] {processor.py:183} INFO - Processing /home/facuvega/Descargas/crypto-etl-airflow/airflow-apache/lib/python3.11/site-packages/airflow/example_dags/example_latest_only.py took 0.053 seconds
[2025-05-04T04:17:31.379-0300] {processor.py:161} INFO - Started process (PID=31366) to work on /home/facuvega/Descargas/crypto-etl-airflow/airflow-apache/lib/python3.11/site-packages/airflow/example_dags/example_latest_only.py
[2025-05-04T04:17:31.380-0300] {processor.py:830} INFO - Processing file /home/facuvega/Descargas/crypto-etl-airflow/airflow-apache/lib/python3.11/site-packages/airflow/example_dags/example_latest_only.py for tasks to queue
[2025-05-04T04:17:31.382-0300] {logging_mixin.py:188} INFO - [2025-05-04T04:17:31.381-0300] {dagbag.py:540} INFO - Filling up the DagBag from /home/facuvega/Descargas/crypto-etl-airflow/airflow-apache/lib/python3.11/site-packages/airflow/example_dags/example_latest_only.py
[2025-05-04T04:17:31.387-0300] {processor.py:840} INFO - DAG(s) 'latest_only' retrieved from /home/facuvega/Descargas/crypto-etl-airflow/airflow-apache/lib/python3.11/site-packages/airflow/example_dags/example_latest_only.py
[2025-05-04T04:17:31.399-0300] {logging_mixin.py:188} INFO - [2025-05-04T04:17:31.399-0300] {dag.py:3096} INFO - Sync 1 DAGs
[2025-05-04T04:17:31.413-0300] {logging_mixin.py:188} INFO - [2025-05-04T04:17:31.413-0300] {dag.py:3954} INFO - Setting next_dagrun for latest_only to 2025-05-04 00:00:00+00:00, run_after=2025-05-04 04:00:00+00:00
[2025-05-04T04:17:31.426-0300] {processor.py:183} INFO - Processing /home/facuvega/Descargas/crypto-etl-airflow/airflow-apache/lib/python3.11/site-packages/airflow/example_dags/example_latest_only.py took 0.052 seconds
[2025-05-04T04:19:02.147-0300] {processor.py:161} INFO - Started process (PID=32435) to work on /home/facuvega/Descargas/crypto-etl-airflow/airflow-apache/lib/python3.11/site-packages/airflow/example_dags/example_latest_only.py
[2025-05-04T04:19:02.148-0300] {processor.py:830} INFO - Processing file /home/facuvega/Descargas/crypto-etl-airflow/airflow-apache/lib/python3.11/site-packages/airflow/example_dags/example_latest_only.py for tasks to queue
[2025-05-04T04:19:02.151-0300] {logging_mixin.py:188} INFO - [2025-05-04T04:19:02.150-0300] {dagbag.py:540} INFO - Filling up the DagBag from /home/facuvega/Descargas/crypto-etl-airflow/airflow-apache/lib/python3.11/site-packages/airflow/example_dags/example_latest_only.py
[2025-05-04T04:19:02.157-0300] {processor.py:840} INFO - DAG(s) 'latest_only' retrieved from /home/facuvega/Descargas/crypto-etl-airflow/airflow-apache/lib/python3.11/site-packages/airflow/example_dags/example_latest_only.py
[2025-05-04T04:19:02.176-0300] {logging_mixin.py:188} INFO - [2025-05-04T04:19:02.176-0300] {dag.py:3096} INFO - Sync 1 DAGs
[2025-05-04T04:19:02.197-0300] {logging_mixin.py:188} INFO - [2025-05-04T04:19:02.197-0300] {dag.py:3954} INFO - Setting next_dagrun for latest_only to 2025-05-04 00:00:00+00:00, run_after=2025-05-04 04:00:00+00:00
[2025-05-04T04:19:02.216-0300] {processor.py:183} INFO - Processing /home/facuvega/Descargas/crypto-etl-airflow/airflow-apache/lib/python3.11/site-packages/airflow/example_dags/example_latest_only.py took 0.077 seconds
[2025-05-04T04:20:02.880-0300] {processor.py:161} INFO - Started process (PID=32930) to work on /home/facuvega/Descargas/crypto-etl-airflow/airflow-apache/lib/python3.11/site-packages/airflow/example_dags/example_latest_only.py
[2025-05-04T04:20:02.881-0300] {processor.py:830} INFO - Processing file /home/facuvega/Descargas/crypto-etl-airflow/airflow-apache/lib/python3.11/site-packages/airflow/example_dags/example_latest_only.py for tasks to queue
[2025-05-04T04:20:02.883-0300] {logging_mixin.py:188} INFO - [2025-05-04T04:20:02.882-0300] {dagbag.py:540} INFO - Filling up the DagBag from /home/facuvega/Descargas/crypto-etl-airflow/airflow-apache/lib/python3.11/site-packages/airflow/example_dags/example_latest_only.py
[2025-05-04T04:20:02.888-0300] {processor.py:840} INFO - DAG(s) 'latest_only' retrieved from /home/facuvega/Descargas/crypto-etl-airflow/airflow-apache/lib/python3.11/site-packages/airflow/example_dags/example_latest_only.py
[2025-05-04T04:20:02.902-0300] {logging_mixin.py:188} INFO - [2025-05-04T04:20:02.902-0300] {dag.py:3096} INFO - Sync 1 DAGs
[2025-05-04T04:20:02.917-0300] {logging_mixin.py:188} INFO - [2025-05-04T04:20:02.917-0300] {dag.py:3954} INFO - Setting next_dagrun for latest_only to 2025-05-04 00:00:00+00:00, run_after=2025-05-04 04:00:00+00:00
[2025-05-04T04:20:02.929-0300] {processor.py:183} INFO - Processing /home/facuvega/Descargas/crypto-etl-airflow/airflow-apache/lib/python3.11/site-packages/airflow/example_dags/example_latest_only.py took 0.056 seconds
[2025-05-04T04:20:53.716-0300] {processor.py:161} INFO - Started process (PID=33161) to work on /home/facuvega/Descargas/crypto-etl-airflow/airflow-apache/lib/python3.11/site-packages/airflow/example_dags/example_latest_only.py
[2025-05-04T04:20:53.717-0300] {processor.py:830} INFO - Processing file /home/facuvega/Descargas/crypto-etl-airflow/airflow-apache/lib/python3.11/site-packages/airflow/example_dags/example_latest_only.py for tasks to queue
[2025-05-04T04:20:53.719-0300] {logging_mixin.py:188} INFO - [2025-05-04T04:20:53.719-0300] {dagbag.py:540} INFO - Filling up the DagBag from /home/facuvega/Descargas/crypto-etl-airflow/airflow-apache/lib/python3.11/site-packages/airflow/example_dags/example_latest_only.py
[2025-05-04T04:20:53.724-0300] {processor.py:840} INFO - DAG(s) 'latest_only' retrieved from /home/facuvega/Descargas/crypto-etl-airflow/airflow-apache/lib/python3.11/site-packages/airflow/example_dags/example_latest_only.py
[2025-05-04T04:20:53.738-0300] {logging_mixin.py:188} INFO - [2025-05-04T04:20:53.738-0300] {dag.py:3096} INFO - Sync 1 DAGs
[2025-05-04T04:20:53.753-0300] {logging_mixin.py:188} INFO - [2025-05-04T04:20:53.753-0300] {dag.py:3954} INFO - Setting next_dagrun for latest_only to 2025-05-04 00:00:00+00:00, run_after=2025-05-04 04:00:00+00:00
[2025-05-04T04:20:53.768-0300] {processor.py:183} INFO - Processing /home/facuvega/Descargas/crypto-etl-airflow/airflow-apache/lib/python3.11/site-packages/airflow/example_dags/example_latest_only.py took 0.057 seconds
[2025-05-04T04:22:39.858-0300] {processor.py:161} INFO - Started process (PID=34096) to work on /home/facuvega/Descargas/crypto-etl-airflow/airflow-apache/lib/python3.11/site-packages/airflow/example_dags/example_latest_only.py
[2025-05-04T04:22:39.859-0300] {processor.py:830} INFO - Processing file /home/facuvega/Descargas/crypto-etl-airflow/airflow-apache/lib/python3.11/site-packages/airflow/example_dags/example_latest_only.py for tasks to queue
[2025-05-04T04:22:39.860-0300] {logging_mixin.py:188} INFO - [2025-05-04T04:22:39.860-0300] {dagbag.py:540} INFO - Filling up the DagBag from /home/facuvega/Descargas/crypto-etl-airflow/airflow-apache/lib/python3.11/site-packages/airflow/example_dags/example_latest_only.py
[2025-05-04T04:22:39.865-0300] {processor.py:840} INFO - DAG(s) 'latest_only' retrieved from /home/facuvega/Descargas/crypto-etl-airflow/airflow-apache/lib/python3.11/site-packages/airflow/example_dags/example_latest_only.py
[2025-05-04T04:22:39.877-0300] {logging_mixin.py:188} INFO - [2025-05-04T04:22:39.877-0300] {dag.py:3096} INFO - Sync 1 DAGs
[2025-05-04T04:22:39.890-0300] {logging_mixin.py:188} INFO - [2025-05-04T04:22:39.890-0300] {dag.py:3954} INFO - Setting next_dagrun for latest_only to 2025-05-04 00:00:00+00:00, run_after=2025-05-04 04:00:00+00:00
[2025-05-04T04:22:39.903-0300] {processor.py:183} INFO - Processing /home/facuvega/Descargas/crypto-etl-airflow/airflow-apache/lib/python3.11/site-packages/airflow/example_dags/example_latest_only.py took 0.049 seconds
[2025-05-04T04:24:17.474-0300] {processor.py:161} INFO - Started process (PID=35315) to work on /home/facuvega/Descargas/crypto-etl-airflow/airflow-apache/lib/python3.11/site-packages/airflow/example_dags/example_latest_only.py
[2025-05-04T04:24:17.476-0300] {processor.py:830} INFO - Processing file /home/facuvega/Descargas/crypto-etl-airflow/airflow-apache/lib/python3.11/site-packages/airflow/example_dags/example_latest_only.py for tasks to queue
[2025-05-04T04:24:17.479-0300] {logging_mixin.py:188} INFO - [2025-05-04T04:24:17.478-0300] {dagbag.py:540} INFO - Filling up the DagBag from /home/facuvega/Descargas/crypto-etl-airflow/airflow-apache/lib/python3.11/site-packages/airflow/example_dags/example_latest_only.py
[2025-05-04T04:24:17.486-0300] {processor.py:840} INFO - DAG(s) 'latest_only' retrieved from /home/facuvega/Descargas/crypto-etl-airflow/airflow-apache/lib/python3.11/site-packages/airflow/example_dags/example_latest_only.py
[2025-05-04T04:24:17.509-0300] {logging_mixin.py:188} INFO - [2025-05-04T04:24:17.509-0300] {dag.py:3096} INFO - Sync 1 DAGs
[2025-05-04T04:24:17.539-0300] {logging_mixin.py:188} INFO - [2025-05-04T04:24:17.538-0300] {dag.py:3954} INFO - Setting next_dagrun for latest_only to 2025-05-04 00:00:00+00:00, run_after=2025-05-04 04:00:00+00:00
[2025-05-04T04:24:17.583-0300] {processor.py:183} INFO - Processing /home/facuvega/Descargas/crypto-etl-airflow/airflow-apache/lib/python3.11/site-packages/airflow/example_dags/example_latest_only.py took 0.120 seconds
