[2025-05-04T03:50:54.876-0300] {processor.py:161} INFO - Started process (PID=19682) to work on /home/facuvega/Descargas/crypto-etl-airflow/airflow-apache/lib/python3.11/site-packages/airflow/example_dags/example_sensors.py
[2025-05-04T03:50:54.876-0300] {processor.py:830} INFO - Processing file /home/facuvega/Descargas/crypto-etl-airflow/airflow-apache/lib/python3.11/site-packages/airflow/example_dags/example_sensors.py for tasks to queue
[2025-05-04T03:50:54.878-0300] {logging_mixin.py:188} INFO - [2025-05-04T03:50:54.878-0300] {dagbag.py:540} INFO - Filling up the DagBag from /home/facuvega/Descargas/crypto-etl-airflow/airflow-apache/lib/python3.11/site-packages/airflow/example_dags/example_sensors.py
[2025-05-04T03:50:54.886-0300] {processor.py:840} INFO - DAG(s) 'example_sensors' retrieved from /home/facuvega/Descargas/crypto-etl-airflow/airflow-apache/lib/python3.11/site-packages/airflow/example_dags/example_sensors.py
[2025-05-04T03:50:54.908-0300] {logging_mixin.py:188} INFO - [2025-05-04T03:50:54.908-0300] {dag.py:3096} INFO - Sync 1 DAGs
[2025-05-04T03:50:54.915-0300] {logging_mixin.py:188} INFO - [2025-05-04T03:50:54.915-0300] {dag.py:3954} INFO - Setting next_dagrun for example_sensors to None, run_after=None
[2025-05-04T03:50:54.929-0300] {processor.py:183} INFO - Processing /home/facuvega/Descargas/crypto-etl-airflow/airflow-apache/lib/python3.11/site-packages/airflow/example_dags/example_sensors.py took 0.058 seconds
[2025-05-04T03:51:46.496-0300] {processor.py:161} INFO - Started process (PID=19915) to work on /home/facuvega/Descargas/crypto-etl-airflow/airflow-apache/lib/python3.11/site-packages/airflow/example_dags/example_sensors.py
[2025-05-04T03:51:46.497-0300] {processor.py:830} INFO - Processing file /home/facuvega/Descargas/crypto-etl-airflow/airflow-apache/lib/python3.11/site-packages/airflow/example_dags/example_sensors.py for tasks to queue
[2025-05-04T03:51:46.499-0300] {logging_mixin.py:188} INFO - [2025-05-04T03:51:46.499-0300] {dagbag.py:540} INFO - Filling up the DagBag from /home/facuvega/Descargas/crypto-etl-airflow/airflow-apache/lib/python3.11/site-packages/airflow/example_dags/example_sensors.py
[2025-05-04T03:51:46.507-0300] {processor.py:840} INFO - DAG(s) 'example_sensors' retrieved from /home/facuvega/Descargas/crypto-etl-airflow/airflow-apache/lib/python3.11/site-packages/airflow/example_dags/example_sensors.py
[2025-05-04T03:51:46.523-0300] {logging_mixin.py:188} INFO - [2025-05-04T03:51:46.522-0300] {dag.py:3096} INFO - Sync 1 DAGs
[2025-05-04T03:51:46.530-0300] {logging_mixin.py:188} INFO - [2025-05-04T03:51:46.530-0300] {dag.py:3954} INFO - Setting next_dagrun for example_sensors to None, run_after=None
[2025-05-04T03:51:46.544-0300] {processor.py:183} INFO - Processing /home/facuvega/Descargas/crypto-etl-airflow/airflow-apache/lib/python3.11/site-packages/airflow/example_dags/example_sensors.py took 0.053 seconds
[2025-05-04T03:52:38.169-0300] {processor.py:161} INFO - Started process (PID=20166) to work on /home/facuvega/Descargas/crypto-etl-airflow/airflow-apache/lib/python3.11/site-packages/airflow/example_dags/example_sensors.py
[2025-05-04T03:52:38.170-0300] {processor.py:830} INFO - Processing file /home/facuvega/Descargas/crypto-etl-airflow/airflow-apache/lib/python3.11/site-packages/airflow/example_dags/example_sensors.py for tasks to queue
[2025-05-04T03:52:38.171-0300] {logging_mixin.py:188} INFO - [2025-05-04T03:52:38.171-0300] {dagbag.py:540} INFO - Filling up the DagBag from /home/facuvega/Descargas/crypto-etl-airflow/airflow-apache/lib/python3.11/site-packages/airflow/example_dags/example_sensors.py
[2025-05-04T03:52:38.180-0300] {processor.py:840} INFO - DAG(s) 'example_sensors' retrieved from /home/facuvega/Descargas/crypto-etl-airflow/airflow-apache/lib/python3.11/site-packages/airflow/example_dags/example_sensors.py
[2025-05-04T03:52:38.205-0300] {logging_mixin.py:188} INFO - [2025-05-04T03:52:38.205-0300] {dag.py:3096} INFO - Sync 1 DAGs
[2025-05-04T03:52:38.219-0300] {logging_mixin.py:188} INFO - [2025-05-04T03:52:38.218-0300] {dag.py:3954} INFO - Setting next_dagrun for example_sensors to None, run_after=None
[2025-05-04T03:52:38.239-0300] {processor.py:183} INFO - Processing /home/facuvega/Descargas/crypto-etl-airflow/airflow-apache/lib/python3.11/site-packages/airflow/example_dags/example_sensors.py took 0.076 seconds
[2025-05-04T03:53:25.115-0300] {processor.py:161} INFO - Started process (PID=20582) to work on /home/facuvega/Descargas/crypto-etl-airflow/airflow-apache/lib/python3.11/site-packages/airflow/example_dags/example_sensors.py
[2025-05-04T03:53:25.116-0300] {processor.py:830} INFO - Processing file /home/facuvega/Descargas/crypto-etl-airflow/airflow-apache/lib/python3.11/site-packages/airflow/example_dags/example_sensors.py for tasks to queue
[2025-05-04T03:53:25.118-0300] {logging_mixin.py:188} INFO - [2025-05-04T03:53:25.117-0300] {dagbag.py:540} INFO - Filling up the DagBag from /home/facuvega/Descargas/crypto-etl-airflow/airflow-apache/lib/python3.11/site-packages/airflow/example_dags/example_sensors.py
[2025-05-04T03:53:25.136-0300] {processor.py:840} INFO - DAG(s) 'example_sensors' retrieved from /home/facuvega/Descargas/crypto-etl-airflow/airflow-apache/lib/python3.11/site-packages/airflow/example_dags/example_sensors.py
[2025-05-04T03:53:25.163-0300] {logging_mixin.py:188} INFO - [2025-05-04T03:53:25.162-0300] {dag.py:3096} INFO - Sync 1 DAGs
[2025-05-04T03:53:25.174-0300] {logging_mixin.py:188} INFO - [2025-05-04T03:53:25.174-0300] {dag.py:3954} INFO - Setting next_dagrun for example_sensors to None, run_after=None
[2025-05-04T03:53:25.193-0300] {processor.py:183} INFO - Processing /home/facuvega/Descargas/crypto-etl-airflow/airflow-apache/lib/python3.11/site-packages/airflow/example_dags/example_sensors.py took 0.087 seconds
[2025-05-04T03:54:15.651-0300] {processor.py:161} INFO - Started process (PID=20942) to work on /home/facuvega/Descargas/crypto-etl-airflow/airflow-apache/lib/python3.11/site-packages/airflow/example_dags/example_sensors.py
[2025-05-04T03:54:15.656-0300] {processor.py:830} INFO - Processing file /home/facuvega/Descargas/crypto-etl-airflow/airflow-apache/lib/python3.11/site-packages/airflow/example_dags/example_sensors.py for tasks to queue
[2025-05-04T03:54:15.658-0300] {logging_mixin.py:188} INFO - [2025-05-04T03:54:15.658-0300] {dagbag.py:540} INFO - Filling up the DagBag from /home/facuvega/Descargas/crypto-etl-airflow/airflow-apache/lib/python3.11/site-packages/airflow/example_dags/example_sensors.py
[2025-05-04T03:54:15.674-0300] {processor.py:840} INFO - DAG(s) 'example_sensors' retrieved from /home/facuvega/Descargas/crypto-etl-airflow/airflow-apache/lib/python3.11/site-packages/airflow/example_dags/example_sensors.py
[2025-05-04T03:54:15.707-0300] {logging_mixin.py:188} INFO - [2025-05-04T03:54:15.707-0300] {dag.py:3096} INFO - Sync 1 DAGs
[2025-05-04T03:54:15.724-0300] {logging_mixin.py:188} INFO - [2025-05-04T03:54:15.724-0300] {dag.py:3954} INFO - Setting next_dagrun for example_sensors to None, run_after=None
[2025-05-04T03:54:15.746-0300] {processor.py:183} INFO - Processing /home/facuvega/Descargas/crypto-etl-airflow/airflow-apache/lib/python3.11/site-packages/airflow/example_dags/example_sensors.py took 0.107 seconds
[2025-05-04T03:54:57.812-0300] {processor.py:161} INFO - Started process (PID=21134) to work on /home/facuvega/Descargas/crypto-etl-airflow/airflow-apache/lib/python3.11/site-packages/airflow/example_dags/example_sensors.py
[2025-05-04T03:54:57.813-0300] {processor.py:830} INFO - Processing file /home/facuvega/Descargas/crypto-etl-airflow/airflow-apache/lib/python3.11/site-packages/airflow/example_dags/example_sensors.py for tasks to queue
[2025-05-04T03:54:57.815-0300] {logging_mixin.py:188} INFO - [2025-05-04T03:54:57.814-0300] {dagbag.py:540} INFO - Filling up the DagBag from /home/facuvega/Descargas/crypto-etl-airflow/airflow-apache/lib/python3.11/site-packages/airflow/example_dags/example_sensors.py
[2025-05-04T03:54:57.825-0300] {processor.py:840} INFO - DAG(s) 'example_sensors' retrieved from /home/facuvega/Descargas/crypto-etl-airflow/airflow-apache/lib/python3.11/site-packages/airflow/example_dags/example_sensors.py
[2025-05-04T03:54:57.847-0300] {logging_mixin.py:188} INFO - [2025-05-04T03:54:57.846-0300] {dag.py:3096} INFO - Sync 1 DAGs
[2025-05-04T03:54:57.859-0300] {logging_mixin.py:188} INFO - [2025-05-04T03:54:57.858-0300] {dag.py:3954} INFO - Setting next_dagrun for example_sensors to None, run_after=None
[2025-05-04T03:54:57.879-0300] {processor.py:183} INFO - Processing /home/facuvega/Descargas/crypto-etl-airflow/airflow-apache/lib/python3.11/site-packages/airflow/example_dags/example_sensors.py took 0.073 seconds
[2025-05-04T03:55:47.565-0300] {processor.py:161} INFO - Started process (PID=21470) to work on /home/facuvega/Descargas/crypto-etl-airflow/airflow-apache/lib/python3.11/site-packages/airflow/example_dags/example_sensors.py
[2025-05-04T03:55:47.566-0300] {processor.py:830} INFO - Processing file /home/facuvega/Descargas/crypto-etl-airflow/airflow-apache/lib/python3.11/site-packages/airflow/example_dags/example_sensors.py for tasks to queue
[2025-05-04T03:55:47.568-0300] {logging_mixin.py:188} INFO - [2025-05-04T03:55:47.567-0300] {dagbag.py:540} INFO - Filling up the DagBag from /home/facuvega/Descargas/crypto-etl-airflow/airflow-apache/lib/python3.11/site-packages/airflow/example_dags/example_sensors.py
[2025-05-04T03:55:47.576-0300] {processor.py:840} INFO - DAG(s) 'example_sensors' retrieved from /home/facuvega/Descargas/crypto-etl-airflow/airflow-apache/lib/python3.11/site-packages/airflow/example_dags/example_sensors.py
[2025-05-04T03:55:47.594-0300] {logging_mixin.py:188} INFO - [2025-05-04T03:55:47.594-0300] {dag.py:3096} INFO - Sync 1 DAGs
[2025-05-04T03:55:47.603-0300] {logging_mixin.py:188} INFO - [2025-05-04T03:55:47.603-0300] {dag.py:3954} INFO - Setting next_dagrun for example_sensors to None, run_after=None
[2025-05-04T03:55:47.616-0300] {processor.py:183} INFO - Processing /home/facuvega/Descargas/crypto-etl-airflow/airflow-apache/lib/python3.11/site-packages/airflow/example_dags/example_sensors.py took 0.057 seconds
[2025-05-04T03:56:34.230-0300] {processor.py:161} INFO - Started process (PID=21678) to work on /home/facuvega/Descargas/crypto-etl-airflow/airflow-apache/lib/python3.11/site-packages/airflow/example_dags/example_sensors.py
[2025-05-04T03:56:34.231-0300] {processor.py:830} INFO - Processing file /home/facuvega/Descargas/crypto-etl-airflow/airflow-apache/lib/python3.11/site-packages/airflow/example_dags/example_sensors.py for tasks to queue
[2025-05-04T03:56:34.236-0300] {logging_mixin.py:188} INFO - [2025-05-04T03:56:34.236-0300] {dagbag.py:540} INFO - Filling up the DagBag from /home/facuvega/Descargas/crypto-etl-airflow/airflow-apache/lib/python3.11/site-packages/airflow/example_dags/example_sensors.py
[2025-05-04T03:56:34.247-0300] {processor.py:840} INFO - DAG(s) 'example_sensors' retrieved from /home/facuvega/Descargas/crypto-etl-airflow/airflow-apache/lib/python3.11/site-packages/airflow/example_dags/example_sensors.py
[2025-05-04T03:56:34.263-0300] {logging_mixin.py:188} INFO - [2025-05-04T03:56:34.263-0300] {dag.py:3096} INFO - Sync 1 DAGs
[2025-05-04T03:56:34.272-0300] {logging_mixin.py:188} INFO - [2025-05-04T03:56:34.272-0300] {dag.py:3954} INFO - Setting next_dagrun for example_sensors to None, run_after=None
[2025-05-04T03:56:34.287-0300] {processor.py:183} INFO - Processing /home/facuvega/Descargas/crypto-etl-airflow/airflow-apache/lib/python3.11/site-packages/airflow/example_dags/example_sensors.py took 0.063 seconds
[2025-05-04T03:58:18.814-0300] {processor.py:161} INFO - Started process (PID=22570) to work on /home/facuvega/Descargas/crypto-etl-airflow/airflow-apache/lib/python3.11/site-packages/airflow/example_dags/example_sensors.py
[2025-05-04T03:58:18.822-0300] {processor.py:830} INFO - Processing file /home/facuvega/Descargas/crypto-etl-airflow/airflow-apache/lib/python3.11/site-packages/airflow/example_dags/example_sensors.py for tasks to queue
[2025-05-04T03:58:18.832-0300] {logging_mixin.py:188} INFO - [2025-05-04T03:58:18.824-0300] {dagbag.py:540} INFO - Filling up the DagBag from /home/facuvega/Descargas/crypto-etl-airflow/airflow-apache/lib/python3.11/site-packages/airflow/example_dags/example_sensors.py
[2025-05-04T03:58:18.873-0300] {processor.py:840} INFO - DAG(s) 'example_sensors' retrieved from /home/facuvega/Descargas/crypto-etl-airflow/airflow-apache/lib/python3.11/site-packages/airflow/example_dags/example_sensors.py
[2025-05-04T03:58:18.956-0300] {logging_mixin.py:188} INFO - [2025-05-04T03:58:18.955-0300] {dag.py:3096} INFO - Sync 1 DAGs
[2025-05-04T03:58:18.975-0300] {logging_mixin.py:188} INFO - [2025-05-04T03:58:18.975-0300] {dag.py:3954} INFO - Setting next_dagrun for example_sensors to None, run_after=None
[2025-05-04T03:58:19.038-0300] {processor.py:183} INFO - Processing /home/facuvega/Descargas/crypto-etl-airflow/airflow-apache/lib/python3.11/site-packages/airflow/example_dags/example_sensors.py took 0.239 seconds
[2025-05-04T03:59:13.174-0300] {processor.py:161} INFO - Started process (PID=22847) to work on /home/facuvega/Descargas/crypto-etl-airflow/airflow-apache/lib/python3.11/site-packages/airflow/example_dags/example_sensors.py
[2025-05-04T03:59:13.175-0300] {processor.py:830} INFO - Processing file /home/facuvega/Descargas/crypto-etl-airflow/airflow-apache/lib/python3.11/site-packages/airflow/example_dags/example_sensors.py for tasks to queue
[2025-05-04T03:59:13.176-0300] {logging_mixin.py:188} INFO - [2025-05-04T03:59:13.176-0300] {dagbag.py:540} INFO - Filling up the DagBag from /home/facuvega/Descargas/crypto-etl-airflow/airflow-apache/lib/python3.11/site-packages/airflow/example_dags/example_sensors.py
[2025-05-04T03:59:13.186-0300] {processor.py:840} INFO - DAG(s) 'example_sensors' retrieved from /home/facuvega/Descargas/crypto-etl-airflow/airflow-apache/lib/python3.11/site-packages/airflow/example_dags/example_sensors.py
[2025-05-04T03:59:13.202-0300] {logging_mixin.py:188} INFO - [2025-05-04T03:59:13.202-0300] {dag.py:3096} INFO - Sync 1 DAGs
[2025-05-04T03:59:13.211-0300] {logging_mixin.py:188} INFO - [2025-05-04T03:59:13.210-0300] {dag.py:3954} INFO - Setting next_dagrun for example_sensors to None, run_after=None
[2025-05-04T03:59:13.226-0300] {processor.py:183} INFO - Processing /home/facuvega/Descargas/crypto-etl-airflow/airflow-apache/lib/python3.11/site-packages/airflow/example_dags/example_sensors.py took 0.057 seconds
[2025-05-04T04:00:24.580-0300] {processor.py:161} INFO - Started process (PID=23685) to work on /home/facuvega/Descargas/crypto-etl-airflow/airflow-apache/lib/python3.11/site-packages/airflow/example_dags/example_sensors.py
[2025-05-04T04:00:24.581-0300] {processor.py:830} INFO - Processing file /home/facuvega/Descargas/crypto-etl-airflow/airflow-apache/lib/python3.11/site-packages/airflow/example_dags/example_sensors.py for tasks to queue
[2025-05-04T04:00:24.584-0300] {logging_mixin.py:188} INFO - [2025-05-04T04:00:24.583-0300] {dagbag.py:540} INFO - Filling up the DagBag from /home/facuvega/Descargas/crypto-etl-airflow/airflow-apache/lib/python3.11/site-packages/airflow/example_dags/example_sensors.py
[2025-05-04T04:00:24.597-0300] {processor.py:840} INFO - DAG(s) 'example_sensors' retrieved from /home/facuvega/Descargas/crypto-etl-airflow/airflow-apache/lib/python3.11/site-packages/airflow/example_dags/example_sensors.py
[2025-05-04T04:00:24.636-0300] {logging_mixin.py:188} INFO - [2025-05-04T04:00:24.636-0300] {dag.py:3096} INFO - Sync 1 DAGs
[2025-05-04T04:00:24.650-0300] {logging_mixin.py:188} INFO - [2025-05-04T04:00:24.650-0300] {dag.py:3954} INFO - Setting next_dagrun for example_sensors to None, run_after=None
[2025-05-04T04:00:24.670-0300] {processor.py:183} INFO - Processing /home/facuvega/Descargas/crypto-etl-airflow/airflow-apache/lib/python3.11/site-packages/airflow/example_dags/example_sensors.py took 0.096 seconds
[2025-05-04T04:01:19.213-0300] {processor.py:161} INFO - Started process (PID=24010) to work on /home/facuvega/Descargas/crypto-etl-airflow/airflow-apache/lib/python3.11/site-packages/airflow/example_dags/example_sensors.py
[2025-05-04T04:01:19.214-0300] {processor.py:830} INFO - Processing file /home/facuvega/Descargas/crypto-etl-airflow/airflow-apache/lib/python3.11/site-packages/airflow/example_dags/example_sensors.py for tasks to queue
[2025-05-04T04:01:19.216-0300] {logging_mixin.py:188} INFO - [2025-05-04T04:01:19.216-0300] {dagbag.py:540} INFO - Filling up the DagBag from /home/facuvega/Descargas/crypto-etl-airflow/airflow-apache/lib/python3.11/site-packages/airflow/example_dags/example_sensors.py
[2025-05-04T04:01:19.225-0300] {processor.py:840} INFO - DAG(s) 'example_sensors' retrieved from /home/facuvega/Descargas/crypto-etl-airflow/airflow-apache/lib/python3.11/site-packages/airflow/example_dags/example_sensors.py
[2025-05-04T04:01:19.247-0300] {logging_mixin.py:188} INFO - [2025-05-04T04:01:19.247-0300] {dag.py:3096} INFO - Sync 1 DAGs
[2025-05-04T04:01:19.257-0300] {logging_mixin.py:188} INFO - [2025-05-04T04:01:19.256-0300] {dag.py:3954} INFO - Setting next_dagrun for example_sensors to None, run_after=None
[2025-05-04T04:01:19.270-0300] {processor.py:183} INFO - Processing /home/facuvega/Descargas/crypto-etl-airflow/airflow-apache/lib/python3.11/site-packages/airflow/example_dags/example_sensors.py took 0.063 seconds
[2025-05-04T04:03:25.132-0300] {processor.py:161} INFO - Started process (PID=25002) to work on /home/facuvega/Descargas/crypto-etl-airflow/airflow-apache/lib/python3.11/site-packages/airflow/example_dags/example_sensors.py
[2025-05-04T04:03:25.133-0300] {processor.py:830} INFO - Processing file /home/facuvega/Descargas/crypto-etl-airflow/airflow-apache/lib/python3.11/site-packages/airflow/example_dags/example_sensors.py for tasks to queue
[2025-05-04T04:03:25.134-0300] {logging_mixin.py:188} INFO - [2025-05-04T04:03:25.134-0300] {dagbag.py:540} INFO - Filling up the DagBag from /home/facuvega/Descargas/crypto-etl-airflow/airflow-apache/lib/python3.11/site-packages/airflow/example_dags/example_sensors.py
[2025-05-04T04:03:25.141-0300] {processor.py:840} INFO - DAG(s) 'example_sensors' retrieved from /home/facuvega/Descargas/crypto-etl-airflow/airflow-apache/lib/python3.11/site-packages/airflow/example_dags/example_sensors.py
[2025-05-04T04:03:25.158-0300] {logging_mixin.py:188} INFO - [2025-05-04T04:03:25.158-0300] {dag.py:3096} INFO - Sync 1 DAGs
[2025-05-04T04:03:25.166-0300] {logging_mixin.py:188} INFO - [2025-05-04T04:03:25.166-0300] {dag.py:3954} INFO - Setting next_dagrun for example_sensors to None, run_after=None
[2025-05-04T04:03:25.195-0300] {processor.py:183} INFO - Processing /home/facuvega/Descargas/crypto-etl-airflow/airflow-apache/lib/python3.11/site-packages/airflow/example_dags/example_sensors.py took 0.068 seconds
[2025-05-04T04:04:15.926-0300] {processor.py:161} INFO - Started process (PID=25231) to work on /home/facuvega/Descargas/crypto-etl-airflow/airflow-apache/lib/python3.11/site-packages/airflow/example_dags/example_sensors.py
[2025-05-04T04:04:15.929-0300] {processor.py:830} INFO - Processing file /home/facuvega/Descargas/crypto-etl-airflow/airflow-apache/lib/python3.11/site-packages/airflow/example_dags/example_sensors.py for tasks to queue
[2025-05-04T04:04:15.934-0300] {logging_mixin.py:188} INFO - [2025-05-04T04:04:15.933-0300] {dagbag.py:540} INFO - Filling up the DagBag from /home/facuvega/Descargas/crypto-etl-airflow/airflow-apache/lib/python3.11/site-packages/airflow/example_dags/example_sensors.py
[2025-05-04T04:04:15.961-0300] {processor.py:840} INFO - DAG(s) 'example_sensors' retrieved from /home/facuvega/Descargas/crypto-etl-airflow/airflow-apache/lib/python3.11/site-packages/airflow/example_dags/example_sensors.py
[2025-05-04T04:04:16.026-0300] {logging_mixin.py:188} INFO - [2025-05-04T04:04:16.026-0300] {dag.py:3096} INFO - Sync 1 DAGs
[2025-05-04T04:04:16.093-0300] {logging_mixin.py:188} INFO - [2025-05-04T04:04:16.093-0300] {dag.py:3954} INFO - Setting next_dagrun for example_sensors to None, run_after=None
[2025-05-04T04:04:16.267-0300] {processor.py:183} INFO - Processing /home/facuvega/Descargas/crypto-etl-airflow/airflow-apache/lib/python3.11/site-packages/airflow/example_dags/example_sensors.py took 0.346 seconds
[2025-05-04T04:05:25.894-0300] {processor.py:161} INFO - Started process (PID=26312) to work on /home/facuvega/Descargas/crypto-etl-airflow/airflow-apache/lib/python3.11/site-packages/airflow/example_dags/example_sensors.py
[2025-05-04T04:05:25.908-0300] {processor.py:830} INFO - Processing file /home/facuvega/Descargas/crypto-etl-airflow/airflow-apache/lib/python3.11/site-packages/airflow/example_dags/example_sensors.py for tasks to queue
[2025-05-04T04:05:25.917-0300] {logging_mixin.py:188} INFO - [2025-05-04T04:05:25.913-0300] {dagbag.py:540} INFO - Filling up the DagBag from /home/facuvega/Descargas/crypto-etl-airflow/airflow-apache/lib/python3.11/site-packages/airflow/example_dags/example_sensors.py
[2025-05-04T04:05:25.958-0300] {processor.py:840} INFO - DAG(s) 'example_sensors' retrieved from /home/facuvega/Descargas/crypto-etl-airflow/airflow-apache/lib/python3.11/site-packages/airflow/example_dags/example_sensors.py
[2025-05-04T04:05:25.989-0300] {logging_mixin.py:188} INFO - [2025-05-04T04:05:25.989-0300] {dag.py:3096} INFO - Sync 1 DAGs
[2025-05-04T04:05:25.999-0300] {logging_mixin.py:188} INFO - [2025-05-04T04:05:25.999-0300] {dag.py:3954} INFO - Setting next_dagrun for example_sensors to None, run_after=None
[2025-05-04T04:05:26.054-0300] {processor.py:183} INFO - Processing /home/facuvega/Descargas/crypto-etl-airflow/airflow-apache/lib/python3.11/site-packages/airflow/example_dags/example_sensors.py took 0.179 seconds
[2025-05-04T04:06:17.088-0300] {processor.py:161} INFO - Started process (PID=26595) to work on /home/facuvega/Descargas/crypto-etl-airflow/airflow-apache/lib/python3.11/site-packages/airflow/example_dags/example_sensors.py
[2025-05-04T04:06:17.093-0300] {processor.py:830} INFO - Processing file /home/facuvega/Descargas/crypto-etl-airflow/airflow-apache/lib/python3.11/site-packages/airflow/example_dags/example_sensors.py for tasks to queue
[2025-05-04T04:06:17.106-0300] {logging_mixin.py:188} INFO - [2025-05-04T04:06:17.104-0300] {dagbag.py:540} INFO - Filling up the DagBag from /home/facuvega/Descargas/crypto-etl-airflow/airflow-apache/lib/python3.11/site-packages/airflow/example_dags/example_sensors.py
[2025-05-04T04:06:17.129-0300] {processor.py:840} INFO - DAG(s) 'example_sensors' retrieved from /home/facuvega/Descargas/crypto-etl-airflow/airflow-apache/lib/python3.11/site-packages/airflow/example_dags/example_sensors.py
[2025-05-04T04:06:17.179-0300] {logging_mixin.py:188} INFO - [2025-05-04T04:06:17.179-0300] {dag.py:3096} INFO - Sync 1 DAGs
[2025-05-04T04:06:17.209-0300] {logging_mixin.py:188} INFO - [2025-05-04T04:06:17.206-0300] {dag.py:3954} INFO - Setting next_dagrun for example_sensors to None, run_after=None
[2025-05-04T04:06:17.270-0300] {processor.py:183} INFO - Processing /home/facuvega/Descargas/crypto-etl-airflow/airflow-apache/lib/python3.11/site-packages/airflow/example_dags/example_sensors.py took 0.206 seconds
[2025-05-04T04:07:04.066-0300] {processor.py:161} INFO - Started process (PID=26828) to work on /home/facuvega/Descargas/crypto-etl-airflow/airflow-apache/lib/python3.11/site-packages/airflow/example_dags/example_sensors.py
[2025-05-04T04:07:04.067-0300] {processor.py:830} INFO - Processing file /home/facuvega/Descargas/crypto-etl-airflow/airflow-apache/lib/python3.11/site-packages/airflow/example_dags/example_sensors.py for tasks to queue
[2025-05-04T04:07:04.069-0300] {logging_mixin.py:188} INFO - [2025-05-04T04:07:04.069-0300] {dagbag.py:540} INFO - Filling up the DagBag from /home/facuvega/Descargas/crypto-etl-airflow/airflow-apache/lib/python3.11/site-packages/airflow/example_dags/example_sensors.py
[2025-05-04T04:07:04.078-0300] {processor.py:840} INFO - DAG(s) 'example_sensors' retrieved from /home/facuvega/Descargas/crypto-etl-airflow/airflow-apache/lib/python3.11/site-packages/airflow/example_dags/example_sensors.py
[2025-05-04T04:07:04.095-0300] {logging_mixin.py:188} INFO - [2025-05-04T04:07:04.094-0300] {dag.py:3096} INFO - Sync 1 DAGs
[2025-05-04T04:07:04.104-0300] {logging_mixin.py:188} INFO - [2025-05-04T04:07:04.104-0300] {dag.py:3954} INFO - Setting next_dagrun for example_sensors to None, run_after=None
[2025-05-04T04:07:04.119-0300] {processor.py:183} INFO - Processing /home/facuvega/Descargas/crypto-etl-airflow/airflow-apache/lib/python3.11/site-packages/airflow/example_dags/example_sensors.py took 0.058 seconds
[2025-05-04T04:07:50.023-0300] {processor.py:161} INFO - Started process (PID=27046) to work on /home/facuvega/Descargas/crypto-etl-airflow/airflow-apache/lib/python3.11/site-packages/airflow/example_dags/example_sensors.py
[2025-05-04T04:07:50.025-0300] {processor.py:830} INFO - Processing file /home/facuvega/Descargas/crypto-etl-airflow/airflow-apache/lib/python3.11/site-packages/airflow/example_dags/example_sensors.py for tasks to queue
[2025-05-04T04:07:50.029-0300] {logging_mixin.py:188} INFO - [2025-05-04T04:07:50.028-0300] {dagbag.py:540} INFO - Filling up the DagBag from /home/facuvega/Descargas/crypto-etl-airflow/airflow-apache/lib/python3.11/site-packages/airflow/example_dags/example_sensors.py
[2025-05-04T04:07:50.040-0300] {processor.py:840} INFO - DAG(s) 'example_sensors' retrieved from /home/facuvega/Descargas/crypto-etl-airflow/airflow-apache/lib/python3.11/site-packages/airflow/example_dags/example_sensors.py
[2025-05-04T04:07:50.059-0300] {logging_mixin.py:188} INFO - [2025-05-04T04:07:50.059-0300] {dag.py:3096} INFO - Sync 1 DAGs
[2025-05-04T04:07:50.070-0300] {logging_mixin.py:188} INFO - [2025-05-04T04:07:50.070-0300] {dag.py:3954} INFO - Setting next_dagrun for example_sensors to None, run_after=None
[2025-05-04T04:07:50.086-0300] {processor.py:183} INFO - Processing /home/facuvega/Descargas/crypto-etl-airflow/airflow-apache/lib/python3.11/site-packages/airflow/example_dags/example_sensors.py took 0.069 seconds
[2025-05-04T04:10:36.076-0300] {processor.py:161} INFO - Started process (PID=28869) to work on /home/facuvega/Descargas/crypto-etl-airflow/airflow-apache/lib/python3.11/site-packages/airflow/example_dags/example_sensors.py
[2025-05-04T04:10:36.077-0300] {processor.py:830} INFO - Processing file /home/facuvega/Descargas/crypto-etl-airflow/airflow-apache/lib/python3.11/site-packages/airflow/example_dags/example_sensors.py for tasks to queue
[2025-05-04T04:10:36.079-0300] {logging_mixin.py:188} INFO - [2025-05-04T04:10:36.078-0300] {dagbag.py:540} INFO - Filling up the DagBag from /home/facuvega/Descargas/crypto-etl-airflow/airflow-apache/lib/python3.11/site-packages/airflow/example_dags/example_sensors.py
[2025-05-04T04:10:36.088-0300] {processor.py:840} INFO - DAG(s) 'example_sensors' retrieved from /home/facuvega/Descargas/crypto-etl-airflow/airflow-apache/lib/python3.11/site-packages/airflow/example_dags/example_sensors.py
[2025-05-04T04:10:36.108-0300] {logging_mixin.py:188} INFO - [2025-05-04T04:10:36.108-0300] {dag.py:3096} INFO - Sync 1 DAGs
[2025-05-04T04:10:36.118-0300] {logging_mixin.py:188} INFO - [2025-05-04T04:10:36.117-0300] {dag.py:3954} INFO - Setting next_dagrun for example_sensors to None, run_after=None
[2025-05-04T04:10:36.133-0300] {processor.py:183} INFO - Processing /home/facuvega/Descargas/crypto-etl-airflow/airflow-apache/lib/python3.11/site-packages/airflow/example_dags/example_sensors.py took 0.063 seconds
[2025-05-04T04:11:29.694-0300] {processor.py:161} INFO - Started process (PID=29264) to work on /home/facuvega/Descargas/crypto-etl-airflow/airflow-apache/lib/python3.11/site-packages/airflow/example_dags/example_sensors.py
[2025-05-04T04:11:29.695-0300] {processor.py:830} INFO - Processing file /home/facuvega/Descargas/crypto-etl-airflow/airflow-apache/lib/python3.11/site-packages/airflow/example_dags/example_sensors.py for tasks to queue
[2025-05-04T04:11:29.697-0300] {logging_mixin.py:188} INFO - [2025-05-04T04:11:29.696-0300] {dagbag.py:540} INFO - Filling up the DagBag from /home/facuvega/Descargas/crypto-etl-airflow/airflow-apache/lib/python3.11/site-packages/airflow/example_dags/example_sensors.py
[2025-05-04T04:11:29.709-0300] {processor.py:840} INFO - DAG(s) 'example_sensors' retrieved from /home/facuvega/Descargas/crypto-etl-airflow/airflow-apache/lib/python3.11/site-packages/airflow/example_dags/example_sensors.py
[2025-05-04T04:11:29.751-0300] {logging_mixin.py:188} INFO - [2025-05-04T04:11:29.751-0300] {dag.py:3096} INFO - Sync 1 DAGs
[2025-05-04T04:11:29.773-0300] {logging_mixin.py:188} INFO - [2025-05-04T04:11:29.773-0300] {dag.py:3954} INFO - Setting next_dagrun for example_sensors to None, run_after=None
[2025-05-04T04:11:29.801-0300] {processor.py:183} INFO - Processing /home/facuvega/Descargas/crypto-etl-airflow/airflow-apache/lib/python3.11/site-packages/airflow/example_dags/example_sensors.py took 0.114 seconds
[2025-05-04T04:12:23.940-0300] {processor.py:161} INFO - Started process (PID=29504) to work on /home/facuvega/Descargas/crypto-etl-airflow/airflow-apache/lib/python3.11/site-packages/airflow/example_dags/example_sensors.py
[2025-05-04T04:12:23.941-0300] {processor.py:830} INFO - Processing file /home/facuvega/Descargas/crypto-etl-airflow/airflow-apache/lib/python3.11/site-packages/airflow/example_dags/example_sensors.py for tasks to queue
[2025-05-04T04:12:23.943-0300] {logging_mixin.py:188} INFO - [2025-05-04T04:12:23.942-0300] {dagbag.py:540} INFO - Filling up the DagBag from /home/facuvega/Descargas/crypto-etl-airflow/airflow-apache/lib/python3.11/site-packages/airflow/example_dags/example_sensors.py
[2025-05-04T04:12:23.950-0300] {processor.py:840} INFO - DAG(s) 'example_sensors' retrieved from /home/facuvega/Descargas/crypto-etl-airflow/airflow-apache/lib/python3.11/site-packages/airflow/example_dags/example_sensors.py
[2025-05-04T04:12:23.968-0300] {logging_mixin.py:188} INFO - [2025-05-04T04:12:23.968-0300] {dag.py:3096} INFO - Sync 1 DAGs
[2025-05-04T04:12:23.978-0300] {logging_mixin.py:188} INFO - [2025-05-04T04:12:23.977-0300] {dag.py:3954} INFO - Setting next_dagrun for example_sensors to None, run_after=None
[2025-05-04T04:12:23.993-0300] {processor.py:183} INFO - Processing /home/facuvega/Descargas/crypto-etl-airflow/airflow-apache/lib/python3.11/site-packages/airflow/example_dags/example_sensors.py took 0.058 seconds
[2025-05-04T04:13:10.216-0300] {processor.py:161} INFO - Started process (PID=29715) to work on /home/facuvega/Descargas/crypto-etl-airflow/airflow-apache/lib/python3.11/site-packages/airflow/example_dags/example_sensors.py
[2025-05-04T04:13:10.217-0300] {processor.py:830} INFO - Processing file /home/facuvega/Descargas/crypto-etl-airflow/airflow-apache/lib/python3.11/site-packages/airflow/example_dags/example_sensors.py for tasks to queue
[2025-05-04T04:13:10.219-0300] {logging_mixin.py:188} INFO - [2025-05-04T04:13:10.219-0300] {dagbag.py:540} INFO - Filling up the DagBag from /home/facuvega/Descargas/crypto-etl-airflow/airflow-apache/lib/python3.11/site-packages/airflow/example_dags/example_sensors.py
[2025-05-04T04:13:10.226-0300] {processor.py:840} INFO - DAG(s) 'example_sensors' retrieved from /home/facuvega/Descargas/crypto-etl-airflow/airflow-apache/lib/python3.11/site-packages/airflow/example_dags/example_sensors.py
[2025-05-04T04:13:10.240-0300] {logging_mixin.py:188} INFO - [2025-05-04T04:13:10.240-0300] {dag.py:3096} INFO - Sync 1 DAGs
[2025-05-04T04:13:10.249-0300] {logging_mixin.py:188} INFO - [2025-05-04T04:13:10.249-0300] {dag.py:3954} INFO - Setting next_dagrun for example_sensors to None, run_after=None
[2025-05-04T04:13:10.262-0300] {processor.py:183} INFO - Processing /home/facuvega/Descargas/crypto-etl-airflow/airflow-apache/lib/python3.11/site-packages/airflow/example_dags/example_sensors.py took 0.050 seconds
[2025-05-04T04:13:56.708-0300] {processor.py:161} INFO - Started process (PID=29924) to work on /home/facuvega/Descargas/crypto-etl-airflow/airflow-apache/lib/python3.11/site-packages/airflow/example_dags/example_sensors.py
[2025-05-04T04:13:56.709-0300] {processor.py:830} INFO - Processing file /home/facuvega/Descargas/crypto-etl-airflow/airflow-apache/lib/python3.11/site-packages/airflow/example_dags/example_sensors.py for tasks to queue
[2025-05-04T04:13:56.710-0300] {logging_mixin.py:188} INFO - [2025-05-04T04:13:56.710-0300] {dagbag.py:540} INFO - Filling up the DagBag from /home/facuvega/Descargas/crypto-etl-airflow/airflow-apache/lib/python3.11/site-packages/airflow/example_dags/example_sensors.py
[2025-05-04T04:13:56.717-0300] {processor.py:840} INFO - DAG(s) 'example_sensors' retrieved from /home/facuvega/Descargas/crypto-etl-airflow/airflow-apache/lib/python3.11/site-packages/airflow/example_dags/example_sensors.py
[2025-05-04T04:13:56.732-0300] {logging_mixin.py:188} INFO - [2025-05-04T04:13:56.731-0300] {dag.py:3096} INFO - Sync 1 DAGs
[2025-05-04T04:13:56.739-0300] {logging_mixin.py:188} INFO - [2025-05-04T04:13:56.739-0300] {dag.py:3954} INFO - Setting next_dagrun for example_sensors to None, run_after=None
[2025-05-04T04:13:56.752-0300] {processor.py:183} INFO - Processing /home/facuvega/Descargas/crypto-etl-airflow/airflow-apache/lib/python3.11/site-packages/airflow/example_dags/example_sensors.py took 0.049 seconds
[2025-05-04T04:14:57.098-0300] {processor.py:161} INFO - Started process (PID=30230) to work on /home/facuvega/Descargas/crypto-etl-airflow/airflow-apache/lib/python3.11/site-packages/airflow/example_dags/example_sensors.py
[2025-05-04T04:14:57.099-0300] {processor.py:830} INFO - Processing file /home/facuvega/Descargas/crypto-etl-airflow/airflow-apache/lib/python3.11/site-packages/airflow/example_dags/example_sensors.py for tasks to queue
[2025-05-04T04:14:57.100-0300] {logging_mixin.py:188} INFO - [2025-05-04T04:14:57.100-0300] {dagbag.py:540} INFO - Filling up the DagBag from /home/facuvega/Descargas/crypto-etl-airflow/airflow-apache/lib/python3.11/site-packages/airflow/example_dags/example_sensors.py
[2025-05-04T04:14:57.112-0300] {processor.py:840} INFO - DAG(s) 'example_sensors' retrieved from /home/facuvega/Descargas/crypto-etl-airflow/airflow-apache/lib/python3.11/site-packages/airflow/example_dags/example_sensors.py
[2025-05-04T04:14:57.129-0300] {logging_mixin.py:188} INFO - [2025-05-04T04:14:57.129-0300] {dag.py:3096} INFO - Sync 1 DAGs
[2025-05-04T04:14:57.137-0300] {logging_mixin.py:188} INFO - [2025-05-04T04:14:57.137-0300] {dag.py:3954} INFO - Setting next_dagrun for example_sensors to None, run_after=None
[2025-05-04T04:14:57.149-0300] {processor.py:183} INFO - Processing /home/facuvega/Descargas/crypto-etl-airflow/airflow-apache/lib/python3.11/site-packages/airflow/example_dags/example_sensors.py took 0.056 seconds
[2025-05-04T04:15:46.221-0300] {processor.py:161} INFO - Started process (PID=30536) to work on /home/facuvega/Descargas/crypto-etl-airflow/airflow-apache/lib/python3.11/site-packages/airflow/example_dags/example_sensors.py
[2025-05-04T04:15:46.222-0300] {processor.py:830} INFO - Processing file /home/facuvega/Descargas/crypto-etl-airflow/airflow-apache/lib/python3.11/site-packages/airflow/example_dags/example_sensors.py for tasks to queue
[2025-05-04T04:15:46.224-0300] {logging_mixin.py:188} INFO - [2025-05-04T04:15:46.223-0300] {dagbag.py:540} INFO - Filling up the DagBag from /home/facuvega/Descargas/crypto-etl-airflow/airflow-apache/lib/python3.11/site-packages/airflow/example_dags/example_sensors.py
[2025-05-04T04:15:46.233-0300] {processor.py:840} INFO - DAG(s) 'example_sensors' retrieved from /home/facuvega/Descargas/crypto-etl-airflow/airflow-apache/lib/python3.11/site-packages/airflow/example_dags/example_sensors.py
[2025-05-04T04:15:46.250-0300] {logging_mixin.py:188} INFO - [2025-05-04T04:15:46.250-0300] {dag.py:3096} INFO - Sync 1 DAGs
[2025-05-04T04:15:46.260-0300] {logging_mixin.py:188} INFO - [2025-05-04T04:15:46.260-0300] {dag.py:3954} INFO - Setting next_dagrun for example_sensors to None, run_after=None
[2025-05-04T04:15:46.275-0300] {processor.py:183} INFO - Processing /home/facuvega/Descargas/crypto-etl-airflow/airflow-apache/lib/python3.11/site-packages/airflow/example_dags/example_sensors.py took 0.059 seconds
[2025-05-04T04:17:17.936-0300] {processor.py:161} INFO - Started process (PID=31309) to work on /home/facuvega/Descargas/crypto-etl-airflow/airflow-apache/lib/python3.11/site-packages/airflow/example_dags/example_sensors.py
[2025-05-04T04:17:17.938-0300] {processor.py:830} INFO - Processing file /home/facuvega/Descargas/crypto-etl-airflow/airflow-apache/lib/python3.11/site-packages/airflow/example_dags/example_sensors.py for tasks to queue
[2025-05-04T04:17:17.941-0300] {logging_mixin.py:188} INFO - [2025-05-04T04:17:17.940-0300] {dagbag.py:540} INFO - Filling up the DagBag from /home/facuvega/Descargas/crypto-etl-airflow/airflow-apache/lib/python3.11/site-packages/airflow/example_dags/example_sensors.py
[2025-05-04T04:17:17.951-0300] {processor.py:840} INFO - DAG(s) 'example_sensors' retrieved from /home/facuvega/Descargas/crypto-etl-airflow/airflow-apache/lib/python3.11/site-packages/airflow/example_dags/example_sensors.py
[2025-05-04T04:17:17.972-0300] {logging_mixin.py:188} INFO - [2025-05-04T04:17:17.972-0300] {dag.py:3096} INFO - Sync 1 DAGs
[2025-05-04T04:17:17.980-0300] {logging_mixin.py:188} INFO - [2025-05-04T04:17:17.980-0300] {dag.py:3954} INFO - Setting next_dagrun for example_sensors to None, run_after=None
[2025-05-04T04:17:17.994-0300] {processor.py:183} INFO - Processing /home/facuvega/Descargas/crypto-etl-airflow/airflow-apache/lib/python3.11/site-packages/airflow/example_dags/example_sensors.py took 0.067 seconds
[2025-05-04T04:18:39.935-0300] {processor.py:161} INFO - Started process (PID=32034) to work on /home/facuvega/Descargas/crypto-etl-airflow/airflow-apache/lib/python3.11/site-packages/airflow/example_dags/example_sensors.py
[2025-05-04T04:18:39.937-0300] {processor.py:830} INFO - Processing file /home/facuvega/Descargas/crypto-etl-airflow/airflow-apache/lib/python3.11/site-packages/airflow/example_dags/example_sensors.py for tasks to queue
[2025-05-04T04:18:39.941-0300] {logging_mixin.py:188} INFO - [2025-05-04T04:18:39.941-0300] {dagbag.py:540} INFO - Filling up the DagBag from /home/facuvega/Descargas/crypto-etl-airflow/airflow-apache/lib/python3.11/site-packages/airflow/example_dags/example_sensors.py
[2025-05-04T04:18:39.954-0300] {processor.py:840} INFO - DAG(s) 'example_sensors' retrieved from /home/facuvega/Descargas/crypto-etl-airflow/airflow-apache/lib/python3.11/site-packages/airflow/example_dags/example_sensors.py
[2025-05-04T04:18:39.977-0300] {logging_mixin.py:188} INFO - [2025-05-04T04:18:39.977-0300] {dag.py:3096} INFO - Sync 1 DAGs
[2025-05-04T04:18:39.989-0300] {logging_mixin.py:188} INFO - [2025-05-04T04:18:39.989-0300] {dag.py:3954} INFO - Setting next_dagrun for example_sensors to None, run_after=None
[2025-05-04T04:18:40.008-0300] {processor.py:183} INFO - Processing /home/facuvega/Descargas/crypto-etl-airflow/airflow-apache/lib/python3.11/site-packages/airflow/example_dags/example_sensors.py took 0.080 seconds
[2025-05-04T04:19:48.578-0300] {processor.py:161} INFO - Started process (PID=32857) to work on /home/facuvega/Descargas/crypto-etl-airflow/airflow-apache/lib/python3.11/site-packages/airflow/example_dags/example_sensors.py
[2025-05-04T04:19:48.579-0300] {processor.py:830} INFO - Processing file /home/facuvega/Descargas/crypto-etl-airflow/airflow-apache/lib/python3.11/site-packages/airflow/example_dags/example_sensors.py for tasks to queue
[2025-05-04T04:19:48.581-0300] {logging_mixin.py:188} INFO - [2025-05-04T04:19:48.580-0300] {dagbag.py:540} INFO - Filling up the DagBag from /home/facuvega/Descargas/crypto-etl-airflow/airflow-apache/lib/python3.11/site-packages/airflow/example_dags/example_sensors.py
[2025-05-04T04:19:48.591-0300] {processor.py:840} INFO - DAG(s) 'example_sensors' retrieved from /home/facuvega/Descargas/crypto-etl-airflow/airflow-apache/lib/python3.11/site-packages/airflow/example_dags/example_sensors.py
[2025-05-04T04:19:48.611-0300] {logging_mixin.py:188} INFO - [2025-05-04T04:19:48.611-0300] {dag.py:3096} INFO - Sync 1 DAGs
[2025-05-04T04:19:48.623-0300] {logging_mixin.py:188} INFO - [2025-05-04T04:19:48.622-0300] {dag.py:3954} INFO - Setting next_dagrun for example_sensors to None, run_after=None
[2025-05-04T04:19:48.636-0300] {processor.py:183} INFO - Processing /home/facuvega/Descargas/crypto-etl-airflow/airflow-apache/lib/python3.11/site-packages/airflow/example_dags/example_sensors.py took 0.064 seconds
[2025-05-04T04:20:42.563-0300] {processor.py:161} INFO - Started process (PID=33106) to work on /home/facuvega/Descargas/crypto-etl-airflow/airflow-apache/lib/python3.11/site-packages/airflow/example_dags/example_sensors.py
[2025-05-04T04:20:42.564-0300] {processor.py:830} INFO - Processing file /home/facuvega/Descargas/crypto-etl-airflow/airflow-apache/lib/python3.11/site-packages/airflow/example_dags/example_sensors.py for tasks to queue
[2025-05-04T04:20:42.566-0300] {logging_mixin.py:188} INFO - [2025-05-04T04:20:42.566-0300] {dagbag.py:540} INFO - Filling up the DagBag from /home/facuvega/Descargas/crypto-etl-airflow/airflow-apache/lib/python3.11/site-packages/airflow/example_dags/example_sensors.py
[2025-05-04T04:20:42.575-0300] {processor.py:840} INFO - DAG(s) 'example_sensors' retrieved from /home/facuvega/Descargas/crypto-etl-airflow/airflow-apache/lib/python3.11/site-packages/airflow/example_dags/example_sensors.py
[2025-05-04T04:20:42.590-0300] {logging_mixin.py:188} INFO - [2025-05-04T04:20:42.590-0300] {dag.py:3096} INFO - Sync 1 DAGs
[2025-05-04T04:20:42.600-0300] {logging_mixin.py:188} INFO - [2025-05-04T04:20:42.600-0300] {dag.py:3954} INFO - Setting next_dagrun for example_sensors to None, run_after=None
[2025-05-04T04:20:42.613-0300] {processor.py:183} INFO - Processing /home/facuvega/Descargas/crypto-etl-airflow/airflow-apache/lib/python3.11/site-packages/airflow/example_dags/example_sensors.py took 0.056 seconds
[2025-05-04T04:21:31.802-0300] {processor.py:161} INFO - Started process (PID=33326) to work on /home/facuvega/Descargas/crypto-etl-airflow/airflow-apache/lib/python3.11/site-packages/airflow/example_dags/example_sensors.py
[2025-05-04T04:21:31.803-0300] {processor.py:830} INFO - Processing file /home/facuvega/Descargas/crypto-etl-airflow/airflow-apache/lib/python3.11/site-packages/airflow/example_dags/example_sensors.py for tasks to queue
[2025-05-04T04:21:31.805-0300] {logging_mixin.py:188} INFO - [2025-05-04T04:21:31.805-0300] {dagbag.py:540} INFO - Filling up the DagBag from /home/facuvega/Descargas/crypto-etl-airflow/airflow-apache/lib/python3.11/site-packages/airflow/example_dags/example_sensors.py
[2025-05-04T04:21:31.816-0300] {processor.py:840} INFO - DAG(s) 'example_sensors' retrieved from /home/facuvega/Descargas/crypto-etl-airflow/airflow-apache/lib/python3.11/site-packages/airflow/example_dags/example_sensors.py
[2025-05-04T04:21:31.837-0300] {logging_mixin.py:188} INFO - [2025-05-04T04:21:31.836-0300] {dag.py:3096} INFO - Sync 1 DAGs
[2025-05-04T04:21:31.847-0300] {logging_mixin.py:188} INFO - [2025-05-04T04:21:31.847-0300] {dag.py:3954} INFO - Setting next_dagrun for example_sensors to None, run_after=None
[2025-05-04T04:21:31.861-0300] {processor.py:183} INFO - Processing /home/facuvega/Descargas/crypto-etl-airflow/airflow-apache/lib/python3.11/site-packages/airflow/example_dags/example_sensors.py took 0.066 seconds
[2025-05-04T04:22:26.610-0300] {processor.py:161} INFO - Started process (PID=34035) to work on /home/facuvega/Descargas/crypto-etl-airflow/airflow-apache/lib/python3.11/site-packages/airflow/example_dags/example_sensors.py
[2025-05-04T04:22:26.611-0300] {processor.py:830} INFO - Processing file /home/facuvega/Descargas/crypto-etl-airflow/airflow-apache/lib/python3.11/site-packages/airflow/example_dags/example_sensors.py for tasks to queue
[2025-05-04T04:22:26.613-0300] {logging_mixin.py:188} INFO - [2025-05-04T04:22:26.612-0300] {dagbag.py:540} INFO - Filling up the DagBag from /home/facuvega/Descargas/crypto-etl-airflow/airflow-apache/lib/python3.11/site-packages/airflow/example_dags/example_sensors.py
[2025-05-04T04:22:26.620-0300] {processor.py:840} INFO - DAG(s) 'example_sensors' retrieved from /home/facuvega/Descargas/crypto-etl-airflow/airflow-apache/lib/python3.11/site-packages/airflow/example_dags/example_sensors.py
[2025-05-04T04:22:26.638-0300] {logging_mixin.py:188} INFO - [2025-05-04T04:22:26.638-0300] {dag.py:3096} INFO - Sync 1 DAGs
[2025-05-04T04:22:26.645-0300] {logging_mixin.py:188} INFO - [2025-05-04T04:22:26.645-0300] {dag.py:3954} INFO - Setting next_dagrun for example_sensors to None, run_after=None
[2025-05-04T04:22:26.658-0300] {processor.py:183} INFO - Processing /home/facuvega/Descargas/crypto-etl-airflow/airflow-apache/lib/python3.11/site-packages/airflow/example_dags/example_sensors.py took 0.053 seconds
[2025-05-04T04:23:45.234-0300] {processor.py:161} INFO - Started process (PID=34974) to work on /home/facuvega/Descargas/crypto-etl-airflow/airflow-apache/lib/python3.11/site-packages/airflow/example_dags/example_sensors.py
[2025-05-04T04:23:45.237-0300] {processor.py:830} INFO - Processing file /home/facuvega/Descargas/crypto-etl-airflow/airflow-apache/lib/python3.11/site-packages/airflow/example_dags/example_sensors.py for tasks to queue
[2025-05-04T04:23:45.239-0300] {logging_mixin.py:188} INFO - [2025-05-04T04:23:45.238-0300] {dagbag.py:540} INFO - Filling up the DagBag from /home/facuvega/Descargas/crypto-etl-airflow/airflow-apache/lib/python3.11/site-packages/airflow/example_dags/example_sensors.py
[2025-05-04T04:23:45.254-0300] {processor.py:840} INFO - DAG(s) 'example_sensors' retrieved from /home/facuvega/Descargas/crypto-etl-airflow/airflow-apache/lib/python3.11/site-packages/airflow/example_dags/example_sensors.py
[2025-05-04T04:23:45.305-0300] {logging_mixin.py:188} INFO - [2025-05-04T04:23:45.305-0300] {dag.py:3096} INFO - Sync 1 DAGs
[2025-05-04T04:23:45.342-0300] {logging_mixin.py:188} INFO - [2025-05-04T04:23:45.341-0300] {dag.py:3954} INFO - Setting next_dagrun for example_sensors to None, run_after=None
[2025-05-04T04:23:45.380-0300] {processor.py:183} INFO - Processing /home/facuvega/Descargas/crypto-etl-airflow/airflow-apache/lib/python3.11/site-packages/airflow/example_dags/example_sensors.py took 0.153 seconds
