[2025-05-04T03:51:05.123-0300] {processor.py:161} INFO - Started process (PID=19725) to work on /home/facuvega/Descargas/crypto-etl-airflow/airflow-apache/lib/python3.11/site-packages/airflow/example_dags/example_kubernetes_executor.py
[2025-05-04T03:51:05.124-0300] {processor.py:830} INFO - Processing file /home/facuvega/Descargas/crypto-etl-airflow/airflow-apache/lib/python3.11/site-packages/airflow/example_dags/example_kubernetes_executor.py for tasks to queue
[2025-05-04T03:51:05.125-0300] {logging_mixin.py:188} INFO - [2025-05-04T03:51:05.125-0300] {dagbag.py:540} INFO - Filling up the DagBag from /home/facuvega/Descargas/crypto-etl-airflow/airflow-apache/lib/python3.11/site-packages/airflow/example_dags/example_kubernetes_executor.py
[2025-05-04T03:51:05.136-0300] {processor.py:840} INFO - DAG(s) 'example_kubernetes_executor' retrieved from /home/facuvega/Descargas/crypto-etl-airflow/airflow-apache/lib/python3.11/site-packages/airflow/example_dags/example_kubernetes_executor.py
[2025-05-04T03:51:05.171-0300] {logging_mixin.py:188} INFO - [2025-05-04T03:51:05.170-0300] {dag.py:3096} INFO - Sync 1 DAGs
[2025-05-04T03:51:05.180-0300] {logging_mixin.py:188} INFO - [2025-05-04T03:51:05.180-0300] {dag.py:3954} INFO - Setting next_dagrun for example_kubernetes_executor to None, run_after=None
[2025-05-04T03:51:05.194-0300] {processor.py:183} INFO - Processing /home/facuvega/Descargas/crypto-etl-airflow/airflow-apache/lib/python3.11/site-packages/airflow/example_dags/example_kubernetes_executor.py took 0.076 seconds
[2025-05-04T03:51:56.793-0300] {processor.py:161} INFO - Started process (PID=19967) to work on /home/facuvega/Descargas/crypto-etl-airflow/airflow-apache/lib/python3.11/site-packages/airflow/example_dags/example_kubernetes_executor.py
[2025-05-04T03:51:56.794-0300] {processor.py:830} INFO - Processing file /home/facuvega/Descargas/crypto-etl-airflow/airflow-apache/lib/python3.11/site-packages/airflow/example_dags/example_kubernetes_executor.py for tasks to queue
[2025-05-04T03:51:56.795-0300] {logging_mixin.py:188} INFO - [2025-05-04T03:51:56.795-0300] {dagbag.py:540} INFO - Filling up the DagBag from /home/facuvega/Descargas/crypto-etl-airflow/airflow-apache/lib/python3.11/site-packages/airflow/example_dags/example_kubernetes_executor.py
[2025-05-04T03:51:56.807-0300] {processor.py:840} INFO - DAG(s) 'example_kubernetes_executor' retrieved from /home/facuvega/Descargas/crypto-etl-airflow/airflow-apache/lib/python3.11/site-packages/airflow/example_dags/example_kubernetes_executor.py
[2025-05-04T03:51:56.833-0300] {logging_mixin.py:188} INFO - [2025-05-04T03:51:56.833-0300] {dag.py:3096} INFO - Sync 1 DAGs
[2025-05-04T03:51:56.841-0300] {logging_mixin.py:188} INFO - [2025-05-04T03:51:56.841-0300] {dag.py:3954} INFO - Setting next_dagrun for example_kubernetes_executor to None, run_after=None
[2025-05-04T03:51:56.853-0300] {processor.py:183} INFO - Processing /home/facuvega/Descargas/crypto-etl-airflow/airflow-apache/lib/python3.11/site-packages/airflow/example_dags/example_kubernetes_executor.py took 0.067 seconds
[2025-05-04T03:52:48.469-0300] {processor.py:161} INFO - Started process (PID=20211) to work on /home/facuvega/Descargas/crypto-etl-airflow/airflow-apache/lib/python3.11/site-packages/airflow/example_dags/example_kubernetes_executor.py
[2025-05-04T03:52:48.471-0300] {processor.py:830} INFO - Processing file /home/facuvega/Descargas/crypto-etl-airflow/airflow-apache/lib/python3.11/site-packages/airflow/example_dags/example_kubernetes_executor.py for tasks to queue
[2025-05-04T03:52:48.472-0300] {logging_mixin.py:188} INFO - [2025-05-04T03:52:48.472-0300] {dagbag.py:540} INFO - Filling up the DagBag from /home/facuvega/Descargas/crypto-etl-airflow/airflow-apache/lib/python3.11/site-packages/airflow/example_dags/example_kubernetes_executor.py
[2025-05-04T03:52:48.482-0300] {processor.py:840} INFO - DAG(s) 'example_kubernetes_executor' retrieved from /home/facuvega/Descargas/crypto-etl-airflow/airflow-apache/lib/python3.11/site-packages/airflow/example_dags/example_kubernetes_executor.py
[2025-05-04T03:52:48.505-0300] {logging_mixin.py:188} INFO - [2025-05-04T03:52:48.505-0300] {dag.py:3096} INFO - Sync 1 DAGs
[2025-05-04T03:52:48.514-0300] {logging_mixin.py:188} INFO - [2025-05-04T03:52:48.514-0300] {dag.py:3954} INFO - Setting next_dagrun for example_kubernetes_executor to None, run_after=None
[2025-05-04T03:52:48.529-0300] {processor.py:183} INFO - Processing /home/facuvega/Descargas/crypto-etl-airflow/airflow-apache/lib/python3.11/site-packages/airflow/example_dags/example_kubernetes_executor.py took 0.064 seconds
[2025-05-04T03:53:59.632-0300] {processor.py:161} INFO - Started process (PID=20867) to work on /home/facuvega/Descargas/crypto-etl-airflow/airflow-apache/lib/python3.11/site-packages/airflow/example_dags/example_kubernetes_executor.py
[2025-05-04T03:53:59.633-0300] {processor.py:830} INFO - Processing file /home/facuvega/Descargas/crypto-etl-airflow/airflow-apache/lib/python3.11/site-packages/airflow/example_dags/example_kubernetes_executor.py for tasks to queue
[2025-05-04T03:53:59.635-0300] {logging_mixin.py:188} INFO - [2025-05-04T03:53:59.634-0300] {dagbag.py:540} INFO - Filling up the DagBag from /home/facuvega/Descargas/crypto-etl-airflow/airflow-apache/lib/python3.11/site-packages/airflow/example_dags/example_kubernetes_executor.py
[2025-05-04T03:53:59.655-0300] {processor.py:840} INFO - DAG(s) 'example_kubernetes_executor' retrieved from /home/facuvega/Descargas/crypto-etl-airflow/airflow-apache/lib/python3.11/site-packages/airflow/example_dags/example_kubernetes_executor.py
[2025-05-04T03:53:59.691-0300] {logging_mixin.py:188} INFO - [2025-05-04T03:53:59.691-0300] {dag.py:3096} INFO - Sync 1 DAGs
[2025-05-04T03:53:59.700-0300] {logging_mixin.py:188} INFO - [2025-05-04T03:53:59.700-0300] {dag.py:3954} INFO - Setting next_dagrun for example_kubernetes_executor to None, run_after=None
[2025-05-04T03:53:59.718-0300] {processor.py:183} INFO - Processing /home/facuvega/Descargas/crypto-etl-airflow/airflow-apache/lib/python3.11/site-packages/airflow/example_dags/example_kubernetes_executor.py took 0.091 seconds
[2025-05-04T03:55:01.484-0300] {processor.py:161} INFO - Started process (PID=21156) to work on /home/facuvega/Descargas/crypto-etl-airflow/airflow-apache/lib/python3.11/site-packages/airflow/example_dags/example_kubernetes_executor.py
[2025-05-04T03:55:01.486-0300] {processor.py:830} INFO - Processing file /home/facuvega/Descargas/crypto-etl-airflow/airflow-apache/lib/python3.11/site-packages/airflow/example_dags/example_kubernetes_executor.py for tasks to queue
[2025-05-04T03:55:01.489-0300] {logging_mixin.py:188} INFO - [2025-05-04T03:55:01.488-0300] {dagbag.py:540} INFO - Filling up the DagBag from /home/facuvega/Descargas/crypto-etl-airflow/airflow-apache/lib/python3.11/site-packages/airflow/example_dags/example_kubernetes_executor.py
[2025-05-04T03:55:01.506-0300] {processor.py:840} INFO - DAG(s) 'example_kubernetes_executor' retrieved from /home/facuvega/Descargas/crypto-etl-airflow/airflow-apache/lib/python3.11/site-packages/airflow/example_dags/example_kubernetes_executor.py
[2025-05-04T03:55:01.552-0300] {logging_mixin.py:188} INFO - [2025-05-04T03:55:01.552-0300] {dag.py:3096} INFO - Sync 1 DAGs
[2025-05-04T03:55:01.565-0300] {logging_mixin.py:188} INFO - [2025-05-04T03:55:01.564-0300] {dag.py:3954} INFO - Setting next_dagrun for example_kubernetes_executor to None, run_after=None
[2025-05-04T03:55:01.585-0300] {processor.py:183} INFO - Processing /home/facuvega/Descargas/crypto-etl-airflow/airflow-apache/lib/python3.11/site-packages/airflow/example_dags/example_kubernetes_executor.py took 0.107 seconds
[2025-05-04T03:55:52.643-0300] {processor.py:161} INFO - Started process (PID=21496) to work on /home/facuvega/Descargas/crypto-etl-airflow/airflow-apache/lib/python3.11/site-packages/airflow/example_dags/example_kubernetes_executor.py
[2025-05-04T03:55:52.644-0300] {processor.py:830} INFO - Processing file /home/facuvega/Descargas/crypto-etl-airflow/airflow-apache/lib/python3.11/site-packages/airflow/example_dags/example_kubernetes_executor.py for tasks to queue
[2025-05-04T03:55:52.646-0300] {logging_mixin.py:188} INFO - [2025-05-04T03:55:52.645-0300] {dagbag.py:540} INFO - Filling up the DagBag from /home/facuvega/Descargas/crypto-etl-airflow/airflow-apache/lib/python3.11/site-packages/airflow/example_dags/example_kubernetes_executor.py
[2025-05-04T03:55:52.656-0300] {processor.py:840} INFO - DAG(s) 'example_kubernetes_executor' retrieved from /home/facuvega/Descargas/crypto-etl-airflow/airflow-apache/lib/python3.11/site-packages/airflow/example_dags/example_kubernetes_executor.py
[2025-05-04T03:55:52.681-0300] {logging_mixin.py:188} INFO - [2025-05-04T03:55:52.681-0300] {dag.py:3096} INFO - Sync 1 DAGs
[2025-05-04T03:55:52.690-0300] {logging_mixin.py:188} INFO - [2025-05-04T03:55:52.690-0300] {dag.py:3954} INFO - Setting next_dagrun for example_kubernetes_executor to None, run_after=None
[2025-05-04T03:55:52.703-0300] {processor.py:183} INFO - Processing /home/facuvega/Descargas/crypto-etl-airflow/airflow-apache/lib/python3.11/site-packages/airflow/example_dags/example_kubernetes_executor.py took 0.064 seconds
[2025-05-04T03:56:51.360-0300] {processor.py:161} INFO - Started process (PID=21760) to work on /home/facuvega/Descargas/crypto-etl-airflow/airflow-apache/lib/python3.11/site-packages/airflow/example_dags/example_kubernetes_executor.py
[2025-05-04T03:56:51.361-0300] {processor.py:830} INFO - Processing file /home/facuvega/Descargas/crypto-etl-airflow/airflow-apache/lib/python3.11/site-packages/airflow/example_dags/example_kubernetes_executor.py for tasks to queue
[2025-05-04T03:56:51.363-0300] {logging_mixin.py:188} INFO - [2025-05-04T03:56:51.363-0300] {dagbag.py:540} INFO - Filling up the DagBag from /home/facuvega/Descargas/crypto-etl-airflow/airflow-apache/lib/python3.11/site-packages/airflow/example_dags/example_kubernetes_executor.py
[2025-05-04T03:56:51.382-0300] {processor.py:840} INFO - DAG(s) 'example_kubernetes_executor' retrieved from /home/facuvega/Descargas/crypto-etl-airflow/airflow-apache/lib/python3.11/site-packages/airflow/example_dags/example_kubernetes_executor.py
[2025-05-04T03:56:51.410-0300] {logging_mixin.py:188} INFO - [2025-05-04T03:56:51.410-0300] {dag.py:3096} INFO - Sync 1 DAGs
[2025-05-04T03:56:51.419-0300] {logging_mixin.py:188} INFO - [2025-05-04T03:56:51.418-0300] {dag.py:3954} INFO - Setting next_dagrun for example_kubernetes_executor to None, run_after=None
[2025-05-04T03:56:51.432-0300] {processor.py:183} INFO - Processing /home/facuvega/Descargas/crypto-etl-airflow/airflow-apache/lib/python3.11/site-packages/airflow/example_dags/example_kubernetes_executor.py took 0.077 seconds
[2025-05-04T03:58:29.053-0300] {processor.py:161} INFO - Started process (PID=22652) to work on /home/facuvega/Descargas/crypto-etl-airflow/airflow-apache/lib/python3.11/site-packages/airflow/example_dags/example_kubernetes_executor.py
[2025-05-04T03:58:29.054-0300] {processor.py:830} INFO - Processing file /home/facuvega/Descargas/crypto-etl-airflow/airflow-apache/lib/python3.11/site-packages/airflow/example_dags/example_kubernetes_executor.py for tasks to queue
[2025-05-04T03:58:29.056-0300] {logging_mixin.py:188} INFO - [2025-05-04T03:58:29.055-0300] {dagbag.py:540} INFO - Filling up the DagBag from /home/facuvega/Descargas/crypto-etl-airflow/airflow-apache/lib/python3.11/site-packages/airflow/example_dags/example_kubernetes_executor.py
[2025-05-04T03:58:29.065-0300] {processor.py:840} INFO - DAG(s) 'example_kubernetes_executor' retrieved from /home/facuvega/Descargas/crypto-etl-airflow/airflow-apache/lib/python3.11/site-packages/airflow/example_dags/example_kubernetes_executor.py
[2025-05-04T03:58:29.096-0300] {logging_mixin.py:188} INFO - [2025-05-04T03:58:29.095-0300] {dag.py:3096} INFO - Sync 1 DAGs
[2025-05-04T03:58:29.103-0300] {logging_mixin.py:188} INFO - [2025-05-04T03:58:29.103-0300] {dag.py:3954} INFO - Setting next_dagrun for example_kubernetes_executor to None, run_after=None
[2025-05-04T03:58:29.118-0300] {processor.py:183} INFO - Processing /home/facuvega/Descargas/crypto-etl-airflow/airflow-apache/lib/python3.11/site-packages/airflow/example_dags/example_kubernetes_executor.py took 0.069 seconds
[2025-05-04T03:59:23.344-0300] {processor.py:161} INFO - Started process (PID=22893) to work on /home/facuvega/Descargas/crypto-etl-airflow/airflow-apache/lib/python3.11/site-packages/airflow/example_dags/example_kubernetes_executor.py
[2025-05-04T03:59:23.345-0300] {processor.py:830} INFO - Processing file /home/facuvega/Descargas/crypto-etl-airflow/airflow-apache/lib/python3.11/site-packages/airflow/example_dags/example_kubernetes_executor.py for tasks to queue
[2025-05-04T03:59:23.347-0300] {logging_mixin.py:188} INFO - [2025-05-04T03:59:23.347-0300] {dagbag.py:540} INFO - Filling up the DagBag from /home/facuvega/Descargas/crypto-etl-airflow/airflow-apache/lib/python3.11/site-packages/airflow/example_dags/example_kubernetes_executor.py
[2025-05-04T03:59:23.392-0300] {processor.py:840} INFO - DAG(s) 'example_kubernetes_executor' retrieved from /home/facuvega/Descargas/crypto-etl-airflow/airflow-apache/lib/python3.11/site-packages/airflow/example_dags/example_kubernetes_executor.py
[2025-05-04T03:59:23.437-0300] {logging_mixin.py:188} INFO - [2025-05-04T03:59:23.437-0300] {dag.py:3096} INFO - Sync 1 DAGs
[2025-05-04T03:59:23.446-0300] {logging_mixin.py:188} INFO - [2025-05-04T03:59:23.445-0300] {dag.py:3954} INFO - Setting next_dagrun for example_kubernetes_executor to None, run_after=None
[2025-05-04T03:59:23.458-0300] {processor.py:183} INFO - Processing /home/facuvega/Descargas/crypto-etl-airflow/airflow-apache/lib/python3.11/site-packages/airflow/example_dags/example_kubernetes_executor.py took 0.119 seconds
[2025-05-04T04:00:34.060-0300] {processor.py:161} INFO - Started process (PID=23810) to work on /home/facuvega/Descargas/crypto-etl-airflow/airflow-apache/lib/python3.11/site-packages/airflow/example_dags/example_kubernetes_executor.py
[2025-05-04T04:00:34.062-0300] {processor.py:830} INFO - Processing file /home/facuvega/Descargas/crypto-etl-airflow/airflow-apache/lib/python3.11/site-packages/airflow/example_dags/example_kubernetes_executor.py for tasks to queue
[2025-05-04T04:00:34.065-0300] {logging_mixin.py:188} INFO - [2025-05-04T04:00:34.065-0300] {dagbag.py:540} INFO - Filling up the DagBag from /home/facuvega/Descargas/crypto-etl-airflow/airflow-apache/lib/python3.11/site-packages/airflow/example_dags/example_kubernetes_executor.py
[2025-05-04T04:00:34.089-0300] {processor.py:840} INFO - DAG(s) 'example_kubernetes_executor' retrieved from /home/facuvega/Descargas/crypto-etl-airflow/airflow-apache/lib/python3.11/site-packages/airflow/example_dags/example_kubernetes_executor.py
[2025-05-04T04:00:34.230-0300] {logging_mixin.py:188} INFO - [2025-05-04T04:00:34.230-0300] {dag.py:3096} INFO - Sync 1 DAGs
[2025-05-04T04:00:34.244-0300] {logging_mixin.py:188} INFO - [2025-05-04T04:00:34.243-0300] {dag.py:3954} INFO - Setting next_dagrun for example_kubernetes_executor to None, run_after=None
[2025-05-04T04:00:34.263-0300] {processor.py:183} INFO - Processing /home/facuvega/Descargas/crypto-etl-airflow/airflow-apache/lib/python3.11/site-packages/airflow/example_dags/example_kubernetes_executor.py took 0.215 seconds
[2025-05-04T04:01:29.798-0300] {processor.py:161} INFO - Started process (PID=24060) to work on /home/facuvega/Descargas/crypto-etl-airflow/airflow-apache/lib/python3.11/site-packages/airflow/example_dags/example_kubernetes_executor.py
[2025-05-04T04:01:29.806-0300] {processor.py:830} INFO - Processing file /home/facuvega/Descargas/crypto-etl-airflow/airflow-apache/lib/python3.11/site-packages/airflow/example_dags/example_kubernetes_executor.py for tasks to queue
[2025-05-04T04:01:29.813-0300] {logging_mixin.py:188} INFO - [2025-05-04T04:01:29.812-0300] {dagbag.py:540} INFO - Filling up the DagBag from /home/facuvega/Descargas/crypto-etl-airflow/airflow-apache/lib/python3.11/site-packages/airflow/example_dags/example_kubernetes_executor.py
[2025-05-04T04:01:29.897-0300] {processor.py:840} INFO - DAG(s) 'example_kubernetes_executor' retrieved from /home/facuvega/Descargas/crypto-etl-airflow/airflow-apache/lib/python3.11/site-packages/airflow/example_dags/example_kubernetes_executor.py
[2025-05-04T04:01:29.960-0300] {logging_mixin.py:188} INFO - [2025-05-04T04:01:29.960-0300] {dag.py:3096} INFO - Sync 1 DAGs
[2025-05-04T04:01:29.978-0300] {logging_mixin.py:188} INFO - [2025-05-04T04:01:29.977-0300] {dag.py:3954} INFO - Setting next_dagrun for example_kubernetes_executor to None, run_after=None
[2025-05-04T04:01:30.014-0300] {processor.py:183} INFO - Processing /home/facuvega/Descargas/crypto-etl-airflow/airflow-apache/lib/python3.11/site-packages/airflow/example_dags/example_kubernetes_executor.py took 0.236 seconds
[2025-05-04T04:03:35.276-0300] {processor.py:161} INFO - Started process (PID=25046) to work on /home/facuvega/Descargas/crypto-etl-airflow/airflow-apache/lib/python3.11/site-packages/airflow/example_dags/example_kubernetes_executor.py
[2025-05-04T04:03:35.277-0300] {processor.py:830} INFO - Processing file /home/facuvega/Descargas/crypto-etl-airflow/airflow-apache/lib/python3.11/site-packages/airflow/example_dags/example_kubernetes_executor.py for tasks to queue
[2025-05-04T04:03:35.278-0300] {logging_mixin.py:188} INFO - [2025-05-04T04:03:35.278-0300] {dagbag.py:540} INFO - Filling up the DagBag from /home/facuvega/Descargas/crypto-etl-airflow/airflow-apache/lib/python3.11/site-packages/airflow/example_dags/example_kubernetes_executor.py
[2025-05-04T04:03:35.288-0300] {processor.py:840} INFO - DAG(s) 'example_kubernetes_executor' retrieved from /home/facuvega/Descargas/crypto-etl-airflow/airflow-apache/lib/python3.11/site-packages/airflow/example_dags/example_kubernetes_executor.py
[2025-05-04T04:03:35.318-0300] {logging_mixin.py:188} INFO - [2025-05-04T04:03:35.318-0300] {dag.py:3096} INFO - Sync 1 DAGs
[2025-05-04T04:03:35.326-0300] {logging_mixin.py:188} INFO - [2025-05-04T04:03:35.325-0300] {dag.py:3954} INFO - Setting next_dagrun for example_kubernetes_executor to None, run_after=None
[2025-05-04T04:03:35.338-0300] {processor.py:183} INFO - Processing /home/facuvega/Descargas/crypto-etl-airflow/airflow-apache/lib/python3.11/site-packages/airflow/example_dags/example_kubernetes_executor.py took 0.067 seconds
[2025-05-04T04:04:31.548-0300] {processor.py:161} INFO - Started process (PID=25492) to work on /home/facuvega/Descargas/crypto-etl-airflow/airflow-apache/lib/python3.11/site-packages/airflow/example_dags/example_kubernetes_executor.py
[2025-05-04T04:04:31.549-0300] {processor.py:830} INFO - Processing file /home/facuvega/Descargas/crypto-etl-airflow/airflow-apache/lib/python3.11/site-packages/airflow/example_dags/example_kubernetes_executor.py for tasks to queue
[2025-05-04T04:04:31.551-0300] {logging_mixin.py:188} INFO - [2025-05-04T04:04:31.551-0300] {dagbag.py:540} INFO - Filling up the DagBag from /home/facuvega/Descargas/crypto-etl-airflow/airflow-apache/lib/python3.11/site-packages/airflow/example_dags/example_kubernetes_executor.py
[2025-05-04T04:04:31.566-0300] {processor.py:840} INFO - DAG(s) 'example_kubernetes_executor' retrieved from /home/facuvega/Descargas/crypto-etl-airflow/airflow-apache/lib/python3.11/site-packages/airflow/example_dags/example_kubernetes_executor.py
[2025-05-04T04:04:31.600-0300] {logging_mixin.py:188} INFO - [2025-05-04T04:04:31.600-0300] {dag.py:3096} INFO - Sync 1 DAGs
[2025-05-04T04:04:31.610-0300] {logging_mixin.py:188} INFO - [2025-05-04T04:04:31.610-0300] {dag.py:3954} INFO - Setting next_dagrun for example_kubernetes_executor to None, run_after=None
[2025-05-04T04:04:31.634-0300] {processor.py:183} INFO - Processing /home/facuvega/Descargas/crypto-etl-airflow/airflow-apache/lib/python3.11/site-packages/airflow/example_dags/example_kubernetes_executor.py took 0.092 seconds
[2025-05-04T04:05:56.464-0300] {processor.py:161} INFO - Started process (PID=26447) to work on /home/facuvega/Descargas/crypto-etl-airflow/airflow-apache/lib/python3.11/site-packages/airflow/example_dags/example_kubernetes_executor.py
[2025-05-04T04:05:56.465-0300] {processor.py:830} INFO - Processing file /home/facuvega/Descargas/crypto-etl-airflow/airflow-apache/lib/python3.11/site-packages/airflow/example_dags/example_kubernetes_executor.py for tasks to queue
[2025-05-04T04:05:56.467-0300] {logging_mixin.py:188} INFO - [2025-05-04T04:05:56.467-0300] {dagbag.py:540} INFO - Filling up the DagBag from /home/facuvega/Descargas/crypto-etl-airflow/airflow-apache/lib/python3.11/site-packages/airflow/example_dags/example_kubernetes_executor.py
[2025-05-04T04:05:56.480-0300] {processor.py:840} INFO - DAG(s) 'example_kubernetes_executor' retrieved from /home/facuvega/Descargas/crypto-etl-airflow/airflow-apache/lib/python3.11/site-packages/airflow/example_dags/example_kubernetes_executor.py
[2025-05-04T04:05:56.507-0300] {logging_mixin.py:188} INFO - [2025-05-04T04:05:56.506-0300] {dag.py:3096} INFO - Sync 1 DAGs
[2025-05-04T04:05:56.515-0300] {logging_mixin.py:188} INFO - [2025-05-04T04:05:56.515-0300] {dag.py:3954} INFO - Setting next_dagrun for example_kubernetes_executor to None, run_after=None
[2025-05-04T04:05:56.527-0300] {processor.py:183} INFO - Processing /home/facuvega/Descargas/crypto-etl-airflow/airflow-apache/lib/python3.11/site-packages/airflow/example_dags/example_kubernetes_executor.py took 0.068 seconds
[2025-05-04T04:06:46.539-0300] {processor.py:161} INFO - Started process (PID=26745) to work on /home/facuvega/Descargas/crypto-etl-airflow/airflow-apache/lib/python3.11/site-packages/airflow/example_dags/example_kubernetes_executor.py
[2025-05-04T04:06:46.540-0300] {processor.py:830} INFO - Processing file /home/facuvega/Descargas/crypto-etl-airflow/airflow-apache/lib/python3.11/site-packages/airflow/example_dags/example_kubernetes_executor.py for tasks to queue
[2025-05-04T04:06:46.541-0300] {logging_mixin.py:188} INFO - [2025-05-04T04:06:46.541-0300] {dagbag.py:540} INFO - Filling up the DagBag from /home/facuvega/Descargas/crypto-etl-airflow/airflow-apache/lib/python3.11/site-packages/airflow/example_dags/example_kubernetes_executor.py
[2025-05-04T04:06:46.564-0300] {processor.py:840} INFO - DAG(s) 'example_kubernetes_executor' retrieved from /home/facuvega/Descargas/crypto-etl-airflow/airflow-apache/lib/python3.11/site-packages/airflow/example_dags/example_kubernetes_executor.py
[2025-05-04T04:06:46.600-0300] {logging_mixin.py:188} INFO - [2025-05-04T04:06:46.600-0300] {dag.py:3096} INFO - Sync 1 DAGs
[2025-05-04T04:06:46.609-0300] {logging_mixin.py:188} INFO - [2025-05-04T04:06:46.609-0300] {dag.py:3954} INFO - Setting next_dagrun for example_kubernetes_executor to None, run_after=None
[2025-05-04T04:06:46.625-0300] {processor.py:183} INFO - Processing /home/facuvega/Descargas/crypto-etl-airflow/airflow-apache/lib/python3.11/site-packages/airflow/example_dags/example_kubernetes_executor.py took 0.092 seconds
[2025-05-04T04:07:53.303-0300] {processor.py:161} INFO - Started process (PID=27098) to work on /home/facuvega/Descargas/crypto-etl-airflow/airflow-apache/lib/python3.11/site-packages/airflow/example_dags/example_kubernetes_executor.py
[2025-05-04T04:07:53.304-0300] {processor.py:830} INFO - Processing file /home/facuvega/Descargas/crypto-etl-airflow/airflow-apache/lib/python3.11/site-packages/airflow/example_dags/example_kubernetes_executor.py for tasks to queue
[2025-05-04T04:07:53.309-0300] {logging_mixin.py:188} INFO - [2025-05-04T04:07:53.309-0300] {dagbag.py:540} INFO - Filling up the DagBag from /home/facuvega/Descargas/crypto-etl-airflow/airflow-apache/lib/python3.11/site-packages/airflow/example_dags/example_kubernetes_executor.py
[2025-05-04T04:07:53.332-0300] {processor.py:840} INFO - DAG(s) 'example_kubernetes_executor' retrieved from /home/facuvega/Descargas/crypto-etl-airflow/airflow-apache/lib/python3.11/site-packages/airflow/example_dags/example_kubernetes_executor.py
[2025-05-04T04:07:53.388-0300] {logging_mixin.py:188} INFO - [2025-05-04T04:07:53.388-0300] {dag.py:3096} INFO - Sync 1 DAGs
[2025-05-04T04:07:53.405-0300] {logging_mixin.py:188} INFO - [2025-05-04T04:07:53.404-0300] {dag.py:3954} INFO - Setting next_dagrun for example_kubernetes_executor to None, run_after=None
[2025-05-04T04:07:53.426-0300] {processor.py:183} INFO - Processing /home/facuvega/Descargas/crypto-etl-airflow/airflow-apache/lib/python3.11/site-packages/airflow/example_dags/example_kubernetes_executor.py took 0.138 seconds
[2025-05-04T04:10:45.254-0300] {processor.py:161} INFO - Started process (PID=28986) to work on /home/facuvega/Descargas/crypto-etl-airflow/airflow-apache/lib/python3.11/site-packages/airflow/example_dags/example_kubernetes_executor.py
[2025-05-04T04:10:45.255-0300] {processor.py:830} INFO - Processing file /home/facuvega/Descargas/crypto-etl-airflow/airflow-apache/lib/python3.11/site-packages/airflow/example_dags/example_kubernetes_executor.py for tasks to queue
[2025-05-04T04:10:45.257-0300] {logging_mixin.py:188} INFO - [2025-05-04T04:10:45.256-0300] {dagbag.py:540} INFO - Filling up the DagBag from /home/facuvega/Descargas/crypto-etl-airflow/airflow-apache/lib/python3.11/site-packages/airflow/example_dags/example_kubernetes_executor.py
[2025-05-04T04:10:45.269-0300] {processor.py:840} INFO - DAG(s) 'example_kubernetes_executor' retrieved from /home/facuvega/Descargas/crypto-etl-airflow/airflow-apache/lib/python3.11/site-packages/airflow/example_dags/example_kubernetes_executor.py
[2025-05-04T04:10:45.308-0300] {logging_mixin.py:188} INFO - [2025-05-04T04:10:45.308-0300] {dag.py:3096} INFO - Sync 1 DAGs
[2025-05-04T04:10:45.318-0300] {logging_mixin.py:188} INFO - [2025-05-04T04:10:45.317-0300] {dag.py:3954} INFO - Setting next_dagrun for example_kubernetes_executor to None, run_after=None
[2025-05-04T04:10:45.331-0300] {processor.py:183} INFO - Processing /home/facuvega/Descargas/crypto-etl-airflow/airflow-apache/lib/python3.11/site-packages/airflow/example_dags/example_kubernetes_executor.py took 0.083 seconds
[2025-05-04T04:11:39.078-0300] {processor.py:161} INFO - Started process (PID=29301) to work on /home/facuvega/Descargas/crypto-etl-airflow/airflow-apache/lib/python3.11/site-packages/airflow/example_dags/example_kubernetes_executor.py
[2025-05-04T04:11:39.078-0300] {processor.py:830} INFO - Processing file /home/facuvega/Descargas/crypto-etl-airflow/airflow-apache/lib/python3.11/site-packages/airflow/example_dags/example_kubernetes_executor.py for tasks to queue
[2025-05-04T04:11:39.080-0300] {logging_mixin.py:188} INFO - [2025-05-04T04:11:39.080-0300] {dagbag.py:540} INFO - Filling up the DagBag from /home/facuvega/Descargas/crypto-etl-airflow/airflow-apache/lib/python3.11/site-packages/airflow/example_dags/example_kubernetes_executor.py
[2025-05-04T04:11:39.089-0300] {processor.py:840} INFO - DAG(s) 'example_kubernetes_executor' retrieved from /home/facuvega/Descargas/crypto-etl-airflow/airflow-apache/lib/python3.11/site-packages/airflow/example_dags/example_kubernetes_executor.py
[2025-05-04T04:11:39.135-0300] {logging_mixin.py:188} INFO - [2025-05-04T04:11:39.134-0300] {dag.py:3096} INFO - Sync 1 DAGs
[2025-05-04T04:11:39.147-0300] {logging_mixin.py:188} INFO - [2025-05-04T04:11:39.147-0300] {dag.py:3954} INFO - Setting next_dagrun for example_kubernetes_executor to None, run_after=None
[2025-05-04T04:11:39.170-0300] {processor.py:183} INFO - Processing /home/facuvega/Descargas/crypto-etl-airflow/airflow-apache/lib/python3.11/site-packages/airflow/example_dags/example_kubernetes_executor.py took 0.098 seconds
[2025-05-04T04:12:34.102-0300] {processor.py:161} INFO - Started process (PID=29550) to work on /home/facuvega/Descargas/crypto-etl-airflow/airflow-apache/lib/python3.11/site-packages/airflow/example_dags/example_kubernetes_executor.py
[2025-05-04T04:12:34.103-0300] {processor.py:830} INFO - Processing file /home/facuvega/Descargas/crypto-etl-airflow/airflow-apache/lib/python3.11/site-packages/airflow/example_dags/example_kubernetes_executor.py for tasks to queue
[2025-05-04T04:12:34.104-0300] {logging_mixin.py:188} INFO - [2025-05-04T04:12:34.104-0300] {dagbag.py:540} INFO - Filling up the DagBag from /home/facuvega/Descargas/crypto-etl-airflow/airflow-apache/lib/python3.11/site-packages/airflow/example_dags/example_kubernetes_executor.py
[2025-05-04T04:12:34.114-0300] {processor.py:840} INFO - DAG(s) 'example_kubernetes_executor' retrieved from /home/facuvega/Descargas/crypto-etl-airflow/airflow-apache/lib/python3.11/site-packages/airflow/example_dags/example_kubernetes_executor.py
[2025-05-04T04:12:34.140-0300] {logging_mixin.py:188} INFO - [2025-05-04T04:12:34.140-0300] {dag.py:3096} INFO - Sync 1 DAGs
[2025-05-04T04:12:34.149-0300] {logging_mixin.py:188} INFO - [2025-05-04T04:12:34.149-0300] {dag.py:3954} INFO - Setting next_dagrun for example_kubernetes_executor to None, run_after=None
[2025-05-04T04:12:34.163-0300] {processor.py:183} INFO - Processing /home/facuvega/Descargas/crypto-etl-airflow/airflow-apache/lib/python3.11/site-packages/airflow/example_dags/example_kubernetes_executor.py took 0.066 seconds
[2025-05-04T04:13:20.300-0300] {processor.py:161} INFO - Started process (PID=29761) to work on /home/facuvega/Descargas/crypto-etl-airflow/airflow-apache/lib/python3.11/site-packages/airflow/example_dags/example_kubernetes_executor.py
[2025-05-04T04:13:20.302-0300] {processor.py:830} INFO - Processing file /home/facuvega/Descargas/crypto-etl-airflow/airflow-apache/lib/python3.11/site-packages/airflow/example_dags/example_kubernetes_executor.py for tasks to queue
[2025-05-04T04:13:20.303-0300] {logging_mixin.py:188} INFO - [2025-05-04T04:13:20.303-0300] {dagbag.py:540} INFO - Filling up the DagBag from /home/facuvega/Descargas/crypto-etl-airflow/airflow-apache/lib/python3.11/site-packages/airflow/example_dags/example_kubernetes_executor.py
[2025-05-04T04:13:20.313-0300] {processor.py:840} INFO - DAG(s) 'example_kubernetes_executor' retrieved from /home/facuvega/Descargas/crypto-etl-airflow/airflow-apache/lib/python3.11/site-packages/airflow/example_dags/example_kubernetes_executor.py
[2025-05-04T04:13:20.336-0300] {logging_mixin.py:188} INFO - [2025-05-04T04:13:20.336-0300] {dag.py:3096} INFO - Sync 1 DAGs
[2025-05-04T04:13:20.344-0300] {logging_mixin.py:188} INFO - [2025-05-04T04:13:20.344-0300] {dag.py:3954} INFO - Setting next_dagrun for example_kubernetes_executor to None, run_after=None
[2025-05-04T04:13:20.356-0300] {processor.py:183} INFO - Processing /home/facuvega/Descargas/crypto-etl-airflow/airflow-apache/lib/python3.11/site-packages/airflow/example_dags/example_kubernetes_executor.py took 0.061 seconds
[2025-05-04T04:14:21.845-0300] {processor.py:161} INFO - Started process (PID=30032) to work on /home/facuvega/Descargas/crypto-etl-airflow/airflow-apache/lib/python3.11/site-packages/airflow/example_dags/example_kubernetes_executor.py
[2025-05-04T04:14:21.846-0300] {processor.py:830} INFO - Processing file /home/facuvega/Descargas/crypto-etl-airflow/airflow-apache/lib/python3.11/site-packages/airflow/example_dags/example_kubernetes_executor.py for tasks to queue
[2025-05-04T04:14:21.848-0300] {logging_mixin.py:188} INFO - [2025-05-04T04:14:21.847-0300] {dagbag.py:540} INFO - Filling up the DagBag from /home/facuvega/Descargas/crypto-etl-airflow/airflow-apache/lib/python3.11/site-packages/airflow/example_dags/example_kubernetes_executor.py
[2025-05-04T04:14:21.857-0300] {processor.py:840} INFO - DAG(s) 'example_kubernetes_executor' retrieved from /home/facuvega/Descargas/crypto-etl-airflow/airflow-apache/lib/python3.11/site-packages/airflow/example_dags/example_kubernetes_executor.py
[2025-05-04T04:14:21.880-0300] {logging_mixin.py:188} INFO - [2025-05-04T04:14:21.880-0300] {dag.py:3096} INFO - Sync 1 DAGs
[2025-05-04T04:14:21.889-0300] {logging_mixin.py:188} INFO - [2025-05-04T04:14:21.889-0300] {dag.py:3954} INFO - Setting next_dagrun for example_kubernetes_executor to None, run_after=None
[2025-05-04T04:14:21.902-0300] {processor.py:183} INFO - Processing /home/facuvega/Descargas/crypto-etl-airflow/airflow-apache/lib/python3.11/site-packages/airflow/example_dags/example_kubernetes_executor.py took 0.061 seconds
[2025-05-04T04:15:31.544-0300] {processor.py:161} INFO - Started process (PID=30470) to work on /home/facuvega/Descargas/crypto-etl-airflow/airflow-apache/lib/python3.11/site-packages/airflow/example_dags/example_kubernetes_executor.py
[2025-05-04T04:15:31.545-0300] {processor.py:830} INFO - Processing file /home/facuvega/Descargas/crypto-etl-airflow/airflow-apache/lib/python3.11/site-packages/airflow/example_dags/example_kubernetes_executor.py for tasks to queue
[2025-05-04T04:15:31.546-0300] {logging_mixin.py:188} INFO - [2025-05-04T04:15:31.546-0300] {dagbag.py:540} INFO - Filling up the DagBag from /home/facuvega/Descargas/crypto-etl-airflow/airflow-apache/lib/python3.11/site-packages/airflow/example_dags/example_kubernetes_executor.py
[2025-05-04T04:15:31.558-0300] {processor.py:840} INFO - DAG(s) 'example_kubernetes_executor' retrieved from /home/facuvega/Descargas/crypto-etl-airflow/airflow-apache/lib/python3.11/site-packages/airflow/example_dags/example_kubernetes_executor.py
[2025-05-04T04:15:31.588-0300] {logging_mixin.py:188} INFO - [2025-05-04T04:15:31.587-0300] {dag.py:3096} INFO - Sync 1 DAGs
[2025-05-04T04:15:31.597-0300] {logging_mixin.py:188} INFO - [2025-05-04T04:15:31.597-0300] {dag.py:3954} INFO - Setting next_dagrun for example_kubernetes_executor to None, run_after=None
[2025-05-04T04:15:31.615-0300] {processor.py:183} INFO - Processing /home/facuvega/Descargas/crypto-etl-airflow/airflow-apache/lib/python3.11/site-packages/airflow/example_dags/example_kubernetes_executor.py took 0.076 seconds
[2025-05-04T04:16:23.431-0300] {processor.py:161} INFO - Started process (PID=30699) to work on /home/facuvega/Descargas/crypto-etl-airflow/airflow-apache/lib/python3.11/site-packages/airflow/example_dags/example_kubernetes_executor.py
[2025-05-04T04:16:23.432-0300] {processor.py:830} INFO - Processing file /home/facuvega/Descargas/crypto-etl-airflow/airflow-apache/lib/python3.11/site-packages/airflow/example_dags/example_kubernetes_executor.py for tasks to queue
[2025-05-04T04:16:23.433-0300] {logging_mixin.py:188} INFO - [2025-05-04T04:16:23.433-0300] {dagbag.py:540} INFO - Filling up the DagBag from /home/facuvega/Descargas/crypto-etl-airflow/airflow-apache/lib/python3.11/site-packages/airflow/example_dags/example_kubernetes_executor.py
[2025-05-04T04:16:23.446-0300] {processor.py:840} INFO - DAG(s) 'example_kubernetes_executor' retrieved from /home/facuvega/Descargas/crypto-etl-airflow/airflow-apache/lib/python3.11/site-packages/airflow/example_dags/example_kubernetes_executor.py
[2025-05-04T04:16:23.471-0300] {logging_mixin.py:188} INFO - [2025-05-04T04:16:23.471-0300] {dag.py:3096} INFO - Sync 1 DAGs
[2025-05-04T04:16:23.479-0300] {logging_mixin.py:188} INFO - [2025-05-04T04:16:23.479-0300] {dag.py:3954} INFO - Setting next_dagrun for example_kubernetes_executor to None, run_after=None
[2025-05-04T04:16:23.493-0300] {processor.py:183} INFO - Processing /home/facuvega/Descargas/crypto-etl-airflow/airflow-apache/lib/python3.11/site-packages/airflow/example_dags/example_kubernetes_executor.py took 0.067 seconds
[2025-05-04T04:17:28.209-0300] {processor.py:161} INFO - Started process (PID=31354) to work on /home/facuvega/Descargas/crypto-etl-airflow/airflow-apache/lib/python3.11/site-packages/airflow/example_dags/example_kubernetes_executor.py
[2025-05-04T04:17:28.210-0300] {processor.py:830} INFO - Processing file /home/facuvega/Descargas/crypto-etl-airflow/airflow-apache/lib/python3.11/site-packages/airflow/example_dags/example_kubernetes_executor.py for tasks to queue
[2025-05-04T04:17:28.212-0300] {logging_mixin.py:188} INFO - [2025-05-04T04:17:28.211-0300] {dagbag.py:540} INFO - Filling up the DagBag from /home/facuvega/Descargas/crypto-etl-airflow/airflow-apache/lib/python3.11/site-packages/airflow/example_dags/example_kubernetes_executor.py
[2025-05-04T04:17:28.245-0300] {processor.py:840} INFO - DAG(s) 'example_kubernetes_executor' retrieved from /home/facuvega/Descargas/crypto-etl-airflow/airflow-apache/lib/python3.11/site-packages/airflow/example_dags/example_kubernetes_executor.py
[2025-05-04T04:17:28.282-0300] {logging_mixin.py:188} INFO - [2025-05-04T04:17:28.282-0300] {dag.py:3096} INFO - Sync 1 DAGs
[2025-05-04T04:17:28.290-0300] {logging_mixin.py:188} INFO - [2025-05-04T04:17:28.290-0300] {dag.py:3954} INFO - Setting next_dagrun for example_kubernetes_executor to None, run_after=None
[2025-05-04T04:17:28.304-0300] {processor.py:183} INFO - Processing /home/facuvega/Descargas/crypto-etl-airflow/airflow-apache/lib/python3.11/site-packages/airflow/example_dags/example_kubernetes_executor.py took 0.101 seconds
[2025-05-04T04:18:58.306-0300] {processor.py:161} INFO - Started process (PID=32344) to work on /home/facuvega/Descargas/crypto-etl-airflow/airflow-apache/lib/python3.11/site-packages/airflow/example_dags/example_kubernetes_executor.py
[2025-05-04T04:18:58.307-0300] {processor.py:830} INFO - Processing file /home/facuvega/Descargas/crypto-etl-airflow/airflow-apache/lib/python3.11/site-packages/airflow/example_dags/example_kubernetes_executor.py for tasks to queue
[2025-05-04T04:18:58.311-0300] {logging_mixin.py:188} INFO - [2025-05-04T04:18:58.310-0300] {dagbag.py:540} INFO - Filling up the DagBag from /home/facuvega/Descargas/crypto-etl-airflow/airflow-apache/lib/python3.11/site-packages/airflow/example_dags/example_kubernetes_executor.py
[2025-05-04T04:18:58.487-0300] {processor.py:840} INFO - DAG(s) 'example_kubernetes_executor' retrieved from /home/facuvega/Descargas/crypto-etl-airflow/airflow-apache/lib/python3.11/site-packages/airflow/example_dags/example_kubernetes_executor.py
[2025-05-04T04:18:58.636-0300] {logging_mixin.py:188} INFO - [2025-05-04T04:18:58.636-0300] {dag.py:3096} INFO - Sync 1 DAGs
[2025-05-04T04:18:58.723-0300] {logging_mixin.py:188} INFO - [2025-05-04T04:18:58.723-0300] {dag.py:3954} INFO - Setting next_dagrun for example_kubernetes_executor to None, run_after=None
[2025-05-04T04:18:58.879-0300] {processor.py:183} INFO - Processing /home/facuvega/Descargas/crypto-etl-airflow/airflow-apache/lib/python3.11/site-packages/airflow/example_dags/example_kubernetes_executor.py took 0.586 seconds
[2025-05-04T04:20:01.164-0300] {processor.py:161} INFO - Started process (PID=32920) to work on /home/facuvega/Descargas/crypto-etl-airflow/airflow-apache/lib/python3.11/site-packages/airflow/example_dags/example_kubernetes_executor.py
[2025-05-04T04:20:01.165-0300] {processor.py:830} INFO - Processing file /home/facuvega/Descargas/crypto-etl-airflow/airflow-apache/lib/python3.11/site-packages/airflow/example_dags/example_kubernetes_executor.py for tasks to queue
[2025-05-04T04:20:01.168-0300] {logging_mixin.py:188} INFO - [2025-05-04T04:20:01.168-0300] {dagbag.py:540} INFO - Filling up the DagBag from /home/facuvega/Descargas/crypto-etl-airflow/airflow-apache/lib/python3.11/site-packages/airflow/example_dags/example_kubernetes_executor.py
[2025-05-04T04:20:01.196-0300] {processor.py:840} INFO - DAG(s) 'example_kubernetes_executor' retrieved from /home/facuvega/Descargas/crypto-etl-airflow/airflow-apache/lib/python3.11/site-packages/airflow/example_dags/example_kubernetes_executor.py
[2025-05-04T04:20:01.230-0300] {logging_mixin.py:188} INFO - [2025-05-04T04:20:01.230-0300] {dag.py:3096} INFO - Sync 1 DAGs
[2025-05-04T04:20:01.239-0300] {logging_mixin.py:188} INFO - [2025-05-04T04:20:01.239-0300] {dag.py:3954} INFO - Setting next_dagrun for example_kubernetes_executor to None, run_after=None
[2025-05-04T04:20:01.253-0300] {processor.py:183} INFO - Processing /home/facuvega/Descargas/crypto-etl-airflow/airflow-apache/lib/python3.11/site-packages/airflow/example_dags/example_kubernetes_executor.py took 0.094 seconds
[2025-05-04T04:20:52.017-0300] {processor.py:161} INFO - Started process (PID=33152) to work on /home/facuvega/Descargas/crypto-etl-airflow/airflow-apache/lib/python3.11/site-packages/airflow/example_dags/example_kubernetes_executor.py
[2025-05-04T04:20:52.018-0300] {processor.py:830} INFO - Processing file /home/facuvega/Descargas/crypto-etl-airflow/airflow-apache/lib/python3.11/site-packages/airflow/example_dags/example_kubernetes_executor.py for tasks to queue
[2025-05-04T04:20:52.020-0300] {logging_mixin.py:188} INFO - [2025-05-04T04:20:52.020-0300] {dagbag.py:540} INFO - Filling up the DagBag from /home/facuvega/Descargas/crypto-etl-airflow/airflow-apache/lib/python3.11/site-packages/airflow/example_dags/example_kubernetes_executor.py
[2025-05-04T04:20:52.035-0300] {processor.py:840} INFO - DAG(s) 'example_kubernetes_executor' retrieved from /home/facuvega/Descargas/crypto-etl-airflow/airflow-apache/lib/python3.11/site-packages/airflow/example_dags/example_kubernetes_executor.py
[2025-05-04T04:20:52.062-0300] {logging_mixin.py:188} INFO - [2025-05-04T04:20:52.062-0300] {dag.py:3096} INFO - Sync 1 DAGs
[2025-05-04T04:20:52.073-0300] {logging_mixin.py:188} INFO - [2025-05-04T04:20:52.073-0300] {dag.py:3954} INFO - Setting next_dagrun for example_kubernetes_executor to None, run_after=None
[2025-05-04T04:20:52.087-0300] {processor.py:183} INFO - Processing /home/facuvega/Descargas/crypto-etl-airflow/airflow-apache/lib/python3.11/site-packages/airflow/example_dags/example_kubernetes_executor.py took 0.078 seconds
[2025-05-04T04:22:37.019-0300] {processor.py:161} INFO - Started process (PID=34086) to work on /home/facuvega/Descargas/crypto-etl-airflow/airflow-apache/lib/python3.11/site-packages/airflow/example_dags/example_kubernetes_executor.py
[2025-05-04T04:22:37.021-0300] {processor.py:830} INFO - Processing file /home/facuvega/Descargas/crypto-etl-airflow/airflow-apache/lib/python3.11/site-packages/airflow/example_dags/example_kubernetes_executor.py for tasks to queue
[2025-05-04T04:22:37.023-0300] {logging_mixin.py:188} INFO - [2025-05-04T04:22:37.023-0300] {dagbag.py:540} INFO - Filling up the DagBag from /home/facuvega/Descargas/crypto-etl-airflow/airflow-apache/lib/python3.11/site-packages/airflow/example_dags/example_kubernetes_executor.py
[2025-05-04T04:22:37.041-0300] {processor.py:840} INFO - DAG(s) 'example_kubernetes_executor' retrieved from /home/facuvega/Descargas/crypto-etl-airflow/airflow-apache/lib/python3.11/site-packages/airflow/example_dags/example_kubernetes_executor.py
[2025-05-04T04:22:37.095-0300] {logging_mixin.py:188} INFO - [2025-05-04T04:22:37.094-0300] {dag.py:3096} INFO - Sync 1 DAGs
[2025-05-04T04:22:37.104-0300] {logging_mixin.py:188} INFO - [2025-05-04T04:22:37.104-0300] {dag.py:3954} INFO - Setting next_dagrun for example_kubernetes_executor to None, run_after=None
[2025-05-04T04:22:37.121-0300] {processor.py:183} INFO - Processing /home/facuvega/Descargas/crypto-etl-airflow/airflow-apache/lib/python3.11/site-packages/airflow/example_dags/example_kubernetes_executor.py took 0.112 seconds
[2025-05-04T04:24:13.125-0300] {processor.py:161} INFO - Started process (PID=35285) to work on /home/facuvega/Descargas/crypto-etl-airflow/airflow-apache/lib/python3.11/site-packages/airflow/example_dags/example_kubernetes_executor.py
[2025-05-04T04:24:13.127-0300] {processor.py:830} INFO - Processing file /home/facuvega/Descargas/crypto-etl-airflow/airflow-apache/lib/python3.11/site-packages/airflow/example_dags/example_kubernetes_executor.py for tasks to queue
[2025-05-04T04:24:13.130-0300] {logging_mixin.py:188} INFO - [2025-05-04T04:24:13.129-0300] {dagbag.py:540} INFO - Filling up the DagBag from /home/facuvega/Descargas/crypto-etl-airflow/airflow-apache/lib/python3.11/site-packages/airflow/example_dags/example_kubernetes_executor.py
[2025-05-04T04:24:13.173-0300] {processor.py:840} INFO - DAG(s) 'example_kubernetes_executor' retrieved from /home/facuvega/Descargas/crypto-etl-airflow/airflow-apache/lib/python3.11/site-packages/airflow/example_dags/example_kubernetes_executor.py
[2025-05-04T04:24:13.219-0300] {logging_mixin.py:188} INFO - [2025-05-04T04:24:13.219-0300] {dag.py:3096} INFO - Sync 1 DAGs
[2025-05-04T04:24:13.230-0300] {logging_mixin.py:188} INFO - [2025-05-04T04:24:13.230-0300] {dag.py:3954} INFO - Setting next_dagrun for example_kubernetes_executor to None, run_after=None
[2025-05-04T04:24:13.249-0300] {processor.py:183} INFO - Processing /home/facuvega/Descargas/crypto-etl-airflow/airflow-apache/lib/python3.11/site-packages/airflow/example_dags/example_kubernetes_executor.py took 0.131 seconds
