[2025-05-04T03:50:56.023-0300] {processor.py:161} INFO - Started process (PID=19690) to work on /home/facuvega/Descargas/crypto-etl-airflow/airflow-apache/lib/python3.11/site-packages/airflow/example_dags/example_python_decorator.py
[2025-05-04T03:50:56.024-0300] {processor.py:830} INFO - Processing file /home/facuvega/Descargas/crypto-etl-airflow/airflow-apache/lib/python3.11/site-packages/airflow/example_dags/example_python_decorator.py for tasks to queue
[2025-05-04T03:50:56.025-0300] {logging_mixin.py:188} INFO - [2025-05-04T03:50:56.025-0300] {dagbag.py:540} INFO - Filling up the DagBag from /home/facuvega/Descargas/crypto-etl-airflow/airflow-apache/lib/python3.11/site-packages/airflow/example_dags/example_python_decorator.py
[2025-05-04T03:50:56.036-0300] {processor.py:840} INFO - DAG(s) 'example_python_decorator' retrieved from /home/facuvega/Descargas/crypto-etl-airflow/airflow-apache/lib/python3.11/site-packages/airflow/example_dags/example_python_decorator.py
[2025-05-04T03:50:56.104-0300] {logging_mixin.py:188} INFO - [2025-05-04T03:50:56.103-0300] {dag.py:3096} INFO - Sync 1 DAGs
[2025-05-04T03:50:56.110-0300] {logging_mixin.py:188} INFO - [2025-05-04T03:50:56.110-0300] {dag.py:3954} INFO - Setting next_dagrun for example_python_decorator to None, run_after=None
[2025-05-04T03:50:56.123-0300] {processor.py:183} INFO - Processing /home/facuvega/Descargas/crypto-etl-airflow/airflow-apache/lib/python3.11/site-packages/airflow/example_dags/example_python_decorator.py took 0.105 seconds
[2025-05-04T03:51:47.644-0300] {processor.py:161} INFO - Started process (PID=19916) to work on /home/facuvega/Descargas/crypto-etl-airflow/airflow-apache/lib/python3.11/site-packages/airflow/example_dags/example_python_decorator.py
[2025-05-04T03:51:47.645-0300] {processor.py:830} INFO - Processing file /home/facuvega/Descargas/crypto-etl-airflow/airflow-apache/lib/python3.11/site-packages/airflow/example_dags/example_python_decorator.py for tasks to queue
[2025-05-04T03:51:47.646-0300] {logging_mixin.py:188} INFO - [2025-05-04T03:51:47.646-0300] {dagbag.py:540} INFO - Filling up the DagBag from /home/facuvega/Descargas/crypto-etl-airflow/airflow-apache/lib/python3.11/site-packages/airflow/example_dags/example_python_decorator.py
[2025-05-04T03:51:47.657-0300] {processor.py:840} INFO - DAG(s) 'example_python_decorator' retrieved from /home/facuvega/Descargas/crypto-etl-airflow/airflow-apache/lib/python3.11/site-packages/airflow/example_dags/example_python_decorator.py
[2025-05-04T03:51:47.671-0300] {logging_mixin.py:188} INFO - [2025-05-04T03:51:47.670-0300] {dag.py:3096} INFO - Sync 1 DAGs
[2025-05-04T03:51:47.678-0300] {logging_mixin.py:188} INFO - [2025-05-04T03:51:47.678-0300] {dag.py:3954} INFO - Setting next_dagrun for example_python_decorator to None, run_after=None
[2025-05-04T03:51:47.693-0300] {processor.py:183} INFO - Processing /home/facuvega/Descargas/crypto-etl-airflow/airflow-apache/lib/python3.11/site-packages/airflow/example_dags/example_python_decorator.py took 0.054 seconds
[2025-05-04T03:52:39.323-0300] {processor.py:161} INFO - Started process (PID=20174) to work on /home/facuvega/Descargas/crypto-etl-airflow/airflow-apache/lib/python3.11/site-packages/airflow/example_dags/example_python_decorator.py
[2025-05-04T03:52:39.324-0300] {processor.py:830} INFO - Processing file /home/facuvega/Descargas/crypto-etl-airflow/airflow-apache/lib/python3.11/site-packages/airflow/example_dags/example_python_decorator.py for tasks to queue
[2025-05-04T03:52:39.325-0300] {logging_mixin.py:188} INFO - [2025-05-04T03:52:39.325-0300] {dagbag.py:540} INFO - Filling up the DagBag from /home/facuvega/Descargas/crypto-etl-airflow/airflow-apache/lib/python3.11/site-packages/airflow/example_dags/example_python_decorator.py
[2025-05-04T03:52:39.335-0300] {processor.py:840} INFO - DAG(s) 'example_python_decorator' retrieved from /home/facuvega/Descargas/crypto-etl-airflow/airflow-apache/lib/python3.11/site-packages/airflow/example_dags/example_python_decorator.py
[2025-05-04T03:52:39.348-0300] {logging_mixin.py:188} INFO - [2025-05-04T03:52:39.348-0300] {dag.py:3096} INFO - Sync 1 DAGs
[2025-05-04T03:52:39.356-0300] {logging_mixin.py:188} INFO - [2025-05-04T03:52:39.355-0300] {dag.py:3954} INFO - Setting next_dagrun for example_python_decorator to None, run_after=None
[2025-05-04T03:52:39.368-0300] {processor.py:183} INFO - Processing /home/facuvega/Descargas/crypto-etl-airflow/airflow-apache/lib/python3.11/site-packages/airflow/example_dags/example_python_decorator.py took 0.050 seconds
[2025-05-04T03:53:26.262-0300] {processor.py:161} INFO - Started process (PID=20608) to work on /home/facuvega/Descargas/crypto-etl-airflow/airflow-apache/lib/python3.11/site-packages/airflow/example_dags/example_python_decorator.py
[2025-05-04T03:53:26.263-0300] {processor.py:830} INFO - Processing file /home/facuvega/Descargas/crypto-etl-airflow/airflow-apache/lib/python3.11/site-packages/airflow/example_dags/example_python_decorator.py for tasks to queue
[2025-05-04T03:53:26.265-0300] {logging_mixin.py:188} INFO - [2025-05-04T03:53:26.265-0300] {dagbag.py:540} INFO - Filling up the DagBag from /home/facuvega/Descargas/crypto-etl-airflow/airflow-apache/lib/python3.11/site-packages/airflow/example_dags/example_python_decorator.py
[2025-05-04T03:53:26.278-0300] {processor.py:840} INFO - DAG(s) 'example_python_decorator' retrieved from /home/facuvega/Descargas/crypto-etl-airflow/airflow-apache/lib/python3.11/site-packages/airflow/example_dags/example_python_decorator.py
[2025-05-04T03:53:26.293-0300] {logging_mixin.py:188} INFO - [2025-05-04T03:53:26.293-0300] {dag.py:3096} INFO - Sync 1 DAGs
[2025-05-04T03:53:26.303-0300] {logging_mixin.py:188} INFO - [2025-05-04T03:53:26.303-0300] {dag.py:3954} INFO - Setting next_dagrun for example_python_decorator to None, run_after=None
[2025-05-04T03:53:26.319-0300] {processor.py:183} INFO - Processing /home/facuvega/Descargas/crypto-etl-airflow/airflow-apache/lib/python3.11/site-packages/airflow/example_dags/example_python_decorator.py took 0.063 seconds
[2025-05-04T03:54:16.828-0300] {processor.py:161} INFO - Started process (PID=20950) to work on /home/facuvega/Descargas/crypto-etl-airflow/airflow-apache/lib/python3.11/site-packages/airflow/example_dags/example_python_decorator.py
[2025-05-04T03:54:16.829-0300] {processor.py:830} INFO - Processing file /home/facuvega/Descargas/crypto-etl-airflow/airflow-apache/lib/python3.11/site-packages/airflow/example_dags/example_python_decorator.py for tasks to queue
[2025-05-04T03:54:16.831-0300] {logging_mixin.py:188} INFO - [2025-05-04T03:54:16.830-0300] {dagbag.py:540} INFO - Filling up the DagBag from /home/facuvega/Descargas/crypto-etl-airflow/airflow-apache/lib/python3.11/site-packages/airflow/example_dags/example_python_decorator.py
[2025-05-04T03:54:16.849-0300] {processor.py:840} INFO - DAG(s) 'example_python_decorator' retrieved from /home/facuvega/Descargas/crypto-etl-airflow/airflow-apache/lib/python3.11/site-packages/airflow/example_dags/example_python_decorator.py
[2025-05-04T03:54:16.868-0300] {logging_mixin.py:188} INFO - [2025-05-04T03:54:16.868-0300] {dag.py:3096} INFO - Sync 1 DAGs
[2025-05-04T03:54:16.880-0300] {logging_mixin.py:188} INFO - [2025-05-04T03:54:16.879-0300] {dag.py:3954} INFO - Setting next_dagrun for example_python_decorator to None, run_after=None
[2025-05-04T03:54:16.899-0300] {processor.py:183} INFO - Processing /home/facuvega/Descargas/crypto-etl-airflow/airflow-apache/lib/python3.11/site-packages/airflow/example_dags/example_python_decorator.py took 0.078 seconds
[2025-05-04T03:54:58.022-0300] {processor.py:161} INFO - Started process (PID=21135) to work on /home/facuvega/Descargas/crypto-etl-airflow/airflow-apache/lib/python3.11/site-packages/airflow/example_dags/example_python_decorator.py
[2025-05-04T03:54:58.024-0300] {processor.py:830} INFO - Processing file /home/facuvega/Descargas/crypto-etl-airflow/airflow-apache/lib/python3.11/site-packages/airflow/example_dags/example_python_decorator.py for tasks to queue
[2025-05-04T03:54:58.026-0300] {logging_mixin.py:188} INFO - [2025-05-04T03:54:58.026-0300] {dagbag.py:540} INFO - Filling up the DagBag from /home/facuvega/Descargas/crypto-etl-airflow/airflow-apache/lib/python3.11/site-packages/airflow/example_dags/example_python_decorator.py
[2025-05-04T03:54:58.045-0300] {processor.py:840} INFO - DAG(s) 'example_python_decorator' retrieved from /home/facuvega/Descargas/crypto-etl-airflow/airflow-apache/lib/python3.11/site-packages/airflow/example_dags/example_python_decorator.py
[2025-05-04T03:54:58.070-0300] {logging_mixin.py:188} INFO - [2025-05-04T03:54:58.070-0300] {dag.py:3096} INFO - Sync 1 DAGs
[2025-05-04T03:54:58.086-0300] {logging_mixin.py:188} INFO - [2025-05-04T03:54:58.086-0300] {dag.py:3954} INFO - Setting next_dagrun for example_python_decorator to None, run_after=None
[2025-05-04T03:54:58.110-0300] {processor.py:183} INFO - Processing /home/facuvega/Descargas/crypto-etl-airflow/airflow-apache/lib/python3.11/site-packages/airflow/example_dags/example_python_decorator.py took 0.097 seconds
[2025-05-04T03:55:48.701-0300] {processor.py:161} INFO - Started process (PID=21478) to work on /home/facuvega/Descargas/crypto-etl-airflow/airflow-apache/lib/python3.11/site-packages/airflow/example_dags/example_python_decorator.py
[2025-05-04T03:55:48.702-0300] {processor.py:830} INFO - Processing file /home/facuvega/Descargas/crypto-etl-airflow/airflow-apache/lib/python3.11/site-packages/airflow/example_dags/example_python_decorator.py for tasks to queue
[2025-05-04T03:55:48.704-0300] {logging_mixin.py:188} INFO - [2025-05-04T03:55:48.704-0300] {dagbag.py:540} INFO - Filling up the DagBag from /home/facuvega/Descargas/crypto-etl-airflow/airflow-apache/lib/python3.11/site-packages/airflow/example_dags/example_python_decorator.py
[2025-05-04T03:55:48.717-0300] {processor.py:840} INFO - DAG(s) 'example_python_decorator' retrieved from /home/facuvega/Descargas/crypto-etl-airflow/airflow-apache/lib/python3.11/site-packages/airflow/example_dags/example_python_decorator.py
[2025-05-04T03:55:48.733-0300] {logging_mixin.py:188} INFO - [2025-05-04T03:55:48.733-0300] {dag.py:3096} INFO - Sync 1 DAGs
[2025-05-04T03:55:48.743-0300] {logging_mixin.py:188} INFO - [2025-05-04T03:55:48.742-0300] {dag.py:3954} INFO - Setting next_dagrun for example_python_decorator to None, run_after=None
[2025-05-04T03:55:48.759-0300] {processor.py:183} INFO - Processing /home/facuvega/Descargas/crypto-etl-airflow/airflow-apache/lib/python3.11/site-packages/airflow/example_dags/example_python_decorator.py took 0.063 seconds
[2025-05-04T03:56:35.374-0300] {processor.py:161} INFO - Started process (PID=21686) to work on /home/facuvega/Descargas/crypto-etl-airflow/airflow-apache/lib/python3.11/site-packages/airflow/example_dags/example_python_decorator.py
[2025-05-04T03:56:35.376-0300] {processor.py:830} INFO - Processing file /home/facuvega/Descargas/crypto-etl-airflow/airflow-apache/lib/python3.11/site-packages/airflow/example_dags/example_python_decorator.py for tasks to queue
[2025-05-04T03:56:35.377-0300] {logging_mixin.py:188} INFO - [2025-05-04T03:56:35.377-0300] {dagbag.py:540} INFO - Filling up the DagBag from /home/facuvega/Descargas/crypto-etl-airflow/airflow-apache/lib/python3.11/site-packages/airflow/example_dags/example_python_decorator.py
[2025-05-04T03:56:35.394-0300] {processor.py:840} INFO - DAG(s) 'example_python_decorator' retrieved from /home/facuvega/Descargas/crypto-etl-airflow/airflow-apache/lib/python3.11/site-packages/airflow/example_dags/example_python_decorator.py
[2025-05-04T03:56:35.419-0300] {logging_mixin.py:188} INFO - [2025-05-04T03:56:35.419-0300] {dag.py:3096} INFO - Sync 1 DAGs
[2025-05-04T03:56:35.440-0300] {logging_mixin.py:188} INFO - [2025-05-04T03:56:35.440-0300] {dag.py:3954} INFO - Setting next_dagrun for example_python_decorator to None, run_after=None
[2025-05-04T03:56:35.461-0300] {processor.py:183} INFO - Processing /home/facuvega/Descargas/crypto-etl-airflow/airflow-apache/lib/python3.11/site-packages/airflow/example_dags/example_python_decorator.py took 0.094 seconds
[2025-05-04T03:58:20.295-0300] {processor.py:161} INFO - Started process (PID=22579) to work on /home/facuvega/Descargas/crypto-etl-airflow/airflow-apache/lib/python3.11/site-packages/airflow/example_dags/example_python_decorator.py
[2025-05-04T03:58:20.300-0300] {processor.py:830} INFO - Processing file /home/facuvega/Descargas/crypto-etl-airflow/airflow-apache/lib/python3.11/site-packages/airflow/example_dags/example_python_decorator.py for tasks to queue
[2025-05-04T03:58:20.305-0300] {logging_mixin.py:188} INFO - [2025-05-04T03:58:20.305-0300] {dagbag.py:540} INFO - Filling up the DagBag from /home/facuvega/Descargas/crypto-etl-airflow/airflow-apache/lib/python3.11/site-packages/airflow/example_dags/example_python_decorator.py
[2025-05-04T03:58:20.344-0300] {processor.py:840} INFO - DAG(s) 'example_python_decorator' retrieved from /home/facuvega/Descargas/crypto-etl-airflow/airflow-apache/lib/python3.11/site-packages/airflow/example_dags/example_python_decorator.py
[2025-05-04T03:58:20.691-0300] {logging_mixin.py:188} INFO - [2025-05-04T03:58:20.690-0300] {dag.py:3096} INFO - Sync 1 DAGs
[2025-05-04T03:58:20.702-0300] {logging_mixin.py:188} INFO - [2025-05-04T03:58:20.702-0300] {dag.py:3954} INFO - Setting next_dagrun for example_python_decorator to None, run_after=None
[2025-05-04T03:58:20.743-0300] {processor.py:183} INFO - Processing /home/facuvega/Descargas/crypto-etl-airflow/airflow-apache/lib/python3.11/site-packages/airflow/example_dags/example_python_decorator.py took 0.491 seconds
[2025-05-04T03:59:14.315-0300] {processor.py:161} INFO - Started process (PID=22848) to work on /home/facuvega/Descargas/crypto-etl-airflow/airflow-apache/lib/python3.11/site-packages/airflow/example_dags/example_python_decorator.py
[2025-05-04T03:59:14.316-0300] {processor.py:830} INFO - Processing file /home/facuvega/Descargas/crypto-etl-airflow/airflow-apache/lib/python3.11/site-packages/airflow/example_dags/example_python_decorator.py for tasks to queue
[2025-05-04T03:59:14.318-0300] {logging_mixin.py:188} INFO - [2025-05-04T03:59:14.317-0300] {dagbag.py:540} INFO - Filling up the DagBag from /home/facuvega/Descargas/crypto-etl-airflow/airflow-apache/lib/python3.11/site-packages/airflow/example_dags/example_python_decorator.py
[2025-05-04T03:59:14.349-0300] {processor.py:840} INFO - DAG(s) 'example_python_decorator' retrieved from /home/facuvega/Descargas/crypto-etl-airflow/airflow-apache/lib/python3.11/site-packages/airflow/example_dags/example_python_decorator.py
[2025-05-04T03:59:14.364-0300] {logging_mixin.py:188} INFO - [2025-05-04T03:59:14.364-0300] {dag.py:3096} INFO - Sync 1 DAGs
[2025-05-04T03:59:14.374-0300] {logging_mixin.py:188} INFO - [2025-05-04T03:59:14.374-0300] {dag.py:3954} INFO - Setting next_dagrun for example_python_decorator to None, run_after=None
[2025-05-04T03:59:14.388-0300] {processor.py:183} INFO - Processing /home/facuvega/Descargas/crypto-etl-airflow/airflow-apache/lib/python3.11/site-packages/airflow/example_dags/example_python_decorator.py took 0.079 seconds
[2025-05-04T04:00:24.913-0300] {processor.py:161} INFO - Started process (PID=23711) to work on /home/facuvega/Descargas/crypto-etl-airflow/airflow-apache/lib/python3.11/site-packages/airflow/example_dags/example_python_decorator.py
[2025-05-04T04:00:24.915-0300] {processor.py:830} INFO - Processing file /home/facuvega/Descargas/crypto-etl-airflow/airflow-apache/lib/python3.11/site-packages/airflow/example_dags/example_python_decorator.py for tasks to queue
[2025-05-04T04:00:24.919-0300] {logging_mixin.py:188} INFO - [2025-05-04T04:00:24.918-0300] {dagbag.py:540} INFO - Filling up the DagBag from /home/facuvega/Descargas/crypto-etl-airflow/airflow-apache/lib/python3.11/site-packages/airflow/example_dags/example_python_decorator.py
[2025-05-04T04:00:24.942-0300] {processor.py:840} INFO - DAG(s) 'example_python_decorator' retrieved from /home/facuvega/Descargas/crypto-etl-airflow/airflow-apache/lib/python3.11/site-packages/airflow/example_dags/example_python_decorator.py
[2025-05-04T04:00:24.964-0300] {logging_mixin.py:188} INFO - [2025-05-04T04:00:24.963-0300] {dag.py:3096} INFO - Sync 1 DAGs
[2025-05-04T04:00:24.976-0300] {logging_mixin.py:188} INFO - [2025-05-04T04:00:24.975-0300] {dag.py:3954} INFO - Setting next_dagrun for example_python_decorator to None, run_after=None
[2025-05-04T04:00:24.995-0300] {processor.py:183} INFO - Processing /home/facuvega/Descargas/crypto-etl-airflow/airflow-apache/lib/python3.11/site-packages/airflow/example_dags/example_python_decorator.py took 0.101 seconds
[2025-05-04T04:01:20.366-0300] {processor.py:161} INFO - Started process (PID=24018) to work on /home/facuvega/Descargas/crypto-etl-airflow/airflow-apache/lib/python3.11/site-packages/airflow/example_dags/example_python_decorator.py
[2025-05-04T04:01:20.369-0300] {processor.py:830} INFO - Processing file /home/facuvega/Descargas/crypto-etl-airflow/airflow-apache/lib/python3.11/site-packages/airflow/example_dags/example_python_decorator.py for tasks to queue
[2025-05-04T04:01:20.374-0300] {logging_mixin.py:188} INFO - [2025-05-04T04:01:20.373-0300] {dagbag.py:540} INFO - Filling up the DagBag from /home/facuvega/Descargas/crypto-etl-airflow/airflow-apache/lib/python3.11/site-packages/airflow/example_dags/example_python_decorator.py
[2025-05-04T04:01:20.399-0300] {processor.py:840} INFO - DAG(s) 'example_python_decorator' retrieved from /home/facuvega/Descargas/crypto-etl-airflow/airflow-apache/lib/python3.11/site-packages/airflow/example_dags/example_python_decorator.py
[2025-05-04T04:01:20.424-0300] {logging_mixin.py:188} INFO - [2025-05-04T04:01:20.424-0300] {dag.py:3096} INFO - Sync 1 DAGs
[2025-05-04T04:01:20.443-0300] {logging_mixin.py:188} INFO - [2025-05-04T04:01:20.442-0300] {dag.py:3954} INFO - Setting next_dagrun for example_python_decorator to None, run_after=None
[2025-05-04T04:01:20.478-0300] {processor.py:183} INFO - Processing /home/facuvega/Descargas/crypto-etl-airflow/airflow-apache/lib/python3.11/site-packages/airflow/example_dags/example_python_decorator.py took 0.123 seconds
[2025-05-04T04:03:25.534-0300] {processor.py:161} INFO - Started process (PID=25003) to work on /home/facuvega/Descargas/crypto-etl-airflow/airflow-apache/lib/python3.11/site-packages/airflow/example_dags/example_python_decorator.py
[2025-05-04T04:03:25.536-0300] {processor.py:830} INFO - Processing file /home/facuvega/Descargas/crypto-etl-airflow/airflow-apache/lib/python3.11/site-packages/airflow/example_dags/example_python_decorator.py for tasks to queue
[2025-05-04T04:03:25.537-0300] {logging_mixin.py:188} INFO - [2025-05-04T04:03:25.537-0300] {dagbag.py:540} INFO - Filling up the DagBag from /home/facuvega/Descargas/crypto-etl-airflow/airflow-apache/lib/python3.11/site-packages/airflow/example_dags/example_python_decorator.py
[2025-05-04T04:03:25.548-0300] {processor.py:840} INFO - DAG(s) 'example_python_decorator' retrieved from /home/facuvega/Descargas/crypto-etl-airflow/airflow-apache/lib/python3.11/site-packages/airflow/example_dags/example_python_decorator.py
[2025-05-04T04:03:25.647-0300] {logging_mixin.py:188} INFO - [2025-05-04T04:03:25.647-0300] {dag.py:3096} INFO - Sync 1 DAGs
[2025-05-04T04:03:25.653-0300] {logging_mixin.py:188} INFO - [2025-05-04T04:03:25.653-0300] {dag.py:3954} INFO - Setting next_dagrun for example_python_decorator to None, run_after=None
[2025-05-04T04:03:25.666-0300] {processor.py:183} INFO - Processing /home/facuvega/Descargas/crypto-etl-airflow/airflow-apache/lib/python3.11/site-packages/airflow/example_dags/example_python_decorator.py took 0.137 seconds
[2025-05-04T04:04:17.456-0300] {processor.py:161} INFO - Started process (PID=25238) to work on /home/facuvega/Descargas/crypto-etl-airflow/airflow-apache/lib/python3.11/site-packages/airflow/example_dags/example_python_decorator.py
[2025-05-04T04:04:17.457-0300] {processor.py:830} INFO - Processing file /home/facuvega/Descargas/crypto-etl-airflow/airflow-apache/lib/python3.11/site-packages/airflow/example_dags/example_python_decorator.py for tasks to queue
[2025-05-04T04:04:17.459-0300] {logging_mixin.py:188} INFO - [2025-05-04T04:04:17.458-0300] {dagbag.py:540} INFO - Filling up the DagBag from /home/facuvega/Descargas/crypto-etl-airflow/airflow-apache/lib/python3.11/site-packages/airflow/example_dags/example_python_decorator.py
[2025-05-04T04:04:17.489-0300] {processor.py:840} INFO - DAG(s) 'example_python_decorator' retrieved from /home/facuvega/Descargas/crypto-etl-airflow/airflow-apache/lib/python3.11/site-packages/airflow/example_dags/example_python_decorator.py
[2025-05-04T04:04:17.581-0300] {logging_mixin.py:188} INFO - [2025-05-04T04:04:17.580-0300] {dag.py:3096} INFO - Sync 1 DAGs
[2025-05-04T04:04:17.653-0300] {logging_mixin.py:188} INFO - [2025-05-04T04:04:17.653-0300] {dag.py:3954} INFO - Setting next_dagrun for example_python_decorator to None, run_after=None
[2025-05-04T04:04:17.683-0300] {processor.py:183} INFO - Processing /home/facuvega/Descargas/crypto-etl-airflow/airflow-apache/lib/python3.11/site-packages/airflow/example_dags/example_python_decorator.py took 0.237 seconds
[2025-05-04T04:05:27.152-0300] {processor.py:161} INFO - Started process (PID=26320) to work on /home/facuvega/Descargas/crypto-etl-airflow/airflow-apache/lib/python3.11/site-packages/airflow/example_dags/example_python_decorator.py
[2025-05-04T04:05:27.153-0300] {processor.py:830} INFO - Processing file /home/facuvega/Descargas/crypto-etl-airflow/airflow-apache/lib/python3.11/site-packages/airflow/example_dags/example_python_decorator.py for tasks to queue
[2025-05-04T04:05:27.155-0300] {logging_mixin.py:188} INFO - [2025-05-04T04:05:27.155-0300] {dagbag.py:540} INFO - Filling up the DagBag from /home/facuvega/Descargas/crypto-etl-airflow/airflow-apache/lib/python3.11/site-packages/airflow/example_dags/example_python_decorator.py
[2025-05-04T04:05:27.172-0300] {processor.py:840} INFO - DAG(s) 'example_python_decorator' retrieved from /home/facuvega/Descargas/crypto-etl-airflow/airflow-apache/lib/python3.11/site-packages/airflow/example_dags/example_python_decorator.py
[2025-05-04T04:05:27.195-0300] {logging_mixin.py:188} INFO - [2025-05-04T04:05:27.195-0300] {dag.py:3096} INFO - Sync 1 DAGs
[2025-05-04T04:05:27.212-0300] {logging_mixin.py:188} INFO - [2025-05-04T04:05:27.210-0300] {dag.py:3954} INFO - Setting next_dagrun for example_python_decorator to None, run_after=None
[2025-05-04T04:05:27.239-0300] {processor.py:183} INFO - Processing /home/facuvega/Descargas/crypto-etl-airflow/airflow-apache/lib/python3.11/site-packages/airflow/example_dags/example_python_decorator.py took 0.092 seconds
[2025-05-04T04:06:17.629-0300] {processor.py:161} INFO - Started process (PID=26602) to work on /home/facuvega/Descargas/crypto-etl-airflow/airflow-apache/lib/python3.11/site-packages/airflow/example_dags/example_python_decorator.py
[2025-05-04T04:06:17.632-0300] {processor.py:830} INFO - Processing file /home/facuvega/Descargas/crypto-etl-airflow/airflow-apache/lib/python3.11/site-packages/airflow/example_dags/example_python_decorator.py for tasks to queue
[2025-05-04T04:06:17.634-0300] {logging_mixin.py:188} INFO - [2025-05-04T04:06:17.633-0300] {dagbag.py:540} INFO - Filling up the DagBag from /home/facuvega/Descargas/crypto-etl-airflow/airflow-apache/lib/python3.11/site-packages/airflow/example_dags/example_python_decorator.py
[2025-05-04T04:06:17.661-0300] {processor.py:840} INFO - DAG(s) 'example_python_decorator' retrieved from /home/facuvega/Descargas/crypto-etl-airflow/airflow-apache/lib/python3.11/site-packages/airflow/example_dags/example_python_decorator.py
[2025-05-04T04:06:17.679-0300] {logging_mixin.py:188} INFO - [2025-05-04T04:06:17.679-0300] {dag.py:3096} INFO - Sync 1 DAGs
[2025-05-04T04:06:17.689-0300] {logging_mixin.py:188} INFO - [2025-05-04T04:06:17.689-0300] {dag.py:3954} INFO - Setting next_dagrun for example_python_decorator to None, run_after=None
[2025-05-04T04:06:17.705-0300] {processor.py:183} INFO - Processing /home/facuvega/Descargas/crypto-etl-airflow/airflow-apache/lib/python3.11/site-packages/airflow/example_dags/example_python_decorator.py took 0.087 seconds
[2025-05-04T04:07:04.948-0300] {processor.py:161} INFO - Started process (PID=26836) to work on /home/facuvega/Descargas/crypto-etl-airflow/airflow-apache/lib/python3.11/site-packages/airflow/example_dags/example_python_decorator.py
[2025-05-04T04:07:04.949-0300] {processor.py:830} INFO - Processing file /home/facuvega/Descargas/crypto-etl-airflow/airflow-apache/lib/python3.11/site-packages/airflow/example_dags/example_python_decorator.py for tasks to queue
[2025-05-04T04:07:04.951-0300] {logging_mixin.py:188} INFO - [2025-05-04T04:07:04.951-0300] {dagbag.py:540} INFO - Filling up the DagBag from /home/facuvega/Descargas/crypto-etl-airflow/airflow-apache/lib/python3.11/site-packages/airflow/example_dags/example_python_decorator.py
[2025-05-04T04:07:04.962-0300] {processor.py:840} INFO - DAG(s) 'example_python_decorator' retrieved from /home/facuvega/Descargas/crypto-etl-airflow/airflow-apache/lib/python3.11/site-packages/airflow/example_dags/example_python_decorator.py
[2025-05-04T04:07:04.978-0300] {logging_mixin.py:188} INFO - [2025-05-04T04:07:04.978-0300] {dag.py:3096} INFO - Sync 1 DAGs
[2025-05-04T04:07:04.988-0300] {logging_mixin.py:188} INFO - [2025-05-04T04:07:04.987-0300] {dag.py:3954} INFO - Setting next_dagrun for example_python_decorator to None, run_after=None
[2025-05-04T04:07:05.001-0300] {processor.py:183} INFO - Processing /home/facuvega/Descargas/crypto-etl-airflow/airflow-apache/lib/python3.11/site-packages/airflow/example_dags/example_python_decorator.py took 0.059 seconds
[2025-05-04T04:07:50.885-0300] {processor.py:161} INFO - Started process (PID=27047) to work on /home/facuvega/Descargas/crypto-etl-airflow/airflow-apache/lib/python3.11/site-packages/airflow/example_dags/example_python_decorator.py
[2025-05-04T04:07:50.886-0300] {processor.py:830} INFO - Processing file /home/facuvega/Descargas/crypto-etl-airflow/airflow-apache/lib/python3.11/site-packages/airflow/example_dags/example_python_decorator.py for tasks to queue
[2025-05-04T04:07:50.887-0300] {logging_mixin.py:188} INFO - [2025-05-04T04:07:50.887-0300] {dagbag.py:540} INFO - Filling up the DagBag from /home/facuvega/Descargas/crypto-etl-airflow/airflow-apache/lib/python3.11/site-packages/airflow/example_dags/example_python_decorator.py
[2025-05-04T04:07:50.899-0300] {processor.py:840} INFO - DAG(s) 'example_python_decorator' retrieved from /home/facuvega/Descargas/crypto-etl-airflow/airflow-apache/lib/python3.11/site-packages/airflow/example_dags/example_python_decorator.py
[2025-05-04T04:07:50.913-0300] {logging_mixin.py:188} INFO - [2025-05-04T04:07:50.912-0300] {dag.py:3096} INFO - Sync 1 DAGs
[2025-05-04T04:07:50.921-0300] {logging_mixin.py:188} INFO - [2025-05-04T04:07:50.921-0300] {dag.py:3954} INFO - Setting next_dagrun for example_python_decorator to None, run_after=None
[2025-05-04T04:07:50.936-0300] {processor.py:183} INFO - Processing /home/facuvega/Descargas/crypto-etl-airflow/airflow-apache/lib/python3.11/site-packages/airflow/example_dags/example_python_decorator.py took 0.056 seconds
[2025-05-04T04:10:37.245-0300] {processor.py:161} INFO - Started process (PID=28878) to work on /home/facuvega/Descargas/crypto-etl-airflow/airflow-apache/lib/python3.11/site-packages/airflow/example_dags/example_python_decorator.py
[2025-05-04T04:10:37.246-0300] {processor.py:830} INFO - Processing file /home/facuvega/Descargas/crypto-etl-airflow/airflow-apache/lib/python3.11/site-packages/airflow/example_dags/example_python_decorator.py for tasks to queue
[2025-05-04T04:10:37.248-0300] {logging_mixin.py:188} INFO - [2025-05-04T04:10:37.247-0300] {dagbag.py:540} INFO - Filling up the DagBag from /home/facuvega/Descargas/crypto-etl-airflow/airflow-apache/lib/python3.11/site-packages/airflow/example_dags/example_python_decorator.py
[2025-05-04T04:10:37.261-0300] {processor.py:840} INFO - DAG(s) 'example_python_decorator' retrieved from /home/facuvega/Descargas/crypto-etl-airflow/airflow-apache/lib/python3.11/site-packages/airflow/example_dags/example_python_decorator.py
[2025-05-04T04:10:37.389-0300] {logging_mixin.py:188} INFO - [2025-05-04T04:10:37.389-0300] {dag.py:3096} INFO - Sync 1 DAGs
[2025-05-04T04:10:37.397-0300] {logging_mixin.py:188} INFO - [2025-05-04T04:10:37.397-0300] {dag.py:3954} INFO - Setting next_dagrun for example_python_decorator to None, run_after=None
[2025-05-04T04:10:37.416-0300] {processor.py:183} INFO - Processing /home/facuvega/Descargas/crypto-etl-airflow/airflow-apache/lib/python3.11/site-packages/airflow/example_dags/example_python_decorator.py took 0.178 seconds
[2025-05-04T04:11:30.935-0300] {processor.py:161} INFO - Started process (PID=29265) to work on /home/facuvega/Descargas/crypto-etl-airflow/airflow-apache/lib/python3.11/site-packages/airflow/example_dags/example_python_decorator.py
[2025-05-04T04:11:30.936-0300] {processor.py:830} INFO - Processing file /home/facuvega/Descargas/crypto-etl-airflow/airflow-apache/lib/python3.11/site-packages/airflow/example_dags/example_python_decorator.py for tasks to queue
[2025-05-04T04:11:30.938-0300] {logging_mixin.py:188} INFO - [2025-05-04T04:11:30.938-0300] {dagbag.py:540} INFO - Filling up the DagBag from /home/facuvega/Descargas/crypto-etl-airflow/airflow-apache/lib/python3.11/site-packages/airflow/example_dags/example_python_decorator.py
[2025-05-04T04:11:30.952-0300] {processor.py:840} INFO - DAG(s) 'example_python_decorator' retrieved from /home/facuvega/Descargas/crypto-etl-airflow/airflow-apache/lib/python3.11/site-packages/airflow/example_dags/example_python_decorator.py
[2025-05-04T04:11:30.971-0300] {logging_mixin.py:188} INFO - [2025-05-04T04:11:30.971-0300] {dag.py:3096} INFO - Sync 1 DAGs
[2025-05-04T04:11:30.980-0300] {logging_mixin.py:188} INFO - [2025-05-04T04:11:30.980-0300] {dag.py:3954} INFO - Setting next_dagrun for example_python_decorator to None, run_after=None
[2025-05-04T04:11:30.995-0300] {processor.py:183} INFO - Processing /home/facuvega/Descargas/crypto-etl-airflow/airflow-apache/lib/python3.11/site-packages/airflow/example_dags/example_python_decorator.py took 0.064 seconds
[2025-05-04T04:12:24.792-0300] {processor.py:161} INFO - Started process (PID=29512) to work on /home/facuvega/Descargas/crypto-etl-airflow/airflow-apache/lib/python3.11/site-packages/airflow/example_dags/example_python_decorator.py
[2025-05-04T04:12:24.793-0300] {processor.py:830} INFO - Processing file /home/facuvega/Descargas/crypto-etl-airflow/airflow-apache/lib/python3.11/site-packages/airflow/example_dags/example_python_decorator.py for tasks to queue
[2025-05-04T04:12:24.795-0300] {logging_mixin.py:188} INFO - [2025-05-04T04:12:24.795-0300] {dagbag.py:540} INFO - Filling up the DagBag from /home/facuvega/Descargas/crypto-etl-airflow/airflow-apache/lib/python3.11/site-packages/airflow/example_dags/example_python_decorator.py
[2025-05-04T04:12:24.805-0300] {processor.py:840} INFO - DAG(s) 'example_python_decorator' retrieved from /home/facuvega/Descargas/crypto-etl-airflow/airflow-apache/lib/python3.11/site-packages/airflow/example_dags/example_python_decorator.py
[2025-05-04T04:12:24.819-0300] {logging_mixin.py:188} INFO - [2025-05-04T04:12:24.819-0300] {dag.py:3096} INFO - Sync 1 DAGs
[2025-05-04T04:12:24.826-0300] {logging_mixin.py:188} INFO - [2025-05-04T04:12:24.826-0300] {dag.py:3954} INFO - Setting next_dagrun for example_python_decorator to None, run_after=None
[2025-05-04T04:12:24.839-0300] {processor.py:183} INFO - Processing /home/facuvega/Descargas/crypto-etl-airflow/airflow-apache/lib/python3.11/site-packages/airflow/example_dags/example_python_decorator.py took 0.052 seconds
[2025-05-04T04:13:11.361-0300] {processor.py:161} INFO - Started process (PID=29724) to work on /home/facuvega/Descargas/crypto-etl-airflow/airflow-apache/lib/python3.11/site-packages/airflow/example_dags/example_python_decorator.py
[2025-05-04T04:13:11.362-0300] {processor.py:830} INFO - Processing file /home/facuvega/Descargas/crypto-etl-airflow/airflow-apache/lib/python3.11/site-packages/airflow/example_dags/example_python_decorator.py for tasks to queue
[2025-05-04T04:13:11.364-0300] {logging_mixin.py:188} INFO - [2025-05-04T04:13:11.363-0300] {dagbag.py:540} INFO - Filling up the DagBag from /home/facuvega/Descargas/crypto-etl-airflow/airflow-apache/lib/python3.11/site-packages/airflow/example_dags/example_python_decorator.py
[2025-05-04T04:13:11.375-0300] {processor.py:840} INFO - DAG(s) 'example_python_decorator' retrieved from /home/facuvega/Descargas/crypto-etl-airflow/airflow-apache/lib/python3.11/site-packages/airflow/example_dags/example_python_decorator.py
[2025-05-04T04:13:11.388-0300] {logging_mixin.py:188} INFO - [2025-05-04T04:13:11.388-0300] {dag.py:3096} INFO - Sync 1 DAGs
[2025-05-04T04:13:11.395-0300] {logging_mixin.py:188} INFO - [2025-05-04T04:13:11.395-0300] {dag.py:3954} INFO - Setting next_dagrun for example_python_decorator to None, run_after=None
[2025-05-04T04:13:11.408-0300] {processor.py:183} INFO - Processing /home/facuvega/Descargas/crypto-etl-airflow/airflow-apache/lib/python3.11/site-packages/airflow/example_dags/example_python_decorator.py took 0.053 seconds
[2025-05-04T04:13:57.851-0300] {processor.py:161} INFO - Started process (PID=29933) to work on /home/facuvega/Descargas/crypto-etl-airflow/airflow-apache/lib/python3.11/site-packages/airflow/example_dags/example_python_decorator.py
[2025-05-04T04:13:57.852-0300] {processor.py:830} INFO - Processing file /home/facuvega/Descargas/crypto-etl-airflow/airflow-apache/lib/python3.11/site-packages/airflow/example_dags/example_python_decorator.py for tasks to queue
[2025-05-04T04:13:57.853-0300] {logging_mixin.py:188} INFO - [2025-05-04T04:13:57.853-0300] {dagbag.py:540} INFO - Filling up the DagBag from /home/facuvega/Descargas/crypto-etl-airflow/airflow-apache/lib/python3.11/site-packages/airflow/example_dags/example_python_decorator.py
[2025-05-04T04:13:57.864-0300] {processor.py:840} INFO - DAG(s) 'example_python_decorator' retrieved from /home/facuvega/Descargas/crypto-etl-airflow/airflow-apache/lib/python3.11/site-packages/airflow/example_dags/example_python_decorator.py
[2025-05-04T04:13:57.877-0300] {logging_mixin.py:188} INFO - [2025-05-04T04:13:57.877-0300] {dag.py:3096} INFO - Sync 1 DAGs
[2025-05-04T04:13:57.884-0300] {logging_mixin.py:188} INFO - [2025-05-04T04:13:57.884-0300] {dag.py:3954} INFO - Setting next_dagrun for example_python_decorator to None, run_after=None
[2025-05-04T04:13:57.899-0300] {processor.py:183} INFO - Processing /home/facuvega/Descargas/crypto-etl-airflow/airflow-apache/lib/python3.11/site-packages/airflow/example_dags/example_python_decorator.py took 0.053 seconds
[2025-05-04T04:14:57.585-0300] {processor.py:161} INFO - Started process (PID=30232) to work on /home/facuvega/Descargas/crypto-etl-airflow/airflow-apache/lib/python3.11/site-packages/airflow/example_dags/example_python_decorator.py
[2025-05-04T04:14:57.587-0300] {processor.py:830} INFO - Processing file /home/facuvega/Descargas/crypto-etl-airflow/airflow-apache/lib/python3.11/site-packages/airflow/example_dags/example_python_decorator.py for tasks to queue
[2025-05-04T04:14:57.589-0300] {logging_mixin.py:188} INFO - [2025-05-04T04:14:57.588-0300] {dagbag.py:540} INFO - Filling up the DagBag from /home/facuvega/Descargas/crypto-etl-airflow/airflow-apache/lib/python3.11/site-packages/airflow/example_dags/example_python_decorator.py
[2025-05-04T04:14:57.602-0300] {processor.py:840} INFO - DAG(s) 'example_python_decorator' retrieved from /home/facuvega/Descargas/crypto-etl-airflow/airflow-apache/lib/python3.11/site-packages/airflow/example_dags/example_python_decorator.py
[2025-05-04T04:14:57.616-0300] {logging_mixin.py:188} INFO - [2025-05-04T04:14:57.615-0300] {dag.py:3096} INFO - Sync 1 DAGs
[2025-05-04T04:14:57.623-0300] {logging_mixin.py:188} INFO - [2025-05-04T04:14:57.623-0300] {dag.py:3954} INFO - Setting next_dagrun for example_python_decorator to None, run_after=None
[2025-05-04T04:14:57.636-0300] {processor.py:183} INFO - Processing /home/facuvega/Descargas/crypto-etl-airflow/airflow-apache/lib/python3.11/site-packages/airflow/example_dags/example_python_decorator.py took 0.059 seconds
[2025-05-04T04:15:47.364-0300] {processor.py:161} INFO - Started process (PID=30537) to work on /home/facuvega/Descargas/crypto-etl-airflow/airflow-apache/lib/python3.11/site-packages/airflow/example_dags/example_python_decorator.py
[2025-05-04T04:15:47.365-0300] {processor.py:830} INFO - Processing file /home/facuvega/Descargas/crypto-etl-airflow/airflow-apache/lib/python3.11/site-packages/airflow/example_dags/example_python_decorator.py for tasks to queue
[2025-05-04T04:15:47.367-0300] {logging_mixin.py:188} INFO - [2025-05-04T04:15:47.367-0300] {dagbag.py:540} INFO - Filling up the DagBag from /home/facuvega/Descargas/crypto-etl-airflow/airflow-apache/lib/python3.11/site-packages/airflow/example_dags/example_python_decorator.py
[2025-05-04T04:15:47.379-0300] {processor.py:840} INFO - DAG(s) 'example_python_decorator' retrieved from /home/facuvega/Descargas/crypto-etl-airflow/airflow-apache/lib/python3.11/site-packages/airflow/example_dags/example_python_decorator.py
[2025-05-04T04:15:47.396-0300] {logging_mixin.py:188} INFO - [2025-05-04T04:15:47.396-0300] {dag.py:3096} INFO - Sync 1 DAGs
[2025-05-04T04:15:47.406-0300] {logging_mixin.py:188} INFO - [2025-05-04T04:15:47.406-0300] {dag.py:3954} INFO - Setting next_dagrun for example_python_decorator to None, run_after=None
[2025-05-04T04:15:47.423-0300] {processor.py:183} INFO - Processing /home/facuvega/Descargas/crypto-etl-airflow/airflow-apache/lib/python3.11/site-packages/airflow/example_dags/example_python_decorator.py took 0.065 seconds
[2025-05-04T04:17:18.826-0300] {processor.py:161} INFO - Started process (PID=31310) to work on /home/facuvega/Descargas/crypto-etl-airflow/airflow-apache/lib/python3.11/site-packages/airflow/example_dags/example_python_decorator.py
[2025-05-04T04:17:18.827-0300] {processor.py:830} INFO - Processing file /home/facuvega/Descargas/crypto-etl-airflow/airflow-apache/lib/python3.11/site-packages/airflow/example_dags/example_python_decorator.py for tasks to queue
[2025-05-04T04:17:18.829-0300] {logging_mixin.py:188} INFO - [2025-05-04T04:17:18.828-0300] {dagbag.py:540} INFO - Filling up the DagBag from /home/facuvega/Descargas/crypto-etl-airflow/airflow-apache/lib/python3.11/site-packages/airflow/example_dags/example_python_decorator.py
[2025-05-04T04:17:18.854-0300] {processor.py:840} INFO - DAG(s) 'example_python_decorator' retrieved from /home/facuvega/Descargas/crypto-etl-airflow/airflow-apache/lib/python3.11/site-packages/airflow/example_dags/example_python_decorator.py
[2025-05-04T04:17:18.994-0300] {logging_mixin.py:188} INFO - [2025-05-04T04:17:18.993-0300] {dag.py:3096} INFO - Sync 1 DAGs
[2025-05-04T04:17:19.000-0300] {logging_mixin.py:188} INFO - [2025-05-04T04:17:19.000-0300] {dag.py:3954} INFO - Setting next_dagrun for example_python_decorator to None, run_after=None
[2025-05-04T04:17:19.019-0300] {processor.py:183} INFO - Processing /home/facuvega/Descargas/crypto-etl-airflow/airflow-apache/lib/python3.11/site-packages/airflow/example_dags/example_python_decorator.py took 0.198 seconds
[2025-05-04T04:18:41.093-0300] {processor.py:161} INFO - Started process (PID=32041) to work on /home/facuvega/Descargas/crypto-etl-airflow/airflow-apache/lib/python3.11/site-packages/airflow/example_dags/example_python_decorator.py
[2025-05-04T04:18:41.095-0300] {processor.py:830} INFO - Processing file /home/facuvega/Descargas/crypto-etl-airflow/airflow-apache/lib/python3.11/site-packages/airflow/example_dags/example_python_decorator.py for tasks to queue
[2025-05-04T04:18:41.098-0300] {logging_mixin.py:188} INFO - [2025-05-04T04:18:41.097-0300] {dagbag.py:540} INFO - Filling up the DagBag from /home/facuvega/Descargas/crypto-etl-airflow/airflow-apache/lib/python3.11/site-packages/airflow/example_dags/example_python_decorator.py
[2025-05-04T04:18:41.121-0300] {processor.py:840} INFO - DAG(s) 'example_python_decorator' retrieved from /home/facuvega/Descargas/crypto-etl-airflow/airflow-apache/lib/python3.11/site-packages/airflow/example_dags/example_python_decorator.py
[2025-05-04T04:18:41.163-0300] {logging_mixin.py:188} INFO - [2025-05-04T04:18:41.163-0300] {dag.py:3096} INFO - Sync 1 DAGs
[2025-05-04T04:18:41.179-0300] {logging_mixin.py:188} INFO - [2025-05-04T04:18:41.179-0300] {dag.py:3954} INFO - Setting next_dagrun for example_python_decorator to None, run_after=None
[2025-05-04T04:18:41.204-0300] {processor.py:183} INFO - Processing /home/facuvega/Descargas/crypto-etl-airflow/airflow-apache/lib/python3.11/site-packages/airflow/example_dags/example_python_decorator.py took 0.127 seconds
[2025-05-04T04:19:49.728-0300] {processor.py:161} INFO - Started process (PID=32865) to work on /home/facuvega/Descargas/crypto-etl-airflow/airflow-apache/lib/python3.11/site-packages/airflow/example_dags/example_python_decorator.py
[2025-05-04T04:19:49.729-0300] {processor.py:830} INFO - Processing file /home/facuvega/Descargas/crypto-etl-airflow/airflow-apache/lib/python3.11/site-packages/airflow/example_dags/example_python_decorator.py for tasks to queue
[2025-05-04T04:19:49.731-0300] {logging_mixin.py:188} INFO - [2025-05-04T04:19:49.731-0300] {dagbag.py:540} INFO - Filling up the DagBag from /home/facuvega/Descargas/crypto-etl-airflow/airflow-apache/lib/python3.11/site-packages/airflow/example_dags/example_python_decorator.py
[2025-05-04T04:19:49.762-0300] {processor.py:840} INFO - DAG(s) 'example_python_decorator' retrieved from /home/facuvega/Descargas/crypto-etl-airflow/airflow-apache/lib/python3.11/site-packages/airflow/example_dags/example_python_decorator.py
[2025-05-04T04:19:49.783-0300] {logging_mixin.py:188} INFO - [2025-05-04T04:19:49.783-0300] {dag.py:3096} INFO - Sync 1 DAGs
[2025-05-04T04:19:49.796-0300] {logging_mixin.py:188} INFO - [2025-05-04T04:19:49.796-0300] {dag.py:3954} INFO - Setting next_dagrun for example_python_decorator to None, run_after=None
[2025-05-04T04:19:49.825-0300] {processor.py:183} INFO - Processing /home/facuvega/Descargas/crypto-etl-airflow/airflow-apache/lib/python3.11/site-packages/airflow/example_dags/example_python_decorator.py took 0.103 seconds
[2025-05-04T04:20:43.257-0300] {processor.py:161} INFO - Started process (PID=33107) to work on /home/facuvega/Descargas/crypto-etl-airflow/airflow-apache/lib/python3.11/site-packages/airflow/example_dags/example_python_decorator.py
[2025-05-04T04:20:43.258-0300] {processor.py:830} INFO - Processing file /home/facuvega/Descargas/crypto-etl-airflow/airflow-apache/lib/python3.11/site-packages/airflow/example_dags/example_python_decorator.py for tasks to queue
[2025-05-04T04:20:43.260-0300] {logging_mixin.py:188} INFO - [2025-05-04T04:20:43.260-0300] {dagbag.py:540} INFO - Filling up the DagBag from /home/facuvega/Descargas/crypto-etl-airflow/airflow-apache/lib/python3.11/site-packages/airflow/example_dags/example_python_decorator.py
[2025-05-04T04:20:43.272-0300] {processor.py:840} INFO - DAG(s) 'example_python_decorator' retrieved from /home/facuvega/Descargas/crypto-etl-airflow/airflow-apache/lib/python3.11/site-packages/airflow/example_dags/example_python_decorator.py
[2025-05-04T04:20:43.287-0300] {logging_mixin.py:188} INFO - [2025-05-04T04:20:43.287-0300] {dag.py:3096} INFO - Sync 1 DAGs
[2025-05-04T04:20:43.296-0300] {logging_mixin.py:188} INFO - [2025-05-04T04:20:43.296-0300] {dag.py:3954} INFO - Setting next_dagrun for example_python_decorator to None, run_after=None
[2025-05-04T04:20:43.310-0300] {processor.py:183} INFO - Processing /home/facuvega/Descargas/crypto-etl-airflow/airflow-apache/lib/python3.11/site-packages/airflow/example_dags/example_python_decorator.py took 0.058 seconds
[2025-05-04T04:21:32.942-0300] {processor.py:161} INFO - Started process (PID=33336) to work on /home/facuvega/Descargas/crypto-etl-airflow/airflow-apache/lib/python3.11/site-packages/airflow/example_dags/example_python_decorator.py
[2025-05-04T04:21:32.943-0300] {processor.py:830} INFO - Processing file /home/facuvega/Descargas/crypto-etl-airflow/airflow-apache/lib/python3.11/site-packages/airflow/example_dags/example_python_decorator.py for tasks to queue
[2025-05-04T04:21:32.945-0300] {logging_mixin.py:188} INFO - [2025-05-04T04:21:32.945-0300] {dagbag.py:540} INFO - Filling up the DagBag from /home/facuvega/Descargas/crypto-etl-airflow/airflow-apache/lib/python3.11/site-packages/airflow/example_dags/example_python_decorator.py
[2025-05-04T04:21:32.958-0300] {processor.py:840} INFO - DAG(s) 'example_python_decorator' retrieved from /home/facuvega/Descargas/crypto-etl-airflow/airflow-apache/lib/python3.11/site-packages/airflow/example_dags/example_python_decorator.py
[2025-05-04T04:21:32.977-0300] {logging_mixin.py:188} INFO - [2025-05-04T04:21:32.977-0300] {dag.py:3096} INFO - Sync 1 DAGs
[2025-05-04T04:21:32.986-0300] {logging_mixin.py:188} INFO - [2025-05-04T04:21:32.986-0300] {dag.py:3954} INFO - Setting next_dagrun for example_python_decorator to None, run_after=None
[2025-05-04T04:21:33.000-0300] {processor.py:183} INFO - Processing /home/facuvega/Descargas/crypto-etl-airflow/airflow-apache/lib/python3.11/site-packages/airflow/example_dags/example_python_decorator.py took 0.063 seconds
[2025-05-04T04:22:27.753-0300] {processor.py:161} INFO - Started process (PID=34043) to work on /home/facuvega/Descargas/crypto-etl-airflow/airflow-apache/lib/python3.11/site-packages/airflow/example_dags/example_python_decorator.py
[2025-05-04T04:22:27.754-0300] {processor.py:830} INFO - Processing file /home/facuvega/Descargas/crypto-etl-airflow/airflow-apache/lib/python3.11/site-packages/airflow/example_dags/example_python_decorator.py for tasks to queue
[2025-05-04T04:22:27.755-0300] {logging_mixin.py:188} INFO - [2025-05-04T04:22:27.755-0300] {dagbag.py:540} INFO - Filling up the DagBag from /home/facuvega/Descargas/crypto-etl-airflow/airflow-apache/lib/python3.11/site-packages/airflow/example_dags/example_python_decorator.py
[2025-05-04T04:22:27.768-0300] {processor.py:840} INFO - DAG(s) 'example_python_decorator' retrieved from /home/facuvega/Descargas/crypto-etl-airflow/airflow-apache/lib/python3.11/site-packages/airflow/example_dags/example_python_decorator.py
[2025-05-04T04:22:27.881-0300] {logging_mixin.py:188} INFO - [2025-05-04T04:22:27.881-0300] {dag.py:3096} INFO - Sync 1 DAGs
[2025-05-04T04:22:27.887-0300] {logging_mixin.py:188} INFO - [2025-05-04T04:22:27.887-0300] {dag.py:3954} INFO - Setting next_dagrun for example_python_decorator to None, run_after=None
[2025-05-04T04:22:27.901-0300] {processor.py:183} INFO - Processing /home/facuvega/Descargas/crypto-etl-airflow/airflow-apache/lib/python3.11/site-packages/airflow/example_dags/example_python_decorator.py took 0.154 seconds
[2025-05-04T04:24:04.289-0300] {processor.py:161} INFO - Started process (PID=35202) to work on /home/facuvega/Descargas/crypto-etl-airflow/airflow-apache/lib/python3.11/site-packages/airflow/example_dags/example_python_decorator.py
[2025-05-04T04:24:04.292-0300] {processor.py:830} INFO - Processing file /home/facuvega/Descargas/crypto-etl-airflow/airflow-apache/lib/python3.11/site-packages/airflow/example_dags/example_python_decorator.py for tasks to queue
[2025-05-04T04:24:04.294-0300] {logging_mixin.py:188} INFO - [2025-05-04T04:24:04.294-0300] {dagbag.py:540} INFO - Filling up the DagBag from /home/facuvega/Descargas/crypto-etl-airflow/airflow-apache/lib/python3.11/site-packages/airflow/example_dags/example_python_decorator.py
[2025-05-04T04:24:04.311-0300] {processor.py:840} INFO - DAG(s) 'example_python_decorator' retrieved from /home/facuvega/Descargas/crypto-etl-airflow/airflow-apache/lib/python3.11/site-packages/airflow/example_dags/example_python_decorator.py
[2025-05-04T04:24:04.331-0300] {logging_mixin.py:188} INFO - [2025-05-04T04:24:04.331-0300] {dag.py:3096} INFO - Sync 1 DAGs
[2025-05-04T04:24:04.343-0300] {logging_mixin.py:188} INFO - [2025-05-04T04:24:04.342-0300] {dag.py:3954} INFO - Setting next_dagrun for example_python_decorator to None, run_after=None
[2025-05-04T04:24:04.365-0300] {processor.py:183} INFO - Processing /home/facuvega/Descargas/crypto-etl-airflow/airflow-apache/lib/python3.11/site-packages/airflow/example_dags/example_python_decorator.py took 0.086 seconds
