[2025-05-04T03:51:07.413-0300] {processor.py:161} INFO - Started process (PID=19740) to work on /home/facuvega/Descargas/crypto-etl-airflow/airflow-apache/lib/python3.11/site-packages/airflow/example_dags/example_external_task_marker_dag.py
[2025-05-04T03:51:07.414-0300] {processor.py:830} INFO - Processing file /home/facuvega/Descargas/crypto-etl-airflow/airflow-apache/lib/python3.11/site-packages/airflow/example_dags/example_external_task_marker_dag.py for tasks to queue
[2025-05-04T03:51:07.415-0300] {logging_mixin.py:188} INFO - [2025-05-04T03:51:07.415-0300] {dagbag.py:540} INFO - Filling up the DagBag from /home/facuvega/Descargas/crypto-etl-airflow/airflow-apache/lib/python3.11/site-packages/airflow/example_dags/example_external_task_marker_dag.py
[2025-05-04T03:51:07.422-0300] {processor.py:840} INFO - DAG(s) 'example_external_task_marker_parent', 'example_external_task_marker_child' retrieved from /home/facuvega/Descargas/crypto-etl-airflow/airflow-apache/lib/python3.11/site-packages/airflow/example_dags/example_external_task_marker_dag.py
[2025-05-04T03:51:07.436-0300] {logging_mixin.py:188} INFO - [2025-05-04T03:51:07.436-0300] {dag.py:3096} INFO - Sync 2 DAGs
[2025-05-04T03:51:07.444-0300] {logging_mixin.py:188} INFO - [2025-05-04T03:51:07.444-0300] {dag.py:3954} INFO - Setting next_dagrun for example_external_task_marker_child to None, run_after=None
[2025-05-04T03:51:07.446-0300] {logging_mixin.py:188} INFO - [2025-05-04T03:51:07.446-0300] {dag.py:3954} INFO - Setting next_dagrun for example_external_task_marker_parent to None, run_after=None
[2025-05-04T03:51:07.458-0300] {processor.py:183} INFO - Processing /home/facuvega/Descargas/crypto-etl-airflow/airflow-apache/lib/python3.11/site-packages/airflow/example_dags/example_external_task_marker_dag.py took 0.049 seconds
[2025-05-04T03:51:59.080-0300] {processor.py:161} INFO - Started process (PID=19975) to work on /home/facuvega/Descargas/crypto-etl-airflow/airflow-apache/lib/python3.11/site-packages/airflow/example_dags/example_external_task_marker_dag.py
[2025-05-04T03:51:59.081-0300] {processor.py:830} INFO - Processing file /home/facuvega/Descargas/crypto-etl-airflow/airflow-apache/lib/python3.11/site-packages/airflow/example_dags/example_external_task_marker_dag.py for tasks to queue
[2025-05-04T03:51:59.083-0300] {logging_mixin.py:188} INFO - [2025-05-04T03:51:59.083-0300] {dagbag.py:540} INFO - Filling up the DagBag from /home/facuvega/Descargas/crypto-etl-airflow/airflow-apache/lib/python3.11/site-packages/airflow/example_dags/example_external_task_marker_dag.py
[2025-05-04T03:51:59.089-0300] {processor.py:840} INFO - DAG(s) 'example_external_task_marker_child', 'example_external_task_marker_parent' retrieved from /home/facuvega/Descargas/crypto-etl-airflow/airflow-apache/lib/python3.11/site-packages/airflow/example_dags/example_external_task_marker_dag.py
[2025-05-04T03:51:59.103-0300] {logging_mixin.py:188} INFO - [2025-05-04T03:51:59.103-0300] {dag.py:3096} INFO - Sync 2 DAGs
[2025-05-04T03:51:59.112-0300] {logging_mixin.py:188} INFO - [2025-05-04T03:51:59.112-0300] {dag.py:3954} INFO - Setting next_dagrun for example_external_task_marker_child to None, run_after=None
[2025-05-04T03:51:59.114-0300] {logging_mixin.py:188} INFO - [2025-05-04T03:51:59.114-0300] {dag.py:3954} INFO - Setting next_dagrun for example_external_task_marker_parent to None, run_after=None
[2025-05-04T03:51:59.126-0300] {processor.py:183} INFO - Processing /home/facuvega/Descargas/crypto-etl-airflow/airflow-apache/lib/python3.11/site-packages/airflow/example_dags/example_external_task_marker_dag.py took 0.051 seconds
[2025-05-04T03:53:07.048-0300] {processor.py:161} INFO - Started process (PID=20365) to work on /home/facuvega/Descargas/crypto-etl-airflow/airflow-apache/lib/python3.11/site-packages/airflow/example_dags/example_external_task_marker_dag.py
[2025-05-04T03:53:07.053-0300] {processor.py:830} INFO - Processing file /home/facuvega/Descargas/crypto-etl-airflow/airflow-apache/lib/python3.11/site-packages/airflow/example_dags/example_external_task_marker_dag.py for tasks to queue
[2025-05-04T03:53:07.062-0300] {logging_mixin.py:188} INFO - [2025-05-04T03:53:07.060-0300] {dagbag.py:540} INFO - Filling up the DagBag from /home/facuvega/Descargas/crypto-etl-airflow/airflow-apache/lib/python3.11/site-packages/airflow/example_dags/example_external_task_marker_dag.py
[2025-05-04T03:53:07.082-0300] {processor.py:840} INFO - DAG(s) 'example_external_task_marker_child', 'example_external_task_marker_parent' retrieved from /home/facuvega/Descargas/crypto-etl-airflow/airflow-apache/lib/python3.11/site-packages/airflow/example_dags/example_external_task_marker_dag.py
[2025-05-04T03:53:07.181-0300] {logging_mixin.py:188} INFO - [2025-05-04T03:53:07.179-0300] {dag.py:3096} INFO - Sync 2 DAGs
[2025-05-04T03:53:07.226-0300] {logging_mixin.py:188} INFO - [2025-05-04T03:53:07.226-0300] {dag.py:3954} INFO - Setting next_dagrun for example_external_task_marker_child to None, run_after=None
[2025-05-04T03:53:07.236-0300] {logging_mixin.py:188} INFO - [2025-05-04T03:53:07.235-0300] {dag.py:3954} INFO - Setting next_dagrun for example_external_task_marker_parent to None, run_after=None
[2025-05-04T03:53:07.302-0300] {processor.py:183} INFO - Processing /home/facuvega/Descargas/crypto-etl-airflow/airflow-apache/lib/python3.11/site-packages/airflow/example_dags/example_external_task_marker_dag.py took 0.280 seconds
[2025-05-04T03:54:01.347-0300] {processor.py:161} INFO - Started process (PID=20876) to work on /home/facuvega/Descargas/crypto-etl-airflow/airflow-apache/lib/python3.11/site-packages/airflow/example_dags/example_external_task_marker_dag.py
[2025-05-04T03:54:01.349-0300] {processor.py:830} INFO - Processing file /home/facuvega/Descargas/crypto-etl-airflow/airflow-apache/lib/python3.11/site-packages/airflow/example_dags/example_external_task_marker_dag.py for tasks to queue
[2025-05-04T03:54:01.351-0300] {logging_mixin.py:188} INFO - [2025-05-04T03:54:01.350-0300] {dagbag.py:540} INFO - Filling up the DagBag from /home/facuvega/Descargas/crypto-etl-airflow/airflow-apache/lib/python3.11/site-packages/airflow/example_dags/example_external_task_marker_dag.py
[2025-05-04T03:54:01.362-0300] {processor.py:840} INFO - DAG(s) 'example_external_task_marker_parent', 'example_external_task_marker_child' retrieved from /home/facuvega/Descargas/crypto-etl-airflow/airflow-apache/lib/python3.11/site-packages/airflow/example_dags/example_external_task_marker_dag.py
[2025-05-04T03:54:01.388-0300] {logging_mixin.py:188} INFO - [2025-05-04T03:54:01.388-0300] {dag.py:3096} INFO - Sync 2 DAGs
[2025-05-04T03:54:01.401-0300] {logging_mixin.py:188} INFO - [2025-05-04T03:54:01.401-0300] {dag.py:3954} INFO - Setting next_dagrun for example_external_task_marker_child to None, run_after=None
[2025-05-04T03:54:01.405-0300] {logging_mixin.py:188} INFO - [2025-05-04T03:54:01.404-0300] {dag.py:3954} INFO - Setting next_dagrun for example_external_task_marker_parent to None, run_after=None
[2025-05-04T03:54:01.425-0300] {processor.py:183} INFO - Processing /home/facuvega/Descargas/crypto-etl-airflow/airflow-apache/lib/python3.11/site-packages/airflow/example_dags/example_external_task_marker_dag.py took 0.089 seconds
[2025-05-04T03:55:03.187-0300] {processor.py:161} INFO - Started process (PID=21160) to work on /home/facuvega/Descargas/crypto-etl-airflow/airflow-apache/lib/python3.11/site-packages/airflow/example_dags/example_external_task_marker_dag.py
[2025-05-04T03:55:03.188-0300] {processor.py:830} INFO - Processing file /home/facuvega/Descargas/crypto-etl-airflow/airflow-apache/lib/python3.11/site-packages/airflow/example_dags/example_external_task_marker_dag.py for tasks to queue
[2025-05-04T03:55:03.189-0300] {logging_mixin.py:188} INFO - [2025-05-04T03:55:03.189-0300] {dagbag.py:540} INFO - Filling up the DagBag from /home/facuvega/Descargas/crypto-etl-airflow/airflow-apache/lib/python3.11/site-packages/airflow/example_dags/example_external_task_marker_dag.py
[2025-05-04T03:55:03.195-0300] {processor.py:840} INFO - DAG(s) 'example_external_task_marker_child', 'example_external_task_marker_parent' retrieved from /home/facuvega/Descargas/crypto-etl-airflow/airflow-apache/lib/python3.11/site-packages/airflow/example_dags/example_external_task_marker_dag.py
[2025-05-04T03:55:03.209-0300] {logging_mixin.py:188} INFO - [2025-05-04T03:55:03.209-0300] {dag.py:3096} INFO - Sync 2 DAGs
[2025-05-04T03:55:03.217-0300] {logging_mixin.py:188} INFO - [2025-05-04T03:55:03.217-0300] {dag.py:3954} INFO - Setting next_dagrun for example_external_task_marker_child to None, run_after=None
[2025-05-04T03:55:03.219-0300] {logging_mixin.py:188} INFO - [2025-05-04T03:55:03.219-0300] {dag.py:3954} INFO - Setting next_dagrun for example_external_task_marker_parent to None, run_after=None
[2025-05-04T03:55:03.231-0300] {processor.py:183} INFO - Processing /home/facuvega/Descargas/crypto-etl-airflow/airflow-apache/lib/python3.11/site-packages/airflow/example_dags/example_external_task_marker_dag.py took 0.049 seconds
[2025-05-04T03:55:54.395-0300] {processor.py:161} INFO - Started process (PID=21505) to work on /home/facuvega/Descargas/crypto-etl-airflow/airflow-apache/lib/python3.11/site-packages/airflow/example_dags/example_external_task_marker_dag.py
[2025-05-04T03:55:54.396-0300] {processor.py:830} INFO - Processing file /home/facuvega/Descargas/crypto-etl-airflow/airflow-apache/lib/python3.11/site-packages/airflow/example_dags/example_external_task_marker_dag.py for tasks to queue
[2025-05-04T03:55:54.397-0300] {logging_mixin.py:188} INFO - [2025-05-04T03:55:54.397-0300] {dagbag.py:540} INFO - Filling up the DagBag from /home/facuvega/Descargas/crypto-etl-airflow/airflow-apache/lib/python3.11/site-packages/airflow/example_dags/example_external_task_marker_dag.py
[2025-05-04T03:55:54.404-0300] {processor.py:840} INFO - DAG(s) 'example_external_task_marker_child', 'example_external_task_marker_parent' retrieved from /home/facuvega/Descargas/crypto-etl-airflow/airflow-apache/lib/python3.11/site-packages/airflow/example_dags/example_external_task_marker_dag.py
[2025-05-04T03:55:54.421-0300] {logging_mixin.py:188} INFO - [2025-05-04T03:55:54.421-0300] {dag.py:3096} INFO - Sync 2 DAGs
[2025-05-04T03:55:54.431-0300] {logging_mixin.py:188} INFO - [2025-05-04T03:55:54.431-0300] {dag.py:3954} INFO - Setting next_dagrun for example_external_task_marker_child to None, run_after=None
[2025-05-04T03:55:54.434-0300] {logging_mixin.py:188} INFO - [2025-05-04T03:55:54.434-0300] {dag.py:3954} INFO - Setting next_dagrun for example_external_task_marker_parent to None, run_after=None
[2025-05-04T03:55:54.448-0300] {processor.py:183} INFO - Processing /home/facuvega/Descargas/crypto-etl-airflow/airflow-apache/lib/python3.11/site-packages/airflow/example_dags/example_external_task_marker_dag.py took 0.060 seconds
[2025-05-04T03:56:53.198-0300] {processor.py:161} INFO - Started process (PID=21773) to work on /home/facuvega/Descargas/crypto-etl-airflow/airflow-apache/lib/python3.11/site-packages/airflow/example_dags/example_external_task_marker_dag.py
[2025-05-04T03:56:53.199-0300] {processor.py:830} INFO - Processing file /home/facuvega/Descargas/crypto-etl-airflow/airflow-apache/lib/python3.11/site-packages/airflow/example_dags/example_external_task_marker_dag.py for tasks to queue
[2025-05-04T03:56:53.201-0300] {logging_mixin.py:188} INFO - [2025-05-04T03:56:53.200-0300] {dagbag.py:540} INFO - Filling up the DagBag from /home/facuvega/Descargas/crypto-etl-airflow/airflow-apache/lib/python3.11/site-packages/airflow/example_dags/example_external_task_marker_dag.py
[2025-05-04T03:56:53.206-0300] {processor.py:840} INFO - DAG(s) 'example_external_task_marker_parent', 'example_external_task_marker_child' retrieved from /home/facuvega/Descargas/crypto-etl-airflow/airflow-apache/lib/python3.11/site-packages/airflow/example_dags/example_external_task_marker_dag.py
[2025-05-04T03:56:53.221-0300] {logging_mixin.py:188} INFO - [2025-05-04T03:56:53.221-0300] {dag.py:3096} INFO - Sync 2 DAGs
[2025-05-04T03:56:53.230-0300] {logging_mixin.py:188} INFO - [2025-05-04T03:56:53.229-0300] {dag.py:3954} INFO - Setting next_dagrun for example_external_task_marker_child to None, run_after=None
[2025-05-04T03:56:53.232-0300] {logging_mixin.py:188} INFO - [2025-05-04T03:56:53.232-0300] {dag.py:3954} INFO - Setting next_dagrun for example_external_task_marker_parent to None, run_after=None
[2025-05-04T03:56:53.246-0300] {processor.py:183} INFO - Processing /home/facuvega/Descargas/crypto-etl-airflow/airflow-apache/lib/python3.11/site-packages/airflow/example_dags/example_external_task_marker_dag.py took 0.053 seconds
[2025-05-04T03:58:31.094-0300] {processor.py:161} INFO - Started process (PID=22661) to work on /home/facuvega/Descargas/crypto-etl-airflow/airflow-apache/lib/python3.11/site-packages/airflow/example_dags/example_external_task_marker_dag.py
[2025-05-04T03:58:31.095-0300] {processor.py:830} INFO - Processing file /home/facuvega/Descargas/crypto-etl-airflow/airflow-apache/lib/python3.11/site-packages/airflow/example_dags/example_external_task_marker_dag.py for tasks to queue
[2025-05-04T03:58:31.096-0300] {logging_mixin.py:188} INFO - [2025-05-04T03:58:31.096-0300] {dagbag.py:540} INFO - Filling up the DagBag from /home/facuvega/Descargas/crypto-etl-airflow/airflow-apache/lib/python3.11/site-packages/airflow/example_dags/example_external_task_marker_dag.py
[2025-05-04T03:58:31.102-0300] {processor.py:840} INFO - DAG(s) 'example_external_task_marker_parent', 'example_external_task_marker_child' retrieved from /home/facuvega/Descargas/crypto-etl-airflow/airflow-apache/lib/python3.11/site-packages/airflow/example_dags/example_external_task_marker_dag.py
[2025-05-04T03:58:31.115-0300] {logging_mixin.py:188} INFO - [2025-05-04T03:58:31.115-0300] {dag.py:3096} INFO - Sync 2 DAGs
[2025-05-04T03:58:31.124-0300] {logging_mixin.py:188} INFO - [2025-05-04T03:58:31.124-0300] {dag.py:3954} INFO - Setting next_dagrun for example_external_task_marker_child to None, run_after=None
[2025-05-04T03:58:31.126-0300] {logging_mixin.py:188} INFO - [2025-05-04T03:58:31.126-0300] {dag.py:3954} INFO - Setting next_dagrun for example_external_task_marker_parent to None, run_after=None
[2025-05-04T03:58:31.138-0300] {processor.py:183} INFO - Processing /home/facuvega/Descargas/crypto-etl-airflow/airflow-apache/lib/python3.11/site-packages/airflow/example_dags/example_external_task_marker_dag.py took 0.048 seconds
[2025-05-04T03:59:25.731-0300] {processor.py:161} INFO - Started process (PID=22901) to work on /home/facuvega/Descargas/crypto-etl-airflow/airflow-apache/lib/python3.11/site-packages/airflow/example_dags/example_external_task_marker_dag.py
[2025-05-04T03:59:25.732-0300] {processor.py:830} INFO - Processing file /home/facuvega/Descargas/crypto-etl-airflow/airflow-apache/lib/python3.11/site-packages/airflow/example_dags/example_external_task_marker_dag.py for tasks to queue
[2025-05-04T03:59:25.734-0300] {logging_mixin.py:188} INFO - [2025-05-04T03:59:25.734-0300] {dagbag.py:540} INFO - Filling up the DagBag from /home/facuvega/Descargas/crypto-etl-airflow/airflow-apache/lib/python3.11/site-packages/airflow/example_dags/example_external_task_marker_dag.py
[2025-05-04T03:59:25.743-0300] {processor.py:840} INFO - DAG(s) 'example_external_task_marker_child', 'example_external_task_marker_parent' retrieved from /home/facuvega/Descargas/crypto-etl-airflow/airflow-apache/lib/python3.11/site-packages/airflow/example_dags/example_external_task_marker_dag.py
[2025-05-04T03:59:25.764-0300] {logging_mixin.py:188} INFO - [2025-05-04T03:59:25.764-0300] {dag.py:3096} INFO - Sync 2 DAGs
[2025-05-04T03:59:25.778-0300] {logging_mixin.py:188} INFO - [2025-05-04T03:59:25.778-0300] {dag.py:3954} INFO - Setting next_dagrun for example_external_task_marker_child to None, run_after=None
[2025-05-04T03:59:25.782-0300] {logging_mixin.py:188} INFO - [2025-05-04T03:59:25.782-0300] {dag.py:3954} INFO - Setting next_dagrun for example_external_task_marker_parent to None, run_after=None
[2025-05-04T03:59:25.799-0300] {processor.py:183} INFO - Processing /home/facuvega/Descargas/crypto-etl-airflow/airflow-apache/lib/python3.11/site-packages/airflow/example_dags/example_external_task_marker_dag.py took 0.076 seconds
[2025-05-04T04:00:35.743-0300] {processor.py:161} INFO - Started process (PID=23819) to work on /home/facuvega/Descargas/crypto-etl-airflow/airflow-apache/lib/python3.11/site-packages/airflow/example_dags/example_external_task_marker_dag.py
[2025-05-04T04:00:35.747-0300] {processor.py:830} INFO - Processing file /home/facuvega/Descargas/crypto-etl-airflow/airflow-apache/lib/python3.11/site-packages/airflow/example_dags/example_external_task_marker_dag.py for tasks to queue
[2025-05-04T04:00:35.753-0300] {logging_mixin.py:188} INFO - [2025-05-04T04:00:35.752-0300] {dagbag.py:540} INFO - Filling up the DagBag from /home/facuvega/Descargas/crypto-etl-airflow/airflow-apache/lib/python3.11/site-packages/airflow/example_dags/example_external_task_marker_dag.py
[2025-05-04T04:00:35.786-0300] {processor.py:840} INFO - DAG(s) 'example_external_task_marker_parent', 'example_external_task_marker_child' retrieved from /home/facuvega/Descargas/crypto-etl-airflow/airflow-apache/lib/python3.11/site-packages/airflow/example_dags/example_external_task_marker_dag.py
[2025-05-04T04:00:35.847-0300] {logging_mixin.py:188} INFO - [2025-05-04T04:00:35.847-0300] {dag.py:3096} INFO - Sync 2 DAGs
[2025-05-04T04:00:35.912-0300] {logging_mixin.py:188} INFO - [2025-05-04T04:00:35.911-0300] {dag.py:3954} INFO - Setting next_dagrun for example_external_task_marker_child to None, run_after=None
[2025-05-04T04:00:35.929-0300] {logging_mixin.py:188} INFO - [2025-05-04T04:00:35.928-0300] {dag.py:3954} INFO - Setting next_dagrun for example_external_task_marker_parent to None, run_after=None
[2025-05-04T04:00:36.054-0300] {processor.py:183} INFO - Processing /home/facuvega/Descargas/crypto-etl-airflow/airflow-apache/lib/python3.11/site-packages/airflow/example_dags/example_external_task_marker_dag.py took 0.323 seconds
[2025-05-04T04:01:32.312-0300] {processor.py:161} INFO - Started process (PID=24076) to work on /home/facuvega/Descargas/crypto-etl-airflow/airflow-apache/lib/python3.11/site-packages/airflow/example_dags/example_external_task_marker_dag.py
[2025-05-04T04:01:32.313-0300] {processor.py:830} INFO - Processing file /home/facuvega/Descargas/crypto-etl-airflow/airflow-apache/lib/python3.11/site-packages/airflow/example_dags/example_external_task_marker_dag.py for tasks to queue
[2025-05-04T04:01:32.315-0300] {logging_mixin.py:188} INFO - [2025-05-04T04:01:32.314-0300] {dagbag.py:540} INFO - Filling up the DagBag from /home/facuvega/Descargas/crypto-etl-airflow/airflow-apache/lib/python3.11/site-packages/airflow/example_dags/example_external_task_marker_dag.py
[2025-05-04T04:01:32.324-0300] {processor.py:840} INFO - DAG(s) 'example_external_task_marker_child', 'example_external_task_marker_parent' retrieved from /home/facuvega/Descargas/crypto-etl-airflow/airflow-apache/lib/python3.11/site-packages/airflow/example_dags/example_external_task_marker_dag.py
[2025-05-04T04:01:32.342-0300] {logging_mixin.py:188} INFO - [2025-05-04T04:01:32.342-0300] {dag.py:3096} INFO - Sync 2 DAGs
[2025-05-04T04:01:32.353-0300] {logging_mixin.py:188} INFO - [2025-05-04T04:01:32.352-0300] {dag.py:3954} INFO - Setting next_dagrun for example_external_task_marker_child to None, run_after=None
[2025-05-04T04:01:32.355-0300] {logging_mixin.py:188} INFO - [2025-05-04T04:01:32.355-0300] {dag.py:3954} INFO - Setting next_dagrun for example_external_task_marker_parent to None, run_after=None
[2025-05-04T04:01:32.368-0300] {processor.py:183} INFO - Processing /home/facuvega/Descargas/crypto-etl-airflow/airflow-apache/lib/python3.11/site-packages/airflow/example_dags/example_external_task_marker_dag.py took 0.064 seconds
[2025-05-04T04:03:37.058-0300] {processor.py:161} INFO - Started process (PID=25055) to work on /home/facuvega/Descargas/crypto-etl-airflow/airflow-apache/lib/python3.11/site-packages/airflow/example_dags/example_external_task_marker_dag.py
[2025-05-04T04:03:37.063-0300] {processor.py:830} INFO - Processing file /home/facuvega/Descargas/crypto-etl-airflow/airflow-apache/lib/python3.11/site-packages/airflow/example_dags/example_external_task_marker_dag.py for tasks to queue
[2025-05-04T04:03:37.069-0300] {logging_mixin.py:188} INFO - [2025-05-04T04:03:37.065-0300] {dagbag.py:540} INFO - Filling up the DagBag from /home/facuvega/Descargas/crypto-etl-airflow/airflow-apache/lib/python3.11/site-packages/airflow/example_dags/example_external_task_marker_dag.py
[2025-05-04T04:03:37.092-0300] {processor.py:840} INFO - DAG(s) 'example_external_task_marker_child', 'example_external_task_marker_parent' retrieved from /home/facuvega/Descargas/crypto-etl-airflow/airflow-apache/lib/python3.11/site-packages/airflow/example_dags/example_external_task_marker_dag.py
[2025-05-04T04:03:37.112-0300] {logging_mixin.py:188} INFO - [2025-05-04T04:03:37.112-0300] {dag.py:3096} INFO - Sync 2 DAGs
[2025-05-04T04:03:37.123-0300] {logging_mixin.py:188} INFO - [2025-05-04T04:03:37.123-0300] {dag.py:3954} INFO - Setting next_dagrun for example_external_task_marker_child to None, run_after=None
[2025-05-04T04:03:37.125-0300] {logging_mixin.py:188} INFO - [2025-05-04T04:03:37.125-0300] {dag.py:3954} INFO - Setting next_dagrun for example_external_task_marker_parent to None, run_after=None
[2025-05-04T04:03:37.142-0300] {processor.py:183} INFO - Processing /home/facuvega/Descargas/crypto-etl-airflow/airflow-apache/lib/python3.11/site-packages/airflow/example_dags/example_external_task_marker_dag.py took 0.104 seconds
[2025-05-04T04:04:34.203-0300] {processor.py:161} INFO - Started process (PID=25518) to work on /home/facuvega/Descargas/crypto-etl-airflow/airflow-apache/lib/python3.11/site-packages/airflow/example_dags/example_external_task_marker_dag.py
[2025-05-04T04:04:34.204-0300] {processor.py:830} INFO - Processing file /home/facuvega/Descargas/crypto-etl-airflow/airflow-apache/lib/python3.11/site-packages/airflow/example_dags/example_external_task_marker_dag.py for tasks to queue
[2025-05-04T04:04:34.206-0300] {logging_mixin.py:188} INFO - [2025-05-04T04:04:34.206-0300] {dagbag.py:540} INFO - Filling up the DagBag from /home/facuvega/Descargas/crypto-etl-airflow/airflow-apache/lib/python3.11/site-packages/airflow/example_dags/example_external_task_marker_dag.py
[2025-05-04T04:04:34.215-0300] {processor.py:840} INFO - DAG(s) 'example_external_task_marker_parent', 'example_external_task_marker_child' retrieved from /home/facuvega/Descargas/crypto-etl-airflow/airflow-apache/lib/python3.11/site-packages/airflow/example_dags/example_external_task_marker_dag.py
[2025-05-04T04:04:34.266-0300] {logging_mixin.py:188} INFO - [2025-05-04T04:04:34.265-0300] {dag.py:3096} INFO - Sync 2 DAGs
[2025-05-04T04:04:34.309-0300] {logging_mixin.py:188} INFO - [2025-05-04T04:04:34.308-0300] {dag.py:3954} INFO - Setting next_dagrun for example_external_task_marker_child to None, run_after=None
[2025-05-04T04:04:34.319-0300] {logging_mixin.py:188} INFO - [2025-05-04T04:04:34.317-0300] {dag.py:3954} INFO - Setting next_dagrun for example_external_task_marker_parent to None, run_after=None
[2025-05-04T04:04:34.358-0300] {processor.py:183} INFO - Processing /home/facuvega/Descargas/crypto-etl-airflow/airflow-apache/lib/python3.11/site-packages/airflow/example_dags/example_external_task_marker_dag.py took 0.160 seconds
[2025-05-04T04:05:58.178-0300] {processor.py:161} INFO - Started process (PID=26458) to work on /home/facuvega/Descargas/crypto-etl-airflow/airflow-apache/lib/python3.11/site-packages/airflow/example_dags/example_external_task_marker_dag.py
[2025-05-04T04:05:58.179-0300] {processor.py:830} INFO - Processing file /home/facuvega/Descargas/crypto-etl-airflow/airflow-apache/lib/python3.11/site-packages/airflow/example_dags/example_external_task_marker_dag.py for tasks to queue
[2025-05-04T04:05:58.181-0300] {logging_mixin.py:188} INFO - [2025-05-04T04:05:58.180-0300] {dagbag.py:540} INFO - Filling up the DagBag from /home/facuvega/Descargas/crypto-etl-airflow/airflow-apache/lib/python3.11/site-packages/airflow/example_dags/example_external_task_marker_dag.py
[2025-05-04T04:05:58.186-0300] {processor.py:840} INFO - DAG(s) 'example_external_task_marker_parent', 'example_external_task_marker_child' retrieved from /home/facuvega/Descargas/crypto-etl-airflow/airflow-apache/lib/python3.11/site-packages/airflow/example_dags/example_external_task_marker_dag.py
[2025-05-04T04:05:58.202-0300] {logging_mixin.py:188} INFO - [2025-05-04T04:05:58.202-0300] {dag.py:3096} INFO - Sync 2 DAGs
[2025-05-04T04:05:58.211-0300] {logging_mixin.py:188} INFO - [2025-05-04T04:05:58.211-0300] {dag.py:3954} INFO - Setting next_dagrun for example_external_task_marker_child to None, run_after=None
[2025-05-04T04:05:58.213-0300] {logging_mixin.py:188} INFO - [2025-05-04T04:05:58.213-0300] {dag.py:3954} INFO - Setting next_dagrun for example_external_task_marker_parent to None, run_after=None
[2025-05-04T04:05:58.225-0300] {processor.py:183} INFO - Processing /home/facuvega/Descargas/crypto-etl-airflow/airflow-apache/lib/python3.11/site-packages/airflow/example_dags/example_external_task_marker_dag.py took 0.052 seconds
[2025-05-04T04:07:09.517-0300] {processor.py:161} INFO - Started process (PID=26854) to work on /home/facuvega/Descargas/crypto-etl-airflow/airflow-apache/lib/python3.11/site-packages/airflow/example_dags/example_external_task_marker_dag.py
[2025-05-04T04:07:09.518-0300] {processor.py:830} INFO - Processing file /home/facuvega/Descargas/crypto-etl-airflow/airflow-apache/lib/python3.11/site-packages/airflow/example_dags/example_external_task_marker_dag.py for tasks to queue
[2025-05-04T04:07:09.521-0300] {logging_mixin.py:188} INFO - [2025-05-04T04:07:09.521-0300] {dagbag.py:540} INFO - Filling up the DagBag from /home/facuvega/Descargas/crypto-etl-airflow/airflow-apache/lib/python3.11/site-packages/airflow/example_dags/example_external_task_marker_dag.py
[2025-05-04T04:07:09.529-0300] {processor.py:840} INFO - DAG(s) 'example_external_task_marker_parent', 'example_external_task_marker_child' retrieved from /home/facuvega/Descargas/crypto-etl-airflow/airflow-apache/lib/python3.11/site-packages/airflow/example_dags/example_external_task_marker_dag.py
[2025-05-04T04:07:09.545-0300] {logging_mixin.py:188} INFO - [2025-05-04T04:07:09.545-0300] {dag.py:3096} INFO - Sync 2 DAGs
[2025-05-04T04:07:09.556-0300] {logging_mixin.py:188} INFO - [2025-05-04T04:07:09.556-0300] {dag.py:3954} INFO - Setting next_dagrun for example_external_task_marker_child to None, run_after=None
[2025-05-04T04:07:09.559-0300] {logging_mixin.py:188} INFO - [2025-05-04T04:07:09.559-0300] {dag.py:3954} INFO - Setting next_dagrun for example_external_task_marker_parent to None, run_after=None
[2025-05-04T04:07:09.576-0300] {processor.py:183} INFO - Processing /home/facuvega/Descargas/crypto-etl-airflow/airflow-apache/lib/python3.11/site-packages/airflow/example_dags/example_external_task_marker_dag.py took 0.068 seconds
[2025-05-04T04:10:47.561-0300] {processor.py:161} INFO - Started process (PID=29013) to work on /home/facuvega/Descargas/crypto-etl-airflow/airflow-apache/lib/python3.11/site-packages/airflow/example_dags/example_external_task_marker_dag.py
[2025-05-04T04:10:47.562-0300] {processor.py:830} INFO - Processing file /home/facuvega/Descargas/crypto-etl-airflow/airflow-apache/lib/python3.11/site-packages/airflow/example_dags/example_external_task_marker_dag.py for tasks to queue
[2025-05-04T04:10:47.564-0300] {logging_mixin.py:188} INFO - [2025-05-04T04:10:47.564-0300] {dagbag.py:540} INFO - Filling up the DagBag from /home/facuvega/Descargas/crypto-etl-airflow/airflow-apache/lib/python3.11/site-packages/airflow/example_dags/example_external_task_marker_dag.py
[2025-05-04T04:10:47.578-0300] {processor.py:840} INFO - DAG(s) 'example_external_task_marker_parent', 'example_external_task_marker_child' retrieved from /home/facuvega/Descargas/crypto-etl-airflow/airflow-apache/lib/python3.11/site-packages/airflow/example_dags/example_external_task_marker_dag.py
[2025-05-04T04:10:47.598-0300] {logging_mixin.py:188} INFO - [2025-05-04T04:10:47.598-0300] {dag.py:3096} INFO - Sync 2 DAGs
[2025-05-04T04:10:47.608-0300] {logging_mixin.py:188} INFO - [2025-05-04T04:10:47.608-0300] {dag.py:3954} INFO - Setting next_dagrun for example_external_task_marker_child to None, run_after=None
[2025-05-04T04:10:47.611-0300] {logging_mixin.py:188} INFO - [2025-05-04T04:10:47.611-0300] {dag.py:3954} INFO - Setting next_dagrun for example_external_task_marker_parent to None, run_after=None
[2025-05-04T04:10:47.626-0300] {processor.py:183} INFO - Processing /home/facuvega/Descargas/crypto-etl-airflow/airflow-apache/lib/python3.11/site-packages/airflow/example_dags/example_external_task_marker_dag.py took 0.072 seconds
[2025-05-04T04:11:41.423-0300] {processor.py:161} INFO - Started process (PID=29309) to work on /home/facuvega/Descargas/crypto-etl-airflow/airflow-apache/lib/python3.11/site-packages/airflow/example_dags/example_external_task_marker_dag.py
[2025-05-04T04:11:41.426-0300] {processor.py:830} INFO - Processing file /home/facuvega/Descargas/crypto-etl-airflow/airflow-apache/lib/python3.11/site-packages/airflow/example_dags/example_external_task_marker_dag.py for tasks to queue
[2025-05-04T04:11:41.432-0300] {logging_mixin.py:188} INFO - [2025-05-04T04:11:41.431-0300] {dagbag.py:540} INFO - Filling up the DagBag from /home/facuvega/Descargas/crypto-etl-airflow/airflow-apache/lib/python3.11/site-packages/airflow/example_dags/example_external_task_marker_dag.py
[2025-05-04T04:11:41.454-0300] {processor.py:840} INFO - DAG(s) 'example_external_task_marker_parent', 'example_external_task_marker_child' retrieved from /home/facuvega/Descargas/crypto-etl-airflow/airflow-apache/lib/python3.11/site-packages/airflow/example_dags/example_external_task_marker_dag.py
[2025-05-04T04:11:41.519-0300] {logging_mixin.py:188} INFO - [2025-05-04T04:11:41.519-0300] {dag.py:3096} INFO - Sync 2 DAGs
[2025-05-04T04:11:41.551-0300] {logging_mixin.py:188} INFO - [2025-05-04T04:11:41.551-0300] {dag.py:3954} INFO - Setting next_dagrun for example_external_task_marker_child to None, run_after=None
[2025-05-04T04:11:41.555-0300] {logging_mixin.py:188} INFO - [2025-05-04T04:11:41.555-0300] {dag.py:3954} INFO - Setting next_dagrun for example_external_task_marker_parent to None, run_after=None
[2025-05-04T04:11:41.606-0300] {processor.py:183} INFO - Processing /home/facuvega/Descargas/crypto-etl-airflow/airflow-apache/lib/python3.11/site-packages/airflow/example_dags/example_external_task_marker_dag.py took 0.195 seconds
[2025-05-04T04:12:35.658-0300] {processor.py:161} INFO - Started process (PID=29559) to work on /home/facuvega/Descargas/crypto-etl-airflow/airflow-apache/lib/python3.11/site-packages/airflow/example_dags/example_external_task_marker_dag.py
[2025-05-04T04:12:35.659-0300] {processor.py:830} INFO - Processing file /home/facuvega/Descargas/crypto-etl-airflow/airflow-apache/lib/python3.11/site-packages/airflow/example_dags/example_external_task_marker_dag.py for tasks to queue
[2025-05-04T04:12:35.660-0300] {logging_mixin.py:188} INFO - [2025-05-04T04:12:35.660-0300] {dagbag.py:540} INFO - Filling up the DagBag from /home/facuvega/Descargas/crypto-etl-airflow/airflow-apache/lib/python3.11/site-packages/airflow/example_dags/example_external_task_marker_dag.py
[2025-05-04T04:12:35.665-0300] {processor.py:840} INFO - DAG(s) 'example_external_task_marker_child', 'example_external_task_marker_parent' retrieved from /home/facuvega/Descargas/crypto-etl-airflow/airflow-apache/lib/python3.11/site-packages/airflow/example_dags/example_external_task_marker_dag.py
[2025-05-04T04:12:35.679-0300] {logging_mixin.py:188} INFO - [2025-05-04T04:12:35.679-0300] {dag.py:3096} INFO - Sync 2 DAGs
[2025-05-04T04:12:35.687-0300] {logging_mixin.py:188} INFO - [2025-05-04T04:12:35.687-0300] {dag.py:3954} INFO - Setting next_dagrun for example_external_task_marker_child to None, run_after=None
[2025-05-04T04:12:35.689-0300] {logging_mixin.py:188} INFO - [2025-05-04T04:12:35.688-0300] {dag.py:3954} INFO - Setting next_dagrun for example_external_task_marker_parent to None, run_after=None
[2025-05-04T04:12:35.700-0300] {processor.py:183} INFO - Processing /home/facuvega/Descargas/crypto-etl-airflow/airflow-apache/lib/python3.11/site-packages/airflow/example_dags/example_external_task_marker_dag.py took 0.047 seconds
[2025-05-04T04:13:38.952-0300] {processor.py:161} INFO - Started process (PID=29843) to work on /home/facuvega/Descargas/crypto-etl-airflow/airflow-apache/lib/python3.11/site-packages/airflow/example_dags/example_external_task_marker_dag.py
[2025-05-04T04:13:38.953-0300] {processor.py:830} INFO - Processing file /home/facuvega/Descargas/crypto-etl-airflow/airflow-apache/lib/python3.11/site-packages/airflow/example_dags/example_external_task_marker_dag.py for tasks to queue
[2025-05-04T04:13:38.954-0300] {logging_mixin.py:188} INFO - [2025-05-04T04:13:38.954-0300] {dagbag.py:540} INFO - Filling up the DagBag from /home/facuvega/Descargas/crypto-etl-airflow/airflow-apache/lib/python3.11/site-packages/airflow/example_dags/example_external_task_marker_dag.py
[2025-05-04T04:13:38.960-0300] {processor.py:840} INFO - DAG(s) 'example_external_task_marker_parent', 'example_external_task_marker_child' retrieved from /home/facuvega/Descargas/crypto-etl-airflow/airflow-apache/lib/python3.11/site-packages/airflow/example_dags/example_external_task_marker_dag.py
[2025-05-04T04:13:38.973-0300] {logging_mixin.py:188} INFO - [2025-05-04T04:13:38.973-0300] {dag.py:3096} INFO - Sync 2 DAGs
[2025-05-04T04:13:38.981-0300] {logging_mixin.py:188} INFO - [2025-05-04T04:13:38.981-0300] {dag.py:3954} INFO - Setting next_dagrun for example_external_task_marker_child to None, run_after=None
[2025-05-04T04:13:38.983-0300] {logging_mixin.py:188} INFO - [2025-05-04T04:13:38.983-0300] {dag.py:3954} INFO - Setting next_dagrun for example_external_task_marker_parent to None, run_after=None
[2025-05-04T04:13:38.994-0300] {processor.py:183} INFO - Processing /home/facuvega/Descargas/crypto-etl-airflow/airflow-apache/lib/python3.11/site-packages/airflow/example_dags/example_external_task_marker_dag.py took 0.047 seconds
[2025-05-04T04:14:38.803-0300] {processor.py:161} INFO - Started process (PID=30115) to work on /home/facuvega/Descargas/crypto-etl-airflow/airflow-apache/lib/python3.11/site-packages/airflow/example_dags/example_external_task_marker_dag.py
[2025-05-04T04:14:38.804-0300] {processor.py:830} INFO - Processing file /home/facuvega/Descargas/crypto-etl-airflow/airflow-apache/lib/python3.11/site-packages/airflow/example_dags/example_external_task_marker_dag.py for tasks to queue
[2025-05-04T04:14:38.806-0300] {logging_mixin.py:188} INFO - [2025-05-04T04:14:38.806-0300] {dagbag.py:540} INFO - Filling up the DagBag from /home/facuvega/Descargas/crypto-etl-airflow/airflow-apache/lib/python3.11/site-packages/airflow/example_dags/example_external_task_marker_dag.py
[2025-05-04T04:14:38.811-0300] {processor.py:840} INFO - DAG(s) 'example_external_task_marker_child', 'example_external_task_marker_parent' retrieved from /home/facuvega/Descargas/crypto-etl-airflow/airflow-apache/lib/python3.11/site-packages/airflow/example_dags/example_external_task_marker_dag.py
[2025-05-04T04:14:38.825-0300] {logging_mixin.py:188} INFO - [2025-05-04T04:14:38.824-0300] {dag.py:3096} INFO - Sync 2 DAGs
[2025-05-04T04:14:38.833-0300] {logging_mixin.py:188} INFO - [2025-05-04T04:14:38.833-0300] {dag.py:3954} INFO - Setting next_dagrun for example_external_task_marker_child to None, run_after=None
[2025-05-04T04:14:38.835-0300] {logging_mixin.py:188} INFO - [2025-05-04T04:14:38.835-0300] {dag.py:3954} INFO - Setting next_dagrun for example_external_task_marker_parent to None, run_after=None
[2025-05-04T04:14:38.846-0300] {processor.py:183} INFO - Processing /home/facuvega/Descargas/crypto-etl-airflow/airflow-apache/lib/python3.11/site-packages/airflow/example_dags/example_external_task_marker_dag.py took 0.048 seconds
[2025-05-04T04:15:51.741-0300] {processor.py:161} INFO - Started process (PID=30563) to work on /home/facuvega/Descargas/crypto-etl-airflow/airflow-apache/lib/python3.11/site-packages/airflow/example_dags/example_external_task_marker_dag.py
[2025-05-04T04:15:51.744-0300] {processor.py:830} INFO - Processing file /home/facuvega/Descargas/crypto-etl-airflow/airflow-apache/lib/python3.11/site-packages/airflow/example_dags/example_external_task_marker_dag.py for tasks to queue
[2025-05-04T04:15:51.746-0300] {logging_mixin.py:188} INFO - [2025-05-04T04:15:51.745-0300] {dagbag.py:540} INFO - Filling up the DagBag from /home/facuvega/Descargas/crypto-etl-airflow/airflow-apache/lib/python3.11/site-packages/airflow/example_dags/example_external_task_marker_dag.py
[2025-05-04T04:15:51.764-0300] {processor.py:840} INFO - DAG(s) 'example_external_task_marker_child', 'example_external_task_marker_parent' retrieved from /home/facuvega/Descargas/crypto-etl-airflow/airflow-apache/lib/python3.11/site-packages/airflow/example_dags/example_external_task_marker_dag.py
[2025-05-04T04:15:51.796-0300] {logging_mixin.py:188} INFO - [2025-05-04T04:15:51.796-0300] {dag.py:3096} INFO - Sync 2 DAGs
[2025-05-04T04:15:51.806-0300] {logging_mixin.py:188} INFO - [2025-05-04T04:15:51.805-0300] {dag.py:3954} INFO - Setting next_dagrun for example_external_task_marker_child to None, run_after=None
[2025-05-04T04:15:51.812-0300] {logging_mixin.py:188} INFO - [2025-05-04T04:15:51.812-0300] {dag.py:3954} INFO - Setting next_dagrun for example_external_task_marker_parent to None, run_after=None
[2025-05-04T04:15:51.841-0300] {processor.py:183} INFO - Processing /home/facuvega/Descargas/crypto-etl-airflow/airflow-apache/lib/python3.11/site-packages/airflow/example_dags/example_external_task_marker_dag.py took 0.106 seconds
[2025-05-04T04:17:30.245-0300] {processor.py:161} INFO - Started process (PID=31365) to work on /home/facuvega/Descargas/crypto-etl-airflow/airflow-apache/lib/python3.11/site-packages/airflow/example_dags/example_external_task_marker_dag.py
[2025-05-04T04:17:30.246-0300] {processor.py:830} INFO - Processing file /home/facuvega/Descargas/crypto-etl-airflow/airflow-apache/lib/python3.11/site-packages/airflow/example_dags/example_external_task_marker_dag.py for tasks to queue
[2025-05-04T04:17:30.248-0300] {logging_mixin.py:188} INFO - [2025-05-04T04:17:30.248-0300] {dagbag.py:540} INFO - Filling up the DagBag from /home/facuvega/Descargas/crypto-etl-airflow/airflow-apache/lib/python3.11/site-packages/airflow/example_dags/example_external_task_marker_dag.py
[2025-05-04T04:17:30.254-0300] {processor.py:840} INFO - DAG(s) 'example_external_task_marker_child', 'example_external_task_marker_parent' retrieved from /home/facuvega/Descargas/crypto-etl-airflow/airflow-apache/lib/python3.11/site-packages/airflow/example_dags/example_external_task_marker_dag.py
[2025-05-04T04:17:30.268-0300] {logging_mixin.py:188} INFO - [2025-05-04T04:17:30.268-0300] {dag.py:3096} INFO - Sync 2 DAGs
[2025-05-04T04:17:30.277-0300] {logging_mixin.py:188} INFO - [2025-05-04T04:17:30.277-0300] {dag.py:3954} INFO - Setting next_dagrun for example_external_task_marker_child to None, run_after=None
[2025-05-04T04:17:30.279-0300] {logging_mixin.py:188} INFO - [2025-05-04T04:17:30.279-0300] {dag.py:3954} INFO - Setting next_dagrun for example_external_task_marker_parent to None, run_after=None
[2025-05-04T04:17:30.291-0300] {processor.py:183} INFO - Processing /home/facuvega/Descargas/crypto-etl-airflow/airflow-apache/lib/python3.11/site-packages/airflow/example_dags/example_external_task_marker_dag.py took 0.051 seconds
[2025-05-04T04:19:00.820-0300] {processor.py:161} INFO - Started process (PID=32428) to work on /home/facuvega/Descargas/crypto-etl-airflow/airflow-apache/lib/python3.11/site-packages/airflow/example_dags/example_external_task_marker_dag.py
[2025-05-04T04:19:00.827-0300] {processor.py:830} INFO - Processing file /home/facuvega/Descargas/crypto-etl-airflow/airflow-apache/lib/python3.11/site-packages/airflow/example_dags/example_external_task_marker_dag.py for tasks to queue
[2025-05-04T04:19:00.837-0300] {logging_mixin.py:188} INFO - [2025-05-04T04:19:00.834-0300] {dagbag.py:540} INFO - Filling up the DagBag from /home/facuvega/Descargas/crypto-etl-airflow/airflow-apache/lib/python3.11/site-packages/airflow/example_dags/example_external_task_marker_dag.py
[2025-05-04T04:19:00.867-0300] {processor.py:840} INFO - DAG(s) 'example_external_task_marker_parent', 'example_external_task_marker_child' retrieved from /home/facuvega/Descargas/crypto-etl-airflow/airflow-apache/lib/python3.11/site-packages/airflow/example_dags/example_external_task_marker_dag.py
[2025-05-04T04:19:00.914-0300] {logging_mixin.py:188} INFO - [2025-05-04T04:19:00.907-0300] {dag.py:3096} INFO - Sync 2 DAGs
[2025-05-04T04:19:00.976-0300] {logging_mixin.py:188} INFO - [2025-05-04T04:19:00.976-0300] {dag.py:3954} INFO - Setting next_dagrun for example_external_task_marker_child to None, run_after=None
[2025-05-04T04:19:00.983-0300] {logging_mixin.py:188} INFO - [2025-05-04T04:19:00.983-0300] {dag.py:3954} INFO - Setting next_dagrun for example_external_task_marker_parent to None, run_after=None
[2025-05-04T04:19:01.013-0300] {processor.py:183} INFO - Processing /home/facuvega/Descargas/crypto-etl-airflow/airflow-apache/lib/python3.11/site-packages/airflow/example_dags/example_external_task_marker_dag.py took 0.226 seconds
[2025-05-04T04:20:02.566-0300] {processor.py:161} INFO - Started process (PID=32922) to work on /home/facuvega/Descargas/crypto-etl-airflow/airflow-apache/lib/python3.11/site-packages/airflow/example_dags/example_external_task_marker_dag.py
[2025-05-04T04:20:02.567-0300] {processor.py:830} INFO - Processing file /home/facuvega/Descargas/crypto-etl-airflow/airflow-apache/lib/python3.11/site-packages/airflow/example_dags/example_external_task_marker_dag.py for tasks to queue
[2025-05-04T04:20:02.569-0300] {logging_mixin.py:188} INFO - [2025-05-04T04:20:02.569-0300] {dagbag.py:540} INFO - Filling up the DagBag from /home/facuvega/Descargas/crypto-etl-airflow/airflow-apache/lib/python3.11/site-packages/airflow/example_dags/example_external_task_marker_dag.py
[2025-05-04T04:20:02.576-0300] {processor.py:840} INFO - DAG(s) 'example_external_task_marker_child', 'example_external_task_marker_parent' retrieved from /home/facuvega/Descargas/crypto-etl-airflow/airflow-apache/lib/python3.11/site-packages/airflow/example_dags/example_external_task_marker_dag.py
[2025-05-04T04:20:02.591-0300] {logging_mixin.py:188} INFO - [2025-05-04T04:20:02.591-0300] {dag.py:3096} INFO - Sync 2 DAGs
[2025-05-04T04:20:02.601-0300] {logging_mixin.py:188} INFO - [2025-05-04T04:20:02.601-0300] {dag.py:3954} INFO - Setting next_dagrun for example_external_task_marker_child to None, run_after=None
[2025-05-04T04:20:02.603-0300] {logging_mixin.py:188} INFO - [2025-05-04T04:20:02.603-0300] {dag.py:3954} INFO - Setting next_dagrun for example_external_task_marker_parent to None, run_after=None
[2025-05-04T04:20:02.615-0300] {processor.py:183} INFO - Processing /home/facuvega/Descargas/crypto-etl-airflow/airflow-apache/lib/python3.11/site-packages/airflow/example_dags/example_external_task_marker_dag.py took 0.055 seconds
[2025-05-04T04:20:53.399-0300] {processor.py:161} INFO - Started process (PID=33154) to work on /home/facuvega/Descargas/crypto-etl-airflow/airflow-apache/lib/python3.11/site-packages/airflow/example_dags/example_external_task_marker_dag.py
[2025-05-04T04:20:53.401-0300] {processor.py:830} INFO - Processing file /home/facuvega/Descargas/crypto-etl-airflow/airflow-apache/lib/python3.11/site-packages/airflow/example_dags/example_external_task_marker_dag.py for tasks to queue
[2025-05-04T04:20:53.403-0300] {logging_mixin.py:188} INFO - [2025-05-04T04:20:53.403-0300] {dagbag.py:540} INFO - Filling up the DagBag from /home/facuvega/Descargas/crypto-etl-airflow/airflow-apache/lib/python3.11/site-packages/airflow/example_dags/example_external_task_marker_dag.py
[2025-05-04T04:20:53.417-0300] {processor.py:840} INFO - DAG(s) 'example_external_task_marker_child', 'example_external_task_marker_parent' retrieved from /home/facuvega/Descargas/crypto-etl-airflow/airflow-apache/lib/python3.11/site-packages/airflow/example_dags/example_external_task_marker_dag.py
[2025-05-04T04:20:53.437-0300] {logging_mixin.py:188} INFO - [2025-05-04T04:20:53.436-0300] {dag.py:3096} INFO - Sync 2 DAGs
[2025-05-04T04:20:53.448-0300] {logging_mixin.py:188} INFO - [2025-05-04T04:20:53.448-0300] {dag.py:3954} INFO - Setting next_dagrun for example_external_task_marker_child to None, run_after=None
[2025-05-04T04:20:53.451-0300] {logging_mixin.py:188} INFO - [2025-05-04T04:20:53.451-0300] {dag.py:3954} INFO - Setting next_dagrun for example_external_task_marker_parent to None, run_after=None
[2025-05-04T04:20:53.468-0300] {processor.py:183} INFO - Processing /home/facuvega/Descargas/crypto-etl-airflow/airflow-apache/lib/python3.11/site-packages/airflow/example_dags/example_external_task_marker_dag.py took 0.074 seconds
[2025-05-04T04:22:38.955-0300] {processor.py:161} INFO - Started process (PID=34088) to work on /home/facuvega/Descargas/crypto-etl-airflow/airflow-apache/lib/python3.11/site-packages/airflow/example_dags/example_external_task_marker_dag.py
[2025-05-04T04:22:38.956-0300] {processor.py:830} INFO - Processing file /home/facuvega/Descargas/crypto-etl-airflow/airflow-apache/lib/python3.11/site-packages/airflow/example_dags/example_external_task_marker_dag.py for tasks to queue
[2025-05-04T04:22:38.958-0300] {logging_mixin.py:188} INFO - [2025-05-04T04:22:38.958-0300] {dagbag.py:540} INFO - Filling up the DagBag from /home/facuvega/Descargas/crypto-etl-airflow/airflow-apache/lib/python3.11/site-packages/airflow/example_dags/example_external_task_marker_dag.py
[2025-05-04T04:22:38.963-0300] {processor.py:840} INFO - DAG(s) 'example_external_task_marker_child', 'example_external_task_marker_parent' retrieved from /home/facuvega/Descargas/crypto-etl-airflow/airflow-apache/lib/python3.11/site-packages/airflow/example_dags/example_external_task_marker_dag.py
[2025-05-04T04:22:38.977-0300] {logging_mixin.py:188} INFO - [2025-05-04T04:22:38.976-0300] {dag.py:3096} INFO - Sync 2 DAGs
[2025-05-04T04:22:38.985-0300] {logging_mixin.py:188} INFO - [2025-05-04T04:22:38.985-0300] {dag.py:3954} INFO - Setting next_dagrun for example_external_task_marker_child to None, run_after=None
[2025-05-04T04:22:38.987-0300] {logging_mixin.py:188} INFO - [2025-05-04T04:22:38.987-0300] {dag.py:3954} INFO - Setting next_dagrun for example_external_task_marker_parent to None, run_after=None
[2025-05-04T04:22:39.000-0300] {processor.py:183} INFO - Processing /home/facuvega/Descargas/crypto-etl-airflow/airflow-apache/lib/python3.11/site-packages/airflow/example_dags/example_external_task_marker_dag.py took 0.050 seconds
[2025-05-04T04:24:16.071-0300] {processor.py:161} INFO - Started process (PID=35294) to work on /home/facuvega/Descargas/crypto-etl-airflow/airflow-apache/lib/python3.11/site-packages/airflow/example_dags/example_external_task_marker_dag.py
[2025-05-04T04:24:16.081-0300] {processor.py:830} INFO - Processing file /home/facuvega/Descargas/crypto-etl-airflow/airflow-apache/lib/python3.11/site-packages/airflow/example_dags/example_external_task_marker_dag.py for tasks to queue
[2025-05-04T04:24:16.108-0300] {logging_mixin.py:188} INFO - [2025-05-04T04:24:16.100-0300] {dagbag.py:540} INFO - Filling up the DagBag from /home/facuvega/Descargas/crypto-etl-airflow/airflow-apache/lib/python3.11/site-packages/airflow/example_dags/example_external_task_marker_dag.py
[2025-05-04T04:24:16.166-0300] {processor.py:840} INFO - DAG(s) 'example_external_task_marker_child', 'example_external_task_marker_parent' retrieved from /home/facuvega/Descargas/crypto-etl-airflow/airflow-apache/lib/python3.11/site-packages/airflow/example_dags/example_external_task_marker_dag.py
[2025-05-04T04:24:16.195-0300] {logging_mixin.py:188} INFO - [2025-05-04T04:24:16.195-0300] {dag.py:3096} INFO - Sync 2 DAGs
[2025-05-04T04:24:16.221-0300] {logging_mixin.py:188} INFO - [2025-05-04T04:24:16.220-0300] {dag.py:3954} INFO - Setting next_dagrun for example_external_task_marker_child to None, run_after=None
[2025-05-04T04:24:16.226-0300] {logging_mixin.py:188} INFO - [2025-05-04T04:24:16.225-0300] {dag.py:3954} INFO - Setting next_dagrun for example_external_task_marker_parent to None, run_after=None
[2025-05-04T04:24:16.268-0300] {processor.py:183} INFO - Processing /home/facuvega/Descargas/crypto-etl-airflow/airflow-apache/lib/python3.11/site-packages/airflow/example_dags/example_external_task_marker_dag.py took 0.215 seconds
