[2025-05-04T03:50:44.721-0300] {processor.py:161} INFO - Started process (PID=19636) to work on /home/facuvega/Descargas/crypto-etl-airflow/airflow-apache/lib/python3.11/site-packages/airflow/example_dags/example_task_group_decorator.py
[2025-05-04T03:50:44.721-0300] {processor.py:830} INFO - Processing file /home/facuvega/Descargas/crypto-etl-airflow/airflow-apache/lib/python3.11/site-packages/airflow/example_dags/example_task_group_decorator.py for tasks to queue
[2025-05-04T03:50:44.723-0300] {logging_mixin.py:188} INFO - [2025-05-04T03:50:44.722-0300] {dagbag.py:540} INFO - Filling up the DagBag from /home/facuvega/Descargas/crypto-etl-airflow/airflow-apache/lib/python3.11/site-packages/airflow/example_dags/example_task_group_decorator.py
[2025-05-04T03:50:44.736-0300] {processor.py:840} INFO - DAG(s) 'example_task_group_decorator' retrieved from /home/facuvega/Descargas/crypto-etl-airflow/airflow-apache/lib/python3.11/site-packages/airflow/example_dags/example_task_group_decorator.py
[2025-05-04T03:50:44.763-0300] {logging_mixin.py:188} INFO - [2025-05-04T03:50:44.763-0300] {dag.py:3096} INFO - Sync 1 DAGs
[2025-05-04T03:50:44.776-0300] {logging_mixin.py:188} INFO - [2025-05-04T03:50:44.776-0300] {dag.py:3954} INFO - Setting next_dagrun for example_task_group_decorator to 2025-05-03 00:00:00+00:00, run_after=2025-05-04 00:00:00+00:00
[2025-05-04T03:50:44.790-0300] {processor.py:183} INFO - Processing /home/facuvega/Descargas/crypto-etl-airflow/airflow-apache/lib/python3.11/site-packages/airflow/example_dags/example_task_group_decorator.py took 0.074 seconds
[2025-05-04T03:51:35.974-0300] {processor.py:161} INFO - Started process (PID=19870) to work on /home/facuvega/Descargas/crypto-etl-airflow/airflow-apache/lib/python3.11/site-packages/airflow/example_dags/example_task_group_decorator.py
[2025-05-04T03:51:35.975-0300] {processor.py:830} INFO - Processing file /home/facuvega/Descargas/crypto-etl-airflow/airflow-apache/lib/python3.11/site-packages/airflow/example_dags/example_task_group_decorator.py for tasks to queue
[2025-05-04T03:51:35.976-0300] {logging_mixin.py:188} INFO - [2025-05-04T03:51:35.976-0300] {dagbag.py:540} INFO - Filling up the DagBag from /home/facuvega/Descargas/crypto-etl-airflow/airflow-apache/lib/python3.11/site-packages/airflow/example_dags/example_task_group_decorator.py
[2025-05-04T03:51:35.987-0300] {processor.py:840} INFO - DAG(s) 'example_task_group_decorator' retrieved from /home/facuvega/Descargas/crypto-etl-airflow/airflow-apache/lib/python3.11/site-packages/airflow/example_dags/example_task_group_decorator.py
[2025-05-04T03:51:36.002-0300] {logging_mixin.py:188} INFO - [2025-05-04T03:51:36.002-0300] {dag.py:3096} INFO - Sync 1 DAGs
[2025-05-04T03:51:36.015-0300] {logging_mixin.py:188} INFO - [2025-05-04T03:51:36.015-0300] {dag.py:3954} INFO - Setting next_dagrun for example_task_group_decorator to 2025-05-03 00:00:00+00:00, run_after=2025-05-04 00:00:00+00:00
[2025-05-04T03:51:36.028-0300] {processor.py:183} INFO - Processing /home/facuvega/Descargas/crypto-etl-airflow/airflow-apache/lib/python3.11/site-packages/airflow/example_dags/example_task_group_decorator.py took 0.059 seconds
[2025-05-04T03:52:19.868-0300] {processor.py:161} INFO - Started process (PID=20080) to work on /home/facuvega/Descargas/crypto-etl-airflow/airflow-apache/lib/python3.11/site-packages/airflow/example_dags/example_task_group_decorator.py
[2025-05-04T03:52:19.869-0300] {processor.py:830} INFO - Processing file /home/facuvega/Descargas/crypto-etl-airflow/airflow-apache/lib/python3.11/site-packages/airflow/example_dags/example_task_group_decorator.py for tasks to queue
[2025-05-04T03:52:19.870-0300] {logging_mixin.py:188} INFO - [2025-05-04T03:52:19.870-0300] {dagbag.py:540} INFO - Filling up the DagBag from /home/facuvega/Descargas/crypto-etl-airflow/airflow-apache/lib/python3.11/site-packages/airflow/example_dags/example_task_group_decorator.py
[2025-05-04T03:52:19.881-0300] {processor.py:840} INFO - DAG(s) 'example_task_group_decorator' retrieved from /home/facuvega/Descargas/crypto-etl-airflow/airflow-apache/lib/python3.11/site-packages/airflow/example_dags/example_task_group_decorator.py
[2025-05-04T03:52:19.896-0300] {logging_mixin.py:188} INFO - [2025-05-04T03:52:19.896-0300] {dag.py:3096} INFO - Sync 1 DAGs
[2025-05-04T03:52:19.908-0300] {logging_mixin.py:188} INFO - [2025-05-04T03:52:19.908-0300] {dag.py:3954} INFO - Setting next_dagrun for example_task_group_decorator to 2025-05-03 00:00:00+00:00, run_after=2025-05-04 00:00:00+00:00
[2025-05-04T03:52:19.921-0300] {processor.py:183} INFO - Processing /home/facuvega/Descargas/crypto-etl-airflow/airflow-apache/lib/python3.11/site-packages/airflow/example_dags/example_task_group_decorator.py took 0.057 seconds
[2025-05-04T03:53:03.922-0300] {processor.py:161} INFO - Started process (PID=20292) to work on /home/facuvega/Descargas/crypto-etl-airflow/airflow-apache/lib/python3.11/site-packages/airflow/example_dags/example_task_group_decorator.py
[2025-05-04T03:53:03.925-0300] {processor.py:830} INFO - Processing file /home/facuvega/Descargas/crypto-etl-airflow/airflow-apache/lib/python3.11/site-packages/airflow/example_dags/example_task_group_decorator.py for tasks to queue
[2025-05-04T03:53:03.927-0300] {logging_mixin.py:188} INFO - [2025-05-04T03:53:03.927-0300] {dagbag.py:540} INFO - Filling up the DagBag from /home/facuvega/Descargas/crypto-etl-airflow/airflow-apache/lib/python3.11/site-packages/airflow/example_dags/example_task_group_decorator.py
[2025-05-04T03:53:03.965-0300] {processor.py:840} INFO - DAG(s) 'example_task_group_decorator' retrieved from /home/facuvega/Descargas/crypto-etl-airflow/airflow-apache/lib/python3.11/site-packages/airflow/example_dags/example_task_group_decorator.py
[2025-05-04T03:53:04.016-0300] {logging_mixin.py:188} INFO - [2025-05-04T03:53:04.016-0300] {dag.py:3096} INFO - Sync 1 DAGs
[2025-05-04T03:53:04.058-0300] {logging_mixin.py:188} INFO - [2025-05-04T03:53:04.058-0300] {dag.py:3954} INFO - Setting next_dagrun for example_task_group_decorator to 2025-05-03 00:00:00+00:00, run_after=2025-05-04 00:00:00+00:00
[2025-05-04T03:53:04.099-0300] {processor.py:183} INFO - Processing /home/facuvega/Descargas/crypto-etl-airflow/airflow-apache/lib/python3.11/site-packages/airflow/example_dags/example_task_group_decorator.py took 0.188 seconds
[2025-05-04T03:53:56.194-0300] {processor.py:161} INFO - Started process (PID=20850) to work on /home/facuvega/Descargas/crypto-etl-airflow/airflow-apache/lib/python3.11/site-packages/airflow/example_dags/example_task_group_decorator.py
[2025-05-04T03:53:56.195-0300] {processor.py:830} INFO - Processing file /home/facuvega/Descargas/crypto-etl-airflow/airflow-apache/lib/python3.11/site-packages/airflow/example_dags/example_task_group_decorator.py for tasks to queue
[2025-05-04T03:53:56.196-0300] {logging_mixin.py:188} INFO - [2025-05-04T03:53:56.196-0300] {dagbag.py:540} INFO - Filling up the DagBag from /home/facuvega/Descargas/crypto-etl-airflow/airflow-apache/lib/python3.11/site-packages/airflow/example_dags/example_task_group_decorator.py
[2025-05-04T03:53:56.210-0300] {processor.py:840} INFO - DAG(s) 'example_task_group_decorator' retrieved from /home/facuvega/Descargas/crypto-etl-airflow/airflow-apache/lib/python3.11/site-packages/airflow/example_dags/example_task_group_decorator.py
[2025-05-04T03:53:56.227-0300] {logging_mixin.py:188} INFO - [2025-05-04T03:53:56.226-0300] {dag.py:3096} INFO - Sync 1 DAGs
[2025-05-04T03:53:56.241-0300] {logging_mixin.py:188} INFO - [2025-05-04T03:53:56.241-0300] {dag.py:3954} INFO - Setting next_dagrun for example_task_group_decorator to 2025-05-03 00:00:00+00:00, run_after=2025-05-04 00:00:00+00:00
[2025-05-04T03:53:56.258-0300] {processor.py:183} INFO - Processing /home/facuvega/Descargas/crypto-etl-airflow/airflow-apache/lib/python3.11/site-packages/airflow/example_dags/example_task_group_decorator.py took 0.069 seconds
[2025-05-04T03:54:41.985-0300] {processor.py:161} INFO - Started process (PID=21061) to work on /home/facuvega/Descargas/crypto-etl-airflow/airflow-apache/lib/python3.11/site-packages/airflow/example_dags/example_task_group_decorator.py
[2025-05-04T03:54:41.986-0300] {processor.py:830} INFO - Processing file /home/facuvega/Descargas/crypto-etl-airflow/airflow-apache/lib/python3.11/site-packages/airflow/example_dags/example_task_group_decorator.py for tasks to queue
[2025-05-04T03:54:41.988-0300] {logging_mixin.py:188} INFO - [2025-05-04T03:54:41.987-0300] {dagbag.py:540} INFO - Filling up the DagBag from /home/facuvega/Descargas/crypto-etl-airflow/airflow-apache/lib/python3.11/site-packages/airflow/example_dags/example_task_group_decorator.py
[2025-05-04T03:54:41.999-0300] {processor.py:840} INFO - DAG(s) 'example_task_group_decorator' retrieved from /home/facuvega/Descargas/crypto-etl-airflow/airflow-apache/lib/python3.11/site-packages/airflow/example_dags/example_task_group_decorator.py
[2025-05-04T03:54:42.015-0300] {logging_mixin.py:188} INFO - [2025-05-04T03:54:42.015-0300] {dag.py:3096} INFO - Sync 1 DAGs
[2025-05-04T03:54:42.028-0300] {logging_mixin.py:188} INFO - [2025-05-04T03:54:42.028-0300] {dag.py:3954} INFO - Setting next_dagrun for example_task_group_decorator to 2025-05-03 00:00:00+00:00, run_after=2025-05-04 00:00:00+00:00
[2025-05-04T03:54:42.041-0300] {processor.py:183} INFO - Processing /home/facuvega/Descargas/crypto-etl-airflow/airflow-apache/lib/python3.11/site-packages/airflow/example_dags/example_task_group_decorator.py took 0.065 seconds
[2025-05-04T03:55:37.326-0300] {processor.py:161} INFO - Started process (PID=21418) to work on /home/facuvega/Descargas/crypto-etl-airflow/airflow-apache/lib/python3.11/site-packages/airflow/example_dags/example_task_group_decorator.py
[2025-05-04T03:55:37.327-0300] {processor.py:830} INFO - Processing file /home/facuvega/Descargas/crypto-etl-airflow/airflow-apache/lib/python3.11/site-packages/airflow/example_dags/example_task_group_decorator.py for tasks to queue
[2025-05-04T03:55:37.329-0300] {logging_mixin.py:188} INFO - [2025-05-04T03:55:37.329-0300] {dagbag.py:540} INFO - Filling up the DagBag from /home/facuvega/Descargas/crypto-etl-airflow/airflow-apache/lib/python3.11/site-packages/airflow/example_dags/example_task_group_decorator.py
[2025-05-04T03:55:37.340-0300] {processor.py:840} INFO - DAG(s) 'example_task_group_decorator' retrieved from /home/facuvega/Descargas/crypto-etl-airflow/airflow-apache/lib/python3.11/site-packages/airflow/example_dags/example_task_group_decorator.py
[2025-05-04T03:55:37.355-0300] {logging_mixin.py:188} INFO - [2025-05-04T03:55:37.355-0300] {dag.py:3096} INFO - Sync 1 DAGs
[2025-05-04T03:55:37.369-0300] {logging_mixin.py:188} INFO - [2025-05-04T03:55:37.369-0300] {dag.py:3954} INFO - Setting next_dagrun for example_task_group_decorator to 2025-05-03 00:00:00+00:00, run_after=2025-05-04 00:00:00+00:00
[2025-05-04T03:55:37.383-0300] {processor.py:183} INFO - Processing /home/facuvega/Descargas/crypto-etl-airflow/airflow-apache/lib/python3.11/site-packages/airflow/example_dags/example_task_group_decorator.py took 0.061 seconds
[2025-05-04T03:56:22.916-0300] {processor.py:161} INFO - Started process (PID=21633) to work on /home/facuvega/Descargas/crypto-etl-airflow/airflow-apache/lib/python3.11/site-packages/airflow/example_dags/example_task_group_decorator.py
[2025-05-04T03:56:22.917-0300] {processor.py:830} INFO - Processing file /home/facuvega/Descargas/crypto-etl-airflow/airflow-apache/lib/python3.11/site-packages/airflow/example_dags/example_task_group_decorator.py for tasks to queue
[2025-05-04T03:56:22.918-0300] {logging_mixin.py:188} INFO - [2025-05-04T03:56:22.918-0300] {dagbag.py:540} INFO - Filling up the DagBag from /home/facuvega/Descargas/crypto-etl-airflow/airflow-apache/lib/python3.11/site-packages/airflow/example_dags/example_task_group_decorator.py
[2025-05-04T03:56:22.930-0300] {processor.py:840} INFO - DAG(s) 'example_task_group_decorator' retrieved from /home/facuvega/Descargas/crypto-etl-airflow/airflow-apache/lib/python3.11/site-packages/airflow/example_dags/example_task_group_decorator.py
[2025-05-04T03:56:22.945-0300] {logging_mixin.py:188} INFO - [2025-05-04T03:56:22.945-0300] {dag.py:3096} INFO - Sync 1 DAGs
[2025-05-04T03:56:22.958-0300] {logging_mixin.py:188} INFO - [2025-05-04T03:56:22.958-0300] {dag.py:3954} INFO - Setting next_dagrun for example_task_group_decorator to 2025-05-03 00:00:00+00:00, run_after=2025-05-04 00:00:00+00:00
[2025-05-04T03:56:22.971-0300] {processor.py:183} INFO - Processing /home/facuvega/Descargas/crypto-etl-airflow/airflow-apache/lib/python3.11/site-packages/airflow/example_dags/example_task_group_decorator.py took 0.060 seconds
[2025-05-04T03:57:04.064-0300] {processor.py:161} INFO - Started process (PID=21818) to work on /home/facuvega/Descargas/crypto-etl-airflow/airflow-apache/lib/python3.11/site-packages/airflow/example_dags/example_task_group_decorator.py
[2025-05-04T03:57:04.065-0300] {processor.py:830} INFO - Processing file /home/facuvega/Descargas/crypto-etl-airflow/airflow-apache/lib/python3.11/site-packages/airflow/example_dags/example_task_group_decorator.py for tasks to queue
[2025-05-04T03:57:04.067-0300] {logging_mixin.py:188} INFO - [2025-05-04T03:57:04.066-0300] {dagbag.py:540} INFO - Filling up the DagBag from /home/facuvega/Descargas/crypto-etl-airflow/airflow-apache/lib/python3.11/site-packages/airflow/example_dags/example_task_group_decorator.py
[2025-05-04T03:57:04.078-0300] {processor.py:840} INFO - DAG(s) 'example_task_group_decorator' retrieved from /home/facuvega/Descargas/crypto-etl-airflow/airflow-apache/lib/python3.11/site-packages/airflow/example_dags/example_task_group_decorator.py
[2025-05-04T03:57:04.093-0300] {logging_mixin.py:188} INFO - [2025-05-04T03:57:04.092-0300] {dag.py:3096} INFO - Sync 1 DAGs
[2025-05-04T03:57:04.106-0300] {logging_mixin.py:188} INFO - [2025-05-04T03:57:04.105-0300] {dag.py:3954} INFO - Setting next_dagrun for example_task_group_decorator to 2025-05-03 00:00:00+00:00, run_after=2025-05-04 00:00:00+00:00
[2025-05-04T03:57:04.120-0300] {processor.py:183} INFO - Processing /home/facuvega/Descargas/crypto-etl-airflow/airflow-apache/lib/python3.11/site-packages/airflow/example_dags/example_task_group_decorator.py took 0.061 seconds
[2025-05-04T03:58:07.251-0300] {processor.py:161} INFO - Started process (PID=22428) to work on /home/facuvega/Descargas/crypto-etl-airflow/airflow-apache/lib/python3.11/site-packages/airflow/example_dags/example_task_group_decorator.py
[2025-05-04T03:58:07.253-0300] {processor.py:830} INFO - Processing file /home/facuvega/Descargas/crypto-etl-airflow/airflow-apache/lib/python3.11/site-packages/airflow/example_dags/example_task_group_decorator.py for tasks to queue
[2025-05-04T03:58:07.255-0300] {logging_mixin.py:188} INFO - [2025-05-04T03:58:07.255-0300] {dagbag.py:540} INFO - Filling up the DagBag from /home/facuvega/Descargas/crypto-etl-airflow/airflow-apache/lib/python3.11/site-packages/airflow/example_dags/example_task_group_decorator.py
[2025-05-04T03:58:07.278-0300] {processor.py:840} INFO - DAG(s) 'example_task_group_decorator' retrieved from /home/facuvega/Descargas/crypto-etl-airflow/airflow-apache/lib/python3.11/site-packages/airflow/example_dags/example_task_group_decorator.py
[2025-05-04T03:58:07.299-0300] {logging_mixin.py:188} INFO - [2025-05-04T03:58:07.299-0300] {dag.py:3096} INFO - Sync 1 DAGs
[2025-05-04T03:58:07.312-0300] {logging_mixin.py:188} INFO - [2025-05-04T03:58:07.312-0300] {dag.py:3954} INFO - Setting next_dagrun for example_task_group_decorator to 2025-05-03 00:00:00+00:00, run_after=2025-05-04 00:00:00+00:00
[2025-05-04T03:58:07.327-0300] {processor.py:183} INFO - Processing /home/facuvega/Descargas/crypto-etl-airflow/airflow-apache/lib/python3.11/site-packages/airflow/example_dags/example_task_group_decorator.py took 0.082 seconds
[2025-05-04T03:59:01.926-0300] {processor.py:161} INFO - Started process (PID=22794) to work on /home/facuvega/Descargas/crypto-etl-airflow/airflow-apache/lib/python3.11/site-packages/airflow/example_dags/example_task_group_decorator.py
[2025-05-04T03:59:01.927-0300] {processor.py:830} INFO - Processing file /home/facuvega/Descargas/crypto-etl-airflow/airflow-apache/lib/python3.11/site-packages/airflow/example_dags/example_task_group_decorator.py for tasks to queue
[2025-05-04T03:59:01.929-0300] {logging_mixin.py:188} INFO - [2025-05-04T03:59:01.928-0300] {dagbag.py:540} INFO - Filling up the DagBag from /home/facuvega/Descargas/crypto-etl-airflow/airflow-apache/lib/python3.11/site-packages/airflow/example_dags/example_task_group_decorator.py
[2025-05-04T03:59:01.947-0300] {processor.py:840} INFO - DAG(s) 'example_task_group_decorator' retrieved from /home/facuvega/Descargas/crypto-etl-airflow/airflow-apache/lib/python3.11/site-packages/airflow/example_dags/example_task_group_decorator.py
[2025-05-04T03:59:01.964-0300] {logging_mixin.py:188} INFO - [2025-05-04T03:59:01.964-0300] {dag.py:3096} INFO - Sync 1 DAGs
[2025-05-04T03:59:01.997-0300] {logging_mixin.py:188} INFO - [2025-05-04T03:59:01.997-0300] {dag.py:3954} INFO - Setting next_dagrun for example_task_group_decorator to 2025-05-03 00:00:00+00:00, run_after=2025-05-04 00:00:00+00:00
[2025-05-04T03:59:02.012-0300] {processor.py:183} INFO - Processing /home/facuvega/Descargas/crypto-etl-airflow/airflow-apache/lib/python3.11/site-packages/airflow/example_dags/example_task_group_decorator.py took 0.092 seconds
[2025-05-04T04:00:05.611-0300] {processor.py:161} INFO - Started process (PID=23474) to work on /home/facuvega/Descargas/crypto-etl-airflow/airflow-apache/lib/python3.11/site-packages/airflow/example_dags/example_task_group_decorator.py
[2025-05-04T04:00:05.613-0300] {processor.py:830} INFO - Processing file /home/facuvega/Descargas/crypto-etl-airflow/airflow-apache/lib/python3.11/site-packages/airflow/example_dags/example_task_group_decorator.py for tasks to queue
[2025-05-04T04:00:05.615-0300] {logging_mixin.py:188} INFO - [2025-05-04T04:00:05.614-0300] {dagbag.py:540} INFO - Filling up the DagBag from /home/facuvega/Descargas/crypto-etl-airflow/airflow-apache/lib/python3.11/site-packages/airflow/example_dags/example_task_group_decorator.py
[2025-05-04T04:00:05.631-0300] {processor.py:840} INFO - DAG(s) 'example_task_group_decorator' retrieved from /home/facuvega/Descargas/crypto-etl-airflow/airflow-apache/lib/python3.11/site-packages/airflow/example_dags/example_task_group_decorator.py
[2025-05-04T04:00:05.651-0300] {logging_mixin.py:188} INFO - [2025-05-04T04:00:05.650-0300] {dag.py:3096} INFO - Sync 1 DAGs
[2025-05-04T04:00:05.668-0300] {logging_mixin.py:188} INFO - [2025-05-04T04:00:05.668-0300] {dag.py:3954} INFO - Setting next_dagrun for example_task_group_decorator to 2025-05-03 00:00:00+00:00, run_after=2025-05-04 00:00:00+00:00
[2025-05-04T04:00:05.684-0300] {processor.py:183} INFO - Processing /home/facuvega/Descargas/crypto-etl-airflow/airflow-apache/lib/python3.11/site-packages/airflow/example_dags/example_task_group_decorator.py took 0.079 seconds
[2025-05-04T04:01:01.077-0300] {processor.py:161} INFO - Started process (PID=23924) to work on /home/facuvega/Descargas/crypto-etl-airflow/airflow-apache/lib/python3.11/site-packages/airflow/example_dags/example_task_group_decorator.py
[2025-05-04T04:01:01.080-0300] {processor.py:830} INFO - Processing file /home/facuvega/Descargas/crypto-etl-airflow/airflow-apache/lib/python3.11/site-packages/airflow/example_dags/example_task_group_decorator.py for tasks to queue
[2025-05-04T04:01:01.084-0300] {logging_mixin.py:188} INFO - [2025-05-04T04:01:01.084-0300] {dagbag.py:540} INFO - Filling up the DagBag from /home/facuvega/Descargas/crypto-etl-airflow/airflow-apache/lib/python3.11/site-packages/airflow/example_dags/example_task_group_decorator.py
[2025-05-04T04:01:01.116-0300] {processor.py:840} INFO - DAG(s) 'example_task_group_decorator' retrieved from /home/facuvega/Descargas/crypto-etl-airflow/airflow-apache/lib/python3.11/site-packages/airflow/example_dags/example_task_group_decorator.py
[2025-05-04T04:01:01.137-0300] {logging_mixin.py:188} INFO - [2025-05-04T04:01:01.137-0300] {dag.py:3096} INFO - Sync 1 DAGs
[2025-05-04T04:01:01.152-0300] {logging_mixin.py:188} INFO - [2025-05-04T04:01:01.152-0300] {dag.py:3954} INFO - Setting next_dagrun for example_task_group_decorator to 2025-05-03 00:00:00+00:00, run_after=2025-05-04 00:00:00+00:00
[2025-05-04T04:01:01.166-0300] {processor.py:183} INFO - Processing /home/facuvega/Descargas/crypto-etl-airflow/airflow-apache/lib/python3.11/site-packages/airflow/example_dags/example_task_group_decorator.py took 0.097 seconds
[2025-05-04T04:01:50.042-0300] {processor.py:161} INFO - Started process (PID=24152) to work on /home/facuvega/Descargas/crypto-etl-airflow/airflow-apache/lib/python3.11/site-packages/airflow/example_dags/example_task_group_decorator.py
[2025-05-04T04:01:50.043-0300] {processor.py:830} INFO - Processing file /home/facuvega/Descargas/crypto-etl-airflow/airflow-apache/lib/python3.11/site-packages/airflow/example_dags/example_task_group_decorator.py for tasks to queue
[2025-05-04T04:01:50.045-0300] {logging_mixin.py:188} INFO - [2025-05-04T04:01:50.044-0300] {dagbag.py:540} INFO - Filling up the DagBag from /home/facuvega/Descargas/crypto-etl-airflow/airflow-apache/lib/python3.11/site-packages/airflow/example_dags/example_task_group_decorator.py
[2025-05-04T04:01:50.057-0300] {processor.py:840} INFO - DAG(s) 'example_task_group_decorator' retrieved from /home/facuvega/Descargas/crypto-etl-airflow/airflow-apache/lib/python3.11/site-packages/airflow/example_dags/example_task_group_decorator.py
[2025-05-04T04:01:50.073-0300] {logging_mixin.py:188} INFO - [2025-05-04T04:01:50.073-0300] {dag.py:3096} INFO - Sync 1 DAGs
[2025-05-04T04:01:50.087-0300] {logging_mixin.py:188} INFO - [2025-05-04T04:01:50.087-0300] {dag.py:3954} INFO - Setting next_dagrun for example_task_group_decorator to 2025-05-03 00:00:00+00:00, run_after=2025-05-04 00:00:00+00:00
[2025-05-04T04:01:50.100-0300] {processor.py:183} INFO - Processing /home/facuvega/Descargas/crypto-etl-airflow/airflow-apache/lib/python3.11/site-packages/airflow/example_dags/example_task_group_decorator.py took 0.064 seconds
[2025-05-04T04:03:13.384-0300] {processor.py:161} INFO - Started process (PID=24951) to work on /home/facuvega/Descargas/crypto-etl-airflow/airflow-apache/lib/python3.11/site-packages/airflow/example_dags/example_task_group_decorator.py
[2025-05-04T04:03:13.385-0300] {processor.py:830} INFO - Processing file /home/facuvega/Descargas/crypto-etl-airflow/airflow-apache/lib/python3.11/site-packages/airflow/example_dags/example_task_group_decorator.py for tasks to queue
[2025-05-04T04:03:13.387-0300] {logging_mixin.py:188} INFO - [2025-05-04T04:03:13.386-0300] {dagbag.py:540} INFO - Filling up the DagBag from /home/facuvega/Descargas/crypto-etl-airflow/airflow-apache/lib/python3.11/site-packages/airflow/example_dags/example_task_group_decorator.py
[2025-05-04T04:03:13.400-0300] {processor.py:840} INFO - DAG(s) 'example_task_group_decorator' retrieved from /home/facuvega/Descargas/crypto-etl-airflow/airflow-apache/lib/python3.11/site-packages/airflow/example_dags/example_task_group_decorator.py
[2025-05-04T04:03:13.420-0300] {logging_mixin.py:188} INFO - [2025-05-04T04:03:13.420-0300] {dag.py:3096} INFO - Sync 1 DAGs
[2025-05-04T04:03:13.434-0300] {logging_mixin.py:188} INFO - [2025-05-04T04:03:13.434-0300] {dag.py:3954} INFO - Setting next_dagrun for example_task_group_decorator to 2025-05-03 00:00:00+00:00, run_after=2025-05-04 00:00:00+00:00
[2025-05-04T04:03:13.447-0300] {processor.py:183} INFO - Processing /home/facuvega/Descargas/crypto-etl-airflow/airflow-apache/lib/python3.11/site-packages/airflow/example_dags/example_task_group_decorator.py took 0.068 seconds
[2025-05-04T04:04:05.480-0300] {processor.py:161} INFO - Started process (PID=25183) to work on /home/facuvega/Descargas/crypto-etl-airflow/airflow-apache/lib/python3.11/site-packages/airflow/example_dags/example_task_group_decorator.py
[2025-05-04T04:04:05.481-0300] {processor.py:830} INFO - Processing file /home/facuvega/Descargas/crypto-etl-airflow/airflow-apache/lib/python3.11/site-packages/airflow/example_dags/example_task_group_decorator.py for tasks to queue
[2025-05-04T04:04:05.483-0300] {logging_mixin.py:188} INFO - [2025-05-04T04:04:05.482-0300] {dagbag.py:540} INFO - Filling up the DagBag from /home/facuvega/Descargas/crypto-etl-airflow/airflow-apache/lib/python3.11/site-packages/airflow/example_dags/example_task_group_decorator.py
[2025-05-04T04:04:05.493-0300] {processor.py:840} INFO - DAG(s) 'example_task_group_decorator' retrieved from /home/facuvega/Descargas/crypto-etl-airflow/airflow-apache/lib/python3.11/site-packages/airflow/example_dags/example_task_group_decorator.py
[2025-05-04T04:04:05.507-0300] {logging_mixin.py:188} INFO - [2025-05-04T04:04:05.507-0300] {dag.py:3096} INFO - Sync 1 DAGs
[2025-05-04T04:04:05.520-0300] {logging_mixin.py:188} INFO - [2025-05-04T04:04:05.519-0300] {dag.py:3954} INFO - Setting next_dagrun for example_task_group_decorator to 2025-05-03 00:00:00+00:00, run_after=2025-05-04 00:00:00+00:00
[2025-05-04T04:04:05.532-0300] {processor.py:183} INFO - Processing /home/facuvega/Descargas/crypto-etl-airflow/airflow-apache/lib/python3.11/site-packages/airflow/example_dags/example_task_group_decorator.py took 0.058 seconds
[2025-05-04T04:05:12.585-0300] {processor.py:161} INFO - Started process (PID=26219) to work on /home/facuvega/Descargas/crypto-etl-airflow/airflow-apache/lib/python3.11/site-packages/airflow/example_dags/example_task_group_decorator.py
[2025-05-04T04:05:12.586-0300] {processor.py:830} INFO - Processing file /home/facuvega/Descargas/crypto-etl-airflow/airflow-apache/lib/python3.11/site-packages/airflow/example_dags/example_task_group_decorator.py for tasks to queue
[2025-05-04T04:05:12.589-0300] {logging_mixin.py:188} INFO - [2025-05-04T04:05:12.588-0300] {dagbag.py:540} INFO - Filling up the DagBag from /home/facuvega/Descargas/crypto-etl-airflow/airflow-apache/lib/python3.11/site-packages/airflow/example_dags/example_task_group_decorator.py
[2025-05-04T04:05:12.608-0300] {processor.py:840} INFO - DAG(s) 'example_task_group_decorator' retrieved from /home/facuvega/Descargas/crypto-etl-airflow/airflow-apache/lib/python3.11/site-packages/airflow/example_dags/example_task_group_decorator.py
[2025-05-04T04:05:12.624-0300] {logging_mixin.py:188} INFO - [2025-05-04T04:05:12.624-0300] {dag.py:3096} INFO - Sync 1 DAGs
[2025-05-04T04:05:12.638-0300] {logging_mixin.py:188} INFO - [2025-05-04T04:05:12.638-0300] {dag.py:3954} INFO - Setting next_dagrun for example_task_group_decorator to 2025-05-03 00:00:00+00:00, run_after=2025-05-04 00:00:00+00:00
[2025-05-04T04:05:12.651-0300] {processor.py:183} INFO - Processing /home/facuvega/Descargas/crypto-etl-airflow/airflow-apache/lib/python3.11/site-packages/airflow/example_dags/example_task_group_decorator.py took 0.072 seconds
[2025-05-04T04:06:05.874-0300] {processor.py:161} INFO - Started process (PID=26490) to work on /home/facuvega/Descargas/crypto-etl-airflow/airflow-apache/lib/python3.11/site-packages/airflow/example_dags/example_task_group_decorator.py
[2025-05-04T04:06:05.876-0300] {processor.py:830} INFO - Processing file /home/facuvega/Descargas/crypto-etl-airflow/airflow-apache/lib/python3.11/site-packages/airflow/example_dags/example_task_group_decorator.py for tasks to queue
[2025-05-04T04:06:05.878-0300] {logging_mixin.py:188} INFO - [2025-05-04T04:06:05.878-0300] {dagbag.py:540} INFO - Filling up the DagBag from /home/facuvega/Descargas/crypto-etl-airflow/airflow-apache/lib/python3.11/site-packages/airflow/example_dags/example_task_group_decorator.py
[2025-05-04T04:06:05.894-0300] {processor.py:840} INFO - DAG(s) 'example_task_group_decorator' retrieved from /home/facuvega/Descargas/crypto-etl-airflow/airflow-apache/lib/python3.11/site-packages/airflow/example_dags/example_task_group_decorator.py
[2025-05-04T04:06:05.914-0300] {logging_mixin.py:188} INFO - [2025-05-04T04:06:05.913-0300] {dag.py:3096} INFO - Sync 1 DAGs
[2025-05-04T04:06:05.933-0300] {logging_mixin.py:188} INFO - [2025-05-04T04:06:05.932-0300] {dag.py:3954} INFO - Setting next_dagrun for example_task_group_decorator to 2025-05-03 00:00:00+00:00, run_after=2025-05-04 00:00:00+00:00
[2025-05-04T04:06:05.951-0300] {processor.py:183} INFO - Processing /home/facuvega/Descargas/crypto-etl-airflow/airflow-apache/lib/python3.11/site-packages/airflow/example_dags/example_task_group_decorator.py took 0.089 seconds
[2025-05-04T04:06:53.581-0300] {processor.py:161} INFO - Started process (PID=26780) to work on /home/facuvega/Descargas/crypto-etl-airflow/airflow-apache/lib/python3.11/site-packages/airflow/example_dags/example_task_group_decorator.py
[2025-05-04T04:06:53.582-0300] {processor.py:830} INFO - Processing file /home/facuvega/Descargas/crypto-etl-airflow/airflow-apache/lib/python3.11/site-packages/airflow/example_dags/example_task_group_decorator.py for tasks to queue
[2025-05-04T04:06:53.585-0300] {logging_mixin.py:188} INFO - [2025-05-04T04:06:53.585-0300] {dagbag.py:540} INFO - Filling up the DagBag from /home/facuvega/Descargas/crypto-etl-airflow/airflow-apache/lib/python3.11/site-packages/airflow/example_dags/example_task_group_decorator.py
[2025-05-04T04:06:53.605-0300] {processor.py:840} INFO - DAG(s) 'example_task_group_decorator' retrieved from /home/facuvega/Descargas/crypto-etl-airflow/airflow-apache/lib/python3.11/site-packages/airflow/example_dags/example_task_group_decorator.py
[2025-05-04T04:06:53.626-0300] {logging_mixin.py:188} INFO - [2025-05-04T04:06:53.625-0300] {dag.py:3096} INFO - Sync 1 DAGs
[2025-05-04T04:06:53.641-0300] {logging_mixin.py:188} INFO - [2025-05-04T04:06:53.640-0300] {dag.py:3954} INFO - Setting next_dagrun for example_task_group_decorator to 2025-05-03 00:00:00+00:00, run_after=2025-05-04 00:00:00+00:00
[2025-05-04T04:06:53.654-0300] {processor.py:183} INFO - Processing /home/facuvega/Descargas/crypto-etl-airflow/airflow-apache/lib/python3.11/site-packages/airflow/example_dags/example_task_group_decorator.py took 0.079 seconds
[2025-05-04T04:07:39.246-0300] {processor.py:161} INFO - Started process (PID=27000) to work on /home/facuvega/Descargas/crypto-etl-airflow/airflow-apache/lib/python3.11/site-packages/airflow/example_dags/example_task_group_decorator.py
[2025-05-04T04:07:39.247-0300] {processor.py:830} INFO - Processing file /home/facuvega/Descargas/crypto-etl-airflow/airflow-apache/lib/python3.11/site-packages/airflow/example_dags/example_task_group_decorator.py for tasks to queue
[2025-05-04T04:07:39.249-0300] {logging_mixin.py:188} INFO - [2025-05-04T04:07:39.249-0300] {dagbag.py:540} INFO - Filling up the DagBag from /home/facuvega/Descargas/crypto-etl-airflow/airflow-apache/lib/python3.11/site-packages/airflow/example_dags/example_task_group_decorator.py
[2025-05-04T04:07:39.261-0300] {processor.py:840} INFO - DAG(s) 'example_task_group_decorator' retrieved from /home/facuvega/Descargas/crypto-etl-airflow/airflow-apache/lib/python3.11/site-packages/airflow/example_dags/example_task_group_decorator.py
[2025-05-04T04:07:39.277-0300] {logging_mixin.py:188} INFO - [2025-05-04T04:07:39.276-0300] {dag.py:3096} INFO - Sync 1 DAGs
[2025-05-04T04:07:39.291-0300] {logging_mixin.py:188} INFO - [2025-05-04T04:07:39.291-0300] {dag.py:3954} INFO - Setting next_dagrun for example_task_group_decorator to 2025-05-03 00:00:00+00:00, run_after=2025-05-04 00:00:00+00:00
[2025-05-04T04:07:39.305-0300] {processor.py:183} INFO - Processing /home/facuvega/Descargas/crypto-etl-airflow/airflow-apache/lib/python3.11/site-packages/airflow/example_dags/example_task_group_decorator.py took 0.064 seconds
[2025-05-04T04:10:25.320-0300] {processor.py:161} INFO - Started process (PID=28700) to work on /home/facuvega/Descargas/crypto-etl-airflow/airflow-apache/lib/python3.11/site-packages/airflow/example_dags/example_task_group_decorator.py
[2025-05-04T04:10:25.322-0300] {processor.py:830} INFO - Processing file /home/facuvega/Descargas/crypto-etl-airflow/airflow-apache/lib/python3.11/site-packages/airflow/example_dags/example_task_group_decorator.py for tasks to queue
[2025-05-04T04:10:25.323-0300] {logging_mixin.py:188} INFO - [2025-05-04T04:10:25.323-0300] {dagbag.py:540} INFO - Filling up the DagBag from /home/facuvega/Descargas/crypto-etl-airflow/airflow-apache/lib/python3.11/site-packages/airflow/example_dags/example_task_group_decorator.py
[2025-05-04T04:10:25.339-0300] {processor.py:840} INFO - DAG(s) 'example_task_group_decorator' retrieved from /home/facuvega/Descargas/crypto-etl-airflow/airflow-apache/lib/python3.11/site-packages/airflow/example_dags/example_task_group_decorator.py
[2025-05-04T04:10:25.373-0300] {logging_mixin.py:188} INFO - [2025-05-04T04:10:25.372-0300] {dag.py:3096} INFO - Sync 1 DAGs
[2025-05-04T04:10:25.393-0300] {logging_mixin.py:188} INFO - [2025-05-04T04:10:25.392-0300] {dag.py:3954} INFO - Setting next_dagrun for example_task_group_decorator to 2025-05-03 00:00:00+00:00, run_after=2025-05-04 00:00:00+00:00
[2025-05-04T04:10:25.414-0300] {processor.py:183} INFO - Processing /home/facuvega/Descargas/crypto-etl-airflow/airflow-apache/lib/python3.11/site-packages/airflow/example_dags/example_task_group_decorator.py took 0.103 seconds
[2025-05-04T04:11:19.346-0300] {processor.py:161} INFO - Started process (PID=29211) to work on /home/facuvega/Descargas/crypto-etl-airflow/airflow-apache/lib/python3.11/site-packages/airflow/example_dags/example_task_group_decorator.py
[2025-05-04T04:11:19.347-0300] {processor.py:830} INFO - Processing file /home/facuvega/Descargas/crypto-etl-airflow/airflow-apache/lib/python3.11/site-packages/airflow/example_dags/example_task_group_decorator.py for tasks to queue
[2025-05-04T04:11:19.348-0300] {logging_mixin.py:188} INFO - [2025-05-04T04:11:19.348-0300] {dagbag.py:540} INFO - Filling up the DagBag from /home/facuvega/Descargas/crypto-etl-airflow/airflow-apache/lib/python3.11/site-packages/airflow/example_dags/example_task_group_decorator.py
[2025-05-04T04:11:19.359-0300] {processor.py:840} INFO - DAG(s) 'example_task_group_decorator' retrieved from /home/facuvega/Descargas/crypto-etl-airflow/airflow-apache/lib/python3.11/site-packages/airflow/example_dags/example_task_group_decorator.py
[2025-05-04T04:11:19.374-0300] {logging_mixin.py:188} INFO - [2025-05-04T04:11:19.373-0300] {dag.py:3096} INFO - Sync 1 DAGs
[2025-05-04T04:11:19.386-0300] {logging_mixin.py:188} INFO - [2025-05-04T04:11:19.386-0300] {dag.py:3954} INFO - Setting next_dagrun for example_task_group_decorator to 2025-05-03 00:00:00+00:00, run_after=2025-05-04 00:00:00+00:00
[2025-05-04T04:11:19.400-0300] {processor.py:183} INFO - Processing /home/facuvega/Descargas/crypto-etl-airflow/airflow-apache/lib/python3.11/site-packages/airflow/example_dags/example_task_group_decorator.py took 0.059 seconds
[2025-05-04T04:12:08.623-0300] {processor.py:161} INFO - Started process (PID=29435) to work on /home/facuvega/Descargas/crypto-etl-airflow/airflow-apache/lib/python3.11/site-packages/airflow/example_dags/example_task_group_decorator.py
[2025-05-04T04:12:08.624-0300] {processor.py:830} INFO - Processing file /home/facuvega/Descargas/crypto-etl-airflow/airflow-apache/lib/python3.11/site-packages/airflow/example_dags/example_task_group_decorator.py for tasks to queue
[2025-05-04T04:12:08.626-0300] {logging_mixin.py:188} INFO - [2025-05-04T04:12:08.625-0300] {dagbag.py:540} INFO - Filling up the DagBag from /home/facuvega/Descargas/crypto-etl-airflow/airflow-apache/lib/python3.11/site-packages/airflow/example_dags/example_task_group_decorator.py
[2025-05-04T04:12:08.638-0300] {processor.py:840} INFO - DAG(s) 'example_task_group_decorator' retrieved from /home/facuvega/Descargas/crypto-etl-airflow/airflow-apache/lib/python3.11/site-packages/airflow/example_dags/example_task_group_decorator.py
[2025-05-04T04:12:08.660-0300] {logging_mixin.py:188} INFO - [2025-05-04T04:12:08.660-0300] {dag.py:3096} INFO - Sync 1 DAGs
[2025-05-04T04:12:08.685-0300] {logging_mixin.py:188} INFO - [2025-05-04T04:12:08.684-0300] {dag.py:3954} INFO - Setting next_dagrun for example_task_group_decorator to 2025-05-03 00:00:00+00:00, run_after=2025-05-04 00:00:00+00:00
[2025-05-04T04:12:08.699-0300] {processor.py:183} INFO - Processing /home/facuvega/Descargas/crypto-etl-airflow/airflow-apache/lib/python3.11/site-packages/airflow/example_dags/example_task_group_decorator.py took 0.080 seconds
[2025-05-04T04:12:55.942-0300] {processor.py:161} INFO - Started process (PID=29652) to work on /home/facuvega/Descargas/crypto-etl-airflow/airflow-apache/lib/python3.11/site-packages/airflow/example_dags/example_task_group_decorator.py
[2025-05-04T04:12:55.943-0300] {processor.py:830} INFO - Processing file /home/facuvega/Descargas/crypto-etl-airflow/airflow-apache/lib/python3.11/site-packages/airflow/example_dags/example_task_group_decorator.py for tasks to queue
[2025-05-04T04:12:55.945-0300] {logging_mixin.py:188} INFO - [2025-05-04T04:12:55.945-0300] {dagbag.py:540} INFO - Filling up the DagBag from /home/facuvega/Descargas/crypto-etl-airflow/airflow-apache/lib/python3.11/site-packages/airflow/example_dags/example_task_group_decorator.py
[2025-05-04T04:12:55.955-0300] {processor.py:840} INFO - DAG(s) 'example_task_group_decorator' retrieved from /home/facuvega/Descargas/crypto-etl-airflow/airflow-apache/lib/python3.11/site-packages/airflow/example_dags/example_task_group_decorator.py
[2025-05-04T04:12:55.970-0300] {logging_mixin.py:188} INFO - [2025-05-04T04:12:55.969-0300] {dag.py:3096} INFO - Sync 1 DAGs
[2025-05-04T04:12:55.982-0300] {logging_mixin.py:188} INFO - [2025-05-04T04:12:55.982-0300] {dag.py:3954} INFO - Setting next_dagrun for example_task_group_decorator to 2025-05-03 00:00:00+00:00, run_after=2025-05-04 00:00:00+00:00
[2025-05-04T04:12:55.994-0300] {processor.py:183} INFO - Processing /home/facuvega/Descargas/crypto-etl-airflow/airflow-apache/lib/python3.11/site-packages/airflow/example_dags/example_task_group_decorator.py took 0.057 seconds
[2025-05-04T04:13:46.029-0300] {processor.py:161} INFO - Started process (PID=29879) to work on /home/facuvega/Descargas/crypto-etl-airflow/airflow-apache/lib/python3.11/site-packages/airflow/example_dags/example_task_group_decorator.py
[2025-05-04T04:13:46.030-0300] {processor.py:830} INFO - Processing file /home/facuvega/Descargas/crypto-etl-airflow/airflow-apache/lib/python3.11/site-packages/airflow/example_dags/example_task_group_decorator.py for tasks to queue
[2025-05-04T04:13:46.031-0300] {logging_mixin.py:188} INFO - [2025-05-04T04:13:46.031-0300] {dagbag.py:540} INFO - Filling up the DagBag from /home/facuvega/Descargas/crypto-etl-airflow/airflow-apache/lib/python3.11/site-packages/airflow/example_dags/example_task_group_decorator.py
[2025-05-04T04:13:46.042-0300] {processor.py:840} INFO - DAG(s) 'example_task_group_decorator' retrieved from /home/facuvega/Descargas/crypto-etl-airflow/airflow-apache/lib/python3.11/site-packages/airflow/example_dags/example_task_group_decorator.py
[2025-05-04T04:13:46.056-0300] {logging_mixin.py:188} INFO - [2025-05-04T04:13:46.056-0300] {dag.py:3096} INFO - Sync 1 DAGs
[2025-05-04T04:13:46.068-0300] {logging_mixin.py:188} INFO - [2025-05-04T04:13:46.068-0300] {dag.py:3954} INFO - Setting next_dagrun for example_task_group_decorator to 2025-05-03 00:00:00+00:00, run_after=2025-05-04 00:00:00+00:00
[2025-05-04T04:13:46.082-0300] {processor.py:183} INFO - Processing /home/facuvega/Descargas/crypto-etl-airflow/airflow-apache/lib/python3.11/site-packages/airflow/example_dags/example_task_group_decorator.py took 0.057 seconds
[2025-05-04T04:14:27.140-0300] {processor.py:161} INFO - Started process (PID=30061) to work on /home/facuvega/Descargas/crypto-etl-airflow/airflow-apache/lib/python3.11/site-packages/airflow/example_dags/example_task_group_decorator.py
[2025-05-04T04:14:27.142-0300] {processor.py:830} INFO - Processing file /home/facuvega/Descargas/crypto-etl-airflow/airflow-apache/lib/python3.11/site-packages/airflow/example_dags/example_task_group_decorator.py for tasks to queue
[2025-05-04T04:14:27.144-0300] {logging_mixin.py:188} INFO - [2025-05-04T04:14:27.143-0300] {dagbag.py:540} INFO - Filling up the DagBag from /home/facuvega/Descargas/crypto-etl-airflow/airflow-apache/lib/python3.11/site-packages/airflow/example_dags/example_task_group_decorator.py
[2025-05-04T04:14:27.160-0300] {processor.py:840} INFO - DAG(s) 'example_task_group_decorator' retrieved from /home/facuvega/Descargas/crypto-etl-airflow/airflow-apache/lib/python3.11/site-packages/airflow/example_dags/example_task_group_decorator.py
[2025-05-04T04:14:27.181-0300] {logging_mixin.py:188} INFO - [2025-05-04T04:14:27.181-0300] {dag.py:3096} INFO - Sync 1 DAGs
[2025-05-04T04:14:27.197-0300] {logging_mixin.py:188} INFO - [2025-05-04T04:14:27.197-0300] {dag.py:3954} INFO - Setting next_dagrun for example_task_group_decorator to 2025-05-03 00:00:00+00:00, run_after=2025-05-04 00:00:00+00:00
[2025-05-04T04:14:27.212-0300] {processor.py:183} INFO - Processing /home/facuvega/Descargas/crypto-etl-airflow/airflow-apache/lib/python3.11/site-packages/airflow/example_dags/example_task_group_decorator.py took 0.079 seconds
[2025-05-04T04:15:11.669-0300] {processor.py:161} INFO - Started process (PID=30300) to work on /home/facuvega/Descargas/crypto-etl-airflow/airflow-apache/lib/python3.11/site-packages/airflow/example_dags/example_task_group_decorator.py
[2025-05-04T04:15:11.670-0300] {processor.py:830} INFO - Processing file /home/facuvega/Descargas/crypto-etl-airflow/airflow-apache/lib/python3.11/site-packages/airflow/example_dags/example_task_group_decorator.py for tasks to queue
[2025-05-04T04:15:11.672-0300] {logging_mixin.py:188} INFO - [2025-05-04T04:15:11.671-0300] {dagbag.py:540} INFO - Filling up the DagBag from /home/facuvega/Descargas/crypto-etl-airflow/airflow-apache/lib/python3.11/site-packages/airflow/example_dags/example_task_group_decorator.py
[2025-05-04T04:15:11.685-0300] {processor.py:840} INFO - DAG(s) 'example_task_group_decorator' retrieved from /home/facuvega/Descargas/crypto-etl-airflow/airflow-apache/lib/python3.11/site-packages/airflow/example_dags/example_task_group_decorator.py
[2025-05-04T04:15:11.706-0300] {logging_mixin.py:188} INFO - [2025-05-04T04:15:11.705-0300] {dag.py:3096} INFO - Sync 1 DAGs
[2025-05-04T04:15:11.722-0300] {logging_mixin.py:188} INFO - [2025-05-04T04:15:11.722-0300] {dag.py:3954} INFO - Setting next_dagrun for example_task_group_decorator to 2025-05-03 00:00:00+00:00, run_after=2025-05-04 00:00:00+00:00
[2025-05-04T04:15:11.736-0300] {processor.py:183} INFO - Processing /home/facuvega/Descargas/crypto-etl-airflow/airflow-apache/lib/python3.11/site-packages/airflow/example_dags/example_task_group_decorator.py took 0.077 seconds
[2025-05-04T04:16:08.262-0300] {processor.py:161} INFO - Started process (PID=30636) to work on /home/facuvega/Descargas/crypto-etl-airflow/airflow-apache/lib/python3.11/site-packages/airflow/example_dags/example_task_group_decorator.py
[2025-05-04T04:16:08.264-0300] {processor.py:830} INFO - Processing file /home/facuvega/Descargas/crypto-etl-airflow/airflow-apache/lib/python3.11/site-packages/airflow/example_dags/example_task_group_decorator.py for tasks to queue
[2025-05-04T04:16:08.265-0300] {logging_mixin.py:188} INFO - [2025-05-04T04:16:08.265-0300] {dagbag.py:540} INFO - Filling up the DagBag from /home/facuvega/Descargas/crypto-etl-airflow/airflow-apache/lib/python3.11/site-packages/airflow/example_dags/example_task_group_decorator.py
[2025-05-04T04:16:08.277-0300] {processor.py:840} INFO - DAG(s) 'example_task_group_decorator' retrieved from /home/facuvega/Descargas/crypto-etl-airflow/airflow-apache/lib/python3.11/site-packages/airflow/example_dags/example_task_group_decorator.py
[2025-05-04T04:16:08.294-0300] {logging_mixin.py:188} INFO - [2025-05-04T04:16:08.294-0300] {dag.py:3096} INFO - Sync 1 DAGs
[2025-05-04T04:16:08.308-0300] {logging_mixin.py:188} INFO - [2025-05-04T04:16:08.308-0300] {dag.py:3954} INFO - Setting next_dagrun for example_task_group_decorator to 2025-05-03 00:00:00+00:00, run_after=2025-05-04 00:00:00+00:00
[2025-05-04T04:16:08.322-0300] {processor.py:183} INFO - Processing /home/facuvega/Descargas/crypto-etl-airflow/airflow-apache/lib/python3.11/site-packages/airflow/example_dags/example_task_group_decorator.py took 0.066 seconds
[2025-05-04T04:17:02.517-0300] {processor.py:161} INFO - Started process (PID=31162) to work on /home/facuvega/Descargas/crypto-etl-airflow/airflow-apache/lib/python3.11/site-packages/airflow/example_dags/example_task_group_decorator.py
[2025-05-04T04:17:02.518-0300] {processor.py:830} INFO - Processing file /home/facuvega/Descargas/crypto-etl-airflow/airflow-apache/lib/python3.11/site-packages/airflow/example_dags/example_task_group_decorator.py for tasks to queue
[2025-05-04T04:17:02.519-0300] {logging_mixin.py:188} INFO - [2025-05-04T04:17:02.519-0300] {dagbag.py:540} INFO - Filling up the DagBag from /home/facuvega/Descargas/crypto-etl-airflow/airflow-apache/lib/python3.11/site-packages/airflow/example_dags/example_task_group_decorator.py
[2025-05-04T04:17:02.532-0300] {processor.py:840} INFO - DAG(s) 'example_task_group_decorator' retrieved from /home/facuvega/Descargas/crypto-etl-airflow/airflow-apache/lib/python3.11/site-packages/airflow/example_dags/example_task_group_decorator.py
[2025-05-04T04:17:02.558-0300] {logging_mixin.py:188} INFO - [2025-05-04T04:17:02.558-0300] {dag.py:3096} INFO - Sync 1 DAGs
[2025-05-04T04:17:02.571-0300] {logging_mixin.py:188} INFO - [2025-05-04T04:17:02.571-0300] {dag.py:3954} INFO - Setting next_dagrun for example_task_group_decorator to 2025-05-03 00:00:00+00:00, run_after=2025-05-04 00:00:00+00:00
[2025-05-04T04:17:02.585-0300] {processor.py:183} INFO - Processing /home/facuvega/Descargas/crypto-etl-airflow/airflow-apache/lib/python3.11/site-packages/airflow/example_dags/example_task_group_decorator.py took 0.072 seconds
[2025-05-04T04:18:02.370-0300] {processor.py:161} INFO - Started process (PID=31505) to work on /home/facuvega/Descargas/crypto-etl-airflow/airflow-apache/lib/python3.11/site-packages/airflow/example_dags/example_task_group_decorator.py
[2025-05-04T04:18:02.388-0300] {processor.py:830} INFO - Processing file /home/facuvega/Descargas/crypto-etl-airflow/airflow-apache/lib/python3.11/site-packages/airflow/example_dags/example_task_group_decorator.py for tasks to queue
[2025-05-04T04:18:02.416-0300] {logging_mixin.py:188} INFO - [2025-05-04T04:18:02.397-0300] {dagbag.py:540} INFO - Filling up the DagBag from /home/facuvega/Descargas/crypto-etl-airflow/airflow-apache/lib/python3.11/site-packages/airflow/example_dags/example_task_group_decorator.py
[2025-05-04T04:18:02.623-0300] {processor.py:840} INFO - DAG(s) 'example_task_group_decorator' retrieved from /home/facuvega/Descargas/crypto-etl-airflow/airflow-apache/lib/python3.11/site-packages/airflow/example_dags/example_task_group_decorator.py
[2025-05-04T04:18:02.969-0300] {logging_mixin.py:188} INFO - [2025-05-04T04:18:02.969-0300] {dag.py:3096} INFO - Sync 1 DAGs
[2025-05-04T04:18:03.350-0300] {logging_mixin.py:188} INFO - [2025-05-04T04:18:03.349-0300] {dag.py:3954} INFO - Setting next_dagrun for example_task_group_decorator to 2025-05-03 00:00:00+00:00, run_after=2025-05-04 00:00:00+00:00
[2025-05-04T04:18:03.499-0300] {processor.py:183} INFO - Processing /home/facuvega/Descargas/crypto-etl-airflow/airflow-apache/lib/python3.11/site-packages/airflow/example_dags/example_task_group_decorator.py took 1.171 seconds
[2025-05-04T04:19:34.166-0300] {processor.py:161} INFO - Started process (PID=32796) to work on /home/facuvega/Descargas/crypto-etl-airflow/airflow-apache/lib/python3.11/site-packages/airflow/example_dags/example_task_group_decorator.py
[2025-05-04T04:19:34.166-0300] {processor.py:830} INFO - Processing file /home/facuvega/Descargas/crypto-etl-airflow/airflow-apache/lib/python3.11/site-packages/airflow/example_dags/example_task_group_decorator.py for tasks to queue
[2025-05-04T04:19:34.169-0300] {logging_mixin.py:188} INFO - [2025-05-04T04:19:34.168-0300] {dagbag.py:540} INFO - Filling up the DagBag from /home/facuvega/Descargas/crypto-etl-airflow/airflow-apache/lib/python3.11/site-packages/airflow/example_dags/example_task_group_decorator.py
[2025-05-04T04:19:34.184-0300] {processor.py:840} INFO - DAG(s) 'example_task_group_decorator' retrieved from /home/facuvega/Descargas/crypto-etl-airflow/airflow-apache/lib/python3.11/site-packages/airflow/example_dags/example_task_group_decorator.py
[2025-05-04T04:19:34.207-0300] {logging_mixin.py:188} INFO - [2025-05-04T04:19:34.207-0300] {dag.py:3096} INFO - Sync 1 DAGs
[2025-05-04T04:19:34.278-0300] {logging_mixin.py:188} INFO - [2025-05-04T04:19:34.267-0300] {dag.py:3954} INFO - Setting next_dagrun for example_task_group_decorator to 2025-05-03 00:00:00+00:00, run_after=2025-05-04 00:00:00+00:00
[2025-05-04T04:19:34.314-0300] {processor.py:183} INFO - Processing /home/facuvega/Descargas/crypto-etl-airflow/airflow-apache/lib/python3.11/site-packages/airflow/example_dags/example_task_group_decorator.py took 0.155 seconds
[2025-05-04T04:20:28.152-0300] {processor.py:161} INFO - Started process (PID=33045) to work on /home/facuvega/Descargas/crypto-etl-airflow/airflow-apache/lib/python3.11/site-packages/airflow/example_dags/example_task_group_decorator.py
[2025-05-04T04:20:28.153-0300] {processor.py:830} INFO - Processing file /home/facuvega/Descargas/crypto-etl-airflow/airflow-apache/lib/python3.11/site-packages/airflow/example_dags/example_task_group_decorator.py for tasks to queue
[2025-05-04T04:20:28.155-0300] {logging_mixin.py:188} INFO - [2025-05-04T04:20:28.155-0300] {dagbag.py:540} INFO - Filling up the DagBag from /home/facuvega/Descargas/crypto-etl-airflow/airflow-apache/lib/python3.11/site-packages/airflow/example_dags/example_task_group_decorator.py
[2025-05-04T04:20:28.168-0300] {processor.py:840} INFO - DAG(s) 'example_task_group_decorator' retrieved from /home/facuvega/Descargas/crypto-etl-airflow/airflow-apache/lib/python3.11/site-packages/airflow/example_dags/example_task_group_decorator.py
[2025-05-04T04:20:28.184-0300] {logging_mixin.py:188} INFO - [2025-05-04T04:20:28.184-0300] {dag.py:3096} INFO - Sync 1 DAGs
[2025-05-04T04:20:28.198-0300] {logging_mixin.py:188} INFO - [2025-05-04T04:20:28.198-0300] {dag.py:3954} INFO - Setting next_dagrun for example_task_group_decorator to 2025-05-03 00:00:00+00:00, run_after=2025-05-04 00:00:00+00:00
[2025-05-04T04:20:28.211-0300] {processor.py:183} INFO - Processing /home/facuvega/Descargas/crypto-etl-airflow/airflow-apache/lib/python3.11/site-packages/airflow/example_dags/example_task_group_decorator.py took 0.065 seconds
[2025-05-04T04:21:10.015-0300] {processor.py:161} INFO - Started process (PID=33235) to work on /home/facuvega/Descargas/crypto-etl-airflow/airflow-apache/lib/python3.11/site-packages/airflow/example_dags/example_task_group_decorator.py
[2025-05-04T04:21:10.018-0300] {processor.py:830} INFO - Processing file /home/facuvega/Descargas/crypto-etl-airflow/airflow-apache/lib/python3.11/site-packages/airflow/example_dags/example_task_group_decorator.py for tasks to queue
[2025-05-04T04:21:10.021-0300] {logging_mixin.py:188} INFO - [2025-05-04T04:21:10.020-0300] {dagbag.py:540} INFO - Filling up the DagBag from /home/facuvega/Descargas/crypto-etl-airflow/airflow-apache/lib/python3.11/site-packages/airflow/example_dags/example_task_group_decorator.py
[2025-05-04T04:21:10.035-0300] {processor.py:840} INFO - DAG(s) 'example_task_group_decorator' retrieved from /home/facuvega/Descargas/crypto-etl-airflow/airflow-apache/lib/python3.11/site-packages/airflow/example_dags/example_task_group_decorator.py
[2025-05-04T04:21:10.056-0300] {logging_mixin.py:188} INFO - [2025-05-04T04:21:10.055-0300] {dag.py:3096} INFO - Sync 1 DAGs
[2025-05-04T04:21:10.075-0300] {logging_mixin.py:188} INFO - [2025-05-04T04:21:10.074-0300] {dag.py:3954} INFO - Setting next_dagrun for example_task_group_decorator to 2025-05-03 00:00:00+00:00, run_after=2025-05-04 00:00:00+00:00
[2025-05-04T04:21:10.092-0300] {processor.py:183} INFO - Processing /home/facuvega/Descargas/crypto-etl-airflow/airflow-apache/lib/python3.11/site-packages/airflow/example_dags/example_task_group_decorator.py took 0.086 seconds
[2025-05-04T04:22:13.952-0300] {processor.py:161} INFO - Started process (PID=33904) to work on /home/facuvega/Descargas/crypto-etl-airflow/airflow-apache/lib/python3.11/site-packages/airflow/example_dags/example_task_group_decorator.py
[2025-05-04T04:22:13.953-0300] {processor.py:830} INFO - Processing file /home/facuvega/Descargas/crypto-etl-airflow/airflow-apache/lib/python3.11/site-packages/airflow/example_dags/example_task_group_decorator.py for tasks to queue
[2025-05-04T04:22:13.955-0300] {logging_mixin.py:188} INFO - [2025-05-04T04:22:13.954-0300] {dagbag.py:540} INFO - Filling up the DagBag from /home/facuvega/Descargas/crypto-etl-airflow/airflow-apache/lib/python3.11/site-packages/airflow/example_dags/example_task_group_decorator.py
[2025-05-04T04:22:13.969-0300] {processor.py:840} INFO - DAG(s) 'example_task_group_decorator' retrieved from /home/facuvega/Descargas/crypto-etl-airflow/airflow-apache/lib/python3.11/site-packages/airflow/example_dags/example_task_group_decorator.py
[2025-05-04T04:22:13.990-0300] {logging_mixin.py:188} INFO - [2025-05-04T04:22:13.990-0300] {dag.py:3096} INFO - Sync 1 DAGs
[2025-05-04T04:22:14.004-0300] {logging_mixin.py:188} INFO - [2025-05-04T04:22:14.004-0300] {dag.py:3954} INFO - Setting next_dagrun for example_task_group_decorator to 2025-05-03 00:00:00+00:00, run_after=2025-05-04 00:00:00+00:00
[2025-05-04T04:22:14.020-0300] {processor.py:183} INFO - Processing /home/facuvega/Descargas/crypto-etl-airflow/airflow-apache/lib/python3.11/site-packages/airflow/example_dags/example_task_group_decorator.py took 0.075 seconds
[2025-05-04T04:23:34.193-0300] {processor.py:161} INFO - Started process (PID=34831) to work on /home/facuvega/Descargas/crypto-etl-airflow/airflow-apache/lib/python3.11/site-packages/airflow/example_dags/example_task_group_decorator.py
[2025-05-04T04:23:34.194-0300] {processor.py:830} INFO - Processing file /home/facuvega/Descargas/crypto-etl-airflow/airflow-apache/lib/python3.11/site-packages/airflow/example_dags/example_task_group_decorator.py for tasks to queue
[2025-05-04T04:23:34.196-0300] {logging_mixin.py:188} INFO - [2025-05-04T04:23:34.196-0300] {dagbag.py:540} INFO - Filling up the DagBag from /home/facuvega/Descargas/crypto-etl-airflow/airflow-apache/lib/python3.11/site-packages/airflow/example_dags/example_task_group_decorator.py
[2025-05-04T04:23:34.215-0300] {processor.py:840} INFO - DAG(s) 'example_task_group_decorator' retrieved from /home/facuvega/Descargas/crypto-etl-airflow/airflow-apache/lib/python3.11/site-packages/airflow/example_dags/example_task_group_decorator.py
[2025-05-04T04:23:34.238-0300] {logging_mixin.py:188} INFO - [2025-05-04T04:23:34.237-0300] {dag.py:3096} INFO - Sync 1 DAGs
[2025-05-04T04:23:34.256-0300] {logging_mixin.py:188} INFO - [2025-05-04T04:23:34.255-0300] {dag.py:3954} INFO - Setting next_dagrun for example_task_group_decorator to 2025-05-03 00:00:00+00:00, run_after=2025-05-04 00:00:00+00:00
[2025-05-04T04:23:34.275-0300] {processor.py:183} INFO - Processing /home/facuvega/Descargas/crypto-etl-airflow/airflow-apache/lib/python3.11/site-packages/airflow/example_dags/example_task_group_decorator.py took 0.088 seconds
