[2025-05-04T03:51:18.569-0300] {processor.py:161} INFO - Started process (PID=19788) to work on /home/facuvega/Descargas/crypto-etl-airflow/airflow-apache/lib/python3.11/site-packages/airflow/example_dags/example_datasets.py
[2025-05-04T03:51:18.570-0300] {processor.py:830} INFO - Processing file /home/facuvega/Descargas/crypto-etl-airflow/airflow-apache/lib/python3.11/site-packages/airflow/example_dags/example_datasets.py for tasks to queue
[2025-05-04T03:51:18.571-0300] {logging_mixin.py:188} INFO - [2025-05-04T03:51:18.571-0300] {dagbag.py:540} INFO - Filling up the DagBag from /home/facuvega/Descargas/crypto-etl-airflow/airflow-apache/lib/python3.11/site-packages/airflow/example_dags/example_datasets.py
[2025-05-04T03:51:18.587-0300] {processor.py:840} INFO - DAG(s) 'conditional_dataset_and_time_based_timetable', 'dataset_produces_2', 'consume_1_or_2_with_dataset_expressions', 'consume_1_or_both_2_and_3_with_dataset_expressions', 'dataset_consumes_1', 'dataset_consumes_1_never_scheduled', 'dataset_consumes_unknown_never_scheduled', 'consume_1_and_2_with_dataset_expressions', 'dataset_consumes_1_and_2', 'dataset_produces_1' retrieved from /home/facuvega/Descargas/crypto-etl-airflow/airflow-apache/lib/python3.11/site-packages/airflow/example_dags/example_datasets.py
[2025-05-04T03:51:18.610-0300] {logging_mixin.py:188} INFO - [2025-05-04T03:51:18.610-0300] {dag.py:3096} INFO - Sync 10 DAGs
[2025-05-04T03:51:18.626-0300] {logging_mixin.py:188} INFO - [2025-05-04T03:51:18.626-0300] {dag.py:3954} INFO - Setting next_dagrun for conditional_dataset_and_time_based_timetable to 2025-04-30 01:00:00+00:00, run_after=2025-04-30 01:00:00+00:00
[2025-05-04T03:51:18.628-0300] {logging_mixin.py:188} INFO - [2025-05-04T03:51:18.628-0300] {dag.py:3954} INFO - Setting next_dagrun for consume_1_and_2_with_dataset_expressions to None, run_after=None
[2025-05-04T03:51:18.628-0300] {logging_mixin.py:188} INFO - [2025-05-04T03:51:18.628-0300] {dag.py:3954} INFO - Setting next_dagrun for consume_1_or_2_with_dataset_expressions to None, run_after=None
[2025-05-04T03:51:18.629-0300] {logging_mixin.py:188} INFO - [2025-05-04T03:51:18.629-0300] {dag.py:3954} INFO - Setting next_dagrun for consume_1_or_both_2_and_3_with_dataset_expressions to None, run_after=None
[2025-05-04T03:51:18.629-0300] {logging_mixin.py:188} INFO - [2025-05-04T03:51:18.629-0300] {dag.py:3954} INFO - Setting next_dagrun for dataset_consumes_1 to None, run_after=None
[2025-05-04T03:51:18.630-0300] {logging_mixin.py:188} INFO - [2025-05-04T03:51:18.630-0300] {dag.py:3954} INFO - Setting next_dagrun for dataset_consumes_1_and_2 to None, run_after=None
[2025-05-04T03:51:18.631-0300] {logging_mixin.py:188} INFO - [2025-05-04T03:51:18.630-0300] {dag.py:3954} INFO - Setting next_dagrun for dataset_consumes_1_never_scheduled to None, run_after=None
[2025-05-04T03:51:18.631-0300] {logging_mixin.py:188} INFO - [2025-05-04T03:51:18.631-0300] {dag.py:3954} INFO - Setting next_dagrun for dataset_consumes_unknown_never_scheduled to None, run_after=None
[2025-05-04T03:51:18.632-0300] {logging_mixin.py:188} INFO - [2025-05-04T03:51:18.632-0300] {dag.py:3954} INFO - Setting next_dagrun for dataset_produces_1 to 2025-05-03 00:00:00+00:00, run_after=2025-05-04 00:00:00+00:00
[2025-05-04T03:51:18.633-0300] {logging_mixin.py:188} INFO - [2025-05-04T03:51:18.633-0300] {dag.py:3954} INFO - Setting next_dagrun for dataset_produces_2 to None, run_after=None
[2025-05-04T03:51:18.652-0300] {processor.py:183} INFO - Processing /home/facuvega/Descargas/crypto-etl-airflow/airflow-apache/lib/python3.11/site-packages/airflow/example_dags/example_datasets.py took 0.088 seconds
[2025-05-04T03:52:23.871-0300] {processor.py:161} INFO - Started process (PID=20098) to work on /home/facuvega/Descargas/crypto-etl-airflow/airflow-apache/lib/python3.11/site-packages/airflow/example_dags/example_datasets.py
[2025-05-04T03:52:23.872-0300] {processor.py:830} INFO - Processing file /home/facuvega/Descargas/crypto-etl-airflow/airflow-apache/lib/python3.11/site-packages/airflow/example_dags/example_datasets.py for tasks to queue
[2025-05-04T03:52:23.874-0300] {logging_mixin.py:188} INFO - [2025-05-04T03:52:23.874-0300] {dagbag.py:540} INFO - Filling up the DagBag from /home/facuvega/Descargas/crypto-etl-airflow/airflow-apache/lib/python3.11/site-packages/airflow/example_dags/example_datasets.py
[2025-05-04T03:52:23.888-0300] {processor.py:840} INFO - DAG(s) 'consume_1_or_2_with_dataset_expressions', 'dataset_consumes_unknown_never_scheduled', 'dataset_consumes_1_never_scheduled', 'consume_1_or_both_2_and_3_with_dataset_expressions', 'dataset_produces_1', 'dataset_consumes_1_and_2', 'conditional_dataset_and_time_based_timetable', 'dataset_consumes_1', 'dataset_produces_2', 'consume_1_and_2_with_dataset_expressions' retrieved from /home/facuvega/Descargas/crypto-etl-airflow/airflow-apache/lib/python3.11/site-packages/airflow/example_dags/example_datasets.py
[2025-05-04T03:52:23.910-0300] {logging_mixin.py:188} INFO - [2025-05-04T03:52:23.910-0300] {dag.py:3096} INFO - Sync 10 DAGs
[2025-05-04T03:52:23.925-0300] {logging_mixin.py:188} INFO - [2025-05-04T03:52:23.925-0300] {dag.py:3954} INFO - Setting next_dagrun for conditional_dataset_and_time_based_timetable to 2025-04-30 01:00:00+00:00, run_after=2025-04-30 01:00:00+00:00
[2025-05-04T03:52:23.927-0300] {logging_mixin.py:188} INFO - [2025-05-04T03:52:23.927-0300] {dag.py:3954} INFO - Setting next_dagrun for consume_1_and_2_with_dataset_expressions to None, run_after=None
[2025-05-04T03:52:23.927-0300] {logging_mixin.py:188} INFO - [2025-05-04T03:52:23.927-0300] {dag.py:3954} INFO - Setting next_dagrun for consume_1_or_2_with_dataset_expressions to None, run_after=None
[2025-05-04T03:52:23.928-0300] {logging_mixin.py:188} INFO - [2025-05-04T03:52:23.928-0300] {dag.py:3954} INFO - Setting next_dagrun for consume_1_or_both_2_and_3_with_dataset_expressions to None, run_after=None
[2025-05-04T03:52:23.929-0300] {logging_mixin.py:188} INFO - [2025-05-04T03:52:23.928-0300] {dag.py:3954} INFO - Setting next_dagrun for dataset_consumes_1 to None, run_after=None
[2025-05-04T03:52:23.929-0300] {logging_mixin.py:188} INFO - [2025-05-04T03:52:23.929-0300] {dag.py:3954} INFO - Setting next_dagrun for dataset_consumes_1_and_2 to None, run_after=None
[2025-05-04T03:52:23.930-0300] {logging_mixin.py:188} INFO - [2025-05-04T03:52:23.930-0300] {dag.py:3954} INFO - Setting next_dagrun for dataset_consumes_1_never_scheduled to None, run_after=None
[2025-05-04T03:52:23.930-0300] {logging_mixin.py:188} INFO - [2025-05-04T03:52:23.930-0300] {dag.py:3954} INFO - Setting next_dagrun for dataset_consumes_unknown_never_scheduled to None, run_after=None
[2025-05-04T03:52:23.931-0300] {logging_mixin.py:188} INFO - [2025-05-04T03:52:23.931-0300] {dag.py:3954} INFO - Setting next_dagrun for dataset_produces_1 to 2025-05-03 00:00:00+00:00, run_after=2025-05-04 00:00:00+00:00
[2025-05-04T03:52:23.932-0300] {logging_mixin.py:188} INFO - [2025-05-04T03:52:23.932-0300] {dag.py:3954} INFO - Setting next_dagrun for dataset_produces_2 to None, run_after=None
[2025-05-04T03:52:23.952-0300] {processor.py:183} INFO - Processing /home/facuvega/Descargas/crypto-etl-airflow/airflow-apache/lib/python3.11/site-packages/airflow/example_dags/example_datasets.py took 0.086 seconds
[2025-05-04T03:53:37.289-0300] {processor.py:161} INFO - Started process (PID=20728) to work on /home/facuvega/Descargas/crypto-etl-airflow/airflow-apache/lib/python3.11/site-packages/airflow/example_dags/example_datasets.py
[2025-05-04T03:53:37.290-0300] {processor.py:830} INFO - Processing file /home/facuvega/Descargas/crypto-etl-airflow/airflow-apache/lib/python3.11/site-packages/airflow/example_dags/example_datasets.py for tasks to queue
[2025-05-04T03:53:37.292-0300] {logging_mixin.py:188} INFO - [2025-05-04T03:53:37.292-0300] {dagbag.py:540} INFO - Filling up the DagBag from /home/facuvega/Descargas/crypto-etl-airflow/airflow-apache/lib/python3.11/site-packages/airflow/example_dags/example_datasets.py
[2025-05-04T03:53:37.310-0300] {processor.py:840} INFO - DAG(s) 'dataset_consumes_1_and_2', 'dataset_consumes_1', 'consume_1_and_2_with_dataset_expressions', 'consume_1_or_2_with_dataset_expressions', 'dataset_produces_1', 'dataset_consumes_1_never_scheduled', 'dataset_produces_2', 'dataset_consumes_unknown_never_scheduled', 'consume_1_or_both_2_and_3_with_dataset_expressions', 'conditional_dataset_and_time_based_timetable' retrieved from /home/facuvega/Descargas/crypto-etl-airflow/airflow-apache/lib/python3.11/site-packages/airflow/example_dags/example_datasets.py
[2025-05-04T03:53:37.336-0300] {logging_mixin.py:188} INFO - [2025-05-04T03:53:37.335-0300] {dag.py:3096} INFO - Sync 10 DAGs
[2025-05-04T03:53:37.357-0300] {logging_mixin.py:188} INFO - [2025-05-04T03:53:37.357-0300] {dag.py:3954} INFO - Setting next_dagrun for conditional_dataset_and_time_based_timetable to 2025-04-30 01:00:00+00:00, run_after=2025-04-30 01:00:00+00:00
[2025-05-04T03:53:37.360-0300] {logging_mixin.py:188} INFO - [2025-05-04T03:53:37.360-0300] {dag.py:3954} INFO - Setting next_dagrun for consume_1_and_2_with_dataset_expressions to None, run_after=None
[2025-05-04T03:53:37.361-0300] {logging_mixin.py:188} INFO - [2025-05-04T03:53:37.361-0300] {dag.py:3954} INFO - Setting next_dagrun for consume_1_or_2_with_dataset_expressions to None, run_after=None
[2025-05-04T03:53:37.361-0300] {logging_mixin.py:188} INFO - [2025-05-04T03:53:37.361-0300] {dag.py:3954} INFO - Setting next_dagrun for consume_1_or_both_2_and_3_with_dataset_expressions to None, run_after=None
[2025-05-04T03:53:37.362-0300] {logging_mixin.py:188} INFO - [2025-05-04T03:53:37.362-0300] {dag.py:3954} INFO - Setting next_dagrun for dataset_consumes_1 to None, run_after=None
[2025-05-04T03:53:37.363-0300] {logging_mixin.py:188} INFO - [2025-05-04T03:53:37.363-0300] {dag.py:3954} INFO - Setting next_dagrun for dataset_consumes_1_and_2 to None, run_after=None
[2025-05-04T03:53:37.364-0300] {logging_mixin.py:188} INFO - [2025-05-04T03:53:37.364-0300] {dag.py:3954} INFO - Setting next_dagrun for dataset_consumes_1_never_scheduled to None, run_after=None
[2025-05-04T03:53:37.366-0300] {logging_mixin.py:188} INFO - [2025-05-04T03:53:37.365-0300] {dag.py:3954} INFO - Setting next_dagrun for dataset_consumes_unknown_never_scheduled to None, run_after=None
[2025-05-04T03:53:37.368-0300] {logging_mixin.py:188} INFO - [2025-05-04T03:53:37.368-0300] {dag.py:3954} INFO - Setting next_dagrun for dataset_produces_1 to 2025-05-03 00:00:00+00:00, run_after=2025-05-04 00:00:00+00:00
[2025-05-04T03:53:37.368-0300] {logging_mixin.py:188} INFO - [2025-05-04T03:53:37.368-0300] {dag.py:3954} INFO - Setting next_dagrun for dataset_produces_2 to None, run_after=None
[2025-05-04T03:53:37.407-0300] {processor.py:183} INFO - Processing /home/facuvega/Descargas/crypto-etl-airflow/airflow-apache/lib/python3.11/site-packages/airflow/example_dags/example_datasets.py took 0.126 seconds
[2025-05-04T03:54:43.975-0300] {processor.py:161} INFO - Started process (PID=21072) to work on /home/facuvega/Descargas/crypto-etl-airflow/airflow-apache/lib/python3.11/site-packages/airflow/example_dags/example_datasets.py
[2025-05-04T03:54:43.976-0300] {processor.py:830} INFO - Processing file /home/facuvega/Descargas/crypto-etl-airflow/airflow-apache/lib/python3.11/site-packages/airflow/example_dags/example_datasets.py for tasks to queue
[2025-05-04T03:54:43.977-0300] {logging_mixin.py:188} INFO - [2025-05-04T03:54:43.977-0300] {dagbag.py:540} INFO - Filling up the DagBag from /home/facuvega/Descargas/crypto-etl-airflow/airflow-apache/lib/python3.11/site-packages/airflow/example_dags/example_datasets.py
[2025-05-04T03:54:43.999-0300] {processor.py:840} INFO - DAG(s) 'dataset_consumes_1_and_2', 'conditional_dataset_and_time_based_timetable', 'consume_1_and_2_with_dataset_expressions', 'dataset_consumes_1_never_scheduled', 'dataset_produces_1', 'dataset_produces_2', 'consume_1_or_both_2_and_3_with_dataset_expressions', 'dataset_consumes_1', 'dataset_consumes_unknown_never_scheduled', 'consume_1_or_2_with_dataset_expressions' retrieved from /home/facuvega/Descargas/crypto-etl-airflow/airflow-apache/lib/python3.11/site-packages/airflow/example_dags/example_datasets.py
[2025-05-04T03:54:44.024-0300] {logging_mixin.py:188} INFO - [2025-05-04T03:54:44.024-0300] {dag.py:3096} INFO - Sync 10 DAGs
[2025-05-04T03:54:44.040-0300] {logging_mixin.py:188} INFO - [2025-05-04T03:54:44.040-0300] {dag.py:3954} INFO - Setting next_dagrun for conditional_dataset_and_time_based_timetable to 2025-04-30 01:00:00+00:00, run_after=2025-04-30 01:00:00+00:00
[2025-05-04T03:54:44.042-0300] {logging_mixin.py:188} INFO - [2025-05-04T03:54:44.042-0300] {dag.py:3954} INFO - Setting next_dagrun for consume_1_and_2_with_dataset_expressions to None, run_after=None
[2025-05-04T03:54:44.042-0300] {logging_mixin.py:188} INFO - [2025-05-04T03:54:44.042-0300] {dag.py:3954} INFO - Setting next_dagrun for consume_1_or_2_with_dataset_expressions to None, run_after=None
[2025-05-04T03:54:44.043-0300] {logging_mixin.py:188} INFO - [2025-05-04T03:54:44.043-0300] {dag.py:3954} INFO - Setting next_dagrun for consume_1_or_both_2_and_3_with_dataset_expressions to None, run_after=None
[2025-05-04T03:54:44.043-0300] {logging_mixin.py:188} INFO - [2025-05-04T03:54:44.043-0300] {dag.py:3954} INFO - Setting next_dagrun for dataset_consumes_1 to None, run_after=None
[2025-05-04T03:54:44.044-0300] {logging_mixin.py:188} INFO - [2025-05-04T03:54:44.044-0300] {dag.py:3954} INFO - Setting next_dagrun for dataset_consumes_1_and_2 to None, run_after=None
[2025-05-04T03:54:44.045-0300] {logging_mixin.py:188} INFO - [2025-05-04T03:54:44.044-0300] {dag.py:3954} INFO - Setting next_dagrun for dataset_consumes_1_never_scheduled to None, run_after=None
[2025-05-04T03:54:44.045-0300] {logging_mixin.py:188} INFO - [2025-05-04T03:54:44.045-0300] {dag.py:3954} INFO - Setting next_dagrun for dataset_consumes_unknown_never_scheduled to None, run_after=None
[2025-05-04T03:54:44.046-0300] {logging_mixin.py:188} INFO - [2025-05-04T03:54:44.046-0300] {dag.py:3954} INFO - Setting next_dagrun for dataset_produces_1 to 2025-05-03 00:00:00+00:00, run_after=2025-05-04 00:00:00+00:00
[2025-05-04T03:54:44.047-0300] {logging_mixin.py:188} INFO - [2025-05-04T03:54:44.047-0300] {dag.py:3954} INFO - Setting next_dagrun for dataset_produces_2 to None, run_after=None
[2025-05-04T03:54:44.069-0300] {processor.py:183} INFO - Processing /home/facuvega/Descargas/crypto-etl-airflow/airflow-apache/lib/python3.11/site-packages/airflow/example_dags/example_datasets.py took 0.099 seconds
[2025-05-04T03:55:55.547-0300] {processor.py:161} INFO - Started process (PID=21506) to work on /home/facuvega/Descargas/crypto-etl-airflow/airflow-apache/lib/python3.11/site-packages/airflow/example_dags/example_datasets.py
[2025-05-04T03:55:55.548-0300] {processor.py:830} INFO - Processing file /home/facuvega/Descargas/crypto-etl-airflow/airflow-apache/lib/python3.11/site-packages/airflow/example_dags/example_datasets.py for tasks to queue
[2025-05-04T03:55:55.550-0300] {logging_mixin.py:188} INFO - [2025-05-04T03:55:55.549-0300] {dagbag.py:540} INFO - Filling up the DagBag from /home/facuvega/Descargas/crypto-etl-airflow/airflow-apache/lib/python3.11/site-packages/airflow/example_dags/example_datasets.py
[2025-05-04T03:55:55.563-0300] {processor.py:840} INFO - DAG(s) 'consume_1_or_2_with_dataset_expressions', 'dataset_consumes_unknown_never_scheduled', 'dataset_consumes_1_never_scheduled', 'dataset_consumes_1', 'dataset_produces_1', 'dataset_consumes_1_and_2', 'conditional_dataset_and_time_based_timetable', 'consume_1_or_both_2_and_3_with_dataset_expressions', 'dataset_produces_2', 'consume_1_and_2_with_dataset_expressions' retrieved from /home/facuvega/Descargas/crypto-etl-airflow/airflow-apache/lib/python3.11/site-packages/airflow/example_dags/example_datasets.py
[2025-05-04T03:55:55.587-0300] {logging_mixin.py:188} INFO - [2025-05-04T03:55:55.587-0300] {dag.py:3096} INFO - Sync 10 DAGs
[2025-05-04T03:55:55.603-0300] {logging_mixin.py:188} INFO - [2025-05-04T03:55:55.602-0300] {dag.py:3954} INFO - Setting next_dagrun for conditional_dataset_and_time_based_timetable to 2025-04-30 01:00:00+00:00, run_after=2025-04-30 01:00:00+00:00
[2025-05-04T03:55:55.604-0300] {logging_mixin.py:188} INFO - [2025-05-04T03:55:55.604-0300] {dag.py:3954} INFO - Setting next_dagrun for consume_1_and_2_with_dataset_expressions to None, run_after=None
[2025-05-04T03:55:55.605-0300] {logging_mixin.py:188} INFO - [2025-05-04T03:55:55.605-0300] {dag.py:3954} INFO - Setting next_dagrun for consume_1_or_2_with_dataset_expressions to None, run_after=None
[2025-05-04T03:55:55.606-0300] {logging_mixin.py:188} INFO - [2025-05-04T03:55:55.606-0300] {dag.py:3954} INFO - Setting next_dagrun for consume_1_or_both_2_and_3_with_dataset_expressions to None, run_after=None
[2025-05-04T03:55:55.606-0300] {logging_mixin.py:188} INFO - [2025-05-04T03:55:55.606-0300] {dag.py:3954} INFO - Setting next_dagrun for dataset_consumes_1 to None, run_after=None
[2025-05-04T03:55:55.607-0300] {logging_mixin.py:188} INFO - [2025-05-04T03:55:55.607-0300] {dag.py:3954} INFO - Setting next_dagrun for dataset_consumes_1_and_2 to None, run_after=None
[2025-05-04T03:55:55.607-0300] {logging_mixin.py:188} INFO - [2025-05-04T03:55:55.607-0300] {dag.py:3954} INFO - Setting next_dagrun for dataset_consumes_1_never_scheduled to None, run_after=None
[2025-05-04T03:55:55.608-0300] {logging_mixin.py:188} INFO - [2025-05-04T03:55:55.608-0300] {dag.py:3954} INFO - Setting next_dagrun for dataset_consumes_unknown_never_scheduled to None, run_after=None
[2025-05-04T03:55:55.609-0300] {logging_mixin.py:188} INFO - [2025-05-04T03:55:55.609-0300] {dag.py:3954} INFO - Setting next_dagrun for dataset_produces_1 to 2025-05-03 00:00:00+00:00, run_after=2025-05-04 00:00:00+00:00
[2025-05-04T03:55:55.610-0300] {logging_mixin.py:188} INFO - [2025-05-04T03:55:55.610-0300] {dag.py:3954} INFO - Setting next_dagrun for dataset_produces_2 to None, run_after=None
[2025-05-04T03:55:55.629-0300] {processor.py:183} INFO - Processing /home/facuvega/Descargas/crypto-etl-airflow/airflow-apache/lib/python3.11/site-packages/airflow/example_dags/example_datasets.py took 0.086 seconds
[2025-05-04T03:56:54.337-0300] {processor.py:161} INFO - Started process (PID=21776) to work on /home/facuvega/Descargas/crypto-etl-airflow/airflow-apache/lib/python3.11/site-packages/airflow/example_dags/example_datasets.py
[2025-05-04T03:56:54.338-0300] {processor.py:830} INFO - Processing file /home/facuvega/Descargas/crypto-etl-airflow/airflow-apache/lib/python3.11/site-packages/airflow/example_dags/example_datasets.py for tasks to queue
[2025-05-04T03:56:54.340-0300] {logging_mixin.py:188} INFO - [2025-05-04T03:56:54.340-0300] {dagbag.py:540} INFO - Filling up the DagBag from /home/facuvega/Descargas/crypto-etl-airflow/airflow-apache/lib/python3.11/site-packages/airflow/example_dags/example_datasets.py
[2025-05-04T03:56:54.361-0300] {processor.py:840} INFO - DAG(s) 'consume_1_or_2_with_dataset_expressions', 'dataset_consumes_unknown_never_scheduled', 'conditional_dataset_and_time_based_timetable', 'dataset_consumes_1_and_2', 'dataset_consumes_1_never_scheduled', 'dataset_consumes_1', 'consume_1_and_2_with_dataset_expressions', 'consume_1_or_both_2_and_3_with_dataset_expressions', 'dataset_produces_2', 'dataset_produces_1' retrieved from /home/facuvega/Descargas/crypto-etl-airflow/airflow-apache/lib/python3.11/site-packages/airflow/example_dags/example_datasets.py
[2025-05-04T03:56:54.386-0300] {logging_mixin.py:188} INFO - [2025-05-04T03:56:54.386-0300] {dag.py:3096} INFO - Sync 10 DAGs
[2025-05-04T03:56:54.418-0300] {logging_mixin.py:188} INFO - [2025-05-04T03:56:54.416-0300] {dag.py:3954} INFO - Setting next_dagrun for conditional_dataset_and_time_based_timetable to 2025-04-30 01:00:00+00:00, run_after=2025-04-30 01:00:00+00:00
[2025-05-04T03:56:54.429-0300] {logging_mixin.py:188} INFO - [2025-05-04T03:56:54.429-0300] {dag.py:3954} INFO - Setting next_dagrun for consume_1_and_2_with_dataset_expressions to None, run_after=None
[2025-05-04T03:56:54.430-0300] {logging_mixin.py:188} INFO - [2025-05-04T03:56:54.430-0300] {dag.py:3954} INFO - Setting next_dagrun for consume_1_or_2_with_dataset_expressions to None, run_after=None
[2025-05-04T03:56:54.430-0300] {logging_mixin.py:188} INFO - [2025-05-04T03:56:54.430-0300] {dag.py:3954} INFO - Setting next_dagrun for consume_1_or_both_2_and_3_with_dataset_expressions to None, run_after=None
[2025-05-04T03:56:54.431-0300] {logging_mixin.py:188} INFO - [2025-05-04T03:56:54.431-0300] {dag.py:3954} INFO - Setting next_dagrun for dataset_consumes_1 to None, run_after=None
[2025-05-04T03:56:54.431-0300] {logging_mixin.py:188} INFO - [2025-05-04T03:56:54.431-0300] {dag.py:3954} INFO - Setting next_dagrun for dataset_consumes_1_and_2 to None, run_after=None
[2025-05-04T03:56:54.432-0300] {logging_mixin.py:188} INFO - [2025-05-04T03:56:54.432-0300] {dag.py:3954} INFO - Setting next_dagrun for dataset_consumes_1_never_scheduled to None, run_after=None
[2025-05-04T03:56:54.433-0300] {logging_mixin.py:188} INFO - [2025-05-04T03:56:54.432-0300] {dag.py:3954} INFO - Setting next_dagrun for dataset_consumes_unknown_never_scheduled to None, run_after=None
[2025-05-04T03:56:54.434-0300] {logging_mixin.py:188} INFO - [2025-05-04T03:56:54.434-0300] {dag.py:3954} INFO - Setting next_dagrun for dataset_produces_1 to 2025-05-03 00:00:00+00:00, run_after=2025-05-04 00:00:00+00:00
[2025-05-04T03:56:54.434-0300] {logging_mixin.py:188} INFO - [2025-05-04T03:56:54.434-0300] {dag.py:3954} INFO - Setting next_dagrun for dataset_produces_2 to None, run_after=None
[2025-05-04T03:56:54.479-0300] {processor.py:183} INFO - Processing /home/facuvega/Descargas/crypto-etl-airflow/airflow-apache/lib/python3.11/site-packages/airflow/example_dags/example_datasets.py took 0.147 seconds
[2025-05-04T03:58:42.268-0300] {processor.py:161} INFO - Started process (PID=22712) to work on /home/facuvega/Descargas/crypto-etl-airflow/airflow-apache/lib/python3.11/site-packages/airflow/example_dags/example_datasets.py
[2025-05-04T03:58:42.269-0300] {processor.py:830} INFO - Processing file /home/facuvega/Descargas/crypto-etl-airflow/airflow-apache/lib/python3.11/site-packages/airflow/example_dags/example_datasets.py for tasks to queue
[2025-05-04T03:58:42.271-0300] {logging_mixin.py:188} INFO - [2025-05-04T03:58:42.270-0300] {dagbag.py:540} INFO - Filling up the DagBag from /home/facuvega/Descargas/crypto-etl-airflow/airflow-apache/lib/python3.11/site-packages/airflow/example_dags/example_datasets.py
[2025-05-04T03:58:42.287-0300] {processor.py:840} INFO - DAG(s) 'consume_1_or_2_with_dataset_expressions', 'dataset_produces_2', 'conditional_dataset_and_time_based_timetable', 'consume_1_or_both_2_and_3_with_dataset_expressions', 'consume_1_and_2_with_dataset_expressions', 'dataset_produces_1', 'dataset_consumes_unknown_never_scheduled', 'dataset_consumes_1', 'dataset_consumes_1_and_2', 'dataset_consumes_1_never_scheduled' retrieved from /home/facuvega/Descargas/crypto-etl-airflow/airflow-apache/lib/python3.11/site-packages/airflow/example_dags/example_datasets.py
[2025-05-04T03:58:42.312-0300] {logging_mixin.py:188} INFO - [2025-05-04T03:58:42.312-0300] {dag.py:3096} INFO - Sync 10 DAGs
[2025-05-04T03:58:42.328-0300] {logging_mixin.py:188} INFO - [2025-05-04T03:58:42.328-0300] {dag.py:3954} INFO - Setting next_dagrun for conditional_dataset_and_time_based_timetable to 2025-04-30 01:00:00+00:00, run_after=2025-04-30 01:00:00+00:00
[2025-05-04T03:58:42.330-0300] {logging_mixin.py:188} INFO - [2025-05-04T03:58:42.330-0300] {dag.py:3954} INFO - Setting next_dagrun for consume_1_and_2_with_dataset_expressions to None, run_after=None
[2025-05-04T03:58:42.330-0300] {logging_mixin.py:188} INFO - [2025-05-04T03:58:42.330-0300] {dag.py:3954} INFO - Setting next_dagrun for consume_1_or_2_with_dataset_expressions to None, run_after=None
[2025-05-04T03:58:42.331-0300] {logging_mixin.py:188} INFO - [2025-05-04T03:58:42.331-0300] {dag.py:3954} INFO - Setting next_dagrun for consume_1_or_both_2_and_3_with_dataset_expressions to None, run_after=None
[2025-05-04T03:58:42.331-0300] {logging_mixin.py:188} INFO - [2025-05-04T03:58:42.331-0300] {dag.py:3954} INFO - Setting next_dagrun for dataset_consumes_1 to None, run_after=None
[2025-05-04T03:58:42.332-0300] {logging_mixin.py:188} INFO - [2025-05-04T03:58:42.332-0300] {dag.py:3954} INFO - Setting next_dagrun for dataset_consumes_1_and_2 to None, run_after=None
[2025-05-04T03:58:42.332-0300] {logging_mixin.py:188} INFO - [2025-05-04T03:58:42.332-0300] {dag.py:3954} INFO - Setting next_dagrun for dataset_consumes_1_never_scheduled to None, run_after=None
[2025-05-04T03:58:42.333-0300] {logging_mixin.py:188} INFO - [2025-05-04T03:58:42.333-0300] {dag.py:3954} INFO - Setting next_dagrun for dataset_consumes_unknown_never_scheduled to None, run_after=None
[2025-05-04T03:58:42.334-0300] {logging_mixin.py:188} INFO - [2025-05-04T03:58:42.334-0300] {dag.py:3954} INFO - Setting next_dagrun for dataset_produces_1 to 2025-05-03 00:00:00+00:00, run_after=2025-05-04 00:00:00+00:00
[2025-05-04T03:58:42.335-0300] {logging_mixin.py:188} INFO - [2025-05-04T03:58:42.335-0300] {dag.py:3954} INFO - Setting next_dagrun for dataset_produces_2 to None, run_after=None
[2025-05-04T03:58:42.353-0300] {processor.py:183} INFO - Processing /home/facuvega/Descargas/crypto-etl-airflow/airflow-apache/lib/python3.11/site-packages/airflow/example_dags/example_datasets.py took 0.090 seconds
[2025-05-04T04:00:16.152-0300] {processor.py:161} INFO - Started process (PID=23609) to work on /home/facuvega/Descargas/crypto-etl-airflow/airflow-apache/lib/python3.11/site-packages/airflow/example_dags/example_datasets.py
[2025-05-04T04:00:16.155-0300] {processor.py:830} INFO - Processing file /home/facuvega/Descargas/crypto-etl-airflow/airflow-apache/lib/python3.11/site-packages/airflow/example_dags/example_datasets.py for tasks to queue
[2025-05-04T04:00:16.158-0300] {logging_mixin.py:188} INFO - [2025-05-04T04:00:16.157-0300] {dagbag.py:540} INFO - Filling up the DagBag from /home/facuvega/Descargas/crypto-etl-airflow/airflow-apache/lib/python3.11/site-packages/airflow/example_dags/example_datasets.py
[2025-05-04T04:00:16.201-0300] {processor.py:840} INFO - DAG(s) 'dataset_produces_1', 'dataset_consumes_1_and_2', 'conditional_dataset_and_time_based_timetable', 'consume_1_and_2_with_dataset_expressions', 'dataset_consumes_1_never_scheduled', 'dataset_consumes_unknown_never_scheduled', 'consume_1_or_2_with_dataset_expressions', 'dataset_produces_2', 'dataset_consumes_1', 'consume_1_or_both_2_and_3_with_dataset_expressions' retrieved from /home/facuvega/Descargas/crypto-etl-airflow/airflow-apache/lib/python3.11/site-packages/airflow/example_dags/example_datasets.py
[2025-05-04T04:00:16.249-0300] {logging_mixin.py:188} INFO - [2025-05-04T04:00:16.248-0300] {dag.py:3096} INFO - Sync 10 DAGs
[2025-05-04T04:00:16.274-0300] {logging_mixin.py:188} INFO - [2025-05-04T04:00:16.274-0300] {dag.py:3954} INFO - Setting next_dagrun for conditional_dataset_and_time_based_timetable to 2025-04-30 01:00:00+00:00, run_after=2025-04-30 01:00:00+00:00
[2025-05-04T04:00:16.277-0300] {logging_mixin.py:188} INFO - [2025-05-04T04:00:16.277-0300] {dag.py:3954} INFO - Setting next_dagrun for consume_1_and_2_with_dataset_expressions to None, run_after=None
[2025-05-04T04:00:16.278-0300] {logging_mixin.py:188} INFO - [2025-05-04T04:00:16.278-0300] {dag.py:3954} INFO - Setting next_dagrun for consume_1_or_2_with_dataset_expressions to None, run_after=None
[2025-05-04T04:00:16.279-0300] {logging_mixin.py:188} INFO - [2025-05-04T04:00:16.279-0300] {dag.py:3954} INFO - Setting next_dagrun for consume_1_or_both_2_and_3_with_dataset_expressions to None, run_after=None
[2025-05-04T04:00:16.279-0300] {logging_mixin.py:188} INFO - [2025-05-04T04:00:16.279-0300] {dag.py:3954} INFO - Setting next_dagrun for dataset_consumes_1 to None, run_after=None
[2025-05-04T04:00:16.281-0300] {logging_mixin.py:188} INFO - [2025-05-04T04:00:16.280-0300] {dag.py:3954} INFO - Setting next_dagrun for dataset_consumes_1_and_2 to None, run_after=None
[2025-05-04T04:00:16.282-0300] {logging_mixin.py:188} INFO - [2025-05-04T04:00:16.282-0300] {dag.py:3954} INFO - Setting next_dagrun for dataset_consumes_1_never_scheduled to None, run_after=None
[2025-05-04T04:00:16.283-0300] {logging_mixin.py:188} INFO - [2025-05-04T04:00:16.283-0300] {dag.py:3954} INFO - Setting next_dagrun for dataset_consumes_unknown_never_scheduled to None, run_after=None
[2025-05-04T04:00:16.285-0300] {logging_mixin.py:188} INFO - [2025-05-04T04:00:16.284-0300] {dag.py:3954} INFO - Setting next_dagrun for dataset_produces_1 to 2025-05-03 00:00:00+00:00, run_after=2025-05-04 00:00:00+00:00
[2025-05-04T04:00:16.285-0300] {logging_mixin.py:188} INFO - [2025-05-04T04:00:16.285-0300] {dag.py:3954} INFO - Setting next_dagrun for dataset_produces_2 to None, run_after=None
[2025-05-04T04:00:16.324-0300] {processor.py:183} INFO - Processing /home/facuvega/Descargas/crypto-etl-airflow/airflow-apache/lib/python3.11/site-packages/airflow/example_dags/example_datasets.py took 0.179 seconds
[2025-05-04T04:01:11.528-0300] {processor.py:161} INFO - Started process (PID=23970) to work on /home/facuvega/Descargas/crypto-etl-airflow/airflow-apache/lib/python3.11/site-packages/airflow/example_dags/example_datasets.py
[2025-05-04T04:01:11.529-0300] {processor.py:830} INFO - Processing file /home/facuvega/Descargas/crypto-etl-airflow/airflow-apache/lib/python3.11/site-packages/airflow/example_dags/example_datasets.py for tasks to queue
[2025-05-04T04:01:11.531-0300] {logging_mixin.py:188} INFO - [2025-05-04T04:01:11.531-0300] {dagbag.py:540} INFO - Filling up the DagBag from /home/facuvega/Descargas/crypto-etl-airflow/airflow-apache/lib/python3.11/site-packages/airflow/example_dags/example_datasets.py
[2025-05-04T04:01:11.548-0300] {processor.py:840} INFO - DAG(s) 'dataset_produces_2', 'dataset_consumes_unknown_never_scheduled', 'conditional_dataset_and_time_based_timetable', 'dataset_consumes_1_never_scheduled', 'dataset_consumes_1', 'consume_1_or_2_with_dataset_expressions', 'consume_1_or_both_2_and_3_with_dataset_expressions', 'consume_1_and_2_with_dataset_expressions', 'dataset_produces_1', 'dataset_consumes_1_and_2' retrieved from /home/facuvega/Descargas/crypto-etl-airflow/airflow-apache/lib/python3.11/site-packages/airflow/example_dags/example_datasets.py
[2025-05-04T04:01:11.578-0300] {logging_mixin.py:188} INFO - [2025-05-04T04:01:11.578-0300] {dag.py:3096} INFO - Sync 10 DAGs
[2025-05-04T04:01:11.596-0300] {logging_mixin.py:188} INFO - [2025-05-04T04:01:11.596-0300] {dag.py:3954} INFO - Setting next_dagrun for conditional_dataset_and_time_based_timetable to 2025-04-30 01:00:00+00:00, run_after=2025-04-30 01:00:00+00:00
[2025-05-04T04:01:11.598-0300] {logging_mixin.py:188} INFO - [2025-05-04T04:01:11.598-0300] {dag.py:3954} INFO - Setting next_dagrun for consume_1_and_2_with_dataset_expressions to None, run_after=None
[2025-05-04T04:01:11.598-0300] {logging_mixin.py:188} INFO - [2025-05-04T04:01:11.598-0300] {dag.py:3954} INFO - Setting next_dagrun for consume_1_or_2_with_dataset_expressions to None, run_after=None
[2025-05-04T04:01:11.599-0300] {logging_mixin.py:188} INFO - [2025-05-04T04:01:11.599-0300] {dag.py:3954} INFO - Setting next_dagrun for consume_1_or_both_2_and_3_with_dataset_expressions to None, run_after=None
[2025-05-04T04:01:11.600-0300] {logging_mixin.py:188} INFO - [2025-05-04T04:01:11.599-0300] {dag.py:3954} INFO - Setting next_dagrun for dataset_consumes_1 to None, run_after=None
[2025-05-04T04:01:11.600-0300] {logging_mixin.py:188} INFO - [2025-05-04T04:01:11.600-0300] {dag.py:3954} INFO - Setting next_dagrun for dataset_consumes_1_and_2 to None, run_after=None
[2025-05-04T04:01:11.601-0300] {logging_mixin.py:188} INFO - [2025-05-04T04:01:11.601-0300] {dag.py:3954} INFO - Setting next_dagrun for dataset_consumes_1_never_scheduled to None, run_after=None
[2025-05-04T04:01:11.601-0300] {logging_mixin.py:188} INFO - [2025-05-04T04:01:11.601-0300] {dag.py:3954} INFO - Setting next_dagrun for dataset_consumes_unknown_never_scheduled to None, run_after=None
[2025-05-04T04:01:11.603-0300] {logging_mixin.py:188} INFO - [2025-05-04T04:01:11.603-0300] {dag.py:3954} INFO - Setting next_dagrun for dataset_produces_1 to 2025-05-03 00:00:00+00:00, run_after=2025-05-04 00:00:00+00:00
[2025-05-04T04:01:11.603-0300] {logging_mixin.py:188} INFO - [2025-05-04T04:01:11.603-0300] {dag.py:3954} INFO - Setting next_dagrun for dataset_produces_2 to None, run_after=None
[2025-05-04T04:01:11.624-0300] {processor.py:183} INFO - Processing /home/facuvega/Descargas/crypto-etl-airflow/airflow-apache/lib/python3.11/site-packages/airflow/example_dags/example_datasets.py took 0.102 seconds
[2025-05-04T04:03:47.330-0300] {processor.py:161} INFO - Started process (PID=25100) to work on /home/facuvega/Descargas/crypto-etl-airflow/airflow-apache/lib/python3.11/site-packages/airflow/example_dags/example_datasets.py
[2025-05-04T04:03:47.331-0300] {processor.py:830} INFO - Processing file /home/facuvega/Descargas/crypto-etl-airflow/airflow-apache/lib/python3.11/site-packages/airflow/example_dags/example_datasets.py for tasks to queue
[2025-05-04T04:03:47.332-0300] {logging_mixin.py:188} INFO - [2025-05-04T04:03:47.332-0300] {dagbag.py:540} INFO - Filling up the DagBag from /home/facuvega/Descargas/crypto-etl-airflow/airflow-apache/lib/python3.11/site-packages/airflow/example_dags/example_datasets.py
[2025-05-04T04:03:47.347-0300] {processor.py:840} INFO - DAG(s) 'dataset_consumes_1', 'dataset_produces_1', 'consume_1_or_both_2_and_3_with_dataset_expressions', 'consume_1_and_2_with_dataset_expressions', 'dataset_consumes_1_and_2', 'conditional_dataset_and_time_based_timetable', 'dataset_consumes_1_never_scheduled', 'dataset_produces_2', 'dataset_consumes_unknown_never_scheduled', 'consume_1_or_2_with_dataset_expressions' retrieved from /home/facuvega/Descargas/crypto-etl-airflow/airflow-apache/lib/python3.11/site-packages/airflow/example_dags/example_datasets.py
[2025-05-04T04:03:47.371-0300] {logging_mixin.py:188} INFO - [2025-05-04T04:03:47.370-0300] {dag.py:3096} INFO - Sync 10 DAGs
[2025-05-04T04:03:47.386-0300] {logging_mixin.py:188} INFO - [2025-05-04T04:03:47.386-0300] {dag.py:3954} INFO - Setting next_dagrun for conditional_dataset_and_time_based_timetable to 2025-04-30 01:00:00+00:00, run_after=2025-04-30 01:00:00+00:00
[2025-05-04T04:03:47.388-0300] {logging_mixin.py:188} INFO - [2025-05-04T04:03:47.388-0300] {dag.py:3954} INFO - Setting next_dagrun for consume_1_and_2_with_dataset_expressions to None, run_after=None
[2025-05-04T04:03:47.388-0300] {logging_mixin.py:188} INFO - [2025-05-04T04:03:47.388-0300] {dag.py:3954} INFO - Setting next_dagrun for consume_1_or_2_with_dataset_expressions to None, run_after=None
[2025-05-04T04:03:47.389-0300] {logging_mixin.py:188} INFO - [2025-05-04T04:03:47.389-0300] {dag.py:3954} INFO - Setting next_dagrun for consume_1_or_both_2_and_3_with_dataset_expressions to None, run_after=None
[2025-05-04T04:03:47.389-0300] {logging_mixin.py:188} INFO - [2025-05-04T04:03:47.389-0300] {dag.py:3954} INFO - Setting next_dagrun for dataset_consumes_1 to None, run_after=None
[2025-05-04T04:03:47.390-0300] {logging_mixin.py:188} INFO - [2025-05-04T04:03:47.390-0300] {dag.py:3954} INFO - Setting next_dagrun for dataset_consumes_1_and_2 to None, run_after=None
[2025-05-04T04:03:47.390-0300] {logging_mixin.py:188} INFO - [2025-05-04T04:03:47.390-0300] {dag.py:3954} INFO - Setting next_dagrun for dataset_consumes_1_never_scheduled to None, run_after=None
[2025-05-04T04:03:47.391-0300] {logging_mixin.py:188} INFO - [2025-05-04T04:03:47.391-0300] {dag.py:3954} INFO - Setting next_dagrun for dataset_consumes_unknown_never_scheduled to None, run_after=None
[2025-05-04T04:03:47.392-0300] {logging_mixin.py:188} INFO - [2025-05-04T04:03:47.392-0300] {dag.py:3954} INFO - Setting next_dagrun for dataset_produces_1 to 2025-05-03 00:00:00+00:00, run_after=2025-05-04 00:00:00+00:00
[2025-05-04T04:03:47.393-0300] {logging_mixin.py:188} INFO - [2025-05-04T04:03:47.392-0300] {dag.py:3954} INFO - Setting next_dagrun for dataset_produces_2 to None, run_after=None
[2025-05-04T04:03:47.412-0300] {processor.py:183} INFO - Processing /home/facuvega/Descargas/crypto-etl-airflow/airflow-apache/lib/python3.11/site-packages/airflow/example_dags/example_datasets.py took 0.087 seconds
[2025-05-04T04:05:35.599-0300] {processor.py:161} INFO - Started process (PID=26356) to work on /home/facuvega/Descargas/crypto-etl-airflow/airflow-apache/lib/python3.11/site-packages/airflow/example_dags/example_datasets.py
[2025-05-04T04:05:35.600-0300] {processor.py:830} INFO - Processing file /home/facuvega/Descargas/crypto-etl-airflow/airflow-apache/lib/python3.11/site-packages/airflow/example_dags/example_datasets.py for tasks to queue
[2025-05-04T04:05:35.602-0300] {logging_mixin.py:188} INFO - [2025-05-04T04:05:35.602-0300] {dagbag.py:540} INFO - Filling up the DagBag from /home/facuvega/Descargas/crypto-etl-airflow/airflow-apache/lib/python3.11/site-packages/airflow/example_dags/example_datasets.py
[2025-05-04T04:05:35.626-0300] {processor.py:840} INFO - DAG(s) 'dataset_consumes_1_and_2', 'dataset_produces_1', 'dataset_consumes_1_never_scheduled', 'dataset_consumes_1', 'consume_1_and_2_with_dataset_expressions', 'consume_1_or_2_with_dataset_expressions', 'conditional_dataset_and_time_based_timetable', 'dataset_consumes_unknown_never_scheduled', 'dataset_produces_2', 'consume_1_or_both_2_and_3_with_dataset_expressions' retrieved from /home/facuvega/Descargas/crypto-etl-airflow/airflow-apache/lib/python3.11/site-packages/airflow/example_dags/example_datasets.py
[2025-05-04T04:05:35.651-0300] {logging_mixin.py:188} INFO - [2025-05-04T04:05:35.651-0300] {dag.py:3096} INFO - Sync 10 DAGs
[2025-05-04T04:05:35.667-0300] {logging_mixin.py:188} INFO - [2025-05-04T04:05:35.667-0300] {dag.py:3954} INFO - Setting next_dagrun for conditional_dataset_and_time_based_timetable to 2025-04-30 01:00:00+00:00, run_after=2025-04-30 01:00:00+00:00
[2025-05-04T04:05:35.669-0300] {logging_mixin.py:188} INFO - [2025-05-04T04:05:35.669-0300] {dag.py:3954} INFO - Setting next_dagrun for consume_1_and_2_with_dataset_expressions to None, run_after=None
[2025-05-04T04:05:35.670-0300] {logging_mixin.py:188} INFO - [2025-05-04T04:05:35.670-0300] {dag.py:3954} INFO - Setting next_dagrun for consume_1_or_2_with_dataset_expressions to None, run_after=None
[2025-05-04T04:05:35.670-0300] {logging_mixin.py:188} INFO - [2025-05-04T04:05:35.670-0300] {dag.py:3954} INFO - Setting next_dagrun for consume_1_or_both_2_and_3_with_dataset_expressions to None, run_after=None
[2025-05-04T04:05:35.671-0300] {logging_mixin.py:188} INFO - [2025-05-04T04:05:35.671-0300] {dag.py:3954} INFO - Setting next_dagrun for dataset_consumes_1 to None, run_after=None
[2025-05-04T04:05:35.671-0300] {logging_mixin.py:188} INFO - [2025-05-04T04:05:35.671-0300] {dag.py:3954} INFO - Setting next_dagrun for dataset_consumes_1_and_2 to None, run_after=None
[2025-05-04T04:05:35.672-0300] {logging_mixin.py:188} INFO - [2025-05-04T04:05:35.672-0300] {dag.py:3954} INFO - Setting next_dagrun for dataset_consumes_1_never_scheduled to None, run_after=None
[2025-05-04T04:05:35.672-0300] {logging_mixin.py:188} INFO - [2025-05-04T04:05:35.672-0300] {dag.py:3954} INFO - Setting next_dagrun for dataset_consumes_unknown_never_scheduled to None, run_after=None
[2025-05-04T04:05:35.674-0300] {logging_mixin.py:188} INFO - [2025-05-04T04:05:35.673-0300] {dag.py:3954} INFO - Setting next_dagrun for dataset_produces_1 to 2025-05-03 00:00:00+00:00, run_after=2025-05-04 00:00:00+00:00
[2025-05-04T04:05:35.674-0300] {logging_mixin.py:188} INFO - [2025-05-04T04:05:35.674-0300] {dag.py:3954} INFO - Setting next_dagrun for dataset_produces_2 to None, run_after=None
[2025-05-04T04:05:35.698-0300] {processor.py:183} INFO - Processing /home/facuvega/Descargas/crypto-etl-airflow/airflow-apache/lib/python3.11/site-packages/airflow/example_dags/example_datasets.py took 0.105 seconds
[2025-05-04T04:06:48.827-0300] {processor.py:161} INFO - Started process (PID=26754) to work on /home/facuvega/Descargas/crypto-etl-airflow/airflow-apache/lib/python3.11/site-packages/airflow/example_dags/example_datasets.py
[2025-05-04T04:06:48.828-0300] {processor.py:830} INFO - Processing file /home/facuvega/Descargas/crypto-etl-airflow/airflow-apache/lib/python3.11/site-packages/airflow/example_dags/example_datasets.py for tasks to queue
[2025-05-04T04:06:48.830-0300] {logging_mixin.py:188} INFO - [2025-05-04T04:06:48.830-0300] {dagbag.py:540} INFO - Filling up the DagBag from /home/facuvega/Descargas/crypto-etl-airflow/airflow-apache/lib/python3.11/site-packages/airflow/example_dags/example_datasets.py
[2025-05-04T04:06:48.869-0300] {processor.py:840} INFO - DAG(s) 'dataset_consumes_1_and_2', 'consume_1_and_2_with_dataset_expressions', 'dataset_consumes_unknown_never_scheduled', 'consume_1_or_2_with_dataset_expressions', 'dataset_produces_2', 'consume_1_or_both_2_and_3_with_dataset_expressions', 'dataset_consumes_1', 'dataset_produces_1', 'conditional_dataset_and_time_based_timetable', 'dataset_consumes_1_never_scheduled' retrieved from /home/facuvega/Descargas/crypto-etl-airflow/airflow-apache/lib/python3.11/site-packages/airflow/example_dags/example_datasets.py
[2025-05-04T04:06:48.901-0300] {logging_mixin.py:188} INFO - [2025-05-04T04:06:48.901-0300] {dag.py:3096} INFO - Sync 10 DAGs
[2025-05-04T04:06:48.922-0300] {logging_mixin.py:188} INFO - [2025-05-04T04:06:48.922-0300] {dag.py:3954} INFO - Setting next_dagrun for conditional_dataset_and_time_based_timetable to 2025-04-30 01:00:00+00:00, run_after=2025-04-30 01:00:00+00:00
[2025-05-04T04:06:48.925-0300] {logging_mixin.py:188} INFO - [2025-05-04T04:06:48.925-0300] {dag.py:3954} INFO - Setting next_dagrun for consume_1_and_2_with_dataset_expressions to None, run_after=None
[2025-05-04T04:06:48.926-0300] {logging_mixin.py:188} INFO - [2025-05-04T04:06:48.926-0300] {dag.py:3954} INFO - Setting next_dagrun for consume_1_or_2_with_dataset_expressions to None, run_after=None
[2025-05-04T04:06:48.927-0300] {logging_mixin.py:188} INFO - [2025-05-04T04:06:48.927-0300] {dag.py:3954} INFO - Setting next_dagrun for consume_1_or_both_2_and_3_with_dataset_expressions to None, run_after=None
[2025-05-04T04:06:48.929-0300] {logging_mixin.py:188} INFO - [2025-05-04T04:06:48.928-0300] {dag.py:3954} INFO - Setting next_dagrun for dataset_consumes_1 to None, run_after=None
[2025-05-04T04:06:48.929-0300] {logging_mixin.py:188} INFO - [2025-05-04T04:06:48.929-0300] {dag.py:3954} INFO - Setting next_dagrun for dataset_consumes_1_and_2 to None, run_after=None
[2025-05-04T04:06:48.930-0300] {logging_mixin.py:188} INFO - [2025-05-04T04:06:48.930-0300] {dag.py:3954} INFO - Setting next_dagrun for dataset_consumes_1_never_scheduled to None, run_after=None
[2025-05-04T04:06:48.930-0300] {logging_mixin.py:188} INFO - [2025-05-04T04:06:48.930-0300] {dag.py:3954} INFO - Setting next_dagrun for dataset_consumes_unknown_never_scheduled to None, run_after=None
[2025-05-04T04:06:48.932-0300] {logging_mixin.py:188} INFO - [2025-05-04T04:06:48.931-0300] {dag.py:3954} INFO - Setting next_dagrun for dataset_produces_1 to 2025-05-03 00:00:00+00:00, run_after=2025-05-04 00:00:00+00:00
[2025-05-04T04:06:48.932-0300] {logging_mixin.py:188} INFO - [2025-05-04T04:06:48.932-0300] {dag.py:3954} INFO - Setting next_dagrun for dataset_produces_2 to None, run_after=None
[2025-05-04T04:06:48.976-0300] {processor.py:183} INFO - Processing /home/facuvega/Descargas/crypto-etl-airflow/airflow-apache/lib/python3.11/site-packages/airflow/example_dags/example_datasets.py took 0.161 seconds
[2025-05-04T04:07:55.854-0300] {processor.py:161} INFO - Started process (PID=27107) to work on /home/facuvega/Descargas/crypto-etl-airflow/airflow-apache/lib/python3.11/site-packages/airflow/example_dags/example_datasets.py
[2025-05-04T04:07:55.857-0300] {processor.py:830} INFO - Processing file /home/facuvega/Descargas/crypto-etl-airflow/airflow-apache/lib/python3.11/site-packages/airflow/example_dags/example_datasets.py for tasks to queue
[2025-05-04T04:07:55.862-0300] {logging_mixin.py:188} INFO - [2025-05-04T04:07:55.860-0300] {dagbag.py:540} INFO - Filling up the DagBag from /home/facuvega/Descargas/crypto-etl-airflow/airflow-apache/lib/python3.11/site-packages/airflow/example_dags/example_datasets.py
[2025-05-04T04:07:55.893-0300] {processor.py:840} INFO - DAG(s) 'consume_1_or_both_2_and_3_with_dataset_expressions', 'conditional_dataset_and_time_based_timetable', 'consume_1_and_2_with_dataset_expressions', 'dataset_consumes_unknown_never_scheduled', 'dataset_consumes_1_never_scheduled', 'dataset_consumes_1', 'dataset_produces_2', 'dataset_produces_1', 'dataset_consumes_1_and_2', 'consume_1_or_2_with_dataset_expressions' retrieved from /home/facuvega/Descargas/crypto-etl-airflow/airflow-apache/lib/python3.11/site-packages/airflow/example_dags/example_datasets.py
[2025-05-04T04:07:56.045-0300] {logging_mixin.py:188} INFO - [2025-05-04T04:07:56.044-0300] {dag.py:3096} INFO - Sync 10 DAGs
[2025-05-04T04:07:56.090-0300] {logging_mixin.py:188} INFO - [2025-05-04T04:07:56.090-0300] {dag.py:3954} INFO - Setting next_dagrun for conditional_dataset_and_time_based_timetable to 2025-04-30 01:00:00+00:00, run_after=2025-04-30 01:00:00+00:00
[2025-05-04T04:07:56.095-0300] {logging_mixin.py:188} INFO - [2025-05-04T04:07:56.095-0300] {dag.py:3954} INFO - Setting next_dagrun for consume_1_and_2_with_dataset_expressions to None, run_after=None
[2025-05-04T04:07:56.098-0300] {logging_mixin.py:188} INFO - [2025-05-04T04:07:56.097-0300] {dag.py:3954} INFO - Setting next_dagrun for consume_1_or_2_with_dataset_expressions to None, run_after=None
[2025-05-04T04:07:56.099-0300] {logging_mixin.py:188} INFO - [2025-05-04T04:07:56.099-0300] {dag.py:3954} INFO - Setting next_dagrun for consume_1_or_both_2_and_3_with_dataset_expressions to None, run_after=None
[2025-05-04T04:07:56.100-0300] {logging_mixin.py:188} INFO - [2025-05-04T04:07:56.099-0300] {dag.py:3954} INFO - Setting next_dagrun for dataset_consumes_1 to None, run_after=None
[2025-05-04T04:07:56.100-0300] {logging_mixin.py:188} INFO - [2025-05-04T04:07:56.100-0300] {dag.py:3954} INFO - Setting next_dagrun for dataset_consumes_1_and_2 to None, run_after=None
[2025-05-04T04:07:56.101-0300] {logging_mixin.py:188} INFO - [2025-05-04T04:07:56.101-0300] {dag.py:3954} INFO - Setting next_dagrun for dataset_consumes_1_never_scheduled to None, run_after=None
[2025-05-04T04:07:56.102-0300] {logging_mixin.py:188} INFO - [2025-05-04T04:07:56.102-0300] {dag.py:3954} INFO - Setting next_dagrun for dataset_consumes_unknown_never_scheduled to None, run_after=None
[2025-05-04T04:07:56.105-0300] {logging_mixin.py:188} INFO - [2025-05-04T04:07:56.105-0300] {dag.py:3954} INFO - Setting next_dagrun for dataset_produces_1 to 2025-05-03 00:00:00+00:00, run_after=2025-05-04 00:00:00+00:00
[2025-05-04T04:07:56.107-0300] {logging_mixin.py:188} INFO - [2025-05-04T04:07:56.107-0300] {dag.py:3954} INFO - Setting next_dagrun for dataset_produces_2 to None, run_after=None
[2025-05-04T04:07:56.189-0300] {processor.py:183} INFO - Processing /home/facuvega/Descargas/crypto-etl-airflow/airflow-apache/lib/python3.11/site-packages/airflow/example_dags/example_datasets.py took 0.386 seconds
[2025-05-04T04:10:58.458-0300] {processor.py:161} INFO - Started process (PID=29124) to work on /home/facuvega/Descargas/crypto-etl-airflow/airflow-apache/lib/python3.11/site-packages/airflow/example_dags/example_datasets.py
[2025-05-04T04:10:58.459-0300] {processor.py:830} INFO - Processing file /home/facuvega/Descargas/crypto-etl-airflow/airflow-apache/lib/python3.11/site-packages/airflow/example_dags/example_datasets.py for tasks to queue
[2025-05-04T04:10:58.461-0300] {logging_mixin.py:188} INFO - [2025-05-04T04:10:58.461-0300] {dagbag.py:540} INFO - Filling up the DagBag from /home/facuvega/Descargas/crypto-etl-airflow/airflow-apache/lib/python3.11/site-packages/airflow/example_dags/example_datasets.py
[2025-05-04T04:10:58.476-0300] {processor.py:840} INFO - DAG(s) 'dataset_consumes_1_never_scheduled', 'dataset_produces_2', 'consume_1_and_2_with_dataset_expressions', 'dataset_produces_1', 'conditional_dataset_and_time_based_timetable', 'consume_1_or_both_2_and_3_with_dataset_expressions', 'dataset_consumes_unknown_never_scheduled', 'consume_1_or_2_with_dataset_expressions', 'dataset_consumes_1_and_2', 'dataset_consumes_1' retrieved from /home/facuvega/Descargas/crypto-etl-airflow/airflow-apache/lib/python3.11/site-packages/airflow/example_dags/example_datasets.py
[2025-05-04T04:10:58.512-0300] {logging_mixin.py:188} INFO - [2025-05-04T04:10:58.512-0300] {dag.py:3096} INFO - Sync 10 DAGs
[2025-05-04T04:10:58.533-0300] {logging_mixin.py:188} INFO - [2025-05-04T04:10:58.533-0300] {dag.py:3954} INFO - Setting next_dagrun for conditional_dataset_and_time_based_timetable to 2025-04-30 01:00:00+00:00, run_after=2025-04-30 01:00:00+00:00
[2025-05-04T04:10:58.536-0300] {logging_mixin.py:188} INFO - [2025-05-04T04:10:58.535-0300] {dag.py:3954} INFO - Setting next_dagrun for consume_1_and_2_with_dataset_expressions to None, run_after=None
[2025-05-04T04:10:58.536-0300] {logging_mixin.py:188} INFO - [2025-05-04T04:10:58.536-0300] {dag.py:3954} INFO - Setting next_dagrun for consume_1_or_2_with_dataset_expressions to None, run_after=None
[2025-05-04T04:10:58.537-0300] {logging_mixin.py:188} INFO - [2025-05-04T04:10:58.537-0300] {dag.py:3954} INFO - Setting next_dagrun for consume_1_or_both_2_and_3_with_dataset_expressions to None, run_after=None
[2025-05-04T04:10:58.538-0300] {logging_mixin.py:188} INFO - [2025-05-04T04:10:58.538-0300] {dag.py:3954} INFO - Setting next_dagrun for dataset_consumes_1 to None, run_after=None
[2025-05-04T04:10:58.538-0300] {logging_mixin.py:188} INFO - [2025-05-04T04:10:58.538-0300] {dag.py:3954} INFO - Setting next_dagrun for dataset_consumes_1_and_2 to None, run_after=None
[2025-05-04T04:10:58.539-0300] {logging_mixin.py:188} INFO - [2025-05-04T04:10:58.539-0300] {dag.py:3954} INFO - Setting next_dagrun for dataset_consumes_1_never_scheduled to None, run_after=None
[2025-05-04T04:10:58.540-0300] {logging_mixin.py:188} INFO - [2025-05-04T04:10:58.540-0300] {dag.py:3954} INFO - Setting next_dagrun for dataset_consumes_unknown_never_scheduled to None, run_after=None
[2025-05-04T04:10:58.542-0300] {logging_mixin.py:188} INFO - [2025-05-04T04:10:58.542-0300] {dag.py:3954} INFO - Setting next_dagrun for dataset_produces_1 to 2025-05-03 00:00:00+00:00, run_after=2025-05-04 00:00:00+00:00
[2025-05-04T04:10:58.543-0300] {logging_mixin.py:188} INFO - [2025-05-04T04:10:58.542-0300] {dag.py:3954} INFO - Setting next_dagrun for dataset_produces_2 to None, run_after=None
[2025-05-04T04:10:58.570-0300] {processor.py:183} INFO - Processing /home/facuvega/Descargas/crypto-etl-airflow/airflow-apache/lib/python3.11/site-packages/airflow/example_dags/example_datasets.py took 0.118 seconds
[2025-05-04T04:11:54.284-0300] {processor.py:161} INFO - Started process (PID=29372) to work on /home/facuvega/Descargas/crypto-etl-airflow/airflow-apache/lib/python3.11/site-packages/airflow/example_dags/example_datasets.py
[2025-05-04T04:11:54.287-0300] {processor.py:830} INFO - Processing file /home/facuvega/Descargas/crypto-etl-airflow/airflow-apache/lib/python3.11/site-packages/airflow/example_dags/example_datasets.py for tasks to queue
[2025-05-04T04:11:54.291-0300] {logging_mixin.py:188} INFO - [2025-05-04T04:11:54.289-0300] {dagbag.py:540} INFO - Filling up the DagBag from /home/facuvega/Descargas/crypto-etl-airflow/airflow-apache/lib/python3.11/site-packages/airflow/example_dags/example_datasets.py
[2025-05-04T04:11:54.373-0300] {processor.py:840} INFO - DAG(s) 'consume_1_or_2_with_dataset_expressions', 'dataset_consumes_1_and_2', 'consume_1_and_2_with_dataset_expressions', 'dataset_produces_2', 'consume_1_or_both_2_and_3_with_dataset_expressions', 'conditional_dataset_and_time_based_timetable', 'dataset_consumes_unknown_never_scheduled', 'dataset_produces_1', 'dataset_consumes_1', 'dataset_consumes_1_never_scheduled' retrieved from /home/facuvega/Descargas/crypto-etl-airflow/airflow-apache/lib/python3.11/site-packages/airflow/example_dags/example_datasets.py
[2025-05-04T04:11:54.473-0300] {logging_mixin.py:188} INFO - [2025-05-04T04:11:54.473-0300] {dag.py:3096} INFO - Sync 10 DAGs
[2025-05-04T04:11:54.495-0300] {logging_mixin.py:188} INFO - [2025-05-04T04:11:54.494-0300] {dag.py:3954} INFO - Setting next_dagrun for conditional_dataset_and_time_based_timetable to 2025-04-30 01:00:00+00:00, run_after=2025-04-30 01:00:00+00:00
[2025-05-04T04:11:54.498-0300] {logging_mixin.py:188} INFO - [2025-05-04T04:11:54.498-0300] {dag.py:3954} INFO - Setting next_dagrun for consume_1_and_2_with_dataset_expressions to None, run_after=None
[2025-05-04T04:11:54.499-0300] {logging_mixin.py:188} INFO - [2025-05-04T04:11:54.499-0300] {dag.py:3954} INFO - Setting next_dagrun for consume_1_or_2_with_dataset_expressions to None, run_after=None
[2025-05-04T04:11:54.500-0300] {logging_mixin.py:188} INFO - [2025-05-04T04:11:54.499-0300] {dag.py:3954} INFO - Setting next_dagrun for consume_1_or_both_2_and_3_with_dataset_expressions to None, run_after=None
[2025-05-04T04:11:54.501-0300] {logging_mixin.py:188} INFO - [2025-05-04T04:11:54.500-0300] {dag.py:3954} INFO - Setting next_dagrun for dataset_consumes_1 to None, run_after=None
[2025-05-04T04:11:54.501-0300] {logging_mixin.py:188} INFO - [2025-05-04T04:11:54.501-0300] {dag.py:3954} INFO - Setting next_dagrun for dataset_consumes_1_and_2 to None, run_after=None
[2025-05-04T04:11:54.502-0300] {logging_mixin.py:188} INFO - [2025-05-04T04:11:54.502-0300] {dag.py:3954} INFO - Setting next_dagrun for dataset_consumes_1_never_scheduled to None, run_after=None
[2025-05-04T04:11:54.502-0300] {logging_mixin.py:188} INFO - [2025-05-04T04:11:54.502-0300] {dag.py:3954} INFO - Setting next_dagrun for dataset_consumes_unknown_never_scheduled to None, run_after=None
[2025-05-04T04:11:54.504-0300] {logging_mixin.py:188} INFO - [2025-05-04T04:11:54.504-0300] {dag.py:3954} INFO - Setting next_dagrun for dataset_produces_1 to 2025-05-03 00:00:00+00:00, run_after=2025-05-04 00:00:00+00:00
[2025-05-04T04:11:54.505-0300] {logging_mixin.py:188} INFO - [2025-05-04T04:11:54.504-0300] {dag.py:3954} INFO - Setting next_dagrun for dataset_produces_2 to None, run_after=None
[2025-05-04T04:11:54.533-0300] {processor.py:183} INFO - Processing /home/facuvega/Descargas/crypto-etl-airflow/airflow-apache/lib/python3.11/site-packages/airflow/example_dags/example_datasets.py took 0.262 seconds
[2025-05-04T04:13:03.719-0300] {processor.py:161} INFO - Started process (PID=29689) to work on /home/facuvega/Descargas/crypto-etl-airflow/airflow-apache/lib/python3.11/site-packages/airflow/example_dags/example_datasets.py
[2025-05-04T04:13:03.720-0300] {processor.py:830} INFO - Processing file /home/facuvega/Descargas/crypto-etl-airflow/airflow-apache/lib/python3.11/site-packages/airflow/example_dags/example_datasets.py for tasks to queue
[2025-05-04T04:13:03.721-0300] {logging_mixin.py:188} INFO - [2025-05-04T04:13:03.721-0300] {dagbag.py:540} INFO - Filling up the DagBag from /home/facuvega/Descargas/crypto-etl-airflow/airflow-apache/lib/python3.11/site-packages/airflow/example_dags/example_datasets.py
[2025-05-04T04:13:03.733-0300] {processor.py:840} INFO - DAG(s) 'dataset_consumes_1', 'dataset_consumes_unknown_never_scheduled', 'dataset_produces_1', 'consume_1_or_2_with_dataset_expressions', 'consume_1_or_both_2_and_3_with_dataset_expressions', 'dataset_consumes_1_and_2', 'conditional_dataset_and_time_based_timetable', 'dataset_consumes_1_never_scheduled', 'dataset_produces_2', 'consume_1_and_2_with_dataset_expressions' retrieved from /home/facuvega/Descargas/crypto-etl-airflow/airflow-apache/lib/python3.11/site-packages/airflow/example_dags/example_datasets.py
[2025-05-04T04:13:03.756-0300] {logging_mixin.py:188} INFO - [2025-05-04T04:13:03.755-0300] {dag.py:3096} INFO - Sync 10 DAGs
[2025-05-04T04:13:03.770-0300] {logging_mixin.py:188} INFO - [2025-05-04T04:13:03.770-0300] {dag.py:3954} INFO - Setting next_dagrun for conditional_dataset_and_time_based_timetable to 2025-04-30 01:00:00+00:00, run_after=2025-04-30 01:00:00+00:00
[2025-05-04T04:13:03.772-0300] {logging_mixin.py:188} INFO - [2025-05-04T04:13:03.772-0300] {dag.py:3954} INFO - Setting next_dagrun for consume_1_and_2_with_dataset_expressions to None, run_after=None
[2025-05-04T04:13:03.772-0300] {logging_mixin.py:188} INFO - [2025-05-04T04:13:03.772-0300] {dag.py:3954} INFO - Setting next_dagrun for consume_1_or_2_with_dataset_expressions to None, run_after=None
[2025-05-04T04:13:03.773-0300] {logging_mixin.py:188} INFO - [2025-05-04T04:13:03.773-0300] {dag.py:3954} INFO - Setting next_dagrun for consume_1_or_both_2_and_3_with_dataset_expressions to None, run_after=None
[2025-05-04T04:13:03.774-0300] {logging_mixin.py:188} INFO - [2025-05-04T04:13:03.773-0300] {dag.py:3954} INFO - Setting next_dagrun for dataset_consumes_1 to None, run_after=None
[2025-05-04T04:13:03.774-0300] {logging_mixin.py:188} INFO - [2025-05-04T04:13:03.774-0300] {dag.py:3954} INFO - Setting next_dagrun for dataset_consumes_1_and_2 to None, run_after=None
[2025-05-04T04:13:03.775-0300] {logging_mixin.py:188} INFO - [2025-05-04T04:13:03.775-0300] {dag.py:3954} INFO - Setting next_dagrun for dataset_consumes_1_never_scheduled to None, run_after=None
[2025-05-04T04:13:03.775-0300] {logging_mixin.py:188} INFO - [2025-05-04T04:13:03.775-0300] {dag.py:3954} INFO - Setting next_dagrun for dataset_consumes_unknown_never_scheduled to None, run_after=None
[2025-05-04T04:13:03.776-0300] {logging_mixin.py:188} INFO - [2025-05-04T04:13:03.776-0300] {dag.py:3954} INFO - Setting next_dagrun for dataset_produces_1 to 2025-05-03 00:00:00+00:00, run_after=2025-05-04 00:00:00+00:00
[2025-05-04T04:13:03.777-0300] {logging_mixin.py:188} INFO - [2025-05-04T04:13:03.777-0300] {dag.py:3954} INFO - Setting next_dagrun for dataset_produces_2 to None, run_after=None
[2025-05-04T04:13:03.794-0300] {processor.py:183} INFO - Processing /home/facuvega/Descargas/crypto-etl-airflow/airflow-apache/lib/python3.11/site-packages/airflow/example_dags/example_datasets.py took 0.080 seconds
[2025-05-04T04:14:06.423-0300] {processor.py:161} INFO - Started process (PID=29969) to work on /home/facuvega/Descargas/crypto-etl-airflow/airflow-apache/lib/python3.11/site-packages/airflow/example_dags/example_datasets.py
[2025-05-04T04:14:06.424-0300] {processor.py:830} INFO - Processing file /home/facuvega/Descargas/crypto-etl-airflow/airflow-apache/lib/python3.11/site-packages/airflow/example_dags/example_datasets.py for tasks to queue
[2025-05-04T04:14:06.426-0300] {logging_mixin.py:188} INFO - [2025-05-04T04:14:06.426-0300] {dagbag.py:540} INFO - Filling up the DagBag from /home/facuvega/Descargas/crypto-etl-airflow/airflow-apache/lib/python3.11/site-packages/airflow/example_dags/example_datasets.py
[2025-05-04T04:14:06.437-0300] {processor.py:840} INFO - DAG(s) 'consume_1_and_2_with_dataset_expressions', 'dataset_consumes_1', 'consume_1_or_both_2_and_3_with_dataset_expressions', 'conditional_dataset_and_time_based_timetable', 'dataset_produces_2', 'dataset_consumes_unknown_never_scheduled', 'dataset_consumes_1_and_2', 'dataset_consumes_1_never_scheduled', 'dataset_produces_1', 'consume_1_or_2_with_dataset_expressions' retrieved from /home/facuvega/Descargas/crypto-etl-airflow/airflow-apache/lib/python3.11/site-packages/airflow/example_dags/example_datasets.py
[2025-05-04T04:14:06.460-0300] {logging_mixin.py:188} INFO - [2025-05-04T04:14:06.460-0300] {dag.py:3096} INFO - Sync 10 DAGs
[2025-05-04T04:14:06.475-0300] {logging_mixin.py:188} INFO - [2025-05-04T04:14:06.475-0300] {dag.py:3954} INFO - Setting next_dagrun for conditional_dataset_and_time_based_timetable to 2025-04-30 01:00:00+00:00, run_after=2025-04-30 01:00:00+00:00
[2025-05-04T04:14:06.477-0300] {logging_mixin.py:188} INFO - [2025-05-04T04:14:06.477-0300] {dag.py:3954} INFO - Setting next_dagrun for consume_1_and_2_with_dataset_expressions to None, run_after=None
[2025-05-04T04:14:06.478-0300] {logging_mixin.py:188} INFO - [2025-05-04T04:14:06.478-0300] {dag.py:3954} INFO - Setting next_dagrun for consume_1_or_2_with_dataset_expressions to None, run_after=None
[2025-05-04T04:14:06.478-0300] {logging_mixin.py:188} INFO - [2025-05-04T04:14:06.478-0300] {dag.py:3954} INFO - Setting next_dagrun for consume_1_or_both_2_and_3_with_dataset_expressions to None, run_after=None
[2025-05-04T04:14:06.479-0300] {logging_mixin.py:188} INFO - [2025-05-04T04:14:06.479-0300] {dag.py:3954} INFO - Setting next_dagrun for dataset_consumes_1 to None, run_after=None
[2025-05-04T04:14:06.479-0300] {logging_mixin.py:188} INFO - [2025-05-04T04:14:06.479-0300] {dag.py:3954} INFO - Setting next_dagrun for dataset_consumes_1_and_2 to None, run_after=None
[2025-05-04T04:14:06.480-0300] {logging_mixin.py:188} INFO - [2025-05-04T04:14:06.480-0300] {dag.py:3954} INFO - Setting next_dagrun for dataset_consumes_1_never_scheduled to None, run_after=None
[2025-05-04T04:14:06.481-0300] {logging_mixin.py:188} INFO - [2025-05-04T04:14:06.480-0300] {dag.py:3954} INFO - Setting next_dagrun for dataset_consumes_unknown_never_scheduled to None, run_after=None
[2025-05-04T04:14:06.482-0300] {logging_mixin.py:188} INFO - [2025-05-04T04:14:06.482-0300] {dag.py:3954} INFO - Setting next_dagrun for dataset_produces_1 to 2025-05-03 00:00:00+00:00, run_after=2025-05-04 00:00:00+00:00
[2025-05-04T04:14:06.482-0300] {logging_mixin.py:188} INFO - [2025-05-04T04:14:06.482-0300] {dag.py:3954} INFO - Setting next_dagrun for dataset_produces_2 to None, run_after=None
[2025-05-04T04:14:06.501-0300] {processor.py:183} INFO - Processing /home/facuvega/Descargas/crypto-etl-airflow/airflow-apache/lib/python3.11/site-packages/airflow/example_dags/example_datasets.py took 0.082 seconds
[2025-05-04T04:15:07.550-0300] {processor.py:161} INFO - Started process (PID=30281) to work on /home/facuvega/Descargas/crypto-etl-airflow/airflow-apache/lib/python3.11/site-packages/airflow/example_dags/example_datasets.py
[2025-05-04T04:15:07.551-0300] {processor.py:830} INFO - Processing file /home/facuvega/Descargas/crypto-etl-airflow/airflow-apache/lib/python3.11/site-packages/airflow/example_dags/example_datasets.py for tasks to queue
[2025-05-04T04:15:07.553-0300] {logging_mixin.py:188} INFO - [2025-05-04T04:15:07.552-0300] {dagbag.py:540} INFO - Filling up the DagBag from /home/facuvega/Descargas/crypto-etl-airflow/airflow-apache/lib/python3.11/site-packages/airflow/example_dags/example_datasets.py
[2025-05-04T04:15:07.567-0300] {processor.py:840} INFO - DAG(s) 'dataset_produces_1', 'consume_1_or_both_2_and_3_with_dataset_expressions', 'dataset_consumes_unknown_never_scheduled', 'consume_1_or_2_with_dataset_expressions', 'conditional_dataset_and_time_based_timetable', 'consume_1_and_2_with_dataset_expressions', 'dataset_consumes_1_and_2', 'dataset_consumes_1', 'dataset_consumes_1_never_scheduled', 'dataset_produces_2' retrieved from /home/facuvega/Descargas/crypto-etl-airflow/airflow-apache/lib/python3.11/site-packages/airflow/example_dags/example_datasets.py
[2025-05-04T04:15:07.606-0300] {logging_mixin.py:188} INFO - [2025-05-04T04:15:07.606-0300] {dag.py:3096} INFO - Sync 10 DAGs
[2025-05-04T04:15:07.649-0300] {logging_mixin.py:188} INFO - [2025-05-04T04:15:07.649-0300] {dag.py:3954} INFO - Setting next_dagrun for conditional_dataset_and_time_based_timetable to 2025-04-30 01:00:00+00:00, run_after=2025-04-30 01:00:00+00:00
[2025-05-04T04:15:07.653-0300] {logging_mixin.py:188} INFO - [2025-05-04T04:15:07.653-0300] {dag.py:3954} INFO - Setting next_dagrun for consume_1_and_2_with_dataset_expressions to None, run_after=None
[2025-05-04T04:15:07.654-0300] {logging_mixin.py:188} INFO - [2025-05-04T04:15:07.654-0300] {dag.py:3954} INFO - Setting next_dagrun for consume_1_or_2_with_dataset_expressions to None, run_after=None
[2025-05-04T04:15:07.656-0300] {logging_mixin.py:188} INFO - [2025-05-04T04:15:07.655-0300] {dag.py:3954} INFO - Setting next_dagrun for consume_1_or_both_2_and_3_with_dataset_expressions to None, run_after=None
[2025-05-04T04:15:07.656-0300] {logging_mixin.py:188} INFO - [2025-05-04T04:15:07.656-0300] {dag.py:3954} INFO - Setting next_dagrun for dataset_consumes_1 to None, run_after=None
[2025-05-04T04:15:07.658-0300] {logging_mixin.py:188} INFO - [2025-05-04T04:15:07.657-0300] {dag.py:3954} INFO - Setting next_dagrun for dataset_consumes_1_and_2 to None, run_after=None
[2025-05-04T04:15:07.659-0300] {logging_mixin.py:188} INFO - [2025-05-04T04:15:07.659-0300] {dag.py:3954} INFO - Setting next_dagrun for dataset_consumes_1_never_scheduled to None, run_after=None
[2025-05-04T04:15:07.661-0300] {logging_mixin.py:188} INFO - [2025-05-04T04:15:07.660-0300] {dag.py:3954} INFO - Setting next_dagrun for dataset_consumes_unknown_never_scheduled to None, run_after=None
[2025-05-04T04:15:07.665-0300] {logging_mixin.py:188} INFO - [2025-05-04T04:15:07.662-0300] {dag.py:3954} INFO - Setting next_dagrun for dataset_produces_1 to 2025-05-03 00:00:00+00:00, run_after=2025-05-04 00:00:00+00:00
[2025-05-04T04:15:07.666-0300] {logging_mixin.py:188} INFO - [2025-05-04T04:15:07.665-0300] {dag.py:3954} INFO - Setting next_dagrun for dataset_produces_2 to None, run_after=None
[2025-05-04T04:15:07.722-0300] {processor.py:183} INFO - Processing /home/facuvega/Descargas/crypto-etl-airflow/airflow-apache/lib/python3.11/site-packages/airflow/example_dags/example_datasets.py took 0.178 seconds
[2025-05-04T04:16:25.171-0300] {processor.py:161} INFO - Started process (PID=30707) to work on /home/facuvega/Descargas/crypto-etl-airflow/airflow-apache/lib/python3.11/site-packages/airflow/example_dags/example_datasets.py
[2025-05-04T04:16:25.172-0300] {processor.py:830} INFO - Processing file /home/facuvega/Descargas/crypto-etl-airflow/airflow-apache/lib/python3.11/site-packages/airflow/example_dags/example_datasets.py for tasks to queue
[2025-05-04T04:16:25.173-0300] {logging_mixin.py:188} INFO - [2025-05-04T04:16:25.173-0300] {dagbag.py:540} INFO - Filling up the DagBag from /home/facuvega/Descargas/crypto-etl-airflow/airflow-apache/lib/python3.11/site-packages/airflow/example_dags/example_datasets.py
[2025-05-04T04:16:25.185-0300] {processor.py:840} INFO - DAG(s) 'consume_1_or_both_2_and_3_with_dataset_expressions', 'conditional_dataset_and_time_based_timetable', 'consume_1_or_2_with_dataset_expressions', 'dataset_consumes_unknown_never_scheduled', 'dataset_produces_1', 'dataset_produces_2', 'consume_1_and_2_with_dataset_expressions', 'dataset_consumes_1', 'dataset_consumes_1_and_2', 'dataset_consumes_1_never_scheduled' retrieved from /home/facuvega/Descargas/crypto-etl-airflow/airflow-apache/lib/python3.11/site-packages/airflow/example_dags/example_datasets.py
[2025-05-04T04:16:25.213-0300] {logging_mixin.py:188} INFO - [2025-05-04T04:16:25.213-0300] {dag.py:3096} INFO - Sync 10 DAGs
[2025-05-04T04:16:25.235-0300] {logging_mixin.py:188} INFO - [2025-05-04T04:16:25.235-0300] {dag.py:3954} INFO - Setting next_dagrun for conditional_dataset_and_time_based_timetable to 2025-04-30 01:00:00+00:00, run_after=2025-04-30 01:00:00+00:00
[2025-05-04T04:16:25.238-0300] {logging_mixin.py:188} INFO - [2025-05-04T04:16:25.238-0300] {dag.py:3954} INFO - Setting next_dagrun for consume_1_and_2_with_dataset_expressions to None, run_after=None
[2025-05-04T04:16:25.239-0300] {logging_mixin.py:188} INFO - [2025-05-04T04:16:25.239-0300] {dag.py:3954} INFO - Setting next_dagrun for consume_1_or_2_with_dataset_expressions to None, run_after=None
[2025-05-04T04:16:25.240-0300] {logging_mixin.py:188} INFO - [2025-05-04T04:16:25.240-0300] {dag.py:3954} INFO - Setting next_dagrun for consume_1_or_both_2_and_3_with_dataset_expressions to None, run_after=None
[2025-05-04T04:16:25.240-0300] {logging_mixin.py:188} INFO - [2025-05-04T04:16:25.240-0300] {dag.py:3954} INFO - Setting next_dagrun for dataset_consumes_1 to None, run_after=None
[2025-05-04T04:16:25.241-0300] {logging_mixin.py:188} INFO - [2025-05-04T04:16:25.241-0300] {dag.py:3954} INFO - Setting next_dagrun for dataset_consumes_1_and_2 to None, run_after=None
[2025-05-04T04:16:25.241-0300] {logging_mixin.py:188} INFO - [2025-05-04T04:16:25.241-0300] {dag.py:3954} INFO - Setting next_dagrun for dataset_consumes_1_never_scheduled to None, run_after=None
[2025-05-04T04:16:25.242-0300] {logging_mixin.py:188} INFO - [2025-05-04T04:16:25.242-0300] {dag.py:3954} INFO - Setting next_dagrun for dataset_consumes_unknown_never_scheduled to None, run_after=None
[2025-05-04T04:16:25.243-0300] {logging_mixin.py:188} INFO - [2025-05-04T04:16:25.243-0300] {dag.py:3954} INFO - Setting next_dagrun for dataset_produces_1 to 2025-05-03 00:00:00+00:00, run_after=2025-05-04 00:00:00+00:00
[2025-05-04T04:16:25.244-0300] {logging_mixin.py:188} INFO - [2025-05-04T04:16:25.244-0300] {dag.py:3954} INFO - Setting next_dagrun for dataset_produces_2 to None, run_after=None
[2025-05-04T04:16:25.265-0300] {processor.py:183} INFO - Processing /home/facuvega/Descargas/crypto-etl-airflow/airflow-apache/lib/python3.11/site-packages/airflow/example_dags/example_datasets.py took 0.103 seconds
[2025-05-04T04:17:41.614-0300] {processor.py:161} INFO - Started process (PID=31411) to work on /home/facuvega/Descargas/crypto-etl-airflow/airflow-apache/lib/python3.11/site-packages/airflow/example_dags/example_datasets.py
[2025-05-04T04:17:41.615-0300] {processor.py:830} INFO - Processing file /home/facuvega/Descargas/crypto-etl-airflow/airflow-apache/lib/python3.11/site-packages/airflow/example_dags/example_datasets.py for tasks to queue
[2025-05-04T04:17:41.617-0300] {logging_mixin.py:188} INFO - [2025-05-04T04:17:41.617-0300] {dagbag.py:540} INFO - Filling up the DagBag from /home/facuvega/Descargas/crypto-etl-airflow/airflow-apache/lib/python3.11/site-packages/airflow/example_dags/example_datasets.py
[2025-05-04T04:17:41.634-0300] {processor.py:840} INFO - DAG(s) 'dataset_consumes_1_and_2', 'consume_1_and_2_with_dataset_expressions', 'dataset_produces_1', 'consume_1_or_both_2_and_3_with_dataset_expressions', 'dataset_consumes_1_never_scheduled', 'dataset_consumes_unknown_never_scheduled', 'dataset_consumes_1', 'conditional_dataset_and_time_based_timetable', 'consume_1_or_2_with_dataset_expressions', 'dataset_produces_2' retrieved from /home/facuvega/Descargas/crypto-etl-airflow/airflow-apache/lib/python3.11/site-packages/airflow/example_dags/example_datasets.py
[2025-05-04T04:17:41.660-0300] {logging_mixin.py:188} INFO - [2025-05-04T04:17:41.660-0300] {dag.py:3096} INFO - Sync 10 DAGs
[2025-05-04T04:17:41.675-0300] {logging_mixin.py:188} INFO - [2025-05-04T04:17:41.674-0300] {dag.py:3954} INFO - Setting next_dagrun for conditional_dataset_and_time_based_timetable to 2025-04-30 01:00:00+00:00, run_after=2025-04-30 01:00:00+00:00
[2025-05-04T04:17:41.676-0300] {logging_mixin.py:188} INFO - [2025-05-04T04:17:41.676-0300] {dag.py:3954} INFO - Setting next_dagrun for consume_1_and_2_with_dataset_expressions to None, run_after=None
[2025-05-04T04:17:41.677-0300] {logging_mixin.py:188} INFO - [2025-05-04T04:17:41.677-0300] {dag.py:3954} INFO - Setting next_dagrun for consume_1_or_2_with_dataset_expressions to None, run_after=None
[2025-05-04T04:17:41.678-0300] {logging_mixin.py:188} INFO - [2025-05-04T04:17:41.677-0300] {dag.py:3954} INFO - Setting next_dagrun for consume_1_or_both_2_and_3_with_dataset_expressions to None, run_after=None
[2025-05-04T04:17:41.678-0300] {logging_mixin.py:188} INFO - [2025-05-04T04:17:41.678-0300] {dag.py:3954} INFO - Setting next_dagrun for dataset_consumes_1 to None, run_after=None
[2025-05-04T04:17:41.679-0300] {logging_mixin.py:188} INFO - [2025-05-04T04:17:41.678-0300] {dag.py:3954} INFO - Setting next_dagrun for dataset_consumes_1_and_2 to None, run_after=None
[2025-05-04T04:17:41.679-0300] {logging_mixin.py:188} INFO - [2025-05-04T04:17:41.679-0300] {dag.py:3954} INFO - Setting next_dagrun for dataset_consumes_1_never_scheduled to None, run_after=None
[2025-05-04T04:17:41.680-0300] {logging_mixin.py:188} INFO - [2025-05-04T04:17:41.679-0300] {dag.py:3954} INFO - Setting next_dagrun for dataset_consumes_unknown_never_scheduled to None, run_after=None
[2025-05-04T04:17:41.681-0300] {logging_mixin.py:188} INFO - [2025-05-04T04:17:41.681-0300] {dag.py:3954} INFO - Setting next_dagrun for dataset_produces_1 to 2025-05-03 00:00:00+00:00, run_after=2025-05-04 00:00:00+00:00
[2025-05-04T04:17:41.681-0300] {logging_mixin.py:188} INFO - [2025-05-04T04:17:41.681-0300] {dag.py:3954} INFO - Setting next_dagrun for dataset_produces_2 to None, run_after=None
[2025-05-04T04:17:41.702-0300] {processor.py:183} INFO - Processing /home/facuvega/Descargas/crypto-etl-airflow/airflow-apache/lib/python3.11/site-packages/airflow/example_dags/example_datasets.py took 0.093 seconds
[2025-05-04T04:19:14.919-0300] {processor.py:161} INFO - Started process (PID=32582) to work on /home/facuvega/Descargas/crypto-etl-airflow/airflow-apache/lib/python3.11/site-packages/airflow/example_dags/example_datasets.py
[2025-05-04T04:19:14.920-0300] {processor.py:830} INFO - Processing file /home/facuvega/Descargas/crypto-etl-airflow/airflow-apache/lib/python3.11/site-packages/airflow/example_dags/example_datasets.py for tasks to queue
[2025-05-04T04:19:14.925-0300] {logging_mixin.py:188} INFO - [2025-05-04T04:19:14.924-0300] {dagbag.py:540} INFO - Filling up the DagBag from /home/facuvega/Descargas/crypto-etl-airflow/airflow-apache/lib/python3.11/site-packages/airflow/example_dags/example_datasets.py
[2025-05-04T04:19:15.011-0300] {processor.py:840} INFO - DAG(s) 'dataset_consumes_1', 'dataset_consumes_1_never_scheduled', 'dataset_produces_2', 'conditional_dataset_and_time_based_timetable', 'dataset_produces_1', 'dataset_consumes_1_and_2', 'consume_1_and_2_with_dataset_expressions', 'consume_1_or_both_2_and_3_with_dataset_expressions', 'dataset_consumes_unknown_never_scheduled', 'consume_1_or_2_with_dataset_expressions' retrieved from /home/facuvega/Descargas/crypto-etl-airflow/airflow-apache/lib/python3.11/site-packages/airflow/example_dags/example_datasets.py
[2025-05-04T04:19:15.077-0300] {logging_mixin.py:188} INFO - [2025-05-04T04:19:15.077-0300] {dag.py:3096} INFO - Sync 10 DAGs
[2025-05-04T04:19:15.126-0300] {logging_mixin.py:188} INFO - [2025-05-04T04:19:15.126-0300] {dag.py:3954} INFO - Setting next_dagrun for conditional_dataset_and_time_based_timetable to 2025-04-30 01:00:00+00:00, run_after=2025-04-30 01:00:00+00:00
[2025-05-04T04:19:15.129-0300] {logging_mixin.py:188} INFO - [2025-05-04T04:19:15.129-0300] {dag.py:3954} INFO - Setting next_dagrun for consume_1_and_2_with_dataset_expressions to None, run_after=None
[2025-05-04T04:19:15.130-0300] {logging_mixin.py:188} INFO - [2025-05-04T04:19:15.129-0300] {dag.py:3954} INFO - Setting next_dagrun for consume_1_or_2_with_dataset_expressions to None, run_after=None
[2025-05-04T04:19:15.130-0300] {logging_mixin.py:188} INFO - [2025-05-04T04:19:15.130-0300] {dag.py:3954} INFO - Setting next_dagrun for consume_1_or_both_2_and_3_with_dataset_expressions to None, run_after=None
[2025-05-04T04:19:15.131-0300] {logging_mixin.py:188} INFO - [2025-05-04T04:19:15.131-0300] {dag.py:3954} INFO - Setting next_dagrun for dataset_consumes_1 to None, run_after=None
[2025-05-04T04:19:15.132-0300] {logging_mixin.py:188} INFO - [2025-05-04T04:19:15.132-0300] {dag.py:3954} INFO - Setting next_dagrun for dataset_consumes_1_and_2 to None, run_after=None
[2025-05-04T04:19:15.133-0300] {logging_mixin.py:188} INFO - [2025-05-04T04:19:15.132-0300] {dag.py:3954} INFO - Setting next_dagrun for dataset_consumes_1_never_scheduled to None, run_after=None
[2025-05-04T04:19:15.134-0300] {logging_mixin.py:188} INFO - [2025-05-04T04:19:15.134-0300] {dag.py:3954} INFO - Setting next_dagrun for dataset_consumes_unknown_never_scheduled to None, run_after=None
[2025-05-04T04:19:15.137-0300] {logging_mixin.py:188} INFO - [2025-05-04T04:19:15.137-0300] {dag.py:3954} INFO - Setting next_dagrun for dataset_produces_1 to 2025-05-03 00:00:00+00:00, run_after=2025-05-04 00:00:00+00:00
[2025-05-04T04:19:15.139-0300] {logging_mixin.py:188} INFO - [2025-05-04T04:19:15.139-0300] {dag.py:3954} INFO - Setting next_dagrun for dataset_produces_2 to None, run_after=None
[2025-05-04T04:19:15.190-0300] {processor.py:183} INFO - Processing /home/facuvega/Descargas/crypto-etl-airflow/airflow-apache/lib/python3.11/site-packages/airflow/example_dags/example_datasets.py took 0.278 seconds
[2025-05-04T04:20:12.709-0300] {processor.py:161} INFO - Started process (PID=32969) to work on /home/facuvega/Descargas/crypto-etl-airflow/airflow-apache/lib/python3.11/site-packages/airflow/example_dags/example_datasets.py
[2025-05-04T04:20:12.710-0300] {processor.py:830} INFO - Processing file /home/facuvega/Descargas/crypto-etl-airflow/airflow-apache/lib/python3.11/site-packages/airflow/example_dags/example_datasets.py for tasks to queue
[2025-05-04T04:20:12.712-0300] {logging_mixin.py:188} INFO - [2025-05-04T04:20:12.712-0300] {dagbag.py:540} INFO - Filling up the DagBag from /home/facuvega/Descargas/crypto-etl-airflow/airflow-apache/lib/python3.11/site-packages/airflow/example_dags/example_datasets.py
[2025-05-04T04:20:12.728-0300] {processor.py:840} INFO - DAG(s) 'consume_1_or_2_with_dataset_expressions', 'conditional_dataset_and_time_based_timetable', 'consume_1_or_both_2_and_3_with_dataset_expressions', 'dataset_consumes_unknown_never_scheduled', 'dataset_consumes_1_and_2', 'dataset_produces_1', 'dataset_produces_2', 'dataset_consumes_1_never_scheduled', 'consume_1_and_2_with_dataset_expressions', 'dataset_consumes_1' retrieved from /home/facuvega/Descargas/crypto-etl-airflow/airflow-apache/lib/python3.11/site-packages/airflow/example_dags/example_datasets.py
[2025-05-04T04:20:12.753-0300] {logging_mixin.py:188} INFO - [2025-05-04T04:20:12.753-0300] {dag.py:3096} INFO - Sync 10 DAGs
[2025-05-04T04:20:12.770-0300] {logging_mixin.py:188} INFO - [2025-05-04T04:20:12.770-0300] {dag.py:3954} INFO - Setting next_dagrun for conditional_dataset_and_time_based_timetable to 2025-04-30 01:00:00+00:00, run_after=2025-04-30 01:00:00+00:00
[2025-05-04T04:20:12.772-0300] {logging_mixin.py:188} INFO - [2025-05-04T04:20:12.772-0300] {dag.py:3954} INFO - Setting next_dagrun for consume_1_and_2_with_dataset_expressions to None, run_after=None
[2025-05-04T04:20:12.772-0300] {logging_mixin.py:188} INFO - [2025-05-04T04:20:12.772-0300] {dag.py:3954} INFO - Setting next_dagrun for consume_1_or_2_with_dataset_expressions to None, run_after=None
[2025-05-04T04:20:12.773-0300] {logging_mixin.py:188} INFO - [2025-05-04T04:20:12.773-0300] {dag.py:3954} INFO - Setting next_dagrun for consume_1_or_both_2_and_3_with_dataset_expressions to None, run_after=None
[2025-05-04T04:20:12.774-0300] {logging_mixin.py:188} INFO - [2025-05-04T04:20:12.773-0300] {dag.py:3954} INFO - Setting next_dagrun for dataset_consumes_1 to None, run_after=None
[2025-05-04T04:20:12.774-0300] {logging_mixin.py:188} INFO - [2025-05-04T04:20:12.774-0300] {dag.py:3954} INFO - Setting next_dagrun for dataset_consumes_1_and_2 to None, run_after=None
[2025-05-04T04:20:12.775-0300] {logging_mixin.py:188} INFO - [2025-05-04T04:20:12.775-0300] {dag.py:3954} INFO - Setting next_dagrun for dataset_consumes_1_never_scheduled to None, run_after=None
[2025-05-04T04:20:12.775-0300] {logging_mixin.py:188} INFO - [2025-05-04T04:20:12.775-0300] {dag.py:3954} INFO - Setting next_dagrun for dataset_consumes_unknown_never_scheduled to None, run_after=None
[2025-05-04T04:20:12.776-0300] {logging_mixin.py:188} INFO - [2025-05-04T04:20:12.776-0300] {dag.py:3954} INFO - Setting next_dagrun for dataset_produces_1 to 2025-05-03 00:00:00+00:00, run_after=2025-05-04 00:00:00+00:00
[2025-05-04T04:20:12.777-0300] {logging_mixin.py:188} INFO - [2025-05-04T04:20:12.777-0300] {dag.py:3954} INFO - Setting next_dagrun for dataset_produces_2 to None, run_after=None
[2025-05-04T04:20:12.796-0300] {processor.py:183} INFO - Processing /home/facuvega/Descargas/crypto-etl-airflow/airflow-apache/lib/python3.11/site-packages/airflow/example_dags/example_datasets.py took 0.092 seconds
[2025-05-04T04:21:16.315-0300] {processor.py:161} INFO - Started process (PID=33261) to work on /home/facuvega/Descargas/crypto-etl-airflow/airflow-apache/lib/python3.11/site-packages/airflow/example_dags/example_datasets.py
[2025-05-04T04:21:16.316-0300] {processor.py:830} INFO - Processing file /home/facuvega/Descargas/crypto-etl-airflow/airflow-apache/lib/python3.11/site-packages/airflow/example_dags/example_datasets.py for tasks to queue
[2025-05-04T04:21:16.318-0300] {logging_mixin.py:188} INFO - [2025-05-04T04:21:16.318-0300] {dagbag.py:540} INFO - Filling up the DagBag from /home/facuvega/Descargas/crypto-etl-airflow/airflow-apache/lib/python3.11/site-packages/airflow/example_dags/example_datasets.py
[2025-05-04T04:21:16.332-0300] {processor.py:840} INFO - DAG(s) 'dataset_consumes_1_never_scheduled', 'dataset_produces_1', 'dataset_consumes_unknown_never_scheduled', 'dataset_consumes_1_and_2', 'conditional_dataset_and_time_based_timetable', 'consume_1_or_both_2_and_3_with_dataset_expressions', 'consume_1_and_2_with_dataset_expressions', 'dataset_produces_2', 'dataset_consumes_1', 'consume_1_or_2_with_dataset_expressions' retrieved from /home/facuvega/Descargas/crypto-etl-airflow/airflow-apache/lib/python3.11/site-packages/airflow/example_dags/example_datasets.py
[2025-05-04T04:21:16.358-0300] {logging_mixin.py:188} INFO - [2025-05-04T04:21:16.357-0300] {dag.py:3096} INFO - Sync 10 DAGs
[2025-05-04T04:21:16.375-0300] {logging_mixin.py:188} INFO - [2025-05-04T04:21:16.375-0300] {dag.py:3954} INFO - Setting next_dagrun for conditional_dataset_and_time_based_timetable to 2025-04-30 01:00:00+00:00, run_after=2025-04-30 01:00:00+00:00
[2025-05-04T04:21:16.377-0300] {logging_mixin.py:188} INFO - [2025-05-04T04:21:16.377-0300] {dag.py:3954} INFO - Setting next_dagrun for consume_1_and_2_with_dataset_expressions to None, run_after=None
[2025-05-04T04:21:16.378-0300] {logging_mixin.py:188} INFO - [2025-05-04T04:21:16.378-0300] {dag.py:3954} INFO - Setting next_dagrun for consume_1_or_2_with_dataset_expressions to None, run_after=None
[2025-05-04T04:21:16.378-0300] {logging_mixin.py:188} INFO - [2025-05-04T04:21:16.378-0300] {dag.py:3954} INFO - Setting next_dagrun for consume_1_or_both_2_and_3_with_dataset_expressions to None, run_after=None
[2025-05-04T04:21:16.379-0300] {logging_mixin.py:188} INFO - [2025-05-04T04:21:16.378-0300] {dag.py:3954} INFO - Setting next_dagrun for dataset_consumes_1 to None, run_after=None
[2025-05-04T04:21:16.379-0300] {logging_mixin.py:188} INFO - [2025-05-04T04:21:16.379-0300] {dag.py:3954} INFO - Setting next_dagrun for dataset_consumes_1_and_2 to None, run_after=None
[2025-05-04T04:21:16.380-0300] {logging_mixin.py:188} INFO - [2025-05-04T04:21:16.380-0300] {dag.py:3954} INFO - Setting next_dagrun for dataset_consumes_1_never_scheduled to None, run_after=None
[2025-05-04T04:21:16.380-0300] {logging_mixin.py:188} INFO - [2025-05-04T04:21:16.380-0300] {dag.py:3954} INFO - Setting next_dagrun for dataset_consumes_unknown_never_scheduled to None, run_after=None
[2025-05-04T04:21:16.381-0300] {logging_mixin.py:188} INFO - [2025-05-04T04:21:16.381-0300] {dag.py:3954} INFO - Setting next_dagrun for dataset_produces_1 to 2025-05-03 00:00:00+00:00, run_after=2025-05-04 00:00:00+00:00
[2025-05-04T04:21:16.382-0300] {logging_mixin.py:188} INFO - [2025-05-04T04:21:16.382-0300] {dag.py:3954} INFO - Setting next_dagrun for dataset_produces_2 to None, run_after=None
[2025-05-04T04:21:16.400-0300] {processor.py:183} INFO - Processing /home/facuvega/Descargas/crypto-etl-airflow/airflow-apache/lib/python3.11/site-packages/airflow/example_dags/example_datasets.py took 0.092 seconds
[2025-05-04T04:22:50.259-0300] {processor.py:161} INFO - Started process (PID=34144) to work on /home/facuvega/Descargas/crypto-etl-airflow/airflow-apache/lib/python3.11/site-packages/airflow/example_dags/example_datasets.py
[2025-05-04T04:22:50.260-0300] {processor.py:830} INFO - Processing file /home/facuvega/Descargas/crypto-etl-airflow/airflow-apache/lib/python3.11/site-packages/airflow/example_dags/example_datasets.py for tasks to queue
[2025-05-04T04:22:50.262-0300] {logging_mixin.py:188} INFO - [2025-05-04T04:22:50.261-0300] {dagbag.py:540} INFO - Filling up the DagBag from /home/facuvega/Descargas/crypto-etl-airflow/airflow-apache/lib/python3.11/site-packages/airflow/example_dags/example_datasets.py
[2025-05-04T04:22:50.281-0300] {processor.py:840} INFO - DAG(s) 'consume_1_or_both_2_and_3_with_dataset_expressions', 'dataset_consumes_1_and_2', 'dataset_consumes_1_never_scheduled', 'conditional_dataset_and_time_based_timetable', 'consume_1_or_2_with_dataset_expressions', 'dataset_produces_1', 'dataset_consumes_1', 'dataset_consumes_unknown_never_scheduled', 'dataset_produces_2', 'consume_1_and_2_with_dataset_expressions' retrieved from /home/facuvega/Descargas/crypto-etl-airflow/airflow-apache/lib/python3.11/site-packages/airflow/example_dags/example_datasets.py
[2025-05-04T04:22:50.308-0300] {logging_mixin.py:188} INFO - [2025-05-04T04:22:50.308-0300] {dag.py:3096} INFO - Sync 10 DAGs
[2025-05-04T04:22:50.324-0300] {logging_mixin.py:188} INFO - [2025-05-04T04:22:50.324-0300] {dag.py:3954} INFO - Setting next_dagrun for conditional_dataset_and_time_based_timetable to 2025-04-30 01:00:00+00:00, run_after=2025-04-30 01:00:00+00:00
[2025-05-04T04:22:50.326-0300] {logging_mixin.py:188} INFO - [2025-05-04T04:22:50.326-0300] {dag.py:3954} INFO - Setting next_dagrun for consume_1_and_2_with_dataset_expressions to None, run_after=None
[2025-05-04T04:22:50.327-0300] {logging_mixin.py:188} INFO - [2025-05-04T04:22:50.327-0300] {dag.py:3954} INFO - Setting next_dagrun for consume_1_or_2_with_dataset_expressions to None, run_after=None
[2025-05-04T04:22:50.327-0300] {logging_mixin.py:188} INFO - [2025-05-04T04:22:50.327-0300] {dag.py:3954} INFO - Setting next_dagrun for consume_1_or_both_2_and_3_with_dataset_expressions to None, run_after=None
[2025-05-04T04:22:50.328-0300] {logging_mixin.py:188} INFO - [2025-05-04T04:22:50.328-0300] {dag.py:3954} INFO - Setting next_dagrun for dataset_consumes_1 to None, run_after=None
[2025-05-04T04:22:50.328-0300] {logging_mixin.py:188} INFO - [2025-05-04T04:22:50.328-0300] {dag.py:3954} INFO - Setting next_dagrun for dataset_consumes_1_and_2 to None, run_after=None
[2025-05-04T04:22:50.329-0300] {logging_mixin.py:188} INFO - [2025-05-04T04:22:50.329-0300] {dag.py:3954} INFO - Setting next_dagrun for dataset_consumes_1_never_scheduled to None, run_after=None
[2025-05-04T04:22:50.329-0300] {logging_mixin.py:188} INFO - [2025-05-04T04:22:50.329-0300] {dag.py:3954} INFO - Setting next_dagrun for dataset_consumes_unknown_never_scheduled to None, run_after=None
[2025-05-04T04:22:50.331-0300] {logging_mixin.py:188} INFO - [2025-05-04T04:22:50.330-0300] {dag.py:3954} INFO - Setting next_dagrun for dataset_produces_1 to 2025-05-03 00:00:00+00:00, run_after=2025-05-04 00:00:00+00:00
[2025-05-04T04:22:50.331-0300] {logging_mixin.py:188} INFO - [2025-05-04T04:22:50.331-0300] {dag.py:3954} INFO - Setting next_dagrun for dataset_produces_2 to None, run_after=None
[2025-05-04T04:22:50.353-0300] {processor.py:183} INFO - Processing /home/facuvega/Descargas/crypto-etl-airflow/airflow-apache/lib/python3.11/site-packages/airflow/example_dags/example_datasets.py took 0.100 seconds
