[2025-05-04T03:51:15.013-0300] {processor.py:161} INFO - Started process (PID=19771) to work on /home/facuvega/Descargas/crypto-etl-airflow/airflow-apache/lib/python3.11/site-packages/airflow/example_dags/example_dag_decorator.py
[2025-05-04T03:51:15.015-0300] {processor.py:830} INFO - Processing file /home/facuvega/Descargas/crypto-etl-airflow/airflow-apache/lib/python3.11/site-packages/airflow/example_dags/example_dag_decorator.py for tasks to queue
[2025-05-04T03:51:15.018-0300] {logging_mixin.py:188} INFO - [2025-05-04T03:51:15.017-0300] {dagbag.py:540} INFO - Filling up the DagBag from /home/facuvega/Descargas/crypto-etl-airflow/airflow-apache/lib/python3.11/site-packages/airflow/example_dags/example_dag_decorator.py
[2025-05-04T03:51:15.220-0300] {processor.py:840} INFO - DAG(s) 'example_dag_decorator' retrieved from /home/facuvega/Descargas/crypto-etl-airflow/airflow-apache/lib/python3.11/site-packages/airflow/example_dags/example_dag_decorator.py
[2025-05-04T03:51:15.605-0300] {logging_mixin.py:188} INFO - [2025-05-04T03:51:15.605-0300] {dag.py:3096} INFO - Sync 1 DAGs
[2025-05-04T03:51:15.620-0300] {logging_mixin.py:188} INFO - [2025-05-04T03:51:15.620-0300] {dag.py:3954} INFO - Setting next_dagrun for example_dag_decorator to None, run_after=None
[2025-05-04T03:51:15.657-0300] {processor.py:183} INFO - Processing /home/facuvega/Descargas/crypto-etl-airflow/airflow-apache/lib/python3.11/site-packages/airflow/example_dags/example_dag_decorator.py took 0.675 seconds
[2025-05-04T03:52:21.134-0300] {processor.py:161} INFO - Started process (PID=20088) to work on /home/facuvega/Descargas/crypto-etl-airflow/airflow-apache/lib/python3.11/site-packages/airflow/example_dags/example_dag_decorator.py
[2025-05-04T03:52:21.135-0300] {processor.py:830} INFO - Processing file /home/facuvega/Descargas/crypto-etl-airflow/airflow-apache/lib/python3.11/site-packages/airflow/example_dags/example_dag_decorator.py for tasks to queue
[2025-05-04T03:52:21.136-0300] {logging_mixin.py:188} INFO - [2025-05-04T03:52:21.136-0300] {dagbag.py:540} INFO - Filling up the DagBag from /home/facuvega/Descargas/crypto-etl-airflow/airflow-apache/lib/python3.11/site-packages/airflow/example_dags/example_dag_decorator.py
[2025-05-04T03:52:21.225-0300] {processor.py:840} INFO - DAG(s) 'example_dag_decorator' retrieved from /home/facuvega/Descargas/crypto-etl-airflow/airflow-apache/lib/python3.11/site-packages/airflow/example_dags/example_dag_decorator.py
[2025-05-04T03:52:21.306-0300] {logging_mixin.py:188} INFO - [2025-05-04T03:52:21.306-0300] {dag.py:3096} INFO - Sync 1 DAGs
[2025-05-04T03:52:21.312-0300] {logging_mixin.py:188} INFO - [2025-05-04T03:52:21.312-0300] {dag.py:3954} INFO - Setting next_dagrun for example_dag_decorator to None, run_after=None
[2025-05-04T03:52:21.326-0300] {processor.py:183} INFO - Processing /home/facuvega/Descargas/crypto-etl-airflow/airflow-apache/lib/python3.11/site-packages/airflow/example_dags/example_dag_decorator.py took 0.197 seconds
[2025-05-04T03:53:34.913-0300] {processor.py:161} INFO - Started process (PID=20700) to work on /home/facuvega/Descargas/crypto-etl-airflow/airflow-apache/lib/python3.11/site-packages/airflow/example_dags/example_dag_decorator.py
[2025-05-04T03:53:34.914-0300] {processor.py:830} INFO - Processing file /home/facuvega/Descargas/crypto-etl-airflow/airflow-apache/lib/python3.11/site-packages/airflow/example_dags/example_dag_decorator.py for tasks to queue
[2025-05-04T03:53:34.915-0300] {logging_mixin.py:188} INFO - [2025-05-04T03:53:34.915-0300] {dagbag.py:540} INFO - Filling up the DagBag from /home/facuvega/Descargas/crypto-etl-airflow/airflow-apache/lib/python3.11/site-packages/airflow/example_dags/example_dag_decorator.py
[2025-05-04T03:53:35.006-0300] {processor.py:840} INFO - DAG(s) 'example_dag_decorator' retrieved from /home/facuvega/Descargas/crypto-etl-airflow/airflow-apache/lib/python3.11/site-packages/airflow/example_dags/example_dag_decorator.py
[2025-05-04T03:53:35.092-0300] {logging_mixin.py:188} INFO - [2025-05-04T03:53:35.091-0300] {dag.py:3096} INFO - Sync 1 DAGs
[2025-05-04T03:53:35.100-0300] {logging_mixin.py:188} INFO - [2025-05-04T03:53:35.100-0300] {dag.py:3954} INFO - Setting next_dagrun for example_dag_decorator to None, run_after=None
[2025-05-04T03:53:35.119-0300] {processor.py:183} INFO - Processing /home/facuvega/Descargas/crypto-etl-airflow/airflow-apache/lib/python3.11/site-packages/airflow/example_dags/example_dag_decorator.py took 0.213 seconds
[2025-05-04T03:54:25.767-0300] {processor.py:161} INFO - Started process (PID=20992) to work on /home/facuvega/Descargas/crypto-etl-airflow/airflow-apache/lib/python3.11/site-packages/airflow/example_dags/example_dag_decorator.py
[2025-05-04T03:54:25.768-0300] {processor.py:830} INFO - Processing file /home/facuvega/Descargas/crypto-etl-airflow/airflow-apache/lib/python3.11/site-packages/airflow/example_dags/example_dag_decorator.py for tasks to queue
[2025-05-04T03:54:25.770-0300] {logging_mixin.py:188} INFO - [2025-05-04T03:54:25.769-0300] {dagbag.py:540} INFO - Filling up the DagBag from /home/facuvega/Descargas/crypto-etl-airflow/airflow-apache/lib/python3.11/site-packages/airflow/example_dags/example_dag_decorator.py
[2025-05-04T03:54:25.901-0300] {processor.py:840} INFO - DAG(s) 'example_dag_decorator' retrieved from /home/facuvega/Descargas/crypto-etl-airflow/airflow-apache/lib/python3.11/site-packages/airflow/example_dags/example_dag_decorator.py
[2025-05-04T03:54:26.014-0300] {logging_mixin.py:188} INFO - [2025-05-04T03:54:26.014-0300] {dag.py:3096} INFO - Sync 1 DAGs
[2025-05-04T03:54:26.021-0300] {logging_mixin.py:188} INFO - [2025-05-04T03:54:26.021-0300] {dag.py:3954} INFO - Setting next_dagrun for example_dag_decorator to None, run_after=None
[2025-05-04T03:54:26.033-0300] {processor.py:183} INFO - Processing /home/facuvega/Descargas/crypto-etl-airflow/airflow-apache/lib/python3.11/site-packages/airflow/example_dags/example_dag_decorator.py took 0.271 seconds
[2025-05-04T03:55:30.307-0300] {processor.py:161} INFO - Started process (PID=21356) to work on /home/facuvega/Descargas/crypto-etl-airflow/airflow-apache/lib/python3.11/site-packages/airflow/example_dags/example_dag_decorator.py
[2025-05-04T03:55:30.308-0300] {processor.py:830} INFO - Processing file /home/facuvega/Descargas/crypto-etl-airflow/airflow-apache/lib/python3.11/site-packages/airflow/example_dags/example_dag_decorator.py for tasks to queue
[2025-05-04T03:55:30.310-0300] {logging_mixin.py:188} INFO - [2025-05-04T03:55:30.309-0300] {dagbag.py:540} INFO - Filling up the DagBag from /home/facuvega/Descargas/crypto-etl-airflow/airflow-apache/lib/python3.11/site-packages/airflow/example_dags/example_dag_decorator.py
[2025-05-04T03:55:30.396-0300] {processor.py:840} INFO - DAG(s) 'example_dag_decorator' retrieved from /home/facuvega/Descargas/crypto-etl-airflow/airflow-apache/lib/python3.11/site-packages/airflow/example_dags/example_dag_decorator.py
[2025-05-04T03:55:30.480-0300] {logging_mixin.py:188} INFO - [2025-05-04T03:55:30.480-0300] {dag.py:3096} INFO - Sync 1 DAGs
[2025-05-04T03:55:30.489-0300] {logging_mixin.py:188} INFO - [2025-05-04T03:55:30.489-0300] {dag.py:3954} INFO - Setting next_dagrun for example_dag_decorator to None, run_after=None
[2025-05-04T03:55:30.504-0300] {processor.py:183} INFO - Processing /home/facuvega/Descargas/crypto-etl-airflow/airflow-apache/lib/python3.11/site-packages/airflow/example_dags/example_dag_decorator.py took 0.203 seconds
[2025-05-04T03:56:37.082-0300] {processor.py:161} INFO - Started process (PID=21695) to work on /home/facuvega/Descargas/crypto-etl-airflow/airflow-apache/lib/python3.11/site-packages/airflow/example_dags/example_dag_decorator.py
[2025-05-04T03:56:37.083-0300] {processor.py:830} INFO - Processing file /home/facuvega/Descargas/crypto-etl-airflow/airflow-apache/lib/python3.11/site-packages/airflow/example_dags/example_dag_decorator.py for tasks to queue
[2025-05-04T03:56:37.085-0300] {logging_mixin.py:188} INFO - [2025-05-04T03:56:37.085-0300] {dagbag.py:540} INFO - Filling up the DagBag from /home/facuvega/Descargas/crypto-etl-airflow/airflow-apache/lib/python3.11/site-packages/airflow/example_dags/example_dag_decorator.py
[2025-05-04T03:56:37.193-0300] {processor.py:840} INFO - DAG(s) 'example_dag_decorator' retrieved from /home/facuvega/Descargas/crypto-etl-airflow/airflow-apache/lib/python3.11/site-packages/airflow/example_dags/example_dag_decorator.py
[2025-05-04T03:56:37.319-0300] {logging_mixin.py:188} INFO - [2025-05-04T03:56:37.319-0300] {dag.py:3096} INFO - Sync 1 DAGs
[2025-05-04T03:56:37.329-0300] {logging_mixin.py:188} INFO - [2025-05-04T03:56:37.328-0300] {dag.py:3954} INFO - Setting next_dagrun for example_dag_decorator to None, run_after=None
[2025-05-04T03:56:37.350-0300] {processor.py:183} INFO - Processing /home/facuvega/Descargas/crypto-etl-airflow/airflow-apache/lib/python3.11/site-packages/airflow/example_dags/example_dag_decorator.py took 0.274 seconds
[2025-05-04T03:58:39.402-0300] {processor.py:161} INFO - Started process (PID=22696) to work on /home/facuvega/Descargas/crypto-etl-airflow/airflow-apache/lib/python3.11/site-packages/airflow/example_dags/example_dag_decorator.py
[2025-05-04T03:58:39.403-0300] {processor.py:830} INFO - Processing file /home/facuvega/Descargas/crypto-etl-airflow/airflow-apache/lib/python3.11/site-packages/airflow/example_dags/example_dag_decorator.py for tasks to queue
[2025-05-04T03:58:39.405-0300] {logging_mixin.py:188} INFO - [2025-05-04T03:58:39.404-0300] {dagbag.py:540} INFO - Filling up the DagBag from /home/facuvega/Descargas/crypto-etl-airflow/airflow-apache/lib/python3.11/site-packages/airflow/example_dags/example_dag_decorator.py
[2025-05-04T03:58:39.506-0300] {processor.py:840} INFO - DAG(s) 'example_dag_decorator' retrieved from /home/facuvega/Descargas/crypto-etl-airflow/airflow-apache/lib/python3.11/site-packages/airflow/example_dags/example_dag_decorator.py
[2025-05-04T03:58:39.581-0300] {logging_mixin.py:188} INFO - [2025-05-04T03:58:39.580-0300] {dag.py:3096} INFO - Sync 1 DAGs
[2025-05-04T03:58:39.586-0300] {logging_mixin.py:188} INFO - [2025-05-04T03:58:39.586-0300] {dag.py:3954} INFO - Setting next_dagrun for example_dag_decorator to None, run_after=None
[2025-05-04T03:58:39.598-0300] {processor.py:183} INFO - Processing /home/facuvega/Descargas/crypto-etl-airflow/airflow-apache/lib/python3.11/site-packages/airflow/example_dags/example_dag_decorator.py took 0.201 seconds
[2025-05-04T03:59:36.474-0300] {processor.py:161} INFO - Started process (PID=23048) to work on /home/facuvega/Descargas/crypto-etl-airflow/airflow-apache/lib/python3.11/site-packages/airflow/example_dags/example_dag_decorator.py
[2025-05-04T03:59:36.491-0300] {processor.py:830} INFO - Processing file /home/facuvega/Descargas/crypto-etl-airflow/airflow-apache/lib/python3.11/site-packages/airflow/example_dags/example_dag_decorator.py for tasks to queue
[2025-05-04T03:59:36.523-0300] {logging_mixin.py:188} INFO - [2025-05-04T03:59:36.520-0300] {dagbag.py:540} INFO - Filling up the DagBag from /home/facuvega/Descargas/crypto-etl-airflow/airflow-apache/lib/python3.11/site-packages/airflow/example_dags/example_dag_decorator.py
[2025-05-04T03:59:37.770-0300] {processor.py:840} INFO - DAG(s) 'example_dag_decorator' retrieved from /home/facuvega/Descargas/crypto-etl-airflow/airflow-apache/lib/python3.11/site-packages/airflow/example_dags/example_dag_decorator.py
[2025-05-04T03:59:38.659-0300] {logging_mixin.py:188} INFO - [2025-05-04T03:59:38.659-0300] {dag.py:3096} INFO - Sync 1 DAGs
[2025-05-04T03:59:38.688-0300] {logging_mixin.py:188} INFO - [2025-05-04T03:59:38.687-0300] {dag.py:3954} INFO - Setting next_dagrun for example_dag_decorator to None, run_after=None
[2025-05-04T03:59:38.754-0300] {processor.py:183} INFO - Processing /home/facuvega/Descargas/crypto-etl-airflow/airflow-apache/lib/python3.11/site-packages/airflow/example_dags/example_dag_decorator.py took 2.361 seconds
[2025-05-04T04:00:46.599-0300] {processor.py:161} INFO - Started process (PID=23862) to work on /home/facuvega/Descargas/crypto-etl-airflow/airflow-apache/lib/python3.11/site-packages/airflow/example_dags/example_dag_decorator.py
[2025-05-04T04:00:46.601-0300] {processor.py:830} INFO - Processing file /home/facuvega/Descargas/crypto-etl-airflow/airflow-apache/lib/python3.11/site-packages/airflow/example_dags/example_dag_decorator.py for tasks to queue
[2025-05-04T04:00:46.605-0300] {logging_mixin.py:188} INFO - [2025-05-04T04:00:46.603-0300] {dagbag.py:540} INFO - Filling up the DagBag from /home/facuvega/Descargas/crypto-etl-airflow/airflow-apache/lib/python3.11/site-packages/airflow/example_dags/example_dag_decorator.py
[2025-05-04T04:00:47.246-0300] {processor.py:840} INFO - DAG(s) 'example_dag_decorator' retrieved from /home/facuvega/Descargas/crypto-etl-airflow/airflow-apache/lib/python3.11/site-packages/airflow/example_dags/example_dag_decorator.py
[2025-05-04T04:00:47.755-0300] {logging_mixin.py:188} INFO - [2025-05-04T04:00:47.754-0300] {dag.py:3096} INFO - Sync 1 DAGs
[2025-05-04T04:00:47.824-0300] {logging_mixin.py:188} INFO - [2025-05-04T04:00:47.821-0300] {dag.py:3954} INFO - Setting next_dagrun for example_dag_decorator to None, run_after=None
[2025-05-04T04:00:47.920-0300] {processor.py:183} INFO - Processing /home/facuvega/Descargas/crypto-etl-airflow/airflow-apache/lib/python3.11/site-packages/airflow/example_dags/example_dag_decorator.py took 1.334 seconds
[2025-05-04T04:01:56.761-0300] {processor.py:161} INFO - Started process (PID=24189) to work on /home/facuvega/Descargas/crypto-etl-airflow/airflow-apache/lib/python3.11/site-packages/airflow/example_dags/example_dag_decorator.py
[2025-05-04T04:01:56.762-0300] {processor.py:830} INFO - Processing file /home/facuvega/Descargas/crypto-etl-airflow/airflow-apache/lib/python3.11/site-packages/airflow/example_dags/example_dag_decorator.py for tasks to queue
[2025-05-04T04:01:56.764-0300] {logging_mixin.py:188} INFO - [2025-05-04T04:01:56.763-0300] {dagbag.py:540} INFO - Filling up the DagBag from /home/facuvega/Descargas/crypto-etl-airflow/airflow-apache/lib/python3.11/site-packages/airflow/example_dags/example_dag_decorator.py
[2025-05-04T04:01:56.846-0300] {processor.py:840} INFO - DAG(s) 'example_dag_decorator' retrieved from /home/facuvega/Descargas/crypto-etl-airflow/airflow-apache/lib/python3.11/site-packages/airflow/example_dags/example_dag_decorator.py
[2025-05-04T04:01:56.914-0300] {logging_mixin.py:188} INFO - [2025-05-04T04:01:56.914-0300] {dag.py:3096} INFO - Sync 1 DAGs
[2025-05-04T04:01:56.922-0300] {logging_mixin.py:188} INFO - [2025-05-04T04:01:56.922-0300] {dag.py:3954} INFO - Setting next_dagrun for example_dag_decorator to None, run_after=None
[2025-05-04T04:01:56.936-0300] {processor.py:183} INFO - Processing /home/facuvega/Descargas/crypto-etl-airflow/airflow-apache/lib/python3.11/site-packages/airflow/example_dags/example_dag_decorator.py took 0.182 seconds
[2025-05-04T04:03:44.568-0300] {processor.py:161} INFO - Started process (PID=25083) to work on /home/facuvega/Descargas/crypto-etl-airflow/airflow-apache/lib/python3.11/site-packages/airflow/example_dags/example_dag_decorator.py
[2025-05-04T04:03:44.569-0300] {processor.py:830} INFO - Processing file /home/facuvega/Descargas/crypto-etl-airflow/airflow-apache/lib/python3.11/site-packages/airflow/example_dags/example_dag_decorator.py for tasks to queue
[2025-05-04T04:03:44.570-0300] {logging_mixin.py:188} INFO - [2025-05-04T04:03:44.570-0300] {dagbag.py:540} INFO - Filling up the DagBag from /home/facuvega/Descargas/crypto-etl-airflow/airflow-apache/lib/python3.11/site-packages/airflow/example_dags/example_dag_decorator.py
[2025-05-04T04:03:44.661-0300] {processor.py:840} INFO - DAG(s) 'example_dag_decorator' retrieved from /home/facuvega/Descargas/crypto-etl-airflow/airflow-apache/lib/python3.11/site-packages/airflow/example_dags/example_dag_decorator.py
[2025-05-04T04:03:44.738-0300] {logging_mixin.py:188} INFO - [2025-05-04T04:03:44.738-0300] {dag.py:3096} INFO - Sync 1 DAGs
[2025-05-04T04:03:44.744-0300] {logging_mixin.py:188} INFO - [2025-05-04T04:03:44.744-0300] {dag.py:3954} INFO - Setting next_dagrun for example_dag_decorator to None, run_after=None
[2025-05-04T04:03:44.759-0300] {processor.py:183} INFO - Processing /home/facuvega/Descargas/crypto-etl-airflow/airflow-apache/lib/python3.11/site-packages/airflow/example_dags/example_dag_decorator.py took 0.197 seconds
[2025-05-04T04:05:32.300-0300] {processor.py:161} INFO - Started process (PID=26339) to work on /home/facuvega/Descargas/crypto-etl-airflow/airflow-apache/lib/python3.11/site-packages/airflow/example_dags/example_dag_decorator.py
[2025-05-04T04:05:32.301-0300] {processor.py:830} INFO - Processing file /home/facuvega/Descargas/crypto-etl-airflow/airflow-apache/lib/python3.11/site-packages/airflow/example_dags/example_dag_decorator.py for tasks to queue
[2025-05-04T04:05:32.303-0300] {logging_mixin.py:188} INFO - [2025-05-04T04:05:32.303-0300] {dagbag.py:540} INFO - Filling up the DagBag from /home/facuvega/Descargas/crypto-etl-airflow/airflow-apache/lib/python3.11/site-packages/airflow/example_dags/example_dag_decorator.py
[2025-05-04T04:05:32.421-0300] {processor.py:840} INFO - DAG(s) 'example_dag_decorator' retrieved from /home/facuvega/Descargas/crypto-etl-airflow/airflow-apache/lib/python3.11/site-packages/airflow/example_dags/example_dag_decorator.py
[2025-05-04T04:05:32.593-0300] {logging_mixin.py:188} INFO - [2025-05-04T04:05:32.592-0300] {dag.py:3096} INFO - Sync 1 DAGs
[2025-05-04T04:05:32.604-0300] {logging_mixin.py:188} INFO - [2025-05-04T04:05:32.603-0300] {dag.py:3954} INFO - Setting next_dagrun for example_dag_decorator to None, run_after=None
[2025-05-04T04:05:32.625-0300] {processor.py:183} INFO - Processing /home/facuvega/Descargas/crypto-etl-airflow/airflow-apache/lib/python3.11/site-packages/airflow/example_dags/example_dag_decorator.py took 0.332 seconds
[2025-05-04T04:06:23.929-0300] {processor.py:161} INFO - Started process (PID=26649) to work on /home/facuvega/Descargas/crypto-etl-airflow/airflow-apache/lib/python3.11/site-packages/airflow/example_dags/example_dag_decorator.py
[2025-05-04T04:06:23.931-0300] {processor.py:830} INFO - Processing file /home/facuvega/Descargas/crypto-etl-airflow/airflow-apache/lib/python3.11/site-packages/airflow/example_dags/example_dag_decorator.py for tasks to queue
[2025-05-04T04:06:23.933-0300] {logging_mixin.py:188} INFO - [2025-05-04T04:06:23.933-0300] {dagbag.py:540} INFO - Filling up the DagBag from /home/facuvega/Descargas/crypto-etl-airflow/airflow-apache/lib/python3.11/site-packages/airflow/example_dags/example_dag_decorator.py
[2025-05-04T04:06:24.073-0300] {processor.py:840} INFO - DAG(s) 'example_dag_decorator' retrieved from /home/facuvega/Descargas/crypto-etl-airflow/airflow-apache/lib/python3.11/site-packages/airflow/example_dags/example_dag_decorator.py
[2025-05-04T04:06:24.179-0300] {logging_mixin.py:188} INFO - [2025-05-04T04:06:24.179-0300] {dag.py:3096} INFO - Sync 1 DAGs
[2025-05-04T04:06:24.187-0300] {logging_mixin.py:188} INFO - [2025-05-04T04:06:24.187-0300] {dag.py:3954} INFO - Setting next_dagrun for example_dag_decorator to None, run_after=None
[2025-05-04T04:06:24.203-0300] {processor.py:183} INFO - Processing /home/facuvega/Descargas/crypto-etl-airflow/airflow-apache/lib/python3.11/site-packages/airflow/example_dags/example_dag_decorator.py took 0.280 seconds
[2025-05-04T04:07:35.397-0300] {processor.py:161} INFO - Started process (PID=26983) to work on /home/facuvega/Descargas/crypto-etl-airflow/airflow-apache/lib/python3.11/site-packages/airflow/example_dags/example_dag_decorator.py
[2025-05-04T04:07:35.398-0300] {processor.py:830} INFO - Processing file /home/facuvega/Descargas/crypto-etl-airflow/airflow-apache/lib/python3.11/site-packages/airflow/example_dags/example_dag_decorator.py for tasks to queue
[2025-05-04T04:07:35.400-0300] {logging_mixin.py:188} INFO - [2025-05-04T04:07:35.399-0300] {dagbag.py:540} INFO - Filling up the DagBag from /home/facuvega/Descargas/crypto-etl-airflow/airflow-apache/lib/python3.11/site-packages/airflow/example_dags/example_dag_decorator.py
[2025-05-04T04:07:35.496-0300] {processor.py:840} INFO - DAG(s) 'example_dag_decorator' retrieved from /home/facuvega/Descargas/crypto-etl-airflow/airflow-apache/lib/python3.11/site-packages/airflow/example_dags/example_dag_decorator.py
[2025-05-04T04:07:35.592-0300] {logging_mixin.py:188} INFO - [2025-05-04T04:07:35.592-0300] {dag.py:3096} INFO - Sync 1 DAGs
[2025-05-04T04:07:35.601-0300] {logging_mixin.py:188} INFO - [2025-05-04T04:07:35.601-0300] {dag.py:3954} INFO - Setting next_dagrun for example_dag_decorator to None, run_after=None
[2025-05-04T04:07:35.620-0300] {processor.py:183} INFO - Processing /home/facuvega/Descargas/crypto-etl-airflow/airflow-apache/lib/python3.11/site-packages/airflow/example_dags/example_dag_decorator.py took 0.229 seconds
[2025-05-04T04:10:54.424-0300] {processor.py:161} INFO - Started process (PID=29106) to work on /home/facuvega/Descargas/crypto-etl-airflow/airflow-apache/lib/python3.11/site-packages/airflow/example_dags/example_dag_decorator.py
[2025-05-04T04:10:54.425-0300] {processor.py:830} INFO - Processing file /home/facuvega/Descargas/crypto-etl-airflow/airflow-apache/lib/python3.11/site-packages/airflow/example_dags/example_dag_decorator.py for tasks to queue
[2025-05-04T04:10:54.427-0300] {logging_mixin.py:188} INFO - [2025-05-04T04:10:54.427-0300] {dagbag.py:540} INFO - Filling up the DagBag from /home/facuvega/Descargas/crypto-etl-airflow/airflow-apache/lib/python3.11/site-packages/airflow/example_dags/example_dag_decorator.py
[2025-05-04T04:10:54.542-0300] {processor.py:840} INFO - DAG(s) 'example_dag_decorator' retrieved from /home/facuvega/Descargas/crypto-etl-airflow/airflow-apache/lib/python3.11/site-packages/airflow/example_dags/example_dag_decorator.py
[2025-05-04T04:10:54.748-0300] {logging_mixin.py:188} INFO - [2025-05-04T04:10:54.748-0300] {dag.py:3096} INFO - Sync 1 DAGs
[2025-05-04T04:10:54.776-0300] {logging_mixin.py:188} INFO - [2025-05-04T04:10:54.775-0300] {dag.py:3954} INFO - Setting next_dagrun for example_dag_decorator to None, run_after=None
[2025-05-04T04:10:54.874-0300] {processor.py:183} INFO - Processing /home/facuvega/Descargas/crypto-etl-airflow/airflow-apache/lib/python3.11/site-packages/airflow/example_dags/example_dag_decorator.py took 0.457 seconds
[2025-05-04T04:11:50.608-0300] {processor.py:161} INFO - Started process (PID=29356) to work on /home/facuvega/Descargas/crypto-etl-airflow/airflow-apache/lib/python3.11/site-packages/airflow/example_dags/example_dag_decorator.py
[2025-05-04T04:11:50.609-0300] {processor.py:830} INFO - Processing file /home/facuvega/Descargas/crypto-etl-airflow/airflow-apache/lib/python3.11/site-packages/airflow/example_dags/example_dag_decorator.py for tasks to queue
[2025-05-04T04:11:50.611-0300] {logging_mixin.py:188} INFO - [2025-05-04T04:11:50.610-0300] {dagbag.py:540} INFO - Filling up the DagBag from /home/facuvega/Descargas/crypto-etl-airflow/airflow-apache/lib/python3.11/site-packages/airflow/example_dags/example_dag_decorator.py
[2025-05-04T04:11:50.683-0300] {processor.py:840} INFO - DAG(s) 'example_dag_decorator' retrieved from /home/facuvega/Descargas/crypto-etl-airflow/airflow-apache/lib/python3.11/site-packages/airflow/example_dags/example_dag_decorator.py
[2025-05-04T04:11:50.769-0300] {logging_mixin.py:188} INFO - [2025-05-04T04:11:50.769-0300] {dag.py:3096} INFO - Sync 1 DAGs
[2025-05-04T04:11:50.777-0300] {logging_mixin.py:188} INFO - [2025-05-04T04:11:50.777-0300] {dag.py:3954} INFO - Setting next_dagrun for example_dag_decorator to None, run_after=None
[2025-05-04T04:11:50.792-0300] {processor.py:183} INFO - Processing /home/facuvega/Descargas/crypto-etl-airflow/airflow-apache/lib/python3.11/site-packages/airflow/example_dags/example_dag_decorator.py took 0.189 seconds
[2025-05-04T04:13:00.859-0300] {processor.py:161} INFO - Started process (PID=29672) to work on /home/facuvega/Descargas/crypto-etl-airflow/airflow-apache/lib/python3.11/site-packages/airflow/example_dags/example_dag_decorator.py
[2025-05-04T04:13:00.860-0300] {processor.py:830} INFO - Processing file /home/facuvega/Descargas/crypto-etl-airflow/airflow-apache/lib/python3.11/site-packages/airflow/example_dags/example_dag_decorator.py for tasks to queue
[2025-05-04T04:13:00.862-0300] {logging_mixin.py:188} INFO - [2025-05-04T04:13:00.861-0300] {dagbag.py:540} INFO - Filling up the DagBag from /home/facuvega/Descargas/crypto-etl-airflow/airflow-apache/lib/python3.11/site-packages/airflow/example_dags/example_dag_decorator.py
[2025-05-04T04:13:00.954-0300] {processor.py:840} INFO - DAG(s) 'example_dag_decorator' retrieved from /home/facuvega/Descargas/crypto-etl-airflow/airflow-apache/lib/python3.11/site-packages/airflow/example_dags/example_dag_decorator.py
[2025-05-04T04:13:01.019-0300] {logging_mixin.py:188} INFO - [2025-05-04T04:13:01.019-0300] {dag.py:3096} INFO - Sync 1 DAGs
[2025-05-04T04:13:01.025-0300] {logging_mixin.py:188} INFO - [2025-05-04T04:13:01.025-0300] {dag.py:3954} INFO - Setting next_dagrun for example_dag_decorator to None, run_after=None
[2025-05-04T04:13:01.037-0300] {processor.py:183} INFO - Processing /home/facuvega/Descargas/crypto-etl-airflow/airflow-apache/lib/python3.11/site-packages/airflow/example_dags/example_dag_decorator.py took 0.183 seconds
[2025-05-04T04:14:03.558-0300] {processor.py:161} INFO - Started process (PID=29953) to work on /home/facuvega/Descargas/crypto-etl-airflow/airflow-apache/lib/python3.11/site-packages/airflow/example_dags/example_dag_decorator.py
[2025-05-04T04:14:03.559-0300] {processor.py:830} INFO - Processing file /home/facuvega/Descargas/crypto-etl-airflow/airflow-apache/lib/python3.11/site-packages/airflow/example_dags/example_dag_decorator.py for tasks to queue
[2025-05-04T04:14:03.561-0300] {logging_mixin.py:188} INFO - [2025-05-04T04:14:03.561-0300] {dagbag.py:540} INFO - Filling up the DagBag from /home/facuvega/Descargas/crypto-etl-airflow/airflow-apache/lib/python3.11/site-packages/airflow/example_dags/example_dag_decorator.py
[2025-05-04T04:14:03.641-0300] {processor.py:840} INFO - DAG(s) 'example_dag_decorator' retrieved from /home/facuvega/Descargas/crypto-etl-airflow/airflow-apache/lib/python3.11/site-packages/airflow/example_dags/example_dag_decorator.py
[2025-05-04T04:14:03.711-0300] {logging_mixin.py:188} INFO - [2025-05-04T04:14:03.711-0300] {dag.py:3096} INFO - Sync 1 DAGs
[2025-05-04T04:14:03.719-0300] {logging_mixin.py:188} INFO - [2025-05-04T04:14:03.719-0300] {dag.py:3954} INFO - Setting next_dagrun for example_dag_decorator to None, run_after=None
[2025-05-04T04:14:03.736-0300] {processor.py:183} INFO - Processing /home/facuvega/Descargas/crypto-etl-airflow/airflow-apache/lib/python3.11/site-packages/airflow/example_dags/example_dag_decorator.py took 0.183 seconds
[2025-05-04T04:15:03.566-0300] {processor.py:161} INFO - Started process (PID=30261) to work on /home/facuvega/Descargas/crypto-etl-airflow/airflow-apache/lib/python3.11/site-packages/airflow/example_dags/example_dag_decorator.py
[2025-05-04T04:15:03.571-0300] {processor.py:830} INFO - Processing file /home/facuvega/Descargas/crypto-etl-airflow/airflow-apache/lib/python3.11/site-packages/airflow/example_dags/example_dag_decorator.py for tasks to queue
[2025-05-04T04:15:03.576-0300] {logging_mixin.py:188} INFO - [2025-05-04T04:15:03.576-0300] {dagbag.py:540} INFO - Filling up the DagBag from /home/facuvega/Descargas/crypto-etl-airflow/airflow-apache/lib/python3.11/site-packages/airflow/example_dags/example_dag_decorator.py
[2025-05-04T04:15:03.767-0300] {processor.py:840} INFO - DAG(s) 'example_dag_decorator' retrieved from /home/facuvega/Descargas/crypto-etl-airflow/airflow-apache/lib/python3.11/site-packages/airflow/example_dags/example_dag_decorator.py
[2025-05-04T04:15:03.946-0300] {logging_mixin.py:188} INFO - [2025-05-04T04:15:03.945-0300] {dag.py:3096} INFO - Sync 1 DAGs
[2025-05-04T04:15:03.962-0300] {logging_mixin.py:188} INFO - [2025-05-04T04:15:03.962-0300] {dag.py:3954} INFO - Setting next_dagrun for example_dag_decorator to None, run_after=None
[2025-05-04T04:15:03.992-0300] {processor.py:183} INFO - Processing /home/facuvega/Descargas/crypto-etl-airflow/airflow-apache/lib/python3.11/site-packages/airflow/example_dags/example_dag_decorator.py took 0.434 seconds
[2025-05-04T04:16:01.229-0300] {processor.py:161} INFO - Started process (PID=30600) to work on /home/facuvega/Descargas/crypto-etl-airflow/airflow-apache/lib/python3.11/site-packages/airflow/example_dags/example_dag_decorator.py
[2025-05-04T04:16:01.232-0300] {processor.py:830} INFO - Processing file /home/facuvega/Descargas/crypto-etl-airflow/airflow-apache/lib/python3.11/site-packages/airflow/example_dags/example_dag_decorator.py for tasks to queue
[2025-05-04T04:16:01.237-0300] {logging_mixin.py:188} INFO - [2025-05-04T04:16:01.235-0300] {dagbag.py:540} INFO - Filling up the DagBag from /home/facuvega/Descargas/crypto-etl-airflow/airflow-apache/lib/python3.11/site-packages/airflow/example_dags/example_dag_decorator.py
[2025-05-04T04:16:01.542-0300] {processor.py:840} INFO - DAG(s) 'example_dag_decorator' retrieved from /home/facuvega/Descargas/crypto-etl-airflow/airflow-apache/lib/python3.11/site-packages/airflow/example_dags/example_dag_decorator.py
[2025-05-04T04:16:01.913-0300] {logging_mixin.py:188} INFO - [2025-05-04T04:16:01.912-0300] {dag.py:3096} INFO - Sync 1 DAGs
[2025-05-04T04:16:01.920-0300] {logging_mixin.py:188} INFO - [2025-05-04T04:16:01.920-0300] {dag.py:3954} INFO - Setting next_dagrun for example_dag_decorator to None, run_after=None
[2025-05-04T04:16:01.950-0300] {processor.py:183} INFO - Processing /home/facuvega/Descargas/crypto-etl-airflow/airflow-apache/lib/python3.11/site-packages/airflow/example_dags/example_dag_decorator.py took 0.739 seconds
[2025-05-04T04:17:38.487-0300] {processor.py:161} INFO - Started process (PID=31400) to work on /home/facuvega/Descargas/crypto-etl-airflow/airflow-apache/lib/python3.11/site-packages/airflow/example_dags/example_dag_decorator.py
[2025-05-04T04:17:38.488-0300] {processor.py:830} INFO - Processing file /home/facuvega/Descargas/crypto-etl-airflow/airflow-apache/lib/python3.11/site-packages/airflow/example_dags/example_dag_decorator.py for tasks to queue
[2025-05-04T04:17:38.490-0300] {logging_mixin.py:188} INFO - [2025-05-04T04:17:38.490-0300] {dagbag.py:540} INFO - Filling up the DagBag from /home/facuvega/Descargas/crypto-etl-airflow/airflow-apache/lib/python3.11/site-packages/airflow/example_dags/example_dag_decorator.py
[2025-05-04T04:17:38.607-0300] {processor.py:840} INFO - DAG(s) 'example_dag_decorator' retrieved from /home/facuvega/Descargas/crypto-etl-airflow/airflow-apache/lib/python3.11/site-packages/airflow/example_dags/example_dag_decorator.py
[2025-05-04T04:17:38.694-0300] {logging_mixin.py:188} INFO - [2025-05-04T04:17:38.693-0300] {dag.py:3096} INFO - Sync 1 DAGs
[2025-05-04T04:17:38.701-0300] {logging_mixin.py:188} INFO - [2025-05-04T04:17:38.701-0300] {dag.py:3954} INFO - Setting next_dagrun for example_dag_decorator to None, run_after=None
[2025-05-04T04:17:38.727-0300] {processor.py:183} INFO - Processing /home/facuvega/Descargas/crypto-etl-airflow/airflow-apache/lib/python3.11/site-packages/airflow/example_dags/example_dag_decorator.py took 0.245 seconds
[2025-05-04T04:19:11.156-0300] {processor.py:161} INFO - Started process (PID=32550) to work on /home/facuvega/Descargas/crypto-etl-airflow/airflow-apache/lib/python3.11/site-packages/airflow/example_dags/example_dag_decorator.py
[2025-05-04T04:19:11.157-0300] {processor.py:830} INFO - Processing file /home/facuvega/Descargas/crypto-etl-airflow/airflow-apache/lib/python3.11/site-packages/airflow/example_dags/example_dag_decorator.py for tasks to queue
[2025-05-04T04:19:11.161-0300] {logging_mixin.py:188} INFO - [2025-05-04T04:19:11.161-0300] {dagbag.py:540} INFO - Filling up the DagBag from /home/facuvega/Descargas/crypto-etl-airflow/airflow-apache/lib/python3.11/site-packages/airflow/example_dags/example_dag_decorator.py
[2025-05-04T04:19:11.358-0300] {processor.py:840} INFO - DAG(s) 'example_dag_decorator' retrieved from /home/facuvega/Descargas/crypto-etl-airflow/airflow-apache/lib/python3.11/site-packages/airflow/example_dags/example_dag_decorator.py
[2025-05-04T04:19:11.384-0300] {logging_mixin.py:188} INFO - [2025-05-04T04:19:11.383-0300] {dag.py:3096} INFO - Sync 1 DAGs
[2025-05-04T04:19:11.397-0300] {logging_mixin.py:188} INFO - [2025-05-04T04:19:11.397-0300] {dag.py:3954} INFO - Setting next_dagrun for example_dag_decorator to None, run_after=None
[2025-05-04T04:19:11.418-0300] {processor.py:183} INFO - Processing /home/facuvega/Descargas/crypto-etl-airflow/airflow-apache/lib/python3.11/site-packages/airflow/example_dags/example_dag_decorator.py took 0.271 seconds
[2025-05-04T04:20:09.525-0300] {processor.py:161} INFO - Started process (PID=32957) to work on /home/facuvega/Descargas/crypto-etl-airflow/airflow-apache/lib/python3.11/site-packages/airflow/example_dags/example_dag_decorator.py
[2025-05-04T04:20:09.526-0300] {processor.py:830} INFO - Processing file /home/facuvega/Descargas/crypto-etl-airflow/airflow-apache/lib/python3.11/site-packages/airflow/example_dags/example_dag_decorator.py for tasks to queue
[2025-05-04T04:20:09.528-0300] {logging_mixin.py:188} INFO - [2025-05-04T04:20:09.528-0300] {dagbag.py:540} INFO - Filling up the DagBag from /home/facuvega/Descargas/crypto-etl-airflow/airflow-apache/lib/python3.11/site-packages/airflow/example_dags/example_dag_decorator.py
[2025-05-04T04:20:09.656-0300] {processor.py:840} INFO - DAG(s) 'example_dag_decorator' retrieved from /home/facuvega/Descargas/crypto-etl-airflow/airflow-apache/lib/python3.11/site-packages/airflow/example_dags/example_dag_decorator.py
[2025-05-04T04:20:09.670-0300] {logging_mixin.py:188} INFO - [2025-05-04T04:20:09.670-0300] {dag.py:3096} INFO - Sync 1 DAGs
[2025-05-04T04:20:09.679-0300] {logging_mixin.py:188} INFO - [2025-05-04T04:20:09.679-0300] {dag.py:3954} INFO - Setting next_dagrun for example_dag_decorator to None, run_after=None
[2025-05-04T04:20:09.692-0300] {processor.py:183} INFO - Processing /home/facuvega/Descargas/crypto-etl-airflow/airflow-apache/lib/python3.11/site-packages/airflow/example_dags/example_dag_decorator.py took 0.173 seconds
[2025-05-04T04:21:13.445-0300] {processor.py:161} INFO - Started process (PID=33244) to work on /home/facuvega/Descargas/crypto-etl-airflow/airflow-apache/lib/python3.11/site-packages/airflow/example_dags/example_dag_decorator.py
[2025-05-04T04:21:13.446-0300] {processor.py:830} INFO - Processing file /home/facuvega/Descargas/crypto-etl-airflow/airflow-apache/lib/python3.11/site-packages/airflow/example_dags/example_dag_decorator.py for tasks to queue
[2025-05-04T04:21:13.448-0300] {logging_mixin.py:188} INFO - [2025-05-04T04:21:13.448-0300] {dagbag.py:540} INFO - Filling up the DagBag from /home/facuvega/Descargas/crypto-etl-airflow/airflow-apache/lib/python3.11/site-packages/airflow/example_dags/example_dag_decorator.py
[2025-05-04T04:21:13.532-0300] {processor.py:840} INFO - DAG(s) 'example_dag_decorator' retrieved from /home/facuvega/Descargas/crypto-etl-airflow/airflow-apache/lib/python3.11/site-packages/airflow/example_dags/example_dag_decorator.py
[2025-05-04T04:21:13.661-0300] {logging_mixin.py:188} INFO - [2025-05-04T04:21:13.660-0300] {dag.py:3096} INFO - Sync 1 DAGs
[2025-05-04T04:21:13.668-0300] {logging_mixin.py:188} INFO - [2025-05-04T04:21:13.668-0300] {dag.py:3954} INFO - Setting next_dagrun for example_dag_decorator to None, run_after=None
[2025-05-04T04:21:13.683-0300] {processor.py:183} INFO - Processing /home/facuvega/Descargas/crypto-etl-airflow/airflow-apache/lib/python3.11/site-packages/airflow/example_dags/example_dag_decorator.py took 0.244 seconds
[2025-05-04T04:22:47.400-0300] {processor.py:161} INFO - Started process (PID=34132) to work on /home/facuvega/Descargas/crypto-etl-airflow/airflow-apache/lib/python3.11/site-packages/airflow/example_dags/example_dag_decorator.py
[2025-05-04T04:22:47.401-0300] {processor.py:830} INFO - Processing file /home/facuvega/Descargas/crypto-etl-airflow/airflow-apache/lib/python3.11/site-packages/airflow/example_dags/example_dag_decorator.py for tasks to queue
[2025-05-04T04:22:47.402-0300] {logging_mixin.py:188} INFO - [2025-05-04T04:22:47.402-0300] {dagbag.py:540} INFO - Filling up the DagBag from /home/facuvega/Descargas/crypto-etl-airflow/airflow-apache/lib/python3.11/site-packages/airflow/example_dags/example_dag_decorator.py
[2025-05-04T04:22:47.502-0300] {processor.py:840} INFO - DAG(s) 'example_dag_decorator' retrieved from /home/facuvega/Descargas/crypto-etl-airflow/airflow-apache/lib/python3.11/site-packages/airflow/example_dags/example_dag_decorator.py
[2025-05-04T04:22:47.584-0300] {logging_mixin.py:188} INFO - [2025-05-04T04:22:47.584-0300] {dag.py:3096} INFO - Sync 1 DAGs
[2025-05-04T04:22:47.600-0300] {logging_mixin.py:188} INFO - [2025-05-04T04:22:47.598-0300] {dag.py:3954} INFO - Setting next_dagrun for example_dag_decorator to None, run_after=None
[2025-05-04T04:22:47.623-0300] {processor.py:183} INFO - Processing /home/facuvega/Descargas/crypto-etl-airflow/airflow-apache/lib/python3.11/site-packages/airflow/example_dags/example_dag_decorator.py took 0.227 seconds
[2025-05-04T04:24:24.600-0300] {processor.py:161} INFO - Started process (PID=35556) to work on /home/facuvega/Descargas/crypto-etl-airflow/airflow-apache/lib/python3.11/site-packages/airflow/example_dags/example_dag_decorator.py
[2025-05-04T04:24:24.601-0300] {processor.py:830} INFO - Processing file /home/facuvega/Descargas/crypto-etl-airflow/airflow-apache/lib/python3.11/site-packages/airflow/example_dags/example_dag_decorator.py for tasks to queue
[2025-05-04T04:24:24.604-0300] {logging_mixin.py:188} INFO - [2025-05-04T04:24:24.603-0300] {dagbag.py:540} INFO - Filling up the DagBag from /home/facuvega/Descargas/crypto-etl-airflow/airflow-apache/lib/python3.11/site-packages/airflow/example_dags/example_dag_decorator.py
[2025-05-04T04:24:24.716-0300] {processor.py:840} INFO - DAG(s) 'example_dag_decorator' retrieved from /home/facuvega/Descargas/crypto-etl-airflow/airflow-apache/lib/python3.11/site-packages/airflow/example_dags/example_dag_decorator.py
[2025-05-04T04:24:24.732-0300] {logging_mixin.py:188} INFO - [2025-05-04T04:24:24.732-0300] {dag.py:3096} INFO - Sync 1 DAGs
[2025-05-04T04:24:24.741-0300] {logging_mixin.py:188} INFO - [2025-05-04T04:24:24.741-0300] {dag.py:3954} INFO - Setting next_dagrun for example_dag_decorator to None, run_after=None
[2025-05-04T04:24:24.756-0300] {processor.py:183} INFO - Processing /home/facuvega/Descargas/crypto-etl-airflow/airflow-apache/lib/python3.11/site-packages/airflow/example_dags/example_dag_decorator.py took 0.162 seconds
