[2025-05-04T03:50:58.405-0300] {processor.py:161} INFO - Started process (PID=19699) to work on /home/facuvega/Descargas/crypto-etl-airflow/airflow-apache/lib/python3.11/site-packages/airflow/example_dags/example_python_operator.py
[2025-05-04T03:50:58.406-0300] {processor.py:830} INFO - Processing file /home/facuvega/Descargas/crypto-etl-airflow/airflow-apache/lib/python3.11/site-packages/airflow/example_dags/example_python_operator.py for tasks to queue
[2025-05-04T03:50:58.407-0300] {logging_mixin.py:188} INFO - [2025-05-04T03:50:58.407-0300] {dagbag.py:540} INFO - Filling up the DagBag from /home/facuvega/Descargas/crypto-etl-airflow/airflow-apache/lib/python3.11/site-packages/airflow/example_dags/example_python_operator.py
[2025-05-04T03:50:58.416-0300] {processor.py:840} INFO - DAG(s) 'example_python_operator' retrieved from /home/facuvega/Descargas/crypto-etl-airflow/airflow-apache/lib/python3.11/site-packages/airflow/example_dags/example_python_operator.py
[2025-05-04T03:50:58.485-0300] {logging_mixin.py:188} INFO - [2025-05-04T03:50:58.484-0300] {dag.py:3096} INFO - Sync 1 DAGs
[2025-05-04T03:50:58.491-0300] {logging_mixin.py:188} INFO - [2025-05-04T03:50:58.491-0300] {dag.py:3954} INFO - Setting next_dagrun for example_python_operator to None, run_after=None
[2025-05-04T03:50:58.504-0300] {processor.py:183} INFO - Processing /home/facuvega/Descargas/crypto-etl-airflow/airflow-apache/lib/python3.11/site-packages/airflow/example_dags/example_python_operator.py took 0.103 seconds
[2025-05-04T03:51:49.924-0300] {processor.py:161} INFO - Started process (PID=19926) to work on /home/facuvega/Descargas/crypto-etl-airflow/airflow-apache/lib/python3.11/site-packages/airflow/example_dags/example_python_operator.py
[2025-05-04T03:51:49.925-0300] {processor.py:830} INFO - Processing file /home/facuvega/Descargas/crypto-etl-airflow/airflow-apache/lib/python3.11/site-packages/airflow/example_dags/example_python_operator.py for tasks to queue
[2025-05-04T03:51:49.926-0300] {logging_mixin.py:188} INFO - [2025-05-04T03:51:49.926-0300] {dagbag.py:540} INFO - Filling up the DagBag from /home/facuvega/Descargas/crypto-etl-airflow/airflow-apache/lib/python3.11/site-packages/airflow/example_dags/example_python_operator.py
[2025-05-04T03:51:49.935-0300] {processor.py:840} INFO - DAG(s) 'example_python_operator' retrieved from /home/facuvega/Descargas/crypto-etl-airflow/airflow-apache/lib/python3.11/site-packages/airflow/example_dags/example_python_operator.py
[2025-05-04T03:51:49.951-0300] {logging_mixin.py:188} INFO - [2025-05-04T03:51:49.951-0300] {dag.py:3096} INFO - Sync 1 DAGs
[2025-05-04T03:51:49.959-0300] {logging_mixin.py:188} INFO - [2025-05-04T03:51:49.958-0300] {dag.py:3954} INFO - Setting next_dagrun for example_python_operator to None, run_after=None
[2025-05-04T03:51:49.972-0300] {processor.py:183} INFO - Processing /home/facuvega/Descargas/crypto-etl-airflow/airflow-apache/lib/python3.11/site-packages/airflow/example_dags/example_python_operator.py took 0.054 seconds
[2025-05-04T03:52:41.437-0300] {processor.py:161} INFO - Started process (PID=20183) to work on /home/facuvega/Descargas/crypto-etl-airflow/airflow-apache/lib/python3.11/site-packages/airflow/example_dags/example_python_operator.py
[2025-05-04T03:52:41.438-0300] {processor.py:830} INFO - Processing file /home/facuvega/Descargas/crypto-etl-airflow/airflow-apache/lib/python3.11/site-packages/airflow/example_dags/example_python_operator.py for tasks to queue
[2025-05-04T03:52:41.439-0300] {logging_mixin.py:188} INFO - [2025-05-04T03:52:41.439-0300] {dagbag.py:540} INFO - Filling up the DagBag from /home/facuvega/Descargas/crypto-etl-airflow/airflow-apache/lib/python3.11/site-packages/airflow/example_dags/example_python_operator.py
[2025-05-04T03:52:41.448-0300] {processor.py:840} INFO - DAG(s) 'example_python_operator' retrieved from /home/facuvega/Descargas/crypto-etl-airflow/airflow-apache/lib/python3.11/site-packages/airflow/example_dags/example_python_operator.py
[2025-05-04T03:52:41.460-0300] {logging_mixin.py:188} INFO - [2025-05-04T03:52:41.460-0300] {dag.py:3096} INFO - Sync 1 DAGs
[2025-05-04T03:52:41.469-0300] {logging_mixin.py:188} INFO - [2025-05-04T03:52:41.468-0300] {dag.py:3954} INFO - Setting next_dagrun for example_python_operator to None, run_after=None
[2025-05-04T03:52:41.481-0300] {processor.py:183} INFO - Processing /home/facuvega/Descargas/crypto-etl-airflow/airflow-apache/lib/python3.11/site-packages/airflow/example_dags/example_python_operator.py took 0.049 seconds
[2025-05-04T03:53:28.558-0300] {processor.py:161} INFO - Started process (PID=20616) to work on /home/facuvega/Descargas/crypto-etl-airflow/airflow-apache/lib/python3.11/site-packages/airflow/example_dags/example_python_operator.py
[2025-05-04T03:53:28.560-0300] {processor.py:830} INFO - Processing file /home/facuvega/Descargas/crypto-etl-airflow/airflow-apache/lib/python3.11/site-packages/airflow/example_dags/example_python_operator.py for tasks to queue
[2025-05-04T03:53:28.561-0300] {logging_mixin.py:188} INFO - [2025-05-04T03:53:28.561-0300] {dagbag.py:540} INFO - Filling up the DagBag from /home/facuvega/Descargas/crypto-etl-airflow/airflow-apache/lib/python3.11/site-packages/airflow/example_dags/example_python_operator.py
[2025-05-04T03:53:28.577-0300] {processor.py:840} INFO - DAG(s) 'example_python_operator' retrieved from /home/facuvega/Descargas/crypto-etl-airflow/airflow-apache/lib/python3.11/site-packages/airflow/example_dags/example_python_operator.py
[2025-05-04T03:53:28.610-0300] {logging_mixin.py:188} INFO - [2025-05-04T03:53:28.610-0300] {dag.py:3096} INFO - Sync 1 DAGs
[2025-05-04T03:53:28.630-0300] {logging_mixin.py:188} INFO - [2025-05-04T03:53:28.630-0300] {dag.py:3954} INFO - Setting next_dagrun for example_python_operator to None, run_after=None
[2025-05-04T03:53:28.651-0300] {processor.py:183} INFO - Processing /home/facuvega/Descargas/crypto-etl-airflow/airflow-apache/lib/python3.11/site-packages/airflow/example_dags/example_python_operator.py took 0.101 seconds
[2025-05-04T03:54:18.718-0300] {processor.py:161} INFO - Started process (PID=20960) to work on /home/facuvega/Descargas/crypto-etl-airflow/airflow-apache/lib/python3.11/site-packages/airflow/example_dags/example_python_operator.py
[2025-05-04T03:54:18.719-0300] {processor.py:830} INFO - Processing file /home/facuvega/Descargas/crypto-etl-airflow/airflow-apache/lib/python3.11/site-packages/airflow/example_dags/example_python_operator.py for tasks to queue
[2025-05-04T03:54:18.720-0300] {logging_mixin.py:188} INFO - [2025-05-04T03:54:18.720-0300] {dagbag.py:540} INFO - Filling up the DagBag from /home/facuvega/Descargas/crypto-etl-airflow/airflow-apache/lib/python3.11/site-packages/airflow/example_dags/example_python_operator.py
[2025-05-04T03:54:18.730-0300] {processor.py:840} INFO - DAG(s) 'example_python_operator' retrieved from /home/facuvega/Descargas/crypto-etl-airflow/airflow-apache/lib/python3.11/site-packages/airflow/example_dags/example_python_operator.py
[2025-05-04T03:54:18.750-0300] {logging_mixin.py:188} INFO - [2025-05-04T03:54:18.750-0300] {dag.py:3096} INFO - Sync 1 DAGs
[2025-05-04T03:54:18.760-0300] {logging_mixin.py:188} INFO - [2025-05-04T03:54:18.759-0300] {dag.py:3954} INFO - Setting next_dagrun for example_python_operator to None, run_after=None
[2025-05-04T03:54:18.774-0300] {processor.py:183} INFO - Processing /home/facuvega/Descargas/crypto-etl-airflow/airflow-apache/lib/python3.11/site-packages/airflow/example_dags/example_python_operator.py took 0.062 seconds
[2025-05-04T03:55:00.332-0300] {processor.py:161} INFO - Started process (PID=21145) to work on /home/facuvega/Descargas/crypto-etl-airflow/airflow-apache/lib/python3.11/site-packages/airflow/example_dags/example_python_operator.py
[2025-05-04T03:55:00.333-0300] {processor.py:830} INFO - Processing file /home/facuvega/Descargas/crypto-etl-airflow/airflow-apache/lib/python3.11/site-packages/airflow/example_dags/example_python_operator.py for tasks to queue
[2025-05-04T03:55:00.334-0300] {logging_mixin.py:188} INFO - [2025-05-04T03:55:00.334-0300] {dagbag.py:540} INFO - Filling up the DagBag from /home/facuvega/Descargas/crypto-etl-airflow/airflow-apache/lib/python3.11/site-packages/airflow/example_dags/example_python_operator.py
[2025-05-04T03:55:00.344-0300] {processor.py:840} INFO - DAG(s) 'example_python_operator' retrieved from /home/facuvega/Descargas/crypto-etl-airflow/airflow-apache/lib/python3.11/site-packages/airflow/example_dags/example_python_operator.py
[2025-05-04T03:55:00.358-0300] {logging_mixin.py:188} INFO - [2025-05-04T03:55:00.358-0300] {dag.py:3096} INFO - Sync 1 DAGs
[2025-05-04T03:55:00.369-0300] {logging_mixin.py:188} INFO - [2025-05-04T03:55:00.369-0300] {dag.py:3954} INFO - Setting next_dagrun for example_python_operator to None, run_after=None
[2025-05-04T03:55:00.384-0300] {processor.py:183} INFO - Processing /home/facuvega/Descargas/crypto-etl-airflow/airflow-apache/lib/python3.11/site-packages/airflow/example_dags/example_python_operator.py took 0.058 seconds
[2025-05-04T03:55:50.393-0300] {processor.py:161} INFO - Started process (PID=21488) to work on /home/facuvega/Descargas/crypto-etl-airflow/airflow-apache/lib/python3.11/site-packages/airflow/example_dags/example_python_operator.py
[2025-05-04T03:55:50.394-0300] {processor.py:830} INFO - Processing file /home/facuvega/Descargas/crypto-etl-airflow/airflow-apache/lib/python3.11/site-packages/airflow/example_dags/example_python_operator.py for tasks to queue
[2025-05-04T03:55:50.396-0300] {logging_mixin.py:188} INFO - [2025-05-04T03:55:50.395-0300] {dagbag.py:540} INFO - Filling up the DagBag from /home/facuvega/Descargas/crypto-etl-airflow/airflow-apache/lib/python3.11/site-packages/airflow/example_dags/example_python_operator.py
[2025-05-04T03:55:50.405-0300] {processor.py:840} INFO - DAG(s) 'example_python_operator' retrieved from /home/facuvega/Descargas/crypto-etl-airflow/airflow-apache/lib/python3.11/site-packages/airflow/example_dags/example_python_operator.py
[2025-05-04T03:55:50.419-0300] {logging_mixin.py:188} INFO - [2025-05-04T03:55:50.419-0300] {dag.py:3096} INFO - Sync 1 DAGs
[2025-05-04T03:55:50.427-0300] {logging_mixin.py:188} INFO - [2025-05-04T03:55:50.427-0300] {dag.py:3954} INFO - Setting next_dagrun for example_python_operator to None, run_after=None
[2025-05-04T03:55:50.440-0300] {processor.py:183} INFO - Processing /home/facuvega/Descargas/crypto-etl-airflow/airflow-apache/lib/python3.11/site-packages/airflow/example_dags/example_python_operator.py took 0.051 seconds
[2025-05-04T03:56:49.626-0300] {processor.py:161} INFO - Started process (PID=21750) to work on /home/facuvega/Descargas/crypto-etl-airflow/airflow-apache/lib/python3.11/site-packages/airflow/example_dags/example_python_operator.py
[2025-05-04T03:56:49.627-0300] {processor.py:830} INFO - Processing file /home/facuvega/Descargas/crypto-etl-airflow/airflow-apache/lib/python3.11/site-packages/airflow/example_dags/example_python_operator.py for tasks to queue
[2025-05-04T03:56:49.629-0300] {logging_mixin.py:188} INFO - [2025-05-04T03:56:49.628-0300] {dagbag.py:540} INFO - Filling up the DagBag from /home/facuvega/Descargas/crypto-etl-airflow/airflow-apache/lib/python3.11/site-packages/airflow/example_dags/example_python_operator.py
[2025-05-04T03:56:49.638-0300] {processor.py:840} INFO - DAG(s) 'example_python_operator' retrieved from /home/facuvega/Descargas/crypto-etl-airflow/airflow-apache/lib/python3.11/site-packages/airflow/example_dags/example_python_operator.py
[2025-05-04T03:56:49.652-0300] {logging_mixin.py:188} INFO - [2025-05-04T03:56:49.652-0300] {dag.py:3096} INFO - Sync 1 DAGs
[2025-05-04T03:56:49.661-0300] {logging_mixin.py:188} INFO - [2025-05-04T03:56:49.661-0300] {dag.py:3954} INFO - Setting next_dagrun for example_python_operator to None, run_after=None
[2025-05-04T03:56:49.674-0300] {processor.py:183} INFO - Processing /home/facuvega/Descargas/crypto-etl-airflow/airflow-apache/lib/python3.11/site-packages/airflow/example_dags/example_python_operator.py took 0.053 seconds
[2025-05-04T03:58:21.529-0300] {processor.py:161} INFO - Started process (PID=22581) to work on /home/facuvega/Descargas/crypto-etl-airflow/airflow-apache/lib/python3.11/site-packages/airflow/example_dags/example_python_operator.py
[2025-05-04T03:58:21.530-0300] {processor.py:830} INFO - Processing file /home/facuvega/Descargas/crypto-etl-airflow/airflow-apache/lib/python3.11/site-packages/airflow/example_dags/example_python_operator.py for tasks to queue
[2025-05-04T03:58:21.531-0300] {logging_mixin.py:188} INFO - [2025-05-04T03:58:21.531-0300] {dagbag.py:540} INFO - Filling up the DagBag from /home/facuvega/Descargas/crypto-etl-airflow/airflow-apache/lib/python3.11/site-packages/airflow/example_dags/example_python_operator.py
[2025-05-04T03:58:21.541-0300] {processor.py:840} INFO - DAG(s) 'example_python_operator' retrieved from /home/facuvega/Descargas/crypto-etl-airflow/airflow-apache/lib/python3.11/site-packages/airflow/example_dags/example_python_operator.py
[2025-05-04T03:58:21.614-0300] {logging_mixin.py:188} INFO - [2025-05-04T03:58:21.614-0300] {dag.py:3096} INFO - Sync 1 DAGs
[2025-05-04T03:58:21.622-0300] {logging_mixin.py:188} INFO - [2025-05-04T03:58:21.622-0300] {dag.py:3954} INFO - Setting next_dagrun for example_python_operator to None, run_after=None
[2025-05-04T03:58:21.635-0300] {processor.py:183} INFO - Processing /home/facuvega/Descargas/crypto-etl-airflow/airflow-apache/lib/python3.11/site-packages/airflow/example_dags/example_python_operator.py took 0.111 seconds
[2025-05-04T03:59:16.582-0300] {processor.py:161} INFO - Started process (PID=22857) to work on /home/facuvega/Descargas/crypto-etl-airflow/airflow-apache/lib/python3.11/site-packages/airflow/example_dags/example_python_operator.py
[2025-05-04T03:59:16.584-0300] {processor.py:830} INFO - Processing file /home/facuvega/Descargas/crypto-etl-airflow/airflow-apache/lib/python3.11/site-packages/airflow/example_dags/example_python_operator.py for tasks to queue
[2025-05-04T03:59:16.585-0300] {logging_mixin.py:188} INFO - [2025-05-04T03:59:16.585-0300] {dagbag.py:540} INFO - Filling up the DagBag from /home/facuvega/Descargas/crypto-etl-airflow/airflow-apache/lib/python3.11/site-packages/airflow/example_dags/example_python_operator.py
[2025-05-04T03:59:16.597-0300] {processor.py:840} INFO - DAG(s) 'example_python_operator' retrieved from /home/facuvega/Descargas/crypto-etl-airflow/airflow-apache/lib/python3.11/site-packages/airflow/example_dags/example_python_operator.py
[2025-05-04T03:59:16.612-0300] {logging_mixin.py:188} INFO - [2025-05-04T03:59:16.611-0300] {dag.py:3096} INFO - Sync 1 DAGs
[2025-05-04T03:59:16.621-0300] {logging_mixin.py:188} INFO - [2025-05-04T03:59:16.621-0300] {dag.py:3954} INFO - Setting next_dagrun for example_python_operator to None, run_after=None
[2025-05-04T03:59:16.639-0300] {processor.py:183} INFO - Processing /home/facuvega/Descargas/crypto-etl-airflow/airflow-apache/lib/python3.11/site-packages/airflow/example_dags/example_python_operator.py took 0.062 seconds
[2025-05-04T04:00:26.475-0300] {processor.py:161} INFO - Started process (PID=23736) to work on /home/facuvega/Descargas/crypto-etl-airflow/airflow-apache/lib/python3.11/site-packages/airflow/example_dags/example_python_operator.py
[2025-05-04T04:00:26.476-0300] {processor.py:830} INFO - Processing file /home/facuvega/Descargas/crypto-etl-airflow/airflow-apache/lib/python3.11/site-packages/airflow/example_dags/example_python_operator.py for tasks to queue
[2025-05-04T04:00:26.480-0300] {logging_mixin.py:188} INFO - [2025-05-04T04:00:26.479-0300] {dagbag.py:540} INFO - Filling up the DagBag from /home/facuvega/Descargas/crypto-etl-airflow/airflow-apache/lib/python3.11/site-packages/airflow/example_dags/example_python_operator.py
[2025-05-04T04:00:26.495-0300] {processor.py:840} INFO - DAG(s) 'example_python_operator' retrieved from /home/facuvega/Descargas/crypto-etl-airflow/airflow-apache/lib/python3.11/site-packages/airflow/example_dags/example_python_operator.py
[2025-05-04T04:00:26.517-0300] {logging_mixin.py:188} INFO - [2025-05-04T04:00:26.517-0300] {dag.py:3096} INFO - Sync 1 DAGs
[2025-05-04T04:00:26.530-0300] {logging_mixin.py:188} INFO - [2025-05-04T04:00:26.529-0300] {dag.py:3954} INFO - Setting next_dagrun for example_python_operator to None, run_after=None
[2025-05-04T04:00:26.549-0300] {processor.py:183} INFO - Processing /home/facuvega/Descargas/crypto-etl-airflow/airflow-apache/lib/python3.11/site-packages/airflow/example_dags/example_python_operator.py took 0.081 seconds
[2025-05-04T04:01:22.775-0300] {processor.py:161} INFO - Started process (PID=24028) to work on /home/facuvega/Descargas/crypto-etl-airflow/airflow-apache/lib/python3.11/site-packages/airflow/example_dags/example_python_operator.py
[2025-05-04T04:01:22.778-0300] {processor.py:830} INFO - Processing file /home/facuvega/Descargas/crypto-etl-airflow/airflow-apache/lib/python3.11/site-packages/airflow/example_dags/example_python_operator.py for tasks to queue
[2025-05-04T04:01:22.782-0300] {logging_mixin.py:188} INFO - [2025-05-04T04:01:22.782-0300] {dagbag.py:540} INFO - Filling up the DagBag from /home/facuvega/Descargas/crypto-etl-airflow/airflow-apache/lib/python3.11/site-packages/airflow/example_dags/example_python_operator.py
[2025-05-04T04:01:22.802-0300] {processor.py:840} INFO - DAG(s) 'example_python_operator' retrieved from /home/facuvega/Descargas/crypto-etl-airflow/airflow-apache/lib/python3.11/site-packages/airflow/example_dags/example_python_operator.py
[2025-05-04T04:01:22.829-0300] {logging_mixin.py:188} INFO - [2025-05-04T04:01:22.829-0300] {dag.py:3096} INFO - Sync 1 DAGs
[2025-05-04T04:01:22.843-0300] {logging_mixin.py:188} INFO - [2025-05-04T04:01:22.843-0300] {dag.py:3954} INFO - Setting next_dagrun for example_python_operator to None, run_after=None
[2025-05-04T04:01:22.861-0300] {processor.py:183} INFO - Processing /home/facuvega/Descargas/crypto-etl-airflow/airflow-apache/lib/python3.11/site-packages/airflow/example_dags/example_python_operator.py took 0.096 seconds
[2025-05-04T04:03:27.921-0300] {processor.py:161} INFO - Started process (PID=25012) to work on /home/facuvega/Descargas/crypto-etl-airflow/airflow-apache/lib/python3.11/site-packages/airflow/example_dags/example_python_operator.py
[2025-05-04T04:03:27.922-0300] {processor.py:830} INFO - Processing file /home/facuvega/Descargas/crypto-etl-airflow/airflow-apache/lib/python3.11/site-packages/airflow/example_dags/example_python_operator.py for tasks to queue
[2025-05-04T04:03:27.923-0300] {logging_mixin.py:188} INFO - [2025-05-04T04:03:27.923-0300] {dagbag.py:540} INFO - Filling up the DagBag from /home/facuvega/Descargas/crypto-etl-airflow/airflow-apache/lib/python3.11/site-packages/airflow/example_dags/example_python_operator.py
[2025-05-04T04:03:27.932-0300] {processor.py:840} INFO - DAG(s) 'example_python_operator' retrieved from /home/facuvega/Descargas/crypto-etl-airflow/airflow-apache/lib/python3.11/site-packages/airflow/example_dags/example_python_operator.py
[2025-05-04T04:03:27.999-0300] {logging_mixin.py:188} INFO - [2025-05-04T04:03:27.999-0300] {dag.py:3096} INFO - Sync 1 DAGs
[2025-05-04T04:03:28.006-0300] {logging_mixin.py:188} INFO - [2025-05-04T04:03:28.006-0300] {dag.py:3954} INFO - Setting next_dagrun for example_python_operator to None, run_after=None
[2025-05-04T04:03:28.022-0300] {processor.py:183} INFO - Processing /home/facuvega/Descargas/crypto-etl-airflow/airflow-apache/lib/python3.11/site-packages/airflow/example_dags/example_python_operator.py took 0.106 seconds
[2025-05-04T04:04:21.098-0300] {processor.py:161} INFO - Started process (PID=25370) to work on /home/facuvega/Descargas/crypto-etl-airflow/airflow-apache/lib/python3.11/site-packages/airflow/example_dags/example_python_operator.py
[2025-05-04T04:04:21.099-0300] {processor.py:830} INFO - Processing file /home/facuvega/Descargas/crypto-etl-airflow/airflow-apache/lib/python3.11/site-packages/airflow/example_dags/example_python_operator.py for tasks to queue
[2025-05-04T04:04:21.109-0300] {logging_mixin.py:188} INFO - [2025-05-04T04:04:21.109-0300] {dagbag.py:540} INFO - Filling up the DagBag from /home/facuvega/Descargas/crypto-etl-airflow/airflow-apache/lib/python3.11/site-packages/airflow/example_dags/example_python_operator.py
[2025-05-04T04:04:21.153-0300] {processor.py:840} INFO - DAG(s) 'example_python_operator' retrieved from /home/facuvega/Descargas/crypto-etl-airflow/airflow-apache/lib/python3.11/site-packages/airflow/example_dags/example_python_operator.py
[2025-05-04T04:04:21.416-0300] {logging_mixin.py:188} INFO - [2025-05-04T04:04:21.416-0300] {dag.py:3096} INFO - Sync 1 DAGs
[2025-05-04T04:04:21.484-0300] {logging_mixin.py:188} INFO - [2025-05-04T04:04:21.483-0300] {dag.py:3954} INFO - Setting next_dagrun for example_python_operator to None, run_after=None
[2025-05-04T04:04:21.538-0300] {processor.py:183} INFO - Processing /home/facuvega/Descargas/crypto-etl-airflow/airflow-apache/lib/python3.11/site-packages/airflow/example_dags/example_python_operator.py took 0.454 seconds
[2025-05-04T04:05:29.467-0300] {processor.py:161} INFO - Started process (PID=26329) to work on /home/facuvega/Descargas/crypto-etl-airflow/airflow-apache/lib/python3.11/site-packages/airflow/example_dags/example_python_operator.py
[2025-05-04T04:05:29.468-0300] {processor.py:830} INFO - Processing file /home/facuvega/Descargas/crypto-etl-airflow/airflow-apache/lib/python3.11/site-packages/airflow/example_dags/example_python_operator.py for tasks to queue
[2025-05-04T04:05:29.470-0300] {logging_mixin.py:188} INFO - [2025-05-04T04:05:29.469-0300] {dagbag.py:540} INFO - Filling up the DagBag from /home/facuvega/Descargas/crypto-etl-airflow/airflow-apache/lib/python3.11/site-packages/airflow/example_dags/example_python_operator.py
[2025-05-04T04:05:29.479-0300] {processor.py:840} INFO - DAG(s) 'example_python_operator' retrieved from /home/facuvega/Descargas/crypto-etl-airflow/airflow-apache/lib/python3.11/site-packages/airflow/example_dags/example_python_operator.py
[2025-05-04T04:05:29.494-0300] {logging_mixin.py:188} INFO - [2025-05-04T04:05:29.494-0300] {dag.py:3096} INFO - Sync 1 DAGs
[2025-05-04T04:05:29.503-0300] {logging_mixin.py:188} INFO - [2025-05-04T04:05:29.503-0300] {dag.py:3954} INFO - Setting next_dagrun for example_python_operator to None, run_after=None
[2025-05-04T04:05:29.516-0300] {processor.py:183} INFO - Processing /home/facuvega/Descargas/crypto-etl-airflow/airflow-apache/lib/python3.11/site-packages/airflow/example_dags/example_python_operator.py took 0.054 seconds
[2025-05-04T04:06:19.850-0300] {processor.py:161} INFO - Started process (PID=26629) to work on /home/facuvega/Descargas/crypto-etl-airflow/airflow-apache/lib/python3.11/site-packages/airflow/example_dags/example_python_operator.py
[2025-05-04T04:06:19.851-0300] {processor.py:830} INFO - Processing file /home/facuvega/Descargas/crypto-etl-airflow/airflow-apache/lib/python3.11/site-packages/airflow/example_dags/example_python_operator.py for tasks to queue
[2025-05-04T04:06:19.854-0300] {logging_mixin.py:188} INFO - [2025-05-04T04:06:19.854-0300] {dagbag.py:540} INFO - Filling up the DagBag from /home/facuvega/Descargas/crypto-etl-airflow/airflow-apache/lib/python3.11/site-packages/airflow/example_dags/example_python_operator.py
[2025-05-04T04:06:19.864-0300] {processor.py:840} INFO - DAG(s) 'example_python_operator' retrieved from /home/facuvega/Descargas/crypto-etl-airflow/airflow-apache/lib/python3.11/site-packages/airflow/example_dags/example_python_operator.py
[2025-05-04T04:06:19.880-0300] {logging_mixin.py:188} INFO - [2025-05-04T04:06:19.880-0300] {dag.py:3096} INFO - Sync 1 DAGs
[2025-05-04T04:06:19.890-0300] {logging_mixin.py:188} INFO - [2025-05-04T04:06:19.889-0300] {dag.py:3954} INFO - Setting next_dagrun for example_python_operator to None, run_after=None
[2025-05-04T04:06:19.903-0300] {processor.py:183} INFO - Processing /home/facuvega/Descargas/crypto-etl-airflow/airflow-apache/lib/python3.11/site-packages/airflow/example_dags/example_python_operator.py took 0.059 seconds
[2025-05-04T04:07:07.232-0300] {processor.py:161} INFO - Started process (PID=26844) to work on /home/facuvega/Descargas/crypto-etl-airflow/airflow-apache/lib/python3.11/site-packages/airflow/example_dags/example_python_operator.py
[2025-05-04T04:07:07.234-0300] {processor.py:830} INFO - Processing file /home/facuvega/Descargas/crypto-etl-airflow/airflow-apache/lib/python3.11/site-packages/airflow/example_dags/example_python_operator.py for tasks to queue
[2025-05-04T04:07:07.235-0300] {logging_mixin.py:188} INFO - [2025-05-04T04:07:07.235-0300] {dagbag.py:540} INFO - Filling up the DagBag from /home/facuvega/Descargas/crypto-etl-airflow/airflow-apache/lib/python3.11/site-packages/airflow/example_dags/example_python_operator.py
[2025-05-04T04:07:07.245-0300] {processor.py:840} INFO - DAG(s) 'example_python_operator' retrieved from /home/facuvega/Descargas/crypto-etl-airflow/airflow-apache/lib/python3.11/site-packages/airflow/example_dags/example_python_operator.py
[2025-05-04T04:07:07.259-0300] {logging_mixin.py:188} INFO - [2025-05-04T04:07:07.259-0300] {dag.py:3096} INFO - Sync 1 DAGs
[2025-05-04T04:07:07.268-0300] {logging_mixin.py:188} INFO - [2025-05-04T04:07:07.268-0300] {dag.py:3954} INFO - Setting next_dagrun for example_python_operator to None, run_after=None
[2025-05-04T04:07:07.282-0300] {processor.py:183} INFO - Processing /home/facuvega/Descargas/crypto-etl-airflow/airflow-apache/lib/python3.11/site-packages/airflow/example_dags/example_python_operator.py took 0.055 seconds
[2025-05-04T04:07:52.404-0300] {processor.py:161} INFO - Started process (PID=27090) to work on /home/facuvega/Descargas/crypto-etl-airflow/airflow-apache/lib/python3.11/site-packages/airflow/example_dags/example_python_operator.py
[2025-05-04T04:07:52.405-0300] {processor.py:830} INFO - Processing file /home/facuvega/Descargas/crypto-etl-airflow/airflow-apache/lib/python3.11/site-packages/airflow/example_dags/example_python_operator.py for tasks to queue
[2025-05-04T04:07:52.406-0300] {logging_mixin.py:188} INFO - [2025-05-04T04:07:52.406-0300] {dagbag.py:540} INFO - Filling up the DagBag from /home/facuvega/Descargas/crypto-etl-airflow/airflow-apache/lib/python3.11/site-packages/airflow/example_dags/example_python_operator.py
[2025-05-04T04:07:52.416-0300] {processor.py:840} INFO - DAG(s) 'example_python_operator' retrieved from /home/facuvega/Descargas/crypto-etl-airflow/airflow-apache/lib/python3.11/site-packages/airflow/example_dags/example_python_operator.py
[2025-05-04T04:07:52.430-0300] {logging_mixin.py:188} INFO - [2025-05-04T04:07:52.430-0300] {dag.py:3096} INFO - Sync 1 DAGs
[2025-05-04T04:07:52.439-0300] {logging_mixin.py:188} INFO - [2025-05-04T04:07:52.439-0300] {dag.py:3954} INFO - Setting next_dagrun for example_python_operator to None, run_after=None
[2025-05-04T04:07:52.452-0300] {processor.py:183} INFO - Processing /home/facuvega/Descargas/crypto-etl-airflow/airflow-apache/lib/python3.11/site-packages/airflow/example_dags/example_python_operator.py took 0.054 seconds
[2025-05-04T04:10:38.818-0300] {processor.py:161} INFO - Started process (PID=28924) to work on /home/facuvega/Descargas/crypto-etl-airflow/airflow-apache/lib/python3.11/site-packages/airflow/example_dags/example_python_operator.py
[2025-05-04T04:10:38.820-0300] {processor.py:830} INFO - Processing file /home/facuvega/Descargas/crypto-etl-airflow/airflow-apache/lib/python3.11/site-packages/airflow/example_dags/example_python_operator.py for tasks to queue
[2025-05-04T04:10:38.823-0300] {logging_mixin.py:188} INFO - [2025-05-04T04:10:38.823-0300] {dagbag.py:540} INFO - Filling up the DagBag from /home/facuvega/Descargas/crypto-etl-airflow/airflow-apache/lib/python3.11/site-packages/airflow/example_dags/example_python_operator.py
[2025-05-04T04:10:38.839-0300] {processor.py:840} INFO - DAG(s) 'example_python_operator' retrieved from /home/facuvega/Descargas/crypto-etl-airflow/airflow-apache/lib/python3.11/site-packages/airflow/example_dags/example_python_operator.py
[2025-05-04T04:10:38.932-0300] {logging_mixin.py:188} INFO - [2025-05-04T04:10:38.931-0300] {dag.py:3096} INFO - Sync 1 DAGs
[2025-05-04T04:10:38.941-0300] {logging_mixin.py:188} INFO - [2025-05-04T04:10:38.941-0300] {dag.py:3954} INFO - Setting next_dagrun for example_python_operator to None, run_after=None
[2025-05-04T04:10:38.962-0300] {processor.py:183} INFO - Processing /home/facuvega/Descargas/crypto-etl-airflow/airflow-apache/lib/python3.11/site-packages/airflow/example_dags/example_python_operator.py took 0.151 seconds
[2025-05-04T04:11:32.540-0300] {processor.py:161} INFO - Started process (PID=29275) to work on /home/facuvega/Descargas/crypto-etl-airflow/airflow-apache/lib/python3.11/site-packages/airflow/example_dags/example_python_operator.py
[2025-05-04T04:11:32.541-0300] {processor.py:830} INFO - Processing file /home/facuvega/Descargas/crypto-etl-airflow/airflow-apache/lib/python3.11/site-packages/airflow/example_dags/example_python_operator.py for tasks to queue
[2025-05-04T04:11:32.543-0300] {logging_mixin.py:188} INFO - [2025-05-04T04:11:32.542-0300] {dagbag.py:540} INFO - Filling up the DagBag from /home/facuvega/Descargas/crypto-etl-airflow/airflow-apache/lib/python3.11/site-packages/airflow/example_dags/example_python_operator.py
[2025-05-04T04:11:32.553-0300] {processor.py:840} INFO - DAG(s) 'example_python_operator' retrieved from /home/facuvega/Descargas/crypto-etl-airflow/airflow-apache/lib/python3.11/site-packages/airflow/example_dags/example_python_operator.py
[2025-05-04T04:11:32.569-0300] {logging_mixin.py:188} INFO - [2025-05-04T04:11:32.569-0300] {dag.py:3096} INFO - Sync 1 DAGs
[2025-05-04T04:11:32.577-0300] {logging_mixin.py:188} INFO - [2025-05-04T04:11:32.577-0300] {dag.py:3954} INFO - Setting next_dagrun for example_python_operator to None, run_after=None
[2025-05-04T04:11:32.591-0300] {processor.py:183} INFO - Processing /home/facuvega/Descargas/crypto-etl-airflow/airflow-apache/lib/python3.11/site-packages/airflow/example_dags/example_python_operator.py took 0.057 seconds
[2025-05-04T04:12:26.659-0300] {processor.py:161} INFO - Started process (PID=29521) to work on /home/facuvega/Descargas/crypto-etl-airflow/airflow-apache/lib/python3.11/site-packages/airflow/example_dags/example_python_operator.py
[2025-05-04T04:12:26.660-0300] {processor.py:830} INFO - Processing file /home/facuvega/Descargas/crypto-etl-airflow/airflow-apache/lib/python3.11/site-packages/airflow/example_dags/example_python_operator.py for tasks to queue
[2025-05-04T04:12:26.662-0300] {logging_mixin.py:188} INFO - [2025-05-04T04:12:26.661-0300] {dagbag.py:540} INFO - Filling up the DagBag from /home/facuvega/Descargas/crypto-etl-airflow/airflow-apache/lib/python3.11/site-packages/airflow/example_dags/example_python_operator.py
[2025-05-04T04:12:26.670-0300] {processor.py:840} INFO - DAG(s) 'example_python_operator' retrieved from /home/facuvega/Descargas/crypto-etl-airflow/airflow-apache/lib/python3.11/site-packages/airflow/example_dags/example_python_operator.py
[2025-05-04T04:12:26.683-0300] {logging_mixin.py:188} INFO - [2025-05-04T04:12:26.683-0300] {dag.py:3096} INFO - Sync 1 DAGs
[2025-05-04T04:12:26.691-0300] {logging_mixin.py:188} INFO - [2025-05-04T04:12:26.691-0300] {dag.py:3954} INFO - Setting next_dagrun for example_python_operator to None, run_after=None
[2025-05-04T04:12:26.703-0300] {processor.py:183} INFO - Processing /home/facuvega/Descargas/crypto-etl-airflow/airflow-apache/lib/python3.11/site-packages/airflow/example_dags/example_python_operator.py took 0.049 seconds
[2025-05-04T04:13:13.643-0300] {processor.py:161} INFO - Started process (PID=29733) to work on /home/facuvega/Descargas/crypto-etl-airflow/airflow-apache/lib/python3.11/site-packages/airflow/example_dags/example_python_operator.py
[2025-05-04T04:13:13.644-0300] {processor.py:830} INFO - Processing file /home/facuvega/Descargas/crypto-etl-airflow/airflow-apache/lib/python3.11/site-packages/airflow/example_dags/example_python_operator.py for tasks to queue
[2025-05-04T04:13:13.646-0300] {logging_mixin.py:188} INFO - [2025-05-04T04:13:13.645-0300] {dagbag.py:540} INFO - Filling up the DagBag from /home/facuvega/Descargas/crypto-etl-airflow/airflow-apache/lib/python3.11/site-packages/airflow/example_dags/example_python_operator.py
[2025-05-04T04:13:13.654-0300] {processor.py:840} INFO - DAG(s) 'example_python_operator' retrieved from /home/facuvega/Descargas/crypto-etl-airflow/airflow-apache/lib/python3.11/site-packages/airflow/example_dags/example_python_operator.py
[2025-05-04T04:13:13.667-0300] {logging_mixin.py:188} INFO - [2025-05-04T04:13:13.667-0300] {dag.py:3096} INFO - Sync 1 DAGs
[2025-05-04T04:13:13.675-0300] {logging_mixin.py:188} INFO - [2025-05-04T04:13:13.675-0300] {dag.py:3954} INFO - Setting next_dagrun for example_python_operator to None, run_after=None
[2025-05-04T04:13:13.687-0300] {processor.py:183} INFO - Processing /home/facuvega/Descargas/crypto-etl-airflow/airflow-apache/lib/python3.11/site-packages/airflow/example_dags/example_python_operator.py took 0.049 seconds
[2025-05-04T04:14:00.131-0300] {processor.py:161} INFO - Started process (PID=29942) to work on /home/facuvega/Descargas/crypto-etl-airflow/airflow-apache/lib/python3.11/site-packages/airflow/example_dags/example_python_operator.py
[2025-05-04T04:14:00.132-0300] {processor.py:830} INFO - Processing file /home/facuvega/Descargas/crypto-etl-airflow/airflow-apache/lib/python3.11/site-packages/airflow/example_dags/example_python_operator.py for tasks to queue
[2025-05-04T04:14:00.133-0300] {logging_mixin.py:188} INFO - [2025-05-04T04:14:00.133-0300] {dagbag.py:540} INFO - Filling up the DagBag from /home/facuvega/Descargas/crypto-etl-airflow/airflow-apache/lib/python3.11/site-packages/airflow/example_dags/example_python_operator.py
[2025-05-04T04:14:00.142-0300] {processor.py:840} INFO - DAG(s) 'example_python_operator' retrieved from /home/facuvega/Descargas/crypto-etl-airflow/airflow-apache/lib/python3.11/site-packages/airflow/example_dags/example_python_operator.py
[2025-05-04T04:14:00.155-0300] {logging_mixin.py:188} INFO - [2025-05-04T04:14:00.155-0300] {dag.py:3096} INFO - Sync 1 DAGs
[2025-05-04T04:14:00.163-0300] {logging_mixin.py:188} INFO - [2025-05-04T04:14:00.162-0300] {dag.py:3954} INFO - Setting next_dagrun for example_python_operator to None, run_after=None
[2025-05-04T04:14:00.177-0300] {processor.py:183} INFO - Processing /home/facuvega/Descargas/crypto-etl-airflow/airflow-apache/lib/python3.11/site-packages/airflow/example_dags/example_python_operator.py took 0.051 seconds
[2025-05-04T04:14:59.876-0300] {processor.py:161} INFO - Started process (PID=30241) to work on /home/facuvega/Descargas/crypto-etl-airflow/airflow-apache/lib/python3.11/site-packages/airflow/example_dags/example_python_operator.py
[2025-05-04T04:14:59.877-0300] {processor.py:830} INFO - Processing file /home/facuvega/Descargas/crypto-etl-airflow/airflow-apache/lib/python3.11/site-packages/airflow/example_dags/example_python_operator.py for tasks to queue
[2025-05-04T04:14:59.879-0300] {logging_mixin.py:188} INFO - [2025-05-04T04:14:59.879-0300] {dagbag.py:540} INFO - Filling up the DagBag from /home/facuvega/Descargas/crypto-etl-airflow/airflow-apache/lib/python3.11/site-packages/airflow/example_dags/example_python_operator.py
[2025-05-04T04:14:59.891-0300] {processor.py:840} INFO - DAG(s) 'example_python_operator' retrieved from /home/facuvega/Descargas/crypto-etl-airflow/airflow-apache/lib/python3.11/site-packages/airflow/example_dags/example_python_operator.py
[2025-05-04T04:14:59.910-0300] {logging_mixin.py:188} INFO - [2025-05-04T04:14:59.909-0300] {dag.py:3096} INFO - Sync 1 DAGs
[2025-05-04T04:14:59.923-0300] {logging_mixin.py:188} INFO - [2025-05-04T04:14:59.923-0300] {dag.py:3954} INFO - Setting next_dagrun for example_python_operator to None, run_after=None
[2025-05-04T04:14:59.945-0300] {processor.py:183} INFO - Processing /home/facuvega/Descargas/crypto-etl-airflow/airflow-apache/lib/python3.11/site-packages/airflow/example_dags/example_python_operator.py took 0.076 seconds
[2025-05-04T04:15:48.294-0300] {processor.py:161} INFO - Started process (PID=30546) to work on /home/facuvega/Descargas/crypto-etl-airflow/airflow-apache/lib/python3.11/site-packages/airflow/example_dags/example_python_operator.py
[2025-05-04T04:15:48.295-0300] {processor.py:830} INFO - Processing file /home/facuvega/Descargas/crypto-etl-airflow/airflow-apache/lib/python3.11/site-packages/airflow/example_dags/example_python_operator.py for tasks to queue
[2025-05-04T04:15:48.297-0300] {logging_mixin.py:188} INFO - [2025-05-04T04:15:48.296-0300] {dagbag.py:540} INFO - Filling up the DagBag from /home/facuvega/Descargas/crypto-etl-airflow/airflow-apache/lib/python3.11/site-packages/airflow/example_dags/example_python_operator.py
[2025-05-04T04:15:48.306-0300] {processor.py:840} INFO - DAG(s) 'example_python_operator' retrieved from /home/facuvega/Descargas/crypto-etl-airflow/airflow-apache/lib/python3.11/site-packages/airflow/example_dags/example_python_operator.py
[2025-05-04T04:15:48.321-0300] {logging_mixin.py:188} INFO - [2025-05-04T04:15:48.321-0300] {dag.py:3096} INFO - Sync 1 DAGs
[2025-05-04T04:15:48.331-0300] {logging_mixin.py:188} INFO - [2025-05-04T04:15:48.330-0300] {dag.py:3954} INFO - Setting next_dagrun for example_python_operator to None, run_after=None
[2025-05-04T04:15:48.345-0300] {processor.py:183} INFO - Processing /home/facuvega/Descargas/crypto-etl-airflow/airflow-apache/lib/python3.11/site-packages/airflow/example_dags/example_python_operator.py took 0.057 seconds
[2025-05-04T04:17:21.240-0300] {processor.py:161} INFO - Started process (PID=31318) to work on /home/facuvega/Descargas/crypto-etl-airflow/airflow-apache/lib/python3.11/site-packages/airflow/example_dags/example_python_operator.py
[2025-05-04T04:17:21.242-0300] {processor.py:830} INFO - Processing file /home/facuvega/Descargas/crypto-etl-airflow/airflow-apache/lib/python3.11/site-packages/airflow/example_dags/example_python_operator.py for tasks to queue
[2025-05-04T04:17:21.244-0300] {logging_mixin.py:188} INFO - [2025-05-04T04:17:21.243-0300] {dagbag.py:540} INFO - Filling up the DagBag from /home/facuvega/Descargas/crypto-etl-airflow/airflow-apache/lib/python3.11/site-packages/airflow/example_dags/example_python_operator.py
[2025-05-04T04:17:21.256-0300] {processor.py:840} INFO - DAG(s) 'example_python_operator' retrieved from /home/facuvega/Descargas/crypto-etl-airflow/airflow-apache/lib/python3.11/site-packages/airflow/example_dags/example_python_operator.py
[2025-05-04T04:17:21.379-0300] {logging_mixin.py:188} INFO - [2025-05-04T04:17:21.378-0300] {dag.py:3096} INFO - Sync 1 DAGs
[2025-05-04T04:17:21.389-0300] {logging_mixin.py:188} INFO - [2025-05-04T04:17:21.388-0300] {dag.py:3954} INFO - Setting next_dagrun for example_python_operator to None, run_after=None
[2025-05-04T04:17:21.405-0300] {processor.py:183} INFO - Processing /home/facuvega/Descargas/crypto-etl-airflow/airflow-apache/lib/python3.11/site-packages/airflow/example_dags/example_python_operator.py took 0.171 seconds
[2025-05-04T04:18:50.754-0300] {processor.py:161} INFO - Started process (PID=32231) to work on /home/facuvega/Descargas/crypto-etl-airflow/airflow-apache/lib/python3.11/site-packages/airflow/example_dags/example_python_operator.py
[2025-05-04T04:18:50.756-0300] {processor.py:830} INFO - Processing file /home/facuvega/Descargas/crypto-etl-airflow/airflow-apache/lib/python3.11/site-packages/airflow/example_dags/example_python_operator.py for tasks to queue
[2025-05-04T04:18:50.761-0300] {logging_mixin.py:188} INFO - [2025-05-04T04:18:50.761-0300] {dagbag.py:540} INFO - Filling up the DagBag from /home/facuvega/Descargas/crypto-etl-airflow/airflow-apache/lib/python3.11/site-packages/airflow/example_dags/example_python_operator.py
[2025-05-04T04:18:50.781-0300] {processor.py:840} INFO - DAG(s) 'example_python_operator' retrieved from /home/facuvega/Descargas/crypto-etl-airflow/airflow-apache/lib/python3.11/site-packages/airflow/example_dags/example_python_operator.py
[2025-05-04T04:18:50.811-0300] {logging_mixin.py:188} INFO - [2025-05-04T04:18:50.810-0300] {dag.py:3096} INFO - Sync 1 DAGs
[2025-05-04T04:18:50.828-0300] {logging_mixin.py:188} INFO - [2025-05-04T04:18:50.828-0300] {dag.py:3954} INFO - Setting next_dagrun for example_python_operator to None, run_after=None
[2025-05-04T04:18:50.865-0300] {processor.py:183} INFO - Processing /home/facuvega/Descargas/crypto-etl-airflow/airflow-apache/lib/python3.11/site-packages/airflow/example_dags/example_python_operator.py took 0.119 seconds
[2025-05-04T04:19:53.206-0300] {processor.py:161} INFO - Started process (PID=32882) to work on /home/facuvega/Descargas/crypto-etl-airflow/airflow-apache/lib/python3.11/site-packages/airflow/example_dags/example_python_operator.py
[2025-05-04T04:19:53.207-0300] {processor.py:830} INFO - Processing file /home/facuvega/Descargas/crypto-etl-airflow/airflow-apache/lib/python3.11/site-packages/airflow/example_dags/example_python_operator.py for tasks to queue
[2025-05-04T04:19:53.209-0300] {logging_mixin.py:188} INFO - [2025-05-04T04:19:53.209-0300] {dagbag.py:540} INFO - Filling up the DagBag from /home/facuvega/Descargas/crypto-etl-airflow/airflow-apache/lib/python3.11/site-packages/airflow/example_dags/example_python_operator.py
[2025-05-04T04:19:53.219-0300] {processor.py:840} INFO - DAG(s) 'example_python_operator' retrieved from /home/facuvega/Descargas/crypto-etl-airflow/airflow-apache/lib/python3.11/site-packages/airflow/example_dags/example_python_operator.py
[2025-05-04T04:19:53.234-0300] {logging_mixin.py:188} INFO - [2025-05-04T04:19:53.234-0300] {dag.py:3096} INFO - Sync 1 DAGs
[2025-05-04T04:19:53.246-0300] {logging_mixin.py:188} INFO - [2025-05-04T04:19:53.246-0300] {dag.py:3954} INFO - Setting next_dagrun for example_python_operator to None, run_after=None
[2025-05-04T04:19:53.261-0300] {processor.py:183} INFO - Processing /home/facuvega/Descargas/crypto-etl-airflow/airflow-apache/lib/python3.11/site-packages/airflow/example_dags/example_python_operator.py took 0.061 seconds
[2025-05-04T04:20:45.430-0300] {processor.py:161} INFO - Started process (PID=33116) to work on /home/facuvega/Descargas/crypto-etl-airflow/airflow-apache/lib/python3.11/site-packages/airflow/example_dags/example_python_operator.py
[2025-05-04T04:20:45.431-0300] {processor.py:830} INFO - Processing file /home/facuvega/Descargas/crypto-etl-airflow/airflow-apache/lib/python3.11/site-packages/airflow/example_dags/example_python_operator.py for tasks to queue
[2025-05-04T04:20:45.434-0300] {logging_mixin.py:188} INFO - [2025-05-04T04:20:45.433-0300] {dagbag.py:540} INFO - Filling up the DagBag from /home/facuvega/Descargas/crypto-etl-airflow/airflow-apache/lib/python3.11/site-packages/airflow/example_dags/example_python_operator.py
[2025-05-04T04:20:45.448-0300] {processor.py:840} INFO - DAG(s) 'example_python_operator' retrieved from /home/facuvega/Descargas/crypto-etl-airflow/airflow-apache/lib/python3.11/site-packages/airflow/example_dags/example_python_operator.py
[2025-05-04T04:20:45.467-0300] {logging_mixin.py:188} INFO - [2025-05-04T04:20:45.467-0300] {dag.py:3096} INFO - Sync 1 DAGs
[2025-05-04T04:20:45.478-0300] {logging_mixin.py:188} INFO - [2025-05-04T04:20:45.478-0300] {dag.py:3954} INFO - Setting next_dagrun for example_python_operator to None, run_after=None
[2025-05-04T04:20:45.496-0300] {processor.py:183} INFO - Processing /home/facuvega/Descargas/crypto-etl-airflow/airflow-apache/lib/python3.11/site-packages/airflow/example_dags/example_python_operator.py took 0.074 seconds
[2025-05-04T04:21:35.052-0300] {processor.py:161} INFO - Started process (PID=33344) to work on /home/facuvega/Descargas/crypto-etl-airflow/airflow-apache/lib/python3.11/site-packages/airflow/example_dags/example_python_operator.py
[2025-05-04T04:21:35.053-0300] {processor.py:830} INFO - Processing file /home/facuvega/Descargas/crypto-etl-airflow/airflow-apache/lib/python3.11/site-packages/airflow/example_dags/example_python_operator.py for tasks to queue
[2025-05-04T04:21:35.055-0300] {logging_mixin.py:188} INFO - [2025-05-04T04:21:35.054-0300] {dagbag.py:540} INFO - Filling up the DagBag from /home/facuvega/Descargas/crypto-etl-airflow/airflow-apache/lib/python3.11/site-packages/airflow/example_dags/example_python_operator.py
[2025-05-04T04:21:35.066-0300] {processor.py:840} INFO - DAG(s) 'example_python_operator' retrieved from /home/facuvega/Descargas/crypto-etl-airflow/airflow-apache/lib/python3.11/site-packages/airflow/example_dags/example_python_operator.py
[2025-05-04T04:21:35.081-0300] {logging_mixin.py:188} INFO - [2025-05-04T04:21:35.081-0300] {dag.py:3096} INFO - Sync 1 DAGs
[2025-05-04T04:21:35.091-0300] {logging_mixin.py:188} INFO - [2025-05-04T04:21:35.091-0300] {dag.py:3954} INFO - Setting next_dagrun for example_python_operator to None, run_after=None
[2025-05-04T04:21:35.105-0300] {processor.py:183} INFO - Processing /home/facuvega/Descargas/crypto-etl-airflow/airflow-apache/lib/python3.11/site-packages/airflow/example_dags/example_python_operator.py took 0.059 seconds
[2025-05-04T04:22:29.461-0300] {processor.py:161} INFO - Started process (PID=34052) to work on /home/facuvega/Descargas/crypto-etl-airflow/airflow-apache/lib/python3.11/site-packages/airflow/example_dags/example_python_operator.py
[2025-05-04T04:22:29.462-0300] {processor.py:830} INFO - Processing file /home/facuvega/Descargas/crypto-etl-airflow/airflow-apache/lib/python3.11/site-packages/airflow/example_dags/example_python_operator.py for tasks to queue
[2025-05-04T04:22:29.464-0300] {logging_mixin.py:188} INFO - [2025-05-04T04:22:29.464-0300] {dagbag.py:540} INFO - Filling up the DagBag from /home/facuvega/Descargas/crypto-etl-airflow/airflow-apache/lib/python3.11/site-packages/airflow/example_dags/example_python_operator.py
[2025-05-04T04:22:29.472-0300] {processor.py:840} INFO - DAG(s) 'example_python_operator' retrieved from /home/facuvega/Descargas/crypto-etl-airflow/airflow-apache/lib/python3.11/site-packages/airflow/example_dags/example_python_operator.py
[2025-05-04T04:22:29.542-0300] {logging_mixin.py:188} INFO - [2025-05-04T04:22:29.541-0300] {dag.py:3096} INFO - Sync 1 DAGs
[2025-05-04T04:22:29.548-0300] {logging_mixin.py:188} INFO - [2025-05-04T04:22:29.548-0300] {dag.py:3954} INFO - Setting next_dagrun for example_python_operator to None, run_after=None
[2025-05-04T04:22:29.562-0300] {processor.py:183} INFO - Processing /home/facuvega/Descargas/crypto-etl-airflow/airflow-apache/lib/python3.11/site-packages/airflow/example_dags/example_python_operator.py took 0.105 seconds
[2025-05-04T04:24:06.831-0300] {processor.py:161} INFO - Started process (PID=35218) to work on /home/facuvega/Descargas/crypto-etl-airflow/airflow-apache/lib/python3.11/site-packages/airflow/example_dags/example_python_operator.py
[2025-05-04T04:24:06.832-0300] {processor.py:830} INFO - Processing file /home/facuvega/Descargas/crypto-etl-airflow/airflow-apache/lib/python3.11/site-packages/airflow/example_dags/example_python_operator.py for tasks to queue
[2025-05-04T04:24:06.834-0300] {logging_mixin.py:188} INFO - [2025-05-04T04:24:06.834-0300] {dagbag.py:540} INFO - Filling up the DagBag from /home/facuvega/Descargas/crypto-etl-airflow/airflow-apache/lib/python3.11/site-packages/airflow/example_dags/example_python_operator.py
[2025-05-04T04:24:06.844-0300] {processor.py:840} INFO - DAG(s) 'example_python_operator' retrieved from /home/facuvega/Descargas/crypto-etl-airflow/airflow-apache/lib/python3.11/site-packages/airflow/example_dags/example_python_operator.py
[2025-05-04T04:24:06.860-0300] {logging_mixin.py:188} INFO - [2025-05-04T04:24:06.860-0300] {dag.py:3096} INFO - Sync 1 DAGs
[2025-05-04T04:24:06.869-0300] {logging_mixin.py:188} INFO - [2025-05-04T04:24:06.869-0300] {dag.py:3954} INFO - Setting next_dagrun for example_python_operator to None, run_after=None
[2025-05-04T04:24:06.883-0300] {processor.py:183} INFO - Processing /home/facuvega/Descargas/crypto-etl-airflow/airflow-apache/lib/python3.11/site-packages/airflow/example_dags/example_python_operator.py took 0.058 seconds
