[2025-05-04T03:51:04.544-0300] {processor.py:161} INFO - Started process (PID=19724) to work on /home/facuvega/Descargas/crypto-etl-airflow/airflow-apache/lib/python3.11/site-packages/airflow/example_dags/example_dynamic_task_mapping.py
[2025-05-04T03:51:04.545-0300] {processor.py:830} INFO - Processing file /home/facuvega/Descargas/crypto-etl-airflow/airflow-apache/lib/python3.11/site-packages/airflow/example_dags/example_dynamic_task_mapping.py for tasks to queue
[2025-05-04T03:51:04.546-0300] {logging_mixin.py:188} INFO - [2025-05-04T03:51:04.546-0300] {dagbag.py:540} INFO - Filling up the DagBag from /home/facuvega/Descargas/crypto-etl-airflow/airflow-apache/lib/python3.11/site-packages/airflow/example_dags/example_dynamic_task_mapping.py
[2025-05-04T03:51:04.552-0300] {processor.py:840} INFO - DAG(s) 'example_dynamic_task_mapping' retrieved from /home/facuvega/Descargas/crypto-etl-airflow/airflow-apache/lib/python3.11/site-packages/airflow/example_dags/example_dynamic_task_mapping.py
[2025-05-04T03:51:04.565-0300] {logging_mixin.py:188} INFO - [2025-05-04T03:51:04.565-0300] {dag.py:3096} INFO - Sync 1 DAGs
[2025-05-04T03:51:04.578-0300] {logging_mixin.py:188} INFO - [2025-05-04T03:51:04.578-0300] {dag.py:3954} INFO - Setting next_dagrun for example_dynamic_task_mapping to 2022-03-04 00:00:00+00:00, run_after=2022-03-05 00:00:00+00:00
[2025-05-04T03:51:04.590-0300] {processor.py:183} INFO - Processing /home/facuvega/Descargas/crypto-etl-airflow/airflow-apache/lib/python3.11/site-packages/airflow/example_dags/example_dynamic_task_mapping.py took 0.051 seconds
[2025-05-04T03:51:56.213-0300] {processor.py:161} INFO - Started process (PID=19966) to work on /home/facuvega/Descargas/crypto-etl-airflow/airflow-apache/lib/python3.11/site-packages/airflow/example_dags/example_dynamic_task_mapping.py
[2025-05-04T03:51:56.214-0300] {processor.py:830} INFO - Processing file /home/facuvega/Descargas/crypto-etl-airflow/airflow-apache/lib/python3.11/site-packages/airflow/example_dags/example_dynamic_task_mapping.py for tasks to queue
[2025-05-04T03:51:56.215-0300] {logging_mixin.py:188} INFO - [2025-05-04T03:51:56.215-0300] {dagbag.py:540} INFO - Filling up the DagBag from /home/facuvega/Descargas/crypto-etl-airflow/airflow-apache/lib/python3.11/site-packages/airflow/example_dags/example_dynamic_task_mapping.py
[2025-05-04T03:51:56.221-0300] {processor.py:840} INFO - DAG(s) 'example_dynamic_task_mapping' retrieved from /home/facuvega/Descargas/crypto-etl-airflow/airflow-apache/lib/python3.11/site-packages/airflow/example_dags/example_dynamic_task_mapping.py
[2025-05-04T03:51:56.233-0300] {logging_mixin.py:188} INFO - [2025-05-04T03:51:56.233-0300] {dag.py:3096} INFO - Sync 1 DAGs
[2025-05-04T03:51:56.246-0300] {logging_mixin.py:188} INFO - [2025-05-04T03:51:56.246-0300] {dag.py:3954} INFO - Setting next_dagrun for example_dynamic_task_mapping to 2022-03-04 00:00:00+00:00, run_after=2022-03-05 00:00:00+00:00
[2025-05-04T03:51:56.259-0300] {processor.py:183} INFO - Processing /home/facuvega/Descargas/crypto-etl-airflow/airflow-apache/lib/python3.11/site-packages/airflow/example_dags/example_dynamic_task_mapping.py took 0.051 seconds
[2025-05-04T03:52:47.890-0300] {processor.py:161} INFO - Started process (PID=20210) to work on /home/facuvega/Descargas/crypto-etl-airflow/airflow-apache/lib/python3.11/site-packages/airflow/example_dags/example_dynamic_task_mapping.py
[2025-05-04T03:52:47.892-0300] {processor.py:830} INFO - Processing file /home/facuvega/Descargas/crypto-etl-airflow/airflow-apache/lib/python3.11/site-packages/airflow/example_dags/example_dynamic_task_mapping.py for tasks to queue
[2025-05-04T03:52:47.893-0300] {logging_mixin.py:188} INFO - [2025-05-04T03:52:47.893-0300] {dagbag.py:540} INFO - Filling up the DagBag from /home/facuvega/Descargas/crypto-etl-airflow/airflow-apache/lib/python3.11/site-packages/airflow/example_dags/example_dynamic_task_mapping.py
[2025-05-04T03:52:47.899-0300] {processor.py:840} INFO - DAG(s) 'example_dynamic_task_mapping' retrieved from /home/facuvega/Descargas/crypto-etl-airflow/airflow-apache/lib/python3.11/site-packages/airflow/example_dags/example_dynamic_task_mapping.py
[2025-05-04T03:52:47.910-0300] {logging_mixin.py:188} INFO - [2025-05-04T03:52:47.910-0300] {dag.py:3096} INFO - Sync 1 DAGs
[2025-05-04T03:52:47.922-0300] {logging_mixin.py:188} INFO - [2025-05-04T03:52:47.922-0300] {dag.py:3954} INFO - Setting next_dagrun for example_dynamic_task_mapping to 2022-03-04 00:00:00+00:00, run_after=2022-03-05 00:00:00+00:00
[2025-05-04T03:52:47.934-0300] {processor.py:183} INFO - Processing /home/facuvega/Descargas/crypto-etl-airflow/airflow-apache/lib/python3.11/site-packages/airflow/example_dags/example_dynamic_task_mapping.py took 0.048 seconds
[2025-05-04T03:53:58.489-0300] {processor.py:161} INFO - Started process (PID=20866) to work on /home/facuvega/Descargas/crypto-etl-airflow/airflow-apache/lib/python3.11/site-packages/airflow/example_dags/example_dynamic_task_mapping.py
[2025-05-04T03:53:58.490-0300] {processor.py:830} INFO - Processing file /home/facuvega/Descargas/crypto-etl-airflow/airflow-apache/lib/python3.11/site-packages/airflow/example_dags/example_dynamic_task_mapping.py for tasks to queue
[2025-05-04T03:53:58.493-0300] {logging_mixin.py:188} INFO - [2025-05-04T03:53:58.492-0300] {dagbag.py:540} INFO - Filling up the DagBag from /home/facuvega/Descargas/crypto-etl-airflow/airflow-apache/lib/python3.11/site-packages/airflow/example_dags/example_dynamic_task_mapping.py
[2025-05-04T03:53:58.502-0300] {processor.py:840} INFO - DAG(s) 'example_dynamic_task_mapping' retrieved from /home/facuvega/Descargas/crypto-etl-airflow/airflow-apache/lib/python3.11/site-packages/airflow/example_dags/example_dynamic_task_mapping.py
[2025-05-04T03:53:58.524-0300] {logging_mixin.py:188} INFO - [2025-05-04T03:53:58.523-0300] {dag.py:3096} INFO - Sync 1 DAGs
[2025-05-04T03:53:58.543-0300] {logging_mixin.py:188} INFO - [2025-05-04T03:53:58.543-0300] {dag.py:3954} INFO - Setting next_dagrun for example_dynamic_task_mapping to 2022-03-04 00:00:00+00:00, run_after=2022-03-05 00:00:00+00:00
[2025-05-04T03:53:58.563-0300] {processor.py:183} INFO - Processing /home/facuvega/Descargas/crypto-etl-airflow/airflow-apache/lib/python3.11/site-packages/airflow/example_dags/example_dynamic_task_mapping.py took 0.080 seconds
[2025-05-04T03:54:43.707-0300] {processor.py:161} INFO - Started process (PID=21070) to work on /home/facuvega/Descargas/crypto-etl-airflow/airflow-apache/lib/python3.11/site-packages/airflow/example_dags/example_dynamic_task_mapping.py
[2025-05-04T03:54:43.708-0300] {processor.py:830} INFO - Processing file /home/facuvega/Descargas/crypto-etl-airflow/airflow-apache/lib/python3.11/site-packages/airflow/example_dags/example_dynamic_task_mapping.py for tasks to queue
[2025-05-04T03:54:43.709-0300] {logging_mixin.py:188} INFO - [2025-05-04T03:54:43.709-0300] {dagbag.py:540} INFO - Filling up the DagBag from /home/facuvega/Descargas/crypto-etl-airflow/airflow-apache/lib/python3.11/site-packages/airflow/example_dags/example_dynamic_task_mapping.py
[2025-05-04T03:54:43.716-0300] {processor.py:840} INFO - DAG(s) 'example_dynamic_task_mapping' retrieved from /home/facuvega/Descargas/crypto-etl-airflow/airflow-apache/lib/python3.11/site-packages/airflow/example_dags/example_dynamic_task_mapping.py
[2025-05-04T03:54:43.728-0300] {logging_mixin.py:188} INFO - [2025-05-04T03:54:43.728-0300] {dag.py:3096} INFO - Sync 1 DAGs
[2025-05-04T03:54:43.742-0300] {logging_mixin.py:188} INFO - [2025-05-04T03:54:43.741-0300] {dag.py:3954} INFO - Setting next_dagrun for example_dynamic_task_mapping to 2022-03-04 00:00:00+00:00, run_after=2022-03-05 00:00:00+00:00
[2025-05-04T03:54:43.756-0300] {processor.py:183} INFO - Processing /home/facuvega/Descargas/crypto-etl-airflow/airflow-apache/lib/python3.11/site-packages/airflow/example_dags/example_dynamic_task_mapping.py took 0.054 seconds
[2025-05-04T03:55:51.527-0300] {processor.py:161} INFO - Started process (PID=21489) to work on /home/facuvega/Descargas/crypto-etl-airflow/airflow-apache/lib/python3.11/site-packages/airflow/example_dags/example_dynamic_task_mapping.py
[2025-05-04T03:55:51.528-0300] {processor.py:830} INFO - Processing file /home/facuvega/Descargas/crypto-etl-airflow/airflow-apache/lib/python3.11/site-packages/airflow/example_dags/example_dynamic_task_mapping.py for tasks to queue
[2025-05-04T03:55:51.529-0300] {logging_mixin.py:188} INFO - [2025-05-04T03:55:51.529-0300] {dagbag.py:540} INFO - Filling up the DagBag from /home/facuvega/Descargas/crypto-etl-airflow/airflow-apache/lib/python3.11/site-packages/airflow/example_dags/example_dynamic_task_mapping.py
[2025-05-04T03:55:51.536-0300] {processor.py:840} INFO - DAG(s) 'example_dynamic_task_mapping' retrieved from /home/facuvega/Descargas/crypto-etl-airflow/airflow-apache/lib/python3.11/site-packages/airflow/example_dags/example_dynamic_task_mapping.py
[2025-05-04T03:55:51.548-0300] {logging_mixin.py:188} INFO - [2025-05-04T03:55:51.548-0300] {dag.py:3096} INFO - Sync 1 DAGs
[2025-05-04T03:55:51.562-0300] {logging_mixin.py:188} INFO - [2025-05-04T03:55:51.561-0300] {dag.py:3954} INFO - Setting next_dagrun for example_dynamic_task_mapping to 2022-03-04 00:00:00+00:00, run_after=2022-03-05 00:00:00+00:00
[2025-05-04T03:55:51.574-0300] {processor.py:183} INFO - Processing /home/facuvega/Descargas/crypto-etl-airflow/airflow-apache/lib/python3.11/site-packages/airflow/example_dags/example_dynamic_task_mapping.py took 0.052 seconds
[2025-05-04T03:56:51.220-0300] {processor.py:161} INFO - Started process (PID=21759) to work on /home/facuvega/Descargas/crypto-etl-airflow/airflow-apache/lib/python3.11/site-packages/airflow/example_dags/example_dynamic_task_mapping.py
[2025-05-04T03:56:51.221-0300] {processor.py:830} INFO - Processing file /home/facuvega/Descargas/crypto-etl-airflow/airflow-apache/lib/python3.11/site-packages/airflow/example_dags/example_dynamic_task_mapping.py for tasks to queue
[2025-05-04T03:56:51.222-0300] {logging_mixin.py:188} INFO - [2025-05-04T03:56:51.222-0300] {dagbag.py:540} INFO - Filling up the DagBag from /home/facuvega/Descargas/crypto-etl-airflow/airflow-apache/lib/python3.11/site-packages/airflow/example_dags/example_dynamic_task_mapping.py
[2025-05-04T03:56:51.229-0300] {processor.py:840} INFO - DAG(s) 'example_dynamic_task_mapping' retrieved from /home/facuvega/Descargas/crypto-etl-airflow/airflow-apache/lib/python3.11/site-packages/airflow/example_dags/example_dynamic_task_mapping.py
[2025-05-04T03:56:51.242-0300] {logging_mixin.py:188} INFO - [2025-05-04T03:56:51.242-0300] {dag.py:3096} INFO - Sync 1 DAGs
[2025-05-04T03:56:51.256-0300] {logging_mixin.py:188} INFO - [2025-05-04T03:56:51.256-0300] {dag.py:3954} INFO - Setting next_dagrun for example_dynamic_task_mapping to 2022-03-04 00:00:00+00:00, run_after=2022-03-05 00:00:00+00:00
[2025-05-04T03:56:51.268-0300] {processor.py:183} INFO - Processing /home/facuvega/Descargas/crypto-etl-airflow/airflow-apache/lib/python3.11/site-packages/airflow/example_dags/example_dynamic_task_mapping.py took 0.054 seconds
[2025-05-04T03:58:27.914-0300] {processor.py:161} INFO - Started process (PID=22651) to work on /home/facuvega/Descargas/crypto-etl-airflow/airflow-apache/lib/python3.11/site-packages/airflow/example_dags/example_dynamic_task_mapping.py
[2025-05-04T03:58:27.915-0300] {processor.py:830} INFO - Processing file /home/facuvega/Descargas/crypto-etl-airflow/airflow-apache/lib/python3.11/site-packages/airflow/example_dags/example_dynamic_task_mapping.py for tasks to queue
[2025-05-04T03:58:27.916-0300] {logging_mixin.py:188} INFO - [2025-05-04T03:58:27.916-0300] {dagbag.py:540} INFO - Filling up the DagBag from /home/facuvega/Descargas/crypto-etl-airflow/airflow-apache/lib/python3.11/site-packages/airflow/example_dags/example_dynamic_task_mapping.py
[2025-05-04T03:58:27.922-0300] {processor.py:840} INFO - DAG(s) 'example_dynamic_task_mapping' retrieved from /home/facuvega/Descargas/crypto-etl-airflow/airflow-apache/lib/python3.11/site-packages/airflow/example_dags/example_dynamic_task_mapping.py
[2025-05-04T03:58:27.935-0300] {logging_mixin.py:188} INFO - [2025-05-04T03:58:27.935-0300] {dag.py:3096} INFO - Sync 1 DAGs
[2025-05-04T03:58:27.949-0300] {logging_mixin.py:188} INFO - [2025-05-04T03:58:27.948-0300] {dag.py:3954} INFO - Setting next_dagrun for example_dynamic_task_mapping to 2022-03-04 00:00:00+00:00, run_after=2022-03-05 00:00:00+00:00
[2025-05-04T03:58:27.961-0300] {processor.py:183} INFO - Processing /home/facuvega/Descargas/crypto-etl-airflow/airflow-apache/lib/python3.11/site-packages/airflow/example_dags/example_dynamic_task_mapping.py took 0.052 seconds
[2025-05-04T03:59:22.202-0300] {processor.py:161} INFO - Started process (PID=22885) to work on /home/facuvega/Descargas/crypto-etl-airflow/airflow-apache/lib/python3.11/site-packages/airflow/example_dags/example_dynamic_task_mapping.py
[2025-05-04T03:59:22.203-0300] {processor.py:830} INFO - Processing file /home/facuvega/Descargas/crypto-etl-airflow/airflow-apache/lib/python3.11/site-packages/airflow/example_dags/example_dynamic_task_mapping.py for tasks to queue
[2025-05-04T03:59:22.205-0300] {logging_mixin.py:188} INFO - [2025-05-04T03:59:22.205-0300] {dagbag.py:540} INFO - Filling up the DagBag from /home/facuvega/Descargas/crypto-etl-airflow/airflow-apache/lib/python3.11/site-packages/airflow/example_dags/example_dynamic_task_mapping.py
[2025-05-04T03:59:22.211-0300] {processor.py:840} INFO - DAG(s) 'example_dynamic_task_mapping' retrieved from /home/facuvega/Descargas/crypto-etl-airflow/airflow-apache/lib/python3.11/site-packages/airflow/example_dags/example_dynamic_task_mapping.py
[2025-05-04T03:59:22.226-0300] {logging_mixin.py:188} INFO - [2025-05-04T03:59:22.226-0300] {dag.py:3096} INFO - Sync 1 DAGs
[2025-05-04T03:59:22.243-0300] {logging_mixin.py:188} INFO - [2025-05-04T03:59:22.242-0300] {dag.py:3954} INFO - Setting next_dagrun for example_dynamic_task_mapping to 2022-03-04 00:00:00+00:00, run_after=2022-03-05 00:00:00+00:00
[2025-05-04T03:59:22.256-0300] {processor.py:183} INFO - Processing /home/facuvega/Descargas/crypto-etl-airflow/airflow-apache/lib/python3.11/site-packages/airflow/example_dags/example_dynamic_task_mapping.py took 0.059 seconds
[2025-05-04T04:00:32.872-0300] {processor.py:161} INFO - Started process (PID=23809) to work on /home/facuvega/Descargas/crypto-etl-airflow/airflow-apache/lib/python3.11/site-packages/airflow/example_dags/example_dynamic_task_mapping.py
[2025-05-04T04:00:32.873-0300] {processor.py:830} INFO - Processing file /home/facuvega/Descargas/crypto-etl-airflow/airflow-apache/lib/python3.11/site-packages/airflow/example_dags/example_dynamic_task_mapping.py for tasks to queue
[2025-05-04T04:00:32.875-0300] {logging_mixin.py:188} INFO - [2025-05-04T04:00:32.875-0300] {dagbag.py:540} INFO - Filling up the DagBag from /home/facuvega/Descargas/crypto-etl-airflow/airflow-apache/lib/python3.11/site-packages/airflow/example_dags/example_dynamic_task_mapping.py
[2025-05-04T04:00:32.883-0300] {processor.py:840} INFO - DAG(s) 'example_dynamic_task_mapping' retrieved from /home/facuvega/Descargas/crypto-etl-airflow/airflow-apache/lib/python3.11/site-packages/airflow/example_dags/example_dynamic_task_mapping.py
[2025-05-04T04:00:32.900-0300] {logging_mixin.py:188} INFO - [2025-05-04T04:00:32.900-0300] {dag.py:3096} INFO - Sync 1 DAGs
[2025-05-04T04:00:32.921-0300] {logging_mixin.py:188} INFO - [2025-05-04T04:00:32.921-0300] {dag.py:3954} INFO - Setting next_dagrun for example_dynamic_task_mapping to 2022-03-04 00:00:00+00:00, run_after=2022-03-05 00:00:00+00:00
[2025-05-04T04:00:32.948-0300] {processor.py:183} INFO - Processing /home/facuvega/Descargas/crypto-etl-airflow/airflow-apache/lib/python3.11/site-packages/airflow/example_dags/example_dynamic_task_mapping.py took 0.083 seconds
[2025-05-04T04:01:28.903-0300] {processor.py:161} INFO - Started process (PID=24057) to work on /home/facuvega/Descargas/crypto-etl-airflow/airflow-apache/lib/python3.11/site-packages/airflow/example_dags/example_dynamic_task_mapping.py
[2025-05-04T04:01:28.906-0300] {processor.py:830} INFO - Processing file /home/facuvega/Descargas/crypto-etl-airflow/airflow-apache/lib/python3.11/site-packages/airflow/example_dags/example_dynamic_task_mapping.py for tasks to queue
[2025-05-04T04:01:28.910-0300] {logging_mixin.py:188} INFO - [2025-05-04T04:01:28.910-0300] {dagbag.py:540} INFO - Filling up the DagBag from /home/facuvega/Descargas/crypto-etl-airflow/airflow-apache/lib/python3.11/site-packages/airflow/example_dags/example_dynamic_task_mapping.py
[2025-05-04T04:01:28.952-0300] {processor.py:840} INFO - DAG(s) 'example_dynamic_task_mapping' retrieved from /home/facuvega/Descargas/crypto-etl-airflow/airflow-apache/lib/python3.11/site-packages/airflow/example_dags/example_dynamic_task_mapping.py
[2025-05-04T04:01:28.977-0300] {logging_mixin.py:188} INFO - [2025-05-04T04:01:28.976-0300] {dag.py:3096} INFO - Sync 1 DAGs
[2025-05-04T04:01:28.998-0300] {logging_mixin.py:188} INFO - [2025-05-04T04:01:28.997-0300] {dag.py:3954} INFO - Setting next_dagrun for example_dynamic_task_mapping to 2022-03-04 00:00:00+00:00, run_after=2022-03-05 00:00:00+00:00
[2025-05-04T04:01:29.068-0300] {processor.py:183} INFO - Processing /home/facuvega/Descargas/crypto-etl-airflow/airflow-apache/lib/python3.11/site-packages/airflow/example_dags/example_dynamic_task_mapping.py took 0.180 seconds
[2025-05-04T04:03:34.133-0300] {processor.py:161} INFO - Started process (PID=25039) to work on /home/facuvega/Descargas/crypto-etl-airflow/airflow-apache/lib/python3.11/site-packages/airflow/example_dags/example_dynamic_task_mapping.py
[2025-05-04T04:03:34.135-0300] {processor.py:830} INFO - Processing file /home/facuvega/Descargas/crypto-etl-airflow/airflow-apache/lib/python3.11/site-packages/airflow/example_dags/example_dynamic_task_mapping.py for tasks to queue
[2025-05-04T04:03:34.136-0300] {logging_mixin.py:188} INFO - [2025-05-04T04:03:34.136-0300] {dagbag.py:540} INFO - Filling up the DagBag from /home/facuvega/Descargas/crypto-etl-airflow/airflow-apache/lib/python3.11/site-packages/airflow/example_dags/example_dynamic_task_mapping.py
[2025-05-04T04:03:34.142-0300] {processor.py:840} INFO - DAG(s) 'example_dynamic_task_mapping' retrieved from /home/facuvega/Descargas/crypto-etl-airflow/airflow-apache/lib/python3.11/site-packages/airflow/example_dags/example_dynamic_task_mapping.py
[2025-05-04T04:03:34.154-0300] {logging_mixin.py:188} INFO - [2025-05-04T04:03:34.154-0300] {dag.py:3096} INFO - Sync 1 DAGs
[2025-05-04T04:03:34.168-0300] {logging_mixin.py:188} INFO - [2025-05-04T04:03:34.167-0300] {dag.py:3954} INFO - Setting next_dagrun for example_dynamic_task_mapping to 2022-03-04 00:00:00+00:00, run_after=2022-03-05 00:00:00+00:00
[2025-05-04T04:03:34.180-0300] {processor.py:183} INFO - Processing /home/facuvega/Descargas/crypto-etl-airflow/airflow-apache/lib/python3.11/site-packages/airflow/example_dags/example_dynamic_task_mapping.py took 0.051 seconds
[2025-05-04T04:04:30.403-0300] {processor.py:161} INFO - Started process (PID=25482) to work on /home/facuvega/Descargas/crypto-etl-airflow/airflow-apache/lib/python3.11/site-packages/airflow/example_dags/example_dynamic_task_mapping.py
[2025-05-04T04:04:30.405-0300] {processor.py:830} INFO - Processing file /home/facuvega/Descargas/crypto-etl-airflow/airflow-apache/lib/python3.11/site-packages/airflow/example_dags/example_dynamic_task_mapping.py for tasks to queue
[2025-05-04T04:04:30.407-0300] {logging_mixin.py:188} INFO - [2025-05-04T04:04:30.406-0300] {dagbag.py:540} INFO - Filling up the DagBag from /home/facuvega/Descargas/crypto-etl-airflow/airflow-apache/lib/python3.11/site-packages/airflow/example_dags/example_dynamic_task_mapping.py
[2025-05-04T04:04:30.416-0300] {processor.py:840} INFO - DAG(s) 'example_dynamic_task_mapping' retrieved from /home/facuvega/Descargas/crypto-etl-airflow/airflow-apache/lib/python3.11/site-packages/airflow/example_dags/example_dynamic_task_mapping.py
[2025-05-04T04:04:30.437-0300] {logging_mixin.py:188} INFO - [2025-05-04T04:04:30.436-0300] {dag.py:3096} INFO - Sync 1 DAGs
[2025-05-04T04:04:30.456-0300] {logging_mixin.py:188} INFO - [2025-05-04T04:04:30.456-0300] {dag.py:3954} INFO - Setting next_dagrun for example_dynamic_task_mapping to 2022-03-04 00:00:00+00:00, run_after=2022-03-05 00:00:00+00:00
[2025-05-04T04:04:30.474-0300] {processor.py:183} INFO - Processing /home/facuvega/Descargas/crypto-etl-airflow/airflow-apache/lib/python3.11/site-packages/airflow/example_dags/example_dynamic_task_mapping.py took 0.078 seconds
[2025-05-04T04:05:55.326-0300] {processor.py:161} INFO - Started process (PID=26446) to work on /home/facuvega/Descargas/crypto-etl-airflow/airflow-apache/lib/python3.11/site-packages/airflow/example_dags/example_dynamic_task_mapping.py
[2025-05-04T04:05:55.328-0300] {processor.py:830} INFO - Processing file /home/facuvega/Descargas/crypto-etl-airflow/airflow-apache/lib/python3.11/site-packages/airflow/example_dags/example_dynamic_task_mapping.py for tasks to queue
[2025-05-04T04:05:55.329-0300] {logging_mixin.py:188} INFO - [2025-05-04T04:05:55.329-0300] {dagbag.py:540} INFO - Filling up the DagBag from /home/facuvega/Descargas/crypto-etl-airflow/airflow-apache/lib/python3.11/site-packages/airflow/example_dags/example_dynamic_task_mapping.py
[2025-05-04T04:05:55.336-0300] {processor.py:840} INFO - DAG(s) 'example_dynamic_task_mapping' retrieved from /home/facuvega/Descargas/crypto-etl-airflow/airflow-apache/lib/python3.11/site-packages/airflow/example_dags/example_dynamic_task_mapping.py
[2025-05-04T04:05:55.348-0300] {logging_mixin.py:188} INFO - [2025-05-04T04:05:55.348-0300] {dag.py:3096} INFO - Sync 1 DAGs
[2025-05-04T04:05:55.362-0300] {logging_mixin.py:188} INFO - [2025-05-04T04:05:55.362-0300] {dag.py:3954} INFO - Setting next_dagrun for example_dynamic_task_mapping to 2022-03-04 00:00:00+00:00, run_after=2022-03-05 00:00:00+00:00
[2025-05-04T04:05:55.376-0300] {processor.py:183} INFO - Processing /home/facuvega/Descargas/crypto-etl-airflow/airflow-apache/lib/python3.11/site-packages/airflow/example_dags/example_dynamic_task_mapping.py took 0.055 seconds
[2025-05-04T04:06:45.392-0300] {processor.py:161} INFO - Started process (PID=26736) to work on /home/facuvega/Descargas/crypto-etl-airflow/airflow-apache/lib/python3.11/site-packages/airflow/example_dags/example_dynamic_task_mapping.py
[2025-05-04T04:06:45.393-0300] {processor.py:830} INFO - Processing file /home/facuvega/Descargas/crypto-etl-airflow/airflow-apache/lib/python3.11/site-packages/airflow/example_dags/example_dynamic_task_mapping.py for tasks to queue
[2025-05-04T04:06:45.394-0300] {logging_mixin.py:188} INFO - [2025-05-04T04:06:45.394-0300] {dagbag.py:540} INFO - Filling up the DagBag from /home/facuvega/Descargas/crypto-etl-airflow/airflow-apache/lib/python3.11/site-packages/airflow/example_dags/example_dynamic_task_mapping.py
[2025-05-04T04:06:45.401-0300] {processor.py:840} INFO - DAG(s) 'example_dynamic_task_mapping' retrieved from /home/facuvega/Descargas/crypto-etl-airflow/airflow-apache/lib/python3.11/site-packages/airflow/example_dags/example_dynamic_task_mapping.py
[2025-05-04T04:06:45.417-0300] {logging_mixin.py:188} INFO - [2025-05-04T04:06:45.417-0300] {dag.py:3096} INFO - Sync 1 DAGs
[2025-05-04T04:06:45.432-0300] {logging_mixin.py:188} INFO - [2025-05-04T04:06:45.432-0300] {dag.py:3954} INFO - Setting next_dagrun for example_dynamic_task_mapping to 2022-03-04 00:00:00+00:00, run_after=2022-03-05 00:00:00+00:00
[2025-05-04T04:06:45.446-0300] {processor.py:183} INFO - Processing /home/facuvega/Descargas/crypto-etl-airflow/airflow-apache/lib/python3.11/site-packages/airflow/example_dags/example_dynamic_task_mapping.py took 0.059 seconds
[2025-05-04T04:07:32.977-0300] {processor.py:161} INFO - Started process (PID=26971) to work on /home/facuvega/Descargas/crypto-etl-airflow/airflow-apache/lib/python3.11/site-packages/airflow/example_dags/example_dynamic_task_mapping.py
[2025-05-04T04:07:32.978-0300] {processor.py:830} INFO - Processing file /home/facuvega/Descargas/crypto-etl-airflow/airflow-apache/lib/python3.11/site-packages/airflow/example_dags/example_dynamic_task_mapping.py for tasks to queue
[2025-05-04T04:07:32.980-0300] {logging_mixin.py:188} INFO - [2025-05-04T04:07:32.980-0300] {dagbag.py:540} INFO - Filling up the DagBag from /home/facuvega/Descargas/crypto-etl-airflow/airflow-apache/lib/python3.11/site-packages/airflow/example_dags/example_dynamic_task_mapping.py
[2025-05-04T04:07:32.988-0300] {processor.py:840} INFO - DAG(s) 'example_dynamic_task_mapping' retrieved from /home/facuvega/Descargas/crypto-etl-airflow/airflow-apache/lib/python3.11/site-packages/airflow/example_dags/example_dynamic_task_mapping.py
[2025-05-04T04:07:33.003-0300] {logging_mixin.py:188} INFO - [2025-05-04T04:07:33.003-0300] {dag.py:3096} INFO - Sync 1 DAGs
[2025-05-04T04:07:33.021-0300] {logging_mixin.py:188} INFO - [2025-05-04T04:07:33.021-0300] {dag.py:3954} INFO - Setting next_dagrun for example_dynamic_task_mapping to 2022-03-04 00:00:00+00:00, run_after=2022-03-05 00:00:00+00:00
[2025-05-04T04:07:33.040-0300] {processor.py:183} INFO - Processing /home/facuvega/Descargas/crypto-etl-airflow/airflow-apache/lib/python3.11/site-packages/airflow/example_dags/example_dynamic_task_mapping.py took 0.070 seconds
[2025-05-04T04:10:44.104-0300] {processor.py:161} INFO - Started process (PID=28979) to work on /home/facuvega/Descargas/crypto-etl-airflow/airflow-apache/lib/python3.11/site-packages/airflow/example_dags/example_dynamic_task_mapping.py
[2025-05-04T04:10:44.105-0300] {processor.py:830} INFO - Processing file /home/facuvega/Descargas/crypto-etl-airflow/airflow-apache/lib/python3.11/site-packages/airflow/example_dags/example_dynamic_task_mapping.py for tasks to queue
[2025-05-04T04:10:44.107-0300] {logging_mixin.py:188} INFO - [2025-05-04T04:10:44.107-0300] {dagbag.py:540} INFO - Filling up the DagBag from /home/facuvega/Descargas/crypto-etl-airflow/airflow-apache/lib/python3.11/site-packages/airflow/example_dags/example_dynamic_task_mapping.py
[2025-05-04T04:10:44.114-0300] {processor.py:840} INFO - DAG(s) 'example_dynamic_task_mapping' retrieved from /home/facuvega/Descargas/crypto-etl-airflow/airflow-apache/lib/python3.11/site-packages/airflow/example_dags/example_dynamic_task_mapping.py
[2025-05-04T04:10:44.130-0300] {logging_mixin.py:188} INFO - [2025-05-04T04:10:44.130-0300] {dag.py:3096} INFO - Sync 1 DAGs
[2025-05-04T04:10:44.145-0300] {logging_mixin.py:188} INFO - [2025-05-04T04:10:44.145-0300] {dag.py:3954} INFO - Setting next_dagrun for example_dynamic_task_mapping to 2022-03-04 00:00:00+00:00, run_after=2022-03-05 00:00:00+00:00
[2025-05-04T04:10:44.157-0300] {processor.py:183} INFO - Processing /home/facuvega/Descargas/crypto-etl-airflow/airflow-apache/lib/python3.11/site-packages/airflow/example_dags/example_dynamic_task_mapping.py took 0.057 seconds
[2025-05-04T04:11:38.802-0300] {processor.py:161} INFO - Started process (PID=29300) to work on /home/facuvega/Descargas/crypto-etl-airflow/airflow-apache/lib/python3.11/site-packages/airflow/example_dags/example_dynamic_task_mapping.py
[2025-05-04T04:11:38.803-0300] {processor.py:830} INFO - Processing file /home/facuvega/Descargas/crypto-etl-airflow/airflow-apache/lib/python3.11/site-packages/airflow/example_dags/example_dynamic_task_mapping.py for tasks to queue
[2025-05-04T04:11:38.804-0300] {logging_mixin.py:188} INFO - [2025-05-04T04:11:38.804-0300] {dagbag.py:540} INFO - Filling up the DagBag from /home/facuvega/Descargas/crypto-etl-airflow/airflow-apache/lib/python3.11/site-packages/airflow/example_dags/example_dynamic_task_mapping.py
[2025-05-04T04:11:38.810-0300] {processor.py:840} INFO - DAG(s) 'example_dynamic_task_mapping' retrieved from /home/facuvega/Descargas/crypto-etl-airflow/airflow-apache/lib/python3.11/site-packages/airflow/example_dags/example_dynamic_task_mapping.py
[2025-05-04T04:11:38.821-0300] {logging_mixin.py:188} INFO - [2025-05-04T04:11:38.821-0300] {dag.py:3096} INFO - Sync 1 DAGs
[2025-05-04T04:11:38.834-0300] {logging_mixin.py:188} INFO - [2025-05-04T04:11:38.834-0300] {dag.py:3954} INFO - Setting next_dagrun for example_dynamic_task_mapping to 2022-03-04 00:00:00+00:00, run_after=2022-03-05 00:00:00+00:00
[2025-05-04T04:11:38.846-0300] {processor.py:183} INFO - Processing /home/facuvega/Descargas/crypto-etl-airflow/airflow-apache/lib/python3.11/site-packages/airflow/example_dags/example_dynamic_task_mapping.py took 0.049 seconds
[2025-05-04T04:12:32.954-0300] {processor.py:161} INFO - Started process (PID=29549) to work on /home/facuvega/Descargas/crypto-etl-airflow/airflow-apache/lib/python3.11/site-packages/airflow/example_dags/example_dynamic_task_mapping.py
[2025-05-04T04:12:32.955-0300] {processor.py:830} INFO - Processing file /home/facuvega/Descargas/crypto-etl-airflow/airflow-apache/lib/python3.11/site-packages/airflow/example_dags/example_dynamic_task_mapping.py for tasks to queue
[2025-05-04T04:12:32.956-0300] {logging_mixin.py:188} INFO - [2025-05-04T04:12:32.956-0300] {dagbag.py:540} INFO - Filling up the DagBag from /home/facuvega/Descargas/crypto-etl-airflow/airflow-apache/lib/python3.11/site-packages/airflow/example_dags/example_dynamic_task_mapping.py
[2025-05-04T04:12:32.962-0300] {processor.py:840} INFO - DAG(s) 'example_dynamic_task_mapping' retrieved from /home/facuvega/Descargas/crypto-etl-airflow/airflow-apache/lib/python3.11/site-packages/airflow/example_dags/example_dynamic_task_mapping.py
[2025-05-04T04:12:32.975-0300] {logging_mixin.py:188} INFO - [2025-05-04T04:12:32.975-0300] {dag.py:3096} INFO - Sync 1 DAGs
[2025-05-04T04:12:32.988-0300] {logging_mixin.py:188} INFO - [2025-05-04T04:12:32.988-0300] {dag.py:3954} INFO - Setting next_dagrun for example_dynamic_task_mapping to 2022-03-04 00:00:00+00:00, run_after=2022-03-05 00:00:00+00:00
[2025-05-04T04:12:33.001-0300] {processor.py:183} INFO - Processing /home/facuvega/Descargas/crypto-etl-airflow/airflow-apache/lib/python3.11/site-packages/airflow/example_dags/example_dynamic_task_mapping.py took 0.052 seconds
[2025-05-04T04:13:19.154-0300] {processor.py:161} INFO - Started process (PID=29753) to work on /home/facuvega/Descargas/crypto-etl-airflow/airflow-apache/lib/python3.11/site-packages/airflow/example_dags/example_dynamic_task_mapping.py
[2025-05-04T04:13:19.155-0300] {processor.py:830} INFO - Processing file /home/facuvega/Descargas/crypto-etl-airflow/airflow-apache/lib/python3.11/site-packages/airflow/example_dags/example_dynamic_task_mapping.py for tasks to queue
[2025-05-04T04:13:19.157-0300] {logging_mixin.py:188} INFO - [2025-05-04T04:13:19.156-0300] {dagbag.py:540} INFO - Filling up the DagBag from /home/facuvega/Descargas/crypto-etl-airflow/airflow-apache/lib/python3.11/site-packages/airflow/example_dags/example_dynamic_task_mapping.py
[2025-05-04T04:13:19.162-0300] {processor.py:840} INFO - DAG(s) 'example_dynamic_task_mapping' retrieved from /home/facuvega/Descargas/crypto-etl-airflow/airflow-apache/lib/python3.11/site-packages/airflow/example_dags/example_dynamic_task_mapping.py
[2025-05-04T04:13:19.179-0300] {logging_mixin.py:188} INFO - [2025-05-04T04:13:19.178-0300] {dag.py:3096} INFO - Sync 1 DAGs
[2025-05-04T04:13:19.194-0300] {logging_mixin.py:188} INFO - [2025-05-04T04:13:19.194-0300] {dag.py:3954} INFO - Setting next_dagrun for example_dynamic_task_mapping to 2022-03-04 00:00:00+00:00, run_after=2022-03-05 00:00:00+00:00
[2025-05-04T04:13:19.206-0300] {processor.py:183} INFO - Processing /home/facuvega/Descargas/crypto-etl-airflow/airflow-apache/lib/python3.11/site-packages/airflow/example_dags/example_dynamic_task_mapping.py took 0.057 seconds
[2025-05-04T04:14:20.701-0300] {processor.py:161} INFO - Started process (PID=30031) to work on /home/facuvega/Descargas/crypto-etl-airflow/airflow-apache/lib/python3.11/site-packages/airflow/example_dags/example_dynamic_task_mapping.py
[2025-05-04T04:14:20.701-0300] {processor.py:830} INFO - Processing file /home/facuvega/Descargas/crypto-etl-airflow/airflow-apache/lib/python3.11/site-packages/airflow/example_dags/example_dynamic_task_mapping.py for tasks to queue
[2025-05-04T04:14:20.703-0300] {logging_mixin.py:188} INFO - [2025-05-04T04:14:20.703-0300] {dagbag.py:540} INFO - Filling up the DagBag from /home/facuvega/Descargas/crypto-etl-airflow/airflow-apache/lib/python3.11/site-packages/airflow/example_dags/example_dynamic_task_mapping.py
[2025-05-04T04:14:20.708-0300] {processor.py:840} INFO - DAG(s) 'example_dynamic_task_mapping' retrieved from /home/facuvega/Descargas/crypto-etl-airflow/airflow-apache/lib/python3.11/site-packages/airflow/example_dags/example_dynamic_task_mapping.py
[2025-05-04T04:14:20.720-0300] {logging_mixin.py:188} INFO - [2025-05-04T04:14:20.719-0300] {dag.py:3096} INFO - Sync 1 DAGs
[2025-05-04T04:14:20.732-0300] {logging_mixin.py:188} INFO - [2025-05-04T04:14:20.732-0300] {dag.py:3954} INFO - Setting next_dagrun for example_dynamic_task_mapping to 2022-03-04 00:00:00+00:00, run_after=2022-03-05 00:00:00+00:00
[2025-05-04T04:14:20.744-0300] {processor.py:183} INFO - Processing /home/facuvega/Descargas/crypto-etl-airflow/airflow-apache/lib/python3.11/site-packages/airflow/example_dags/example_dynamic_task_mapping.py took 0.048 seconds
[2025-05-04T04:15:30.313-0300] {processor.py:161} INFO - Started process (PID=30461) to work on /home/facuvega/Descargas/crypto-etl-airflow/airflow-apache/lib/python3.11/site-packages/airflow/example_dags/example_dynamic_task_mapping.py
[2025-05-04T04:15:30.314-0300] {processor.py:830} INFO - Processing file /home/facuvega/Descargas/crypto-etl-airflow/airflow-apache/lib/python3.11/site-packages/airflow/example_dags/example_dynamic_task_mapping.py for tasks to queue
[2025-05-04T04:15:30.317-0300] {logging_mixin.py:188} INFO - [2025-05-04T04:15:30.316-0300] {dagbag.py:540} INFO - Filling up the DagBag from /home/facuvega/Descargas/crypto-etl-airflow/airflow-apache/lib/python3.11/site-packages/airflow/example_dags/example_dynamic_task_mapping.py
[2025-05-04T04:15:30.334-0300] {processor.py:840} INFO - DAG(s) 'example_dynamic_task_mapping' retrieved from /home/facuvega/Descargas/crypto-etl-airflow/airflow-apache/lib/python3.11/site-packages/airflow/example_dags/example_dynamic_task_mapping.py
[2025-05-04T04:15:30.370-0300] {logging_mixin.py:188} INFO - [2025-05-04T04:15:30.367-0300] {dag.py:3096} INFO - Sync 1 DAGs
[2025-05-04T04:15:30.402-0300] {logging_mixin.py:188} INFO - [2025-05-04T04:15:30.402-0300] {dag.py:3954} INFO - Setting next_dagrun for example_dynamic_task_mapping to 2022-03-04 00:00:00+00:00, run_after=2022-03-05 00:00:00+00:00
[2025-05-04T04:15:30.421-0300] {processor.py:183} INFO - Processing /home/facuvega/Descargas/crypto-etl-airflow/airflow-apache/lib/python3.11/site-packages/airflow/example_dags/example_dynamic_task_mapping.py took 0.119 seconds
[2025-05-04T04:16:22.296-0300] {processor.py:161} INFO - Started process (PID=30691) to work on /home/facuvega/Descargas/crypto-etl-airflow/airflow-apache/lib/python3.11/site-packages/airflow/example_dags/example_dynamic_task_mapping.py
[2025-05-04T04:16:22.297-0300] {processor.py:830} INFO - Processing file /home/facuvega/Descargas/crypto-etl-airflow/airflow-apache/lib/python3.11/site-packages/airflow/example_dags/example_dynamic_task_mapping.py for tasks to queue
[2025-05-04T04:16:22.299-0300] {logging_mixin.py:188} INFO - [2025-05-04T04:16:22.299-0300] {dagbag.py:540} INFO - Filling up the DagBag from /home/facuvega/Descargas/crypto-etl-airflow/airflow-apache/lib/python3.11/site-packages/airflow/example_dags/example_dynamic_task_mapping.py
[2025-05-04T04:16:22.309-0300] {processor.py:840} INFO - DAG(s) 'example_dynamic_task_mapping' retrieved from /home/facuvega/Descargas/crypto-etl-airflow/airflow-apache/lib/python3.11/site-packages/airflow/example_dags/example_dynamic_task_mapping.py
[2025-05-04T04:16:22.321-0300] {logging_mixin.py:188} INFO - [2025-05-04T04:16:22.321-0300] {dag.py:3096} INFO - Sync 1 DAGs
[2025-05-04T04:16:22.336-0300] {logging_mixin.py:188} INFO - [2025-05-04T04:16:22.335-0300] {dag.py:3954} INFO - Setting next_dagrun for example_dynamic_task_mapping to 2022-03-04 00:00:00+00:00, run_after=2022-03-05 00:00:00+00:00
[2025-05-04T04:16:22.352-0300] {processor.py:183} INFO - Processing /home/facuvega/Descargas/crypto-etl-airflow/airflow-apache/lib/python3.11/site-packages/airflow/example_dags/example_dynamic_task_mapping.py took 0.061 seconds
[2025-05-04T04:17:27.068-0300] {processor.py:161} INFO - Started process (PID=31346) to work on /home/facuvega/Descargas/crypto-etl-airflow/airflow-apache/lib/python3.11/site-packages/airflow/example_dags/example_dynamic_task_mapping.py
[2025-05-04T04:17:27.070-0300] {processor.py:830} INFO - Processing file /home/facuvega/Descargas/crypto-etl-airflow/airflow-apache/lib/python3.11/site-packages/airflow/example_dags/example_dynamic_task_mapping.py for tasks to queue
[2025-05-04T04:17:27.072-0300] {logging_mixin.py:188} INFO - [2025-05-04T04:17:27.071-0300] {dagbag.py:540} INFO - Filling up the DagBag from /home/facuvega/Descargas/crypto-etl-airflow/airflow-apache/lib/python3.11/site-packages/airflow/example_dags/example_dynamic_task_mapping.py
[2025-05-04T04:17:27.078-0300] {processor.py:840} INFO - DAG(s) 'example_dynamic_task_mapping' retrieved from /home/facuvega/Descargas/crypto-etl-airflow/airflow-apache/lib/python3.11/site-packages/airflow/example_dags/example_dynamic_task_mapping.py
[2025-05-04T04:17:27.092-0300] {logging_mixin.py:188} INFO - [2025-05-04T04:17:27.092-0300] {dag.py:3096} INFO - Sync 1 DAGs
[2025-05-04T04:17:27.106-0300] {logging_mixin.py:188} INFO - [2025-05-04T04:17:27.106-0300] {dag.py:3954} INFO - Setting next_dagrun for example_dynamic_task_mapping to 2022-03-04 00:00:00+00:00, run_after=2022-03-05 00:00:00+00:00
[2025-05-04T04:17:27.119-0300] {processor.py:183} INFO - Processing /home/facuvega/Descargas/crypto-etl-airflow/airflow-apache/lib/python3.11/site-packages/airflow/example_dags/example_dynamic_task_mapping.py took 0.056 seconds
[2025-05-04T04:18:57.051-0300] {processor.py:161} INFO - Started process (PID=32333) to work on /home/facuvega/Descargas/crypto-etl-airflow/airflow-apache/lib/python3.11/site-packages/airflow/example_dags/example_dynamic_task_mapping.py
[2025-05-04T04:18:57.059-0300] {processor.py:830} INFO - Processing file /home/facuvega/Descargas/crypto-etl-airflow/airflow-apache/lib/python3.11/site-packages/airflow/example_dags/example_dynamic_task_mapping.py for tasks to queue
[2025-05-04T04:18:57.063-0300] {logging_mixin.py:188} INFO - [2025-05-04T04:18:57.062-0300] {dagbag.py:540} INFO - Filling up the DagBag from /home/facuvega/Descargas/crypto-etl-airflow/airflow-apache/lib/python3.11/site-packages/airflow/example_dags/example_dynamic_task_mapping.py
[2025-05-04T04:18:57.077-0300] {processor.py:840} INFO - DAG(s) 'example_dynamic_task_mapping' retrieved from /home/facuvega/Descargas/crypto-etl-airflow/airflow-apache/lib/python3.11/site-packages/airflow/example_dags/example_dynamic_task_mapping.py
[2025-05-04T04:18:57.104-0300] {logging_mixin.py:188} INFO - [2025-05-04T04:18:57.103-0300] {dag.py:3096} INFO - Sync 1 DAGs
[2025-05-04T04:18:57.139-0300] {logging_mixin.py:188} INFO - [2025-05-04T04:18:57.138-0300] {dag.py:3954} INFO - Setting next_dagrun for example_dynamic_task_mapping to 2022-03-04 00:00:00+00:00, run_after=2022-03-05 00:00:00+00:00
[2025-05-04T04:18:57.173-0300] {processor.py:183} INFO - Processing /home/facuvega/Descargas/crypto-etl-airflow/airflow-apache/lib/python3.11/site-packages/airflow/example_dags/example_dynamic_task_mapping.py took 0.147 seconds
[2025-05-04T04:20:00.024-0300] {processor.py:161} INFO - Started process (PID=32911) to work on /home/facuvega/Descargas/crypto-etl-airflow/airflow-apache/lib/python3.11/site-packages/airflow/example_dags/example_dynamic_task_mapping.py
[2025-05-04T04:20:00.025-0300] {processor.py:830} INFO - Processing file /home/facuvega/Descargas/crypto-etl-airflow/airflow-apache/lib/python3.11/site-packages/airflow/example_dags/example_dynamic_task_mapping.py for tasks to queue
[2025-05-04T04:20:00.028-0300] {logging_mixin.py:188} INFO - [2025-05-04T04:20:00.027-0300] {dagbag.py:540} INFO - Filling up the DagBag from /home/facuvega/Descargas/crypto-etl-airflow/airflow-apache/lib/python3.11/site-packages/airflow/example_dags/example_dynamic_task_mapping.py
[2025-05-04T04:20:00.036-0300] {processor.py:840} INFO - DAG(s) 'example_dynamic_task_mapping' retrieved from /home/facuvega/Descargas/crypto-etl-airflow/airflow-apache/lib/python3.11/site-packages/airflow/example_dags/example_dynamic_task_mapping.py
[2025-05-04T04:20:00.052-0300] {logging_mixin.py:188} INFO - [2025-05-04T04:20:00.051-0300] {dag.py:3096} INFO - Sync 1 DAGs
[2025-05-04T04:20:00.071-0300] {logging_mixin.py:188} INFO - [2025-05-04T04:20:00.071-0300] {dag.py:3954} INFO - Setting next_dagrun for example_dynamic_task_mapping to 2022-03-04 00:00:00+00:00, run_after=2022-03-05 00:00:00+00:00
[2025-05-04T04:20:00.089-0300] {processor.py:183} INFO - Processing /home/facuvega/Descargas/crypto-etl-airflow/airflow-apache/lib/python3.11/site-packages/airflow/example_dags/example_dynamic_task_mapping.py took 0.073 seconds
[2025-05-04T04:20:50.870-0300] {processor.py:161} INFO - Started process (PID=33143) to work on /home/facuvega/Descargas/crypto-etl-airflow/airflow-apache/lib/python3.11/site-packages/airflow/example_dags/example_dynamic_task_mapping.py
[2025-05-04T04:20:50.871-0300] {processor.py:830} INFO - Processing file /home/facuvega/Descargas/crypto-etl-airflow/airflow-apache/lib/python3.11/site-packages/airflow/example_dags/example_dynamic_task_mapping.py for tasks to queue
[2025-05-04T04:20:50.873-0300] {logging_mixin.py:188} INFO - [2025-05-04T04:20:50.872-0300] {dagbag.py:540} INFO - Filling up the DagBag from /home/facuvega/Descargas/crypto-etl-airflow/airflow-apache/lib/python3.11/site-packages/airflow/example_dags/example_dynamic_task_mapping.py
[2025-05-04T04:20:50.880-0300] {processor.py:840} INFO - DAG(s) 'example_dynamic_task_mapping' retrieved from /home/facuvega/Descargas/crypto-etl-airflow/airflow-apache/lib/python3.11/site-packages/airflow/example_dags/example_dynamic_task_mapping.py
[2025-05-04T04:20:50.893-0300] {logging_mixin.py:188} INFO - [2025-05-04T04:20:50.893-0300] {dag.py:3096} INFO - Sync 1 DAGs
[2025-05-04T04:20:50.908-0300] {logging_mixin.py:188} INFO - [2025-05-04T04:20:50.908-0300] {dag.py:3954} INFO - Setting next_dagrun for example_dynamic_task_mapping to 2022-03-04 00:00:00+00:00, run_after=2022-03-05 00:00:00+00:00
[2025-05-04T04:20:50.921-0300] {processor.py:183} INFO - Processing /home/facuvega/Descargas/crypto-etl-airflow/airflow-apache/lib/python3.11/site-packages/airflow/example_dags/example_dynamic_task_mapping.py took 0.057 seconds
[2025-05-04T04:21:42.758-0300] {processor.py:161} INFO - Started process (PID=33405) to work on /home/facuvega/Descargas/crypto-etl-airflow/airflow-apache/lib/python3.11/site-packages/airflow/example_dags/example_dynamic_task_mapping.py
[2025-05-04T04:21:42.765-0300] {processor.py:830} INFO - Processing file /home/facuvega/Descargas/crypto-etl-airflow/airflow-apache/lib/python3.11/site-packages/airflow/example_dags/example_dynamic_task_mapping.py for tasks to queue
[2025-05-04T04:21:42.781-0300] {logging_mixin.py:188} INFO - [2025-05-04T04:21:42.777-0300] {dagbag.py:540} INFO - Filling up the DagBag from /home/facuvega/Descargas/crypto-etl-airflow/airflow-apache/lib/python3.11/site-packages/airflow/example_dags/example_dynamic_task_mapping.py
[2025-05-04T04:21:42.866-0300] {processor.py:840} INFO - DAG(s) 'example_dynamic_task_mapping' retrieved from /home/facuvega/Descargas/crypto-etl-airflow/airflow-apache/lib/python3.11/site-packages/airflow/example_dags/example_dynamic_task_mapping.py
[2025-05-04T04:21:43.042-0300] {logging_mixin.py:188} INFO - [2025-05-04T04:21:43.041-0300] {dag.py:3096} INFO - Sync 1 DAGs
[2025-05-04T04:21:43.250-0300] {logging_mixin.py:188} INFO - [2025-05-04T04:21:43.250-0300] {dag.py:3954} INFO - Setting next_dagrun for example_dynamic_task_mapping to 2022-03-04 00:00:00+00:00, run_after=2022-03-05 00:00:00+00:00
[2025-05-04T04:21:43.397-0300] {processor.py:183} INFO - Processing /home/facuvega/Descargas/crypto-etl-airflow/airflow-apache/lib/python3.11/site-packages/airflow/example_dags/example_dynamic_task_mapping.py took 0.715 seconds
[2025-05-04T04:22:35.860-0300] {processor.py:161} INFO - Started process (PID=34078) to work on /home/facuvega/Descargas/crypto-etl-airflow/airflow-apache/lib/python3.11/site-packages/airflow/example_dags/example_dynamic_task_mapping.py
[2025-05-04T04:22:35.861-0300] {processor.py:830} INFO - Processing file /home/facuvega/Descargas/crypto-etl-airflow/airflow-apache/lib/python3.11/site-packages/airflow/example_dags/example_dynamic_task_mapping.py for tasks to queue
[2025-05-04T04:22:35.863-0300] {logging_mixin.py:188} INFO - [2025-05-04T04:22:35.862-0300] {dagbag.py:540} INFO - Filling up the DagBag from /home/facuvega/Descargas/crypto-etl-airflow/airflow-apache/lib/python3.11/site-packages/airflow/example_dags/example_dynamic_task_mapping.py
[2025-05-04T04:22:35.869-0300] {processor.py:840} INFO - DAG(s) 'example_dynamic_task_mapping' retrieved from /home/facuvega/Descargas/crypto-etl-airflow/airflow-apache/lib/python3.11/site-packages/airflow/example_dags/example_dynamic_task_mapping.py
[2025-05-04T04:22:35.882-0300] {logging_mixin.py:188} INFO - [2025-05-04T04:22:35.882-0300] {dag.py:3096} INFO - Sync 1 DAGs
[2025-05-04T04:22:35.896-0300] {logging_mixin.py:188} INFO - [2025-05-04T04:22:35.896-0300] {dag.py:3954} INFO - Setting next_dagrun for example_dynamic_task_mapping to 2022-03-04 00:00:00+00:00, run_after=2022-03-05 00:00:00+00:00
[2025-05-04T04:22:35.908-0300] {processor.py:183} INFO - Processing /home/facuvega/Descargas/crypto-etl-airflow/airflow-apache/lib/python3.11/site-packages/airflow/example_dags/example_dynamic_task_mapping.py took 0.053 seconds
[2025-05-04T04:24:12.854-0300] {processor.py:161} INFO - Started process (PID=35284) to work on /home/facuvega/Descargas/crypto-etl-airflow/airflow-apache/lib/python3.11/site-packages/airflow/example_dags/example_dynamic_task_mapping.py
[2025-05-04T04:24:12.855-0300] {processor.py:830} INFO - Processing file /home/facuvega/Descargas/crypto-etl-airflow/airflow-apache/lib/python3.11/site-packages/airflow/example_dags/example_dynamic_task_mapping.py for tasks to queue
[2025-05-04T04:24:12.861-0300] {logging_mixin.py:188} INFO - [2025-05-04T04:24:12.859-0300] {dagbag.py:540} INFO - Filling up the DagBag from /home/facuvega/Descargas/crypto-etl-airflow/airflow-apache/lib/python3.11/site-packages/airflow/example_dags/example_dynamic_task_mapping.py
[2025-05-04T04:24:12.871-0300] {processor.py:840} INFO - DAG(s) 'example_dynamic_task_mapping' retrieved from /home/facuvega/Descargas/crypto-etl-airflow/airflow-apache/lib/python3.11/site-packages/airflow/example_dags/example_dynamic_task_mapping.py
[2025-05-04T04:24:12.890-0300] {logging_mixin.py:188} INFO - [2025-05-04T04:24:12.890-0300] {dag.py:3096} INFO - Sync 1 DAGs
[2025-05-04T04:24:12.915-0300] {logging_mixin.py:188} INFO - [2025-05-04T04:24:12.914-0300] {dag.py:3954} INFO - Setting next_dagrun for example_dynamic_task_mapping to 2022-03-04 00:00:00+00:00, run_after=2022-03-05 00:00:00+00:00
[2025-05-04T04:24:12.936-0300] {processor.py:183} INFO - Processing /home/facuvega/Descargas/crypto-etl-airflow/airflow-apache/lib/python3.11/site-packages/airflow/example_dags/example_dynamic_task_mapping.py took 0.089 seconds
