[2025-05-04T03:50:48.147-0300] {processor.py:161} INFO - Started process (PID=19653) to work on /home/facuvega/Descargas/crypto-etl-airflow/airflow-apache/lib/python3.11/site-packages/airflow/example_dags/example_sla_dag.py
[2025-05-04T03:50:48.148-0300] {processor.py:830} INFO - Processing file /home/facuvega/Descargas/crypto-etl-airflow/airflow-apache/lib/python3.11/site-packages/airflow/example_dags/example_sla_dag.py for tasks to queue
[2025-05-04T03:50:48.150-0300] {logging_mixin.py:188} INFO - [2025-05-04T03:50:48.149-0300] {dagbag.py:540} INFO - Filling up the DagBag from /home/facuvega/Descargas/crypto-etl-airflow/airflow-apache/lib/python3.11/site-packages/airflow/example_dags/example_sla_dag.py
[2025-05-04T03:50:48.161-0300] {processor.py:840} INFO - DAG(s) 'example_sla_dag' retrieved from /home/facuvega/Descargas/crypto-etl-airflow/airflow-apache/lib/python3.11/site-packages/airflow/example_dags/example_sla_dag.py
[2025-05-04T03:50:48.177-0300] {logging_mixin.py:188} INFO - [2025-05-04T03:50:48.177-0300] {dag.py:3096} INFO - Sync 1 DAGs
[2025-05-04T03:50:48.197-0300] {logging_mixin.py:188} INFO - [2025-05-04T03:50:48.197-0300] {dag.py:3954} INFO - Setting next_dagrun for example_sla_dag to 2025-05-04 06:48:00+00:00, run_after=2025-05-04 06:50:00+00:00
[2025-05-04T03:50:48.211-0300] {processor.py:183} INFO - Processing /home/facuvega/Descargas/crypto-etl-airflow/airflow-apache/lib/python3.11/site-packages/airflow/example_dags/example_sla_dag.py took 0.069 seconds
[2025-05-04T03:51:38.489-0300] {processor.py:161} INFO - Started process (PID=19880) to work on /home/facuvega/Descargas/crypto-etl-airflow/airflow-apache/lib/python3.11/site-packages/airflow/example_dags/example_sla_dag.py
[2025-05-04T03:51:38.490-0300] {processor.py:830} INFO - Processing file /home/facuvega/Descargas/crypto-etl-airflow/airflow-apache/lib/python3.11/site-packages/airflow/example_dags/example_sla_dag.py for tasks to queue
[2025-05-04T03:51:38.491-0300] {logging_mixin.py:188} INFO - [2025-05-04T03:51:38.491-0300] {dagbag.py:540} INFO - Filling up the DagBag from /home/facuvega/Descargas/crypto-etl-airflow/airflow-apache/lib/python3.11/site-packages/airflow/example_dags/example_sla_dag.py
[2025-05-04T03:51:38.498-0300] {processor.py:840} INFO - DAG(s) 'example_sla_dag' retrieved from /home/facuvega/Descargas/crypto-etl-airflow/airflow-apache/lib/python3.11/site-packages/airflow/example_dags/example_sla_dag.py
[2025-05-04T03:51:38.510-0300] {logging_mixin.py:188} INFO - [2025-05-04T03:51:38.510-0300] {dag.py:3096} INFO - Sync 1 DAGs
[2025-05-04T03:51:38.525-0300] {logging_mixin.py:188} INFO - [2025-05-04T03:51:38.525-0300] {dag.py:3954} INFO - Setting next_dagrun for example_sla_dag to 2025-05-04 06:48:00+00:00, run_after=2025-05-04 06:50:00+00:00
[2025-05-04T03:51:38.538-0300] {processor.py:183} INFO - Processing /home/facuvega/Descargas/crypto-etl-airflow/airflow-apache/lib/python3.11/site-packages/airflow/example_dags/example_sla_dag.py took 0.054 seconds
[2025-05-04T03:52:30.157-0300] {processor.py:161} INFO - Started process (PID=20124) to work on /home/facuvega/Descargas/crypto-etl-airflow/airflow-apache/lib/python3.11/site-packages/airflow/example_dags/example_sla_dag.py
[2025-05-04T03:52:30.158-0300] {processor.py:830} INFO - Processing file /home/facuvega/Descargas/crypto-etl-airflow/airflow-apache/lib/python3.11/site-packages/airflow/example_dags/example_sla_dag.py for tasks to queue
[2025-05-04T03:52:30.159-0300] {logging_mixin.py:188} INFO - [2025-05-04T03:52:30.159-0300] {dagbag.py:540} INFO - Filling up the DagBag from /home/facuvega/Descargas/crypto-etl-airflow/airflow-apache/lib/python3.11/site-packages/airflow/example_dags/example_sla_dag.py
[2025-05-04T03:52:30.167-0300] {processor.py:840} INFO - DAG(s) 'example_sla_dag' retrieved from /home/facuvega/Descargas/crypto-etl-airflow/airflow-apache/lib/python3.11/site-packages/airflow/example_dags/example_sla_dag.py
[2025-05-04T03:52:30.178-0300] {logging_mixin.py:188} INFO - [2025-05-04T03:52:30.178-0300] {dag.py:3096} INFO - Sync 1 DAGs
[2025-05-04T03:52:30.192-0300] {logging_mixin.py:188} INFO - [2025-05-04T03:52:30.192-0300] {dag.py:3954} INFO - Setting next_dagrun for example_sla_dag to 2025-05-04 06:50:00+00:00, run_after=2025-05-04 06:52:00+00:00
[2025-05-04T03:52:30.204-0300] {processor.py:183} INFO - Processing /home/facuvega/Descargas/crypto-etl-airflow/airflow-apache/lib/python3.11/site-packages/airflow/example_dags/example_sla_dag.py took 0.052 seconds
[2025-05-04T03:53:18.276-0300] {processor.py:161} INFO - Started process (PID=20500) to work on /home/facuvega/Descargas/crypto-etl-airflow/airflow-apache/lib/python3.11/site-packages/airflow/example_dags/example_sla_dag.py
[2025-05-04T03:53:18.279-0300] {processor.py:830} INFO - Processing file /home/facuvega/Descargas/crypto-etl-airflow/airflow-apache/lib/python3.11/site-packages/airflow/example_dags/example_sla_dag.py for tasks to queue
[2025-05-04T03:53:18.281-0300] {logging_mixin.py:188} INFO - [2025-05-04T03:53:18.281-0300] {dagbag.py:540} INFO - Filling up the DagBag from /home/facuvega/Descargas/crypto-etl-airflow/airflow-apache/lib/python3.11/site-packages/airflow/example_dags/example_sla_dag.py
[2025-05-04T03:53:18.293-0300] {processor.py:840} INFO - DAG(s) 'example_sla_dag' retrieved from /home/facuvega/Descargas/crypto-etl-airflow/airflow-apache/lib/python3.11/site-packages/airflow/example_dags/example_sla_dag.py
[2025-05-04T03:53:18.324-0300] {logging_mixin.py:188} INFO - [2025-05-04T03:53:18.324-0300] {dag.py:3096} INFO - Sync 1 DAGs
[2025-05-04T03:53:18.393-0300] {logging_mixin.py:188} INFO - [2025-05-04T03:53:18.393-0300] {dag.py:3954} INFO - Setting next_dagrun for example_sla_dag to 2025-05-04 06:50:00+00:00, run_after=2025-05-04 06:52:00+00:00
[2025-05-04T03:53:18.430-0300] {processor.py:183} INFO - Processing /home/facuvega/Descargas/crypto-etl-airflow/airflow-apache/lib/python3.11/site-packages/airflow/example_dags/example_sla_dag.py took 0.165 seconds
[2025-05-04T03:54:07.657-0300] {processor.py:161} INFO - Started process (PID=20904) to work on /home/facuvega/Descargas/crypto-etl-airflow/airflow-apache/lib/python3.11/site-packages/airflow/example_dags/example_sla_dag.py
[2025-05-04T03:54:07.658-0300] {processor.py:830} INFO - Processing file /home/facuvega/Descargas/crypto-etl-airflow/airflow-apache/lib/python3.11/site-packages/airflow/example_dags/example_sla_dag.py for tasks to queue
[2025-05-04T03:54:07.660-0300] {logging_mixin.py:188} INFO - [2025-05-04T03:54:07.659-0300] {dagbag.py:540} INFO - Filling up the DagBag from /home/facuvega/Descargas/crypto-etl-airflow/airflow-apache/lib/python3.11/site-packages/airflow/example_dags/example_sla_dag.py
[2025-05-04T03:54:07.672-0300] {processor.py:840} INFO - DAG(s) 'example_sla_dag' retrieved from /home/facuvega/Descargas/crypto-etl-airflow/airflow-apache/lib/python3.11/site-packages/airflow/example_dags/example_sla_dag.py
[2025-05-04T03:54:07.684-0300] {logging_mixin.py:188} INFO - [2025-05-04T03:54:07.684-0300] {dag.py:3096} INFO - Sync 1 DAGs
[2025-05-04T03:54:07.701-0300] {logging_mixin.py:188} INFO - [2025-05-04T03:54:07.701-0300] {dag.py:3954} INFO - Setting next_dagrun for example_sla_dag to 2025-05-04 06:52:00+00:00, run_after=2025-05-04 06:54:00+00:00
[2025-05-04T03:54:07.713-0300] {processor.py:183} INFO - Processing /home/facuvega/Descargas/crypto-etl-airflow/airflow-apache/lib/python3.11/site-packages/airflow/example_dags/example_sla_dag.py took 0.061 seconds
[2025-05-04T03:54:50.137-0300] {processor.py:161} INFO - Started process (PID=21099) to work on /home/facuvega/Descargas/crypto-etl-airflow/airflow-apache/lib/python3.11/site-packages/airflow/example_dags/example_sla_dag.py
[2025-05-04T03:54:50.138-0300] {processor.py:830} INFO - Processing file /home/facuvega/Descargas/crypto-etl-airflow/airflow-apache/lib/python3.11/site-packages/airflow/example_dags/example_sla_dag.py for tasks to queue
[2025-05-04T03:54:50.141-0300] {logging_mixin.py:188} INFO - [2025-05-04T03:54:50.140-0300] {dagbag.py:540} INFO - Filling up the DagBag from /home/facuvega/Descargas/crypto-etl-airflow/airflow-apache/lib/python3.11/site-packages/airflow/example_dags/example_sla_dag.py
[2025-05-04T03:54:50.154-0300] {processor.py:840} INFO - DAG(s) 'example_sla_dag' retrieved from /home/facuvega/Descargas/crypto-etl-airflow/airflow-apache/lib/python3.11/site-packages/airflow/example_dags/example_sla_dag.py
[2025-05-04T03:54:50.173-0300] {logging_mixin.py:188} INFO - [2025-05-04T03:54:50.173-0300] {dag.py:3096} INFO - Sync 1 DAGs
[2025-05-04T03:54:50.193-0300] {logging_mixin.py:188} INFO - [2025-05-04T03:54:50.193-0300] {dag.py:3954} INFO - Setting next_dagrun for example_sla_dag to 2025-05-04 06:52:00+00:00, run_after=2025-05-04 06:54:00+00:00
[2025-05-04T03:54:50.209-0300] {processor.py:183} INFO - Processing /home/facuvega/Descargas/crypto-etl-airflow/airflow-apache/lib/python3.11/site-packages/airflow/example_dags/example_sla_dag.py took 0.079 seconds
[2025-05-04T03:55:38.997-0300] {processor.py:161} INFO - Started process (PID=21427) to work on /home/facuvega/Descargas/crypto-etl-airflow/airflow-apache/lib/python3.11/site-packages/airflow/example_dags/example_sla_dag.py
[2025-05-04T03:55:38.999-0300] {processor.py:830} INFO - Processing file /home/facuvega/Descargas/crypto-etl-airflow/airflow-apache/lib/python3.11/site-packages/airflow/example_dags/example_sla_dag.py for tasks to queue
[2025-05-04T03:55:39.001-0300] {logging_mixin.py:188} INFO - [2025-05-04T03:55:39.000-0300] {dagbag.py:540} INFO - Filling up the DagBag from /home/facuvega/Descargas/crypto-etl-airflow/airflow-apache/lib/python3.11/site-packages/airflow/example_dags/example_sla_dag.py
[2025-05-04T03:55:39.012-0300] {processor.py:840} INFO - DAG(s) 'example_sla_dag' retrieved from /home/facuvega/Descargas/crypto-etl-airflow/airflow-apache/lib/python3.11/site-packages/airflow/example_dags/example_sla_dag.py
[2025-05-04T03:55:39.030-0300] {logging_mixin.py:188} INFO - [2025-05-04T03:55:39.030-0300] {dag.py:3096} INFO - Sync 1 DAGs
[2025-05-04T03:55:39.049-0300] {logging_mixin.py:188} INFO - [2025-05-04T03:55:39.049-0300] {dag.py:3954} INFO - Setting next_dagrun for example_sla_dag to 2025-05-04 06:52:00+00:00, run_after=2025-05-04 06:54:00+00:00
[2025-05-04T03:55:39.065-0300] {processor.py:183} INFO - Processing /home/facuvega/Descargas/crypto-etl-airflow/airflow-apache/lib/python3.11/site-packages/airflow/example_dags/example_sla_dag.py took 0.074 seconds
[2025-05-04T03:56:25.511-0300] {processor.py:161} INFO - Started process (PID=21643) to work on /home/facuvega/Descargas/crypto-etl-airflow/airflow-apache/lib/python3.11/site-packages/airflow/example_dags/example_sla_dag.py
[2025-05-04T03:56:25.512-0300] {processor.py:830} INFO - Processing file /home/facuvega/Descargas/crypto-etl-airflow/airflow-apache/lib/python3.11/site-packages/airflow/example_dags/example_sla_dag.py for tasks to queue
[2025-05-04T03:56:25.513-0300] {logging_mixin.py:188} INFO - [2025-05-04T03:56:25.513-0300] {dagbag.py:540} INFO - Filling up the DagBag from /home/facuvega/Descargas/crypto-etl-airflow/airflow-apache/lib/python3.11/site-packages/airflow/example_dags/example_sla_dag.py
[2025-05-04T03:56:25.523-0300] {processor.py:840} INFO - DAG(s) 'example_sla_dag' retrieved from /home/facuvega/Descargas/crypto-etl-airflow/airflow-apache/lib/python3.11/site-packages/airflow/example_dags/example_sla_dag.py
[2025-05-04T03:56:25.537-0300] {logging_mixin.py:188} INFO - [2025-05-04T03:56:25.536-0300] {dag.py:3096} INFO - Sync 1 DAGs
[2025-05-04T03:56:25.553-0300] {logging_mixin.py:188} INFO - [2025-05-04T03:56:25.552-0300] {dag.py:3954} INFO - Setting next_dagrun for example_sla_dag to 2025-05-04 06:54:00+00:00, run_after=2025-05-04 06:56:00+00:00
[2025-05-04T03:56:25.565-0300] {processor.py:183} INFO - Processing /home/facuvega/Descargas/crypto-etl-airflow/airflow-apache/lib/python3.11/site-packages/airflow/example_dags/example_sla_dag.py took 0.060 seconds
[2025-05-04T03:57:06.924-0300] {processor.py:161} INFO - Started process (PID=21830) to work on /home/facuvega/Descargas/crypto-etl-airflow/airflow-apache/lib/python3.11/site-packages/airflow/example_dags/example_sla_dag.py
[2025-05-04T03:57:06.925-0300] {processor.py:830} INFO - Processing file /home/facuvega/Descargas/crypto-etl-airflow/airflow-apache/lib/python3.11/site-packages/airflow/example_dags/example_sla_dag.py for tasks to queue
[2025-05-04T03:57:06.927-0300] {logging_mixin.py:188} INFO - [2025-05-04T03:57:06.926-0300] {dagbag.py:540} INFO - Filling up the DagBag from /home/facuvega/Descargas/crypto-etl-airflow/airflow-apache/lib/python3.11/site-packages/airflow/example_dags/example_sla_dag.py
[2025-05-04T03:57:06.936-0300] {processor.py:840} INFO - DAG(s) 'example_sla_dag' retrieved from /home/facuvega/Descargas/crypto-etl-airflow/airflow-apache/lib/python3.11/site-packages/airflow/example_dags/example_sla_dag.py
[2025-05-04T03:57:06.948-0300] {logging_mixin.py:188} INFO - [2025-05-04T03:57:06.948-0300] {dag.py:3096} INFO - Sync 1 DAGs
[2025-05-04T03:57:06.965-0300] {logging_mixin.py:188} INFO - [2025-05-04T03:57:06.964-0300] {dag.py:3954} INFO - Setting next_dagrun for example_sla_dag to 2025-05-04 06:54:00+00:00, run_after=2025-05-04 06:56:00+00:00
[2025-05-04T03:57:06.978-0300] {processor.py:183} INFO - Processing /home/facuvega/Descargas/crypto-etl-airflow/airflow-apache/lib/python3.11/site-packages/airflow/example_dags/example_sla_dag.py took 0.059 seconds
[2025-05-04T03:58:10.809-0300] {processor.py:161} INFO - Started process (PID=22467) to work on /home/facuvega/Descargas/crypto-etl-airflow/airflow-apache/lib/python3.11/site-packages/airflow/example_dags/example_sla_dag.py
[2025-05-04T03:58:10.810-0300] {processor.py:830} INFO - Processing file /home/facuvega/Descargas/crypto-etl-airflow/airflow-apache/lib/python3.11/site-packages/airflow/example_dags/example_sla_dag.py for tasks to queue
[2025-05-04T03:58:10.811-0300] {logging_mixin.py:188} INFO - [2025-05-04T03:58:10.811-0300] {dagbag.py:540} INFO - Filling up the DagBag from /home/facuvega/Descargas/crypto-etl-airflow/airflow-apache/lib/python3.11/site-packages/airflow/example_dags/example_sla_dag.py
[2025-05-04T03:58:10.820-0300] {processor.py:840} INFO - DAG(s) 'example_sla_dag' retrieved from /home/facuvega/Descargas/crypto-etl-airflow/airflow-apache/lib/python3.11/site-packages/airflow/example_dags/example_sla_dag.py
[2025-05-04T03:58:10.846-0300] {logging_mixin.py:188} INFO - [2025-05-04T03:58:10.846-0300] {dag.py:3096} INFO - Sync 1 DAGs
[2025-05-04T03:58:10.877-0300] {logging_mixin.py:188} INFO - [2025-05-04T03:58:10.877-0300] {dag.py:3954} INFO - Setting next_dagrun for example_sla_dag to 2025-05-04 06:56:00+00:00, run_after=2025-05-04 06:58:00+00:00
[2025-05-04T03:58:10.895-0300] {processor.py:183} INFO - Processing /home/facuvega/Descargas/crypto-etl-airflow/airflow-apache/lib/python3.11/site-packages/airflow/example_dags/example_sla_dag.py took 0.090 seconds
[2025-05-04T03:59:05.168-0300] {processor.py:161} INFO - Started process (PID=22812) to work on /home/facuvega/Descargas/crypto-etl-airflow/airflow-apache/lib/python3.11/site-packages/airflow/example_dags/example_sla_dag.py
[2025-05-04T03:59:05.169-0300] {processor.py:830} INFO - Processing file /home/facuvega/Descargas/crypto-etl-airflow/airflow-apache/lib/python3.11/site-packages/airflow/example_dags/example_sla_dag.py for tasks to queue
[2025-05-04T03:59:05.171-0300] {logging_mixin.py:188} INFO - [2025-05-04T03:59:05.171-0300] {dagbag.py:540} INFO - Filling up the DagBag from /home/facuvega/Descargas/crypto-etl-airflow/airflow-apache/lib/python3.11/site-packages/airflow/example_dags/example_sla_dag.py
[2025-05-04T03:59:05.190-0300] {processor.py:840} INFO - DAG(s) 'example_sla_dag' retrieved from /home/facuvega/Descargas/crypto-etl-airflow/airflow-apache/lib/python3.11/site-packages/airflow/example_dags/example_sla_dag.py
[2025-05-04T03:59:05.203-0300] {logging_mixin.py:188} INFO - [2025-05-04T03:59:05.203-0300] {dag.py:3096} INFO - Sync 1 DAGs
[2025-05-04T03:59:05.223-0300] {logging_mixin.py:188} INFO - [2025-05-04T03:59:05.223-0300] {dag.py:3954} INFO - Setting next_dagrun for example_sla_dag to 2025-05-04 06:56:00+00:00, run_after=2025-05-04 06:58:00+00:00
[2025-05-04T03:59:05.237-0300] {processor.py:183} INFO - Processing /home/facuvega/Descargas/crypto-etl-airflow/airflow-apache/lib/python3.11/site-packages/airflow/example_dags/example_sla_dag.py took 0.074 seconds
[2025-05-04T04:00:09.044-0300] {processor.py:161} INFO - Started process (PID=23508) to work on /home/facuvega/Descargas/crypto-etl-airflow/airflow-apache/lib/python3.11/site-packages/airflow/example_dags/example_sla_dag.py
[2025-05-04T04:00:09.045-0300] {processor.py:830} INFO - Processing file /home/facuvega/Descargas/crypto-etl-airflow/airflow-apache/lib/python3.11/site-packages/airflow/example_dags/example_sla_dag.py for tasks to queue
[2025-05-04T04:00:09.047-0300] {logging_mixin.py:188} INFO - [2025-05-04T04:00:09.047-0300] {dagbag.py:540} INFO - Filling up the DagBag from /home/facuvega/Descargas/crypto-etl-airflow/airflow-apache/lib/python3.11/site-packages/airflow/example_dags/example_sla_dag.py
[2025-05-04T04:00:09.057-0300] {processor.py:840} INFO - DAG(s) 'example_sla_dag' retrieved from /home/facuvega/Descargas/crypto-etl-airflow/airflow-apache/lib/python3.11/site-packages/airflow/example_dags/example_sla_dag.py
[2025-05-04T04:00:09.072-0300] {logging_mixin.py:188} INFO - [2025-05-04T04:00:09.072-0300] {dag.py:3096} INFO - Sync 1 DAGs
[2025-05-04T04:00:09.092-0300] {logging_mixin.py:188} INFO - [2025-05-04T04:00:09.092-0300] {dag.py:3954} INFO - Setting next_dagrun for example_sla_dag to 2025-05-04 06:58:00+00:00, run_after=2025-05-04 07:00:00+00:00
[2025-05-04T04:00:09.110-0300] {processor.py:183} INFO - Processing /home/facuvega/Descargas/crypto-etl-airflow/airflow-apache/lib/python3.11/site-packages/airflow/example_dags/example_sla_dag.py took 0.073 seconds
[2025-05-04T04:01:03.788-0300] {processor.py:161} INFO - Started process (PID=23934) to work on /home/facuvega/Descargas/crypto-etl-airflow/airflow-apache/lib/python3.11/site-packages/airflow/example_dags/example_sla_dag.py
[2025-05-04T04:01:03.789-0300] {processor.py:830} INFO - Processing file /home/facuvega/Descargas/crypto-etl-airflow/airflow-apache/lib/python3.11/site-packages/airflow/example_dags/example_sla_dag.py for tasks to queue
[2025-05-04T04:01:03.791-0300] {logging_mixin.py:188} INFO - [2025-05-04T04:01:03.790-0300] {dagbag.py:540} INFO - Filling up the DagBag from /home/facuvega/Descargas/crypto-etl-airflow/airflow-apache/lib/python3.11/site-packages/airflow/example_dags/example_sla_dag.py
[2025-05-04T04:01:03.800-0300] {processor.py:840} INFO - DAG(s) 'example_sla_dag' retrieved from /home/facuvega/Descargas/crypto-etl-airflow/airflow-apache/lib/python3.11/site-packages/airflow/example_dags/example_sla_dag.py
[2025-05-04T04:01:03.816-0300] {logging_mixin.py:188} INFO - [2025-05-04T04:01:03.815-0300] {dag.py:3096} INFO - Sync 1 DAGs
[2025-05-04T04:01:03.833-0300] {logging_mixin.py:188} INFO - [2025-05-04T04:01:03.832-0300] {dag.py:3954} INFO - Setting next_dagrun for example_sla_dag to 2025-05-04 06:58:00+00:00, run_after=2025-05-04 07:00:00+00:00
[2025-05-04T04:01:03.846-0300] {processor.py:183} INFO - Processing /home/facuvega/Descargas/crypto-etl-airflow/airflow-apache/lib/python3.11/site-packages/airflow/example_dags/example_sla_dag.py took 0.064 seconds
[2025-05-04T04:01:52.926-0300] {processor.py:161} INFO - Started process (PID=24170) to work on /home/facuvega/Descargas/crypto-etl-airflow/airflow-apache/lib/python3.11/site-packages/airflow/example_dags/example_sla_dag.py
[2025-05-04T04:01:52.927-0300] {processor.py:830} INFO - Processing file /home/facuvega/Descargas/crypto-etl-airflow/airflow-apache/lib/python3.11/site-packages/airflow/example_dags/example_sla_dag.py for tasks to queue
[2025-05-04T04:01:52.931-0300] {logging_mixin.py:188} INFO - [2025-05-04T04:01:52.930-0300] {dagbag.py:540} INFO - Filling up the DagBag from /home/facuvega/Descargas/crypto-etl-airflow/airflow-apache/lib/python3.11/site-packages/airflow/example_dags/example_sla_dag.py
[2025-05-04T04:01:52.942-0300] {processor.py:840} INFO - DAG(s) 'example_sla_dag' retrieved from /home/facuvega/Descargas/crypto-etl-airflow/airflow-apache/lib/python3.11/site-packages/airflow/example_dags/example_sla_dag.py
[2025-05-04T04:01:52.960-0300] {logging_mixin.py:188} INFO - [2025-05-04T04:01:52.960-0300] {dag.py:3096} INFO - Sync 1 DAGs
[2025-05-04T04:01:52.982-0300] {logging_mixin.py:188} INFO - [2025-05-04T04:01:52.982-0300] {dag.py:3954} INFO - Setting next_dagrun for example_sla_dag to 2025-05-04 06:58:00+00:00, run_after=2025-05-04 07:00:00+00:00
[2025-05-04T04:01:53.004-0300] {processor.py:183} INFO - Processing /home/facuvega/Descargas/crypto-etl-airflow/airflow-apache/lib/python3.11/site-packages/airflow/example_dags/example_sla_dag.py took 0.086 seconds
[2025-05-04T04:03:16.686-0300] {processor.py:161} INFO - Started process (PID=24968) to work on /home/facuvega/Descargas/crypto-etl-airflow/airflow-apache/lib/python3.11/site-packages/airflow/example_dags/example_sla_dag.py
[2025-05-04T04:03:16.687-0300] {processor.py:830} INFO - Processing file /home/facuvega/Descargas/crypto-etl-airflow/airflow-apache/lib/python3.11/site-packages/airflow/example_dags/example_sla_dag.py for tasks to queue
[2025-05-04T04:03:16.688-0300] {logging_mixin.py:188} INFO - [2025-05-04T04:03:16.688-0300] {dagbag.py:540} INFO - Filling up the DagBag from /home/facuvega/Descargas/crypto-etl-airflow/airflow-apache/lib/python3.11/site-packages/airflow/example_dags/example_sla_dag.py
[2025-05-04T04:03:16.698-0300] {processor.py:840} INFO - DAG(s) 'example_sla_dag' retrieved from /home/facuvega/Descargas/crypto-etl-airflow/airflow-apache/lib/python3.11/site-packages/airflow/example_dags/example_sla_dag.py
[2025-05-04T04:03:16.714-0300] {logging_mixin.py:188} INFO - [2025-05-04T04:03:16.714-0300] {dag.py:3096} INFO - Sync 1 DAGs
[2025-05-04T04:03:16.730-0300] {logging_mixin.py:188} INFO - [2025-05-04T04:03:16.730-0300] {dag.py:3954} INFO - Setting next_dagrun for example_sla_dag to 2025-05-04 07:00:00+00:00, run_after=2025-05-04 07:02:00+00:00
[2025-05-04T04:03:16.742-0300] {processor.py:183} INFO - Processing /home/facuvega/Descargas/crypto-etl-airflow/airflow-apache/lib/python3.11/site-packages/airflow/example_dags/example_sla_dag.py took 0.061 seconds
[2025-05-04T04:04:08.342-0300] {processor.py:161} INFO - Started process (PID=25193) to work on /home/facuvega/Descargas/crypto-etl-airflow/airflow-apache/lib/python3.11/site-packages/airflow/example_dags/example_sla_dag.py
[2025-05-04T04:04:08.343-0300] {processor.py:830} INFO - Processing file /home/facuvega/Descargas/crypto-etl-airflow/airflow-apache/lib/python3.11/site-packages/airflow/example_dags/example_sla_dag.py for tasks to queue
[2025-05-04T04:04:08.345-0300] {logging_mixin.py:188} INFO - [2025-05-04T04:04:08.345-0300] {dagbag.py:540} INFO - Filling up the DagBag from /home/facuvega/Descargas/crypto-etl-airflow/airflow-apache/lib/python3.11/site-packages/airflow/example_dags/example_sla_dag.py
[2025-05-04T04:04:08.352-0300] {processor.py:840} INFO - DAG(s) 'example_sla_dag' retrieved from /home/facuvega/Descargas/crypto-etl-airflow/airflow-apache/lib/python3.11/site-packages/airflow/example_dags/example_sla_dag.py
[2025-05-04T04:04:08.363-0300] {logging_mixin.py:188} INFO - [2025-05-04T04:04:08.363-0300] {dag.py:3096} INFO - Sync 1 DAGs
[2025-05-04T04:04:08.378-0300] {logging_mixin.py:188} INFO - [2025-05-04T04:04:08.378-0300] {dag.py:3954} INFO - Setting next_dagrun for example_sla_dag to 2025-05-04 07:02:00+00:00, run_after=2025-05-04 07:04:00+00:00
[2025-05-04T04:04:08.392-0300] {processor.py:183} INFO - Processing /home/facuvega/Descargas/crypto-etl-airflow/airflow-apache/lib/python3.11/site-packages/airflow/example_dags/example_sla_dag.py took 0.055 seconds
[2025-05-04T04:05:15.448-0300] {processor.py:161} INFO - Started process (PID=26265) to work on /home/facuvega/Descargas/crypto-etl-airflow/airflow-apache/lib/python3.11/site-packages/airflow/example_dags/example_sla_dag.py
[2025-05-04T04:05:15.449-0300] {processor.py:830} INFO - Processing file /home/facuvega/Descargas/crypto-etl-airflow/airflow-apache/lib/python3.11/site-packages/airflow/example_dags/example_sla_dag.py for tasks to queue
[2025-05-04T04:05:15.451-0300] {logging_mixin.py:188} INFO - [2025-05-04T04:05:15.451-0300] {dagbag.py:540} INFO - Filling up the DagBag from /home/facuvega/Descargas/crypto-etl-airflow/airflow-apache/lib/python3.11/site-packages/airflow/example_dags/example_sla_dag.py
[2025-05-04T04:05:15.460-0300] {processor.py:840} INFO - DAG(s) 'example_sla_dag' retrieved from /home/facuvega/Descargas/crypto-etl-airflow/airflow-apache/lib/python3.11/site-packages/airflow/example_dags/example_sla_dag.py
[2025-05-04T04:05:15.475-0300] {logging_mixin.py:188} INFO - [2025-05-04T04:05:15.475-0300] {dag.py:3096} INFO - Sync 1 DAGs
[2025-05-04T04:05:15.494-0300] {logging_mixin.py:188} INFO - [2025-05-04T04:05:15.494-0300] {dag.py:3954} INFO - Setting next_dagrun for example_sla_dag to 2025-05-04 07:02:00+00:00, run_after=2025-05-04 07:04:00+00:00
[2025-05-04T04:05:15.509-0300] {processor.py:183} INFO - Processing /home/facuvega/Descargas/crypto-etl-airflow/airflow-apache/lib/python3.11/site-packages/airflow/example_dags/example_sla_dag.py took 0.067 seconds
[2025-05-04T04:06:08.474-0300] {processor.py:161} INFO - Started process (PID=26501) to work on /home/facuvega/Descargas/crypto-etl-airflow/airflow-apache/lib/python3.11/site-packages/airflow/example_dags/example_sla_dag.py
[2025-05-04T04:06:08.474-0300] {processor.py:830} INFO - Processing file /home/facuvega/Descargas/crypto-etl-airflow/airflow-apache/lib/python3.11/site-packages/airflow/example_dags/example_sla_dag.py for tasks to queue
[2025-05-04T04:06:08.476-0300] {logging_mixin.py:188} INFO - [2025-05-04T04:06:08.476-0300] {dagbag.py:540} INFO - Filling up the DagBag from /home/facuvega/Descargas/crypto-etl-airflow/airflow-apache/lib/python3.11/site-packages/airflow/example_dags/example_sla_dag.py
[2025-05-04T04:06:08.484-0300] {processor.py:840} INFO - DAG(s) 'example_sla_dag' retrieved from /home/facuvega/Descargas/crypto-etl-airflow/airflow-apache/lib/python3.11/site-packages/airflow/example_dags/example_sla_dag.py
[2025-05-04T04:06:08.498-0300] {logging_mixin.py:188} INFO - [2025-05-04T04:06:08.498-0300] {dag.py:3096} INFO - Sync 1 DAGs
[2025-05-04T04:06:08.513-0300] {logging_mixin.py:188} INFO - [2025-05-04T04:06:08.513-0300] {dag.py:3954} INFO - Setting next_dagrun for example_sla_dag to 2025-05-04 07:04:00+00:00, run_after=2025-05-04 07:06:00+00:00
[2025-05-04T04:06:08.526-0300] {processor.py:183} INFO - Processing /home/facuvega/Descargas/crypto-etl-airflow/airflow-apache/lib/python3.11/site-packages/airflow/example_dags/example_sla_dag.py took 0.058 seconds
[2025-05-04T04:06:56.948-0300] {processor.py:161} INFO - Started process (PID=26796) to work on /home/facuvega/Descargas/crypto-etl-airflow/airflow-apache/lib/python3.11/site-packages/airflow/example_dags/example_sla_dag.py
[2025-05-04T04:06:56.949-0300] {processor.py:830} INFO - Processing file /home/facuvega/Descargas/crypto-etl-airflow/airflow-apache/lib/python3.11/site-packages/airflow/example_dags/example_sla_dag.py for tasks to queue
[2025-05-04T04:06:56.951-0300] {logging_mixin.py:188} INFO - [2025-05-04T04:06:56.951-0300] {dagbag.py:540} INFO - Filling up the DagBag from /home/facuvega/Descargas/crypto-etl-airflow/airflow-apache/lib/python3.11/site-packages/airflow/example_dags/example_sla_dag.py
[2025-05-04T04:06:56.959-0300] {processor.py:840} INFO - DAG(s) 'example_sla_dag' retrieved from /home/facuvega/Descargas/crypto-etl-airflow/airflow-apache/lib/python3.11/site-packages/airflow/example_dags/example_sla_dag.py
[2025-05-04T04:06:56.973-0300] {logging_mixin.py:188} INFO - [2025-05-04T04:06:56.973-0300] {dag.py:3096} INFO - Sync 1 DAGs
[2025-05-04T04:06:56.994-0300] {logging_mixin.py:188} INFO - [2025-05-04T04:06:56.994-0300] {dag.py:3954} INFO - Setting next_dagrun for example_sla_dag to 2025-05-04 07:04:00+00:00, run_after=2025-05-04 07:06:00+00:00
[2025-05-04T04:06:57.013-0300] {processor.py:183} INFO - Processing /home/facuvega/Descargas/crypto-etl-airflow/airflow-apache/lib/python3.11/site-packages/airflow/example_dags/example_sla_dag.py took 0.071 seconds
[2025-05-04T04:07:42.117-0300] {processor.py:161} INFO - Started process (PID=27010) to work on /home/facuvega/Descargas/crypto-etl-airflow/airflow-apache/lib/python3.11/site-packages/airflow/example_dags/example_sla_dag.py
[2025-05-04T04:07:42.118-0300] {processor.py:830} INFO - Processing file /home/facuvega/Descargas/crypto-etl-airflow/airflow-apache/lib/python3.11/site-packages/airflow/example_dags/example_sla_dag.py for tasks to queue
[2025-05-04T04:07:42.121-0300] {logging_mixin.py:188} INFO - [2025-05-04T04:07:42.120-0300] {dagbag.py:540} INFO - Filling up the DagBag from /home/facuvega/Descargas/crypto-etl-airflow/airflow-apache/lib/python3.11/site-packages/airflow/example_dags/example_sla_dag.py
[2025-05-04T04:07:42.131-0300] {processor.py:840} INFO - DAG(s) 'example_sla_dag' retrieved from /home/facuvega/Descargas/crypto-etl-airflow/airflow-apache/lib/python3.11/site-packages/airflow/example_dags/example_sla_dag.py
[2025-05-04T04:07:42.147-0300] {logging_mixin.py:188} INFO - [2025-05-04T04:07:42.147-0300] {dag.py:3096} INFO - Sync 1 DAGs
[2025-05-04T04:07:42.166-0300] {logging_mixin.py:188} INFO - [2025-05-04T04:07:42.166-0300] {dag.py:3954} INFO - Setting next_dagrun for example_sla_dag to 2025-05-04 07:04:00+00:00, run_after=2025-05-04 07:06:00+00:00
[2025-05-04T04:07:42.185-0300] {processor.py:183} INFO - Processing /home/facuvega/Descargas/crypto-etl-airflow/airflow-apache/lib/python3.11/site-packages/airflow/example_dags/example_sla_dag.py took 0.075 seconds
[2025-05-04T04:10:28.606-0300] {processor.py:161} INFO - Started process (PID=28770) to work on /home/facuvega/Descargas/crypto-etl-airflow/airflow-apache/lib/python3.11/site-packages/airflow/example_dags/example_sla_dag.py
[2025-05-04T04:10:28.608-0300] {processor.py:830} INFO - Processing file /home/facuvega/Descargas/crypto-etl-airflow/airflow-apache/lib/python3.11/site-packages/airflow/example_dags/example_sla_dag.py for tasks to queue
[2025-05-04T04:10:28.610-0300] {logging_mixin.py:188} INFO - [2025-05-04T04:10:28.609-0300] {dagbag.py:540} INFO - Filling up the DagBag from /home/facuvega/Descargas/crypto-etl-airflow/airflow-apache/lib/python3.11/site-packages/airflow/example_dags/example_sla_dag.py
[2025-05-04T04:10:28.621-0300] {processor.py:840} INFO - DAG(s) 'example_sla_dag' retrieved from /home/facuvega/Descargas/crypto-etl-airflow/airflow-apache/lib/python3.11/site-packages/airflow/example_dags/example_sla_dag.py
[2025-05-04T04:10:28.640-0300] {logging_mixin.py:188} INFO - [2025-05-04T04:10:28.640-0300] {dag.py:3096} INFO - Sync 1 DAGs
[2025-05-04T04:10:28.658-0300] {logging_mixin.py:188} INFO - [2025-05-04T04:10:28.658-0300] {dag.py:3954} INFO - Setting next_dagrun for example_sla_dag to 2025-05-04 07:08:00+00:00, run_after=2025-05-04 07:10:00+00:00
[2025-05-04T04:10:28.673-0300] {processor.py:183} INFO - Processing /home/facuvega/Descargas/crypto-etl-airflow/airflow-apache/lib/python3.11/site-packages/airflow/example_dags/example_sla_dag.py took 0.076 seconds
[2025-05-04T04:11:22.230-0300] {processor.py:161} INFO - Started process (PID=29227) to work on /home/facuvega/Descargas/crypto-etl-airflow/airflow-apache/lib/python3.11/site-packages/airflow/example_dags/example_sla_dag.py
[2025-05-04T04:11:22.231-0300] {processor.py:830} INFO - Processing file /home/facuvega/Descargas/crypto-etl-airflow/airflow-apache/lib/python3.11/site-packages/airflow/example_dags/example_sla_dag.py for tasks to queue
[2025-05-04T04:11:22.233-0300] {logging_mixin.py:188} INFO - [2025-05-04T04:11:22.232-0300] {dagbag.py:540} INFO - Filling up the DagBag from /home/facuvega/Descargas/crypto-etl-airflow/airflow-apache/lib/python3.11/site-packages/airflow/example_dags/example_sla_dag.py
[2025-05-04T04:11:22.240-0300] {processor.py:840} INFO - DAG(s) 'example_sla_dag' retrieved from /home/facuvega/Descargas/crypto-etl-airflow/airflow-apache/lib/python3.11/site-packages/airflow/example_dags/example_sla_dag.py
[2025-05-04T04:11:22.252-0300] {logging_mixin.py:188} INFO - [2025-05-04T04:11:22.252-0300] {dag.py:3096} INFO - Sync 1 DAGs
[2025-05-04T04:11:22.266-0300] {logging_mixin.py:188} INFO - [2025-05-04T04:11:22.266-0300] {dag.py:3954} INFO - Setting next_dagrun for example_sla_dag to 2025-05-04 07:08:00+00:00, run_after=2025-05-04 07:10:00+00:00
[2025-05-04T04:11:22.277-0300] {processor.py:183} INFO - Processing /home/facuvega/Descargas/crypto-etl-airflow/airflow-apache/lib/python3.11/site-packages/airflow/example_dags/example_sla_dag.py took 0.052 seconds
[2025-05-04T04:12:11.934-0300] {processor.py:161} INFO - Started process (PID=29446) to work on /home/facuvega/Descargas/crypto-etl-airflow/airflow-apache/lib/python3.11/site-packages/airflow/example_dags/example_sla_dag.py
[2025-05-04T04:12:11.935-0300] {processor.py:830} INFO - Processing file /home/facuvega/Descargas/crypto-etl-airflow/airflow-apache/lib/python3.11/site-packages/airflow/example_dags/example_sla_dag.py for tasks to queue
[2025-05-04T04:12:11.936-0300] {logging_mixin.py:188} INFO - [2025-05-04T04:12:11.936-0300] {dagbag.py:540} INFO - Filling up the DagBag from /home/facuvega/Descargas/crypto-etl-airflow/airflow-apache/lib/python3.11/site-packages/airflow/example_dags/example_sla_dag.py
[2025-05-04T04:12:11.943-0300] {processor.py:840} INFO - DAG(s) 'example_sla_dag' retrieved from /home/facuvega/Descargas/crypto-etl-airflow/airflow-apache/lib/python3.11/site-packages/airflow/example_dags/example_sla_dag.py
[2025-05-04T04:12:11.955-0300] {logging_mixin.py:188} INFO - [2025-05-04T04:12:11.955-0300] {dag.py:3096} INFO - Sync 1 DAGs
[2025-05-04T04:12:11.969-0300] {logging_mixin.py:188} INFO - [2025-05-04T04:12:11.969-0300] {dag.py:3954} INFO - Setting next_dagrun for example_sla_dag to 2025-05-04 07:10:00+00:00, run_after=2025-05-04 07:12:00+00:00
[2025-05-04T04:12:11.981-0300] {processor.py:183} INFO - Processing /home/facuvega/Descargas/crypto-etl-airflow/airflow-apache/lib/python3.11/site-packages/airflow/example_dags/example_sla_dag.py took 0.053 seconds
[2025-05-04T04:12:58.574-0300] {processor.py:161} INFO - Started process (PID=29663) to work on /home/facuvega/Descargas/crypto-etl-airflow/airflow-apache/lib/python3.11/site-packages/airflow/example_dags/example_sla_dag.py
[2025-05-04T04:12:58.575-0300] {processor.py:830} INFO - Processing file /home/facuvega/Descargas/crypto-etl-airflow/airflow-apache/lib/python3.11/site-packages/airflow/example_dags/example_sla_dag.py for tasks to queue
[2025-05-04T04:12:58.576-0300] {logging_mixin.py:188} INFO - [2025-05-04T04:12:58.576-0300] {dagbag.py:540} INFO - Filling up the DagBag from /home/facuvega/Descargas/crypto-etl-airflow/airflow-apache/lib/python3.11/site-packages/airflow/example_dags/example_sla_dag.py
[2025-05-04T04:12:58.583-0300] {processor.py:840} INFO - DAG(s) 'example_sla_dag' retrieved from /home/facuvega/Descargas/crypto-etl-airflow/airflow-apache/lib/python3.11/site-packages/airflow/example_dags/example_sla_dag.py
[2025-05-04T04:12:58.595-0300] {logging_mixin.py:188} INFO - [2025-05-04T04:12:58.595-0300] {dag.py:3096} INFO - Sync 1 DAGs
[2025-05-04T04:12:58.609-0300] {logging_mixin.py:188} INFO - [2025-05-04T04:12:58.609-0300] {dag.py:3954} INFO - Setting next_dagrun for example_sla_dag to 2025-05-04 07:10:00+00:00, run_after=2025-05-04 07:12:00+00:00
[2025-05-04T04:12:58.621-0300] {processor.py:183} INFO - Processing /home/facuvega/Descargas/crypto-etl-airflow/airflow-apache/lib/python3.11/site-packages/airflow/example_dags/example_sla_dag.py took 0.052 seconds
[2025-05-04T04:13:48.847-0300] {processor.py:161} INFO - Started process (PID=29888) to work on /home/facuvega/Descargas/crypto-etl-airflow/airflow-apache/lib/python3.11/site-packages/airflow/example_dags/example_sla_dag.py
[2025-05-04T04:13:48.848-0300] {processor.py:830} INFO - Processing file /home/facuvega/Descargas/crypto-etl-airflow/airflow-apache/lib/python3.11/site-packages/airflow/example_dags/example_sla_dag.py for tasks to queue
[2025-05-04T04:13:48.849-0300] {logging_mixin.py:188} INFO - [2025-05-04T04:13:48.849-0300] {dagbag.py:540} INFO - Filling up the DagBag from /home/facuvega/Descargas/crypto-etl-airflow/airflow-apache/lib/python3.11/site-packages/airflow/example_dags/example_sla_dag.py
[2025-05-04T04:13:48.856-0300] {processor.py:840} INFO - DAG(s) 'example_sla_dag' retrieved from /home/facuvega/Descargas/crypto-etl-airflow/airflow-apache/lib/python3.11/site-packages/airflow/example_dags/example_sla_dag.py
[2025-05-04T04:13:48.868-0300] {logging_mixin.py:188} INFO - [2025-05-04T04:13:48.868-0300] {dag.py:3096} INFO - Sync 1 DAGs
[2025-05-04T04:13:48.882-0300] {logging_mixin.py:188} INFO - [2025-05-04T04:13:48.882-0300] {dag.py:3954} INFO - Setting next_dagrun for example_sla_dag to 2025-05-04 07:10:00+00:00, run_after=2025-05-04 07:12:00+00:00
[2025-05-04T04:13:48.895-0300] {processor.py:183} INFO - Processing /home/facuvega/Descargas/crypto-etl-airflow/airflow-apache/lib/python3.11/site-packages/airflow/example_dags/example_sla_dag.py took 0.053 seconds
[2025-05-04T04:14:30.591-0300] {processor.py:161} INFO - Started process (PID=30079) to work on /home/facuvega/Descargas/crypto-etl-airflow/airflow-apache/lib/python3.11/site-packages/airflow/example_dags/example_sla_dag.py
[2025-05-04T04:14:30.592-0300] {processor.py:830} INFO - Processing file /home/facuvega/Descargas/crypto-etl-airflow/airflow-apache/lib/python3.11/site-packages/airflow/example_dags/example_sla_dag.py for tasks to queue
[2025-05-04T04:14:30.593-0300] {logging_mixin.py:188} INFO - [2025-05-04T04:14:30.593-0300] {dagbag.py:540} INFO - Filling up the DagBag from /home/facuvega/Descargas/crypto-etl-airflow/airflow-apache/lib/python3.11/site-packages/airflow/example_dags/example_sla_dag.py
[2025-05-04T04:14:30.600-0300] {processor.py:840} INFO - DAG(s) 'example_sla_dag' retrieved from /home/facuvega/Descargas/crypto-etl-airflow/airflow-apache/lib/python3.11/site-packages/airflow/example_dags/example_sla_dag.py
[2025-05-04T04:14:30.612-0300] {logging_mixin.py:188} INFO - [2025-05-04T04:14:30.612-0300] {dag.py:3096} INFO - Sync 1 DAGs
[2025-05-04T04:14:30.627-0300] {logging_mixin.py:188} INFO - [2025-05-04T04:14:30.627-0300] {dag.py:3954} INFO - Setting next_dagrun for example_sla_dag to 2025-05-04 07:12:00+00:00, run_after=2025-05-04 07:14:00+00:00
[2025-05-04T04:14:30.639-0300] {processor.py:183} INFO - Processing /home/facuvega/Descargas/crypto-etl-airflow/airflow-apache/lib/python3.11/site-packages/airflow/example_dags/example_sla_dag.py took 0.054 seconds
[2025-05-04T04:15:15.106-0300] {processor.py:161} INFO - Started process (PID=30317) to work on /home/facuvega/Descargas/crypto-etl-airflow/airflow-apache/lib/python3.11/site-packages/airflow/example_dags/example_sla_dag.py
[2025-05-04T04:15:15.107-0300] {processor.py:830} INFO - Processing file /home/facuvega/Descargas/crypto-etl-airflow/airflow-apache/lib/python3.11/site-packages/airflow/example_dags/example_sla_dag.py for tasks to queue
[2025-05-04T04:15:15.108-0300] {logging_mixin.py:188} INFO - [2025-05-04T04:15:15.108-0300] {dagbag.py:540} INFO - Filling up the DagBag from /home/facuvega/Descargas/crypto-etl-airflow/airflow-apache/lib/python3.11/site-packages/airflow/example_dags/example_sla_dag.py
[2025-05-04T04:15:15.115-0300] {processor.py:840} INFO - DAG(s) 'example_sla_dag' retrieved from /home/facuvega/Descargas/crypto-etl-airflow/airflow-apache/lib/python3.11/site-packages/airflow/example_dags/example_sla_dag.py
[2025-05-04T04:15:15.128-0300] {logging_mixin.py:188} INFO - [2025-05-04T04:15:15.128-0300] {dag.py:3096} INFO - Sync 1 DAGs
[2025-05-04T04:15:15.144-0300] {logging_mixin.py:188} INFO - [2025-05-04T04:15:15.144-0300] {dag.py:3954} INFO - Setting next_dagrun for example_sla_dag to 2025-05-04 07:12:00+00:00, run_after=2025-05-04 07:14:00+00:00
[2025-05-04T04:15:15.158-0300] {processor.py:183} INFO - Processing /home/facuvega/Descargas/crypto-etl-airflow/airflow-apache/lib/python3.11/site-packages/airflow/example_dags/example_sla_dag.py took 0.059 seconds
[2025-05-04T04:16:10.997-0300] {processor.py:161} INFO - Started process (PID=30646) to work on /home/facuvega/Descargas/crypto-etl-airflow/airflow-apache/lib/python3.11/site-packages/airflow/example_dags/example_sla_dag.py
[2025-05-04T04:16:10.998-0300] {processor.py:830} INFO - Processing file /home/facuvega/Descargas/crypto-etl-airflow/airflow-apache/lib/python3.11/site-packages/airflow/example_dags/example_sla_dag.py for tasks to queue
[2025-05-04T04:16:10.999-0300] {logging_mixin.py:188} INFO - [2025-05-04T04:16:10.999-0300] {dagbag.py:540} INFO - Filling up the DagBag from /home/facuvega/Descargas/crypto-etl-airflow/airflow-apache/lib/python3.11/site-packages/airflow/example_dags/example_sla_dag.py
[2025-05-04T04:16:11.007-0300] {processor.py:840} INFO - DAG(s) 'example_sla_dag' retrieved from /home/facuvega/Descargas/crypto-etl-airflow/airflow-apache/lib/python3.11/site-packages/airflow/example_dags/example_sla_dag.py
[2025-05-04T04:16:11.018-0300] {logging_mixin.py:188} INFO - [2025-05-04T04:16:11.018-0300] {dag.py:3096} INFO - Sync 1 DAGs
[2025-05-04T04:16:11.032-0300] {logging_mixin.py:188} INFO - [2025-05-04T04:16:11.032-0300] {dag.py:3954} INFO - Setting next_dagrun for example_sla_dag to 2025-05-04 07:14:00+00:00, run_after=2025-05-04 07:16:00+00:00
[2025-05-04T04:16:11.044-0300] {processor.py:183} INFO - Processing /home/facuvega/Descargas/crypto-etl-airflow/airflow-apache/lib/python3.11/site-packages/airflow/example_dags/example_sla_dag.py took 0.053 seconds
[2025-05-04T04:17:07.304-0300] {processor.py:161} INFO - Started process (PID=31208) to work on /home/facuvega/Descargas/crypto-etl-airflow/airflow-apache/lib/python3.11/site-packages/airflow/example_dags/example_sla_dag.py
[2025-05-04T04:17:07.305-0300] {processor.py:830} INFO - Processing file /home/facuvega/Descargas/crypto-etl-airflow/airflow-apache/lib/python3.11/site-packages/airflow/example_dags/example_sla_dag.py for tasks to queue
[2025-05-04T04:17:07.319-0300] {logging_mixin.py:188} INFO - [2025-05-04T04:17:07.307-0300] {dagbag.py:540} INFO - Filling up the DagBag from /home/facuvega/Descargas/crypto-etl-airflow/airflow-apache/lib/python3.11/site-packages/airflow/example_dags/example_sla_dag.py
[2025-05-04T04:17:07.464-0300] {processor.py:840} INFO - DAG(s) 'example_sla_dag' retrieved from /home/facuvega/Descargas/crypto-etl-airflow/airflow-apache/lib/python3.11/site-packages/airflow/example_dags/example_sla_dag.py
[2025-05-04T04:17:07.599-0300] {logging_mixin.py:188} INFO - [2025-05-04T04:17:07.599-0300] {dag.py:3096} INFO - Sync 1 DAGs
[2025-05-04T04:17:07.698-0300] {logging_mixin.py:188} INFO - [2025-05-04T04:17:07.698-0300] {dag.py:3954} INFO - Setting next_dagrun for example_sla_dag to 2025-05-04 07:14:00+00:00, run_after=2025-05-04 07:16:00+00:00
[2025-05-04T04:17:07.802-0300] {processor.py:183} INFO - Processing /home/facuvega/Descargas/crypto-etl-airflow/airflow-apache/lib/python3.11/site-packages/airflow/example_dags/example_sla_dag.py took 0.510 seconds
[2025-05-04T04:18:06.814-0300] {processor.py:161} INFO - Started process (PID=31566) to work on /home/facuvega/Descargas/crypto-etl-airflow/airflow-apache/lib/python3.11/site-packages/airflow/example_dags/example_sla_dag.py
[2025-05-04T04:18:06.815-0300] {processor.py:830} INFO - Processing file /home/facuvega/Descargas/crypto-etl-airflow/airflow-apache/lib/python3.11/site-packages/airflow/example_dags/example_sla_dag.py for tasks to queue
[2025-05-04T04:18:06.821-0300] {logging_mixin.py:188} INFO - [2025-05-04T04:18:06.818-0300] {dagbag.py:540} INFO - Filling up the DagBag from /home/facuvega/Descargas/crypto-etl-airflow/airflow-apache/lib/python3.11/site-packages/airflow/example_dags/example_sla_dag.py
[2025-05-04T04:18:06.860-0300] {processor.py:840} INFO - DAG(s) 'example_sla_dag' retrieved from /home/facuvega/Descargas/crypto-etl-airflow/airflow-apache/lib/python3.11/site-packages/airflow/example_dags/example_sla_dag.py
[2025-05-04T04:18:06.908-0300] {logging_mixin.py:188} INFO - [2025-05-04T04:18:06.907-0300] {dag.py:3096} INFO - Sync 1 DAGs
[2025-05-04T04:18:06.966-0300] {logging_mixin.py:188} INFO - [2025-05-04T04:18:06.966-0300] {dag.py:3954} INFO - Setting next_dagrun for example_sla_dag to 2025-05-04 07:16:00+00:00, run_after=2025-05-04 07:18:00+00:00
[2025-05-04T04:18:07.023-0300] {processor.py:183} INFO - Processing /home/facuvega/Descargas/crypto-etl-airflow/airflow-apache/lib/python3.11/site-packages/airflow/example_dags/example_sla_dag.py took 0.219 seconds
[2025-05-04T04:19:37.946-0300] {processor.py:161} INFO - Started process (PID=32813) to work on /home/facuvega/Descargas/crypto-etl-airflow/airflow-apache/lib/python3.11/site-packages/airflow/example_dags/example_sla_dag.py
[2025-05-04T04:19:37.948-0300] {processor.py:830} INFO - Processing file /home/facuvega/Descargas/crypto-etl-airflow/airflow-apache/lib/python3.11/site-packages/airflow/example_dags/example_sla_dag.py for tasks to queue
[2025-05-04T04:19:37.954-0300] {logging_mixin.py:188} INFO - [2025-05-04T04:19:37.954-0300] {dagbag.py:540} INFO - Filling up the DagBag from /home/facuvega/Descargas/crypto-etl-airflow/airflow-apache/lib/python3.11/site-packages/airflow/example_dags/example_sla_dag.py
[2025-05-04T04:19:37.984-0300] {processor.py:840} INFO - DAG(s) 'example_sla_dag' retrieved from /home/facuvega/Descargas/crypto-etl-airflow/airflow-apache/lib/python3.11/site-packages/airflow/example_dags/example_sla_dag.py
[2025-05-04T04:19:38.023-0300] {logging_mixin.py:188} INFO - [2025-05-04T04:19:38.023-0300] {dag.py:3096} INFO - Sync 1 DAGs
[2025-05-04T04:19:38.089-0300] {logging_mixin.py:188} INFO - [2025-05-04T04:19:38.089-0300] {dag.py:3954} INFO - Setting next_dagrun for example_sla_dag to 2025-05-04 07:16:00+00:00, run_after=2025-05-04 07:18:00+00:00
[2025-05-04T04:19:38.112-0300] {processor.py:183} INFO - Processing /home/facuvega/Descargas/crypto-etl-airflow/airflow-apache/lib/python3.11/site-packages/airflow/example_dags/example_sla_dag.py took 0.180 seconds
[2025-05-04T04:20:31.160-0300] {processor.py:161} INFO - Started process (PID=33054) to work on /home/facuvega/Descargas/crypto-etl-airflow/airflow-apache/lib/python3.11/site-packages/airflow/example_dags/example_sla_dag.py
[2025-05-04T04:20:31.161-0300] {processor.py:830} INFO - Processing file /home/facuvega/Descargas/crypto-etl-airflow/airflow-apache/lib/python3.11/site-packages/airflow/example_dags/example_sla_dag.py for tasks to queue
[2025-05-04T04:20:31.164-0300] {logging_mixin.py:188} INFO - [2025-05-04T04:20:31.164-0300] {dagbag.py:540} INFO - Filling up the DagBag from /home/facuvega/Descargas/crypto-etl-airflow/airflow-apache/lib/python3.11/site-packages/airflow/example_dags/example_sla_dag.py
[2025-05-04T04:20:31.176-0300] {processor.py:840} INFO - DAG(s) 'example_sla_dag' retrieved from /home/facuvega/Descargas/crypto-etl-airflow/airflow-apache/lib/python3.11/site-packages/airflow/example_dags/example_sla_dag.py
[2025-05-04T04:20:31.192-0300] {logging_mixin.py:188} INFO - [2025-05-04T04:20:31.192-0300] {dag.py:3096} INFO - Sync 1 DAGs
[2025-05-04T04:20:31.217-0300] {logging_mixin.py:188} INFO - [2025-05-04T04:20:31.216-0300] {dag.py:3954} INFO - Setting next_dagrun for example_sla_dag to 2025-05-04 07:18:00+00:00, run_after=2025-05-04 07:20:00+00:00
[2025-05-04T04:20:31.234-0300] {processor.py:183} INFO - Processing /home/facuvega/Descargas/crypto-etl-airflow/airflow-apache/lib/python3.11/site-packages/airflow/example_dags/example_sla_dag.py took 0.084 seconds
[2025-05-04T04:21:24.016-0300] {processor.py:161} INFO - Started process (PID=33290) to work on /home/facuvega/Descargas/crypto-etl-airflow/airflow-apache/lib/python3.11/site-packages/airflow/example_dags/example_sla_dag.py
[2025-05-04T04:21:24.017-0300] {processor.py:830} INFO - Processing file /home/facuvega/Descargas/crypto-etl-airflow/airflow-apache/lib/python3.11/site-packages/airflow/example_dags/example_sla_dag.py for tasks to queue
[2025-05-04T04:21:24.020-0300] {logging_mixin.py:188} INFO - [2025-05-04T04:21:24.019-0300] {dagbag.py:540} INFO - Filling up the DagBag from /home/facuvega/Descargas/crypto-etl-airflow/airflow-apache/lib/python3.11/site-packages/airflow/example_dags/example_sla_dag.py
[2025-05-04T04:21:24.030-0300] {processor.py:840} INFO - DAG(s) 'example_sla_dag' retrieved from /home/facuvega/Descargas/crypto-etl-airflow/airflow-apache/lib/python3.11/site-packages/airflow/example_dags/example_sla_dag.py
[2025-05-04T04:21:24.052-0300] {logging_mixin.py:188} INFO - [2025-05-04T04:21:24.051-0300] {dag.py:3096} INFO - Sync 1 DAGs
[2025-05-04T04:21:24.080-0300] {logging_mixin.py:188} INFO - [2025-05-04T04:21:24.079-0300] {dag.py:3954} INFO - Setting next_dagrun for example_sla_dag to 2025-05-04 07:18:00+00:00, run_after=2025-05-04 07:20:00+00:00
[2025-05-04T04:21:24.127-0300] {processor.py:183} INFO - Processing /home/facuvega/Descargas/crypto-etl-airflow/airflow-apache/lib/python3.11/site-packages/airflow/example_dags/example_sla_dag.py took 0.120 seconds
[2025-05-04T04:22:18.556-0300] {processor.py:161} INFO - Started process (PID=33963) to work on /home/facuvega/Descargas/crypto-etl-airflow/airflow-apache/lib/python3.11/site-packages/airflow/example_dags/example_sla_dag.py
[2025-05-04T04:22:18.557-0300] {processor.py:830} INFO - Processing file /home/facuvega/Descargas/crypto-etl-airflow/airflow-apache/lib/python3.11/site-packages/airflow/example_dags/example_sla_dag.py for tasks to queue
[2025-05-04T04:22:18.559-0300] {logging_mixin.py:188} INFO - [2025-05-04T04:22:18.559-0300] {dagbag.py:540} INFO - Filling up the DagBag from /home/facuvega/Descargas/crypto-etl-airflow/airflow-apache/lib/python3.11/site-packages/airflow/example_dags/example_sla_dag.py
[2025-05-04T04:22:18.572-0300] {processor.py:840} INFO - DAG(s) 'example_sla_dag' retrieved from /home/facuvega/Descargas/crypto-etl-airflow/airflow-apache/lib/python3.11/site-packages/airflow/example_dags/example_sla_dag.py
[2025-05-04T04:22:18.606-0300] {logging_mixin.py:188} INFO - [2025-05-04T04:22:18.605-0300] {dag.py:3096} INFO - Sync 1 DAGs
[2025-05-04T04:22:18.638-0300] {logging_mixin.py:188} INFO - [2025-05-04T04:22:18.638-0300] {dag.py:3954} INFO - Setting next_dagrun for example_sla_dag to 2025-05-04 07:20:00+00:00, run_after=2025-05-04 07:22:00+00:00
[2025-05-04T04:22:18.659-0300] {processor.py:183} INFO - Processing /home/facuvega/Descargas/crypto-etl-airflow/airflow-apache/lib/python3.11/site-packages/airflow/example_dags/example_sla_dag.py took 0.108 seconds
[2025-05-04T04:23:36.990-0300] {processor.py:161} INFO - Started process (PID=34898) to work on /home/facuvega/Descargas/crypto-etl-airflow/airflow-apache/lib/python3.11/site-packages/airflow/example_dags/example_sla_dag.py
[2025-05-04T04:23:36.992-0300] {processor.py:830} INFO - Processing file /home/facuvega/Descargas/crypto-etl-airflow/airflow-apache/lib/python3.11/site-packages/airflow/example_dags/example_sla_dag.py for tasks to queue
[2025-05-04T04:23:36.995-0300] {logging_mixin.py:188} INFO - [2025-05-04T04:23:36.994-0300] {dagbag.py:540} INFO - Filling up the DagBag from /home/facuvega/Descargas/crypto-etl-airflow/airflow-apache/lib/python3.11/site-packages/airflow/example_dags/example_sla_dag.py
[2025-05-04T04:23:37.013-0300] {processor.py:840} INFO - DAG(s) 'example_sla_dag' retrieved from /home/facuvega/Descargas/crypto-etl-airflow/airflow-apache/lib/python3.11/site-packages/airflow/example_dags/example_sla_dag.py
[2025-05-04T04:23:37.030-0300] {logging_mixin.py:188} INFO - [2025-05-04T04:23:37.030-0300] {dag.py:3096} INFO - Sync 1 DAGs
[2025-05-04T04:23:37.056-0300] {logging_mixin.py:188} INFO - [2025-05-04T04:23:37.056-0300] {dag.py:3954} INFO - Setting next_dagrun for example_sla_dag to 2025-05-04 07:20:00+00:00, run_after=2025-05-04 07:22:00+00:00
[2025-05-04T04:23:37.074-0300] {processor.py:183} INFO - Processing /home/facuvega/Descargas/crypto-etl-airflow/airflow-apache/lib/python3.11/site-packages/airflow/example_dags/example_sla_dag.py took 0.093 seconds
