[2025-05-04T03:51:20.260-0300] {processor.py:161} INFO - Started process (PID=19796) to work on /home/facuvega/Descargas/crypto-etl-airflow/airflow-apache/lib/python3.11/site-packages/airflow/example_dags/example_bash_operator.py
[2025-05-04T03:51:20.261-0300] {processor.py:830} INFO - Processing file /home/facuvega/Descargas/crypto-etl-airflow/airflow-apache/lib/python3.11/site-packages/airflow/example_dags/example_bash_operator.py for tasks to queue
[2025-05-04T03:51:20.262-0300] {logging_mixin.py:188} INFO - [2025-05-04T03:51:20.262-0300] {dagbag.py:540} INFO - Filling up the DagBag from /home/facuvega/Descargas/crypto-etl-airflow/airflow-apache/lib/python3.11/site-packages/airflow/example_dags/example_bash_operator.py
[2025-05-04T03:51:20.271-0300] {processor.py:840} INFO - DAG(s) 'example_bash_operator' retrieved from /home/facuvega/Descargas/crypto-etl-airflow/airflow-apache/lib/python3.11/site-packages/airflow/example_dags/example_bash_operator.py
[2025-05-04T03:51:20.287-0300] {logging_mixin.py:188} INFO - [2025-05-04T03:51:20.287-0300] {dag.py:3096} INFO - Sync 1 DAGs
[2025-05-04T03:51:20.300-0300] {logging_mixin.py:188} INFO - [2025-05-04T03:51:20.300-0300] {dag.py:3954} INFO - Setting next_dagrun for example_bash_operator to 2025-05-03 00:00:00+00:00, run_after=2025-05-04 00:00:00+00:00
[2025-05-04T03:51:20.312-0300] {processor.py:183} INFO - Processing /home/facuvega/Descargas/crypto-etl-airflow/airflow-apache/lib/python3.11/site-packages/airflow/example_dags/example_bash_operator.py took 0.057 seconds
[2025-05-04T03:52:26.151-0300] {processor.py:161} INFO - Started process (PID=20106) to work on /home/facuvega/Descargas/crypto-etl-airflow/airflow-apache/lib/python3.11/site-packages/airflow/example_dags/example_bash_operator.py
[2025-05-04T03:52:26.152-0300] {processor.py:830} INFO - Processing file /home/facuvega/Descargas/crypto-etl-airflow/airflow-apache/lib/python3.11/site-packages/airflow/example_dags/example_bash_operator.py for tasks to queue
[2025-05-04T03:52:26.154-0300] {logging_mixin.py:188} INFO - [2025-05-04T03:52:26.153-0300] {dagbag.py:540} INFO - Filling up the DagBag from /home/facuvega/Descargas/crypto-etl-airflow/airflow-apache/lib/python3.11/site-packages/airflow/example_dags/example_bash_operator.py
[2025-05-04T03:52:26.163-0300] {processor.py:840} INFO - DAG(s) 'example_bash_operator' retrieved from /home/facuvega/Descargas/crypto-etl-airflow/airflow-apache/lib/python3.11/site-packages/airflow/example_dags/example_bash_operator.py
[2025-05-04T03:52:26.177-0300] {logging_mixin.py:188} INFO - [2025-05-04T03:52:26.177-0300] {dag.py:3096} INFO - Sync 1 DAGs
[2025-05-04T03:52:26.191-0300] {logging_mixin.py:188} INFO - [2025-05-04T03:52:26.191-0300] {dag.py:3954} INFO - Setting next_dagrun for example_bash_operator to 2025-05-03 00:00:00+00:00, run_after=2025-05-04 00:00:00+00:00
[2025-05-04T03:52:26.203-0300] {processor.py:183} INFO - Processing /home/facuvega/Descargas/crypto-etl-airflow/airflow-apache/lib/python3.11/site-packages/airflow/example_dags/example_bash_operator.py took 0.056 seconds
[2025-05-04T03:53:39.887-0300] {processor.py:161} INFO - Started process (PID=20755) to work on /home/facuvega/Descargas/crypto-etl-airflow/airflow-apache/lib/python3.11/site-packages/airflow/example_dags/example_bash_operator.py
[2025-05-04T03:53:39.891-0300] {processor.py:830} INFO - Processing file /home/facuvega/Descargas/crypto-etl-airflow/airflow-apache/lib/python3.11/site-packages/airflow/example_dags/example_bash_operator.py for tasks to queue
[2025-05-04T03:53:39.895-0300] {logging_mixin.py:188} INFO - [2025-05-04T03:53:39.893-0300] {dagbag.py:540} INFO - Filling up the DagBag from /home/facuvega/Descargas/crypto-etl-airflow/airflow-apache/lib/python3.11/site-packages/airflow/example_dags/example_bash_operator.py
[2025-05-04T03:53:39.913-0300] {processor.py:840} INFO - DAG(s) 'example_bash_operator' retrieved from /home/facuvega/Descargas/crypto-etl-airflow/airflow-apache/lib/python3.11/site-packages/airflow/example_dags/example_bash_operator.py
[2025-05-04T03:53:39.958-0300] {logging_mixin.py:188} INFO - [2025-05-04T03:53:39.958-0300] {dag.py:3096} INFO - Sync 1 DAGs
[2025-05-04T03:53:40.006-0300] {logging_mixin.py:188} INFO - [2025-05-04T03:53:40.005-0300] {dag.py:3954} INFO - Setting next_dagrun for example_bash_operator to 2025-05-03 00:00:00+00:00, run_after=2025-05-04 00:00:00+00:00
[2025-05-04T03:53:40.052-0300] {processor.py:183} INFO - Processing /home/facuvega/Descargas/crypto-etl-airflow/airflow-apache/lib/python3.11/site-packages/airflow/example_dags/example_bash_operator.py took 0.173 seconds
[2025-05-04T03:54:46.357-0300] {processor.py:161} INFO - Started process (PID=21081) to work on /home/facuvega/Descargas/crypto-etl-airflow/airflow-apache/lib/python3.11/site-packages/airflow/example_dags/example_bash_operator.py
[2025-05-04T03:54:46.358-0300] {processor.py:830} INFO - Processing file /home/facuvega/Descargas/crypto-etl-airflow/airflow-apache/lib/python3.11/site-packages/airflow/example_dags/example_bash_operator.py for tasks to queue
[2025-05-04T03:54:46.359-0300] {logging_mixin.py:188} INFO - [2025-05-04T03:54:46.359-0300] {dagbag.py:540} INFO - Filling up the DagBag from /home/facuvega/Descargas/crypto-etl-airflow/airflow-apache/lib/python3.11/site-packages/airflow/example_dags/example_bash_operator.py
[2025-05-04T03:54:46.369-0300] {processor.py:840} INFO - DAG(s) 'example_bash_operator' retrieved from /home/facuvega/Descargas/crypto-etl-airflow/airflow-apache/lib/python3.11/site-packages/airflow/example_dags/example_bash_operator.py
[2025-05-04T03:54:46.387-0300] {logging_mixin.py:188} INFO - [2025-05-04T03:54:46.387-0300] {dag.py:3096} INFO - Sync 1 DAGs
[2025-05-04T03:54:46.404-0300] {logging_mixin.py:188} INFO - [2025-05-04T03:54:46.404-0300] {dag.py:3954} INFO - Setting next_dagrun for example_bash_operator to 2025-05-03 00:00:00+00:00, run_after=2025-05-04 00:00:00+00:00
[2025-05-04T03:54:46.419-0300] {processor.py:183} INFO - Processing /home/facuvega/Descargas/crypto-etl-airflow/airflow-apache/lib/python3.11/site-packages/airflow/example_dags/example_bash_operator.py took 0.067 seconds
[2025-05-04T03:55:57.844-0300] {processor.py:161} INFO - Started process (PID=21515) to work on /home/facuvega/Descargas/crypto-etl-airflow/airflow-apache/lib/python3.11/site-packages/airflow/example_dags/example_bash_operator.py
[2025-05-04T03:55:57.847-0300] {processor.py:830} INFO - Processing file /home/facuvega/Descargas/crypto-etl-airflow/airflow-apache/lib/python3.11/site-packages/airflow/example_dags/example_bash_operator.py for tasks to queue
[2025-05-04T03:55:57.852-0300] {logging_mixin.py:188} INFO - [2025-05-04T03:55:57.848-0300] {dagbag.py:540} INFO - Filling up the DagBag from /home/facuvega/Descargas/crypto-etl-airflow/airflow-apache/lib/python3.11/site-packages/airflow/example_dags/example_bash_operator.py
[2025-05-04T03:55:57.868-0300] {processor.py:840} INFO - DAG(s) 'example_bash_operator' retrieved from /home/facuvega/Descargas/crypto-etl-airflow/airflow-apache/lib/python3.11/site-packages/airflow/example_dags/example_bash_operator.py
[2025-05-04T03:55:57.890-0300] {logging_mixin.py:188} INFO - [2025-05-04T03:55:57.890-0300] {dag.py:3096} INFO - Sync 1 DAGs
[2025-05-04T03:55:57.910-0300] {logging_mixin.py:188} INFO - [2025-05-04T03:55:57.910-0300] {dag.py:3954} INFO - Setting next_dagrun for example_bash_operator to 2025-05-03 00:00:00+00:00, run_after=2025-05-04 00:00:00+00:00
[2025-05-04T03:55:57.925-0300] {processor.py:183} INFO - Processing /home/facuvega/Descargas/crypto-etl-airflow/airflow-apache/lib/python3.11/site-packages/airflow/example_dags/example_bash_operator.py took 0.089 seconds
[2025-05-04T03:56:56.536-0300] {processor.py:161} INFO - Started process (PID=21785) to work on /home/facuvega/Descargas/crypto-etl-airflow/airflow-apache/lib/python3.11/site-packages/airflow/example_dags/example_bash_operator.py
[2025-05-04T03:56:56.538-0300] {processor.py:830} INFO - Processing file /home/facuvega/Descargas/crypto-etl-airflow/airflow-apache/lib/python3.11/site-packages/airflow/example_dags/example_bash_operator.py for tasks to queue
[2025-05-04T03:56:56.542-0300] {logging_mixin.py:188} INFO - [2025-05-04T03:56:56.541-0300] {dagbag.py:540} INFO - Filling up the DagBag from /home/facuvega/Descargas/crypto-etl-airflow/airflow-apache/lib/python3.11/site-packages/airflow/example_dags/example_bash_operator.py
[2025-05-04T03:56:56.570-0300] {processor.py:840} INFO - DAG(s) 'example_bash_operator' retrieved from /home/facuvega/Descargas/crypto-etl-airflow/airflow-apache/lib/python3.11/site-packages/airflow/example_dags/example_bash_operator.py
[2025-05-04T03:56:56.624-0300] {logging_mixin.py:188} INFO - [2025-05-04T03:56:56.623-0300] {dag.py:3096} INFO - Sync 1 DAGs
[2025-05-04T03:56:56.652-0300] {logging_mixin.py:188} INFO - [2025-05-04T03:56:56.651-0300] {dag.py:3954} INFO - Setting next_dagrun for example_bash_operator to 2025-05-03 00:00:00+00:00, run_after=2025-05-04 00:00:00+00:00
[2025-05-04T03:56:56.672-0300] {processor.py:183} INFO - Processing /home/facuvega/Descargas/crypto-etl-airflow/airflow-apache/lib/python3.11/site-packages/airflow/example_dags/example_bash_operator.py took 0.142 seconds
[2025-05-04T03:58:44.543-0300] {processor.py:161} INFO - Started process (PID=22721) to work on /home/facuvega/Descargas/crypto-etl-airflow/airflow-apache/lib/python3.11/site-packages/airflow/example_dags/example_bash_operator.py
[2025-05-04T03:58:44.544-0300] {processor.py:830} INFO - Processing file /home/facuvega/Descargas/crypto-etl-airflow/airflow-apache/lib/python3.11/site-packages/airflow/example_dags/example_bash_operator.py for tasks to queue
[2025-05-04T03:58:44.545-0300] {logging_mixin.py:188} INFO - [2025-05-04T03:58:44.545-0300] {dagbag.py:540} INFO - Filling up the DagBag from /home/facuvega/Descargas/crypto-etl-airflow/airflow-apache/lib/python3.11/site-packages/airflow/example_dags/example_bash_operator.py
[2025-05-04T03:58:44.554-0300] {processor.py:840} INFO - DAG(s) 'example_bash_operator' retrieved from /home/facuvega/Descargas/crypto-etl-airflow/airflow-apache/lib/python3.11/site-packages/airflow/example_dags/example_bash_operator.py
[2025-05-04T03:58:44.570-0300] {logging_mixin.py:188} INFO - [2025-05-04T03:58:44.570-0300] {dag.py:3096} INFO - Sync 1 DAGs
[2025-05-04T03:58:44.584-0300] {logging_mixin.py:188} INFO - [2025-05-04T03:58:44.583-0300] {dag.py:3954} INFO - Setting next_dagrun for example_bash_operator to 2025-05-03 00:00:00+00:00, run_after=2025-05-04 00:00:00+00:00
[2025-05-04T03:58:44.596-0300] {processor.py:183} INFO - Processing /home/facuvega/Descargas/crypto-etl-airflow/airflow-apache/lib/python3.11/site-packages/airflow/example_dags/example_bash_operator.py took 0.058 seconds
[2025-05-04T04:00:18.693-0300] {processor.py:161} INFO - Started process (PID=23629) to work on /home/facuvega/Descargas/crypto-etl-airflow/airflow-apache/lib/python3.11/site-packages/airflow/example_dags/example_bash_operator.py
[2025-05-04T04:00:18.694-0300] {processor.py:830} INFO - Processing file /home/facuvega/Descargas/crypto-etl-airflow/airflow-apache/lib/python3.11/site-packages/airflow/example_dags/example_bash_operator.py for tasks to queue
[2025-05-04T04:00:18.696-0300] {logging_mixin.py:188} INFO - [2025-05-04T04:00:18.696-0300] {dagbag.py:540} INFO - Filling up the DagBag from /home/facuvega/Descargas/crypto-etl-airflow/airflow-apache/lib/python3.11/site-packages/airflow/example_dags/example_bash_operator.py
[2025-05-04T04:00:18.716-0300] {processor.py:840} INFO - DAG(s) 'example_bash_operator' retrieved from /home/facuvega/Descargas/crypto-etl-airflow/airflow-apache/lib/python3.11/site-packages/airflow/example_dags/example_bash_operator.py
[2025-05-04T04:00:18.746-0300] {logging_mixin.py:188} INFO - [2025-05-04T04:00:18.746-0300] {dag.py:3096} INFO - Sync 1 DAGs
[2025-05-04T04:00:18.776-0300] {logging_mixin.py:188} INFO - [2025-05-04T04:00:18.776-0300] {dag.py:3954} INFO - Setting next_dagrun for example_bash_operator to 2025-05-03 00:00:00+00:00, run_after=2025-05-04 00:00:00+00:00
[2025-05-04T04:00:18.811-0300] {processor.py:183} INFO - Processing /home/facuvega/Descargas/crypto-etl-airflow/airflow-apache/lib/python3.11/site-packages/airflow/example_dags/example_bash_operator.py took 0.127 seconds
[2025-05-04T04:01:13.902-0300] {processor.py:161} INFO - Started process (PID=23980) to work on /home/facuvega/Descargas/crypto-etl-airflow/airflow-apache/lib/python3.11/site-packages/airflow/example_dags/example_bash_operator.py
[2025-05-04T04:01:13.903-0300] {processor.py:830} INFO - Processing file /home/facuvega/Descargas/crypto-etl-airflow/airflow-apache/lib/python3.11/site-packages/airflow/example_dags/example_bash_operator.py for tasks to queue
[2025-05-04T04:01:13.905-0300] {logging_mixin.py:188} INFO - [2025-05-04T04:01:13.904-0300] {dagbag.py:540} INFO - Filling up the DagBag from /home/facuvega/Descargas/crypto-etl-airflow/airflow-apache/lib/python3.11/site-packages/airflow/example_dags/example_bash_operator.py
[2025-05-04T04:01:13.917-0300] {processor.py:840} INFO - DAG(s) 'example_bash_operator' retrieved from /home/facuvega/Descargas/crypto-etl-airflow/airflow-apache/lib/python3.11/site-packages/airflow/example_dags/example_bash_operator.py
[2025-05-04T04:01:13.938-0300] {logging_mixin.py:188} INFO - [2025-05-04T04:01:13.938-0300] {dag.py:3096} INFO - Sync 1 DAGs
[2025-05-04T04:01:13.954-0300] {logging_mixin.py:188} INFO - [2025-05-04T04:01:13.954-0300] {dag.py:3954} INFO - Setting next_dagrun for example_bash_operator to 2025-05-03 00:00:00+00:00, run_after=2025-05-04 00:00:00+00:00
[2025-05-04T04:01:13.967-0300] {processor.py:183} INFO - Processing /home/facuvega/Descargas/crypto-etl-airflow/airflow-apache/lib/python3.11/site-packages/airflow/example_dags/example_bash_operator.py took 0.071 seconds
[2025-05-04T04:03:49.610-0300] {processor.py:161} INFO - Started process (PID=25109) to work on /home/facuvega/Descargas/crypto-etl-airflow/airflow-apache/lib/python3.11/site-packages/airflow/example_dags/example_bash_operator.py
[2025-05-04T04:03:49.611-0300] {processor.py:830} INFO - Processing file /home/facuvega/Descargas/crypto-etl-airflow/airflow-apache/lib/python3.11/site-packages/airflow/example_dags/example_bash_operator.py for tasks to queue
[2025-05-04T04:03:49.613-0300] {logging_mixin.py:188} INFO - [2025-05-04T04:03:49.612-0300] {dagbag.py:540} INFO - Filling up the DagBag from /home/facuvega/Descargas/crypto-etl-airflow/airflow-apache/lib/python3.11/site-packages/airflow/example_dags/example_bash_operator.py
[2025-05-04T04:03:49.625-0300] {processor.py:840} INFO - DAG(s) 'example_bash_operator' retrieved from /home/facuvega/Descargas/crypto-etl-airflow/airflow-apache/lib/python3.11/site-packages/airflow/example_dags/example_bash_operator.py
[2025-05-04T04:03:49.642-0300] {logging_mixin.py:188} INFO - [2025-05-04T04:03:49.642-0300] {dag.py:3096} INFO - Sync 1 DAGs
[2025-05-04T04:03:49.655-0300] {logging_mixin.py:188} INFO - [2025-05-04T04:03:49.655-0300] {dag.py:3954} INFO - Setting next_dagrun for example_bash_operator to 2025-05-03 00:00:00+00:00, run_after=2025-05-04 00:00:00+00:00
[2025-05-04T04:03:49.667-0300] {processor.py:183} INFO - Processing /home/facuvega/Descargas/crypto-etl-airflow/airflow-apache/lib/python3.11/site-packages/airflow/example_dags/example_bash_operator.py took 0.061 seconds
[2025-05-04T04:05:37.435-0300] {processor.py:161} INFO - Started process (PID=26365) to work on /home/facuvega/Descargas/crypto-etl-airflow/airflow-apache/lib/python3.11/site-packages/airflow/example_dags/example_bash_operator.py
[2025-05-04T04:05:37.436-0300] {processor.py:830} INFO - Processing file /home/facuvega/Descargas/crypto-etl-airflow/airflow-apache/lib/python3.11/site-packages/airflow/example_dags/example_bash_operator.py for tasks to queue
[2025-05-04T04:05:37.438-0300] {logging_mixin.py:188} INFO - [2025-05-04T04:05:37.438-0300] {dagbag.py:540} INFO - Filling up the DagBag from /home/facuvega/Descargas/crypto-etl-airflow/airflow-apache/lib/python3.11/site-packages/airflow/example_dags/example_bash_operator.py
[2025-05-04T04:05:37.448-0300] {processor.py:840} INFO - DAG(s) 'example_bash_operator' retrieved from /home/facuvega/Descargas/crypto-etl-airflow/airflow-apache/lib/python3.11/site-packages/airflow/example_dags/example_bash_operator.py
[2025-05-04T04:05:37.466-0300] {logging_mixin.py:188} INFO - [2025-05-04T04:05:37.466-0300] {dag.py:3096} INFO - Sync 1 DAGs
[2025-05-04T04:05:37.481-0300] {logging_mixin.py:188} INFO - [2025-05-04T04:05:37.481-0300] {dag.py:3954} INFO - Setting next_dagrun for example_bash_operator to 2025-05-03 00:00:00+00:00, run_after=2025-05-04 00:00:00+00:00
[2025-05-04T04:05:37.496-0300] {processor.py:183} INFO - Processing /home/facuvega/Descargas/crypto-etl-airflow/airflow-apache/lib/python3.11/site-packages/airflow/example_dags/example_bash_operator.py took 0.068 seconds
[2025-05-04T04:06:50.089-0300] {processor.py:161} INFO - Started process (PID=26757) to work on /home/facuvega/Descargas/crypto-etl-airflow/airflow-apache/lib/python3.11/site-packages/airflow/example_dags/example_bash_operator.py
[2025-05-04T04:06:50.091-0300] {processor.py:830} INFO - Processing file /home/facuvega/Descargas/crypto-etl-airflow/airflow-apache/lib/python3.11/site-packages/airflow/example_dags/example_bash_operator.py for tasks to queue
[2025-05-04T04:06:50.094-0300] {logging_mixin.py:188} INFO - [2025-05-04T04:06:50.093-0300] {dagbag.py:540} INFO - Filling up the DagBag from /home/facuvega/Descargas/crypto-etl-airflow/airflow-apache/lib/python3.11/site-packages/airflow/example_dags/example_bash_operator.py
[2025-05-04T04:06:50.112-0300] {processor.py:840} INFO - DAG(s) 'example_bash_operator' retrieved from /home/facuvega/Descargas/crypto-etl-airflow/airflow-apache/lib/python3.11/site-packages/airflow/example_dags/example_bash_operator.py
[2025-05-04T04:06:50.140-0300] {logging_mixin.py:188} INFO - [2025-05-04T04:06:50.140-0300] {dag.py:3096} INFO - Sync 1 DAGs
[2025-05-04T04:06:50.164-0300] {logging_mixin.py:188} INFO - [2025-05-04T04:06:50.164-0300] {dag.py:3954} INFO - Setting next_dagrun for example_bash_operator to 2025-05-03 00:00:00+00:00, run_after=2025-05-04 00:00:00+00:00
[2025-05-04T04:06:50.189-0300] {processor.py:183} INFO - Processing /home/facuvega/Descargas/crypto-etl-airflow/airflow-apache/lib/python3.11/site-packages/airflow/example_dags/example_bash_operator.py took 0.110 seconds
[2025-05-04T04:07:58.579-0300] {processor.py:161} INFO - Started process (PID=27115) to work on /home/facuvega/Descargas/crypto-etl-airflow/airflow-apache/lib/python3.11/site-packages/airflow/example_dags/example_bash_operator.py
[2025-05-04T04:07:58.580-0300] {processor.py:830} INFO - Processing file /home/facuvega/Descargas/crypto-etl-airflow/airflow-apache/lib/python3.11/site-packages/airflow/example_dags/example_bash_operator.py for tasks to queue
[2025-05-04T04:07:58.582-0300] {logging_mixin.py:188} INFO - [2025-05-04T04:07:58.582-0300] {dagbag.py:540} INFO - Filling up the DagBag from /home/facuvega/Descargas/crypto-etl-airflow/airflow-apache/lib/python3.11/site-packages/airflow/example_dags/example_bash_operator.py
[2025-05-04T04:07:58.599-0300] {processor.py:840} INFO - DAG(s) 'example_bash_operator' retrieved from /home/facuvega/Descargas/crypto-etl-airflow/airflow-apache/lib/python3.11/site-packages/airflow/example_dags/example_bash_operator.py
[2025-05-04T04:07:58.617-0300] {logging_mixin.py:188} INFO - [2025-05-04T04:07:58.617-0300] {dag.py:3096} INFO - Sync 1 DAGs
[2025-05-04T04:07:58.641-0300] {logging_mixin.py:188} INFO - [2025-05-04T04:07:58.641-0300] {dag.py:3954} INFO - Setting next_dagrun for example_bash_operator to 2025-05-03 00:00:00+00:00, run_after=2025-05-04 00:00:00+00:00
[2025-05-04T04:07:58.673-0300] {processor.py:183} INFO - Processing /home/facuvega/Descargas/crypto-etl-airflow/airflow-apache/lib/python3.11/site-packages/airflow/example_dags/example_bash_operator.py took 0.100 seconds
[2025-05-04T04:11:01.096-0300] {processor.py:161} INFO - Started process (PID=29140) to work on /home/facuvega/Descargas/crypto-etl-airflow/airflow-apache/lib/python3.11/site-packages/airflow/example_dags/example_bash_operator.py
[2025-05-04T04:11:01.098-0300] {processor.py:830} INFO - Processing file /home/facuvega/Descargas/crypto-etl-airflow/airflow-apache/lib/python3.11/site-packages/airflow/example_dags/example_bash_operator.py for tasks to queue
[2025-05-04T04:11:01.104-0300] {logging_mixin.py:188} INFO - [2025-05-04T04:11:01.099-0300] {dagbag.py:540} INFO - Filling up the DagBag from /home/facuvega/Descargas/crypto-etl-airflow/airflow-apache/lib/python3.11/site-packages/airflow/example_dags/example_bash_operator.py
[2025-05-04T04:11:01.125-0300] {processor.py:840} INFO - DAG(s) 'example_bash_operator' retrieved from /home/facuvega/Descargas/crypto-etl-airflow/airflow-apache/lib/python3.11/site-packages/airflow/example_dags/example_bash_operator.py
[2025-05-04T04:11:01.162-0300] {logging_mixin.py:188} INFO - [2025-05-04T04:11:01.161-0300] {dag.py:3096} INFO - Sync 1 DAGs
[2025-05-04T04:11:01.192-0300] {logging_mixin.py:188} INFO - [2025-05-04T04:11:01.192-0300] {dag.py:3954} INFO - Setting next_dagrun for example_bash_operator to 2025-05-03 00:00:00+00:00, run_after=2025-05-04 00:00:00+00:00
[2025-05-04T04:11:01.269-0300] {processor.py:183} INFO - Processing /home/facuvega/Descargas/crypto-etl-airflow/airflow-apache/lib/python3.11/site-packages/airflow/example_dags/example_bash_operator.py took 0.181 seconds
[2025-05-04T04:12:16.500-0300] {processor.py:161} INFO - Started process (PID=29474) to work on /home/facuvega/Descargas/crypto-etl-airflow/airflow-apache/lib/python3.11/site-packages/airflow/example_dags/example_bash_operator.py
[2025-05-04T04:12:16.501-0300] {processor.py:830} INFO - Processing file /home/facuvega/Descargas/crypto-etl-airflow/airflow-apache/lib/python3.11/site-packages/airflow/example_dags/example_bash_operator.py for tasks to queue
[2025-05-04T04:12:16.503-0300] {logging_mixin.py:188} INFO - [2025-05-04T04:12:16.503-0300] {dagbag.py:540} INFO - Filling up the DagBag from /home/facuvega/Descargas/crypto-etl-airflow/airflow-apache/lib/python3.11/site-packages/airflow/example_dags/example_bash_operator.py
[2025-05-04T04:12:16.512-0300] {processor.py:840} INFO - DAG(s) 'example_bash_operator' retrieved from /home/facuvega/Descargas/crypto-etl-airflow/airflow-apache/lib/python3.11/site-packages/airflow/example_dags/example_bash_operator.py
[2025-05-04T04:12:16.527-0300] {logging_mixin.py:188} INFO - [2025-05-04T04:12:16.527-0300] {dag.py:3096} INFO - Sync 1 DAGs
[2025-05-04T04:12:16.540-0300] {logging_mixin.py:188} INFO - [2025-05-04T04:12:16.540-0300] {dag.py:3954} INFO - Setting next_dagrun for example_bash_operator to 2025-05-03 00:00:00+00:00, run_after=2025-05-04 00:00:00+00:00
[2025-05-04T04:12:16.553-0300] {processor.py:183} INFO - Processing /home/facuvega/Descargas/crypto-etl-airflow/airflow-apache/lib/python3.11/site-packages/airflow/example_dags/example_bash_operator.py took 0.057 seconds
[2025-05-04T04:13:22.583-0300] {processor.py:161} INFO - Started process (PID=29770) to work on /home/facuvega/Descargas/crypto-etl-airflow/airflow-apache/lib/python3.11/site-packages/airflow/example_dags/example_bash_operator.py
[2025-05-04T04:13:22.584-0300] {processor.py:830} INFO - Processing file /home/facuvega/Descargas/crypto-etl-airflow/airflow-apache/lib/python3.11/site-packages/airflow/example_dags/example_bash_operator.py for tasks to queue
[2025-05-04T04:13:22.585-0300] {logging_mixin.py:188} INFO - [2025-05-04T04:13:22.585-0300] {dagbag.py:540} INFO - Filling up the DagBag from /home/facuvega/Descargas/crypto-etl-airflow/airflow-apache/lib/python3.11/site-packages/airflow/example_dags/example_bash_operator.py
[2025-05-04T04:13:22.595-0300] {processor.py:840} INFO - DAG(s) 'example_bash_operator' retrieved from /home/facuvega/Descargas/crypto-etl-airflow/airflow-apache/lib/python3.11/site-packages/airflow/example_dags/example_bash_operator.py
[2025-05-04T04:13:22.613-0300] {logging_mixin.py:188} INFO - [2025-05-04T04:13:22.613-0300] {dag.py:3096} INFO - Sync 1 DAGs
[2025-05-04T04:13:22.628-0300] {logging_mixin.py:188} INFO - [2025-05-04T04:13:22.628-0300] {dag.py:3954} INFO - Setting next_dagrun for example_bash_operator to 2025-05-03 00:00:00+00:00, run_after=2025-05-04 00:00:00+00:00
[2025-05-04T04:13:22.641-0300] {processor.py:183} INFO - Processing /home/facuvega/Descargas/crypto-etl-airflow/airflow-apache/lib/python3.11/site-packages/airflow/example_dags/example_bash_operator.py took 0.063 seconds
[2025-05-04T04:14:24.129-0300] {processor.py:161} INFO - Started process (PID=30048) to work on /home/facuvega/Descargas/crypto-etl-airflow/airflow-apache/lib/python3.11/site-packages/airflow/example_dags/example_bash_operator.py
[2025-05-04T04:14:24.130-0300] {processor.py:830} INFO - Processing file /home/facuvega/Descargas/crypto-etl-airflow/airflow-apache/lib/python3.11/site-packages/airflow/example_dags/example_bash_operator.py for tasks to queue
[2025-05-04T04:14:24.132-0300] {logging_mixin.py:188} INFO - [2025-05-04T04:14:24.131-0300] {dagbag.py:540} INFO - Filling up the DagBag from /home/facuvega/Descargas/crypto-etl-airflow/airflow-apache/lib/python3.11/site-packages/airflow/example_dags/example_bash_operator.py
[2025-05-04T04:14:24.141-0300] {processor.py:840} INFO - DAG(s) 'example_bash_operator' retrieved from /home/facuvega/Descargas/crypto-etl-airflow/airflow-apache/lib/python3.11/site-packages/airflow/example_dags/example_bash_operator.py
[2025-05-04T04:14:24.156-0300] {logging_mixin.py:188} INFO - [2025-05-04T04:14:24.156-0300] {dag.py:3096} INFO - Sync 1 DAGs
[2025-05-04T04:14:24.169-0300] {logging_mixin.py:188} INFO - [2025-05-04T04:14:24.169-0300] {dag.py:3954} INFO - Setting next_dagrun for example_bash_operator to 2025-05-03 00:00:00+00:00, run_after=2025-05-04 00:00:00+00:00
[2025-05-04T04:14:24.181-0300] {processor.py:183} INFO - Processing /home/facuvega/Descargas/crypto-etl-airflow/airflow-apache/lib/python3.11/site-packages/airflow/example_dags/example_bash_operator.py took 0.057 seconds
[2025-05-04T04:15:34.784-0300] {processor.py:161} INFO - Started process (PID=30479) to work on /home/facuvega/Descargas/crypto-etl-airflow/airflow-apache/lib/python3.11/site-packages/airflow/example_dags/example_bash_operator.py
[2025-05-04T04:15:34.785-0300] {processor.py:830} INFO - Processing file /home/facuvega/Descargas/crypto-etl-airflow/airflow-apache/lib/python3.11/site-packages/airflow/example_dags/example_bash_operator.py for tasks to queue
[2025-05-04T04:15:34.786-0300] {logging_mixin.py:188} INFO - [2025-05-04T04:15:34.786-0300] {dagbag.py:540} INFO - Filling up the DagBag from /home/facuvega/Descargas/crypto-etl-airflow/airflow-apache/lib/python3.11/site-packages/airflow/example_dags/example_bash_operator.py
[2025-05-04T04:15:34.795-0300] {processor.py:840} INFO - DAG(s) 'example_bash_operator' retrieved from /home/facuvega/Descargas/crypto-etl-airflow/airflow-apache/lib/python3.11/site-packages/airflow/example_dags/example_bash_operator.py
[2025-05-04T04:15:34.810-0300] {logging_mixin.py:188} INFO - [2025-05-04T04:15:34.810-0300] {dag.py:3096} INFO - Sync 1 DAGs
[2025-05-04T04:15:34.823-0300] {logging_mixin.py:188} INFO - [2025-05-04T04:15:34.823-0300] {dag.py:3954} INFO - Setting next_dagrun for example_bash_operator to 2025-05-03 00:00:00+00:00, run_after=2025-05-04 00:00:00+00:00
[2025-05-04T04:15:34.836-0300] {processor.py:183} INFO - Processing /home/facuvega/Descargas/crypto-etl-airflow/airflow-apache/lib/python3.11/site-packages/airflow/example_dags/example_bash_operator.py took 0.057 seconds
[2025-05-04T04:17:43.636-0300] {processor.py:161} INFO - Started process (PID=31420) to work on /home/facuvega/Descargas/crypto-etl-airflow/airflow-apache/lib/python3.11/site-packages/airflow/example_dags/example_bash_operator.py
[2025-05-04T04:17:43.638-0300] {processor.py:830} INFO - Processing file /home/facuvega/Descargas/crypto-etl-airflow/airflow-apache/lib/python3.11/site-packages/airflow/example_dags/example_bash_operator.py for tasks to queue
[2025-05-04T04:17:43.641-0300] {logging_mixin.py:188} INFO - [2025-05-04T04:17:43.640-0300] {dagbag.py:540} INFO - Filling up the DagBag from /home/facuvega/Descargas/crypto-etl-airflow/airflow-apache/lib/python3.11/site-packages/airflow/example_dags/example_bash_operator.py
[2025-05-04T04:17:43.657-0300] {processor.py:840} INFO - DAG(s) 'example_bash_operator' retrieved from /home/facuvega/Descargas/crypto-etl-airflow/airflow-apache/lib/python3.11/site-packages/airflow/example_dags/example_bash_operator.py
[2025-05-04T04:17:43.684-0300] {logging_mixin.py:188} INFO - [2025-05-04T04:17:43.684-0300] {dag.py:3096} INFO - Sync 1 DAGs
[2025-05-04T04:17:43.709-0300] {logging_mixin.py:188} INFO - [2025-05-04T04:17:43.709-0300] {dag.py:3954} INFO - Setting next_dagrun for example_bash_operator to 2025-05-03 00:00:00+00:00, run_after=2025-05-04 00:00:00+00:00
[2025-05-04T04:17:43.729-0300] {processor.py:183} INFO - Processing /home/facuvega/Descargas/crypto-etl-airflow/airflow-apache/lib/python3.11/site-packages/airflow/example_dags/example_bash_operator.py took 0.102 seconds
[2025-05-04T04:19:16.529-0300] {processor.py:161} INFO - Started process (PID=32610) to work on /home/facuvega/Descargas/crypto-etl-airflow/airflow-apache/lib/python3.11/site-packages/airflow/example_dags/example_bash_operator.py
[2025-05-04T04:19:16.530-0300] {processor.py:830} INFO - Processing file /home/facuvega/Descargas/crypto-etl-airflow/airflow-apache/lib/python3.11/site-packages/airflow/example_dags/example_bash_operator.py for tasks to queue
[2025-05-04T04:19:16.532-0300] {logging_mixin.py:188} INFO - [2025-05-04T04:19:16.532-0300] {dagbag.py:540} INFO - Filling up the DagBag from /home/facuvega/Descargas/crypto-etl-airflow/airflow-apache/lib/python3.11/site-packages/airflow/example_dags/example_bash_operator.py
[2025-05-04T04:19:16.544-0300] {processor.py:840} INFO - DAG(s) 'example_bash_operator' retrieved from /home/facuvega/Descargas/crypto-etl-airflow/airflow-apache/lib/python3.11/site-packages/airflow/example_dags/example_bash_operator.py
[2025-05-04T04:19:16.562-0300] {logging_mixin.py:188} INFO - [2025-05-04T04:19:16.562-0300] {dag.py:3096} INFO - Sync 1 DAGs
[2025-05-04T04:19:16.580-0300] {logging_mixin.py:188} INFO - [2025-05-04T04:19:16.579-0300] {dag.py:3954} INFO - Setting next_dagrun for example_bash_operator to 2025-05-03 00:00:00+00:00, run_after=2025-05-04 00:00:00+00:00
[2025-05-04T04:19:16.594-0300] {processor.py:183} INFO - Processing /home/facuvega/Descargas/crypto-etl-airflow/airflow-apache/lib/python3.11/site-packages/airflow/example_dags/example_bash_operator.py took 0.073 seconds
[2025-05-04T04:20:14.427-0300] {processor.py:161} INFO - Started process (PID=32978) to work on /home/facuvega/Descargas/crypto-etl-airflow/airflow-apache/lib/python3.11/site-packages/airflow/example_dags/example_bash_operator.py
[2025-05-04T04:20:14.429-0300] {processor.py:830} INFO - Processing file /home/facuvega/Descargas/crypto-etl-airflow/airflow-apache/lib/python3.11/site-packages/airflow/example_dags/example_bash_operator.py for tasks to queue
[2025-05-04T04:20:14.431-0300] {logging_mixin.py:188} INFO - [2025-05-04T04:20:14.430-0300] {dagbag.py:540} INFO - Filling up the DagBag from /home/facuvega/Descargas/crypto-etl-airflow/airflow-apache/lib/python3.11/site-packages/airflow/example_dags/example_bash_operator.py
[2025-05-04T04:20:14.442-0300] {processor.py:840} INFO - DAG(s) 'example_bash_operator' retrieved from /home/facuvega/Descargas/crypto-etl-airflow/airflow-apache/lib/python3.11/site-packages/airflow/example_dags/example_bash_operator.py
[2025-05-04T04:20:14.458-0300] {logging_mixin.py:188} INFO - [2025-05-04T04:20:14.458-0300] {dag.py:3096} INFO - Sync 1 DAGs
[2025-05-04T04:20:14.474-0300] {logging_mixin.py:188} INFO - [2025-05-04T04:20:14.474-0300] {dag.py:3954} INFO - Setting next_dagrun for example_bash_operator to 2025-05-03 00:00:00+00:00, run_after=2025-05-04 00:00:00+00:00
[2025-05-04T04:20:14.489-0300] {processor.py:183} INFO - Processing /home/facuvega/Descargas/crypto-etl-airflow/airflow-apache/lib/python3.11/site-packages/airflow/example_dags/example_bash_operator.py took 0.068 seconds
[2025-05-04T04:21:18.600-0300] {processor.py:161} INFO - Started process (PID=33270) to work on /home/facuvega/Descargas/crypto-etl-airflow/airflow-apache/lib/python3.11/site-packages/airflow/example_dags/example_bash_operator.py
[2025-05-04T04:21:18.601-0300] {processor.py:830} INFO - Processing file /home/facuvega/Descargas/crypto-etl-airflow/airflow-apache/lib/python3.11/site-packages/airflow/example_dags/example_bash_operator.py for tasks to queue
[2025-05-04T04:21:18.604-0300] {logging_mixin.py:188} INFO - [2025-05-04T04:21:18.603-0300] {dagbag.py:540} INFO - Filling up the DagBag from /home/facuvega/Descargas/crypto-etl-airflow/airflow-apache/lib/python3.11/site-packages/airflow/example_dags/example_bash_operator.py
[2025-05-04T04:21:18.617-0300] {processor.py:840} INFO - DAG(s) 'example_bash_operator' retrieved from /home/facuvega/Descargas/crypto-etl-airflow/airflow-apache/lib/python3.11/site-packages/airflow/example_dags/example_bash_operator.py
[2025-05-04T04:21:18.639-0300] {logging_mixin.py:188} INFO - [2025-05-04T04:21:18.638-0300] {dag.py:3096} INFO - Sync 1 DAGs
[2025-05-04T04:21:18.658-0300] {logging_mixin.py:188} INFO - [2025-05-04T04:21:18.657-0300] {dag.py:3954} INFO - Setting next_dagrun for example_bash_operator to 2025-05-03 00:00:00+00:00, run_after=2025-05-04 00:00:00+00:00
[2025-05-04T04:21:18.672-0300] {processor.py:183} INFO - Processing /home/facuvega/Descargas/crypto-etl-airflow/airflow-apache/lib/python3.11/site-packages/airflow/example_dags/example_bash_operator.py took 0.079 seconds
[2025-05-04T04:22:52.663-0300] {processor.py:161} INFO - Started process (PID=34153) to work on /home/facuvega/Descargas/crypto-etl-airflow/airflow-apache/lib/python3.11/site-packages/airflow/example_dags/example_bash_operator.py
[2025-05-04T04:22:52.664-0300] {processor.py:830} INFO - Processing file /home/facuvega/Descargas/crypto-etl-airflow/airflow-apache/lib/python3.11/site-packages/airflow/example_dags/example_bash_operator.py for tasks to queue
[2025-05-04T04:22:52.666-0300] {logging_mixin.py:188} INFO - [2025-05-04T04:22:52.665-0300] {dagbag.py:540} INFO - Filling up the DagBag from /home/facuvega/Descargas/crypto-etl-airflow/airflow-apache/lib/python3.11/site-packages/airflow/example_dags/example_bash_operator.py
[2025-05-04T04:22:52.675-0300] {processor.py:840} INFO - DAG(s) 'example_bash_operator' retrieved from /home/facuvega/Descargas/crypto-etl-airflow/airflow-apache/lib/python3.11/site-packages/airflow/example_dags/example_bash_operator.py
[2025-05-04T04:22:52.690-0300] {logging_mixin.py:188} INFO - [2025-05-04T04:22:52.690-0300] {dag.py:3096} INFO - Sync 1 DAGs
[2025-05-04T04:22:52.704-0300] {logging_mixin.py:188} INFO - [2025-05-04T04:22:52.703-0300] {dag.py:3954} INFO - Setting next_dagrun for example_bash_operator to 2025-05-03 00:00:00+00:00, run_after=2025-05-04 00:00:00+00:00
[2025-05-04T04:22:52.716-0300] {processor.py:183} INFO - Processing /home/facuvega/Descargas/crypto-etl-airflow/airflow-apache/lib/python3.11/site-packages/airflow/example_dags/example_bash_operator.py took 0.058 seconds
