[2025-05-04T03:50:53.159-0300] {processor.py:161} INFO - Started process (PID=19680) to work on /home/facuvega/Descargas/crypto-etl-airflow/airflow-apache/lib/python3.11/site-packages/airflow/example_dags/example_short_circuit_decorator.py
[2025-05-04T03:50:53.160-0300] {processor.py:830} INFO - Processing file /home/facuvega/Descargas/crypto-etl-airflow/airflow-apache/lib/python3.11/site-packages/airflow/example_dags/example_short_circuit_decorator.py for tasks to queue
[2025-05-04T03:50:53.161-0300] {logging_mixin.py:188} INFO - [2025-05-04T03:50:53.161-0300] {dagbag.py:540} INFO - Filling up the DagBag from /home/facuvega/Descargas/crypto-etl-airflow/airflow-apache/lib/python3.11/site-packages/airflow/example_dags/example_short_circuit_decorator.py
[2025-05-04T03:50:53.169-0300] {processor.py:840} INFO - DAG(s) 'example_short_circuit_decorator' retrieved from /home/facuvega/Descargas/crypto-etl-airflow/airflow-apache/lib/python3.11/site-packages/airflow/example_dags/example_short_circuit_decorator.py
[2025-05-04T03:50:53.185-0300] {logging_mixin.py:188} INFO - [2025-05-04T03:50:53.185-0300] {dag.py:3096} INFO - Sync 1 DAGs
[2025-05-04T03:50:53.197-0300] {logging_mixin.py:188} INFO - [2025-05-04T03:50:53.197-0300] {dag.py:3954} INFO - Setting next_dagrun for example_short_circuit_decorator to 2025-05-03 00:00:00+00:00, run_after=2025-05-04 00:00:00+00:00
[2025-05-04T03:50:53.212-0300] {processor.py:183} INFO - Processing /home/facuvega/Descargas/crypto-etl-airflow/airflow-apache/lib/python3.11/site-packages/airflow/example_dags/example_short_circuit_decorator.py took 0.058 seconds
[2025-05-04T03:51:44.778-0300] {processor.py:161} INFO - Started process (PID=19906) to work on /home/facuvega/Descargas/crypto-etl-airflow/airflow-apache/lib/python3.11/site-packages/airflow/example_dags/example_short_circuit_decorator.py
[2025-05-04T03:51:44.779-0300] {processor.py:830} INFO - Processing file /home/facuvega/Descargas/crypto-etl-airflow/airflow-apache/lib/python3.11/site-packages/airflow/example_dags/example_short_circuit_decorator.py for tasks to queue
[2025-05-04T03:51:44.780-0300] {logging_mixin.py:188} INFO - [2025-05-04T03:51:44.780-0300] {dagbag.py:540} INFO - Filling up the DagBag from /home/facuvega/Descargas/crypto-etl-airflow/airflow-apache/lib/python3.11/site-packages/airflow/example_dags/example_short_circuit_decorator.py
[2025-05-04T03:51:44.788-0300] {processor.py:840} INFO - DAG(s) 'example_short_circuit_decorator' retrieved from /home/facuvega/Descargas/crypto-etl-airflow/airflow-apache/lib/python3.11/site-packages/airflow/example_dags/example_short_circuit_decorator.py
[2025-05-04T03:51:44.802-0300] {logging_mixin.py:188} INFO - [2025-05-04T03:51:44.802-0300] {dag.py:3096} INFO - Sync 1 DAGs
[2025-05-04T03:51:44.820-0300] {logging_mixin.py:188} INFO - [2025-05-04T03:51:44.819-0300] {dag.py:3954} INFO - Setting next_dagrun for example_short_circuit_decorator to 2025-05-03 00:00:00+00:00, run_after=2025-05-04 00:00:00+00:00
[2025-05-04T03:51:44.836-0300] {processor.py:183} INFO - Processing /home/facuvega/Descargas/crypto-etl-airflow/airflow-apache/lib/python3.11/site-packages/airflow/example_dags/example_short_circuit_decorator.py took 0.063 seconds
[2025-05-04T03:52:36.451-0300] {processor.py:161} INFO - Started process (PID=20155) to work on /home/facuvega/Descargas/crypto-etl-airflow/airflow-apache/lib/python3.11/site-packages/airflow/example_dags/example_short_circuit_decorator.py
[2025-05-04T03:52:36.452-0300] {processor.py:830} INFO - Processing file /home/facuvega/Descargas/crypto-etl-airflow/airflow-apache/lib/python3.11/site-packages/airflow/example_dags/example_short_circuit_decorator.py for tasks to queue
[2025-05-04T03:52:36.454-0300] {logging_mixin.py:188} INFO - [2025-05-04T03:52:36.454-0300] {dagbag.py:540} INFO - Filling up the DagBag from /home/facuvega/Descargas/crypto-etl-airflow/airflow-apache/lib/python3.11/site-packages/airflow/example_dags/example_short_circuit_decorator.py
[2025-05-04T03:52:36.463-0300] {processor.py:840} INFO - DAG(s) 'example_short_circuit_decorator' retrieved from /home/facuvega/Descargas/crypto-etl-airflow/airflow-apache/lib/python3.11/site-packages/airflow/example_dags/example_short_circuit_decorator.py
[2025-05-04T03:52:36.479-0300] {logging_mixin.py:188} INFO - [2025-05-04T03:52:36.479-0300] {dag.py:3096} INFO - Sync 1 DAGs
[2025-05-04T03:52:36.494-0300] {logging_mixin.py:188} INFO - [2025-05-04T03:52:36.494-0300] {dag.py:3954} INFO - Setting next_dagrun for example_short_circuit_decorator to 2025-05-03 00:00:00+00:00, run_after=2025-05-04 00:00:00+00:00
[2025-05-04T03:52:36.520-0300] {processor.py:183} INFO - Processing /home/facuvega/Descargas/crypto-etl-airflow/airflow-apache/lib/python3.11/site-packages/airflow/example_dags/example_short_circuit_decorator.py took 0.074 seconds
[2025-05-04T03:53:23.658-0300] {processor.py:161} INFO - Started process (PID=20563) to work on /home/facuvega/Descargas/crypto-etl-airflow/airflow-apache/lib/python3.11/site-packages/airflow/example_dags/example_short_circuit_decorator.py
[2025-05-04T03:53:23.659-0300] {processor.py:830} INFO - Processing file /home/facuvega/Descargas/crypto-etl-airflow/airflow-apache/lib/python3.11/site-packages/airflow/example_dags/example_short_circuit_decorator.py for tasks to queue
[2025-05-04T03:53:23.661-0300] {logging_mixin.py:188} INFO - [2025-05-04T03:53:23.660-0300] {dagbag.py:540} INFO - Filling up the DagBag from /home/facuvega/Descargas/crypto-etl-airflow/airflow-apache/lib/python3.11/site-packages/airflow/example_dags/example_short_circuit_decorator.py
[2025-05-04T03:53:23.670-0300] {processor.py:840} INFO - DAG(s) 'example_short_circuit_decorator' retrieved from /home/facuvega/Descargas/crypto-etl-airflow/airflow-apache/lib/python3.11/site-packages/airflow/example_dags/example_short_circuit_decorator.py
[2025-05-04T03:53:23.685-0300] {logging_mixin.py:188} INFO - [2025-05-04T03:53:23.685-0300] {dag.py:3096} INFO - Sync 1 DAGs
[2025-05-04T03:53:23.700-0300] {logging_mixin.py:188} INFO - [2025-05-04T03:53:23.700-0300] {dag.py:3954} INFO - Setting next_dagrun for example_short_circuit_decorator to 2025-05-03 00:00:00+00:00, run_after=2025-05-04 00:00:00+00:00
[2025-05-04T03:53:23.714-0300] {processor.py:183} INFO - Processing /home/facuvega/Descargas/crypto-etl-airflow/airflow-apache/lib/python3.11/site-packages/airflow/example_dags/example_short_circuit_decorator.py took 0.062 seconds
[2025-05-04T03:54:13.344-0300] {processor.py:161} INFO - Started process (PID=20933) to work on /home/facuvega/Descargas/crypto-etl-airflow/airflow-apache/lib/python3.11/site-packages/airflow/example_dags/example_short_circuit_decorator.py
[2025-05-04T03:54:13.345-0300] {processor.py:830} INFO - Processing file /home/facuvega/Descargas/crypto-etl-airflow/airflow-apache/lib/python3.11/site-packages/airflow/example_dags/example_short_circuit_decorator.py for tasks to queue
[2025-05-04T03:54:13.346-0300] {logging_mixin.py:188} INFO - [2025-05-04T03:54:13.346-0300] {dagbag.py:540} INFO - Filling up the DagBag from /home/facuvega/Descargas/crypto-etl-airflow/airflow-apache/lib/python3.11/site-packages/airflow/example_dags/example_short_circuit_decorator.py
[2025-05-04T03:54:13.355-0300] {processor.py:840} INFO - DAG(s) 'example_short_circuit_decorator' retrieved from /home/facuvega/Descargas/crypto-etl-airflow/airflow-apache/lib/python3.11/site-packages/airflow/example_dags/example_short_circuit_decorator.py
[2025-05-04T03:54:13.370-0300] {logging_mixin.py:188} INFO - [2025-05-04T03:54:13.370-0300] {dag.py:3096} INFO - Sync 1 DAGs
[2025-05-04T03:54:13.386-0300] {logging_mixin.py:188} INFO - [2025-05-04T03:54:13.386-0300] {dag.py:3954} INFO - Setting next_dagrun for example_short_circuit_decorator to 2025-05-03 00:00:00+00:00, run_after=2025-05-04 00:00:00+00:00
[2025-05-04T03:54:13.402-0300] {processor.py:183} INFO - Processing /home/facuvega/Descargas/crypto-etl-airflow/airflow-apache/lib/python3.11/site-packages/airflow/example_dags/example_short_circuit_decorator.py took 0.064 seconds
[2025-05-04T03:54:55.390-0300] {processor.py:161} INFO - Started process (PID=21126) to work on /home/facuvega/Descargas/crypto-etl-airflow/airflow-apache/lib/python3.11/site-packages/airflow/example_dags/example_short_circuit_decorator.py
[2025-05-04T03:54:55.391-0300] {processor.py:830} INFO - Processing file /home/facuvega/Descargas/crypto-etl-airflow/airflow-apache/lib/python3.11/site-packages/airflow/example_dags/example_short_circuit_decorator.py for tasks to queue
[2025-05-04T03:54:55.393-0300] {logging_mixin.py:188} INFO - [2025-05-04T03:54:55.393-0300] {dagbag.py:540} INFO - Filling up the DagBag from /home/facuvega/Descargas/crypto-etl-airflow/airflow-apache/lib/python3.11/site-packages/airflow/example_dags/example_short_circuit_decorator.py
[2025-05-04T03:54:55.409-0300] {processor.py:840} INFO - DAG(s) 'example_short_circuit_decorator' retrieved from /home/facuvega/Descargas/crypto-etl-airflow/airflow-apache/lib/python3.11/site-packages/airflow/example_dags/example_short_circuit_decorator.py
[2025-05-04T03:54:55.443-0300] {logging_mixin.py:188} INFO - [2025-05-04T03:54:55.443-0300] {dag.py:3096} INFO - Sync 1 DAGs
[2025-05-04T03:54:55.478-0300] {logging_mixin.py:188} INFO - [2025-05-04T03:54:55.478-0300] {dag.py:3954} INFO - Setting next_dagrun for example_short_circuit_decorator to 2025-05-03 00:00:00+00:00, run_after=2025-05-04 00:00:00+00:00
[2025-05-04T03:54:55.501-0300] {processor.py:183} INFO - Processing /home/facuvega/Descargas/crypto-etl-airflow/airflow-apache/lib/python3.11/site-packages/airflow/example_dags/example_short_circuit_decorator.py took 0.120 seconds
[2025-05-04T03:55:45.281-0300] {processor.py:161} INFO - Started process (PID=21457) to work on /home/facuvega/Descargas/crypto-etl-airflow/airflow-apache/lib/python3.11/site-packages/airflow/example_dags/example_short_circuit_decorator.py
[2025-05-04T03:55:45.282-0300] {processor.py:830} INFO - Processing file /home/facuvega/Descargas/crypto-etl-airflow/airflow-apache/lib/python3.11/site-packages/airflow/example_dags/example_short_circuit_decorator.py for tasks to queue
[2025-05-04T03:55:45.284-0300] {logging_mixin.py:188} INFO - [2025-05-04T03:55:45.283-0300] {dagbag.py:540} INFO - Filling up the DagBag from /home/facuvega/Descargas/crypto-etl-airflow/airflow-apache/lib/python3.11/site-packages/airflow/example_dags/example_short_circuit_decorator.py
[2025-05-04T03:55:45.292-0300] {processor.py:840} INFO - DAG(s) 'example_short_circuit_decorator' retrieved from /home/facuvega/Descargas/crypto-etl-airflow/airflow-apache/lib/python3.11/site-packages/airflow/example_dags/example_short_circuit_decorator.py
[2025-05-04T03:55:45.306-0300] {logging_mixin.py:188} INFO - [2025-05-04T03:55:45.306-0300] {dag.py:3096} INFO - Sync 1 DAGs
[2025-05-04T03:55:45.320-0300] {logging_mixin.py:188} INFO - [2025-05-04T03:55:45.320-0300] {dag.py:3954} INFO - Setting next_dagrun for example_short_circuit_decorator to 2025-05-03 00:00:00+00:00, run_after=2025-05-04 00:00:00+00:00
[2025-05-04T03:55:45.334-0300] {processor.py:183} INFO - Processing /home/facuvega/Descargas/crypto-etl-airflow/airflow-apache/lib/python3.11/site-packages/airflow/example_dags/example_short_circuit_decorator.py took 0.058 seconds
[2025-05-04T03:56:31.937-0300] {processor.py:161} INFO - Started process (PID=21670) to work on /home/facuvega/Descargas/crypto-etl-airflow/airflow-apache/lib/python3.11/site-packages/airflow/example_dags/example_short_circuit_decorator.py
[2025-05-04T03:56:31.938-0300] {processor.py:830} INFO - Processing file /home/facuvega/Descargas/crypto-etl-airflow/airflow-apache/lib/python3.11/site-packages/airflow/example_dags/example_short_circuit_decorator.py for tasks to queue
[2025-05-04T03:56:31.940-0300] {logging_mixin.py:188} INFO - [2025-05-04T03:56:31.939-0300] {dagbag.py:540} INFO - Filling up the DagBag from /home/facuvega/Descargas/crypto-etl-airflow/airflow-apache/lib/python3.11/site-packages/airflow/example_dags/example_short_circuit_decorator.py
[2025-05-04T03:56:31.952-0300] {processor.py:840} INFO - DAG(s) 'example_short_circuit_decorator' retrieved from /home/facuvega/Descargas/crypto-etl-airflow/airflow-apache/lib/python3.11/site-packages/airflow/example_dags/example_short_circuit_decorator.py
[2025-05-04T03:56:31.970-0300] {logging_mixin.py:188} INFO - [2025-05-04T03:56:31.969-0300] {dag.py:3096} INFO - Sync 1 DAGs
[2025-05-04T03:56:31.989-0300] {logging_mixin.py:188} INFO - [2025-05-04T03:56:31.988-0300] {dag.py:3954} INFO - Setting next_dagrun for example_short_circuit_decorator to 2025-05-03 00:00:00+00:00, run_after=2025-05-04 00:00:00+00:00
[2025-05-04T03:56:32.005-0300] {processor.py:183} INFO - Processing /home/facuvega/Descargas/crypto-etl-airflow/airflow-apache/lib/python3.11/site-packages/airflow/example_dags/example_short_circuit_decorator.py took 0.074 seconds
[2025-05-04T03:58:16.389-0300] {processor.py:161} INFO - Started process (PID=22522) to work on /home/facuvega/Descargas/crypto-etl-airflow/airflow-apache/lib/python3.11/site-packages/airflow/example_dags/example_short_circuit_decorator.py
[2025-05-04T03:58:16.390-0300] {processor.py:830} INFO - Processing file /home/facuvega/Descargas/crypto-etl-airflow/airflow-apache/lib/python3.11/site-packages/airflow/example_dags/example_short_circuit_decorator.py for tasks to queue
[2025-05-04T03:58:16.392-0300] {logging_mixin.py:188} INFO - [2025-05-04T03:58:16.391-0300] {dagbag.py:540} INFO - Filling up the DagBag from /home/facuvega/Descargas/crypto-etl-airflow/airflow-apache/lib/python3.11/site-packages/airflow/example_dags/example_short_circuit_decorator.py
[2025-05-04T03:58:16.398-0300] {processor.py:840} INFO - DAG(s) 'example_short_circuit_decorator' retrieved from /home/facuvega/Descargas/crypto-etl-airflow/airflow-apache/lib/python3.11/site-packages/airflow/example_dags/example_short_circuit_decorator.py
[2025-05-04T03:58:16.413-0300] {logging_mixin.py:188} INFO - [2025-05-04T03:58:16.413-0300] {dag.py:3096} INFO - Sync 1 DAGs
[2025-05-04T03:58:16.427-0300] {logging_mixin.py:188} INFO - [2025-05-04T03:58:16.427-0300] {dag.py:3954} INFO - Setting next_dagrun for example_short_circuit_decorator to 2025-05-03 00:00:00+00:00, run_after=2025-05-04 00:00:00+00:00
[2025-05-04T03:58:16.440-0300] {processor.py:183} INFO - Processing /home/facuvega/Descargas/crypto-etl-airflow/airflow-apache/lib/python3.11/site-packages/airflow/example_dags/example_short_circuit_decorator.py took 0.056 seconds
[2025-05-04T03:59:11.440-0300] {processor.py:161} INFO - Started process (PID=22838) to work on /home/facuvega/Descargas/crypto-etl-airflow/airflow-apache/lib/python3.11/site-packages/airflow/example_dags/example_short_circuit_decorator.py
[2025-05-04T03:59:11.440-0300] {processor.py:830} INFO - Processing file /home/facuvega/Descargas/crypto-etl-airflow/airflow-apache/lib/python3.11/site-packages/airflow/example_dags/example_short_circuit_decorator.py for tasks to queue
[2025-05-04T03:59:11.442-0300] {logging_mixin.py:188} INFO - [2025-05-04T03:59:11.442-0300] {dagbag.py:540} INFO - Filling up the DagBag from /home/facuvega/Descargas/crypto-etl-airflow/airflow-apache/lib/python3.11/site-packages/airflow/example_dags/example_short_circuit_decorator.py
[2025-05-04T03:59:11.452-0300] {processor.py:840} INFO - DAG(s) 'example_short_circuit_decorator' retrieved from /home/facuvega/Descargas/crypto-etl-airflow/airflow-apache/lib/python3.11/site-packages/airflow/example_dags/example_short_circuit_decorator.py
[2025-05-04T03:59:11.468-0300] {logging_mixin.py:188} INFO - [2025-05-04T03:59:11.467-0300] {dag.py:3096} INFO - Sync 1 DAGs
[2025-05-04T03:59:11.482-0300] {logging_mixin.py:188} INFO - [2025-05-04T03:59:11.482-0300] {dag.py:3954} INFO - Setting next_dagrun for example_short_circuit_decorator to 2025-05-03 00:00:00+00:00, run_after=2025-05-04 00:00:00+00:00
[2025-05-04T03:59:11.499-0300] {processor.py:183} INFO - Processing /home/facuvega/Descargas/crypto-etl-airflow/airflow-apache/lib/python3.11/site-packages/airflow/example_dags/example_short_circuit_decorator.py took 0.065 seconds
[2025-05-04T04:00:14.623-0300] {processor.py:161} INFO - Started process (PID=23571) to work on /home/facuvega/Descargas/crypto-etl-airflow/airflow-apache/lib/python3.11/site-packages/airflow/example_dags/example_short_circuit_decorator.py
[2025-05-04T04:00:14.624-0300] {processor.py:830} INFO - Processing file /home/facuvega/Descargas/crypto-etl-airflow/airflow-apache/lib/python3.11/site-packages/airflow/example_dags/example_short_circuit_decorator.py for tasks to queue
[2025-05-04T04:00:14.627-0300] {logging_mixin.py:188} INFO - [2025-05-04T04:00:14.626-0300] {dagbag.py:540} INFO - Filling up the DagBag from /home/facuvega/Descargas/crypto-etl-airflow/airflow-apache/lib/python3.11/site-packages/airflow/example_dags/example_short_circuit_decorator.py
[2025-05-04T04:00:14.639-0300] {processor.py:840} INFO - DAG(s) 'example_short_circuit_decorator' retrieved from /home/facuvega/Descargas/crypto-etl-airflow/airflow-apache/lib/python3.11/site-packages/airflow/example_dags/example_short_circuit_decorator.py
[2025-05-04T04:00:14.660-0300] {logging_mixin.py:188} INFO - [2025-05-04T04:00:14.660-0300] {dag.py:3096} INFO - Sync 1 DAGs
[2025-05-04T04:00:14.684-0300] {logging_mixin.py:188} INFO - [2025-05-04T04:00:14.684-0300] {dag.py:3954} INFO - Setting next_dagrun for example_short_circuit_decorator to 2025-05-03 00:00:00+00:00, run_after=2025-05-04 00:00:00+00:00
[2025-05-04T04:00:14.708-0300] {processor.py:183} INFO - Processing /home/facuvega/Descargas/crypto-etl-airflow/airflow-apache/lib/python3.11/site-packages/airflow/example_dags/example_short_circuit_decorator.py took 0.097 seconds
[2025-05-04T04:01:10.072-0300] {processor.py:161} INFO - Started process (PID=23968) to work on /home/facuvega/Descargas/crypto-etl-airflow/airflow-apache/lib/python3.11/site-packages/airflow/example_dags/example_short_circuit_decorator.py
[2025-05-04T04:01:10.073-0300] {processor.py:830} INFO - Processing file /home/facuvega/Descargas/crypto-etl-airflow/airflow-apache/lib/python3.11/site-packages/airflow/example_dags/example_short_circuit_decorator.py for tasks to queue
[2025-05-04T04:01:10.075-0300] {logging_mixin.py:188} INFO - [2025-05-04T04:01:10.075-0300] {dagbag.py:540} INFO - Filling up the DagBag from /home/facuvega/Descargas/crypto-etl-airflow/airflow-apache/lib/python3.11/site-packages/airflow/example_dags/example_short_circuit_decorator.py
[2025-05-04T04:01:10.084-0300] {processor.py:840} INFO - DAG(s) 'example_short_circuit_decorator' retrieved from /home/facuvega/Descargas/crypto-etl-airflow/airflow-apache/lib/python3.11/site-packages/airflow/example_dags/example_short_circuit_decorator.py
[2025-05-04T04:01:10.100-0300] {logging_mixin.py:188} INFO - [2025-05-04T04:01:10.099-0300] {dag.py:3096} INFO - Sync 1 DAGs
[2025-05-04T04:01:10.114-0300] {logging_mixin.py:188} INFO - [2025-05-04T04:01:10.114-0300] {dag.py:3954} INFO - Setting next_dagrun for example_short_circuit_decorator to 2025-05-03 00:00:00+00:00, run_after=2025-05-04 00:00:00+00:00
[2025-05-04T04:01:10.128-0300] {processor.py:183} INFO - Processing /home/facuvega/Descargas/crypto-etl-airflow/airflow-apache/lib/python3.11/site-packages/airflow/example_dags/example_short_circuit_decorator.py took 0.062 seconds
[2025-05-04T04:03:22.850-0300] {processor.py:161} INFO - Started process (PID=24993) to work on /home/facuvega/Descargas/crypto-etl-airflow/airflow-apache/lib/python3.11/site-packages/airflow/example_dags/example_short_circuit_decorator.py
[2025-05-04T04:03:22.851-0300] {processor.py:830} INFO - Processing file /home/facuvega/Descargas/crypto-etl-airflow/airflow-apache/lib/python3.11/site-packages/airflow/example_dags/example_short_circuit_decorator.py for tasks to queue
[2025-05-04T04:03:22.852-0300] {logging_mixin.py:188} INFO - [2025-05-04T04:03:22.852-0300] {dagbag.py:540} INFO - Filling up the DagBag from /home/facuvega/Descargas/crypto-etl-airflow/airflow-apache/lib/python3.11/site-packages/airflow/example_dags/example_short_circuit_decorator.py
[2025-05-04T04:03:22.860-0300] {processor.py:840} INFO - DAG(s) 'example_short_circuit_decorator' retrieved from /home/facuvega/Descargas/crypto-etl-airflow/airflow-apache/lib/python3.11/site-packages/airflow/example_dags/example_short_circuit_decorator.py
[2025-05-04T04:03:22.875-0300] {logging_mixin.py:188} INFO - [2025-05-04T04:03:22.875-0300] {dag.py:3096} INFO - Sync 1 DAGs
[2025-05-04T04:03:22.887-0300] {logging_mixin.py:188} INFO - [2025-05-04T04:03:22.887-0300] {dag.py:3954} INFO - Setting next_dagrun for example_short_circuit_decorator to 2025-05-03 00:00:00+00:00, run_after=2025-05-04 00:00:00+00:00
[2025-05-04T04:03:22.902-0300] {processor.py:183} INFO - Processing /home/facuvega/Descargas/crypto-etl-airflow/airflow-apache/lib/python3.11/site-packages/airflow/example_dags/example_short_circuit_decorator.py took 0.057 seconds
[2025-05-04T04:04:13.490-0300] {processor.py:161} INFO - Started process (PID=25222) to work on /home/facuvega/Descargas/crypto-etl-airflow/airflow-apache/lib/python3.11/site-packages/airflow/example_dags/example_short_circuit_decorator.py
[2025-05-04T04:04:13.490-0300] {processor.py:830} INFO - Processing file /home/facuvega/Descargas/crypto-etl-airflow/airflow-apache/lib/python3.11/site-packages/airflow/example_dags/example_short_circuit_decorator.py for tasks to queue
[2025-05-04T04:04:13.492-0300] {logging_mixin.py:188} INFO - [2025-05-04T04:04:13.492-0300] {dagbag.py:540} INFO - Filling up the DagBag from /home/facuvega/Descargas/crypto-etl-airflow/airflow-apache/lib/python3.11/site-packages/airflow/example_dags/example_short_circuit_decorator.py
[2025-05-04T04:04:13.501-0300] {processor.py:840} INFO - DAG(s) 'example_short_circuit_decorator' retrieved from /home/facuvega/Descargas/crypto-etl-airflow/airflow-apache/lib/python3.11/site-packages/airflow/example_dags/example_short_circuit_decorator.py
[2025-05-04T04:04:13.517-0300] {logging_mixin.py:188} INFO - [2025-05-04T04:04:13.516-0300] {dag.py:3096} INFO - Sync 1 DAGs
[2025-05-04T04:04:13.532-0300] {logging_mixin.py:188} INFO - [2025-05-04T04:04:13.532-0300] {dag.py:3954} INFO - Setting next_dagrun for example_short_circuit_decorator to 2025-05-03 00:00:00+00:00, run_after=2025-05-04 00:00:00+00:00
[2025-05-04T04:04:13.547-0300] {processor.py:183} INFO - Processing /home/facuvega/Descargas/crypto-etl-airflow/airflow-apache/lib/python3.11/site-packages/airflow/example_dags/example_short_circuit_decorator.py took 0.063 seconds
[2025-05-04T04:05:23.324-0300] {processor.py:161} INFO - Started process (PID=26301) to work on /home/facuvega/Descargas/crypto-etl-airflow/airflow-apache/lib/python3.11/site-packages/airflow/example_dags/example_short_circuit_decorator.py
[2025-05-04T04:05:23.326-0300] {processor.py:830} INFO - Processing file /home/facuvega/Descargas/crypto-etl-airflow/airflow-apache/lib/python3.11/site-packages/airflow/example_dags/example_short_circuit_decorator.py for tasks to queue
[2025-05-04T04:05:23.329-0300] {logging_mixin.py:188} INFO - [2025-05-04T04:05:23.329-0300] {dagbag.py:540} INFO - Filling up the DagBag from /home/facuvega/Descargas/crypto-etl-airflow/airflow-apache/lib/python3.11/site-packages/airflow/example_dags/example_short_circuit_decorator.py
[2025-05-04T04:05:23.342-0300] {processor.py:840} INFO - DAG(s) 'example_short_circuit_decorator' retrieved from /home/facuvega/Descargas/crypto-etl-airflow/airflow-apache/lib/python3.11/site-packages/airflow/example_dags/example_short_circuit_decorator.py
[2025-05-04T04:05:23.369-0300] {logging_mixin.py:188} INFO - [2025-05-04T04:05:23.369-0300] {dag.py:3096} INFO - Sync 1 DAGs
[2025-05-04T04:05:23.395-0300] {logging_mixin.py:188} INFO - [2025-05-04T04:05:23.395-0300] {dag.py:3954} INFO - Setting next_dagrun for example_short_circuit_decorator to 2025-05-03 00:00:00+00:00, run_after=2025-05-04 00:00:00+00:00
[2025-05-04T04:05:23.421-0300] {processor.py:183} INFO - Processing /home/facuvega/Descargas/crypto-etl-airflow/airflow-apache/lib/python3.11/site-packages/airflow/example_dags/example_short_circuit_decorator.py took 0.106 seconds
[2025-05-04T04:06:14.756-0300] {processor.py:161} INFO - Started process (PID=26567) to work on /home/facuvega/Descargas/crypto-etl-airflow/airflow-apache/lib/python3.11/site-packages/airflow/example_dags/example_short_circuit_decorator.py
[2025-05-04T04:06:14.757-0300] {processor.py:830} INFO - Processing file /home/facuvega/Descargas/crypto-etl-airflow/airflow-apache/lib/python3.11/site-packages/airflow/example_dags/example_short_circuit_decorator.py for tasks to queue
[2025-05-04T04:06:14.759-0300] {logging_mixin.py:188} INFO - [2025-05-04T04:06:14.758-0300] {dagbag.py:540} INFO - Filling up the DagBag from /home/facuvega/Descargas/crypto-etl-airflow/airflow-apache/lib/python3.11/site-packages/airflow/example_dags/example_short_circuit_decorator.py
[2025-05-04T04:06:14.766-0300] {processor.py:840} INFO - DAG(s) 'example_short_circuit_decorator' retrieved from /home/facuvega/Descargas/crypto-etl-airflow/airflow-apache/lib/python3.11/site-packages/airflow/example_dags/example_short_circuit_decorator.py
[2025-05-04T04:06:14.782-0300] {logging_mixin.py:188} INFO - [2025-05-04T04:06:14.781-0300] {dag.py:3096} INFO - Sync 1 DAGs
[2025-05-04T04:06:14.796-0300] {logging_mixin.py:188} INFO - [2025-05-04T04:06:14.796-0300] {dag.py:3954} INFO - Setting next_dagrun for example_short_circuit_decorator to 2025-05-03 00:00:00+00:00, run_after=2025-05-04 00:00:00+00:00
[2025-05-04T04:06:14.809-0300] {processor.py:183} INFO - Processing /home/facuvega/Descargas/crypto-etl-airflow/airflow-apache/lib/python3.11/site-packages/airflow/example_dags/example_short_circuit_decorator.py took 0.059 seconds
[2025-05-04T04:07:02.583-0300] {processor.py:161} INFO - Started process (PID=26826) to work on /home/facuvega/Descargas/crypto-etl-airflow/airflow-apache/lib/python3.11/site-packages/airflow/example_dags/example_short_circuit_decorator.py
[2025-05-04T04:07:02.585-0300] {processor.py:830} INFO - Processing file /home/facuvega/Descargas/crypto-etl-airflow/airflow-apache/lib/python3.11/site-packages/airflow/example_dags/example_short_circuit_decorator.py for tasks to queue
[2025-05-04T04:07:02.587-0300] {logging_mixin.py:188} INFO - [2025-05-04T04:07:02.587-0300] {dagbag.py:540} INFO - Filling up the DagBag from /home/facuvega/Descargas/crypto-etl-airflow/airflow-apache/lib/python3.11/site-packages/airflow/example_dags/example_short_circuit_decorator.py
[2025-05-04T04:07:02.598-0300] {processor.py:840} INFO - DAG(s) 'example_short_circuit_decorator' retrieved from /home/facuvega/Descargas/crypto-etl-airflow/airflow-apache/lib/python3.11/site-packages/airflow/example_dags/example_short_circuit_decorator.py
[2025-05-04T04:07:02.614-0300] {logging_mixin.py:188} INFO - [2025-05-04T04:07:02.614-0300] {dag.py:3096} INFO - Sync 1 DAGs
[2025-05-04T04:07:02.630-0300] {logging_mixin.py:188} INFO - [2025-05-04T04:07:02.630-0300] {dag.py:3954} INFO - Setting next_dagrun for example_short_circuit_decorator to 2025-05-03 00:00:00+00:00, run_after=2025-05-04 00:00:00+00:00
[2025-05-04T04:07:02.646-0300] {processor.py:183} INFO - Processing /home/facuvega/Descargas/crypto-etl-airflow/airflow-apache/lib/python3.11/site-packages/airflow/example_dags/example_short_circuit_decorator.py took 0.071 seconds
[2025-05-04T04:07:48.403-0300] {processor.py:161} INFO - Started process (PID=27037) to work on /home/facuvega/Descargas/crypto-etl-airflow/airflow-apache/lib/python3.11/site-packages/airflow/example_dags/example_short_circuit_decorator.py
[2025-05-04T04:07:48.404-0300] {processor.py:830} INFO - Processing file /home/facuvega/Descargas/crypto-etl-airflow/airflow-apache/lib/python3.11/site-packages/airflow/example_dags/example_short_circuit_decorator.py for tasks to queue
[2025-05-04T04:07:48.406-0300] {logging_mixin.py:188} INFO - [2025-05-04T04:07:48.406-0300] {dagbag.py:540} INFO - Filling up the DagBag from /home/facuvega/Descargas/crypto-etl-airflow/airflow-apache/lib/python3.11/site-packages/airflow/example_dags/example_short_circuit_decorator.py
[2025-05-04T04:07:48.417-0300] {processor.py:840} INFO - DAG(s) 'example_short_circuit_decorator' retrieved from /home/facuvega/Descargas/crypto-etl-airflow/airflow-apache/lib/python3.11/site-packages/airflow/example_dags/example_short_circuit_decorator.py
[2025-05-04T04:07:48.435-0300] {logging_mixin.py:188} INFO - [2025-05-04T04:07:48.435-0300] {dag.py:3096} INFO - Sync 1 DAGs
[2025-05-04T04:07:48.453-0300] {logging_mixin.py:188} INFO - [2025-05-04T04:07:48.453-0300] {dag.py:3954} INFO - Setting next_dagrun for example_short_circuit_decorator to 2025-05-03 00:00:00+00:00, run_after=2025-05-04 00:00:00+00:00
[2025-05-04T04:07:48.469-0300] {processor.py:183} INFO - Processing /home/facuvega/Descargas/crypto-etl-airflow/airflow-apache/lib/python3.11/site-packages/airflow/example_dags/example_short_circuit_decorator.py took 0.074 seconds
[2025-05-04T04:10:33.759-0300] {processor.py:161} INFO - Started process (PID=28860) to work on /home/facuvega/Descargas/crypto-etl-airflow/airflow-apache/lib/python3.11/site-packages/airflow/example_dags/example_short_circuit_decorator.py
[2025-05-04T04:10:33.760-0300] {processor.py:830} INFO - Processing file /home/facuvega/Descargas/crypto-etl-airflow/airflow-apache/lib/python3.11/site-packages/airflow/example_dags/example_short_circuit_decorator.py for tasks to queue
[2025-05-04T04:10:33.763-0300] {logging_mixin.py:188} INFO - [2025-05-04T04:10:33.761-0300] {dagbag.py:540} INFO - Filling up the DagBag from /home/facuvega/Descargas/crypto-etl-airflow/airflow-apache/lib/python3.11/site-packages/airflow/example_dags/example_short_circuit_decorator.py
[2025-05-04T04:10:33.771-0300] {processor.py:840} INFO - DAG(s) 'example_short_circuit_decorator' retrieved from /home/facuvega/Descargas/crypto-etl-airflow/airflow-apache/lib/python3.11/site-packages/airflow/example_dags/example_short_circuit_decorator.py
[2025-05-04T04:10:33.790-0300] {logging_mixin.py:188} INFO - [2025-05-04T04:10:33.789-0300] {dag.py:3096} INFO - Sync 1 DAGs
[2025-05-04T04:10:33.805-0300] {logging_mixin.py:188} INFO - [2025-05-04T04:10:33.805-0300] {dag.py:3954} INFO - Setting next_dagrun for example_short_circuit_decorator to 2025-05-03 00:00:00+00:00, run_after=2025-05-04 00:00:00+00:00
[2025-05-04T04:10:33.823-0300] {processor.py:183} INFO - Processing /home/facuvega/Descargas/crypto-etl-airflow/airflow-apache/lib/python3.11/site-packages/airflow/example_dags/example_short_circuit_decorator.py took 0.071 seconds
[2025-05-04T04:11:27.383-0300] {processor.py:161} INFO - Started process (PID=29248) to work on /home/facuvega/Descargas/crypto-etl-airflow/airflow-apache/lib/python3.11/site-packages/airflow/example_dags/example_short_circuit_decorator.py
[2025-05-04T04:11:27.384-0300] {processor.py:830} INFO - Processing file /home/facuvega/Descargas/crypto-etl-airflow/airflow-apache/lib/python3.11/site-packages/airflow/example_dags/example_short_circuit_decorator.py for tasks to queue
[2025-05-04T04:11:27.386-0300] {logging_mixin.py:188} INFO - [2025-05-04T04:11:27.386-0300] {dagbag.py:540} INFO - Filling up the DagBag from /home/facuvega/Descargas/crypto-etl-airflow/airflow-apache/lib/python3.11/site-packages/airflow/example_dags/example_short_circuit_decorator.py
[2025-05-04T04:11:27.396-0300] {processor.py:840} INFO - DAG(s) 'example_short_circuit_decorator' retrieved from /home/facuvega/Descargas/crypto-etl-airflow/airflow-apache/lib/python3.11/site-packages/airflow/example_dags/example_short_circuit_decorator.py
[2025-05-04T04:11:27.417-0300] {logging_mixin.py:188} INFO - [2025-05-04T04:11:27.417-0300] {dag.py:3096} INFO - Sync 1 DAGs
[2025-05-04T04:11:27.434-0300] {logging_mixin.py:188} INFO - [2025-05-04T04:11:27.434-0300] {dag.py:3954} INFO - Setting next_dagrun for example_short_circuit_decorator to 2025-05-03 00:00:00+00:00, run_after=2025-05-04 00:00:00+00:00
[2025-05-04T04:11:27.449-0300] {processor.py:183} INFO - Processing /home/facuvega/Descargas/crypto-etl-airflow/airflow-apache/lib/python3.11/site-packages/airflow/example_dags/example_short_circuit_decorator.py took 0.073 seconds
[2025-05-04T04:12:22.237-0300] {processor.py:161} INFO - Started process (PID=29493) to work on /home/facuvega/Descargas/crypto-etl-airflow/airflow-apache/lib/python3.11/site-packages/airflow/example_dags/example_short_circuit_decorator.py
[2025-05-04T04:12:22.238-0300] {processor.py:830} INFO - Processing file /home/facuvega/Descargas/crypto-etl-airflow/airflow-apache/lib/python3.11/site-packages/airflow/example_dags/example_short_circuit_decorator.py for tasks to queue
[2025-05-04T04:12:22.240-0300] {logging_mixin.py:188} INFO - [2025-05-04T04:12:22.239-0300] {dagbag.py:540} INFO - Filling up the DagBag from /home/facuvega/Descargas/crypto-etl-airflow/airflow-apache/lib/python3.11/site-packages/airflow/example_dags/example_short_circuit_decorator.py
[2025-05-04T04:12:22.249-0300] {processor.py:840} INFO - DAG(s) 'example_short_circuit_decorator' retrieved from /home/facuvega/Descargas/crypto-etl-airflow/airflow-apache/lib/python3.11/site-packages/airflow/example_dags/example_short_circuit_decorator.py
[2025-05-04T04:12:22.263-0300] {logging_mixin.py:188} INFO - [2025-05-04T04:12:22.263-0300] {dag.py:3096} INFO - Sync 1 DAGs
[2025-05-04T04:12:22.277-0300] {logging_mixin.py:188} INFO - [2025-05-04T04:12:22.277-0300] {dag.py:3954} INFO - Setting next_dagrun for example_short_circuit_decorator to 2025-05-03 00:00:00+00:00, run_after=2025-05-04 00:00:00+00:00
[2025-05-04T04:12:22.290-0300] {processor.py:183} INFO - Processing /home/facuvega/Descargas/crypto-etl-airflow/airflow-apache/lib/python3.11/site-packages/airflow/example_dags/example_short_circuit_decorator.py took 0.062 seconds
[2025-05-04T04:13:08.863-0300] {processor.py:161} INFO - Started process (PID=29707) to work on /home/facuvega/Descargas/crypto-etl-airflow/airflow-apache/lib/python3.11/site-packages/airflow/example_dags/example_short_circuit_decorator.py
[2025-05-04T04:13:08.864-0300] {processor.py:830} INFO - Processing file /home/facuvega/Descargas/crypto-etl-airflow/airflow-apache/lib/python3.11/site-packages/airflow/example_dags/example_short_circuit_decorator.py for tasks to queue
[2025-05-04T04:13:08.865-0300] {logging_mixin.py:188} INFO - [2025-05-04T04:13:08.865-0300] {dagbag.py:540} INFO - Filling up the DagBag from /home/facuvega/Descargas/crypto-etl-airflow/airflow-apache/lib/python3.11/site-packages/airflow/example_dags/example_short_circuit_decorator.py
[2025-05-04T04:13:08.872-0300] {processor.py:840} INFO - DAG(s) 'example_short_circuit_decorator' retrieved from /home/facuvega/Descargas/crypto-etl-airflow/airflow-apache/lib/python3.11/site-packages/airflow/example_dags/example_short_circuit_decorator.py
[2025-05-04T04:13:08.886-0300] {logging_mixin.py:188} INFO - [2025-05-04T04:13:08.885-0300] {dag.py:3096} INFO - Sync 1 DAGs
[2025-05-04T04:13:08.898-0300] {logging_mixin.py:188} INFO - [2025-05-04T04:13:08.898-0300] {dag.py:3954} INFO - Setting next_dagrun for example_short_circuit_decorator to 2025-05-03 00:00:00+00:00, run_after=2025-05-04 00:00:00+00:00
[2025-05-04T04:13:08.911-0300] {processor.py:183} INFO - Processing /home/facuvega/Descargas/crypto-etl-airflow/airflow-apache/lib/python3.11/site-packages/airflow/example_dags/example_short_circuit_decorator.py took 0.053 seconds
[2025-05-04T04:13:55.129-0300] {processor.py:161} INFO - Started process (PID=29915) to work on /home/facuvega/Descargas/crypto-etl-airflow/airflow-apache/lib/python3.11/site-packages/airflow/example_dags/example_short_circuit_decorator.py
[2025-05-04T04:13:55.130-0300] {processor.py:830} INFO - Processing file /home/facuvega/Descargas/crypto-etl-airflow/airflow-apache/lib/python3.11/site-packages/airflow/example_dags/example_short_circuit_decorator.py for tasks to queue
[2025-05-04T04:13:55.131-0300] {logging_mixin.py:188} INFO - [2025-05-04T04:13:55.131-0300] {dagbag.py:540} INFO - Filling up the DagBag from /home/facuvega/Descargas/crypto-etl-airflow/airflow-apache/lib/python3.11/site-packages/airflow/example_dags/example_short_circuit_decorator.py
[2025-05-04T04:13:55.139-0300] {processor.py:840} INFO - DAG(s) 'example_short_circuit_decorator' retrieved from /home/facuvega/Descargas/crypto-etl-airflow/airflow-apache/lib/python3.11/site-packages/airflow/example_dags/example_short_circuit_decorator.py
[2025-05-04T04:13:55.153-0300] {logging_mixin.py:188} INFO - [2025-05-04T04:13:55.153-0300] {dag.py:3096} INFO - Sync 1 DAGs
[2025-05-04T04:13:55.166-0300] {logging_mixin.py:188} INFO - [2025-05-04T04:13:55.166-0300] {dag.py:3954} INFO - Setting next_dagrun for example_short_circuit_decorator to 2025-05-03 00:00:00+00:00, run_after=2025-05-04 00:00:00+00:00
[2025-05-04T04:13:55.180-0300] {processor.py:183} INFO - Processing /home/facuvega/Descargas/crypto-etl-airflow/airflow-apache/lib/python3.11/site-packages/airflow/example_dags/example_short_circuit_decorator.py took 0.056 seconds
[2025-05-04T04:14:36.137-0300] {processor.py:161} INFO - Started process (PID=30099) to work on /home/facuvega/Descargas/crypto-etl-airflow/airflow-apache/lib/python3.11/site-packages/airflow/example_dags/example_short_circuit_decorator.py
[2025-05-04T04:14:36.138-0300] {processor.py:830} INFO - Processing file /home/facuvega/Descargas/crypto-etl-airflow/airflow-apache/lib/python3.11/site-packages/airflow/example_dags/example_short_circuit_decorator.py for tasks to queue
[2025-05-04T04:14:36.140-0300] {logging_mixin.py:188} INFO - [2025-05-04T04:14:36.140-0300] {dagbag.py:540} INFO - Filling up the DagBag from /home/facuvega/Descargas/crypto-etl-airflow/airflow-apache/lib/python3.11/site-packages/airflow/example_dags/example_short_circuit_decorator.py
[2025-05-04T04:14:36.152-0300] {processor.py:840} INFO - DAG(s) 'example_short_circuit_decorator' retrieved from /home/facuvega/Descargas/crypto-etl-airflow/airflow-apache/lib/python3.11/site-packages/airflow/example_dags/example_short_circuit_decorator.py
[2025-05-04T04:14:36.177-0300] {logging_mixin.py:188} INFO - [2025-05-04T04:14:36.176-0300] {dag.py:3096} INFO - Sync 1 DAGs
[2025-05-04T04:14:36.199-0300] {logging_mixin.py:188} INFO - [2025-05-04T04:14:36.199-0300] {dag.py:3954} INFO - Setting next_dagrun for example_short_circuit_decorator to 2025-05-03 00:00:00+00:00, run_after=2025-05-04 00:00:00+00:00
[2025-05-04T04:14:36.228-0300] {processor.py:183} INFO - Processing /home/facuvega/Descargas/crypto-etl-airflow/airflow-apache/lib/python3.11/site-packages/airflow/example_dags/example_short_circuit_decorator.py took 0.096 seconds
[2025-05-04T04:15:21.314-0300] {processor.py:161} INFO - Started process (PID=30349) to work on /home/facuvega/Descargas/crypto-etl-airflow/airflow-apache/lib/python3.11/site-packages/airflow/example_dags/example_short_circuit_decorator.py
[2025-05-04T04:15:21.315-0300] {processor.py:830} INFO - Processing file /home/facuvega/Descargas/crypto-etl-airflow/airflow-apache/lib/python3.11/site-packages/airflow/example_dags/example_short_circuit_decorator.py for tasks to queue
[2025-05-04T04:15:21.319-0300] {logging_mixin.py:188} INFO - [2025-05-04T04:15:21.318-0300] {dagbag.py:540} INFO - Filling up the DagBag from /home/facuvega/Descargas/crypto-etl-airflow/airflow-apache/lib/python3.11/site-packages/airflow/example_dags/example_short_circuit_decorator.py
[2025-05-04T04:15:21.331-0300] {processor.py:840} INFO - DAG(s) 'example_short_circuit_decorator' retrieved from /home/facuvega/Descargas/crypto-etl-airflow/airflow-apache/lib/python3.11/site-packages/airflow/example_dags/example_short_circuit_decorator.py
[2025-05-04T04:15:21.354-0300] {logging_mixin.py:188} INFO - [2025-05-04T04:15:21.354-0300] {dag.py:3096} INFO - Sync 1 DAGs
[2025-05-04T04:15:21.377-0300] {logging_mixin.py:188} INFO - [2025-05-04T04:15:21.376-0300] {dag.py:3954} INFO - Setting next_dagrun for example_short_circuit_decorator to 2025-05-03 00:00:00+00:00, run_after=2025-05-04 00:00:00+00:00
[2025-05-04T04:15:21.401-0300] {processor.py:183} INFO - Processing /home/facuvega/Descargas/crypto-etl-airflow/airflow-apache/lib/python3.11/site-packages/airflow/example_dags/example_short_circuit_decorator.py took 0.094 seconds
[2025-05-04T04:16:17.299-0300] {processor.py:161} INFO - Started process (PID=30672) to work on /home/facuvega/Descargas/crypto-etl-airflow/airflow-apache/lib/python3.11/site-packages/airflow/example_dags/example_short_circuit_decorator.py
[2025-05-04T04:16:17.300-0300] {processor.py:830} INFO - Processing file /home/facuvega/Descargas/crypto-etl-airflow/airflow-apache/lib/python3.11/site-packages/airflow/example_dags/example_short_circuit_decorator.py for tasks to queue
[2025-05-04T04:16:17.301-0300] {logging_mixin.py:188} INFO - [2025-05-04T04:16:17.301-0300] {dagbag.py:540} INFO - Filling up the DagBag from /home/facuvega/Descargas/crypto-etl-airflow/airflow-apache/lib/python3.11/site-packages/airflow/example_dags/example_short_circuit_decorator.py
[2025-05-04T04:16:17.310-0300] {processor.py:840} INFO - DAG(s) 'example_short_circuit_decorator' retrieved from /home/facuvega/Descargas/crypto-etl-airflow/airflow-apache/lib/python3.11/site-packages/airflow/example_dags/example_short_circuit_decorator.py
[2025-05-04T04:16:17.326-0300] {logging_mixin.py:188} INFO - [2025-05-04T04:16:17.325-0300] {dag.py:3096} INFO - Sync 1 DAGs
[2025-05-04T04:16:17.341-0300] {logging_mixin.py:188} INFO - [2025-05-04T04:16:17.341-0300] {dag.py:3954} INFO - Setting next_dagrun for example_short_circuit_decorator to 2025-05-03 00:00:00+00:00, run_after=2025-05-04 00:00:00+00:00
[2025-05-04T04:16:17.355-0300] {processor.py:183} INFO - Processing /home/facuvega/Descargas/crypto-etl-airflow/airflow-apache/lib/python3.11/site-packages/airflow/example_dags/example_short_circuit_decorator.py took 0.062 seconds
[2025-05-04T04:17:15.690-0300] {processor.py:161} INFO - Started process (PID=31293) to work on /home/facuvega/Descargas/crypto-etl-airflow/airflow-apache/lib/python3.11/site-packages/airflow/example_dags/example_short_circuit_decorator.py
[2025-05-04T04:17:15.692-0300] {processor.py:830} INFO - Processing file /home/facuvega/Descargas/crypto-etl-airflow/airflow-apache/lib/python3.11/site-packages/airflow/example_dags/example_short_circuit_decorator.py for tasks to queue
[2025-05-04T04:17:15.695-0300] {logging_mixin.py:188} INFO - [2025-05-04T04:17:15.694-0300] {dagbag.py:540} INFO - Filling up the DagBag from /home/facuvega/Descargas/crypto-etl-airflow/airflow-apache/lib/python3.11/site-packages/airflow/example_dags/example_short_circuit_decorator.py
[2025-05-04T04:17:15.710-0300] {processor.py:840} INFO - DAG(s) 'example_short_circuit_decorator' retrieved from /home/facuvega/Descargas/crypto-etl-airflow/airflow-apache/lib/python3.11/site-packages/airflow/example_dags/example_short_circuit_decorator.py
[2025-05-04T04:17:15.732-0300] {logging_mixin.py:188} INFO - [2025-05-04T04:17:15.732-0300] {dag.py:3096} INFO - Sync 1 DAGs
[2025-05-04T04:17:15.756-0300] {logging_mixin.py:188} INFO - [2025-05-04T04:17:15.756-0300] {dag.py:3954} INFO - Setting next_dagrun for example_short_circuit_decorator to 2025-05-03 00:00:00+00:00, run_after=2025-05-04 00:00:00+00:00
[2025-05-04T04:17:15.780-0300] {processor.py:183} INFO - Processing /home/facuvega/Descargas/crypto-etl-airflow/airflow-apache/lib/python3.11/site-packages/airflow/example_dags/example_short_circuit_decorator.py took 0.100 seconds
[2025-05-04T04:18:27.107-0300] {processor.py:161} INFO - Started process (PID=31924) to work on /home/facuvega/Descargas/crypto-etl-airflow/airflow-apache/lib/python3.11/site-packages/airflow/example_dags/example_short_circuit_decorator.py
[2025-05-04T04:18:27.109-0300] {processor.py:830} INFO - Processing file /home/facuvega/Descargas/crypto-etl-airflow/airflow-apache/lib/python3.11/site-packages/airflow/example_dags/example_short_circuit_decorator.py for tasks to queue
[2025-05-04T04:18:27.112-0300] {logging_mixin.py:188} INFO - [2025-05-04T04:18:27.111-0300] {dagbag.py:540} INFO - Filling up the DagBag from /home/facuvega/Descargas/crypto-etl-airflow/airflow-apache/lib/python3.11/site-packages/airflow/example_dags/example_short_circuit_decorator.py
[2025-05-04T04:18:27.132-0300] {processor.py:840} INFO - DAG(s) 'example_short_circuit_decorator' retrieved from /home/facuvega/Descargas/crypto-etl-airflow/airflow-apache/lib/python3.11/site-packages/airflow/example_dags/example_short_circuit_decorator.py
[2025-05-04T04:18:27.173-0300] {logging_mixin.py:188} INFO - [2025-05-04T04:18:27.172-0300] {dag.py:3096} INFO - Sync 1 DAGs
[2025-05-04T04:18:27.211-0300] {logging_mixin.py:188} INFO - [2025-05-04T04:18:27.210-0300] {dag.py:3954} INFO - Setting next_dagrun for example_short_circuit_decorator to 2025-05-03 00:00:00+00:00, run_after=2025-05-04 00:00:00+00:00
[2025-05-04T04:18:27.241-0300] {processor.py:183} INFO - Processing /home/facuvega/Descargas/crypto-etl-airflow/airflow-apache/lib/python3.11/site-packages/airflow/example_dags/example_short_circuit_decorator.py took 0.149 seconds
[2025-05-04T04:19:46.235-0300] {processor.py:161} INFO - Started process (PID=32848) to work on /home/facuvega/Descargas/crypto-etl-airflow/airflow-apache/lib/python3.11/site-packages/airflow/example_dags/example_short_circuit_decorator.py
[2025-05-04T04:19:46.238-0300] {processor.py:830} INFO - Processing file /home/facuvega/Descargas/crypto-etl-airflow/airflow-apache/lib/python3.11/site-packages/airflow/example_dags/example_short_circuit_decorator.py for tasks to queue
[2025-05-04T04:19:46.242-0300] {logging_mixin.py:188} INFO - [2025-05-04T04:19:46.241-0300] {dagbag.py:540} INFO - Filling up the DagBag from /home/facuvega/Descargas/crypto-etl-airflow/airflow-apache/lib/python3.11/site-packages/airflow/example_dags/example_short_circuit_decorator.py
[2025-05-04T04:19:46.272-0300] {processor.py:840} INFO - DAG(s) 'example_short_circuit_decorator' retrieved from /home/facuvega/Descargas/crypto-etl-airflow/airflow-apache/lib/python3.11/site-packages/airflow/example_dags/example_short_circuit_decorator.py
[2025-05-04T04:19:46.308-0300] {logging_mixin.py:188} INFO - [2025-05-04T04:19:46.308-0300] {dag.py:3096} INFO - Sync 1 DAGs
[2025-05-04T04:19:46.348-0300] {logging_mixin.py:188} INFO - [2025-05-04T04:19:46.348-0300] {dag.py:3954} INFO - Setting next_dagrun for example_short_circuit_decorator to 2025-05-03 00:00:00+00:00, run_after=2025-05-04 00:00:00+00:00
[2025-05-04T04:19:46.369-0300] {processor.py:183} INFO - Processing /home/facuvega/Descargas/crypto-etl-airflow/airflow-apache/lib/python3.11/site-packages/airflow/example_dags/example_short_circuit_decorator.py took 0.152 seconds
[2025-05-04T04:20:37.409-0300] {processor.py:161} INFO - Started process (PID=33087) to work on /home/facuvega/Descargas/crypto-etl-airflow/airflow-apache/lib/python3.11/site-packages/airflow/example_dags/example_short_circuit_decorator.py
[2025-05-04T04:20:37.410-0300] {processor.py:830} INFO - Processing file /home/facuvega/Descargas/crypto-etl-airflow/airflow-apache/lib/python3.11/site-packages/airflow/example_dags/example_short_circuit_decorator.py for tasks to queue
[2025-05-04T04:20:37.414-0300] {logging_mixin.py:188} INFO - [2025-05-04T04:20:37.413-0300] {dagbag.py:540} INFO - Filling up the DagBag from /home/facuvega/Descargas/crypto-etl-airflow/airflow-apache/lib/python3.11/site-packages/airflow/example_dags/example_short_circuit_decorator.py
[2025-05-04T04:20:37.426-0300] {processor.py:840} INFO - DAG(s) 'example_short_circuit_decorator' retrieved from /home/facuvega/Descargas/crypto-etl-airflow/airflow-apache/lib/python3.11/site-packages/airflow/example_dags/example_short_circuit_decorator.py
[2025-05-04T04:20:37.443-0300] {logging_mixin.py:188} INFO - [2025-05-04T04:20:37.443-0300] {dag.py:3096} INFO - Sync 1 DAGs
[2025-05-04T04:20:37.460-0300] {logging_mixin.py:188} INFO - [2025-05-04T04:20:37.460-0300] {dag.py:3954} INFO - Setting next_dagrun for example_short_circuit_decorator to 2025-05-03 00:00:00+00:00, run_after=2025-05-04 00:00:00+00:00
[2025-05-04T04:20:37.492-0300] {processor.py:183} INFO - Processing /home/facuvega/Descargas/crypto-etl-airflow/airflow-apache/lib/python3.11/site-packages/airflow/example_dags/example_short_circuit_decorator.py took 0.090 seconds
[2025-05-04T04:21:30.078-0300] {processor.py:161} INFO - Started process (PID=33317) to work on /home/facuvega/Descargas/crypto-etl-airflow/airflow-apache/lib/python3.11/site-packages/airflow/example_dags/example_short_circuit_decorator.py
[2025-05-04T04:21:30.079-0300] {processor.py:830} INFO - Processing file /home/facuvega/Descargas/crypto-etl-airflow/airflow-apache/lib/python3.11/site-packages/airflow/example_dags/example_short_circuit_decorator.py for tasks to queue
[2025-05-04T04:21:30.081-0300] {logging_mixin.py:188} INFO - [2025-05-04T04:21:30.080-0300] {dagbag.py:540} INFO - Filling up the DagBag from /home/facuvega/Descargas/crypto-etl-airflow/airflow-apache/lib/python3.11/site-packages/airflow/example_dags/example_short_circuit_decorator.py
[2025-05-04T04:21:30.090-0300] {processor.py:840} INFO - DAG(s) 'example_short_circuit_decorator' retrieved from /home/facuvega/Descargas/crypto-etl-airflow/airflow-apache/lib/python3.11/site-packages/airflow/example_dags/example_short_circuit_decorator.py
[2025-05-04T04:21:30.106-0300] {logging_mixin.py:188} INFO - [2025-05-04T04:21:30.106-0300] {dag.py:3096} INFO - Sync 1 DAGs
[2025-05-04T04:21:30.121-0300] {logging_mixin.py:188} INFO - [2025-05-04T04:21:30.121-0300] {dag.py:3954} INFO - Setting next_dagrun for example_short_circuit_decorator to 2025-05-03 00:00:00+00:00, run_after=2025-05-04 00:00:00+00:00
[2025-05-04T04:21:30.134-0300] {processor.py:183} INFO - Processing /home/facuvega/Descargas/crypto-etl-airflow/airflow-apache/lib/python3.11/site-packages/airflow/example_dags/example_short_circuit_decorator.py took 0.062 seconds
[2025-05-04T04:22:24.314-0300] {processor.py:161} INFO - Started process (PID=34026) to work on /home/facuvega/Descargas/crypto-etl-airflow/airflow-apache/lib/python3.11/site-packages/airflow/example_dags/example_short_circuit_decorator.py
[2025-05-04T04:22:24.315-0300] {processor.py:830} INFO - Processing file /home/facuvega/Descargas/crypto-etl-airflow/airflow-apache/lib/python3.11/site-packages/airflow/example_dags/example_short_circuit_decorator.py for tasks to queue
[2025-05-04T04:22:24.317-0300] {logging_mixin.py:188} INFO - [2025-05-04T04:22:24.316-0300] {dagbag.py:540} INFO - Filling up the DagBag from /home/facuvega/Descargas/crypto-etl-airflow/airflow-apache/lib/python3.11/site-packages/airflow/example_dags/example_short_circuit_decorator.py
[2025-05-04T04:22:24.325-0300] {processor.py:840} INFO - DAG(s) 'example_short_circuit_decorator' retrieved from /home/facuvega/Descargas/crypto-etl-airflow/airflow-apache/lib/python3.11/site-packages/airflow/example_dags/example_short_circuit_decorator.py
[2025-05-04T04:22:24.339-0300] {logging_mixin.py:188} INFO - [2025-05-04T04:22:24.339-0300] {dag.py:3096} INFO - Sync 1 DAGs
[2025-05-04T04:22:24.353-0300] {logging_mixin.py:188} INFO - [2025-05-04T04:22:24.353-0300] {dag.py:3954} INFO - Setting next_dagrun for example_short_circuit_decorator to 2025-05-03 00:00:00+00:00, run_after=2025-05-04 00:00:00+00:00
[2025-05-04T04:22:24.367-0300] {processor.py:183} INFO - Processing /home/facuvega/Descargas/crypto-etl-airflow/airflow-apache/lib/python3.11/site-packages/airflow/example_dags/example_short_circuit_decorator.py took 0.058 seconds
[2025-05-04T04:23:43.462-0300] {processor.py:161} INFO - Started process (PID=34965) to work on /home/facuvega/Descargas/crypto-etl-airflow/airflow-apache/lib/python3.11/site-packages/airflow/example_dags/example_short_circuit_decorator.py
[2025-05-04T04:23:43.464-0300] {processor.py:830} INFO - Processing file /home/facuvega/Descargas/crypto-etl-airflow/airflow-apache/lib/python3.11/site-packages/airflow/example_dags/example_short_circuit_decorator.py for tasks to queue
[2025-05-04T04:23:43.469-0300] {logging_mixin.py:188} INFO - [2025-05-04T04:23:43.469-0300] {dagbag.py:540} INFO - Filling up the DagBag from /home/facuvega/Descargas/crypto-etl-airflow/airflow-apache/lib/python3.11/site-packages/airflow/example_dags/example_short_circuit_decorator.py
[2025-05-04T04:23:43.492-0300] {processor.py:840} INFO - DAG(s) 'example_short_circuit_decorator' retrieved from /home/facuvega/Descargas/crypto-etl-airflow/airflow-apache/lib/python3.11/site-packages/airflow/example_dags/example_short_circuit_decorator.py
[2025-05-04T04:23:43.526-0300] {logging_mixin.py:188} INFO - [2025-05-04T04:23:43.526-0300] {dag.py:3096} INFO - Sync 1 DAGs
[2025-05-04T04:23:43.556-0300] {logging_mixin.py:188} INFO - [2025-05-04T04:23:43.556-0300] {dag.py:3954} INFO - Setting next_dagrun for example_short_circuit_decorator to 2025-05-03 00:00:00+00:00, run_after=2025-05-04 00:00:00+00:00
[2025-05-04T04:23:43.582-0300] {processor.py:183} INFO - Processing /home/facuvega/Descargas/crypto-etl-airflow/airflow-apache/lib/python3.11/site-packages/airflow/example_dags/example_short_circuit_decorator.py took 0.135 seconds
