[2025-05-04T03:50:39.365-0300] {processor.py:161} INFO - Started process (PID=19619) to work on /home/facuvega/Descargas/crypto-etl-airflow/airflow-apache/lib/python3.11/site-packages/airflow/example_dags/example_xcomargs.py
[2025-05-04T03:50:39.366-0300] {processor.py:830} INFO - Processing file /home/facuvega/Descargas/crypto-etl-airflow/airflow-apache/lib/python3.11/site-packages/airflow/example_dags/example_xcomargs.py for tasks to queue
[2025-05-04T03:50:39.368-0300] {logging_mixin.py:188} INFO - [2025-05-04T03:50:39.367-0300] {dagbag.py:540} INFO - Filling up the DagBag from /home/facuvega/Descargas/crypto-etl-airflow/airflow-apache/lib/python3.11/site-packages/airflow/example_dags/example_xcomargs.py
[2025-05-04T03:50:39.378-0300] {processor.py:840} INFO - DAG(s) 'example_xcom_args_with_operators', 'example_xcom_args' retrieved from /home/facuvega/Descargas/crypto-etl-airflow/airflow-apache/lib/python3.11/site-packages/airflow/example_dags/example_xcomargs.py
[2025-05-04T03:50:39.397-0300] {logging_mixin.py:188} INFO - [2025-05-04T03:50:39.397-0300] {dag.py:3096} INFO - Sync 2 DAGs
[2025-05-04T03:50:39.407-0300] {logging_mixin.py:188} INFO - [2025-05-04T03:50:39.406-0300] {dag.py:3954} INFO - Setting next_dagrun for example_xcom_args to None, run_after=None
[2025-05-04T03:50:39.409-0300] {logging_mixin.py:188} INFO - [2025-05-04T03:50:39.409-0300] {dag.py:3954} INFO - Setting next_dagrun for example_xcom_args_with_operators to None, run_after=None
[2025-05-04T03:50:39.575-0300] {processor.py:183} INFO - Processing /home/facuvega/Descargas/crypto-etl-airflow/airflow-apache/lib/python3.11/site-packages/airflow/example_dags/example_xcomargs.py took 0.215 seconds
[2025-05-04T03:51:32.205-0300] {processor.py:161} INFO - Started process (PID=19853) to work on /home/facuvega/Descargas/crypto-etl-airflow/airflow-apache/lib/python3.11/site-packages/airflow/example_dags/example_xcomargs.py
[2025-05-04T03:51:32.206-0300] {processor.py:830} INFO - Processing file /home/facuvega/Descargas/crypto-etl-airflow/airflow-apache/lib/python3.11/site-packages/airflow/example_dags/example_xcomargs.py for tasks to queue
[2025-05-04T03:51:32.208-0300] {logging_mixin.py:188} INFO - [2025-05-04T03:51:32.207-0300] {dagbag.py:540} INFO - Filling up the DagBag from /home/facuvega/Descargas/crypto-etl-airflow/airflow-apache/lib/python3.11/site-packages/airflow/example_dags/example_xcomargs.py
[2025-05-04T03:51:32.215-0300] {processor.py:840} INFO - DAG(s) 'example_xcom_args_with_operators', 'example_xcom_args' retrieved from /home/facuvega/Descargas/crypto-etl-airflow/airflow-apache/lib/python3.11/site-packages/airflow/example_dags/example_xcomargs.py
[2025-05-04T03:51:32.228-0300] {logging_mixin.py:188} INFO - [2025-05-04T03:51:32.228-0300] {dag.py:3096} INFO - Sync 2 DAGs
[2025-05-04T03:51:32.236-0300] {logging_mixin.py:188} INFO - [2025-05-04T03:51:32.236-0300] {dag.py:3954} INFO - Setting next_dagrun for example_xcom_args to None, run_after=None
[2025-05-04T03:51:32.238-0300] {logging_mixin.py:188} INFO - [2025-05-04T03:51:32.237-0300] {dag.py:3954} INFO - Setting next_dagrun for example_xcom_args_with_operators to None, run_after=None
[2025-05-04T03:51:32.249-0300] {processor.py:183} INFO - Processing /home/facuvega/Descargas/crypto-etl-airflow/airflow-apache/lib/python3.11/site-packages/airflow/example_dags/example_xcomargs.py took 0.048 seconds
[2025-05-04T03:52:16.999-0300] {processor.py:161} INFO - Started process (PID=20069) to work on /home/facuvega/Descargas/crypto-etl-airflow/airflow-apache/lib/python3.11/site-packages/airflow/example_dags/example_xcomargs.py
[2025-05-04T03:52:17.000-0300] {processor.py:830} INFO - Processing file /home/facuvega/Descargas/crypto-etl-airflow/airflow-apache/lib/python3.11/site-packages/airflow/example_dags/example_xcomargs.py for tasks to queue
[2025-05-04T03:52:17.001-0300] {logging_mixin.py:188} INFO - [2025-05-04T03:52:17.001-0300] {dagbag.py:540} INFO - Filling up the DagBag from /home/facuvega/Descargas/crypto-etl-airflow/airflow-apache/lib/python3.11/site-packages/airflow/example_dags/example_xcomargs.py
[2025-05-04T03:52:17.009-0300] {processor.py:840} INFO - DAG(s) 'example_xcom_args', 'example_xcom_args_with_operators' retrieved from /home/facuvega/Descargas/crypto-etl-airflow/airflow-apache/lib/python3.11/site-packages/airflow/example_dags/example_xcomargs.py
[2025-05-04T03:52:17.023-0300] {logging_mixin.py:188} INFO - [2025-05-04T03:52:17.023-0300] {dag.py:3096} INFO - Sync 2 DAGs
[2025-05-04T03:52:17.030-0300] {logging_mixin.py:188} INFO - [2025-05-04T03:52:17.030-0300] {dag.py:3954} INFO - Setting next_dagrun for example_xcom_args to None, run_after=None
[2025-05-04T03:52:17.032-0300] {logging_mixin.py:188} INFO - [2025-05-04T03:52:17.032-0300] {dag.py:3954} INFO - Setting next_dagrun for example_xcom_args_with_operators to None, run_after=None
[2025-05-04T03:52:17.044-0300] {processor.py:183} INFO - Processing /home/facuvega/Descargas/crypto-etl-airflow/airflow-apache/lib/python3.11/site-packages/airflow/example_dags/example_xcomargs.py took 0.050 seconds
[2025-05-04T03:52:59.905-0300] {processor.py:161} INFO - Started process (PID=20268) to work on /home/facuvega/Descargas/crypto-etl-airflow/airflow-apache/lib/python3.11/site-packages/airflow/example_dags/example_xcomargs.py
[2025-05-04T03:52:59.906-0300] {processor.py:830} INFO - Processing file /home/facuvega/Descargas/crypto-etl-airflow/airflow-apache/lib/python3.11/site-packages/airflow/example_dags/example_xcomargs.py for tasks to queue
[2025-05-04T03:52:59.907-0300] {logging_mixin.py:188} INFO - [2025-05-04T03:52:59.907-0300] {dagbag.py:540} INFO - Filling up the DagBag from /home/facuvega/Descargas/crypto-etl-airflow/airflow-apache/lib/python3.11/site-packages/airflow/example_dags/example_xcomargs.py
[2025-05-04T03:52:59.914-0300] {processor.py:840} INFO - DAG(s) 'example_xcom_args', 'example_xcom_args_with_operators' retrieved from /home/facuvega/Descargas/crypto-etl-airflow/airflow-apache/lib/python3.11/site-packages/airflow/example_dags/example_xcomargs.py
[2025-05-04T03:52:59.927-0300] {logging_mixin.py:188} INFO - [2025-05-04T03:52:59.927-0300] {dag.py:3096} INFO - Sync 2 DAGs
[2025-05-04T03:52:59.935-0300] {logging_mixin.py:188} INFO - [2025-05-04T03:52:59.935-0300] {dag.py:3954} INFO - Setting next_dagrun for example_xcom_args to None, run_after=None
[2025-05-04T03:52:59.937-0300] {logging_mixin.py:188} INFO - [2025-05-04T03:52:59.937-0300] {dag.py:3954} INFO - Setting next_dagrun for example_xcom_args_with_operators to None, run_after=None
[2025-05-04T03:52:59.948-0300] {processor.py:183} INFO - Processing /home/facuvega/Descargas/crypto-etl-airflow/airflow-apache/lib/python3.11/site-packages/airflow/example_dags/example_xcomargs.py took 0.048 seconds
[2025-05-04T03:53:52.555-0300] {processor.py:161} INFO - Started process (PID=20839) to work on /home/facuvega/Descargas/crypto-etl-airflow/airflow-apache/lib/python3.11/site-packages/airflow/example_dags/example_xcomargs.py
[2025-05-04T03:53:52.556-0300] {processor.py:830} INFO - Processing file /home/facuvega/Descargas/crypto-etl-airflow/airflow-apache/lib/python3.11/site-packages/airflow/example_dags/example_xcomargs.py for tasks to queue
[2025-05-04T03:53:52.558-0300] {logging_mixin.py:188} INFO - [2025-05-04T03:53:52.558-0300] {dagbag.py:540} INFO - Filling up the DagBag from /home/facuvega/Descargas/crypto-etl-airflow/airflow-apache/lib/python3.11/site-packages/airflow/example_dags/example_xcomargs.py
[2025-05-04T03:53:52.572-0300] {processor.py:840} INFO - DAG(s) 'example_xcom_args_with_operators', 'example_xcom_args' retrieved from /home/facuvega/Descargas/crypto-etl-airflow/airflow-apache/lib/python3.11/site-packages/airflow/example_dags/example_xcomargs.py
[2025-05-04T03:53:52.589-0300] {logging_mixin.py:188} INFO - [2025-05-04T03:53:52.589-0300] {dag.py:3096} INFO - Sync 2 DAGs
[2025-05-04T03:53:52.599-0300] {logging_mixin.py:188} INFO - [2025-05-04T03:53:52.599-0300] {dag.py:3954} INFO - Setting next_dagrun for example_xcom_args to None, run_after=None
[2025-05-04T03:53:52.602-0300] {logging_mixin.py:188} INFO - [2025-05-04T03:53:52.601-0300] {dag.py:3954} INFO - Setting next_dagrun for example_xcom_args_with_operators to None, run_after=None
[2025-05-04T03:53:52.615-0300] {processor.py:183} INFO - Processing /home/facuvega/Descargas/crypto-etl-airflow/airflow-apache/lib/python3.11/site-packages/airflow/example_dags/example_xcomargs.py took 0.066 seconds
[2025-05-04T03:54:37.415-0300] {processor.py:161} INFO - Started process (PID=21044) to work on /home/facuvega/Descargas/crypto-etl-airflow/airflow-apache/lib/python3.11/site-packages/airflow/example_dags/example_xcomargs.py
[2025-05-04T03:54:37.416-0300] {processor.py:830} INFO - Processing file /home/facuvega/Descargas/crypto-etl-airflow/airflow-apache/lib/python3.11/site-packages/airflow/example_dags/example_xcomargs.py for tasks to queue
[2025-05-04T03:54:37.417-0300] {logging_mixin.py:188} INFO - [2025-05-04T03:54:37.417-0300] {dagbag.py:540} INFO - Filling up the DagBag from /home/facuvega/Descargas/crypto-etl-airflow/airflow-apache/lib/python3.11/site-packages/airflow/example_dags/example_xcomargs.py
[2025-05-04T03:54:37.425-0300] {processor.py:840} INFO - DAG(s) 'example_xcom_args_with_operators', 'example_xcom_args' retrieved from /home/facuvega/Descargas/crypto-etl-airflow/airflow-apache/lib/python3.11/site-packages/airflow/example_dags/example_xcomargs.py
[2025-05-04T03:54:37.440-0300] {logging_mixin.py:188} INFO - [2025-05-04T03:54:37.439-0300] {dag.py:3096} INFO - Sync 2 DAGs
[2025-05-04T03:54:37.448-0300] {logging_mixin.py:188} INFO - [2025-05-04T03:54:37.448-0300] {dag.py:3954} INFO - Setting next_dagrun for example_xcom_args to None, run_after=None
[2025-05-04T03:54:37.450-0300] {logging_mixin.py:188} INFO - [2025-05-04T03:54:37.450-0300] {dag.py:3954} INFO - Setting next_dagrun for example_xcom_args_with_operators to None, run_after=None
[2025-05-04T03:54:37.462-0300] {processor.py:183} INFO - Processing /home/facuvega/Descargas/crypto-etl-airflow/airflow-apache/lib/python3.11/site-packages/airflow/example_dags/example_xcomargs.py took 0.052 seconds
[2025-05-04T03:55:17.926-0300] {processor.py:161} INFO - Started process (PID=21232) to work on /home/facuvega/Descargas/crypto-etl-airflow/airflow-apache/lib/python3.11/site-packages/airflow/example_dags/example_xcomargs.py
[2025-05-04T03:55:17.927-0300] {processor.py:830} INFO - Processing file /home/facuvega/Descargas/crypto-etl-airflow/airflow-apache/lib/python3.11/site-packages/airflow/example_dags/example_xcomargs.py for tasks to queue
[2025-05-04T03:55:17.928-0300] {logging_mixin.py:188} INFO - [2025-05-04T03:55:17.928-0300] {dagbag.py:540} INFO - Filling up the DagBag from /home/facuvega/Descargas/crypto-etl-airflow/airflow-apache/lib/python3.11/site-packages/airflow/example_dags/example_xcomargs.py
[2025-05-04T03:55:17.936-0300] {processor.py:840} INFO - DAG(s) 'example_xcom_args_with_operators', 'example_xcom_args' retrieved from /home/facuvega/Descargas/crypto-etl-airflow/airflow-apache/lib/python3.11/site-packages/airflow/example_dags/example_xcomargs.py
[2025-05-04T03:55:17.950-0300] {logging_mixin.py:188} INFO - [2025-05-04T03:55:17.949-0300] {dag.py:3096} INFO - Sync 2 DAGs
[2025-05-04T03:55:17.958-0300] {logging_mixin.py:188} INFO - [2025-05-04T03:55:17.958-0300] {dag.py:3954} INFO - Setting next_dagrun for example_xcom_args to None, run_after=None
[2025-05-04T03:55:17.960-0300] {logging_mixin.py:188} INFO - [2025-05-04T03:55:17.960-0300] {dag.py:3954} INFO - Setting next_dagrun for example_xcom_args_with_operators to None, run_after=None
[2025-05-04T03:55:17.972-0300] {processor.py:183} INFO - Processing /home/facuvega/Descargas/crypto-etl-airflow/airflow-apache/lib/python3.11/site-packages/airflow/example_dags/example_xcomargs.py took 0.051 seconds
[2025-05-04T03:56:08.922-0300] {processor.py:161} INFO - Started process (PID=21568) to work on /home/facuvega/Descargas/crypto-etl-airflow/airflow-apache/lib/python3.11/site-packages/airflow/example_dags/example_xcomargs.py
[2025-05-04T03:56:08.923-0300] {processor.py:830} INFO - Processing file /home/facuvega/Descargas/crypto-etl-airflow/airflow-apache/lib/python3.11/site-packages/airflow/example_dags/example_xcomargs.py for tasks to queue
[2025-05-04T03:56:08.925-0300] {logging_mixin.py:188} INFO - [2025-05-04T03:56:08.924-0300] {dagbag.py:540} INFO - Filling up the DagBag from /home/facuvega/Descargas/crypto-etl-airflow/airflow-apache/lib/python3.11/site-packages/airflow/example_dags/example_xcomargs.py
[2025-05-04T03:56:08.934-0300] {processor.py:840} INFO - DAG(s) 'example_xcom_args_with_operators', 'example_xcom_args' retrieved from /home/facuvega/Descargas/crypto-etl-airflow/airflow-apache/lib/python3.11/site-packages/airflow/example_dags/example_xcomargs.py
[2025-05-04T03:56:08.951-0300] {logging_mixin.py:188} INFO - [2025-05-04T03:56:08.950-0300] {dag.py:3096} INFO - Sync 2 DAGs
[2025-05-04T03:56:08.962-0300] {logging_mixin.py:188} INFO - [2025-05-04T03:56:08.962-0300] {dag.py:3954} INFO - Setting next_dagrun for example_xcom_args to None, run_after=None
[2025-05-04T03:56:08.964-0300] {logging_mixin.py:188} INFO - [2025-05-04T03:56:08.964-0300] {dag.py:3954} INFO - Setting next_dagrun for example_xcom_args_with_operators to None, run_after=None
[2025-05-04T03:56:08.979-0300] {processor.py:183} INFO - Processing /home/facuvega/Descargas/crypto-etl-airflow/airflow-apache/lib/python3.11/site-packages/airflow/example_dags/example_xcomargs.py took 0.064 seconds
[2025-05-04T03:56:48.493-0300] {processor.py:161} INFO - Started process (PID=21742) to work on /home/facuvega/Descargas/crypto-etl-airflow/airflow-apache/lib/python3.11/site-packages/airflow/example_dags/example_xcomargs.py
[2025-05-04T03:56:48.494-0300] {processor.py:830} INFO - Processing file /home/facuvega/Descargas/crypto-etl-airflow/airflow-apache/lib/python3.11/site-packages/airflow/example_dags/example_xcomargs.py for tasks to queue
[2025-05-04T03:56:48.495-0300] {logging_mixin.py:188} INFO - [2025-05-04T03:56:48.495-0300] {dagbag.py:540} INFO - Filling up the DagBag from /home/facuvega/Descargas/crypto-etl-airflow/airflow-apache/lib/python3.11/site-packages/airflow/example_dags/example_xcomargs.py
[2025-05-04T03:56:48.503-0300] {processor.py:840} INFO - DAG(s) 'example_xcom_args_with_operators', 'example_xcom_args' retrieved from /home/facuvega/Descargas/crypto-etl-airflow/airflow-apache/lib/python3.11/site-packages/airflow/example_dags/example_xcomargs.py
[2025-05-04T03:56:48.517-0300] {logging_mixin.py:188} INFO - [2025-05-04T03:56:48.517-0300] {dag.py:3096} INFO - Sync 2 DAGs
[2025-05-04T03:56:48.526-0300] {logging_mixin.py:188} INFO - [2025-05-04T03:56:48.525-0300] {dag.py:3954} INFO - Setting next_dagrun for example_xcom_args to None, run_after=None
[2025-05-04T03:56:48.527-0300] {logging_mixin.py:188} INFO - [2025-05-04T03:56:48.527-0300] {dag.py:3954} INFO - Setting next_dagrun for example_xcom_args_with_operators to None, run_after=None
[2025-05-04T03:56:48.539-0300] {processor.py:183} INFO - Processing /home/facuvega/Descargas/crypto-etl-airflow/airflow-apache/lib/python3.11/site-packages/airflow/example_dags/example_xcomargs.py took 0.052 seconds
[2025-05-04T03:58:01.810-0300] {processor.py:161} INFO - Started process (PID=22407) to work on /home/facuvega/Descargas/crypto-etl-airflow/airflow-apache/lib/python3.11/site-packages/airflow/example_dags/example_xcomargs.py
[2025-05-04T03:58:01.812-0300] {processor.py:830} INFO - Processing file /home/facuvega/Descargas/crypto-etl-airflow/airflow-apache/lib/python3.11/site-packages/airflow/example_dags/example_xcomargs.py for tasks to queue
[2025-05-04T03:58:01.813-0300] {logging_mixin.py:188} INFO - [2025-05-04T03:58:01.813-0300] {dagbag.py:540} INFO - Filling up the DagBag from /home/facuvega/Descargas/crypto-etl-airflow/airflow-apache/lib/python3.11/site-packages/airflow/example_dags/example_xcomargs.py
[2025-05-04T03:58:01.821-0300] {processor.py:840} INFO - DAG(s) 'example_xcom_args_with_operators', 'example_xcom_args' retrieved from /home/facuvega/Descargas/crypto-etl-airflow/airflow-apache/lib/python3.11/site-packages/airflow/example_dags/example_xcomargs.py
[2025-05-04T03:58:01.838-0300] {logging_mixin.py:188} INFO - [2025-05-04T03:58:01.838-0300] {dag.py:3096} INFO - Sync 2 DAGs
[2025-05-04T03:58:01.847-0300] {logging_mixin.py:188} INFO - [2025-05-04T03:58:01.846-0300] {dag.py:3954} INFO - Setting next_dagrun for example_xcom_args to None, run_after=None
[2025-05-04T03:58:01.849-0300] {logging_mixin.py:188} INFO - [2025-05-04T03:58:01.849-0300] {dag.py:3954} INFO - Setting next_dagrun for example_xcom_args_with_operators to None, run_after=None
[2025-05-04T03:58:02.004-0300] {processor.py:183} INFO - Processing /home/facuvega/Descargas/crypto-etl-airflow/airflow-apache/lib/python3.11/site-packages/airflow/example_dags/example_xcomargs.py took 0.198 seconds
[2025-05-04T03:58:56.012-0300] {processor.py:161} INFO - Started process (PID=22768) to work on /home/facuvega/Descargas/crypto-etl-airflow/airflow-apache/lib/python3.11/site-packages/airflow/example_dags/example_xcomargs.py
[2025-05-04T03:58:56.017-0300] {processor.py:830} INFO - Processing file /home/facuvega/Descargas/crypto-etl-airflow/airflow-apache/lib/python3.11/site-packages/airflow/example_dags/example_xcomargs.py for tasks to queue
[2025-05-04T03:58:56.023-0300] {logging_mixin.py:188} INFO - [2025-05-04T03:58:56.020-0300] {dagbag.py:540} INFO - Filling up the DagBag from /home/facuvega/Descargas/crypto-etl-airflow/airflow-apache/lib/python3.11/site-packages/airflow/example_dags/example_xcomargs.py
[2025-05-04T03:58:56.062-0300] {processor.py:840} INFO - DAG(s) 'example_xcom_args_with_operators', 'example_xcom_args' retrieved from /home/facuvega/Descargas/crypto-etl-airflow/airflow-apache/lib/python3.11/site-packages/airflow/example_dags/example_xcomargs.py
[2025-05-04T03:58:56.218-0300] {logging_mixin.py:188} INFO - [2025-05-04T03:58:56.218-0300] {dag.py:3096} INFO - Sync 2 DAGs
[2025-05-04T03:58:56.385-0300] {logging_mixin.py:188} INFO - [2025-05-04T03:58:56.384-0300] {dag.py:3954} INFO - Setting next_dagrun for example_xcom_args to None, run_after=None
[2025-05-04T03:58:56.414-0300] {logging_mixin.py:188} INFO - [2025-05-04T03:58:56.414-0300] {dag.py:3954} INFO - Setting next_dagrun for example_xcom_args_with_operators to None, run_after=None
[2025-05-04T03:58:56.512-0300] {processor.py:183} INFO - Processing /home/facuvega/Descargas/crypto-etl-airflow/airflow-apache/lib/python3.11/site-packages/airflow/example_dags/example_xcomargs.py took 0.524 seconds
[2025-05-04T04:00:01.609-0300] {processor.py:161} INFO - Started process (PID=23440) to work on /home/facuvega/Descargas/crypto-etl-airflow/airflow-apache/lib/python3.11/site-packages/airflow/example_dags/example_xcomargs.py
[2025-05-04T04:00:01.610-0300] {processor.py:830} INFO - Processing file /home/facuvega/Descargas/crypto-etl-airflow/airflow-apache/lib/python3.11/site-packages/airflow/example_dags/example_xcomargs.py for tasks to queue
[2025-05-04T04:00:01.612-0300] {logging_mixin.py:188} INFO - [2025-05-04T04:00:01.611-0300] {dagbag.py:540} INFO - Filling up the DagBag from /home/facuvega/Descargas/crypto-etl-airflow/airflow-apache/lib/python3.11/site-packages/airflow/example_dags/example_xcomargs.py
[2025-05-04T04:00:01.623-0300] {processor.py:840} INFO - DAG(s) 'example_xcom_args', 'example_xcom_args_with_operators' retrieved from /home/facuvega/Descargas/crypto-etl-airflow/airflow-apache/lib/python3.11/site-packages/airflow/example_dags/example_xcomargs.py
[2025-05-04T04:00:01.642-0300] {logging_mixin.py:188} INFO - [2025-05-04T04:00:01.642-0300] {dag.py:3096} INFO - Sync 2 DAGs
[2025-05-04T04:00:01.653-0300] {logging_mixin.py:188} INFO - [2025-05-04T04:00:01.653-0300] {dag.py:3954} INFO - Setting next_dagrun for example_xcom_args to None, run_after=None
[2025-05-04T04:00:01.656-0300] {logging_mixin.py:188} INFO - [2025-05-04T04:00:01.656-0300] {dag.py:3954} INFO - Setting next_dagrun for example_xcom_args_with_operators to None, run_after=None
[2025-05-04T04:00:01.671-0300] {processor.py:183} INFO - Processing /home/facuvega/Descargas/crypto-etl-airflow/airflow-apache/lib/python3.11/site-packages/airflow/example_dags/example_xcomargs.py took 0.069 seconds
[2025-05-04T04:00:56.904-0300] {processor.py:161} INFO - Started process (PID=23907) to work on /home/facuvega/Descargas/crypto-etl-airflow/airflow-apache/lib/python3.11/site-packages/airflow/example_dags/example_xcomargs.py
[2025-05-04T04:00:56.905-0300] {processor.py:830} INFO - Processing file /home/facuvega/Descargas/crypto-etl-airflow/airflow-apache/lib/python3.11/site-packages/airflow/example_dags/example_xcomargs.py for tasks to queue
[2025-05-04T04:00:56.907-0300] {logging_mixin.py:188} INFO - [2025-05-04T04:00:56.906-0300] {dagbag.py:540} INFO - Filling up the DagBag from /home/facuvega/Descargas/crypto-etl-airflow/airflow-apache/lib/python3.11/site-packages/airflow/example_dags/example_xcomargs.py
[2025-05-04T04:00:56.920-0300] {processor.py:840} INFO - DAG(s) 'example_xcom_args', 'example_xcom_args_with_operators' retrieved from /home/facuvega/Descargas/crypto-etl-airflow/airflow-apache/lib/python3.11/site-packages/airflow/example_dags/example_xcomargs.py
[2025-05-04T04:00:56.938-0300] {logging_mixin.py:188} INFO - [2025-05-04T04:00:56.938-0300] {dag.py:3096} INFO - Sync 2 DAGs
[2025-05-04T04:00:56.951-0300] {logging_mixin.py:188} INFO - [2025-05-04T04:00:56.950-0300] {dag.py:3954} INFO - Setting next_dagrun for example_xcom_args to None, run_after=None
[2025-05-04T04:00:56.953-0300] {logging_mixin.py:188} INFO - [2025-05-04T04:00:56.953-0300] {dag.py:3954} INFO - Setting next_dagrun for example_xcom_args_with_operators to None, run_after=None
[2025-05-04T04:00:56.970-0300] {processor.py:183} INFO - Processing /home/facuvega/Descargas/crypto-etl-airflow/airflow-apache/lib/python3.11/site-packages/airflow/example_dags/example_xcomargs.py took 0.074 seconds
[2025-05-04T04:01:45.475-0300] {processor.py:161} INFO - Started process (PID=24133) to work on /home/facuvega/Descargas/crypto-etl-airflow/airflow-apache/lib/python3.11/site-packages/airflow/example_dags/example_xcomargs.py
[2025-05-04T04:01:45.476-0300] {processor.py:830} INFO - Processing file /home/facuvega/Descargas/crypto-etl-airflow/airflow-apache/lib/python3.11/site-packages/airflow/example_dags/example_xcomargs.py for tasks to queue
[2025-05-04T04:01:45.478-0300] {logging_mixin.py:188} INFO - [2025-05-04T04:01:45.477-0300] {dagbag.py:540} INFO - Filling up the DagBag from /home/facuvega/Descargas/crypto-etl-airflow/airflow-apache/lib/python3.11/site-packages/airflow/example_dags/example_xcomargs.py
[2025-05-04T04:01:45.486-0300] {processor.py:840} INFO - DAG(s) 'example_xcom_args_with_operators', 'example_xcom_args' retrieved from /home/facuvega/Descargas/crypto-etl-airflow/airflow-apache/lib/python3.11/site-packages/airflow/example_dags/example_xcomargs.py
[2025-05-04T04:01:45.502-0300] {logging_mixin.py:188} INFO - [2025-05-04T04:01:45.502-0300] {dag.py:3096} INFO - Sync 2 DAGs
[2025-05-04T04:01:45.512-0300] {logging_mixin.py:188} INFO - [2025-05-04T04:01:45.512-0300] {dag.py:3954} INFO - Setting next_dagrun for example_xcom_args to None, run_after=None
[2025-05-04T04:01:45.514-0300] {logging_mixin.py:188} INFO - [2025-05-04T04:01:45.514-0300] {dag.py:3954} INFO - Setting next_dagrun for example_xcom_args_with_operators to None, run_after=None
[2025-05-04T04:01:45.527-0300] {processor.py:183} INFO - Processing /home/facuvega/Descargas/crypto-etl-airflow/airflow-apache/lib/python3.11/site-packages/airflow/example_dags/example_xcomargs.py took 0.058 seconds
[2025-05-04T04:03:02.604-0300] {processor.py:161} INFO - Started process (PID=24826) to work on /home/facuvega/Descargas/crypto-etl-airflow/airflow-apache/lib/python3.11/site-packages/airflow/example_dags/example_xcomargs.py
[2025-05-04T04:03:02.605-0300] {processor.py:830} INFO - Processing file /home/facuvega/Descargas/crypto-etl-airflow/airflow-apache/lib/python3.11/site-packages/airflow/example_dags/example_xcomargs.py for tasks to queue
[2025-05-04T04:03:02.607-0300] {logging_mixin.py:188} INFO - [2025-05-04T04:03:02.606-0300] {dagbag.py:540} INFO - Filling up the DagBag from /home/facuvega/Descargas/crypto-etl-airflow/airflow-apache/lib/python3.11/site-packages/airflow/example_dags/example_xcomargs.py
[2025-05-04T04:03:02.615-0300] {processor.py:840} INFO - DAG(s) 'example_xcom_args', 'example_xcom_args_with_operators' retrieved from /home/facuvega/Descargas/crypto-etl-airflow/airflow-apache/lib/python3.11/site-packages/airflow/example_dags/example_xcomargs.py
[2025-05-04T04:03:02.631-0300] {logging_mixin.py:188} INFO - [2025-05-04T04:03:02.631-0300] {dag.py:3096} INFO - Sync 2 DAGs
[2025-05-04T04:03:02.643-0300] {logging_mixin.py:188} INFO - [2025-05-04T04:03:02.643-0300] {dag.py:3954} INFO - Setting next_dagrun for example_xcom_args to None, run_after=None
[2025-05-04T04:03:02.645-0300] {logging_mixin.py:188} INFO - [2025-05-04T04:03:02.645-0300] {dag.py:3954} INFO - Setting next_dagrun for example_xcom_args_with_operators to None, run_after=None
[2025-05-04T04:03:02.791-0300] {processor.py:183} INFO - Processing /home/facuvega/Descargas/crypto-etl-airflow/airflow-apache/lib/python3.11/site-packages/airflow/example_dags/example_xcomargs.py took 0.191 seconds
[2025-05-04T04:04:01.197-0300] {processor.py:161} INFO - Started process (PID=25159) to work on /home/facuvega/Descargas/crypto-etl-airflow/airflow-apache/lib/python3.11/site-packages/airflow/example_dags/example_xcomargs.py
[2025-05-04T04:04:01.198-0300] {processor.py:830} INFO - Processing file /home/facuvega/Descargas/crypto-etl-airflow/airflow-apache/lib/python3.11/site-packages/airflow/example_dags/example_xcomargs.py for tasks to queue
[2025-05-04T04:04:01.200-0300] {logging_mixin.py:188} INFO - [2025-05-04T04:04:01.199-0300] {dagbag.py:540} INFO - Filling up the DagBag from /home/facuvega/Descargas/crypto-etl-airflow/airflow-apache/lib/python3.11/site-packages/airflow/example_dags/example_xcomargs.py
[2025-05-04T04:04:01.207-0300] {processor.py:840} INFO - DAG(s) 'example_xcom_args_with_operators', 'example_xcom_args' retrieved from /home/facuvega/Descargas/crypto-etl-airflow/airflow-apache/lib/python3.11/site-packages/airflow/example_dags/example_xcomargs.py
[2025-05-04T04:04:01.223-0300] {logging_mixin.py:188} INFO - [2025-05-04T04:04:01.223-0300] {dag.py:3096} INFO - Sync 2 DAGs
[2025-05-04T04:04:01.234-0300] {logging_mixin.py:188} INFO - [2025-05-04T04:04:01.234-0300] {dag.py:3954} INFO - Setting next_dagrun for example_xcom_args to None, run_after=None
[2025-05-04T04:04:01.238-0300] {logging_mixin.py:188} INFO - [2025-05-04T04:04:01.237-0300] {dag.py:3954} INFO - Setting next_dagrun for example_xcom_args_with_operators to None, run_after=None
[2025-05-04T04:04:01.259-0300] {processor.py:183} INFO - Processing /home/facuvega/Descargas/crypto-etl-airflow/airflow-apache/lib/python3.11/site-packages/airflow/example_dags/example_xcomargs.py took 0.067 seconds
[2025-05-04T04:05:08.740-0300] {processor.py:161} INFO - Started process (PID=26179) to work on /home/facuvega/Descargas/crypto-etl-airflow/airflow-apache/lib/python3.11/site-packages/airflow/example_dags/example_xcomargs.py
[2025-05-04T04:05:08.741-0300] {processor.py:830} INFO - Processing file /home/facuvega/Descargas/crypto-etl-airflow/airflow-apache/lib/python3.11/site-packages/airflow/example_dags/example_xcomargs.py for tasks to queue
[2025-05-04T04:05:08.743-0300] {logging_mixin.py:188} INFO - [2025-05-04T04:05:08.743-0300] {dagbag.py:540} INFO - Filling up the DagBag from /home/facuvega/Descargas/crypto-etl-airflow/airflow-apache/lib/python3.11/site-packages/airflow/example_dags/example_xcomargs.py
[2025-05-04T04:05:08.758-0300] {processor.py:840} INFO - DAG(s) 'example_xcom_args_with_operators', 'example_xcom_args' retrieved from /home/facuvega/Descargas/crypto-etl-airflow/airflow-apache/lib/python3.11/site-packages/airflow/example_dags/example_xcomargs.py
[2025-05-04T04:05:08.784-0300] {logging_mixin.py:188} INFO - [2025-05-04T04:05:08.784-0300] {dag.py:3096} INFO - Sync 2 DAGs
[2025-05-04T04:05:08.796-0300] {logging_mixin.py:188} INFO - [2025-05-04T04:05:08.796-0300] {dag.py:3954} INFO - Setting next_dagrun for example_xcom_args to None, run_after=None
[2025-05-04T04:05:08.799-0300] {logging_mixin.py:188} INFO - [2025-05-04T04:05:08.799-0300] {dag.py:3954} INFO - Setting next_dagrun for example_xcom_args_with_operators to None, run_after=None
[2025-05-04T04:05:08.813-0300] {processor.py:183} INFO - Processing /home/facuvega/Descargas/crypto-etl-airflow/airflow-apache/lib/python3.11/site-packages/airflow/example_dags/example_xcomargs.py took 0.090 seconds
[2025-05-04T04:05:48.450-0300] {processor.py:161} INFO - Started process (PID=26411) to work on /home/facuvega/Descargas/crypto-etl-airflow/airflow-apache/lib/python3.11/site-packages/airflow/example_dags/example_xcomargs.py
[2025-05-04T04:05:48.451-0300] {processor.py:830} INFO - Processing file /home/facuvega/Descargas/crypto-etl-airflow/airflow-apache/lib/python3.11/site-packages/airflow/example_dags/example_xcomargs.py for tasks to queue
[2025-05-04T04:05:48.454-0300] {logging_mixin.py:188} INFO - [2025-05-04T04:05:48.453-0300] {dagbag.py:540} INFO - Filling up the DagBag from /home/facuvega/Descargas/crypto-etl-airflow/airflow-apache/lib/python3.11/site-packages/airflow/example_dags/example_xcomargs.py
[2025-05-04T04:05:48.467-0300] {processor.py:840} INFO - DAG(s) 'example_xcom_args_with_operators', 'example_xcom_args' retrieved from /home/facuvega/Descargas/crypto-etl-airflow/airflow-apache/lib/python3.11/site-packages/airflow/example_dags/example_xcomargs.py
[2025-05-04T04:05:48.485-0300] {logging_mixin.py:188} INFO - [2025-05-04T04:05:48.485-0300] {dag.py:3096} INFO - Sync 2 DAGs
[2025-05-04T04:05:48.494-0300] {logging_mixin.py:188} INFO - [2025-05-04T04:05:48.494-0300] {dag.py:3954} INFO - Setting next_dagrun for example_xcom_args to None, run_after=None
[2025-05-04T04:05:48.496-0300] {logging_mixin.py:188} INFO - [2025-05-04T04:05:48.496-0300] {dag.py:3954} INFO - Setting next_dagrun for example_xcom_args_with_operators to None, run_after=None
[2025-05-04T04:05:48.518-0300] {processor.py:183} INFO - Processing /home/facuvega/Descargas/crypto-etl-airflow/airflow-apache/lib/python3.11/site-packages/airflow/example_dags/example_xcomargs.py took 0.075 seconds
[2025-05-04T04:06:37.607-0300] {processor.py:161} INFO - Started process (PID=26702) to work on /home/facuvega/Descargas/crypto-etl-airflow/airflow-apache/lib/python3.11/site-packages/airflow/example_dags/example_xcomargs.py
[2025-05-04T04:06:37.610-0300] {processor.py:830} INFO - Processing file /home/facuvega/Descargas/crypto-etl-airflow/airflow-apache/lib/python3.11/site-packages/airflow/example_dags/example_xcomargs.py for tasks to queue
[2025-05-04T04:06:37.612-0300] {logging_mixin.py:188} INFO - [2025-05-04T04:06:37.611-0300] {dagbag.py:540} INFO - Filling up the DagBag from /home/facuvega/Descargas/crypto-etl-airflow/airflow-apache/lib/python3.11/site-packages/airflow/example_dags/example_xcomargs.py
[2025-05-04T04:06:37.636-0300] {processor.py:840} INFO - DAG(s) 'example_xcom_args_with_operators', 'example_xcom_args' retrieved from /home/facuvega/Descargas/crypto-etl-airflow/airflow-apache/lib/python3.11/site-packages/airflow/example_dags/example_xcomargs.py
[2025-05-04T04:06:37.686-0300] {logging_mixin.py:188} INFO - [2025-05-04T04:06:37.685-0300] {dag.py:3096} INFO - Sync 2 DAGs
[2025-05-04T04:06:37.704-0300] {logging_mixin.py:188} INFO - [2025-05-04T04:06:37.703-0300] {dag.py:3954} INFO - Setting next_dagrun for example_xcom_args to None, run_after=None
[2025-05-04T04:06:37.709-0300] {logging_mixin.py:188} INFO - [2025-05-04T04:06:37.709-0300] {dag.py:3954} INFO - Setting next_dagrun for example_xcom_args_with_operators to None, run_after=None
[2025-05-04T04:06:37.764-0300] {processor.py:183} INFO - Processing /home/facuvega/Descargas/crypto-etl-airflow/airflow-apache/lib/python3.11/site-packages/airflow/example_dags/example_xcomargs.py took 0.170 seconds
[2025-05-04T04:07:25.512-0300] {processor.py:161} INFO - Started process (PID=26934) to work on /home/facuvega/Descargas/crypto-etl-airflow/airflow-apache/lib/python3.11/site-packages/airflow/example_dags/example_xcomargs.py
[2025-05-04T04:07:25.513-0300] {processor.py:830} INFO - Processing file /home/facuvega/Descargas/crypto-etl-airflow/airflow-apache/lib/python3.11/site-packages/airflow/example_dags/example_xcomargs.py for tasks to queue
[2025-05-04T04:07:25.515-0300] {logging_mixin.py:188} INFO - [2025-05-04T04:07:25.514-0300] {dagbag.py:540} INFO - Filling up the DagBag from /home/facuvega/Descargas/crypto-etl-airflow/airflow-apache/lib/python3.11/site-packages/airflow/example_dags/example_xcomargs.py
[2025-05-04T04:07:25.522-0300] {processor.py:840} INFO - DAG(s) 'example_xcom_args_with_operators', 'example_xcom_args' retrieved from /home/facuvega/Descargas/crypto-etl-airflow/airflow-apache/lib/python3.11/site-packages/airflow/example_dags/example_xcomargs.py
[2025-05-04T04:07:25.536-0300] {logging_mixin.py:188} INFO - [2025-05-04T04:07:25.536-0300] {dag.py:3096} INFO - Sync 2 DAGs
[2025-05-04T04:07:25.545-0300] {logging_mixin.py:188} INFO - [2025-05-04T04:07:25.545-0300] {dag.py:3954} INFO - Setting next_dagrun for example_xcom_args to None, run_after=None
[2025-05-04T04:07:25.548-0300] {logging_mixin.py:188} INFO - [2025-05-04T04:07:25.547-0300] {dag.py:3954} INFO - Setting next_dagrun for example_xcom_args_with_operators to None, run_after=None
[2025-05-04T04:07:25.559-0300] {processor.py:183} INFO - Processing /home/facuvega/Descargas/crypto-etl-airflow/airflow-apache/lib/python3.11/site-packages/airflow/example_dags/example_xcomargs.py took 0.053 seconds
[2025-05-04T04:10:07.048-0300] {processor.py:161} INFO - Started process (PID=28351) to work on /home/facuvega/Descargas/crypto-etl-airflow/airflow-apache/lib/python3.11/site-packages/airflow/example_dags/example_xcomargs.py
[2025-05-04T04:10:07.051-0300] {processor.py:830} INFO - Processing file /home/facuvega/Descargas/crypto-etl-airflow/airflow-apache/lib/python3.11/site-packages/airflow/example_dags/example_xcomargs.py for tasks to queue
[2025-05-04T04:10:07.053-0300] {logging_mixin.py:188} INFO - [2025-05-04T04:10:07.053-0300] {dagbag.py:540} INFO - Filling up the DagBag from /home/facuvega/Descargas/crypto-etl-airflow/airflow-apache/lib/python3.11/site-packages/airflow/example_dags/example_xcomargs.py
[2025-05-04T04:10:07.087-0300] {processor.py:840} INFO - DAG(s) 'example_xcom_args', 'example_xcom_args_with_operators' retrieved from /home/facuvega/Descargas/crypto-etl-airflow/airflow-apache/lib/python3.11/site-packages/airflow/example_dags/example_xcomargs.py
[2025-05-04T04:10:07.138-0300] {logging_mixin.py:188} INFO - [2025-05-04T04:10:07.138-0300] {dag.py:3096} INFO - Sync 2 DAGs
[2025-05-04T04:10:07.154-0300] {logging_mixin.py:188} INFO - [2025-05-04T04:10:07.152-0300] {dag.py:3954} INFO - Setting next_dagrun for example_xcom_args to None, run_after=None
[2025-05-04T04:10:07.159-0300] {logging_mixin.py:188} INFO - [2025-05-04T04:10:07.159-0300] {dag.py:3954} INFO - Setting next_dagrun for example_xcom_args_with_operators to None, run_after=None
[2025-05-04T04:10:07.754-0300] {processor.py:183} INFO - Processing /home/facuvega/Descargas/crypto-etl-airflow/airflow-apache/lib/python3.11/site-packages/airflow/example_dags/example_xcomargs.py took 0.725 seconds
[2025-05-04T04:11:15.418-0300] {processor.py:161} INFO - Started process (PID=29200) to work on /home/facuvega/Descargas/crypto-etl-airflow/airflow-apache/lib/python3.11/site-packages/airflow/example_dags/example_xcomargs.py
[2025-05-04T04:11:15.419-0300] {processor.py:830} INFO - Processing file /home/facuvega/Descargas/crypto-etl-airflow/airflow-apache/lib/python3.11/site-packages/airflow/example_dags/example_xcomargs.py for tasks to queue
[2025-05-04T04:11:15.421-0300] {logging_mixin.py:188} INFO - [2025-05-04T04:11:15.421-0300] {dagbag.py:540} INFO - Filling up the DagBag from /home/facuvega/Descargas/crypto-etl-airflow/airflow-apache/lib/python3.11/site-packages/airflow/example_dags/example_xcomargs.py
[2025-05-04T04:11:15.430-0300] {processor.py:840} INFO - DAG(s) 'example_xcom_args', 'example_xcom_args_with_operators' retrieved from /home/facuvega/Descargas/crypto-etl-airflow/airflow-apache/lib/python3.11/site-packages/airflow/example_dags/example_xcomargs.py
[2025-05-04T04:11:15.445-0300] {logging_mixin.py:188} INFO - [2025-05-04T04:11:15.445-0300] {dag.py:3096} INFO - Sync 2 DAGs
[2025-05-04T04:11:15.454-0300] {logging_mixin.py:188} INFO - [2025-05-04T04:11:15.453-0300] {dag.py:3954} INFO - Setting next_dagrun for example_xcom_args to None, run_after=None
[2025-05-04T04:11:15.456-0300] {logging_mixin.py:188} INFO - [2025-05-04T04:11:15.456-0300] {dag.py:3954} INFO - Setting next_dagrun for example_xcom_args_with_operators to None, run_after=None
[2025-05-04T04:11:15.467-0300] {processor.py:183} INFO - Processing /home/facuvega/Descargas/crypto-etl-airflow/airflow-apache/lib/python3.11/site-packages/airflow/example_dags/example_xcomargs.py took 0.054 seconds
[2025-05-04T04:12:04.722-0300] {processor.py:161} INFO - Started process (PID=29419) to work on /home/facuvega/Descargas/crypto-etl-airflow/airflow-apache/lib/python3.11/site-packages/airflow/example_dags/example_xcomargs.py
[2025-05-04T04:12:04.723-0300] {processor.py:830} INFO - Processing file /home/facuvega/Descargas/crypto-etl-airflow/airflow-apache/lib/python3.11/site-packages/airflow/example_dags/example_xcomargs.py for tasks to queue
[2025-05-04T04:12:04.724-0300] {logging_mixin.py:188} INFO - [2025-05-04T04:12:04.724-0300] {dagbag.py:540} INFO - Filling up the DagBag from /home/facuvega/Descargas/crypto-etl-airflow/airflow-apache/lib/python3.11/site-packages/airflow/example_dags/example_xcomargs.py
[2025-05-04T04:12:04.731-0300] {processor.py:840} INFO - DAG(s) 'example_xcom_args', 'example_xcom_args_with_operators' retrieved from /home/facuvega/Descargas/crypto-etl-airflow/airflow-apache/lib/python3.11/site-packages/airflow/example_dags/example_xcomargs.py
[2025-05-04T04:12:04.745-0300] {logging_mixin.py:188} INFO - [2025-05-04T04:12:04.744-0300] {dag.py:3096} INFO - Sync 2 DAGs
[2025-05-04T04:12:04.753-0300] {logging_mixin.py:188} INFO - [2025-05-04T04:12:04.752-0300] {dag.py:3954} INFO - Setting next_dagrun for example_xcom_args to None, run_after=None
[2025-05-04T04:12:04.754-0300] {logging_mixin.py:188} INFO - [2025-05-04T04:12:04.754-0300] {dag.py:3954} INFO - Setting next_dagrun for example_xcom_args_with_operators to None, run_after=None
[2025-05-04T04:12:04.766-0300] {processor.py:183} INFO - Processing /home/facuvega/Descargas/crypto-etl-airflow/airflow-apache/lib/python3.11/site-packages/airflow/example_dags/example_xcomargs.py took 0.049 seconds
[2025-05-04T04:12:52.854-0300] {processor.py:161} INFO - Started process (PID=29640) to work on /home/facuvega/Descargas/crypto-etl-airflow/airflow-apache/lib/python3.11/site-packages/airflow/example_dags/example_xcomargs.py
[2025-05-04T04:12:52.855-0300] {processor.py:830} INFO - Processing file /home/facuvega/Descargas/crypto-etl-airflow/airflow-apache/lib/python3.11/site-packages/airflow/example_dags/example_xcomargs.py for tasks to queue
[2025-05-04T04:12:52.856-0300] {logging_mixin.py:188} INFO - [2025-05-04T04:12:52.856-0300] {dagbag.py:540} INFO - Filling up the DagBag from /home/facuvega/Descargas/crypto-etl-airflow/airflow-apache/lib/python3.11/site-packages/airflow/example_dags/example_xcomargs.py
[2025-05-04T04:12:52.863-0300] {processor.py:840} INFO - DAG(s) 'example_xcom_args_with_operators', 'example_xcom_args' retrieved from /home/facuvega/Descargas/crypto-etl-airflow/airflow-apache/lib/python3.11/site-packages/airflow/example_dags/example_xcomargs.py
[2025-05-04T04:12:52.876-0300] {logging_mixin.py:188} INFO - [2025-05-04T04:12:52.876-0300] {dag.py:3096} INFO - Sync 2 DAGs
[2025-05-04T04:12:52.885-0300] {logging_mixin.py:188} INFO - [2025-05-04T04:12:52.884-0300] {dag.py:3954} INFO - Setting next_dagrun for example_xcom_args to None, run_after=None
[2025-05-04T04:12:52.886-0300] {logging_mixin.py:188} INFO - [2025-05-04T04:12:52.886-0300] {dag.py:3954} INFO - Setting next_dagrun for example_xcom_args_with_operators to None, run_after=None
[2025-05-04T04:12:52.898-0300] {processor.py:183} INFO - Processing /home/facuvega/Descargas/crypto-etl-airflow/airflow-apache/lib/python3.11/site-packages/airflow/example_dags/example_xcomargs.py took 0.049 seconds
[2025-05-04T04:13:34.590-0300] {processor.py:161} INFO - Started process (PID=29825) to work on /home/facuvega/Descargas/crypto-etl-airflow/airflow-apache/lib/python3.11/site-packages/airflow/example_dags/example_xcomargs.py
[2025-05-04T04:13:34.592-0300] {processor.py:830} INFO - Processing file /home/facuvega/Descargas/crypto-etl-airflow/airflow-apache/lib/python3.11/site-packages/airflow/example_dags/example_xcomargs.py for tasks to queue
[2025-05-04T04:13:34.593-0300] {logging_mixin.py:188} INFO - [2025-05-04T04:13:34.593-0300] {dagbag.py:540} INFO - Filling up the DagBag from /home/facuvega/Descargas/crypto-etl-airflow/airflow-apache/lib/python3.11/site-packages/airflow/example_dags/example_xcomargs.py
[2025-05-04T04:13:34.600-0300] {processor.py:840} INFO - DAG(s) 'example_xcom_args', 'example_xcom_args_with_operators' retrieved from /home/facuvega/Descargas/crypto-etl-airflow/airflow-apache/lib/python3.11/site-packages/airflow/example_dags/example_xcomargs.py
[2025-05-04T04:13:34.613-0300] {logging_mixin.py:188} INFO - [2025-05-04T04:13:34.613-0300] {dag.py:3096} INFO - Sync 2 DAGs
[2025-05-04T04:13:34.621-0300] {logging_mixin.py:188} INFO - [2025-05-04T04:13:34.621-0300] {dag.py:3954} INFO - Setting next_dagrun for example_xcom_args to None, run_after=None
[2025-05-04T04:13:34.623-0300] {logging_mixin.py:188} INFO - [2025-05-04T04:13:34.623-0300] {dag.py:3954} INFO - Setting next_dagrun for example_xcom_args_with_operators to None, run_after=None
[2025-05-04T04:13:34.635-0300] {processor.py:183} INFO - Processing /home/facuvega/Descargas/crypto-etl-airflow/airflow-apache/lib/python3.11/site-packages/airflow/example_dags/example_xcomargs.py took 0.049 seconds
[2025-05-04T04:14:15.555-0300] {processor.py:161} INFO - Started process (PID=30007) to work on /home/facuvega/Descargas/crypto-etl-airflow/airflow-apache/lib/python3.11/site-packages/airflow/example_dags/example_xcomargs.py
[2025-05-04T04:14:15.556-0300] {processor.py:830} INFO - Processing file /home/facuvega/Descargas/crypto-etl-airflow/airflow-apache/lib/python3.11/site-packages/airflow/example_dags/example_xcomargs.py for tasks to queue
[2025-05-04T04:14:15.557-0300] {logging_mixin.py:188} INFO - [2025-05-04T04:14:15.557-0300] {dagbag.py:540} INFO - Filling up the DagBag from /home/facuvega/Descargas/crypto-etl-airflow/airflow-apache/lib/python3.11/site-packages/airflow/example_dags/example_xcomargs.py
[2025-05-04T04:14:15.564-0300] {processor.py:840} INFO - DAG(s) 'example_xcom_args', 'example_xcom_args_with_operators' retrieved from /home/facuvega/Descargas/crypto-etl-airflow/airflow-apache/lib/python3.11/site-packages/airflow/example_dags/example_xcomargs.py
[2025-05-04T04:14:15.577-0300] {logging_mixin.py:188} INFO - [2025-05-04T04:14:15.577-0300] {dag.py:3096} INFO - Sync 2 DAGs
[2025-05-04T04:14:15.585-0300] {logging_mixin.py:188} INFO - [2025-05-04T04:14:15.585-0300] {dag.py:3954} INFO - Setting next_dagrun for example_xcom_args to None, run_after=None
[2025-05-04T04:14:15.587-0300] {logging_mixin.py:188} INFO - [2025-05-04T04:14:15.587-0300] {dag.py:3954} INFO - Setting next_dagrun for example_xcom_args_with_operators to None, run_after=None
[2025-05-04T04:14:15.599-0300] {processor.py:183} INFO - Processing /home/facuvega/Descargas/crypto-etl-airflow/airflow-apache/lib/python3.11/site-packages/airflow/example_dags/example_xcomargs.py took 0.049 seconds
[2025-05-04T04:14:56.489-0300] {processor.py:161} INFO - Started process (PID=30223) to work on /home/facuvega/Descargas/crypto-etl-airflow/airflow-apache/lib/python3.11/site-packages/airflow/example_dags/example_xcomargs.py
[2025-05-04T04:14:56.490-0300] {processor.py:830} INFO - Processing file /home/facuvega/Descargas/crypto-etl-airflow/airflow-apache/lib/python3.11/site-packages/airflow/example_dags/example_xcomargs.py for tasks to queue
[2025-05-04T04:14:56.492-0300] {logging_mixin.py:188} INFO - [2025-05-04T04:14:56.491-0300] {dagbag.py:540} INFO - Filling up the DagBag from /home/facuvega/Descargas/crypto-etl-airflow/airflow-apache/lib/python3.11/site-packages/airflow/example_dags/example_xcomargs.py
[2025-05-04T04:14:56.499-0300] {processor.py:840} INFO - DAG(s) 'example_xcom_args', 'example_xcom_args_with_operators' retrieved from /home/facuvega/Descargas/crypto-etl-airflow/airflow-apache/lib/python3.11/site-packages/airflow/example_dags/example_xcomargs.py
[2025-05-04T04:14:56.512-0300] {logging_mixin.py:188} INFO - [2025-05-04T04:14:56.512-0300] {dag.py:3096} INFO - Sync 2 DAGs
[2025-05-04T04:14:56.521-0300] {logging_mixin.py:188} INFO - [2025-05-04T04:14:56.521-0300] {dag.py:3954} INFO - Setting next_dagrun for example_xcom_args to None, run_after=None
[2025-05-04T04:14:56.523-0300] {logging_mixin.py:188} INFO - [2025-05-04T04:14:56.523-0300] {dag.py:3954} INFO - Setting next_dagrun for example_xcom_args_with_operators to None, run_after=None
[2025-05-04T04:14:56.535-0300] {processor.py:183} INFO - Processing /home/facuvega/Descargas/crypto-etl-airflow/airflow-apache/lib/python3.11/site-packages/airflow/example_dags/example_xcomargs.py took 0.051 seconds
[2025-05-04T04:15:45.077-0300] {processor.py:161} INFO - Started process (PID=30529) to work on /home/facuvega/Descargas/crypto-etl-airflow/airflow-apache/lib/python3.11/site-packages/airflow/example_dags/example_xcomargs.py
[2025-05-04T04:15:45.078-0300] {processor.py:830} INFO - Processing file /home/facuvega/Descargas/crypto-etl-airflow/airflow-apache/lib/python3.11/site-packages/airflow/example_dags/example_xcomargs.py for tasks to queue
[2025-05-04T04:15:45.080-0300] {logging_mixin.py:188} INFO - [2025-05-04T04:15:45.079-0300] {dagbag.py:540} INFO - Filling up the DagBag from /home/facuvega/Descargas/crypto-etl-airflow/airflow-apache/lib/python3.11/site-packages/airflow/example_dags/example_xcomargs.py
[2025-05-04T04:15:45.087-0300] {processor.py:840} INFO - DAG(s) 'example_xcom_args_with_operators', 'example_xcom_args' retrieved from /home/facuvega/Descargas/crypto-etl-airflow/airflow-apache/lib/python3.11/site-packages/airflow/example_dags/example_xcomargs.py
[2025-05-04T04:15:45.101-0300] {logging_mixin.py:188} INFO - [2025-05-04T04:15:45.101-0300] {dag.py:3096} INFO - Sync 2 DAGs
[2025-05-04T04:15:45.109-0300] {logging_mixin.py:188} INFO - [2025-05-04T04:15:45.109-0300] {dag.py:3954} INFO - Setting next_dagrun for example_xcom_args to None, run_after=None
[2025-05-04T04:15:45.111-0300] {logging_mixin.py:188} INFO - [2025-05-04T04:15:45.111-0300] {dag.py:3954} INFO - Setting next_dagrun for example_xcom_args_with_operators to None, run_after=None
[2025-05-04T04:15:45.122-0300] {processor.py:183} INFO - Processing /home/facuvega/Descargas/crypto-etl-airflow/airflow-apache/lib/python3.11/site-packages/airflow/example_dags/example_xcomargs.py took 0.050 seconds
[2025-05-04T04:16:57.853-0300] {processor.py:161} INFO - Started process (PID=31103) to work on /home/facuvega/Descargas/crypto-etl-airflow/airflow-apache/lib/python3.11/site-packages/airflow/example_dags/example_xcomargs.py
[2025-05-04T04:16:57.854-0300] {processor.py:830} INFO - Processing file /home/facuvega/Descargas/crypto-etl-airflow/airflow-apache/lib/python3.11/site-packages/airflow/example_dags/example_xcomargs.py for tasks to queue
[2025-05-04T04:16:57.855-0300] {logging_mixin.py:188} INFO - [2025-05-04T04:16:57.855-0300] {dagbag.py:540} INFO - Filling up the DagBag from /home/facuvega/Descargas/crypto-etl-airflow/airflow-apache/lib/python3.11/site-packages/airflow/example_dags/example_xcomargs.py
[2025-05-04T04:16:57.863-0300] {processor.py:840} INFO - DAG(s) 'example_xcom_args_with_operators', 'example_xcom_args' retrieved from /home/facuvega/Descargas/crypto-etl-airflow/airflow-apache/lib/python3.11/site-packages/airflow/example_dags/example_xcomargs.py
[2025-05-04T04:16:57.892-0300] {logging_mixin.py:188} INFO - [2025-05-04T04:16:57.892-0300] {dag.py:3096} INFO - Sync 2 DAGs
[2025-05-04T04:16:57.911-0300] {logging_mixin.py:188} INFO - [2025-05-04T04:16:57.910-0300] {dag.py:3954} INFO - Setting next_dagrun for example_xcom_args to None, run_after=None
[2025-05-04T04:16:57.914-0300] {logging_mixin.py:188} INFO - [2025-05-04T04:16:57.914-0300] {dag.py:3954} INFO - Setting next_dagrun for example_xcom_args_with_operators to None, run_after=None
[2025-05-04T04:16:58.091-0300] {processor.py:183} INFO - Processing /home/facuvega/Descargas/crypto-etl-airflow/airflow-apache/lib/python3.11/site-packages/airflow/example_dags/example_xcomargs.py took 0.246 seconds
[2025-05-04T04:17:57.916-0300] {processor.py:161} INFO - Started process (PID=31485) to work on /home/facuvega/Descargas/crypto-etl-airflow/airflow-apache/lib/python3.11/site-packages/airflow/example_dags/example_xcomargs.py
[2025-05-04T04:17:57.918-0300] {processor.py:830} INFO - Processing file /home/facuvega/Descargas/crypto-etl-airflow/airflow-apache/lib/python3.11/site-packages/airflow/example_dags/example_xcomargs.py for tasks to queue
[2025-05-04T04:17:57.926-0300] {logging_mixin.py:188} INFO - [2025-05-04T04:17:57.924-0300] {dagbag.py:540} INFO - Filling up the DagBag from /home/facuvega/Descargas/crypto-etl-airflow/airflow-apache/lib/python3.11/site-packages/airflow/example_dags/example_xcomargs.py
[2025-05-04T04:17:57.980-0300] {processor.py:840} INFO - DAG(s) 'example_xcom_args', 'example_xcom_args_with_operators' retrieved from /home/facuvega/Descargas/crypto-etl-airflow/airflow-apache/lib/python3.11/site-packages/airflow/example_dags/example_xcomargs.py
[2025-05-04T04:17:58.162-0300] {logging_mixin.py:188} INFO - [2025-05-04T04:17:58.162-0300] {dag.py:3096} INFO - Sync 2 DAGs
[2025-05-04T04:17:58.212-0300] {logging_mixin.py:188} INFO - [2025-05-04T04:17:58.211-0300] {dag.py:3954} INFO - Setting next_dagrun for example_xcom_args to None, run_after=None
[2025-05-04T04:17:58.219-0300] {logging_mixin.py:188} INFO - [2025-05-04T04:17:58.219-0300] {dag.py:3954} INFO - Setting next_dagrun for example_xcom_args_with_operators to None, run_after=None
[2025-05-04T04:17:58.250-0300] {processor.py:183} INFO - Processing /home/facuvega/Descargas/crypto-etl-airflow/airflow-apache/lib/python3.11/site-packages/airflow/example_dags/example_xcomargs.py took 0.344 seconds
[2025-05-04T04:18:37.634-0300] {processor.py:161} INFO - Started process (PID=32023) to work on /home/facuvega/Descargas/crypto-etl-airflow/airflow-apache/lib/python3.11/site-packages/airflow/example_dags/example_xcomargs.py
[2025-05-04T04:18:37.635-0300] {processor.py:830} INFO - Processing file /home/facuvega/Descargas/crypto-etl-airflow/airflow-apache/lib/python3.11/site-packages/airflow/example_dags/example_xcomargs.py for tasks to queue
[2025-05-04T04:18:37.640-0300] {logging_mixin.py:188} INFO - [2025-05-04T04:18:37.637-0300] {dagbag.py:540} INFO - Filling up the DagBag from /home/facuvega/Descargas/crypto-etl-airflow/airflow-apache/lib/python3.11/site-packages/airflow/example_dags/example_xcomargs.py
[2025-05-04T04:18:37.651-0300] {processor.py:840} INFO - DAG(s) 'example_xcom_args', 'example_xcom_args_with_operators' retrieved from /home/facuvega/Descargas/crypto-etl-airflow/airflow-apache/lib/python3.11/site-packages/airflow/example_dags/example_xcomargs.py
[2025-05-04T04:18:37.671-0300] {logging_mixin.py:188} INFO - [2025-05-04T04:18:37.670-0300] {dag.py:3096} INFO - Sync 2 DAGs
[2025-05-04T04:18:37.683-0300] {logging_mixin.py:188} INFO - [2025-05-04T04:18:37.683-0300] {dag.py:3954} INFO - Setting next_dagrun for example_xcom_args to None, run_after=None
[2025-05-04T04:18:37.686-0300] {logging_mixin.py:188} INFO - [2025-05-04T04:18:37.686-0300] {dag.py:3954} INFO - Setting next_dagrun for example_xcom_args_with_operators to None, run_after=None
[2025-05-04T04:18:37.702-0300] {processor.py:183} INFO - Processing /home/facuvega/Descargas/crypto-etl-airflow/airflow-apache/lib/python3.11/site-packages/airflow/example_dags/example_xcomargs.py took 0.076 seconds
[2025-05-04T04:19:30.401-0300] {processor.py:161} INFO - Started process (PID=32765) to work on /home/facuvega/Descargas/crypto-etl-airflow/airflow-apache/lib/python3.11/site-packages/airflow/example_dags/example_xcomargs.py
[2025-05-04T04:19:30.402-0300] {processor.py:830} INFO - Processing file /home/facuvega/Descargas/crypto-etl-airflow/airflow-apache/lib/python3.11/site-packages/airflow/example_dags/example_xcomargs.py for tasks to queue
[2025-05-04T04:19:30.404-0300] {logging_mixin.py:188} INFO - [2025-05-04T04:19:30.403-0300] {dagbag.py:540} INFO - Filling up the DagBag from /home/facuvega/Descargas/crypto-etl-airflow/airflow-apache/lib/python3.11/site-packages/airflow/example_dags/example_xcomargs.py
[2025-05-04T04:19:30.413-0300] {processor.py:840} INFO - DAG(s) 'example_xcom_args', 'example_xcom_args_with_operators' retrieved from /home/facuvega/Descargas/crypto-etl-airflow/airflow-apache/lib/python3.11/site-packages/airflow/example_dags/example_xcomargs.py
[2025-05-04T04:19:30.428-0300] {logging_mixin.py:188} INFO - [2025-05-04T04:19:30.428-0300] {dag.py:3096} INFO - Sync 2 DAGs
[2025-05-04T04:19:30.439-0300] {logging_mixin.py:188} INFO - [2025-05-04T04:19:30.438-0300] {dag.py:3954} INFO - Setting next_dagrun for example_xcom_args to None, run_after=None
[2025-05-04T04:19:30.442-0300] {logging_mixin.py:188} INFO - [2025-05-04T04:19:30.441-0300] {dag.py:3954} INFO - Setting next_dagrun for example_xcom_args_with_operators to None, run_after=None
[2025-05-04T04:19:30.454-0300] {processor.py:183} INFO - Processing /home/facuvega/Descargas/crypto-etl-airflow/airflow-apache/lib/python3.11/site-packages/airflow/example_dags/example_xcomargs.py took 0.060 seconds
[2025-05-04T04:20:23.526-0300] {processor.py:161} INFO - Started process (PID=33027) to work on /home/facuvega/Descargas/crypto-etl-airflow/airflow-apache/lib/python3.11/site-packages/airflow/example_dags/example_xcomargs.py
[2025-05-04T04:20:23.527-0300] {processor.py:830} INFO - Processing file /home/facuvega/Descargas/crypto-etl-airflow/airflow-apache/lib/python3.11/site-packages/airflow/example_dags/example_xcomargs.py for tasks to queue
[2025-05-04T04:20:23.529-0300] {logging_mixin.py:188} INFO - [2025-05-04T04:20:23.529-0300] {dagbag.py:540} INFO - Filling up the DagBag from /home/facuvega/Descargas/crypto-etl-airflow/airflow-apache/lib/python3.11/site-packages/airflow/example_dags/example_xcomargs.py
[2025-05-04T04:20:23.539-0300] {processor.py:840} INFO - DAG(s) 'example_xcom_args', 'example_xcom_args_with_operators' retrieved from /home/facuvega/Descargas/crypto-etl-airflow/airflow-apache/lib/python3.11/site-packages/airflow/example_dags/example_xcomargs.py
[2025-05-04T04:20:23.554-0300] {logging_mixin.py:188} INFO - [2025-05-04T04:20:23.554-0300] {dag.py:3096} INFO - Sync 2 DAGs
[2025-05-04T04:20:23.564-0300] {logging_mixin.py:188} INFO - [2025-05-04T04:20:23.563-0300] {dag.py:3954} INFO - Setting next_dagrun for example_xcom_args to None, run_after=None
[2025-05-04T04:20:23.566-0300] {logging_mixin.py:188} INFO - [2025-05-04T04:20:23.566-0300] {dag.py:3954} INFO - Setting next_dagrun for example_xcom_args_with_operators to None, run_after=None
[2025-05-04T04:20:23.578-0300] {processor.py:183} INFO - Processing /home/facuvega/Descargas/crypto-etl-airflow/airflow-apache/lib/python3.11/site-packages/airflow/example_dags/example_xcomargs.py took 0.058 seconds
[2025-05-04T04:21:06.056-0300] {processor.py:161} INFO - Started process (PID=33217) to work on /home/facuvega/Descargas/crypto-etl-airflow/airflow-apache/lib/python3.11/site-packages/airflow/example_dags/example_xcomargs.py
[2025-05-04T04:21:06.057-0300] {processor.py:830} INFO - Processing file /home/facuvega/Descargas/crypto-etl-airflow/airflow-apache/lib/python3.11/site-packages/airflow/example_dags/example_xcomargs.py for tasks to queue
[2025-05-04T04:21:06.059-0300] {logging_mixin.py:188} INFO - [2025-05-04T04:21:06.058-0300] {dagbag.py:540} INFO - Filling up the DagBag from /home/facuvega/Descargas/crypto-etl-airflow/airflow-apache/lib/python3.11/site-packages/airflow/example_dags/example_xcomargs.py
[2025-05-04T04:21:06.068-0300] {processor.py:840} INFO - DAG(s) 'example_xcom_args_with_operators', 'example_xcom_args' retrieved from /home/facuvega/Descargas/crypto-etl-airflow/airflow-apache/lib/python3.11/site-packages/airflow/example_dags/example_xcomargs.py
[2025-05-04T04:21:06.083-0300] {logging_mixin.py:188} INFO - [2025-05-04T04:21:06.082-0300] {dag.py:3096} INFO - Sync 2 DAGs
[2025-05-04T04:21:06.092-0300] {logging_mixin.py:188} INFO - [2025-05-04T04:21:06.092-0300] {dag.py:3954} INFO - Setting next_dagrun for example_xcom_args to None, run_after=None
[2025-05-04T04:21:06.094-0300] {logging_mixin.py:188} INFO - [2025-05-04T04:21:06.094-0300] {dag.py:3954} INFO - Setting next_dagrun for example_xcom_args_with_operators to None, run_after=None
[2025-05-04T04:21:06.107-0300] {processor.py:183} INFO - Processing /home/facuvega/Descargas/crypto-etl-airflow/airflow-apache/lib/python3.11/site-packages/airflow/example_dags/example_xcomargs.py took 0.057 seconds
[2025-05-04T04:22:09.943-0300] {processor.py:161} INFO - Started process (PID=33849) to work on /home/facuvega/Descargas/crypto-etl-airflow/airflow-apache/lib/python3.11/site-packages/airflow/example_dags/example_xcomargs.py
[2025-05-04T04:22:09.944-0300] {processor.py:830} INFO - Processing file /home/facuvega/Descargas/crypto-etl-airflow/airflow-apache/lib/python3.11/site-packages/airflow/example_dags/example_xcomargs.py for tasks to queue
[2025-05-04T04:22:09.945-0300] {logging_mixin.py:188} INFO - [2025-05-04T04:22:09.945-0300] {dagbag.py:540} INFO - Filling up the DagBag from /home/facuvega/Descargas/crypto-etl-airflow/airflow-apache/lib/python3.11/site-packages/airflow/example_dags/example_xcomargs.py
[2025-05-04T04:22:09.954-0300] {processor.py:840} INFO - DAG(s) 'example_xcom_args_with_operators', 'example_xcom_args' retrieved from /home/facuvega/Descargas/crypto-etl-airflow/airflow-apache/lib/python3.11/site-packages/airflow/example_dags/example_xcomargs.py
[2025-05-04T04:22:09.975-0300] {logging_mixin.py:188} INFO - [2025-05-04T04:22:09.975-0300] {dag.py:3096} INFO - Sync 2 DAGs
[2025-05-04T04:22:09.984-0300] {logging_mixin.py:188} INFO - [2025-05-04T04:22:09.984-0300] {dag.py:3954} INFO - Setting next_dagrun for example_xcom_args to None, run_after=None
[2025-05-04T04:22:09.987-0300] {logging_mixin.py:188} INFO - [2025-05-04T04:22:09.987-0300] {dag.py:3954} INFO - Setting next_dagrun for example_xcom_args_with_operators to None, run_after=None
[2025-05-04T04:22:10.186-0300] {processor.py:183} INFO - Processing /home/facuvega/Descargas/crypto-etl-airflow/airflow-apache/lib/python3.11/site-packages/airflow/example_dags/example_xcomargs.py took 0.248 seconds
[2025-05-04T04:23:25.063-0300] {processor.py:161} INFO - Started process (PID=34639) to work on /home/facuvega/Descargas/crypto-etl-airflow/airflow-apache/lib/python3.11/site-packages/airflow/example_dags/example_xcomargs.py
[2025-05-04T04:23:25.068-0300] {processor.py:830} INFO - Processing file /home/facuvega/Descargas/crypto-etl-airflow/airflow-apache/lib/python3.11/site-packages/airflow/example_dags/example_xcomargs.py for tasks to queue
[2025-05-04T04:23:25.110-0300] {logging_mixin.py:188} INFO - [2025-05-04T04:23:25.105-0300] {dagbag.py:540} INFO - Filling up the DagBag from /home/facuvega/Descargas/crypto-etl-airflow/airflow-apache/lib/python3.11/site-packages/airflow/example_dags/example_xcomargs.py
[2025-05-04T04:23:25.153-0300] {processor.py:840} INFO - DAG(s) 'example_xcom_args_with_operators', 'example_xcom_args' retrieved from /home/facuvega/Descargas/crypto-etl-airflow/airflow-apache/lib/python3.11/site-packages/airflow/example_dags/example_xcomargs.py
[2025-05-04T04:23:25.197-0300] {logging_mixin.py:188} INFO - [2025-05-04T04:23:25.196-0300] {dag.py:3096} INFO - Sync 2 DAGs
[2025-05-04T04:23:25.220-0300] {logging_mixin.py:188} INFO - [2025-05-04T04:23:25.220-0300] {dag.py:3954} INFO - Setting next_dagrun for example_xcom_args to None, run_after=None
[2025-05-04T04:23:25.230-0300] {logging_mixin.py:188} INFO - [2025-05-04T04:23:25.229-0300] {dag.py:3954} INFO - Setting next_dagrun for example_xcom_args_with_operators to None, run_after=None
[2025-05-04T04:23:25.276-0300] {processor.py:183} INFO - Processing /home/facuvega/Descargas/crypto-etl-airflow/airflow-apache/lib/python3.11/site-packages/airflow/example_dags/example_xcomargs.py took 0.263 seconds
