[2025-05-04T03:51:12.560-0300] {processor.py:161} INFO - Started process (PID=19762) to work on /home/facuvega/Descargas/crypto-etl-airflow/airflow-apache/lib/python3.11/site-packages/airflow/example_dags/example_branch_operator_decorator.py
[2025-05-04T03:51:12.560-0300] {processor.py:830} INFO - Processing file /home/facuvega/Descargas/crypto-etl-airflow/airflow-apache/lib/python3.11/site-packages/airflow/example_dags/example_branch_operator_decorator.py for tasks to queue
[2025-05-04T03:51:12.562-0300] {logging_mixin.py:188} INFO - [2025-05-04T03:51:12.562-0300] {dagbag.py:540} INFO - Filling up the DagBag from /home/facuvega/Descargas/crypto-etl-airflow/airflow-apache/lib/python3.11/site-packages/airflow/example_dags/example_branch_operator_decorator.py
[2025-05-04T03:51:12.579-0300] {processor.py:840} INFO - DAG(s) 'example_branch_python_operator_decorator' retrieved from /home/facuvega/Descargas/crypto-etl-airflow/airflow-apache/lib/python3.11/site-packages/airflow/example_dags/example_branch_operator_decorator.py
[2025-05-04T03:51:12.650-0300] {logging_mixin.py:188} INFO - [2025-05-04T03:51:12.650-0300] {dag.py:3096} INFO - Sync 1 DAGs
[2025-05-04T03:51:12.662-0300] {logging_mixin.py:188} INFO - [2025-05-04T03:51:12.662-0300] {dag.py:3954} INFO - Setting next_dagrun for example_branch_python_operator_decorator to 2025-05-03 00:00:00+00:00, run_after=2025-05-04 00:00:00+00:00
[2025-05-04T03:51:12.674-0300] {processor.py:183} INFO - Processing /home/facuvega/Descargas/crypto-etl-airflow/airflow-apache/lib/python3.11/site-packages/airflow/example_dags/example_branch_operator_decorator.py took 0.119 seconds
[2025-05-04T03:52:05.068-0300] {processor.py:161} INFO - Started process (PID=20002) to work on /home/facuvega/Descargas/crypto-etl-airflow/airflow-apache/lib/python3.11/site-packages/airflow/example_dags/example_branch_operator_decorator.py
[2025-05-04T03:52:05.069-0300] {processor.py:830} INFO - Processing file /home/facuvega/Descargas/crypto-etl-airflow/airflow-apache/lib/python3.11/site-packages/airflow/example_dags/example_branch_operator_decorator.py for tasks to queue
[2025-05-04T03:52:05.070-0300] {logging_mixin.py:188} INFO - [2025-05-04T03:52:05.070-0300] {dagbag.py:540} INFO - Filling up the DagBag from /home/facuvega/Descargas/crypto-etl-airflow/airflow-apache/lib/python3.11/site-packages/airflow/example_dags/example_branch_operator_decorator.py
[2025-05-04T03:52:05.087-0300] {processor.py:840} INFO - DAG(s) 'example_branch_python_operator_decorator' retrieved from /home/facuvega/Descargas/crypto-etl-airflow/airflow-apache/lib/python3.11/site-packages/airflow/example_dags/example_branch_operator_decorator.py
[2025-05-04T03:52:05.103-0300] {logging_mixin.py:188} INFO - [2025-05-04T03:52:05.103-0300] {dag.py:3096} INFO - Sync 1 DAGs
[2025-05-04T03:52:05.116-0300] {logging_mixin.py:188} INFO - [2025-05-04T03:52:05.116-0300] {dag.py:3954} INFO - Setting next_dagrun for example_branch_python_operator_decorator to 2025-05-03 00:00:00+00:00, run_after=2025-05-04 00:00:00+00:00
[2025-05-04T03:52:05.128-0300] {processor.py:183} INFO - Processing /home/facuvega/Descargas/crypto-etl-airflow/airflow-apache/lib/python3.11/site-packages/airflow/example_dags/example_branch_operator_decorator.py took 0.066 seconds
[2025-05-04T03:53:14.696-0300] {processor.py:161} INFO - Started process (PID=20464) to work on /home/facuvega/Descargas/crypto-etl-airflow/airflow-apache/lib/python3.11/site-packages/airflow/example_dags/example_branch_operator_decorator.py
[2025-05-04T03:53:14.697-0300] {processor.py:830} INFO - Processing file /home/facuvega/Descargas/crypto-etl-airflow/airflow-apache/lib/python3.11/site-packages/airflow/example_dags/example_branch_operator_decorator.py for tasks to queue
[2025-05-04T03:53:14.700-0300] {logging_mixin.py:188} INFO - [2025-05-04T03:53:14.699-0300] {dagbag.py:540} INFO - Filling up the DagBag from /home/facuvega/Descargas/crypto-etl-airflow/airflow-apache/lib/python3.11/site-packages/airflow/example_dags/example_branch_operator_decorator.py
[2025-05-04T03:53:14.734-0300] {processor.py:840} INFO - DAG(s) 'example_branch_python_operator_decorator' retrieved from /home/facuvega/Descargas/crypto-etl-airflow/airflow-apache/lib/python3.11/site-packages/airflow/example_dags/example_branch_operator_decorator.py
[2025-05-04T03:53:14.764-0300] {logging_mixin.py:188} INFO - [2025-05-04T03:53:14.764-0300] {dag.py:3096} INFO - Sync 1 DAGs
[2025-05-04T03:53:14.788-0300] {logging_mixin.py:188} INFO - [2025-05-04T03:53:14.788-0300] {dag.py:3954} INFO - Setting next_dagrun for example_branch_python_operator_decorator to 2025-05-03 00:00:00+00:00, run_after=2025-05-04 00:00:00+00:00
[2025-05-04T03:53:14.814-0300] {processor.py:183} INFO - Processing /home/facuvega/Descargas/crypto-etl-airflow/airflow-apache/lib/python3.11/site-packages/airflow/example_dags/example_branch_operator_decorator.py took 0.132 seconds
[2025-05-04T03:54:23.487-0300] {processor.py:161} INFO - Started process (PID=20983) to work on /home/facuvega/Descargas/crypto-etl-airflow/airflow-apache/lib/python3.11/site-packages/airflow/example_dags/example_branch_operator_decorator.py
[2025-05-04T03:54:23.488-0300] {processor.py:830} INFO - Processing file /home/facuvega/Descargas/crypto-etl-airflow/airflow-apache/lib/python3.11/site-packages/airflow/example_dags/example_branch_operator_decorator.py for tasks to queue
[2025-05-04T03:54:23.490-0300] {logging_mixin.py:188} INFO - [2025-05-04T03:54:23.490-0300] {dagbag.py:540} INFO - Filling up the DagBag from /home/facuvega/Descargas/crypto-etl-airflow/airflow-apache/lib/python3.11/site-packages/airflow/example_dags/example_branch_operator_decorator.py
[2025-05-04T03:54:23.507-0300] {processor.py:840} INFO - DAG(s) 'example_branch_python_operator_decorator' retrieved from /home/facuvega/Descargas/crypto-etl-airflow/airflow-apache/lib/python3.11/site-packages/airflow/example_dags/example_branch_operator_decorator.py
[2025-05-04T03:54:23.524-0300] {logging_mixin.py:188} INFO - [2025-05-04T03:54:23.523-0300] {dag.py:3096} INFO - Sync 1 DAGs
[2025-05-04T03:54:23.537-0300] {logging_mixin.py:188} INFO - [2025-05-04T03:54:23.537-0300] {dag.py:3954} INFO - Setting next_dagrun for example_branch_python_operator_decorator to 2025-05-03 00:00:00+00:00, run_after=2025-05-04 00:00:00+00:00
[2025-05-04T03:54:23.550-0300] {processor.py:183} INFO - Processing /home/facuvega/Descargas/crypto-etl-airflow/airflow-apache/lib/python3.11/site-packages/airflow/example_dags/example_branch_operator_decorator.py took 0.068 seconds
[2025-05-04T03:55:24.353-0300] {processor.py:161} INFO - Started process (PID=21292) to work on /home/facuvega/Descargas/crypto-etl-airflow/airflow-apache/lib/python3.11/site-packages/airflow/example_dags/example_branch_operator_decorator.py
[2025-05-04T03:55:24.355-0300] {processor.py:830} INFO - Processing file /home/facuvega/Descargas/crypto-etl-airflow/airflow-apache/lib/python3.11/site-packages/airflow/example_dags/example_branch_operator_decorator.py for tasks to queue
[2025-05-04T03:55:24.356-0300] {logging_mixin.py:188} INFO - [2025-05-04T03:55:24.356-0300] {dagbag.py:540} INFO - Filling up the DagBag from /home/facuvega/Descargas/crypto-etl-airflow/airflow-apache/lib/python3.11/site-packages/airflow/example_dags/example_branch_operator_decorator.py
[2025-05-04T03:55:24.376-0300] {processor.py:840} INFO - DAG(s) 'example_branch_python_operator_decorator' retrieved from /home/facuvega/Descargas/crypto-etl-airflow/airflow-apache/lib/python3.11/site-packages/airflow/example_dags/example_branch_operator_decorator.py
[2025-05-04T03:55:24.394-0300] {logging_mixin.py:188} INFO - [2025-05-04T03:55:24.394-0300] {dag.py:3096} INFO - Sync 1 DAGs
[2025-05-04T03:55:24.408-0300] {logging_mixin.py:188} INFO - [2025-05-04T03:55:24.408-0300] {dag.py:3954} INFO - Setting next_dagrun for example_branch_python_operator_decorator to 2025-05-03 00:00:00+00:00, run_after=2025-05-04 00:00:00+00:00
[2025-05-04T03:55:24.421-0300] {processor.py:183} INFO - Processing /home/facuvega/Descargas/crypto-etl-airflow/airflow-apache/lib/python3.11/site-packages/airflow/example_dags/example_branch_operator_decorator.py took 0.072 seconds
[2025-05-04T03:56:18.862-0300] {processor.py:161} INFO - Started process (PID=21615) to work on /home/facuvega/Descargas/crypto-etl-airflow/airflow-apache/lib/python3.11/site-packages/airflow/example_dags/example_branch_operator_decorator.py
[2025-05-04T03:56:18.863-0300] {processor.py:830} INFO - Processing file /home/facuvega/Descargas/crypto-etl-airflow/airflow-apache/lib/python3.11/site-packages/airflow/example_dags/example_branch_operator_decorator.py for tasks to queue
[2025-05-04T03:56:18.865-0300] {logging_mixin.py:188} INFO - [2025-05-04T03:56:18.865-0300] {dagbag.py:540} INFO - Filling up the DagBag from /home/facuvega/Descargas/crypto-etl-airflow/airflow-apache/lib/python3.11/site-packages/airflow/example_dags/example_branch_operator_decorator.py
[2025-05-04T03:56:18.887-0300] {processor.py:840} INFO - DAG(s) 'example_branch_python_operator_decorator' retrieved from /home/facuvega/Descargas/crypto-etl-airflow/airflow-apache/lib/python3.11/site-packages/airflow/example_dags/example_branch_operator_decorator.py
[2025-05-04T03:56:18.907-0300] {logging_mixin.py:188} INFO - [2025-05-04T03:56:18.906-0300] {dag.py:3096} INFO - Sync 1 DAGs
[2025-05-04T03:56:18.923-0300] {logging_mixin.py:188} INFO - [2025-05-04T03:56:18.923-0300] {dag.py:3954} INFO - Setting next_dagrun for example_branch_python_operator_decorator to 2025-05-03 00:00:00+00:00, run_after=2025-05-04 00:00:00+00:00
[2025-05-04T03:56:18.941-0300] {processor.py:183} INFO - Processing /home/facuvega/Descargas/crypto-etl-airflow/airflow-apache/lib/python3.11/site-packages/airflow/example_dags/example_branch_operator_decorator.py took 0.085 seconds
[2025-05-04T03:58:37.024-0300] {processor.py:161} INFO - Started process (PID=22687) to work on /home/facuvega/Descargas/crypto-etl-airflow/airflow-apache/lib/python3.11/site-packages/airflow/example_dags/example_branch_operator_decorator.py
[2025-05-04T03:58:37.025-0300] {processor.py:830} INFO - Processing file /home/facuvega/Descargas/crypto-etl-airflow/airflow-apache/lib/python3.11/site-packages/airflow/example_dags/example_branch_operator_decorator.py for tasks to queue
[2025-05-04T03:58:37.027-0300] {logging_mixin.py:188} INFO - [2025-05-04T03:58:37.026-0300] {dagbag.py:540} INFO - Filling up the DagBag from /home/facuvega/Descargas/crypto-etl-airflow/airflow-apache/lib/python3.11/site-packages/airflow/example_dags/example_branch_operator_decorator.py
[2025-05-04T03:58:37.049-0300] {processor.py:840} INFO - DAG(s) 'example_branch_python_operator_decorator' retrieved from /home/facuvega/Descargas/crypto-etl-airflow/airflow-apache/lib/python3.11/site-packages/airflow/example_dags/example_branch_operator_decorator.py
[2025-05-04T03:58:37.127-0300] {logging_mixin.py:188} INFO - [2025-05-04T03:58:37.127-0300] {dag.py:3096} INFO - Sync 1 DAGs
[2025-05-04T03:58:37.138-0300] {logging_mixin.py:188} INFO - [2025-05-04T03:58:37.138-0300] {dag.py:3954} INFO - Setting next_dagrun for example_branch_python_operator_decorator to 2025-05-03 00:00:00+00:00, run_after=2025-05-04 00:00:00+00:00
[2025-05-04T03:58:37.151-0300] {processor.py:183} INFO - Processing /home/facuvega/Descargas/crypto-etl-airflow/airflow-apache/lib/python3.11/site-packages/airflow/example_dags/example_branch_operator_decorator.py took 0.132 seconds
[2025-05-04T03:59:33.607-0300] {processor.py:161} INFO - Started process (PID=23002) to work on /home/facuvega/Descargas/crypto-etl-airflow/airflow-apache/lib/python3.11/site-packages/airflow/example_dags/example_branch_operator_decorator.py
[2025-05-04T03:59:33.608-0300] {processor.py:830} INFO - Processing file /home/facuvega/Descargas/crypto-etl-airflow/airflow-apache/lib/python3.11/site-packages/airflow/example_dags/example_branch_operator_decorator.py for tasks to queue
[2025-05-04T03:59:33.611-0300] {logging_mixin.py:188} INFO - [2025-05-04T03:59:33.610-0300] {dagbag.py:540} INFO - Filling up the DagBag from /home/facuvega/Descargas/crypto-etl-airflow/airflow-apache/lib/python3.11/site-packages/airflow/example_dags/example_branch_operator_decorator.py
[2025-05-04T03:59:33.648-0300] {processor.py:840} INFO - DAG(s) 'example_branch_python_operator_decorator' retrieved from /home/facuvega/Descargas/crypto-etl-airflow/airflow-apache/lib/python3.11/site-packages/airflow/example_dags/example_branch_operator_decorator.py
[2025-05-04T03:59:33.674-0300] {logging_mixin.py:188} INFO - [2025-05-04T03:59:33.674-0300] {dag.py:3096} INFO - Sync 1 DAGs
[2025-05-04T03:59:33.699-0300] {logging_mixin.py:188} INFO - [2025-05-04T03:59:33.699-0300] {dag.py:3954} INFO - Setting next_dagrun for example_branch_python_operator_decorator to 2025-05-03 00:00:00+00:00, run_after=2025-05-04 00:00:00+00:00
[2025-05-04T03:59:33.723-0300] {processor.py:183} INFO - Processing /home/facuvega/Descargas/crypto-etl-airflow/airflow-apache/lib/python3.11/site-packages/airflow/example_dags/example_branch_operator_decorator.py took 0.126 seconds
[2025-05-04T04:00:43.876-0300] {processor.py:161} INFO - Started process (PID=23852) to work on /home/facuvega/Descargas/crypto-etl-airflow/airflow-apache/lib/python3.11/site-packages/airflow/example_dags/example_branch_operator_decorator.py
[2025-05-04T04:00:43.877-0300] {processor.py:830} INFO - Processing file /home/facuvega/Descargas/crypto-etl-airflow/airflow-apache/lib/python3.11/site-packages/airflow/example_dags/example_branch_operator_decorator.py for tasks to queue
[2025-05-04T04:00:43.888-0300] {logging_mixin.py:188} INFO - [2025-05-04T04:00:43.886-0300] {dagbag.py:540} INFO - Filling up the DagBag from /home/facuvega/Descargas/crypto-etl-airflow/airflow-apache/lib/python3.11/site-packages/airflow/example_dags/example_branch_operator_decorator.py
[2025-05-04T04:00:43.979-0300] {processor.py:840} INFO - DAG(s) 'example_branch_python_operator_decorator' retrieved from /home/facuvega/Descargas/crypto-etl-airflow/airflow-apache/lib/python3.11/site-packages/airflow/example_dags/example_branch_operator_decorator.py
[2025-05-04T04:00:44.142-0300] {logging_mixin.py:188} INFO - [2025-05-04T04:00:44.141-0300] {dag.py:3096} INFO - Sync 1 DAGs
[2025-05-04T04:00:44.163-0300] {logging_mixin.py:188} INFO - [2025-05-04T04:00:44.163-0300] {dag.py:3954} INFO - Setting next_dagrun for example_branch_python_operator_decorator to 2025-05-03 00:00:00+00:00, run_after=2025-05-04 00:00:00+00:00
[2025-05-04T04:00:44.181-0300] {processor.py:183} INFO - Processing /home/facuvega/Descargas/crypto-etl-airflow/airflow-apache/lib/python3.11/site-packages/airflow/example_dags/example_branch_operator_decorator.py took 0.328 seconds
[2025-05-04T04:01:37.704-0300] {processor.py:161} INFO - Started process (PID=24096) to work on /home/facuvega/Descargas/crypto-etl-airflow/airflow-apache/lib/python3.11/site-packages/airflow/example_dags/example_branch_operator_decorator.py
[2025-05-04T04:01:37.705-0300] {processor.py:830} INFO - Processing file /home/facuvega/Descargas/crypto-etl-airflow/airflow-apache/lib/python3.11/site-packages/airflow/example_dags/example_branch_operator_decorator.py for tasks to queue
[2025-05-04T04:01:37.707-0300] {logging_mixin.py:188} INFO - [2025-05-04T04:01:37.707-0300] {dagbag.py:540} INFO - Filling up the DagBag from /home/facuvega/Descargas/crypto-etl-airflow/airflow-apache/lib/python3.11/site-packages/airflow/example_dags/example_branch_operator_decorator.py
[2025-05-04T04:01:37.726-0300] {processor.py:840} INFO - DAG(s) 'example_branch_python_operator_decorator' retrieved from /home/facuvega/Descargas/crypto-etl-airflow/airflow-apache/lib/python3.11/site-packages/airflow/example_dags/example_branch_operator_decorator.py
[2025-05-04T04:01:37.744-0300] {logging_mixin.py:188} INFO - [2025-05-04T04:01:37.744-0300] {dag.py:3096} INFO - Sync 1 DAGs
[2025-05-04T04:01:37.759-0300] {logging_mixin.py:188} INFO - [2025-05-04T04:01:37.759-0300] {dag.py:3954} INFO - Setting next_dagrun for example_branch_python_operator_decorator to 2025-05-03 00:00:00+00:00, run_after=2025-05-04 00:00:00+00:00
[2025-05-04T04:01:37.772-0300] {processor.py:183} INFO - Processing /home/facuvega/Descargas/crypto-etl-airflow/airflow-apache/lib/python3.11/site-packages/airflow/example_dags/example_branch_operator_decorator.py took 0.074 seconds
[2025-05-04T04:03:42.185-0300] {processor.py:161} INFO - Started process (PID=25075) to work on /home/facuvega/Descargas/crypto-etl-airflow/airflow-apache/lib/python3.11/site-packages/airflow/example_dags/example_branch_operator_decorator.py
[2025-05-04T04:03:42.187-0300] {processor.py:830} INFO - Processing file /home/facuvega/Descargas/crypto-etl-airflow/airflow-apache/lib/python3.11/site-packages/airflow/example_dags/example_branch_operator_decorator.py for tasks to queue
[2025-05-04T04:03:42.189-0300] {logging_mixin.py:188} INFO - [2025-05-04T04:03:42.189-0300] {dagbag.py:540} INFO - Filling up the DagBag from /home/facuvega/Descargas/crypto-etl-airflow/airflow-apache/lib/python3.11/site-packages/airflow/example_dags/example_branch_operator_decorator.py
[2025-05-04T04:03:42.219-0300] {processor.py:840} INFO - DAG(s) 'example_branch_python_operator_decorator' retrieved from /home/facuvega/Descargas/crypto-etl-airflow/airflow-apache/lib/python3.11/site-packages/airflow/example_dags/example_branch_operator_decorator.py
[2025-05-04T04:03:42.292-0300] {logging_mixin.py:188} INFO - [2025-05-04T04:03:42.292-0300] {dag.py:3096} INFO - Sync 1 DAGs
[2025-05-04T04:03:42.303-0300] {logging_mixin.py:188} INFO - [2025-05-04T04:03:42.303-0300] {dag.py:3954} INFO - Setting next_dagrun for example_branch_python_operator_decorator to 2025-05-03 00:00:00+00:00, run_after=2025-05-04 00:00:00+00:00
[2025-05-04T04:03:42.319-0300] {processor.py:183} INFO - Processing /home/facuvega/Descargas/crypto-etl-airflow/airflow-apache/lib/python3.11/site-packages/airflow/example_dags/example_branch_operator_decorator.py took 0.140 seconds
[2025-05-04T04:05:30.876-0300] {processor.py:161} INFO - Started process (PID=26337) to work on /home/facuvega/Descargas/crypto-etl-airflow/airflow-apache/lib/python3.11/site-packages/airflow/example_dags/example_branch_operator_decorator.py
[2025-05-04T04:05:30.878-0300] {processor.py:830} INFO - Processing file /home/facuvega/Descargas/crypto-etl-airflow/airflow-apache/lib/python3.11/site-packages/airflow/example_dags/example_branch_operator_decorator.py for tasks to queue
[2025-05-04T04:05:30.880-0300] {logging_mixin.py:188} INFO - [2025-05-04T04:05:30.879-0300] {dagbag.py:540} INFO - Filling up the DagBag from /home/facuvega/Descargas/crypto-etl-airflow/airflow-apache/lib/python3.11/site-packages/airflow/example_dags/example_branch_operator_decorator.py
[2025-05-04T04:05:30.897-0300] {processor.py:840} INFO - DAG(s) 'example_branch_python_operator_decorator' retrieved from /home/facuvega/Descargas/crypto-etl-airflow/airflow-apache/lib/python3.11/site-packages/airflow/example_dags/example_branch_operator_decorator.py
[2025-05-04T04:05:30.915-0300] {logging_mixin.py:188} INFO - [2025-05-04T04:05:30.915-0300] {dag.py:3096} INFO - Sync 1 DAGs
[2025-05-04T04:05:30.929-0300] {logging_mixin.py:188} INFO - [2025-05-04T04:05:30.929-0300] {dag.py:3954} INFO - Setting next_dagrun for example_branch_python_operator_decorator to 2025-05-03 00:00:00+00:00, run_after=2025-05-04 00:00:00+00:00
[2025-05-04T04:05:30.942-0300] {processor.py:183} INFO - Processing /home/facuvega/Descargas/crypto-etl-airflow/airflow-apache/lib/python3.11/site-packages/airflow/example_dags/example_branch_operator_decorator.py took 0.071 seconds
[2025-05-04T04:06:21.603-0300] {processor.py:161} INFO - Started process (PID=26639) to work on /home/facuvega/Descargas/crypto-etl-airflow/airflow-apache/lib/python3.11/site-packages/airflow/example_dags/example_branch_operator_decorator.py
[2025-05-04T04:06:21.604-0300] {processor.py:830} INFO - Processing file /home/facuvega/Descargas/crypto-etl-airflow/airflow-apache/lib/python3.11/site-packages/airflow/example_dags/example_branch_operator_decorator.py for tasks to queue
[2025-05-04T04:06:21.606-0300] {logging_mixin.py:188} INFO - [2025-05-04T04:06:21.606-0300] {dagbag.py:540} INFO - Filling up the DagBag from /home/facuvega/Descargas/crypto-etl-airflow/airflow-apache/lib/python3.11/site-packages/airflow/example_dags/example_branch_operator_decorator.py
[2025-05-04T04:06:21.630-0300] {processor.py:840} INFO - DAG(s) 'example_branch_python_operator_decorator' retrieved from /home/facuvega/Descargas/crypto-etl-airflow/airflow-apache/lib/python3.11/site-packages/airflow/example_dags/example_branch_operator_decorator.py
[2025-05-04T04:06:21.654-0300] {logging_mixin.py:188} INFO - [2025-05-04T04:06:21.654-0300] {dag.py:3096} INFO - Sync 1 DAGs
[2025-05-04T04:06:21.675-0300] {logging_mixin.py:188} INFO - [2025-05-04T04:06:21.675-0300] {dag.py:3954} INFO - Setting next_dagrun for example_branch_python_operator_decorator to 2025-05-03 00:00:00+00:00, run_after=2025-05-04 00:00:00+00:00
[2025-05-04T04:06:21.695-0300] {processor.py:183} INFO - Processing /home/facuvega/Descargas/crypto-etl-airflow/airflow-apache/lib/python3.11/site-packages/airflow/example_dags/example_branch_operator_decorator.py took 0.099 seconds
[2025-05-04T04:07:15.123-0300] {processor.py:161} INFO - Started process (PID=26883) to work on /home/facuvega/Descargas/crypto-etl-airflow/airflow-apache/lib/python3.11/site-packages/airflow/example_dags/example_branch_operator_decorator.py
[2025-05-04T04:07:15.125-0300] {processor.py:830} INFO - Processing file /home/facuvega/Descargas/crypto-etl-airflow/airflow-apache/lib/python3.11/site-packages/airflow/example_dags/example_branch_operator_decorator.py for tasks to queue
[2025-05-04T04:07:15.128-0300] {logging_mixin.py:188} INFO - [2025-05-04T04:07:15.127-0300] {dagbag.py:540} INFO - Filling up the DagBag from /home/facuvega/Descargas/crypto-etl-airflow/airflow-apache/lib/python3.11/site-packages/airflow/example_dags/example_branch_operator_decorator.py
[2025-05-04T04:07:15.154-0300] {processor.py:840} INFO - DAG(s) 'example_branch_python_operator_decorator' retrieved from /home/facuvega/Descargas/crypto-etl-airflow/airflow-apache/lib/python3.11/site-packages/airflow/example_dags/example_branch_operator_decorator.py
[2025-05-04T04:07:15.177-0300] {logging_mixin.py:188} INFO - [2025-05-04T04:07:15.177-0300] {dag.py:3096} INFO - Sync 1 DAGs
[2025-05-04T04:07:15.196-0300] {logging_mixin.py:188} INFO - [2025-05-04T04:07:15.195-0300] {dag.py:3954} INFO - Setting next_dagrun for example_branch_python_operator_decorator to 2025-05-03 00:00:00+00:00, run_after=2025-05-04 00:00:00+00:00
[2025-05-04T04:07:15.212-0300] {processor.py:183} INFO - Processing /home/facuvega/Descargas/crypto-etl-airflow/airflow-apache/lib/python3.11/site-packages/airflow/example_dags/example_branch_operator_decorator.py took 0.098 seconds
[2025-05-04T04:10:53.634-0300] {processor.py:161} INFO - Started process (PID=29104) to work on /home/facuvega/Descargas/crypto-etl-airflow/airflow-apache/lib/python3.11/site-packages/airflow/example_dags/example_branch_operator_decorator.py
[2025-05-04T04:10:53.636-0300] {processor.py:830} INFO - Processing file /home/facuvega/Descargas/crypto-etl-airflow/airflow-apache/lib/python3.11/site-packages/airflow/example_dags/example_branch_operator_decorator.py for tasks to queue
[2025-05-04T04:10:53.637-0300] {logging_mixin.py:188} INFO - [2025-05-04T04:10:53.637-0300] {dagbag.py:540} INFO - Filling up the DagBag from /home/facuvega/Descargas/crypto-etl-airflow/airflow-apache/lib/python3.11/site-packages/airflow/example_dags/example_branch_operator_decorator.py
[2025-05-04T04:10:53.657-0300] {processor.py:840} INFO - DAG(s) 'example_branch_python_operator_decorator' retrieved from /home/facuvega/Descargas/crypto-etl-airflow/airflow-apache/lib/python3.11/site-packages/airflow/example_dags/example_branch_operator_decorator.py
[2025-05-04T04:10:53.736-0300] {logging_mixin.py:188} INFO - [2025-05-04T04:10:53.736-0300] {dag.py:3096} INFO - Sync 1 DAGs
[2025-05-04T04:10:53.747-0300] {logging_mixin.py:188} INFO - [2025-05-04T04:10:53.747-0300] {dag.py:3954} INFO - Setting next_dagrun for example_branch_python_operator_decorator to 2025-05-03 00:00:00+00:00, run_after=2025-05-04 00:00:00+00:00
[2025-05-04T04:10:53.769-0300] {processor.py:183} INFO - Processing /home/facuvega/Descargas/crypto-etl-airflow/airflow-apache/lib/python3.11/site-packages/airflow/example_dags/example_branch_operator_decorator.py took 0.141 seconds
[2025-05-04T04:11:48.009-0300] {processor.py:161} INFO - Started process (PID=29345) to work on /home/facuvega/Descargas/crypto-etl-airflow/airflow-apache/lib/python3.11/site-packages/airflow/example_dags/example_branch_operator_decorator.py
[2025-05-04T04:11:48.011-0300] {processor.py:830} INFO - Processing file /home/facuvega/Descargas/crypto-etl-airflow/airflow-apache/lib/python3.11/site-packages/airflow/example_dags/example_branch_operator_decorator.py for tasks to queue
[2025-05-04T04:11:48.013-0300] {logging_mixin.py:188} INFO - [2025-05-04T04:11:48.013-0300] {dagbag.py:540} INFO - Filling up the DagBag from /home/facuvega/Descargas/crypto-etl-airflow/airflow-apache/lib/python3.11/site-packages/airflow/example_dags/example_branch_operator_decorator.py
[2025-05-04T04:11:48.038-0300] {processor.py:840} INFO - DAG(s) 'example_branch_python_operator_decorator' retrieved from /home/facuvega/Descargas/crypto-etl-airflow/airflow-apache/lib/python3.11/site-packages/airflow/example_dags/example_branch_operator_decorator.py
[2025-05-04T04:11:48.092-0300] {logging_mixin.py:188} INFO - [2025-05-04T04:11:48.091-0300] {dag.py:3096} INFO - Sync 1 DAGs
[2025-05-04T04:11:48.184-0300] {logging_mixin.py:188} INFO - [2025-05-04T04:11:48.183-0300] {dag.py:3954} INFO - Setting next_dagrun for example_branch_python_operator_decorator to 2025-05-03 00:00:00+00:00, run_after=2025-05-04 00:00:00+00:00
[2025-05-04T04:11:48.232-0300] {processor.py:183} INFO - Processing /home/facuvega/Descargas/crypto-etl-airflow/airflow-apache/lib/python3.11/site-packages/airflow/example_dags/example_branch_operator_decorator.py took 0.226 seconds
[2025-05-04T04:12:41.076-0300] {processor.py:161} INFO - Started process (PID=29587) to work on /home/facuvega/Descargas/crypto-etl-airflow/airflow-apache/lib/python3.11/site-packages/airflow/example_dags/example_branch_operator_decorator.py
[2025-05-04T04:12:41.077-0300] {processor.py:830} INFO - Processing file /home/facuvega/Descargas/crypto-etl-airflow/airflow-apache/lib/python3.11/site-packages/airflow/example_dags/example_branch_operator_decorator.py for tasks to queue
[2025-05-04T04:12:41.079-0300] {logging_mixin.py:188} INFO - [2025-05-04T04:12:41.079-0300] {dagbag.py:540} INFO - Filling up the DagBag from /home/facuvega/Descargas/crypto-etl-airflow/airflow-apache/lib/python3.11/site-packages/airflow/example_dags/example_branch_operator_decorator.py
[2025-05-04T04:12:41.095-0300] {processor.py:840} INFO - DAG(s) 'example_branch_python_operator_decorator' retrieved from /home/facuvega/Descargas/crypto-etl-airflow/airflow-apache/lib/python3.11/site-packages/airflow/example_dags/example_branch_operator_decorator.py
[2025-05-04T04:12:41.111-0300] {logging_mixin.py:188} INFO - [2025-05-04T04:12:41.111-0300] {dag.py:3096} INFO - Sync 1 DAGs
[2025-05-04T04:12:41.124-0300] {logging_mixin.py:188} INFO - [2025-05-04T04:12:41.124-0300] {dag.py:3954} INFO - Setting next_dagrun for example_branch_python_operator_decorator to 2025-05-03 00:00:00+00:00, run_after=2025-05-04 00:00:00+00:00
[2025-05-04T04:12:41.137-0300] {processor.py:183} INFO - Processing /home/facuvega/Descargas/crypto-etl-airflow/airflow-apache/lib/python3.11/site-packages/airflow/example_dags/example_branch_operator_decorator.py took 0.066 seconds
[2025-05-04T04:13:43.928-0300] {processor.py:161} INFO - Started process (PID=29869) to work on /home/facuvega/Descargas/crypto-etl-airflow/airflow-apache/lib/python3.11/site-packages/airflow/example_dags/example_branch_operator_decorator.py
[2025-05-04T04:13:43.930-0300] {processor.py:830} INFO - Processing file /home/facuvega/Descargas/crypto-etl-airflow/airflow-apache/lib/python3.11/site-packages/airflow/example_dags/example_branch_operator_decorator.py for tasks to queue
[2025-05-04T04:13:43.931-0300] {logging_mixin.py:188} INFO - [2025-05-04T04:13:43.931-0300] {dagbag.py:540} INFO - Filling up the DagBag from /home/facuvega/Descargas/crypto-etl-airflow/airflow-apache/lib/python3.11/site-packages/airflow/example_dags/example_branch_operator_decorator.py
[2025-05-04T04:13:43.946-0300] {processor.py:840} INFO - DAG(s) 'example_branch_python_operator_decorator' retrieved from /home/facuvega/Descargas/crypto-etl-airflow/airflow-apache/lib/python3.11/site-packages/airflow/example_dags/example_branch_operator_decorator.py
[2025-05-04T04:13:43.962-0300] {logging_mixin.py:188} INFO - [2025-05-04T04:13:43.962-0300] {dag.py:3096} INFO - Sync 1 DAGs
[2025-05-04T04:13:43.976-0300] {logging_mixin.py:188} INFO - [2025-05-04T04:13:43.976-0300] {dag.py:3954} INFO - Setting next_dagrun for example_branch_python_operator_decorator to 2025-05-03 00:00:00+00:00, run_after=2025-05-04 00:00:00+00:00
[2025-05-04T04:13:43.989-0300] {processor.py:183} INFO - Processing /home/facuvega/Descargas/crypto-etl-airflow/airflow-apache/lib/python3.11/site-packages/airflow/example_dags/example_branch_operator_decorator.py took 0.065 seconds
[2025-05-04T04:14:44.798-0300] {processor.py:161} INFO - Started process (PID=30173) to work on /home/facuvega/Descargas/crypto-etl-airflow/airflow-apache/lib/python3.11/site-packages/airflow/example_dags/example_branch_operator_decorator.py
[2025-05-04T04:14:44.800-0300] {processor.py:830} INFO - Processing file /home/facuvega/Descargas/crypto-etl-airflow/airflow-apache/lib/python3.11/site-packages/airflow/example_dags/example_branch_operator_decorator.py for tasks to queue
[2025-05-04T04:14:44.801-0300] {logging_mixin.py:188} INFO - [2025-05-04T04:14:44.801-0300] {dagbag.py:540} INFO - Filling up the DagBag from /home/facuvega/Descargas/crypto-etl-airflow/airflow-apache/lib/python3.11/site-packages/airflow/example_dags/example_branch_operator_decorator.py
[2025-05-04T04:14:44.823-0300] {processor.py:840} INFO - DAG(s) 'example_branch_python_operator_decorator' retrieved from /home/facuvega/Descargas/crypto-etl-airflow/airflow-apache/lib/python3.11/site-packages/airflow/example_dags/example_branch_operator_decorator.py
[2025-05-04T04:14:44.841-0300] {logging_mixin.py:188} INFO - [2025-05-04T04:14:44.841-0300] {dag.py:3096} INFO - Sync 1 DAGs
[2025-05-04T04:14:44.857-0300] {logging_mixin.py:188} INFO - [2025-05-04T04:14:44.857-0300] {dag.py:3954} INFO - Setting next_dagrun for example_branch_python_operator_decorator to 2025-05-03 00:00:00+00:00, run_after=2025-05-04 00:00:00+00:00
[2025-05-04T04:14:44.872-0300] {processor.py:183} INFO - Processing /home/facuvega/Descargas/crypto-etl-airflow/airflow-apache/lib/python3.11/site-packages/airflow/example_dags/example_branch_operator_decorator.py took 0.080 seconds
[2025-05-04T04:15:58.276-0300] {processor.py:161} INFO - Started process (PID=30590) to work on /home/facuvega/Descargas/crypto-etl-airflow/airflow-apache/lib/python3.11/site-packages/airflow/example_dags/example_branch_operator_decorator.py
[2025-05-04T04:15:58.288-0300] {processor.py:830} INFO - Processing file /home/facuvega/Descargas/crypto-etl-airflow/airflow-apache/lib/python3.11/site-packages/airflow/example_dags/example_branch_operator_decorator.py for tasks to queue
[2025-05-04T04:15:58.296-0300] {logging_mixin.py:188} INFO - [2025-05-04T04:15:58.289-0300] {dagbag.py:540} INFO - Filling up the DagBag from /home/facuvega/Descargas/crypto-etl-airflow/airflow-apache/lib/python3.11/site-packages/airflow/example_dags/example_branch_operator_decorator.py
[2025-05-04T04:15:58.452-0300] {processor.py:840} INFO - DAG(s) 'example_branch_python_operator_decorator' retrieved from /home/facuvega/Descargas/crypto-etl-airflow/airflow-apache/lib/python3.11/site-packages/airflow/example_dags/example_branch_operator_decorator.py
[2025-05-04T04:15:58.472-0300] {logging_mixin.py:188} INFO - [2025-05-04T04:15:58.471-0300] {dag.py:3096} INFO - Sync 1 DAGs
[2025-05-04T04:15:58.491-0300] {logging_mixin.py:188} INFO - [2025-05-04T04:15:58.491-0300] {dag.py:3954} INFO - Setting next_dagrun for example_branch_python_operator_decorator to 2025-05-03 00:00:00+00:00, run_after=2025-05-04 00:00:00+00:00
[2025-05-04T04:15:58.509-0300] {processor.py:183} INFO - Processing /home/facuvega/Descargas/crypto-etl-airflow/airflow-apache/lib/python3.11/site-packages/airflow/example_dags/example_branch_operator_decorator.py took 0.288 seconds
[2025-05-04T04:17:36.471-0300] {processor.py:161} INFO - Started process (PID=31391) to work on /home/facuvega/Descargas/crypto-etl-airflow/airflow-apache/lib/python3.11/site-packages/airflow/example_dags/example_branch_operator_decorator.py
[2025-05-04T04:17:36.472-0300] {processor.py:830} INFO - Processing file /home/facuvega/Descargas/crypto-etl-airflow/airflow-apache/lib/python3.11/site-packages/airflow/example_dags/example_branch_operator_decorator.py for tasks to queue
[2025-05-04T04:17:36.474-0300] {logging_mixin.py:188} INFO - [2025-05-04T04:17:36.474-0300] {dagbag.py:540} INFO - Filling up the DagBag from /home/facuvega/Descargas/crypto-etl-airflow/airflow-apache/lib/python3.11/site-packages/airflow/example_dags/example_branch_operator_decorator.py
[2025-05-04T04:17:36.494-0300] {processor.py:840} INFO - DAG(s) 'example_branch_python_operator_decorator' retrieved from /home/facuvega/Descargas/crypto-etl-airflow/airflow-apache/lib/python3.11/site-packages/airflow/example_dags/example_branch_operator_decorator.py
[2025-05-04T04:17:36.584-0300] {logging_mixin.py:188} INFO - [2025-05-04T04:17:36.584-0300] {dag.py:3096} INFO - Sync 1 DAGs
[2025-05-04T04:17:36.596-0300] {logging_mixin.py:188} INFO - [2025-05-04T04:17:36.596-0300] {dag.py:3954} INFO - Setting next_dagrun for example_branch_python_operator_decorator to 2025-05-03 00:00:00+00:00, run_after=2025-05-04 00:00:00+00:00
[2025-05-04T04:17:36.609-0300] {processor.py:183} INFO - Processing /home/facuvega/Descargas/crypto-etl-airflow/airflow-apache/lib/python3.11/site-packages/airflow/example_dags/example_branch_operator_decorator.py took 0.143 seconds
[2025-05-04T04:19:08.838-0300] {processor.py:161} INFO - Started process (PID=32505) to work on /home/facuvega/Descargas/crypto-etl-airflow/airflow-apache/lib/python3.11/site-packages/airflow/example_dags/example_branch_operator_decorator.py
[2025-05-04T04:19:08.840-0300] {processor.py:830} INFO - Processing file /home/facuvega/Descargas/crypto-etl-airflow/airflow-apache/lib/python3.11/site-packages/airflow/example_dags/example_branch_operator_decorator.py for tasks to queue
[2025-05-04T04:19:08.842-0300] {logging_mixin.py:188} INFO - [2025-05-04T04:19:08.842-0300] {dagbag.py:540} INFO - Filling up the DagBag from /home/facuvega/Descargas/crypto-etl-airflow/airflow-apache/lib/python3.11/site-packages/airflow/example_dags/example_branch_operator_decorator.py
[2025-05-04T04:19:08.875-0300] {processor.py:840} INFO - DAG(s) 'example_branch_python_operator_decorator' retrieved from /home/facuvega/Descargas/crypto-etl-airflow/airflow-apache/lib/python3.11/site-packages/airflow/example_dags/example_branch_operator_decorator.py
[2025-05-04T04:19:08.899-0300] {logging_mixin.py:188} INFO - [2025-05-04T04:19:08.898-0300] {dag.py:3096} INFO - Sync 1 DAGs
[2025-05-04T04:19:08.920-0300] {logging_mixin.py:188} INFO - [2025-05-04T04:19:08.919-0300] {dag.py:3954} INFO - Setting next_dagrun for example_branch_python_operator_decorator to 2025-05-03 00:00:00+00:00, run_after=2025-05-04 00:00:00+00:00
[2025-05-04T04:19:08.938-0300] {processor.py:183} INFO - Processing /home/facuvega/Descargas/crypto-etl-airflow/airflow-apache/lib/python3.11/site-packages/airflow/example_dags/example_branch_operator_decorator.py took 0.110 seconds
[2025-05-04T04:20:08.025-0300] {processor.py:161} INFO - Started process (PID=32948) to work on /home/facuvega/Descargas/crypto-etl-airflow/airflow-apache/lib/python3.11/site-packages/airflow/example_dags/example_branch_operator_decorator.py
[2025-05-04T04:20:08.026-0300] {processor.py:830} INFO - Processing file /home/facuvega/Descargas/crypto-etl-airflow/airflow-apache/lib/python3.11/site-packages/airflow/example_dags/example_branch_operator_decorator.py for tasks to queue
[2025-05-04T04:20:08.028-0300] {logging_mixin.py:188} INFO - [2025-05-04T04:20:08.028-0300] {dagbag.py:540} INFO - Filling up the DagBag from /home/facuvega/Descargas/crypto-etl-airflow/airflow-apache/lib/python3.11/site-packages/airflow/example_dags/example_branch_operator_decorator.py
[2025-05-04T04:20:08.048-0300] {processor.py:840} INFO - DAG(s) 'example_branch_python_operator_decorator' retrieved from /home/facuvega/Descargas/crypto-etl-airflow/airflow-apache/lib/python3.11/site-packages/airflow/example_dags/example_branch_operator_decorator.py
[2025-05-04T04:20:08.067-0300] {logging_mixin.py:188} INFO - [2025-05-04T04:20:08.066-0300] {dag.py:3096} INFO - Sync 1 DAGs
[2025-05-04T04:20:08.082-0300] {logging_mixin.py:188} INFO - [2025-05-04T04:20:08.082-0300] {dag.py:3954} INFO - Setting next_dagrun for example_branch_python_operator_decorator to 2025-05-03 00:00:00+00:00, run_after=2025-05-04 00:00:00+00:00
[2025-05-04T04:20:08.099-0300] {processor.py:183} INFO - Processing /home/facuvega/Descargas/crypto-etl-airflow/airflow-apache/lib/python3.11/site-packages/airflow/example_dags/example_branch_operator_decorator.py took 0.080 seconds
[2025-05-04T04:20:59.287-0300] {processor.py:161} INFO - Started process (PID=33179) to work on /home/facuvega/Descargas/crypto-etl-airflow/airflow-apache/lib/python3.11/site-packages/airflow/example_dags/example_branch_operator_decorator.py
[2025-05-04T04:20:59.288-0300] {processor.py:830} INFO - Processing file /home/facuvega/Descargas/crypto-etl-airflow/airflow-apache/lib/python3.11/site-packages/airflow/example_dags/example_branch_operator_decorator.py for tasks to queue
[2025-05-04T04:20:59.290-0300] {logging_mixin.py:188} INFO - [2025-05-04T04:20:59.290-0300] {dagbag.py:540} INFO - Filling up the DagBag from /home/facuvega/Descargas/crypto-etl-airflow/airflow-apache/lib/python3.11/site-packages/airflow/example_dags/example_branch_operator_decorator.py
[2025-05-04T04:20:59.308-0300] {processor.py:840} INFO - DAG(s) 'example_branch_python_operator_decorator' retrieved from /home/facuvega/Descargas/crypto-etl-airflow/airflow-apache/lib/python3.11/site-packages/airflow/example_dags/example_branch_operator_decorator.py
[2025-05-04T04:20:59.326-0300] {logging_mixin.py:188} INFO - [2025-05-04T04:20:59.326-0300] {dag.py:3096} INFO - Sync 1 DAGs
[2025-05-04T04:20:59.343-0300] {logging_mixin.py:188} INFO - [2025-05-04T04:20:59.343-0300] {dag.py:3954} INFO - Setting next_dagrun for example_branch_python_operator_decorator to 2025-05-03 00:00:00+00:00, run_after=2025-05-04 00:00:00+00:00
[2025-05-04T04:20:59.370-0300] {processor.py:183} INFO - Processing /home/facuvega/Descargas/crypto-etl-airflow/airflow-apache/lib/python3.11/site-packages/airflow/example_dags/example_branch_operator_decorator.py took 0.091 seconds
[2025-05-04T04:22:45.007-0300] {processor.py:161} INFO - Started process (PID=34116) to work on /home/facuvega/Descargas/crypto-etl-airflow/airflow-apache/lib/python3.11/site-packages/airflow/example_dags/example_branch_operator_decorator.py
[2025-05-04T04:22:45.009-0300] {processor.py:830} INFO - Processing file /home/facuvega/Descargas/crypto-etl-airflow/airflow-apache/lib/python3.11/site-packages/airflow/example_dags/example_branch_operator_decorator.py for tasks to queue
[2025-05-04T04:22:45.010-0300] {logging_mixin.py:188} INFO - [2025-05-04T04:22:45.010-0300] {dagbag.py:540} INFO - Filling up the DagBag from /home/facuvega/Descargas/crypto-etl-airflow/airflow-apache/lib/python3.11/site-packages/airflow/example_dags/example_branch_operator_decorator.py
[2025-05-04T04:22:45.028-0300] {processor.py:840} INFO - DAG(s) 'example_branch_python_operator_decorator' retrieved from /home/facuvega/Descargas/crypto-etl-airflow/airflow-apache/lib/python3.11/site-packages/airflow/example_dags/example_branch_operator_decorator.py
[2025-05-04T04:22:45.108-0300] {logging_mixin.py:188} INFO - [2025-05-04T04:22:45.108-0300] {dag.py:3096} INFO - Sync 1 DAGs
[2025-05-04T04:22:45.125-0300] {logging_mixin.py:188} INFO - [2025-05-04T04:22:45.124-0300] {dag.py:3954} INFO - Setting next_dagrun for example_branch_python_operator_decorator to 2025-05-03 00:00:00+00:00, run_after=2025-05-04 00:00:00+00:00
[2025-05-04T04:22:45.140-0300] {processor.py:183} INFO - Processing /home/facuvega/Descargas/crypto-etl-airflow/airflow-apache/lib/python3.11/site-packages/airflow/example_dags/example_branch_operator_decorator.py took 0.138 seconds
[2025-05-04T04:24:22.892-0300] {processor.py:161} INFO - Started process (PID=35527) to work on /home/facuvega/Descargas/crypto-etl-airflow/airflow-apache/lib/python3.11/site-packages/airflow/example_dags/example_branch_operator_decorator.py
[2025-05-04T04:24:22.893-0300] {processor.py:830} INFO - Processing file /home/facuvega/Descargas/crypto-etl-airflow/airflow-apache/lib/python3.11/site-packages/airflow/example_dags/example_branch_operator_decorator.py for tasks to queue
[2025-05-04T04:24:22.896-0300] {logging_mixin.py:188} INFO - [2025-05-04T04:24:22.895-0300] {dagbag.py:540} INFO - Filling up the DagBag from /home/facuvega/Descargas/crypto-etl-airflow/airflow-apache/lib/python3.11/site-packages/airflow/example_dags/example_branch_operator_decorator.py
[2025-05-04T04:24:22.917-0300] {processor.py:840} INFO - DAG(s) 'example_branch_python_operator_decorator' retrieved from /home/facuvega/Descargas/crypto-etl-airflow/airflow-apache/lib/python3.11/site-packages/airflow/example_dags/example_branch_operator_decorator.py
[2025-05-04T04:24:22.938-0300] {logging_mixin.py:188} INFO - [2025-05-04T04:24:22.938-0300] {dag.py:3096} INFO - Sync 1 DAGs
[2025-05-04T04:24:22.956-0300] {logging_mixin.py:188} INFO - [2025-05-04T04:24:22.955-0300] {dag.py:3954} INFO - Setting next_dagrun for example_branch_python_operator_decorator to 2025-05-03 00:00:00+00:00, run_after=2025-05-04 00:00:00+00:00
[2025-05-04T04:24:22.970-0300] {processor.py:183} INFO - Processing /home/facuvega/Descargas/crypto-etl-airflow/airflow-apache/lib/python3.11/site-packages/airflow/example_dags/example_branch_operator_decorator.py took 0.084 seconds
