[2025-05-04T03:51:19.687-0300] {processor.py:161} INFO - Started process (PID=19795) to work on /home/facuvega/Descargas/crypto-etl-airflow/airflow-apache/lib/python3.11/site-packages/airflow/example_dags/example_branch_day_of_week_operator.py
[2025-05-04T03:51:19.688-0300] {processor.py:830} INFO - Processing file /home/facuvega/Descargas/crypto-etl-airflow/airflow-apache/lib/python3.11/site-packages/airflow/example_dags/example_branch_day_of_week_operator.py for tasks to queue
[2025-05-04T03:51:19.689-0300] {logging_mixin.py:188} INFO - [2025-05-04T03:51:19.689-0300] {dagbag.py:540} INFO - Filling up the DagBag from /home/facuvega/Descargas/crypto-etl-airflow/airflow-apache/lib/python3.11/site-packages/airflow/example_dags/example_branch_day_of_week_operator.py
[2025-05-04T03:51:19.695-0300] {processor.py:840} INFO - DAG(s) 'example_weekday_branch_operator' retrieved from /home/facuvega/Descargas/crypto-etl-airflow/airflow-apache/lib/python3.11/site-packages/airflow/example_dags/example_branch_day_of_week_operator.py
[2025-05-04T03:51:19.708-0300] {logging_mixin.py:188} INFO - [2025-05-04T03:51:19.708-0300] {dag.py:3096} INFO - Sync 1 DAGs
[2025-05-04T03:51:19.721-0300] {logging_mixin.py:188} INFO - [2025-05-04T03:51:19.721-0300] {dag.py:3954} INFO - Setting next_dagrun for example_weekday_branch_operator to 2025-05-03 00:00:00+00:00, run_after=2025-05-04 00:00:00+00:00
[2025-05-04T03:51:19.733-0300] {processor.py:183} INFO - Processing /home/facuvega/Descargas/crypto-etl-airflow/airflow-apache/lib/python3.11/site-packages/airflow/example_dags/example_branch_day_of_week_operator.py took 0.051 seconds
[2025-05-04T03:52:25.012-0300] {processor.py:161} INFO - Started process (PID=20105) to work on /home/facuvega/Descargas/crypto-etl-airflow/airflow-apache/lib/python3.11/site-packages/airflow/example_dags/example_branch_day_of_week_operator.py
[2025-05-04T03:52:25.013-0300] {processor.py:830} INFO - Processing file /home/facuvega/Descargas/crypto-etl-airflow/airflow-apache/lib/python3.11/site-packages/airflow/example_dags/example_branch_day_of_week_operator.py for tasks to queue
[2025-05-04T03:52:25.015-0300] {logging_mixin.py:188} INFO - [2025-05-04T03:52:25.015-0300] {dagbag.py:540} INFO - Filling up the DagBag from /home/facuvega/Descargas/crypto-etl-airflow/airflow-apache/lib/python3.11/site-packages/airflow/example_dags/example_branch_day_of_week_operator.py
[2025-05-04T03:52:25.022-0300] {processor.py:840} INFO - DAG(s) 'example_weekday_branch_operator' retrieved from /home/facuvega/Descargas/crypto-etl-airflow/airflow-apache/lib/python3.11/site-packages/airflow/example_dags/example_branch_day_of_week_operator.py
[2025-05-04T03:52:25.035-0300] {logging_mixin.py:188} INFO - [2025-05-04T03:52:25.034-0300] {dag.py:3096} INFO - Sync 1 DAGs
[2025-05-04T03:52:25.048-0300] {logging_mixin.py:188} INFO - [2025-05-04T03:52:25.048-0300] {dag.py:3954} INFO - Setting next_dagrun for example_weekday_branch_operator to 2025-05-03 00:00:00+00:00, run_after=2025-05-04 00:00:00+00:00
[2025-05-04T03:52:25.060-0300] {processor.py:183} INFO - Processing /home/facuvega/Descargas/crypto-etl-airflow/airflow-apache/lib/python3.11/site-packages/airflow/example_dags/example_branch_day_of_week_operator.py took 0.053 seconds
[2025-05-04T03:53:38.555-0300] {processor.py:161} INFO - Started process (PID=20737) to work on /home/facuvega/Descargas/crypto-etl-airflow/airflow-apache/lib/python3.11/site-packages/airflow/example_dags/example_branch_day_of_week_operator.py
[2025-05-04T03:53:38.556-0300] {processor.py:830} INFO - Processing file /home/facuvega/Descargas/crypto-etl-airflow/airflow-apache/lib/python3.11/site-packages/airflow/example_dags/example_branch_day_of_week_operator.py for tasks to queue
[2025-05-04T03:53:38.560-0300] {logging_mixin.py:188} INFO - [2025-05-04T03:53:38.560-0300] {dagbag.py:540} INFO - Filling up the DagBag from /home/facuvega/Descargas/crypto-etl-airflow/airflow-apache/lib/python3.11/site-packages/airflow/example_dags/example_branch_day_of_week_operator.py
[2025-05-04T03:53:38.572-0300] {processor.py:840} INFO - DAG(s) 'example_weekday_branch_operator' retrieved from /home/facuvega/Descargas/crypto-etl-airflow/airflow-apache/lib/python3.11/site-packages/airflow/example_dags/example_branch_day_of_week_operator.py
[2025-05-04T03:53:38.610-0300] {logging_mixin.py:188} INFO - [2025-05-04T03:53:38.610-0300] {dag.py:3096} INFO - Sync 1 DAGs
[2025-05-04T03:53:38.647-0300] {logging_mixin.py:188} INFO - [2025-05-04T03:53:38.647-0300] {dag.py:3954} INFO - Setting next_dagrun for example_weekday_branch_operator to 2025-05-03 00:00:00+00:00, run_after=2025-05-04 00:00:00+00:00
[2025-05-04T03:53:38.692-0300] {processor.py:183} INFO - Processing /home/facuvega/Descargas/crypto-etl-airflow/airflow-apache/lib/python3.11/site-packages/airflow/example_dags/example_branch_day_of_week_operator.py took 0.146 seconds
[2025-05-04T03:54:45.217-0300] {processor.py:161} INFO - Started process (PID=21080) to work on /home/facuvega/Descargas/crypto-etl-airflow/airflow-apache/lib/python3.11/site-packages/airflow/example_dags/example_branch_day_of_week_operator.py
[2025-05-04T03:54:45.219-0300] {processor.py:830} INFO - Processing file /home/facuvega/Descargas/crypto-etl-airflow/airflow-apache/lib/python3.11/site-packages/airflow/example_dags/example_branch_day_of_week_operator.py for tasks to queue
[2025-05-04T03:54:45.220-0300] {logging_mixin.py:188} INFO - [2025-05-04T03:54:45.220-0300] {dagbag.py:540} INFO - Filling up the DagBag from /home/facuvega/Descargas/crypto-etl-airflow/airflow-apache/lib/python3.11/site-packages/airflow/example_dags/example_branch_day_of_week_operator.py
[2025-05-04T03:54:45.228-0300] {processor.py:840} INFO - DAG(s) 'example_weekday_branch_operator' retrieved from /home/facuvega/Descargas/crypto-etl-airflow/airflow-apache/lib/python3.11/site-packages/airflow/example_dags/example_branch_day_of_week_operator.py
[2025-05-04T03:54:45.241-0300] {logging_mixin.py:188} INFO - [2025-05-04T03:54:45.241-0300] {dag.py:3096} INFO - Sync 1 DAGs
[2025-05-04T03:54:45.256-0300] {logging_mixin.py:188} INFO - [2025-05-04T03:54:45.255-0300] {dag.py:3954} INFO - Setting next_dagrun for example_weekday_branch_operator to 2025-05-03 00:00:00+00:00, run_after=2025-05-04 00:00:00+00:00
[2025-05-04T03:54:45.269-0300] {processor.py:183} INFO - Processing /home/facuvega/Descargas/crypto-etl-airflow/airflow-apache/lib/python3.11/site-packages/airflow/example_dags/example_branch_day_of_week_operator.py took 0.057 seconds
[2025-05-04T03:55:56.682-0300] {processor.py:161} INFO - Started process (PID=21513) to work on /home/facuvega/Descargas/crypto-etl-airflow/airflow-apache/lib/python3.11/site-packages/airflow/example_dags/example_branch_day_of_week_operator.py
[2025-05-04T03:55:56.683-0300] {processor.py:830} INFO - Processing file /home/facuvega/Descargas/crypto-etl-airflow/airflow-apache/lib/python3.11/site-packages/airflow/example_dags/example_branch_day_of_week_operator.py for tasks to queue
[2025-05-04T03:55:56.686-0300] {logging_mixin.py:188} INFO - [2025-05-04T03:55:56.685-0300] {dagbag.py:540} INFO - Filling up the DagBag from /home/facuvega/Descargas/crypto-etl-airflow/airflow-apache/lib/python3.11/site-packages/airflow/example_dags/example_branch_day_of_week_operator.py
[2025-05-04T03:55:56.694-0300] {processor.py:840} INFO - DAG(s) 'example_weekday_branch_operator' retrieved from /home/facuvega/Descargas/crypto-etl-airflow/airflow-apache/lib/python3.11/site-packages/airflow/example_dags/example_branch_day_of_week_operator.py
[2025-05-04T03:55:56.708-0300] {logging_mixin.py:188} INFO - [2025-05-04T03:55:56.708-0300] {dag.py:3096} INFO - Sync 1 DAGs
[2025-05-04T03:55:56.725-0300] {logging_mixin.py:188} INFO - [2025-05-04T03:55:56.724-0300] {dag.py:3954} INFO - Setting next_dagrun for example_weekday_branch_operator to 2025-05-03 00:00:00+00:00, run_after=2025-05-04 00:00:00+00:00
[2025-05-04T03:55:56.740-0300] {processor.py:183} INFO - Processing /home/facuvega/Descargas/crypto-etl-airflow/airflow-apache/lib/python3.11/site-packages/airflow/example_dags/example_branch_day_of_week_operator.py took 0.064 seconds
[2025-05-04T03:56:55.584-0300] {processor.py:161} INFO - Started process (PID=21784) to work on /home/facuvega/Descargas/crypto-etl-airflow/airflow-apache/lib/python3.11/site-packages/airflow/example_dags/example_branch_day_of_week_operator.py
[2025-05-04T03:56:55.585-0300] {processor.py:830} INFO - Processing file /home/facuvega/Descargas/crypto-etl-airflow/airflow-apache/lib/python3.11/site-packages/airflow/example_dags/example_branch_day_of_week_operator.py for tasks to queue
[2025-05-04T03:56:55.586-0300] {logging_mixin.py:188} INFO - [2025-05-04T03:56:55.586-0300] {dagbag.py:540} INFO - Filling up the DagBag from /home/facuvega/Descargas/crypto-etl-airflow/airflow-apache/lib/python3.11/site-packages/airflow/example_dags/example_branch_day_of_week_operator.py
[2025-05-04T03:56:55.594-0300] {processor.py:840} INFO - DAG(s) 'example_weekday_branch_operator' retrieved from /home/facuvega/Descargas/crypto-etl-airflow/airflow-apache/lib/python3.11/site-packages/airflow/example_dags/example_branch_day_of_week_operator.py
[2025-05-04T03:56:55.608-0300] {logging_mixin.py:188} INFO - [2025-05-04T03:56:55.608-0300] {dag.py:3096} INFO - Sync 1 DAGs
[2025-05-04T03:56:55.624-0300] {logging_mixin.py:188} INFO - [2025-05-04T03:56:55.624-0300] {dag.py:3954} INFO - Setting next_dagrun for example_weekday_branch_operator to 2025-05-03 00:00:00+00:00, run_after=2025-05-04 00:00:00+00:00
[2025-05-04T03:56:55.640-0300] {processor.py:183} INFO - Processing /home/facuvega/Descargas/crypto-etl-airflow/airflow-apache/lib/python3.11/site-packages/airflow/example_dags/example_branch_day_of_week_operator.py took 0.062 seconds
[2025-05-04T03:58:43.409-0300] {processor.py:161} INFO - Started process (PID=22713) to work on /home/facuvega/Descargas/crypto-etl-airflow/airflow-apache/lib/python3.11/site-packages/airflow/example_dags/example_branch_day_of_week_operator.py
[2025-05-04T03:58:43.410-0300] {processor.py:830} INFO - Processing file /home/facuvega/Descargas/crypto-etl-airflow/airflow-apache/lib/python3.11/site-packages/airflow/example_dags/example_branch_day_of_week_operator.py for tasks to queue
[2025-05-04T03:58:43.412-0300] {logging_mixin.py:188} INFO - [2025-05-04T03:58:43.412-0300] {dagbag.py:540} INFO - Filling up the DagBag from /home/facuvega/Descargas/crypto-etl-airflow/airflow-apache/lib/python3.11/site-packages/airflow/example_dags/example_branch_day_of_week_operator.py
[2025-05-04T03:58:43.418-0300] {processor.py:840} INFO - DAG(s) 'example_weekday_branch_operator' retrieved from /home/facuvega/Descargas/crypto-etl-airflow/airflow-apache/lib/python3.11/site-packages/airflow/example_dags/example_branch_day_of_week_operator.py
[2025-05-04T03:58:43.431-0300] {logging_mixin.py:188} INFO - [2025-05-04T03:58:43.431-0300] {dag.py:3096} INFO - Sync 1 DAGs
[2025-05-04T03:58:43.444-0300] {logging_mixin.py:188} INFO - [2025-05-04T03:58:43.444-0300] {dag.py:3954} INFO - Setting next_dagrun for example_weekday_branch_operator to 2025-05-03 00:00:00+00:00, run_after=2025-05-04 00:00:00+00:00
[2025-05-04T03:58:43.457-0300] {processor.py:183} INFO - Processing /home/facuvega/Descargas/crypto-etl-airflow/airflow-apache/lib/python3.11/site-packages/airflow/example_dags/example_branch_day_of_week_operator.py took 0.052 seconds
[2025-05-04T04:00:17.446-0300] {processor.py:161} INFO - Started process (PID=23621) to work on /home/facuvega/Descargas/crypto-etl-airflow/airflow-apache/lib/python3.11/site-packages/airflow/example_dags/example_branch_day_of_week_operator.py
[2025-05-04T04:00:17.449-0300] {processor.py:830} INFO - Processing file /home/facuvega/Descargas/crypto-etl-airflow/airflow-apache/lib/python3.11/site-packages/airflow/example_dags/example_branch_day_of_week_operator.py for tasks to queue
[2025-05-04T04:00:17.453-0300] {logging_mixin.py:188} INFO - [2025-05-04T04:00:17.452-0300] {dagbag.py:540} INFO - Filling up the DagBag from /home/facuvega/Descargas/crypto-etl-airflow/airflow-apache/lib/python3.11/site-packages/airflow/example_dags/example_branch_day_of_week_operator.py
[2025-05-04T04:00:17.487-0300] {processor.py:840} INFO - DAG(s) 'example_weekday_branch_operator' retrieved from /home/facuvega/Descargas/crypto-etl-airflow/airflow-apache/lib/python3.11/site-packages/airflow/example_dags/example_branch_day_of_week_operator.py
[2025-05-04T04:00:17.524-0300] {logging_mixin.py:188} INFO - [2025-05-04T04:00:17.524-0300] {dag.py:3096} INFO - Sync 1 DAGs
[2025-05-04T04:00:17.547-0300] {logging_mixin.py:188} INFO - [2025-05-04T04:00:17.547-0300] {dag.py:3954} INFO - Setting next_dagrun for example_weekday_branch_operator to 2025-05-03 00:00:00+00:00, run_after=2025-05-04 00:00:00+00:00
[2025-05-04T04:00:17.571-0300] {processor.py:183} INFO - Processing /home/facuvega/Descargas/crypto-etl-airflow/airflow-apache/lib/python3.11/site-packages/airflow/example_dags/example_branch_day_of_week_operator.py took 0.145 seconds
[2025-05-04T04:01:12.764-0300] {processor.py:161} INFO - Started process (PID=23979) to work on /home/facuvega/Descargas/crypto-etl-airflow/airflow-apache/lib/python3.11/site-packages/airflow/example_dags/example_branch_day_of_week_operator.py
[2025-05-04T04:01:12.765-0300] {processor.py:830} INFO - Processing file /home/facuvega/Descargas/crypto-etl-airflow/airflow-apache/lib/python3.11/site-packages/airflow/example_dags/example_branch_day_of_week_operator.py for tasks to queue
[2025-05-04T04:01:12.767-0300] {logging_mixin.py:188} INFO - [2025-05-04T04:01:12.766-0300] {dagbag.py:540} INFO - Filling up the DagBag from /home/facuvega/Descargas/crypto-etl-airflow/airflow-apache/lib/python3.11/site-packages/airflow/example_dags/example_branch_day_of_week_operator.py
[2025-05-04T04:01:12.775-0300] {processor.py:840} INFO - DAG(s) 'example_weekday_branch_operator' retrieved from /home/facuvega/Descargas/crypto-etl-airflow/airflow-apache/lib/python3.11/site-packages/airflow/example_dags/example_branch_day_of_week_operator.py
[2025-05-04T04:01:12.789-0300] {logging_mixin.py:188} INFO - [2025-05-04T04:01:12.789-0300] {dag.py:3096} INFO - Sync 1 DAGs
[2025-05-04T04:01:12.804-0300] {logging_mixin.py:188} INFO - [2025-05-04T04:01:12.804-0300] {dag.py:3954} INFO - Setting next_dagrun for example_weekday_branch_operator to 2025-05-03 00:00:00+00:00, run_after=2025-05-04 00:00:00+00:00
[2025-05-04T04:01:12.816-0300] {processor.py:183} INFO - Processing /home/facuvega/Descargas/crypto-etl-airflow/airflow-apache/lib/python3.11/site-packages/airflow/example_dags/example_branch_day_of_week_operator.py took 0.058 seconds
[2025-05-04T04:03:48.470-0300] {processor.py:161} INFO - Started process (PID=25101) to work on /home/facuvega/Descargas/crypto-etl-airflow/airflow-apache/lib/python3.11/site-packages/airflow/example_dags/example_branch_day_of_week_operator.py
[2025-05-04T04:03:48.471-0300] {processor.py:830} INFO - Processing file /home/facuvega/Descargas/crypto-etl-airflow/airflow-apache/lib/python3.11/site-packages/airflow/example_dags/example_branch_day_of_week_operator.py for tasks to queue
[2025-05-04T04:03:48.472-0300] {logging_mixin.py:188} INFO - [2025-05-04T04:03:48.472-0300] {dagbag.py:540} INFO - Filling up the DagBag from /home/facuvega/Descargas/crypto-etl-airflow/airflow-apache/lib/python3.11/site-packages/airflow/example_dags/example_branch_day_of_week_operator.py
[2025-05-04T04:03:48.478-0300] {processor.py:840} INFO - DAG(s) 'example_weekday_branch_operator' retrieved from /home/facuvega/Descargas/crypto-etl-airflow/airflow-apache/lib/python3.11/site-packages/airflow/example_dags/example_branch_day_of_week_operator.py
[2025-05-04T04:03:48.491-0300] {logging_mixin.py:188} INFO - [2025-05-04T04:03:48.491-0300] {dag.py:3096} INFO - Sync 1 DAGs
[2025-05-04T04:03:48.505-0300] {logging_mixin.py:188} INFO - [2025-05-04T04:03:48.505-0300] {dag.py:3954} INFO - Setting next_dagrun for example_weekday_branch_operator to 2025-05-03 00:00:00+00:00, run_after=2025-05-04 00:00:00+00:00
[2025-05-04T04:03:48.517-0300] {processor.py:183} INFO - Processing /home/facuvega/Descargas/crypto-etl-airflow/airflow-apache/lib/python3.11/site-packages/airflow/example_dags/example_branch_day_of_week_operator.py took 0.052 seconds
[2025-05-04T04:05:36.289-0300] {processor.py:161} INFO - Started process (PID=26357) to work on /home/facuvega/Descargas/crypto-etl-airflow/airflow-apache/lib/python3.11/site-packages/airflow/example_dags/example_branch_day_of_week_operator.py
[2025-05-04T04:05:36.291-0300] {processor.py:830} INFO - Processing file /home/facuvega/Descargas/crypto-etl-airflow/airflow-apache/lib/python3.11/site-packages/airflow/example_dags/example_branch_day_of_week_operator.py for tasks to queue
[2025-05-04T04:05:36.293-0300] {logging_mixin.py:188} INFO - [2025-05-04T04:05:36.292-0300] {dagbag.py:540} INFO - Filling up the DagBag from /home/facuvega/Descargas/crypto-etl-airflow/airflow-apache/lib/python3.11/site-packages/airflow/example_dags/example_branch_day_of_week_operator.py
[2025-05-04T04:05:36.300-0300] {processor.py:840} INFO - DAG(s) 'example_weekday_branch_operator' retrieved from /home/facuvega/Descargas/crypto-etl-airflow/airflow-apache/lib/python3.11/site-packages/airflow/example_dags/example_branch_day_of_week_operator.py
[2025-05-04T04:05:36.313-0300] {logging_mixin.py:188} INFO - [2025-05-04T04:05:36.313-0300] {dag.py:3096} INFO - Sync 1 DAGs
[2025-05-04T04:05:36.327-0300] {logging_mixin.py:188} INFO - [2025-05-04T04:05:36.327-0300] {dag.py:3954} INFO - Setting next_dagrun for example_weekday_branch_operator to 2025-05-03 00:00:00+00:00, run_after=2025-05-04 00:00:00+00:00
[2025-05-04T04:05:36.340-0300] {processor.py:183} INFO - Processing /home/facuvega/Descargas/crypto-etl-airflow/airflow-apache/lib/python3.11/site-packages/airflow/example_dags/example_branch_day_of_week_operator.py took 0.057 seconds
[2025-05-04T04:06:49.405-0300] {processor.py:161} INFO - Started process (PID=26756) to work on /home/facuvega/Descargas/crypto-etl-airflow/airflow-apache/lib/python3.11/site-packages/airflow/example_dags/example_branch_day_of_week_operator.py
[2025-05-04T04:06:49.406-0300] {processor.py:830} INFO - Processing file /home/facuvega/Descargas/crypto-etl-airflow/airflow-apache/lib/python3.11/site-packages/airflow/example_dags/example_branch_day_of_week_operator.py for tasks to queue
[2025-05-04T04:06:49.408-0300] {logging_mixin.py:188} INFO - [2025-05-04T04:06:49.407-0300] {dagbag.py:540} INFO - Filling up the DagBag from /home/facuvega/Descargas/crypto-etl-airflow/airflow-apache/lib/python3.11/site-packages/airflow/example_dags/example_branch_day_of_week_operator.py
[2025-05-04T04:06:49.421-0300] {processor.py:840} INFO - DAG(s) 'example_weekday_branch_operator' retrieved from /home/facuvega/Descargas/crypto-etl-airflow/airflow-apache/lib/python3.11/site-packages/airflow/example_dags/example_branch_day_of_week_operator.py
[2025-05-04T04:06:49.450-0300] {logging_mixin.py:188} INFO - [2025-05-04T04:06:49.450-0300] {dag.py:3096} INFO - Sync 1 DAGs
[2025-05-04T04:06:49.473-0300] {logging_mixin.py:188} INFO - [2025-05-04T04:06:49.472-0300] {dag.py:3954} INFO - Setting next_dagrun for example_weekday_branch_operator to 2025-05-03 00:00:00+00:00, run_after=2025-05-04 00:00:00+00:00
[2025-05-04T04:06:49.507-0300] {processor.py:183} INFO - Processing /home/facuvega/Descargas/crypto-etl-airflow/airflow-apache/lib/python3.11/site-packages/airflow/example_dags/example_branch_day_of_week_operator.py took 0.111 seconds
[2025-05-04T04:07:57.440-0300] {processor.py:161} INFO - Started process (PID=27114) to work on /home/facuvega/Descargas/crypto-etl-airflow/airflow-apache/lib/python3.11/site-packages/airflow/example_dags/example_branch_day_of_week_operator.py
[2025-05-04T04:07:57.441-0300] {processor.py:830} INFO - Processing file /home/facuvega/Descargas/crypto-etl-airflow/airflow-apache/lib/python3.11/site-packages/airflow/example_dags/example_branch_day_of_week_operator.py for tasks to queue
[2025-05-04T04:07:57.442-0300] {logging_mixin.py:188} INFO - [2025-05-04T04:07:57.442-0300] {dagbag.py:540} INFO - Filling up the DagBag from /home/facuvega/Descargas/crypto-etl-airflow/airflow-apache/lib/python3.11/site-packages/airflow/example_dags/example_branch_day_of_week_operator.py
[2025-05-04T04:07:57.450-0300] {processor.py:840} INFO - DAG(s) 'example_weekday_branch_operator' retrieved from /home/facuvega/Descargas/crypto-etl-airflow/airflow-apache/lib/python3.11/site-packages/airflow/example_dags/example_branch_day_of_week_operator.py
[2025-05-04T04:07:57.465-0300] {logging_mixin.py:188} INFO - [2025-05-04T04:07:57.465-0300] {dag.py:3096} INFO - Sync 1 DAGs
[2025-05-04T04:07:57.480-0300] {logging_mixin.py:188} INFO - [2025-05-04T04:07:57.480-0300] {dag.py:3954} INFO - Setting next_dagrun for example_weekday_branch_operator to 2025-05-03 00:00:00+00:00, run_after=2025-05-04 00:00:00+00:00
[2025-05-04T04:07:57.493-0300] {processor.py:183} INFO - Processing /home/facuvega/Descargas/crypto-etl-airflow/airflow-apache/lib/python3.11/site-packages/airflow/example_dags/example_branch_day_of_week_operator.py took 0.059 seconds
[2025-05-04T04:10:59.779-0300] {processor.py:161} INFO - Started process (PID=29131) to work on /home/facuvega/Descargas/crypto-etl-airflow/airflow-apache/lib/python3.11/site-packages/airflow/example_dags/example_branch_day_of_week_operator.py
[2025-05-04T04:10:59.781-0300] {processor.py:830} INFO - Processing file /home/facuvega/Descargas/crypto-etl-airflow/airflow-apache/lib/python3.11/site-packages/airflow/example_dags/example_branch_day_of_week_operator.py for tasks to queue
[2025-05-04T04:10:59.783-0300] {logging_mixin.py:188} INFO - [2025-05-04T04:10:59.782-0300] {dagbag.py:540} INFO - Filling up the DagBag from /home/facuvega/Descargas/crypto-etl-airflow/airflow-apache/lib/python3.11/site-packages/airflow/example_dags/example_branch_day_of_week_operator.py
[2025-05-04T04:10:59.791-0300] {processor.py:840} INFO - DAG(s) 'example_weekday_branch_operator' retrieved from /home/facuvega/Descargas/crypto-etl-airflow/airflow-apache/lib/python3.11/site-packages/airflow/example_dags/example_branch_day_of_week_operator.py
[2025-05-04T04:10:59.860-0300] {logging_mixin.py:188} INFO - [2025-05-04T04:10:59.860-0300] {dag.py:3096} INFO - Sync 1 DAGs
[2025-05-04T04:10:59.880-0300] {logging_mixin.py:188} INFO - [2025-05-04T04:10:59.880-0300] {dag.py:3954} INFO - Setting next_dagrun for example_weekday_branch_operator to 2025-05-03 00:00:00+00:00, run_after=2025-05-04 00:00:00+00:00
[2025-05-04T04:10:59.897-0300] {processor.py:183} INFO - Processing /home/facuvega/Descargas/crypto-etl-airflow/airflow-apache/lib/python3.11/site-packages/airflow/example_dags/example_branch_day_of_week_operator.py took 0.124 seconds
[2025-05-04T04:12:15.351-0300] {processor.py:161} INFO - Started process (PID=29466) to work on /home/facuvega/Descargas/crypto-etl-airflow/airflow-apache/lib/python3.11/site-packages/airflow/example_dags/example_branch_day_of_week_operator.py
[2025-05-04T04:12:15.353-0300] {processor.py:830} INFO - Processing file /home/facuvega/Descargas/crypto-etl-airflow/airflow-apache/lib/python3.11/site-packages/airflow/example_dags/example_branch_day_of_week_operator.py for tasks to queue
[2025-05-04T04:12:15.357-0300] {logging_mixin.py:188} INFO - [2025-05-04T04:12:15.355-0300] {dagbag.py:540} INFO - Filling up the DagBag from /home/facuvega/Descargas/crypto-etl-airflow/airflow-apache/lib/python3.11/site-packages/airflow/example_dags/example_branch_day_of_week_operator.py
[2025-05-04T04:12:15.366-0300] {processor.py:840} INFO - DAG(s) 'example_weekday_branch_operator' retrieved from /home/facuvega/Descargas/crypto-etl-airflow/airflow-apache/lib/python3.11/site-packages/airflow/example_dags/example_branch_day_of_week_operator.py
[2025-05-04T04:12:15.383-0300] {logging_mixin.py:188} INFO - [2025-05-04T04:12:15.383-0300] {dag.py:3096} INFO - Sync 1 DAGs
[2025-05-04T04:12:15.406-0300] {logging_mixin.py:188} INFO - [2025-05-04T04:12:15.406-0300] {dag.py:3954} INFO - Setting next_dagrun for example_weekday_branch_operator to 2025-05-03 00:00:00+00:00, run_after=2025-05-04 00:00:00+00:00
[2025-05-04T04:12:15.426-0300] {processor.py:183} INFO - Processing /home/facuvega/Descargas/crypto-etl-airflow/airflow-apache/lib/python3.11/site-packages/airflow/example_dags/example_branch_day_of_week_operator.py took 0.083 seconds
[2025-05-04T04:13:21.441-0300] {processor.py:161} INFO - Started process (PID=29769) to work on /home/facuvega/Descargas/crypto-etl-airflow/airflow-apache/lib/python3.11/site-packages/airflow/example_dags/example_branch_day_of_week_operator.py
[2025-05-04T04:13:21.442-0300] {processor.py:830} INFO - Processing file /home/facuvega/Descargas/crypto-etl-airflow/airflow-apache/lib/python3.11/site-packages/airflow/example_dags/example_branch_day_of_week_operator.py for tasks to queue
[2025-05-04T04:13:21.443-0300] {logging_mixin.py:188} INFO - [2025-05-04T04:13:21.443-0300] {dagbag.py:540} INFO - Filling up the DagBag from /home/facuvega/Descargas/crypto-etl-airflow/airflow-apache/lib/python3.11/site-packages/airflow/example_dags/example_branch_day_of_week_operator.py
[2025-05-04T04:13:21.450-0300] {processor.py:840} INFO - DAG(s) 'example_weekday_branch_operator' retrieved from /home/facuvega/Descargas/crypto-etl-airflow/airflow-apache/lib/python3.11/site-packages/airflow/example_dags/example_branch_day_of_week_operator.py
[2025-05-04T04:13:21.463-0300] {logging_mixin.py:188} INFO - [2025-05-04T04:13:21.463-0300] {dag.py:3096} INFO - Sync 1 DAGs
[2025-05-04T04:13:21.477-0300] {logging_mixin.py:188} INFO - [2025-05-04T04:13:21.477-0300] {dag.py:3954} INFO - Setting next_dagrun for example_weekday_branch_operator to 2025-05-03 00:00:00+00:00, run_after=2025-05-04 00:00:00+00:00
[2025-05-04T04:13:21.490-0300] {processor.py:183} INFO - Processing /home/facuvega/Descargas/crypto-etl-airflow/airflow-apache/lib/python3.11/site-packages/airflow/example_dags/example_branch_day_of_week_operator.py took 0.054 seconds
[2025-05-04T04:14:22.990-0300] {processor.py:161} INFO - Started process (PID=30040) to work on /home/facuvega/Descargas/crypto-etl-airflow/airflow-apache/lib/python3.11/site-packages/airflow/example_dags/example_branch_day_of_week_operator.py
[2025-05-04T04:14:22.990-0300] {processor.py:830} INFO - Processing file /home/facuvega/Descargas/crypto-etl-airflow/airflow-apache/lib/python3.11/site-packages/airflow/example_dags/example_branch_day_of_week_operator.py for tasks to queue
[2025-05-04T04:14:22.992-0300] {logging_mixin.py:188} INFO - [2025-05-04T04:14:22.992-0300] {dagbag.py:540} INFO - Filling up the DagBag from /home/facuvega/Descargas/crypto-etl-airflow/airflow-apache/lib/python3.11/site-packages/airflow/example_dags/example_branch_day_of_week_operator.py
[2025-05-04T04:14:22.998-0300] {processor.py:840} INFO - DAG(s) 'example_weekday_branch_operator' retrieved from /home/facuvega/Descargas/crypto-etl-airflow/airflow-apache/lib/python3.11/site-packages/airflow/example_dags/example_branch_day_of_week_operator.py
[2025-05-04T04:14:23.010-0300] {logging_mixin.py:188} INFO - [2025-05-04T04:14:23.010-0300] {dag.py:3096} INFO - Sync 1 DAGs
[2025-05-04T04:14:23.023-0300] {logging_mixin.py:188} INFO - [2025-05-04T04:14:23.023-0300] {dag.py:3954} INFO - Setting next_dagrun for example_weekday_branch_operator to 2025-05-03 00:00:00+00:00, run_after=2025-05-04 00:00:00+00:00
[2025-05-04T04:14:23.036-0300] {processor.py:183} INFO - Processing /home/facuvega/Descargas/crypto-etl-airflow/airflow-apache/lib/python3.11/site-packages/airflow/example_dags/example_branch_day_of_week_operator.py took 0.051 seconds
[2025-05-04T04:15:33.650-0300] {processor.py:161} INFO - Started process (PID=30478) to work on /home/facuvega/Descargas/crypto-etl-airflow/airflow-apache/lib/python3.11/site-packages/airflow/example_dags/example_branch_day_of_week_operator.py
[2025-05-04T04:15:33.650-0300] {processor.py:830} INFO - Processing file /home/facuvega/Descargas/crypto-etl-airflow/airflow-apache/lib/python3.11/site-packages/airflow/example_dags/example_branch_day_of_week_operator.py for tasks to queue
[2025-05-04T04:15:33.652-0300] {logging_mixin.py:188} INFO - [2025-05-04T04:15:33.652-0300] {dagbag.py:540} INFO - Filling up the DagBag from /home/facuvega/Descargas/crypto-etl-airflow/airflow-apache/lib/python3.11/site-packages/airflow/example_dags/example_branch_day_of_week_operator.py
[2025-05-04T04:15:33.659-0300] {processor.py:840} INFO - DAG(s) 'example_weekday_branch_operator' retrieved from /home/facuvega/Descargas/crypto-etl-airflow/airflow-apache/lib/python3.11/site-packages/airflow/example_dags/example_branch_day_of_week_operator.py
[2025-05-04T04:15:33.674-0300] {logging_mixin.py:188} INFO - [2025-05-04T04:15:33.674-0300] {dag.py:3096} INFO - Sync 1 DAGs
[2025-05-04T04:15:33.690-0300] {logging_mixin.py:188} INFO - [2025-05-04T04:15:33.690-0300] {dag.py:3954} INFO - Setting next_dagrun for example_weekday_branch_operator to 2025-05-03 00:00:00+00:00, run_after=2025-05-04 00:00:00+00:00
[2025-05-04T04:15:33.703-0300] {processor.py:183} INFO - Processing /home/facuvega/Descargas/crypto-etl-airflow/airflow-apache/lib/python3.11/site-packages/airflow/example_dags/example_branch_day_of_week_operator.py took 0.059 seconds
[2025-05-04T04:16:26.421-0300] {processor.py:161} INFO - Started process (PID=30714) to work on /home/facuvega/Descargas/crypto-etl-airflow/airflow-apache/lib/python3.11/site-packages/airflow/example_dags/example_branch_day_of_week_operator.py
[2025-05-04T04:16:26.422-0300] {processor.py:830} INFO - Processing file /home/facuvega/Descargas/crypto-etl-airflow/airflow-apache/lib/python3.11/site-packages/airflow/example_dags/example_branch_day_of_week_operator.py for tasks to queue
[2025-05-04T04:16:26.424-0300] {logging_mixin.py:188} INFO - [2025-05-04T04:16:26.423-0300] {dagbag.py:540} INFO - Filling up the DagBag from /home/facuvega/Descargas/crypto-etl-airflow/airflow-apache/lib/python3.11/site-packages/airflow/example_dags/example_branch_day_of_week_operator.py
[2025-05-04T04:16:26.432-0300] {processor.py:840} INFO - DAG(s) 'example_weekday_branch_operator' retrieved from /home/facuvega/Descargas/crypto-etl-airflow/airflow-apache/lib/python3.11/site-packages/airflow/example_dags/example_branch_day_of_week_operator.py
[2025-05-04T04:16:26.451-0300] {logging_mixin.py:188} INFO - [2025-05-04T04:16:26.450-0300] {dag.py:3096} INFO - Sync 1 DAGs
[2025-05-04T04:16:26.477-0300] {logging_mixin.py:188} INFO - [2025-05-04T04:16:26.477-0300] {dag.py:3954} INFO - Setting next_dagrun for example_weekday_branch_operator to 2025-05-03 00:00:00+00:00, run_after=2025-05-04 00:00:00+00:00
[2025-05-04T04:16:26.494-0300] {processor.py:183} INFO - Processing /home/facuvega/Descargas/crypto-etl-airflow/airflow-apache/lib/python3.11/site-packages/airflow/example_dags/example_branch_day_of_week_operator.py took 0.081 seconds
[2025-05-04T04:17:42.487-0300] {processor.py:161} INFO - Started process (PID=31419) to work on /home/facuvega/Descargas/crypto-etl-airflow/airflow-apache/lib/python3.11/site-packages/airflow/example_dags/example_branch_day_of_week_operator.py
[2025-05-04T04:17:42.488-0300] {processor.py:830} INFO - Processing file /home/facuvega/Descargas/crypto-etl-airflow/airflow-apache/lib/python3.11/site-packages/airflow/example_dags/example_branch_day_of_week_operator.py for tasks to queue
[2025-05-04T04:17:42.490-0300] {logging_mixin.py:188} INFO - [2025-05-04T04:17:42.489-0300] {dagbag.py:540} INFO - Filling up the DagBag from /home/facuvega/Descargas/crypto-etl-airflow/airflow-apache/lib/python3.11/site-packages/airflow/example_dags/example_branch_day_of_week_operator.py
[2025-05-04T04:17:42.497-0300] {processor.py:840} INFO - DAG(s) 'example_weekday_branch_operator' retrieved from /home/facuvega/Descargas/crypto-etl-airflow/airflow-apache/lib/python3.11/site-packages/airflow/example_dags/example_branch_day_of_week_operator.py
[2025-05-04T04:17:42.511-0300] {logging_mixin.py:188} INFO - [2025-05-04T04:17:42.511-0300] {dag.py:3096} INFO - Sync 1 DAGs
[2025-05-04T04:17:42.526-0300] {logging_mixin.py:188} INFO - [2025-05-04T04:17:42.526-0300] {dag.py:3954} INFO - Setting next_dagrun for example_weekday_branch_operator to 2025-05-03 00:00:00+00:00, run_after=2025-05-04 00:00:00+00:00
[2025-05-04T04:17:42.540-0300] {processor.py:183} INFO - Processing /home/facuvega/Descargas/crypto-etl-airflow/airflow-apache/lib/python3.11/site-packages/airflow/example_dags/example_branch_day_of_week_operator.py took 0.058 seconds
[2025-05-04T04:19:16.276-0300] {processor.py:161} INFO - Started process (PID=32609) to work on /home/facuvega/Descargas/crypto-etl-airflow/airflow-apache/lib/python3.11/site-packages/airflow/example_dags/example_branch_day_of_week_operator.py
[2025-05-04T04:19:16.278-0300] {processor.py:830} INFO - Processing file /home/facuvega/Descargas/crypto-etl-airflow/airflow-apache/lib/python3.11/site-packages/airflow/example_dags/example_branch_day_of_week_operator.py for tasks to queue
[2025-05-04T04:19:16.281-0300] {logging_mixin.py:188} INFO - [2025-05-04T04:19:16.281-0300] {dagbag.py:540} INFO - Filling up the DagBag from /home/facuvega/Descargas/crypto-etl-airflow/airflow-apache/lib/python3.11/site-packages/airflow/example_dags/example_branch_day_of_week_operator.py
[2025-05-04T04:19:16.291-0300] {processor.py:840} INFO - DAG(s) 'example_weekday_branch_operator' retrieved from /home/facuvega/Descargas/crypto-etl-airflow/airflow-apache/lib/python3.11/site-packages/airflow/example_dags/example_branch_day_of_week_operator.py
[2025-05-04T04:19:16.309-0300] {logging_mixin.py:188} INFO - [2025-05-04T04:19:16.309-0300] {dag.py:3096} INFO - Sync 1 DAGs
[2025-05-04T04:19:16.329-0300] {logging_mixin.py:188} INFO - [2025-05-04T04:19:16.329-0300] {dag.py:3954} INFO - Setting next_dagrun for example_weekday_branch_operator to 2025-05-03 00:00:00+00:00, run_after=2025-05-04 00:00:00+00:00
[2025-05-04T04:19:16.346-0300] {processor.py:183} INFO - Processing /home/facuvega/Descargas/crypto-etl-airflow/airflow-apache/lib/python3.11/site-packages/airflow/example_dags/example_branch_day_of_week_operator.py took 0.078 seconds
[2025-05-04T04:20:13.182-0300] {processor.py:161} INFO - Started process (PID=32977) to work on /home/facuvega/Descargas/crypto-etl-airflow/airflow-apache/lib/python3.11/site-packages/airflow/example_dags/example_branch_day_of_week_operator.py
[2025-05-04T04:20:13.183-0300] {processor.py:830} INFO - Processing file /home/facuvega/Descargas/crypto-etl-airflow/airflow-apache/lib/python3.11/site-packages/airflow/example_dags/example_branch_day_of_week_operator.py for tasks to queue
[2025-05-04T04:20:13.188-0300] {logging_mixin.py:188} INFO - [2025-05-04T04:20:13.187-0300] {dagbag.py:540} INFO - Filling up the DagBag from /home/facuvega/Descargas/crypto-etl-airflow/airflow-apache/lib/python3.11/site-packages/airflow/example_dags/example_branch_day_of_week_operator.py
[2025-05-04T04:20:13.202-0300] {processor.py:840} INFO - DAG(s) 'example_weekday_branch_operator' retrieved from /home/facuvega/Descargas/crypto-etl-airflow/airflow-apache/lib/python3.11/site-packages/airflow/example_dags/example_branch_day_of_week_operator.py
[2025-05-04T04:20:13.226-0300] {logging_mixin.py:188} INFO - [2025-05-04T04:20:13.226-0300] {dag.py:3096} INFO - Sync 1 DAGs
[2025-05-04T04:20:13.257-0300] {logging_mixin.py:188} INFO - [2025-05-04T04:20:13.257-0300] {dag.py:3954} INFO - Setting next_dagrun for example_weekday_branch_operator to 2025-05-03 00:00:00+00:00, run_after=2025-05-04 00:00:00+00:00
[2025-05-04T04:20:13.284-0300] {processor.py:183} INFO - Processing /home/facuvega/Descargas/crypto-etl-airflow/airflow-apache/lib/python3.11/site-packages/airflow/example_dags/example_branch_day_of_week_operator.py took 0.114 seconds
[2025-05-04T04:21:17.456-0300] {processor.py:161} INFO - Started process (PID=33262) to work on /home/facuvega/Descargas/crypto-etl-airflow/airflow-apache/lib/python3.11/site-packages/airflow/example_dags/example_branch_day_of_week_operator.py
[2025-05-04T04:21:17.457-0300] {processor.py:830} INFO - Processing file /home/facuvega/Descargas/crypto-etl-airflow/airflow-apache/lib/python3.11/site-packages/airflow/example_dags/example_branch_day_of_week_operator.py for tasks to queue
[2025-05-04T04:21:17.459-0300] {logging_mixin.py:188} INFO - [2025-05-04T04:21:17.458-0300] {dagbag.py:540} INFO - Filling up the DagBag from /home/facuvega/Descargas/crypto-etl-airflow/airflow-apache/lib/python3.11/site-packages/airflow/example_dags/example_branch_day_of_week_operator.py
[2025-05-04T04:21:17.466-0300] {processor.py:840} INFO - DAG(s) 'example_weekday_branch_operator' retrieved from /home/facuvega/Descargas/crypto-etl-airflow/airflow-apache/lib/python3.11/site-packages/airflow/example_dags/example_branch_day_of_week_operator.py
[2025-05-04T04:21:17.481-0300] {logging_mixin.py:188} INFO - [2025-05-04T04:21:17.481-0300] {dag.py:3096} INFO - Sync 1 DAGs
[2025-05-04T04:21:17.498-0300] {logging_mixin.py:188} INFO - [2025-05-04T04:21:17.497-0300] {dag.py:3954} INFO - Setting next_dagrun for example_weekday_branch_operator to 2025-05-03 00:00:00+00:00, run_after=2025-05-04 00:00:00+00:00
[2025-05-04T04:21:17.517-0300] {processor.py:183} INFO - Processing /home/facuvega/Descargas/crypto-etl-airflow/airflow-apache/lib/python3.11/site-packages/airflow/example_dags/example_branch_day_of_week_operator.py took 0.067 seconds
[2025-05-04T04:22:51.511-0300] {processor.py:161} INFO - Started process (PID=34152) to work on /home/facuvega/Descargas/crypto-etl-airflow/airflow-apache/lib/python3.11/site-packages/airflow/example_dags/example_branch_day_of_week_operator.py
[2025-05-04T04:22:51.512-0300] {processor.py:830} INFO - Processing file /home/facuvega/Descargas/crypto-etl-airflow/airflow-apache/lib/python3.11/site-packages/airflow/example_dags/example_branch_day_of_week_operator.py for tasks to queue
[2025-05-04T04:22:51.513-0300] {logging_mixin.py:188} INFO - [2025-05-04T04:22:51.513-0300] {dagbag.py:540} INFO - Filling up the DagBag from /home/facuvega/Descargas/crypto-etl-airflow/airflow-apache/lib/python3.11/site-packages/airflow/example_dags/example_branch_day_of_week_operator.py
[2025-05-04T04:22:51.519-0300] {processor.py:840} INFO - DAG(s) 'example_weekday_branch_operator' retrieved from /home/facuvega/Descargas/crypto-etl-airflow/airflow-apache/lib/python3.11/site-packages/airflow/example_dags/example_branch_day_of_week_operator.py
[2025-05-04T04:22:51.531-0300] {logging_mixin.py:188} INFO - [2025-05-04T04:22:51.531-0300] {dag.py:3096} INFO - Sync 1 DAGs
[2025-05-04T04:22:51.545-0300] {logging_mixin.py:188} INFO - [2025-05-04T04:22:51.545-0300] {dag.py:3954} INFO - Setting next_dagrun for example_weekday_branch_operator to 2025-05-03 00:00:00+00:00, run_after=2025-05-04 00:00:00+00:00
[2025-05-04T04:22:51.558-0300] {processor.py:183} INFO - Processing /home/facuvega/Descargas/crypto-etl-airflow/airflow-apache/lib/python3.11/site-packages/airflow/example_dags/example_branch_day_of_week_operator.py took 0.052 seconds
