[2025-05-04T03:51:20.769-0300] {processor.py:161} INFO - Started process (PID=19797) to work on /home/facuvega/Descargas/crypto-etl-airflow/airflow-apache/lib/python3.11/site-packages/airflow/example_dags/example_branch_datetime_operator.py
[2025-05-04T03:51:20.770-0300] {processor.py:830} INFO - Processing file /home/facuvega/Descargas/crypto-etl-airflow/airflow-apache/lib/python3.11/site-packages/airflow/example_dags/example_branch_datetime_operator.py for tasks to queue
[2025-05-04T03:51:20.771-0300] {logging_mixin.py:188} INFO - [2025-05-04T03:51:20.771-0300] {dagbag.py:540} INFO - Filling up the DagBag from /home/facuvega/Descargas/crypto-etl-airflow/airflow-apache/lib/python3.11/site-packages/airflow/example_dags/example_branch_datetime_operator.py
[2025-05-04T03:51:20.779-0300] {processor.py:840} INFO - DAG(s) 'example_branch_datetime_operator_3', 'example_branch_datetime_operator', 'example_branch_datetime_operator_2' retrieved from /home/facuvega/Descargas/crypto-etl-airflow/airflow-apache/lib/python3.11/site-packages/airflow/example_dags/example_branch_datetime_operator.py
[2025-05-04T03:51:20.794-0300] {logging_mixin.py:188} INFO - [2025-05-04T03:51:20.794-0300] {dag.py:3096} INFO - Sync 3 DAGs
[2025-05-04T03:51:20.808-0300] {logging_mixin.py:188} INFO - [2025-05-04T03:51:20.808-0300] {dag.py:3954} INFO - Setting next_dagrun for example_branch_datetime_operator to 2025-05-03 00:00:00+00:00, run_after=2025-05-04 00:00:00+00:00
[2025-05-04T03:51:20.810-0300] {logging_mixin.py:188} INFO - [2025-05-04T03:51:20.810-0300] {dag.py:3954} INFO - Setting next_dagrun for example_branch_datetime_operator_2 to 2025-05-03 00:00:00+00:00, run_after=2025-05-04 00:00:00+00:00
[2025-05-04T03:51:20.812-0300] {logging_mixin.py:188} INFO - [2025-05-04T03:51:20.812-0300] {dag.py:3954} INFO - Setting next_dagrun for example_branch_datetime_operator_3 to 2025-05-03 00:00:00+00:00, run_after=2025-05-04 00:00:00+00:00
[2025-05-04T03:51:20.823-0300] {processor.py:183} INFO - Processing /home/facuvega/Descargas/crypto-etl-airflow/airflow-apache/lib/python3.11/site-packages/airflow/example_dags/example_branch_datetime_operator.py took 0.059 seconds
[2025-05-04T03:52:27.293-0300] {processor.py:161} INFO - Started process (PID=20113) to work on /home/facuvega/Descargas/crypto-etl-airflow/airflow-apache/lib/python3.11/site-packages/airflow/example_dags/example_branch_datetime_operator.py
[2025-05-04T03:52:27.294-0300] {processor.py:830} INFO - Processing file /home/facuvega/Descargas/crypto-etl-airflow/airflow-apache/lib/python3.11/site-packages/airflow/example_dags/example_branch_datetime_operator.py for tasks to queue
[2025-05-04T03:52:27.296-0300] {logging_mixin.py:188} INFO - [2025-05-04T03:52:27.296-0300] {dagbag.py:540} INFO - Filling up the DagBag from /home/facuvega/Descargas/crypto-etl-airflow/airflow-apache/lib/python3.11/site-packages/airflow/example_dags/example_branch_datetime_operator.py
[2025-05-04T03:52:27.304-0300] {processor.py:840} INFO - DAG(s) 'example_branch_datetime_operator_3', 'example_branch_datetime_operator_2', 'example_branch_datetime_operator' retrieved from /home/facuvega/Descargas/crypto-etl-airflow/airflow-apache/lib/python3.11/site-packages/airflow/example_dags/example_branch_datetime_operator.py
[2025-05-04T03:52:27.319-0300] {logging_mixin.py:188} INFO - [2025-05-04T03:52:27.319-0300] {dag.py:3096} INFO - Sync 3 DAGs
[2025-05-04T03:52:27.333-0300] {logging_mixin.py:188} INFO - [2025-05-04T03:52:27.333-0300] {dag.py:3954} INFO - Setting next_dagrun for example_branch_datetime_operator to 2025-05-03 00:00:00+00:00, run_after=2025-05-04 00:00:00+00:00
[2025-05-04T03:52:27.335-0300] {logging_mixin.py:188} INFO - [2025-05-04T03:52:27.335-0300] {dag.py:3954} INFO - Setting next_dagrun for example_branch_datetime_operator_2 to 2025-05-03 00:00:00+00:00, run_after=2025-05-04 00:00:00+00:00
[2025-05-04T03:52:27.336-0300] {logging_mixin.py:188} INFO - [2025-05-04T03:52:27.336-0300] {dag.py:3954} INFO - Setting next_dagrun for example_branch_datetime_operator_3 to 2025-05-03 00:00:00+00:00, run_after=2025-05-04 00:00:00+00:00
[2025-05-04T03:52:27.348-0300] {processor.py:183} INFO - Processing /home/facuvega/Descargas/crypto-etl-airflow/airflow-apache/lib/python3.11/site-packages/airflow/example_dags/example_branch_datetime_operator.py took 0.061 seconds
[2025-05-04T03:53:40.577-0300] {processor.py:161} INFO - Started process (PID=20763) to work on /home/facuvega/Descargas/crypto-etl-airflow/airflow-apache/lib/python3.11/site-packages/airflow/example_dags/example_branch_datetime_operator.py
[2025-05-04T03:53:40.580-0300] {processor.py:830} INFO - Processing file /home/facuvega/Descargas/crypto-etl-airflow/airflow-apache/lib/python3.11/site-packages/airflow/example_dags/example_branch_datetime_operator.py for tasks to queue
[2025-05-04T03:53:40.582-0300] {logging_mixin.py:188} INFO - [2025-05-04T03:53:40.581-0300] {dagbag.py:540} INFO - Filling up the DagBag from /home/facuvega/Descargas/crypto-etl-airflow/airflow-apache/lib/python3.11/site-packages/airflow/example_dags/example_branch_datetime_operator.py
[2025-05-04T03:53:40.610-0300] {processor.py:840} INFO - DAG(s) 'example_branch_datetime_operator_2', 'example_branch_datetime_operator', 'example_branch_datetime_operator_3' retrieved from /home/facuvega/Descargas/crypto-etl-airflow/airflow-apache/lib/python3.11/site-packages/airflow/example_dags/example_branch_datetime_operator.py
[2025-05-04T03:53:40.658-0300] {logging_mixin.py:188} INFO - [2025-05-04T03:53:40.657-0300] {dag.py:3096} INFO - Sync 3 DAGs
[2025-05-04T03:53:40.690-0300] {logging_mixin.py:188} INFO - [2025-05-04T03:53:40.690-0300] {dag.py:3954} INFO - Setting next_dagrun for example_branch_datetime_operator to 2025-05-03 00:00:00+00:00, run_after=2025-05-04 00:00:00+00:00
[2025-05-04T03:53:40.696-0300] {logging_mixin.py:188} INFO - [2025-05-04T03:53:40.696-0300] {dag.py:3954} INFO - Setting next_dagrun for example_branch_datetime_operator_2 to 2025-05-03 00:00:00+00:00, run_after=2025-05-04 00:00:00+00:00
[2025-05-04T03:53:40.698-0300] {logging_mixin.py:188} INFO - [2025-05-04T03:53:40.698-0300] {dag.py:3954} INFO - Setting next_dagrun for example_branch_datetime_operator_3 to 2025-05-03 00:00:00+00:00, run_after=2025-05-04 00:00:00+00:00
[2025-05-04T03:53:40.735-0300] {processor.py:183} INFO - Processing /home/facuvega/Descargas/crypto-etl-airflow/airflow-apache/lib/python3.11/site-packages/airflow/example_dags/example_branch_datetime_operator.py took 0.167 seconds
[2025-05-04T03:54:47.497-0300] {processor.py:161} INFO - Started process (PID=21089) to work on /home/facuvega/Descargas/crypto-etl-airflow/airflow-apache/lib/python3.11/site-packages/airflow/example_dags/example_branch_datetime_operator.py
[2025-05-04T03:54:47.498-0300] {processor.py:830} INFO - Processing file /home/facuvega/Descargas/crypto-etl-airflow/airflow-apache/lib/python3.11/site-packages/airflow/example_dags/example_branch_datetime_operator.py for tasks to queue
[2025-05-04T03:54:47.499-0300] {logging_mixin.py:188} INFO - [2025-05-04T03:54:47.499-0300] {dagbag.py:540} INFO - Filling up the DagBag from /home/facuvega/Descargas/crypto-etl-airflow/airflow-apache/lib/python3.11/site-packages/airflow/example_dags/example_branch_datetime_operator.py
[2025-05-04T03:54:47.508-0300] {processor.py:840} INFO - DAG(s) 'example_branch_datetime_operator', 'example_branch_datetime_operator_3', 'example_branch_datetime_operator_2' retrieved from /home/facuvega/Descargas/crypto-etl-airflow/airflow-apache/lib/python3.11/site-packages/airflow/example_dags/example_branch_datetime_operator.py
[2025-05-04T03:54:47.524-0300] {logging_mixin.py:188} INFO - [2025-05-04T03:54:47.523-0300] {dag.py:3096} INFO - Sync 3 DAGs
[2025-05-04T03:54:47.538-0300] {logging_mixin.py:188} INFO - [2025-05-04T03:54:47.538-0300] {dag.py:3954} INFO - Setting next_dagrun for example_branch_datetime_operator to 2025-05-03 00:00:00+00:00, run_after=2025-05-04 00:00:00+00:00
[2025-05-04T03:54:47.540-0300] {logging_mixin.py:188} INFO - [2025-05-04T03:54:47.540-0300] {dag.py:3954} INFO - Setting next_dagrun for example_branch_datetime_operator_2 to 2025-05-03 00:00:00+00:00, run_after=2025-05-04 00:00:00+00:00
[2025-05-04T03:54:47.542-0300] {logging_mixin.py:188} INFO - [2025-05-04T03:54:47.541-0300] {dag.py:3954} INFO - Setting next_dagrun for example_branch_datetime_operator_3 to 2025-05-03 00:00:00+00:00, run_after=2025-05-04 00:00:00+00:00
[2025-05-04T03:54:47.553-0300] {processor.py:183} INFO - Processing /home/facuvega/Descargas/crypto-etl-airflow/airflow-apache/lib/python3.11/site-packages/airflow/example_dags/example_branch_datetime_operator.py took 0.062 seconds
[2025-05-04T03:55:58.976-0300] {processor.py:161} INFO - Started process (PID=21523) to work on /home/facuvega/Descargas/crypto-etl-airflow/airflow-apache/lib/python3.11/site-packages/airflow/example_dags/example_branch_datetime_operator.py
[2025-05-04T03:55:58.977-0300] {processor.py:830} INFO - Processing file /home/facuvega/Descargas/crypto-etl-airflow/airflow-apache/lib/python3.11/site-packages/airflow/example_dags/example_branch_datetime_operator.py for tasks to queue
[2025-05-04T03:55:58.979-0300] {logging_mixin.py:188} INFO - [2025-05-04T03:55:58.978-0300] {dagbag.py:540} INFO - Filling up the DagBag from /home/facuvega/Descargas/crypto-etl-airflow/airflow-apache/lib/python3.11/site-packages/airflow/example_dags/example_branch_datetime_operator.py
[2025-05-04T03:55:58.988-0300] {processor.py:840} INFO - DAG(s) 'example_branch_datetime_operator_3', 'example_branch_datetime_operator_2', 'example_branch_datetime_operator' retrieved from /home/facuvega/Descargas/crypto-etl-airflow/airflow-apache/lib/python3.11/site-packages/airflow/example_dags/example_branch_datetime_operator.py
[2025-05-04T03:55:59.004-0300] {logging_mixin.py:188} INFO - [2025-05-04T03:55:59.004-0300] {dag.py:3096} INFO - Sync 3 DAGs
[2025-05-04T03:55:59.020-0300] {logging_mixin.py:188} INFO - [2025-05-04T03:55:59.019-0300] {dag.py:3954} INFO - Setting next_dagrun for example_branch_datetime_operator to 2025-05-03 00:00:00+00:00, run_after=2025-05-04 00:00:00+00:00
[2025-05-04T03:55:59.022-0300] {logging_mixin.py:188} INFO - [2025-05-04T03:55:59.022-0300] {dag.py:3954} INFO - Setting next_dagrun for example_branch_datetime_operator_2 to 2025-05-03 00:00:00+00:00, run_after=2025-05-04 00:00:00+00:00
[2025-05-04T03:55:59.023-0300] {logging_mixin.py:188} INFO - [2025-05-04T03:55:59.023-0300] {dag.py:3954} INFO - Setting next_dagrun for example_branch_datetime_operator_3 to 2025-05-03 00:00:00+00:00, run_after=2025-05-04 00:00:00+00:00
[2025-05-04T03:55:59.034-0300] {processor.py:183} INFO - Processing /home/facuvega/Descargas/crypto-etl-airflow/airflow-apache/lib/python3.11/site-packages/airflow/example_dags/example_branch_datetime_operator.py took 0.063 seconds
[2025-05-04T03:56:57.780-0300] {processor.py:161} INFO - Started process (PID=21793) to work on /home/facuvega/Descargas/crypto-etl-airflow/airflow-apache/lib/python3.11/site-packages/airflow/example_dags/example_branch_datetime_operator.py
[2025-05-04T03:56:57.780-0300] {processor.py:830} INFO - Processing file /home/facuvega/Descargas/crypto-etl-airflow/airflow-apache/lib/python3.11/site-packages/airflow/example_dags/example_branch_datetime_operator.py for tasks to queue
[2025-05-04T03:56:57.782-0300] {logging_mixin.py:188} INFO - [2025-05-04T03:56:57.782-0300] {dagbag.py:540} INFO - Filling up the DagBag from /home/facuvega/Descargas/crypto-etl-airflow/airflow-apache/lib/python3.11/site-packages/airflow/example_dags/example_branch_datetime_operator.py
[2025-05-04T03:56:57.790-0300] {processor.py:840} INFO - DAG(s) 'example_branch_datetime_operator_2', 'example_branch_datetime_operator', 'example_branch_datetime_operator_3' retrieved from /home/facuvega/Descargas/crypto-etl-airflow/airflow-apache/lib/python3.11/site-packages/airflow/example_dags/example_branch_datetime_operator.py
[2025-05-04T03:56:57.807-0300] {logging_mixin.py:188} INFO - [2025-05-04T03:56:57.807-0300] {dag.py:3096} INFO - Sync 3 DAGs
[2025-05-04T03:56:57.824-0300] {logging_mixin.py:188} INFO - [2025-05-04T03:56:57.824-0300] {dag.py:3954} INFO - Setting next_dagrun for example_branch_datetime_operator to 2025-05-03 00:00:00+00:00, run_after=2025-05-04 00:00:00+00:00
[2025-05-04T03:56:57.827-0300] {logging_mixin.py:188} INFO - [2025-05-04T03:56:57.827-0300] {dag.py:3954} INFO - Setting next_dagrun for example_branch_datetime_operator_2 to 2025-05-03 00:00:00+00:00, run_after=2025-05-04 00:00:00+00:00
[2025-05-04T03:56:57.828-0300] {logging_mixin.py:188} INFO - [2025-05-04T03:56:57.828-0300] {dag.py:3954} INFO - Setting next_dagrun for example_branch_datetime_operator_3 to 2025-05-03 00:00:00+00:00, run_after=2025-05-04 00:00:00+00:00
[2025-05-04T03:56:57.842-0300] {processor.py:183} INFO - Processing /home/facuvega/Descargas/crypto-etl-airflow/airflow-apache/lib/python3.11/site-packages/airflow/example_dags/example_branch_datetime_operator.py took 0.067 seconds
[2025-05-04T03:58:45.679-0300] {processor.py:161} INFO - Started process (PID=22722) to work on /home/facuvega/Descargas/crypto-etl-airflow/airflow-apache/lib/python3.11/site-packages/airflow/example_dags/example_branch_datetime_operator.py
[2025-05-04T03:58:45.680-0300] {processor.py:830} INFO - Processing file /home/facuvega/Descargas/crypto-etl-airflow/airflow-apache/lib/python3.11/site-packages/airflow/example_dags/example_branch_datetime_operator.py for tasks to queue
[2025-05-04T03:58:45.682-0300] {logging_mixin.py:188} INFO - [2025-05-04T03:58:45.681-0300] {dagbag.py:540} INFO - Filling up the DagBag from /home/facuvega/Descargas/crypto-etl-airflow/airflow-apache/lib/python3.11/site-packages/airflow/example_dags/example_branch_datetime_operator.py
[2025-05-04T03:58:45.690-0300] {processor.py:840} INFO - DAG(s) 'example_branch_datetime_operator_3', 'example_branch_datetime_operator', 'example_branch_datetime_operator_2' retrieved from /home/facuvega/Descargas/crypto-etl-airflow/airflow-apache/lib/python3.11/site-packages/airflow/example_dags/example_branch_datetime_operator.py
[2025-05-04T03:58:45.706-0300] {logging_mixin.py:188} INFO - [2025-05-04T03:58:45.706-0300] {dag.py:3096} INFO - Sync 3 DAGs
[2025-05-04T03:58:45.719-0300] {logging_mixin.py:188} INFO - [2025-05-04T03:58:45.719-0300] {dag.py:3954} INFO - Setting next_dagrun for example_branch_datetime_operator to 2025-05-03 00:00:00+00:00, run_after=2025-05-04 00:00:00+00:00
[2025-05-04T03:58:45.722-0300] {logging_mixin.py:188} INFO - [2025-05-04T03:58:45.722-0300] {dag.py:3954} INFO - Setting next_dagrun for example_branch_datetime_operator_2 to 2025-05-03 00:00:00+00:00, run_after=2025-05-04 00:00:00+00:00
[2025-05-04T03:58:45.723-0300] {logging_mixin.py:188} INFO - [2025-05-04T03:58:45.723-0300] {dag.py:3954} INFO - Setting next_dagrun for example_branch_datetime_operator_3 to 2025-05-03 00:00:00+00:00, run_after=2025-05-04 00:00:00+00:00
[2025-05-04T03:58:45.734-0300] {processor.py:183} INFO - Processing /home/facuvega/Descargas/crypto-etl-airflow/airflow-apache/lib/python3.11/site-packages/airflow/example_dags/example_branch_datetime_operator.py took 0.060 seconds
[2025-05-04T04:00:19.936-0300] {processor.py:161} INFO - Started process (PID=23647) to work on /home/facuvega/Descargas/crypto-etl-airflow/airflow-apache/lib/python3.11/site-packages/airflow/example_dags/example_branch_datetime_operator.py
[2025-05-04T04:00:19.937-0300] {processor.py:830} INFO - Processing file /home/facuvega/Descargas/crypto-etl-airflow/airflow-apache/lib/python3.11/site-packages/airflow/example_dags/example_branch_datetime_operator.py for tasks to queue
[2025-05-04T04:00:19.939-0300] {logging_mixin.py:188} INFO - [2025-05-04T04:00:19.939-0300] {dagbag.py:540} INFO - Filling up the DagBag from /home/facuvega/Descargas/crypto-etl-airflow/airflow-apache/lib/python3.11/site-packages/airflow/example_dags/example_branch_datetime_operator.py
[2025-05-04T04:00:19.949-0300] {processor.py:840} INFO - DAG(s) 'example_branch_datetime_operator_3', 'example_branch_datetime_operator', 'example_branch_datetime_operator_2' retrieved from /home/facuvega/Descargas/crypto-etl-airflow/airflow-apache/lib/python3.11/site-packages/airflow/example_dags/example_branch_datetime_operator.py
[2025-05-04T04:00:19.967-0300] {logging_mixin.py:188} INFO - [2025-05-04T04:00:19.967-0300] {dag.py:3096} INFO - Sync 3 DAGs
[2025-05-04T04:00:19.984-0300] {logging_mixin.py:188} INFO - [2025-05-04T04:00:19.984-0300] {dag.py:3954} INFO - Setting next_dagrun for example_branch_datetime_operator to 2025-05-03 00:00:00+00:00, run_after=2025-05-04 00:00:00+00:00
[2025-05-04T04:00:19.987-0300] {logging_mixin.py:188} INFO - [2025-05-04T04:00:19.987-0300] {dag.py:3954} INFO - Setting next_dagrun for example_branch_datetime_operator_2 to 2025-05-03 00:00:00+00:00, run_after=2025-05-04 00:00:00+00:00
[2025-05-04T04:00:19.988-0300] {logging_mixin.py:188} INFO - [2025-05-04T04:00:19.988-0300] {dag.py:3954} INFO - Setting next_dagrun for example_branch_datetime_operator_3 to 2025-05-03 00:00:00+00:00, run_after=2025-05-04 00:00:00+00:00
[2025-05-04T04:00:20.001-0300] {processor.py:183} INFO - Processing /home/facuvega/Descargas/crypto-etl-airflow/airflow-apache/lib/python3.11/site-packages/airflow/example_dags/example_branch_datetime_operator.py took 0.072 seconds
[2025-05-04T04:01:14.072-0300] {processor.py:161} INFO - Started process (PID=23988) to work on /home/facuvega/Descargas/crypto-etl-airflow/airflow-apache/lib/python3.11/site-packages/airflow/example_dags/example_branch_datetime_operator.py
[2025-05-04T04:01:14.073-0300] {processor.py:830} INFO - Processing file /home/facuvega/Descargas/crypto-etl-airflow/airflow-apache/lib/python3.11/site-packages/airflow/example_dags/example_branch_datetime_operator.py for tasks to queue
[2025-05-04T04:01:14.075-0300] {logging_mixin.py:188} INFO - [2025-05-04T04:01:14.075-0300] {dagbag.py:540} INFO - Filling up the DagBag from /home/facuvega/Descargas/crypto-etl-airflow/airflow-apache/lib/python3.11/site-packages/airflow/example_dags/example_branch_datetime_operator.py
[2025-05-04T04:01:14.084-0300] {processor.py:840} INFO - DAG(s) 'example_branch_datetime_operator_3', 'example_branch_datetime_operator', 'example_branch_datetime_operator_2' retrieved from /home/facuvega/Descargas/crypto-etl-airflow/airflow-apache/lib/python3.11/site-packages/airflow/example_dags/example_branch_datetime_operator.py
[2025-05-04T04:01:14.101-0300] {logging_mixin.py:188} INFO - [2025-05-04T04:01:14.101-0300] {dag.py:3096} INFO - Sync 3 DAGs
[2025-05-04T04:01:14.117-0300] {logging_mixin.py:188} INFO - [2025-05-04T04:01:14.117-0300] {dag.py:3954} INFO - Setting next_dagrun for example_branch_datetime_operator to 2025-05-03 00:00:00+00:00, run_after=2025-05-04 00:00:00+00:00
[2025-05-04T04:01:14.120-0300] {logging_mixin.py:188} INFO - [2025-05-04T04:01:14.120-0300] {dag.py:3954} INFO - Setting next_dagrun for example_branch_datetime_operator_2 to 2025-05-03 00:00:00+00:00, run_after=2025-05-04 00:00:00+00:00
[2025-05-04T04:01:14.121-0300] {logging_mixin.py:188} INFO - [2025-05-04T04:01:14.121-0300] {dag.py:3954} INFO - Setting next_dagrun for example_branch_datetime_operator_3 to 2025-05-03 00:00:00+00:00, run_after=2025-05-04 00:00:00+00:00
[2025-05-04T04:01:14.133-0300] {processor.py:183} INFO - Processing /home/facuvega/Descargas/crypto-etl-airflow/airflow-apache/lib/python3.11/site-packages/airflow/example_dags/example_branch_datetime_operator.py took 0.067 seconds
[2025-05-04T04:03:50.018-0300] {processor.py:161} INFO - Started process (PID=25110) to work on /home/facuvega/Descargas/crypto-etl-airflow/airflow-apache/lib/python3.11/site-packages/airflow/example_dags/example_branch_datetime_operator.py
[2025-05-04T04:03:50.019-0300] {processor.py:830} INFO - Processing file /home/facuvega/Descargas/crypto-etl-airflow/airflow-apache/lib/python3.11/site-packages/airflow/example_dags/example_branch_datetime_operator.py for tasks to queue
[2025-05-04T04:03:50.021-0300] {logging_mixin.py:188} INFO - [2025-05-04T04:03:50.020-0300] {dagbag.py:540} INFO - Filling up the DagBag from /home/facuvega/Descargas/crypto-etl-airflow/airflow-apache/lib/python3.11/site-packages/airflow/example_dags/example_branch_datetime_operator.py
[2025-05-04T04:03:50.029-0300] {processor.py:840} INFO - DAG(s) 'example_branch_datetime_operator_2', 'example_branch_datetime_operator', 'example_branch_datetime_operator_3' retrieved from /home/facuvega/Descargas/crypto-etl-airflow/airflow-apache/lib/python3.11/site-packages/airflow/example_dags/example_branch_datetime_operator.py
[2025-05-04T04:03:50.044-0300] {logging_mixin.py:188} INFO - [2025-05-04T04:03:50.044-0300] {dag.py:3096} INFO - Sync 3 DAGs
[2025-05-04T04:03:50.058-0300] {logging_mixin.py:188} INFO - [2025-05-04T04:03:50.058-0300] {dag.py:3954} INFO - Setting next_dagrun for example_branch_datetime_operator to 2025-05-03 00:00:00+00:00, run_after=2025-05-04 00:00:00+00:00
[2025-05-04T04:03:50.061-0300] {logging_mixin.py:188} INFO - [2025-05-04T04:03:50.060-0300] {dag.py:3954} INFO - Setting next_dagrun for example_branch_datetime_operator_2 to 2025-05-03 00:00:00+00:00, run_after=2025-05-04 00:00:00+00:00
[2025-05-04T04:03:50.062-0300] {logging_mixin.py:188} INFO - [2025-05-04T04:03:50.062-0300] {dag.py:3954} INFO - Setting next_dagrun for example_branch_datetime_operator_3 to 2025-05-03 00:00:00+00:00, run_after=2025-05-04 00:00:00+00:00
[2025-05-04T04:03:50.073-0300] {processor.py:183} INFO - Processing /home/facuvega/Descargas/crypto-etl-airflow/airflow-apache/lib/python3.11/site-packages/airflow/example_dags/example_branch_datetime_operator.py took 0.059 seconds
[2025-05-04T04:05:38.579-0300] {processor.py:161} INFO - Started process (PID=26367) to work on /home/facuvega/Descargas/crypto-etl-airflow/airflow-apache/lib/python3.11/site-packages/airflow/example_dags/example_branch_datetime_operator.py
[2025-05-04T04:05:38.580-0300] {processor.py:830} INFO - Processing file /home/facuvega/Descargas/crypto-etl-airflow/airflow-apache/lib/python3.11/site-packages/airflow/example_dags/example_branch_datetime_operator.py for tasks to queue
[2025-05-04T04:05:38.582-0300] {logging_mixin.py:188} INFO - [2025-05-04T04:05:38.582-0300] {dagbag.py:540} INFO - Filling up the DagBag from /home/facuvega/Descargas/crypto-etl-airflow/airflow-apache/lib/python3.11/site-packages/airflow/example_dags/example_branch_datetime_operator.py
[2025-05-04T04:05:38.590-0300] {processor.py:840} INFO - DAG(s) 'example_branch_datetime_operator_3', 'example_branch_datetime_operator', 'example_branch_datetime_operator_2' retrieved from /home/facuvega/Descargas/crypto-etl-airflow/airflow-apache/lib/python3.11/site-packages/airflow/example_dags/example_branch_datetime_operator.py
[2025-05-04T04:05:38.608-0300] {logging_mixin.py:188} INFO - [2025-05-04T04:05:38.608-0300] {dag.py:3096} INFO - Sync 3 DAGs
[2025-05-04T04:05:38.623-0300] {logging_mixin.py:188} INFO - [2025-05-04T04:05:38.623-0300] {dag.py:3954} INFO - Setting next_dagrun for example_branch_datetime_operator to 2025-05-03 00:00:00+00:00, run_after=2025-05-04 00:00:00+00:00
[2025-05-04T04:05:38.626-0300] {logging_mixin.py:188} INFO - [2025-05-04T04:05:38.626-0300] {dag.py:3954} INFO - Setting next_dagrun for example_branch_datetime_operator_2 to 2025-05-03 00:00:00+00:00, run_after=2025-05-04 00:00:00+00:00
[2025-05-04T04:05:38.627-0300] {logging_mixin.py:188} INFO - [2025-05-04T04:05:38.627-0300] {dag.py:3954} INFO - Setting next_dagrun for example_branch_datetime_operator_3 to 2025-05-03 00:00:00+00:00, run_after=2025-05-04 00:00:00+00:00
[2025-05-04T04:05:38.639-0300] {processor.py:183} INFO - Processing /home/facuvega/Descargas/crypto-etl-airflow/airflow-apache/lib/python3.11/site-packages/airflow/example_dags/example_branch_datetime_operator.py took 0.066 seconds
[2025-05-04T04:06:50.722-0300] {processor.py:161} INFO - Started process (PID=26770) to work on /home/facuvega/Descargas/crypto-etl-airflow/airflow-apache/lib/python3.11/site-packages/airflow/example_dags/example_branch_datetime_operator.py
[2025-05-04T04:06:50.723-0300] {processor.py:830} INFO - Processing file /home/facuvega/Descargas/crypto-etl-airflow/airflow-apache/lib/python3.11/site-packages/airflow/example_dags/example_branch_datetime_operator.py for tasks to queue
[2025-05-04T04:06:50.725-0300] {logging_mixin.py:188} INFO - [2025-05-04T04:06:50.725-0300] {dagbag.py:540} INFO - Filling up the DagBag from /home/facuvega/Descargas/crypto-etl-airflow/airflow-apache/lib/python3.11/site-packages/airflow/example_dags/example_branch_datetime_operator.py
[2025-05-04T04:06:50.734-0300] {processor.py:840} INFO - DAG(s) 'example_branch_datetime_operator_3', 'example_branch_datetime_operator', 'example_branch_datetime_operator_2' retrieved from /home/facuvega/Descargas/crypto-etl-airflow/airflow-apache/lib/python3.11/site-packages/airflow/example_dags/example_branch_datetime_operator.py
[2025-05-04T04:06:50.751-0300] {logging_mixin.py:188} INFO - [2025-05-04T04:06:50.750-0300] {dag.py:3096} INFO - Sync 3 DAGs
[2025-05-04T04:06:50.767-0300] {logging_mixin.py:188} INFO - [2025-05-04T04:06:50.766-0300] {dag.py:3954} INFO - Setting next_dagrun for example_branch_datetime_operator to 2025-05-03 00:00:00+00:00, run_after=2025-05-04 00:00:00+00:00
[2025-05-04T04:06:50.769-0300] {logging_mixin.py:188} INFO - [2025-05-04T04:06:50.769-0300] {dag.py:3954} INFO - Setting next_dagrun for example_branch_datetime_operator_2 to 2025-05-03 00:00:00+00:00, run_after=2025-05-04 00:00:00+00:00
[2025-05-04T04:06:50.771-0300] {logging_mixin.py:188} INFO - [2025-05-04T04:06:50.771-0300] {dag.py:3954} INFO - Setting next_dagrun for example_branch_datetime_operator_3 to 2025-05-03 00:00:00+00:00, run_after=2025-05-04 00:00:00+00:00
[2025-05-04T04:06:50.783-0300] {processor.py:183} INFO - Processing /home/facuvega/Descargas/crypto-etl-airflow/airflow-apache/lib/python3.11/site-packages/airflow/example_dags/example_branch_datetime_operator.py took 0.066 seconds
[2025-05-04T04:07:59.820-0300] {processor.py:161} INFO - Started process (PID=27135) to work on /home/facuvega/Descargas/crypto-etl-airflow/airflow-apache/lib/python3.11/site-packages/airflow/example_dags/example_branch_datetime_operator.py
[2025-05-04T04:07:59.821-0300] {processor.py:830} INFO - Processing file /home/facuvega/Descargas/crypto-etl-airflow/airflow-apache/lib/python3.11/site-packages/airflow/example_dags/example_branch_datetime_operator.py for tasks to queue
[2025-05-04T04:07:59.823-0300] {logging_mixin.py:188} INFO - [2025-05-04T04:07:59.823-0300] {dagbag.py:540} INFO - Filling up the DagBag from /home/facuvega/Descargas/crypto-etl-airflow/airflow-apache/lib/python3.11/site-packages/airflow/example_dags/example_branch_datetime_operator.py
[2025-05-04T04:07:59.855-0300] {processor.py:840} INFO - DAG(s) 'example_branch_datetime_operator_2', 'example_branch_datetime_operator_3', 'example_branch_datetime_operator' retrieved from /home/facuvega/Descargas/crypto-etl-airflow/airflow-apache/lib/python3.11/site-packages/airflow/example_dags/example_branch_datetime_operator.py
[2025-05-04T04:07:59.875-0300] {logging_mixin.py:188} INFO - [2025-05-04T04:07:59.875-0300] {dag.py:3096} INFO - Sync 3 DAGs
[2025-05-04T04:07:59.893-0300] {logging_mixin.py:188} INFO - [2025-05-04T04:07:59.893-0300] {dag.py:3954} INFO - Setting next_dagrun for example_branch_datetime_operator to 2025-05-03 00:00:00+00:00, run_after=2025-05-04 00:00:00+00:00
[2025-05-04T04:07:59.896-0300] {logging_mixin.py:188} INFO - [2025-05-04T04:07:59.896-0300] {dag.py:3954} INFO - Setting next_dagrun for example_branch_datetime_operator_2 to 2025-05-03 00:00:00+00:00, run_after=2025-05-04 00:00:00+00:00
[2025-05-04T04:07:59.897-0300] {logging_mixin.py:188} INFO - [2025-05-04T04:07:59.897-0300] {dag.py:3954} INFO - Setting next_dagrun for example_branch_datetime_operator_3 to 2025-05-03 00:00:00+00:00, run_after=2025-05-04 00:00:00+00:00
[2025-05-04T04:07:59.911-0300] {processor.py:183} INFO - Processing /home/facuvega/Descargas/crypto-etl-airflow/airflow-apache/lib/python3.11/site-packages/airflow/example_dags/example_branch_datetime_operator.py took 0.098 seconds
[2025-05-04T04:11:02.411-0300] {processor.py:161} INFO - Started process (PID=29141) to work on /home/facuvega/Descargas/crypto-etl-airflow/airflow-apache/lib/python3.11/site-packages/airflow/example_dags/example_branch_datetime_operator.py
[2025-05-04T04:11:02.415-0300] {processor.py:830} INFO - Processing file /home/facuvega/Descargas/crypto-etl-airflow/airflow-apache/lib/python3.11/site-packages/airflow/example_dags/example_branch_datetime_operator.py for tasks to queue
[2025-05-04T04:11:02.419-0300] {logging_mixin.py:188} INFO - [2025-05-04T04:11:02.416-0300] {dagbag.py:540} INFO - Filling up the DagBag from /home/facuvega/Descargas/crypto-etl-airflow/airflow-apache/lib/python3.11/site-packages/airflow/example_dags/example_branch_datetime_operator.py
[2025-05-04T04:11:02.441-0300] {processor.py:840} INFO - DAG(s) 'example_branch_datetime_operator', 'example_branch_datetime_operator_2', 'example_branch_datetime_operator_3' retrieved from /home/facuvega/Descargas/crypto-etl-airflow/airflow-apache/lib/python3.11/site-packages/airflow/example_dags/example_branch_datetime_operator.py
[2025-05-04T04:11:02.488-0300] {logging_mixin.py:188} INFO - [2025-05-04T04:11:02.488-0300] {dag.py:3096} INFO - Sync 3 DAGs
[2025-05-04T04:11:02.543-0300] {logging_mixin.py:188} INFO - [2025-05-04T04:11:02.542-0300] {dag.py:3954} INFO - Setting next_dagrun for example_branch_datetime_operator to 2025-05-03 00:00:00+00:00, run_after=2025-05-04 00:00:00+00:00
[2025-05-04T04:11:02.550-0300] {logging_mixin.py:188} INFO - [2025-05-04T04:11:02.550-0300] {dag.py:3954} INFO - Setting next_dagrun for example_branch_datetime_operator_2 to 2025-05-03 00:00:00+00:00, run_after=2025-05-04 00:00:00+00:00
[2025-05-04T04:11:02.556-0300] {logging_mixin.py:188} INFO - [2025-05-04T04:11:02.556-0300] {dag.py:3954} INFO - Setting next_dagrun for example_branch_datetime_operator_3 to 2025-05-03 00:00:00+00:00, run_after=2025-05-04 00:00:00+00:00
[2025-05-04T04:11:02.602-0300] {processor.py:183} INFO - Processing /home/facuvega/Descargas/crypto-etl-airflow/airflow-apache/lib/python3.11/site-packages/airflow/example_dags/example_branch_datetime_operator.py took 0.208 seconds
[2025-05-04T04:12:17.642-0300] {processor.py:161} INFO - Started process (PID=29475) to work on /home/facuvega/Descargas/crypto-etl-airflow/airflow-apache/lib/python3.11/site-packages/airflow/example_dags/example_branch_datetime_operator.py
[2025-05-04T04:12:17.644-0300] {processor.py:830} INFO - Processing file /home/facuvega/Descargas/crypto-etl-airflow/airflow-apache/lib/python3.11/site-packages/airflow/example_dags/example_branch_datetime_operator.py for tasks to queue
[2025-05-04T04:12:17.648-0300] {logging_mixin.py:188} INFO - [2025-05-04T04:12:17.647-0300] {dagbag.py:540} INFO - Filling up the DagBag from /home/facuvega/Descargas/crypto-etl-airflow/airflow-apache/lib/python3.11/site-packages/airflow/example_dags/example_branch_datetime_operator.py
[2025-05-04T04:12:17.658-0300] {processor.py:840} INFO - DAG(s) 'example_branch_datetime_operator', 'example_branch_datetime_operator_3', 'example_branch_datetime_operator_2' retrieved from /home/facuvega/Descargas/crypto-etl-airflow/airflow-apache/lib/python3.11/site-packages/airflow/example_dags/example_branch_datetime_operator.py
[2025-05-04T04:12:17.677-0300] {logging_mixin.py:188} INFO - [2025-05-04T04:12:17.676-0300] {dag.py:3096} INFO - Sync 3 DAGs
[2025-05-04T04:12:17.696-0300] {logging_mixin.py:188} INFO - [2025-05-04T04:12:17.696-0300] {dag.py:3954} INFO - Setting next_dagrun for example_branch_datetime_operator to 2025-05-03 00:00:00+00:00, run_after=2025-05-04 00:00:00+00:00
[2025-05-04T04:12:17.700-0300] {logging_mixin.py:188} INFO - [2025-05-04T04:12:17.700-0300] {dag.py:3954} INFO - Setting next_dagrun for example_branch_datetime_operator_2 to 2025-05-03 00:00:00+00:00, run_after=2025-05-04 00:00:00+00:00
[2025-05-04T04:12:17.702-0300] {logging_mixin.py:188} INFO - [2025-05-04T04:12:17.701-0300] {dag.py:3954} INFO - Setting next_dagrun for example_branch_datetime_operator_3 to 2025-05-03 00:00:00+00:00, run_after=2025-05-04 00:00:00+00:00
[2025-05-04T04:12:17.716-0300] {processor.py:183} INFO - Processing /home/facuvega/Descargas/crypto-etl-airflow/airflow-apache/lib/python3.11/site-packages/airflow/example_dags/example_branch_datetime_operator.py took 0.079 seconds
[2025-05-04T04:13:23.723-0300] {processor.py:161} INFO - Started process (PID=29780) to work on /home/facuvega/Descargas/crypto-etl-airflow/airflow-apache/lib/python3.11/site-packages/airflow/example_dags/example_branch_datetime_operator.py
[2025-05-04T04:13:23.724-0300] {processor.py:830} INFO - Processing file /home/facuvega/Descargas/crypto-etl-airflow/airflow-apache/lib/python3.11/site-packages/airflow/example_dags/example_branch_datetime_operator.py for tasks to queue
[2025-05-04T04:13:23.725-0300] {logging_mixin.py:188} INFO - [2025-05-04T04:13:23.725-0300] {dagbag.py:540} INFO - Filling up the DagBag from /home/facuvega/Descargas/crypto-etl-airflow/airflow-apache/lib/python3.11/site-packages/airflow/example_dags/example_branch_datetime_operator.py
[2025-05-04T04:13:23.733-0300] {processor.py:840} INFO - DAG(s) 'example_branch_datetime_operator', 'example_branch_datetime_operator_3', 'example_branch_datetime_operator_2' retrieved from /home/facuvega/Descargas/crypto-etl-airflow/airflow-apache/lib/python3.11/site-packages/airflow/example_dags/example_branch_datetime_operator.py
[2025-05-04T04:13:23.748-0300] {logging_mixin.py:188} INFO - [2025-05-04T04:13:23.748-0300] {dag.py:3096} INFO - Sync 3 DAGs
[2025-05-04T04:13:23.762-0300] {logging_mixin.py:188} INFO - [2025-05-04T04:13:23.761-0300] {dag.py:3954} INFO - Setting next_dagrun for example_branch_datetime_operator to 2025-05-03 00:00:00+00:00, run_after=2025-05-04 00:00:00+00:00
[2025-05-04T04:13:23.764-0300] {logging_mixin.py:188} INFO - [2025-05-04T04:13:23.764-0300] {dag.py:3954} INFO - Setting next_dagrun for example_branch_datetime_operator_2 to 2025-05-03 00:00:00+00:00, run_after=2025-05-04 00:00:00+00:00
[2025-05-04T04:13:23.766-0300] {logging_mixin.py:188} INFO - [2025-05-04T04:13:23.765-0300] {dag.py:3954} INFO - Setting next_dagrun for example_branch_datetime_operator_3 to 2025-05-03 00:00:00+00:00, run_after=2025-05-04 00:00:00+00:00
[2025-05-04T04:13:23.777-0300] {processor.py:183} INFO - Processing /home/facuvega/Descargas/crypto-etl-airflow/airflow-apache/lib/python3.11/site-packages/airflow/example_dags/example_branch_datetime_operator.py took 0.059 seconds
[2025-05-04T04:14:25.271-0300] {processor.py:161} INFO - Started process (PID=30051) to work on /home/facuvega/Descargas/crypto-etl-airflow/airflow-apache/lib/python3.11/site-packages/airflow/example_dags/example_branch_datetime_operator.py
[2025-05-04T04:14:25.272-0300] {processor.py:830} INFO - Processing file /home/facuvega/Descargas/crypto-etl-airflow/airflow-apache/lib/python3.11/site-packages/airflow/example_dags/example_branch_datetime_operator.py for tasks to queue
[2025-05-04T04:14:25.273-0300] {logging_mixin.py:188} INFO - [2025-05-04T04:14:25.273-0300] {dagbag.py:540} INFO - Filling up the DagBag from /home/facuvega/Descargas/crypto-etl-airflow/airflow-apache/lib/python3.11/site-packages/airflow/example_dags/example_branch_datetime_operator.py
[2025-05-04T04:14:25.280-0300] {processor.py:840} INFO - DAG(s) 'example_branch_datetime_operator_3', 'example_branch_datetime_operator_2', 'example_branch_datetime_operator' retrieved from /home/facuvega/Descargas/crypto-etl-airflow/airflow-apache/lib/python3.11/site-packages/airflow/example_dags/example_branch_datetime_operator.py
[2025-05-04T04:14:25.296-0300] {logging_mixin.py:188} INFO - [2025-05-04T04:14:25.296-0300] {dag.py:3096} INFO - Sync 3 DAGs
[2025-05-04T04:14:25.310-0300] {logging_mixin.py:188} INFO - [2025-05-04T04:14:25.309-0300] {dag.py:3954} INFO - Setting next_dagrun for example_branch_datetime_operator to 2025-05-03 00:00:00+00:00, run_after=2025-05-04 00:00:00+00:00
[2025-05-04T04:14:25.312-0300] {logging_mixin.py:188} INFO - [2025-05-04T04:14:25.312-0300] {dag.py:3954} INFO - Setting next_dagrun for example_branch_datetime_operator_2 to 2025-05-03 00:00:00+00:00, run_after=2025-05-04 00:00:00+00:00
[2025-05-04T04:14:25.313-0300] {logging_mixin.py:188} INFO - [2025-05-04T04:14:25.313-0300] {dag.py:3954} INFO - Setting next_dagrun for example_branch_datetime_operator_3 to 2025-05-03 00:00:00+00:00, run_after=2025-05-04 00:00:00+00:00
[2025-05-04T04:14:25.324-0300] {processor.py:183} INFO - Processing /home/facuvega/Descargas/crypto-etl-airflow/airflow-apache/lib/python3.11/site-packages/airflow/example_dags/example_branch_datetime_operator.py took 0.059 seconds
[2025-05-04T04:15:35.956-0300] {processor.py:161} INFO - Started process (PID=30489) to work on /home/facuvega/Descargas/crypto-etl-airflow/airflow-apache/lib/python3.11/site-packages/airflow/example_dags/example_branch_datetime_operator.py
[2025-05-04T04:15:35.957-0300] {processor.py:830} INFO - Processing file /home/facuvega/Descargas/crypto-etl-airflow/airflow-apache/lib/python3.11/site-packages/airflow/example_dags/example_branch_datetime_operator.py for tasks to queue
[2025-05-04T04:15:35.959-0300] {logging_mixin.py:188} INFO - [2025-05-04T04:15:35.959-0300] {dagbag.py:540} INFO - Filling up the DagBag from /home/facuvega/Descargas/crypto-etl-airflow/airflow-apache/lib/python3.11/site-packages/airflow/example_dags/example_branch_datetime_operator.py
[2025-05-04T04:15:35.976-0300] {processor.py:840} INFO - DAG(s) 'example_branch_datetime_operator_3', 'example_branch_datetime_operator', 'example_branch_datetime_operator_2' retrieved from /home/facuvega/Descargas/crypto-etl-airflow/airflow-apache/lib/python3.11/site-packages/airflow/example_dags/example_branch_datetime_operator.py
[2025-05-04T04:15:36.060-0300] {logging_mixin.py:188} INFO - [2025-05-04T04:15:36.053-0300] {dag.py:3096} INFO - Sync 3 DAGs
[2025-05-04T04:15:36.104-0300] {logging_mixin.py:188} INFO - [2025-05-04T04:15:36.104-0300] {dag.py:3954} INFO - Setting next_dagrun for example_branch_datetime_operator to 2025-05-03 00:00:00+00:00, run_after=2025-05-04 00:00:00+00:00
[2025-05-04T04:15:36.111-0300] {logging_mixin.py:188} INFO - [2025-05-04T04:15:36.110-0300] {dag.py:3954} INFO - Setting next_dagrun for example_branch_datetime_operator_2 to 2025-05-03 00:00:00+00:00, run_after=2025-05-04 00:00:00+00:00
[2025-05-04T04:15:36.113-0300] {logging_mixin.py:188} INFO - [2025-05-04T04:15:36.113-0300] {dag.py:3954} INFO - Setting next_dagrun for example_branch_datetime_operator_3 to 2025-05-03 00:00:00+00:00, run_after=2025-05-04 00:00:00+00:00
[2025-05-04T04:15:36.133-0300] {processor.py:183} INFO - Processing /home/facuvega/Descargas/crypto-etl-airflow/airflow-apache/lib/python3.11/site-packages/airflow/example_dags/example_branch_datetime_operator.py took 0.189 seconds
[2025-05-04T04:17:44.982-0300] {processor.py:161} INFO - Started process (PID=31428) to work on /home/facuvega/Descargas/crypto-etl-airflow/airflow-apache/lib/python3.11/site-packages/airflow/example_dags/example_branch_datetime_operator.py
[2025-05-04T04:17:44.984-0300] {processor.py:830} INFO - Processing file /home/facuvega/Descargas/crypto-etl-airflow/airflow-apache/lib/python3.11/site-packages/airflow/example_dags/example_branch_datetime_operator.py for tasks to queue
[2025-05-04T04:17:44.988-0300] {logging_mixin.py:188} INFO - [2025-05-04T04:17:44.986-0300] {dagbag.py:540} INFO - Filling up the DagBag from /home/facuvega/Descargas/crypto-etl-airflow/airflow-apache/lib/python3.11/site-packages/airflow/example_dags/example_branch_datetime_operator.py
[2025-05-04T04:17:45.002-0300] {processor.py:840} INFO - DAG(s) 'example_branch_datetime_operator_2', 'example_branch_datetime_operator', 'example_branch_datetime_operator_3' retrieved from /home/facuvega/Descargas/crypto-etl-airflow/airflow-apache/lib/python3.11/site-packages/airflow/example_dags/example_branch_datetime_operator.py
[2025-05-04T04:17:45.065-0300] {logging_mixin.py:188} INFO - [2025-05-04T04:17:45.059-0300] {dag.py:3096} INFO - Sync 3 DAGs
[2025-05-04T04:17:45.201-0300] {logging_mixin.py:188} INFO - [2025-05-04T04:17:45.201-0300] {dag.py:3954} INFO - Setting next_dagrun for example_branch_datetime_operator to 2025-05-03 00:00:00+00:00, run_after=2025-05-04 00:00:00+00:00
[2025-05-04T04:17:45.241-0300] {logging_mixin.py:188} INFO - [2025-05-04T04:17:45.241-0300] {dag.py:3954} INFO - Setting next_dagrun for example_branch_datetime_operator_2 to 2025-05-03 00:00:00+00:00, run_after=2025-05-04 00:00:00+00:00
[2025-05-04T04:17:45.257-0300] {logging_mixin.py:188} INFO - [2025-05-04T04:17:45.257-0300] {dag.py:3954} INFO - Setting next_dagrun for example_branch_datetime_operator_3 to 2025-05-03 00:00:00+00:00, run_after=2025-05-04 00:00:00+00:00
[2025-05-04T04:17:45.282-0300] {processor.py:183} INFO - Processing /home/facuvega/Descargas/crypto-etl-airflow/airflow-apache/lib/python3.11/site-packages/airflow/example_dags/example_branch_datetime_operator.py took 0.308 seconds
[2025-05-04T04:19:17.678-0300] {processor.py:161} INFO - Started process (PID=32611) to work on /home/facuvega/Descargas/crypto-etl-airflow/airflow-apache/lib/python3.11/site-packages/airflow/example_dags/example_branch_datetime_operator.py
[2025-05-04T04:19:17.679-0300] {processor.py:830} INFO - Processing file /home/facuvega/Descargas/crypto-etl-airflow/airflow-apache/lib/python3.11/site-packages/airflow/example_dags/example_branch_datetime_operator.py for tasks to queue
[2025-05-04T04:19:17.681-0300] {logging_mixin.py:188} INFO - [2025-05-04T04:19:17.681-0300] {dagbag.py:540} INFO - Filling up the DagBag from /home/facuvega/Descargas/crypto-etl-airflow/airflow-apache/lib/python3.11/site-packages/airflow/example_dags/example_branch_datetime_operator.py
[2025-05-04T04:19:17.693-0300] {processor.py:840} INFO - DAG(s) 'example_branch_datetime_operator_3', 'example_branch_datetime_operator', 'example_branch_datetime_operator_2' retrieved from /home/facuvega/Descargas/crypto-etl-airflow/airflow-apache/lib/python3.11/site-packages/airflow/example_dags/example_branch_datetime_operator.py
[2025-05-04T04:19:17.714-0300] {logging_mixin.py:188} INFO - [2025-05-04T04:19:17.714-0300] {dag.py:3096} INFO - Sync 3 DAGs
[2025-05-04T04:19:17.735-0300] {logging_mixin.py:188} INFO - [2025-05-04T04:19:17.735-0300] {dag.py:3954} INFO - Setting next_dagrun for example_branch_datetime_operator to 2025-05-03 00:00:00+00:00, run_after=2025-05-04 00:00:00+00:00
[2025-05-04T04:19:17.738-0300] {logging_mixin.py:188} INFO - [2025-05-04T04:19:17.738-0300] {dag.py:3954} INFO - Setting next_dagrun for example_branch_datetime_operator_2 to 2025-05-03 00:00:00+00:00, run_after=2025-05-04 00:00:00+00:00
[2025-05-04T04:19:17.740-0300] {logging_mixin.py:188} INFO - [2025-05-04T04:19:17.739-0300] {dag.py:3954} INFO - Setting next_dagrun for example_branch_datetime_operator_3 to 2025-05-03 00:00:00+00:00, run_after=2025-05-04 00:00:00+00:00
[2025-05-04T04:19:17.755-0300] {processor.py:183} INFO - Processing /home/facuvega/Descargas/crypto-etl-airflow/airflow-apache/lib/python3.11/site-packages/airflow/example_dags/example_branch_datetime_operator.py took 0.086 seconds
[2025-05-04T04:20:15.574-0300] {processor.py:161} INFO - Started process (PID=32985) to work on /home/facuvega/Descargas/crypto-etl-airflow/airflow-apache/lib/python3.11/site-packages/airflow/example_dags/example_branch_datetime_operator.py
[2025-05-04T04:20:15.575-0300] {processor.py:830} INFO - Processing file /home/facuvega/Descargas/crypto-etl-airflow/airflow-apache/lib/python3.11/site-packages/airflow/example_dags/example_branch_datetime_operator.py for tasks to queue
[2025-05-04T04:20:15.577-0300] {logging_mixin.py:188} INFO - [2025-05-04T04:20:15.576-0300] {dagbag.py:540} INFO - Filling up the DagBag from /home/facuvega/Descargas/crypto-etl-airflow/airflow-apache/lib/python3.11/site-packages/airflow/example_dags/example_branch_datetime_operator.py
[2025-05-04T04:20:15.586-0300] {processor.py:840} INFO - DAG(s) 'example_branch_datetime_operator_2', 'example_branch_datetime_operator_3', 'example_branch_datetime_operator' retrieved from /home/facuvega/Descargas/crypto-etl-airflow/airflow-apache/lib/python3.11/site-packages/airflow/example_dags/example_branch_datetime_operator.py
[2025-05-04T04:20:15.604-0300] {logging_mixin.py:188} INFO - [2025-05-04T04:20:15.604-0300] {dag.py:3096} INFO - Sync 3 DAGs
[2025-05-04T04:20:15.621-0300] {logging_mixin.py:188} INFO - [2025-05-04T04:20:15.620-0300] {dag.py:3954} INFO - Setting next_dagrun for example_branch_datetime_operator to 2025-05-03 00:00:00+00:00, run_after=2025-05-04 00:00:00+00:00
[2025-05-04T04:20:15.623-0300] {logging_mixin.py:188} INFO - [2025-05-04T04:20:15.623-0300] {dag.py:3954} INFO - Setting next_dagrun for example_branch_datetime_operator_2 to 2025-05-03 00:00:00+00:00, run_after=2025-05-04 00:00:00+00:00
[2025-05-04T04:20:15.624-0300] {logging_mixin.py:188} INFO - [2025-05-04T04:20:15.624-0300] {dag.py:3954} INFO - Setting next_dagrun for example_branch_datetime_operator_3 to 2025-05-03 00:00:00+00:00, run_after=2025-05-04 00:00:00+00:00
[2025-05-04T04:20:15.637-0300] {processor.py:183} INFO - Processing /home/facuvega/Descargas/crypto-etl-airflow/airflow-apache/lib/python3.11/site-packages/airflow/example_dags/example_branch_datetime_operator.py took 0.069 seconds
[2025-05-04T04:21:19.743-0300] {processor.py:161} INFO - Started process (PID=33272) to work on /home/facuvega/Descargas/crypto-etl-airflow/airflow-apache/lib/python3.11/site-packages/airflow/example_dags/example_branch_datetime_operator.py
[2025-05-04T04:21:19.744-0300] {processor.py:830} INFO - Processing file /home/facuvega/Descargas/crypto-etl-airflow/airflow-apache/lib/python3.11/site-packages/airflow/example_dags/example_branch_datetime_operator.py for tasks to queue
[2025-05-04T04:21:19.747-0300] {logging_mixin.py:188} INFO - [2025-05-04T04:21:19.746-0300] {dagbag.py:540} INFO - Filling up the DagBag from /home/facuvega/Descargas/crypto-etl-airflow/airflow-apache/lib/python3.11/site-packages/airflow/example_dags/example_branch_datetime_operator.py
[2025-05-04T04:21:19.755-0300] {processor.py:840} INFO - DAG(s) 'example_branch_datetime_operator_2', 'example_branch_datetime_operator', 'example_branch_datetime_operator_3' retrieved from /home/facuvega/Descargas/crypto-etl-airflow/airflow-apache/lib/python3.11/site-packages/airflow/example_dags/example_branch_datetime_operator.py
[2025-05-04T04:21:19.774-0300] {logging_mixin.py:188} INFO - [2025-05-04T04:21:19.774-0300] {dag.py:3096} INFO - Sync 3 DAGs
[2025-05-04T04:21:19.797-0300] {logging_mixin.py:188} INFO - [2025-05-04T04:21:19.796-0300] {dag.py:3954} INFO - Setting next_dagrun for example_branch_datetime_operator to 2025-05-03 00:00:00+00:00, run_after=2025-05-04 00:00:00+00:00
[2025-05-04T04:21:19.800-0300] {logging_mixin.py:188} INFO - [2025-05-04T04:21:19.800-0300] {dag.py:3954} INFO - Setting next_dagrun for example_branch_datetime_operator_2 to 2025-05-03 00:00:00+00:00, run_after=2025-05-04 00:00:00+00:00
[2025-05-04T04:21:19.802-0300] {logging_mixin.py:188} INFO - [2025-05-04T04:21:19.802-0300] {dag.py:3954} INFO - Setting next_dagrun for example_branch_datetime_operator_3 to 2025-05-03 00:00:00+00:00, run_after=2025-05-04 00:00:00+00:00
[2025-05-04T04:21:19.816-0300] {processor.py:183} INFO - Processing /home/facuvega/Descargas/crypto-etl-airflow/airflow-apache/lib/python3.11/site-packages/airflow/example_dags/example_branch_datetime_operator.py took 0.081 seconds
[2025-05-04T04:22:53.915-0300] {processor.py:161} INFO - Started process (PID=34161) to work on /home/facuvega/Descargas/crypto-etl-airflow/airflow-apache/lib/python3.11/site-packages/airflow/example_dags/example_branch_datetime_operator.py
[2025-05-04T04:22:53.921-0300] {processor.py:830} INFO - Processing file /home/facuvega/Descargas/crypto-etl-airflow/airflow-apache/lib/python3.11/site-packages/airflow/example_dags/example_branch_datetime_operator.py for tasks to queue
[2025-05-04T04:22:53.923-0300] {logging_mixin.py:188} INFO - [2025-05-04T04:22:53.923-0300] {dagbag.py:540} INFO - Filling up the DagBag from /home/facuvega/Descargas/crypto-etl-airflow/airflow-apache/lib/python3.11/site-packages/airflow/example_dags/example_branch_datetime_operator.py
[2025-05-04T04:22:53.933-0300] {processor.py:840} INFO - DAG(s) 'example_branch_datetime_operator', 'example_branch_datetime_operator_2', 'example_branch_datetime_operator_3' retrieved from /home/facuvega/Descargas/crypto-etl-airflow/airflow-apache/lib/python3.11/site-packages/airflow/example_dags/example_branch_datetime_operator.py
[2025-05-04T04:22:53.951-0300] {logging_mixin.py:188} INFO - [2025-05-04T04:22:53.951-0300] {dag.py:3096} INFO - Sync 3 DAGs
[2025-05-04T04:22:53.973-0300] {logging_mixin.py:188} INFO - [2025-05-04T04:22:53.973-0300] {dag.py:3954} INFO - Setting next_dagrun for example_branch_datetime_operator to 2025-05-03 00:00:00+00:00, run_after=2025-05-04 00:00:00+00:00
[2025-05-04T04:22:53.976-0300] {logging_mixin.py:188} INFO - [2025-05-04T04:22:53.976-0300] {dag.py:3954} INFO - Setting next_dagrun for example_branch_datetime_operator_2 to 2025-05-03 00:00:00+00:00, run_after=2025-05-04 00:00:00+00:00
[2025-05-04T04:22:53.978-0300] {logging_mixin.py:188} INFO - [2025-05-04T04:22:53.978-0300] {dag.py:3954} INFO - Setting next_dagrun for example_branch_datetime_operator_3 to 2025-05-03 00:00:00+00:00, run_after=2025-05-04 00:00:00+00:00
[2025-05-04T04:22:54.001-0300] {processor.py:183} INFO - Processing /home/facuvega/Descargas/crypto-etl-airflow/airflow-apache/lib/python3.11/site-packages/airflow/example_dags/example_branch_datetime_operator.py took 0.154 seconds
