[2025-05-04T03:51:11.418-0300] {processor.py:161} INFO - Started process (PID=19761) to work on /home/facuvega/Descargas/crypto-etl-airflow/airflow-apache/lib/python3.11/site-packages/airflow/example_dags/example_branch_labels.py
[2025-05-04T03:51:11.419-0300] {processor.py:830} INFO - Processing file /home/facuvega/Descargas/crypto-etl-airflow/airflow-apache/lib/python3.11/site-packages/airflow/example_dags/example_branch_labels.py for tasks to queue
[2025-05-04T03:51:11.420-0300] {logging_mixin.py:188} INFO - [2025-05-04T03:51:11.420-0300] {dagbag.py:540} INFO - Filling up the DagBag from /home/facuvega/Descargas/crypto-etl-airflow/airflow-apache/lib/python3.11/site-packages/airflow/example_dags/example_branch_labels.py
[2025-05-04T03:51:11.427-0300] {processor.py:840} INFO - DAG(s) 'example_branch_labels' retrieved from /home/facuvega/Descargas/crypto-etl-airflow/airflow-apache/lib/python3.11/site-packages/airflow/example_dags/example_branch_labels.py
[2025-05-04T03:51:11.440-0300] {logging_mixin.py:188} INFO - [2025-05-04T03:51:11.440-0300] {dag.py:3096} INFO - Sync 1 DAGs
[2025-05-04T03:51:11.453-0300] {logging_mixin.py:188} INFO - [2025-05-04T03:51:11.453-0300] {dag.py:3954} INFO - Setting next_dagrun for example_branch_labels to 2025-05-03 00:00:00+00:00, run_after=2025-05-04 00:00:00+00:00
[2025-05-04T03:51:11.466-0300] {processor.py:183} INFO - Processing /home/facuvega/Descargas/crypto-etl-airflow/airflow-apache/lib/python3.11/site-packages/airflow/example_dags/example_branch_labels.py took 0.053 seconds
[2025-05-04T03:52:04.225-0300] {processor.py:161} INFO - Started process (PID=20001) to work on /home/facuvega/Descargas/crypto-etl-airflow/airflow-apache/lib/python3.11/site-packages/airflow/example_dags/example_branch_labels.py
[2025-05-04T03:52:04.226-0300] {processor.py:830} INFO - Processing file /home/facuvega/Descargas/crypto-etl-airflow/airflow-apache/lib/python3.11/site-packages/airflow/example_dags/example_branch_labels.py for tasks to queue
[2025-05-04T03:52:04.227-0300] {logging_mixin.py:188} INFO - [2025-05-04T03:52:04.227-0300] {dagbag.py:540} INFO - Filling up the DagBag from /home/facuvega/Descargas/crypto-etl-airflow/airflow-apache/lib/python3.11/site-packages/airflow/example_dags/example_branch_labels.py
[2025-05-04T03:52:04.234-0300] {processor.py:840} INFO - DAG(s) 'example_branch_labels' retrieved from /home/facuvega/Descargas/crypto-etl-airflow/airflow-apache/lib/python3.11/site-packages/airflow/example_dags/example_branch_labels.py
[2025-05-04T03:52:04.246-0300] {logging_mixin.py:188} INFO - [2025-05-04T03:52:04.246-0300] {dag.py:3096} INFO - Sync 1 DAGs
[2025-05-04T03:52:04.259-0300] {logging_mixin.py:188} INFO - [2025-05-04T03:52:04.259-0300] {dag.py:3954} INFO - Setting next_dagrun for example_branch_labels to 2025-05-03 00:00:00+00:00, run_after=2025-05-04 00:00:00+00:00
[2025-05-04T03:52:04.274-0300] {processor.py:183} INFO - Processing /home/facuvega/Descargas/crypto-etl-airflow/airflow-apache/lib/python3.11/site-packages/airflow/example_dags/example_branch_labels.py took 0.054 seconds
[2025-05-04T03:53:13.412-0300] {processor.py:161} INFO - Started process (PID=20444) to work on /home/facuvega/Descargas/crypto-etl-airflow/airflow-apache/lib/python3.11/site-packages/airflow/example_dags/example_branch_labels.py
[2025-05-04T03:53:13.417-0300] {processor.py:830} INFO - Processing file /home/facuvega/Descargas/crypto-etl-airflow/airflow-apache/lib/python3.11/site-packages/airflow/example_dags/example_branch_labels.py for tasks to queue
[2025-05-04T03:53:13.421-0300] {logging_mixin.py:188} INFO - [2025-05-04T03:53:13.419-0300] {dagbag.py:540} INFO - Filling up the DagBag from /home/facuvega/Descargas/crypto-etl-airflow/airflow-apache/lib/python3.11/site-packages/airflow/example_dags/example_branch_labels.py
[2025-05-04T03:53:13.442-0300] {processor.py:840} INFO - DAG(s) 'example_branch_labels' retrieved from /home/facuvega/Descargas/crypto-etl-airflow/airflow-apache/lib/python3.11/site-packages/airflow/example_dags/example_branch_labels.py
[2025-05-04T03:53:13.479-0300] {logging_mixin.py:188} INFO - [2025-05-04T03:53:13.478-0300] {dag.py:3096} INFO - Sync 1 DAGs
[2025-05-04T03:53:13.522-0300] {logging_mixin.py:188} INFO - [2025-05-04T03:53:13.520-0300] {dag.py:3954} INFO - Setting next_dagrun for example_branch_labels to 2025-05-03 00:00:00+00:00, run_after=2025-05-04 00:00:00+00:00
[2025-05-04T03:53:13.554-0300] {processor.py:183} INFO - Processing /home/facuvega/Descargas/crypto-etl-airflow/airflow-apache/lib/python3.11/site-packages/airflow/example_dags/example_branch_labels.py took 0.162 seconds
[2025-05-04T03:54:23.134-0300] {processor.py:161} INFO - Started process (PID=20982) to work on /home/facuvega/Descargas/crypto-etl-airflow/airflow-apache/lib/python3.11/site-packages/airflow/example_dags/example_branch_labels.py
[2025-05-04T03:54:23.135-0300] {processor.py:830} INFO - Processing file /home/facuvega/Descargas/crypto-etl-airflow/airflow-apache/lib/python3.11/site-packages/airflow/example_dags/example_branch_labels.py for tasks to queue
[2025-05-04T03:54:23.137-0300] {logging_mixin.py:188} INFO - [2025-05-04T03:54:23.136-0300] {dagbag.py:540} INFO - Filling up the DagBag from /home/facuvega/Descargas/crypto-etl-airflow/airflow-apache/lib/python3.11/site-packages/airflow/example_dags/example_branch_labels.py
[2025-05-04T03:54:23.144-0300] {processor.py:840} INFO - DAG(s) 'example_branch_labels' retrieved from /home/facuvega/Descargas/crypto-etl-airflow/airflow-apache/lib/python3.11/site-packages/airflow/example_dags/example_branch_labels.py
[2025-05-04T03:54:23.157-0300] {logging_mixin.py:188} INFO - [2025-05-04T03:54:23.156-0300] {dag.py:3096} INFO - Sync 1 DAGs
[2025-05-04T03:54:23.171-0300] {logging_mixin.py:188} INFO - [2025-05-04T03:54:23.170-0300] {dag.py:3954} INFO - Setting next_dagrun for example_branch_labels to 2025-05-03 00:00:00+00:00, run_after=2025-05-04 00:00:00+00:00
[2025-05-04T03:54:23.183-0300] {processor.py:183} INFO - Processing /home/facuvega/Descargas/crypto-etl-airflow/airflow-apache/lib/python3.11/site-packages/airflow/example_dags/example_branch_labels.py took 0.054 seconds
[2025-05-04T03:55:23.505-0300] {processor.py:161} INFO - Started process (PID=21284) to work on /home/facuvega/Descargas/crypto-etl-airflow/airflow-apache/lib/python3.11/site-packages/airflow/example_dags/example_branch_labels.py
[2025-05-04T03:55:23.506-0300] {processor.py:830} INFO - Processing file /home/facuvega/Descargas/crypto-etl-airflow/airflow-apache/lib/python3.11/site-packages/airflow/example_dags/example_branch_labels.py for tasks to queue
[2025-05-04T03:55:23.507-0300] {logging_mixin.py:188} INFO - [2025-05-04T03:55:23.507-0300] {dagbag.py:540} INFO - Filling up the DagBag from /home/facuvega/Descargas/crypto-etl-airflow/airflow-apache/lib/python3.11/site-packages/airflow/example_dags/example_branch_labels.py
[2025-05-04T03:55:23.514-0300] {processor.py:840} INFO - DAG(s) 'example_branch_labels' retrieved from /home/facuvega/Descargas/crypto-etl-airflow/airflow-apache/lib/python3.11/site-packages/airflow/example_dags/example_branch_labels.py
[2025-05-04T03:55:23.527-0300] {logging_mixin.py:188} INFO - [2025-05-04T03:55:23.527-0300] {dag.py:3096} INFO - Sync 1 DAGs
[2025-05-04T03:55:23.540-0300] {logging_mixin.py:188} INFO - [2025-05-04T03:55:23.540-0300] {dag.py:3954} INFO - Setting next_dagrun for example_branch_labels to 2025-05-03 00:00:00+00:00, run_after=2025-05-04 00:00:00+00:00
[2025-05-04T03:55:23.553-0300] {processor.py:183} INFO - Processing /home/facuvega/Descargas/crypto-etl-airflow/airflow-apache/lib/python3.11/site-packages/airflow/example_dags/example_branch_labels.py took 0.053 seconds
[2025-05-04T03:56:18.632-0300] {processor.py:161} INFO - Started process (PID=21614) to work on /home/facuvega/Descargas/crypto-etl-airflow/airflow-apache/lib/python3.11/site-packages/airflow/example_dags/example_branch_labels.py
[2025-05-04T03:56:18.633-0300] {processor.py:830} INFO - Processing file /home/facuvega/Descargas/crypto-etl-airflow/airflow-apache/lib/python3.11/site-packages/airflow/example_dags/example_branch_labels.py for tasks to queue
[2025-05-04T03:56:18.634-0300] {logging_mixin.py:188} INFO - [2025-05-04T03:56:18.634-0300] {dagbag.py:540} INFO - Filling up the DagBag from /home/facuvega/Descargas/crypto-etl-airflow/airflow-apache/lib/python3.11/site-packages/airflow/example_dags/example_branch_labels.py
[2025-05-04T03:56:18.640-0300] {processor.py:840} INFO - DAG(s) 'example_branch_labels' retrieved from /home/facuvega/Descargas/crypto-etl-airflow/airflow-apache/lib/python3.11/site-packages/airflow/example_dags/example_branch_labels.py
[2025-05-04T03:56:18.653-0300] {logging_mixin.py:188} INFO - [2025-05-04T03:56:18.653-0300] {dag.py:3096} INFO - Sync 1 DAGs
[2025-05-04T03:56:18.667-0300] {logging_mixin.py:188} INFO - [2025-05-04T03:56:18.667-0300] {dag.py:3954} INFO - Setting next_dagrun for example_branch_labels to 2025-05-03 00:00:00+00:00, run_after=2025-05-04 00:00:00+00:00
[2025-05-04T03:56:18.683-0300] {processor.py:183} INFO - Processing /home/facuvega/Descargas/crypto-etl-airflow/airflow-apache/lib/python3.11/site-packages/airflow/example_dags/example_branch_labels.py took 0.057 seconds
[2025-05-04T03:58:35.888-0300] {processor.py:161} INFO - Started process (PID=22681) to work on /home/facuvega/Descargas/crypto-etl-airflow/airflow-apache/lib/python3.11/site-packages/airflow/example_dags/example_branch_labels.py
[2025-05-04T03:58:35.890-0300] {processor.py:830} INFO - Processing file /home/facuvega/Descargas/crypto-etl-airflow/airflow-apache/lib/python3.11/site-packages/airflow/example_dags/example_branch_labels.py for tasks to queue
[2025-05-04T03:58:35.891-0300] {logging_mixin.py:188} INFO - [2025-05-04T03:58:35.891-0300] {dagbag.py:540} INFO - Filling up the DagBag from /home/facuvega/Descargas/crypto-etl-airflow/airflow-apache/lib/python3.11/site-packages/airflow/example_dags/example_branch_labels.py
[2025-05-04T03:58:35.904-0300] {processor.py:840} INFO - DAG(s) 'example_branch_labels' retrieved from /home/facuvega/Descargas/crypto-etl-airflow/airflow-apache/lib/python3.11/site-packages/airflow/example_dags/example_branch_labels.py
[2025-05-04T03:58:35.918-0300] {logging_mixin.py:188} INFO - [2025-05-04T03:58:35.918-0300] {dag.py:3096} INFO - Sync 1 DAGs
[2025-05-04T03:58:35.934-0300] {logging_mixin.py:188} INFO - [2025-05-04T03:58:35.933-0300] {dag.py:3954} INFO - Setting next_dagrun for example_branch_labels to 2025-05-03 00:00:00+00:00, run_after=2025-05-04 00:00:00+00:00
[2025-05-04T03:58:35.945-0300] {processor.py:183} INFO - Processing /home/facuvega/Descargas/crypto-etl-airflow/airflow-apache/lib/python3.11/site-packages/airflow/example_dags/example_branch_labels.py took 0.063 seconds
[2025-05-04T03:59:32.385-0300] {processor.py:161} INFO - Started process (PID=22994) to work on /home/facuvega/Descargas/crypto-etl-airflow/airflow-apache/lib/python3.11/site-packages/airflow/example_dags/example_branch_labels.py
[2025-05-04T03:59:32.390-0300] {processor.py:830} INFO - Processing file /home/facuvega/Descargas/crypto-etl-airflow/airflow-apache/lib/python3.11/site-packages/airflow/example_dags/example_branch_labels.py for tasks to queue
[2025-05-04T03:59:32.397-0300] {logging_mixin.py:188} INFO - [2025-05-04T03:59:32.395-0300] {dagbag.py:540} INFO - Filling up the DagBag from /home/facuvega/Descargas/crypto-etl-airflow/airflow-apache/lib/python3.11/site-packages/airflow/example_dags/example_branch_labels.py
[2025-05-04T03:59:32.417-0300] {processor.py:840} INFO - DAG(s) 'example_branch_labels' retrieved from /home/facuvega/Descargas/crypto-etl-airflow/airflow-apache/lib/python3.11/site-packages/airflow/example_dags/example_branch_labels.py
[2025-05-04T03:59:32.442-0300] {logging_mixin.py:188} INFO - [2025-05-04T03:59:32.442-0300] {dag.py:3096} INFO - Sync 1 DAGs
[2025-05-04T03:59:32.505-0300] {logging_mixin.py:188} INFO - [2025-05-04T03:59:32.505-0300] {dag.py:3954} INFO - Setting next_dagrun for example_branch_labels to 2025-05-03 00:00:00+00:00, run_after=2025-05-04 00:00:00+00:00
[2025-05-04T03:59:32.568-0300] {processor.py:183} INFO - Processing /home/facuvega/Descargas/crypto-etl-airflow/airflow-apache/lib/python3.11/site-packages/airflow/example_dags/example_branch_labels.py took 0.199 seconds
[2025-05-04T04:00:42.550-0300] {processor.py:161} INFO - Started process (PID=23844) to work on /home/facuvega/Descargas/crypto-etl-airflow/airflow-apache/lib/python3.11/site-packages/airflow/example_dags/example_branch_labels.py
[2025-05-04T04:00:42.552-0300] {processor.py:830} INFO - Processing file /home/facuvega/Descargas/crypto-etl-airflow/airflow-apache/lib/python3.11/site-packages/airflow/example_dags/example_branch_labels.py for tasks to queue
[2025-05-04T04:00:42.554-0300] {logging_mixin.py:188} INFO - [2025-05-04T04:00:42.553-0300] {dagbag.py:540} INFO - Filling up the DagBag from /home/facuvega/Descargas/crypto-etl-airflow/airflow-apache/lib/python3.11/site-packages/airflow/example_dags/example_branch_labels.py
[2025-05-04T04:00:42.578-0300] {processor.py:840} INFO - DAG(s) 'example_branch_labels' retrieved from /home/facuvega/Descargas/crypto-etl-airflow/airflow-apache/lib/python3.11/site-packages/airflow/example_dags/example_branch_labels.py
[2025-05-04T04:00:42.607-0300] {logging_mixin.py:188} INFO - [2025-05-04T04:00:42.607-0300] {dag.py:3096} INFO - Sync 1 DAGs
[2025-05-04T04:00:42.639-0300] {logging_mixin.py:188} INFO - [2025-05-04T04:00:42.639-0300] {dag.py:3954} INFO - Setting next_dagrun for example_branch_labels to 2025-05-03 00:00:00+00:00, run_after=2025-05-04 00:00:00+00:00
[2025-05-04T04:00:42.664-0300] {processor.py:183} INFO - Processing /home/facuvega/Descargas/crypto-etl-airflow/airflow-apache/lib/python3.11/site-packages/airflow/example_dags/example_branch_labels.py took 0.122 seconds
[2025-05-04T04:01:36.563-0300] {processor.py:161} INFO - Started process (PID=24095) to work on /home/facuvega/Descargas/crypto-etl-airflow/airflow-apache/lib/python3.11/site-packages/airflow/example_dags/example_branch_labels.py
[2025-05-04T04:01:36.564-0300] {processor.py:830} INFO - Processing file /home/facuvega/Descargas/crypto-etl-airflow/airflow-apache/lib/python3.11/site-packages/airflow/example_dags/example_branch_labels.py for tasks to queue
[2025-05-04T04:01:36.566-0300] {logging_mixin.py:188} INFO - [2025-05-04T04:01:36.566-0300] {dagbag.py:540} INFO - Filling up the DagBag from /home/facuvega/Descargas/crypto-etl-airflow/airflow-apache/lib/python3.11/site-packages/airflow/example_dags/example_branch_labels.py
[2025-05-04T04:01:36.574-0300] {processor.py:840} INFO - DAG(s) 'example_branch_labels' retrieved from /home/facuvega/Descargas/crypto-etl-airflow/airflow-apache/lib/python3.11/site-packages/airflow/example_dags/example_branch_labels.py
[2025-05-04T04:01:36.589-0300] {logging_mixin.py:188} INFO - [2025-05-04T04:01:36.589-0300] {dag.py:3096} INFO - Sync 1 DAGs
[2025-05-04T04:01:36.604-0300] {logging_mixin.py:188} INFO - [2025-05-04T04:01:36.604-0300] {dag.py:3954} INFO - Setting next_dagrun for example_branch_labels to 2025-05-03 00:00:00+00:00, run_after=2025-05-04 00:00:00+00:00
[2025-05-04T04:01:36.618-0300] {processor.py:183} INFO - Processing /home/facuvega/Descargas/crypto-etl-airflow/airflow-apache/lib/python3.11/site-packages/airflow/example_dags/example_branch_labels.py took 0.061 seconds
[2025-05-04T04:03:41.036-0300] {processor.py:161} INFO - Started process (PID=25074) to work on /home/facuvega/Descargas/crypto-etl-airflow/airflow-apache/lib/python3.11/site-packages/airflow/example_dags/example_branch_labels.py
[2025-05-04T04:03:41.036-0300] {processor.py:830} INFO - Processing file /home/facuvega/Descargas/crypto-etl-airflow/airflow-apache/lib/python3.11/site-packages/airflow/example_dags/example_branch_labels.py for tasks to queue
[2025-05-04T04:03:41.038-0300] {logging_mixin.py:188} INFO - [2025-05-04T04:03:41.038-0300] {dagbag.py:540} INFO - Filling up the DagBag from /home/facuvega/Descargas/crypto-etl-airflow/airflow-apache/lib/python3.11/site-packages/airflow/example_dags/example_branch_labels.py
[2025-05-04T04:03:41.044-0300] {processor.py:840} INFO - DAG(s) 'example_branch_labels' retrieved from /home/facuvega/Descargas/crypto-etl-airflow/airflow-apache/lib/python3.11/site-packages/airflow/example_dags/example_branch_labels.py
[2025-05-04T04:03:41.058-0300] {logging_mixin.py:188} INFO - [2025-05-04T04:03:41.058-0300] {dag.py:3096} INFO - Sync 1 DAGs
[2025-05-04T04:03:41.071-0300] {logging_mixin.py:188} INFO - [2025-05-04T04:03:41.071-0300] {dag.py:3954} INFO - Setting next_dagrun for example_branch_labels to 2025-05-03 00:00:00+00:00, run_after=2025-05-04 00:00:00+00:00
[2025-05-04T04:03:41.083-0300] {processor.py:183} INFO - Processing /home/facuvega/Descargas/crypto-etl-airflow/airflow-apache/lib/python3.11/site-packages/airflow/example_dags/example_branch_labels.py took 0.053 seconds
[2025-05-04T04:04:52.859-0300] {processor.py:161} INFO - Started process (PID=25871) to work on /home/facuvega/Descargas/crypto-etl-airflow/airflow-apache/lib/python3.11/site-packages/airflow/example_dags/example_branch_labels.py
[2025-05-04T04:04:52.862-0300] {processor.py:830} INFO - Processing file /home/facuvega/Descargas/crypto-etl-airflow/airflow-apache/lib/python3.11/site-packages/airflow/example_dags/example_branch_labels.py for tasks to queue
[2025-05-04T04:04:52.867-0300] {logging_mixin.py:188} INFO - [2025-05-04T04:04:52.866-0300] {dagbag.py:540} INFO - Filling up the DagBag from /home/facuvega/Descargas/crypto-etl-airflow/airflow-apache/lib/python3.11/site-packages/airflow/example_dags/example_branch_labels.py
[2025-05-04T04:04:52.899-0300] {processor.py:840} INFO - DAG(s) 'example_branch_labels' retrieved from /home/facuvega/Descargas/crypto-etl-airflow/airflow-apache/lib/python3.11/site-packages/airflow/example_dags/example_branch_labels.py
[2025-05-04T04:04:52.933-0300] {logging_mixin.py:188} INFO - [2025-05-04T04:04:52.933-0300] {dag.py:3096} INFO - Sync 1 DAGs
[2025-05-04T04:04:52.968-0300] {logging_mixin.py:188} INFO - [2025-05-04T04:04:52.968-0300] {dag.py:3954} INFO - Setting next_dagrun for example_branch_labels to 2025-05-03 00:00:00+00:00, run_after=2025-05-04 00:00:00+00:00
[2025-05-04T04:04:52.989-0300] {processor.py:183} INFO - Processing /home/facuvega/Descargas/crypto-etl-airflow/airflow-apache/lib/python3.11/site-packages/airflow/example_dags/example_branch_labels.py took 0.139 seconds
[2025-05-04T04:06:03.355-0300] {processor.py:161} INFO - Started process (PID=26482) to work on /home/facuvega/Descargas/crypto-etl-airflow/airflow-apache/lib/python3.11/site-packages/airflow/example_dags/example_branch_labels.py
[2025-05-04T04:06:03.358-0300] {processor.py:830} INFO - Processing file /home/facuvega/Descargas/crypto-etl-airflow/airflow-apache/lib/python3.11/site-packages/airflow/example_dags/example_branch_labels.py for tasks to queue
[2025-05-04T04:06:03.363-0300] {logging_mixin.py:188} INFO - [2025-05-04T04:06:03.362-0300] {dagbag.py:540} INFO - Filling up the DagBag from /home/facuvega/Descargas/crypto-etl-airflow/airflow-apache/lib/python3.11/site-packages/airflow/example_dags/example_branch_labels.py
[2025-05-04T04:06:03.385-0300] {processor.py:840} INFO - DAG(s) 'example_branch_labels' retrieved from /home/facuvega/Descargas/crypto-etl-airflow/airflow-apache/lib/python3.11/site-packages/airflow/example_dags/example_branch_labels.py
[2025-05-04T04:06:03.479-0300] {logging_mixin.py:188} INFO - [2025-05-04T04:06:03.475-0300] {dag.py:3096} INFO - Sync 1 DAGs
[2025-05-04T04:06:03.521-0300] {logging_mixin.py:188} INFO - [2025-05-04T04:06:03.521-0300] {dag.py:3954} INFO - Setting next_dagrun for example_branch_labels to 2025-05-03 00:00:00+00:00, run_after=2025-05-04 00:00:00+00:00
[2025-05-04T04:06:03.546-0300] {processor.py:183} INFO - Processing /home/facuvega/Descargas/crypto-etl-airflow/airflow-apache/lib/python3.11/site-packages/airflow/example_dags/example_branch_labels.py took 0.201 seconds
[2025-05-04T04:07:13.874-0300] {processor.py:161} INFO - Started process (PID=26872) to work on /home/facuvega/Descargas/crypto-etl-airflow/airflow-apache/lib/python3.11/site-packages/airflow/example_dags/example_branch_labels.py
[2025-05-04T04:07:13.875-0300] {processor.py:830} INFO - Processing file /home/facuvega/Descargas/crypto-etl-airflow/airflow-apache/lib/python3.11/site-packages/airflow/example_dags/example_branch_labels.py for tasks to queue
[2025-05-04T04:07:13.880-0300] {logging_mixin.py:188} INFO - [2025-05-04T04:07:13.879-0300] {dagbag.py:540} INFO - Filling up the DagBag from /home/facuvega/Descargas/crypto-etl-airflow/airflow-apache/lib/python3.11/site-packages/airflow/example_dags/example_branch_labels.py
[2025-05-04T04:07:13.900-0300] {processor.py:840} INFO - DAG(s) 'example_branch_labels' retrieved from /home/facuvega/Descargas/crypto-etl-airflow/airflow-apache/lib/python3.11/site-packages/airflow/example_dags/example_branch_labels.py
[2025-05-04T04:07:13.924-0300] {logging_mixin.py:188} INFO - [2025-05-04T04:07:13.923-0300] {dag.py:3096} INFO - Sync 1 DAGs
[2025-05-04T04:07:13.949-0300] {logging_mixin.py:188} INFO - [2025-05-04T04:07:13.948-0300] {dag.py:3954} INFO - Setting next_dagrun for example_branch_labels to 2025-05-03 00:00:00+00:00, run_after=2025-05-04 00:00:00+00:00
[2025-05-04T04:07:13.972-0300] {processor.py:183} INFO - Processing /home/facuvega/Descargas/crypto-etl-airflow/airflow-apache/lib/python3.11/site-packages/airflow/example_dags/example_branch_labels.py took 0.105 seconds
[2025-05-04T04:10:52.714-0300] {processor.py:161} INFO - Started process (PID=29080) to work on /home/facuvega/Descargas/crypto-etl-airflow/airflow-apache/lib/python3.11/site-packages/airflow/example_dags/example_branch_labels.py
[2025-05-04T04:10:52.715-0300] {processor.py:830} INFO - Processing file /home/facuvega/Descargas/crypto-etl-airflow/airflow-apache/lib/python3.11/site-packages/airflow/example_dags/example_branch_labels.py for tasks to queue
[2025-05-04T04:10:52.717-0300] {logging_mixin.py:188} INFO - [2025-05-04T04:10:52.717-0300] {dagbag.py:540} INFO - Filling up the DagBag from /home/facuvega/Descargas/crypto-etl-airflow/airflow-apache/lib/python3.11/site-packages/airflow/example_dags/example_branch_labels.py
[2025-05-04T04:10:52.724-0300] {processor.py:840} INFO - DAG(s) 'example_branch_labels' retrieved from /home/facuvega/Descargas/crypto-etl-airflow/airflow-apache/lib/python3.11/site-packages/airflow/example_dags/example_branch_labels.py
[2025-05-04T04:10:52.743-0300] {logging_mixin.py:188} INFO - [2025-05-04T04:10:52.743-0300] {dag.py:3096} INFO - Sync 1 DAGs
[2025-05-04T04:10:52.762-0300] {logging_mixin.py:188} INFO - [2025-05-04T04:10:52.761-0300] {dag.py:3954} INFO - Setting next_dagrun for example_branch_labels to 2025-05-03 00:00:00+00:00, run_after=2025-05-04 00:00:00+00:00
[2025-05-04T04:10:52.776-0300] {processor.py:183} INFO - Processing /home/facuvega/Descargas/crypto-etl-airflow/airflow-apache/lib/python3.11/site-packages/airflow/example_dags/example_branch_labels.py took 0.069 seconds
[2025-05-04T04:11:46.837-0300] {processor.py:161} INFO - Started process (PID=29337) to work on /home/facuvega/Descargas/crypto-etl-airflow/airflow-apache/lib/python3.11/site-packages/airflow/example_dags/example_branch_labels.py
[2025-05-04T04:11:46.838-0300] {processor.py:830} INFO - Processing file /home/facuvega/Descargas/crypto-etl-airflow/airflow-apache/lib/python3.11/site-packages/airflow/example_dags/example_branch_labels.py for tasks to queue
[2025-05-04T04:11:46.840-0300] {logging_mixin.py:188} INFO - [2025-05-04T04:11:46.839-0300] {dagbag.py:540} INFO - Filling up the DagBag from /home/facuvega/Descargas/crypto-etl-airflow/airflow-apache/lib/python3.11/site-packages/airflow/example_dags/example_branch_labels.py
[2025-05-04T04:11:46.846-0300] {processor.py:840} INFO - DAG(s) 'example_branch_labels' retrieved from /home/facuvega/Descargas/crypto-etl-airflow/airflow-apache/lib/python3.11/site-packages/airflow/example_dags/example_branch_labels.py
[2025-05-04T04:11:46.860-0300] {logging_mixin.py:188} INFO - [2025-05-04T04:11:46.860-0300] {dag.py:3096} INFO - Sync 1 DAGs
[2025-05-04T04:11:46.875-0300] {logging_mixin.py:188} INFO - [2025-05-04T04:11:46.875-0300] {dag.py:3954} INFO - Setting next_dagrun for example_branch_labels to 2025-05-03 00:00:00+00:00, run_after=2025-05-04 00:00:00+00:00
[2025-05-04T04:11:46.889-0300] {processor.py:183} INFO - Processing /home/facuvega/Descargas/crypto-etl-airflow/airflow-apache/lib/python3.11/site-packages/airflow/example_dags/example_branch_labels.py took 0.058 seconds
[2025-05-04T04:12:39.933-0300] {processor.py:161} INFO - Started process (PID=29578) to work on /home/facuvega/Descargas/crypto-etl-airflow/airflow-apache/lib/python3.11/site-packages/airflow/example_dags/example_branch_labels.py
[2025-05-04T04:12:39.934-0300] {processor.py:830} INFO - Processing file /home/facuvega/Descargas/crypto-etl-airflow/airflow-apache/lib/python3.11/site-packages/airflow/example_dags/example_branch_labels.py for tasks to queue
[2025-05-04T04:12:39.935-0300] {logging_mixin.py:188} INFO - [2025-05-04T04:12:39.935-0300] {dagbag.py:540} INFO - Filling up the DagBag from /home/facuvega/Descargas/crypto-etl-airflow/airflow-apache/lib/python3.11/site-packages/airflow/example_dags/example_branch_labels.py
[2025-05-04T04:12:39.942-0300] {processor.py:840} INFO - DAG(s) 'example_branch_labels' retrieved from /home/facuvega/Descargas/crypto-etl-airflow/airflow-apache/lib/python3.11/site-packages/airflow/example_dags/example_branch_labels.py
[2025-05-04T04:12:39.954-0300] {logging_mixin.py:188} INFO - [2025-05-04T04:12:39.954-0300] {dag.py:3096} INFO - Sync 1 DAGs
[2025-05-04T04:12:39.967-0300] {logging_mixin.py:188} INFO - [2025-05-04T04:12:39.967-0300] {dag.py:3954} INFO - Setting next_dagrun for example_branch_labels to 2025-05-03 00:00:00+00:00, run_after=2025-05-04 00:00:00+00:00
[2025-05-04T04:12:39.980-0300] {processor.py:183} INFO - Processing /home/facuvega/Descargas/crypto-etl-airflow/airflow-apache/lib/python3.11/site-packages/airflow/example_dags/example_branch_labels.py took 0.052 seconds
[2025-05-04T04:13:42.783-0300] {processor.py:161} INFO - Started process (PID=29862) to work on /home/facuvega/Descargas/crypto-etl-airflow/airflow-apache/lib/python3.11/site-packages/airflow/example_dags/example_branch_labels.py
[2025-05-04T04:13:42.784-0300] {processor.py:830} INFO - Processing file /home/facuvega/Descargas/crypto-etl-airflow/airflow-apache/lib/python3.11/site-packages/airflow/example_dags/example_branch_labels.py for tasks to queue
[2025-05-04T04:13:42.786-0300] {logging_mixin.py:188} INFO - [2025-05-04T04:13:42.786-0300] {dagbag.py:540} INFO - Filling up the DagBag from /home/facuvega/Descargas/crypto-etl-airflow/airflow-apache/lib/python3.11/site-packages/airflow/example_dags/example_branch_labels.py
[2025-05-04T04:13:42.792-0300] {processor.py:840} INFO - DAG(s) 'example_branch_labels' retrieved from /home/facuvega/Descargas/crypto-etl-airflow/airflow-apache/lib/python3.11/site-packages/airflow/example_dags/example_branch_labels.py
[2025-05-04T04:13:42.805-0300] {logging_mixin.py:188} INFO - [2025-05-04T04:13:42.804-0300] {dag.py:3096} INFO - Sync 1 DAGs
[2025-05-04T04:13:42.818-0300] {logging_mixin.py:188} INFO - [2025-05-04T04:13:42.818-0300] {dag.py:3954} INFO - Setting next_dagrun for example_branch_labels to 2025-05-03 00:00:00+00:00, run_after=2025-05-04 00:00:00+00:00
[2025-05-04T04:13:42.830-0300] {processor.py:183} INFO - Processing /home/facuvega/Descargas/crypto-etl-airflow/airflow-apache/lib/python3.11/site-packages/airflow/example_dags/example_branch_labels.py took 0.051 seconds
[2025-05-04T04:14:43.631-0300] {processor.py:161} INFO - Started process (PID=30166) to work on /home/facuvega/Descargas/crypto-etl-airflow/airflow-apache/lib/python3.11/site-packages/airflow/example_dags/example_branch_labels.py
[2025-05-04T04:14:43.632-0300] {processor.py:830} INFO - Processing file /home/facuvega/Descargas/crypto-etl-airflow/airflow-apache/lib/python3.11/site-packages/airflow/example_dags/example_branch_labels.py for tasks to queue
[2025-05-04T04:14:43.633-0300] {logging_mixin.py:188} INFO - [2025-05-04T04:14:43.633-0300] {dagbag.py:540} INFO - Filling up the DagBag from /home/facuvega/Descargas/crypto-etl-airflow/airflow-apache/lib/python3.11/site-packages/airflow/example_dags/example_branch_labels.py
[2025-05-04T04:14:43.640-0300] {processor.py:840} INFO - DAG(s) 'example_branch_labels' retrieved from /home/facuvega/Descargas/crypto-etl-airflow/airflow-apache/lib/python3.11/site-packages/airflow/example_dags/example_branch_labels.py
[2025-05-04T04:14:43.654-0300] {logging_mixin.py:188} INFO - [2025-05-04T04:14:43.654-0300] {dag.py:3096} INFO - Sync 1 DAGs
[2025-05-04T04:14:43.668-0300] {logging_mixin.py:188} INFO - [2025-05-04T04:14:43.667-0300] {dag.py:3954} INFO - Setting next_dagrun for example_branch_labels to 2025-05-03 00:00:00+00:00, run_after=2025-05-04 00:00:00+00:00
[2025-05-04T04:14:43.680-0300] {processor.py:183} INFO - Processing /home/facuvega/Descargas/crypto-etl-airflow/airflow-apache/lib/python3.11/site-packages/airflow/example_dags/example_branch_labels.py took 0.054 seconds
[2025-05-04T04:15:57.544-0300] {processor.py:161} INFO - Started process (PID=30582) to work on /home/facuvega/Descargas/crypto-etl-airflow/airflow-apache/lib/python3.11/site-packages/airflow/example_dags/example_branch_labels.py
[2025-05-04T04:15:57.545-0300] {processor.py:830} INFO - Processing file /home/facuvega/Descargas/crypto-etl-airflow/airflow-apache/lib/python3.11/site-packages/airflow/example_dags/example_branch_labels.py for tasks to queue
[2025-05-04T04:15:57.547-0300] {logging_mixin.py:188} INFO - [2025-05-04T04:15:57.547-0300] {dagbag.py:540} INFO - Filling up the DagBag from /home/facuvega/Descargas/crypto-etl-airflow/airflow-apache/lib/python3.11/site-packages/airflow/example_dags/example_branch_labels.py
[2025-05-04T04:15:57.555-0300] {processor.py:840} INFO - DAG(s) 'example_branch_labels' retrieved from /home/facuvega/Descargas/crypto-etl-airflow/airflow-apache/lib/python3.11/site-packages/airflow/example_dags/example_branch_labels.py
[2025-05-04T04:15:57.575-0300] {logging_mixin.py:188} INFO - [2025-05-04T04:15:57.574-0300] {dag.py:3096} INFO - Sync 1 DAGs
[2025-05-04T04:15:57.590-0300] {logging_mixin.py:188} INFO - [2025-05-04T04:15:57.590-0300] {dag.py:3954} INFO - Setting next_dagrun for example_branch_labels to 2025-05-03 00:00:00+00:00, run_after=2025-05-04 00:00:00+00:00
[2025-05-04T04:15:57.614-0300] {processor.py:183} INFO - Processing /home/facuvega/Descargas/crypto-etl-airflow/airflow-apache/lib/python3.11/site-packages/airflow/example_dags/example_branch_labels.py took 0.076 seconds
[2025-05-04T04:17:35.337-0300] {processor.py:161} INFO - Started process (PID=31384) to work on /home/facuvega/Descargas/crypto-etl-airflow/airflow-apache/lib/python3.11/site-packages/airflow/example_dags/example_branch_labels.py
[2025-05-04T04:17:35.338-0300] {processor.py:830} INFO - Processing file /home/facuvega/Descargas/crypto-etl-airflow/airflow-apache/lib/python3.11/site-packages/airflow/example_dags/example_branch_labels.py for tasks to queue
[2025-05-04T04:17:35.340-0300] {logging_mixin.py:188} INFO - [2025-05-04T04:17:35.339-0300] {dagbag.py:540} INFO - Filling up the DagBag from /home/facuvega/Descargas/crypto-etl-airflow/airflow-apache/lib/python3.11/site-packages/airflow/example_dags/example_branch_labels.py
[2025-05-04T04:17:35.346-0300] {processor.py:840} INFO - DAG(s) 'example_branch_labels' retrieved from /home/facuvega/Descargas/crypto-etl-airflow/airflow-apache/lib/python3.11/site-packages/airflow/example_dags/example_branch_labels.py
[2025-05-04T04:17:35.361-0300] {logging_mixin.py:188} INFO - [2025-05-04T04:17:35.361-0300] {dag.py:3096} INFO - Sync 1 DAGs
[2025-05-04T04:17:35.375-0300] {logging_mixin.py:188} INFO - [2025-05-04T04:17:35.374-0300] {dag.py:3954} INFO - Setting next_dagrun for example_branch_labels to 2025-05-03 00:00:00+00:00, run_after=2025-05-04 00:00:00+00:00
[2025-05-04T04:17:35.387-0300] {processor.py:183} INFO - Processing /home/facuvega/Descargas/crypto-etl-airflow/airflow-apache/lib/python3.11/site-packages/airflow/example_dags/example_branch_labels.py took 0.056 seconds
[2025-05-04T04:19:07.527-0300] {processor.py:161} INFO - Started process (PID=32497) to work on /home/facuvega/Descargas/crypto-etl-airflow/airflow-apache/lib/python3.11/site-packages/airflow/example_dags/example_branch_labels.py
[2025-05-04T04:19:07.528-0300] {processor.py:830} INFO - Processing file /home/facuvega/Descargas/crypto-etl-airflow/airflow-apache/lib/python3.11/site-packages/airflow/example_dags/example_branch_labels.py for tasks to queue
[2025-05-04T04:19:07.532-0300] {logging_mixin.py:188} INFO - [2025-05-04T04:19:07.531-0300] {dagbag.py:540} INFO - Filling up the DagBag from /home/facuvega/Descargas/crypto-etl-airflow/airflow-apache/lib/python3.11/site-packages/airflow/example_dags/example_branch_labels.py
[2025-05-04T04:19:07.549-0300] {processor.py:840} INFO - DAG(s) 'example_branch_labels' retrieved from /home/facuvega/Descargas/crypto-etl-airflow/airflow-apache/lib/python3.11/site-packages/airflow/example_dags/example_branch_labels.py
[2025-05-04T04:19:07.602-0300] {logging_mixin.py:188} INFO - [2025-05-04T04:19:07.602-0300] {dag.py:3096} INFO - Sync 1 DAGs
[2025-05-04T04:19:07.665-0300] {logging_mixin.py:188} INFO - [2025-05-04T04:19:07.665-0300] {dag.py:3954} INFO - Setting next_dagrun for example_branch_labels to 2025-05-03 00:00:00+00:00, run_after=2025-05-04 00:00:00+00:00
[2025-05-04T04:19:07.701-0300] {processor.py:183} INFO - Processing /home/facuvega/Descargas/crypto-etl-airflow/airflow-apache/lib/python3.11/site-packages/airflow/example_dags/example_branch_labels.py took 0.186 seconds
[2025-05-04T04:20:07.455-0300] {processor.py:161} INFO - Started process (PID=32947) to work on /home/facuvega/Descargas/crypto-etl-airflow/airflow-apache/lib/python3.11/site-packages/airflow/example_dags/example_branch_labels.py
[2025-05-04T04:20:07.456-0300] {processor.py:830} INFO - Processing file /home/facuvega/Descargas/crypto-etl-airflow/airflow-apache/lib/python3.11/site-packages/airflow/example_dags/example_branch_labels.py for tasks to queue
[2025-05-04T04:20:07.458-0300] {logging_mixin.py:188} INFO - [2025-05-04T04:20:07.457-0300] {dagbag.py:540} INFO - Filling up the DagBag from /home/facuvega/Descargas/crypto-etl-airflow/airflow-apache/lib/python3.11/site-packages/airflow/example_dags/example_branch_labels.py
[2025-05-04T04:20:07.466-0300] {processor.py:840} INFO - DAG(s) 'example_branch_labels' retrieved from /home/facuvega/Descargas/crypto-etl-airflow/airflow-apache/lib/python3.11/site-packages/airflow/example_dags/example_branch_labels.py
[2025-05-04T04:20:07.487-0300] {logging_mixin.py:188} INFO - [2025-05-04T04:20:07.487-0300] {dag.py:3096} INFO - Sync 1 DAGs
[2025-05-04T04:20:07.505-0300] {logging_mixin.py:188} INFO - [2025-05-04T04:20:07.505-0300] {dag.py:3954} INFO - Setting next_dagrun for example_branch_labels to 2025-05-03 00:00:00+00:00, run_after=2025-05-04 00:00:00+00:00
[2025-05-04T04:20:07.519-0300] {processor.py:183} INFO - Processing /home/facuvega/Descargas/crypto-etl-airflow/airflow-apache/lib/python3.11/site-packages/airflow/example_dags/example_branch_labels.py took 0.070 seconds
[2025-05-04T04:20:58.147-0300] {processor.py:161} INFO - Started process (PID=33178) to work on /home/facuvega/Descargas/crypto-etl-airflow/airflow-apache/lib/python3.11/site-packages/airflow/example_dags/example_branch_labels.py
[2025-05-04T04:20:58.148-0300] {processor.py:830} INFO - Processing file /home/facuvega/Descargas/crypto-etl-airflow/airflow-apache/lib/python3.11/site-packages/airflow/example_dags/example_branch_labels.py for tasks to queue
[2025-05-04T04:20:58.150-0300] {logging_mixin.py:188} INFO - [2025-05-04T04:20:58.149-0300] {dagbag.py:540} INFO - Filling up the DagBag from /home/facuvega/Descargas/crypto-etl-airflow/airflow-apache/lib/python3.11/site-packages/airflow/example_dags/example_branch_labels.py
[2025-05-04T04:20:58.160-0300] {processor.py:840} INFO - DAG(s) 'example_branch_labels' retrieved from /home/facuvega/Descargas/crypto-etl-airflow/airflow-apache/lib/python3.11/site-packages/airflow/example_dags/example_branch_labels.py
[2025-05-04T04:20:58.175-0300] {logging_mixin.py:188} INFO - [2025-05-04T04:20:58.175-0300] {dag.py:3096} INFO - Sync 1 DAGs
[2025-05-04T04:20:58.192-0300] {logging_mixin.py:188} INFO - [2025-05-04T04:20:58.192-0300] {dag.py:3954} INFO - Setting next_dagrun for example_branch_labels to 2025-05-03 00:00:00+00:00, run_after=2025-05-04 00:00:00+00:00
[2025-05-04T04:20:58.207-0300] {processor.py:183} INFO - Processing /home/facuvega/Descargas/crypto-etl-airflow/airflow-apache/lib/python3.11/site-packages/airflow/example_dags/example_branch_labels.py took 0.069 seconds
[2025-05-04T04:22:43.991-0300] {processor.py:161} INFO - Started process (PID=34115) to work on /home/facuvega/Descargas/crypto-etl-airflow/airflow-apache/lib/python3.11/site-packages/airflow/example_dags/example_branch_labels.py
[2025-05-04T04:22:43.994-0300] {processor.py:830} INFO - Processing file /home/facuvega/Descargas/crypto-etl-airflow/airflow-apache/lib/python3.11/site-packages/airflow/example_dags/example_branch_labels.py for tasks to queue
[2025-05-04T04:22:43.998-0300] {logging_mixin.py:188} INFO - [2025-05-04T04:22:43.997-0300] {dagbag.py:540} INFO - Filling up the DagBag from /home/facuvega/Descargas/crypto-etl-airflow/airflow-apache/lib/python3.11/site-packages/airflow/example_dags/example_branch_labels.py
[2025-05-04T04:22:44.023-0300] {processor.py:840} INFO - DAG(s) 'example_branch_labels' retrieved from /home/facuvega/Descargas/crypto-etl-airflow/airflow-apache/lib/python3.11/site-packages/airflow/example_dags/example_branch_labels.py
[2025-05-04T04:22:44.107-0300] {logging_mixin.py:188} INFO - [2025-05-04T04:22:44.102-0300] {dag.py:3096} INFO - Sync 1 DAGs
[2025-05-04T04:22:44.175-0300] {logging_mixin.py:188} INFO - [2025-05-04T04:22:44.174-0300] {dag.py:3954} INFO - Setting next_dagrun for example_branch_labels to 2025-05-03 00:00:00+00:00, run_after=2025-05-04 00:00:00+00:00
[2025-05-04T04:22:44.193-0300] {processor.py:183} INFO - Processing /home/facuvega/Descargas/crypto-etl-airflow/airflow-apache/lib/python3.11/site-packages/airflow/example_dags/example_branch_labels.py took 0.215 seconds
[2025-05-04T04:24:21.750-0300] {processor.py:161} INFO - Started process (PID=35345) to work on /home/facuvega/Descargas/crypto-etl-airflow/airflow-apache/lib/python3.11/site-packages/airflow/example_dags/example_branch_labels.py
[2025-05-04T04:24:21.751-0300] {processor.py:830} INFO - Processing file /home/facuvega/Descargas/crypto-etl-airflow/airflow-apache/lib/python3.11/site-packages/airflow/example_dags/example_branch_labels.py for tasks to queue
[2025-05-04T04:24:21.753-0300] {logging_mixin.py:188} INFO - [2025-05-04T04:24:21.753-0300] {dagbag.py:540} INFO - Filling up the DagBag from /home/facuvega/Descargas/crypto-etl-airflow/airflow-apache/lib/python3.11/site-packages/airflow/example_dags/example_branch_labels.py
[2025-05-04T04:24:21.762-0300] {processor.py:840} INFO - DAG(s) 'example_branch_labels' retrieved from /home/facuvega/Descargas/crypto-etl-airflow/airflow-apache/lib/python3.11/site-packages/airflow/example_dags/example_branch_labels.py
[2025-05-04T04:24:21.777-0300] {logging_mixin.py:188} INFO - [2025-05-04T04:24:21.777-0300] {dag.py:3096} INFO - Sync 1 DAGs
[2025-05-04T04:24:21.792-0300] {logging_mixin.py:188} INFO - [2025-05-04T04:24:21.792-0300] {dag.py:3954} INFO - Setting next_dagrun for example_branch_labels to 2025-05-03 00:00:00+00:00, run_after=2025-05-04 00:00:00+00:00
[2025-05-04T04:24:21.806-0300] {processor.py:183} INFO - Processing /home/facuvega/Descargas/crypto-etl-airflow/airflow-apache/lib/python3.11/site-packages/airflow/example_dags/example_branch_labels.py took 0.062 seconds
