[2025-05-04T03:51:03.404-0300] {processor.py:161} INFO - Started process (PID=19723) to work on /home/facuvega/Descargas/crypto-etl-airflow/airflow-apache/lib/python3.11/site-packages/airflow/example_dags/example_params_trigger_ui.py
[2025-05-04T03:51:03.405-0300] {processor.py:830} INFO - Processing file /home/facuvega/Descargas/crypto-etl-airflow/airflow-apache/lib/python3.11/site-packages/airflow/example_dags/example_params_trigger_ui.py for tasks to queue
[2025-05-04T03:51:03.406-0300] {logging_mixin.py:188} INFO - [2025-05-04T03:51:03.406-0300] {dagbag.py:540} INFO - Filling up the DagBag from /home/facuvega/Descargas/crypto-etl-airflow/airflow-apache/lib/python3.11/site-packages/airflow/example_dags/example_params_trigger_ui.py
[2025-05-04T03:51:03.417-0300] {processor.py:840} INFO - DAG(s) 'example_params_trigger_ui' retrieved from /home/facuvega/Descargas/crypto-etl-airflow/airflow-apache/lib/python3.11/site-packages/airflow/example_dags/example_params_trigger_ui.py
[2025-05-04T03:51:03.444-0300] {logging_mixin.py:188} INFO - [2025-05-04T03:51:03.444-0300] {dag.py:3096} INFO - Sync 1 DAGs
[2025-05-04T03:51:03.452-0300] {logging_mixin.py:188} INFO - [2025-05-04T03:51:03.452-0300] {dag.py:3954} INFO - Setting next_dagrun for example_params_trigger_ui to None, run_after=None
[2025-05-04T03:51:03.465-0300] {processor.py:183} INFO - Processing /home/facuvega/Descargas/crypto-etl-airflow/airflow-apache/lib/python3.11/site-packages/airflow/example_dags/example_params_trigger_ui.py took 0.066 seconds
[2025-05-04T03:51:55.073-0300] {processor.py:161} INFO - Started process (PID=19958) to work on /home/facuvega/Descargas/crypto-etl-airflow/airflow-apache/lib/python3.11/site-packages/airflow/example_dags/example_params_trigger_ui.py
[2025-05-04T03:51:55.074-0300] {processor.py:830} INFO - Processing file /home/facuvega/Descargas/crypto-etl-airflow/airflow-apache/lib/python3.11/site-packages/airflow/example_dags/example_params_trigger_ui.py for tasks to queue
[2025-05-04T03:51:55.075-0300] {logging_mixin.py:188} INFO - [2025-05-04T03:51:55.075-0300] {dagbag.py:540} INFO - Filling up the DagBag from /home/facuvega/Descargas/crypto-etl-airflow/airflow-apache/lib/python3.11/site-packages/airflow/example_dags/example_params_trigger_ui.py
[2025-05-04T03:51:55.086-0300] {processor.py:840} INFO - DAG(s) 'example_params_trigger_ui' retrieved from /home/facuvega/Descargas/crypto-etl-airflow/airflow-apache/lib/python3.11/site-packages/airflow/example_dags/example_params_trigger_ui.py
[2025-05-04T03:51:55.111-0300] {logging_mixin.py:188} INFO - [2025-05-04T03:51:55.111-0300] {dag.py:3096} INFO - Sync 1 DAGs
[2025-05-04T03:51:55.119-0300] {logging_mixin.py:188} INFO - [2025-05-04T03:51:55.119-0300] {dag.py:3954} INFO - Setting next_dagrun for example_params_trigger_ui to None, run_after=None
[2025-05-04T03:51:55.131-0300] {processor.py:183} INFO - Processing /home/facuvega/Descargas/crypto-etl-airflow/airflow-apache/lib/python3.11/site-packages/airflow/example_dags/example_params_trigger_ui.py took 0.063 seconds
[2025-05-04T03:52:46.749-0300] {processor.py:161} INFO - Started process (PID=20209) to work on /home/facuvega/Descargas/crypto-etl-airflow/airflow-apache/lib/python3.11/site-packages/airflow/example_dags/example_params_trigger_ui.py
[2025-05-04T03:52:46.751-0300] {processor.py:830} INFO - Processing file /home/facuvega/Descargas/crypto-etl-airflow/airflow-apache/lib/python3.11/site-packages/airflow/example_dags/example_params_trigger_ui.py for tasks to queue
[2025-05-04T03:52:46.752-0300] {logging_mixin.py:188} INFO - [2025-05-04T03:52:46.752-0300] {dagbag.py:540} INFO - Filling up the DagBag from /home/facuvega/Descargas/crypto-etl-airflow/airflow-apache/lib/python3.11/site-packages/airflow/example_dags/example_params_trigger_ui.py
[2025-05-04T03:52:46.763-0300] {processor.py:840} INFO - DAG(s) 'example_params_trigger_ui' retrieved from /home/facuvega/Descargas/crypto-etl-airflow/airflow-apache/lib/python3.11/site-packages/airflow/example_dags/example_params_trigger_ui.py
[2025-05-04T03:52:46.786-0300] {logging_mixin.py:188} INFO - [2025-05-04T03:52:46.786-0300] {dag.py:3096} INFO - Sync 1 DAGs
[2025-05-04T03:52:46.795-0300] {logging_mixin.py:188} INFO - [2025-05-04T03:52:46.794-0300] {dag.py:3954} INFO - Setting next_dagrun for example_params_trigger_ui to None, run_after=None
[2025-05-04T03:52:46.808-0300] {processor.py:183} INFO - Processing /home/facuvega/Descargas/crypto-etl-airflow/airflow-apache/lib/python3.11/site-packages/airflow/example_dags/example_params_trigger_ui.py took 0.063 seconds
[2025-05-04T03:53:33.756-0300] {processor.py:161} INFO - Started process (PID=20671) to work on /home/facuvega/Descargas/crypto-etl-airflow/airflow-apache/lib/python3.11/site-packages/airflow/example_dags/example_params_trigger_ui.py
[2025-05-04T03:53:33.756-0300] {processor.py:830} INFO - Processing file /home/facuvega/Descargas/crypto-etl-airflow/airflow-apache/lib/python3.11/site-packages/airflow/example_dags/example_params_trigger_ui.py for tasks to queue
[2025-05-04T03:53:33.758-0300] {logging_mixin.py:188} INFO - [2025-05-04T03:53:33.758-0300] {dagbag.py:540} INFO - Filling up the DagBag from /home/facuvega/Descargas/crypto-etl-airflow/airflow-apache/lib/python3.11/site-packages/airflow/example_dags/example_params_trigger_ui.py
[2025-05-04T03:53:33.769-0300] {processor.py:840} INFO - DAG(s) 'example_params_trigger_ui' retrieved from /home/facuvega/Descargas/crypto-etl-airflow/airflow-apache/lib/python3.11/site-packages/airflow/example_dags/example_params_trigger_ui.py
[2025-05-04T03:53:33.796-0300] {logging_mixin.py:188} INFO - [2025-05-04T03:53:33.795-0300] {dag.py:3096} INFO - Sync 1 DAGs
[2025-05-04T03:53:33.809-0300] {logging_mixin.py:188} INFO - [2025-05-04T03:53:33.807-0300] {dag.py:3954} INFO - Setting next_dagrun for example_params_trigger_ui to None, run_after=None
[2025-05-04T03:53:33.830-0300] {processor.py:183} INFO - Processing /home/facuvega/Descargas/crypto-etl-airflow/airflow-apache/lib/python3.11/site-packages/airflow/example_dags/example_params_trigger_ui.py took 0.079 seconds
[2025-05-04T03:54:21.988-0300] {processor.py:161} INFO - Started process (PID=20974) to work on /home/facuvega/Descargas/crypto-etl-airflow/airflow-apache/lib/python3.11/site-packages/airflow/example_dags/example_params_trigger_ui.py
[2025-05-04T03:54:21.989-0300] {processor.py:830} INFO - Processing file /home/facuvega/Descargas/crypto-etl-airflow/airflow-apache/lib/python3.11/site-packages/airflow/example_dags/example_params_trigger_ui.py for tasks to queue
[2025-05-04T03:54:21.991-0300] {logging_mixin.py:188} INFO - [2025-05-04T03:54:21.990-0300] {dagbag.py:540} INFO - Filling up the DagBag from /home/facuvega/Descargas/crypto-etl-airflow/airflow-apache/lib/python3.11/site-packages/airflow/example_dags/example_params_trigger_ui.py
[2025-05-04T03:54:22.003-0300] {processor.py:840} INFO - DAG(s) 'example_params_trigger_ui' retrieved from /home/facuvega/Descargas/crypto-etl-airflow/airflow-apache/lib/python3.11/site-packages/airflow/example_dags/example_params_trigger_ui.py
[2025-05-04T03:54:22.028-0300] {logging_mixin.py:188} INFO - [2025-05-04T03:54:22.027-0300] {dag.py:3096} INFO - Sync 1 DAGs
[2025-05-04T03:54:22.036-0300] {logging_mixin.py:188} INFO - [2025-05-04T03:54:22.036-0300] {dag.py:3954} INFO - Setting next_dagrun for example_params_trigger_ui to None, run_after=None
[2025-05-04T03:54:22.049-0300] {processor.py:183} INFO - Processing /home/facuvega/Descargas/crypto-etl-airflow/airflow-apache/lib/python3.11/site-packages/airflow/example_dags/example_params_trigger_ui.py took 0.066 seconds
[2025-05-04T03:55:22.364-0300] {processor.py:161} INFO - Started process (PID=21283) to work on /home/facuvega/Descargas/crypto-etl-airflow/airflow-apache/lib/python3.11/site-packages/airflow/example_dags/example_params_trigger_ui.py
[2025-05-04T03:55:22.365-0300] {processor.py:830} INFO - Processing file /home/facuvega/Descargas/crypto-etl-airflow/airflow-apache/lib/python3.11/site-packages/airflow/example_dags/example_params_trigger_ui.py for tasks to queue
[2025-05-04T03:55:22.366-0300] {logging_mixin.py:188} INFO - [2025-05-04T03:55:22.366-0300] {dagbag.py:540} INFO - Filling up the DagBag from /home/facuvega/Descargas/crypto-etl-airflow/airflow-apache/lib/python3.11/site-packages/airflow/example_dags/example_params_trigger_ui.py
[2025-05-04T03:55:22.378-0300] {processor.py:840} INFO - DAG(s) 'example_params_trigger_ui' retrieved from /home/facuvega/Descargas/crypto-etl-airflow/airflow-apache/lib/python3.11/site-packages/airflow/example_dags/example_params_trigger_ui.py
[2025-05-04T03:55:22.402-0300] {logging_mixin.py:188} INFO - [2025-05-04T03:55:22.402-0300] {dag.py:3096} INFO - Sync 1 DAGs
[2025-05-04T03:55:22.411-0300] {logging_mixin.py:188} INFO - [2025-05-04T03:55:22.411-0300] {dag.py:3954} INFO - Setting next_dagrun for example_params_trigger_ui to None, run_after=None
[2025-05-04T03:55:22.424-0300] {processor.py:183} INFO - Processing /home/facuvega/Descargas/crypto-etl-airflow/airflow-apache/lib/python3.11/site-packages/airflow/example_dags/example_params_trigger_ui.py took 0.065 seconds
[2025-05-04T03:56:13.598-0300] {processor.py:161} INFO - Started process (PID=21587) to work on /home/facuvega/Descargas/crypto-etl-airflow/airflow-apache/lib/python3.11/site-packages/airflow/example_dags/example_params_trigger_ui.py
[2025-05-04T03:56:13.599-0300] {processor.py:830} INFO - Processing file /home/facuvega/Descargas/crypto-etl-airflow/airflow-apache/lib/python3.11/site-packages/airflow/example_dags/example_params_trigger_ui.py for tasks to queue
[2025-05-04T03:56:13.601-0300] {logging_mixin.py:188} INFO - [2025-05-04T03:56:13.600-0300] {dagbag.py:540} INFO - Filling up the DagBag from /home/facuvega/Descargas/crypto-etl-airflow/airflow-apache/lib/python3.11/site-packages/airflow/example_dags/example_params_trigger_ui.py
[2025-05-04T03:56:13.615-0300] {processor.py:840} INFO - DAG(s) 'example_params_trigger_ui' retrieved from /home/facuvega/Descargas/crypto-etl-airflow/airflow-apache/lib/python3.11/site-packages/airflow/example_dags/example_params_trigger_ui.py
[2025-05-04T03:56:13.641-0300] {logging_mixin.py:188} INFO - [2025-05-04T03:56:13.641-0300] {dag.py:3096} INFO - Sync 1 DAGs
[2025-05-04T03:56:13.650-0300] {logging_mixin.py:188} INFO - [2025-05-04T03:56:13.650-0300] {dag.py:3954} INFO - Setting next_dagrun for example_params_trigger_ui to None, run_after=None
[2025-05-04T03:56:13.663-0300] {processor.py:183} INFO - Processing /home/facuvega/Descargas/crypto-etl-airflow/airflow-apache/lib/python3.11/site-packages/airflow/example_dags/example_params_trigger_ui.py took 0.071 seconds
[2025-05-04T03:57:14.360-0300] {processor.py:161} INFO - Started process (PID=21869) to work on /home/facuvega/Descargas/crypto-etl-airflow/airflow-apache/lib/python3.11/site-packages/airflow/example_dags/example_params_trigger_ui.py
[2025-05-04T03:57:14.362-0300] {processor.py:830} INFO - Processing file /home/facuvega/Descargas/crypto-etl-airflow/airflow-apache/lib/python3.11/site-packages/airflow/example_dags/example_params_trigger_ui.py for tasks to queue
[2025-05-04T03:57:14.364-0300] {logging_mixin.py:188} INFO - [2025-05-04T03:57:14.363-0300] {dagbag.py:540} INFO - Filling up the DagBag from /home/facuvega/Descargas/crypto-etl-airflow/airflow-apache/lib/python3.11/site-packages/airflow/example_dags/example_params_trigger_ui.py
[2025-05-04T03:57:14.380-0300] {processor.py:840} INFO - DAG(s) 'example_params_trigger_ui' retrieved from /home/facuvega/Descargas/crypto-etl-airflow/airflow-apache/lib/python3.11/site-packages/airflow/example_dags/example_params_trigger_ui.py
[2025-05-04T03:57:14.443-0300] {logging_mixin.py:188} INFO - [2025-05-04T03:57:14.439-0300] {dag.py:3096} INFO - Sync 1 DAGs
[2025-05-04T03:57:14.475-0300] {logging_mixin.py:188} INFO - [2025-05-04T03:57:14.475-0300] {dag.py:3954} INFO - Setting next_dagrun for example_params_trigger_ui to None, run_after=None
[2025-05-04T03:57:14.522-0300] {processor.py:183} INFO - Processing /home/facuvega/Descargas/crypto-etl-airflow/airflow-apache/lib/python3.11/site-packages/airflow/example_dags/example_params_trigger_ui.py took 0.176 seconds
[2025-05-04T03:58:26.771-0300] {processor.py:161} INFO - Started process (PID=22644) to work on /home/facuvega/Descargas/crypto-etl-airflow/airflow-apache/lib/python3.11/site-packages/airflow/example_dags/example_params_trigger_ui.py
[2025-05-04T03:58:26.772-0300] {processor.py:830} INFO - Processing file /home/facuvega/Descargas/crypto-etl-airflow/airflow-apache/lib/python3.11/site-packages/airflow/example_dags/example_params_trigger_ui.py for tasks to queue
[2025-05-04T03:58:26.774-0300] {logging_mixin.py:188} INFO - [2025-05-04T03:58:26.774-0300] {dagbag.py:540} INFO - Filling up the DagBag from /home/facuvega/Descargas/crypto-etl-airflow/airflow-apache/lib/python3.11/site-packages/airflow/example_dags/example_params_trigger_ui.py
[2025-05-04T03:58:26.784-0300] {processor.py:840} INFO - DAG(s) 'example_params_trigger_ui' retrieved from /home/facuvega/Descargas/crypto-etl-airflow/airflow-apache/lib/python3.11/site-packages/airflow/example_dags/example_params_trigger_ui.py
[2025-05-04T03:58:26.810-0300] {logging_mixin.py:188} INFO - [2025-05-04T03:58:26.810-0300] {dag.py:3096} INFO - Sync 1 DAGs
[2025-05-04T03:58:26.820-0300] {logging_mixin.py:188} INFO - [2025-05-04T03:58:26.820-0300] {dag.py:3954} INFO - Setting next_dagrun for example_params_trigger_ui to None, run_after=None
[2025-05-04T03:58:26.833-0300] {processor.py:183} INFO - Processing /home/facuvega/Descargas/crypto-etl-airflow/airflow-apache/lib/python3.11/site-packages/airflow/example_dags/example_params_trigger_ui.py took 0.066 seconds
[2025-05-04T03:59:21.311-0300] {processor.py:161} INFO - Started process (PID=22884) to work on /home/facuvega/Descargas/crypto-etl-airflow/airflow-apache/lib/python3.11/site-packages/airflow/example_dags/example_params_trigger_ui.py
[2025-05-04T03:59:21.312-0300] {processor.py:830} INFO - Processing file /home/facuvega/Descargas/crypto-etl-airflow/airflow-apache/lib/python3.11/site-packages/airflow/example_dags/example_params_trigger_ui.py for tasks to queue
[2025-05-04T03:59:21.314-0300] {logging_mixin.py:188} INFO - [2025-05-04T03:59:21.313-0300] {dagbag.py:540} INFO - Filling up the DagBag from /home/facuvega/Descargas/crypto-etl-airflow/airflow-apache/lib/python3.11/site-packages/airflow/example_dags/example_params_trigger_ui.py
[2025-05-04T03:59:21.329-0300] {processor.py:840} INFO - DAG(s) 'example_params_trigger_ui' retrieved from /home/facuvega/Descargas/crypto-etl-airflow/airflow-apache/lib/python3.11/site-packages/airflow/example_dags/example_params_trigger_ui.py
[2025-05-04T03:59:21.357-0300] {logging_mixin.py:188} INFO - [2025-05-04T03:59:21.357-0300] {dag.py:3096} INFO - Sync 1 DAGs
[2025-05-04T03:59:21.367-0300] {logging_mixin.py:188} INFO - [2025-05-04T03:59:21.367-0300] {dag.py:3954} INFO - Setting next_dagrun for example_params_trigger_ui to None, run_after=None
[2025-05-04T03:59:21.380-0300] {processor.py:183} INFO - Processing /home/facuvega/Descargas/crypto-etl-airflow/airflow-apache/lib/python3.11/site-packages/airflow/example_dags/example_params_trigger_ui.py took 0.075 seconds
[2025-05-04T04:00:31.726-0300] {processor.py:161} INFO - Started process (PID=23800) to work on /home/facuvega/Descargas/crypto-etl-airflow/airflow-apache/lib/python3.11/site-packages/airflow/example_dags/example_params_trigger_ui.py
[2025-05-04T04:00:31.727-0300] {processor.py:830} INFO - Processing file /home/facuvega/Descargas/crypto-etl-airflow/airflow-apache/lib/python3.11/site-packages/airflow/example_dags/example_params_trigger_ui.py for tasks to queue
[2025-05-04T04:00:31.729-0300] {logging_mixin.py:188} INFO - [2025-05-04T04:00:31.728-0300] {dagbag.py:540} INFO - Filling up the DagBag from /home/facuvega/Descargas/crypto-etl-airflow/airflow-apache/lib/python3.11/site-packages/airflow/example_dags/example_params_trigger_ui.py
[2025-05-04T04:00:31.744-0300] {processor.py:840} INFO - DAG(s) 'example_params_trigger_ui' retrieved from /home/facuvega/Descargas/crypto-etl-airflow/airflow-apache/lib/python3.11/site-packages/airflow/example_dags/example_params_trigger_ui.py
[2025-05-04T04:00:31.772-0300] {logging_mixin.py:188} INFO - [2025-05-04T04:00:31.772-0300] {dag.py:3096} INFO - Sync 1 DAGs
[2025-05-04T04:00:31.783-0300] {logging_mixin.py:188} INFO - [2025-05-04T04:00:31.782-0300] {dag.py:3954} INFO - Setting next_dagrun for example_params_trigger_ui to None, run_after=None
[2025-05-04T04:00:31.802-0300] {processor.py:183} INFO - Processing /home/facuvega/Descargas/crypto-etl-airflow/airflow-apache/lib/python3.11/site-packages/airflow/example_dags/example_params_trigger_ui.py took 0.083 seconds
[2025-05-04T04:01:27.574-0300] {processor.py:161} INFO - Started process (PID=24049) to work on /home/facuvega/Descargas/crypto-etl-airflow/airflow-apache/lib/python3.11/site-packages/airflow/example_dags/example_params_trigger_ui.py
[2025-05-04T04:01:27.575-0300] {processor.py:830} INFO - Processing file /home/facuvega/Descargas/crypto-etl-airflow/airflow-apache/lib/python3.11/site-packages/airflow/example_dags/example_params_trigger_ui.py for tasks to queue
[2025-05-04T04:01:27.578-0300] {logging_mixin.py:188} INFO - [2025-05-04T04:01:27.577-0300] {dagbag.py:540} INFO - Filling up the DagBag from /home/facuvega/Descargas/crypto-etl-airflow/airflow-apache/lib/python3.11/site-packages/airflow/example_dags/example_params_trigger_ui.py
[2025-05-04T04:01:27.595-0300] {processor.py:840} INFO - DAG(s) 'example_params_trigger_ui' retrieved from /home/facuvega/Descargas/crypto-etl-airflow/airflow-apache/lib/python3.11/site-packages/airflow/example_dags/example_params_trigger_ui.py
[2025-05-04T04:01:27.704-0300] {logging_mixin.py:188} INFO - [2025-05-04T04:01:27.704-0300] {dag.py:3096} INFO - Sync 1 DAGs
[2025-05-04T04:01:27.720-0300] {logging_mixin.py:188} INFO - [2025-05-04T04:01:27.718-0300] {dag.py:3954} INFO - Setting next_dagrun for example_params_trigger_ui to None, run_after=None
[2025-05-04T04:01:27.754-0300] {processor.py:183} INFO - Processing /home/facuvega/Descargas/crypto-etl-airflow/airflow-apache/lib/python3.11/site-packages/airflow/example_dags/example_params_trigger_ui.py took 0.186 seconds
[2025-05-04T04:03:32.993-0300] {processor.py:161} INFO - Started process (PID=25038) to work on /home/facuvega/Descargas/crypto-etl-airflow/airflow-apache/lib/python3.11/site-packages/airflow/example_dags/example_params_trigger_ui.py
[2025-05-04T04:03:32.994-0300] {processor.py:830} INFO - Processing file /home/facuvega/Descargas/crypto-etl-airflow/airflow-apache/lib/python3.11/site-packages/airflow/example_dags/example_params_trigger_ui.py for tasks to queue
[2025-05-04T04:03:32.995-0300] {logging_mixin.py:188} INFO - [2025-05-04T04:03:32.995-0300] {dagbag.py:540} INFO - Filling up the DagBag from /home/facuvega/Descargas/crypto-etl-airflow/airflow-apache/lib/python3.11/site-packages/airflow/example_dags/example_params_trigger_ui.py
[2025-05-04T04:03:33.006-0300] {processor.py:840} INFO - DAG(s) 'example_params_trigger_ui' retrieved from /home/facuvega/Descargas/crypto-etl-airflow/airflow-apache/lib/python3.11/site-packages/airflow/example_dags/example_params_trigger_ui.py
[2025-05-04T04:03:33.033-0300] {logging_mixin.py:188} INFO - [2025-05-04T04:03:33.033-0300] {dag.py:3096} INFO - Sync 1 DAGs
[2025-05-04T04:03:33.041-0300] {logging_mixin.py:188} INFO - [2025-05-04T04:03:33.040-0300] {dag.py:3954} INFO - Setting next_dagrun for example_params_trigger_ui to None, run_after=None
[2025-05-04T04:03:33.053-0300] {processor.py:183} INFO - Processing /home/facuvega/Descargas/crypto-etl-airflow/airflow-apache/lib/python3.11/site-packages/airflow/example_dags/example_params_trigger_ui.py took 0.065 seconds
[2025-05-04T04:04:29.166-0300] {processor.py:161} INFO - Started process (PID=25462) to work on /home/facuvega/Descargas/crypto-etl-airflow/airflow-apache/lib/python3.11/site-packages/airflow/example_dags/example_params_trigger_ui.py
[2025-05-04T04:04:29.170-0300] {processor.py:830} INFO - Processing file /home/facuvega/Descargas/crypto-etl-airflow/airflow-apache/lib/python3.11/site-packages/airflow/example_dags/example_params_trigger_ui.py for tasks to queue
[2025-05-04T04:04:29.177-0300] {logging_mixin.py:188} INFO - [2025-05-04T04:04:29.176-0300] {dagbag.py:540} INFO - Filling up the DagBag from /home/facuvega/Descargas/crypto-etl-airflow/airflow-apache/lib/python3.11/site-packages/airflow/example_dags/example_params_trigger_ui.py
[2025-05-04T04:04:29.211-0300] {processor.py:840} INFO - DAG(s) 'example_params_trigger_ui' retrieved from /home/facuvega/Descargas/crypto-etl-airflow/airflow-apache/lib/python3.11/site-packages/airflow/example_dags/example_params_trigger_ui.py
[2025-05-04T04:04:29.272-0300] {logging_mixin.py:188} INFO - [2025-05-04T04:04:29.272-0300] {dag.py:3096} INFO - Sync 1 DAGs
[2025-05-04T04:04:29.293-0300] {logging_mixin.py:188} INFO - [2025-05-04T04:04:29.293-0300] {dag.py:3954} INFO - Setting next_dagrun for example_params_trigger_ui to None, run_after=None
[2025-05-04T04:04:29.321-0300] {processor.py:183} INFO - Processing /home/facuvega/Descargas/crypto-etl-airflow/airflow-apache/lib/python3.11/site-packages/airflow/example_dags/example_params_trigger_ui.py took 0.183 seconds
[2025-05-04T04:05:54.190-0300] {processor.py:161} INFO - Started process (PID=26438) to work on /home/facuvega/Descargas/crypto-etl-airflow/airflow-apache/lib/python3.11/site-packages/airflow/example_dags/example_params_trigger_ui.py
[2025-05-04T04:05:54.191-0300] {processor.py:830} INFO - Processing file /home/facuvega/Descargas/crypto-etl-airflow/airflow-apache/lib/python3.11/site-packages/airflow/example_dags/example_params_trigger_ui.py for tasks to queue
[2025-05-04T04:05:54.193-0300] {logging_mixin.py:188} INFO - [2025-05-04T04:05:54.192-0300] {dagbag.py:540} INFO - Filling up the DagBag from /home/facuvega/Descargas/crypto-etl-airflow/airflow-apache/lib/python3.11/site-packages/airflow/example_dags/example_params_trigger_ui.py
[2025-05-04T04:05:54.205-0300] {processor.py:840} INFO - DAG(s) 'example_params_trigger_ui' retrieved from /home/facuvega/Descargas/crypto-etl-airflow/airflow-apache/lib/python3.11/site-packages/airflow/example_dags/example_params_trigger_ui.py
[2025-05-04T04:05:54.230-0300] {logging_mixin.py:188} INFO - [2025-05-04T04:05:54.229-0300] {dag.py:3096} INFO - Sync 1 DAGs
[2025-05-04T04:05:54.238-0300] {logging_mixin.py:188} INFO - [2025-05-04T04:05:54.238-0300] {dag.py:3954} INFO - Setting next_dagrun for example_params_trigger_ui to None, run_after=None
[2025-05-04T04:05:54.252-0300] {processor.py:183} INFO - Processing /home/facuvega/Descargas/crypto-etl-airflow/airflow-apache/lib/python3.11/site-packages/airflow/example_dags/example_params_trigger_ui.py took 0.067 seconds
[2025-05-04T04:06:44.166-0300] {processor.py:161} INFO - Started process (PID=26731) to work on /home/facuvega/Descargas/crypto-etl-airflow/airflow-apache/lib/python3.11/site-packages/airflow/example_dags/example_params_trigger_ui.py
[2025-05-04T04:06:44.173-0300] {processor.py:830} INFO - Processing file /home/facuvega/Descargas/crypto-etl-airflow/airflow-apache/lib/python3.11/site-packages/airflow/example_dags/example_params_trigger_ui.py for tasks to queue
[2025-05-04T04:06:44.178-0300] {logging_mixin.py:188} INFO - [2025-05-04T04:06:44.177-0300] {dagbag.py:540} INFO - Filling up the DagBag from /home/facuvega/Descargas/crypto-etl-airflow/airflow-apache/lib/python3.11/site-packages/airflow/example_dags/example_params_trigger_ui.py
[2025-05-04T04:06:44.213-0300] {processor.py:840} INFO - DAG(s) 'example_params_trigger_ui' retrieved from /home/facuvega/Descargas/crypto-etl-airflow/airflow-apache/lib/python3.11/site-packages/airflow/example_dags/example_params_trigger_ui.py
[2025-05-04T04:06:44.264-0300] {logging_mixin.py:188} INFO - [2025-05-04T04:06:44.264-0300] {dag.py:3096} INFO - Sync 1 DAGs
[2025-05-04T04:06:44.276-0300] {logging_mixin.py:188} INFO - [2025-05-04T04:06:44.276-0300] {dag.py:3954} INFO - Setting next_dagrun for example_params_trigger_ui to None, run_after=None
[2025-05-04T04:06:44.291-0300] {processor.py:183} INFO - Processing /home/facuvega/Descargas/crypto-etl-airflow/airflow-apache/lib/python3.11/site-packages/airflow/example_dags/example_params_trigger_ui.py took 0.145 seconds
[2025-05-04T04:07:31.824-0300] {processor.py:161} INFO - Started process (PID=26961) to work on /home/facuvega/Descargas/crypto-etl-airflow/airflow-apache/lib/python3.11/site-packages/airflow/example_dags/example_params_trigger_ui.py
[2025-05-04T04:07:31.825-0300] {processor.py:830} INFO - Processing file /home/facuvega/Descargas/crypto-etl-airflow/airflow-apache/lib/python3.11/site-packages/airflow/example_dags/example_params_trigger_ui.py for tasks to queue
[2025-05-04T04:07:31.827-0300] {logging_mixin.py:188} INFO - [2025-05-04T04:07:31.827-0300] {dagbag.py:540} INFO - Filling up the DagBag from /home/facuvega/Descargas/crypto-etl-airflow/airflow-apache/lib/python3.11/site-packages/airflow/example_dags/example_params_trigger_ui.py
[2025-05-04T04:07:31.842-0300] {processor.py:840} INFO - DAG(s) 'example_params_trigger_ui' retrieved from /home/facuvega/Descargas/crypto-etl-airflow/airflow-apache/lib/python3.11/site-packages/airflow/example_dags/example_params_trigger_ui.py
[2025-05-04T04:07:31.876-0300] {logging_mixin.py:188} INFO - [2025-05-04T04:07:31.876-0300] {dag.py:3096} INFO - Sync 1 DAGs
[2025-05-04T04:07:31.891-0300] {logging_mixin.py:188} INFO - [2025-05-04T04:07:31.891-0300] {dag.py:3954} INFO - Setting next_dagrun for example_params_trigger_ui to None, run_after=None
[2025-05-04T04:07:31.912-0300] {processor.py:183} INFO - Processing /home/facuvega/Descargas/crypto-etl-airflow/airflow-apache/lib/python3.11/site-packages/airflow/example_dags/example_params_trigger_ui.py took 0.094 seconds
[2025-05-04T04:10:43.757-0300] {processor.py:161} INFO - Started process (PID=28978) to work on /home/facuvega/Descargas/crypto-etl-airflow/airflow-apache/lib/python3.11/site-packages/airflow/example_dags/example_params_trigger_ui.py
[2025-05-04T04:10:43.759-0300] {processor.py:830} INFO - Processing file /home/facuvega/Descargas/crypto-etl-airflow/airflow-apache/lib/python3.11/site-packages/airflow/example_dags/example_params_trigger_ui.py for tasks to queue
[2025-05-04T04:10:43.760-0300] {logging_mixin.py:188} INFO - [2025-05-04T04:10:43.760-0300] {dagbag.py:540} INFO - Filling up the DagBag from /home/facuvega/Descargas/crypto-etl-airflow/airflow-apache/lib/python3.11/site-packages/airflow/example_dags/example_params_trigger_ui.py
[2025-05-04T04:10:43.771-0300] {processor.py:840} INFO - DAG(s) 'example_params_trigger_ui' retrieved from /home/facuvega/Descargas/crypto-etl-airflow/airflow-apache/lib/python3.11/site-packages/airflow/example_dags/example_params_trigger_ui.py
[2025-05-04T04:10:43.803-0300] {logging_mixin.py:188} INFO - [2025-05-04T04:10:43.803-0300] {dag.py:3096} INFO - Sync 1 DAGs
[2025-05-04T04:10:43.813-0300] {logging_mixin.py:188} INFO - [2025-05-04T04:10:43.813-0300] {dag.py:3954} INFO - Setting next_dagrun for example_params_trigger_ui to None, run_after=None
[2025-05-04T04:10:43.827-0300] {processor.py:183} INFO - Processing /home/facuvega/Descargas/crypto-etl-airflow/airflow-apache/lib/python3.11/site-packages/airflow/example_dags/example_params_trigger_ui.py took 0.075 seconds
[2025-05-04T04:11:37.799-0300] {processor.py:161} INFO - Started process (PID=29299) to work on /home/facuvega/Descargas/crypto-etl-airflow/airflow-apache/lib/python3.11/site-packages/airflow/example_dags/example_params_trigger_ui.py
[2025-05-04T04:11:37.800-0300] {processor.py:830} INFO - Processing file /home/facuvega/Descargas/crypto-etl-airflow/airflow-apache/lib/python3.11/site-packages/airflow/example_dags/example_params_trigger_ui.py for tasks to queue
[2025-05-04T04:11:37.801-0300] {logging_mixin.py:188} INFO - [2025-05-04T04:11:37.801-0300] {dagbag.py:540} INFO - Filling up the DagBag from /home/facuvega/Descargas/crypto-etl-airflow/airflow-apache/lib/python3.11/site-packages/airflow/example_dags/example_params_trigger_ui.py
[2025-05-04T04:11:37.812-0300] {processor.py:840} INFO - DAG(s) 'example_params_trigger_ui' retrieved from /home/facuvega/Descargas/crypto-etl-airflow/airflow-apache/lib/python3.11/site-packages/airflow/example_dags/example_params_trigger_ui.py
[2025-05-04T04:11:37.837-0300] {logging_mixin.py:188} INFO - [2025-05-04T04:11:37.837-0300] {dag.py:3096} INFO - Sync 1 DAGs
[2025-05-04T04:11:37.846-0300] {logging_mixin.py:188} INFO - [2025-05-04T04:11:37.846-0300] {dag.py:3954} INFO - Setting next_dagrun for example_params_trigger_ui to None, run_after=None
[2025-05-04T04:11:37.859-0300] {processor.py:183} INFO - Processing /home/facuvega/Descargas/crypto-etl-airflow/airflow-apache/lib/python3.11/site-packages/airflow/example_dags/example_params_trigger_ui.py took 0.065 seconds
[2025-05-04T04:12:32.382-0300] {processor.py:161} INFO - Started process (PID=29541) to work on /home/facuvega/Descargas/crypto-etl-airflow/airflow-apache/lib/python3.11/site-packages/airflow/example_dags/example_params_trigger_ui.py
[2025-05-04T04:12:32.383-0300] {processor.py:830} INFO - Processing file /home/facuvega/Descargas/crypto-etl-airflow/airflow-apache/lib/python3.11/site-packages/airflow/example_dags/example_params_trigger_ui.py for tasks to queue
[2025-05-04T04:12:32.385-0300] {logging_mixin.py:188} INFO - [2025-05-04T04:12:32.384-0300] {dagbag.py:540} INFO - Filling up the DagBag from /home/facuvega/Descargas/crypto-etl-airflow/airflow-apache/lib/python3.11/site-packages/airflow/example_dags/example_params_trigger_ui.py
[2025-05-04T04:12:32.396-0300] {processor.py:840} INFO - DAG(s) 'example_params_trigger_ui' retrieved from /home/facuvega/Descargas/crypto-etl-airflow/airflow-apache/lib/python3.11/site-packages/airflow/example_dags/example_params_trigger_ui.py
[2025-05-04T04:12:32.424-0300] {logging_mixin.py:188} INFO - [2025-05-04T04:12:32.424-0300] {dag.py:3096} INFO - Sync 1 DAGs
[2025-05-04T04:12:32.433-0300] {logging_mixin.py:188} INFO - [2025-05-04T04:12:32.433-0300] {dag.py:3954} INFO - Setting next_dagrun for example_params_trigger_ui to None, run_after=None
[2025-05-04T04:12:32.446-0300] {processor.py:183} INFO - Processing /home/facuvega/Descargas/crypto-etl-airflow/airflow-apache/lib/python3.11/site-packages/airflow/example_dags/example_params_trigger_ui.py took 0.068 seconds
[2025-05-04T04:13:18.428-0300] {processor.py:161} INFO - Started process (PID=29752) to work on /home/facuvega/Descargas/crypto-etl-airflow/airflow-apache/lib/python3.11/site-packages/airflow/example_dags/example_params_trigger_ui.py
[2025-05-04T04:13:18.430-0300] {processor.py:830} INFO - Processing file /home/facuvega/Descargas/crypto-etl-airflow/airflow-apache/lib/python3.11/site-packages/airflow/example_dags/example_params_trigger_ui.py for tasks to queue
[2025-05-04T04:13:18.431-0300] {logging_mixin.py:188} INFO - [2025-05-04T04:13:18.431-0300] {dagbag.py:540} INFO - Filling up the DagBag from /home/facuvega/Descargas/crypto-etl-airflow/airflow-apache/lib/python3.11/site-packages/airflow/example_dags/example_params_trigger_ui.py
[2025-05-04T04:13:18.442-0300] {processor.py:840} INFO - DAG(s) 'example_params_trigger_ui' retrieved from /home/facuvega/Descargas/crypto-etl-airflow/airflow-apache/lib/python3.11/site-packages/airflow/example_dags/example_params_trigger_ui.py
[2025-05-04T04:13:18.465-0300] {logging_mixin.py:188} INFO - [2025-05-04T04:13:18.465-0300] {dag.py:3096} INFO - Sync 1 DAGs
[2025-05-04T04:13:18.473-0300] {logging_mixin.py:188} INFO - [2025-05-04T04:13:18.473-0300] {dag.py:3954} INFO - Setting next_dagrun for example_params_trigger_ui to None, run_after=None
[2025-05-04T04:13:18.486-0300] {processor.py:183} INFO - Processing /home/facuvega/Descargas/crypto-etl-airflow/airflow-apache/lib/python3.11/site-packages/airflow/example_dags/example_params_trigger_ui.py took 0.063 seconds
[2025-05-04T04:14:20.414-0300] {processor.py:161} INFO - Started process (PID=30030) to work on /home/facuvega/Descargas/crypto-etl-airflow/airflow-apache/lib/python3.11/site-packages/airflow/example_dags/example_params_trigger_ui.py
[2025-05-04T04:14:20.415-0300] {processor.py:830} INFO - Processing file /home/facuvega/Descargas/crypto-etl-airflow/airflow-apache/lib/python3.11/site-packages/airflow/example_dags/example_params_trigger_ui.py for tasks to queue
[2025-05-04T04:14:20.417-0300] {logging_mixin.py:188} INFO - [2025-05-04T04:14:20.417-0300] {dagbag.py:540} INFO - Filling up the DagBag from /home/facuvega/Descargas/crypto-etl-airflow/airflow-apache/lib/python3.11/site-packages/airflow/example_dags/example_params_trigger_ui.py
[2025-05-04T04:14:20.427-0300] {processor.py:840} INFO - DAG(s) 'example_params_trigger_ui' retrieved from /home/facuvega/Descargas/crypto-etl-airflow/airflow-apache/lib/python3.11/site-packages/airflow/example_dags/example_params_trigger_ui.py
[2025-05-04T04:14:20.451-0300] {logging_mixin.py:188} INFO - [2025-05-04T04:14:20.451-0300] {dag.py:3096} INFO - Sync 1 DAGs
[2025-05-04T04:14:20.459-0300] {logging_mixin.py:188} INFO - [2025-05-04T04:14:20.459-0300] {dag.py:3954} INFO - Setting next_dagrun for example_params_trigger_ui to None, run_after=None
[2025-05-04T04:14:20.471-0300] {processor.py:183} INFO - Processing /home/facuvega/Descargas/crypto-etl-airflow/airflow-apache/lib/python3.11/site-packages/airflow/example_dags/example_params_trigger_ui.py took 0.062 seconds
[2025-05-04T04:15:29.159-0300] {processor.py:161} INFO - Started process (PID=30435) to work on /home/facuvega/Descargas/crypto-etl-airflow/airflow-apache/lib/python3.11/site-packages/airflow/example_dags/example_params_trigger_ui.py
[2025-05-04T04:15:29.161-0300] {processor.py:830} INFO - Processing file /home/facuvega/Descargas/crypto-etl-airflow/airflow-apache/lib/python3.11/site-packages/airflow/example_dags/example_params_trigger_ui.py for tasks to queue
[2025-05-04T04:15:29.164-0300] {logging_mixin.py:188} INFO - [2025-05-04T04:15:29.163-0300] {dagbag.py:540} INFO - Filling up the DagBag from /home/facuvega/Descargas/crypto-etl-airflow/airflow-apache/lib/python3.11/site-packages/airflow/example_dags/example_params_trigger_ui.py
[2025-05-04T04:15:29.175-0300] {processor.py:840} INFO - DAG(s) 'example_params_trigger_ui' retrieved from /home/facuvega/Descargas/crypto-etl-airflow/airflow-apache/lib/python3.11/site-packages/airflow/example_dags/example_params_trigger_ui.py
[2025-05-04T04:15:29.200-0300] {logging_mixin.py:188} INFO - [2025-05-04T04:15:29.200-0300] {dag.py:3096} INFO - Sync 1 DAGs
[2025-05-04T04:15:29.211-0300] {logging_mixin.py:188} INFO - [2025-05-04T04:15:29.211-0300] {dag.py:3954} INFO - Setting next_dagrun for example_params_trigger_ui to None, run_after=None
[2025-05-04T04:15:29.227-0300] {processor.py:183} INFO - Processing /home/facuvega/Descargas/crypto-etl-airflow/airflow-apache/lib/python3.11/site-packages/airflow/example_dags/example_params_trigger_ui.py took 0.073 seconds
[2025-05-04T04:16:21.164-0300] {processor.py:161} INFO - Started process (PID=30690) to work on /home/facuvega/Descargas/crypto-etl-airflow/airflow-apache/lib/python3.11/site-packages/airflow/example_dags/example_params_trigger_ui.py
[2025-05-04T04:16:21.165-0300] {processor.py:830} INFO - Processing file /home/facuvega/Descargas/crypto-etl-airflow/airflow-apache/lib/python3.11/site-packages/airflow/example_dags/example_params_trigger_ui.py for tasks to queue
[2025-05-04T04:16:21.167-0300] {logging_mixin.py:188} INFO - [2025-05-04T04:16:21.166-0300] {dagbag.py:540} INFO - Filling up the DagBag from /home/facuvega/Descargas/crypto-etl-airflow/airflow-apache/lib/python3.11/site-packages/airflow/example_dags/example_params_trigger_ui.py
[2025-05-04T04:16:21.180-0300] {processor.py:840} INFO - DAG(s) 'example_params_trigger_ui' retrieved from /home/facuvega/Descargas/crypto-etl-airflow/airflow-apache/lib/python3.11/site-packages/airflow/example_dags/example_params_trigger_ui.py
[2025-05-04T04:16:21.207-0300] {logging_mixin.py:188} INFO - [2025-05-04T04:16:21.207-0300] {dag.py:3096} INFO - Sync 1 DAGs
[2025-05-04T04:16:21.218-0300] {logging_mixin.py:188} INFO - [2025-05-04T04:16:21.217-0300] {dag.py:3954} INFO - Setting next_dagrun for example_params_trigger_ui to None, run_after=None
[2025-05-04T04:16:21.232-0300] {processor.py:183} INFO - Processing /home/facuvega/Descargas/crypto-etl-airflow/airflow-apache/lib/python3.11/site-packages/airflow/example_dags/example_params_trigger_ui.py took 0.075 seconds
[2025-05-04T04:17:26.476-0300] {processor.py:161} INFO - Started process (PID=31345) to work on /home/facuvega/Descargas/crypto-etl-airflow/airflow-apache/lib/python3.11/site-packages/airflow/example_dags/example_params_trigger_ui.py
[2025-05-04T04:17:26.478-0300] {processor.py:830} INFO - Processing file /home/facuvega/Descargas/crypto-etl-airflow/airflow-apache/lib/python3.11/site-packages/airflow/example_dags/example_params_trigger_ui.py for tasks to queue
[2025-05-04T04:17:26.479-0300] {logging_mixin.py:188} INFO - [2025-05-04T04:17:26.479-0300] {dagbag.py:540} INFO - Filling up the DagBag from /home/facuvega/Descargas/crypto-etl-airflow/airflow-apache/lib/python3.11/site-packages/airflow/example_dags/example_params_trigger_ui.py
[2025-05-04T04:17:26.493-0300] {processor.py:840} INFO - DAG(s) 'example_params_trigger_ui' retrieved from /home/facuvega/Descargas/crypto-etl-airflow/airflow-apache/lib/python3.11/site-packages/airflow/example_dags/example_params_trigger_ui.py
[2025-05-04T04:17:26.523-0300] {logging_mixin.py:188} INFO - [2025-05-04T04:17:26.522-0300] {dag.py:3096} INFO - Sync 1 DAGs
[2025-05-04T04:17:26.532-0300] {logging_mixin.py:188} INFO - [2025-05-04T04:17:26.532-0300] {dag.py:3954} INFO - Setting next_dagrun for example_params_trigger_ui to None, run_after=None
[2025-05-04T04:17:26.545-0300] {processor.py:183} INFO - Processing /home/facuvega/Descargas/crypto-etl-airflow/airflow-apache/lib/python3.11/site-packages/airflow/example_dags/example_params_trigger_ui.py took 0.074 seconds
[2025-05-04T04:18:55.738-0300] {processor.py:161} INFO - Started process (PID=32327) to work on /home/facuvega/Descargas/crypto-etl-airflow/airflow-apache/lib/python3.11/site-packages/airflow/example_dags/example_params_trigger_ui.py
[2025-05-04T04:18:55.740-0300] {processor.py:830} INFO - Processing file /home/facuvega/Descargas/crypto-etl-airflow/airflow-apache/lib/python3.11/site-packages/airflow/example_dags/example_params_trigger_ui.py for tasks to queue
[2025-05-04T04:18:55.745-0300] {logging_mixin.py:188} INFO - [2025-05-04T04:18:55.744-0300] {dagbag.py:540} INFO - Filling up the DagBag from /home/facuvega/Descargas/crypto-etl-airflow/airflow-apache/lib/python3.11/site-packages/airflow/example_dags/example_params_trigger_ui.py
[2025-05-04T04:18:55.789-0300] {processor.py:840} INFO - DAG(s) 'example_params_trigger_ui' retrieved from /home/facuvega/Descargas/crypto-etl-airflow/airflow-apache/lib/python3.11/site-packages/airflow/example_dags/example_params_trigger_ui.py
[2025-05-04T04:18:55.849-0300] {logging_mixin.py:188} INFO - [2025-05-04T04:18:55.849-0300] {dag.py:3096} INFO - Sync 1 DAGs
[2025-05-04T04:18:55.870-0300] {logging_mixin.py:188} INFO - [2025-05-04T04:18:55.870-0300] {dag.py:3954} INFO - Setting next_dagrun for example_params_trigger_ui to None, run_after=None
[2025-05-04T04:18:55.895-0300] {processor.py:183} INFO - Processing /home/facuvega/Descargas/crypto-etl-airflow/airflow-apache/lib/python3.11/site-packages/airflow/example_dags/example_params_trigger_ui.py took 0.167 seconds
[2025-05-04T04:19:58.881-0300] {processor.py:161} INFO - Started process (PID=32909) to work on /home/facuvega/Descargas/crypto-etl-airflow/airflow-apache/lib/python3.11/site-packages/airflow/example_dags/example_params_trigger_ui.py
[2025-05-04T04:19:58.882-0300] {processor.py:830} INFO - Processing file /home/facuvega/Descargas/crypto-etl-airflow/airflow-apache/lib/python3.11/site-packages/airflow/example_dags/example_params_trigger_ui.py for tasks to queue
[2025-05-04T04:19:58.884-0300] {logging_mixin.py:188} INFO - [2025-05-04T04:19:58.883-0300] {dagbag.py:540} INFO - Filling up the DagBag from /home/facuvega/Descargas/crypto-etl-airflow/airflow-apache/lib/python3.11/site-packages/airflow/example_dags/example_params_trigger_ui.py
[2025-05-04T04:19:58.897-0300] {processor.py:840} INFO - DAG(s) 'example_params_trigger_ui' retrieved from /home/facuvega/Descargas/crypto-etl-airflow/airflow-apache/lib/python3.11/site-packages/airflow/example_dags/example_params_trigger_ui.py
[2025-05-04T04:19:58.923-0300] {logging_mixin.py:188} INFO - [2025-05-04T04:19:58.923-0300] {dag.py:3096} INFO - Sync 1 DAGs
[2025-05-04T04:19:58.933-0300] {logging_mixin.py:188} INFO - [2025-05-04T04:19:58.933-0300] {dag.py:3954} INFO - Setting next_dagrun for example_params_trigger_ui to None, run_after=None
[2025-05-04T04:19:58.947-0300] {processor.py:183} INFO - Processing /home/facuvega/Descargas/crypto-etl-airflow/airflow-apache/lib/python3.11/site-packages/airflow/example_dags/example_params_trigger_ui.py took 0.072 seconds
[2025-05-04T04:20:50.603-0300] {processor.py:161} INFO - Started process (PID=33142) to work on /home/facuvega/Descargas/crypto-etl-airflow/airflow-apache/lib/python3.11/site-packages/airflow/example_dags/example_params_trigger_ui.py
[2025-05-04T04:20:50.603-0300] {processor.py:830} INFO - Processing file /home/facuvega/Descargas/crypto-etl-airflow/airflow-apache/lib/python3.11/site-packages/airflow/example_dags/example_params_trigger_ui.py for tasks to queue
[2025-05-04T04:20:50.605-0300] {logging_mixin.py:188} INFO - [2025-05-04T04:20:50.605-0300] {dagbag.py:540} INFO - Filling up the DagBag from /home/facuvega/Descargas/crypto-etl-airflow/airflow-apache/lib/python3.11/site-packages/airflow/example_dags/example_params_trigger_ui.py
[2025-05-04T04:20:50.618-0300] {processor.py:840} INFO - DAG(s) 'example_params_trigger_ui' retrieved from /home/facuvega/Descargas/crypto-etl-airflow/airflow-apache/lib/python3.11/site-packages/airflow/example_dags/example_params_trigger_ui.py
[2025-05-04T04:20:50.643-0300] {logging_mixin.py:188} INFO - [2025-05-04T04:20:50.643-0300] {dag.py:3096} INFO - Sync 1 DAGs
[2025-05-04T04:20:50.652-0300] {logging_mixin.py:188} INFO - [2025-05-04T04:20:50.652-0300] {dag.py:3954} INFO - Setting next_dagrun for example_params_trigger_ui to None, run_after=None
[2025-05-04T04:20:50.666-0300] {processor.py:183} INFO - Processing /home/facuvega/Descargas/crypto-etl-airflow/airflow-apache/lib/python3.11/site-packages/airflow/example_dags/example_params_trigger_ui.py took 0.069 seconds
[2025-05-04T04:21:40.917-0300] {processor.py:161} INFO - Started process (PID=33385) to work on /home/facuvega/Descargas/crypto-etl-airflow/airflow-apache/lib/python3.11/site-packages/airflow/example_dags/example_params_trigger_ui.py
[2025-05-04T04:21:40.918-0300] {processor.py:830} INFO - Processing file /home/facuvega/Descargas/crypto-etl-airflow/airflow-apache/lib/python3.11/site-packages/airflow/example_dags/example_params_trigger_ui.py for tasks to queue
[2025-05-04T04:21:40.922-0300] {logging_mixin.py:188} INFO - [2025-05-04T04:21:40.922-0300] {dagbag.py:540} INFO - Filling up the DagBag from /home/facuvega/Descargas/crypto-etl-airflow/airflow-apache/lib/python3.11/site-packages/airflow/example_dags/example_params_trigger_ui.py
[2025-05-04T04:21:40.939-0300] {processor.py:840} INFO - DAG(s) 'example_params_trigger_ui' retrieved from /home/facuvega/Descargas/crypto-etl-airflow/airflow-apache/lib/python3.11/site-packages/airflow/example_dags/example_params_trigger_ui.py
[2025-05-04T04:21:41.076-0300] {logging_mixin.py:188} INFO - [2025-05-04T04:21:41.075-0300] {dag.py:3096} INFO - Sync 1 DAGs
[2025-05-04T04:21:41.109-0300] {logging_mixin.py:188} INFO - [2025-05-04T04:21:41.108-0300] {dag.py:3954} INFO - Setting next_dagrun for example_params_trigger_ui to None, run_after=None
[2025-05-04T04:21:41.261-0300] {processor.py:183} INFO - Processing /home/facuvega/Descargas/crypto-etl-airflow/airflow-apache/lib/python3.11/site-packages/airflow/example_dags/example_params_trigger_ui.py took 0.351 seconds
[2025-05-04T04:22:34.711-0300] {processor.py:161} INFO - Started process (PID=34071) to work on /home/facuvega/Descargas/crypto-etl-airflow/airflow-apache/lib/python3.11/site-packages/airflow/example_dags/example_params_trigger_ui.py
[2025-05-04T04:22:34.712-0300] {processor.py:830} INFO - Processing file /home/facuvega/Descargas/crypto-etl-airflow/airflow-apache/lib/python3.11/site-packages/airflow/example_dags/example_params_trigger_ui.py for tasks to queue
[2025-05-04T04:22:34.713-0300] {logging_mixin.py:188} INFO - [2025-05-04T04:22:34.713-0300] {dagbag.py:540} INFO - Filling up the DagBag from /home/facuvega/Descargas/crypto-etl-airflow/airflow-apache/lib/python3.11/site-packages/airflow/example_dags/example_params_trigger_ui.py
[2025-05-04T04:22:34.724-0300] {processor.py:840} INFO - DAG(s) 'example_params_trigger_ui' retrieved from /home/facuvega/Descargas/crypto-etl-airflow/airflow-apache/lib/python3.11/site-packages/airflow/example_dags/example_params_trigger_ui.py
[2025-05-04T04:22:34.749-0300] {logging_mixin.py:188} INFO - [2025-05-04T04:22:34.749-0300] {dag.py:3096} INFO - Sync 1 DAGs
[2025-05-04T04:22:34.758-0300] {logging_mixin.py:188} INFO - [2025-05-04T04:22:34.758-0300] {dag.py:3954} INFO - Setting next_dagrun for example_params_trigger_ui to None, run_after=None
[2025-05-04T04:22:34.771-0300] {processor.py:183} INFO - Processing /home/facuvega/Descargas/crypto-etl-airflow/airflow-apache/lib/python3.11/site-packages/airflow/example_dags/example_params_trigger_ui.py took 0.065 seconds
[2025-05-04T04:24:11.713-0300] {processor.py:161} INFO - Started process (PID=35275) to work on /home/facuvega/Descargas/crypto-etl-airflow/airflow-apache/lib/python3.11/site-packages/airflow/example_dags/example_params_trigger_ui.py
[2025-05-04T04:24:11.714-0300] {processor.py:830} INFO - Processing file /home/facuvega/Descargas/crypto-etl-airflow/airflow-apache/lib/python3.11/site-packages/airflow/example_dags/example_params_trigger_ui.py for tasks to queue
[2025-05-04T04:24:11.717-0300] {logging_mixin.py:188} INFO - [2025-05-04T04:24:11.716-0300] {dagbag.py:540} INFO - Filling up the DagBag from /home/facuvega/Descargas/crypto-etl-airflow/airflow-apache/lib/python3.11/site-packages/airflow/example_dags/example_params_trigger_ui.py
[2025-05-04T04:24:11.734-0300] {processor.py:840} INFO - DAG(s) 'example_params_trigger_ui' retrieved from /home/facuvega/Descargas/crypto-etl-airflow/airflow-apache/lib/python3.11/site-packages/airflow/example_dags/example_params_trigger_ui.py
[2025-05-04T04:24:11.765-0300] {logging_mixin.py:188} INFO - [2025-05-04T04:24:11.765-0300] {dag.py:3096} INFO - Sync 1 DAGs
[2025-05-04T04:24:11.776-0300] {logging_mixin.py:188} INFO - [2025-05-04T04:24:11.776-0300] {dag.py:3954} INFO - Setting next_dagrun for example_params_trigger_ui to None, run_after=None
[2025-05-04T04:24:11.790-0300] {processor.py:183} INFO - Processing /home/facuvega/Descargas/crypto-etl-airflow/airflow-apache/lib/python3.11/site-packages/airflow/example_dags/example_params_trigger_ui.py took 0.083 seconds
