[2025-05-04T03:50:49.536-0300] {processor.py:161} INFO - Started process (PID=19662) to work on /home/facuvega/Descargas/crypto-etl-airflow/airflow-apache/lib/python3.11/site-packages/airflow/example_dags/example_time_delta_sensor_async.py
[2025-05-04T03:50:49.537-0300] {processor.py:830} INFO - Processing file /home/facuvega/Descargas/crypto-etl-airflow/airflow-apache/lib/python3.11/site-packages/airflow/example_dags/example_time_delta_sensor_async.py for tasks to queue
[2025-05-04T03:50:49.538-0300] {logging_mixin.py:188} INFO - [2025-05-04T03:50:49.538-0300] {dagbag.py:540} INFO - Filling up the DagBag from /home/facuvega/Descargas/crypto-etl-airflow/airflow-apache/lib/python3.11/site-packages/airflow/example_dags/example_time_delta_sensor_async.py
[2025-05-04T03:50:49.546-0300] {processor.py:840} INFO - DAG(s) 'example_time_delta_sensor_async' retrieved from /home/facuvega/Descargas/crypto-etl-airflow/airflow-apache/lib/python3.11/site-packages/airflow/example_dags/example_time_delta_sensor_async.py
[2025-05-04T03:50:49.562-0300] {logging_mixin.py:188} INFO - [2025-05-04T03:50:49.562-0300] {dag.py:3096} INFO - Sync 1 DAGs
[2025-05-04T03:50:49.570-0300] {logging_mixin.py:188} INFO - [2025-05-04T03:50:49.570-0300] {dag.py:3954} INFO - Setting next_dagrun for example_time_delta_sensor_async to None, run_after=None
[2025-05-04T03:50:49.583-0300] {processor.py:183} INFO - Processing /home/facuvega/Descargas/crypto-etl-airflow/airflow-apache/lib/python3.11/site-packages/airflow/example_dags/example_time_delta_sensor_async.py took 0.051 seconds
[2025-05-04T03:51:40.551-0300] {processor.py:161} INFO - Started process (PID=19889) to work on /home/facuvega/Descargas/crypto-etl-airflow/airflow-apache/lib/python3.11/site-packages/airflow/example_dags/example_time_delta_sensor_async.py
[2025-05-04T03:51:40.552-0300] {processor.py:830} INFO - Processing file /home/facuvega/Descargas/crypto-etl-airflow/airflow-apache/lib/python3.11/site-packages/airflow/example_dags/example_time_delta_sensor_async.py for tasks to queue
[2025-05-04T03:51:40.555-0300] {logging_mixin.py:188} INFO - [2025-05-04T03:51:40.555-0300] {dagbag.py:540} INFO - Filling up the DagBag from /home/facuvega/Descargas/crypto-etl-airflow/airflow-apache/lib/python3.11/site-packages/airflow/example_dags/example_time_delta_sensor_async.py
[2025-05-04T03:51:40.560-0300] {processor.py:840} INFO - DAG(s) 'example_time_delta_sensor_async' retrieved from /home/facuvega/Descargas/crypto-etl-airflow/airflow-apache/lib/python3.11/site-packages/airflow/example_dags/example_time_delta_sensor_async.py
[2025-05-04T03:51:40.572-0300] {logging_mixin.py:188} INFO - [2025-05-04T03:51:40.572-0300] {dag.py:3096} INFO - Sync 1 DAGs
[2025-05-04T03:51:40.580-0300] {logging_mixin.py:188} INFO - [2025-05-04T03:51:40.580-0300] {dag.py:3954} INFO - Setting next_dagrun for example_time_delta_sensor_async to None, run_after=None
[2025-05-04T03:51:40.593-0300] {processor.py:183} INFO - Processing /home/facuvega/Descargas/crypto-etl-airflow/airflow-apache/lib/python3.11/site-packages/airflow/example_dags/example_time_delta_sensor_async.py took 0.047 seconds
[2025-05-04T03:52:32.438-0300] {processor.py:161} INFO - Started process (PID=20132) to work on /home/facuvega/Descargas/crypto-etl-airflow/airflow-apache/lib/python3.11/site-packages/airflow/example_dags/example_time_delta_sensor_async.py
[2025-05-04T03:52:32.439-0300] {processor.py:830} INFO - Processing file /home/facuvega/Descargas/crypto-etl-airflow/airflow-apache/lib/python3.11/site-packages/airflow/example_dags/example_time_delta_sensor_async.py for tasks to queue
[2025-05-04T03:52:32.441-0300] {logging_mixin.py:188} INFO - [2025-05-04T03:52:32.440-0300] {dagbag.py:540} INFO - Filling up the DagBag from /home/facuvega/Descargas/crypto-etl-airflow/airflow-apache/lib/python3.11/site-packages/airflow/example_dags/example_time_delta_sensor_async.py
[2025-05-04T03:52:32.445-0300] {processor.py:840} INFO - DAG(s) 'example_time_delta_sensor_async' retrieved from /home/facuvega/Descargas/crypto-etl-airflow/airflow-apache/lib/python3.11/site-packages/airflow/example_dags/example_time_delta_sensor_async.py
[2025-05-04T03:52:32.457-0300] {logging_mixin.py:188} INFO - [2025-05-04T03:52:32.457-0300] {dag.py:3096} INFO - Sync 1 DAGs
[2025-05-04T03:52:32.465-0300] {logging_mixin.py:188} INFO - [2025-05-04T03:52:32.465-0300] {dag.py:3954} INFO - Setting next_dagrun for example_time_delta_sensor_async to None, run_after=None
[2025-05-04T03:52:32.478-0300] {processor.py:183} INFO - Processing /home/facuvega/Descargas/crypto-etl-airflow/airflow-apache/lib/python3.11/site-packages/airflow/example_dags/example_time_delta_sensor_async.py took 0.045 seconds
[2025-05-04T03:53:19.953-0300] {processor.py:161} INFO - Started process (PID=20528) to work on /home/facuvega/Descargas/crypto-etl-airflow/airflow-apache/lib/python3.11/site-packages/airflow/example_dags/example_time_delta_sensor_async.py
[2025-05-04T03:53:19.955-0300] {processor.py:830} INFO - Processing file /home/facuvega/Descargas/crypto-etl-airflow/airflow-apache/lib/python3.11/site-packages/airflow/example_dags/example_time_delta_sensor_async.py for tasks to queue
[2025-05-04T03:53:19.956-0300] {logging_mixin.py:188} INFO - [2025-05-04T03:53:19.956-0300] {dagbag.py:540} INFO - Filling up the DagBag from /home/facuvega/Descargas/crypto-etl-airflow/airflow-apache/lib/python3.11/site-packages/airflow/example_dags/example_time_delta_sensor_async.py
[2025-05-04T03:53:19.961-0300] {processor.py:840} INFO - DAG(s) 'example_time_delta_sensor_async' retrieved from /home/facuvega/Descargas/crypto-etl-airflow/airflow-apache/lib/python3.11/site-packages/airflow/example_dags/example_time_delta_sensor_async.py
[2025-05-04T03:53:19.976-0300] {logging_mixin.py:188} INFO - [2025-05-04T03:53:19.976-0300] {dag.py:3096} INFO - Sync 1 DAGs
[2025-05-04T03:53:19.986-0300] {logging_mixin.py:188} INFO - [2025-05-04T03:53:19.986-0300] {dag.py:3954} INFO - Setting next_dagrun for example_time_delta_sensor_async to None, run_after=None
[2025-05-04T03:53:20.004-0300] {processor.py:183} INFO - Processing /home/facuvega/Descargas/crypto-etl-airflow/airflow-apache/lib/python3.11/site-packages/airflow/example_dags/example_time_delta_sensor_async.py took 0.058 seconds
[2025-05-04T03:54:09.934-0300] {processor.py:161} INFO - Started process (PID=20913) to work on /home/facuvega/Descargas/crypto-etl-airflow/airflow-apache/lib/python3.11/site-packages/airflow/example_dags/example_time_delta_sensor_async.py
[2025-05-04T03:54:09.935-0300] {processor.py:830} INFO - Processing file /home/facuvega/Descargas/crypto-etl-airflow/airflow-apache/lib/python3.11/site-packages/airflow/example_dags/example_time_delta_sensor_async.py for tasks to queue
[2025-05-04T03:54:09.937-0300] {logging_mixin.py:188} INFO - [2025-05-04T03:54:09.936-0300] {dagbag.py:540} INFO - Filling up the DagBag from /home/facuvega/Descargas/crypto-etl-airflow/airflow-apache/lib/python3.11/site-packages/airflow/example_dags/example_time_delta_sensor_async.py
[2025-05-04T03:54:09.942-0300] {processor.py:840} INFO - DAG(s) 'example_time_delta_sensor_async' retrieved from /home/facuvega/Descargas/crypto-etl-airflow/airflow-apache/lib/python3.11/site-packages/airflow/example_dags/example_time_delta_sensor_async.py
[2025-05-04T03:54:09.955-0300] {logging_mixin.py:188} INFO - [2025-05-04T03:54:09.954-0300] {dag.py:3096} INFO - Sync 1 DAGs
[2025-05-04T03:54:09.962-0300] {logging_mixin.py:188} INFO - [2025-05-04T03:54:09.962-0300] {dag.py:3954} INFO - Setting next_dagrun for example_time_delta_sensor_async to None, run_after=None
[2025-05-04T03:54:09.975-0300] {processor.py:183} INFO - Processing /home/facuvega/Descargas/crypto-etl-airflow/airflow-apache/lib/python3.11/site-packages/airflow/example_dags/example_time_delta_sensor_async.py took 0.046 seconds
[2025-05-04T03:54:51.967-0300] {processor.py:161} INFO - Started process (PID=21107) to work on /home/facuvega/Descargas/crypto-etl-airflow/airflow-apache/lib/python3.11/site-packages/airflow/example_dags/example_time_delta_sensor_async.py
[2025-05-04T03:54:51.971-0300] {processor.py:830} INFO - Processing file /home/facuvega/Descargas/crypto-etl-airflow/airflow-apache/lib/python3.11/site-packages/airflow/example_dags/example_time_delta_sensor_async.py for tasks to queue
[2025-05-04T03:54:51.975-0300] {logging_mixin.py:188} INFO - [2025-05-04T03:54:51.975-0300] {dagbag.py:540} INFO - Filling up the DagBag from /home/facuvega/Descargas/crypto-etl-airflow/airflow-apache/lib/python3.11/site-packages/airflow/example_dags/example_time_delta_sensor_async.py
[2025-05-04T03:54:51.987-0300] {processor.py:840} INFO - DAG(s) 'example_time_delta_sensor_async' retrieved from /home/facuvega/Descargas/crypto-etl-airflow/airflow-apache/lib/python3.11/site-packages/airflow/example_dags/example_time_delta_sensor_async.py
[2025-05-04T03:54:52.018-0300] {logging_mixin.py:188} INFO - [2025-05-04T03:54:52.018-0300] {dag.py:3096} INFO - Sync 1 DAGs
[2025-05-04T03:54:52.039-0300] {logging_mixin.py:188} INFO - [2025-05-04T03:54:52.037-0300] {dag.py:3954} INFO - Setting next_dagrun for example_time_delta_sensor_async to None, run_after=None
[2025-05-04T03:54:52.071-0300] {processor.py:183} INFO - Processing /home/facuvega/Descargas/crypto-etl-airflow/airflow-apache/lib/python3.11/site-packages/airflow/example_dags/example_time_delta_sensor_async.py took 0.126 seconds
[2025-05-04T03:55:41.307-0300] {processor.py:161} INFO - Started process (PID=21436) to work on /home/facuvega/Descargas/crypto-etl-airflow/airflow-apache/lib/python3.11/site-packages/airflow/example_dags/example_time_delta_sensor_async.py
[2025-05-04T03:55:41.308-0300] {processor.py:830} INFO - Processing file /home/facuvega/Descargas/crypto-etl-airflow/airflow-apache/lib/python3.11/site-packages/airflow/example_dags/example_time_delta_sensor_async.py for tasks to queue
[2025-05-04T03:55:41.310-0300] {logging_mixin.py:188} INFO - [2025-05-04T03:55:41.309-0300] {dagbag.py:540} INFO - Filling up the DagBag from /home/facuvega/Descargas/crypto-etl-airflow/airflow-apache/lib/python3.11/site-packages/airflow/example_dags/example_time_delta_sensor_async.py
[2025-05-04T03:55:41.314-0300] {processor.py:840} INFO - DAG(s) 'example_time_delta_sensor_async' retrieved from /home/facuvega/Descargas/crypto-etl-airflow/airflow-apache/lib/python3.11/site-packages/airflow/example_dags/example_time_delta_sensor_async.py
[2025-05-04T03:55:41.326-0300] {logging_mixin.py:188} INFO - [2025-05-04T03:55:41.326-0300] {dag.py:3096} INFO - Sync 1 DAGs
[2025-05-04T03:55:41.335-0300] {logging_mixin.py:188} INFO - [2025-05-04T03:55:41.335-0300] {dag.py:3954} INFO - Setting next_dagrun for example_time_delta_sensor_async to None, run_after=None
[2025-05-04T03:55:41.353-0300] {processor.py:183} INFO - Processing /home/facuvega/Descargas/crypto-etl-airflow/airflow-apache/lib/python3.11/site-packages/airflow/example_dags/example_time_delta_sensor_async.py took 0.051 seconds
[2025-05-04T03:56:27.804-0300] {processor.py:161} INFO - Started process (PID=21652) to work on /home/facuvega/Descargas/crypto-etl-airflow/airflow-apache/lib/python3.11/site-packages/airflow/example_dags/example_time_delta_sensor_async.py
[2025-05-04T03:56:27.805-0300] {processor.py:830} INFO - Processing file /home/facuvega/Descargas/crypto-etl-airflow/airflow-apache/lib/python3.11/site-packages/airflow/example_dags/example_time_delta_sensor_async.py for tasks to queue
[2025-05-04T03:56:27.806-0300] {logging_mixin.py:188} INFO - [2025-05-04T03:56:27.806-0300] {dagbag.py:540} INFO - Filling up the DagBag from /home/facuvega/Descargas/crypto-etl-airflow/airflow-apache/lib/python3.11/site-packages/airflow/example_dags/example_time_delta_sensor_async.py
[2025-05-04T03:56:27.814-0300] {processor.py:840} INFO - DAG(s) 'example_time_delta_sensor_async' retrieved from /home/facuvega/Descargas/crypto-etl-airflow/airflow-apache/lib/python3.11/site-packages/airflow/example_dags/example_time_delta_sensor_async.py
[2025-05-04T03:56:27.829-0300] {logging_mixin.py:188} INFO - [2025-05-04T03:56:27.829-0300] {dag.py:3096} INFO - Sync 1 DAGs
[2025-05-04T03:56:27.839-0300] {logging_mixin.py:188} INFO - [2025-05-04T03:56:27.838-0300] {dag.py:3954} INFO - Setting next_dagrun for example_time_delta_sensor_async to None, run_after=None
[2025-05-04T03:56:27.853-0300] {processor.py:183} INFO - Processing /home/facuvega/Descargas/crypto-etl-airflow/airflow-apache/lib/python3.11/site-packages/airflow/example_dags/example_time_delta_sensor_async.py took 0.054 seconds
[2025-05-04T03:57:08.333-0300] {processor.py:161} INFO - Started process (PID=21839) to work on /home/facuvega/Descargas/crypto-etl-airflow/airflow-apache/lib/python3.11/site-packages/airflow/example_dags/example_time_delta_sensor_async.py
[2025-05-04T03:57:08.334-0300] {processor.py:830} INFO - Processing file /home/facuvega/Descargas/crypto-etl-airflow/airflow-apache/lib/python3.11/site-packages/airflow/example_dags/example_time_delta_sensor_async.py for tasks to queue
[2025-05-04T03:57:08.336-0300] {logging_mixin.py:188} INFO - [2025-05-04T03:57:08.335-0300] {dagbag.py:540} INFO - Filling up the DagBag from /home/facuvega/Descargas/crypto-etl-airflow/airflow-apache/lib/python3.11/site-packages/airflow/example_dags/example_time_delta_sensor_async.py
[2025-05-04T03:57:08.341-0300] {processor.py:840} INFO - DAG(s) 'example_time_delta_sensor_async' retrieved from /home/facuvega/Descargas/crypto-etl-airflow/airflow-apache/lib/python3.11/site-packages/airflow/example_dags/example_time_delta_sensor_async.py
[2025-05-04T03:57:08.353-0300] {logging_mixin.py:188} INFO - [2025-05-04T03:57:08.353-0300] {dag.py:3096} INFO - Sync 1 DAGs
[2025-05-04T03:57:08.361-0300] {logging_mixin.py:188} INFO - [2025-05-04T03:57:08.361-0300] {dag.py:3954} INFO - Setting next_dagrun for example_time_delta_sensor_async to None, run_after=None
[2025-05-04T03:57:08.374-0300] {processor.py:183} INFO - Processing /home/facuvega/Descargas/crypto-etl-airflow/airflow-apache/lib/python3.11/site-packages/airflow/example_dags/example_time_delta_sensor_async.py took 0.045 seconds
[2025-05-04T03:58:12.391-0300] {processor.py:161} INFO - Started process (PID=22477) to work on /home/facuvega/Descargas/crypto-etl-airflow/airflow-apache/lib/python3.11/site-packages/airflow/example_dags/example_time_delta_sensor_async.py
[2025-05-04T03:58:12.392-0300] {processor.py:830} INFO - Processing file /home/facuvega/Descargas/crypto-etl-airflow/airflow-apache/lib/python3.11/site-packages/airflow/example_dags/example_time_delta_sensor_async.py for tasks to queue
[2025-05-04T03:58:12.393-0300] {logging_mixin.py:188} INFO - [2025-05-04T03:58:12.393-0300] {dagbag.py:540} INFO - Filling up the DagBag from /home/facuvega/Descargas/crypto-etl-airflow/airflow-apache/lib/python3.11/site-packages/airflow/example_dags/example_time_delta_sensor_async.py
[2025-05-04T03:58:12.403-0300] {processor.py:840} INFO - DAG(s) 'example_time_delta_sensor_async' retrieved from /home/facuvega/Descargas/crypto-etl-airflow/airflow-apache/lib/python3.11/site-packages/airflow/example_dags/example_time_delta_sensor_async.py
[2025-05-04T03:58:12.420-0300] {logging_mixin.py:188} INFO - [2025-05-04T03:58:12.420-0300] {dag.py:3096} INFO - Sync 1 DAGs
[2025-05-04T03:58:12.427-0300] {logging_mixin.py:188} INFO - [2025-05-04T03:58:12.427-0300] {dag.py:3954} INFO - Setting next_dagrun for example_time_delta_sensor_async to None, run_after=None
[2025-05-04T03:58:12.440-0300] {processor.py:183} INFO - Processing /home/facuvega/Descargas/crypto-etl-airflow/airflow-apache/lib/python3.11/site-packages/airflow/example_dags/example_time_delta_sensor_async.py took 0.056 seconds
[2025-05-04T03:59:07.310-0300] {processor.py:161} INFO - Started process (PID=22820) to work on /home/facuvega/Descargas/crypto-etl-airflow/airflow-apache/lib/python3.11/site-packages/airflow/example_dags/example_time_delta_sensor_async.py
[2025-05-04T03:59:07.311-0300] {processor.py:830} INFO - Processing file /home/facuvega/Descargas/crypto-etl-airflow/airflow-apache/lib/python3.11/site-packages/airflow/example_dags/example_time_delta_sensor_async.py for tasks to queue
[2025-05-04T03:59:07.312-0300] {logging_mixin.py:188} INFO - [2025-05-04T03:59:07.312-0300] {dagbag.py:540} INFO - Filling up the DagBag from /home/facuvega/Descargas/crypto-etl-airflow/airflow-apache/lib/python3.11/site-packages/airflow/example_dags/example_time_delta_sensor_async.py
[2025-05-04T03:59:07.318-0300] {processor.py:840} INFO - DAG(s) 'example_time_delta_sensor_async' retrieved from /home/facuvega/Descargas/crypto-etl-airflow/airflow-apache/lib/python3.11/site-packages/airflow/example_dags/example_time_delta_sensor_async.py
[2025-05-04T03:59:07.334-0300] {logging_mixin.py:188} INFO - [2025-05-04T03:59:07.334-0300] {dag.py:3096} INFO - Sync 1 DAGs
[2025-05-04T03:59:07.343-0300] {logging_mixin.py:188} INFO - [2025-05-04T03:59:07.343-0300] {dag.py:3954} INFO - Setting next_dagrun for example_time_delta_sensor_async to None, run_after=None
[2025-05-04T03:59:07.356-0300] {processor.py:183} INFO - Processing /home/facuvega/Descargas/crypto-etl-airflow/airflow-apache/lib/python3.11/site-packages/airflow/example_dags/example_time_delta_sensor_async.py took 0.052 seconds
[2025-05-04T04:00:09.620-0300] {processor.py:161} INFO - Started process (PID=23510) to work on /home/facuvega/Descargas/crypto-etl-airflow/airflow-apache/lib/python3.11/site-packages/airflow/example_dags/example_time_delta_sensor_async.py
[2025-05-04T04:00:09.621-0300] {processor.py:830} INFO - Processing file /home/facuvega/Descargas/crypto-etl-airflow/airflow-apache/lib/python3.11/site-packages/airflow/example_dags/example_time_delta_sensor_async.py for tasks to queue
[2025-05-04T04:00:09.623-0300] {logging_mixin.py:188} INFO - [2025-05-04T04:00:09.622-0300] {dagbag.py:540} INFO - Filling up the DagBag from /home/facuvega/Descargas/crypto-etl-airflow/airflow-apache/lib/python3.11/site-packages/airflow/example_dags/example_time_delta_sensor_async.py
[2025-05-04T04:00:09.633-0300] {processor.py:840} INFO - DAG(s) 'example_time_delta_sensor_async' retrieved from /home/facuvega/Descargas/crypto-etl-airflow/airflow-apache/lib/python3.11/site-packages/airflow/example_dags/example_time_delta_sensor_async.py
[2025-05-04T04:00:09.659-0300] {logging_mixin.py:188} INFO - [2025-05-04T04:00:09.658-0300] {dag.py:3096} INFO - Sync 1 DAGs
[2025-05-04T04:00:09.675-0300] {logging_mixin.py:188} INFO - [2025-05-04T04:00:09.675-0300] {dag.py:3954} INFO - Setting next_dagrun for example_time_delta_sensor_async to None, run_after=None
[2025-05-04T04:00:09.712-0300] {processor.py:183} INFO - Processing /home/facuvega/Descargas/crypto-etl-airflow/airflow-apache/lib/python3.11/site-packages/airflow/example_dags/example_time_delta_sensor_async.py took 0.103 seconds
[2025-05-04T04:01:05.896-0300] {processor.py:161} INFO - Started process (PID=23950) to work on /home/facuvega/Descargas/crypto-etl-airflow/airflow-apache/lib/python3.11/site-packages/airflow/example_dags/example_time_delta_sensor_async.py
[2025-05-04T04:01:05.897-0300] {processor.py:830} INFO - Processing file /home/facuvega/Descargas/crypto-etl-airflow/airflow-apache/lib/python3.11/site-packages/airflow/example_dags/example_time_delta_sensor_async.py for tasks to queue
[2025-05-04T04:01:05.899-0300] {logging_mixin.py:188} INFO - [2025-05-04T04:01:05.898-0300] {dagbag.py:540} INFO - Filling up the DagBag from /home/facuvega/Descargas/crypto-etl-airflow/airflow-apache/lib/python3.11/site-packages/airflow/example_dags/example_time_delta_sensor_async.py
[2025-05-04T04:01:05.905-0300] {processor.py:840} INFO - DAG(s) 'example_time_delta_sensor_async' retrieved from /home/facuvega/Descargas/crypto-etl-airflow/airflow-apache/lib/python3.11/site-packages/airflow/example_dags/example_time_delta_sensor_async.py
[2025-05-04T04:01:05.921-0300] {logging_mixin.py:188} INFO - [2025-05-04T04:01:05.920-0300] {dag.py:3096} INFO - Sync 1 DAGs
[2025-05-04T04:01:05.930-0300] {logging_mixin.py:188} INFO - [2025-05-04T04:01:05.930-0300] {dag.py:3954} INFO - Setting next_dagrun for example_time_delta_sensor_async to None, run_after=None
[2025-05-04T04:01:05.943-0300] {processor.py:183} INFO - Processing /home/facuvega/Descargas/crypto-etl-airflow/airflow-apache/lib/python3.11/site-packages/airflow/example_dags/example_time_delta_sensor_async.py took 0.053 seconds
[2025-05-04T04:01:54.321-0300] {processor.py:161} INFO - Started process (PID=24172) to work on /home/facuvega/Descargas/crypto-etl-airflow/airflow-apache/lib/python3.11/site-packages/airflow/example_dags/example_time_delta_sensor_async.py
[2025-05-04T04:01:54.322-0300] {processor.py:830} INFO - Processing file /home/facuvega/Descargas/crypto-etl-airflow/airflow-apache/lib/python3.11/site-packages/airflow/example_dags/example_time_delta_sensor_async.py for tasks to queue
[2025-05-04T04:01:54.324-0300] {logging_mixin.py:188} INFO - [2025-05-04T04:01:54.324-0300] {dagbag.py:540} INFO - Filling up the DagBag from /home/facuvega/Descargas/crypto-etl-airflow/airflow-apache/lib/python3.11/site-packages/airflow/example_dags/example_time_delta_sensor_async.py
[2025-05-04T04:01:54.329-0300] {processor.py:840} INFO - DAG(s) 'example_time_delta_sensor_async' retrieved from /home/facuvega/Descargas/crypto-etl-airflow/airflow-apache/lib/python3.11/site-packages/airflow/example_dags/example_time_delta_sensor_async.py
[2025-05-04T04:01:54.343-0300] {logging_mixin.py:188} INFO - [2025-05-04T04:01:54.342-0300] {dag.py:3096} INFO - Sync 1 DAGs
[2025-05-04T04:01:54.352-0300] {logging_mixin.py:188} INFO - [2025-05-04T04:01:54.352-0300] {dag.py:3954} INFO - Setting next_dagrun for example_time_delta_sensor_async to None, run_after=None
[2025-05-04T04:01:54.366-0300] {processor.py:183} INFO - Processing /home/facuvega/Descargas/crypto-etl-airflow/airflow-apache/lib/python3.11/site-packages/airflow/example_dags/example_time_delta_sensor_async.py took 0.050 seconds
[2025-05-04T04:03:18.969-0300] {processor.py:161} INFO - Started process (PID=24976) to work on /home/facuvega/Descargas/crypto-etl-airflow/airflow-apache/lib/python3.11/site-packages/airflow/example_dags/example_time_delta_sensor_async.py
[2025-05-04T04:03:18.970-0300] {processor.py:830} INFO - Processing file /home/facuvega/Descargas/crypto-etl-airflow/airflow-apache/lib/python3.11/site-packages/airflow/example_dags/example_time_delta_sensor_async.py for tasks to queue
[2025-05-04T04:03:18.971-0300] {logging_mixin.py:188} INFO - [2025-05-04T04:03:18.971-0300] {dagbag.py:540} INFO - Filling up the DagBag from /home/facuvega/Descargas/crypto-etl-airflow/airflow-apache/lib/python3.11/site-packages/airflow/example_dags/example_time_delta_sensor_async.py
[2025-05-04T04:03:18.978-0300] {processor.py:840} INFO - DAG(s) 'example_time_delta_sensor_async' retrieved from /home/facuvega/Descargas/crypto-etl-airflow/airflow-apache/lib/python3.11/site-packages/airflow/example_dags/example_time_delta_sensor_async.py
[2025-05-04T04:03:18.994-0300] {logging_mixin.py:188} INFO - [2025-05-04T04:03:18.994-0300] {dag.py:3096} INFO - Sync 1 DAGs
[2025-05-04T04:03:19.002-0300] {logging_mixin.py:188} INFO - [2025-05-04T04:03:19.002-0300] {dag.py:3954} INFO - Setting next_dagrun for example_time_delta_sensor_async to None, run_after=None
[2025-05-04T04:03:19.014-0300] {processor.py:183} INFO - Processing /home/facuvega/Descargas/crypto-etl-airflow/airflow-apache/lib/python3.11/site-packages/airflow/example_dags/example_time_delta_sensor_async.py took 0.050 seconds
[2025-05-04T04:04:10.628-0300] {processor.py:161} INFO - Started process (PID=25203) to work on /home/facuvega/Descargas/crypto-etl-airflow/airflow-apache/lib/python3.11/site-packages/airflow/example_dags/example_time_delta_sensor_async.py
[2025-05-04T04:04:10.629-0300] {processor.py:830} INFO - Processing file /home/facuvega/Descargas/crypto-etl-airflow/airflow-apache/lib/python3.11/site-packages/airflow/example_dags/example_time_delta_sensor_async.py for tasks to queue
[2025-05-04T04:04:10.631-0300] {logging_mixin.py:188} INFO - [2025-05-04T04:04:10.631-0300] {dagbag.py:540} INFO - Filling up the DagBag from /home/facuvega/Descargas/crypto-etl-airflow/airflow-apache/lib/python3.11/site-packages/airflow/example_dags/example_time_delta_sensor_async.py
[2025-05-04T04:04:10.635-0300] {processor.py:840} INFO - DAG(s) 'example_time_delta_sensor_async' retrieved from /home/facuvega/Descargas/crypto-etl-airflow/airflow-apache/lib/python3.11/site-packages/airflow/example_dags/example_time_delta_sensor_async.py
[2025-05-04T04:04:10.647-0300] {logging_mixin.py:188} INFO - [2025-05-04T04:04:10.647-0300] {dag.py:3096} INFO - Sync 1 DAGs
[2025-05-04T04:04:10.655-0300] {logging_mixin.py:188} INFO - [2025-05-04T04:04:10.654-0300] {dag.py:3954} INFO - Setting next_dagrun for example_time_delta_sensor_async to None, run_after=None
[2025-05-04T04:04:10.667-0300] {processor.py:183} INFO - Processing /home/facuvega/Descargas/crypto-etl-airflow/airflow-apache/lib/python3.11/site-packages/airflow/example_dags/example_time_delta_sensor_async.py took 0.044 seconds
[2025-05-04T04:05:18.037-0300] {processor.py:161} INFO - Started process (PID=26274) to work on /home/facuvega/Descargas/crypto-etl-airflow/airflow-apache/lib/python3.11/site-packages/airflow/example_dags/example_time_delta_sensor_async.py
[2025-05-04T04:05:18.039-0300] {processor.py:830} INFO - Processing file /home/facuvega/Descargas/crypto-etl-airflow/airflow-apache/lib/python3.11/site-packages/airflow/example_dags/example_time_delta_sensor_async.py for tasks to queue
[2025-05-04T04:05:18.044-0300] {logging_mixin.py:188} INFO - [2025-05-04T04:05:18.043-0300] {dagbag.py:540} INFO - Filling up the DagBag from /home/facuvega/Descargas/crypto-etl-airflow/airflow-apache/lib/python3.11/site-packages/airflow/example_dags/example_time_delta_sensor_async.py
[2025-05-04T04:05:18.056-0300] {processor.py:840} INFO - DAG(s) 'example_time_delta_sensor_async' retrieved from /home/facuvega/Descargas/crypto-etl-airflow/airflow-apache/lib/python3.11/site-packages/airflow/example_dags/example_time_delta_sensor_async.py
[2025-05-04T04:05:18.082-0300] {logging_mixin.py:188} INFO - [2025-05-04T04:05:18.082-0300] {dag.py:3096} INFO - Sync 1 DAGs
[2025-05-04T04:05:18.107-0300] {logging_mixin.py:188} INFO - [2025-05-04T04:05:18.107-0300] {dag.py:3954} INFO - Setting next_dagrun for example_time_delta_sensor_async to None, run_after=None
[2025-05-04T04:05:18.145-0300] {processor.py:183} INFO - Processing /home/facuvega/Descargas/crypto-etl-airflow/airflow-apache/lib/python3.11/site-packages/airflow/example_dags/example_time_delta_sensor_async.py took 0.128 seconds
[2025-05-04T04:06:10.763-0300] {processor.py:161} INFO - Started process (PID=26531) to work on /home/facuvega/Descargas/crypto-etl-airflow/airflow-apache/lib/python3.11/site-packages/airflow/example_dags/example_time_delta_sensor_async.py
[2025-05-04T04:06:10.764-0300] {processor.py:830} INFO - Processing file /home/facuvega/Descargas/crypto-etl-airflow/airflow-apache/lib/python3.11/site-packages/airflow/example_dags/example_time_delta_sensor_async.py for tasks to queue
[2025-05-04T04:06:10.766-0300] {logging_mixin.py:188} INFO - [2025-05-04T04:06:10.766-0300] {dagbag.py:540} INFO - Filling up the DagBag from /home/facuvega/Descargas/crypto-etl-airflow/airflow-apache/lib/python3.11/site-packages/airflow/example_dags/example_time_delta_sensor_async.py
[2025-05-04T04:06:10.771-0300] {processor.py:840} INFO - DAG(s) 'example_time_delta_sensor_async' retrieved from /home/facuvega/Descargas/crypto-etl-airflow/airflow-apache/lib/python3.11/site-packages/airflow/example_dags/example_time_delta_sensor_async.py
[2025-05-04T04:06:10.784-0300] {logging_mixin.py:188} INFO - [2025-05-04T04:06:10.784-0300] {dag.py:3096} INFO - Sync 1 DAGs
[2025-05-04T04:06:10.793-0300] {logging_mixin.py:188} INFO - [2025-05-04T04:06:10.792-0300] {dag.py:3954} INFO - Setting next_dagrun for example_time_delta_sensor_async to None, run_after=None
[2025-05-04T04:06:10.807-0300] {processor.py:183} INFO - Processing /home/facuvega/Descargas/crypto-etl-airflow/airflow-apache/lib/python3.11/site-packages/airflow/example_dags/example_time_delta_sensor_async.py took 0.050 seconds
[2025-05-04T04:06:59.232-0300] {processor.py:161} INFO - Started process (PID=26805) to work on /home/facuvega/Descargas/crypto-etl-airflow/airflow-apache/lib/python3.11/site-packages/airflow/example_dags/example_time_delta_sensor_async.py
[2025-05-04T04:06:59.233-0300] {processor.py:830} INFO - Processing file /home/facuvega/Descargas/crypto-etl-airflow/airflow-apache/lib/python3.11/site-packages/airflow/example_dags/example_time_delta_sensor_async.py for tasks to queue
[2025-05-04T04:06:59.235-0300] {logging_mixin.py:188} INFO - [2025-05-04T04:06:59.234-0300] {dagbag.py:540} INFO - Filling up the DagBag from /home/facuvega/Descargas/crypto-etl-airflow/airflow-apache/lib/python3.11/site-packages/airflow/example_dags/example_time_delta_sensor_async.py
[2025-05-04T04:06:59.240-0300] {processor.py:840} INFO - DAG(s) 'example_time_delta_sensor_async' retrieved from /home/facuvega/Descargas/crypto-etl-airflow/airflow-apache/lib/python3.11/site-packages/airflow/example_dags/example_time_delta_sensor_async.py
[2025-05-04T04:06:59.254-0300] {logging_mixin.py:188} INFO - [2025-05-04T04:06:59.254-0300] {dag.py:3096} INFO - Sync 1 DAGs
[2025-05-04T04:06:59.263-0300] {logging_mixin.py:188} INFO - [2025-05-04T04:06:59.263-0300] {dag.py:3954} INFO - Setting next_dagrun for example_time_delta_sensor_async to None, run_after=None
[2025-05-04T04:06:59.276-0300] {processor.py:183} INFO - Processing /home/facuvega/Descargas/crypto-etl-airflow/airflow-apache/lib/python3.11/site-packages/airflow/example_dags/example_time_delta_sensor_async.py took 0.050 seconds
[2025-05-04T04:07:44.275-0300] {processor.py:161} INFO - Started process (PID=27020) to work on /home/facuvega/Descargas/crypto-etl-airflow/airflow-apache/lib/python3.11/site-packages/airflow/example_dags/example_time_delta_sensor_async.py
[2025-05-04T04:07:44.276-0300] {processor.py:830} INFO - Processing file /home/facuvega/Descargas/crypto-etl-airflow/airflow-apache/lib/python3.11/site-packages/airflow/example_dags/example_time_delta_sensor_async.py for tasks to queue
[2025-05-04T04:07:44.278-0300] {logging_mixin.py:188} INFO - [2025-05-04T04:07:44.277-0300] {dagbag.py:540} INFO - Filling up the DagBag from /home/facuvega/Descargas/crypto-etl-airflow/airflow-apache/lib/python3.11/site-packages/airflow/example_dags/example_time_delta_sensor_async.py
[2025-05-04T04:07:44.283-0300] {processor.py:840} INFO - DAG(s) 'example_time_delta_sensor_async' retrieved from /home/facuvega/Descargas/crypto-etl-airflow/airflow-apache/lib/python3.11/site-packages/airflow/example_dags/example_time_delta_sensor_async.py
[2025-05-04T04:07:44.298-0300] {logging_mixin.py:188} INFO - [2025-05-04T04:07:44.297-0300] {dag.py:3096} INFO - Sync 1 DAGs
[2025-05-04T04:07:44.310-0300] {logging_mixin.py:188} INFO - [2025-05-04T04:07:44.310-0300] {dag.py:3954} INFO - Setting next_dagrun for example_time_delta_sensor_async to None, run_after=None
[2025-05-04T04:07:44.324-0300] {processor.py:183} INFO - Processing /home/facuvega/Descargas/crypto-etl-airflow/airflow-apache/lib/python3.11/site-packages/airflow/example_dags/example_time_delta_sensor_async.py took 0.055 seconds
[2025-05-04T04:10:30.906-0300] {processor.py:161} INFO - Started process (PID=28813) to work on /home/facuvega/Descargas/crypto-etl-airflow/airflow-apache/lib/python3.11/site-packages/airflow/example_dags/example_time_delta_sensor_async.py
[2025-05-04T04:10:30.907-0300] {processor.py:830} INFO - Processing file /home/facuvega/Descargas/crypto-etl-airflow/airflow-apache/lib/python3.11/site-packages/airflow/example_dags/example_time_delta_sensor_async.py for tasks to queue
[2025-05-04T04:10:30.908-0300] {logging_mixin.py:188} INFO - [2025-05-04T04:10:30.908-0300] {dagbag.py:540} INFO - Filling up the DagBag from /home/facuvega/Descargas/crypto-etl-airflow/airflow-apache/lib/python3.11/site-packages/airflow/example_dags/example_time_delta_sensor_async.py
[2025-05-04T04:10:30.916-0300] {processor.py:840} INFO - DAG(s) 'example_time_delta_sensor_async' retrieved from /home/facuvega/Descargas/crypto-etl-airflow/airflow-apache/lib/python3.11/site-packages/airflow/example_dags/example_time_delta_sensor_async.py
[2025-05-04T04:10:30.936-0300] {logging_mixin.py:188} INFO - [2025-05-04T04:10:30.936-0300] {dag.py:3096} INFO - Sync 1 DAGs
[2025-05-04T04:10:30.946-0300] {logging_mixin.py:188} INFO - [2025-05-04T04:10:30.946-0300] {dag.py:3954} INFO - Setting next_dagrun for example_time_delta_sensor_async to None, run_after=None
[2025-05-04T04:10:30.961-0300] {processor.py:183} INFO - Processing /home/facuvega/Descargas/crypto-etl-airflow/airflow-apache/lib/python3.11/site-packages/airflow/example_dags/example_time_delta_sensor_async.py took 0.060 seconds
[2025-05-04T04:11:23.999-0300] {processor.py:161} INFO - Started process (PID=29238) to work on /home/facuvega/Descargas/crypto-etl-airflow/airflow-apache/lib/python3.11/site-packages/airflow/example_dags/example_time_delta_sensor_async.py
[2025-05-04T04:11:24.000-0300] {processor.py:830} INFO - Processing file /home/facuvega/Descargas/crypto-etl-airflow/airflow-apache/lib/python3.11/site-packages/airflow/example_dags/example_time_delta_sensor_async.py for tasks to queue
[2025-05-04T04:11:24.002-0300] {logging_mixin.py:188} INFO - [2025-05-04T04:11:24.001-0300] {dagbag.py:540} INFO - Filling up the DagBag from /home/facuvega/Descargas/crypto-etl-airflow/airflow-apache/lib/python3.11/site-packages/airflow/example_dags/example_time_delta_sensor_async.py
[2025-05-04T04:11:24.006-0300] {processor.py:840} INFO - DAG(s) 'example_time_delta_sensor_async' retrieved from /home/facuvega/Descargas/crypto-etl-airflow/airflow-apache/lib/python3.11/site-packages/airflow/example_dags/example_time_delta_sensor_async.py
[2025-05-04T04:11:24.017-0300] {logging_mixin.py:188} INFO - [2025-05-04T04:11:24.017-0300] {dag.py:3096} INFO - Sync 1 DAGs
[2025-05-04T04:11:24.025-0300] {logging_mixin.py:188} INFO - [2025-05-04T04:11:24.025-0300] {dag.py:3954} INFO - Setting next_dagrun for example_time_delta_sensor_async to None, run_after=None
[2025-05-04T04:11:24.037-0300] {processor.py:183} INFO - Processing /home/facuvega/Descargas/crypto-etl-airflow/airflow-apache/lib/python3.11/site-packages/airflow/example_dags/example_time_delta_sensor_async.py took 0.043 seconds
[2025-05-04T04:12:13.771-0300] {processor.py:161} INFO - Started process (PID=29456) to work on /home/facuvega/Descargas/crypto-etl-airflow/airflow-apache/lib/python3.11/site-packages/airflow/example_dags/example_time_delta_sensor_async.py
[2025-05-04T04:12:13.772-0300] {processor.py:830} INFO - Processing file /home/facuvega/Descargas/crypto-etl-airflow/airflow-apache/lib/python3.11/site-packages/airflow/example_dags/example_time_delta_sensor_async.py for tasks to queue
[2025-05-04T04:12:13.774-0300] {logging_mixin.py:188} INFO - [2025-05-04T04:12:13.773-0300] {dagbag.py:540} INFO - Filling up the DagBag from /home/facuvega/Descargas/crypto-etl-airflow/airflow-apache/lib/python3.11/site-packages/airflow/example_dags/example_time_delta_sensor_async.py
[2025-05-04T04:12:13.778-0300] {processor.py:840} INFO - DAG(s) 'example_time_delta_sensor_async' retrieved from /home/facuvega/Descargas/crypto-etl-airflow/airflow-apache/lib/python3.11/site-packages/airflow/example_dags/example_time_delta_sensor_async.py
[2025-05-04T04:12:13.791-0300] {logging_mixin.py:188} INFO - [2025-05-04T04:12:13.791-0300] {dag.py:3096} INFO - Sync 1 DAGs
[2025-05-04T04:12:13.799-0300] {logging_mixin.py:188} INFO - [2025-05-04T04:12:13.799-0300] {dag.py:3954} INFO - Setting next_dagrun for example_time_delta_sensor_async to None, run_after=None
[2025-05-04T04:12:13.812-0300] {processor.py:183} INFO - Processing /home/facuvega/Descargas/crypto-etl-airflow/airflow-apache/lib/python3.11/site-packages/airflow/example_dags/example_time_delta_sensor_async.py took 0.045 seconds
[2025-05-04T04:13:04.864-0300] {processor.py:161} INFO - Started process (PID=29690) to work on /home/facuvega/Descargas/crypto-etl-airflow/airflow-apache/lib/python3.11/site-packages/airflow/example_dags/example_time_delta_sensor_async.py
[2025-05-04T04:13:04.865-0300] {processor.py:830} INFO - Processing file /home/facuvega/Descargas/crypto-etl-airflow/airflow-apache/lib/python3.11/site-packages/airflow/example_dags/example_time_delta_sensor_async.py for tasks to queue
[2025-05-04T04:13:04.867-0300] {logging_mixin.py:188} INFO - [2025-05-04T04:13:04.866-0300] {dagbag.py:540} INFO - Filling up the DagBag from /home/facuvega/Descargas/crypto-etl-airflow/airflow-apache/lib/python3.11/site-packages/airflow/example_dags/example_time_delta_sensor_async.py
[2025-05-04T04:13:04.871-0300] {processor.py:840} INFO - DAG(s) 'example_time_delta_sensor_async' retrieved from /home/facuvega/Descargas/crypto-etl-airflow/airflow-apache/lib/python3.11/site-packages/airflow/example_dags/example_time_delta_sensor_async.py
[2025-05-04T04:13:04.883-0300] {logging_mixin.py:188} INFO - [2025-05-04T04:13:04.883-0300] {dag.py:3096} INFO - Sync 1 DAGs
[2025-05-04T04:13:04.890-0300] {logging_mixin.py:188} INFO - [2025-05-04T04:13:04.890-0300] {dag.py:3954} INFO - Setting next_dagrun for example_time_delta_sensor_async to None, run_after=None
[2025-05-04T04:13:04.903-0300] {processor.py:183} INFO - Processing /home/facuvega/Descargas/crypto-etl-airflow/airflow-apache/lib/python3.11/site-packages/airflow/example_dags/example_time_delta_sensor_async.py took 0.044 seconds
[2025-05-04T04:13:51.131-0300] {processor.py:161} INFO - Started process (PID=29897) to work on /home/facuvega/Descargas/crypto-etl-airflow/airflow-apache/lib/python3.11/site-packages/airflow/example_dags/example_time_delta_sensor_async.py
[2025-05-04T04:13:51.132-0300] {processor.py:830} INFO - Processing file /home/facuvega/Descargas/crypto-etl-airflow/airflow-apache/lib/python3.11/site-packages/airflow/example_dags/example_time_delta_sensor_async.py for tasks to queue
[2025-05-04T04:13:51.133-0300] {logging_mixin.py:188} INFO - [2025-05-04T04:13:51.133-0300] {dagbag.py:540} INFO - Filling up the DagBag from /home/facuvega/Descargas/crypto-etl-airflow/airflow-apache/lib/python3.11/site-packages/airflow/example_dags/example_time_delta_sensor_async.py
[2025-05-04T04:13:51.137-0300] {processor.py:840} INFO - DAG(s) 'example_time_delta_sensor_async' retrieved from /home/facuvega/Descargas/crypto-etl-airflow/airflow-apache/lib/python3.11/site-packages/airflow/example_dags/example_time_delta_sensor_async.py
[2025-05-04T04:13:51.149-0300] {logging_mixin.py:188} INFO - [2025-05-04T04:13:51.149-0300] {dag.py:3096} INFO - Sync 1 DAGs
[2025-05-04T04:13:51.157-0300] {logging_mixin.py:188} INFO - [2025-05-04T04:13:51.157-0300] {dag.py:3954} INFO - Setting next_dagrun for example_time_delta_sensor_async to None, run_after=None
[2025-05-04T04:13:51.170-0300] {processor.py:183} INFO - Processing /home/facuvega/Descargas/crypto-etl-airflow/airflow-apache/lib/python3.11/site-packages/airflow/example_dags/example_time_delta_sensor_async.py took 0.045 seconds
[2025-05-04T04:14:32.136-0300] {processor.py:161} INFO - Started process (PID=30088) to work on /home/facuvega/Descargas/crypto-etl-airflow/airflow-apache/lib/python3.11/site-packages/airflow/example_dags/example_time_delta_sensor_async.py
[2025-05-04T04:14:32.137-0300] {processor.py:830} INFO - Processing file /home/facuvega/Descargas/crypto-etl-airflow/airflow-apache/lib/python3.11/site-packages/airflow/example_dags/example_time_delta_sensor_async.py for tasks to queue
[2025-05-04T04:14:32.138-0300] {logging_mixin.py:188} INFO - [2025-05-04T04:14:32.138-0300] {dagbag.py:540} INFO - Filling up the DagBag from /home/facuvega/Descargas/crypto-etl-airflow/airflow-apache/lib/python3.11/site-packages/airflow/example_dags/example_time_delta_sensor_async.py
[2025-05-04T04:14:32.143-0300] {processor.py:840} INFO - DAG(s) 'example_time_delta_sensor_async' retrieved from /home/facuvega/Descargas/crypto-etl-airflow/airflow-apache/lib/python3.11/site-packages/airflow/example_dags/example_time_delta_sensor_async.py
[2025-05-04T04:14:32.155-0300] {logging_mixin.py:188} INFO - [2025-05-04T04:14:32.155-0300] {dag.py:3096} INFO - Sync 1 DAGs
[2025-05-04T04:14:32.163-0300] {logging_mixin.py:188} INFO - [2025-05-04T04:14:32.163-0300] {dag.py:3954} INFO - Setting next_dagrun for example_time_delta_sensor_async to None, run_after=None
[2025-05-04T04:14:32.176-0300] {processor.py:183} INFO - Processing /home/facuvega/Descargas/crypto-etl-airflow/airflow-apache/lib/python3.11/site-packages/airflow/example_dags/example_time_delta_sensor_async.py took 0.045 seconds
[2025-05-04T04:15:17.429-0300] {processor.py:161} INFO - Started process (PID=30327) to work on /home/facuvega/Descargas/crypto-etl-airflow/airflow-apache/lib/python3.11/site-packages/airflow/example_dags/example_time_delta_sensor_async.py
[2025-05-04T04:15:17.431-0300] {processor.py:830} INFO - Processing file /home/facuvega/Descargas/crypto-etl-airflow/airflow-apache/lib/python3.11/site-packages/airflow/example_dags/example_time_delta_sensor_async.py for tasks to queue
[2025-05-04T04:15:17.433-0300] {logging_mixin.py:188} INFO - [2025-05-04T04:15:17.432-0300] {dagbag.py:540} INFO - Filling up the DagBag from /home/facuvega/Descargas/crypto-etl-airflow/airflow-apache/lib/python3.11/site-packages/airflow/example_dags/example_time_delta_sensor_async.py
[2025-05-04T04:15:17.447-0300] {processor.py:840} INFO - DAG(s) 'example_time_delta_sensor_async' retrieved from /home/facuvega/Descargas/crypto-etl-airflow/airflow-apache/lib/python3.11/site-packages/airflow/example_dags/example_time_delta_sensor_async.py
[2025-05-04T04:15:17.479-0300] {logging_mixin.py:188} INFO - [2025-05-04T04:15:17.479-0300] {dag.py:3096} INFO - Sync 1 DAGs
[2025-05-04T04:15:17.493-0300] {logging_mixin.py:188} INFO - [2025-05-04T04:15:17.493-0300] {dag.py:3954} INFO - Setting next_dagrun for example_time_delta_sensor_async to None, run_after=None
[2025-05-04T04:15:17.516-0300] {processor.py:183} INFO - Processing /home/facuvega/Descargas/crypto-etl-airflow/airflow-apache/lib/python3.11/site-packages/airflow/example_dags/example_time_delta_sensor_async.py took 0.094 seconds
[2025-05-04T04:16:12.732-0300] {processor.py:161} INFO - Started process (PID=30655) to work on /home/facuvega/Descargas/crypto-etl-airflow/airflow-apache/lib/python3.11/site-packages/airflow/example_dags/example_time_delta_sensor_async.py
[2025-05-04T04:16:12.736-0300] {processor.py:830} INFO - Processing file /home/facuvega/Descargas/crypto-etl-airflow/airflow-apache/lib/python3.11/site-packages/airflow/example_dags/example_time_delta_sensor_async.py for tasks to queue
[2025-05-04T04:16:12.740-0300] {logging_mixin.py:188} INFO - [2025-05-04T04:16:12.740-0300] {dagbag.py:540} INFO - Filling up the DagBag from /home/facuvega/Descargas/crypto-etl-airflow/airflow-apache/lib/python3.11/site-packages/airflow/example_dags/example_time_delta_sensor_async.py
[2025-05-04T04:16:12.746-0300] {processor.py:840} INFO - DAG(s) 'example_time_delta_sensor_async' retrieved from /home/facuvega/Descargas/crypto-etl-airflow/airflow-apache/lib/python3.11/site-packages/airflow/example_dags/example_time_delta_sensor_async.py
[2025-05-04T04:16:12.768-0300] {logging_mixin.py:188} INFO - [2025-05-04T04:16:12.768-0300] {dag.py:3096} INFO - Sync 1 DAGs
[2025-05-04T04:16:12.782-0300] {logging_mixin.py:188} INFO - [2025-05-04T04:16:12.782-0300] {dag.py:3954} INFO - Setting next_dagrun for example_time_delta_sensor_async to None, run_after=None
[2025-05-04T04:16:12.814-0300] {processor.py:183} INFO - Processing /home/facuvega/Descargas/crypto-etl-airflow/airflow-apache/lib/python3.11/site-packages/airflow/example_dags/example_time_delta_sensor_async.py took 0.091 seconds
[2025-05-04T04:17:09.839-0300] {processor.py:161} INFO - Started process (PID=31239) to work on /home/facuvega/Descargas/crypto-etl-airflow/airflow-apache/lib/python3.11/site-packages/airflow/example_dags/example_time_delta_sensor_async.py
[2025-05-04T04:17:09.841-0300] {processor.py:830} INFO - Processing file /home/facuvega/Descargas/crypto-etl-airflow/airflow-apache/lib/python3.11/site-packages/airflow/example_dags/example_time_delta_sensor_async.py for tasks to queue
[2025-05-04T04:17:09.844-0300] {logging_mixin.py:188} INFO - [2025-05-04T04:17:09.843-0300] {dagbag.py:540} INFO - Filling up the DagBag from /home/facuvega/Descargas/crypto-etl-airflow/airflow-apache/lib/python3.11/site-packages/airflow/example_dags/example_time_delta_sensor_async.py
[2025-05-04T04:17:09.870-0300] {processor.py:840} INFO - DAG(s) 'example_time_delta_sensor_async' retrieved from /home/facuvega/Descargas/crypto-etl-airflow/airflow-apache/lib/python3.11/site-packages/airflow/example_dags/example_time_delta_sensor_async.py
[2025-05-04T04:17:09.963-0300] {logging_mixin.py:188} INFO - [2025-05-04T04:17:09.963-0300] {dag.py:3096} INFO - Sync 1 DAGs
[2025-05-04T04:17:09.993-0300] {logging_mixin.py:188} INFO - [2025-05-04T04:17:09.992-0300] {dag.py:3954} INFO - Setting next_dagrun for example_time_delta_sensor_async to None, run_after=None
[2025-05-04T04:17:10.023-0300] {processor.py:183} INFO - Processing /home/facuvega/Descargas/crypto-etl-airflow/airflow-apache/lib/python3.11/site-packages/airflow/example_dags/example_time_delta_sensor_async.py took 0.193 seconds
[2025-05-04T04:18:09.425-0300] {processor.py:161} INFO - Started process (PID=31617) to work on /home/facuvega/Descargas/crypto-etl-airflow/airflow-apache/lib/python3.11/site-packages/airflow/example_dags/example_time_delta_sensor_async.py
[2025-05-04T04:18:09.428-0300] {processor.py:830} INFO - Processing file /home/facuvega/Descargas/crypto-etl-airflow/airflow-apache/lib/python3.11/site-packages/airflow/example_dags/example_time_delta_sensor_async.py for tasks to queue
[2025-05-04T04:18:09.436-0300] {logging_mixin.py:188} INFO - [2025-05-04T04:18:09.435-0300] {dagbag.py:540} INFO - Filling up the DagBag from /home/facuvega/Descargas/crypto-etl-airflow/airflow-apache/lib/python3.11/site-packages/airflow/example_dags/example_time_delta_sensor_async.py
[2025-05-04T04:18:09.447-0300] {processor.py:840} INFO - DAG(s) 'example_time_delta_sensor_async' retrieved from /home/facuvega/Descargas/crypto-etl-airflow/airflow-apache/lib/python3.11/site-packages/airflow/example_dags/example_time_delta_sensor_async.py
[2025-05-04T04:18:09.477-0300] {logging_mixin.py:188} INFO - [2025-05-04T04:18:09.477-0300] {dag.py:3096} INFO - Sync 1 DAGs
[2025-05-04T04:18:09.490-0300] {logging_mixin.py:188} INFO - [2025-05-04T04:18:09.490-0300] {dag.py:3954} INFO - Setting next_dagrun for example_time_delta_sensor_async to None, run_after=None
[2025-05-04T04:18:09.616-0300] {processor.py:183} INFO - Processing /home/facuvega/Descargas/crypto-etl-airflow/airflow-apache/lib/python3.11/site-packages/airflow/example_dags/example_time_delta_sensor_async.py took 0.242 seconds
[2025-05-04T04:19:40.639-0300] {processor.py:161} INFO - Started process (PID=32829) to work on /home/facuvega/Descargas/crypto-etl-airflow/airflow-apache/lib/python3.11/site-packages/airflow/example_dags/example_time_delta_sensor_async.py
[2025-05-04T04:19:40.642-0300] {processor.py:830} INFO - Processing file /home/facuvega/Descargas/crypto-etl-airflow/airflow-apache/lib/python3.11/site-packages/airflow/example_dags/example_time_delta_sensor_async.py for tasks to queue
[2025-05-04T04:19:40.644-0300] {logging_mixin.py:188} INFO - [2025-05-04T04:19:40.644-0300] {dagbag.py:540} INFO - Filling up the DagBag from /home/facuvega/Descargas/crypto-etl-airflow/airflow-apache/lib/python3.11/site-packages/airflow/example_dags/example_time_delta_sensor_async.py
[2025-05-04T04:19:40.653-0300] {processor.py:840} INFO - DAG(s) 'example_time_delta_sensor_async' retrieved from /home/facuvega/Descargas/crypto-etl-airflow/airflow-apache/lib/python3.11/site-packages/airflow/example_dags/example_time_delta_sensor_async.py
[2025-05-04T04:19:40.677-0300] {logging_mixin.py:188} INFO - [2025-05-04T04:19:40.677-0300] {dag.py:3096} INFO - Sync 1 DAGs
[2025-05-04T04:19:40.729-0300] {logging_mixin.py:188} INFO - [2025-05-04T04:19:40.729-0300] {dag.py:3954} INFO - Setting next_dagrun for example_time_delta_sensor_async to None, run_after=None
[2025-05-04T04:19:40.846-0300] {processor.py:183} INFO - Processing /home/facuvega/Descargas/crypto-etl-airflow/airflow-apache/lib/python3.11/site-packages/airflow/example_dags/example_time_delta_sensor_async.py took 0.219 seconds
[2025-05-04T04:20:33.006-0300] {processor.py:161} INFO - Started process (PID=33063) to work on /home/facuvega/Descargas/crypto-etl-airflow/airflow-apache/lib/python3.11/site-packages/airflow/example_dags/example_time_delta_sensor_async.py
[2025-05-04T04:20:33.007-0300] {processor.py:830} INFO - Processing file /home/facuvega/Descargas/crypto-etl-airflow/airflow-apache/lib/python3.11/site-packages/airflow/example_dags/example_time_delta_sensor_async.py for tasks to queue
[2025-05-04T04:20:33.011-0300] {logging_mixin.py:188} INFO - [2025-05-04T04:20:33.011-0300] {dagbag.py:540} INFO - Filling up the DagBag from /home/facuvega/Descargas/crypto-etl-airflow/airflow-apache/lib/python3.11/site-packages/airflow/example_dags/example_time_delta_sensor_async.py
[2025-05-04T04:20:33.019-0300] {processor.py:840} INFO - DAG(s) 'example_time_delta_sensor_async' retrieved from /home/facuvega/Descargas/crypto-etl-airflow/airflow-apache/lib/python3.11/site-packages/airflow/example_dags/example_time_delta_sensor_async.py
[2025-05-04T04:20:33.040-0300] {logging_mixin.py:188} INFO - [2025-05-04T04:20:33.040-0300] {dag.py:3096} INFO - Sync 1 DAGs
[2025-05-04T04:20:33.058-0300] {logging_mixin.py:188} INFO - [2025-05-04T04:20:33.057-0300] {dag.py:3954} INFO - Setting next_dagrun for example_time_delta_sensor_async to None, run_after=None
[2025-05-04T04:20:33.102-0300] {processor.py:183} INFO - Processing /home/facuvega/Descargas/crypto-etl-airflow/airflow-apache/lib/python3.11/site-packages/airflow/example_dags/example_time_delta_sensor_async.py took 0.104 seconds
[2025-05-04T04:21:25.469-0300] {processor.py:161} INFO - Started process (PID=33298) to work on /home/facuvega/Descargas/crypto-etl-airflow/airflow-apache/lib/python3.11/site-packages/airflow/example_dags/example_time_delta_sensor_async.py
[2025-05-04T04:21:25.470-0300] {processor.py:830} INFO - Processing file /home/facuvega/Descargas/crypto-etl-airflow/airflow-apache/lib/python3.11/site-packages/airflow/example_dags/example_time_delta_sensor_async.py for tasks to queue
[2025-05-04T04:21:25.472-0300] {logging_mixin.py:188} INFO - [2025-05-04T04:21:25.471-0300] {dagbag.py:540} INFO - Filling up the DagBag from /home/facuvega/Descargas/crypto-etl-airflow/airflow-apache/lib/python3.11/site-packages/airflow/example_dags/example_time_delta_sensor_async.py
[2025-05-04T04:21:25.481-0300] {processor.py:840} INFO - DAG(s) 'example_time_delta_sensor_async' retrieved from /home/facuvega/Descargas/crypto-etl-airflow/airflow-apache/lib/python3.11/site-packages/airflow/example_dags/example_time_delta_sensor_async.py
[2025-05-04T04:21:25.505-0300] {logging_mixin.py:188} INFO - [2025-05-04T04:21:25.505-0300] {dag.py:3096} INFO - Sync 1 DAGs
[2025-05-04T04:21:25.517-0300] {logging_mixin.py:188} INFO - [2025-05-04T04:21:25.516-0300] {dag.py:3954} INFO - Setting next_dagrun for example_time_delta_sensor_async to None, run_after=None
[2025-05-04T04:21:25.542-0300] {processor.py:183} INFO - Processing /home/facuvega/Descargas/crypto-etl-airflow/airflow-apache/lib/python3.11/site-packages/airflow/example_dags/example_time_delta_sensor_async.py took 0.079 seconds
[2025-05-04T04:22:20.317-0300] {processor.py:161} INFO - Started process (PID=33989) to work on /home/facuvega/Descargas/crypto-etl-airflow/airflow-apache/lib/python3.11/site-packages/airflow/example_dags/example_time_delta_sensor_async.py
[2025-05-04T04:22:20.318-0300] {processor.py:830} INFO - Processing file /home/facuvega/Descargas/crypto-etl-airflow/airflow-apache/lib/python3.11/site-packages/airflow/example_dags/example_time_delta_sensor_async.py for tasks to queue
[2025-05-04T04:22:20.319-0300] {logging_mixin.py:188} INFO - [2025-05-04T04:22:20.319-0300] {dagbag.py:540} INFO - Filling up the DagBag from /home/facuvega/Descargas/crypto-etl-airflow/airflow-apache/lib/python3.11/site-packages/airflow/example_dags/example_time_delta_sensor_async.py
[2025-05-04T04:22:20.326-0300] {processor.py:840} INFO - DAG(s) 'example_time_delta_sensor_async' retrieved from /home/facuvega/Descargas/crypto-etl-airflow/airflow-apache/lib/python3.11/site-packages/airflow/example_dags/example_time_delta_sensor_async.py
[2025-05-04T04:22:20.342-0300] {logging_mixin.py:188} INFO - [2025-05-04T04:22:20.342-0300] {dag.py:3096} INFO - Sync 1 DAGs
[2025-05-04T04:22:20.350-0300] {logging_mixin.py:188} INFO - [2025-05-04T04:22:20.350-0300] {dag.py:3954} INFO - Setting next_dagrun for example_time_delta_sensor_async to None, run_after=None
[2025-05-04T04:22:20.362-0300] {processor.py:183} INFO - Processing /home/facuvega/Descargas/crypto-etl-airflow/airflow-apache/lib/python3.11/site-packages/airflow/example_dags/example_time_delta_sensor_async.py took 0.050 seconds
[2025-05-04T04:23:39.307-0300] {processor.py:161} INFO - Started process (PID=34907) to work on /home/facuvega/Descargas/crypto-etl-airflow/airflow-apache/lib/python3.11/site-packages/airflow/example_dags/example_time_delta_sensor_async.py
[2025-05-04T04:23:39.308-0300] {processor.py:830} INFO - Processing file /home/facuvega/Descargas/crypto-etl-airflow/airflow-apache/lib/python3.11/site-packages/airflow/example_dags/example_time_delta_sensor_async.py for tasks to queue
[2025-05-04T04:23:39.311-0300] {logging_mixin.py:188} INFO - [2025-05-04T04:23:39.310-0300] {dagbag.py:540} INFO - Filling up the DagBag from /home/facuvega/Descargas/crypto-etl-airflow/airflow-apache/lib/python3.11/site-packages/airflow/example_dags/example_time_delta_sensor_async.py
[2025-05-04T04:23:39.317-0300] {processor.py:840} INFO - DAG(s) 'example_time_delta_sensor_async' retrieved from /home/facuvega/Descargas/crypto-etl-airflow/airflow-apache/lib/python3.11/site-packages/airflow/example_dags/example_time_delta_sensor_async.py
[2025-05-04T04:23:39.334-0300] {logging_mixin.py:188} INFO - [2025-05-04T04:23:39.334-0300] {dag.py:3096} INFO - Sync 1 DAGs
[2025-05-04T04:23:39.344-0300] {logging_mixin.py:188} INFO - [2025-05-04T04:23:39.344-0300] {dag.py:3954} INFO - Setting next_dagrun for example_time_delta_sensor_async to None, run_after=None
[2025-05-04T04:23:39.360-0300] {processor.py:183} INFO - Processing /home/facuvega/Descargas/crypto-etl-airflow/airflow-apache/lib/python3.11/site-packages/airflow/example_dags/example_time_delta_sensor_async.py took 0.059 seconds
