[2025-05-04T03:50:49.287-0300] {processor.py:161} INFO - Started process (PID=19661) to work on /home/facuvega/Descargas/crypto-etl-airflow/airflow-apache/lib/python3.11/site-packages/airflow/example_dags/example_short_circuit_operator.py
[2025-05-04T03:50:49.288-0300] {processor.py:830} INFO - Processing file /home/facuvega/Descargas/crypto-etl-airflow/airflow-apache/lib/python3.11/site-packages/airflow/example_dags/example_short_circuit_operator.py for tasks to queue
[2025-05-04T03:50:49.289-0300] {logging_mixin.py:188} INFO - [2025-05-04T03:50:49.289-0300] {dagbag.py:540} INFO - Filling up the DagBag from /home/facuvega/Descargas/crypto-etl-airflow/airflow-apache/lib/python3.11/site-packages/airflow/example_dags/example_short_circuit_operator.py
[2025-05-04T03:50:49.298-0300] {processor.py:840} INFO - DAG(s) 'example_short_circuit_operator' retrieved from /home/facuvega/Descargas/crypto-etl-airflow/airflow-apache/lib/python3.11/site-packages/airflow/example_dags/example_short_circuit_operator.py
[2025-05-04T03:50:49.317-0300] {logging_mixin.py:188} INFO - [2025-05-04T03:50:49.317-0300] {dag.py:3096} INFO - Sync 1 DAGs
[2025-05-04T03:50:49.329-0300] {logging_mixin.py:188} INFO - [2025-05-04T03:50:49.329-0300] {dag.py:3954} INFO - Setting next_dagrun for example_short_circuit_operator to 2025-05-03 00:00:00+00:00, run_after=2025-05-04 00:00:00+00:00
[2025-05-04T03:50:49.342-0300] {processor.py:183} INFO - Processing /home/facuvega/Descargas/crypto-etl-airflow/airflow-apache/lib/python3.11/site-packages/airflow/example_dags/example_short_circuit_operator.py took 0.060 seconds
[2025-05-04T03:51:39.652-0300] {processor.py:161} INFO - Started process (PID=19881) to work on /home/facuvega/Descargas/crypto-etl-airflow/airflow-apache/lib/python3.11/site-packages/airflow/example_dags/example_short_circuit_operator.py
[2025-05-04T03:51:39.656-0300] {processor.py:830} INFO - Processing file /home/facuvega/Descargas/crypto-etl-airflow/airflow-apache/lib/python3.11/site-packages/airflow/example_dags/example_short_circuit_operator.py for tasks to queue
[2025-05-04T03:51:39.661-0300] {logging_mixin.py:188} INFO - [2025-05-04T03:51:39.660-0300] {dagbag.py:540} INFO - Filling up the DagBag from /home/facuvega/Descargas/crypto-etl-airflow/airflow-apache/lib/python3.11/site-packages/airflow/example_dags/example_short_circuit_operator.py
[2025-05-04T03:51:39.677-0300] {processor.py:840} INFO - DAG(s) 'example_short_circuit_operator' retrieved from /home/facuvega/Descargas/crypto-etl-airflow/airflow-apache/lib/python3.11/site-packages/airflow/example_dags/example_short_circuit_operator.py
[2025-05-04T03:51:39.711-0300] {logging_mixin.py:188} INFO - [2025-05-04T03:51:39.710-0300] {dag.py:3096} INFO - Sync 1 DAGs
[2025-05-04T03:51:39.750-0300] {logging_mixin.py:188} INFO - [2025-05-04T03:51:39.750-0300] {dag.py:3954} INFO - Setting next_dagrun for example_short_circuit_operator to 2025-05-03 00:00:00+00:00, run_after=2025-05-04 00:00:00+00:00
[2025-05-04T03:51:39.769-0300] {processor.py:183} INFO - Processing /home/facuvega/Descargas/crypto-etl-airflow/airflow-apache/lib/python3.11/site-packages/airflow/example_dags/example_short_circuit_operator.py took 0.132 seconds
[2025-05-04T03:52:31.296-0300] {processor.py:161} INFO - Started process (PID=20131) to work on /home/facuvega/Descargas/crypto-etl-airflow/airflow-apache/lib/python3.11/site-packages/airflow/example_dags/example_short_circuit_operator.py
[2025-05-04T03:52:31.297-0300] {processor.py:830} INFO - Processing file /home/facuvega/Descargas/crypto-etl-airflow/airflow-apache/lib/python3.11/site-packages/airflow/example_dags/example_short_circuit_operator.py for tasks to queue
[2025-05-04T03:52:31.298-0300] {logging_mixin.py:188} INFO - [2025-05-04T03:52:31.298-0300] {dagbag.py:540} INFO - Filling up the DagBag from /home/facuvega/Descargas/crypto-etl-airflow/airflow-apache/lib/python3.11/site-packages/airflow/example_dags/example_short_circuit_operator.py
[2025-05-04T03:52:31.304-0300] {processor.py:840} INFO - DAG(s) 'example_short_circuit_operator' retrieved from /home/facuvega/Descargas/crypto-etl-airflow/airflow-apache/lib/python3.11/site-packages/airflow/example_dags/example_short_circuit_operator.py
[2025-05-04T03:52:31.317-0300] {logging_mixin.py:188} INFO - [2025-05-04T03:52:31.317-0300] {dag.py:3096} INFO - Sync 1 DAGs
[2025-05-04T03:52:31.331-0300] {logging_mixin.py:188} INFO - [2025-05-04T03:52:31.331-0300] {dag.py:3954} INFO - Setting next_dagrun for example_short_circuit_operator to 2025-05-03 00:00:00+00:00, run_after=2025-05-04 00:00:00+00:00
[2025-05-04T03:52:31.343-0300] {processor.py:183} INFO - Processing /home/facuvega/Descargas/crypto-etl-airflow/airflow-apache/lib/python3.11/site-packages/airflow/example_dags/example_short_circuit_operator.py took 0.053 seconds
[2025-05-04T03:53:18.880-0300] {processor.py:161} INFO - Started process (PID=20501) to work on /home/facuvega/Descargas/crypto-etl-airflow/airflow-apache/lib/python3.11/site-packages/airflow/example_dags/example_short_circuit_operator.py
[2025-05-04T03:53:18.881-0300] {processor.py:830} INFO - Processing file /home/facuvega/Descargas/crypto-etl-airflow/airflow-apache/lib/python3.11/site-packages/airflow/example_dags/example_short_circuit_operator.py for tasks to queue
[2025-05-04T03:53:18.883-0300] {logging_mixin.py:188} INFO - [2025-05-04T03:53:18.882-0300] {dagbag.py:540} INFO - Filling up the DagBag from /home/facuvega/Descargas/crypto-etl-airflow/airflow-apache/lib/python3.11/site-packages/airflow/example_dags/example_short_circuit_operator.py
[2025-05-04T03:53:18.893-0300] {processor.py:840} INFO - DAG(s) 'example_short_circuit_operator' retrieved from /home/facuvega/Descargas/crypto-etl-airflow/airflow-apache/lib/python3.11/site-packages/airflow/example_dags/example_short_circuit_operator.py
[2025-05-04T03:53:18.914-0300] {logging_mixin.py:188} INFO - [2025-05-04T03:53:18.914-0300] {dag.py:3096} INFO - Sync 1 DAGs
[2025-05-04T03:53:18.931-0300] {logging_mixin.py:188} INFO - [2025-05-04T03:53:18.931-0300] {dag.py:3954} INFO - Setting next_dagrun for example_short_circuit_operator to 2025-05-03 00:00:00+00:00, run_after=2025-05-04 00:00:00+00:00
[2025-05-04T03:53:18.947-0300] {processor.py:183} INFO - Processing /home/facuvega/Descargas/crypto-etl-airflow/airflow-apache/lib/python3.11/site-packages/airflow/example_dags/example_short_circuit_operator.py took 0.078 seconds
[2025-05-04T03:54:08.797-0300] {processor.py:161} INFO - Started process (PID=20912) to work on /home/facuvega/Descargas/crypto-etl-airflow/airflow-apache/lib/python3.11/site-packages/airflow/example_dags/example_short_circuit_operator.py
[2025-05-04T03:54:08.798-0300] {processor.py:830} INFO - Processing file /home/facuvega/Descargas/crypto-etl-airflow/airflow-apache/lib/python3.11/site-packages/airflow/example_dags/example_short_circuit_operator.py for tasks to queue
[2025-05-04T03:54:08.799-0300] {logging_mixin.py:188} INFO - [2025-05-04T03:54:08.799-0300] {dagbag.py:540} INFO - Filling up the DagBag from /home/facuvega/Descargas/crypto-etl-airflow/airflow-apache/lib/python3.11/site-packages/airflow/example_dags/example_short_circuit_operator.py
[2025-05-04T03:54:08.806-0300] {processor.py:840} INFO - DAG(s) 'example_short_circuit_operator' retrieved from /home/facuvega/Descargas/crypto-etl-airflow/airflow-apache/lib/python3.11/site-packages/airflow/example_dags/example_short_circuit_operator.py
[2025-05-04T03:54:08.820-0300] {logging_mixin.py:188} INFO - [2025-05-04T03:54:08.820-0300] {dag.py:3096} INFO - Sync 1 DAGs
[2025-05-04T03:54:08.834-0300] {logging_mixin.py:188} INFO - [2025-05-04T03:54:08.834-0300] {dag.py:3954} INFO - Setting next_dagrun for example_short_circuit_operator to 2025-05-03 00:00:00+00:00, run_after=2025-05-04 00:00:00+00:00
[2025-05-04T03:54:08.847-0300] {processor.py:183} INFO - Processing /home/facuvega/Descargas/crypto-etl-airflow/airflow-apache/lib/python3.11/site-packages/airflow/example_dags/example_short_circuit_operator.py took 0.055 seconds
[2025-05-04T03:54:51.278-0300] {processor.py:161} INFO - Started process (PID=21106) to work on /home/facuvega/Descargas/crypto-etl-airflow/airflow-apache/lib/python3.11/site-packages/airflow/example_dags/example_short_circuit_operator.py
[2025-05-04T03:54:51.279-0300] {processor.py:830} INFO - Processing file /home/facuvega/Descargas/crypto-etl-airflow/airflow-apache/lib/python3.11/site-packages/airflow/example_dags/example_short_circuit_operator.py for tasks to queue
[2025-05-04T03:54:51.281-0300] {logging_mixin.py:188} INFO - [2025-05-04T03:54:51.280-0300] {dagbag.py:540} INFO - Filling up the DagBag from /home/facuvega/Descargas/crypto-etl-airflow/airflow-apache/lib/python3.11/site-packages/airflow/example_dags/example_short_circuit_operator.py
[2025-05-04T03:54:51.291-0300] {processor.py:840} INFO - DAG(s) 'example_short_circuit_operator' retrieved from /home/facuvega/Descargas/crypto-etl-airflow/airflow-apache/lib/python3.11/site-packages/airflow/example_dags/example_short_circuit_operator.py
[2025-05-04T03:54:51.312-0300] {logging_mixin.py:188} INFO - [2025-05-04T03:54:51.311-0300] {dag.py:3096} INFO - Sync 1 DAGs
[2025-05-04T03:54:51.331-0300] {logging_mixin.py:188} INFO - [2025-05-04T03:54:51.330-0300] {dag.py:3954} INFO - Setting next_dagrun for example_short_circuit_operator to 2025-05-03 00:00:00+00:00, run_after=2025-05-04 00:00:00+00:00
[2025-05-04T03:54:51.347-0300] {processor.py:183} INFO - Processing /home/facuvega/Descargas/crypto-etl-airflow/airflow-apache/lib/python3.11/site-packages/airflow/example_dags/example_short_circuit_operator.py took 0.075 seconds
[2025-05-04T03:55:40.150-0300] {processor.py:161} INFO - Started process (PID=21435) to work on /home/facuvega/Descargas/crypto-etl-airflow/airflow-apache/lib/python3.11/site-packages/airflow/example_dags/example_short_circuit_operator.py
[2025-05-04T03:55:40.151-0300] {processor.py:830} INFO - Processing file /home/facuvega/Descargas/crypto-etl-airflow/airflow-apache/lib/python3.11/site-packages/airflow/example_dags/example_short_circuit_operator.py for tasks to queue
[2025-05-04T03:55:40.153-0300] {logging_mixin.py:188} INFO - [2025-05-04T03:55:40.153-0300] {dagbag.py:540} INFO - Filling up the DagBag from /home/facuvega/Descargas/crypto-etl-airflow/airflow-apache/lib/python3.11/site-packages/airflow/example_dags/example_short_circuit_operator.py
[2025-05-04T03:55:40.165-0300] {processor.py:840} INFO - DAG(s) 'example_short_circuit_operator' retrieved from /home/facuvega/Descargas/crypto-etl-airflow/airflow-apache/lib/python3.11/site-packages/airflow/example_dags/example_short_circuit_operator.py
[2025-05-04T03:55:40.184-0300] {logging_mixin.py:188} INFO - [2025-05-04T03:55:40.184-0300] {dag.py:3096} INFO - Sync 1 DAGs
[2025-05-04T03:55:40.205-0300] {logging_mixin.py:188} INFO - [2025-05-04T03:55:40.205-0300] {dag.py:3954} INFO - Setting next_dagrun for example_short_circuit_operator to 2025-05-03 00:00:00+00:00, run_after=2025-05-04 00:00:00+00:00
[2025-05-04T03:55:40.228-0300] {processor.py:183} INFO - Processing /home/facuvega/Descargas/crypto-etl-airflow/airflow-apache/lib/python3.11/site-packages/airflow/example_dags/example_short_circuit_operator.py took 0.087 seconds
[2025-05-04T03:56:26.652-0300] {processor.py:161} INFO - Started process (PID=21644) to work on /home/facuvega/Descargas/crypto-etl-airflow/airflow-apache/lib/python3.11/site-packages/airflow/example_dags/example_short_circuit_operator.py
[2025-05-04T03:56:26.654-0300] {processor.py:830} INFO - Processing file /home/facuvega/Descargas/crypto-etl-airflow/airflow-apache/lib/python3.11/site-packages/airflow/example_dags/example_short_circuit_operator.py for tasks to queue
[2025-05-04T03:56:26.655-0300] {logging_mixin.py:188} INFO - [2025-05-04T03:56:26.655-0300] {dagbag.py:540} INFO - Filling up the DagBag from /home/facuvega/Descargas/crypto-etl-airflow/airflow-apache/lib/python3.11/site-packages/airflow/example_dags/example_short_circuit_operator.py
[2025-05-04T03:56:26.669-0300] {processor.py:840} INFO - DAG(s) 'example_short_circuit_operator' retrieved from /home/facuvega/Descargas/crypto-etl-airflow/airflow-apache/lib/python3.11/site-packages/airflow/example_dags/example_short_circuit_operator.py
[2025-05-04T03:56:26.685-0300] {logging_mixin.py:188} INFO - [2025-05-04T03:56:26.685-0300] {dag.py:3096} INFO - Sync 1 DAGs
[2025-05-04T03:56:26.700-0300] {logging_mixin.py:188} INFO - [2025-05-04T03:56:26.700-0300] {dag.py:3954} INFO - Setting next_dagrun for example_short_circuit_operator to 2025-05-03 00:00:00+00:00, run_after=2025-05-04 00:00:00+00:00
[2025-05-04T03:56:26.719-0300] {processor.py:183} INFO - Processing /home/facuvega/Descargas/crypto-etl-airflow/airflow-apache/lib/python3.11/site-packages/airflow/example_dags/example_short_circuit_operator.py took 0.072 seconds
[2025-05-04T03:57:08.063-0300] {processor.py:161} INFO - Started process (PID=21838) to work on /home/facuvega/Descargas/crypto-etl-airflow/airflow-apache/lib/python3.11/site-packages/airflow/example_dags/example_short_circuit_operator.py
[2025-05-04T03:57:08.064-0300] {processor.py:830} INFO - Processing file /home/facuvega/Descargas/crypto-etl-airflow/airflow-apache/lib/python3.11/site-packages/airflow/example_dags/example_short_circuit_operator.py for tasks to queue
[2025-05-04T03:57:08.065-0300] {logging_mixin.py:188} INFO - [2025-05-04T03:57:08.065-0300] {dagbag.py:540} INFO - Filling up the DagBag from /home/facuvega/Descargas/crypto-etl-airflow/airflow-apache/lib/python3.11/site-packages/airflow/example_dags/example_short_circuit_operator.py
[2025-05-04T03:57:08.072-0300] {processor.py:840} INFO - DAG(s) 'example_short_circuit_operator' retrieved from /home/facuvega/Descargas/crypto-etl-airflow/airflow-apache/lib/python3.11/site-packages/airflow/example_dags/example_short_circuit_operator.py
[2025-05-04T03:57:08.086-0300] {logging_mixin.py:188} INFO - [2025-05-04T03:57:08.086-0300] {dag.py:3096} INFO - Sync 1 DAGs
[2025-05-04T03:57:08.099-0300] {logging_mixin.py:188} INFO - [2025-05-04T03:57:08.099-0300] {dag.py:3954} INFO - Setting next_dagrun for example_short_circuit_operator to 2025-05-03 00:00:00+00:00, run_after=2025-05-04 00:00:00+00:00
[2025-05-04T03:57:08.112-0300] {processor.py:183} INFO - Processing /home/facuvega/Descargas/crypto-etl-airflow/airflow-apache/lib/python3.11/site-packages/airflow/example_dags/example_short_circuit_operator.py took 0.054 seconds
[2025-05-04T03:58:11.233-0300] {processor.py:161} INFO - Started process (PID=22469) to work on /home/facuvega/Descargas/crypto-etl-airflow/airflow-apache/lib/python3.11/site-packages/airflow/example_dags/example_short_circuit_operator.py
[2025-05-04T03:58:11.234-0300] {processor.py:830} INFO - Processing file /home/facuvega/Descargas/crypto-etl-airflow/airflow-apache/lib/python3.11/site-packages/airflow/example_dags/example_short_circuit_operator.py for tasks to queue
[2025-05-04T03:58:11.235-0300] {logging_mixin.py:188} INFO - [2025-05-04T03:58:11.235-0300] {dagbag.py:540} INFO - Filling up the DagBag from /home/facuvega/Descargas/crypto-etl-airflow/airflow-apache/lib/python3.11/site-packages/airflow/example_dags/example_short_circuit_operator.py
[2025-05-04T03:58:11.245-0300] {processor.py:840} INFO - DAG(s) 'example_short_circuit_operator' retrieved from /home/facuvega/Descargas/crypto-etl-airflow/airflow-apache/lib/python3.11/site-packages/airflow/example_dags/example_short_circuit_operator.py
[2025-05-04T03:58:11.267-0300] {logging_mixin.py:188} INFO - [2025-05-04T03:58:11.267-0300] {dag.py:3096} INFO - Sync 1 DAGs
[2025-05-04T03:58:11.283-0300] {logging_mixin.py:188} INFO - [2025-05-04T03:58:11.283-0300] {dag.py:3954} INFO - Setting next_dagrun for example_short_circuit_operator to 2025-05-03 00:00:00+00:00, run_after=2025-05-04 00:00:00+00:00
[2025-05-04T03:58:11.297-0300] {processor.py:183} INFO - Processing /home/facuvega/Descargas/crypto-etl-airflow/airflow-apache/lib/python3.11/site-packages/airflow/example_dags/example_short_circuit_operator.py took 0.070 seconds
[2025-05-04T03:59:06.175-0300] {processor.py:161} INFO - Started process (PID=22813) to work on /home/facuvega/Descargas/crypto-etl-airflow/airflow-apache/lib/python3.11/site-packages/airflow/example_dags/example_short_circuit_operator.py
[2025-05-04T03:59:06.176-0300] {processor.py:830} INFO - Processing file /home/facuvega/Descargas/crypto-etl-airflow/airflow-apache/lib/python3.11/site-packages/airflow/example_dags/example_short_circuit_operator.py for tasks to queue
[2025-05-04T03:59:06.177-0300] {logging_mixin.py:188} INFO - [2025-05-04T03:59:06.177-0300] {dagbag.py:540} INFO - Filling up the DagBag from /home/facuvega/Descargas/crypto-etl-airflow/airflow-apache/lib/python3.11/site-packages/airflow/example_dags/example_short_circuit_operator.py
[2025-05-04T03:59:06.186-0300] {processor.py:840} INFO - DAG(s) 'example_short_circuit_operator' retrieved from /home/facuvega/Descargas/crypto-etl-airflow/airflow-apache/lib/python3.11/site-packages/airflow/example_dags/example_short_circuit_operator.py
[2025-05-04T03:59:06.201-0300] {logging_mixin.py:188} INFO - [2025-05-04T03:59:06.201-0300] {dag.py:3096} INFO - Sync 1 DAGs
[2025-05-04T03:59:06.215-0300] {logging_mixin.py:188} INFO - [2025-05-04T03:59:06.215-0300] {dag.py:3954} INFO - Setting next_dagrun for example_short_circuit_operator to 2025-05-03 00:00:00+00:00, run_after=2025-05-04 00:00:00+00:00
[2025-05-04T03:59:06.229-0300] {processor.py:183} INFO - Processing /home/facuvega/Descargas/crypto-etl-airflow/airflow-apache/lib/python3.11/site-packages/airflow/example_dags/example_short_circuit_operator.py took 0.060 seconds
[2025-05-04T04:00:09.414-0300] {processor.py:161} INFO - Started process (PID=23509) to work on /home/facuvega/Descargas/crypto-etl-airflow/airflow-apache/lib/python3.11/site-packages/airflow/example_dags/example_short_circuit_operator.py
[2025-05-04T04:00:09.415-0300] {processor.py:830} INFO - Processing file /home/facuvega/Descargas/crypto-etl-airflow/airflow-apache/lib/python3.11/site-packages/airflow/example_dags/example_short_circuit_operator.py for tasks to queue
[2025-05-04T04:00:09.417-0300] {logging_mixin.py:188} INFO - [2025-05-04T04:00:09.417-0300] {dagbag.py:540} INFO - Filling up the DagBag from /home/facuvega/Descargas/crypto-etl-airflow/airflow-apache/lib/python3.11/site-packages/airflow/example_dags/example_short_circuit_operator.py
[2025-05-04T04:00:09.427-0300] {processor.py:840} INFO - DAG(s) 'example_short_circuit_operator' retrieved from /home/facuvega/Descargas/crypto-etl-airflow/airflow-apache/lib/python3.11/site-packages/airflow/example_dags/example_short_circuit_operator.py
[2025-05-04T04:00:09.445-0300] {logging_mixin.py:188} INFO - [2025-05-04T04:00:09.445-0300] {dag.py:3096} INFO - Sync 1 DAGs
[2025-05-04T04:00:09.463-0300] {logging_mixin.py:188} INFO - [2025-05-04T04:00:09.463-0300] {dag.py:3954} INFO - Setting next_dagrun for example_short_circuit_operator to 2025-05-03 00:00:00+00:00, run_after=2025-05-04 00:00:00+00:00
[2025-05-04T04:00:09.481-0300] {processor.py:183} INFO - Processing /home/facuvega/Descargas/crypto-etl-airflow/airflow-apache/lib/python3.11/site-packages/airflow/example_dags/example_short_circuit_operator.py took 0.075 seconds
[2025-05-04T04:01:04.931-0300] {processor.py:161} INFO - Started process (PID=23942) to work on /home/facuvega/Descargas/crypto-etl-airflow/airflow-apache/lib/python3.11/site-packages/airflow/example_dags/example_short_circuit_operator.py
[2025-05-04T04:01:04.932-0300] {processor.py:830} INFO - Processing file /home/facuvega/Descargas/crypto-etl-airflow/airflow-apache/lib/python3.11/site-packages/airflow/example_dags/example_short_circuit_operator.py for tasks to queue
[2025-05-04T04:01:04.934-0300] {logging_mixin.py:188} INFO - [2025-05-04T04:01:04.934-0300] {dagbag.py:540} INFO - Filling up the DagBag from /home/facuvega/Descargas/crypto-etl-airflow/airflow-apache/lib/python3.11/site-packages/airflow/example_dags/example_short_circuit_operator.py
[2025-05-04T04:01:04.942-0300] {processor.py:840} INFO - DAG(s) 'example_short_circuit_operator' retrieved from /home/facuvega/Descargas/crypto-etl-airflow/airflow-apache/lib/python3.11/site-packages/airflow/example_dags/example_short_circuit_operator.py
[2025-05-04T04:01:04.958-0300] {logging_mixin.py:188} INFO - [2025-05-04T04:01:04.958-0300] {dag.py:3096} INFO - Sync 1 DAGs
[2025-05-04T04:01:04.972-0300] {logging_mixin.py:188} INFO - [2025-05-04T04:01:04.972-0300] {dag.py:3954} INFO - Setting next_dagrun for example_short_circuit_operator to 2025-05-03 00:00:00+00:00, run_after=2025-05-04 00:00:00+00:00
[2025-05-04T04:01:04.985-0300] {processor.py:183} INFO - Processing /home/facuvega/Descargas/crypto-etl-airflow/airflow-apache/lib/python3.11/site-packages/airflow/example_dags/example_short_circuit_operator.py took 0.060 seconds
[2025-05-04T04:01:54.079-0300] {processor.py:161} INFO - Started process (PID=24171) to work on /home/facuvega/Descargas/crypto-etl-airflow/airflow-apache/lib/python3.11/site-packages/airflow/example_dags/example_short_circuit_operator.py
[2025-05-04T04:01:54.080-0300] {processor.py:830} INFO - Processing file /home/facuvega/Descargas/crypto-etl-airflow/airflow-apache/lib/python3.11/site-packages/airflow/example_dags/example_short_circuit_operator.py for tasks to queue
[2025-05-04T04:01:54.082-0300] {logging_mixin.py:188} INFO - [2025-05-04T04:01:54.082-0300] {dagbag.py:540} INFO - Filling up the DagBag from /home/facuvega/Descargas/crypto-etl-airflow/airflow-apache/lib/python3.11/site-packages/airflow/example_dags/example_short_circuit_operator.py
[2025-05-04T04:01:54.089-0300] {processor.py:840} INFO - DAG(s) 'example_short_circuit_operator' retrieved from /home/facuvega/Descargas/crypto-etl-airflow/airflow-apache/lib/python3.11/site-packages/airflow/example_dags/example_short_circuit_operator.py
[2025-05-04T04:01:54.106-0300] {logging_mixin.py:188} INFO - [2025-05-04T04:01:54.106-0300] {dag.py:3096} INFO - Sync 1 DAGs
[2025-05-04T04:01:54.121-0300] {logging_mixin.py:188} INFO - [2025-05-04T04:01:54.121-0300] {dag.py:3954} INFO - Setting next_dagrun for example_short_circuit_operator to 2025-05-03 00:00:00+00:00, run_after=2025-05-04 00:00:00+00:00
[2025-05-04T04:01:54.134-0300] {processor.py:183} INFO - Processing /home/facuvega/Descargas/crypto-etl-airflow/airflow-apache/lib/python3.11/site-packages/airflow/example_dags/example_short_circuit_operator.py took 0.061 seconds
[2025-05-04T04:03:17.827-0300] {processor.py:161} INFO - Started process (PID=24969) to work on /home/facuvega/Descargas/crypto-etl-airflow/airflow-apache/lib/python3.11/site-packages/airflow/example_dags/example_short_circuit_operator.py
[2025-05-04T04:03:17.828-0300] {processor.py:830} INFO - Processing file /home/facuvega/Descargas/crypto-etl-airflow/airflow-apache/lib/python3.11/site-packages/airflow/example_dags/example_short_circuit_operator.py for tasks to queue
[2025-05-04T04:03:17.829-0300] {logging_mixin.py:188} INFO - [2025-05-04T04:03:17.829-0300] {dagbag.py:540} INFO - Filling up the DagBag from /home/facuvega/Descargas/crypto-etl-airflow/airflow-apache/lib/python3.11/site-packages/airflow/example_dags/example_short_circuit_operator.py
[2025-05-04T04:03:17.838-0300] {processor.py:840} INFO - DAG(s) 'example_short_circuit_operator' retrieved from /home/facuvega/Descargas/crypto-etl-airflow/airflow-apache/lib/python3.11/site-packages/airflow/example_dags/example_short_circuit_operator.py
[2025-05-04T04:03:17.857-0300] {logging_mixin.py:188} INFO - [2025-05-04T04:03:17.856-0300] {dag.py:3096} INFO - Sync 1 DAGs
[2025-05-04T04:03:17.870-0300] {logging_mixin.py:188} INFO - [2025-05-04T04:03:17.870-0300] {dag.py:3954} INFO - Setting next_dagrun for example_short_circuit_operator to 2025-05-03 00:00:00+00:00, run_after=2025-05-04 00:00:00+00:00
[2025-05-04T04:03:17.882-0300] {processor.py:183} INFO - Processing /home/facuvega/Descargas/crypto-etl-airflow/airflow-apache/lib/python3.11/site-packages/airflow/example_dags/example_short_circuit_operator.py took 0.060 seconds
[2025-05-04T04:04:09.482-0300] {processor.py:161} INFO - Started process (PID=25202) to work on /home/facuvega/Descargas/crypto-etl-airflow/airflow-apache/lib/python3.11/site-packages/airflow/example_dags/example_short_circuit_operator.py
[2025-05-04T04:04:09.483-0300] {processor.py:830} INFO - Processing file /home/facuvega/Descargas/crypto-etl-airflow/airflow-apache/lib/python3.11/site-packages/airflow/example_dags/example_short_circuit_operator.py for tasks to queue
[2025-05-04T04:04:09.485-0300] {logging_mixin.py:188} INFO - [2025-05-04T04:04:09.485-0300] {dagbag.py:540} INFO - Filling up the DagBag from /home/facuvega/Descargas/crypto-etl-airflow/airflow-apache/lib/python3.11/site-packages/airflow/example_dags/example_short_circuit_operator.py
[2025-05-04T04:04:09.491-0300] {processor.py:840} INFO - DAG(s) 'example_short_circuit_operator' retrieved from /home/facuvega/Descargas/crypto-etl-airflow/airflow-apache/lib/python3.11/site-packages/airflow/example_dags/example_short_circuit_operator.py
[2025-05-04T04:04:09.504-0300] {logging_mixin.py:188} INFO - [2025-05-04T04:04:09.504-0300] {dag.py:3096} INFO - Sync 1 DAGs
[2025-05-04T04:04:09.517-0300] {logging_mixin.py:188} INFO - [2025-05-04T04:04:09.516-0300] {dag.py:3954} INFO - Setting next_dagrun for example_short_circuit_operator to 2025-05-03 00:00:00+00:00, run_after=2025-05-04 00:00:00+00:00
[2025-05-04T04:04:09.529-0300] {processor.py:183} INFO - Processing /home/facuvega/Descargas/crypto-etl-airflow/airflow-apache/lib/python3.11/site-packages/airflow/example_dags/example_short_circuit_operator.py took 0.052 seconds
[2025-05-04T04:05:16.632-0300] {processor.py:161} INFO - Started process (PID=26273) to work on /home/facuvega/Descargas/crypto-etl-airflow/airflow-apache/lib/python3.11/site-packages/airflow/example_dags/example_short_circuit_operator.py
[2025-05-04T04:05:16.633-0300] {processor.py:830} INFO - Processing file /home/facuvega/Descargas/crypto-etl-airflow/airflow-apache/lib/python3.11/site-packages/airflow/example_dags/example_short_circuit_operator.py for tasks to queue
[2025-05-04T04:05:16.635-0300] {logging_mixin.py:188} INFO - [2025-05-04T04:05:16.635-0300] {dagbag.py:540} INFO - Filling up the DagBag from /home/facuvega/Descargas/crypto-etl-airflow/airflow-apache/lib/python3.11/site-packages/airflow/example_dags/example_short_circuit_operator.py
[2025-05-04T04:05:16.656-0300] {processor.py:840} INFO - DAG(s) 'example_short_circuit_operator' retrieved from /home/facuvega/Descargas/crypto-etl-airflow/airflow-apache/lib/python3.11/site-packages/airflow/example_dags/example_short_circuit_operator.py
[2025-05-04T04:05:16.707-0300] {logging_mixin.py:188} INFO - [2025-05-04T04:05:16.704-0300] {dag.py:3096} INFO - Sync 1 DAGs
[2025-05-04T04:05:16.771-0300] {logging_mixin.py:188} INFO - [2025-05-04T04:05:16.771-0300] {dag.py:3954} INFO - Setting next_dagrun for example_short_circuit_operator to 2025-05-03 00:00:00+00:00, run_after=2025-05-04 00:00:00+00:00
[2025-05-04T04:05:16.820-0300] {processor.py:183} INFO - Processing /home/facuvega/Descargas/crypto-etl-airflow/airflow-apache/lib/python3.11/site-packages/airflow/example_dags/example_short_circuit_operator.py took 0.201 seconds
[2025-05-04T04:06:09.611-0300] {processor.py:161} INFO - Started process (PID=26521) to work on /home/facuvega/Descargas/crypto-etl-airflow/airflow-apache/lib/python3.11/site-packages/airflow/example_dags/example_short_circuit_operator.py
[2025-05-04T04:06:09.612-0300] {processor.py:830} INFO - Processing file /home/facuvega/Descargas/crypto-etl-airflow/airflow-apache/lib/python3.11/site-packages/airflow/example_dags/example_short_circuit_operator.py for tasks to queue
[2025-05-04T04:06:09.614-0300] {logging_mixin.py:188} INFO - [2025-05-04T04:06:09.613-0300] {dagbag.py:540} INFO - Filling up the DagBag from /home/facuvega/Descargas/crypto-etl-airflow/airflow-apache/lib/python3.11/site-packages/airflow/example_dags/example_short_circuit_operator.py
[2025-05-04T04:06:09.620-0300] {processor.py:840} INFO - DAG(s) 'example_short_circuit_operator' retrieved from /home/facuvega/Descargas/crypto-etl-airflow/airflow-apache/lib/python3.11/site-packages/airflow/example_dags/example_short_circuit_operator.py
[2025-05-04T04:06:09.635-0300] {logging_mixin.py:188} INFO - [2025-05-04T04:06:09.635-0300] {dag.py:3096} INFO - Sync 1 DAGs
[2025-05-04T04:06:09.649-0300] {logging_mixin.py:188} INFO - [2025-05-04T04:06:09.648-0300] {dag.py:3954} INFO - Setting next_dagrun for example_short_circuit_operator to 2025-05-03 00:00:00+00:00, run_after=2025-05-04 00:00:00+00:00
[2025-05-04T04:06:09.661-0300] {processor.py:183} INFO - Processing /home/facuvega/Descargas/crypto-etl-airflow/airflow-apache/lib/python3.11/site-packages/airflow/example_dags/example_short_circuit_operator.py took 0.056 seconds
[2025-05-04T04:06:58.086-0300] {processor.py:161} INFO - Started process (PID=26798) to work on /home/facuvega/Descargas/crypto-etl-airflow/airflow-apache/lib/python3.11/site-packages/airflow/example_dags/example_short_circuit_operator.py
[2025-05-04T04:06:58.087-0300] {processor.py:830} INFO - Processing file /home/facuvega/Descargas/crypto-etl-airflow/airflow-apache/lib/python3.11/site-packages/airflow/example_dags/example_short_circuit_operator.py for tasks to queue
[2025-05-04T04:06:58.089-0300] {logging_mixin.py:188} INFO - [2025-05-04T04:06:58.088-0300] {dagbag.py:540} INFO - Filling up the DagBag from /home/facuvega/Descargas/crypto-etl-airflow/airflow-apache/lib/python3.11/site-packages/airflow/example_dags/example_short_circuit_operator.py
[2025-05-04T04:06:58.099-0300] {processor.py:840} INFO - DAG(s) 'example_short_circuit_operator' retrieved from /home/facuvega/Descargas/crypto-etl-airflow/airflow-apache/lib/python3.11/site-packages/airflow/example_dags/example_short_circuit_operator.py
[2025-05-04T04:06:58.119-0300] {logging_mixin.py:188} INFO - [2025-05-04T04:06:58.118-0300] {dag.py:3096} INFO - Sync 1 DAGs
[2025-05-04T04:06:58.138-0300] {logging_mixin.py:188} INFO - [2025-05-04T04:06:58.137-0300] {dag.py:3954} INFO - Setting next_dagrun for example_short_circuit_operator to 2025-05-03 00:00:00+00:00, run_after=2025-05-04 00:00:00+00:00
[2025-05-04T04:06:58.157-0300] {processor.py:183} INFO - Processing /home/facuvega/Descargas/crypto-etl-airflow/airflow-apache/lib/python3.11/site-packages/airflow/example_dags/example_short_circuit_operator.py took 0.077 seconds
[2025-05-04T04:07:43.137-0300] {processor.py:161} INFO - Started process (PID=27019) to work on /home/facuvega/Descargas/crypto-etl-airflow/airflow-apache/lib/python3.11/site-packages/airflow/example_dags/example_short_circuit_operator.py
[2025-05-04T04:07:43.138-0300] {processor.py:830} INFO - Processing file /home/facuvega/Descargas/crypto-etl-airflow/airflow-apache/lib/python3.11/site-packages/airflow/example_dags/example_short_circuit_operator.py for tasks to queue
[2025-05-04T04:07:43.141-0300] {logging_mixin.py:188} INFO - [2025-05-04T04:07:43.140-0300] {dagbag.py:540} INFO - Filling up the DagBag from /home/facuvega/Descargas/crypto-etl-airflow/airflow-apache/lib/python3.11/site-packages/airflow/example_dags/example_short_circuit_operator.py
[2025-05-04T04:07:43.155-0300] {processor.py:840} INFO - DAG(s) 'example_short_circuit_operator' retrieved from /home/facuvega/Descargas/crypto-etl-airflow/airflow-apache/lib/python3.11/site-packages/airflow/example_dags/example_short_circuit_operator.py
[2025-05-04T04:07:43.175-0300] {logging_mixin.py:188} INFO - [2025-05-04T04:07:43.174-0300] {dag.py:3096} INFO - Sync 1 DAGs
[2025-05-04T04:07:43.192-0300] {logging_mixin.py:188} INFO - [2025-05-04T04:07:43.191-0300] {dag.py:3954} INFO - Setting next_dagrun for example_short_circuit_operator to 2025-05-03 00:00:00+00:00, run_after=2025-05-04 00:00:00+00:00
[2025-05-04T04:07:43.213-0300] {processor.py:183} INFO - Processing /home/facuvega/Descargas/crypto-etl-airflow/airflow-apache/lib/python3.11/site-packages/airflow/example_dags/example_short_circuit_operator.py took 0.083 seconds
[2025-05-04T04:10:29.760-0300] {processor.py:161} INFO - Started process (PID=28787) to work on /home/facuvega/Descargas/crypto-etl-airflow/airflow-apache/lib/python3.11/site-packages/airflow/example_dags/example_short_circuit_operator.py
[2025-05-04T04:10:29.763-0300] {processor.py:830} INFO - Processing file /home/facuvega/Descargas/crypto-etl-airflow/airflow-apache/lib/python3.11/site-packages/airflow/example_dags/example_short_circuit_operator.py for tasks to queue
[2025-05-04T04:10:29.765-0300] {logging_mixin.py:188} INFO - [2025-05-04T04:10:29.764-0300] {dagbag.py:540} INFO - Filling up the DagBag from /home/facuvega/Descargas/crypto-etl-airflow/airflow-apache/lib/python3.11/site-packages/airflow/example_dags/example_short_circuit_operator.py
[2025-05-04T04:10:29.775-0300] {processor.py:840} INFO - DAG(s) 'example_short_circuit_operator' retrieved from /home/facuvega/Descargas/crypto-etl-airflow/airflow-apache/lib/python3.11/site-packages/airflow/example_dags/example_short_circuit_operator.py
[2025-05-04T04:10:29.795-0300] {logging_mixin.py:188} INFO - [2025-05-04T04:10:29.795-0300] {dag.py:3096} INFO - Sync 1 DAGs
[2025-05-04T04:10:29.810-0300] {logging_mixin.py:188} INFO - [2025-05-04T04:10:29.810-0300] {dag.py:3954} INFO - Setting next_dagrun for example_short_circuit_operator to 2025-05-03 00:00:00+00:00, run_after=2025-05-04 00:00:00+00:00
[2025-05-04T04:10:29.824-0300] {processor.py:183} INFO - Processing /home/facuvega/Descargas/crypto-etl-airflow/airflow-apache/lib/python3.11/site-packages/airflow/example_dags/example_short_circuit_operator.py took 0.069 seconds
[2025-05-04T04:11:23.371-0300] {processor.py:161} INFO - Started process (PID=29230) to work on /home/facuvega/Descargas/crypto-etl-airflow/airflow-apache/lib/python3.11/site-packages/airflow/example_dags/example_short_circuit_operator.py
[2025-05-04T04:11:23.372-0300] {processor.py:830} INFO - Processing file /home/facuvega/Descargas/crypto-etl-airflow/airflow-apache/lib/python3.11/site-packages/airflow/example_dags/example_short_circuit_operator.py for tasks to queue
[2025-05-04T04:11:23.373-0300] {logging_mixin.py:188} INFO - [2025-05-04T04:11:23.373-0300] {dagbag.py:540} INFO - Filling up the DagBag from /home/facuvega/Descargas/crypto-etl-airflow/airflow-apache/lib/python3.11/site-packages/airflow/example_dags/example_short_circuit_operator.py
[2025-05-04T04:11:23.379-0300] {processor.py:840} INFO - DAG(s) 'example_short_circuit_operator' retrieved from /home/facuvega/Descargas/crypto-etl-airflow/airflow-apache/lib/python3.11/site-packages/airflow/example_dags/example_short_circuit_operator.py
[2025-05-04T04:11:23.393-0300] {logging_mixin.py:188} INFO - [2025-05-04T04:11:23.393-0300] {dag.py:3096} INFO - Sync 1 DAGs
[2025-05-04T04:11:23.405-0300] {logging_mixin.py:188} INFO - [2025-05-04T04:11:23.405-0300] {dag.py:3954} INFO - Setting next_dagrun for example_short_circuit_operator to 2025-05-03 00:00:00+00:00, run_after=2025-05-04 00:00:00+00:00
[2025-05-04T04:11:23.417-0300] {processor.py:183} INFO - Processing /home/facuvega/Descargas/crypto-etl-airflow/airflow-apache/lib/python3.11/site-packages/airflow/example_dags/example_short_circuit_operator.py took 0.051 seconds
[2025-05-04T04:12:12.625-0300] {processor.py:161} INFO - Started process (PID=29455) to work on /home/facuvega/Descargas/crypto-etl-airflow/airflow-apache/lib/python3.11/site-packages/airflow/example_dags/example_short_circuit_operator.py
[2025-05-04T04:12:12.627-0300] {processor.py:830} INFO - Processing file /home/facuvega/Descargas/crypto-etl-airflow/airflow-apache/lib/python3.11/site-packages/airflow/example_dags/example_short_circuit_operator.py for tasks to queue
[2025-05-04T04:12:12.629-0300] {logging_mixin.py:188} INFO - [2025-05-04T04:12:12.628-0300] {dagbag.py:540} INFO - Filling up the DagBag from /home/facuvega/Descargas/crypto-etl-airflow/airflow-apache/lib/python3.11/site-packages/airflow/example_dags/example_short_circuit_operator.py
[2025-05-04T04:12:12.637-0300] {processor.py:840} INFO - DAG(s) 'example_short_circuit_operator' retrieved from /home/facuvega/Descargas/crypto-etl-airflow/airflow-apache/lib/python3.11/site-packages/airflow/example_dags/example_short_circuit_operator.py
[2025-05-04T04:12:12.651-0300] {logging_mixin.py:188} INFO - [2025-05-04T04:12:12.650-0300] {dag.py:3096} INFO - Sync 1 DAGs
[2025-05-04T04:12:12.663-0300] {logging_mixin.py:188} INFO - [2025-05-04T04:12:12.663-0300] {dag.py:3954} INFO - Setting next_dagrun for example_short_circuit_operator to 2025-05-03 00:00:00+00:00, run_after=2025-05-04 00:00:00+00:00
[2025-05-04T04:12:12.675-0300] {processor.py:183} INFO - Processing /home/facuvega/Descargas/crypto-etl-airflow/airflow-apache/lib/python3.11/site-packages/airflow/example_dags/example_short_circuit_operator.py took 0.055 seconds
[2025-05-04T04:12:59.719-0300] {processor.py:161} INFO - Started process (PID=29671) to work on /home/facuvega/Descargas/crypto-etl-airflow/airflow-apache/lib/python3.11/site-packages/airflow/example_dags/example_short_circuit_operator.py
[2025-05-04T04:12:59.720-0300] {processor.py:830} INFO - Processing file /home/facuvega/Descargas/crypto-etl-airflow/airflow-apache/lib/python3.11/site-packages/airflow/example_dags/example_short_circuit_operator.py for tasks to queue
[2025-05-04T04:12:59.721-0300] {logging_mixin.py:188} INFO - [2025-05-04T04:12:59.721-0300] {dagbag.py:540} INFO - Filling up the DagBag from /home/facuvega/Descargas/crypto-etl-airflow/airflow-apache/lib/python3.11/site-packages/airflow/example_dags/example_short_circuit_operator.py
[2025-05-04T04:12:59.727-0300] {processor.py:840} INFO - DAG(s) 'example_short_circuit_operator' retrieved from /home/facuvega/Descargas/crypto-etl-airflow/airflow-apache/lib/python3.11/site-packages/airflow/example_dags/example_short_circuit_operator.py
[2025-05-04T04:12:59.740-0300] {logging_mixin.py:188} INFO - [2025-05-04T04:12:59.740-0300] {dag.py:3096} INFO - Sync 1 DAGs
[2025-05-04T04:12:59.753-0300] {logging_mixin.py:188} INFO - [2025-05-04T04:12:59.753-0300] {dag.py:3954} INFO - Setting next_dagrun for example_short_circuit_operator to 2025-05-03 00:00:00+00:00, run_after=2025-05-04 00:00:00+00:00
[2025-05-04T04:12:59.765-0300] {processor.py:183} INFO - Processing /home/facuvega/Descargas/crypto-etl-airflow/airflow-apache/lib/python3.11/site-packages/airflow/example_dags/example_short_circuit_operator.py took 0.051 seconds
[2025-05-04T04:13:49.986-0300] {processor.py:161} INFO - Started process (PID=29896) to work on /home/facuvega/Descargas/crypto-etl-airflow/airflow-apache/lib/python3.11/site-packages/airflow/example_dags/example_short_circuit_operator.py
[2025-05-04T04:13:49.986-0300] {processor.py:830} INFO - Processing file /home/facuvega/Descargas/crypto-etl-airflow/airflow-apache/lib/python3.11/site-packages/airflow/example_dags/example_short_circuit_operator.py for tasks to queue
[2025-05-04T04:13:49.988-0300] {logging_mixin.py:188} INFO - [2025-05-04T04:13:49.988-0300] {dagbag.py:540} INFO - Filling up the DagBag from /home/facuvega/Descargas/crypto-etl-airflow/airflow-apache/lib/python3.11/site-packages/airflow/example_dags/example_short_circuit_operator.py
[2025-05-04T04:13:49.994-0300] {processor.py:840} INFO - DAG(s) 'example_short_circuit_operator' retrieved from /home/facuvega/Descargas/crypto-etl-airflow/airflow-apache/lib/python3.11/site-packages/airflow/example_dags/example_short_circuit_operator.py
[2025-05-04T04:13:50.008-0300] {logging_mixin.py:188} INFO - [2025-05-04T04:13:50.007-0300] {dag.py:3096} INFO - Sync 1 DAGs
[2025-05-04T04:13:50.020-0300] {logging_mixin.py:188} INFO - [2025-05-04T04:13:50.020-0300] {dag.py:3954} INFO - Setting next_dagrun for example_short_circuit_operator to 2025-05-03 00:00:00+00:00, run_after=2025-05-04 00:00:00+00:00
[2025-05-04T04:13:50.033-0300] {processor.py:183} INFO - Processing /home/facuvega/Descargas/crypto-etl-airflow/airflow-apache/lib/python3.11/site-packages/airflow/example_dags/example_short_circuit_operator.py took 0.052 seconds
[2025-05-04T04:14:30.992-0300] {processor.py:161} INFO - Started process (PID=30080) to work on /home/facuvega/Descargas/crypto-etl-airflow/airflow-apache/lib/python3.11/site-packages/airflow/example_dags/example_short_circuit_operator.py
[2025-05-04T04:14:30.993-0300] {processor.py:830} INFO - Processing file /home/facuvega/Descargas/crypto-etl-airflow/airflow-apache/lib/python3.11/site-packages/airflow/example_dags/example_short_circuit_operator.py for tasks to queue
[2025-05-04T04:14:30.994-0300] {logging_mixin.py:188} INFO - [2025-05-04T04:14:30.994-0300] {dagbag.py:540} INFO - Filling up the DagBag from /home/facuvega/Descargas/crypto-etl-airflow/airflow-apache/lib/python3.11/site-packages/airflow/example_dags/example_short_circuit_operator.py
[2025-05-04T04:14:31.001-0300] {processor.py:840} INFO - DAG(s) 'example_short_circuit_operator' retrieved from /home/facuvega/Descargas/crypto-etl-airflow/airflow-apache/lib/python3.11/site-packages/airflow/example_dags/example_short_circuit_operator.py
[2025-05-04T04:14:31.014-0300] {logging_mixin.py:188} INFO - [2025-05-04T04:14:31.014-0300] {dag.py:3096} INFO - Sync 1 DAGs
[2025-05-04T04:14:31.026-0300] {logging_mixin.py:188} INFO - [2025-05-04T04:14:31.026-0300] {dag.py:3954} INFO - Setting next_dagrun for example_short_circuit_operator to 2025-05-03 00:00:00+00:00, run_after=2025-05-04 00:00:00+00:00
[2025-05-04T04:14:31.038-0300] {processor.py:183} INFO - Processing /home/facuvega/Descargas/crypto-etl-airflow/airflow-apache/lib/python3.11/site-packages/airflow/example_dags/example_short_circuit_operator.py took 0.052 seconds
[2025-05-04T04:15:16.249-0300] {processor.py:161} INFO - Started process (PID=30318) to work on /home/facuvega/Descargas/crypto-etl-airflow/airflow-apache/lib/python3.11/site-packages/airflow/example_dags/example_short_circuit_operator.py
[2025-05-04T04:15:16.250-0300] {processor.py:830} INFO - Processing file /home/facuvega/Descargas/crypto-etl-airflow/airflow-apache/lib/python3.11/site-packages/airflow/example_dags/example_short_circuit_operator.py for tasks to queue
[2025-05-04T04:15:16.252-0300] {logging_mixin.py:188} INFO - [2025-05-04T04:15:16.251-0300] {dagbag.py:540} INFO - Filling up the DagBag from /home/facuvega/Descargas/crypto-etl-airflow/airflow-apache/lib/python3.11/site-packages/airflow/example_dags/example_short_circuit_operator.py
[2025-05-04T04:15:16.259-0300] {processor.py:840} INFO - DAG(s) 'example_short_circuit_operator' retrieved from /home/facuvega/Descargas/crypto-etl-airflow/airflow-apache/lib/python3.11/site-packages/airflow/example_dags/example_short_circuit_operator.py
[2025-05-04T04:15:16.273-0300] {logging_mixin.py:188} INFO - [2025-05-04T04:15:16.273-0300] {dag.py:3096} INFO - Sync 1 DAGs
[2025-05-04T04:15:16.287-0300] {logging_mixin.py:188} INFO - [2025-05-04T04:15:16.287-0300] {dag.py:3954} INFO - Setting next_dagrun for example_short_circuit_operator to 2025-05-03 00:00:00+00:00, run_after=2025-05-04 00:00:00+00:00
[2025-05-04T04:15:16.301-0300] {processor.py:183} INFO - Processing /home/facuvega/Descargas/crypto-etl-airflow/airflow-apache/lib/python3.11/site-packages/airflow/example_dags/example_short_circuit_operator.py took 0.058 seconds
[2025-05-04T04:16:12.137-0300] {processor.py:161} INFO - Started process (PID=30647) to work on /home/facuvega/Descargas/crypto-etl-airflow/airflow-apache/lib/python3.11/site-packages/airflow/example_dags/example_short_circuit_operator.py
[2025-05-04T04:16:12.138-0300] {processor.py:830} INFO - Processing file /home/facuvega/Descargas/crypto-etl-airflow/airflow-apache/lib/python3.11/site-packages/airflow/example_dags/example_short_circuit_operator.py for tasks to queue
[2025-05-04T04:16:12.140-0300] {logging_mixin.py:188} INFO - [2025-05-04T04:16:12.139-0300] {dagbag.py:540} INFO - Filling up the DagBag from /home/facuvega/Descargas/crypto-etl-airflow/airflow-apache/lib/python3.11/site-packages/airflow/example_dags/example_short_circuit_operator.py
[2025-05-04T04:16:12.146-0300] {processor.py:840} INFO - DAG(s) 'example_short_circuit_operator' retrieved from /home/facuvega/Descargas/crypto-etl-airflow/airflow-apache/lib/python3.11/site-packages/airflow/example_dags/example_short_circuit_operator.py
[2025-05-04T04:16:12.163-0300] {logging_mixin.py:188} INFO - [2025-05-04T04:16:12.162-0300] {dag.py:3096} INFO - Sync 1 DAGs
[2025-05-04T04:16:12.178-0300] {logging_mixin.py:188} INFO - [2025-05-04T04:16:12.178-0300] {dag.py:3954} INFO - Setting next_dagrun for example_short_circuit_operator to 2025-05-03 00:00:00+00:00, run_after=2025-05-04 00:00:00+00:00
[2025-05-04T04:16:12.193-0300] {processor.py:183} INFO - Processing /home/facuvega/Descargas/crypto-etl-airflow/airflow-apache/lib/python3.11/site-packages/airflow/example_dags/example_short_circuit_operator.py took 0.063 seconds
[2025-05-04T04:17:08.299-0300] {processor.py:161} INFO - Started process (PID=31231) to work on /home/facuvega/Descargas/crypto-etl-airflow/airflow-apache/lib/python3.11/site-packages/airflow/example_dags/example_short_circuit_operator.py
[2025-05-04T04:17:08.305-0300] {processor.py:830} INFO - Processing file /home/facuvega/Descargas/crypto-etl-airflow/airflow-apache/lib/python3.11/site-packages/airflow/example_dags/example_short_circuit_operator.py for tasks to queue
[2025-05-04T04:17:08.318-0300] {logging_mixin.py:188} INFO - [2025-05-04T04:17:08.309-0300] {dagbag.py:540} INFO - Filling up the DagBag from /home/facuvega/Descargas/crypto-etl-airflow/airflow-apache/lib/python3.11/site-packages/airflow/example_dags/example_short_circuit_operator.py
[2025-05-04T04:17:08.367-0300] {processor.py:840} INFO - DAG(s) 'example_short_circuit_operator' retrieved from /home/facuvega/Descargas/crypto-etl-airflow/airflow-apache/lib/python3.11/site-packages/airflow/example_dags/example_short_circuit_operator.py
[2025-05-04T04:17:08.529-0300] {logging_mixin.py:188} INFO - [2025-05-04T04:17:08.529-0300] {dag.py:3096} INFO - Sync 1 DAGs
[2025-05-04T04:17:08.610-0300] {logging_mixin.py:188} INFO - [2025-05-04T04:17:08.610-0300] {dag.py:3954} INFO - Setting next_dagrun for example_short_circuit_operator to 2025-05-03 00:00:00+00:00, run_after=2025-05-04 00:00:00+00:00
[2025-05-04T04:17:08.662-0300] {processor.py:183} INFO - Processing /home/facuvega/Descargas/crypto-etl-airflow/airflow-apache/lib/python3.11/site-packages/airflow/example_dags/example_short_circuit_operator.py took 0.398 seconds
[2025-05-04T04:18:08.155-0300] {processor.py:161} INFO - Started process (PID=31591) to work on /home/facuvega/Descargas/crypto-etl-airflow/airflow-apache/lib/python3.11/site-packages/airflow/example_dags/example_short_circuit_operator.py
[2025-05-04T04:18:08.157-0300] {processor.py:830} INFO - Processing file /home/facuvega/Descargas/crypto-etl-airflow/airflow-apache/lib/python3.11/site-packages/airflow/example_dags/example_short_circuit_operator.py for tasks to queue
[2025-05-04T04:18:08.160-0300] {logging_mixin.py:188} INFO - [2025-05-04T04:18:08.160-0300] {dagbag.py:540} INFO - Filling up the DagBag from /home/facuvega/Descargas/crypto-etl-airflow/airflow-apache/lib/python3.11/site-packages/airflow/example_dags/example_short_circuit_operator.py
[2025-05-04T04:18:08.175-0300] {processor.py:840} INFO - DAG(s) 'example_short_circuit_operator' retrieved from /home/facuvega/Descargas/crypto-etl-airflow/airflow-apache/lib/python3.11/site-packages/airflow/example_dags/example_short_circuit_operator.py
[2025-05-04T04:18:08.206-0300] {logging_mixin.py:188} INFO - [2025-05-04T04:18:08.206-0300] {dag.py:3096} INFO - Sync 1 DAGs
[2025-05-04T04:18:08.245-0300] {logging_mixin.py:188} INFO - [2025-05-04T04:18:08.245-0300] {dag.py:3954} INFO - Setting next_dagrun for example_short_circuit_operator to 2025-05-03 00:00:00+00:00, run_after=2025-05-04 00:00:00+00:00
[2025-05-04T04:18:08.268-0300] {processor.py:183} INFO - Processing /home/facuvega/Descargas/crypto-etl-airflow/airflow-apache/lib/python3.11/site-packages/airflow/example_dags/example_short_circuit_operator.py took 0.120 seconds
[2025-05-04T04:19:39.232-0300] {processor.py:161} INFO - Started process (PID=32822) to work on /home/facuvega/Descargas/crypto-etl-airflow/airflow-apache/lib/python3.11/site-packages/airflow/example_dags/example_short_circuit_operator.py
[2025-05-04T04:19:39.236-0300] {processor.py:830} INFO - Processing file /home/facuvega/Descargas/crypto-etl-airflow/airflow-apache/lib/python3.11/site-packages/airflow/example_dags/example_short_circuit_operator.py for tasks to queue
[2025-05-04T04:19:39.240-0300] {logging_mixin.py:188} INFO - [2025-05-04T04:19:39.239-0300] {dagbag.py:540} INFO - Filling up the DagBag from /home/facuvega/Descargas/crypto-etl-airflow/airflow-apache/lib/python3.11/site-packages/airflow/example_dags/example_short_circuit_operator.py
[2025-05-04T04:19:39.278-0300] {processor.py:840} INFO - DAG(s) 'example_short_circuit_operator' retrieved from /home/facuvega/Descargas/crypto-etl-airflow/airflow-apache/lib/python3.11/site-packages/airflow/example_dags/example_short_circuit_operator.py
[2025-05-04T04:19:39.352-0300] {logging_mixin.py:188} INFO - [2025-05-04T04:19:39.352-0300] {dag.py:3096} INFO - Sync 1 DAGs
[2025-05-04T04:19:39.394-0300] {logging_mixin.py:188} INFO - [2025-05-04T04:19:39.394-0300] {dag.py:3954} INFO - Setting next_dagrun for example_short_circuit_operator to 2025-05-03 00:00:00+00:00, run_after=2025-05-04 00:00:00+00:00
[2025-05-04T04:19:39.423-0300] {processor.py:183} INFO - Processing /home/facuvega/Descargas/crypto-etl-airflow/airflow-apache/lib/python3.11/site-packages/airflow/example_dags/example_short_circuit_operator.py took 0.204 seconds
[2025-05-04T04:20:32.354-0300] {processor.py:161} INFO - Started process (PID=33062) to work on /home/facuvega/Descargas/crypto-etl-airflow/airflow-apache/lib/python3.11/site-packages/airflow/example_dags/example_short_circuit_operator.py
[2025-05-04T04:20:32.359-0300] {processor.py:830} INFO - Processing file /home/facuvega/Descargas/crypto-etl-airflow/airflow-apache/lib/python3.11/site-packages/airflow/example_dags/example_short_circuit_operator.py for tasks to queue
[2025-05-04T04:20:32.361-0300] {logging_mixin.py:188} INFO - [2025-05-04T04:20:32.361-0300] {dagbag.py:540} INFO - Filling up the DagBag from /home/facuvega/Descargas/crypto-etl-airflow/airflow-apache/lib/python3.11/site-packages/airflow/example_dags/example_short_circuit_operator.py
[2025-05-04T04:20:32.383-0300] {processor.py:840} INFO - DAG(s) 'example_short_circuit_operator' retrieved from /home/facuvega/Descargas/crypto-etl-airflow/airflow-apache/lib/python3.11/site-packages/airflow/example_dags/example_short_circuit_operator.py
[2025-05-04T04:20:32.406-0300] {logging_mixin.py:188} INFO - [2025-05-04T04:20:32.406-0300] {dag.py:3096} INFO - Sync 1 DAGs
[2025-05-04T04:20:32.433-0300] {logging_mixin.py:188} INFO - [2025-05-04T04:20:32.432-0300] {dag.py:3954} INFO - Setting next_dagrun for example_short_circuit_operator to 2025-05-03 00:00:00+00:00, run_after=2025-05-04 00:00:00+00:00
[2025-05-04T04:20:32.458-0300] {processor.py:183} INFO - Processing /home/facuvega/Descargas/crypto-etl-airflow/airflow-apache/lib/python3.11/site-packages/airflow/example_dags/example_short_circuit_operator.py took 0.129 seconds
[2025-05-04T04:21:25.278-0300] {processor.py:161} INFO - Started process (PID=33297) to work on /home/facuvega/Descargas/crypto-etl-airflow/airflow-apache/lib/python3.11/site-packages/airflow/example_dags/example_short_circuit_operator.py
[2025-05-04T04:21:25.279-0300] {processor.py:830} INFO - Processing file /home/facuvega/Descargas/crypto-etl-airflow/airflow-apache/lib/python3.11/site-packages/airflow/example_dags/example_short_circuit_operator.py for tasks to queue
[2025-05-04T04:21:25.281-0300] {logging_mixin.py:188} INFO - [2025-05-04T04:21:25.281-0300] {dagbag.py:540} INFO - Filling up the DagBag from /home/facuvega/Descargas/crypto-etl-airflow/airflow-apache/lib/python3.11/site-packages/airflow/example_dags/example_short_circuit_operator.py
[2025-05-04T04:21:25.288-0300] {processor.py:840} INFO - DAG(s) 'example_short_circuit_operator' retrieved from /home/facuvega/Descargas/crypto-etl-airflow/airflow-apache/lib/python3.11/site-packages/airflow/example_dags/example_short_circuit_operator.py
[2025-05-04T04:21:25.306-0300] {logging_mixin.py:188} INFO - [2025-05-04T04:21:25.305-0300] {dag.py:3096} INFO - Sync 1 DAGs
[2025-05-04T04:21:25.321-0300] {logging_mixin.py:188} INFO - [2025-05-04T04:21:25.321-0300] {dag.py:3954} INFO - Setting next_dagrun for example_short_circuit_operator to 2025-05-03 00:00:00+00:00, run_after=2025-05-04 00:00:00+00:00
[2025-05-04T04:21:25.334-0300] {processor.py:183} INFO - Processing /home/facuvega/Descargas/crypto-etl-airflow/airflow-apache/lib/python3.11/site-packages/airflow/example_dags/example_short_circuit_operator.py took 0.061 seconds
[2025-05-04T04:22:19.166-0300] {processor.py:161} INFO - Started process (PID=33971) to work on /home/facuvega/Descargas/crypto-etl-airflow/airflow-apache/lib/python3.11/site-packages/airflow/example_dags/example_short_circuit_operator.py
[2025-05-04T04:22:19.167-0300] {processor.py:830} INFO - Processing file /home/facuvega/Descargas/crypto-etl-airflow/airflow-apache/lib/python3.11/site-packages/airflow/example_dags/example_short_circuit_operator.py for tasks to queue
[2025-05-04T04:22:19.169-0300] {logging_mixin.py:188} INFO - [2025-05-04T04:22:19.168-0300] {dagbag.py:540} INFO - Filling up the DagBag from /home/facuvega/Descargas/crypto-etl-airflow/airflow-apache/lib/python3.11/site-packages/airflow/example_dags/example_short_circuit_operator.py
[2025-05-04T04:22:19.178-0300] {processor.py:840} INFO - DAG(s) 'example_short_circuit_operator' retrieved from /home/facuvega/Descargas/crypto-etl-airflow/airflow-apache/lib/python3.11/site-packages/airflow/example_dags/example_short_circuit_operator.py
[2025-05-04T04:22:19.196-0300] {logging_mixin.py:188} INFO - [2025-05-04T04:22:19.196-0300] {dag.py:3096} INFO - Sync 1 DAGs
[2025-05-04T04:22:19.210-0300] {logging_mixin.py:188} INFO - [2025-05-04T04:22:19.209-0300] {dag.py:3954} INFO - Setting next_dagrun for example_short_circuit_operator to 2025-05-03 00:00:00+00:00, run_after=2025-05-04 00:00:00+00:00
[2025-05-04T04:22:19.222-0300] {processor.py:183} INFO - Processing /home/facuvega/Descargas/crypto-etl-airflow/airflow-apache/lib/python3.11/site-packages/airflow/example_dags/example_short_circuit_operator.py took 0.060 seconds
[2025-05-04T04:23:38.164-0300] {processor.py:161} INFO - Started process (PID=34906) to work on /home/facuvega/Descargas/crypto-etl-airflow/airflow-apache/lib/python3.11/site-packages/airflow/example_dags/example_short_circuit_operator.py
[2025-05-04T04:23:38.165-0300] {processor.py:830} INFO - Processing file /home/facuvega/Descargas/crypto-etl-airflow/airflow-apache/lib/python3.11/site-packages/airflow/example_dags/example_short_circuit_operator.py for tasks to queue
[2025-05-04T04:23:38.168-0300] {logging_mixin.py:188} INFO - [2025-05-04T04:23:38.167-0300] {dagbag.py:540} INFO - Filling up the DagBag from /home/facuvega/Descargas/crypto-etl-airflow/airflow-apache/lib/python3.11/site-packages/airflow/example_dags/example_short_circuit_operator.py
[2025-05-04T04:23:38.177-0300] {processor.py:840} INFO - DAG(s) 'example_short_circuit_operator' retrieved from /home/facuvega/Descargas/crypto-etl-airflow/airflow-apache/lib/python3.11/site-packages/airflow/example_dags/example_short_circuit_operator.py
[2025-05-04T04:23:38.196-0300] {logging_mixin.py:188} INFO - [2025-05-04T04:23:38.196-0300] {dag.py:3096} INFO - Sync 1 DAGs
[2025-05-04T04:23:38.215-0300] {logging_mixin.py:188} INFO - [2025-05-04T04:23:38.215-0300] {dag.py:3954} INFO - Setting next_dagrun for example_short_circuit_operator to 2025-05-03 00:00:00+00:00, run_after=2025-05-04 00:00:00+00:00
[2025-05-04T04:23:38.230-0300] {processor.py:183} INFO - Processing /home/facuvega/Descargas/crypto-etl-airflow/airflow-apache/lib/python3.11/site-packages/airflow/example_dags/example_short_circuit_operator.py took 0.074 seconds
