[2025-05-04T03:51:16.770-0300] {processor.py:161} INFO - Started process (PID=19779) to work on /home/facuvega/Descargas/crypto-etl-airflow/airflow-apache/lib/python3.11/site-packages/airflow/example_dags/example_branch_operator.py
[2025-05-04T03:51:16.771-0300] {processor.py:830} INFO - Processing file /home/facuvega/Descargas/crypto-etl-airflow/airflow-apache/lib/python3.11/site-packages/airflow/example_dags/example_branch_operator.py for tasks to queue
[2025-05-04T03:51:16.773-0300] {logging_mixin.py:188} INFO - [2025-05-04T03:51:16.772-0300] {dagbag.py:540} INFO - Filling up the DagBag from /home/facuvega/Descargas/crypto-etl-airflow/airflow-apache/lib/python3.11/site-packages/airflow/example_dags/example_branch_operator.py
[2025-05-04T03:51:16.794-0300] {processor.py:840} INFO - DAG(s) 'example_branch_operator' retrieved from /home/facuvega/Descargas/crypto-etl-airflow/airflow-apache/lib/python3.11/site-packages/airflow/example_dags/example_branch_operator.py
[2025-05-04T03:51:16.880-0300] {logging_mixin.py:188} INFO - [2025-05-04T03:51:16.879-0300] {dag.py:3096} INFO - Sync 1 DAGs
[2025-05-04T03:51:16.893-0300] {logging_mixin.py:188} INFO - [2025-05-04T03:51:16.893-0300] {dag.py:3954} INFO - Setting next_dagrun for example_branch_operator to 2025-05-03 00:00:00+00:00, run_after=2025-05-04 00:00:00+00:00
[2025-05-04T03:51:16.909-0300] {processor.py:183} INFO - Processing /home/facuvega/Descargas/crypto-etl-airflow/airflow-apache/lib/python3.11/site-packages/airflow/example_dags/example_branch_operator.py took 0.144 seconds
[2025-05-04T03:52:22.392-0300] {processor.py:161} INFO - Started process (PID=20096) to work on /home/facuvega/Descargas/crypto-etl-airflow/airflow-apache/lib/python3.11/site-packages/airflow/example_dags/example_branch_operator.py
[2025-05-04T03:52:22.393-0300] {processor.py:830} INFO - Processing file /home/facuvega/Descargas/crypto-etl-airflow/airflow-apache/lib/python3.11/site-packages/airflow/example_dags/example_branch_operator.py for tasks to queue
[2025-05-04T03:52:22.394-0300] {logging_mixin.py:188} INFO - [2025-05-04T03:52:22.394-0300] {dagbag.py:540} INFO - Filling up the DagBag from /home/facuvega/Descargas/crypto-etl-airflow/airflow-apache/lib/python3.11/site-packages/airflow/example_dags/example_branch_operator.py
[2025-05-04T03:52:22.408-0300] {processor.py:840} INFO - DAG(s) 'example_branch_operator' retrieved from /home/facuvega/Descargas/crypto-etl-airflow/airflow-apache/lib/python3.11/site-packages/airflow/example_dags/example_branch_operator.py
[2025-05-04T03:52:22.425-0300] {logging_mixin.py:188} INFO - [2025-05-04T03:52:22.425-0300] {dag.py:3096} INFO - Sync 1 DAGs
[2025-05-04T03:52:22.438-0300] {logging_mixin.py:188} INFO - [2025-05-04T03:52:22.438-0300] {dag.py:3954} INFO - Setting next_dagrun for example_branch_operator to 2025-05-03 00:00:00+00:00, run_after=2025-05-04 00:00:00+00:00
[2025-05-04T03:52:22.451-0300] {processor.py:183} INFO - Processing /home/facuvega/Descargas/crypto-etl-airflow/airflow-apache/lib/python3.11/site-packages/airflow/example_dags/example_branch_operator.py took 0.064 seconds
[2025-05-04T03:53:35.416-0300] {processor.py:161} INFO - Started process (PID=20701) to work on /home/facuvega/Descargas/crypto-etl-airflow/airflow-apache/lib/python3.11/site-packages/airflow/example_dags/example_branch_operator.py
[2025-05-04T03:53:35.417-0300] {processor.py:830} INFO - Processing file /home/facuvega/Descargas/crypto-etl-airflow/airflow-apache/lib/python3.11/site-packages/airflow/example_dags/example_branch_operator.py for tasks to queue
[2025-05-04T03:53:35.419-0300] {logging_mixin.py:188} INFO - [2025-05-04T03:53:35.418-0300] {dagbag.py:540} INFO - Filling up the DagBag from /home/facuvega/Descargas/crypto-etl-airflow/airflow-apache/lib/python3.11/site-packages/airflow/example_dags/example_branch_operator.py
[2025-05-04T03:53:35.434-0300] {processor.py:840} INFO - DAG(s) 'example_branch_operator' retrieved from /home/facuvega/Descargas/crypto-etl-airflow/airflow-apache/lib/python3.11/site-packages/airflow/example_dags/example_branch_operator.py
[2025-05-04T03:53:35.455-0300] {logging_mixin.py:188} INFO - [2025-05-04T03:53:35.455-0300] {dag.py:3096} INFO - Sync 1 DAGs
[2025-05-04T03:53:35.470-0300] {logging_mixin.py:188} INFO - [2025-05-04T03:53:35.470-0300] {dag.py:3954} INFO - Setting next_dagrun for example_branch_operator to 2025-05-03 00:00:00+00:00, run_after=2025-05-04 00:00:00+00:00
[2025-05-04T03:53:35.483-0300] {processor.py:183} INFO - Processing /home/facuvega/Descargas/crypto-etl-airflow/airflow-apache/lib/python3.11/site-packages/airflow/example_dags/example_branch_operator.py took 0.073 seconds
[2025-05-04T03:54:27.125-0300] {processor.py:161} INFO - Started process (PID=21000) to work on /home/facuvega/Descargas/crypto-etl-airflow/airflow-apache/lib/python3.11/site-packages/airflow/example_dags/example_branch_operator.py
[2025-05-04T03:54:27.127-0300] {processor.py:830} INFO - Processing file /home/facuvega/Descargas/crypto-etl-airflow/airflow-apache/lib/python3.11/site-packages/airflow/example_dags/example_branch_operator.py for tasks to queue
[2025-05-04T03:54:27.131-0300] {logging_mixin.py:188} INFO - [2025-05-04T03:54:27.130-0300] {dagbag.py:540} INFO - Filling up the DagBag from /home/facuvega/Descargas/crypto-etl-airflow/airflow-apache/lib/python3.11/site-packages/airflow/example_dags/example_branch_operator.py
[2025-05-04T03:54:27.147-0300] {processor.py:840} INFO - DAG(s) 'example_branch_operator' retrieved from /home/facuvega/Descargas/crypto-etl-airflow/airflow-apache/lib/python3.11/site-packages/airflow/example_dags/example_branch_operator.py
[2025-05-04T03:54:27.166-0300] {logging_mixin.py:188} INFO - [2025-05-04T03:54:27.166-0300] {dag.py:3096} INFO - Sync 1 DAGs
[2025-05-04T03:54:27.182-0300] {logging_mixin.py:188} INFO - [2025-05-04T03:54:27.181-0300] {dag.py:3954} INFO - Setting next_dagrun for example_branch_operator to 2025-05-03 00:00:00+00:00, run_after=2025-05-04 00:00:00+00:00
[2025-05-04T03:54:27.196-0300] {processor.py:183} INFO - Processing /home/facuvega/Descargas/crypto-etl-airflow/airflow-apache/lib/python3.11/site-packages/airflow/example_dags/example_branch_operator.py took 0.081 seconds
[2025-05-04T03:55:31.654-0300] {processor.py:161} INFO - Started process (PID=21392) to work on /home/facuvega/Descargas/crypto-etl-airflow/airflow-apache/lib/python3.11/site-packages/airflow/example_dags/example_branch_operator.py
[2025-05-04T03:55:31.655-0300] {processor.py:830} INFO - Processing file /home/facuvega/Descargas/crypto-etl-airflow/airflow-apache/lib/python3.11/site-packages/airflow/example_dags/example_branch_operator.py for tasks to queue
[2025-05-04T03:55:31.656-0300] {logging_mixin.py:188} INFO - [2025-05-04T03:55:31.656-0300] {dagbag.py:540} INFO - Filling up the DagBag from /home/facuvega/Descargas/crypto-etl-airflow/airflow-apache/lib/python3.11/site-packages/airflow/example_dags/example_branch_operator.py
[2025-05-04T03:55:31.673-0300] {processor.py:840} INFO - DAG(s) 'example_branch_operator' retrieved from /home/facuvega/Descargas/crypto-etl-airflow/airflow-apache/lib/python3.11/site-packages/airflow/example_dags/example_branch_operator.py
[2025-05-04T03:55:31.696-0300] {logging_mixin.py:188} INFO - [2025-05-04T03:55:31.695-0300] {dag.py:3096} INFO - Sync 1 DAGs
[2025-05-04T03:55:31.715-0300] {logging_mixin.py:188} INFO - [2025-05-04T03:55:31.715-0300] {dag.py:3954} INFO - Setting next_dagrun for example_branch_operator to 2025-05-03 00:00:00+00:00, run_after=2025-05-04 00:00:00+00:00
[2025-05-04T03:55:31.733-0300] {processor.py:183} INFO - Processing /home/facuvega/Descargas/crypto-etl-airflow/airflow-apache/lib/python3.11/site-packages/airflow/example_dags/example_branch_operator.py took 0.088 seconds
[2025-05-04T03:56:38.060-0300] {processor.py:161} INFO - Started process (PID=21696) to work on /home/facuvega/Descargas/crypto-etl-airflow/airflow-apache/lib/python3.11/site-packages/airflow/example_dags/example_branch_operator.py
[2025-05-04T03:56:38.061-0300] {processor.py:830} INFO - Processing file /home/facuvega/Descargas/crypto-etl-airflow/airflow-apache/lib/python3.11/site-packages/airflow/example_dags/example_branch_operator.py for tasks to queue
[2025-05-04T03:56:38.062-0300] {logging_mixin.py:188} INFO - [2025-05-04T03:56:38.062-0300] {dagbag.py:540} INFO - Filling up the DagBag from /home/facuvega/Descargas/crypto-etl-airflow/airflow-apache/lib/python3.11/site-packages/airflow/example_dags/example_branch_operator.py
[2025-05-04T03:56:38.078-0300] {processor.py:840} INFO - DAG(s) 'example_branch_operator' retrieved from /home/facuvega/Descargas/crypto-etl-airflow/airflow-apache/lib/python3.11/site-packages/airflow/example_dags/example_branch_operator.py
[2025-05-04T03:56:38.094-0300] {logging_mixin.py:188} INFO - [2025-05-04T03:56:38.094-0300] {dag.py:3096} INFO - Sync 1 DAGs
[2025-05-04T03:56:38.108-0300] {logging_mixin.py:188} INFO - [2025-05-04T03:56:38.108-0300] {dag.py:3954} INFO - Setting next_dagrun for example_branch_operator to 2025-05-03 00:00:00+00:00, run_after=2025-05-04 00:00:00+00:00
[2025-05-04T03:56:38.122-0300] {processor.py:183} INFO - Processing /home/facuvega/Descargas/crypto-etl-airflow/airflow-apache/lib/python3.11/site-packages/airflow/example_dags/example_branch_operator.py took 0.067 seconds
[2025-05-04T03:58:40.738-0300] {processor.py:161} INFO - Started process (PID=22703) to work on /home/facuvega/Descargas/crypto-etl-airflow/airflow-apache/lib/python3.11/site-packages/airflow/example_dags/example_branch_operator.py
[2025-05-04T03:58:40.739-0300] {processor.py:830} INFO - Processing file /home/facuvega/Descargas/crypto-etl-airflow/airflow-apache/lib/python3.11/site-packages/airflow/example_dags/example_branch_operator.py for tasks to queue
[2025-05-04T03:58:40.740-0300] {logging_mixin.py:188} INFO - [2025-05-04T03:58:40.740-0300] {dagbag.py:540} INFO - Filling up the DagBag from /home/facuvega/Descargas/crypto-etl-airflow/airflow-apache/lib/python3.11/site-packages/airflow/example_dags/example_branch_operator.py
[2025-05-04T03:58:40.753-0300] {processor.py:840} INFO - DAG(s) 'example_branch_operator' retrieved from /home/facuvega/Descargas/crypto-etl-airflow/airflow-apache/lib/python3.11/site-packages/airflow/example_dags/example_branch_operator.py
[2025-05-04T03:58:40.822-0300] {logging_mixin.py:188} INFO - [2025-05-04T03:58:40.822-0300] {dag.py:3096} INFO - Sync 1 DAGs
[2025-05-04T03:58:40.833-0300] {logging_mixin.py:188} INFO - [2025-05-04T03:58:40.833-0300] {dag.py:3954} INFO - Setting next_dagrun for example_branch_operator to 2025-05-03 00:00:00+00:00, run_after=2025-05-04 00:00:00+00:00
[2025-05-04T03:58:40.846-0300] {processor.py:183} INFO - Processing /home/facuvega/Descargas/crypto-etl-airflow/airflow-apache/lib/python3.11/site-packages/airflow/example_dags/example_branch_operator.py took 0.113 seconds
[2025-05-04T03:59:40.011-0300] {processor.py:161} INFO - Started process (PID=23084) to work on /home/facuvega/Descargas/crypto-etl-airflow/airflow-apache/lib/python3.11/site-packages/airflow/example_dags/example_branch_operator.py
[2025-05-04T03:59:40.022-0300] {processor.py:830} INFO - Processing file /home/facuvega/Descargas/crypto-etl-airflow/airflow-apache/lib/python3.11/site-packages/airflow/example_dags/example_branch_operator.py for tasks to queue
[2025-05-04T03:59:40.036-0300] {logging_mixin.py:188} INFO - [2025-05-04T03:59:40.033-0300] {dagbag.py:540} INFO - Filling up the DagBag from /home/facuvega/Descargas/crypto-etl-airflow/airflow-apache/lib/python3.11/site-packages/airflow/example_dags/example_branch_operator.py
[2025-05-04T03:59:40.111-0300] {processor.py:840} INFO - DAG(s) 'example_branch_operator' retrieved from /home/facuvega/Descargas/crypto-etl-airflow/airflow-apache/lib/python3.11/site-packages/airflow/example_dags/example_branch_operator.py
[2025-05-04T03:59:40.172-0300] {logging_mixin.py:188} INFO - [2025-05-04T03:59:40.172-0300] {dag.py:3096} INFO - Sync 1 DAGs
[2025-05-04T03:59:40.248-0300] {logging_mixin.py:188} INFO - [2025-05-04T03:59:40.248-0300] {dag.py:3954} INFO - Setting next_dagrun for example_branch_operator to 2025-05-03 00:00:00+00:00, run_after=2025-05-04 00:00:00+00:00
[2025-05-04T03:59:40.282-0300] {processor.py:183} INFO - Processing /home/facuvega/Descargas/crypto-etl-airflow/airflow-apache/lib/python3.11/site-packages/airflow/example_dags/example_branch_operator.py took 0.300 seconds
[2025-05-04T04:00:49.093-0300] {processor.py:161} INFO - Started process (PID=23871) to work on /home/facuvega/Descargas/crypto-etl-airflow/airflow-apache/lib/python3.11/site-packages/airflow/example_dags/example_branch_operator.py
[2025-05-04T04:00:49.095-0300] {processor.py:830} INFO - Processing file /home/facuvega/Descargas/crypto-etl-airflow/airflow-apache/lib/python3.11/site-packages/airflow/example_dags/example_branch_operator.py for tasks to queue
[2025-05-04T04:00:49.098-0300] {logging_mixin.py:188} INFO - [2025-05-04T04:00:49.097-0300] {dagbag.py:540} INFO - Filling up the DagBag from /home/facuvega/Descargas/crypto-etl-airflow/airflow-apache/lib/python3.11/site-packages/airflow/example_dags/example_branch_operator.py
[2025-05-04T04:00:49.114-0300] {processor.py:840} INFO - DAG(s) 'example_branch_operator' retrieved from /home/facuvega/Descargas/crypto-etl-airflow/airflow-apache/lib/python3.11/site-packages/airflow/example_dags/example_branch_operator.py
[2025-05-04T04:00:49.138-0300] {logging_mixin.py:188} INFO - [2025-05-04T04:00:49.137-0300] {dag.py:3096} INFO - Sync 1 DAGs
[2025-05-04T04:00:49.156-0300] {logging_mixin.py:188} INFO - [2025-05-04T04:00:49.156-0300] {dag.py:3954} INFO - Setting next_dagrun for example_branch_operator to 2025-05-03 00:00:00+00:00, run_after=2025-05-04 00:00:00+00:00
[2025-05-04T04:00:49.174-0300] {processor.py:183} INFO - Processing /home/facuvega/Descargas/crypto-etl-airflow/airflow-apache/lib/python3.11/site-packages/airflow/example_dags/example_branch_operator.py took 0.092 seconds
[2025-05-04T04:01:58.001-0300] {processor.py:161} INFO - Started process (PID=24190) to work on /home/facuvega/Descargas/crypto-etl-airflow/airflow-apache/lib/python3.11/site-packages/airflow/example_dags/example_branch_operator.py
[2025-05-04T04:01:58.002-0300] {processor.py:830} INFO - Processing file /home/facuvega/Descargas/crypto-etl-airflow/airflow-apache/lib/python3.11/site-packages/airflow/example_dags/example_branch_operator.py for tasks to queue
[2025-05-04T04:01:58.004-0300] {logging_mixin.py:188} INFO - [2025-05-04T04:01:58.004-0300] {dagbag.py:540} INFO - Filling up the DagBag from /home/facuvega/Descargas/crypto-etl-airflow/airflow-apache/lib/python3.11/site-packages/airflow/example_dags/example_branch_operator.py
[2025-05-04T04:01:58.021-0300] {processor.py:840} INFO - DAG(s) 'example_branch_operator' retrieved from /home/facuvega/Descargas/crypto-etl-airflow/airflow-apache/lib/python3.11/site-packages/airflow/example_dags/example_branch_operator.py
[2025-05-04T04:01:58.048-0300] {logging_mixin.py:188} INFO - [2025-05-04T04:01:58.047-0300] {dag.py:3096} INFO - Sync 1 DAGs
[2025-05-04T04:01:58.064-0300] {logging_mixin.py:188} INFO - [2025-05-04T04:01:58.064-0300] {dag.py:3954} INFO - Setting next_dagrun for example_branch_operator to 2025-05-03 00:00:00+00:00, run_after=2025-05-04 00:00:00+00:00
[2025-05-04T04:01:58.077-0300] {processor.py:183} INFO - Processing /home/facuvega/Descargas/crypto-etl-airflow/airflow-apache/lib/python3.11/site-packages/airflow/example_dags/example_branch_operator.py took 0.082 seconds
[2025-05-04T04:03:45.818-0300] {processor.py:161} INFO - Started process (PID=25091) to work on /home/facuvega/Descargas/crypto-etl-airflow/airflow-apache/lib/python3.11/site-packages/airflow/example_dags/example_branch_operator.py
[2025-05-04T04:03:45.819-0300] {processor.py:830} INFO - Processing file /home/facuvega/Descargas/crypto-etl-airflow/airflow-apache/lib/python3.11/site-packages/airflow/example_dags/example_branch_operator.py for tasks to queue
[2025-05-04T04:03:45.821-0300] {logging_mixin.py:188} INFO - [2025-05-04T04:03:45.820-0300] {dagbag.py:540} INFO - Filling up the DagBag from /home/facuvega/Descargas/crypto-etl-airflow/airflow-apache/lib/python3.11/site-packages/airflow/example_dags/example_branch_operator.py
[2025-05-04T04:03:45.834-0300] {processor.py:840} INFO - DAG(s) 'example_branch_operator' retrieved from /home/facuvega/Descargas/crypto-etl-airflow/airflow-apache/lib/python3.11/site-packages/airflow/example_dags/example_branch_operator.py
[2025-05-04T04:03:45.905-0300] {logging_mixin.py:188} INFO - [2025-05-04T04:03:45.905-0300] {dag.py:3096} INFO - Sync 1 DAGs
[2025-05-04T04:03:45.917-0300] {logging_mixin.py:188} INFO - [2025-05-04T04:03:45.916-0300] {dag.py:3954} INFO - Setting next_dagrun for example_branch_operator to 2025-05-03 00:00:00+00:00, run_after=2025-05-04 00:00:00+00:00
[2025-05-04T04:03:45.931-0300] {processor.py:183} INFO - Processing /home/facuvega/Descargas/crypto-etl-airflow/airflow-apache/lib/python3.11/site-packages/airflow/example_dags/example_branch_operator.py took 0.117 seconds
[2025-05-04T04:05:33.305-0300] {processor.py:161} INFO - Started process (PID=26347) to work on /home/facuvega/Descargas/crypto-etl-airflow/airflow-apache/lib/python3.11/site-packages/airflow/example_dags/example_branch_operator.py
[2025-05-04T04:05:33.306-0300] {processor.py:830} INFO - Processing file /home/facuvega/Descargas/crypto-etl-airflow/airflow-apache/lib/python3.11/site-packages/airflow/example_dags/example_branch_operator.py for tasks to queue
[2025-05-04T04:05:33.308-0300] {logging_mixin.py:188} INFO - [2025-05-04T04:05:33.308-0300] {dagbag.py:540} INFO - Filling up the DagBag from /home/facuvega/Descargas/crypto-etl-airflow/airflow-apache/lib/python3.11/site-packages/airflow/example_dags/example_branch_operator.py
[2025-05-04T04:05:33.322-0300] {processor.py:840} INFO - DAG(s) 'example_branch_operator' retrieved from /home/facuvega/Descargas/crypto-etl-airflow/airflow-apache/lib/python3.11/site-packages/airflow/example_dags/example_branch_operator.py
[2025-05-04T04:05:33.341-0300] {logging_mixin.py:188} INFO - [2025-05-04T04:05:33.340-0300] {dag.py:3096} INFO - Sync 1 DAGs
[2025-05-04T04:05:33.355-0300] {logging_mixin.py:188} INFO - [2025-05-04T04:05:33.354-0300] {dag.py:3954} INFO - Setting next_dagrun for example_branch_operator to 2025-05-03 00:00:00+00:00, run_after=2025-05-04 00:00:00+00:00
[2025-05-04T04:05:33.368-0300] {processor.py:183} INFO - Processing /home/facuvega/Descargas/crypto-etl-airflow/airflow-apache/lib/python3.11/site-packages/airflow/example_dags/example_branch_operator.py took 0.068 seconds
[2025-05-04T04:06:25.287-0300] {processor.py:161} INFO - Started process (PID=26650) to work on /home/facuvega/Descargas/crypto-etl-airflow/airflow-apache/lib/python3.11/site-packages/airflow/example_dags/example_branch_operator.py
[2025-05-04T04:06:25.288-0300] {processor.py:830} INFO - Processing file /home/facuvega/Descargas/crypto-etl-airflow/airflow-apache/lib/python3.11/site-packages/airflow/example_dags/example_branch_operator.py for tasks to queue
[2025-05-04T04:06:25.290-0300] {logging_mixin.py:188} INFO - [2025-05-04T04:06:25.289-0300] {dagbag.py:540} INFO - Filling up the DagBag from /home/facuvega/Descargas/crypto-etl-airflow/airflow-apache/lib/python3.11/site-packages/airflow/example_dags/example_branch_operator.py
[2025-05-04T04:06:25.305-0300] {processor.py:840} INFO - DAG(s) 'example_branch_operator' retrieved from /home/facuvega/Descargas/crypto-etl-airflow/airflow-apache/lib/python3.11/site-packages/airflow/example_dags/example_branch_operator.py
[2025-05-04T04:06:25.324-0300] {logging_mixin.py:188} INFO - [2025-05-04T04:06:25.324-0300] {dag.py:3096} INFO - Sync 1 DAGs
[2025-05-04T04:06:25.340-0300] {logging_mixin.py:188} INFO - [2025-05-04T04:06:25.339-0300] {dag.py:3954} INFO - Setting next_dagrun for example_branch_operator to 2025-05-03 00:00:00+00:00, run_after=2025-05-04 00:00:00+00:00
[2025-05-04T04:06:25.353-0300] {processor.py:183} INFO - Processing /home/facuvega/Descargas/crypto-etl-airflow/airflow-apache/lib/python3.11/site-packages/airflow/example_dags/example_branch_operator.py took 0.073 seconds
[2025-05-04T04:07:35.822-0300] {processor.py:161} INFO - Started process (PID=26984) to work on /home/facuvega/Descargas/crypto-etl-airflow/airflow-apache/lib/python3.11/site-packages/airflow/example_dags/example_branch_operator.py
[2025-05-04T04:07:35.824-0300] {processor.py:830} INFO - Processing file /home/facuvega/Descargas/crypto-etl-airflow/airflow-apache/lib/python3.11/site-packages/airflow/example_dags/example_branch_operator.py for tasks to queue
[2025-05-04T04:07:35.826-0300] {logging_mixin.py:188} INFO - [2025-05-04T04:07:35.825-0300] {dagbag.py:540} INFO - Filling up the DagBag from /home/facuvega/Descargas/crypto-etl-airflow/airflow-apache/lib/python3.11/site-packages/airflow/example_dags/example_branch_operator.py
[2025-05-04T04:07:35.845-0300] {processor.py:840} INFO - DAG(s) 'example_branch_operator' retrieved from /home/facuvega/Descargas/crypto-etl-airflow/airflow-apache/lib/python3.11/site-packages/airflow/example_dags/example_branch_operator.py
[2025-05-04T04:07:35.867-0300] {logging_mixin.py:188} INFO - [2025-05-04T04:07:35.867-0300] {dag.py:3096} INFO - Sync 1 DAGs
[2025-05-04T04:07:35.886-0300] {logging_mixin.py:188} INFO - [2025-05-04T04:07:35.886-0300] {dag.py:3954} INFO - Setting next_dagrun for example_branch_operator to 2025-05-03 00:00:00+00:00, run_after=2025-05-04 00:00:00+00:00
[2025-05-04T04:07:35.902-0300] {processor.py:183} INFO - Processing /home/facuvega/Descargas/crypto-etl-airflow/airflow-apache/lib/python3.11/site-packages/airflow/example_dags/example_branch_operator.py took 0.087 seconds
[2025-05-04T04:10:56.025-0300] {processor.py:161} INFO - Started process (PID=29114) to work on /home/facuvega/Descargas/crypto-etl-airflow/airflow-apache/lib/python3.11/site-packages/airflow/example_dags/example_branch_operator.py
[2025-05-04T04:10:56.027-0300] {processor.py:830} INFO - Processing file /home/facuvega/Descargas/crypto-etl-airflow/airflow-apache/lib/python3.11/site-packages/airflow/example_dags/example_branch_operator.py for tasks to queue
[2025-05-04T04:10:56.029-0300] {logging_mixin.py:188} INFO - [2025-05-04T04:10:56.029-0300] {dagbag.py:540} INFO - Filling up the DagBag from /home/facuvega/Descargas/crypto-etl-airflow/airflow-apache/lib/python3.11/site-packages/airflow/example_dags/example_branch_operator.py
[2025-05-04T04:10:56.051-0300] {processor.py:840} INFO - DAG(s) 'example_branch_operator' retrieved from /home/facuvega/Descargas/crypto-etl-airflow/airflow-apache/lib/python3.11/site-packages/airflow/example_dags/example_branch_operator.py
[2025-05-04T04:10:56.166-0300] {logging_mixin.py:188} INFO - [2025-05-04T04:10:56.166-0300] {dag.py:3096} INFO - Sync 1 DAGs
[2025-05-04T04:10:56.184-0300] {logging_mixin.py:188} INFO - [2025-05-04T04:10:56.184-0300] {dag.py:3954} INFO - Setting next_dagrun for example_branch_operator to 2025-05-03 00:00:00+00:00, run_after=2025-05-04 00:00:00+00:00
[2025-05-04T04:10:56.204-0300] {processor.py:183} INFO - Processing /home/facuvega/Descargas/crypto-etl-airflow/airflow-apache/lib/python3.11/site-packages/airflow/example_dags/example_branch_operator.py took 0.187 seconds
[2025-05-04T04:11:51.934-0300] {processor.py:161} INFO - Started process (PID=29358) to work on /home/facuvega/Descargas/crypto-etl-airflow/airflow-apache/lib/python3.11/site-packages/airflow/example_dags/example_branch_operator.py
[2025-05-04T04:11:51.936-0300] {processor.py:830} INFO - Processing file /home/facuvega/Descargas/crypto-etl-airflow/airflow-apache/lib/python3.11/site-packages/airflow/example_dags/example_branch_operator.py for tasks to queue
[2025-05-04T04:11:51.940-0300] {logging_mixin.py:188} INFO - [2025-05-04T04:11:51.939-0300] {dagbag.py:540} INFO - Filling up the DagBag from /home/facuvega/Descargas/crypto-etl-airflow/airflow-apache/lib/python3.11/site-packages/airflow/example_dags/example_branch_operator.py
[2025-05-04T04:11:51.967-0300] {processor.py:840} INFO - DAG(s) 'example_branch_operator' retrieved from /home/facuvega/Descargas/crypto-etl-airflow/airflow-apache/lib/python3.11/site-packages/airflow/example_dags/example_branch_operator.py
[2025-05-04T04:11:52.010-0300] {logging_mixin.py:188} INFO - [2025-05-04T04:11:52.010-0300] {dag.py:3096} INFO - Sync 1 DAGs
[2025-05-04T04:11:52.049-0300] {logging_mixin.py:188} INFO - [2025-05-04T04:11:52.046-0300] {dag.py:3954} INFO - Setting next_dagrun for example_branch_operator to 2025-05-03 00:00:00+00:00, run_after=2025-05-04 00:00:00+00:00
[2025-05-04T04:11:52.089-0300] {processor.py:183} INFO - Processing /home/facuvega/Descargas/crypto-etl-airflow/airflow-apache/lib/python3.11/site-packages/airflow/example_dags/example_branch_operator.py took 0.173 seconds
[2025-05-04T04:13:02.100-0300] {processor.py:161} INFO - Started process (PID=29679) to work on /home/facuvega/Descargas/crypto-etl-airflow/airflow-apache/lib/python3.11/site-packages/airflow/example_dags/example_branch_operator.py
[2025-05-04T04:13:02.100-0300] {processor.py:830} INFO - Processing file /home/facuvega/Descargas/crypto-etl-airflow/airflow-apache/lib/python3.11/site-packages/airflow/example_dags/example_branch_operator.py for tasks to queue
[2025-05-04T04:13:02.102-0300] {logging_mixin.py:188} INFO - [2025-05-04T04:13:02.102-0300] {dagbag.py:540} INFO - Filling up the DagBag from /home/facuvega/Descargas/crypto-etl-airflow/airflow-apache/lib/python3.11/site-packages/airflow/example_dags/example_branch_operator.py
[2025-05-04T04:13:02.115-0300] {processor.py:840} INFO - DAG(s) 'example_branch_operator' retrieved from /home/facuvega/Descargas/crypto-etl-airflow/airflow-apache/lib/python3.11/site-packages/airflow/example_dags/example_branch_operator.py
[2025-05-04T04:13:02.130-0300] {logging_mixin.py:188} INFO - [2025-05-04T04:13:02.130-0300] {dag.py:3096} INFO - Sync 1 DAGs
[2025-05-04T04:13:02.144-0300] {logging_mixin.py:188} INFO - [2025-05-04T04:13:02.143-0300] {dag.py:3954} INFO - Setting next_dagrun for example_branch_operator to 2025-05-03 00:00:00+00:00, run_after=2025-05-04 00:00:00+00:00
[2025-05-04T04:13:02.156-0300] {processor.py:183} INFO - Processing /home/facuvega/Descargas/crypto-etl-airflow/airflow-apache/lib/python3.11/site-packages/airflow/example_dags/example_branch_operator.py took 0.061 seconds
[2025-05-04T04:14:04.800-0300] {processor.py:161} INFO - Started process (PID=29961) to work on /home/facuvega/Descargas/crypto-etl-airflow/airflow-apache/lib/python3.11/site-packages/airflow/example_dags/example_branch_operator.py
[2025-05-04T04:14:04.801-0300] {processor.py:830} INFO - Processing file /home/facuvega/Descargas/crypto-etl-airflow/airflow-apache/lib/python3.11/site-packages/airflow/example_dags/example_branch_operator.py for tasks to queue
[2025-05-04T04:14:04.802-0300] {logging_mixin.py:188} INFO - [2025-05-04T04:14:04.802-0300] {dagbag.py:540} INFO - Filling up the DagBag from /home/facuvega/Descargas/crypto-etl-airflow/airflow-apache/lib/python3.11/site-packages/airflow/example_dags/example_branch_operator.py
[2025-05-04T04:14:04.815-0300] {processor.py:840} INFO - DAG(s) 'example_branch_operator' retrieved from /home/facuvega/Descargas/crypto-etl-airflow/airflow-apache/lib/python3.11/site-packages/airflow/example_dags/example_branch_operator.py
[2025-05-04T04:14:04.831-0300] {logging_mixin.py:188} INFO - [2025-05-04T04:14:04.831-0300] {dag.py:3096} INFO - Sync 1 DAGs
[2025-05-04T04:14:04.844-0300] {logging_mixin.py:188} INFO - [2025-05-04T04:14:04.844-0300] {dag.py:3954} INFO - Setting next_dagrun for example_branch_operator to 2025-05-03 00:00:00+00:00, run_after=2025-05-04 00:00:00+00:00
[2025-05-04T04:14:04.857-0300] {processor.py:183} INFO - Processing /home/facuvega/Descargas/crypto-etl-airflow/airflow-apache/lib/python3.11/site-packages/airflow/example_dags/example_branch_operator.py took 0.062 seconds
[2025-05-04T04:15:05.180-0300] {processor.py:161} INFO - Started process (PID=30270) to work on /home/facuvega/Descargas/crypto-etl-airflow/airflow-apache/lib/python3.11/site-packages/airflow/example_dags/example_branch_operator.py
[2025-05-04T04:15:05.182-0300] {processor.py:830} INFO - Processing file /home/facuvega/Descargas/crypto-etl-airflow/airflow-apache/lib/python3.11/site-packages/airflow/example_dags/example_branch_operator.py for tasks to queue
[2025-05-04T04:15:05.189-0300] {logging_mixin.py:188} INFO - [2025-05-04T04:15:05.188-0300] {dagbag.py:540} INFO - Filling up the DagBag from /home/facuvega/Descargas/crypto-etl-airflow/airflow-apache/lib/python3.11/site-packages/airflow/example_dags/example_branch_operator.py
[2025-05-04T04:15:05.265-0300] {processor.py:840} INFO - DAG(s) 'example_branch_operator' retrieved from /home/facuvega/Descargas/crypto-etl-airflow/airflow-apache/lib/python3.11/site-packages/airflow/example_dags/example_branch_operator.py
[2025-05-04T04:15:05.304-0300] {logging_mixin.py:188} INFO - [2025-05-04T04:15:05.304-0300] {dag.py:3096} INFO - Sync 1 DAGs
[2025-05-04T04:15:05.326-0300] {logging_mixin.py:188} INFO - [2025-05-04T04:15:05.325-0300] {dag.py:3954} INFO - Setting next_dagrun for example_branch_operator to 2025-05-03 00:00:00+00:00, run_after=2025-05-04 00:00:00+00:00
[2025-05-04T04:15:05.363-0300] {processor.py:183} INFO - Processing /home/facuvega/Descargas/crypto-etl-airflow/airflow-apache/lib/python3.11/site-packages/airflow/example_dags/example_branch_operator.py took 0.222 seconds
[2025-05-04T04:16:03.250-0300] {processor.py:161} INFO - Started process (PID=30608) to work on /home/facuvega/Descargas/crypto-etl-airflow/airflow-apache/lib/python3.11/site-packages/airflow/example_dags/example_branch_operator.py
[2025-05-04T04:16:03.252-0300] {processor.py:830} INFO - Processing file /home/facuvega/Descargas/crypto-etl-airflow/airflow-apache/lib/python3.11/site-packages/airflow/example_dags/example_branch_operator.py for tasks to queue
[2025-05-04T04:16:03.254-0300] {logging_mixin.py:188} INFO - [2025-05-04T04:16:03.253-0300] {dagbag.py:540} INFO - Filling up the DagBag from /home/facuvega/Descargas/crypto-etl-airflow/airflow-apache/lib/python3.11/site-packages/airflow/example_dags/example_branch_operator.py
[2025-05-04T04:16:03.267-0300] {processor.py:840} INFO - DAG(s) 'example_branch_operator' retrieved from /home/facuvega/Descargas/crypto-etl-airflow/airflow-apache/lib/python3.11/site-packages/airflow/example_dags/example_branch_operator.py
[2025-05-04T04:16:03.285-0300] {logging_mixin.py:188} INFO - [2025-05-04T04:16:03.284-0300] {dag.py:3096} INFO - Sync 1 DAGs
[2025-05-04T04:16:03.299-0300] {logging_mixin.py:188} INFO - [2025-05-04T04:16:03.298-0300] {dag.py:3954} INFO - Setting next_dagrun for example_branch_operator to 2025-05-03 00:00:00+00:00, run_after=2025-05-04 00:00:00+00:00
[2025-05-04T04:16:03.311-0300] {processor.py:183} INFO - Processing /home/facuvega/Descargas/crypto-etl-airflow/airflow-apache/lib/python3.11/site-packages/airflow/example_dags/example_branch_operator.py took 0.067 seconds
[2025-05-04T04:17:39.244-0300] {processor.py:161} INFO - Started process (PID=31401) to work on /home/facuvega/Descargas/crypto-etl-airflow/airflow-apache/lib/python3.11/site-packages/airflow/example_dags/example_branch_operator.py
[2025-05-04T04:17:39.245-0300] {processor.py:830} INFO - Processing file /home/facuvega/Descargas/crypto-etl-airflow/airflow-apache/lib/python3.11/site-packages/airflow/example_dags/example_branch_operator.py for tasks to queue
[2025-05-04T04:17:39.247-0300] {logging_mixin.py:188} INFO - [2025-05-04T04:17:39.247-0300] {dagbag.py:540} INFO - Filling up the DagBag from /home/facuvega/Descargas/crypto-etl-airflow/airflow-apache/lib/python3.11/site-packages/airflow/example_dags/example_branch_operator.py
[2025-05-04T04:17:39.262-0300] {processor.py:840} INFO - DAG(s) 'example_branch_operator' retrieved from /home/facuvega/Descargas/crypto-etl-airflow/airflow-apache/lib/python3.11/site-packages/airflow/example_dags/example_branch_operator.py
[2025-05-04T04:17:39.351-0300] {logging_mixin.py:188} INFO - [2025-05-04T04:17:39.350-0300] {dag.py:3096} INFO - Sync 1 DAGs
[2025-05-04T04:17:39.362-0300] {logging_mixin.py:188} INFO - [2025-05-04T04:17:39.362-0300] {dag.py:3954} INFO - Setting next_dagrun for example_branch_operator to 2025-05-03 00:00:00+00:00, run_after=2025-05-04 00:00:00+00:00
[2025-05-04T04:17:39.377-0300] {processor.py:183} INFO - Processing /home/facuvega/Descargas/crypto-etl-airflow/airflow-apache/lib/python3.11/site-packages/airflow/example_dags/example_branch_operator.py took 0.139 seconds
[2025-05-04T04:19:12.538-0300] {processor.py:161} INFO - Started process (PID=32557) to work on /home/facuvega/Descargas/crypto-etl-airflow/airflow-apache/lib/python3.11/site-packages/airflow/example_dags/example_branch_operator.py
[2025-05-04T04:19:12.540-0300] {processor.py:830} INFO - Processing file /home/facuvega/Descargas/crypto-etl-airflow/airflow-apache/lib/python3.11/site-packages/airflow/example_dags/example_branch_operator.py for tasks to queue
[2025-05-04T04:19:12.542-0300] {logging_mixin.py:188} INFO - [2025-05-04T04:19:12.542-0300] {dagbag.py:540} INFO - Filling up the DagBag from /home/facuvega/Descargas/crypto-etl-airflow/airflow-apache/lib/python3.11/site-packages/airflow/example_dags/example_branch_operator.py
[2025-05-04T04:19:12.565-0300] {processor.py:840} INFO - DAG(s) 'example_branch_operator' retrieved from /home/facuvega/Descargas/crypto-etl-airflow/airflow-apache/lib/python3.11/site-packages/airflow/example_dags/example_branch_operator.py
[2025-05-04T04:19:12.588-0300] {logging_mixin.py:188} INFO - [2025-05-04T04:19:12.587-0300] {dag.py:3096} INFO - Sync 1 DAGs
[2025-05-04T04:19:12.606-0300] {logging_mixin.py:188} INFO - [2025-05-04T04:19:12.605-0300] {dag.py:3954} INFO - Setting next_dagrun for example_branch_operator to 2025-05-03 00:00:00+00:00, run_after=2025-05-04 00:00:00+00:00
[2025-05-04T04:19:12.623-0300] {processor.py:183} INFO - Processing /home/facuvega/Descargas/crypto-etl-airflow/airflow-apache/lib/python3.11/site-packages/airflow/example_dags/example_branch_operator.py took 0.092 seconds
[2025-05-04T04:20:10.778-0300] {processor.py:161} INFO - Started process (PID=32958) to work on /home/facuvega/Descargas/crypto-etl-airflow/airflow-apache/lib/python3.11/site-packages/airflow/example_dags/example_branch_operator.py
[2025-05-04T04:20:10.780-0300] {processor.py:830} INFO - Processing file /home/facuvega/Descargas/crypto-etl-airflow/airflow-apache/lib/python3.11/site-packages/airflow/example_dags/example_branch_operator.py for tasks to queue
[2025-05-04T04:20:10.783-0300] {logging_mixin.py:188} INFO - [2025-05-04T04:20:10.782-0300] {dagbag.py:540} INFO - Filling up the DagBag from /home/facuvega/Descargas/crypto-etl-airflow/airflow-apache/lib/python3.11/site-packages/airflow/example_dags/example_branch_operator.py
[2025-05-04T04:20:10.812-0300] {processor.py:840} INFO - DAG(s) 'example_branch_operator' retrieved from /home/facuvega/Descargas/crypto-etl-airflow/airflow-apache/lib/python3.11/site-packages/airflow/example_dags/example_branch_operator.py
[2025-05-04T04:20:10.838-0300] {logging_mixin.py:188} INFO - [2025-05-04T04:20:10.837-0300] {dag.py:3096} INFO - Sync 1 DAGs
[2025-05-04T04:20:10.859-0300] {logging_mixin.py:188} INFO - [2025-05-04T04:20:10.859-0300] {dag.py:3954} INFO - Setting next_dagrun for example_branch_operator to 2025-05-03 00:00:00+00:00, run_after=2025-05-04 00:00:00+00:00
[2025-05-04T04:20:10.877-0300] {processor.py:183} INFO - Processing /home/facuvega/Descargas/crypto-etl-airflow/airflow-apache/lib/python3.11/site-packages/airflow/example_dags/example_branch_operator.py took 0.109 seconds
[2025-05-04T04:21:14.811-0300] {processor.py:161} INFO - Started process (PID=33253) to work on /home/facuvega/Descargas/crypto-etl-airflow/airflow-apache/lib/python3.11/site-packages/airflow/example_dags/example_branch_operator.py
[2025-05-04T04:21:14.813-0300] {processor.py:830} INFO - Processing file /home/facuvega/Descargas/crypto-etl-airflow/airflow-apache/lib/python3.11/site-packages/airflow/example_dags/example_branch_operator.py for tasks to queue
[2025-05-04T04:21:14.815-0300] {logging_mixin.py:188} INFO - [2025-05-04T04:21:14.815-0300] {dagbag.py:540} INFO - Filling up the DagBag from /home/facuvega/Descargas/crypto-etl-airflow/airflow-apache/lib/python3.11/site-packages/airflow/example_dags/example_branch_operator.py
[2025-05-04T04:21:14.839-0300] {processor.py:840} INFO - DAG(s) 'example_branch_operator' retrieved from /home/facuvega/Descargas/crypto-etl-airflow/airflow-apache/lib/python3.11/site-packages/airflow/example_dags/example_branch_operator.py
[2025-05-04T04:21:14.862-0300] {logging_mixin.py:188} INFO - [2025-05-04T04:21:14.862-0300] {dag.py:3096} INFO - Sync 1 DAGs
[2025-05-04T04:21:14.887-0300] {logging_mixin.py:188} INFO - [2025-05-04T04:21:14.886-0300] {dag.py:3954} INFO - Setting next_dagrun for example_branch_operator to 2025-05-03 00:00:00+00:00, run_after=2025-05-04 00:00:00+00:00
[2025-05-04T04:21:14.903-0300] {processor.py:183} INFO - Processing /home/facuvega/Descargas/crypto-etl-airflow/airflow-apache/lib/python3.11/site-packages/airflow/example_dags/example_branch_operator.py took 0.098 seconds
[2025-05-04T04:22:48.750-0300] {processor.py:161} INFO - Started process (PID=34133) to work on /home/facuvega/Descargas/crypto-etl-airflow/airflow-apache/lib/python3.11/site-packages/airflow/example_dags/example_branch_operator.py
[2025-05-04T04:22:48.751-0300] {processor.py:830} INFO - Processing file /home/facuvega/Descargas/crypto-etl-airflow/airflow-apache/lib/python3.11/site-packages/airflow/example_dags/example_branch_operator.py for tasks to queue
[2025-05-04T04:22:48.752-0300] {logging_mixin.py:188} INFO - [2025-05-04T04:22:48.752-0300] {dagbag.py:540} INFO - Filling up the DagBag from /home/facuvega/Descargas/crypto-etl-airflow/airflow-apache/lib/python3.11/site-packages/airflow/example_dags/example_branch_operator.py
[2025-05-04T04:22:48.766-0300] {processor.py:840} INFO - DAG(s) 'example_branch_operator' retrieved from /home/facuvega/Descargas/crypto-etl-airflow/airflow-apache/lib/python3.11/site-packages/airflow/example_dags/example_branch_operator.py
[2025-05-04T04:22:48.837-0300] {logging_mixin.py:188} INFO - [2025-05-04T04:22:48.837-0300] {dag.py:3096} INFO - Sync 1 DAGs
[2025-05-04T04:22:48.849-0300] {logging_mixin.py:188} INFO - [2025-05-04T04:22:48.849-0300] {dag.py:3954} INFO - Setting next_dagrun for example_branch_operator to 2025-05-03 00:00:00+00:00, run_after=2025-05-04 00:00:00+00:00
[2025-05-04T04:22:48.862-0300] {processor.py:183} INFO - Processing /home/facuvega/Descargas/crypto-etl-airflow/airflow-apache/lib/python3.11/site-packages/airflow/example_dags/example_branch_operator.py took 0.117 seconds
[2025-05-04T04:24:25.880-0300] {processor.py:161} INFO - Started process (PID=35613) to work on /home/facuvega/Descargas/crypto-etl-airflow/airflow-apache/lib/python3.11/site-packages/airflow/example_dags/example_branch_operator.py
[2025-05-04T04:24:25.883-0300] {processor.py:830} INFO - Processing file /home/facuvega/Descargas/crypto-etl-airflow/airflow-apache/lib/python3.11/site-packages/airflow/example_dags/example_branch_operator.py for tasks to queue
[2025-05-04T04:24:25.888-0300] {logging_mixin.py:188} INFO - [2025-05-04T04:24:25.887-0300] {dagbag.py:540} INFO - Filling up the DagBag from /home/facuvega/Descargas/crypto-etl-airflow/airflow-apache/lib/python3.11/site-packages/airflow/example_dags/example_branch_operator.py
[2025-05-04T04:24:25.925-0300] {processor.py:840} INFO - DAG(s) 'example_branch_operator' retrieved from /home/facuvega/Descargas/crypto-etl-airflow/airflow-apache/lib/python3.11/site-packages/airflow/example_dags/example_branch_operator.py
[2025-05-04T04:24:25.968-0300] {logging_mixin.py:188} INFO - [2025-05-04T04:24:25.968-0300] {dag.py:3096} INFO - Sync 1 DAGs
[2025-05-04T04:24:25.997-0300] {logging_mixin.py:188} INFO - [2025-05-04T04:24:25.996-0300] {dag.py:3954} INFO - Setting next_dagrun for example_branch_operator to 2025-05-03 00:00:00+00:00, run_after=2025-05-04 00:00:00+00:00
[2025-05-04T04:24:26.021-0300] {processor.py:183} INFO - Processing /home/facuvega/Descargas/crypto-etl-airflow/airflow-apache/lib/python3.11/site-packages/airflow/example_dags/example_branch_operator.py took 0.153 seconds
