[2025-05-04T03:50:38.409-0300] {processor.py:161} INFO - Started process (PID=19611) to work on /home/facuvega/Descargas/crypto-etl-airflow/airflow-apache/lib/python3.11/site-packages/airflow/example_dags/tutorial_taskflow_api.py
[2025-05-04T03:50:38.411-0300] {processor.py:830} INFO - Processing file /home/facuvega/Descargas/crypto-etl-airflow/airflow-apache/lib/python3.11/site-packages/airflow/example_dags/tutorial_taskflow_api.py for tasks to queue
[2025-05-04T03:50:38.414-0300] {logging_mixin.py:188} INFO - [2025-05-04T03:50:38.414-0300] {dagbag.py:540} INFO - Filling up the DagBag from /home/facuvega/Descargas/crypto-etl-airflow/airflow-apache/lib/python3.11/site-packages/airflow/example_dags/tutorial_taskflow_api.py
[2025-05-04T03:50:38.424-0300] {processor.py:840} INFO - DAG(s) 'tutorial_taskflow_api' retrieved from /home/facuvega/Descargas/crypto-etl-airflow/airflow-apache/lib/python3.11/site-packages/airflow/example_dags/tutorial_taskflow_api.py
[2025-05-04T03:50:38.444-0300] {logging_mixin.py:188} INFO - [2025-05-04T03:50:38.443-0300] {dag.py:3096} INFO - Sync 1 DAGs
[2025-05-04T03:50:38.453-0300] {logging_mixin.py:188} INFO - [2025-05-04T03:50:38.453-0300] {dag.py:3954} INFO - Setting next_dagrun for tutorial_taskflow_api to None, run_after=None
[2025-05-04T03:50:38.632-0300] {processor.py:183} INFO - Processing /home/facuvega/Descargas/crypto-etl-airflow/airflow-apache/lib/python3.11/site-packages/airflow/example_dags/tutorial_taskflow_api.py took 0.230 seconds
[2025-05-04T03:51:31.061-0300] {processor.py:161} INFO - Started process (PID=19845) to work on /home/facuvega/Descargas/crypto-etl-airflow/airflow-apache/lib/python3.11/site-packages/airflow/example_dags/tutorial_taskflow_api.py
[2025-05-04T03:51:31.062-0300] {processor.py:830} INFO - Processing file /home/facuvega/Descargas/crypto-etl-airflow/airflow-apache/lib/python3.11/site-packages/airflow/example_dags/tutorial_taskflow_api.py for tasks to queue
[2025-05-04T03:51:31.064-0300] {logging_mixin.py:188} INFO - [2025-05-04T03:51:31.063-0300] {dagbag.py:540} INFO - Filling up the DagBag from /home/facuvega/Descargas/crypto-etl-airflow/airflow-apache/lib/python3.11/site-packages/airflow/example_dags/tutorial_taskflow_api.py
[2025-05-04T03:51:31.069-0300] {processor.py:840} INFO - DAG(s) 'tutorial_taskflow_api' retrieved from /home/facuvega/Descargas/crypto-etl-airflow/airflow-apache/lib/python3.11/site-packages/airflow/example_dags/tutorial_taskflow_api.py
[2025-05-04T03:51:31.081-0300] {logging_mixin.py:188} INFO - [2025-05-04T03:51:31.081-0300] {dag.py:3096} INFO - Sync 1 DAGs
[2025-05-04T03:51:31.090-0300] {logging_mixin.py:188} INFO - [2025-05-04T03:51:31.090-0300] {dag.py:3954} INFO - Setting next_dagrun for tutorial_taskflow_api to None, run_after=None
[2025-05-04T03:51:31.102-0300] {processor.py:183} INFO - Processing /home/facuvega/Descargas/crypto-etl-airflow/airflow-apache/lib/python3.11/site-packages/airflow/example_dags/tutorial_taskflow_api.py took 0.046 seconds
[2025-05-04T03:52:15.859-0300] {processor.py:161} INFO - Started process (PID=20050) to work on /home/facuvega/Descargas/crypto-etl-airflow/airflow-apache/lib/python3.11/site-packages/airflow/example_dags/tutorial_taskflow_api.py
[2025-05-04T03:52:15.860-0300] {processor.py:830} INFO - Processing file /home/facuvega/Descargas/crypto-etl-airflow/airflow-apache/lib/python3.11/site-packages/airflow/example_dags/tutorial_taskflow_api.py for tasks to queue
[2025-05-04T03:52:15.861-0300] {logging_mixin.py:188} INFO - [2025-05-04T03:52:15.861-0300] {dagbag.py:540} INFO - Filling up the DagBag from /home/facuvega/Descargas/crypto-etl-airflow/airflow-apache/lib/python3.11/site-packages/airflow/example_dags/tutorial_taskflow_api.py
[2025-05-04T03:52:15.867-0300] {processor.py:840} INFO - DAG(s) 'tutorial_taskflow_api' retrieved from /home/facuvega/Descargas/crypto-etl-airflow/airflow-apache/lib/python3.11/site-packages/airflow/example_dags/tutorial_taskflow_api.py
[2025-05-04T03:52:15.878-0300] {logging_mixin.py:188} INFO - [2025-05-04T03:52:15.878-0300] {dag.py:3096} INFO - Sync 1 DAGs
[2025-05-04T03:52:15.887-0300] {logging_mixin.py:188} INFO - [2025-05-04T03:52:15.887-0300] {dag.py:3954} INFO - Setting next_dagrun for tutorial_taskflow_api to None, run_after=None
[2025-05-04T03:52:15.902-0300] {processor.py:183} INFO - Processing /home/facuvega/Descargas/crypto-etl-airflow/airflow-apache/lib/python3.11/site-packages/airflow/example_dags/tutorial_taskflow_api.py took 0.049 seconds
[2025-05-04T03:52:58.760-0300] {processor.py:161} INFO - Started process (PID=20258) to work on /home/facuvega/Descargas/crypto-etl-airflow/airflow-apache/lib/python3.11/site-packages/airflow/example_dags/tutorial_taskflow_api.py
[2025-05-04T03:52:58.761-0300] {processor.py:830} INFO - Processing file /home/facuvega/Descargas/crypto-etl-airflow/airflow-apache/lib/python3.11/site-packages/airflow/example_dags/tutorial_taskflow_api.py for tasks to queue
[2025-05-04T03:52:58.762-0300] {logging_mixin.py:188} INFO - [2025-05-04T03:52:58.762-0300] {dagbag.py:540} INFO - Filling up the DagBag from /home/facuvega/Descargas/crypto-etl-airflow/airflow-apache/lib/python3.11/site-packages/airflow/example_dags/tutorial_taskflow_api.py
[2025-05-04T03:52:58.768-0300] {processor.py:840} INFO - DAG(s) 'tutorial_taskflow_api' retrieved from /home/facuvega/Descargas/crypto-etl-airflow/airflow-apache/lib/python3.11/site-packages/airflow/example_dags/tutorial_taskflow_api.py
[2025-05-04T03:52:58.779-0300] {logging_mixin.py:188} INFO - [2025-05-04T03:52:58.779-0300] {dag.py:3096} INFO - Sync 1 DAGs
[2025-05-04T03:52:58.786-0300] {logging_mixin.py:188} INFO - [2025-05-04T03:52:58.786-0300] {dag.py:3954} INFO - Setting next_dagrun for tutorial_taskflow_api to None, run_after=None
[2025-05-04T03:52:58.799-0300] {processor.py:183} INFO - Processing /home/facuvega/Descargas/crypto-etl-airflow/airflow-apache/lib/python3.11/site-packages/airflow/example_dags/tutorial_taskflow_api.py took 0.044 seconds
[2025-05-04T03:53:51.296-0300] {processor.py:161} INFO - Started process (PID=20831) to work on /home/facuvega/Descargas/crypto-etl-airflow/airflow-apache/lib/python3.11/site-packages/airflow/example_dags/tutorial_taskflow_api.py
[2025-05-04T03:53:51.300-0300] {processor.py:830} INFO - Processing file /home/facuvega/Descargas/crypto-etl-airflow/airflow-apache/lib/python3.11/site-packages/airflow/example_dags/tutorial_taskflow_api.py for tasks to queue
[2025-05-04T03:53:51.306-0300] {logging_mixin.py:188} INFO - [2025-05-04T03:53:51.302-0300] {dagbag.py:540} INFO - Filling up the DagBag from /home/facuvega/Descargas/crypto-etl-airflow/airflow-apache/lib/python3.11/site-packages/airflow/example_dags/tutorial_taskflow_api.py
[2025-05-04T03:53:51.324-0300] {processor.py:840} INFO - DAG(s) 'tutorial_taskflow_api' retrieved from /home/facuvega/Descargas/crypto-etl-airflow/airflow-apache/lib/python3.11/site-packages/airflow/example_dags/tutorial_taskflow_api.py
[2025-05-04T03:53:51.352-0300] {logging_mixin.py:188} INFO - [2025-05-04T03:53:51.352-0300] {dag.py:3096} INFO - Sync 1 DAGs
[2025-05-04T03:53:51.374-0300] {logging_mixin.py:188} INFO - [2025-05-04T03:53:51.373-0300] {dag.py:3954} INFO - Setting next_dagrun for tutorial_taskflow_api to None, run_after=None
[2025-05-04T03:53:51.408-0300] {processor.py:183} INFO - Processing /home/facuvega/Descargas/crypto-etl-airflow/airflow-apache/lib/python3.11/site-packages/airflow/example_dags/tutorial_taskflow_api.py took 0.127 seconds
[2025-05-04T03:54:36.797-0300] {processor.py:161} INFO - Started process (PID=21036) to work on /home/facuvega/Descargas/crypto-etl-airflow/airflow-apache/lib/python3.11/site-packages/airflow/example_dags/tutorial_taskflow_api.py
[2025-05-04T03:54:36.798-0300] {processor.py:830} INFO - Processing file /home/facuvega/Descargas/crypto-etl-airflow/airflow-apache/lib/python3.11/site-packages/airflow/example_dags/tutorial_taskflow_api.py for tasks to queue
[2025-05-04T03:54:36.799-0300] {logging_mixin.py:188} INFO - [2025-05-04T03:54:36.799-0300] {dagbag.py:540} INFO - Filling up the DagBag from /home/facuvega/Descargas/crypto-etl-airflow/airflow-apache/lib/python3.11/site-packages/airflow/example_dags/tutorial_taskflow_api.py
[2025-05-04T03:54:36.807-0300] {processor.py:840} INFO - DAG(s) 'tutorial_taskflow_api' retrieved from /home/facuvega/Descargas/crypto-etl-airflow/airflow-apache/lib/python3.11/site-packages/airflow/example_dags/tutorial_taskflow_api.py
[2025-05-04T03:54:36.823-0300] {logging_mixin.py:188} INFO - [2025-05-04T03:54:36.823-0300] {dag.py:3096} INFO - Sync 1 DAGs
[2025-05-04T03:54:36.832-0300] {logging_mixin.py:188} INFO - [2025-05-04T03:54:36.832-0300] {dag.py:3954} INFO - Setting next_dagrun for tutorial_taskflow_api to None, run_after=None
[2025-05-04T03:54:36.846-0300] {processor.py:183} INFO - Processing /home/facuvega/Descargas/crypto-etl-airflow/airflow-apache/lib/python3.11/site-packages/airflow/example_dags/tutorial_taskflow_api.py took 0.054 seconds
[2025-05-04T03:55:16.788-0300] {processor.py:161} INFO - Started process (PID=21224) to work on /home/facuvega/Descargas/crypto-etl-airflow/airflow-apache/lib/python3.11/site-packages/airflow/example_dags/tutorial_taskflow_api.py
[2025-05-04T03:55:16.789-0300] {processor.py:830} INFO - Processing file /home/facuvega/Descargas/crypto-etl-airflow/airflow-apache/lib/python3.11/site-packages/airflow/example_dags/tutorial_taskflow_api.py for tasks to queue
[2025-05-04T03:55:16.790-0300] {logging_mixin.py:188} INFO - [2025-05-04T03:55:16.790-0300] {dagbag.py:540} INFO - Filling up the DagBag from /home/facuvega/Descargas/crypto-etl-airflow/airflow-apache/lib/python3.11/site-packages/airflow/example_dags/tutorial_taskflow_api.py
[2025-05-04T03:55:16.796-0300] {processor.py:840} INFO - DAG(s) 'tutorial_taskflow_api' retrieved from /home/facuvega/Descargas/crypto-etl-airflow/airflow-apache/lib/python3.11/site-packages/airflow/example_dags/tutorial_taskflow_api.py
[2025-05-04T03:55:16.808-0300] {logging_mixin.py:188} INFO - [2025-05-04T03:55:16.808-0300] {dag.py:3096} INFO - Sync 1 DAGs
[2025-05-04T03:55:16.816-0300] {logging_mixin.py:188} INFO - [2025-05-04T03:55:16.816-0300] {dag.py:3954} INFO - Setting next_dagrun for tutorial_taskflow_api to None, run_after=None
[2025-05-04T03:55:16.830-0300] {processor.py:183} INFO - Processing /home/facuvega/Descargas/crypto-etl-airflow/airflow-apache/lib/python3.11/site-packages/airflow/example_dags/tutorial_taskflow_api.py took 0.047 seconds
[2025-05-04T03:56:07.782-0300] {processor.py:161} INFO - Started process (PID=21560) to work on /home/facuvega/Descargas/crypto-etl-airflow/airflow-apache/lib/python3.11/site-packages/airflow/example_dags/tutorial_taskflow_api.py
[2025-05-04T03:56:07.783-0300] {processor.py:830} INFO - Processing file /home/facuvega/Descargas/crypto-etl-airflow/airflow-apache/lib/python3.11/site-packages/airflow/example_dags/tutorial_taskflow_api.py for tasks to queue
[2025-05-04T03:56:07.785-0300] {logging_mixin.py:188} INFO - [2025-05-04T03:56:07.784-0300] {dagbag.py:540} INFO - Filling up the DagBag from /home/facuvega/Descargas/crypto-etl-airflow/airflow-apache/lib/python3.11/site-packages/airflow/example_dags/tutorial_taskflow_api.py
[2025-05-04T03:56:07.792-0300] {processor.py:840} INFO - DAG(s) 'tutorial_taskflow_api' retrieved from /home/facuvega/Descargas/crypto-etl-airflow/airflow-apache/lib/python3.11/site-packages/airflow/example_dags/tutorial_taskflow_api.py
[2025-05-04T03:56:07.805-0300] {logging_mixin.py:188} INFO - [2025-05-04T03:56:07.805-0300] {dag.py:3096} INFO - Sync 1 DAGs
[2025-05-04T03:56:07.815-0300] {logging_mixin.py:188} INFO - [2025-05-04T03:56:07.815-0300] {dag.py:3954} INFO - Setting next_dagrun for tutorial_taskflow_api to None, run_after=None
[2025-05-04T03:56:07.830-0300] {processor.py:183} INFO - Processing /home/facuvega/Descargas/crypto-etl-airflow/airflow-apache/lib/python3.11/site-packages/airflow/example_dags/tutorial_taskflow_api.py took 0.055 seconds
[2025-05-04T03:56:47.360-0300] {processor.py:161} INFO - Started process (PID=21741) to work on /home/facuvega/Descargas/crypto-etl-airflow/airflow-apache/lib/python3.11/site-packages/airflow/example_dags/tutorial_taskflow_api.py
[2025-05-04T03:56:47.361-0300] {processor.py:830} INFO - Processing file /home/facuvega/Descargas/crypto-etl-airflow/airflow-apache/lib/python3.11/site-packages/airflow/example_dags/tutorial_taskflow_api.py for tasks to queue
[2025-05-04T03:56:47.363-0300] {logging_mixin.py:188} INFO - [2025-05-04T03:56:47.363-0300] {dagbag.py:540} INFO - Filling up the DagBag from /home/facuvega/Descargas/crypto-etl-airflow/airflow-apache/lib/python3.11/site-packages/airflow/example_dags/tutorial_taskflow_api.py
[2025-05-04T03:56:47.370-0300] {processor.py:840} INFO - DAG(s) 'tutorial_taskflow_api' retrieved from /home/facuvega/Descargas/crypto-etl-airflow/airflow-apache/lib/python3.11/site-packages/airflow/example_dags/tutorial_taskflow_api.py
[2025-05-04T03:56:47.381-0300] {logging_mixin.py:188} INFO - [2025-05-04T03:56:47.381-0300] {dag.py:3096} INFO - Sync 1 DAGs
[2025-05-04T03:56:47.389-0300] {logging_mixin.py:188} INFO - [2025-05-04T03:56:47.389-0300] {dag.py:3954} INFO - Setting next_dagrun for tutorial_taskflow_api to None, run_after=None
[2025-05-04T03:56:47.404-0300] {processor.py:183} INFO - Processing /home/facuvega/Descargas/crypto-etl-airflow/airflow-apache/lib/python3.11/site-packages/airflow/example_dags/tutorial_taskflow_api.py took 0.049 seconds
[2025-05-04T03:58:00.466-0300] {processor.py:161} INFO - Started process (PID=22399) to work on /home/facuvega/Descargas/crypto-etl-airflow/airflow-apache/lib/python3.11/site-packages/airflow/example_dags/tutorial_taskflow_api.py
[2025-05-04T03:58:00.467-0300] {processor.py:830} INFO - Processing file /home/facuvega/Descargas/crypto-etl-airflow/airflow-apache/lib/python3.11/site-packages/airflow/example_dags/tutorial_taskflow_api.py for tasks to queue
[2025-05-04T03:58:00.468-0300] {logging_mixin.py:188} INFO - [2025-05-04T03:58:00.468-0300] {dagbag.py:540} INFO - Filling up the DagBag from /home/facuvega/Descargas/crypto-etl-airflow/airflow-apache/lib/python3.11/site-packages/airflow/example_dags/tutorial_taskflow_api.py
[2025-05-04T03:58:00.478-0300] {processor.py:840} INFO - DAG(s) 'tutorial_taskflow_api' retrieved from /home/facuvega/Descargas/crypto-etl-airflow/airflow-apache/lib/python3.11/site-packages/airflow/example_dags/tutorial_taskflow_api.py
[2025-05-04T03:58:00.499-0300] {logging_mixin.py:188} INFO - [2025-05-04T03:58:00.499-0300] {dag.py:3096} INFO - Sync 1 DAGs
[2025-05-04T03:58:00.510-0300] {logging_mixin.py:188} INFO - [2025-05-04T03:58:00.510-0300] {dag.py:3954} INFO - Setting next_dagrun for tutorial_taskflow_api to None, run_after=None
[2025-05-04T03:58:00.707-0300] {processor.py:183} INFO - Processing /home/facuvega/Descargas/crypto-etl-airflow/airflow-apache/lib/python3.11/site-packages/airflow/example_dags/tutorial_taskflow_api.py took 0.247 seconds
[2025-05-04T03:58:54.823-0300] {processor.py:161} INFO - Started process (PID=22767) to work on /home/facuvega/Descargas/crypto-etl-airflow/airflow-apache/lib/python3.11/site-packages/airflow/example_dags/tutorial_taskflow_api.py
[2025-05-04T03:58:54.824-0300] {processor.py:830} INFO - Processing file /home/facuvega/Descargas/crypto-etl-airflow/airflow-apache/lib/python3.11/site-packages/airflow/example_dags/tutorial_taskflow_api.py for tasks to queue
[2025-05-04T03:58:54.825-0300] {logging_mixin.py:188} INFO - [2025-05-04T03:58:54.825-0300] {dagbag.py:540} INFO - Filling up the DagBag from /home/facuvega/Descargas/crypto-etl-airflow/airflow-apache/lib/python3.11/site-packages/airflow/example_dags/tutorial_taskflow_api.py
[2025-05-04T03:58:54.831-0300] {processor.py:840} INFO - DAG(s) 'tutorial_taskflow_api' retrieved from /home/facuvega/Descargas/crypto-etl-airflow/airflow-apache/lib/python3.11/site-packages/airflow/example_dags/tutorial_taskflow_api.py
[2025-05-04T03:58:54.843-0300] {logging_mixin.py:188} INFO - [2025-05-04T03:58:54.843-0300] {dag.py:3096} INFO - Sync 1 DAGs
[2025-05-04T03:58:54.851-0300] {logging_mixin.py:188} INFO - [2025-05-04T03:58:54.851-0300] {dag.py:3954} INFO - Setting next_dagrun for tutorial_taskflow_api to None, run_after=None
[2025-05-04T03:58:54.864-0300] {processor.py:183} INFO - Processing /home/facuvega/Descargas/crypto-etl-airflow/airflow-apache/lib/python3.11/site-packages/airflow/example_dags/tutorial_taskflow_api.py took 0.046 seconds
[2025-05-04T04:00:00.467-0300] {processor.py:161} INFO - Started process (PID=23420) to work on /home/facuvega/Descargas/crypto-etl-airflow/airflow-apache/lib/python3.11/site-packages/airflow/example_dags/tutorial_taskflow_api.py
[2025-05-04T04:00:00.469-0300] {processor.py:830} INFO - Processing file /home/facuvega/Descargas/crypto-etl-airflow/airflow-apache/lib/python3.11/site-packages/airflow/example_dags/tutorial_taskflow_api.py for tasks to queue
[2025-05-04T04:00:00.472-0300] {logging_mixin.py:188} INFO - [2025-05-04T04:00:00.472-0300] {dagbag.py:540} INFO - Filling up the DagBag from /home/facuvega/Descargas/crypto-etl-airflow/airflow-apache/lib/python3.11/site-packages/airflow/example_dags/tutorial_taskflow_api.py
[2025-05-04T04:00:00.481-0300] {processor.py:840} INFO - DAG(s) 'tutorial_taskflow_api' retrieved from /home/facuvega/Descargas/crypto-etl-airflow/airflow-apache/lib/python3.11/site-packages/airflow/example_dags/tutorial_taskflow_api.py
[2025-05-04T04:00:00.498-0300] {logging_mixin.py:188} INFO - [2025-05-04T04:00:00.498-0300] {dag.py:3096} INFO - Sync 1 DAGs
[2025-05-04T04:00:00.510-0300] {logging_mixin.py:188} INFO - [2025-05-04T04:00:00.509-0300] {dag.py:3954} INFO - Setting next_dagrun for tutorial_taskflow_api to None, run_after=None
[2025-05-04T04:00:00.528-0300] {processor.py:183} INFO - Processing /home/facuvega/Descargas/crypto-etl-airflow/airflow-apache/lib/python3.11/site-packages/airflow/example_dags/tutorial_taskflow_api.py took 0.069 seconds
[2025-05-04T04:00:55.759-0300] {processor.py:161} INFO - Started process (PID=23906) to work on /home/facuvega/Descargas/crypto-etl-airflow/airflow-apache/lib/python3.11/site-packages/airflow/example_dags/tutorial_taskflow_api.py
[2025-05-04T04:00:55.760-0300] {processor.py:830} INFO - Processing file /home/facuvega/Descargas/crypto-etl-airflow/airflow-apache/lib/python3.11/site-packages/airflow/example_dags/tutorial_taskflow_api.py for tasks to queue
[2025-05-04T04:00:55.763-0300] {logging_mixin.py:188} INFO - [2025-05-04T04:00:55.763-0300] {dagbag.py:540} INFO - Filling up the DagBag from /home/facuvega/Descargas/crypto-etl-airflow/airflow-apache/lib/python3.11/site-packages/airflow/example_dags/tutorial_taskflow_api.py
[2025-05-04T04:00:55.771-0300] {processor.py:840} INFO - DAG(s) 'tutorial_taskflow_api' retrieved from /home/facuvega/Descargas/crypto-etl-airflow/airflow-apache/lib/python3.11/site-packages/airflow/example_dags/tutorial_taskflow_api.py
[2025-05-04T04:00:55.786-0300] {logging_mixin.py:188} INFO - [2025-05-04T04:00:55.786-0300] {dag.py:3096} INFO - Sync 1 DAGs
[2025-05-04T04:00:55.803-0300] {logging_mixin.py:188} INFO - [2025-05-04T04:00:55.803-0300] {dag.py:3954} INFO - Setting next_dagrun for tutorial_taskflow_api to None, run_after=None
[2025-05-04T04:00:55.818-0300] {processor.py:183} INFO - Processing /home/facuvega/Descargas/crypto-etl-airflow/airflow-apache/lib/python3.11/site-packages/airflow/example_dags/tutorial_taskflow_api.py took 0.068 seconds
[2025-05-04T04:01:44.432-0300] {processor.py:161} INFO - Started process (PID=24125) to work on /home/facuvega/Descargas/crypto-etl-airflow/airflow-apache/lib/python3.11/site-packages/airflow/example_dags/tutorial_taskflow_api.py
[2025-05-04T04:01:44.433-0300] {processor.py:830} INFO - Processing file /home/facuvega/Descargas/crypto-etl-airflow/airflow-apache/lib/python3.11/site-packages/airflow/example_dags/tutorial_taskflow_api.py for tasks to queue
[2025-05-04T04:01:44.435-0300] {logging_mixin.py:188} INFO - [2025-05-04T04:01:44.434-0300] {dagbag.py:540} INFO - Filling up the DagBag from /home/facuvega/Descargas/crypto-etl-airflow/airflow-apache/lib/python3.11/site-packages/airflow/example_dags/tutorial_taskflow_api.py
[2025-05-04T04:01:44.449-0300] {processor.py:840} INFO - DAG(s) 'tutorial_taskflow_api' retrieved from /home/facuvega/Descargas/crypto-etl-airflow/airflow-apache/lib/python3.11/site-packages/airflow/example_dags/tutorial_taskflow_api.py
[2025-05-04T04:01:44.471-0300] {logging_mixin.py:188} INFO - [2025-05-04T04:01:44.471-0300] {dag.py:3096} INFO - Sync 1 DAGs
[2025-05-04T04:01:44.484-0300] {logging_mixin.py:188} INFO - [2025-05-04T04:01:44.483-0300] {dag.py:3954} INFO - Setting next_dagrun for tutorial_taskflow_api to None, run_after=None
[2025-05-04T04:01:44.500-0300] {processor.py:183} INFO - Processing /home/facuvega/Descargas/crypto-etl-airflow/airflow-apache/lib/python3.11/site-packages/airflow/example_dags/tutorial_taskflow_api.py took 0.074 seconds
[2025-05-04T04:03:01.258-0300] {processor.py:161} INFO - Started process (PID=24806) to work on /home/facuvega/Descargas/crypto-etl-airflow/airflow-apache/lib/python3.11/site-packages/airflow/example_dags/tutorial_taskflow_api.py
[2025-05-04T04:03:01.259-0300] {processor.py:830} INFO - Processing file /home/facuvega/Descargas/crypto-etl-airflow/airflow-apache/lib/python3.11/site-packages/airflow/example_dags/tutorial_taskflow_api.py for tasks to queue
[2025-05-04T04:03:01.260-0300] {logging_mixin.py:188} INFO - [2025-05-04T04:03:01.260-0300] {dagbag.py:540} INFO - Filling up the DagBag from /home/facuvega/Descargas/crypto-etl-airflow/airflow-apache/lib/python3.11/site-packages/airflow/example_dags/tutorial_taskflow_api.py
[2025-05-04T04:03:01.267-0300] {processor.py:840} INFO - DAG(s) 'tutorial_taskflow_api' retrieved from /home/facuvega/Descargas/crypto-etl-airflow/airflow-apache/lib/python3.11/site-packages/airflow/example_dags/tutorial_taskflow_api.py
[2025-05-04T04:03:01.283-0300] {logging_mixin.py:188} INFO - [2025-05-04T04:03:01.283-0300] {dag.py:3096} INFO - Sync 1 DAGs
[2025-05-04T04:03:01.291-0300] {logging_mixin.py:188} INFO - [2025-05-04T04:03:01.291-0300] {dag.py:3954} INFO - Setting next_dagrun for tutorial_taskflow_api to None, run_after=None
[2025-05-04T04:03:01.460-0300] {processor.py:183} INFO - Processing /home/facuvega/Descargas/crypto-etl-airflow/airflow-apache/lib/python3.11/site-packages/airflow/example_dags/tutorial_taskflow_api.py took 0.207 seconds
[2025-05-04T04:04:00.332-0300] {processor.py:161} INFO - Started process (PID=25157) to work on /home/facuvega/Descargas/crypto-etl-airflow/airflow-apache/lib/python3.11/site-packages/airflow/example_dags/tutorial_taskflow_api.py
[2025-05-04T04:04:00.333-0300] {processor.py:830} INFO - Processing file /home/facuvega/Descargas/crypto-etl-airflow/airflow-apache/lib/python3.11/site-packages/airflow/example_dags/tutorial_taskflow_api.py for tasks to queue
[2025-05-04T04:04:00.335-0300] {logging_mixin.py:188} INFO - [2025-05-04T04:04:00.334-0300] {dagbag.py:540} INFO - Filling up the DagBag from /home/facuvega/Descargas/crypto-etl-airflow/airflow-apache/lib/python3.11/site-packages/airflow/example_dags/tutorial_taskflow_api.py
[2025-05-04T04:04:00.341-0300] {processor.py:840} INFO - DAG(s) 'tutorial_taskflow_api' retrieved from /home/facuvega/Descargas/crypto-etl-airflow/airflow-apache/lib/python3.11/site-packages/airflow/example_dags/tutorial_taskflow_api.py
[2025-05-04T04:04:00.352-0300] {logging_mixin.py:188} INFO - [2025-05-04T04:04:00.352-0300] {dag.py:3096} INFO - Sync 1 DAGs
[2025-05-04T04:04:00.360-0300] {logging_mixin.py:188} INFO - [2025-05-04T04:04:00.360-0300] {dag.py:3954} INFO - Setting next_dagrun for tutorial_taskflow_api to None, run_after=None
[2025-05-04T04:04:00.373-0300] {processor.py:183} INFO - Processing /home/facuvega/Descargas/crypto-etl-airflow/airflow-apache/lib/python3.11/site-packages/airflow/example_dags/tutorial_taskflow_api.py took 0.046 seconds
[2025-05-04T04:05:07.580-0300] {processor.py:161} INFO - Started process (PID=26150) to work on /home/facuvega/Descargas/crypto-etl-airflow/airflow-apache/lib/python3.11/site-packages/airflow/example_dags/tutorial_taskflow_api.py
[2025-05-04T04:05:07.581-0300] {processor.py:830} INFO - Processing file /home/facuvega/Descargas/crypto-etl-airflow/airflow-apache/lib/python3.11/site-packages/airflow/example_dags/tutorial_taskflow_api.py for tasks to queue
[2025-05-04T04:05:07.583-0300] {logging_mixin.py:188} INFO - [2025-05-04T04:05:07.583-0300] {dagbag.py:540} INFO - Filling up the DagBag from /home/facuvega/Descargas/crypto-etl-airflow/airflow-apache/lib/python3.11/site-packages/airflow/example_dags/tutorial_taskflow_api.py
[2025-05-04T04:05:07.590-0300] {processor.py:840} INFO - DAG(s) 'tutorial_taskflow_api' retrieved from /home/facuvega/Descargas/crypto-etl-airflow/airflow-apache/lib/python3.11/site-packages/airflow/example_dags/tutorial_taskflow_api.py
[2025-05-04T04:05:07.603-0300] {logging_mixin.py:188} INFO - [2025-05-04T04:05:07.603-0300] {dag.py:3096} INFO - Sync 1 DAGs
[2025-05-04T04:05:07.611-0300] {logging_mixin.py:188} INFO - [2025-05-04T04:05:07.611-0300] {dag.py:3954} INFO - Setting next_dagrun for tutorial_taskflow_api to None, run_after=None
[2025-05-04T04:05:07.626-0300] {processor.py:183} INFO - Processing /home/facuvega/Descargas/crypto-etl-airflow/airflow-apache/lib/python3.11/site-packages/airflow/example_dags/tutorial_taskflow_api.py took 0.052 seconds
[2025-05-04T04:05:47.769-0300] {processor.py:161} INFO - Started process (PID=26410) to work on /home/facuvega/Descargas/crypto-etl-airflow/airflow-apache/lib/python3.11/site-packages/airflow/example_dags/tutorial_taskflow_api.py
[2025-05-04T04:05:47.770-0300] {processor.py:830} INFO - Processing file /home/facuvega/Descargas/crypto-etl-airflow/airflow-apache/lib/python3.11/site-packages/airflow/example_dags/tutorial_taskflow_api.py for tasks to queue
[2025-05-04T04:05:47.772-0300] {logging_mixin.py:188} INFO - [2025-05-04T04:05:47.771-0300] {dagbag.py:540} INFO - Filling up the DagBag from /home/facuvega/Descargas/crypto-etl-airflow/airflow-apache/lib/python3.11/site-packages/airflow/example_dags/tutorial_taskflow_api.py
[2025-05-04T04:05:47.778-0300] {processor.py:840} INFO - DAG(s) 'tutorial_taskflow_api' retrieved from /home/facuvega/Descargas/crypto-etl-airflow/airflow-apache/lib/python3.11/site-packages/airflow/example_dags/tutorial_taskflow_api.py
[2025-05-04T04:05:47.790-0300] {logging_mixin.py:188} INFO - [2025-05-04T04:05:47.790-0300] {dag.py:3096} INFO - Sync 1 DAGs
[2025-05-04T04:05:47.798-0300] {logging_mixin.py:188} INFO - [2025-05-04T04:05:47.798-0300] {dag.py:3954} INFO - Setting next_dagrun for tutorial_taskflow_api to None, run_after=None
[2025-05-04T04:05:47.811-0300] {processor.py:183} INFO - Processing /home/facuvega/Descargas/crypto-etl-airflow/airflow-apache/lib/python3.11/site-packages/airflow/example_dags/tutorial_taskflow_api.py took 0.047 seconds
[2025-05-04T04:06:36.283-0300] {processor.py:161} INFO - Started process (PID=26701) to work on /home/facuvega/Descargas/crypto-etl-airflow/airflow-apache/lib/python3.11/site-packages/airflow/example_dags/tutorial_taskflow_api.py
[2025-05-04T04:06:36.285-0300] {processor.py:830} INFO - Processing file /home/facuvega/Descargas/crypto-etl-airflow/airflow-apache/lib/python3.11/site-packages/airflow/example_dags/tutorial_taskflow_api.py for tasks to queue
[2025-05-04T04:06:36.287-0300] {logging_mixin.py:188} INFO - [2025-05-04T04:06:36.286-0300] {dagbag.py:540} INFO - Filling up the DagBag from /home/facuvega/Descargas/crypto-etl-airflow/airflow-apache/lib/python3.11/site-packages/airflow/example_dags/tutorial_taskflow_api.py
[2025-05-04T04:06:36.297-0300] {processor.py:840} INFO - DAG(s) 'tutorial_taskflow_api' retrieved from /home/facuvega/Descargas/crypto-etl-airflow/airflow-apache/lib/python3.11/site-packages/airflow/example_dags/tutorial_taskflow_api.py
[2025-05-04T04:06:36.315-0300] {logging_mixin.py:188} INFO - [2025-05-04T04:06:36.314-0300] {dag.py:3096} INFO - Sync 1 DAGs
[2025-05-04T04:06:36.348-0300] {logging_mixin.py:188} INFO - [2025-05-04T04:06:36.348-0300] {dag.py:3954} INFO - Setting next_dagrun for tutorial_taskflow_api to None, run_after=None
[2025-05-04T04:06:36.380-0300] {processor.py:183} INFO - Processing /home/facuvega/Descargas/crypto-etl-airflow/airflow-apache/lib/python3.11/site-packages/airflow/example_dags/tutorial_taskflow_api.py took 0.105 seconds
[2025-05-04T04:07:25.155-0300] {processor.py:161} INFO - Started process (PID=26933) to work on /home/facuvega/Descargas/crypto-etl-airflow/airflow-apache/lib/python3.11/site-packages/airflow/example_dags/tutorial_taskflow_api.py
[2025-05-04T04:07:25.156-0300] {processor.py:830} INFO - Processing file /home/facuvega/Descargas/crypto-etl-airflow/airflow-apache/lib/python3.11/site-packages/airflow/example_dags/tutorial_taskflow_api.py for tasks to queue
[2025-05-04T04:07:25.158-0300] {logging_mixin.py:188} INFO - [2025-05-04T04:07:25.157-0300] {dagbag.py:540} INFO - Filling up the DagBag from /home/facuvega/Descargas/crypto-etl-airflow/airflow-apache/lib/python3.11/site-packages/airflow/example_dags/tutorial_taskflow_api.py
[2025-05-04T04:07:25.164-0300] {processor.py:840} INFO - DAG(s) 'tutorial_taskflow_api' retrieved from /home/facuvega/Descargas/crypto-etl-airflow/airflow-apache/lib/python3.11/site-packages/airflow/example_dags/tutorial_taskflow_api.py
[2025-05-04T04:07:25.176-0300] {logging_mixin.py:188} INFO - [2025-05-04T04:07:25.176-0300] {dag.py:3096} INFO - Sync 1 DAGs
[2025-05-04T04:07:25.185-0300] {logging_mixin.py:188} INFO - [2025-05-04T04:07:25.185-0300] {dag.py:3954} INFO - Setting next_dagrun for tutorial_taskflow_api to None, run_after=None
[2025-05-04T04:07:25.199-0300] {processor.py:183} INFO - Processing /home/facuvega/Descargas/crypto-etl-airflow/airflow-apache/lib/python3.11/site-packages/airflow/example_dags/tutorial_taskflow_api.py took 0.049 seconds
[2025-05-04T04:10:04.973-0300] {processor.py:161} INFO - Started process (PID=28322) to work on /home/facuvega/Descargas/crypto-etl-airflow/airflow-apache/lib/python3.11/site-packages/airflow/example_dags/tutorial_taskflow_api.py
[2025-05-04T04:10:05.011-0300] {processor.py:830} INFO - Processing file /home/facuvega/Descargas/crypto-etl-airflow/airflow-apache/lib/python3.11/site-packages/airflow/example_dags/tutorial_taskflow_api.py for tasks to queue
[2025-05-04T04:10:05.151-0300] {logging_mixin.py:188} INFO - [2025-05-04T04:10:05.141-0300] {dagbag.py:540} INFO - Filling up the DagBag from /home/facuvega/Descargas/crypto-etl-airflow/airflow-apache/lib/python3.11/site-packages/airflow/example_dags/tutorial_taskflow_api.py
[2025-05-04T04:10:05.267-0300] {processor.py:840} INFO - DAG(s) 'tutorial_taskflow_api' retrieved from /home/facuvega/Descargas/crypto-etl-airflow/airflow-apache/lib/python3.11/site-packages/airflow/example_dags/tutorial_taskflow_api.py
[2025-05-04T04:10:05.436-0300] {logging_mixin.py:188} INFO - [2025-05-04T04:10:05.436-0300] {dag.py:3096} INFO - Sync 1 DAGs
[2025-05-04T04:10:05.471-0300] {logging_mixin.py:188} INFO - [2025-05-04T04:10:05.471-0300] {dag.py:3954} INFO - Setting next_dagrun for tutorial_taskflow_api to None, run_after=None
[2025-05-04T04:10:05.932-0300] {processor.py:183} INFO - Processing /home/facuvega/Descargas/crypto-etl-airflow/airflow-apache/lib/python3.11/site-packages/airflow/example_dags/tutorial_taskflow_api.py took 1.227 seconds
[2025-05-04T04:11:14.274-0300] {processor.py:161} INFO - Started process (PID=29192) to work on /home/facuvega/Descargas/crypto-etl-airflow/airflow-apache/lib/python3.11/site-packages/airflow/example_dags/tutorial_taskflow_api.py
[2025-05-04T04:11:14.275-0300] {processor.py:830} INFO - Processing file /home/facuvega/Descargas/crypto-etl-airflow/airflow-apache/lib/python3.11/site-packages/airflow/example_dags/tutorial_taskflow_api.py for tasks to queue
[2025-05-04T04:11:14.277-0300] {logging_mixin.py:188} INFO - [2025-05-04T04:11:14.276-0300] {dagbag.py:540} INFO - Filling up the DagBag from /home/facuvega/Descargas/crypto-etl-airflow/airflow-apache/lib/python3.11/site-packages/airflow/example_dags/tutorial_taskflow_api.py
[2025-05-04T04:11:14.282-0300] {processor.py:840} INFO - DAG(s) 'tutorial_taskflow_api' retrieved from /home/facuvega/Descargas/crypto-etl-airflow/airflow-apache/lib/python3.11/site-packages/airflow/example_dags/tutorial_taskflow_api.py
[2025-05-04T04:11:14.294-0300] {logging_mixin.py:188} INFO - [2025-05-04T04:11:14.294-0300] {dag.py:3096} INFO - Sync 1 DAGs
[2025-05-04T04:11:14.303-0300] {logging_mixin.py:188} INFO - [2025-05-04T04:11:14.303-0300] {dag.py:3954} INFO - Setting next_dagrun for tutorial_taskflow_api to None, run_after=None
[2025-05-04T04:11:14.316-0300] {processor.py:183} INFO - Processing /home/facuvega/Descargas/crypto-etl-airflow/airflow-apache/lib/python3.11/site-packages/airflow/example_dags/tutorial_taskflow_api.py took 0.047 seconds
[2025-05-04T04:12:03.581-0300] {processor.py:161} INFO - Started process (PID=29411) to work on /home/facuvega/Descargas/crypto-etl-airflow/airflow-apache/lib/python3.11/site-packages/airflow/example_dags/tutorial_taskflow_api.py
[2025-05-04T04:12:03.582-0300] {processor.py:830} INFO - Processing file /home/facuvega/Descargas/crypto-etl-airflow/airflow-apache/lib/python3.11/site-packages/airflow/example_dags/tutorial_taskflow_api.py for tasks to queue
[2025-05-04T04:12:03.583-0300] {logging_mixin.py:188} INFO - [2025-05-04T04:12:03.583-0300] {dagbag.py:540} INFO - Filling up the DagBag from /home/facuvega/Descargas/crypto-etl-airflow/airflow-apache/lib/python3.11/site-packages/airflow/example_dags/tutorial_taskflow_api.py
[2025-05-04T04:12:03.589-0300] {processor.py:840} INFO - DAG(s) 'tutorial_taskflow_api' retrieved from /home/facuvega/Descargas/crypto-etl-airflow/airflow-apache/lib/python3.11/site-packages/airflow/example_dags/tutorial_taskflow_api.py
[2025-05-04T04:12:03.602-0300] {logging_mixin.py:188} INFO - [2025-05-04T04:12:03.602-0300] {dag.py:3096} INFO - Sync 1 DAGs
[2025-05-04T04:12:03.612-0300] {logging_mixin.py:188} INFO - [2025-05-04T04:12:03.612-0300] {dag.py:3954} INFO - Setting next_dagrun for tutorial_taskflow_api to None, run_after=None
[2025-05-04T04:12:03.627-0300] {processor.py:183} INFO - Processing /home/facuvega/Descargas/crypto-etl-airflow/airflow-apache/lib/python3.11/site-packages/airflow/example_dags/tutorial_taskflow_api.py took 0.050 seconds
[2025-05-04T04:12:51.710-0300] {processor.py:161} INFO - Started process (PID=29633) to work on /home/facuvega/Descargas/crypto-etl-airflow/airflow-apache/lib/python3.11/site-packages/airflow/example_dags/tutorial_taskflow_api.py
[2025-05-04T04:12:51.711-0300] {processor.py:830} INFO - Processing file /home/facuvega/Descargas/crypto-etl-airflow/airflow-apache/lib/python3.11/site-packages/airflow/example_dags/tutorial_taskflow_api.py for tasks to queue
[2025-05-04T04:12:51.712-0300] {logging_mixin.py:188} INFO - [2025-05-04T04:12:51.712-0300] {dagbag.py:540} INFO - Filling up the DagBag from /home/facuvega/Descargas/crypto-etl-airflow/airflow-apache/lib/python3.11/site-packages/airflow/example_dags/tutorial_taskflow_api.py
[2025-05-04T04:12:51.718-0300] {processor.py:840} INFO - DAG(s) 'tutorial_taskflow_api' retrieved from /home/facuvega/Descargas/crypto-etl-airflow/airflow-apache/lib/python3.11/site-packages/airflow/example_dags/tutorial_taskflow_api.py
[2025-05-04T04:12:51.730-0300] {logging_mixin.py:188} INFO - [2025-05-04T04:12:51.729-0300] {dag.py:3096} INFO - Sync 1 DAGs
[2025-05-04T04:12:51.738-0300] {logging_mixin.py:188} INFO - [2025-05-04T04:12:51.738-0300] {dag.py:3954} INFO - Setting next_dagrun for tutorial_taskflow_api to None, run_after=None
[2025-05-04T04:12:51.750-0300] {processor.py:183} INFO - Processing /home/facuvega/Descargas/crypto-etl-airflow/airflow-apache/lib/python3.11/site-packages/airflow/example_dags/tutorial_taskflow_api.py took 0.045 seconds
[2025-05-04T04:13:34.213-0300] {processor.py:161} INFO - Started process (PID=29824) to work on /home/facuvega/Descargas/crypto-etl-airflow/airflow-apache/lib/python3.11/site-packages/airflow/example_dags/tutorial_taskflow_api.py
[2025-05-04T04:13:34.214-0300] {processor.py:830} INFO - Processing file /home/facuvega/Descargas/crypto-etl-airflow/airflow-apache/lib/python3.11/site-packages/airflow/example_dags/tutorial_taskflow_api.py for tasks to queue
[2025-05-04T04:13:34.216-0300] {logging_mixin.py:188} INFO - [2025-05-04T04:13:34.215-0300] {dagbag.py:540} INFO - Filling up the DagBag from /home/facuvega/Descargas/crypto-etl-airflow/airflow-apache/lib/python3.11/site-packages/airflow/example_dags/tutorial_taskflow_api.py
[2025-05-04T04:13:34.221-0300] {processor.py:840} INFO - DAG(s) 'tutorial_taskflow_api' retrieved from /home/facuvega/Descargas/crypto-etl-airflow/airflow-apache/lib/python3.11/site-packages/airflow/example_dags/tutorial_taskflow_api.py
[2025-05-04T04:13:34.233-0300] {logging_mixin.py:188} INFO - [2025-05-04T04:13:34.233-0300] {dag.py:3096} INFO - Sync 1 DAGs
[2025-05-04T04:13:34.241-0300] {logging_mixin.py:188} INFO - [2025-05-04T04:13:34.240-0300] {dag.py:3954} INFO - Setting next_dagrun for tutorial_taskflow_api to None, run_after=None
[2025-05-04T04:13:34.253-0300] {processor.py:183} INFO - Processing /home/facuvega/Descargas/crypto-etl-airflow/airflow-apache/lib/python3.11/site-packages/airflow/example_dags/tutorial_taskflow_api.py took 0.045 seconds
[2025-05-04T04:14:14.415-0300] {processor.py:161} INFO - Started process (PID=30006) to work on /home/facuvega/Descargas/crypto-etl-airflow/airflow-apache/lib/python3.11/site-packages/airflow/example_dags/tutorial_taskflow_api.py
[2025-05-04T04:14:14.416-0300] {processor.py:830} INFO - Processing file /home/facuvega/Descargas/crypto-etl-airflow/airflow-apache/lib/python3.11/site-packages/airflow/example_dags/tutorial_taskflow_api.py for tasks to queue
[2025-05-04T04:14:14.417-0300] {logging_mixin.py:188} INFO - [2025-05-04T04:14:14.417-0300] {dagbag.py:540} INFO - Filling up the DagBag from /home/facuvega/Descargas/crypto-etl-airflow/airflow-apache/lib/python3.11/site-packages/airflow/example_dags/tutorial_taskflow_api.py
[2025-05-04T04:14:14.423-0300] {processor.py:840} INFO - DAG(s) 'tutorial_taskflow_api' retrieved from /home/facuvega/Descargas/crypto-etl-airflow/airflow-apache/lib/python3.11/site-packages/airflow/example_dags/tutorial_taskflow_api.py
[2025-05-04T04:14:14.434-0300] {logging_mixin.py:188} INFO - [2025-05-04T04:14:14.434-0300] {dag.py:3096} INFO - Sync 1 DAGs
[2025-05-04T04:14:14.442-0300] {logging_mixin.py:188} INFO - [2025-05-04T04:14:14.442-0300] {dag.py:3954} INFO - Setting next_dagrun for tutorial_taskflow_api to None, run_after=None
[2025-05-04T04:14:14.455-0300] {processor.py:183} INFO - Processing /home/facuvega/Descargas/crypto-etl-airflow/airflow-apache/lib/python3.11/site-packages/airflow/example_dags/tutorial_taskflow_api.py took 0.045 seconds
[2025-05-04T04:14:55.399-0300] {processor.py:161} INFO - Started process (PID=30221) to work on /home/facuvega/Descargas/crypto-etl-airflow/airflow-apache/lib/python3.11/site-packages/airflow/example_dags/tutorial_taskflow_api.py
[2025-05-04T04:14:55.399-0300] {processor.py:830} INFO - Processing file /home/facuvega/Descargas/crypto-etl-airflow/airflow-apache/lib/python3.11/site-packages/airflow/example_dags/tutorial_taskflow_api.py for tasks to queue
[2025-05-04T04:14:55.401-0300] {logging_mixin.py:188} INFO - [2025-05-04T04:14:55.401-0300] {dagbag.py:540} INFO - Filling up the DagBag from /home/facuvega/Descargas/crypto-etl-airflow/airflow-apache/lib/python3.11/site-packages/airflow/example_dags/tutorial_taskflow_api.py
[2025-05-04T04:14:55.406-0300] {processor.py:840} INFO - DAG(s) 'tutorial_taskflow_api' retrieved from /home/facuvega/Descargas/crypto-etl-airflow/airflow-apache/lib/python3.11/site-packages/airflow/example_dags/tutorial_taskflow_api.py
[2025-05-04T04:14:55.419-0300] {logging_mixin.py:188} INFO - [2025-05-04T04:14:55.418-0300] {dag.py:3096} INFO - Sync 1 DAGs
[2025-05-04T04:14:55.427-0300] {logging_mixin.py:188} INFO - [2025-05-04T04:14:55.427-0300] {dag.py:3954} INFO - Setting next_dagrun for tutorial_taskflow_api to None, run_after=None
[2025-05-04T04:14:55.440-0300] {processor.py:183} INFO - Processing /home/facuvega/Descargas/crypto-etl-airflow/airflow-apache/lib/python3.11/site-packages/airflow/example_dags/tutorial_taskflow_api.py took 0.047 seconds
[2025-05-04T04:15:43.939-0300] {processor.py:161} INFO - Started process (PID=30528) to work on /home/facuvega/Descargas/crypto-etl-airflow/airflow-apache/lib/python3.11/site-packages/airflow/example_dags/tutorial_taskflow_api.py
[2025-05-04T04:15:43.940-0300] {processor.py:830} INFO - Processing file /home/facuvega/Descargas/crypto-etl-airflow/airflow-apache/lib/python3.11/site-packages/airflow/example_dags/tutorial_taskflow_api.py for tasks to queue
[2025-05-04T04:15:43.942-0300] {logging_mixin.py:188} INFO - [2025-05-04T04:15:43.941-0300] {dagbag.py:540} INFO - Filling up the DagBag from /home/facuvega/Descargas/crypto-etl-airflow/airflow-apache/lib/python3.11/site-packages/airflow/example_dags/tutorial_taskflow_api.py
[2025-05-04T04:15:43.950-0300] {processor.py:840} INFO - DAG(s) 'tutorial_taskflow_api' retrieved from /home/facuvega/Descargas/crypto-etl-airflow/airflow-apache/lib/python3.11/site-packages/airflow/example_dags/tutorial_taskflow_api.py
[2025-05-04T04:15:43.966-0300] {logging_mixin.py:188} INFO - [2025-05-04T04:15:43.965-0300] {dag.py:3096} INFO - Sync 1 DAGs
[2025-05-04T04:15:43.976-0300] {logging_mixin.py:188} INFO - [2025-05-04T04:15:43.976-0300] {dag.py:3954} INFO - Setting next_dagrun for tutorial_taskflow_api to None, run_after=None
[2025-05-04T04:15:43.989-0300] {processor.py:183} INFO - Processing /home/facuvega/Descargas/crypto-etl-airflow/airflow-apache/lib/python3.11/site-packages/airflow/example_dags/tutorial_taskflow_api.py took 0.057 seconds
[2025-05-04T04:16:57.192-0300] {processor.py:161} INFO - Started process (PID=31102) to work on /home/facuvega/Descargas/crypto-etl-airflow/airflow-apache/lib/python3.11/site-packages/airflow/example_dags/tutorial_taskflow_api.py
[2025-05-04T04:16:57.193-0300] {processor.py:830} INFO - Processing file /home/facuvega/Descargas/crypto-etl-airflow/airflow-apache/lib/python3.11/site-packages/airflow/example_dags/tutorial_taskflow_api.py for tasks to queue
[2025-05-04T04:16:57.195-0300] {logging_mixin.py:188} INFO - [2025-05-04T04:16:57.194-0300] {dagbag.py:540} INFO - Filling up the DagBag from /home/facuvega/Descargas/crypto-etl-airflow/airflow-apache/lib/python3.11/site-packages/airflow/example_dags/tutorial_taskflow_api.py
[2025-05-04T04:16:57.205-0300] {processor.py:840} INFO - DAG(s) 'tutorial_taskflow_api' retrieved from /home/facuvega/Descargas/crypto-etl-airflow/airflow-apache/lib/python3.11/site-packages/airflow/example_dags/tutorial_taskflow_api.py
[2025-05-04T04:16:57.232-0300] {logging_mixin.py:188} INFO - [2025-05-04T04:16:57.232-0300] {dag.py:3096} INFO - Sync 1 DAGs
[2025-05-04T04:16:57.241-0300] {logging_mixin.py:188} INFO - [2025-05-04T04:16:57.241-0300] {dag.py:3954} INFO - Setting next_dagrun for tutorial_taskflow_api to None, run_after=None
[2025-05-04T04:16:57.425-0300] {processor.py:183} INFO - Processing /home/facuvega/Descargas/crypto-etl-airflow/airflow-apache/lib/python3.11/site-packages/airflow/example_dags/tutorial_taskflow_api.py took 0.239 seconds
[2025-05-04T04:17:56.681-0300] {processor.py:161} INFO - Started process (PID=31483) to work on /home/facuvega/Descargas/crypto-etl-airflow/airflow-apache/lib/python3.11/site-packages/airflow/example_dags/tutorial_taskflow_api.py
[2025-05-04T04:17:56.683-0300] {processor.py:830} INFO - Processing file /home/facuvega/Descargas/crypto-etl-airflow/airflow-apache/lib/python3.11/site-packages/airflow/example_dags/tutorial_taskflow_api.py for tasks to queue
[2025-05-04T04:17:56.688-0300] {logging_mixin.py:188} INFO - [2025-05-04T04:17:56.687-0300] {dagbag.py:540} INFO - Filling up the DagBag from /home/facuvega/Descargas/crypto-etl-airflow/airflow-apache/lib/python3.11/site-packages/airflow/example_dags/tutorial_taskflow_api.py
[2025-05-04T04:17:56.702-0300] {processor.py:840} INFO - DAG(s) 'tutorial_taskflow_api' retrieved from /home/facuvega/Descargas/crypto-etl-airflow/airflow-apache/lib/python3.11/site-packages/airflow/example_dags/tutorial_taskflow_api.py
[2025-05-04T04:17:56.721-0300] {logging_mixin.py:188} INFO - [2025-05-04T04:17:56.721-0300] {dag.py:3096} INFO - Sync 1 DAGs
[2025-05-04T04:17:56.733-0300] {logging_mixin.py:188} INFO - [2025-05-04T04:17:56.733-0300] {dag.py:3954} INFO - Setting next_dagrun for tutorial_taskflow_api to None, run_after=None
[2025-05-04T04:17:56.753-0300] {processor.py:183} INFO - Processing /home/facuvega/Descargas/crypto-etl-airflow/airflow-apache/lib/python3.11/site-packages/airflow/example_dags/tutorial_taskflow_api.py took 0.082 seconds
[2025-05-04T04:18:37.268-0300] {processor.py:161} INFO - Started process (PID=32022) to work on /home/facuvega/Descargas/crypto-etl-airflow/airflow-apache/lib/python3.11/site-packages/airflow/example_dags/tutorial_taskflow_api.py
[2025-05-04T04:18:37.270-0300] {processor.py:830} INFO - Processing file /home/facuvega/Descargas/crypto-etl-airflow/airflow-apache/lib/python3.11/site-packages/airflow/example_dags/tutorial_taskflow_api.py for tasks to queue
[2025-05-04T04:18:37.272-0300] {logging_mixin.py:188} INFO - [2025-05-04T04:18:37.271-0300] {dagbag.py:540} INFO - Filling up the DagBag from /home/facuvega/Descargas/crypto-etl-airflow/airflow-apache/lib/python3.11/site-packages/airflow/example_dags/tutorial_taskflow_api.py
[2025-05-04T04:18:37.283-0300] {processor.py:840} INFO - DAG(s) 'tutorial_taskflow_api' retrieved from /home/facuvega/Descargas/crypto-etl-airflow/airflow-apache/lib/python3.11/site-packages/airflow/example_dags/tutorial_taskflow_api.py
[2025-05-04T04:18:37.305-0300] {logging_mixin.py:188} INFO - [2025-05-04T04:18:37.304-0300] {dag.py:3096} INFO - Sync 1 DAGs
[2025-05-04T04:18:37.317-0300] {logging_mixin.py:188} INFO - [2025-05-04T04:18:37.317-0300] {dag.py:3954} INFO - Setting next_dagrun for tutorial_taskflow_api to None, run_after=None
[2025-05-04T04:18:37.338-0300] {processor.py:183} INFO - Processing /home/facuvega/Descargas/crypto-etl-airflow/airflow-apache/lib/python3.11/site-packages/airflow/example_dags/tutorial_taskflow_api.py took 0.078 seconds
[2025-05-04T04:19:29.235-0300] {processor.py:161} INFO - Started process (PID=32739) to work on /home/facuvega/Descargas/crypto-etl-airflow/airflow-apache/lib/python3.11/site-packages/airflow/example_dags/tutorial_taskflow_api.py
[2025-05-04T04:19:29.237-0300] {processor.py:830} INFO - Processing file /home/facuvega/Descargas/crypto-etl-airflow/airflow-apache/lib/python3.11/site-packages/airflow/example_dags/tutorial_taskflow_api.py for tasks to queue
[2025-05-04T04:19:29.240-0300] {logging_mixin.py:188} INFO - [2025-05-04T04:19:29.239-0300] {dagbag.py:540} INFO - Filling up the DagBag from /home/facuvega/Descargas/crypto-etl-airflow/airflow-apache/lib/python3.11/site-packages/airflow/example_dags/tutorial_taskflow_api.py
[2025-05-04T04:19:29.252-0300] {processor.py:840} INFO - DAG(s) 'tutorial_taskflow_api' retrieved from /home/facuvega/Descargas/crypto-etl-airflow/airflow-apache/lib/python3.11/site-packages/airflow/example_dags/tutorial_taskflow_api.py
[2025-05-04T04:19:29.275-0300] {logging_mixin.py:188} INFO - [2025-05-04T04:19:29.274-0300] {dag.py:3096} INFO - Sync 1 DAGs
[2025-05-04T04:19:29.291-0300] {logging_mixin.py:188} INFO - [2025-05-04T04:19:29.291-0300] {dag.py:3954} INFO - Setting next_dagrun for tutorial_taskflow_api to None, run_after=None
[2025-05-04T04:19:29.314-0300] {processor.py:183} INFO - Processing /home/facuvega/Descargas/crypto-etl-airflow/airflow-apache/lib/python3.11/site-packages/airflow/example_dags/tutorial_taskflow_api.py took 0.089 seconds
[2025-05-04T04:20:22.854-0300] {processor.py:161} INFO - Started process (PID=33020) to work on /home/facuvega/Descargas/crypto-etl-airflow/airflow-apache/lib/python3.11/site-packages/airflow/example_dags/tutorial_taskflow_api.py
[2025-05-04T04:20:22.855-0300] {processor.py:830} INFO - Processing file /home/facuvega/Descargas/crypto-etl-airflow/airflow-apache/lib/python3.11/site-packages/airflow/example_dags/tutorial_taskflow_api.py for tasks to queue
[2025-05-04T04:20:22.859-0300] {logging_mixin.py:188} INFO - [2025-05-04T04:20:22.857-0300] {dagbag.py:540} INFO - Filling up the DagBag from /home/facuvega/Descargas/crypto-etl-airflow/airflow-apache/lib/python3.11/site-packages/airflow/example_dags/tutorial_taskflow_api.py
[2025-05-04T04:20:22.866-0300] {processor.py:840} INFO - DAG(s) 'tutorial_taskflow_api' retrieved from /home/facuvega/Descargas/crypto-etl-airflow/airflow-apache/lib/python3.11/site-packages/airflow/example_dags/tutorial_taskflow_api.py
[2025-05-04T04:20:22.880-0300] {logging_mixin.py:188} INFO - [2025-05-04T04:20:22.879-0300] {dag.py:3096} INFO - Sync 1 DAGs
[2025-05-04T04:20:22.889-0300] {logging_mixin.py:188} INFO - [2025-05-04T04:20:22.889-0300] {dag.py:3954} INFO - Setting next_dagrun for tutorial_taskflow_api to None, run_after=None
[2025-05-04T04:20:22.906-0300] {processor.py:183} INFO - Processing /home/facuvega/Descargas/crypto-etl-airflow/airflow-apache/lib/python3.11/site-packages/airflow/example_dags/tutorial_taskflow_api.py took 0.058 seconds
[2025-05-04T04:21:04.900-0300] {processor.py:161} INFO - Started process (PID=33208) to work on /home/facuvega/Descargas/crypto-etl-airflow/airflow-apache/lib/python3.11/site-packages/airflow/example_dags/tutorial_taskflow_api.py
[2025-05-04T04:21:04.901-0300] {processor.py:830} INFO - Processing file /home/facuvega/Descargas/crypto-etl-airflow/airflow-apache/lib/python3.11/site-packages/airflow/example_dags/tutorial_taskflow_api.py for tasks to queue
[2025-05-04T04:21:04.903-0300] {logging_mixin.py:188} INFO - [2025-05-04T04:21:04.903-0300] {dagbag.py:540} INFO - Filling up the DagBag from /home/facuvega/Descargas/crypto-etl-airflow/airflow-apache/lib/python3.11/site-packages/airflow/example_dags/tutorial_taskflow_api.py
[2025-05-04T04:21:04.910-0300] {processor.py:840} INFO - DAG(s) 'tutorial_taskflow_api' retrieved from /home/facuvega/Descargas/crypto-etl-airflow/airflow-apache/lib/python3.11/site-packages/airflow/example_dags/tutorial_taskflow_api.py
[2025-05-04T04:21:04.924-0300] {logging_mixin.py:188} INFO - [2025-05-04T04:21:04.923-0300] {dag.py:3096} INFO - Sync 1 DAGs
[2025-05-04T04:21:04.933-0300] {logging_mixin.py:188} INFO - [2025-05-04T04:21:04.933-0300] {dag.py:3954} INFO - Setting next_dagrun for tutorial_taskflow_api to None, run_after=None
[2025-05-04T04:21:04.946-0300] {processor.py:183} INFO - Processing /home/facuvega/Descargas/crypto-etl-airflow/airflow-apache/lib/python3.11/site-packages/airflow/example_dags/tutorial_taskflow_api.py took 0.052 seconds
[2025-05-04T04:22:08.588-0300] {processor.py:161} INFO - Started process (PID=33848) to work on /home/facuvega/Descargas/crypto-etl-airflow/airflow-apache/lib/python3.11/site-packages/airflow/example_dags/tutorial_taskflow_api.py
[2025-05-04T04:22:08.590-0300] {processor.py:830} INFO - Processing file /home/facuvega/Descargas/crypto-etl-airflow/airflow-apache/lib/python3.11/site-packages/airflow/example_dags/tutorial_taskflow_api.py for tasks to queue
[2025-05-04T04:22:08.591-0300] {logging_mixin.py:188} INFO - [2025-05-04T04:22:08.591-0300] {dagbag.py:540} INFO - Filling up the DagBag from /home/facuvega/Descargas/crypto-etl-airflow/airflow-apache/lib/python3.11/site-packages/airflow/example_dags/tutorial_taskflow_api.py
[2025-05-04T04:22:08.598-0300] {processor.py:840} INFO - DAG(s) 'tutorial_taskflow_api' retrieved from /home/facuvega/Descargas/crypto-etl-airflow/airflow-apache/lib/python3.11/site-packages/airflow/example_dags/tutorial_taskflow_api.py
[2025-05-04T04:22:08.615-0300] {logging_mixin.py:188} INFO - [2025-05-04T04:22:08.614-0300] {dag.py:3096} INFO - Sync 1 DAGs
[2025-05-04T04:22:08.622-0300] {logging_mixin.py:188} INFO - [2025-05-04T04:22:08.622-0300] {dag.py:3954} INFO - Setting next_dagrun for tutorial_taskflow_api to None, run_after=None
[2025-05-04T04:22:08.793-0300] {processor.py:183} INFO - Processing /home/facuvega/Descargas/crypto-etl-airflow/airflow-apache/lib/python3.11/site-packages/airflow/example_dags/tutorial_taskflow_api.py took 0.210 seconds
[2025-05-04T04:23:11.903-0300] {processor.py:161} INFO - Started process (PID=34419) to work on /home/facuvega/Descargas/crypto-etl-airflow/airflow-apache/lib/python3.11/site-packages/airflow/example_dags/tutorial_taskflow_api.py
[2025-05-04T04:23:11.908-0300] {processor.py:830} INFO - Processing file /home/facuvega/Descargas/crypto-etl-airflow/airflow-apache/lib/python3.11/site-packages/airflow/example_dags/tutorial_taskflow_api.py for tasks to queue
[2025-05-04T04:23:11.920-0300] {logging_mixin.py:188} INFO - [2025-05-04T04:23:11.917-0300] {dagbag.py:540} INFO - Filling up the DagBag from /home/facuvega/Descargas/crypto-etl-airflow/airflow-apache/lib/python3.11/site-packages/airflow/example_dags/tutorial_taskflow_api.py
[2025-05-04T04:23:12.002-0300] {processor.py:840} INFO - DAG(s) 'tutorial_taskflow_api' retrieved from /home/facuvega/Descargas/crypto-etl-airflow/airflow-apache/lib/python3.11/site-packages/airflow/example_dags/tutorial_taskflow_api.py
[2025-05-04T04:23:12.053-0300] {logging_mixin.py:188} INFO - [2025-05-04T04:23:12.052-0300] {dag.py:3096} INFO - Sync 1 DAGs
[2025-05-04T04:23:12.065-0300] {logging_mixin.py:188} INFO - [2025-05-04T04:23:12.064-0300] {dag.py:3954} INFO - Setting next_dagrun for tutorial_taskflow_api to None, run_after=None
[2025-05-04T04:23:12.288-0300] {processor.py:183} INFO - Processing /home/facuvega/Descargas/crypto-etl-airflow/airflow-apache/lib/python3.11/site-packages/airflow/example_dags/tutorial_taskflow_api.py took 0.477 seconds
[2025-05-04T04:24:02.998-0300] {processor.py:161} INFO - Started process (PID=35201) to work on /home/facuvega/Descargas/crypto-etl-airflow/airflow-apache/lib/python3.11/site-packages/airflow/example_dags/tutorial_taskflow_api.py
[2025-05-04T04:24:02.999-0300] {processor.py:830} INFO - Processing file /home/facuvega/Descargas/crypto-etl-airflow/airflow-apache/lib/python3.11/site-packages/airflow/example_dags/tutorial_taskflow_api.py for tasks to queue
[2025-05-04T04:24:03.001-0300] {logging_mixin.py:188} INFO - [2025-05-04T04:24:03.001-0300] {dagbag.py:540} INFO - Filling up the DagBag from /home/facuvega/Descargas/crypto-etl-airflow/airflow-apache/lib/python3.11/site-packages/airflow/example_dags/tutorial_taskflow_api.py
[2025-05-04T04:24:03.012-0300] {processor.py:840} INFO - DAG(s) 'tutorial_taskflow_api' retrieved from /home/facuvega/Descargas/crypto-etl-airflow/airflow-apache/lib/python3.11/site-packages/airflow/example_dags/tutorial_taskflow_api.py
[2025-05-04T04:24:03.042-0300] {logging_mixin.py:188} INFO - [2025-05-04T04:24:03.042-0300] {dag.py:3096} INFO - Sync 1 DAGs
[2025-05-04T04:24:03.067-0300] {logging_mixin.py:188} INFO - [2025-05-04T04:24:03.067-0300] {dag.py:3954} INFO - Setting next_dagrun for tutorial_taskflow_api to None, run_after=None
[2025-05-04T04:24:03.095-0300] {processor.py:183} INFO - Processing /home/facuvega/Descargas/crypto-etl-airflow/airflow-apache/lib/python3.11/site-packages/airflow/example_dags/tutorial_taskflow_api.py took 0.107 seconds
