[2025-05-04T03:50:43.889-0300] {processor.py:161} INFO - Started process (PID=19635) to work on /home/facuvega/Descargas/crypto-etl-airflow/airflow-apache/lib/python3.11/site-packages/airflow/example_dags/tutorial_objectstorage.py
[2025-05-04T03:50:43.890-0300] {processor.py:830} INFO - Processing file /home/facuvega/Descargas/crypto-etl-airflow/airflow-apache/lib/python3.11/site-packages/airflow/example_dags/tutorial_objectstorage.py for tasks to queue
[2025-05-04T03:50:43.892-0300] {logging_mixin.py:188} INFO - [2025-05-04T03:50:43.891-0300] {dagbag.py:540} INFO - Filling up the DagBag from /home/facuvega/Descargas/crypto-etl-airflow/airflow-apache/lib/python3.11/site-packages/airflow/example_dags/tutorial_objectstorage.py
[2025-05-04T03:50:43.900-0300] {processor.py:840} INFO - DAG(s) 'tutorial_objectstorage' retrieved from /home/facuvega/Descargas/crypto-etl-airflow/airflow-apache/lib/python3.11/site-packages/airflow/example_dags/tutorial_objectstorage.py
[2025-05-04T03:50:43.918-0300] {logging_mixin.py:188} INFO - [2025-05-04T03:50:43.918-0300] {dag.py:3096} INFO - Sync 1 DAGs
[2025-05-04T03:50:43.926-0300] {logging_mixin.py:188} INFO - [2025-05-04T03:50:43.926-0300] {dag.py:3954} INFO - Setting next_dagrun for tutorial_objectstorage to None, run_after=None
[2025-05-04T03:50:43.939-0300] {processor.py:183} INFO - Processing /home/facuvega/Descargas/crypto-etl-airflow/airflow-apache/lib/python3.11/site-packages/airflow/example_dags/tutorial_objectstorage.py took 0.055 seconds
[2025-05-04T03:51:34.831-0300] {processor.py:161} INFO - Started process (PID=19863) to work on /home/facuvega/Descargas/crypto-etl-airflow/airflow-apache/lib/python3.11/site-packages/airflow/example_dags/tutorial_objectstorage.py
[2025-05-04T03:51:34.832-0300] {processor.py:830} INFO - Processing file /home/facuvega/Descargas/crypto-etl-airflow/airflow-apache/lib/python3.11/site-packages/airflow/example_dags/tutorial_objectstorage.py for tasks to queue
[2025-05-04T03:51:34.833-0300] {logging_mixin.py:188} INFO - [2025-05-04T03:51:34.833-0300] {dagbag.py:540} INFO - Filling up the DagBag from /home/facuvega/Descargas/crypto-etl-airflow/airflow-apache/lib/python3.11/site-packages/airflow/example_dags/tutorial_objectstorage.py
[2025-05-04T03:51:34.840-0300] {processor.py:840} INFO - DAG(s) 'tutorial_objectstorage' retrieved from /home/facuvega/Descargas/crypto-etl-airflow/airflow-apache/lib/python3.11/site-packages/airflow/example_dags/tutorial_objectstorage.py
[2025-05-04T03:51:34.852-0300] {logging_mixin.py:188} INFO - [2025-05-04T03:51:34.851-0300] {dag.py:3096} INFO - Sync 1 DAGs
[2025-05-04T03:51:34.859-0300] {logging_mixin.py:188} INFO - [2025-05-04T03:51:34.859-0300] {dag.py:3954} INFO - Setting next_dagrun for tutorial_objectstorage to None, run_after=None
[2025-05-04T03:51:34.872-0300] {processor.py:183} INFO - Processing /home/facuvega/Descargas/crypto-etl-airflow/airflow-apache/lib/python3.11/site-packages/airflow/example_dags/tutorial_objectstorage.py took 0.045 seconds
[2025-05-04T03:52:18.721-0300] {processor.py:161} INFO - Started process (PID=20079) to work on /home/facuvega/Descargas/crypto-etl-airflow/airflow-apache/lib/python3.11/site-packages/airflow/example_dags/tutorial_objectstorage.py
[2025-05-04T03:52:18.721-0300] {processor.py:830} INFO - Processing file /home/facuvega/Descargas/crypto-etl-airflow/airflow-apache/lib/python3.11/site-packages/airflow/example_dags/tutorial_objectstorage.py for tasks to queue
[2025-05-04T03:52:18.723-0300] {logging_mixin.py:188} INFO - [2025-05-04T03:52:18.722-0300] {dagbag.py:540} INFO - Filling up the DagBag from /home/facuvega/Descargas/crypto-etl-airflow/airflow-apache/lib/python3.11/site-packages/airflow/example_dags/tutorial_objectstorage.py
[2025-05-04T03:52:18.729-0300] {processor.py:840} INFO - DAG(s) 'tutorial_objectstorage' retrieved from /home/facuvega/Descargas/crypto-etl-airflow/airflow-apache/lib/python3.11/site-packages/airflow/example_dags/tutorial_objectstorage.py
[2025-05-04T03:52:18.741-0300] {logging_mixin.py:188} INFO - [2025-05-04T03:52:18.741-0300] {dag.py:3096} INFO - Sync 1 DAGs
[2025-05-04T03:52:18.748-0300] {logging_mixin.py:188} INFO - [2025-05-04T03:52:18.748-0300] {dag.py:3954} INFO - Setting next_dagrun for tutorial_objectstorage to None, run_after=None
[2025-05-04T03:52:18.761-0300] {processor.py:183} INFO - Processing /home/facuvega/Descargas/crypto-etl-airflow/airflow-apache/lib/python3.11/site-packages/airflow/example_dags/tutorial_objectstorage.py took 0.045 seconds
[2025-05-04T03:53:02.897-0300] {processor.py:161} INFO - Started process (PID=20281) to work on /home/facuvega/Descargas/crypto-etl-airflow/airflow-apache/lib/python3.11/site-packages/airflow/example_dags/tutorial_objectstorage.py
[2025-05-04T03:53:02.898-0300] {processor.py:830} INFO - Processing file /home/facuvega/Descargas/crypto-etl-airflow/airflow-apache/lib/python3.11/site-packages/airflow/example_dags/tutorial_objectstorage.py for tasks to queue
[2025-05-04T03:53:02.900-0300] {logging_mixin.py:188} INFO - [2025-05-04T03:53:02.900-0300] {dagbag.py:540} INFO - Filling up the DagBag from /home/facuvega/Descargas/crypto-etl-airflow/airflow-apache/lib/python3.11/site-packages/airflow/example_dags/tutorial_objectstorage.py
[2025-05-04T03:53:02.912-0300] {processor.py:840} INFO - DAG(s) 'tutorial_objectstorage' retrieved from /home/facuvega/Descargas/crypto-etl-airflow/airflow-apache/lib/python3.11/site-packages/airflow/example_dags/tutorial_objectstorage.py
[2025-05-04T03:53:02.937-0300] {logging_mixin.py:188} INFO - [2025-05-04T03:53:02.936-0300] {dag.py:3096} INFO - Sync 1 DAGs
[2025-05-04T03:53:02.946-0300] {logging_mixin.py:188} INFO - [2025-05-04T03:53:02.946-0300] {dag.py:3954} INFO - Setting next_dagrun for tutorial_objectstorage to None, run_after=None
[2025-05-04T03:53:02.966-0300] {processor.py:183} INFO - Processing /home/facuvega/Descargas/crypto-etl-airflow/airflow-apache/lib/python3.11/site-packages/airflow/example_dags/tutorial_objectstorage.py took 0.076 seconds
[2025-05-04T03:53:55.345-0300] {processor.py:161} INFO - Started process (PID=20849) to work on /home/facuvega/Descargas/crypto-etl-airflow/airflow-apache/lib/python3.11/site-packages/airflow/example_dags/tutorial_objectstorage.py
[2025-05-04T03:53:55.346-0300] {processor.py:830} INFO - Processing file /home/facuvega/Descargas/crypto-etl-airflow/airflow-apache/lib/python3.11/site-packages/airflow/example_dags/tutorial_objectstorage.py for tasks to queue
[2025-05-04T03:53:55.348-0300] {logging_mixin.py:188} INFO - [2025-05-04T03:53:55.347-0300] {dagbag.py:540} INFO - Filling up the DagBag from /home/facuvega/Descargas/crypto-etl-airflow/airflow-apache/lib/python3.11/site-packages/airflow/example_dags/tutorial_objectstorage.py
[2025-05-04T03:53:55.360-0300] {processor.py:840} INFO - DAG(s) 'tutorial_objectstorage' retrieved from /home/facuvega/Descargas/crypto-etl-airflow/airflow-apache/lib/python3.11/site-packages/airflow/example_dags/tutorial_objectstorage.py
[2025-05-04T03:53:55.373-0300] {logging_mixin.py:188} INFO - [2025-05-04T03:53:55.373-0300] {dag.py:3096} INFO - Sync 1 DAGs
[2025-05-04T03:53:55.382-0300] {logging_mixin.py:188} INFO - [2025-05-04T03:53:55.382-0300] {dag.py:3954} INFO - Setting next_dagrun for tutorial_objectstorage to None, run_after=None
[2025-05-04T03:53:55.395-0300] {processor.py:183} INFO - Processing /home/facuvega/Descargas/crypto-etl-airflow/airflow-apache/lib/python3.11/site-packages/airflow/example_dags/tutorial_objectstorage.py took 0.056 seconds
[2025-05-04T03:54:40.841-0300] {processor.py:161} INFO - Started process (PID=21053) to work on /home/facuvega/Descargas/crypto-etl-airflow/airflow-apache/lib/python3.11/site-packages/airflow/example_dags/tutorial_objectstorage.py
[2025-05-04T03:54:40.842-0300] {processor.py:830} INFO - Processing file /home/facuvega/Descargas/crypto-etl-airflow/airflow-apache/lib/python3.11/site-packages/airflow/example_dags/tutorial_objectstorage.py for tasks to queue
[2025-05-04T03:54:40.844-0300] {logging_mixin.py:188} INFO - [2025-05-04T03:54:40.843-0300] {dagbag.py:540} INFO - Filling up the DagBag from /home/facuvega/Descargas/crypto-etl-airflow/airflow-apache/lib/python3.11/site-packages/airflow/example_dags/tutorial_objectstorage.py
[2025-05-04T03:54:40.851-0300] {processor.py:840} INFO - DAG(s) 'tutorial_objectstorage' retrieved from /home/facuvega/Descargas/crypto-etl-airflow/airflow-apache/lib/python3.11/site-packages/airflow/example_dags/tutorial_objectstorage.py
[2025-05-04T03:54:40.862-0300] {logging_mixin.py:188} INFO - [2025-05-04T03:54:40.862-0300] {dag.py:3096} INFO - Sync 1 DAGs
[2025-05-04T03:54:40.870-0300] {logging_mixin.py:188} INFO - [2025-05-04T03:54:40.870-0300] {dag.py:3954} INFO - Setting next_dagrun for tutorial_objectstorage to None, run_after=None
[2025-05-04T03:54:40.883-0300] {processor.py:183} INFO - Processing /home/facuvega/Descargas/crypto-etl-airflow/airflow-apache/lib/python3.11/site-packages/airflow/example_dags/tutorial_objectstorage.py took 0.047 seconds
[2025-05-04T03:55:36.194-0300] {processor.py:161} INFO - Started process (PID=21417) to work on /home/facuvega/Descargas/crypto-etl-airflow/airflow-apache/lib/python3.11/site-packages/airflow/example_dags/tutorial_objectstorage.py
[2025-05-04T03:55:36.195-0300] {processor.py:830} INFO - Processing file /home/facuvega/Descargas/crypto-etl-airflow/airflow-apache/lib/python3.11/site-packages/airflow/example_dags/tutorial_objectstorage.py for tasks to queue
[2025-05-04T03:55:36.196-0300] {logging_mixin.py:188} INFO - [2025-05-04T03:55:36.196-0300] {dagbag.py:540} INFO - Filling up the DagBag from /home/facuvega/Descargas/crypto-etl-airflow/airflow-apache/lib/python3.11/site-packages/airflow/example_dags/tutorial_objectstorage.py
[2025-05-04T03:55:36.204-0300] {processor.py:840} INFO - DAG(s) 'tutorial_objectstorage' retrieved from /home/facuvega/Descargas/crypto-etl-airflow/airflow-apache/lib/python3.11/site-packages/airflow/example_dags/tutorial_objectstorage.py
[2025-05-04T03:55:36.219-0300] {logging_mixin.py:188} INFO - [2025-05-04T03:55:36.219-0300] {dag.py:3096} INFO - Sync 1 DAGs
[2025-05-04T03:55:36.229-0300] {logging_mixin.py:188} INFO - [2025-05-04T03:55:36.228-0300] {dag.py:3954} INFO - Setting next_dagrun for tutorial_objectstorage to None, run_after=None
[2025-05-04T03:55:36.244-0300] {processor.py:183} INFO - Processing /home/facuvega/Descargas/crypto-etl-airflow/airflow-apache/lib/python3.11/site-packages/airflow/example_dags/tutorial_objectstorage.py took 0.056 seconds
[2025-05-04T03:56:22.668-0300] {processor.py:161} INFO - Started process (PID=21632) to work on /home/facuvega/Descargas/crypto-etl-airflow/airflow-apache/lib/python3.11/site-packages/airflow/example_dags/tutorial_objectstorage.py
[2025-05-04T03:56:22.668-0300] {processor.py:830} INFO - Processing file /home/facuvega/Descargas/crypto-etl-airflow/airflow-apache/lib/python3.11/site-packages/airflow/example_dags/tutorial_objectstorage.py for tasks to queue
[2025-05-04T03:56:22.670-0300] {logging_mixin.py:188} INFO - [2025-05-04T03:56:22.670-0300] {dagbag.py:540} INFO - Filling up the DagBag from /home/facuvega/Descargas/crypto-etl-airflow/airflow-apache/lib/python3.11/site-packages/airflow/example_dags/tutorial_objectstorage.py
[2025-05-04T03:56:22.677-0300] {processor.py:840} INFO - DAG(s) 'tutorial_objectstorage' retrieved from /home/facuvega/Descargas/crypto-etl-airflow/airflow-apache/lib/python3.11/site-packages/airflow/example_dags/tutorial_objectstorage.py
[2025-05-04T03:56:22.689-0300] {logging_mixin.py:188} INFO - [2025-05-04T03:56:22.689-0300] {dag.py:3096} INFO - Sync 1 DAGs
[2025-05-04T03:56:22.698-0300] {logging_mixin.py:188} INFO - [2025-05-04T03:56:22.698-0300] {dag.py:3954} INFO - Setting next_dagrun for tutorial_objectstorage to None, run_after=None
[2025-05-04T03:56:22.714-0300] {processor.py:183} INFO - Processing /home/facuvega/Descargas/crypto-etl-airflow/airflow-apache/lib/python3.11/site-packages/airflow/example_dags/tutorial_objectstorage.py took 0.051 seconds
[2025-05-04T03:57:02.920-0300] {processor.py:161} INFO - Started process (PID=21811) to work on /home/facuvega/Descargas/crypto-etl-airflow/airflow-apache/lib/python3.11/site-packages/airflow/example_dags/tutorial_objectstorage.py
[2025-05-04T03:57:02.921-0300] {processor.py:830} INFO - Processing file /home/facuvega/Descargas/crypto-etl-airflow/airflow-apache/lib/python3.11/site-packages/airflow/example_dags/tutorial_objectstorage.py for tasks to queue
[2025-05-04T03:57:02.923-0300] {logging_mixin.py:188} INFO - [2025-05-04T03:57:02.922-0300] {dagbag.py:540} INFO - Filling up the DagBag from /home/facuvega/Descargas/crypto-etl-airflow/airflow-apache/lib/python3.11/site-packages/airflow/example_dags/tutorial_objectstorage.py
[2025-05-04T03:57:02.930-0300] {processor.py:840} INFO - DAG(s) 'tutorial_objectstorage' retrieved from /home/facuvega/Descargas/crypto-etl-airflow/airflow-apache/lib/python3.11/site-packages/airflow/example_dags/tutorial_objectstorage.py
[2025-05-04T03:57:02.943-0300] {logging_mixin.py:188} INFO - [2025-05-04T03:57:02.943-0300] {dag.py:3096} INFO - Sync 1 DAGs
[2025-05-04T03:57:02.958-0300] {logging_mixin.py:188} INFO - [2025-05-04T03:57:02.957-0300] {dag.py:3954} INFO - Setting next_dagrun for tutorial_objectstorage to None, run_after=None
[2025-05-04T03:57:02.983-0300] {processor.py:183} INFO - Processing /home/facuvega/Descargas/crypto-etl-airflow/airflow-apache/lib/python3.11/site-packages/airflow/example_dags/tutorial_objectstorage.py took 0.068 seconds
[2025-05-04T03:58:06.088-0300] {processor.py:161} INFO - Started process (PID=22423) to work on /home/facuvega/Descargas/crypto-etl-airflow/airflow-apache/lib/python3.11/site-packages/airflow/example_dags/tutorial_objectstorage.py
[2025-05-04T03:58:06.089-0300] {processor.py:830} INFO - Processing file /home/facuvega/Descargas/crypto-etl-airflow/airflow-apache/lib/python3.11/site-packages/airflow/example_dags/tutorial_objectstorage.py for tasks to queue
[2025-05-04T03:58:06.091-0300] {logging_mixin.py:188} INFO - [2025-05-04T03:58:06.090-0300] {dagbag.py:540} INFO - Filling up the DagBag from /home/facuvega/Descargas/crypto-etl-airflow/airflow-apache/lib/python3.11/site-packages/airflow/example_dags/tutorial_objectstorage.py
[2025-05-04T03:58:06.099-0300] {processor.py:840} INFO - DAG(s) 'tutorial_objectstorage' retrieved from /home/facuvega/Descargas/crypto-etl-airflow/airflow-apache/lib/python3.11/site-packages/airflow/example_dags/tutorial_objectstorage.py
[2025-05-04T03:58:06.118-0300] {logging_mixin.py:188} INFO - [2025-05-04T03:58:06.117-0300] {dag.py:3096} INFO - Sync 1 DAGs
[2025-05-04T03:58:06.126-0300] {logging_mixin.py:188} INFO - [2025-05-04T03:58:06.126-0300] {dag.py:3954} INFO - Setting next_dagrun for tutorial_objectstorage to None, run_after=None
[2025-05-04T03:58:06.139-0300] {processor.py:183} INFO - Processing /home/facuvega/Descargas/crypto-etl-airflow/airflow-apache/lib/python3.11/site-packages/airflow/example_dags/tutorial_objectstorage.py took 0.057 seconds
[2025-05-04T03:59:00.792-0300] {processor.py:161} INFO - Started process (PID=22793) to work on /home/facuvega/Descargas/crypto-etl-airflow/airflow-apache/lib/python3.11/site-packages/airflow/example_dags/tutorial_objectstorage.py
[2025-05-04T03:59:00.793-0300] {processor.py:830} INFO - Processing file /home/facuvega/Descargas/crypto-etl-airflow/airflow-apache/lib/python3.11/site-packages/airflow/example_dags/tutorial_objectstorage.py for tasks to queue
[2025-05-04T03:59:00.795-0300] {logging_mixin.py:188} INFO - [2025-05-04T03:59:00.795-0300] {dagbag.py:540} INFO - Filling up the DagBag from /home/facuvega/Descargas/crypto-etl-airflow/airflow-apache/lib/python3.11/site-packages/airflow/example_dags/tutorial_objectstorage.py
[2025-05-04T03:59:00.812-0300] {processor.py:840} INFO - DAG(s) 'tutorial_objectstorage' retrieved from /home/facuvega/Descargas/crypto-etl-airflow/airflow-apache/lib/python3.11/site-packages/airflow/example_dags/tutorial_objectstorage.py
[2025-05-04T03:59:00.825-0300] {logging_mixin.py:188} INFO - [2025-05-04T03:59:00.825-0300] {dag.py:3096} INFO - Sync 1 DAGs
[2025-05-04T03:59:00.833-0300] {logging_mixin.py:188} INFO - [2025-05-04T03:59:00.833-0300] {dag.py:3954} INFO - Setting next_dagrun for tutorial_objectstorage to None, run_after=None
[2025-05-04T03:59:00.851-0300] {processor.py:183} INFO - Processing /home/facuvega/Descargas/crypto-etl-airflow/airflow-apache/lib/python3.11/site-packages/airflow/example_dags/tutorial_objectstorage.py took 0.065 seconds
[2025-05-04T04:00:04.410-0300] {processor.py:161} INFO - Started process (PID=23456) to work on /home/facuvega/Descargas/crypto-etl-airflow/airflow-apache/lib/python3.11/site-packages/airflow/example_dags/tutorial_objectstorage.py
[2025-05-04T04:00:04.412-0300] {processor.py:830} INFO - Processing file /home/facuvega/Descargas/crypto-etl-airflow/airflow-apache/lib/python3.11/site-packages/airflow/example_dags/tutorial_objectstorage.py for tasks to queue
[2025-05-04T04:00:04.415-0300] {logging_mixin.py:188} INFO - [2025-05-04T04:00:04.415-0300] {dagbag.py:540} INFO - Filling up the DagBag from /home/facuvega/Descargas/crypto-etl-airflow/airflow-apache/lib/python3.11/site-packages/airflow/example_dags/tutorial_objectstorage.py
[2025-05-04T04:00:04.429-0300] {processor.py:840} INFO - DAG(s) 'tutorial_objectstorage' retrieved from /home/facuvega/Descargas/crypto-etl-airflow/airflow-apache/lib/python3.11/site-packages/airflow/example_dags/tutorial_objectstorage.py
[2025-05-04T04:00:04.450-0300] {logging_mixin.py:188} INFO - [2025-05-04T04:00:04.450-0300] {dag.py:3096} INFO - Sync 1 DAGs
[2025-05-04T04:00:04.466-0300] {logging_mixin.py:188} INFO - [2025-05-04T04:00:04.466-0300] {dag.py:3954} INFO - Setting next_dagrun for tutorial_objectstorage to None, run_after=None
[2025-05-04T04:00:04.488-0300] {processor.py:183} INFO - Processing /home/facuvega/Descargas/crypto-etl-airflow/airflow-apache/lib/python3.11/site-packages/airflow/example_dags/tutorial_objectstorage.py took 0.087 seconds
[2025-05-04T04:00:59.813-0300] {processor.py:161} INFO - Started process (PID=23923) to work on /home/facuvega/Descargas/crypto-etl-airflow/airflow-apache/lib/python3.11/site-packages/airflow/example_dags/tutorial_objectstorage.py
[2025-05-04T04:00:59.820-0300] {processor.py:830} INFO - Processing file /home/facuvega/Descargas/crypto-etl-airflow/airflow-apache/lib/python3.11/site-packages/airflow/example_dags/tutorial_objectstorage.py for tasks to queue
[2025-05-04T04:00:59.825-0300] {logging_mixin.py:188} INFO - [2025-05-04T04:00:59.824-0300] {dagbag.py:540} INFO - Filling up the DagBag from /home/facuvega/Descargas/crypto-etl-airflow/airflow-apache/lib/python3.11/site-packages/airflow/example_dags/tutorial_objectstorage.py
[2025-05-04T04:00:59.852-0300] {processor.py:840} INFO - DAG(s) 'tutorial_objectstorage' retrieved from /home/facuvega/Descargas/crypto-etl-airflow/airflow-apache/lib/python3.11/site-packages/airflow/example_dags/tutorial_objectstorage.py
[2025-05-04T04:00:59.891-0300] {logging_mixin.py:188} INFO - [2025-05-04T04:00:59.889-0300] {dag.py:3096} INFO - Sync 1 DAGs
[2025-05-04T04:00:59.923-0300] {logging_mixin.py:188} INFO - [2025-05-04T04:00:59.921-0300] {dag.py:3954} INFO - Setting next_dagrun for tutorial_objectstorage to None, run_after=None
[2025-05-04T04:00:59.964-0300] {processor.py:183} INFO - Processing /home/facuvega/Descargas/crypto-etl-airflow/airflow-apache/lib/python3.11/site-packages/airflow/example_dags/tutorial_objectstorage.py took 0.168 seconds
[2025-05-04T04:01:48.902-0300] {processor.py:161} INFO - Started process (PID=24151) to work on /home/facuvega/Descargas/crypto-etl-airflow/airflow-apache/lib/python3.11/site-packages/airflow/example_dags/tutorial_objectstorage.py
[2025-05-04T04:01:48.903-0300] {processor.py:830} INFO - Processing file /home/facuvega/Descargas/crypto-etl-airflow/airflow-apache/lib/python3.11/site-packages/airflow/example_dags/tutorial_objectstorage.py for tasks to queue
[2025-05-04T04:01:48.905-0300] {logging_mixin.py:188} INFO - [2025-05-04T04:01:48.904-0300] {dagbag.py:540} INFO - Filling up the DagBag from /home/facuvega/Descargas/crypto-etl-airflow/airflow-apache/lib/python3.11/site-packages/airflow/example_dags/tutorial_objectstorage.py
[2025-05-04T04:01:48.912-0300] {processor.py:840} INFO - DAG(s) 'tutorial_objectstorage' retrieved from /home/facuvega/Descargas/crypto-etl-airflow/airflow-apache/lib/python3.11/site-packages/airflow/example_dags/tutorial_objectstorage.py
[2025-05-04T04:01:48.926-0300] {logging_mixin.py:188} INFO - [2025-05-04T04:01:48.925-0300] {dag.py:3096} INFO - Sync 1 DAGs
[2025-05-04T04:01:48.934-0300] {logging_mixin.py:188} INFO - [2025-05-04T04:01:48.934-0300] {dag.py:3954} INFO - Setting next_dagrun for tutorial_objectstorage to None, run_after=None
[2025-05-04T04:01:48.947-0300] {processor.py:183} INFO - Processing /home/facuvega/Descargas/crypto-etl-airflow/airflow-apache/lib/python3.11/site-packages/airflow/example_dags/tutorial_objectstorage.py took 0.051 seconds
[2025-05-04T04:03:12.203-0300] {processor.py:161} INFO - Started process (PID=24944) to work on /home/facuvega/Descargas/crypto-etl-airflow/airflow-apache/lib/python3.11/site-packages/airflow/example_dags/tutorial_objectstorage.py
[2025-05-04T04:03:12.204-0300] {processor.py:830} INFO - Processing file /home/facuvega/Descargas/crypto-etl-airflow/airflow-apache/lib/python3.11/site-packages/airflow/example_dags/tutorial_objectstorage.py for tasks to queue
[2025-05-04T04:03:12.206-0300] {logging_mixin.py:188} INFO - [2025-05-04T04:03:12.205-0300] {dagbag.py:540} INFO - Filling up the DagBag from /home/facuvega/Descargas/crypto-etl-airflow/airflow-apache/lib/python3.11/site-packages/airflow/example_dags/tutorial_objectstorage.py
[2025-05-04T04:03:12.216-0300] {processor.py:840} INFO - DAG(s) 'tutorial_objectstorage' retrieved from /home/facuvega/Descargas/crypto-etl-airflow/airflow-apache/lib/python3.11/site-packages/airflow/example_dags/tutorial_objectstorage.py
[2025-05-04T04:03:12.236-0300] {logging_mixin.py:188} INFO - [2025-05-04T04:03:12.236-0300] {dag.py:3096} INFO - Sync 1 DAGs
[2025-05-04T04:03:12.246-0300] {logging_mixin.py:188} INFO - [2025-05-04T04:03:12.246-0300] {dag.py:3954} INFO - Setting next_dagrun for tutorial_objectstorage to None, run_after=None
[2025-05-04T04:03:12.262-0300] {processor.py:183} INFO - Processing /home/facuvega/Descargas/crypto-etl-airflow/airflow-apache/lib/python3.11/site-packages/airflow/example_dags/tutorial_objectstorage.py took 0.063 seconds
[2025-05-04T04:04:04.340-0300] {processor.py:161} INFO - Started process (PID=25175) to work on /home/facuvega/Descargas/crypto-etl-airflow/airflow-apache/lib/python3.11/site-packages/airflow/example_dags/tutorial_objectstorage.py
[2025-05-04T04:04:04.341-0300] {processor.py:830} INFO - Processing file /home/facuvega/Descargas/crypto-etl-airflow/airflow-apache/lib/python3.11/site-packages/airflow/example_dags/tutorial_objectstorage.py for tasks to queue
[2025-05-04T04:04:04.342-0300] {logging_mixin.py:188} INFO - [2025-05-04T04:04:04.342-0300] {dagbag.py:540} INFO - Filling up the DagBag from /home/facuvega/Descargas/crypto-etl-airflow/airflow-apache/lib/python3.11/site-packages/airflow/example_dags/tutorial_objectstorage.py
[2025-05-04T04:04:04.349-0300] {processor.py:840} INFO - DAG(s) 'tutorial_objectstorage' retrieved from /home/facuvega/Descargas/crypto-etl-airflow/airflow-apache/lib/python3.11/site-packages/airflow/example_dags/tutorial_objectstorage.py
[2025-05-04T04:04:04.360-0300] {logging_mixin.py:188} INFO - [2025-05-04T04:04:04.360-0300] {dag.py:3096} INFO - Sync 1 DAGs
[2025-05-04T04:04:04.368-0300] {logging_mixin.py:188} INFO - [2025-05-04T04:04:04.368-0300] {dag.py:3954} INFO - Setting next_dagrun for tutorial_objectstorage to None, run_after=None
[2025-05-04T04:04:04.381-0300] {processor.py:183} INFO - Processing /home/facuvega/Descargas/crypto-etl-airflow/airflow-apache/lib/python3.11/site-packages/airflow/example_dags/tutorial_objectstorage.py took 0.046 seconds
[2025-05-04T04:05:11.445-0300] {processor.py:161} INFO - Started process (PID=26210) to work on /home/facuvega/Descargas/crypto-etl-airflow/airflow-apache/lib/python3.11/site-packages/airflow/example_dags/tutorial_objectstorage.py
[2025-05-04T04:05:11.446-0300] {processor.py:830} INFO - Processing file /home/facuvega/Descargas/crypto-etl-airflow/airflow-apache/lib/python3.11/site-packages/airflow/example_dags/tutorial_objectstorage.py for tasks to queue
[2025-05-04T04:05:11.448-0300] {logging_mixin.py:188} INFO - [2025-05-04T04:05:11.447-0300] {dagbag.py:540} INFO - Filling up the DagBag from /home/facuvega/Descargas/crypto-etl-airflow/airflow-apache/lib/python3.11/site-packages/airflow/example_dags/tutorial_objectstorage.py
[2025-05-04T04:05:11.460-0300] {processor.py:840} INFO - DAG(s) 'tutorial_objectstorage' retrieved from /home/facuvega/Descargas/crypto-etl-airflow/airflow-apache/lib/python3.11/site-packages/airflow/example_dags/tutorial_objectstorage.py
[2025-05-04T04:05:11.472-0300] {logging_mixin.py:188} INFO - [2025-05-04T04:05:11.472-0300] {dag.py:3096} INFO - Sync 1 DAGs
[2025-05-04T04:05:11.480-0300] {logging_mixin.py:188} INFO - [2025-05-04T04:05:11.480-0300] {dag.py:3954} INFO - Setting next_dagrun for tutorial_objectstorage to None, run_after=None
[2025-05-04T04:05:11.495-0300] {processor.py:183} INFO - Processing /home/facuvega/Descargas/crypto-etl-airflow/airflow-apache/lib/python3.11/site-packages/airflow/example_dags/tutorial_objectstorage.py took 0.056 seconds
[2025-05-04T04:06:04.720-0300] {processor.py:161} INFO - Started process (PID=26483) to work on /home/facuvega/Descargas/crypto-etl-airflow/airflow-apache/lib/python3.11/site-packages/airflow/example_dags/tutorial_objectstorage.py
[2025-05-04T04:06:04.721-0300] {processor.py:830} INFO - Processing file /home/facuvega/Descargas/crypto-etl-airflow/airflow-apache/lib/python3.11/site-packages/airflow/example_dags/tutorial_objectstorage.py for tasks to queue
[2025-05-04T04:06:04.724-0300] {logging_mixin.py:188} INFO - [2025-05-04T04:06:04.723-0300] {dagbag.py:540} INFO - Filling up the DagBag from /home/facuvega/Descargas/crypto-etl-airflow/airflow-apache/lib/python3.11/site-packages/airflow/example_dags/tutorial_objectstorage.py
[2025-05-04T04:06:04.733-0300] {processor.py:840} INFO - DAG(s) 'tutorial_objectstorage' retrieved from /home/facuvega/Descargas/crypto-etl-airflow/airflow-apache/lib/python3.11/site-packages/airflow/example_dags/tutorial_objectstorage.py
[2025-05-04T04:06:04.749-0300] {logging_mixin.py:188} INFO - [2025-05-04T04:06:04.748-0300] {dag.py:3096} INFO - Sync 1 DAGs
[2025-05-04T04:06:04.759-0300] {logging_mixin.py:188} INFO - [2025-05-04T04:06:04.759-0300] {dag.py:3954} INFO - Setting next_dagrun for tutorial_objectstorage to None, run_after=None
[2025-05-04T04:06:04.777-0300] {processor.py:183} INFO - Processing /home/facuvega/Descargas/crypto-etl-airflow/airflow-apache/lib/python3.11/site-packages/airflow/example_dags/tutorial_objectstorage.py took 0.065 seconds
[2025-05-04T04:06:52.439-0300] {processor.py:161} INFO - Started process (PID=26779) to work on /home/facuvega/Descargas/crypto-etl-airflow/airflow-apache/lib/python3.11/site-packages/airflow/example_dags/tutorial_objectstorage.py
[2025-05-04T04:06:52.440-0300] {processor.py:830} INFO - Processing file /home/facuvega/Descargas/crypto-etl-airflow/airflow-apache/lib/python3.11/site-packages/airflow/example_dags/tutorial_objectstorage.py for tasks to queue
[2025-05-04T04:06:52.441-0300] {logging_mixin.py:188} INFO - [2025-05-04T04:06:52.441-0300] {dagbag.py:540} INFO - Filling up the DagBag from /home/facuvega/Descargas/crypto-etl-airflow/airflow-apache/lib/python3.11/site-packages/airflow/example_dags/tutorial_objectstorage.py
[2025-05-04T04:06:52.450-0300] {processor.py:840} INFO - DAG(s) 'tutorial_objectstorage' retrieved from /home/facuvega/Descargas/crypto-etl-airflow/airflow-apache/lib/python3.11/site-packages/airflow/example_dags/tutorial_objectstorage.py
[2025-05-04T04:06:52.463-0300] {logging_mixin.py:188} INFO - [2025-05-04T04:06:52.463-0300] {dag.py:3096} INFO - Sync 1 DAGs
[2025-05-04T04:06:52.472-0300] {logging_mixin.py:188} INFO - [2025-05-04T04:06:52.472-0300] {dag.py:3954} INFO - Setting next_dagrun for tutorial_objectstorage to None, run_after=None
[2025-05-04T04:06:52.487-0300] {processor.py:183} INFO - Processing /home/facuvega/Descargas/crypto-etl-airflow/airflow-apache/lib/python3.11/site-packages/airflow/example_dags/tutorial_objectstorage.py took 0.053 seconds
[2025-05-04T04:07:38.108-0300] {processor.py:161} INFO - Started process (PID=26993) to work on /home/facuvega/Descargas/crypto-etl-airflow/airflow-apache/lib/python3.11/site-packages/airflow/example_dags/tutorial_objectstorage.py
[2025-05-04T04:07:38.109-0300] {processor.py:830} INFO - Processing file /home/facuvega/Descargas/crypto-etl-airflow/airflow-apache/lib/python3.11/site-packages/airflow/example_dags/tutorial_objectstorage.py for tasks to queue
[2025-05-04T04:07:38.111-0300] {logging_mixin.py:188} INFO - [2025-05-04T04:07:38.111-0300] {dagbag.py:540} INFO - Filling up the DagBag from /home/facuvega/Descargas/crypto-etl-airflow/airflow-apache/lib/python3.11/site-packages/airflow/example_dags/tutorial_objectstorage.py
[2025-05-04T04:07:38.119-0300] {processor.py:840} INFO - DAG(s) 'tutorial_objectstorage' retrieved from /home/facuvega/Descargas/crypto-etl-airflow/airflow-apache/lib/python3.11/site-packages/airflow/example_dags/tutorial_objectstorage.py
[2025-05-04T04:07:38.132-0300] {logging_mixin.py:188} INFO - [2025-05-04T04:07:38.131-0300] {dag.py:3096} INFO - Sync 1 DAGs
[2025-05-04T04:07:38.142-0300] {logging_mixin.py:188} INFO - [2025-05-04T04:07:38.142-0300] {dag.py:3954} INFO - Setting next_dagrun for tutorial_objectstorage to None, run_after=None
[2025-05-04T04:07:38.155-0300] {processor.py:183} INFO - Processing /home/facuvega/Descargas/crypto-etl-airflow/airflow-apache/lib/python3.11/site-packages/airflow/example_dags/tutorial_objectstorage.py took 0.053 seconds
[2025-05-04T04:10:23.997-0300] {processor.py:161} INFO - Started process (PID=28676) to work on /home/facuvega/Descargas/crypto-etl-airflow/airflow-apache/lib/python3.11/site-packages/airflow/example_dags/tutorial_objectstorage.py
[2025-05-04T04:10:23.999-0300] {processor.py:830} INFO - Processing file /home/facuvega/Descargas/crypto-etl-airflow/airflow-apache/lib/python3.11/site-packages/airflow/example_dags/tutorial_objectstorage.py for tasks to queue
[2025-05-04T04:10:24.003-0300] {logging_mixin.py:188} INFO - [2025-05-04T04:10:24.003-0300] {dagbag.py:540} INFO - Filling up the DagBag from /home/facuvega/Descargas/crypto-etl-airflow/airflow-apache/lib/python3.11/site-packages/airflow/example_dags/tutorial_objectstorage.py
[2025-05-04T04:10:24.025-0300] {processor.py:840} INFO - DAG(s) 'tutorial_objectstorage' retrieved from /home/facuvega/Descargas/crypto-etl-airflow/airflow-apache/lib/python3.11/site-packages/airflow/example_dags/tutorial_objectstorage.py
[2025-05-04T04:10:24.064-0300] {logging_mixin.py:188} INFO - [2025-05-04T04:10:24.063-0300] {dag.py:3096} INFO - Sync 1 DAGs
[2025-05-04T04:10:24.082-0300] {logging_mixin.py:188} INFO - [2025-05-04T04:10:24.082-0300] {dag.py:3954} INFO - Setting next_dagrun for tutorial_objectstorage to None, run_after=None
[2025-05-04T04:10:24.110-0300] {processor.py:183} INFO - Processing /home/facuvega/Descargas/crypto-etl-airflow/airflow-apache/lib/python3.11/site-packages/airflow/example_dags/tutorial_objectstorage.py took 0.122 seconds
[2025-05-04T04:11:18.205-0300] {processor.py:161} INFO - Started process (PID=29210) to work on /home/facuvega/Descargas/crypto-etl-airflow/airflow-apache/lib/python3.11/site-packages/airflow/example_dags/tutorial_objectstorage.py
[2025-05-04T04:11:18.206-0300] {processor.py:830} INFO - Processing file /home/facuvega/Descargas/crypto-etl-airflow/airflow-apache/lib/python3.11/site-packages/airflow/example_dags/tutorial_objectstorage.py for tasks to queue
[2025-05-04T04:11:18.208-0300] {logging_mixin.py:188} INFO - [2025-05-04T04:11:18.207-0300] {dagbag.py:540} INFO - Filling up the DagBag from /home/facuvega/Descargas/crypto-etl-airflow/airflow-apache/lib/python3.11/site-packages/airflow/example_dags/tutorial_objectstorage.py
[2025-05-04T04:11:18.214-0300] {processor.py:840} INFO - DAG(s) 'tutorial_objectstorage' retrieved from /home/facuvega/Descargas/crypto-etl-airflow/airflow-apache/lib/python3.11/site-packages/airflow/example_dags/tutorial_objectstorage.py
[2025-05-04T04:11:18.226-0300] {logging_mixin.py:188} INFO - [2025-05-04T04:11:18.226-0300] {dag.py:3096} INFO - Sync 1 DAGs
[2025-05-04T04:11:18.233-0300] {logging_mixin.py:188} INFO - [2025-05-04T04:11:18.233-0300] {dag.py:3954} INFO - Setting next_dagrun for tutorial_objectstorage to None, run_after=None
[2025-05-04T04:11:18.246-0300] {processor.py:183} INFO - Processing /home/facuvega/Descargas/crypto-etl-airflow/airflow-apache/lib/python3.11/site-packages/airflow/example_dags/tutorial_objectstorage.py took 0.046 seconds
[2025-05-04T04:12:07.476-0300] {processor.py:161} INFO - Started process (PID=29428) to work on /home/facuvega/Descargas/crypto-etl-airflow/airflow-apache/lib/python3.11/site-packages/airflow/example_dags/tutorial_objectstorage.py
[2025-05-04T04:12:07.477-0300] {processor.py:830} INFO - Processing file /home/facuvega/Descargas/crypto-etl-airflow/airflow-apache/lib/python3.11/site-packages/airflow/example_dags/tutorial_objectstorage.py for tasks to queue
[2025-05-04T04:12:07.478-0300] {logging_mixin.py:188} INFO - [2025-05-04T04:12:07.478-0300] {dagbag.py:540} INFO - Filling up the DagBag from /home/facuvega/Descargas/crypto-etl-airflow/airflow-apache/lib/python3.11/site-packages/airflow/example_dags/tutorial_objectstorage.py
[2025-05-04T04:12:07.485-0300] {processor.py:840} INFO - DAG(s) 'tutorial_objectstorage' retrieved from /home/facuvega/Descargas/crypto-etl-airflow/airflow-apache/lib/python3.11/site-packages/airflow/example_dags/tutorial_objectstorage.py
[2025-05-04T04:12:07.496-0300] {logging_mixin.py:188} INFO - [2025-05-04T04:12:07.496-0300] {dag.py:3096} INFO - Sync 1 DAGs
[2025-05-04T04:12:07.504-0300] {logging_mixin.py:188} INFO - [2025-05-04T04:12:07.504-0300] {dag.py:3954} INFO - Setting next_dagrun for tutorial_objectstorage to None, run_after=None
[2025-05-04T04:12:07.516-0300] {processor.py:183} INFO - Processing /home/facuvega/Descargas/crypto-etl-airflow/airflow-apache/lib/python3.11/site-packages/airflow/example_dags/tutorial_objectstorage.py took 0.045 seconds
[2025-05-04T04:12:55.075-0300] {processor.py:161} INFO - Started process (PID=29651) to work on /home/facuvega/Descargas/crypto-etl-airflow/airflow-apache/lib/python3.11/site-packages/airflow/example_dags/tutorial_objectstorage.py
[2025-05-04T04:12:55.076-0300] {processor.py:830} INFO - Processing file /home/facuvega/Descargas/crypto-etl-airflow/airflow-apache/lib/python3.11/site-packages/airflow/example_dags/tutorial_objectstorage.py for tasks to queue
[2025-05-04T04:12:55.077-0300] {logging_mixin.py:188} INFO - [2025-05-04T04:12:55.077-0300] {dagbag.py:540} INFO - Filling up the DagBag from /home/facuvega/Descargas/crypto-etl-airflow/airflow-apache/lib/python3.11/site-packages/airflow/example_dags/tutorial_objectstorage.py
[2025-05-04T04:12:55.083-0300] {processor.py:840} INFO - DAG(s) 'tutorial_objectstorage' retrieved from /home/facuvega/Descargas/crypto-etl-airflow/airflow-apache/lib/python3.11/site-packages/airflow/example_dags/tutorial_objectstorage.py
[2025-05-04T04:12:55.095-0300] {logging_mixin.py:188} INFO - [2025-05-04T04:12:55.094-0300] {dag.py:3096} INFO - Sync 1 DAGs
[2025-05-04T04:12:55.103-0300] {logging_mixin.py:188} INFO - [2025-05-04T04:12:55.103-0300] {dag.py:3954} INFO - Setting next_dagrun for tutorial_objectstorage to None, run_after=None
[2025-05-04T04:12:55.115-0300] {processor.py:183} INFO - Processing /home/facuvega/Descargas/crypto-etl-airflow/airflow-apache/lib/python3.11/site-packages/airflow/example_dags/tutorial_objectstorage.py took 0.045 seconds
[2025-05-04T04:13:37.568-0300] {processor.py:161} INFO - Started process (PID=29841) to work on /home/facuvega/Descargas/crypto-etl-airflow/airflow-apache/lib/python3.11/site-packages/airflow/example_dags/tutorial_objectstorage.py
[2025-05-04T04:13:37.569-0300] {processor.py:830} INFO - Processing file /home/facuvega/Descargas/crypto-etl-airflow/airflow-apache/lib/python3.11/site-packages/airflow/example_dags/tutorial_objectstorage.py for tasks to queue
[2025-05-04T04:13:37.570-0300] {logging_mixin.py:188} INFO - [2025-05-04T04:13:37.570-0300] {dagbag.py:540} INFO - Filling up the DagBag from /home/facuvega/Descargas/crypto-etl-airflow/airflow-apache/lib/python3.11/site-packages/airflow/example_dags/tutorial_objectstorage.py
[2025-05-04T04:13:37.577-0300] {processor.py:840} INFO - DAG(s) 'tutorial_objectstorage' retrieved from /home/facuvega/Descargas/crypto-etl-airflow/airflow-apache/lib/python3.11/site-packages/airflow/example_dags/tutorial_objectstorage.py
[2025-05-04T04:13:37.588-0300] {logging_mixin.py:188} INFO - [2025-05-04T04:13:37.588-0300] {dag.py:3096} INFO - Sync 1 DAGs
[2025-05-04T04:13:37.596-0300] {logging_mixin.py:188} INFO - [2025-05-04T04:13:37.596-0300] {dag.py:3954} INFO - Setting next_dagrun for tutorial_objectstorage to None, run_after=None
[2025-05-04T04:13:37.608-0300] {processor.py:183} INFO - Processing /home/facuvega/Descargas/crypto-etl-airflow/airflow-apache/lib/python3.11/site-packages/airflow/example_dags/tutorial_objectstorage.py took 0.045 seconds
[2025-05-04T04:14:26.144-0300] {processor.py:161} INFO - Started process (PID=30060) to work on /home/facuvega/Descargas/crypto-etl-airflow/airflow-apache/lib/python3.11/site-packages/airflow/example_dags/tutorial_objectstorage.py
[2025-05-04T04:14:26.145-0300] {processor.py:830} INFO - Processing file /home/facuvega/Descargas/crypto-etl-airflow/airflow-apache/lib/python3.11/site-packages/airflow/example_dags/tutorial_objectstorage.py for tasks to queue
[2025-05-04T04:14:26.149-0300] {logging_mixin.py:188} INFO - [2025-05-04T04:14:26.147-0300] {dagbag.py:540} INFO - Filling up the DagBag from /home/facuvega/Descargas/crypto-etl-airflow/airflow-apache/lib/python3.11/site-packages/airflow/example_dags/tutorial_objectstorage.py
[2025-05-04T04:14:26.169-0300] {processor.py:840} INFO - DAG(s) 'tutorial_objectstorage' retrieved from /home/facuvega/Descargas/crypto-etl-airflow/airflow-apache/lib/python3.11/site-packages/airflow/example_dags/tutorial_objectstorage.py
[2025-05-04T04:14:26.207-0300] {logging_mixin.py:188} INFO - [2025-05-04T04:14:26.206-0300] {dag.py:3096} INFO - Sync 1 DAGs
[2025-05-04T04:14:26.227-0300] {logging_mixin.py:188} INFO - [2025-05-04T04:14:26.227-0300] {dag.py:3954} INFO - Setting next_dagrun for tutorial_objectstorage to None, run_after=None
[2025-05-04T04:14:26.251-0300] {processor.py:183} INFO - Processing /home/facuvega/Descargas/crypto-etl-airflow/airflow-apache/lib/python3.11/site-packages/airflow/example_dags/tutorial_objectstorage.py took 0.117 seconds
[2025-05-04T04:15:11.317-0300] {processor.py:161} INFO - Started process (PID=30299) to work on /home/facuvega/Descargas/crypto-etl-airflow/airflow-apache/lib/python3.11/site-packages/airflow/example_dags/tutorial_objectstorage.py
[2025-05-04T04:15:11.320-0300] {processor.py:830} INFO - Processing file /home/facuvega/Descargas/crypto-etl-airflow/airflow-apache/lib/python3.11/site-packages/airflow/example_dags/tutorial_objectstorage.py for tasks to queue
[2025-05-04T04:15:11.322-0300] {logging_mixin.py:188} INFO - [2025-05-04T04:15:11.321-0300] {dagbag.py:540} INFO - Filling up the DagBag from /home/facuvega/Descargas/crypto-etl-airflow/airflow-apache/lib/python3.11/site-packages/airflow/example_dags/tutorial_objectstorage.py
[2025-05-04T04:15:11.337-0300] {processor.py:840} INFO - DAG(s) 'tutorial_objectstorage' retrieved from /home/facuvega/Descargas/crypto-etl-airflow/airflow-apache/lib/python3.11/site-packages/airflow/example_dags/tutorial_objectstorage.py
[2025-05-04T04:15:11.367-0300] {logging_mixin.py:188} INFO - [2025-05-04T04:15:11.367-0300] {dag.py:3096} INFO - Sync 1 DAGs
[2025-05-04T04:15:11.383-0300] {logging_mixin.py:188} INFO - [2025-05-04T04:15:11.382-0300] {dag.py:3954} INFO - Setting next_dagrun for tutorial_objectstorage to None, run_after=None
[2025-05-04T04:15:11.410-0300] {processor.py:183} INFO - Processing /home/facuvega/Descargas/crypto-etl-airflow/airflow-apache/lib/python3.11/site-packages/airflow/example_dags/tutorial_objectstorage.py took 0.102 seconds
[2025-05-04T04:16:07.127-0300] {processor.py:161} INFO - Started process (PID=30627) to work on /home/facuvega/Descargas/crypto-etl-airflow/airflow-apache/lib/python3.11/site-packages/airflow/example_dags/tutorial_objectstorage.py
[2025-05-04T04:16:07.127-0300] {processor.py:830} INFO - Processing file /home/facuvega/Descargas/crypto-etl-airflow/airflow-apache/lib/python3.11/site-packages/airflow/example_dags/tutorial_objectstorage.py for tasks to queue
[2025-05-04T04:16:07.129-0300] {logging_mixin.py:188} INFO - [2025-05-04T04:16:07.129-0300] {dagbag.py:540} INFO - Filling up the DagBag from /home/facuvega/Descargas/crypto-etl-airflow/airflow-apache/lib/python3.11/site-packages/airflow/example_dags/tutorial_objectstorage.py
[2025-05-04T04:16:07.135-0300] {processor.py:840} INFO - DAG(s) 'tutorial_objectstorage' retrieved from /home/facuvega/Descargas/crypto-etl-airflow/airflow-apache/lib/python3.11/site-packages/airflow/example_dags/tutorial_objectstorage.py
[2025-05-04T04:16:07.147-0300] {logging_mixin.py:188} INFO - [2025-05-04T04:16:07.147-0300] {dag.py:3096} INFO - Sync 1 DAGs
[2025-05-04T04:16:07.155-0300] {logging_mixin.py:188} INFO - [2025-05-04T04:16:07.155-0300] {dag.py:3954} INFO - Setting next_dagrun for tutorial_objectstorage to None, run_after=None
[2025-05-04T04:16:07.168-0300] {processor.py:183} INFO - Processing /home/facuvega/Descargas/crypto-etl-airflow/airflow-apache/lib/python3.11/site-packages/airflow/example_dags/tutorial_objectstorage.py took 0.046 seconds
[2025-05-04T04:17:01.391-0300] {processor.py:161} INFO - Started process (PID=31139) to work on /home/facuvega/Descargas/crypto-etl-airflow/airflow-apache/lib/python3.11/site-packages/airflow/example_dags/tutorial_objectstorage.py
[2025-05-04T04:17:01.391-0300] {processor.py:830} INFO - Processing file /home/facuvega/Descargas/crypto-etl-airflow/airflow-apache/lib/python3.11/site-packages/airflow/example_dags/tutorial_objectstorage.py for tasks to queue
[2025-05-04T04:17:01.393-0300] {logging_mixin.py:188} INFO - [2025-05-04T04:17:01.393-0300] {dagbag.py:540} INFO - Filling up the DagBag from /home/facuvega/Descargas/crypto-etl-airflow/airflow-apache/lib/python3.11/site-packages/airflow/example_dags/tutorial_objectstorage.py
[2025-05-04T04:17:01.401-0300] {processor.py:840} INFO - DAG(s) 'tutorial_objectstorage' retrieved from /home/facuvega/Descargas/crypto-etl-airflow/airflow-apache/lib/python3.11/site-packages/airflow/example_dags/tutorial_objectstorage.py
[2025-05-04T04:17:01.416-0300] {logging_mixin.py:188} INFO - [2025-05-04T04:17:01.416-0300] {dag.py:3096} INFO - Sync 1 DAGs
[2025-05-04T04:17:01.424-0300] {logging_mixin.py:188} INFO - [2025-05-04T04:17:01.424-0300] {dag.py:3954} INFO - Setting next_dagrun for tutorial_objectstorage to None, run_after=None
[2025-05-04T04:17:01.438-0300] {processor.py:183} INFO - Processing /home/facuvega/Descargas/crypto-etl-airflow/airflow-apache/lib/python3.11/site-packages/airflow/example_dags/tutorial_objectstorage.py took 0.055 seconds
[2025-05-04T04:18:00.837-0300] {processor.py:161} INFO - Started process (PID=31504) to work on /home/facuvega/Descargas/crypto-etl-airflow/airflow-apache/lib/python3.11/site-packages/airflow/example_dags/tutorial_objectstorage.py
[2025-05-04T04:18:00.838-0300] {processor.py:830} INFO - Processing file /home/facuvega/Descargas/crypto-etl-airflow/airflow-apache/lib/python3.11/site-packages/airflow/example_dags/tutorial_objectstorage.py for tasks to queue
[2025-05-04T04:18:00.844-0300] {logging_mixin.py:188} INFO - [2025-05-04T04:18:00.843-0300] {dagbag.py:540} INFO - Filling up the DagBag from /home/facuvega/Descargas/crypto-etl-airflow/airflow-apache/lib/python3.11/site-packages/airflow/example_dags/tutorial_objectstorage.py
[2025-05-04T04:18:00.878-0300] {processor.py:840} INFO - DAG(s) 'tutorial_objectstorage' retrieved from /home/facuvega/Descargas/crypto-etl-airflow/airflow-apache/lib/python3.11/site-packages/airflow/example_dags/tutorial_objectstorage.py
[2025-05-04T04:18:00.970-0300] {logging_mixin.py:188} INFO - [2025-05-04T04:18:00.970-0300] {dag.py:3096} INFO - Sync 1 DAGs
[2025-05-04T04:18:01.105-0300] {logging_mixin.py:188} INFO - [2025-05-04T04:18:01.105-0300] {dag.py:3954} INFO - Setting next_dagrun for tutorial_objectstorage to None, run_after=None
[2025-05-04T04:18:01.215-0300] {processor.py:183} INFO - Processing /home/facuvega/Descargas/crypto-etl-airflow/airflow-apache/lib/python3.11/site-packages/airflow/example_dags/tutorial_objectstorage.py took 0.389 seconds
[2025-05-04T04:19:33.012-0300] {processor.py:161} INFO - Started process (PID=32795) to work on /home/facuvega/Descargas/crypto-etl-airflow/airflow-apache/lib/python3.11/site-packages/airflow/example_dags/tutorial_objectstorage.py
[2025-05-04T04:19:33.013-0300] {processor.py:830} INFO - Processing file /home/facuvega/Descargas/crypto-etl-airflow/airflow-apache/lib/python3.11/site-packages/airflow/example_dags/tutorial_objectstorage.py for tasks to queue
[2025-05-04T04:19:33.016-0300] {logging_mixin.py:188} INFO - [2025-05-04T04:19:33.015-0300] {dagbag.py:540} INFO - Filling up the DagBag from /home/facuvega/Descargas/crypto-etl-airflow/airflow-apache/lib/python3.11/site-packages/airflow/example_dags/tutorial_objectstorage.py
[2025-05-04T04:19:33.024-0300] {processor.py:840} INFO - DAG(s) 'tutorial_objectstorage' retrieved from /home/facuvega/Descargas/crypto-etl-airflow/airflow-apache/lib/python3.11/site-packages/airflow/example_dags/tutorial_objectstorage.py
[2025-05-04T04:19:33.045-0300] {logging_mixin.py:188} INFO - [2025-05-04T04:19:33.045-0300] {dag.py:3096} INFO - Sync 1 DAGs
[2025-05-04T04:19:33.059-0300] {logging_mixin.py:188} INFO - [2025-05-04T04:19:33.059-0300] {dag.py:3954} INFO - Setting next_dagrun for tutorial_objectstorage to None, run_after=None
[2025-05-04T04:19:33.083-0300] {processor.py:183} INFO - Processing /home/facuvega/Descargas/crypto-etl-airflow/airflow-apache/lib/python3.11/site-packages/airflow/example_dags/tutorial_objectstorage.py took 0.077 seconds
[2025-05-04T04:20:27.013-0300] {processor.py:161} INFO - Started process (PID=33037) to work on /home/facuvega/Descargas/crypto-etl-airflow/airflow-apache/lib/python3.11/site-packages/airflow/example_dags/tutorial_objectstorage.py
[2025-05-04T04:20:27.014-0300] {processor.py:830} INFO - Processing file /home/facuvega/Descargas/crypto-etl-airflow/airflow-apache/lib/python3.11/site-packages/airflow/example_dags/tutorial_objectstorage.py for tasks to queue
[2025-05-04T04:20:27.016-0300] {logging_mixin.py:188} INFO - [2025-05-04T04:20:27.015-0300] {dagbag.py:540} INFO - Filling up the DagBag from /home/facuvega/Descargas/crypto-etl-airflow/airflow-apache/lib/python3.11/site-packages/airflow/example_dags/tutorial_objectstorage.py
[2025-05-04T04:20:27.024-0300] {processor.py:840} INFO - DAG(s) 'tutorial_objectstorage' retrieved from /home/facuvega/Descargas/crypto-etl-airflow/airflow-apache/lib/python3.11/site-packages/airflow/example_dags/tutorial_objectstorage.py
[2025-05-04T04:20:27.037-0300] {logging_mixin.py:188} INFO - [2025-05-04T04:20:27.036-0300] {dag.py:3096} INFO - Sync 1 DAGs
[2025-05-04T04:20:27.046-0300] {logging_mixin.py:188} INFO - [2025-05-04T04:20:27.046-0300] {dag.py:3954} INFO - Setting next_dagrun for tutorial_objectstorage to None, run_after=None
[2025-05-04T04:20:27.059-0300] {processor.py:183} INFO - Processing /home/facuvega/Descargas/crypto-etl-airflow/airflow-apache/lib/python3.11/site-packages/airflow/example_dags/tutorial_objectstorage.py took 0.052 seconds
[2025-05-04T04:21:08.864-0300] {processor.py:161} INFO - Started process (PID=33228) to work on /home/facuvega/Descargas/crypto-etl-airflow/airflow-apache/lib/python3.11/site-packages/airflow/example_dags/tutorial_objectstorage.py
[2025-05-04T04:21:08.865-0300] {processor.py:830} INFO - Processing file /home/facuvega/Descargas/crypto-etl-airflow/airflow-apache/lib/python3.11/site-packages/airflow/example_dags/tutorial_objectstorage.py for tasks to queue
[2025-05-04T04:21:08.867-0300] {logging_mixin.py:188} INFO - [2025-05-04T04:21:08.867-0300] {dagbag.py:540} INFO - Filling up the DagBag from /home/facuvega/Descargas/crypto-etl-airflow/airflow-apache/lib/python3.11/site-packages/airflow/example_dags/tutorial_objectstorage.py
[2025-05-04T04:21:08.875-0300] {processor.py:840} INFO - DAG(s) 'tutorial_objectstorage' retrieved from /home/facuvega/Descargas/crypto-etl-airflow/airflow-apache/lib/python3.11/site-packages/airflow/example_dags/tutorial_objectstorage.py
[2025-05-04T04:21:08.889-0300] {logging_mixin.py:188} INFO - [2025-05-04T04:21:08.889-0300] {dag.py:3096} INFO - Sync 1 DAGs
[2025-05-04T04:21:08.899-0300] {logging_mixin.py:188} INFO - [2025-05-04T04:21:08.898-0300] {dag.py:3954} INFO - Setting next_dagrun for tutorial_objectstorage to None, run_after=None
[2025-05-04T04:21:08.913-0300] {processor.py:183} INFO - Processing /home/facuvega/Descargas/crypto-etl-airflow/airflow-apache/lib/python3.11/site-packages/airflow/example_dags/tutorial_objectstorage.py took 0.056 seconds
[2025-05-04T04:22:13.709-0300] {processor.py:161} INFO - Started process (PID=33903) to work on /home/facuvega/Descargas/crypto-etl-airflow/airflow-apache/lib/python3.11/site-packages/airflow/example_dags/tutorial_objectstorage.py
[2025-05-04T04:22:13.710-0300] {processor.py:830} INFO - Processing file /home/facuvega/Descargas/crypto-etl-airflow/airflow-apache/lib/python3.11/site-packages/airflow/example_dags/tutorial_objectstorage.py for tasks to queue
[2025-05-04T04:22:13.711-0300] {logging_mixin.py:188} INFO - [2025-05-04T04:22:13.711-0300] {dagbag.py:540} INFO - Filling up the DagBag from /home/facuvega/Descargas/crypto-etl-airflow/airflow-apache/lib/python3.11/site-packages/airflow/example_dags/tutorial_objectstorage.py
[2025-05-04T04:22:13.720-0300] {processor.py:840} INFO - DAG(s) 'tutorial_objectstorage' retrieved from /home/facuvega/Descargas/crypto-etl-airflow/airflow-apache/lib/python3.11/site-packages/airflow/example_dags/tutorial_objectstorage.py
[2025-05-04T04:22:13.738-0300] {logging_mixin.py:188} INFO - [2025-05-04T04:22:13.738-0300] {dag.py:3096} INFO - Sync 1 DAGs
[2025-05-04T04:22:13.747-0300] {logging_mixin.py:188} INFO - [2025-05-04T04:22:13.747-0300] {dag.py:3954} INFO - Setting next_dagrun for tutorial_objectstorage to None, run_after=None
[2025-05-04T04:22:13.761-0300] {processor.py:183} INFO - Processing /home/facuvega/Descargas/crypto-etl-airflow/airflow-apache/lib/python3.11/site-packages/airflow/example_dags/tutorial_objectstorage.py took 0.058 seconds
[2025-05-04T04:23:33.043-0300] {processor.py:161} INFO - Started process (PID=34806) to work on /home/facuvega/Descargas/crypto-etl-airflow/airflow-apache/lib/python3.11/site-packages/airflow/example_dags/tutorial_objectstorage.py
[2025-05-04T04:23:33.044-0300] {processor.py:830} INFO - Processing file /home/facuvega/Descargas/crypto-etl-airflow/airflow-apache/lib/python3.11/site-packages/airflow/example_dags/tutorial_objectstorage.py for tasks to queue
[2025-05-04T04:23:33.046-0300] {logging_mixin.py:188} INFO - [2025-05-04T04:23:33.046-0300] {dagbag.py:540} INFO - Filling up the DagBag from /home/facuvega/Descargas/crypto-etl-airflow/airflow-apache/lib/python3.11/site-packages/airflow/example_dags/tutorial_objectstorage.py
[2025-05-04T04:23:33.067-0300] {processor.py:840} INFO - DAG(s) 'tutorial_objectstorage' retrieved from /home/facuvega/Descargas/crypto-etl-airflow/airflow-apache/lib/python3.11/site-packages/airflow/example_dags/tutorial_objectstorage.py
[2025-05-04T04:23:33.084-0300] {logging_mixin.py:188} INFO - [2025-05-04T04:23:33.084-0300] {dag.py:3096} INFO - Sync 1 DAGs
[2025-05-04T04:23:33.098-0300] {logging_mixin.py:188} INFO - [2025-05-04T04:23:33.098-0300] {dag.py:3954} INFO - Setting next_dagrun for tutorial_objectstorage to None, run_after=None
[2025-05-04T04:23:33.116-0300] {processor.py:183} INFO - Processing /home/facuvega/Descargas/crypto-etl-airflow/airflow-apache/lib/python3.11/site-packages/airflow/example_dags/tutorial_objectstorage.py took 0.079 seconds
