[2025-05-03T06:05:12.912-0300] {local_task_job_runner.py:120} INFO - ::group::Pre task execution logs
[2025-05-03T06:05:12.967-0300] {taskinstance.py:2073} INFO - Dependencies all met for dep_context=non-requeueable deps ti=<TaskInstance: crypto_pipeline.run_prediction manual__2025-05-03T08:59:46.331475+00:00 [queued]>
[2025-05-03T06:05:12.976-0300] {taskinstance.py:2073} INFO - Dependencies all met for dep_context=requeueable deps ti=<TaskInstance: crypto_pipeline.run_prediction manual__2025-05-03T08:59:46.331475+00:00 [queued]>
[2025-05-03T06:05:12.976-0300] {taskinstance.py:2303} INFO - Starting attempt 2 of 2
[2025-05-03T06:05:12.991-0300] {taskinstance.py:2327} INFO - Executing <Task(BashOperator): run_prediction> on 2025-05-03 08:59:46.331475+00:00
[2025-05-03T06:05:13.001-0300] {standard_task_runner.py:63} INFO - Started process 58411 to run task
[2025-05-03T06:05:13.011-0300] {standard_task_runner.py:90} INFO - Running: ['airflow', 'tasks', 'run', 'crypto_pipeline', 'run_prediction', 'manual__2025-05-03T08:59:46.331475+00:00', '--job-id', '34', '--raw', '--subdir', 'DAGS_FOLDER/mi_primer_dag.py', '--cfg-path', '/tmp/tmpw3qk8_iv']
[2025-05-03T06:05:13.013-0300] {standard_task_runner.py:91} INFO - Job 34: Subtask run_prediction
[2025-05-03T06:05:13.046-0300] {task_command.py:426} INFO - Running <TaskInstance: crypto_pipeline.run_prediction manual__2025-05-03T08:59:46.331475+00:00 [running]> on host facuvega
[2025-05-03T06:05:13.088-0300] {taskinstance.py:2644} INFO - Exporting env vars: AIRFLOW_CTX_DAG_OWNER='airflow' AIRFLOW_CTX_DAG_ID='crypto_pipeline' AIRFLOW_CTX_TASK_ID='run_prediction' AIRFLOW_CTX_EXECUTION_DATE='2025-05-03T08:59:46.331475+00:00' AIRFLOW_CTX_TRY_NUMBER='2' AIRFLOW_CTX_DAG_RUN_ID='manual__2025-05-03T08:59:46.331475+00:00'
[2025-05-03T06:05:13.090-0300] {taskinstance.py:430} INFO - ::endgroup::
[2025-05-03T06:05:13.091-0300] {subprocess.py:63} INFO - Tmp dir root location: /tmp
[2025-05-03T06:05:13.092-0300] {subprocess.py:75} INFO - Running command: ['/usr/bin/bash', '-c', 'python /home/facuvega/Descargas/crypto-etl-airflow/scripts/main.py']
[2025-05-03T06:05:13.113-0300] {subprocess.py:86} INFO - Output:
[2025-05-03T06:05:14.362-0300] {subprocess.py:93} INFO - aqui 0       0
[2025-05-03T06:05:14.363-0300] {subprocess.py:93} INFO - 1       1
[2025-05-03T06:05:14.363-0300] {subprocess.py:93} INFO - 2       2
[2025-05-03T06:05:14.364-0300] {subprocess.py:93} INFO - 3    5868
[2025-05-03T06:05:14.366-0300] {subprocess.py:93} INFO - 4    5869
[2025-05-03T06:05:14.367-0300] {subprocess.py:93} INFO - Name: timestamp, dtype: int64
[2025-05-03T06:05:14.367-0300] {subprocess.py:93} INFO -  precision del modelo : 77.12%
[2025-05-03T06:05:14.368-0300] {subprocess.py:93} INFO - prediccion pára 2025-04-03 11:09:07 : $95374.602474
[2025-05-03T06:05:14.594-0300] {subprocess.py:97} INFO - Command exited with return code 0
[2025-05-03T06:05:14.596-0300] {taskinstance.py:441} INFO - ::group::Post task execution logs
[2025-05-03T06:05:14.615-0300] {taskinstance.py:1205} INFO - Marking task as SUCCESS. dag_id=crypto_pipeline, task_id=run_prediction, execution_date=20250503T085946, start_date=20250503T090512, end_date=20250503T090514
[2025-05-03T06:05:14.651-0300] {local_task_job_runner.py:240} INFO - Task exited with return code 0
[2025-05-03T06:05:14.662-0300] {taskinstance.py:3482} INFO - 0 downstream tasks scheduled from follow-on schedule check
[2025-05-03T06:05:14.663-0300] {local_task_job_runner.py:222} INFO - ::endgroup::
