[2025-04-27T23:00:59.416-0300] {processor.py:161} INFO - Started process (PID=51911) to work on /home/facuvega/Descargas/crypto-etl-airflow/airflow-apache/lib/python3.11/site-packages/airflow/example_dags/example_latest_only.py
[2025-04-27T23:00:59.417-0300] {processor.py:830} INFO - Processing file /home/facuvega/Descargas/crypto-etl-airflow/airflow-apache/lib/python3.11/site-packages/airflow/example_dags/example_latest_only.py for tasks to queue
[2025-04-27T23:00:59.418-0300] {logging_mixin.py:188} INFO - [2025-04-27T23:00:59.418-0300] {dagbag.py:540} INFO - Filling up the DagBag from /home/facuvega/Descargas/crypto-etl-airflow/airflow-apache/lib/python3.11/site-packages/airflow/example_dags/example_latest_only.py
[2025-04-27T23:00:59.423-0300] {processor.py:840} INFO - DAG(s) 'latest_only' retrieved from /home/facuvega/Descargas/crypto-etl-airflow/airflow-apache/lib/python3.11/site-packages/airflow/example_dags/example_latest_only.py
[2025-04-27T23:00:59.511-0300] {logging_mixin.py:188} INFO - [2025-04-27T23:00:59.510-0300] {dag.py:3096} INFO - Sync 1 DAGs
[2025-04-27T23:00:59.530-0300] {logging_mixin.py:188} INFO - [2025-04-27T23:00:59.529-0300] {dag.py:3954} INFO - Setting next_dagrun for latest_only to 2025-04-27 20:00:00+00:00, run_after=2025-04-28 00:00:00+00:00
[2025-04-27T23:00:59.550-0300] {processor.py:183} INFO - Processing /home/facuvega/Descargas/crypto-etl-airflow/airflow-apache/lib/python3.11/site-packages/airflow/example_dags/example_latest_only.py took 0.140 seconds
[2025-04-27T23:05:56.535-0300] {processor.py:161} INFO - Started process (PID=53993) to work on /home/facuvega/Descargas/crypto-etl-airflow/airflow-apache/lib/python3.11/site-packages/airflow/example_dags/example_latest_only.py
[2025-04-27T23:05:56.536-0300] {processor.py:830} INFO - Processing file /home/facuvega/Descargas/crypto-etl-airflow/airflow-apache/lib/python3.11/site-packages/airflow/example_dags/example_latest_only.py for tasks to queue
[2025-04-27T23:05:56.538-0300] {logging_mixin.py:188} INFO - [2025-04-27T23:05:56.537-0300] {dagbag.py:540} INFO - Filling up the DagBag from /home/facuvega/Descargas/crypto-etl-airflow/airflow-apache/lib/python3.11/site-packages/airflow/example_dags/example_latest_only.py
[2025-04-27T23:05:56.542-0300] {processor.py:840} INFO - DAG(s) 'latest_only' retrieved from /home/facuvega/Descargas/crypto-etl-airflow/airflow-apache/lib/python3.11/site-packages/airflow/example_dags/example_latest_only.py
[2025-04-27T23:05:56.555-0300] {logging_mixin.py:188} INFO - [2025-04-27T23:05:56.555-0300] {dag.py:3096} INFO - Sync 1 DAGs
[2025-04-27T23:05:56.569-0300] {logging_mixin.py:188} INFO - [2025-04-27T23:05:56.569-0300] {dag.py:3954} INFO - Setting next_dagrun for latest_only to 2025-04-27 20:00:00+00:00, run_after=2025-04-28 00:00:00+00:00
[2025-04-27T23:05:56.582-0300] {processor.py:183} INFO - Processing /home/facuvega/Descargas/crypto-etl-airflow/airflow-apache/lib/python3.11/site-packages/airflow/example_dags/example_latest_only.py took 0.052 seconds
[2025-04-27T23:06:47.443-0300] {processor.py:161} INFO - Started process (PID=54402) to work on /home/facuvega/Descargas/crypto-etl-airflow/airflow-apache/lib/python3.11/site-packages/airflow/example_dags/example_latest_only.py
[2025-04-27T23:06:47.444-0300] {processor.py:830} INFO - Processing file /home/facuvega/Descargas/crypto-etl-airflow/airflow-apache/lib/python3.11/site-packages/airflow/example_dags/example_latest_only.py for tasks to queue
[2025-04-27T23:06:47.445-0300] {logging_mixin.py:188} INFO - [2025-04-27T23:06:47.445-0300] {dagbag.py:540} INFO - Filling up the DagBag from /home/facuvega/Descargas/crypto-etl-airflow/airflow-apache/lib/python3.11/site-packages/airflow/example_dags/example_latest_only.py
[2025-04-27T23:06:47.450-0300] {processor.py:840} INFO - DAG(s) 'latest_only' retrieved from /home/facuvega/Descargas/crypto-etl-airflow/airflow-apache/lib/python3.11/site-packages/airflow/example_dags/example_latest_only.py
[2025-04-27T23:06:47.467-0300] {logging_mixin.py:188} INFO - [2025-04-27T23:06:47.466-0300] {dag.py:3096} INFO - Sync 1 DAGs
[2025-04-27T23:06:47.482-0300] {logging_mixin.py:188} INFO - [2025-04-27T23:06:47.481-0300] {dag.py:3954} INFO - Setting next_dagrun for latest_only to 2025-04-27 20:00:00+00:00, run_after=2025-04-28 00:00:00+00:00
[2025-04-27T23:06:47.505-0300] {processor.py:183} INFO - Processing /home/facuvega/Descargas/crypto-etl-airflow/airflow-apache/lib/python3.11/site-packages/airflow/example_dags/example_latest_only.py took 0.067 seconds
[2025-04-27T23:07:46.492-0300] {processor.py:161} INFO - Started process (PID=54674) to work on /home/facuvega/Descargas/crypto-etl-airflow/airflow-apache/lib/python3.11/site-packages/airflow/example_dags/example_latest_only.py
[2025-04-27T23:07:46.494-0300] {processor.py:830} INFO - Processing file /home/facuvega/Descargas/crypto-etl-airflow/airflow-apache/lib/python3.11/site-packages/airflow/example_dags/example_latest_only.py for tasks to queue
[2025-04-27T23:07:46.495-0300] {logging_mixin.py:188} INFO - [2025-04-27T23:07:46.495-0300] {dagbag.py:540} INFO - Filling up the DagBag from /home/facuvega/Descargas/crypto-etl-airflow/airflow-apache/lib/python3.11/site-packages/airflow/example_dags/example_latest_only.py
[2025-04-27T23:07:46.500-0300] {processor.py:840} INFO - DAG(s) 'latest_only' retrieved from /home/facuvega/Descargas/crypto-etl-airflow/airflow-apache/lib/python3.11/site-packages/airflow/example_dags/example_latest_only.py
[2025-04-27T23:07:46.517-0300] {logging_mixin.py:188} INFO - [2025-04-27T23:07:46.517-0300] {dag.py:3096} INFO - Sync 1 DAGs
[2025-04-27T23:07:46.537-0300] {logging_mixin.py:188} INFO - [2025-04-27T23:07:46.537-0300] {dag.py:3954} INFO - Setting next_dagrun for latest_only to 2025-04-27 20:00:00+00:00, run_after=2025-04-28 00:00:00+00:00
[2025-04-27T23:07:46.553-0300] {processor.py:183} INFO - Processing /home/facuvega/Descargas/crypto-etl-airflow/airflow-apache/lib/python3.11/site-packages/airflow/example_dags/example_latest_only.py took 0.066 seconds
[2025-04-27T23:08:48.948-0300] {processor.py:161} INFO - Started process (PID=54953) to work on /home/facuvega/Descargas/crypto-etl-airflow/airflow-apache/lib/python3.11/site-packages/airflow/example_dags/example_latest_only.py
[2025-04-27T23:08:48.948-0300] {processor.py:830} INFO - Processing file /home/facuvega/Descargas/crypto-etl-airflow/airflow-apache/lib/python3.11/site-packages/airflow/example_dags/example_latest_only.py for tasks to queue
[2025-04-27T23:08:48.950-0300] {logging_mixin.py:188} INFO - [2025-04-27T23:08:48.950-0300] {dagbag.py:540} INFO - Filling up the DagBag from /home/facuvega/Descargas/crypto-etl-airflow/airflow-apache/lib/python3.11/site-packages/airflow/example_dags/example_latest_only.py
[2025-04-27T23:08:48.954-0300] {processor.py:840} INFO - DAG(s) 'latest_only' retrieved from /home/facuvega/Descargas/crypto-etl-airflow/airflow-apache/lib/python3.11/site-packages/airflow/example_dags/example_latest_only.py
[2025-04-27T23:08:48.966-0300] {logging_mixin.py:188} INFO - [2025-04-27T23:08:48.966-0300] {dag.py:3096} INFO - Sync 1 DAGs
[2025-04-27T23:08:48.979-0300] {logging_mixin.py:188} INFO - [2025-04-27T23:08:48.978-0300] {dag.py:3954} INFO - Setting next_dagrun for latest_only to 2025-04-27 20:00:00+00:00, run_after=2025-04-28 00:00:00+00:00
[2025-04-27T23:08:48.991-0300] {processor.py:183} INFO - Processing /home/facuvega/Descargas/crypto-etl-airflow/airflow-apache/lib/python3.11/site-packages/airflow/example_dags/example_latest_only.py took 0.051 seconds
[2025-04-27T23:09:50.717-0300] {processor.py:161} INFO - Started process (PID=55228) to work on /home/facuvega/Descargas/crypto-etl-airflow/airflow-apache/lib/python3.11/site-packages/airflow/example_dags/example_latest_only.py
[2025-04-27T23:09:50.718-0300] {processor.py:830} INFO - Processing file /home/facuvega/Descargas/crypto-etl-airflow/airflow-apache/lib/python3.11/site-packages/airflow/example_dags/example_latest_only.py for tasks to queue
[2025-04-27T23:09:50.720-0300] {logging_mixin.py:188} INFO - [2025-04-27T23:09:50.719-0300] {dagbag.py:540} INFO - Filling up the DagBag from /home/facuvega/Descargas/crypto-etl-airflow/airflow-apache/lib/python3.11/site-packages/airflow/example_dags/example_latest_only.py
[2025-04-27T23:09:50.724-0300] {processor.py:840} INFO - DAG(s) 'latest_only' retrieved from /home/facuvega/Descargas/crypto-etl-airflow/airflow-apache/lib/python3.11/site-packages/airflow/example_dags/example_latest_only.py
[2025-04-27T23:09:50.735-0300] {logging_mixin.py:188} INFO - [2025-04-27T23:09:50.735-0300] {dag.py:3096} INFO - Sync 1 DAGs
[2025-04-27T23:09:50.748-0300] {logging_mixin.py:188} INFO - [2025-04-27T23:09:50.748-0300] {dag.py:3954} INFO - Setting next_dagrun for latest_only to 2025-04-27 20:00:00+00:00, run_after=2025-04-28 00:00:00+00:00
[2025-04-27T23:09:50.761-0300] {processor.py:183} INFO - Processing /home/facuvega/Descargas/crypto-etl-airflow/airflow-apache/lib/python3.11/site-packages/airflow/example_dags/example_latest_only.py took 0.048 seconds
[2025-04-27T23:10:51.367-0300] {processor.py:161} INFO - Started process (PID=55668) to work on /home/facuvega/Descargas/crypto-etl-airflow/airflow-apache/lib/python3.11/site-packages/airflow/example_dags/example_latest_only.py
[2025-04-27T23:10:51.368-0300] {processor.py:830} INFO - Processing file /home/facuvega/Descargas/crypto-etl-airflow/airflow-apache/lib/python3.11/site-packages/airflow/example_dags/example_latest_only.py for tasks to queue
[2025-04-27T23:10:51.369-0300] {logging_mixin.py:188} INFO - [2025-04-27T23:10:51.369-0300] {dagbag.py:540} INFO - Filling up the DagBag from /home/facuvega/Descargas/crypto-etl-airflow/airflow-apache/lib/python3.11/site-packages/airflow/example_dags/example_latest_only.py
[2025-04-27T23:10:51.374-0300] {processor.py:840} INFO - DAG(s) 'latest_only' retrieved from /home/facuvega/Descargas/crypto-etl-airflow/airflow-apache/lib/python3.11/site-packages/airflow/example_dags/example_latest_only.py
[2025-04-27T23:10:51.388-0300] {logging_mixin.py:188} INFO - [2025-04-27T23:10:51.388-0300] {dag.py:3096} INFO - Sync 1 DAGs
[2025-04-27T23:10:51.402-0300] {logging_mixin.py:188} INFO - [2025-04-27T23:10:51.401-0300] {dag.py:3954} INFO - Setting next_dagrun for latest_only to 2025-04-27 20:00:00+00:00, run_after=2025-04-28 00:00:00+00:00
[2025-04-27T23:10:51.415-0300] {processor.py:183} INFO - Processing /home/facuvega/Descargas/crypto-etl-airflow/airflow-apache/lib/python3.11/site-packages/airflow/example_dags/example_latest_only.py took 0.054 seconds
[2025-04-27T23:11:50.467-0300] {processor.py:161} INFO - Started process (PID=55983) to work on /home/facuvega/Descargas/crypto-etl-airflow/airflow-apache/lib/python3.11/site-packages/airflow/example_dags/example_latest_only.py
[2025-04-27T23:11:50.468-0300] {processor.py:830} INFO - Processing file /home/facuvega/Descargas/crypto-etl-airflow/airflow-apache/lib/python3.11/site-packages/airflow/example_dags/example_latest_only.py for tasks to queue
[2025-04-27T23:11:50.470-0300] {logging_mixin.py:188} INFO - [2025-04-27T23:11:50.470-0300] {dagbag.py:540} INFO - Filling up the DagBag from /home/facuvega/Descargas/crypto-etl-airflow/airflow-apache/lib/python3.11/site-packages/airflow/example_dags/example_latest_only.py
[2025-04-27T23:11:50.477-0300] {processor.py:840} INFO - DAG(s) 'latest_only' retrieved from /home/facuvega/Descargas/crypto-etl-airflow/airflow-apache/lib/python3.11/site-packages/airflow/example_dags/example_latest_only.py
[2025-04-27T23:11:50.499-0300] {logging_mixin.py:188} INFO - [2025-04-27T23:11:50.499-0300] {dag.py:3096} INFO - Sync 1 DAGs
[2025-04-27T23:11:50.520-0300] {logging_mixin.py:188} INFO - [2025-04-27T23:11:50.519-0300] {dag.py:3954} INFO - Setting next_dagrun for latest_only to 2025-04-27 20:00:00+00:00, run_after=2025-04-28 00:00:00+00:00
[2025-04-27T23:11:50.540-0300] {processor.py:183} INFO - Processing /home/facuvega/Descargas/crypto-etl-airflow/airflow-apache/lib/python3.11/site-packages/airflow/example_dags/example_latest_only.py took 0.080 seconds
[2025-04-27T23:12:48.747-0300] {processor.py:161} INFO - Started process (PID=56248) to work on /home/facuvega/Descargas/crypto-etl-airflow/airflow-apache/lib/python3.11/site-packages/airflow/example_dags/example_latest_only.py
[2025-04-27T23:12:48.749-0300] {processor.py:830} INFO - Processing file /home/facuvega/Descargas/crypto-etl-airflow/airflow-apache/lib/python3.11/site-packages/airflow/example_dags/example_latest_only.py for tasks to queue
[2025-04-27T23:12:48.750-0300] {logging_mixin.py:188} INFO - [2025-04-27T23:12:48.750-0300] {dagbag.py:540} INFO - Filling up the DagBag from /home/facuvega/Descargas/crypto-etl-airflow/airflow-apache/lib/python3.11/site-packages/airflow/example_dags/example_latest_only.py
[2025-04-27T23:12:48.754-0300] {processor.py:840} INFO - DAG(s) 'latest_only' retrieved from /home/facuvega/Descargas/crypto-etl-airflow/airflow-apache/lib/python3.11/site-packages/airflow/example_dags/example_latest_only.py
[2025-04-27T23:12:48.772-0300] {logging_mixin.py:188} INFO - [2025-04-27T23:12:48.772-0300] {dag.py:3096} INFO - Sync 1 DAGs
[2025-04-27T23:12:48.791-0300] {logging_mixin.py:188} INFO - [2025-04-27T23:12:48.790-0300] {dag.py:3954} INFO - Setting next_dagrun for latest_only to 2025-04-27 20:00:00+00:00, run_after=2025-04-28 00:00:00+00:00
[2025-04-27T23:12:48.805-0300] {processor.py:183} INFO - Processing /home/facuvega/Descargas/crypto-etl-airflow/airflow-apache/lib/python3.11/site-packages/airflow/example_dags/example_latest_only.py took 0.062 seconds
[2025-04-27T23:13:48.216-0300] {processor.py:161} INFO - Started process (PID=56552) to work on /home/facuvega/Descargas/crypto-etl-airflow/airflow-apache/lib/python3.11/site-packages/airflow/example_dags/example_latest_only.py
[2025-04-27T23:13:48.220-0300] {processor.py:830} INFO - Processing file /home/facuvega/Descargas/crypto-etl-airflow/airflow-apache/lib/python3.11/site-packages/airflow/example_dags/example_latest_only.py for tasks to queue
[2025-04-27T23:13:48.223-0300] {logging_mixin.py:188} INFO - [2025-04-27T23:13:48.222-0300] {dagbag.py:540} INFO - Filling up the DagBag from /home/facuvega/Descargas/crypto-etl-airflow/airflow-apache/lib/python3.11/site-packages/airflow/example_dags/example_latest_only.py
[2025-04-27T23:13:48.230-0300] {processor.py:840} INFO - DAG(s) 'latest_only' retrieved from /home/facuvega/Descargas/crypto-etl-airflow/airflow-apache/lib/python3.11/site-packages/airflow/example_dags/example_latest_only.py
[2025-04-27T23:13:48.272-0300] {logging_mixin.py:188} INFO - [2025-04-27T23:13:48.271-0300] {dag.py:3096} INFO - Sync 1 DAGs
[2025-04-27T23:13:48.310-0300] {logging_mixin.py:188} INFO - [2025-04-27T23:13:48.310-0300] {dag.py:3954} INFO - Setting next_dagrun for latest_only to 2025-04-27 20:00:00+00:00, run_after=2025-04-28 00:00:00+00:00
[2025-04-27T23:13:48.364-0300] {processor.py:183} INFO - Processing /home/facuvega/Descargas/crypto-etl-airflow/airflow-apache/lib/python3.11/site-packages/airflow/example_dags/example_latest_only.py took 0.165 seconds
[2025-04-27T23:14:41.574-0300] {processor.py:161} INFO - Started process (PID=56789) to work on /home/facuvega/Descargas/crypto-etl-airflow/airflow-apache/lib/python3.11/site-packages/airflow/example_dags/example_latest_only.py
[2025-04-27T23:14:41.575-0300] {processor.py:830} INFO - Processing file /home/facuvega/Descargas/crypto-etl-airflow/airflow-apache/lib/python3.11/site-packages/airflow/example_dags/example_latest_only.py for tasks to queue
[2025-04-27T23:14:41.576-0300] {logging_mixin.py:188} INFO - [2025-04-27T23:14:41.576-0300] {dagbag.py:540} INFO - Filling up the DagBag from /home/facuvega/Descargas/crypto-etl-airflow/airflow-apache/lib/python3.11/site-packages/airflow/example_dags/example_latest_only.py
[2025-04-27T23:14:41.580-0300] {processor.py:840} INFO - DAG(s) 'latest_only' retrieved from /home/facuvega/Descargas/crypto-etl-airflow/airflow-apache/lib/python3.11/site-packages/airflow/example_dags/example_latest_only.py
[2025-04-27T23:14:41.593-0300] {logging_mixin.py:188} INFO - [2025-04-27T23:14:41.593-0300] {dag.py:3096} INFO - Sync 1 DAGs
[2025-04-27T23:14:41.607-0300] {logging_mixin.py:188} INFO - [2025-04-27T23:14:41.607-0300] {dag.py:3954} INFO - Setting next_dagrun for latest_only to 2025-04-27 20:00:00+00:00, run_after=2025-04-28 00:00:00+00:00
[2025-04-27T23:14:41.620-0300] {processor.py:183} INFO - Processing /home/facuvega/Descargas/crypto-etl-airflow/airflow-apache/lib/python3.11/site-packages/airflow/example_dags/example_latest_only.py took 0.052 seconds
[2025-04-27T23:15:40.402-0300] {processor.py:161} INFO - Started process (PID=57103) to work on /home/facuvega/Descargas/crypto-etl-airflow/airflow-apache/lib/python3.11/site-packages/airflow/example_dags/example_latest_only.py
[2025-04-27T23:15:40.403-0300] {processor.py:830} INFO - Processing file /home/facuvega/Descargas/crypto-etl-airflow/airflow-apache/lib/python3.11/site-packages/airflow/example_dags/example_latest_only.py for tasks to queue
[2025-04-27T23:15:40.405-0300] {logging_mixin.py:188} INFO - [2025-04-27T23:15:40.405-0300] {dagbag.py:540} INFO - Filling up the DagBag from /home/facuvega/Descargas/crypto-etl-airflow/airflow-apache/lib/python3.11/site-packages/airflow/example_dags/example_latest_only.py
[2025-04-27T23:15:40.409-0300] {processor.py:840} INFO - DAG(s) 'latest_only' retrieved from /home/facuvega/Descargas/crypto-etl-airflow/airflow-apache/lib/python3.11/site-packages/airflow/example_dags/example_latest_only.py
[2025-04-27T23:15:40.423-0300] {logging_mixin.py:188} INFO - [2025-04-27T23:15:40.422-0300] {dag.py:3096} INFO - Sync 1 DAGs
[2025-04-27T23:15:40.436-0300] {logging_mixin.py:188} INFO - [2025-04-27T23:15:40.436-0300] {dag.py:3954} INFO - Setting next_dagrun for latest_only to 2025-04-27 20:00:00+00:00, run_after=2025-04-28 00:00:00+00:00
[2025-04-27T23:15:40.449-0300] {processor.py:183} INFO - Processing /home/facuvega/Descargas/crypto-etl-airflow/airflow-apache/lib/python3.11/site-packages/airflow/example_dags/example_latest_only.py took 0.051 seconds
[2025-04-27T23:16:37.737-0300] {processor.py:161} INFO - Started process (PID=57391) to work on /home/facuvega/Descargas/crypto-etl-airflow/airflow-apache/lib/python3.11/site-packages/airflow/example_dags/example_latest_only.py
[2025-04-27T23:16:37.739-0300] {processor.py:830} INFO - Processing file /home/facuvega/Descargas/crypto-etl-airflow/airflow-apache/lib/python3.11/site-packages/airflow/example_dags/example_latest_only.py for tasks to queue
[2025-04-27T23:16:37.740-0300] {logging_mixin.py:188} INFO - [2025-04-27T23:16:37.740-0300] {dagbag.py:540} INFO - Filling up the DagBag from /home/facuvega/Descargas/crypto-etl-airflow/airflow-apache/lib/python3.11/site-packages/airflow/example_dags/example_latest_only.py
[2025-04-27T23:16:37.744-0300] {processor.py:840} INFO - DAG(s) 'latest_only' retrieved from /home/facuvega/Descargas/crypto-etl-airflow/airflow-apache/lib/python3.11/site-packages/airflow/example_dags/example_latest_only.py
[2025-04-27T23:16:37.758-0300] {logging_mixin.py:188} INFO - [2025-04-27T23:16:37.758-0300] {dag.py:3096} INFO - Sync 1 DAGs
[2025-04-27T23:16:37.771-0300] {logging_mixin.py:188} INFO - [2025-04-27T23:16:37.771-0300] {dag.py:3954} INFO - Setting next_dagrun for latest_only to 2025-04-27 20:00:00+00:00, run_after=2025-04-28 00:00:00+00:00
[2025-04-27T23:16:37.786-0300] {processor.py:183} INFO - Processing /home/facuvega/Descargas/crypto-etl-airflow/airflow-apache/lib/python3.11/site-packages/airflow/example_dags/example_latest_only.py took 0.054 seconds
[2025-04-27T23:17:41.793-0300] {processor.py:161} INFO - Started process (PID=57738) to work on /home/facuvega/Descargas/crypto-etl-airflow/airflow-apache/lib/python3.11/site-packages/airflow/example_dags/example_latest_only.py
[2025-04-27T23:17:41.794-0300] {processor.py:830} INFO - Processing file /home/facuvega/Descargas/crypto-etl-airflow/airflow-apache/lib/python3.11/site-packages/airflow/example_dags/example_latest_only.py for tasks to queue
[2025-04-27T23:17:41.795-0300] {logging_mixin.py:188} INFO - [2025-04-27T23:17:41.795-0300] {dagbag.py:540} INFO - Filling up the DagBag from /home/facuvega/Descargas/crypto-etl-airflow/airflow-apache/lib/python3.11/site-packages/airflow/example_dags/example_latest_only.py
[2025-04-27T23:17:41.801-0300] {processor.py:840} INFO - DAG(s) 'latest_only' retrieved from /home/facuvega/Descargas/crypto-etl-airflow/airflow-apache/lib/python3.11/site-packages/airflow/example_dags/example_latest_only.py
[2025-04-27T23:17:41.815-0300] {logging_mixin.py:188} INFO - [2025-04-27T23:17:41.814-0300] {dag.py:3096} INFO - Sync 1 DAGs
[2025-04-27T23:17:41.830-0300] {logging_mixin.py:188} INFO - [2025-04-27T23:17:41.830-0300] {dag.py:3954} INFO - Setting next_dagrun for latest_only to 2025-04-27 20:00:00+00:00, run_after=2025-04-28 00:00:00+00:00
[2025-04-27T23:17:41.846-0300] {processor.py:183} INFO - Processing /home/facuvega/Descargas/crypto-etl-airflow/airflow-apache/lib/python3.11/site-packages/airflow/example_dags/example_latest_only.py took 0.061 seconds
[2025-04-27T23:18:51.030-0300] {processor.py:161} INFO - Started process (PID=58269) to work on /home/facuvega/Descargas/crypto-etl-airflow/airflow-apache/lib/python3.11/site-packages/airflow/example_dags/example_latest_only.py
[2025-04-27T23:18:51.032-0300] {processor.py:830} INFO - Processing file /home/facuvega/Descargas/crypto-etl-airflow/airflow-apache/lib/python3.11/site-packages/airflow/example_dags/example_latest_only.py for tasks to queue
[2025-04-27T23:18:51.034-0300] {logging_mixin.py:188} INFO - [2025-04-27T23:18:51.034-0300] {dagbag.py:540} INFO - Filling up the DagBag from /home/facuvega/Descargas/crypto-etl-airflow/airflow-apache/lib/python3.11/site-packages/airflow/example_dags/example_latest_only.py
[2025-04-27T23:18:51.046-0300] {processor.py:840} INFO - DAG(s) 'latest_only' retrieved from /home/facuvega/Descargas/crypto-etl-airflow/airflow-apache/lib/python3.11/site-packages/airflow/example_dags/example_latest_only.py
[2025-04-27T23:18:51.074-0300] {logging_mixin.py:188} INFO - [2025-04-27T23:18:51.074-0300] {dag.py:3096} INFO - Sync 1 DAGs
[2025-04-27T23:18:51.109-0300] {logging_mixin.py:188} INFO - [2025-04-27T23:18:51.108-0300] {dag.py:3954} INFO - Setting next_dagrun for latest_only to 2025-04-27 20:00:00+00:00, run_after=2025-04-28 00:00:00+00:00
[2025-04-27T23:18:51.138-0300] {processor.py:183} INFO - Processing /home/facuvega/Descargas/crypto-etl-airflow/airflow-apache/lib/python3.11/site-packages/airflow/example_dags/example_latest_only.py took 0.122 seconds
