[2025-04-27T23:00:48.905-0300] {processor.py:161} INFO - Started process (PID=51861) to work on /home/facuvega/Descargas/crypto-etl-airflow/airflow-apache/lib/python3.11/site-packages/airflow/example_dags/example_python_operator.py
[2025-04-27T23:00:48.905-0300] {processor.py:830} INFO - Processing file /home/facuvega/Descargas/crypto-etl-airflow/airflow-apache/lib/python3.11/site-packages/airflow/example_dags/example_python_operator.py for tasks to queue
[2025-04-27T23:00:48.907-0300] {logging_mixin.py:188} INFO - [2025-04-27T23:00:48.907-0300] {dagbag.py:540} INFO - Filling up the DagBag from /home/facuvega/Descargas/crypto-etl-airflow/airflow-apache/lib/python3.11/site-packages/airflow/example_dags/example_python_operator.py
[2025-04-27T23:00:48.916-0300] {processor.py:840} INFO - DAG(s) 'example_python_operator' retrieved from /home/facuvega/Descargas/crypto-etl-airflow/airflow-apache/lib/python3.11/site-packages/airflow/example_dags/example_python_operator.py
[2025-04-27T23:00:49.005-0300] {logging_mixin.py:188} INFO - [2025-04-27T23:00:49.005-0300] {dag.py:3096} INFO - Sync 1 DAGs
[2025-04-27T23:00:49.015-0300] {logging_mixin.py:188} INFO - [2025-04-27T23:00:49.015-0300] {dag.py:3954} INFO - Setting next_dagrun for example_python_operator to None, run_after=None
[2025-04-27T23:00:49.037-0300] {processor.py:183} INFO - Processing /home/facuvega/Descargas/crypto-etl-airflow/airflow-apache/lib/python3.11/site-packages/airflow/example_dags/example_python_operator.py took 0.137 seconds
[2025-04-27T23:05:46.992-0300] {processor.py:161} INFO - Started process (PID=53948) to work on /home/facuvega/Descargas/crypto-etl-airflow/airflow-apache/lib/python3.11/site-packages/airflow/example_dags/example_python_operator.py
[2025-04-27T23:05:46.993-0300] {processor.py:830} INFO - Processing file /home/facuvega/Descargas/crypto-etl-airflow/airflow-apache/lib/python3.11/site-packages/airflow/example_dags/example_python_operator.py for tasks to queue
[2025-04-27T23:05:46.994-0300] {logging_mixin.py:188} INFO - [2025-04-27T23:05:46.994-0300] {dagbag.py:540} INFO - Filling up the DagBag from /home/facuvega/Descargas/crypto-etl-airflow/airflow-apache/lib/python3.11/site-packages/airflow/example_dags/example_python_operator.py
[2025-04-27T23:05:47.003-0300] {processor.py:840} INFO - DAG(s) 'example_python_operator' retrieved from /home/facuvega/Descargas/crypto-etl-airflow/airflow-apache/lib/python3.11/site-packages/airflow/example_dags/example_python_operator.py
[2025-04-27T23:05:47.074-0300] {logging_mixin.py:188} INFO - [2025-04-27T23:05:47.074-0300] {dag.py:3096} INFO - Sync 1 DAGs
[2025-04-27T23:05:47.081-0300] {logging_mixin.py:188} INFO - [2025-04-27T23:05:47.081-0300] {dag.py:3954} INFO - Setting next_dagrun for example_python_operator to None, run_after=None
[2025-04-27T23:05:47.100-0300] {processor.py:183} INFO - Processing /home/facuvega/Descargas/crypto-etl-airflow/airflow-apache/lib/python3.11/site-packages/airflow/example_dags/example_python_operator.py took 0.114 seconds
[2025-04-27T23:06:36.905-0300] {processor.py:161} INFO - Started process (PID=54283) to work on /home/facuvega/Descargas/crypto-etl-airflow/airflow-apache/lib/python3.11/site-packages/airflow/example_dags/example_python_operator.py
[2025-04-27T23:06:36.906-0300] {processor.py:830} INFO - Processing file /home/facuvega/Descargas/crypto-etl-airflow/airflow-apache/lib/python3.11/site-packages/airflow/example_dags/example_python_operator.py for tasks to queue
[2025-04-27T23:06:36.908-0300] {logging_mixin.py:188} INFO - [2025-04-27T23:06:36.908-0300] {dagbag.py:540} INFO - Filling up the DagBag from /home/facuvega/Descargas/crypto-etl-airflow/airflow-apache/lib/python3.11/site-packages/airflow/example_dags/example_python_operator.py
[2025-04-27T23:06:36.918-0300] {processor.py:840} INFO - DAG(s) 'example_python_operator' retrieved from /home/facuvega/Descargas/crypto-etl-airflow/airflow-apache/lib/python3.11/site-packages/airflow/example_dags/example_python_operator.py
[2025-04-27T23:06:36.933-0300] {logging_mixin.py:188} INFO - [2025-04-27T23:06:36.933-0300] {dag.py:3096} INFO - Sync 1 DAGs
[2025-04-27T23:06:36.942-0300] {logging_mixin.py:188} INFO - [2025-04-27T23:06:36.942-0300] {dag.py:3954} INFO - Setting next_dagrun for example_python_operator to None, run_after=None
[2025-04-27T23:06:36.957-0300] {processor.py:183} INFO - Processing /home/facuvega/Descargas/crypto-etl-airflow/airflow-apache/lib/python3.11/site-packages/airflow/example_dags/example_python_operator.py took 0.059 seconds
[2025-04-27T23:07:26.006-0300] {processor.py:161} INFO - Started process (PID=54578) to work on /home/facuvega/Descargas/crypto-etl-airflow/airflow-apache/lib/python3.11/site-packages/airflow/example_dags/example_python_operator.py
[2025-04-27T23:07:26.007-0300] {processor.py:830} INFO - Processing file /home/facuvega/Descargas/crypto-etl-airflow/airflow-apache/lib/python3.11/site-packages/airflow/example_dags/example_python_operator.py for tasks to queue
[2025-04-27T23:07:26.008-0300] {logging_mixin.py:188} INFO - [2025-04-27T23:07:26.008-0300] {dagbag.py:540} INFO - Filling up the DagBag from /home/facuvega/Descargas/crypto-etl-airflow/airflow-apache/lib/python3.11/site-packages/airflow/example_dags/example_python_operator.py
[2025-04-27T23:07:26.020-0300] {processor.py:840} INFO - DAG(s) 'example_python_operator' retrieved from /home/facuvega/Descargas/crypto-etl-airflow/airflow-apache/lib/python3.11/site-packages/airflow/example_dags/example_python_operator.py
[2025-04-27T23:07:26.036-0300] {logging_mixin.py:188} INFO - [2025-04-27T23:07:26.036-0300] {dag.py:3096} INFO - Sync 1 DAGs
[2025-04-27T23:07:26.049-0300] {logging_mixin.py:188} INFO - [2025-04-27T23:07:26.048-0300] {dag.py:3954} INFO - Setting next_dagrun for example_python_operator to None, run_after=None
[2025-04-27T23:07:26.065-0300] {processor.py:183} INFO - Processing /home/facuvega/Descargas/crypto-etl-airflow/airflow-apache/lib/python3.11/site-packages/airflow/example_dags/example_python_operator.py took 0.064 seconds
[2025-04-27T23:08:26.929-0300] {processor.py:161} INFO - Started process (PID=54853) to work on /home/facuvega/Descargas/crypto-etl-airflow/airflow-apache/lib/python3.11/site-packages/airflow/example_dags/example_python_operator.py
[2025-04-27T23:08:26.930-0300] {processor.py:830} INFO - Processing file /home/facuvega/Descargas/crypto-etl-airflow/airflow-apache/lib/python3.11/site-packages/airflow/example_dags/example_python_operator.py for tasks to queue
[2025-04-27T23:08:26.931-0300] {logging_mixin.py:188} INFO - [2025-04-27T23:08:26.931-0300] {dagbag.py:540} INFO - Filling up the DagBag from /home/facuvega/Descargas/crypto-etl-airflow/airflow-apache/lib/python3.11/site-packages/airflow/example_dags/example_python_operator.py
[2025-04-27T23:08:26.940-0300] {processor.py:840} INFO - DAG(s) 'example_python_operator' retrieved from /home/facuvega/Descargas/crypto-etl-airflow/airflow-apache/lib/python3.11/site-packages/airflow/example_dags/example_python_operator.py
[2025-04-27T23:08:26.953-0300] {logging_mixin.py:188} INFO - [2025-04-27T23:08:26.953-0300] {dag.py:3096} INFO - Sync 1 DAGs
[2025-04-27T23:08:26.961-0300] {logging_mixin.py:188} INFO - [2025-04-27T23:08:26.961-0300] {dag.py:3954} INFO - Setting next_dagrun for example_python_operator to None, run_after=None
[2025-04-27T23:08:26.973-0300] {processor.py:183} INFO - Processing /home/facuvega/Descargas/crypto-etl-airflow/airflow-apache/lib/python3.11/site-packages/airflow/example_dags/example_python_operator.py took 0.050 seconds
[2025-04-27T23:09:29.159-0300] {processor.py:161} INFO - Started process (PID=55126) to work on /home/facuvega/Descargas/crypto-etl-airflow/airflow-apache/lib/python3.11/site-packages/airflow/example_dags/example_python_operator.py
[2025-04-27T23:09:29.160-0300] {processor.py:830} INFO - Processing file /home/facuvega/Descargas/crypto-etl-airflow/airflow-apache/lib/python3.11/site-packages/airflow/example_dags/example_python_operator.py for tasks to queue
[2025-04-27T23:09:29.162-0300] {logging_mixin.py:188} INFO - [2025-04-27T23:09:29.162-0300] {dagbag.py:540} INFO - Filling up the DagBag from /home/facuvega/Descargas/crypto-etl-airflow/airflow-apache/lib/python3.11/site-packages/airflow/example_dags/example_python_operator.py
[2025-04-27T23:09:29.171-0300] {processor.py:840} INFO - DAG(s) 'example_python_operator' retrieved from /home/facuvega/Descargas/crypto-etl-airflow/airflow-apache/lib/python3.11/site-packages/airflow/example_dags/example_python_operator.py
[2025-04-27T23:09:29.189-0300] {logging_mixin.py:188} INFO - [2025-04-27T23:09:29.189-0300] {dag.py:3096} INFO - Sync 1 DAGs
[2025-04-27T23:09:29.202-0300] {logging_mixin.py:188} INFO - [2025-04-27T23:09:29.202-0300] {dag.py:3954} INFO - Setting next_dagrun for example_python_operator to None, run_after=None
[2025-04-27T23:09:29.217-0300] {processor.py:183} INFO - Processing /home/facuvega/Descargas/crypto-etl-airflow/airflow-apache/lib/python3.11/site-packages/airflow/example_dags/example_python_operator.py took 0.063 seconds
[2025-04-27T23:10:28.311-0300] {processor.py:161} INFO - Started process (PID=55466) to work on /home/facuvega/Descargas/crypto-etl-airflow/airflow-apache/lib/python3.11/site-packages/airflow/example_dags/example_python_operator.py
[2025-04-27T23:10:28.312-0300] {processor.py:830} INFO - Processing file /home/facuvega/Descargas/crypto-etl-airflow/airflow-apache/lib/python3.11/site-packages/airflow/example_dags/example_python_operator.py for tasks to queue
[2025-04-27T23:10:28.314-0300] {logging_mixin.py:188} INFO - [2025-04-27T23:10:28.314-0300] {dagbag.py:540} INFO - Filling up the DagBag from /home/facuvega/Descargas/crypto-etl-airflow/airflow-apache/lib/python3.11/site-packages/airflow/example_dags/example_python_operator.py
[2025-04-27T23:10:28.322-0300] {processor.py:840} INFO - DAG(s) 'example_python_operator' retrieved from /home/facuvega/Descargas/crypto-etl-airflow/airflow-apache/lib/python3.11/site-packages/airflow/example_dags/example_python_operator.py
[2025-04-27T23:10:28.335-0300] {logging_mixin.py:188} INFO - [2025-04-27T23:10:28.335-0300] {dag.py:3096} INFO - Sync 1 DAGs
[2025-04-27T23:10:28.344-0300] {logging_mixin.py:188} INFO - [2025-04-27T23:10:28.344-0300] {dag.py:3954} INFO - Setting next_dagrun for example_python_operator to None, run_after=None
[2025-04-27T23:10:28.357-0300] {processor.py:183} INFO - Processing /home/facuvega/Descargas/crypto-etl-airflow/airflow-apache/lib/python3.11/site-packages/airflow/example_dags/example_python_operator.py took 0.051 seconds
[2025-04-27T23:11:28.128-0300] {processor.py:161} INFO - Started process (PID=55868) to work on /home/facuvega/Descargas/crypto-etl-airflow/airflow-apache/lib/python3.11/site-packages/airflow/example_dags/example_python_operator.py
[2025-04-27T23:11:28.129-0300] {processor.py:830} INFO - Processing file /home/facuvega/Descargas/crypto-etl-airflow/airflow-apache/lib/python3.11/site-packages/airflow/example_dags/example_python_operator.py for tasks to queue
[2025-04-27T23:11:28.131-0300] {logging_mixin.py:188} INFO - [2025-04-27T23:11:28.130-0300] {dagbag.py:540} INFO - Filling up the DagBag from /home/facuvega/Descargas/crypto-etl-airflow/airflow-apache/lib/python3.11/site-packages/airflow/example_dags/example_python_operator.py
[2025-04-27T23:11:28.142-0300] {processor.py:840} INFO - DAG(s) 'example_python_operator' retrieved from /home/facuvega/Descargas/crypto-etl-airflow/airflow-apache/lib/python3.11/site-packages/airflow/example_dags/example_python_operator.py
[2025-04-27T23:11:28.163-0300] {logging_mixin.py:188} INFO - [2025-04-27T23:11:28.163-0300] {dag.py:3096} INFO - Sync 1 DAGs
[2025-04-27T23:11:28.174-0300] {logging_mixin.py:188} INFO - [2025-04-27T23:11:28.174-0300] {dag.py:3954} INFO - Setting next_dagrun for example_python_operator to None, run_after=None
[2025-04-27T23:11:28.196-0300] {processor.py:183} INFO - Processing /home/facuvega/Descargas/crypto-etl-airflow/airflow-apache/lib/python3.11/site-packages/airflow/example_dags/example_python_operator.py took 0.073 seconds
[2025-04-27T23:12:25.756-0300] {processor.py:161} INFO - Started process (PID=56141) to work on /home/facuvega/Descargas/crypto-etl-airflow/airflow-apache/lib/python3.11/site-packages/airflow/example_dags/example_python_operator.py
[2025-04-27T23:12:25.758-0300] {processor.py:830} INFO - Processing file /home/facuvega/Descargas/crypto-etl-airflow/airflow-apache/lib/python3.11/site-packages/airflow/example_dags/example_python_operator.py for tasks to queue
[2025-04-27T23:12:25.759-0300] {logging_mixin.py:188} INFO - [2025-04-27T23:12:25.759-0300] {dagbag.py:540} INFO - Filling up the DagBag from /home/facuvega/Descargas/crypto-etl-airflow/airflow-apache/lib/python3.11/site-packages/airflow/example_dags/example_python_operator.py
[2025-04-27T23:12:25.768-0300] {processor.py:840} INFO - DAG(s) 'example_python_operator' retrieved from /home/facuvega/Descargas/crypto-etl-airflow/airflow-apache/lib/python3.11/site-packages/airflow/example_dags/example_python_operator.py
[2025-04-27T23:12:25.782-0300] {logging_mixin.py:188} INFO - [2025-04-27T23:12:25.782-0300] {dag.py:3096} INFO - Sync 1 DAGs
[2025-04-27T23:12:25.795-0300] {logging_mixin.py:188} INFO - [2025-04-27T23:12:25.795-0300] {dag.py:3954} INFO - Setting next_dagrun for example_python_operator to None, run_after=None
[2025-04-27T23:12:25.809-0300] {processor.py:183} INFO - Processing /home/facuvega/Descargas/crypto-etl-airflow/airflow-apache/lib/python3.11/site-packages/airflow/example_dags/example_python_operator.py took 0.059 seconds
[2025-04-27T23:13:24.939-0300] {processor.py:161} INFO - Started process (PID=56436) to work on /home/facuvega/Descargas/crypto-etl-airflow/airflow-apache/lib/python3.11/site-packages/airflow/example_dags/example_python_operator.py
[2025-04-27T23:13:24.940-0300] {processor.py:830} INFO - Processing file /home/facuvega/Descargas/crypto-etl-airflow/airflow-apache/lib/python3.11/site-packages/airflow/example_dags/example_python_operator.py for tasks to queue
[2025-04-27T23:13:24.941-0300] {logging_mixin.py:188} INFO - [2025-04-27T23:13:24.941-0300] {dagbag.py:540} INFO - Filling up the DagBag from /home/facuvega/Descargas/crypto-etl-airflow/airflow-apache/lib/python3.11/site-packages/airflow/example_dags/example_python_operator.py
[2025-04-27T23:13:24.950-0300] {processor.py:840} INFO - DAG(s) 'example_python_operator' retrieved from /home/facuvega/Descargas/crypto-etl-airflow/airflow-apache/lib/python3.11/site-packages/airflow/example_dags/example_python_operator.py
[2025-04-27T23:13:24.963-0300] {logging_mixin.py:188} INFO - [2025-04-27T23:13:24.962-0300] {dag.py:3096} INFO - Sync 1 DAGs
[2025-04-27T23:13:24.970-0300] {logging_mixin.py:188} INFO - [2025-04-27T23:13:24.970-0300] {dag.py:3954} INFO - Setting next_dagrun for example_python_operator to None, run_after=None
[2025-04-27T23:13:24.983-0300] {processor.py:183} INFO - Processing /home/facuvega/Descargas/crypto-etl-airflow/airflow-apache/lib/python3.11/site-packages/airflow/example_dags/example_python_operator.py took 0.049 seconds
[2025-04-27T23:14:10.223-0300] {processor.py:161} INFO - Started process (PID=56641) to work on /home/facuvega/Descargas/crypto-etl-airflow/airflow-apache/lib/python3.11/site-packages/airflow/example_dags/example_python_operator.py
[2025-04-27T23:14:10.224-0300] {processor.py:830} INFO - Processing file /home/facuvega/Descargas/crypto-etl-airflow/airflow-apache/lib/python3.11/site-packages/airflow/example_dags/example_python_operator.py for tasks to queue
[2025-04-27T23:14:10.227-0300] {logging_mixin.py:188} INFO - [2025-04-27T23:14:10.226-0300] {dagbag.py:540} INFO - Filling up the DagBag from /home/facuvega/Descargas/crypto-etl-airflow/airflow-apache/lib/python3.11/site-packages/airflow/example_dags/example_python_operator.py
[2025-04-27T23:14:10.241-0300] {processor.py:840} INFO - DAG(s) 'example_python_operator' retrieved from /home/facuvega/Descargas/crypto-etl-airflow/airflow-apache/lib/python3.11/site-packages/airflow/example_dags/example_python_operator.py
[2025-04-27T23:14:10.261-0300] {logging_mixin.py:188} INFO - [2025-04-27T23:14:10.261-0300] {dag.py:3096} INFO - Sync 1 DAGs
[2025-04-27T23:14:10.273-0300] {logging_mixin.py:188} INFO - [2025-04-27T23:14:10.273-0300] {dag.py:3954} INFO - Setting next_dagrun for example_python_operator to None, run_after=None
[2025-04-27T23:14:10.295-0300] {processor.py:183} INFO - Processing /home/facuvega/Descargas/crypto-etl-airflow/airflow-apache/lib/python3.11/site-packages/airflow/example_dags/example_python_operator.py took 0.079 seconds
[2025-04-27T23:14:57.541-0300] {processor.py:161} INFO - Started process (PID=56860) to work on /home/facuvega/Descargas/crypto-etl-airflow/airflow-apache/lib/python3.11/site-packages/airflow/example_dags/example_python_operator.py
[2025-04-27T23:14:57.542-0300] {processor.py:830} INFO - Processing file /home/facuvega/Descargas/crypto-etl-airflow/airflow-apache/lib/python3.11/site-packages/airflow/example_dags/example_python_operator.py for tasks to queue
[2025-04-27T23:14:57.544-0300] {logging_mixin.py:188} INFO - [2025-04-27T23:14:57.543-0300] {dagbag.py:540} INFO - Filling up the DagBag from /home/facuvega/Descargas/crypto-etl-airflow/airflow-apache/lib/python3.11/site-packages/airflow/example_dags/example_python_operator.py
[2025-04-27T23:14:57.553-0300] {processor.py:840} INFO - DAG(s) 'example_python_operator' retrieved from /home/facuvega/Descargas/crypto-etl-airflow/airflow-apache/lib/python3.11/site-packages/airflow/example_dags/example_python_operator.py
[2025-04-27T23:14:57.566-0300] {logging_mixin.py:188} INFO - [2025-04-27T23:14:57.566-0300] {dag.py:3096} INFO - Sync 1 DAGs
[2025-04-27T23:14:57.574-0300] {logging_mixin.py:188} INFO - [2025-04-27T23:14:57.574-0300] {dag.py:3954} INFO - Setting next_dagrun for example_python_operator to None, run_after=None
[2025-04-27T23:14:57.586-0300] {processor.py:183} INFO - Processing /home/facuvega/Descargas/crypto-etl-airflow/airflow-apache/lib/python3.11/site-packages/airflow/example_dags/example_python_operator.py took 0.050 seconds
[2025-04-27T23:15:52.446-0300] {processor.py:161} INFO - Started process (PID=57169) to work on /home/facuvega/Descargas/crypto-etl-airflow/airflow-apache/lib/python3.11/site-packages/airflow/example_dags/example_python_operator.py
[2025-04-27T23:15:52.447-0300] {processor.py:830} INFO - Processing file /home/facuvega/Descargas/crypto-etl-airflow/airflow-apache/lib/python3.11/site-packages/airflow/example_dags/example_python_operator.py for tasks to queue
[2025-04-27T23:15:52.449-0300] {logging_mixin.py:188} INFO - [2025-04-27T23:15:52.448-0300] {dagbag.py:540} INFO - Filling up the DagBag from /home/facuvega/Descargas/crypto-etl-airflow/airflow-apache/lib/python3.11/site-packages/airflow/example_dags/example_python_operator.py
[2025-04-27T23:15:52.458-0300] {processor.py:840} INFO - DAG(s) 'example_python_operator' retrieved from /home/facuvega/Descargas/crypto-etl-airflow/airflow-apache/lib/python3.11/site-packages/airflow/example_dags/example_python_operator.py
[2025-04-27T23:15:52.472-0300] {logging_mixin.py:188} INFO - [2025-04-27T23:15:52.472-0300] {dag.py:3096} INFO - Sync 1 DAGs
[2025-04-27T23:15:52.480-0300] {logging_mixin.py:188} INFO - [2025-04-27T23:15:52.479-0300] {dag.py:3954} INFO - Setting next_dagrun for example_python_operator to None, run_after=None
[2025-04-27T23:15:52.493-0300] {processor.py:183} INFO - Processing /home/facuvega/Descargas/crypto-etl-airflow/airflow-apache/lib/python3.11/site-packages/airflow/example_dags/example_python_operator.py took 0.052 seconds
[2025-04-27T23:16:51.548-0300] {processor.py:161} INFO - Started process (PID=57463) to work on /home/facuvega/Descargas/crypto-etl-airflow/airflow-apache/lib/python3.11/site-packages/airflow/example_dags/example_python_operator.py
[2025-04-27T23:16:51.556-0300] {processor.py:830} INFO - Processing file /home/facuvega/Descargas/crypto-etl-airflow/airflow-apache/lib/python3.11/site-packages/airflow/example_dags/example_python_operator.py for tasks to queue
[2025-04-27T23:16:51.558-0300] {logging_mixin.py:188} INFO - [2025-04-27T23:16:51.557-0300] {dagbag.py:540} INFO - Filling up the DagBag from /home/facuvega/Descargas/crypto-etl-airflow/airflow-apache/lib/python3.11/site-packages/airflow/example_dags/example_python_operator.py
[2025-04-27T23:16:51.587-0300] {processor.py:840} INFO - DAG(s) 'example_python_operator' retrieved from /home/facuvega/Descargas/crypto-etl-airflow/airflow-apache/lib/python3.11/site-packages/airflow/example_dags/example_python_operator.py
[2025-04-27T23:16:51.627-0300] {logging_mixin.py:188} INFO - [2025-04-27T23:16:51.626-0300] {dag.py:3096} INFO - Sync 1 DAGs
[2025-04-27T23:16:51.642-0300] {logging_mixin.py:188} INFO - [2025-04-27T23:16:51.642-0300] {dag.py:3954} INFO - Setting next_dagrun for example_python_operator to None, run_after=None
[2025-04-27T23:16:51.669-0300] {processor.py:183} INFO - Processing /home/facuvega/Descargas/crypto-etl-airflow/airflow-apache/lib/python3.11/site-packages/airflow/example_dags/example_python_operator.py took 0.134 seconds
[2025-04-27T23:17:55.563-0300] {processor.py:161} INFO - Started process (PID=57856) to work on /home/facuvega/Descargas/crypto-etl-airflow/airflow-apache/lib/python3.11/site-packages/airflow/example_dags/example_python_operator.py
[2025-04-27T23:17:55.564-0300] {processor.py:830} INFO - Processing file /home/facuvega/Descargas/crypto-etl-airflow/airflow-apache/lib/python3.11/site-packages/airflow/example_dags/example_python_operator.py for tasks to queue
[2025-04-27T23:17:55.565-0300] {logging_mixin.py:188} INFO - [2025-04-27T23:17:55.565-0300] {dagbag.py:540} INFO - Filling up the DagBag from /home/facuvega/Descargas/crypto-etl-airflow/airflow-apache/lib/python3.11/site-packages/airflow/example_dags/example_python_operator.py
[2025-04-27T23:17:55.575-0300] {processor.py:840} INFO - DAG(s) 'example_python_operator' retrieved from /home/facuvega/Descargas/crypto-etl-airflow/airflow-apache/lib/python3.11/site-packages/airflow/example_dags/example_python_operator.py
[2025-04-27T23:17:55.591-0300] {logging_mixin.py:188} INFO - [2025-04-27T23:17:55.591-0300] {dag.py:3096} INFO - Sync 1 DAGs
[2025-04-27T23:17:55.604-0300] {logging_mixin.py:188} INFO - [2025-04-27T23:17:55.603-0300] {dag.py:3954} INFO - Setting next_dagrun for example_python_operator to None, run_after=None
[2025-04-27T23:17:55.618-0300] {processor.py:183} INFO - Processing /home/facuvega/Descargas/crypto-etl-airflow/airflow-apache/lib/python3.11/site-packages/airflow/example_dags/example_python_operator.py took 0.060 seconds
[2025-04-27T23:18:42.261-0300] {processor.py:161} INFO - Started process (PID=58161) to work on /home/facuvega/Descargas/crypto-etl-airflow/airflow-apache/lib/python3.11/site-packages/airflow/example_dags/example_python_operator.py
[2025-04-27T23:18:42.262-0300] {processor.py:830} INFO - Processing file /home/facuvega/Descargas/crypto-etl-airflow/airflow-apache/lib/python3.11/site-packages/airflow/example_dags/example_python_operator.py for tasks to queue
[2025-04-27T23:18:42.264-0300] {logging_mixin.py:188} INFO - [2025-04-27T23:18:42.264-0300] {dagbag.py:540} INFO - Filling up the DagBag from /home/facuvega/Descargas/crypto-etl-airflow/airflow-apache/lib/python3.11/site-packages/airflow/example_dags/example_python_operator.py
[2025-04-27T23:18:42.273-0300] {processor.py:840} INFO - DAG(s) 'example_python_operator' retrieved from /home/facuvega/Descargas/crypto-etl-airflow/airflow-apache/lib/python3.11/site-packages/airflow/example_dags/example_python_operator.py
[2025-04-27T23:18:42.287-0300] {logging_mixin.py:188} INFO - [2025-04-27T23:18:42.287-0300] {dag.py:3096} INFO - Sync 1 DAGs
[2025-04-27T23:18:42.295-0300] {logging_mixin.py:188} INFO - [2025-04-27T23:18:42.295-0300] {dag.py:3954} INFO - Setting next_dagrun for example_python_operator to None, run_after=None
[2025-04-27T23:18:42.308-0300] {processor.py:183} INFO - Processing /home/facuvega/Descargas/crypto-etl-airflow/airflow-apache/lib/python3.11/site-packages/airflow/example_dags/example_python_operator.py took 0.052 seconds
