[2025-04-27T23:00:25.570-0300] {processor.py:161} INFO - Started process (PID=51708) to work on /home/facuvega/Descargas/crypto-etl-airflow/airflow-apache/lib/python3.11/site-packages/airflow/example_dags/example_xcom.py
[2025-04-27T23:00:25.571-0300] {processor.py:830} INFO - Processing file /home/facuvega/Descargas/crypto-etl-airflow/airflow-apache/lib/python3.11/site-packages/airflow/example_dags/example_xcom.py for tasks to queue
[2025-04-27T23:00:25.573-0300] {logging_mixin.py:188} INFO - [2025-04-27T23:00:25.572-0300] {dagbag.py:540} INFO - Filling up the DagBag from /home/facuvega/Descargas/crypto-etl-airflow/airflow-apache/lib/python3.11/site-packages/airflow/example_dags/example_xcom.py
[2025-04-27T23:00:25.583-0300] {processor.py:840} INFO - DAG(s) 'example_xcom' retrieved from /home/facuvega/Descargas/crypto-etl-airflow/airflow-apache/lib/python3.11/site-packages/airflow/example_dags/example_xcom.py
[2025-04-27T23:00:25.590-0300] {logging_mixin.py:188} INFO - [2025-04-27T23:00:25.590-0300] {dag.py:3096} INFO - Sync 1 DAGs
[2025-04-27T23:00:25.605-0300] {logging_mixin.py:188} INFO - [2025-04-27T23:00:25.604-0300] {dag.py:3954} INFO - Setting next_dagrun for example_xcom to 2021-01-01 00:00:00+00:00, run_after=2021-01-01 00:00:00+00:00
[2025-04-27T23:00:25.621-0300] {processor.py:183} INFO - Processing /home/facuvega/Descargas/crypto-etl-airflow/airflow-apache/lib/python3.11/site-packages/airflow/example_dags/example_xcom.py took 0.057 seconds
[2025-04-27T23:05:23.103-0300] {processor.py:161} INFO - Started process (PID=53658) to work on /home/facuvega/Descargas/crypto-etl-airflow/airflow-apache/lib/python3.11/site-packages/airflow/example_dags/example_xcom.py
[2025-04-27T23:05:23.104-0300] {processor.py:830} INFO - Processing file /home/facuvega/Descargas/crypto-etl-airflow/airflow-apache/lib/python3.11/site-packages/airflow/example_dags/example_xcom.py for tasks to queue
[2025-04-27T23:05:23.105-0300] {logging_mixin.py:188} INFO - [2025-04-27T23:05:23.105-0300] {dagbag.py:540} INFO - Filling up the DagBag from /home/facuvega/Descargas/crypto-etl-airflow/airflow-apache/lib/python3.11/site-packages/airflow/example_dags/example_xcom.py
[2025-04-27T23:05:23.116-0300] {processor.py:840} INFO - DAG(s) 'example_xcom' retrieved from /home/facuvega/Descargas/crypto-etl-airflow/airflow-apache/lib/python3.11/site-packages/airflow/example_dags/example_xcom.py
[2025-04-27T23:05:23.355-0300] {logging_mixin.py:188} INFO - [2025-04-27T23:05:23.355-0300] {dag.py:3096} INFO - Sync 1 DAGs
[2025-04-27T23:05:23.366-0300] {logging_mixin.py:188} INFO - [2025-04-27T23:05:23.366-0300] {dag.py:3954} INFO - Setting next_dagrun for example_xcom to 2021-01-01 00:00:00+00:00, run_after=2021-01-01 00:00:00+00:00
[2025-04-27T23:05:23.378-0300] {processor.py:183} INFO - Processing /home/facuvega/Descargas/crypto-etl-airflow/airflow-apache/lib/python3.11/site-packages/airflow/example_dags/example_xcom.py took 0.280 seconds
[2025-04-27T23:06:16.751-0300] {processor.py:161} INFO - Started process (PID=54086) to work on /home/facuvega/Descargas/crypto-etl-airflow/airflow-apache/lib/python3.11/site-packages/airflow/example_dags/example_xcom.py
[2025-04-27T23:06:16.752-0300] {processor.py:830} INFO - Processing file /home/facuvega/Descargas/crypto-etl-airflow/airflow-apache/lib/python3.11/site-packages/airflow/example_dags/example_xcom.py for tasks to queue
[2025-04-27T23:06:16.753-0300] {logging_mixin.py:188} INFO - [2025-04-27T23:06:16.753-0300] {dagbag.py:540} INFO - Filling up the DagBag from /home/facuvega/Descargas/crypto-etl-airflow/airflow-apache/lib/python3.11/site-packages/airflow/example_dags/example_xcom.py
[2025-04-27T23:06:16.761-0300] {processor.py:840} INFO - DAG(s) 'example_xcom' retrieved from /home/facuvega/Descargas/crypto-etl-airflow/airflow-apache/lib/python3.11/site-packages/airflow/example_dags/example_xcom.py
[2025-04-27T23:06:16.775-0300] {logging_mixin.py:188} INFO - [2025-04-27T23:06:16.775-0300] {dag.py:3096} INFO - Sync 1 DAGs
[2025-04-27T23:06:16.788-0300] {logging_mixin.py:188} INFO - [2025-04-27T23:06:16.788-0300] {dag.py:3954} INFO - Setting next_dagrun for example_xcom to 2021-01-01 00:00:00+00:00, run_after=2021-01-01 00:00:00+00:00
[2025-04-27T23:06:16.803-0300] {processor.py:183} INFO - Processing /home/facuvega/Descargas/crypto-etl-airflow/airflow-apache/lib/python3.11/site-packages/airflow/example_dags/example_xcom.py took 0.059 seconds
[2025-04-27T23:06:58.345-0300] {processor.py:161} INFO - Started process (PID=54451) to work on /home/facuvega/Descargas/crypto-etl-airflow/airflow-apache/lib/python3.11/site-packages/airflow/example_dags/example_xcom.py
[2025-04-27T23:06:58.346-0300] {processor.py:830} INFO - Processing file /home/facuvega/Descargas/crypto-etl-airflow/airflow-apache/lib/python3.11/site-packages/airflow/example_dags/example_xcom.py for tasks to queue
[2025-04-27T23:06:58.348-0300] {logging_mixin.py:188} INFO - [2025-04-27T23:06:58.347-0300] {dagbag.py:540} INFO - Filling up the DagBag from /home/facuvega/Descargas/crypto-etl-airflow/airflow-apache/lib/python3.11/site-packages/airflow/example_dags/example_xcom.py
[2025-04-27T23:06:58.354-0300] {processor.py:840} INFO - DAG(s) 'example_xcom' retrieved from /home/facuvega/Descargas/crypto-etl-airflow/airflow-apache/lib/python3.11/site-packages/airflow/example_dags/example_xcom.py
[2025-04-27T23:06:58.369-0300] {logging_mixin.py:188} INFO - [2025-04-27T23:06:58.368-0300] {dag.py:3096} INFO - Sync 1 DAGs
[2025-04-27T23:06:58.382-0300] {logging_mixin.py:188} INFO - [2025-04-27T23:06:58.382-0300] {dag.py:3954} INFO - Setting next_dagrun for example_xcom to 2021-01-01 00:00:00+00:00, run_after=2021-01-01 00:00:00+00:00
[2025-04-27T23:06:58.396-0300] {processor.py:183} INFO - Processing /home/facuvega/Descargas/crypto-etl-airflow/airflow-apache/lib/python3.11/site-packages/airflow/example_dags/example_xcom.py took 0.057 seconds
[2025-04-27T23:07:38.662-0300] {processor.py:161} INFO - Started process (PID=54634) to work on /home/facuvega/Descargas/crypto-etl-airflow/airflow-apache/lib/python3.11/site-packages/airflow/example_dags/example_xcom.py
[2025-04-27T23:07:38.663-0300] {processor.py:830} INFO - Processing file /home/facuvega/Descargas/crypto-etl-airflow/airflow-apache/lib/python3.11/site-packages/airflow/example_dags/example_xcom.py for tasks to queue
[2025-04-27T23:07:38.665-0300] {logging_mixin.py:188} INFO - [2025-04-27T23:07:38.664-0300] {dagbag.py:540} INFO - Filling up the DagBag from /home/facuvega/Descargas/crypto-etl-airflow/airflow-apache/lib/python3.11/site-packages/airflow/example_dags/example_xcom.py
[2025-04-27T23:07:38.681-0300] {processor.py:840} INFO - DAG(s) 'example_xcom' retrieved from /home/facuvega/Descargas/crypto-etl-airflow/airflow-apache/lib/python3.11/site-packages/airflow/example_dags/example_xcom.py
[2025-04-27T23:07:38.702-0300] {logging_mixin.py:188} INFO - [2025-04-27T23:07:38.702-0300] {dag.py:3096} INFO - Sync 1 DAGs
[2025-04-27T23:07:38.718-0300] {logging_mixin.py:188} INFO - [2025-04-27T23:07:38.717-0300] {dag.py:3954} INFO - Setting next_dagrun for example_xcom to 2021-01-01 00:00:00+00:00, run_after=2021-01-01 00:00:00+00:00
[2025-04-27T23:07:38.732-0300] {processor.py:183} INFO - Processing /home/facuvega/Descargas/crypto-etl-airflow/airflow-apache/lib/python3.11/site-packages/airflow/example_dags/example_xcom.py took 0.075 seconds
[2025-04-27T23:08:18.378-0300] {processor.py:161} INFO - Started process (PID=54809) to work on /home/facuvega/Descargas/crypto-etl-airflow/airflow-apache/lib/python3.11/site-packages/airflow/example_dags/example_xcom.py
[2025-04-27T23:08:18.379-0300] {processor.py:830} INFO - Processing file /home/facuvega/Descargas/crypto-etl-airflow/airflow-apache/lib/python3.11/site-packages/airflow/example_dags/example_xcom.py for tasks to queue
[2025-04-27T23:08:18.380-0300] {logging_mixin.py:188} INFO - [2025-04-27T23:08:18.380-0300] {dagbag.py:540} INFO - Filling up the DagBag from /home/facuvega/Descargas/crypto-etl-airflow/airflow-apache/lib/python3.11/site-packages/airflow/example_dags/example_xcom.py
[2025-04-27T23:08:18.387-0300] {processor.py:840} INFO - DAG(s) 'example_xcom' retrieved from /home/facuvega/Descargas/crypto-etl-airflow/airflow-apache/lib/python3.11/site-packages/airflow/example_dags/example_xcom.py
[2025-04-27T23:08:18.399-0300] {logging_mixin.py:188} INFO - [2025-04-27T23:08:18.399-0300] {dag.py:3096} INFO - Sync 1 DAGs
[2025-04-27T23:08:18.412-0300] {logging_mixin.py:188} INFO - [2025-04-27T23:08:18.412-0300] {dag.py:3954} INFO - Setting next_dagrun for example_xcom to 2021-01-01 00:00:00+00:00, run_after=2021-01-01 00:00:00+00:00
[2025-04-27T23:08:18.425-0300] {processor.py:183} INFO - Processing /home/facuvega/Descargas/crypto-etl-airflow/airflow-apache/lib/python3.11/site-packages/airflow/example_dags/example_xcom.py took 0.052 seconds
[2025-04-27T23:09:01.229-0300] {processor.py:161} INFO - Started process (PID=55007) to work on /home/facuvega/Descargas/crypto-etl-airflow/airflow-apache/lib/python3.11/site-packages/airflow/example_dags/example_xcom.py
[2025-04-27T23:09:01.230-0300] {processor.py:830} INFO - Processing file /home/facuvega/Descargas/crypto-etl-airflow/airflow-apache/lib/python3.11/site-packages/airflow/example_dags/example_xcom.py for tasks to queue
[2025-04-27T23:09:01.232-0300] {logging_mixin.py:188} INFO - [2025-04-27T23:09:01.231-0300] {dagbag.py:540} INFO - Filling up the DagBag from /home/facuvega/Descargas/crypto-etl-airflow/airflow-apache/lib/python3.11/site-packages/airflow/example_dags/example_xcom.py
[2025-04-27T23:09:01.238-0300] {processor.py:840} INFO - DAG(s) 'example_xcom' retrieved from /home/facuvega/Descargas/crypto-etl-airflow/airflow-apache/lib/python3.11/site-packages/airflow/example_dags/example_xcom.py
[2025-04-27T23:09:01.251-0300] {logging_mixin.py:188} INFO - [2025-04-27T23:09:01.251-0300] {dag.py:3096} INFO - Sync 1 DAGs
[2025-04-27T23:09:01.266-0300] {logging_mixin.py:188} INFO - [2025-04-27T23:09:01.265-0300] {dag.py:3954} INFO - Setting next_dagrun for example_xcom to 2021-01-01 00:00:00+00:00, run_after=2021-01-01 00:00:00+00:00
[2025-04-27T23:09:01.279-0300] {processor.py:183} INFO - Processing /home/facuvega/Descargas/crypto-etl-airflow/airflow-apache/lib/python3.11/site-packages/airflow/example_dags/example_xcom.py took 0.054 seconds
[2025-04-27T23:09:44.306-0300] {processor.py:161} INFO - Started process (PID=55199) to work on /home/facuvega/Descargas/crypto-etl-airflow/airflow-apache/lib/python3.11/site-packages/airflow/example_dags/example_xcom.py
[2025-04-27T23:09:44.307-0300] {processor.py:830} INFO - Processing file /home/facuvega/Descargas/crypto-etl-airflow/airflow-apache/lib/python3.11/site-packages/airflow/example_dags/example_xcom.py for tasks to queue
[2025-04-27T23:09:44.309-0300] {logging_mixin.py:188} INFO - [2025-04-27T23:09:44.309-0300] {dagbag.py:540} INFO - Filling up the DagBag from /home/facuvega/Descargas/crypto-etl-airflow/airflow-apache/lib/python3.11/site-packages/airflow/example_dags/example_xcom.py
[2025-04-27T23:09:44.316-0300] {processor.py:840} INFO - DAG(s) 'example_xcom' retrieved from /home/facuvega/Descargas/crypto-etl-airflow/airflow-apache/lib/python3.11/site-packages/airflow/example_dags/example_xcom.py
[2025-04-27T23:09:44.330-0300] {logging_mixin.py:188} INFO - [2025-04-27T23:09:44.329-0300] {dag.py:3096} INFO - Sync 1 DAGs
[2025-04-27T23:09:44.343-0300] {logging_mixin.py:188} INFO - [2025-04-27T23:09:44.343-0300] {dag.py:3954} INFO - Setting next_dagrun for example_xcom to 2021-01-01 00:00:00+00:00, run_after=2021-01-01 00:00:00+00:00
[2025-04-27T23:09:44.358-0300] {processor.py:183} INFO - Processing /home/facuvega/Descargas/crypto-etl-airflow/airflow-apache/lib/python3.11/site-packages/airflow/example_dags/example_xcom.py took 0.057 seconds
[2025-04-27T23:10:22.600-0300] {processor.py:161} INFO - Started process (PID=55447) to work on /home/facuvega/Descargas/crypto-etl-airflow/airflow-apache/lib/python3.11/site-packages/airflow/example_dags/example_xcom.py
[2025-04-27T23:10:22.601-0300] {processor.py:830} INFO - Processing file /home/facuvega/Descargas/crypto-etl-airflow/airflow-apache/lib/python3.11/site-packages/airflow/example_dags/example_xcom.py for tasks to queue
[2025-04-27T23:10:22.602-0300] {logging_mixin.py:188} INFO - [2025-04-27T23:10:22.602-0300] {dagbag.py:540} INFO - Filling up the DagBag from /home/facuvega/Descargas/crypto-etl-airflow/airflow-apache/lib/python3.11/site-packages/airflow/example_dags/example_xcom.py
[2025-04-27T23:10:22.609-0300] {processor.py:840} INFO - DAG(s) 'example_xcom' retrieved from /home/facuvega/Descargas/crypto-etl-airflow/airflow-apache/lib/python3.11/site-packages/airflow/example_dags/example_xcom.py
[2025-04-27T23:10:22.623-0300] {logging_mixin.py:188} INFO - [2025-04-27T23:10:22.622-0300] {dag.py:3096} INFO - Sync 1 DAGs
[2025-04-27T23:10:22.637-0300] {logging_mixin.py:188} INFO - [2025-04-27T23:10:22.636-0300] {dag.py:3954} INFO - Setting next_dagrun for example_xcom to 2021-01-01 00:00:00+00:00, run_after=2021-01-01 00:00:00+00:00
[2025-04-27T23:10:22.651-0300] {processor.py:183} INFO - Processing /home/facuvega/Descargas/crypto-etl-airflow/airflow-apache/lib/python3.11/site-packages/airflow/example_dags/example_xcom.py took 0.057 seconds
[2025-04-27T23:11:04.200-0300] {processor.py:161} INFO - Started process (PID=55756) to work on /home/facuvega/Descargas/crypto-etl-airflow/airflow-apache/lib/python3.11/site-packages/airflow/example_dags/example_xcom.py
[2025-04-27T23:11:04.202-0300] {processor.py:830} INFO - Processing file /home/facuvega/Descargas/crypto-etl-airflow/airflow-apache/lib/python3.11/site-packages/airflow/example_dags/example_xcom.py for tasks to queue
[2025-04-27T23:11:04.205-0300] {logging_mixin.py:188} INFO - [2025-04-27T23:11:04.205-0300] {dagbag.py:540} INFO - Filling up the DagBag from /home/facuvega/Descargas/crypto-etl-airflow/airflow-apache/lib/python3.11/site-packages/airflow/example_dags/example_xcom.py
[2025-04-27T23:11:04.218-0300] {processor.py:840} INFO - DAG(s) 'example_xcom' retrieved from /home/facuvega/Descargas/crypto-etl-airflow/airflow-apache/lib/python3.11/site-packages/airflow/example_dags/example_xcom.py
[2025-04-27T23:11:04.246-0300] {logging_mixin.py:188} INFO - [2025-04-27T23:11:04.245-0300] {dag.py:3096} INFO - Sync 1 DAGs
[2025-04-27T23:11:04.285-0300] {logging_mixin.py:188} INFO - [2025-04-27T23:11:04.284-0300] {dag.py:3954} INFO - Setting next_dagrun for example_xcom to 2021-01-01 00:00:00+00:00, run_after=2021-01-01 00:00:00+00:00
[2025-04-27T23:11:04.320-0300] {processor.py:183} INFO - Processing /home/facuvega/Descargas/crypto-etl-airflow/airflow-apache/lib/python3.11/site-packages/airflow/example_dags/example_xcom.py took 0.140 seconds
[2025-04-27T23:11:43.545-0300] {processor.py:161} INFO - Started process (PID=55941) to work on /home/facuvega/Descargas/crypto-etl-airflow/airflow-apache/lib/python3.11/site-packages/airflow/example_dags/example_xcom.py
[2025-04-27T23:11:43.547-0300] {processor.py:830} INFO - Processing file /home/facuvega/Descargas/crypto-etl-airflow/airflow-apache/lib/python3.11/site-packages/airflow/example_dags/example_xcom.py for tasks to queue
[2025-04-27T23:11:43.548-0300] {logging_mixin.py:188} INFO - [2025-04-27T23:11:43.548-0300] {dagbag.py:540} INFO - Filling up the DagBag from /home/facuvega/Descargas/crypto-etl-airflow/airflow-apache/lib/python3.11/site-packages/airflow/example_dags/example_xcom.py
[2025-04-27T23:11:43.557-0300] {processor.py:840} INFO - DAG(s) 'example_xcom' retrieved from /home/facuvega/Descargas/crypto-etl-airflow/airflow-apache/lib/python3.11/site-packages/airflow/example_dags/example_xcom.py
[2025-04-27T23:11:43.572-0300] {logging_mixin.py:188} INFO - [2025-04-27T23:11:43.572-0300] {dag.py:3096} INFO - Sync 1 DAGs
[2025-04-27T23:11:43.587-0300] {logging_mixin.py:188} INFO - [2025-04-27T23:11:43.587-0300] {dag.py:3954} INFO - Setting next_dagrun for example_xcom to 2021-01-01 00:00:00+00:00, run_after=2021-01-01 00:00:00+00:00
[2025-04-27T23:11:43.602-0300] {processor.py:183} INFO - Processing /home/facuvega/Descargas/crypto-etl-airflow/airflow-apache/lib/python3.11/site-packages/airflow/example_dags/example_xcom.py took 0.064 seconds
[2025-04-27T23:12:21.174-0300] {processor.py:161} INFO - Started process (PID=56123) to work on /home/facuvega/Descargas/crypto-etl-airflow/airflow-apache/lib/python3.11/site-packages/airflow/example_dags/example_xcom.py
[2025-04-27T23:12:21.176-0300] {processor.py:830} INFO - Processing file /home/facuvega/Descargas/crypto-etl-airflow/airflow-apache/lib/python3.11/site-packages/airflow/example_dags/example_xcom.py for tasks to queue
[2025-04-27T23:12:21.179-0300] {logging_mixin.py:188} INFO - [2025-04-27T23:12:21.178-0300] {dagbag.py:540} INFO - Filling up the DagBag from /home/facuvega/Descargas/crypto-etl-airflow/airflow-apache/lib/python3.11/site-packages/airflow/example_dags/example_xcom.py
[2025-04-27T23:12:21.190-0300] {processor.py:840} INFO - DAG(s) 'example_xcom' retrieved from /home/facuvega/Descargas/crypto-etl-airflow/airflow-apache/lib/python3.11/site-packages/airflow/example_dags/example_xcom.py
[2025-04-27T23:12:21.208-0300] {logging_mixin.py:188} INFO - [2025-04-27T23:12:21.208-0300] {dag.py:3096} INFO - Sync 1 DAGs
[2025-04-27T23:12:21.223-0300] {logging_mixin.py:188} INFO - [2025-04-27T23:12:21.223-0300] {dag.py:3954} INFO - Setting next_dagrun for example_xcom to 2021-01-01 00:00:00+00:00, run_after=2021-01-01 00:00:00+00:00
[2025-04-27T23:12:21.242-0300] {processor.py:183} INFO - Processing /home/facuvega/Descargas/crypto-etl-airflow/airflow-apache/lib/python3.11/site-packages/airflow/example_dags/example_xcom.py took 0.074 seconds
[2025-04-27T23:13:01.445-0300] {processor.py:161} INFO - Started process (PID=56314) to work on /home/facuvega/Descargas/crypto-etl-airflow/airflow-apache/lib/python3.11/site-packages/airflow/example_dags/example_xcom.py
[2025-04-27T23:13:01.446-0300] {processor.py:830} INFO - Processing file /home/facuvega/Descargas/crypto-etl-airflow/airflow-apache/lib/python3.11/site-packages/airflow/example_dags/example_xcom.py for tasks to queue
[2025-04-27T23:13:01.448-0300] {logging_mixin.py:188} INFO - [2025-04-27T23:13:01.448-0300] {dagbag.py:540} INFO - Filling up the DagBag from /home/facuvega/Descargas/crypto-etl-airflow/airflow-apache/lib/python3.11/site-packages/airflow/example_dags/example_xcom.py
[2025-04-27T23:13:01.455-0300] {processor.py:840} INFO - DAG(s) 'example_xcom' retrieved from /home/facuvega/Descargas/crypto-etl-airflow/airflow-apache/lib/python3.11/site-packages/airflow/example_dags/example_xcom.py
[2025-04-27T23:13:01.467-0300] {logging_mixin.py:188} INFO - [2025-04-27T23:13:01.467-0300] {dag.py:3096} INFO - Sync 1 DAGs
[2025-04-27T23:13:01.483-0300] {logging_mixin.py:188} INFO - [2025-04-27T23:13:01.483-0300] {dag.py:3954} INFO - Setting next_dagrun for example_xcom to 2021-01-01 00:00:00+00:00, run_after=2021-01-01 00:00:00+00:00
[2025-04-27T23:13:01.505-0300] {processor.py:183} INFO - Processing /home/facuvega/Descargas/crypto-etl-airflow/airflow-apache/lib/python3.11/site-packages/airflow/example_dags/example_xcom.py took 0.067 seconds
[2025-04-27T23:13:40.593-0300] {processor.py:161} INFO - Started process (PID=56514) to work on /home/facuvega/Descargas/crypto-etl-airflow/airflow-apache/lib/python3.11/site-packages/airflow/example_dags/example_xcom.py
[2025-04-27T23:13:40.595-0300] {processor.py:830} INFO - Processing file /home/facuvega/Descargas/crypto-etl-airflow/airflow-apache/lib/python3.11/site-packages/airflow/example_dags/example_xcom.py for tasks to queue
[2025-04-27T23:13:40.600-0300] {logging_mixin.py:188} INFO - [2025-04-27T23:13:40.599-0300] {dagbag.py:540} INFO - Filling up the DagBag from /home/facuvega/Descargas/crypto-etl-airflow/airflow-apache/lib/python3.11/site-packages/airflow/example_dags/example_xcom.py
[2025-04-27T23:13:40.611-0300] {processor.py:840} INFO - DAG(s) 'example_xcom' retrieved from /home/facuvega/Descargas/crypto-etl-airflow/airflow-apache/lib/python3.11/site-packages/airflow/example_dags/example_xcom.py
[2025-04-27T23:13:40.637-0300] {logging_mixin.py:188} INFO - [2025-04-27T23:13:40.636-0300] {dag.py:3096} INFO - Sync 1 DAGs
[2025-04-27T23:13:40.659-0300] {logging_mixin.py:188} INFO - [2025-04-27T23:13:40.659-0300] {dag.py:3954} INFO - Setting next_dagrun for example_xcom to 2021-01-01 00:00:00+00:00, run_after=2021-01-01 00:00:00+00:00
[2025-04-27T23:13:40.688-0300] {processor.py:183} INFO - Processing /home/facuvega/Descargas/crypto-etl-airflow/airflow-apache/lib/python3.11/site-packages/airflow/example_dags/example_xcom.py took 0.102 seconds
[2025-04-27T23:14:24.812-0300] {processor.py:161} INFO - Started process (PID=56714) to work on /home/facuvega/Descargas/crypto-etl-airflow/airflow-apache/lib/python3.11/site-packages/airflow/example_dags/example_xcom.py
[2025-04-27T23:14:24.814-0300] {processor.py:830} INFO - Processing file /home/facuvega/Descargas/crypto-etl-airflow/airflow-apache/lib/python3.11/site-packages/airflow/example_dags/example_xcom.py for tasks to queue
[2025-04-27T23:14:24.819-0300] {logging_mixin.py:188} INFO - [2025-04-27T23:14:24.818-0300] {dagbag.py:540} INFO - Filling up the DagBag from /home/facuvega/Descargas/crypto-etl-airflow/airflow-apache/lib/python3.11/site-packages/airflow/example_dags/example_xcom.py
[2025-04-27T23:14:24.832-0300] {processor.py:840} INFO - DAG(s) 'example_xcom' retrieved from /home/facuvega/Descargas/crypto-etl-airflow/airflow-apache/lib/python3.11/site-packages/airflow/example_dags/example_xcom.py
[2025-04-27T23:14:24.855-0300] {logging_mixin.py:188} INFO - [2025-04-27T23:14:24.854-0300] {dag.py:3096} INFO - Sync 1 DAGs
[2025-04-27T23:14:24.888-0300] {logging_mixin.py:188} INFO - [2025-04-27T23:14:24.888-0300] {dag.py:3954} INFO - Setting next_dagrun for example_xcom to 2021-01-01 00:00:00+00:00, run_after=2021-01-01 00:00:00+00:00
[2025-04-27T23:14:24.918-0300] {processor.py:183} INFO - Processing /home/facuvega/Descargas/crypto-etl-airflow/airflow-apache/lib/python3.11/site-packages/airflow/example_dags/example_xcom.py took 0.116 seconds
[2025-04-27T23:15:10.402-0300] {processor.py:161} INFO - Started process (PID=56919) to work on /home/facuvega/Descargas/crypto-etl-airflow/airflow-apache/lib/python3.11/site-packages/airflow/example_dags/example_xcom.py
[2025-04-27T23:15:10.403-0300] {processor.py:830} INFO - Processing file /home/facuvega/Descargas/crypto-etl-airflow/airflow-apache/lib/python3.11/site-packages/airflow/example_dags/example_xcom.py for tasks to queue
[2025-04-27T23:15:10.404-0300] {logging_mixin.py:188} INFO - [2025-04-27T23:15:10.404-0300] {dagbag.py:540} INFO - Filling up the DagBag from /home/facuvega/Descargas/crypto-etl-airflow/airflow-apache/lib/python3.11/site-packages/airflow/example_dags/example_xcom.py
[2025-04-27T23:15:10.411-0300] {processor.py:840} INFO - DAG(s) 'example_xcom' retrieved from /home/facuvega/Descargas/crypto-etl-airflow/airflow-apache/lib/python3.11/site-packages/airflow/example_dags/example_xcom.py
[2025-04-27T23:15:10.423-0300] {logging_mixin.py:188} INFO - [2025-04-27T23:15:10.423-0300] {dag.py:3096} INFO - Sync 1 DAGs
[2025-04-27T23:15:10.435-0300] {logging_mixin.py:188} INFO - [2025-04-27T23:15:10.435-0300] {dag.py:3954} INFO - Setting next_dagrun for example_xcom to 2021-01-01 00:00:00+00:00, run_after=2021-01-01 00:00:00+00:00
[2025-04-27T23:15:10.448-0300] {processor.py:183} INFO - Processing /home/facuvega/Descargas/crypto-etl-airflow/airflow-apache/lib/python3.11/site-packages/airflow/example_dags/example_xcom.py took 0.050 seconds
[2025-04-27T23:15:47.299-0300] {processor.py:161} INFO - Started process (PID=57142) to work on /home/facuvega/Descargas/crypto-etl-airflow/airflow-apache/lib/python3.11/site-packages/airflow/example_dags/example_xcom.py
[2025-04-27T23:15:47.301-0300] {processor.py:830} INFO - Processing file /home/facuvega/Descargas/crypto-etl-airflow/airflow-apache/lib/python3.11/site-packages/airflow/example_dags/example_xcom.py for tasks to queue
[2025-04-27T23:15:47.304-0300] {logging_mixin.py:188} INFO - [2025-04-27T23:15:47.303-0300] {dagbag.py:540} INFO - Filling up the DagBag from /home/facuvega/Descargas/crypto-etl-airflow/airflow-apache/lib/python3.11/site-packages/airflow/example_dags/example_xcom.py
[2025-04-27T23:15:47.314-0300] {processor.py:840} INFO - DAG(s) 'example_xcom' retrieved from /home/facuvega/Descargas/crypto-etl-airflow/airflow-apache/lib/python3.11/site-packages/airflow/example_dags/example_xcom.py
[2025-04-27T23:15:47.331-0300] {logging_mixin.py:188} INFO - [2025-04-27T23:15:47.331-0300] {dag.py:3096} INFO - Sync 1 DAGs
[2025-04-27T23:15:47.348-0300] {logging_mixin.py:188} INFO - [2025-04-27T23:15:47.348-0300] {dag.py:3954} INFO - Setting next_dagrun for example_xcom to 2021-01-01 00:00:00+00:00, run_after=2021-01-01 00:00:00+00:00
[2025-04-27T23:15:47.368-0300] {processor.py:183} INFO - Processing /home/facuvega/Descargas/crypto-etl-airflow/airflow-apache/lib/python3.11/site-packages/airflow/example_dags/example_xcom.py took 0.077 seconds
[2025-04-27T23:16:24.669-0300] {processor.py:161} INFO - Started process (PID=57325) to work on /home/facuvega/Descargas/crypto-etl-airflow/airflow-apache/lib/python3.11/site-packages/airflow/example_dags/example_xcom.py
[2025-04-27T23:16:24.671-0300] {processor.py:830} INFO - Processing file /home/facuvega/Descargas/crypto-etl-airflow/airflow-apache/lib/python3.11/site-packages/airflow/example_dags/example_xcom.py for tasks to queue
[2025-04-27T23:16:24.675-0300] {logging_mixin.py:188} INFO - [2025-04-27T23:16:24.673-0300] {dagbag.py:540} INFO - Filling up the DagBag from /home/facuvega/Descargas/crypto-etl-airflow/airflow-apache/lib/python3.11/site-packages/airflow/example_dags/example_xcom.py
[2025-04-27T23:16:24.683-0300] {processor.py:840} INFO - DAG(s) 'example_xcom' retrieved from /home/facuvega/Descargas/crypto-etl-airflow/airflow-apache/lib/python3.11/site-packages/airflow/example_dags/example_xcom.py
[2025-04-27T23:16:24.715-0300] {logging_mixin.py:188} INFO - [2025-04-27T23:16:24.712-0300] {dag.py:3096} INFO - Sync 1 DAGs
[2025-04-27T23:16:24.746-0300] {logging_mixin.py:188} INFO - [2025-04-27T23:16:24.745-0300] {dag.py:3954} INFO - Setting next_dagrun for example_xcom to 2021-01-01 00:00:00+00:00, run_after=2021-01-01 00:00:00+00:00
[2025-04-27T23:16:24.761-0300] {processor.py:183} INFO - Processing /home/facuvega/Descargas/crypto-etl-airflow/airflow-apache/lib/python3.11/site-packages/airflow/example_dags/example_xcom.py took 0.102 seconds
[2025-04-27T23:17:04.719-0300] {processor.py:161} INFO - Started process (PID=57540) to work on /home/facuvega/Descargas/crypto-etl-airflow/airflow-apache/lib/python3.11/site-packages/airflow/example_dags/example_xcom.py
[2025-04-27T23:17:04.720-0300] {processor.py:830} INFO - Processing file /home/facuvega/Descargas/crypto-etl-airflow/airflow-apache/lib/python3.11/site-packages/airflow/example_dags/example_xcom.py for tasks to queue
[2025-04-27T23:17:04.722-0300] {logging_mixin.py:188} INFO - [2025-04-27T23:17:04.722-0300] {dagbag.py:540} INFO - Filling up the DagBag from /home/facuvega/Descargas/crypto-etl-airflow/airflow-apache/lib/python3.11/site-packages/airflow/example_dags/example_xcom.py
[2025-04-27T23:17:04.729-0300] {processor.py:840} INFO - DAG(s) 'example_xcom' retrieved from /home/facuvega/Descargas/crypto-etl-airflow/airflow-apache/lib/python3.11/site-packages/airflow/example_dags/example_xcom.py
[2025-04-27T23:17:04.741-0300] {logging_mixin.py:188} INFO - [2025-04-27T23:17:04.741-0300] {dag.py:3096} INFO - Sync 1 DAGs
[2025-04-27T23:17:04.755-0300] {logging_mixin.py:188} INFO - [2025-04-27T23:17:04.754-0300] {dag.py:3954} INFO - Setting next_dagrun for example_xcom to 2021-01-01 00:00:00+00:00, run_after=2021-01-01 00:00:00+00:00
[2025-04-27T23:17:04.775-0300] {processor.py:183} INFO - Processing /home/facuvega/Descargas/crypto-etl-airflow/airflow-apache/lib/python3.11/site-packages/airflow/example_dags/example_xcom.py took 0.060 seconds
[2025-04-27T23:17:48.963-0300] {processor.py:161} INFO - Started process (PID=57787) to work on /home/facuvega/Descargas/crypto-etl-airflow/airflow-apache/lib/python3.11/site-packages/airflow/example_dags/example_xcom.py
[2025-04-27T23:17:48.975-0300] {processor.py:830} INFO - Processing file /home/facuvega/Descargas/crypto-etl-airflow/airflow-apache/lib/python3.11/site-packages/airflow/example_dags/example_xcom.py for tasks to queue
[2025-04-27T23:17:48.987-0300] {logging_mixin.py:188} INFO - [2025-04-27T23:17:48.986-0300] {dagbag.py:540} INFO - Filling up the DagBag from /home/facuvega/Descargas/crypto-etl-airflow/airflow-apache/lib/python3.11/site-packages/airflow/example_dags/example_xcom.py
[2025-04-27T23:17:49.027-0300] {processor.py:840} INFO - DAG(s) 'example_xcom' retrieved from /home/facuvega/Descargas/crypto-etl-airflow/airflow-apache/lib/python3.11/site-packages/airflow/example_dags/example_xcom.py
[2025-04-27T23:17:49.046-0300] {logging_mixin.py:188} INFO - [2025-04-27T23:17:49.046-0300] {dag.py:3096} INFO - Sync 1 DAGs
[2025-04-27T23:17:49.077-0300] {logging_mixin.py:188} INFO - [2025-04-27T23:17:49.077-0300] {dag.py:3954} INFO - Setting next_dagrun for example_xcom to 2021-01-01 00:00:00+00:00, run_after=2021-01-01 00:00:00+00:00
[2025-04-27T23:17:49.095-0300] {processor.py:183} INFO - Processing /home/facuvega/Descargas/crypto-etl-airflow/airflow-apache/lib/python3.11/site-packages/airflow/example_dags/example_xcom.py took 0.191 seconds
[2025-04-27T23:18:36.755-0300] {processor.py:161} INFO - Started process (PID=58115) to work on /home/facuvega/Descargas/crypto-etl-airflow/airflow-apache/lib/python3.11/site-packages/airflow/example_dags/example_xcom.py
[2025-04-27T23:18:36.760-0300] {processor.py:830} INFO - Processing file /home/facuvega/Descargas/crypto-etl-airflow/airflow-apache/lib/python3.11/site-packages/airflow/example_dags/example_xcom.py for tasks to queue
[2025-04-27T23:18:36.762-0300] {logging_mixin.py:188} INFO - [2025-04-27T23:18:36.761-0300] {dagbag.py:540} INFO - Filling up the DagBag from /home/facuvega/Descargas/crypto-etl-airflow/airflow-apache/lib/python3.11/site-packages/airflow/example_dags/example_xcom.py
[2025-04-27T23:18:36.773-0300] {processor.py:840} INFO - DAG(s) 'example_xcom' retrieved from /home/facuvega/Descargas/crypto-etl-airflow/airflow-apache/lib/python3.11/site-packages/airflow/example_dags/example_xcom.py
[2025-04-27T23:18:36.803-0300] {logging_mixin.py:188} INFO - [2025-04-27T23:18:36.802-0300] {dag.py:3096} INFO - Sync 1 DAGs
[2025-04-27T23:18:36.826-0300] {logging_mixin.py:188} INFO - [2025-04-27T23:18:36.826-0300] {dag.py:3954} INFO - Setting next_dagrun for example_xcom to 2021-01-01 00:00:00+00:00, run_after=2021-01-01 00:00:00+00:00
[2025-04-27T23:18:36.851-0300] {processor.py:183} INFO - Processing /home/facuvega/Descargas/crypto-etl-airflow/airflow-apache/lib/python3.11/site-packages/airflow/example_dags/example_xcom.py took 0.109 seconds
