[2025-04-27T23:00:39.128-0300] {processor.py:161} INFO - Started process (PID=51818) to work on /home/facuvega/Descargas/crypto-etl-airflow/airflow-apache/lib/python3.11/site-packages/airflow/example_dags/example_trigger_target_dag.py
[2025-04-27T23:00:39.129-0300] {processor.py:830} INFO - Processing file /home/facuvega/Descargas/crypto-etl-airflow/airflow-apache/lib/python3.11/site-packages/airflow/example_dags/example_trigger_target_dag.py for tasks to queue
[2025-04-27T23:00:39.131-0300] {logging_mixin.py:188} INFO - [2025-04-27T23:00:39.131-0300] {dagbag.py:540} INFO - Filling up the DagBag from /home/facuvega/Descargas/crypto-etl-airflow/airflow-apache/lib/python3.11/site-packages/airflow/example_dags/example_trigger_target_dag.py
[2025-04-27T23:00:39.138-0300] {processor.py:840} INFO - DAG(s) 'example_trigger_target_dag' retrieved from /home/facuvega/Descargas/crypto-etl-airflow/airflow-apache/lib/python3.11/site-packages/airflow/example_dags/example_trigger_target_dag.py
[2025-04-27T23:00:39.144-0300] {logging_mixin.py:188} INFO - [2025-04-27T23:00:39.144-0300] {dag.py:3096} INFO - Sync 1 DAGs
[2025-04-27T23:00:39.155-0300] {logging_mixin.py:188} INFO - [2025-04-27T23:00:39.155-0300] {dag.py:3954} INFO - Setting next_dagrun for example_trigger_target_dag to None, run_after=None
[2025-04-27T23:00:39.171-0300] {processor.py:183} INFO - Processing /home/facuvega/Descargas/crypto-etl-airflow/airflow-apache/lib/python3.11/site-packages/airflow/example_dags/example_trigger_target_dag.py took 0.048 seconds
[2025-04-27T23:05:37.539-0300] {processor.py:161} INFO - Started process (PID=53829) to work on /home/facuvega/Descargas/crypto-etl-airflow/airflow-apache/lib/python3.11/site-packages/airflow/example_dags/example_trigger_target_dag.py
[2025-04-27T23:05:37.540-0300] {processor.py:830} INFO - Processing file /home/facuvega/Descargas/crypto-etl-airflow/airflow-apache/lib/python3.11/site-packages/airflow/example_dags/example_trigger_target_dag.py for tasks to queue
[2025-04-27T23:05:37.542-0300] {logging_mixin.py:188} INFO - [2025-04-27T23:05:37.542-0300] {dagbag.py:540} INFO - Filling up the DagBag from /home/facuvega/Descargas/crypto-etl-airflow/airflow-apache/lib/python3.11/site-packages/airflow/example_dags/example_trigger_target_dag.py
[2025-04-27T23:05:37.550-0300] {processor.py:840} INFO - DAG(s) 'example_trigger_target_dag' retrieved from /home/facuvega/Descargas/crypto-etl-airflow/airflow-apache/lib/python3.11/site-packages/airflow/example_dags/example_trigger_target_dag.py
[2025-04-27T23:05:37.625-0300] {logging_mixin.py:188} INFO - [2025-04-27T23:05:37.625-0300] {dag.py:3096} INFO - Sync 1 DAGs
[2025-04-27T23:05:37.631-0300] {logging_mixin.py:188} INFO - [2025-04-27T23:05:37.631-0300] {dag.py:3954} INFO - Setting next_dagrun for example_trigger_target_dag to None, run_after=None
[2025-04-27T23:05:37.643-0300] {processor.py:183} INFO - Processing /home/facuvega/Descargas/crypto-etl-airflow/airflow-apache/lib/python3.11/site-packages/airflow/example_dags/example_trigger_target_dag.py took 0.110 seconds
[2025-04-27T23:06:29.146-0300] {processor.py:161} INFO - Started process (PID=54185) to work on /home/facuvega/Descargas/crypto-etl-airflow/airflow-apache/lib/python3.11/site-packages/airflow/example_dags/example_trigger_target_dag.py
[2025-04-27T23:06:29.148-0300] {processor.py:830} INFO - Processing file /home/facuvega/Descargas/crypto-etl-airflow/airflow-apache/lib/python3.11/site-packages/airflow/example_dags/example_trigger_target_dag.py for tasks to queue
[2025-04-27T23:06:29.149-0300] {logging_mixin.py:188} INFO - [2025-04-27T23:06:29.149-0300] {dagbag.py:540} INFO - Filling up the DagBag from /home/facuvega/Descargas/crypto-etl-airflow/airflow-apache/lib/python3.11/site-packages/airflow/example_dags/example_trigger_target_dag.py
[2025-04-27T23:06:29.156-0300] {processor.py:840} INFO - DAG(s) 'example_trigger_target_dag' retrieved from /home/facuvega/Descargas/crypto-etl-airflow/airflow-apache/lib/python3.11/site-packages/airflow/example_dags/example_trigger_target_dag.py
[2025-04-27T23:06:29.174-0300] {logging_mixin.py:188} INFO - [2025-04-27T23:06:29.173-0300] {dag.py:3096} INFO - Sync 1 DAGs
[2025-04-27T23:06:29.185-0300] {logging_mixin.py:188} INFO - [2025-04-27T23:06:29.185-0300] {dag.py:3954} INFO - Setting next_dagrun for example_trigger_target_dag to None, run_after=None
[2025-04-27T23:06:29.201-0300] {processor.py:183} INFO - Processing /home/facuvega/Descargas/crypto-etl-airflow/airflow-apache/lib/python3.11/site-packages/airflow/example_dags/example_trigger_target_dag.py took 0.062 seconds
[2025-04-27T23:07:18.182-0300] {processor.py:161} INFO - Started process (PID=54543) to work on /home/facuvega/Descargas/crypto-etl-airflow/airflow-apache/lib/python3.11/site-packages/airflow/example_dags/example_trigger_target_dag.py
[2025-04-27T23:07:18.183-0300] {processor.py:830} INFO - Processing file /home/facuvega/Descargas/crypto-etl-airflow/airflow-apache/lib/python3.11/site-packages/airflow/example_dags/example_trigger_target_dag.py for tasks to queue
[2025-04-27T23:07:18.184-0300] {logging_mixin.py:188} INFO - [2025-04-27T23:07:18.184-0300] {dagbag.py:540} INFO - Filling up the DagBag from /home/facuvega/Descargas/crypto-etl-airflow/airflow-apache/lib/python3.11/site-packages/airflow/example_dags/example_trigger_target_dag.py
[2025-04-27T23:07:18.190-0300] {processor.py:840} INFO - DAG(s) 'example_trigger_target_dag' retrieved from /home/facuvega/Descargas/crypto-etl-airflow/airflow-apache/lib/python3.11/site-packages/airflow/example_dags/example_trigger_target_dag.py
[2025-04-27T23:07:18.203-0300] {logging_mixin.py:188} INFO - [2025-04-27T23:07:18.203-0300] {dag.py:3096} INFO - Sync 1 DAGs
[2025-04-27T23:07:18.213-0300] {logging_mixin.py:188} INFO - [2025-04-27T23:07:18.212-0300] {dag.py:3954} INFO - Setting next_dagrun for example_trigger_target_dag to None, run_after=None
[2025-04-27T23:07:18.227-0300] {processor.py:183} INFO - Processing /home/facuvega/Descargas/crypto-etl-airflow/airflow-apache/lib/python3.11/site-packages/airflow/example_dags/example_trigger_target_dag.py took 0.050 seconds
[2025-04-27T23:08:00.210-0300] {processor.py:161} INFO - Started process (PID=54729) to work on /home/facuvega/Descargas/crypto-etl-airflow/airflow-apache/lib/python3.11/site-packages/airflow/example_dags/example_trigger_target_dag.py
[2025-04-27T23:08:00.210-0300] {processor.py:830} INFO - Processing file /home/facuvega/Descargas/crypto-etl-airflow/airflow-apache/lib/python3.11/site-packages/airflow/example_dags/example_trigger_target_dag.py for tasks to queue
[2025-04-27T23:08:00.212-0300] {logging_mixin.py:188} INFO - [2025-04-27T23:08:00.212-0300] {dagbag.py:540} INFO - Filling up the DagBag from /home/facuvega/Descargas/crypto-etl-airflow/airflow-apache/lib/python3.11/site-packages/airflow/example_dags/example_trigger_target_dag.py
[2025-04-27T23:08:00.217-0300] {processor.py:840} INFO - DAG(s) 'example_trigger_target_dag' retrieved from /home/facuvega/Descargas/crypto-etl-airflow/airflow-apache/lib/python3.11/site-packages/airflow/example_dags/example_trigger_target_dag.py
[2025-04-27T23:08:00.228-0300] {logging_mixin.py:188} INFO - [2025-04-27T23:08:00.228-0300] {dag.py:3096} INFO - Sync 1 DAGs
[2025-04-27T23:08:00.236-0300] {logging_mixin.py:188} INFO - [2025-04-27T23:08:00.236-0300] {dag.py:3954} INFO - Setting next_dagrun for example_trigger_target_dag to None, run_after=None
[2025-04-27T23:08:00.249-0300] {processor.py:183} INFO - Processing /home/facuvega/Descargas/crypto-etl-airflow/airflow-apache/lib/python3.11/site-packages/airflow/example_dags/example_trigger_target_dag.py took 0.044 seconds
[2025-04-27T23:08:40.759-0300] {processor.py:161} INFO - Started process (PID=54912) to work on /home/facuvega/Descargas/crypto-etl-airflow/airflow-apache/lib/python3.11/site-packages/airflow/example_dags/example_trigger_target_dag.py
[2025-04-27T23:08:40.760-0300] {processor.py:830} INFO - Processing file /home/facuvega/Descargas/crypto-etl-airflow/airflow-apache/lib/python3.11/site-packages/airflow/example_dags/example_trigger_target_dag.py for tasks to queue
[2025-04-27T23:08:40.762-0300] {logging_mixin.py:188} INFO - [2025-04-27T23:08:40.762-0300] {dagbag.py:540} INFO - Filling up the DagBag from /home/facuvega/Descargas/crypto-etl-airflow/airflow-apache/lib/python3.11/site-packages/airflow/example_dags/example_trigger_target_dag.py
[2025-04-27T23:08:40.768-0300] {processor.py:840} INFO - DAG(s) 'example_trigger_target_dag' retrieved from /home/facuvega/Descargas/crypto-etl-airflow/airflow-apache/lib/python3.11/site-packages/airflow/example_dags/example_trigger_target_dag.py
[2025-04-27T23:08:40.784-0300] {logging_mixin.py:188} INFO - [2025-04-27T23:08:40.784-0300] {dag.py:3096} INFO - Sync 1 DAGs
[2025-04-27T23:08:40.794-0300] {logging_mixin.py:188} INFO - [2025-04-27T23:08:40.794-0300] {dag.py:3954} INFO - Setting next_dagrun for example_trigger_target_dag to None, run_after=None
[2025-04-27T23:08:40.812-0300] {processor.py:183} INFO - Processing /home/facuvega/Descargas/crypto-etl-airflow/airflow-apache/lib/python3.11/site-packages/airflow/example_dags/example_trigger_target_dag.py took 0.059 seconds
[2025-04-27T23:09:24.014-0300] {processor.py:161} INFO - Started process (PID=55107) to work on /home/facuvega/Descargas/crypto-etl-airflow/airflow-apache/lib/python3.11/site-packages/airflow/example_dags/example_trigger_target_dag.py
[2025-04-27T23:09:24.015-0300] {processor.py:830} INFO - Processing file /home/facuvega/Descargas/crypto-etl-airflow/airflow-apache/lib/python3.11/site-packages/airflow/example_dags/example_trigger_target_dag.py for tasks to queue
[2025-04-27T23:09:24.016-0300] {logging_mixin.py:188} INFO - [2025-04-27T23:09:24.016-0300] {dagbag.py:540} INFO - Filling up the DagBag from /home/facuvega/Descargas/crypto-etl-airflow/airflow-apache/lib/python3.11/site-packages/airflow/example_dags/example_trigger_target_dag.py
[2025-04-27T23:09:24.022-0300] {processor.py:840} INFO - DAG(s) 'example_trigger_target_dag' retrieved from /home/facuvega/Descargas/crypto-etl-airflow/airflow-apache/lib/python3.11/site-packages/airflow/example_dags/example_trigger_target_dag.py
[2025-04-27T23:09:24.034-0300] {logging_mixin.py:188} INFO - [2025-04-27T23:09:24.033-0300] {dag.py:3096} INFO - Sync 1 DAGs
[2025-04-27T23:09:24.042-0300] {logging_mixin.py:188} INFO - [2025-04-27T23:09:24.042-0300] {dag.py:3954} INFO - Setting next_dagrun for example_trigger_target_dag to None, run_after=None
[2025-04-27T23:09:24.054-0300] {processor.py:183} INFO - Processing /home/facuvega/Descargas/crypto-etl-airflow/airflow-apache/lib/python3.11/site-packages/airflow/example_dags/example_trigger_target_dag.py took 0.046 seconds
[2025-04-27T23:10:04.617-0300] {processor.py:161} INFO - Started process (PID=55332) to work on /home/facuvega/Descargas/crypto-etl-airflow/airflow-apache/lib/python3.11/site-packages/airflow/example_dags/example_trigger_target_dag.py
[2025-04-27T23:10:04.618-0300] {processor.py:830} INFO - Processing file /home/facuvega/Descargas/crypto-etl-airflow/airflow-apache/lib/python3.11/site-packages/airflow/example_dags/example_trigger_target_dag.py for tasks to queue
[2025-04-27T23:10:04.623-0300] {logging_mixin.py:188} INFO - [2025-04-27T23:10:04.623-0300] {dagbag.py:540} INFO - Filling up the DagBag from /home/facuvega/Descargas/crypto-etl-airflow/airflow-apache/lib/python3.11/site-packages/airflow/example_dags/example_trigger_target_dag.py
[2025-04-27T23:10:04.634-0300] {processor.py:840} INFO - DAG(s) 'example_trigger_target_dag' retrieved from /home/facuvega/Descargas/crypto-etl-airflow/airflow-apache/lib/python3.11/site-packages/airflow/example_dags/example_trigger_target_dag.py
[2025-04-27T23:10:04.659-0300] {logging_mixin.py:188} INFO - [2025-04-27T23:10:04.659-0300] {dag.py:3096} INFO - Sync 1 DAGs
[2025-04-27T23:10:04.674-0300] {logging_mixin.py:188} INFO - [2025-04-27T23:10:04.673-0300] {dag.py:3954} INFO - Setting next_dagrun for example_trigger_target_dag to None, run_after=None
[2025-04-27T23:10:04.707-0300] {processor.py:183} INFO - Processing /home/facuvega/Descargas/crypto-etl-airflow/airflow-apache/lib/python3.11/site-packages/airflow/example_dags/example_trigger_target_dag.py took 0.101 seconds
[2025-04-27T23:10:46.287-0300] {processor.py:161} INFO - Started process (PID=55614) to work on /home/facuvega/Descargas/crypto-etl-airflow/airflow-apache/lib/python3.11/site-packages/airflow/example_dags/example_trigger_target_dag.py
[2025-04-27T23:10:46.289-0300] {processor.py:830} INFO - Processing file /home/facuvega/Descargas/crypto-etl-airflow/airflow-apache/lib/python3.11/site-packages/airflow/example_dags/example_trigger_target_dag.py for tasks to queue
[2025-04-27T23:10:46.290-0300] {logging_mixin.py:188} INFO - [2025-04-27T23:10:46.290-0300] {dagbag.py:540} INFO - Filling up the DagBag from /home/facuvega/Descargas/crypto-etl-airflow/airflow-apache/lib/python3.11/site-packages/airflow/example_dags/example_trigger_target_dag.py
[2025-04-27T23:10:46.296-0300] {processor.py:840} INFO - DAG(s) 'example_trigger_target_dag' retrieved from /home/facuvega/Descargas/crypto-etl-airflow/airflow-apache/lib/python3.11/site-packages/airflow/example_dags/example_trigger_target_dag.py
[2025-04-27T23:10:46.309-0300] {logging_mixin.py:188} INFO - [2025-04-27T23:10:46.309-0300] {dag.py:3096} INFO - Sync 1 DAGs
[2025-04-27T23:10:46.318-0300] {logging_mixin.py:188} INFO - [2025-04-27T23:10:46.318-0300] {dag.py:3954} INFO - Setting next_dagrun for example_trigger_target_dag to None, run_after=None
[2025-04-27T23:10:46.333-0300] {processor.py:183} INFO - Processing /home/facuvega/Descargas/crypto-etl-airflow/airflow-apache/lib/python3.11/site-packages/airflow/example_dags/example_trigger_target_dag.py took 0.051 seconds
[2025-04-27T23:11:25.857-0300] {processor.py:161} INFO - Started process (PID=55857) to work on /home/facuvega/Descargas/crypto-etl-airflow/airflow-apache/lib/python3.11/site-packages/airflow/example_dags/example_trigger_target_dag.py
[2025-04-27T23:11:25.859-0300] {processor.py:830} INFO - Processing file /home/facuvega/Descargas/crypto-etl-airflow/airflow-apache/lib/python3.11/site-packages/airflow/example_dags/example_trigger_target_dag.py for tasks to queue
[2025-04-27T23:11:25.861-0300] {logging_mixin.py:188} INFO - [2025-04-27T23:11:25.860-0300] {dagbag.py:540} INFO - Filling up the DagBag from /home/facuvega/Descargas/crypto-etl-airflow/airflow-apache/lib/python3.11/site-packages/airflow/example_dags/example_trigger_target_dag.py
[2025-04-27T23:11:25.871-0300] {processor.py:840} INFO - DAG(s) 'example_trigger_target_dag' retrieved from /home/facuvega/Descargas/crypto-etl-airflow/airflow-apache/lib/python3.11/site-packages/airflow/example_dags/example_trigger_target_dag.py
[2025-04-27T23:11:25.899-0300] {logging_mixin.py:188} INFO - [2025-04-27T23:11:25.896-0300] {dag.py:3096} INFO - Sync 1 DAGs
[2025-04-27T23:11:25.922-0300] {logging_mixin.py:188} INFO - [2025-04-27T23:11:25.921-0300] {dag.py:3954} INFO - Setting next_dagrun for example_trigger_target_dag to None, run_after=None
[2025-04-27T23:11:25.940-0300] {processor.py:183} INFO - Processing /home/facuvega/Descargas/crypto-etl-airflow/airflow-apache/lib/python3.11/site-packages/airflow/example_dags/example_trigger_target_dag.py took 0.092 seconds
[2025-04-27T23:12:06.027-0300] {processor.py:161} INFO - Started process (PID=56051) to work on /home/facuvega/Descargas/crypto-etl-airflow/airflow-apache/lib/python3.11/site-packages/airflow/example_dags/example_trigger_target_dag.py
[2025-04-27T23:12:06.028-0300] {processor.py:830} INFO - Processing file /home/facuvega/Descargas/crypto-etl-airflow/airflow-apache/lib/python3.11/site-packages/airflow/example_dags/example_trigger_target_dag.py for tasks to queue
[2025-04-27T23:12:06.031-0300] {logging_mixin.py:188} INFO - [2025-04-27T23:12:06.030-0300] {dagbag.py:540} INFO - Filling up the DagBag from /home/facuvega/Descargas/crypto-etl-airflow/airflow-apache/lib/python3.11/site-packages/airflow/example_dags/example_trigger_target_dag.py
[2025-04-27T23:12:06.039-0300] {processor.py:840} INFO - DAG(s) 'example_trigger_target_dag' retrieved from /home/facuvega/Descargas/crypto-etl-airflow/airflow-apache/lib/python3.11/site-packages/airflow/example_dags/example_trigger_target_dag.py
[2025-04-27T23:12:06.055-0300] {logging_mixin.py:188} INFO - [2025-04-27T23:12:06.055-0300] {dag.py:3096} INFO - Sync 1 DAGs
[2025-04-27T23:12:06.068-0300] {logging_mixin.py:188} INFO - [2025-04-27T23:12:06.068-0300] {dag.py:3954} INFO - Setting next_dagrun for example_trigger_target_dag to None, run_after=None
[2025-04-27T23:12:06.086-0300] {processor.py:183} INFO - Processing /home/facuvega/Descargas/crypto-etl-airflow/airflow-apache/lib/python3.11/site-packages/airflow/example_dags/example_trigger_target_dag.py took 0.066 seconds
[2025-04-27T23:12:44.384-0300] {processor.py:161} INFO - Started process (PID=56229) to work on /home/facuvega/Descargas/crypto-etl-airflow/airflow-apache/lib/python3.11/site-packages/airflow/example_dags/example_trigger_target_dag.py
[2025-04-27T23:12:44.386-0300] {processor.py:830} INFO - Processing file /home/facuvega/Descargas/crypto-etl-airflow/airflow-apache/lib/python3.11/site-packages/airflow/example_dags/example_trigger_target_dag.py for tasks to queue
[2025-04-27T23:12:44.387-0300] {logging_mixin.py:188} INFO - [2025-04-27T23:12:44.387-0300] {dagbag.py:540} INFO - Filling up the DagBag from /home/facuvega/Descargas/crypto-etl-airflow/airflow-apache/lib/python3.11/site-packages/airflow/example_dags/example_trigger_target_dag.py
[2025-04-27T23:12:44.392-0300] {processor.py:840} INFO - DAG(s) 'example_trigger_target_dag' retrieved from /home/facuvega/Descargas/crypto-etl-airflow/airflow-apache/lib/python3.11/site-packages/airflow/example_dags/example_trigger_target_dag.py
[2025-04-27T23:12:44.405-0300] {logging_mixin.py:188} INFO - [2025-04-27T23:12:44.405-0300] {dag.py:3096} INFO - Sync 1 DAGs
[2025-04-27T23:12:44.413-0300] {logging_mixin.py:188} INFO - [2025-04-27T23:12:44.413-0300] {dag.py:3954} INFO - Setting next_dagrun for example_trigger_target_dag to None, run_after=None
[2025-04-27T23:12:44.427-0300] {processor.py:183} INFO - Processing /home/facuvega/Descargas/crypto-etl-airflow/airflow-apache/lib/python3.11/site-packages/airflow/example_dags/example_trigger_target_dag.py took 0.048 seconds
[2025-04-27T23:13:23.534-0300] {processor.py:161} INFO - Started process (PID=56434) to work on /home/facuvega/Descargas/crypto-etl-airflow/airflow-apache/lib/python3.11/site-packages/airflow/example_dags/example_trigger_target_dag.py
[2025-04-27T23:13:23.534-0300] {processor.py:830} INFO - Processing file /home/facuvega/Descargas/crypto-etl-airflow/airflow-apache/lib/python3.11/site-packages/airflow/example_dags/example_trigger_target_dag.py for tasks to queue
[2025-04-27T23:13:23.536-0300] {logging_mixin.py:188} INFO - [2025-04-27T23:13:23.536-0300] {dagbag.py:540} INFO - Filling up the DagBag from /home/facuvega/Descargas/crypto-etl-airflow/airflow-apache/lib/python3.11/site-packages/airflow/example_dags/example_trigger_target_dag.py
[2025-04-27T23:13:23.542-0300] {processor.py:840} INFO - DAG(s) 'example_trigger_target_dag' retrieved from /home/facuvega/Descargas/crypto-etl-airflow/airflow-apache/lib/python3.11/site-packages/airflow/example_dags/example_trigger_target_dag.py
[2025-04-27T23:13:23.554-0300] {logging_mixin.py:188} INFO - [2025-04-27T23:13:23.554-0300] {dag.py:3096} INFO - Sync 1 DAGs
[2025-04-27T23:13:23.562-0300] {logging_mixin.py:188} INFO - [2025-04-27T23:13:23.562-0300] {dag.py:3954} INFO - Setting next_dagrun for example_trigger_target_dag to None, run_after=None
[2025-04-27T23:13:23.575-0300] {processor.py:183} INFO - Processing /home/facuvega/Descargas/crypto-etl-airflow/airflow-apache/lib/python3.11/site-packages/airflow/example_dags/example_trigger_target_dag.py took 0.046 seconds
[2025-04-27T23:14:05.706-0300] {processor.py:161} INFO - Started process (PID=56621) to work on /home/facuvega/Descargas/crypto-etl-airflow/airflow-apache/lib/python3.11/site-packages/airflow/example_dags/example_trigger_target_dag.py
[2025-04-27T23:14:05.707-0300] {processor.py:830} INFO - Processing file /home/facuvega/Descargas/crypto-etl-airflow/airflow-apache/lib/python3.11/site-packages/airflow/example_dags/example_trigger_target_dag.py for tasks to queue
[2025-04-27T23:14:05.712-0300] {logging_mixin.py:188} INFO - [2025-04-27T23:14:05.711-0300] {dagbag.py:540} INFO - Filling up the DagBag from /home/facuvega/Descargas/crypto-etl-airflow/airflow-apache/lib/python3.11/site-packages/airflow/example_dags/example_trigger_target_dag.py
[2025-04-27T23:14:05.720-0300] {processor.py:840} INFO - DAG(s) 'example_trigger_target_dag' retrieved from /home/facuvega/Descargas/crypto-etl-airflow/airflow-apache/lib/python3.11/site-packages/airflow/example_dags/example_trigger_target_dag.py
[2025-04-27T23:14:05.741-0300] {logging_mixin.py:188} INFO - [2025-04-27T23:14:05.739-0300] {dag.py:3096} INFO - Sync 1 DAGs
[2025-04-27T23:14:05.753-0300] {logging_mixin.py:188} INFO - [2025-04-27T23:14:05.753-0300] {dag.py:3954} INFO - Setting next_dagrun for example_trigger_target_dag to None, run_after=None
[2025-04-27T23:14:05.775-0300] {processor.py:183} INFO - Processing /home/facuvega/Descargas/crypto-etl-airflow/airflow-apache/lib/python3.11/site-packages/airflow/example_dags/example_trigger_target_dag.py took 0.077 seconds
[2025-04-27T23:14:52.776-0300] {processor.py:161} INFO - Started process (PID=56836) to work on /home/facuvega/Descargas/crypto-etl-airflow/airflow-apache/lib/python3.11/site-packages/airflow/example_dags/example_trigger_target_dag.py
[2025-04-27T23:14:52.777-0300] {processor.py:830} INFO - Processing file /home/facuvega/Descargas/crypto-etl-airflow/airflow-apache/lib/python3.11/site-packages/airflow/example_dags/example_trigger_target_dag.py for tasks to queue
[2025-04-27T23:14:52.778-0300] {logging_mixin.py:188} INFO - [2025-04-27T23:14:52.778-0300] {dagbag.py:540} INFO - Filling up the DagBag from /home/facuvega/Descargas/crypto-etl-airflow/airflow-apache/lib/python3.11/site-packages/airflow/example_dags/example_trigger_target_dag.py
[2025-04-27T23:14:52.784-0300] {processor.py:840} INFO - DAG(s) 'example_trigger_target_dag' retrieved from /home/facuvega/Descargas/crypto-etl-airflow/airflow-apache/lib/python3.11/site-packages/airflow/example_dags/example_trigger_target_dag.py
[2025-04-27T23:14:52.796-0300] {logging_mixin.py:188} INFO - [2025-04-27T23:14:52.796-0300] {dag.py:3096} INFO - Sync 1 DAGs
[2025-04-27T23:14:52.804-0300] {logging_mixin.py:188} INFO - [2025-04-27T23:14:52.804-0300] {dag.py:3954} INFO - Setting next_dagrun for example_trigger_target_dag to None, run_after=None
[2025-04-27T23:14:52.817-0300] {processor.py:183} INFO - Processing /home/facuvega/Descargas/crypto-etl-airflow/airflow-apache/lib/python3.11/site-packages/airflow/example_dags/example_trigger_target_dag.py took 0.046 seconds
[2025-04-27T23:15:32.991-0300] {processor.py:161} INFO - Started process (PID=57063) to work on /home/facuvega/Descargas/crypto-etl-airflow/airflow-apache/lib/python3.11/site-packages/airflow/example_dags/example_trigger_target_dag.py
[2025-04-27T23:15:32.992-0300] {processor.py:830} INFO - Processing file /home/facuvega/Descargas/crypto-etl-airflow/airflow-apache/lib/python3.11/site-packages/airflow/example_dags/example_trigger_target_dag.py for tasks to queue
[2025-04-27T23:15:32.993-0300] {logging_mixin.py:188} INFO - [2025-04-27T23:15:32.993-0300] {dagbag.py:540} INFO - Filling up the DagBag from /home/facuvega/Descargas/crypto-etl-airflow/airflow-apache/lib/python3.11/site-packages/airflow/example_dags/example_trigger_target_dag.py
[2025-04-27T23:15:33.000-0300] {processor.py:840} INFO - DAG(s) 'example_trigger_target_dag' retrieved from /home/facuvega/Descargas/crypto-etl-airflow/airflow-apache/lib/python3.11/site-packages/airflow/example_dags/example_trigger_target_dag.py
[2025-04-27T23:15:33.015-0300] {logging_mixin.py:188} INFO - [2025-04-27T23:15:33.015-0300] {dag.py:3096} INFO - Sync 1 DAGs
[2025-04-27T23:15:33.023-0300] {logging_mixin.py:188} INFO - [2025-04-27T23:15:33.023-0300] {dag.py:3954} INFO - Setting next_dagrun for example_trigger_target_dag to None, run_after=None
[2025-04-27T23:15:33.036-0300] {processor.py:183} INFO - Processing /home/facuvega/Descargas/crypto-etl-airflow/airflow-apache/lib/python3.11/site-packages/airflow/example_dags/example_trigger_target_dag.py took 0.050 seconds
[2025-04-27T23:16:29.848-0300] {processor.py:161} INFO - Started process (PID=57354) to work on /home/facuvega/Descargas/crypto-etl-airflow/airflow-apache/lib/python3.11/site-packages/airflow/example_dags/example_trigger_target_dag.py
[2025-04-27T23:16:29.850-0300] {processor.py:830} INFO - Processing file /home/facuvega/Descargas/crypto-etl-airflow/airflow-apache/lib/python3.11/site-packages/airflow/example_dags/example_trigger_target_dag.py for tasks to queue
[2025-04-27T23:16:29.853-0300] {logging_mixin.py:188} INFO - [2025-04-27T23:16:29.852-0300] {dagbag.py:540} INFO - Filling up the DagBag from /home/facuvega/Descargas/crypto-etl-airflow/airflow-apache/lib/python3.11/site-packages/airflow/example_dags/example_trigger_target_dag.py
[2025-04-27T23:16:29.861-0300] {processor.py:840} INFO - DAG(s) 'example_trigger_target_dag' retrieved from /home/facuvega/Descargas/crypto-etl-airflow/airflow-apache/lib/python3.11/site-packages/airflow/example_dags/example_trigger_target_dag.py
[2025-04-27T23:16:29.881-0300] {logging_mixin.py:188} INFO - [2025-04-27T23:16:29.881-0300] {dag.py:3096} INFO - Sync 1 DAGs
[2025-04-27T23:16:29.891-0300] {logging_mixin.py:188} INFO - [2025-04-27T23:16:29.891-0300] {dag.py:3954} INFO - Setting next_dagrun for example_trigger_target_dag to None, run_after=None
[2025-04-27T23:16:29.904-0300] {processor.py:183} INFO - Processing /home/facuvega/Descargas/crypto-etl-airflow/airflow-apache/lib/python3.11/site-packages/airflow/example_dags/example_trigger_target_dag.py took 0.064 seconds
[2025-04-27T23:17:29.669-0300] {processor.py:161} INFO - Started process (PID=57683) to work on /home/facuvega/Descargas/crypto-etl-airflow/airflow-apache/lib/python3.11/site-packages/airflow/example_dags/example_trigger_target_dag.py
[2025-04-27T23:17:29.670-0300] {processor.py:830} INFO - Processing file /home/facuvega/Descargas/crypto-etl-airflow/airflow-apache/lib/python3.11/site-packages/airflow/example_dags/example_trigger_target_dag.py for tasks to queue
[2025-04-27T23:17:29.672-0300] {logging_mixin.py:188} INFO - [2025-04-27T23:17:29.671-0300] {dagbag.py:540} INFO - Filling up the DagBag from /home/facuvega/Descargas/crypto-etl-airflow/airflow-apache/lib/python3.11/site-packages/airflow/example_dags/example_trigger_target_dag.py
[2025-04-27T23:17:29.678-0300] {processor.py:840} INFO - DAG(s) 'example_trigger_target_dag' retrieved from /home/facuvega/Descargas/crypto-etl-airflow/airflow-apache/lib/python3.11/site-packages/airflow/example_dags/example_trigger_target_dag.py
[2025-04-27T23:17:29.690-0300] {logging_mixin.py:188} INFO - [2025-04-27T23:17:29.690-0300] {dag.py:3096} INFO - Sync 1 DAGs
[2025-04-27T23:17:29.699-0300] {logging_mixin.py:188} INFO - [2025-04-27T23:17:29.699-0300] {dag.py:3954} INFO - Setting next_dagrun for example_trigger_target_dag to None, run_after=None
[2025-04-27T23:17:29.712-0300] {processor.py:183} INFO - Processing /home/facuvega/Descargas/crypto-etl-airflow/airflow-apache/lib/python3.11/site-packages/airflow/example_dags/example_trigger_target_dag.py took 0.048 seconds
[2025-04-27T23:18:15.530-0300] {processor.py:161} INFO - Started process (PID=58026) to work on /home/facuvega/Descargas/crypto-etl-airflow/airflow-apache/lib/python3.11/site-packages/airflow/example_dags/example_trigger_target_dag.py
[2025-04-27T23:18:15.531-0300] {processor.py:830} INFO - Processing file /home/facuvega/Descargas/crypto-etl-airflow/airflow-apache/lib/python3.11/site-packages/airflow/example_dags/example_trigger_target_dag.py for tasks to queue
[2025-04-27T23:18:15.534-0300] {logging_mixin.py:188} INFO - [2025-04-27T23:18:15.533-0300] {dagbag.py:540} INFO - Filling up the DagBag from /home/facuvega/Descargas/crypto-etl-airflow/airflow-apache/lib/python3.11/site-packages/airflow/example_dags/example_trigger_target_dag.py
[2025-04-27T23:18:15.540-0300] {processor.py:840} INFO - DAG(s) 'example_trigger_target_dag' retrieved from /home/facuvega/Descargas/crypto-etl-airflow/airflow-apache/lib/python3.11/site-packages/airflow/example_dags/example_trigger_target_dag.py
[2025-04-27T23:18:15.555-0300] {logging_mixin.py:188} INFO - [2025-04-27T23:18:15.555-0300] {dag.py:3096} INFO - Sync 1 DAGs
[2025-04-27T23:18:15.565-0300] {logging_mixin.py:188} INFO - [2025-04-27T23:18:15.564-0300] {dag.py:3954} INFO - Setting next_dagrun for example_trigger_target_dag to None, run_after=None
[2025-04-27T23:18:15.587-0300] {processor.py:183} INFO - Processing /home/facuvega/Descargas/crypto-etl-airflow/airflow-apache/lib/python3.11/site-packages/airflow/example_dags/example_trigger_target_dag.py took 0.061 seconds
