[2025-04-27T23:00:58.168-0300] {processor.py:161} INFO - Started process (PID=51902) to work on /home/facuvega/Descargas/crypto-etl-airflow/airflow-apache/lib/python3.11/site-packages/airflow/example_dags/example_external_task_marker_dag.py
[2025-04-27T23:00:58.169-0300] {processor.py:830} INFO - Processing file /home/facuvega/Descargas/crypto-etl-airflow/airflow-apache/lib/python3.11/site-packages/airflow/example_dags/example_external_task_marker_dag.py for tasks to queue
[2025-04-27T23:00:58.171-0300] {logging_mixin.py:188} INFO - [2025-04-27T23:00:58.171-0300] {dagbag.py:540} INFO - Filling up the DagBag from /home/facuvega/Descargas/crypto-etl-airflow/airflow-apache/lib/python3.11/site-packages/airflow/example_dags/example_external_task_marker_dag.py
[2025-04-27T23:00:58.180-0300] {processor.py:840} INFO - DAG(s) 'example_external_task_marker_parent', 'example_external_task_marker_child' retrieved from /home/facuvega/Descargas/crypto-etl-airflow/airflow-apache/lib/python3.11/site-packages/airflow/example_dags/example_external_task_marker_dag.py
[2025-04-27T23:00:58.286-0300] {logging_mixin.py:188} INFO - [2025-04-27T23:00:58.286-0300] {dag.py:3096} INFO - Sync 2 DAGs
[2025-04-27T23:00:58.295-0300] {logging_mixin.py:188} INFO - [2025-04-27T23:00:58.295-0300] {dag.py:3954} INFO - Setting next_dagrun for example_external_task_marker_child to None, run_after=None
[2025-04-27T23:00:58.297-0300] {logging_mixin.py:188} INFO - [2025-04-27T23:00:58.297-0300] {dag.py:3954} INFO - Setting next_dagrun for example_external_task_marker_parent to None, run_after=None
[2025-04-27T23:00:58.314-0300] {processor.py:183} INFO - Processing /home/facuvega/Descargas/crypto-etl-airflow/airflow-apache/lib/python3.11/site-packages/airflow/example_dags/example_external_task_marker_dag.py took 0.153 seconds
[2025-04-27T23:05:55.306-0300] {processor.py:161} INFO - Started process (PID=53985) to work on /home/facuvega/Descargas/crypto-etl-airflow/airflow-apache/lib/python3.11/site-packages/airflow/example_dags/example_external_task_marker_dag.py
[2025-04-27T23:05:55.310-0300] {processor.py:830} INFO - Processing file /home/facuvega/Descargas/crypto-etl-airflow/airflow-apache/lib/python3.11/site-packages/airflow/example_dags/example_external_task_marker_dag.py for tasks to queue
[2025-04-27T23:05:55.312-0300] {logging_mixin.py:188} INFO - [2025-04-27T23:05:55.311-0300] {dagbag.py:540} INFO - Filling up the DagBag from /home/facuvega/Descargas/crypto-etl-airflow/airflow-apache/lib/python3.11/site-packages/airflow/example_dags/example_external_task_marker_dag.py
[2025-04-27T23:05:55.320-0300] {processor.py:840} INFO - DAG(s) 'example_external_task_marker_child', 'example_external_task_marker_parent' retrieved from /home/facuvega/Descargas/crypto-etl-airflow/airflow-apache/lib/python3.11/site-packages/airflow/example_dags/example_external_task_marker_dag.py
[2025-04-27T23:05:55.354-0300] {logging_mixin.py:188} INFO - [2025-04-27T23:05:55.354-0300] {dag.py:3096} INFO - Sync 2 DAGs
[2025-04-27T23:05:55.376-0300] {logging_mixin.py:188} INFO - [2025-04-27T23:05:55.374-0300] {dag.py:3954} INFO - Setting next_dagrun for example_external_task_marker_child to None, run_after=None
[2025-04-27T23:05:55.383-0300] {logging_mixin.py:188} INFO - [2025-04-27T23:05:55.382-0300] {dag.py:3954} INFO - Setting next_dagrun for example_external_task_marker_parent to None, run_after=None
[2025-04-27T23:05:55.403-0300] {processor.py:183} INFO - Processing /home/facuvega/Descargas/crypto-etl-airflow/airflow-apache/lib/python3.11/site-packages/airflow/example_dags/example_external_task_marker_dag.py took 0.105 seconds
[2025-04-27T23:06:46.086-0300] {processor.py:161} INFO - Started process (PID=54383) to work on /home/facuvega/Descargas/crypto-etl-airflow/airflow-apache/lib/python3.11/site-packages/airflow/example_dags/example_external_task_marker_dag.py
[2025-04-27T23:06:46.087-0300] {processor.py:830} INFO - Processing file /home/facuvega/Descargas/crypto-etl-airflow/airflow-apache/lib/python3.11/site-packages/airflow/example_dags/example_external_task_marker_dag.py for tasks to queue
[2025-04-27T23:06:46.091-0300] {logging_mixin.py:188} INFO - [2025-04-27T23:06:46.090-0300] {dagbag.py:540} INFO - Filling up the DagBag from /home/facuvega/Descargas/crypto-etl-airflow/airflow-apache/lib/python3.11/site-packages/airflow/example_dags/example_external_task_marker_dag.py
[2025-04-27T23:06:46.118-0300] {processor.py:840} INFO - DAG(s) 'example_external_task_marker_child', 'example_external_task_marker_parent' retrieved from /home/facuvega/Descargas/crypto-etl-airflow/airflow-apache/lib/python3.11/site-packages/airflow/example_dags/example_external_task_marker_dag.py
[2025-04-27T23:06:46.220-0300] {logging_mixin.py:188} INFO - [2025-04-27T23:06:46.220-0300] {dag.py:3096} INFO - Sync 2 DAGs
[2025-04-27T23:06:46.257-0300] {logging_mixin.py:188} INFO - [2025-04-27T23:06:46.256-0300] {dag.py:3954} INFO - Setting next_dagrun for example_external_task_marker_child to None, run_after=None
[2025-04-27T23:06:46.266-0300] {logging_mixin.py:188} INFO - [2025-04-27T23:06:46.260-0300] {dag.py:3954} INFO - Setting next_dagrun for example_external_task_marker_parent to None, run_after=None
[2025-04-27T23:06:46.319-0300] {processor.py:183} INFO - Processing /home/facuvega/Descargas/crypto-etl-airflow/airflow-apache/lib/python3.11/site-packages/airflow/example_dags/example_external_task_marker_dag.py took 0.241 seconds
[2025-04-27T23:07:45.982-0300] {processor.py:161} INFO - Started process (PID=54666) to work on /home/facuvega/Descargas/crypto-etl-airflow/airflow-apache/lib/python3.11/site-packages/airflow/example_dags/example_external_task_marker_dag.py
[2025-04-27T23:07:45.983-0300] {processor.py:830} INFO - Processing file /home/facuvega/Descargas/crypto-etl-airflow/airflow-apache/lib/python3.11/site-packages/airflow/example_dags/example_external_task_marker_dag.py for tasks to queue
[2025-04-27T23:07:45.984-0300] {logging_mixin.py:188} INFO - [2025-04-27T23:07:45.984-0300] {dagbag.py:540} INFO - Filling up the DagBag from /home/facuvega/Descargas/crypto-etl-airflow/airflow-apache/lib/python3.11/site-packages/airflow/example_dags/example_external_task_marker_dag.py
[2025-04-27T23:07:45.990-0300] {processor.py:840} INFO - DAG(s) 'example_external_task_marker_parent', 'example_external_task_marker_child' retrieved from /home/facuvega/Descargas/crypto-etl-airflow/airflow-apache/lib/python3.11/site-packages/airflow/example_dags/example_external_task_marker_dag.py
[2025-04-27T23:07:46.005-0300] {logging_mixin.py:188} INFO - [2025-04-27T23:07:46.005-0300] {dag.py:3096} INFO - Sync 2 DAGs
[2025-04-27T23:07:46.014-0300] {logging_mixin.py:188} INFO - [2025-04-27T23:07:46.014-0300] {dag.py:3954} INFO - Setting next_dagrun for example_external_task_marker_child to None, run_after=None
[2025-04-27T23:07:46.016-0300] {logging_mixin.py:188} INFO - [2025-04-27T23:07:46.016-0300] {dag.py:3954} INFO - Setting next_dagrun for example_external_task_marker_parent to None, run_after=None
[2025-04-27T23:07:46.030-0300] {processor.py:183} INFO - Processing /home/facuvega/Descargas/crypto-etl-airflow/airflow-apache/lib/python3.11/site-packages/airflow/example_dags/example_external_task_marker_dag.py took 0.055 seconds
[2025-04-27T23:08:48.086-0300] {processor.py:161} INFO - Started process (PID=54947) to work on /home/facuvega/Descargas/crypto-etl-airflow/airflow-apache/lib/python3.11/site-packages/airflow/example_dags/example_external_task_marker_dag.py
[2025-04-27T23:08:48.087-0300] {processor.py:830} INFO - Processing file /home/facuvega/Descargas/crypto-etl-airflow/airflow-apache/lib/python3.11/site-packages/airflow/example_dags/example_external_task_marker_dag.py for tasks to queue
[2025-04-27T23:08:48.088-0300] {logging_mixin.py:188} INFO - [2025-04-27T23:08:48.088-0300] {dagbag.py:540} INFO - Filling up the DagBag from /home/facuvega/Descargas/crypto-etl-airflow/airflow-apache/lib/python3.11/site-packages/airflow/example_dags/example_external_task_marker_dag.py
[2025-04-27T23:08:48.093-0300] {processor.py:840} INFO - DAG(s) 'example_external_task_marker_parent', 'example_external_task_marker_child' retrieved from /home/facuvega/Descargas/crypto-etl-airflow/airflow-apache/lib/python3.11/site-packages/airflow/example_dags/example_external_task_marker_dag.py
[2025-04-27T23:08:48.106-0300] {logging_mixin.py:188} INFO - [2025-04-27T23:08:48.106-0300] {dag.py:3096} INFO - Sync 2 DAGs
[2025-04-27T23:08:48.114-0300] {logging_mixin.py:188} INFO - [2025-04-27T23:08:48.114-0300] {dag.py:3954} INFO - Setting next_dagrun for example_external_task_marker_child to None, run_after=None
[2025-04-27T23:08:48.116-0300] {logging_mixin.py:188} INFO - [2025-04-27T23:08:48.116-0300] {dag.py:3954} INFO - Setting next_dagrun for example_external_task_marker_parent to None, run_after=None
[2025-04-27T23:08:48.127-0300] {processor.py:183} INFO - Processing /home/facuvega/Descargas/crypto-etl-airflow/airflow-apache/lib/python3.11/site-packages/airflow/example_dags/example_external_task_marker_dag.py took 0.046 seconds
[2025-04-27T23:09:37.728-0300] {processor.py:161} INFO - Started process (PID=55169) to work on /home/facuvega/Descargas/crypto-etl-airflow/airflow-apache/lib/python3.11/site-packages/airflow/example_dags/example_external_task_marker_dag.py
[2025-04-27T23:09:37.728-0300] {processor.py:830} INFO - Processing file /home/facuvega/Descargas/crypto-etl-airflow/airflow-apache/lib/python3.11/site-packages/airflow/example_dags/example_external_task_marker_dag.py for tasks to queue
[2025-04-27T23:09:37.730-0300] {logging_mixin.py:188} INFO - [2025-04-27T23:09:37.730-0300] {dagbag.py:540} INFO - Filling up the DagBag from /home/facuvega/Descargas/crypto-etl-airflow/airflow-apache/lib/python3.11/site-packages/airflow/example_dags/example_external_task_marker_dag.py
[2025-04-27T23:09:37.737-0300] {processor.py:840} INFO - DAG(s) 'example_external_task_marker_child', 'example_external_task_marker_parent' retrieved from /home/facuvega/Descargas/crypto-etl-airflow/airflow-apache/lib/python3.11/site-packages/airflow/example_dags/example_external_task_marker_dag.py
[2025-04-27T23:09:37.754-0300] {logging_mixin.py:188} INFO - [2025-04-27T23:09:37.754-0300] {dag.py:3096} INFO - Sync 2 DAGs
[2025-04-27T23:09:37.763-0300] {logging_mixin.py:188} INFO - [2025-04-27T23:09:37.763-0300] {dag.py:3954} INFO - Setting next_dagrun for example_external_task_marker_child to None, run_after=None
[2025-04-27T23:09:37.766-0300] {logging_mixin.py:188} INFO - [2025-04-27T23:09:37.765-0300] {dag.py:3954} INFO - Setting next_dagrun for example_external_task_marker_parent to None, run_after=None
[2025-04-27T23:09:37.782-0300] {processor.py:183} INFO - Processing /home/facuvega/Descargas/crypto-etl-airflow/airflow-apache/lib/python3.11/site-packages/airflow/example_dags/example_external_task_marker_dag.py took 0.061 seconds
[2025-04-27T23:10:36.317-0300] {processor.py:161} INFO - Started process (PID=55523) to work on /home/facuvega/Descargas/crypto-etl-airflow/airflow-apache/lib/python3.11/site-packages/airflow/example_dags/example_external_task_marker_dag.py
[2025-04-27T23:10:36.318-0300] {processor.py:830} INFO - Processing file /home/facuvega/Descargas/crypto-etl-airflow/airflow-apache/lib/python3.11/site-packages/airflow/example_dags/example_external_task_marker_dag.py for tasks to queue
[2025-04-27T23:10:36.320-0300] {logging_mixin.py:188} INFO - [2025-04-27T23:10:36.320-0300] {dagbag.py:540} INFO - Filling up the DagBag from /home/facuvega/Descargas/crypto-etl-airflow/airflow-apache/lib/python3.11/site-packages/airflow/example_dags/example_external_task_marker_dag.py
[2025-04-27T23:10:36.328-0300] {processor.py:840} INFO - DAG(s) 'example_external_task_marker_child', 'example_external_task_marker_parent' retrieved from /home/facuvega/Descargas/crypto-etl-airflow/airflow-apache/lib/python3.11/site-packages/airflow/example_dags/example_external_task_marker_dag.py
[2025-04-27T23:10:36.351-0300] {logging_mixin.py:188} INFO - [2025-04-27T23:10:36.350-0300] {dag.py:3096} INFO - Sync 2 DAGs
[2025-04-27T23:10:36.360-0300] {logging_mixin.py:188} INFO - [2025-04-27T23:10:36.360-0300] {dag.py:3954} INFO - Setting next_dagrun for example_external_task_marker_child to None, run_after=None
[2025-04-27T23:10:36.362-0300] {logging_mixin.py:188} INFO - [2025-04-27T23:10:36.362-0300] {dag.py:3954} INFO - Setting next_dagrun for example_external_task_marker_parent to None, run_after=None
[2025-04-27T23:10:36.374-0300] {processor.py:183} INFO - Processing /home/facuvega/Descargas/crypto-etl-airflow/airflow-apache/lib/python3.11/site-packages/airflow/example_dags/example_external_task_marker_dag.py took 0.062 seconds
[2025-04-27T23:11:36.950-0300] {processor.py:161} INFO - Started process (PID=55912) to work on /home/facuvega/Descargas/crypto-etl-airflow/airflow-apache/lib/python3.11/site-packages/airflow/example_dags/example_external_task_marker_dag.py
[2025-04-27T23:11:36.951-0300] {processor.py:830} INFO - Processing file /home/facuvega/Descargas/crypto-etl-airflow/airflow-apache/lib/python3.11/site-packages/airflow/example_dags/example_external_task_marker_dag.py for tasks to queue
[2025-04-27T23:11:36.953-0300] {logging_mixin.py:188} INFO - [2025-04-27T23:11:36.952-0300] {dagbag.py:540} INFO - Filling up the DagBag from /home/facuvega/Descargas/crypto-etl-airflow/airflow-apache/lib/python3.11/site-packages/airflow/example_dags/example_external_task_marker_dag.py
[2025-04-27T23:11:36.958-0300] {processor.py:840} INFO - DAG(s) 'example_external_task_marker_parent', 'example_external_task_marker_child' retrieved from /home/facuvega/Descargas/crypto-etl-airflow/airflow-apache/lib/python3.11/site-packages/airflow/example_dags/example_external_task_marker_dag.py
[2025-04-27T23:11:36.972-0300] {logging_mixin.py:188} INFO - [2025-04-27T23:11:36.972-0300] {dag.py:3096} INFO - Sync 2 DAGs
[2025-04-27T23:11:36.980-0300] {logging_mixin.py:188} INFO - [2025-04-27T23:11:36.980-0300] {dag.py:3954} INFO - Setting next_dagrun for example_external_task_marker_child to None, run_after=None
[2025-04-27T23:11:36.982-0300] {logging_mixin.py:188} INFO - [2025-04-27T23:11:36.982-0300] {dag.py:3954} INFO - Setting next_dagrun for example_external_task_marker_parent to None, run_after=None
[2025-04-27T23:11:36.994-0300] {processor.py:183} INFO - Processing /home/facuvega/Descargas/crypto-etl-airflow/airflow-apache/lib/python3.11/site-packages/airflow/example_dags/example_external_task_marker_dag.py took 0.049 seconds
[2025-04-27T23:12:35.386-0300] {processor.py:161} INFO - Started process (PID=56187) to work on /home/facuvega/Descargas/crypto-etl-airflow/airflow-apache/lib/python3.11/site-packages/airflow/example_dags/example_external_task_marker_dag.py
[2025-04-27T23:12:35.387-0300] {processor.py:830} INFO - Processing file /home/facuvega/Descargas/crypto-etl-airflow/airflow-apache/lib/python3.11/site-packages/airflow/example_dags/example_external_task_marker_dag.py for tasks to queue
[2025-04-27T23:12:35.388-0300] {logging_mixin.py:188} INFO - [2025-04-27T23:12:35.388-0300] {dagbag.py:540} INFO - Filling up the DagBag from /home/facuvega/Descargas/crypto-etl-airflow/airflow-apache/lib/python3.11/site-packages/airflow/example_dags/example_external_task_marker_dag.py
[2025-04-27T23:12:35.394-0300] {processor.py:840} INFO - DAG(s) 'example_external_task_marker_child', 'example_external_task_marker_parent' retrieved from /home/facuvega/Descargas/crypto-etl-airflow/airflow-apache/lib/python3.11/site-packages/airflow/example_dags/example_external_task_marker_dag.py
[2025-04-27T23:12:35.408-0300] {logging_mixin.py:188} INFO - [2025-04-27T23:12:35.408-0300] {dag.py:3096} INFO - Sync 2 DAGs
[2025-04-27T23:12:35.416-0300] {logging_mixin.py:188} INFO - [2025-04-27T23:12:35.416-0300] {dag.py:3954} INFO - Setting next_dagrun for example_external_task_marker_child to None, run_after=None
[2025-04-27T23:12:35.418-0300] {logging_mixin.py:188} INFO - [2025-04-27T23:12:35.417-0300] {dag.py:3954} INFO - Setting next_dagrun for example_external_task_marker_parent to None, run_after=None
[2025-04-27T23:12:35.429-0300] {processor.py:183} INFO - Processing /home/facuvega/Descargas/crypto-etl-airflow/airflow-apache/lib/python3.11/site-packages/airflow/example_dags/example_external_task_marker_dag.py took 0.048 seconds
[2025-04-27T23:13:34.001-0300] {processor.py:161} INFO - Started process (PID=56484) to work on /home/facuvega/Descargas/crypto-etl-airflow/airflow-apache/lib/python3.11/site-packages/airflow/example_dags/example_external_task_marker_dag.py
[2025-04-27T23:13:34.003-0300] {processor.py:830} INFO - Processing file /home/facuvega/Descargas/crypto-etl-airflow/airflow-apache/lib/python3.11/site-packages/airflow/example_dags/example_external_task_marker_dag.py for tasks to queue
[2025-04-27T23:13:34.008-0300] {logging_mixin.py:188} INFO - [2025-04-27T23:13:34.007-0300] {dagbag.py:540} INFO - Filling up the DagBag from /home/facuvega/Descargas/crypto-etl-airflow/airflow-apache/lib/python3.11/site-packages/airflow/example_dags/example_external_task_marker_dag.py
[2025-04-27T23:13:34.025-0300] {processor.py:840} INFO - DAG(s) 'example_external_task_marker_child', 'example_external_task_marker_parent' retrieved from /home/facuvega/Descargas/crypto-etl-airflow/airflow-apache/lib/python3.11/site-packages/airflow/example_dags/example_external_task_marker_dag.py
[2025-04-27T23:13:34.082-0300] {logging_mixin.py:188} INFO - [2025-04-27T23:13:34.077-0300] {dag.py:3096} INFO - Sync 2 DAGs
[2025-04-27T23:13:34.112-0300] {logging_mixin.py:188} INFO - [2025-04-27T23:13:34.112-0300] {dag.py:3954} INFO - Setting next_dagrun for example_external_task_marker_child to None, run_after=None
[2025-04-27T23:13:34.122-0300] {logging_mixin.py:188} INFO - [2025-04-27T23:13:34.121-0300] {dag.py:3954} INFO - Setting next_dagrun for example_external_task_marker_parent to None, run_after=None
[2025-04-27T23:13:34.166-0300] {processor.py:183} INFO - Processing /home/facuvega/Descargas/crypto-etl-airflow/airflow-apache/lib/python3.11/site-packages/airflow/example_dags/example_external_task_marker_dag.py took 0.178 seconds
[2025-04-27T23:14:40.432-0300] {processor.py:161} INFO - Started process (PID=56779) to work on /home/facuvega/Descargas/crypto-etl-airflow/airflow-apache/lib/python3.11/site-packages/airflow/example_dags/example_external_task_marker_dag.py
[2025-04-27T23:14:40.433-0300] {processor.py:830} INFO - Processing file /home/facuvega/Descargas/crypto-etl-airflow/airflow-apache/lib/python3.11/site-packages/airflow/example_dags/example_external_task_marker_dag.py for tasks to queue
[2025-04-27T23:14:40.434-0300] {logging_mixin.py:188} INFO - [2025-04-27T23:14:40.434-0300] {dagbag.py:540} INFO - Filling up the DagBag from /home/facuvega/Descargas/crypto-etl-airflow/airflow-apache/lib/python3.11/site-packages/airflow/example_dags/example_external_task_marker_dag.py
[2025-04-27T23:14:40.441-0300] {processor.py:840} INFO - DAG(s) 'example_external_task_marker_child', 'example_external_task_marker_parent' retrieved from /home/facuvega/Descargas/crypto-etl-airflow/airflow-apache/lib/python3.11/site-packages/airflow/example_dags/example_external_task_marker_dag.py
[2025-04-27T23:14:40.456-0300] {logging_mixin.py:188} INFO - [2025-04-27T23:14:40.456-0300] {dag.py:3096} INFO - Sync 2 DAGs
[2025-04-27T23:14:40.465-0300] {logging_mixin.py:188} INFO - [2025-04-27T23:14:40.465-0300] {dag.py:3954} INFO - Setting next_dagrun for example_external_task_marker_child to None, run_after=None
[2025-04-27T23:14:40.467-0300] {logging_mixin.py:188} INFO - [2025-04-27T23:14:40.467-0300] {dag.py:3954} INFO - Setting next_dagrun for example_external_task_marker_parent to None, run_after=None
[2025-04-27T23:14:40.479-0300] {processor.py:183} INFO - Processing /home/facuvega/Descargas/crypto-etl-airflow/airflow-apache/lib/python3.11/site-packages/airflow/example_dags/example_external_task_marker_dag.py took 0.052 seconds
[2025-04-27T23:15:39.269-0300] {processor.py:161} INFO - Started process (PID=57095) to work on /home/facuvega/Descargas/crypto-etl-airflow/airflow-apache/lib/python3.11/site-packages/airflow/example_dags/example_external_task_marker_dag.py
[2025-04-27T23:15:39.270-0300] {processor.py:830} INFO - Processing file /home/facuvega/Descargas/crypto-etl-airflow/airflow-apache/lib/python3.11/site-packages/airflow/example_dags/example_external_task_marker_dag.py for tasks to queue
[2025-04-27T23:15:39.272-0300] {logging_mixin.py:188} INFO - [2025-04-27T23:15:39.271-0300] {dagbag.py:540} INFO - Filling up the DagBag from /home/facuvega/Descargas/crypto-etl-airflow/airflow-apache/lib/python3.11/site-packages/airflow/example_dags/example_external_task_marker_dag.py
[2025-04-27T23:15:39.277-0300] {processor.py:840} INFO - DAG(s) 'example_external_task_marker_parent', 'example_external_task_marker_child' retrieved from /home/facuvega/Descargas/crypto-etl-airflow/airflow-apache/lib/python3.11/site-packages/airflow/example_dags/example_external_task_marker_dag.py
[2025-04-27T23:15:39.291-0300] {logging_mixin.py:188} INFO - [2025-04-27T23:15:39.291-0300] {dag.py:3096} INFO - Sync 2 DAGs
[2025-04-27T23:15:39.299-0300] {logging_mixin.py:188} INFO - [2025-04-27T23:15:39.299-0300] {dag.py:3954} INFO - Setting next_dagrun for example_external_task_marker_child to None, run_after=None
[2025-04-27T23:15:39.301-0300] {logging_mixin.py:188} INFO - [2025-04-27T23:15:39.301-0300] {dag.py:3954} INFO - Setting next_dagrun for example_external_task_marker_parent to None, run_after=None
[2025-04-27T23:15:39.312-0300] {processor.py:183} INFO - Processing /home/facuvega/Descargas/crypto-etl-airflow/airflow-apache/lib/python3.11/site-packages/airflow/example_dags/example_external_task_marker_dag.py took 0.048 seconds
[2025-04-27T23:16:37.266-0300] {processor.py:161} INFO - Started process (PID=57390) to work on /home/facuvega/Descargas/crypto-etl-airflow/airflow-apache/lib/python3.11/site-packages/airflow/example_dags/example_external_task_marker_dag.py
[2025-04-27T23:16:37.267-0300] {processor.py:830} INFO - Processing file /home/facuvega/Descargas/crypto-etl-airflow/airflow-apache/lib/python3.11/site-packages/airflow/example_dags/example_external_task_marker_dag.py for tasks to queue
[2025-04-27T23:16:37.268-0300] {logging_mixin.py:188} INFO - [2025-04-27T23:16:37.268-0300] {dagbag.py:540} INFO - Filling up the DagBag from /home/facuvega/Descargas/crypto-etl-airflow/airflow-apache/lib/python3.11/site-packages/airflow/example_dags/example_external_task_marker_dag.py
[2025-04-27T23:16:37.276-0300] {processor.py:840} INFO - DAG(s) 'example_external_task_marker_parent', 'example_external_task_marker_child' retrieved from /home/facuvega/Descargas/crypto-etl-airflow/airflow-apache/lib/python3.11/site-packages/airflow/example_dags/example_external_task_marker_dag.py
[2025-04-27T23:16:37.298-0300] {logging_mixin.py:188} INFO - [2025-04-27T23:16:37.297-0300] {dag.py:3096} INFO - Sync 2 DAGs
[2025-04-27T23:16:37.308-0300] {logging_mixin.py:188} INFO - [2025-04-27T23:16:37.308-0300] {dag.py:3954} INFO - Setting next_dagrun for example_external_task_marker_child to None, run_after=None
[2025-04-27T23:16:37.311-0300] {logging_mixin.py:188} INFO - [2025-04-27T23:16:37.311-0300] {dag.py:3954} INFO - Setting next_dagrun for example_external_task_marker_parent to None, run_after=None
[2025-04-27T23:16:37.327-0300] {processor.py:183} INFO - Processing /home/facuvega/Descargas/crypto-etl-airflow/airflow-apache/lib/python3.11/site-packages/airflow/example_dags/example_external_task_marker_dag.py took 0.067 seconds
[2025-04-27T23:17:40.646-0300] {processor.py:161} INFO - Started process (PID=57736) to work on /home/facuvega/Descargas/crypto-etl-airflow/airflow-apache/lib/python3.11/site-packages/airflow/example_dags/example_external_task_marker_dag.py
[2025-04-27T23:17:40.647-0300] {processor.py:830} INFO - Processing file /home/facuvega/Descargas/crypto-etl-airflow/airflow-apache/lib/python3.11/site-packages/airflow/example_dags/example_external_task_marker_dag.py for tasks to queue
[2025-04-27T23:17:40.648-0300] {logging_mixin.py:188} INFO - [2025-04-27T23:17:40.648-0300] {dagbag.py:540} INFO - Filling up the DagBag from /home/facuvega/Descargas/crypto-etl-airflow/airflow-apache/lib/python3.11/site-packages/airflow/example_dags/example_external_task_marker_dag.py
[2025-04-27T23:17:40.654-0300] {processor.py:840} INFO - DAG(s) 'example_external_task_marker_child', 'example_external_task_marker_parent' retrieved from /home/facuvega/Descargas/crypto-etl-airflow/airflow-apache/lib/python3.11/site-packages/airflow/example_dags/example_external_task_marker_dag.py
[2025-04-27T23:17:40.670-0300] {logging_mixin.py:188} INFO - [2025-04-27T23:17:40.670-0300] {dag.py:3096} INFO - Sync 2 DAGs
[2025-04-27T23:17:40.680-0300] {logging_mixin.py:188} INFO - [2025-04-27T23:17:40.680-0300] {dag.py:3954} INFO - Setting next_dagrun for example_external_task_marker_child to None, run_after=None
[2025-04-27T23:17:40.682-0300] {logging_mixin.py:188} INFO - [2025-04-27T23:17:40.682-0300] {dag.py:3954} INFO - Setting next_dagrun for example_external_task_marker_parent to None, run_after=None
[2025-04-27T23:17:40.694-0300] {processor.py:183} INFO - Processing /home/facuvega/Descargas/crypto-etl-airflow/airflow-apache/lib/python3.11/site-packages/airflow/example_dags/example_external_task_marker_dag.py took 0.053 seconds
[2025-04-27T23:18:49.756-0300] {processor.py:161} INFO - Started process (PID=58261) to work on /home/facuvega/Descargas/crypto-etl-airflow/airflow-apache/lib/python3.11/site-packages/airflow/example_dags/example_external_task_marker_dag.py
[2025-04-27T23:18:49.762-0300] {processor.py:830} INFO - Processing file /home/facuvega/Descargas/crypto-etl-airflow/airflow-apache/lib/python3.11/site-packages/airflow/example_dags/example_external_task_marker_dag.py for tasks to queue
[2025-04-27T23:18:49.772-0300] {logging_mixin.py:188} INFO - [2025-04-27T23:18:49.771-0300] {dagbag.py:540} INFO - Filling up the DagBag from /home/facuvega/Descargas/crypto-etl-airflow/airflow-apache/lib/python3.11/site-packages/airflow/example_dags/example_external_task_marker_dag.py
[2025-04-27T23:18:49.802-0300] {processor.py:840} INFO - DAG(s) 'example_external_task_marker_child', 'example_external_task_marker_parent' retrieved from /home/facuvega/Descargas/crypto-etl-airflow/airflow-apache/lib/python3.11/site-packages/airflow/example_dags/example_external_task_marker_dag.py
[2025-04-27T23:18:49.839-0300] {logging_mixin.py:188} INFO - [2025-04-27T23:18:49.839-0300] {dag.py:3096} INFO - Sync 2 DAGs
[2025-04-27T23:18:49.853-0300] {logging_mixin.py:188} INFO - [2025-04-27T23:18:49.853-0300] {dag.py:3954} INFO - Setting next_dagrun for example_external_task_marker_child to None, run_after=None
[2025-04-27T23:18:49.856-0300] {logging_mixin.py:188} INFO - [2025-04-27T23:18:49.856-0300] {dag.py:3954} INFO - Setting next_dagrun for example_external_task_marker_parent to None, run_after=None
[2025-04-27T23:18:49.878-0300] {processor.py:183} INFO - Processing /home/facuvega/Descargas/crypto-etl-airflow/airflow-apache/lib/python3.11/site-packages/airflow/example_dags/example_external_task_marker_dag.py took 0.153 seconds
