[2025-04-27T23:00:35.961-0300] {processor.py:161} INFO - Started process (PID=51802) to work on /home/facuvega/Descargas/crypto-etl-airflow/airflow-apache/lib/python3.11/site-packages/airflow/example_dags/example_sla_dag.py
[2025-04-27T23:00:35.962-0300] {processor.py:830} INFO - Processing file /home/facuvega/Descargas/crypto-etl-airflow/airflow-apache/lib/python3.11/site-packages/airflow/example_dags/example_sla_dag.py for tasks to queue
[2025-04-27T23:00:35.963-0300] {logging_mixin.py:188} INFO - [2025-04-27T23:00:35.963-0300] {dagbag.py:540} INFO - Filling up the DagBag from /home/facuvega/Descargas/crypto-etl-airflow/airflow-apache/lib/python3.11/site-packages/airflow/example_dags/example_sla_dag.py
[2025-04-27T23:00:35.973-0300] {processor.py:840} INFO - DAG(s) 'example_sla_dag' retrieved from /home/facuvega/Descargas/crypto-etl-airflow/airflow-apache/lib/python3.11/site-packages/airflow/example_dags/example_sla_dag.py
[2025-04-27T23:00:35.979-0300] {logging_mixin.py:188} INFO - [2025-04-27T23:00:35.979-0300] {dag.py:3096} INFO - Sync 1 DAGs
[2025-04-27T23:00:35.996-0300] {logging_mixin.py:188} INFO - [2025-04-27T23:00:35.996-0300] {dag.py:3954} INFO - Setting next_dagrun for example_sla_dag to 2025-04-28 01:58:00+00:00, run_after=2025-04-28 02:00:00+00:00
[2025-04-27T23:00:36.009-0300] {processor.py:183} INFO - Processing /home/facuvega/Descargas/crypto-etl-airflow/airflow-apache/lib/python3.11/site-packages/airflow/example_dags/example_sla_dag.py took 0.053 seconds
[2025-04-27T23:05:35.006-0300] {processor.py:161} INFO - Started process (PID=53818) to work on /home/facuvega/Descargas/crypto-etl-airflow/airflow-apache/lib/python3.11/site-packages/airflow/example_dags/example_sla_dag.py
[2025-04-27T23:05:35.007-0300] {processor.py:830} INFO - Processing file /home/facuvega/Descargas/crypto-etl-airflow/airflow-apache/lib/python3.11/site-packages/airflow/example_dags/example_sla_dag.py for tasks to queue
[2025-04-27T23:05:35.010-0300] {logging_mixin.py:188} INFO - [2025-04-27T23:05:35.008-0300] {dagbag.py:540} INFO - Filling up the DagBag from /home/facuvega/Descargas/crypto-etl-airflow/airflow-apache/lib/python3.11/site-packages/airflow/example_dags/example_sla_dag.py
[2025-04-27T23:05:35.033-0300] {processor.py:840} INFO - DAG(s) 'example_sla_dag' retrieved from /home/facuvega/Descargas/crypto-etl-airflow/airflow-apache/lib/python3.11/site-packages/airflow/example_dags/example_sla_dag.py
[2025-04-27T23:05:35.257-0300] {logging_mixin.py:188} INFO - [2025-04-27T23:05:35.257-0300] {dag.py:3096} INFO - Sync 1 DAGs
[2025-04-27T23:05:35.279-0300] {logging_mixin.py:188} INFO - [2025-04-27T23:05:35.279-0300] {dag.py:3954} INFO - Setting next_dagrun for example_sla_dag to 2025-04-28 02:02:00+00:00, run_after=2025-04-28 02:04:00+00:00
[2025-04-27T23:05:35.295-0300] {processor.py:183} INFO - Processing /home/facuvega/Descargas/crypto-etl-airflow/airflow-apache/lib/python3.11/site-packages/airflow/example_dags/example_sla_dag.py took 0.294 seconds
[2025-04-27T23:06:26.576-0300] {processor.py:161} INFO - Started process (PID=54167) to work on /home/facuvega/Descargas/crypto-etl-airflow/airflow-apache/lib/python3.11/site-packages/airflow/example_dags/example_sla_dag.py
[2025-04-27T23:06:26.577-0300] {processor.py:830} INFO - Processing file /home/facuvega/Descargas/crypto-etl-airflow/airflow-apache/lib/python3.11/site-packages/airflow/example_dags/example_sla_dag.py for tasks to queue
[2025-04-27T23:06:26.578-0300] {logging_mixin.py:188} INFO - [2025-04-27T23:06:26.578-0300] {dagbag.py:540} INFO - Filling up the DagBag from /home/facuvega/Descargas/crypto-etl-airflow/airflow-apache/lib/python3.11/site-packages/airflow/example_dags/example_sla_dag.py
[2025-04-27T23:06:26.586-0300] {processor.py:840} INFO - DAG(s) 'example_sla_dag' retrieved from /home/facuvega/Descargas/crypto-etl-airflow/airflow-apache/lib/python3.11/site-packages/airflow/example_dags/example_sla_dag.py
[2025-04-27T23:06:26.599-0300] {logging_mixin.py:188} INFO - [2025-04-27T23:06:26.599-0300] {dag.py:3096} INFO - Sync 1 DAGs
[2025-04-27T23:06:26.618-0300] {logging_mixin.py:188} INFO - [2025-04-27T23:06:26.618-0300] {dag.py:3954} INFO - Setting next_dagrun for example_sla_dag to 2025-04-28 02:04:00+00:00, run_after=2025-04-28 02:06:00+00:00
[2025-04-27T23:06:26.631-0300] {processor.py:183} INFO - Processing /home/facuvega/Descargas/crypto-etl-airflow/airflow-apache/lib/python3.11/site-packages/airflow/example_dags/example_sla_dag.py took 0.061 seconds
[2025-04-27T23:07:16.748-0300] {processor.py:161} INFO - Started process (PID=54532) to work on /home/facuvega/Descargas/crypto-etl-airflow/airflow-apache/lib/python3.11/site-packages/airflow/example_dags/example_sla_dag.py
[2025-04-27T23:07:16.749-0300] {processor.py:830} INFO - Processing file /home/facuvega/Descargas/crypto-etl-airflow/airflow-apache/lib/python3.11/site-packages/airflow/example_dags/example_sla_dag.py for tasks to queue
[2025-04-27T23:07:16.750-0300] {logging_mixin.py:188} INFO - [2025-04-27T23:07:16.750-0300] {dagbag.py:540} INFO - Filling up the DagBag from /home/facuvega/Descargas/crypto-etl-airflow/airflow-apache/lib/python3.11/site-packages/airflow/example_dags/example_sla_dag.py
[2025-04-27T23:07:16.762-0300] {processor.py:840} INFO - DAG(s) 'example_sla_dag' retrieved from /home/facuvega/Descargas/crypto-etl-airflow/airflow-apache/lib/python3.11/site-packages/airflow/example_dags/example_sla_dag.py
[2025-04-27T23:07:16.775-0300] {logging_mixin.py:188} INFO - [2025-04-27T23:07:16.775-0300] {dag.py:3096} INFO - Sync 1 DAGs
[2025-04-27T23:07:16.790-0300] {logging_mixin.py:188} INFO - [2025-04-27T23:07:16.790-0300] {dag.py:3954} INFO - Setting next_dagrun for example_sla_dag to 2025-04-28 02:04:00+00:00, run_after=2025-04-28 02:06:00+00:00
[2025-04-27T23:07:16.804-0300] {processor.py:183} INFO - Processing /home/facuvega/Descargas/crypto-etl-airflow/airflow-apache/lib/python3.11/site-packages/airflow/example_dags/example_sla_dag.py took 0.061 seconds
[2025-04-27T23:07:56.778-0300] {processor.py:161} INFO - Started process (PID=54719) to work on /home/facuvega/Descargas/crypto-etl-airflow/airflow-apache/lib/python3.11/site-packages/airflow/example_dags/example_sla_dag.py
[2025-04-27T23:07:56.779-0300] {processor.py:830} INFO - Processing file /home/facuvega/Descargas/crypto-etl-airflow/airflow-apache/lib/python3.11/site-packages/airflow/example_dags/example_sla_dag.py for tasks to queue
[2025-04-27T23:07:56.781-0300] {logging_mixin.py:188} INFO - [2025-04-27T23:07:56.780-0300] {dagbag.py:540} INFO - Filling up the DagBag from /home/facuvega/Descargas/crypto-etl-airflow/airflow-apache/lib/python3.11/site-packages/airflow/example_dags/example_sla_dag.py
[2025-04-27T23:07:56.788-0300] {processor.py:840} INFO - DAG(s) 'example_sla_dag' retrieved from /home/facuvega/Descargas/crypto-etl-airflow/airflow-apache/lib/python3.11/site-packages/airflow/example_dags/example_sla_dag.py
[2025-04-27T23:07:56.800-0300] {logging_mixin.py:188} INFO - [2025-04-27T23:07:56.800-0300] {dag.py:3096} INFO - Sync 1 DAGs
[2025-04-27T23:07:56.816-0300] {logging_mixin.py:188} INFO - [2025-04-27T23:07:56.816-0300] {dag.py:3954} INFO - Setting next_dagrun for example_sla_dag to 2025-04-28 02:04:00+00:00, run_after=2025-04-28 02:06:00+00:00
[2025-04-27T23:07:56.830-0300] {processor.py:183} INFO - Processing /home/facuvega/Descargas/crypto-etl-airflow/airflow-apache/lib/python3.11/site-packages/airflow/example_dags/example_sla_dag.py took 0.058 seconds
[2025-04-27T23:08:37.805-0300] {processor.py:161} INFO - Started process (PID=54900) to work on /home/facuvega/Descargas/crypto-etl-airflow/airflow-apache/lib/python3.11/site-packages/airflow/example_dags/example_sla_dag.py
[2025-04-27T23:08:37.806-0300] {processor.py:830} INFO - Processing file /home/facuvega/Descargas/crypto-etl-airflow/airflow-apache/lib/python3.11/site-packages/airflow/example_dags/example_sla_dag.py for tasks to queue
[2025-04-27T23:08:37.808-0300] {logging_mixin.py:188} INFO - [2025-04-27T23:08:37.807-0300] {dagbag.py:540} INFO - Filling up the DagBag from /home/facuvega/Descargas/crypto-etl-airflow/airflow-apache/lib/python3.11/site-packages/airflow/example_dags/example_sla_dag.py
[2025-04-27T23:08:37.815-0300] {processor.py:840} INFO - DAG(s) 'example_sla_dag' retrieved from /home/facuvega/Descargas/crypto-etl-airflow/airflow-apache/lib/python3.11/site-packages/airflow/example_dags/example_sla_dag.py
[2025-04-27T23:08:37.826-0300] {logging_mixin.py:188} INFO - [2025-04-27T23:08:37.826-0300] {dag.py:3096} INFO - Sync 1 DAGs
[2025-04-27T23:08:37.840-0300] {logging_mixin.py:188} INFO - [2025-04-27T23:08:37.840-0300] {dag.py:3954} INFO - Setting next_dagrun for example_sla_dag to 2025-04-28 02:06:00+00:00, run_after=2025-04-28 02:08:00+00:00
[2025-04-27T23:08:37.853-0300] {processor.py:183} INFO - Processing /home/facuvega/Descargas/crypto-etl-airflow/airflow-apache/lib/python3.11/site-packages/airflow/example_dags/example_sla_dag.py took 0.053 seconds
[2025-04-27T23:09:21.506-0300] {processor.py:161} INFO - Started process (PID=55097) to work on /home/facuvega/Descargas/crypto-etl-airflow/airflow-apache/lib/python3.11/site-packages/airflow/example_dags/example_sla_dag.py
[2025-04-27T23:09:21.507-0300] {processor.py:830} INFO - Processing file /home/facuvega/Descargas/crypto-etl-airflow/airflow-apache/lib/python3.11/site-packages/airflow/example_dags/example_sla_dag.py for tasks to queue
[2025-04-27T23:09:21.508-0300] {logging_mixin.py:188} INFO - [2025-04-27T23:09:21.508-0300] {dagbag.py:540} INFO - Filling up the DagBag from /home/facuvega/Descargas/crypto-etl-airflow/airflow-apache/lib/python3.11/site-packages/airflow/example_dags/example_sla_dag.py
[2025-04-27T23:09:21.516-0300] {processor.py:840} INFO - DAG(s) 'example_sla_dag' retrieved from /home/facuvega/Descargas/crypto-etl-airflow/airflow-apache/lib/python3.11/site-packages/airflow/example_dags/example_sla_dag.py
[2025-04-27T23:09:21.527-0300] {logging_mixin.py:188} INFO - [2025-04-27T23:09:21.527-0300] {dag.py:3096} INFO - Sync 1 DAGs
[2025-04-27T23:09:21.542-0300] {logging_mixin.py:188} INFO - [2025-04-27T23:09:21.541-0300] {dag.py:3954} INFO - Setting next_dagrun for example_sla_dag to 2025-04-28 02:06:00+00:00, run_after=2025-04-28 02:08:00+00:00
[2025-04-27T23:09:21.553-0300] {processor.py:183} INFO - Processing /home/facuvega/Descargas/crypto-etl-airflow/airflow-apache/lib/python3.11/site-packages/airflow/example_dags/example_sla_dag.py took 0.052 seconds
[2025-04-27T23:10:02.113-0300] {processor.py:161} INFO - Started process (PID=55315) to work on /home/facuvega/Descargas/crypto-etl-airflow/airflow-apache/lib/python3.11/site-packages/airflow/example_dags/example_sla_dag.py
[2025-04-27T23:10:02.114-0300] {processor.py:830} INFO - Processing file /home/facuvega/Descargas/crypto-etl-airflow/airflow-apache/lib/python3.11/site-packages/airflow/example_dags/example_sla_dag.py for tasks to queue
[2025-04-27T23:10:02.116-0300] {logging_mixin.py:188} INFO - [2025-04-27T23:10:02.115-0300] {dagbag.py:540} INFO - Filling up the DagBag from /home/facuvega/Descargas/crypto-etl-airflow/airflow-apache/lib/python3.11/site-packages/airflow/example_dags/example_sla_dag.py
[2025-04-27T23:10:02.124-0300] {processor.py:840} INFO - DAG(s) 'example_sla_dag' retrieved from /home/facuvega/Descargas/crypto-etl-airflow/airflow-apache/lib/python3.11/site-packages/airflow/example_dags/example_sla_dag.py
[2025-04-27T23:10:02.141-0300] {logging_mixin.py:188} INFO - [2025-04-27T23:10:02.141-0300] {dag.py:3096} INFO - Sync 1 DAGs
[2025-04-27T23:10:02.157-0300] {logging_mixin.py:188} INFO - [2025-04-27T23:10:02.157-0300] {dag.py:3954} INFO - Setting next_dagrun for example_sla_dag to 2025-04-28 02:08:00+00:00, run_after=2025-04-28 02:10:00+00:00
[2025-04-27T23:10:02.182-0300] {processor.py:183} INFO - Processing /home/facuvega/Descargas/crypto-etl-airflow/airflow-apache/lib/python3.11/site-packages/airflow/example_dags/example_sla_dag.py took 0.074 seconds
[2025-04-27T23:10:42.878-0300] {processor.py:161} INFO - Started process (PID=55585) to work on /home/facuvega/Descargas/crypto-etl-airflow/airflow-apache/lib/python3.11/site-packages/airflow/example_dags/example_sla_dag.py
[2025-04-27T23:10:42.879-0300] {processor.py:830} INFO - Processing file /home/facuvega/Descargas/crypto-etl-airflow/airflow-apache/lib/python3.11/site-packages/airflow/example_dags/example_sla_dag.py for tasks to queue
[2025-04-27T23:10:42.880-0300] {logging_mixin.py:188} INFO - [2025-04-27T23:10:42.880-0300] {dagbag.py:540} INFO - Filling up the DagBag from /home/facuvega/Descargas/crypto-etl-airflow/airflow-apache/lib/python3.11/site-packages/airflow/example_dags/example_sla_dag.py
[2025-04-27T23:10:42.889-0300] {processor.py:840} INFO - DAG(s) 'example_sla_dag' retrieved from /home/facuvega/Descargas/crypto-etl-airflow/airflow-apache/lib/python3.11/site-packages/airflow/example_dags/example_sla_dag.py
[2025-04-27T23:10:42.903-0300] {logging_mixin.py:188} INFO - [2025-04-27T23:10:42.902-0300] {dag.py:3096} INFO - Sync 1 DAGs
[2025-04-27T23:10:42.920-0300] {logging_mixin.py:188} INFO - [2025-04-27T23:10:42.920-0300] {dag.py:3954} INFO - Setting next_dagrun for example_sla_dag to 2025-04-28 02:08:00+00:00, run_after=2025-04-28 02:10:00+00:00
[2025-04-27T23:10:42.936-0300] {processor.py:183} INFO - Processing /home/facuvega/Descargas/crypto-etl-airflow/airflow-apache/lib/python3.11/site-packages/airflow/example_dags/example_sla_dag.py took 0.064 seconds
[2025-04-27T23:11:23.268-0300] {processor.py:161} INFO - Started process (PID=55838) to work on /home/facuvega/Descargas/crypto-etl-airflow/airflow-apache/lib/python3.11/site-packages/airflow/example_dags/example_sla_dag.py
[2025-04-27T23:11:23.273-0300] {processor.py:830} INFO - Processing file /home/facuvega/Descargas/crypto-etl-airflow/airflow-apache/lib/python3.11/site-packages/airflow/example_dags/example_sla_dag.py for tasks to queue
[2025-04-27T23:11:23.275-0300] {logging_mixin.py:188} INFO - [2025-04-27T23:11:23.274-0300] {dagbag.py:540} INFO - Filling up the DagBag from /home/facuvega/Descargas/crypto-etl-airflow/airflow-apache/lib/python3.11/site-packages/airflow/example_dags/example_sla_dag.py
[2025-04-27T23:11:23.296-0300] {processor.py:840} INFO - DAG(s) 'example_sla_dag' retrieved from /home/facuvega/Descargas/crypto-etl-airflow/airflow-apache/lib/python3.11/site-packages/airflow/example_dags/example_sla_dag.py
[2025-04-27T23:11:23.314-0300] {logging_mixin.py:188} INFO - [2025-04-27T23:11:23.313-0300] {dag.py:3096} INFO - Sync 1 DAGs
[2025-04-27T23:11:23.339-0300] {logging_mixin.py:188} INFO - [2025-04-27T23:11:23.338-0300] {dag.py:3954} INFO - Setting next_dagrun for example_sla_dag to 2025-04-28 02:08:00+00:00, run_after=2025-04-28 02:10:00+00:00
[2025-04-27T23:11:23.372-0300] {processor.py:183} INFO - Processing /home/facuvega/Descargas/crypto-etl-airflow/airflow-apache/lib/python3.11/site-packages/airflow/example_dags/example_sla_dag.py took 0.119 seconds
[2025-04-27T23:12:03.166-0300] {processor.py:161} INFO - Started process (PID=56040) to work on /home/facuvega/Descargas/crypto-etl-airflow/airflow-apache/lib/python3.11/site-packages/airflow/example_dags/example_sla_dag.py
[2025-04-27T23:12:03.167-0300] {processor.py:830} INFO - Processing file /home/facuvega/Descargas/crypto-etl-airflow/airflow-apache/lib/python3.11/site-packages/airflow/example_dags/example_sla_dag.py for tasks to queue
[2025-04-27T23:12:03.169-0300] {logging_mixin.py:188} INFO - [2025-04-27T23:12:03.169-0300] {dagbag.py:540} INFO - Filling up the DagBag from /home/facuvega/Descargas/crypto-etl-airflow/airflow-apache/lib/python3.11/site-packages/airflow/example_dags/example_sla_dag.py
[2025-04-27T23:12:03.179-0300] {processor.py:840} INFO - DAG(s) 'example_sla_dag' retrieved from /home/facuvega/Descargas/crypto-etl-airflow/airflow-apache/lib/python3.11/site-packages/airflow/example_dags/example_sla_dag.py
[2025-04-27T23:12:03.193-0300] {logging_mixin.py:188} INFO - [2025-04-27T23:12:03.193-0300] {dag.py:3096} INFO - Sync 1 DAGs
[2025-04-27T23:12:03.211-0300] {logging_mixin.py:188} INFO - [2025-04-27T23:12:03.211-0300] {dag.py:3954} INFO - Setting next_dagrun for example_sla_dag to 2025-04-28 02:10:00+00:00, run_after=2025-04-28 02:12:00+00:00
[2025-04-27T23:12:03.230-0300] {processor.py:183} INFO - Processing /home/facuvega/Descargas/crypto-etl-airflow/airflow-apache/lib/python3.11/site-packages/airflow/example_dags/example_sla_dag.py took 0.071 seconds
[2025-04-27T23:12:41.300-0300] {processor.py:161} INFO - Started process (PID=56219) to work on /home/facuvega/Descargas/crypto-etl-airflow/airflow-apache/lib/python3.11/site-packages/airflow/example_dags/example_sla_dag.py
[2025-04-27T23:12:41.302-0300] {processor.py:830} INFO - Processing file /home/facuvega/Descargas/crypto-etl-airflow/airflow-apache/lib/python3.11/site-packages/airflow/example_dags/example_sla_dag.py for tasks to queue
[2025-04-27T23:12:41.305-0300] {logging_mixin.py:188} INFO - [2025-04-27T23:12:41.304-0300] {dagbag.py:540} INFO - Filling up the DagBag from /home/facuvega/Descargas/crypto-etl-airflow/airflow-apache/lib/python3.11/site-packages/airflow/example_dags/example_sla_dag.py
[2025-04-27T23:12:41.316-0300] {processor.py:840} INFO - DAG(s) 'example_sla_dag' retrieved from /home/facuvega/Descargas/crypto-etl-airflow/airflow-apache/lib/python3.11/site-packages/airflow/example_dags/example_sla_dag.py
[2025-04-27T23:12:41.334-0300] {logging_mixin.py:188} INFO - [2025-04-27T23:12:41.333-0300] {dag.py:3096} INFO - Sync 1 DAGs
[2025-04-27T23:12:41.358-0300] {logging_mixin.py:188} INFO - [2025-04-27T23:12:41.358-0300] {dag.py:3954} INFO - Setting next_dagrun for example_sla_dag to 2025-04-28 02:10:00+00:00, run_after=2025-04-28 02:12:00+00:00
[2025-04-27T23:12:41.378-0300] {processor.py:183} INFO - Processing /home/facuvega/Descargas/crypto-etl-airflow/airflow-apache/lib/python3.11/site-packages/airflow/example_dags/example_sla_dag.py took 0.085 seconds
[2025-04-27T23:13:21.407-0300] {processor.py:161} INFO - Started process (PID=56422) to work on /home/facuvega/Descargas/crypto-etl-airflow/airflow-apache/lib/python3.11/site-packages/airflow/example_dags/example_sla_dag.py
[2025-04-27T23:13:21.408-0300] {processor.py:830} INFO - Processing file /home/facuvega/Descargas/crypto-etl-airflow/airflow-apache/lib/python3.11/site-packages/airflow/example_dags/example_sla_dag.py for tasks to queue
[2025-04-27T23:13:21.409-0300] {logging_mixin.py:188} INFO - [2025-04-27T23:13:21.409-0300] {dagbag.py:540} INFO - Filling up the DagBag from /home/facuvega/Descargas/crypto-etl-airflow/airflow-apache/lib/python3.11/site-packages/airflow/example_dags/example_sla_dag.py
[2025-04-27T23:13:21.417-0300] {processor.py:840} INFO - DAG(s) 'example_sla_dag' retrieved from /home/facuvega/Descargas/crypto-etl-airflow/airflow-apache/lib/python3.11/site-packages/airflow/example_dags/example_sla_dag.py
[2025-04-27T23:13:21.429-0300] {logging_mixin.py:188} INFO - [2025-04-27T23:13:21.429-0300] {dag.py:3096} INFO - Sync 1 DAGs
[2025-04-27T23:13:21.444-0300] {logging_mixin.py:188} INFO - [2025-04-27T23:13:21.444-0300] {dag.py:3954} INFO - Setting next_dagrun for example_sla_dag to 2025-04-28 02:10:00+00:00, run_after=2025-04-28 02:12:00+00:00
[2025-04-27T23:13:21.456-0300] {processor.py:183} INFO - Processing /home/facuvega/Descargas/crypto-etl-airflow/airflow-apache/lib/python3.11/site-packages/airflow/example_dags/example_sla_dag.py took 0.055 seconds
[2025-04-27T23:14:02.603-0300] {processor.py:161} INFO - Started process (PID=56611) to work on /home/facuvega/Descargas/crypto-etl-airflow/airflow-apache/lib/python3.11/site-packages/airflow/example_dags/example_sla_dag.py
[2025-04-27T23:14:02.606-0300] {processor.py:830} INFO - Processing file /home/facuvega/Descargas/crypto-etl-airflow/airflow-apache/lib/python3.11/site-packages/airflow/example_dags/example_sla_dag.py for tasks to queue
[2025-04-27T23:14:02.615-0300] {logging_mixin.py:188} INFO - [2025-04-27T23:14:02.608-0300] {dagbag.py:540} INFO - Filling up the DagBag from /home/facuvega/Descargas/crypto-etl-airflow/airflow-apache/lib/python3.11/site-packages/airflow/example_dags/example_sla_dag.py
[2025-04-27T23:14:02.627-0300] {processor.py:840} INFO - DAG(s) 'example_sla_dag' retrieved from /home/facuvega/Descargas/crypto-etl-airflow/airflow-apache/lib/python3.11/site-packages/airflow/example_dags/example_sla_dag.py
[2025-04-27T23:14:02.655-0300] {logging_mixin.py:188} INFO - [2025-04-27T23:14:02.654-0300] {dag.py:3096} INFO - Sync 1 DAGs
[2025-04-27T23:14:02.710-0300] {logging_mixin.py:188} INFO - [2025-04-27T23:14:02.709-0300] {dag.py:3954} INFO - Setting next_dagrun for example_sla_dag to 2025-04-28 02:12:00+00:00, run_after=2025-04-28 02:14:00+00:00
[2025-04-27T23:14:02.759-0300] {processor.py:183} INFO - Processing /home/facuvega/Descargas/crypto-etl-airflow/airflow-apache/lib/python3.11/site-packages/airflow/example_dags/example_sla_dag.py took 0.164 seconds
[2025-04-27T23:14:49.684-0300] {processor.py:161} INFO - Started process (PID=56825) to work on /home/facuvega/Descargas/crypto-etl-airflow/airflow-apache/lib/python3.11/site-packages/airflow/example_dags/example_sla_dag.py
[2025-04-27T23:14:49.685-0300] {processor.py:830} INFO - Processing file /home/facuvega/Descargas/crypto-etl-airflow/airflow-apache/lib/python3.11/site-packages/airflow/example_dags/example_sla_dag.py for tasks to queue
[2025-04-27T23:14:49.686-0300] {logging_mixin.py:188} INFO - [2025-04-27T23:14:49.686-0300] {dagbag.py:540} INFO - Filling up the DagBag from /home/facuvega/Descargas/crypto-etl-airflow/airflow-apache/lib/python3.11/site-packages/airflow/example_dags/example_sla_dag.py
[2025-04-27T23:14:49.694-0300] {processor.py:840} INFO - DAG(s) 'example_sla_dag' retrieved from /home/facuvega/Descargas/crypto-etl-airflow/airflow-apache/lib/python3.11/site-packages/airflow/example_dags/example_sla_dag.py
[2025-04-27T23:14:49.706-0300] {logging_mixin.py:188} INFO - [2025-04-27T23:14:49.706-0300] {dag.py:3096} INFO - Sync 1 DAGs
[2025-04-27T23:14:49.721-0300] {logging_mixin.py:188} INFO - [2025-04-27T23:14:49.721-0300] {dag.py:3954} INFO - Setting next_dagrun for example_sla_dag to 2025-04-28 02:12:00+00:00, run_after=2025-04-28 02:14:00+00:00
[2025-04-27T23:14:49.734-0300] {processor.py:183} INFO - Processing /home/facuvega/Descargas/crypto-etl-airflow/airflow-apache/lib/python3.11/site-packages/airflow/example_dags/example_sla_dag.py took 0.054 seconds
[2025-04-27T23:15:30.137-0300] {processor.py:161} INFO - Started process (PID=57049) to work on /home/facuvega/Descargas/crypto-etl-airflow/airflow-apache/lib/python3.11/site-packages/airflow/example_dags/example_sla_dag.py
[2025-04-27T23:15:30.139-0300] {processor.py:830} INFO - Processing file /home/facuvega/Descargas/crypto-etl-airflow/airflow-apache/lib/python3.11/site-packages/airflow/example_dags/example_sla_dag.py for tasks to queue
[2025-04-27T23:15:30.141-0300] {logging_mixin.py:188} INFO - [2025-04-27T23:15:30.140-0300] {dagbag.py:540} INFO - Filling up the DagBag from /home/facuvega/Descargas/crypto-etl-airflow/airflow-apache/lib/python3.11/site-packages/airflow/example_dags/example_sla_dag.py
[2025-04-27T23:15:30.149-0300] {processor.py:840} INFO - DAG(s) 'example_sla_dag' retrieved from /home/facuvega/Descargas/crypto-etl-airflow/airflow-apache/lib/python3.11/site-packages/airflow/example_dags/example_sla_dag.py
[2025-04-27T23:15:30.162-0300] {logging_mixin.py:188} INFO - [2025-04-27T23:15:30.162-0300] {dag.py:3096} INFO - Sync 1 DAGs
[2025-04-27T23:15:30.179-0300] {logging_mixin.py:188} INFO - [2025-04-27T23:15:30.179-0300] {dag.py:3954} INFO - Setting next_dagrun for example_sla_dag to 2025-04-28 02:12:00+00:00, run_after=2025-04-28 02:14:00+00:00
[2025-04-27T23:15:30.194-0300] {processor.py:183} INFO - Processing /home/facuvega/Descargas/crypto-etl-airflow/airflow-apache/lib/python3.11/site-packages/airflow/example_dags/example_sla_dag.py took 0.061 seconds
[2025-04-27T23:16:27.050-0300] {processor.py:161} INFO - Started process (PID=57343) to work on /home/facuvega/Descargas/crypto-etl-airflow/airflow-apache/lib/python3.11/site-packages/airflow/example_dags/example_sla_dag.py
[2025-04-27T23:16:27.052-0300] {processor.py:830} INFO - Processing file /home/facuvega/Descargas/crypto-etl-airflow/airflow-apache/lib/python3.11/site-packages/airflow/example_dags/example_sla_dag.py for tasks to queue
[2025-04-27T23:16:27.054-0300] {logging_mixin.py:188} INFO - [2025-04-27T23:16:27.053-0300] {dagbag.py:540} INFO - Filling up the DagBag from /home/facuvega/Descargas/crypto-etl-airflow/airflow-apache/lib/python3.11/site-packages/airflow/example_dags/example_sla_dag.py
[2025-04-27T23:16:27.070-0300] {processor.py:840} INFO - DAG(s) 'example_sla_dag' retrieved from /home/facuvega/Descargas/crypto-etl-airflow/airflow-apache/lib/python3.11/site-packages/airflow/example_dags/example_sla_dag.py
[2025-04-27T23:16:27.089-0300] {logging_mixin.py:188} INFO - [2025-04-27T23:16:27.089-0300] {dag.py:3096} INFO - Sync 1 DAGs
[2025-04-27T23:16:27.107-0300] {logging_mixin.py:188} INFO - [2025-04-27T23:16:27.107-0300] {dag.py:3954} INFO - Setting next_dagrun for example_sla_dag to 2025-04-28 02:14:00+00:00, run_after=2025-04-28 02:16:00+00:00
[2025-04-27T23:16:27.121-0300] {processor.py:183} INFO - Processing /home/facuvega/Descargas/crypto-etl-airflow/airflow-apache/lib/python3.11/site-packages/airflow/example_dags/example_sla_dag.py took 0.077 seconds
[2025-04-27T23:17:06.994-0300] {processor.py:161} INFO - Started process (PID=57549) to work on /home/facuvega/Descargas/crypto-etl-airflow/airflow-apache/lib/python3.11/site-packages/airflow/example_dags/example_sla_dag.py
[2025-04-27T23:17:06.995-0300] {processor.py:830} INFO - Processing file /home/facuvega/Descargas/crypto-etl-airflow/airflow-apache/lib/python3.11/site-packages/airflow/example_dags/example_sla_dag.py for tasks to queue
[2025-04-27T23:17:06.997-0300] {logging_mixin.py:188} INFO - [2025-04-27T23:17:06.997-0300] {dagbag.py:540} INFO - Filling up the DagBag from /home/facuvega/Descargas/crypto-etl-airflow/airflow-apache/lib/python3.11/site-packages/airflow/example_dags/example_sla_dag.py
[2025-04-27T23:17:07.005-0300] {processor.py:840} INFO - DAG(s) 'example_sla_dag' retrieved from /home/facuvega/Descargas/crypto-etl-airflow/airflow-apache/lib/python3.11/site-packages/airflow/example_dags/example_sla_dag.py
[2025-04-27T23:17:07.018-0300] {logging_mixin.py:188} INFO - [2025-04-27T23:17:07.018-0300] {dag.py:3096} INFO - Sync 1 DAGs
[2025-04-27T23:17:07.032-0300] {logging_mixin.py:188} INFO - [2025-04-27T23:17:07.032-0300] {dag.py:3954} INFO - Setting next_dagrun for example_sla_dag to 2025-04-28 02:14:00+00:00, run_after=2025-04-28 02:16:00+00:00
[2025-04-27T23:17:07.045-0300] {processor.py:183} INFO - Processing /home/facuvega/Descargas/crypto-etl-airflow/airflow-apache/lib/python3.11/site-packages/airflow/example_dags/example_sla_dag.py took 0.056 seconds
[2025-04-27T23:17:50.958-0300] {processor.py:161} INFO - Started process (PID=57825) to work on /home/facuvega/Descargas/crypto-etl-airflow/airflow-apache/lib/python3.11/site-packages/airflow/example_dags/example_sla_dag.py
[2025-04-27T23:17:50.961-0300] {processor.py:830} INFO - Processing file /home/facuvega/Descargas/crypto-etl-airflow/airflow-apache/lib/python3.11/site-packages/airflow/example_dags/example_sla_dag.py for tasks to queue
[2025-04-27T23:17:50.963-0300] {logging_mixin.py:188} INFO - [2025-04-27T23:17:50.962-0300] {dagbag.py:540} INFO - Filling up the DagBag from /home/facuvega/Descargas/crypto-etl-airflow/airflow-apache/lib/python3.11/site-packages/airflow/example_dags/example_sla_dag.py
[2025-04-27T23:17:50.980-0300] {processor.py:840} INFO - DAG(s) 'example_sla_dag' retrieved from /home/facuvega/Descargas/crypto-etl-airflow/airflow-apache/lib/python3.11/site-packages/airflow/example_dags/example_sla_dag.py
[2025-04-27T23:17:51.018-0300] {logging_mixin.py:188} INFO - [2025-04-27T23:17:51.018-0300] {dag.py:3096} INFO - Sync 1 DAGs
[2025-04-27T23:17:51.067-0300] {logging_mixin.py:188} INFO - [2025-04-27T23:17:51.067-0300] {dag.py:3954} INFO - Setting next_dagrun for example_sla_dag to 2025-04-28 02:14:00+00:00, run_after=2025-04-28 02:16:00+00:00
[2025-04-27T23:17:51.093-0300] {processor.py:183} INFO - Processing /home/facuvega/Descargas/crypto-etl-airflow/airflow-apache/lib/python3.11/site-packages/airflow/example_dags/example_sla_dag.py took 0.156 seconds
[2025-04-27T23:18:39.131-0300] {processor.py:161} INFO - Started process (PID=58126) to work on /home/facuvega/Descargas/crypto-etl-airflow/airflow-apache/lib/python3.11/site-packages/airflow/example_dags/example_sla_dag.py
[2025-04-27T23:18:39.132-0300] {processor.py:830} INFO - Processing file /home/facuvega/Descargas/crypto-etl-airflow/airflow-apache/lib/python3.11/site-packages/airflow/example_dags/example_sla_dag.py for tasks to queue
[2025-04-27T23:18:39.134-0300] {logging_mixin.py:188} INFO - [2025-04-27T23:18:39.133-0300] {dagbag.py:540} INFO - Filling up the DagBag from /home/facuvega/Descargas/crypto-etl-airflow/airflow-apache/lib/python3.11/site-packages/airflow/example_dags/example_sla_dag.py
[2025-04-27T23:18:39.143-0300] {processor.py:840} INFO - DAG(s) 'example_sla_dag' retrieved from /home/facuvega/Descargas/crypto-etl-airflow/airflow-apache/lib/python3.11/site-packages/airflow/example_dags/example_sla_dag.py
[2025-04-27T23:18:39.159-0300] {logging_mixin.py:188} INFO - [2025-04-27T23:18:39.158-0300] {dag.py:3096} INFO - Sync 1 DAGs
[2025-04-27T23:18:39.180-0300] {logging_mixin.py:188} INFO - [2025-04-27T23:18:39.180-0300] {dag.py:3954} INFO - Setting next_dagrun for example_sla_dag to 2025-04-28 02:16:00+00:00, run_after=2025-04-28 02:18:00+00:00
[2025-04-27T23:18:39.197-0300] {processor.py:183} INFO - Processing /home/facuvega/Descargas/crypto-etl-airflow/airflow-apache/lib/python3.11/site-packages/airflow/example_dags/example_sla_dag.py took 0.072 seconds
