[2025-04-27T23:00:40.068-0300] {processor.py:161} INFO - Started process (PID=51819) to work on /home/facuvega/Descargas/crypto-etl-airflow/airflow-apache/lib/python3.11/site-packages/airflow/example_dags/example_trigger_controller_dag.py
[2025-04-27T23:00:40.072-0300] {processor.py:830} INFO - Processing file /home/facuvega/Descargas/crypto-etl-airflow/airflow-apache/lib/python3.11/site-packages/airflow/example_dags/example_trigger_controller_dag.py for tasks to queue
[2025-04-27T23:00:40.080-0300] {logging_mixin.py:188} INFO - [2025-04-27T23:00:40.080-0300] {dagbag.py:540} INFO - Filling up the DagBag from /home/facuvega/Descargas/crypto-etl-airflow/airflow-apache/lib/python3.11/site-packages/airflow/example_dags/example_trigger_controller_dag.py
[2025-04-27T23:00:40.106-0300] {processor.py:840} INFO - DAG(s) 'example_trigger_controller_dag' retrieved from /home/facuvega/Descargas/crypto-etl-airflow/airflow-apache/lib/python3.11/site-packages/airflow/example_dags/example_trigger_controller_dag.py
[2025-04-27T23:00:40.135-0300] {logging_mixin.py:188} INFO - [2025-04-27T23:00:40.134-0300] {dag.py:3096} INFO - Sync 1 DAGs
[2025-04-27T23:00:40.203-0300] {logging_mixin.py:188} INFO - [2025-04-27T23:00:40.203-0300] {dag.py:3954} INFO - Setting next_dagrun for example_trigger_controller_dag to 2021-01-01 00:00:00+00:00, run_after=2021-01-01 00:00:00+00:00
[2025-04-27T23:00:40.224-0300] {processor.py:183} INFO - Processing /home/facuvega/Descargas/crypto-etl-airflow/airflow-apache/lib/python3.11/site-packages/airflow/example_dags/example_trigger_controller_dag.py took 0.183 seconds
[2025-04-27T23:05:38.882-0300] {processor.py:161} INFO - Started process (PID=53847) to work on /home/facuvega/Descargas/crypto-etl-airflow/airflow-apache/lib/python3.11/site-packages/airflow/example_dags/example_trigger_controller_dag.py
[2025-04-27T23:05:38.884-0300] {processor.py:830} INFO - Processing file /home/facuvega/Descargas/crypto-etl-airflow/airflow-apache/lib/python3.11/site-packages/airflow/example_dags/example_trigger_controller_dag.py for tasks to queue
[2025-04-27T23:05:38.886-0300] {logging_mixin.py:188} INFO - [2025-04-27T23:05:38.886-0300] {dagbag.py:540} INFO - Filling up the DagBag from /home/facuvega/Descargas/crypto-etl-airflow/airflow-apache/lib/python3.11/site-packages/airflow/example_dags/example_trigger_controller_dag.py
[2025-04-27T23:05:38.896-0300] {processor.py:840} INFO - DAG(s) 'example_trigger_controller_dag' retrieved from /home/facuvega/Descargas/crypto-etl-airflow/airflow-apache/lib/python3.11/site-packages/airflow/example_dags/example_trigger_controller_dag.py
[2025-04-27T23:05:39.067-0300] {logging_mixin.py:188} INFO - [2025-04-27T23:05:39.067-0300] {dag.py:3096} INFO - Sync 1 DAGs
[2025-04-27T23:05:39.080-0300] {logging_mixin.py:188} INFO - [2025-04-27T23:05:39.080-0300] {dag.py:3954} INFO - Setting next_dagrun for example_trigger_controller_dag to 2021-01-01 00:00:00+00:00, run_after=2021-01-01 00:00:00+00:00
[2025-04-27T23:05:39.103-0300] {processor.py:183} INFO - Processing /home/facuvega/Descargas/crypto-etl-airflow/airflow-apache/lib/python3.11/site-packages/airflow/example_dags/example_trigger_controller_dag.py took 0.230 seconds
[2025-04-27T23:06:29.439-0300] {processor.py:161} INFO - Started process (PID=54186) to work on /home/facuvega/Descargas/crypto-etl-airflow/airflow-apache/lib/python3.11/site-packages/airflow/example_dags/example_trigger_controller_dag.py
[2025-04-27T23:06:29.440-0300] {processor.py:830} INFO - Processing file /home/facuvega/Descargas/crypto-etl-airflow/airflow-apache/lib/python3.11/site-packages/airflow/example_dags/example_trigger_controller_dag.py for tasks to queue
[2025-04-27T23:06:29.442-0300] {logging_mixin.py:188} INFO - [2025-04-27T23:06:29.441-0300] {dagbag.py:540} INFO - Filling up the DagBag from /home/facuvega/Descargas/crypto-etl-airflow/airflow-apache/lib/python3.11/site-packages/airflow/example_dags/example_trigger_controller_dag.py
[2025-04-27T23:06:29.448-0300] {processor.py:840} INFO - DAG(s) 'example_trigger_controller_dag' retrieved from /home/facuvega/Descargas/crypto-etl-airflow/airflow-apache/lib/python3.11/site-packages/airflow/example_dags/example_trigger_controller_dag.py
[2025-04-27T23:06:29.462-0300] {logging_mixin.py:188} INFO - [2025-04-27T23:06:29.462-0300] {dag.py:3096} INFO - Sync 1 DAGs
[2025-04-27T23:06:29.476-0300] {logging_mixin.py:188} INFO - [2025-04-27T23:06:29.476-0300] {dag.py:3954} INFO - Setting next_dagrun for example_trigger_controller_dag to 2021-01-01 00:00:00+00:00, run_after=2021-01-01 00:00:00+00:00
[2025-04-27T23:06:29.491-0300] {processor.py:183} INFO - Processing /home/facuvega/Descargas/crypto-etl-airflow/airflow-apache/lib/python3.11/site-packages/airflow/example_dags/example_trigger_controller_dag.py took 0.058 seconds
[2025-04-27T23:07:18.625-0300] {processor.py:161} INFO - Started process (PID=54544) to work on /home/facuvega/Descargas/crypto-etl-airflow/airflow-apache/lib/python3.11/site-packages/airflow/example_dags/example_trigger_controller_dag.py
[2025-04-27T23:07:18.626-0300] {processor.py:830} INFO - Processing file /home/facuvega/Descargas/crypto-etl-airflow/airflow-apache/lib/python3.11/site-packages/airflow/example_dags/example_trigger_controller_dag.py for tasks to queue
[2025-04-27T23:07:18.628-0300] {logging_mixin.py:188} INFO - [2025-04-27T23:07:18.627-0300] {dagbag.py:540} INFO - Filling up the DagBag from /home/facuvega/Descargas/crypto-etl-airflow/airflow-apache/lib/python3.11/site-packages/airflow/example_dags/example_trigger_controller_dag.py
[2025-04-27T23:07:18.633-0300] {processor.py:840} INFO - DAG(s) 'example_trigger_controller_dag' retrieved from /home/facuvega/Descargas/crypto-etl-airflow/airflow-apache/lib/python3.11/site-packages/airflow/example_dags/example_trigger_controller_dag.py
[2025-04-27T23:07:18.646-0300] {logging_mixin.py:188} INFO - [2025-04-27T23:07:18.646-0300] {dag.py:3096} INFO - Sync 1 DAGs
[2025-04-27T23:07:18.661-0300] {logging_mixin.py:188} INFO - [2025-04-27T23:07:18.660-0300] {dag.py:3954} INFO - Setting next_dagrun for example_trigger_controller_dag to 2021-01-01 00:00:00+00:00, run_after=2021-01-01 00:00:00+00:00
[2025-04-27T23:07:18.675-0300] {processor.py:183} INFO - Processing /home/facuvega/Descargas/crypto-etl-airflow/airflow-apache/lib/python3.11/site-packages/airflow/example_dags/example_trigger_controller_dag.py took 0.055 seconds
[2025-04-27T23:08:01.346-0300] {processor.py:161} INFO - Started process (PID=54738) to work on /home/facuvega/Descargas/crypto-etl-airflow/airflow-apache/lib/python3.11/site-packages/airflow/example_dags/example_trigger_controller_dag.py
[2025-04-27T23:08:01.347-0300] {processor.py:830} INFO - Processing file /home/facuvega/Descargas/crypto-etl-airflow/airflow-apache/lib/python3.11/site-packages/airflow/example_dags/example_trigger_controller_dag.py for tasks to queue
[2025-04-27T23:08:01.349-0300] {logging_mixin.py:188} INFO - [2025-04-27T23:08:01.349-0300] {dagbag.py:540} INFO - Filling up the DagBag from /home/facuvega/Descargas/crypto-etl-airflow/airflow-apache/lib/python3.11/site-packages/airflow/example_dags/example_trigger_controller_dag.py
[2025-04-27T23:08:01.353-0300] {processor.py:840} INFO - DAG(s) 'example_trigger_controller_dag' retrieved from /home/facuvega/Descargas/crypto-etl-airflow/airflow-apache/lib/python3.11/site-packages/airflow/example_dags/example_trigger_controller_dag.py
[2025-04-27T23:08:01.365-0300] {logging_mixin.py:188} INFO - [2025-04-27T23:08:01.365-0300] {dag.py:3096} INFO - Sync 1 DAGs
[2025-04-27T23:08:01.378-0300] {logging_mixin.py:188} INFO - [2025-04-27T23:08:01.378-0300] {dag.py:3954} INFO - Setting next_dagrun for example_trigger_controller_dag to 2021-01-01 00:00:00+00:00, run_after=2021-01-01 00:00:00+00:00
[2025-04-27T23:08:01.391-0300] {processor.py:183} INFO - Processing /home/facuvega/Descargas/crypto-etl-airflow/airflow-apache/lib/python3.11/site-packages/airflow/example_dags/example_trigger_controller_dag.py took 0.050 seconds
[2025-04-27T23:08:41.892-0300] {processor.py:161} INFO - Started process (PID=54920) to work on /home/facuvega/Descargas/crypto-etl-airflow/airflow-apache/lib/python3.11/site-packages/airflow/example_dags/example_trigger_controller_dag.py
[2025-04-27T23:08:41.893-0300] {processor.py:830} INFO - Processing file /home/facuvega/Descargas/crypto-etl-airflow/airflow-apache/lib/python3.11/site-packages/airflow/example_dags/example_trigger_controller_dag.py for tasks to queue
[2025-04-27T23:08:41.894-0300] {logging_mixin.py:188} INFO - [2025-04-27T23:08:41.894-0300] {dagbag.py:540} INFO - Filling up the DagBag from /home/facuvega/Descargas/crypto-etl-airflow/airflow-apache/lib/python3.11/site-packages/airflow/example_dags/example_trigger_controller_dag.py
[2025-04-27T23:08:41.898-0300] {processor.py:840} INFO - DAG(s) 'example_trigger_controller_dag' retrieved from /home/facuvega/Descargas/crypto-etl-airflow/airflow-apache/lib/python3.11/site-packages/airflow/example_dags/example_trigger_controller_dag.py
[2025-04-27T23:08:41.910-0300] {logging_mixin.py:188} INFO - [2025-04-27T23:08:41.910-0300] {dag.py:3096} INFO - Sync 1 DAGs
[2025-04-27T23:08:41.922-0300] {logging_mixin.py:188} INFO - [2025-04-27T23:08:41.922-0300] {dag.py:3954} INFO - Setting next_dagrun for example_trigger_controller_dag to 2021-01-01 00:00:00+00:00, run_after=2021-01-01 00:00:00+00:00
[2025-04-27T23:08:41.934-0300] {processor.py:183} INFO - Processing /home/facuvega/Descargas/crypto-etl-airflow/airflow-apache/lib/python3.11/site-packages/airflow/example_dags/example_trigger_controller_dag.py took 0.048 seconds
[2025-04-27T23:09:25.158-0300] {processor.py:161} INFO - Started process (PID=55108) to work on /home/facuvega/Descargas/crypto-etl-airflow/airflow-apache/lib/python3.11/site-packages/airflow/example_dags/example_trigger_controller_dag.py
[2025-04-27T23:09:25.159-0300] {processor.py:830} INFO - Processing file /home/facuvega/Descargas/crypto-etl-airflow/airflow-apache/lib/python3.11/site-packages/airflow/example_dags/example_trigger_controller_dag.py for tasks to queue
[2025-04-27T23:09:25.161-0300] {logging_mixin.py:188} INFO - [2025-04-27T23:09:25.161-0300] {dagbag.py:540} INFO - Filling up the DagBag from /home/facuvega/Descargas/crypto-etl-airflow/airflow-apache/lib/python3.11/site-packages/airflow/example_dags/example_trigger_controller_dag.py
[2025-04-27T23:09:25.167-0300] {processor.py:840} INFO - DAG(s) 'example_trigger_controller_dag' retrieved from /home/facuvega/Descargas/crypto-etl-airflow/airflow-apache/lib/python3.11/site-packages/airflow/example_dags/example_trigger_controller_dag.py
[2025-04-27T23:09:25.184-0300] {logging_mixin.py:188} INFO - [2025-04-27T23:09:25.184-0300] {dag.py:3096} INFO - Sync 1 DAGs
[2025-04-27T23:09:25.208-0300] {logging_mixin.py:188} INFO - [2025-04-27T23:09:25.207-0300] {dag.py:3954} INFO - Setting next_dagrun for example_trigger_controller_dag to 2021-01-01 00:00:00+00:00, run_after=2021-01-01 00:00:00+00:00
[2025-04-27T23:09:25.234-0300] {processor.py:183} INFO - Processing /home/facuvega/Descargas/crypto-etl-airflow/airflow-apache/lib/python3.11/site-packages/airflow/example_dags/example_trigger_controller_dag.py took 0.082 seconds
[2025-04-27T23:10:05.350-0300] {processor.py:161} INFO - Started process (PID=55333) to work on /home/facuvega/Descargas/crypto-etl-airflow/airflow-apache/lib/python3.11/site-packages/airflow/example_dags/example_trigger_controller_dag.py
[2025-04-27T23:10:05.351-0300] {processor.py:830} INFO - Processing file /home/facuvega/Descargas/crypto-etl-airflow/airflow-apache/lib/python3.11/site-packages/airflow/example_dags/example_trigger_controller_dag.py for tasks to queue
[2025-04-27T23:10:05.353-0300] {logging_mixin.py:188} INFO - [2025-04-27T23:10:05.353-0300] {dagbag.py:540} INFO - Filling up the DagBag from /home/facuvega/Descargas/crypto-etl-airflow/airflow-apache/lib/python3.11/site-packages/airflow/example_dags/example_trigger_controller_dag.py
[2025-04-27T23:10:05.357-0300] {processor.py:840} INFO - DAG(s) 'example_trigger_controller_dag' retrieved from /home/facuvega/Descargas/crypto-etl-airflow/airflow-apache/lib/python3.11/site-packages/airflow/example_dags/example_trigger_controller_dag.py
[2025-04-27T23:10:05.369-0300] {logging_mixin.py:188} INFO - [2025-04-27T23:10:05.368-0300] {dag.py:3096} INFO - Sync 1 DAGs
[2025-04-27T23:10:05.381-0300] {logging_mixin.py:188} INFO - [2025-04-27T23:10:05.380-0300] {dag.py:3954} INFO - Setting next_dagrun for example_trigger_controller_dag to 2021-01-01 00:00:00+00:00, run_after=2021-01-01 00:00:00+00:00
[2025-04-27T23:10:05.393-0300] {processor.py:183} INFO - Processing /home/facuvega/Descargas/crypto-etl-airflow/airflow-apache/lib/python3.11/site-packages/airflow/example_dags/example_trigger_controller_dag.py took 0.048 seconds
[2025-04-27T23:10:46.598-0300] {processor.py:161} INFO - Started process (PID=55615) to work on /home/facuvega/Descargas/crypto-etl-airflow/airflow-apache/lib/python3.11/site-packages/airflow/example_dags/example_trigger_controller_dag.py
[2025-04-27T23:10:46.599-0300] {processor.py:830} INFO - Processing file /home/facuvega/Descargas/crypto-etl-airflow/airflow-apache/lib/python3.11/site-packages/airflow/example_dags/example_trigger_controller_dag.py for tasks to queue
[2025-04-27T23:10:46.600-0300] {logging_mixin.py:188} INFO - [2025-04-27T23:10:46.600-0300] {dagbag.py:540} INFO - Filling up the DagBag from /home/facuvega/Descargas/crypto-etl-airflow/airflow-apache/lib/python3.11/site-packages/airflow/example_dags/example_trigger_controller_dag.py
[2025-04-27T23:10:46.605-0300] {processor.py:840} INFO - DAG(s) 'example_trigger_controller_dag' retrieved from /home/facuvega/Descargas/crypto-etl-airflow/airflow-apache/lib/python3.11/site-packages/airflow/example_dags/example_trigger_controller_dag.py
[2025-04-27T23:10:46.617-0300] {logging_mixin.py:188} INFO - [2025-04-27T23:10:46.617-0300] {dag.py:3096} INFO - Sync 1 DAGs
[2025-04-27T23:10:46.631-0300] {logging_mixin.py:188} INFO - [2025-04-27T23:10:46.631-0300] {dag.py:3954} INFO - Setting next_dagrun for example_trigger_controller_dag to 2021-01-01 00:00:00+00:00, run_after=2021-01-01 00:00:00+00:00
[2025-04-27T23:10:46.643-0300] {processor.py:183} INFO - Processing /home/facuvega/Descargas/crypto-etl-airflow/airflow-apache/lib/python3.11/site-packages/airflow/example_dags/example_trigger_controller_dag.py took 0.051 seconds
[2025-04-27T23:11:26.997-0300] {processor.py:161} INFO - Started process (PID=55858) to work on /home/facuvega/Descargas/crypto-etl-airflow/airflow-apache/lib/python3.11/site-packages/airflow/example_dags/example_trigger_controller_dag.py
[2025-04-27T23:11:26.998-0300] {processor.py:830} INFO - Processing file /home/facuvega/Descargas/crypto-etl-airflow/airflow-apache/lib/python3.11/site-packages/airflow/example_dags/example_trigger_controller_dag.py for tasks to queue
[2025-04-27T23:11:27.000-0300] {logging_mixin.py:188} INFO - [2025-04-27T23:11:26.999-0300] {dagbag.py:540} INFO - Filling up the DagBag from /home/facuvega/Descargas/crypto-etl-airflow/airflow-apache/lib/python3.11/site-packages/airflow/example_dags/example_trigger_controller_dag.py
[2025-04-27T23:11:27.006-0300] {processor.py:840} INFO - DAG(s) 'example_trigger_controller_dag' retrieved from /home/facuvega/Descargas/crypto-etl-airflow/airflow-apache/lib/python3.11/site-packages/airflow/example_dags/example_trigger_controller_dag.py
[2025-04-27T23:11:27.024-0300] {logging_mixin.py:188} INFO - [2025-04-27T23:11:27.023-0300] {dag.py:3096} INFO - Sync 1 DAGs
[2025-04-27T23:11:27.039-0300] {logging_mixin.py:188} INFO - [2025-04-27T23:11:27.038-0300] {dag.py:3954} INFO - Setting next_dagrun for example_trigger_controller_dag to 2021-01-01 00:00:00+00:00, run_after=2021-01-01 00:00:00+00:00
[2025-04-27T23:11:27.053-0300] {processor.py:183} INFO - Processing /home/facuvega/Descargas/crypto-etl-airflow/airflow-apache/lib/python3.11/site-packages/airflow/example_dags/example_trigger_controller_dag.py took 0.064 seconds
[2025-04-27T23:12:25.249-0300] {processor.py:161} INFO - Started process (PID=56140) to work on /home/facuvega/Descargas/crypto-etl-airflow/airflow-apache/lib/python3.11/site-packages/airflow/example_dags/example_trigger_controller_dag.py
[2025-04-27T23:12:25.250-0300] {processor.py:830} INFO - Processing file /home/facuvega/Descargas/crypto-etl-airflow/airflow-apache/lib/python3.11/site-packages/airflow/example_dags/example_trigger_controller_dag.py for tasks to queue
[2025-04-27T23:12:25.252-0300] {logging_mixin.py:188} INFO - [2025-04-27T23:12:25.251-0300] {dagbag.py:540} INFO - Filling up the DagBag from /home/facuvega/Descargas/crypto-etl-airflow/airflow-apache/lib/python3.11/site-packages/airflow/example_dags/example_trigger_controller_dag.py
[2025-04-27T23:12:25.256-0300] {processor.py:840} INFO - DAG(s) 'example_trigger_controller_dag' retrieved from /home/facuvega/Descargas/crypto-etl-airflow/airflow-apache/lib/python3.11/site-packages/airflow/example_dags/example_trigger_controller_dag.py
[2025-04-27T23:12:25.269-0300] {logging_mixin.py:188} INFO - [2025-04-27T23:12:25.269-0300] {dag.py:3096} INFO - Sync 1 DAGs
[2025-04-27T23:12:25.285-0300] {logging_mixin.py:188} INFO - [2025-04-27T23:12:25.285-0300] {dag.py:3954} INFO - Setting next_dagrun for example_trigger_controller_dag to 2021-01-01 00:00:00+00:00, run_after=2021-01-01 00:00:00+00:00
[2025-04-27T23:12:25.298-0300] {processor.py:183} INFO - Processing /home/facuvega/Descargas/crypto-etl-airflow/airflow-apache/lib/python3.11/site-packages/airflow/example_dags/example_trigger_controller_dag.py took 0.054 seconds
[2025-04-27T23:13:04.661-0300] {processor.py:161} INFO - Started process (PID=56326) to work on /home/facuvega/Descargas/crypto-etl-airflow/airflow-apache/lib/python3.11/site-packages/airflow/example_dags/example_trigger_controller_dag.py
[2025-04-27T23:13:04.662-0300] {processor.py:830} INFO - Processing file /home/facuvega/Descargas/crypto-etl-airflow/airflow-apache/lib/python3.11/site-packages/airflow/example_dags/example_trigger_controller_dag.py for tasks to queue
[2025-04-27T23:13:04.665-0300] {logging_mixin.py:188} INFO - [2025-04-27T23:13:04.664-0300] {dagbag.py:540} INFO - Filling up the DagBag from /home/facuvega/Descargas/crypto-etl-airflow/airflow-apache/lib/python3.11/site-packages/airflow/example_dags/example_trigger_controller_dag.py
[2025-04-27T23:13:04.669-0300] {processor.py:840} INFO - DAG(s) 'example_trigger_controller_dag' retrieved from /home/facuvega/Descargas/crypto-etl-airflow/airflow-apache/lib/python3.11/site-packages/airflow/example_dags/example_trigger_controller_dag.py
[2025-04-27T23:13:04.684-0300] {logging_mixin.py:188} INFO - [2025-04-27T23:13:04.683-0300] {dag.py:3096} INFO - Sync 1 DAGs
[2025-04-27T23:13:04.698-0300] {logging_mixin.py:188} INFO - [2025-04-27T23:13:04.698-0300] {dag.py:3954} INFO - Setting next_dagrun for example_trigger_controller_dag to 2021-01-01 00:00:00+00:00, run_after=2021-01-01 00:00:00+00:00
[2025-04-27T23:13:04.712-0300] {processor.py:183} INFO - Processing /home/facuvega/Descargas/crypto-etl-airflow/airflow-apache/lib/python3.11/site-packages/airflow/example_dags/example_trigger_controller_dag.py took 0.058 seconds
[2025-04-27T23:13:45.257-0300] {processor.py:161} INFO - Started process (PID=56536) to work on /home/facuvega/Descargas/crypto-etl-airflow/airflow-apache/lib/python3.11/site-packages/airflow/example_dags/example_trigger_controller_dag.py
[2025-04-27T23:13:45.258-0300] {processor.py:830} INFO - Processing file /home/facuvega/Descargas/crypto-etl-airflow/airflow-apache/lib/python3.11/site-packages/airflow/example_dags/example_trigger_controller_dag.py for tasks to queue
[2025-04-27T23:13:45.266-0300] {logging_mixin.py:188} INFO - [2025-04-27T23:13:45.266-0300] {dagbag.py:540} INFO - Filling up the DagBag from /home/facuvega/Descargas/crypto-etl-airflow/airflow-apache/lib/python3.11/site-packages/airflow/example_dags/example_trigger_controller_dag.py
[2025-04-27T23:13:45.282-0300] {processor.py:840} INFO - DAG(s) 'example_trigger_controller_dag' retrieved from /home/facuvega/Descargas/crypto-etl-airflow/airflow-apache/lib/python3.11/site-packages/airflow/example_dags/example_trigger_controller_dag.py
[2025-04-27T23:13:45.307-0300] {logging_mixin.py:188} INFO - [2025-04-27T23:13:45.306-0300] {dag.py:3096} INFO - Sync 1 DAGs
[2025-04-27T23:13:45.338-0300] {logging_mixin.py:188} INFO - [2025-04-27T23:13:45.337-0300] {dag.py:3954} INFO - Setting next_dagrun for example_trigger_controller_dag to 2021-01-01 00:00:00+00:00, run_after=2021-01-01 00:00:00+00:00
[2025-04-27T23:13:45.370-0300] {processor.py:183} INFO - Processing /home/facuvega/Descargas/crypto-etl-airflow/airflow-apache/lib/python3.11/site-packages/airflow/example_dags/example_trigger_controller_dag.py took 0.135 seconds
[2025-04-27T23:14:29.670-0300] {processor.py:161} INFO - Started process (PID=56733) to work on /home/facuvega/Descargas/crypto-etl-airflow/airflow-apache/lib/python3.11/site-packages/airflow/example_dags/example_trigger_controller_dag.py
[2025-04-27T23:14:29.671-0300] {processor.py:830} INFO - Processing file /home/facuvega/Descargas/crypto-etl-airflow/airflow-apache/lib/python3.11/site-packages/airflow/example_dags/example_trigger_controller_dag.py for tasks to queue
[2025-04-27T23:14:29.676-0300] {logging_mixin.py:188} INFO - [2025-04-27T23:14:29.675-0300] {dagbag.py:540} INFO - Filling up the DagBag from /home/facuvega/Descargas/crypto-etl-airflow/airflow-apache/lib/python3.11/site-packages/airflow/example_dags/example_trigger_controller_dag.py
[2025-04-27T23:14:29.699-0300] {processor.py:840} INFO - DAG(s) 'example_trigger_controller_dag' retrieved from /home/facuvega/Descargas/crypto-etl-airflow/airflow-apache/lib/python3.11/site-packages/airflow/example_dags/example_trigger_controller_dag.py
[2025-04-27T23:14:29.725-0300] {logging_mixin.py:188} INFO - [2025-04-27T23:14:29.725-0300] {dag.py:3096} INFO - Sync 1 DAGs
[2025-04-27T23:14:29.753-0300] {logging_mixin.py:188} INFO - [2025-04-27T23:14:29.752-0300] {dag.py:3954} INFO - Setting next_dagrun for example_trigger_controller_dag to 2021-01-01 00:00:00+00:00, run_after=2021-01-01 00:00:00+00:00
[2025-04-27T23:14:29.822-0300] {processor.py:183} INFO - Processing /home/facuvega/Descargas/crypto-etl-airflow/airflow-apache/lib/python3.11/site-packages/airflow/example_dags/example_trigger_controller_dag.py took 0.166 seconds
[2025-04-27T23:15:14.675-0300] {processor.py:161} INFO - Started process (PID=56937) to work on /home/facuvega/Descargas/crypto-etl-airflow/airflow-apache/lib/python3.11/site-packages/airflow/example_dags/example_trigger_controller_dag.py
[2025-04-27T23:15:14.676-0300] {processor.py:830} INFO - Processing file /home/facuvega/Descargas/crypto-etl-airflow/airflow-apache/lib/python3.11/site-packages/airflow/example_dags/example_trigger_controller_dag.py for tasks to queue
[2025-04-27T23:15:14.678-0300] {logging_mixin.py:188} INFO - [2025-04-27T23:15:14.677-0300] {dagbag.py:540} INFO - Filling up the DagBag from /home/facuvega/Descargas/crypto-etl-airflow/airflow-apache/lib/python3.11/site-packages/airflow/example_dags/example_trigger_controller_dag.py
[2025-04-27T23:15:14.682-0300] {processor.py:840} INFO - DAG(s) 'example_trigger_controller_dag' retrieved from /home/facuvega/Descargas/crypto-etl-airflow/airflow-apache/lib/python3.11/site-packages/airflow/example_dags/example_trigger_controller_dag.py
[2025-04-27T23:15:14.693-0300] {logging_mixin.py:188} INFO - [2025-04-27T23:15:14.693-0300] {dag.py:3096} INFO - Sync 1 DAGs
[2025-04-27T23:15:14.706-0300] {logging_mixin.py:188} INFO - [2025-04-27T23:15:14.706-0300] {dag.py:3954} INFO - Setting next_dagrun for example_trigger_controller_dag to 2021-01-01 00:00:00+00:00, run_after=2021-01-01 00:00:00+00:00
[2025-04-27T23:15:14.718-0300] {processor.py:183} INFO - Processing /home/facuvega/Descargas/crypto-etl-airflow/airflow-apache/lib/python3.11/site-packages/airflow/example_dags/example_trigger_controller_dag.py took 0.048 seconds
[2025-04-27T23:16:07.974-0300] {processor.py:161} INFO - Started process (PID=57237) to work on /home/facuvega/Descargas/crypto-etl-airflow/airflow-apache/lib/python3.11/site-packages/airflow/example_dags/example_trigger_controller_dag.py
[2025-04-27T23:16:07.975-0300] {processor.py:830} INFO - Processing file /home/facuvega/Descargas/crypto-etl-airflow/airflow-apache/lib/python3.11/site-packages/airflow/example_dags/example_trigger_controller_dag.py for tasks to queue
[2025-04-27T23:16:07.977-0300] {logging_mixin.py:188} INFO - [2025-04-27T23:16:07.976-0300] {dagbag.py:540} INFO - Filling up the DagBag from /home/facuvega/Descargas/crypto-etl-airflow/airflow-apache/lib/python3.11/site-packages/airflow/example_dags/example_trigger_controller_dag.py
[2025-04-27T23:16:07.981-0300] {processor.py:840} INFO - DAG(s) 'example_trigger_controller_dag' retrieved from /home/facuvega/Descargas/crypto-etl-airflow/airflow-apache/lib/python3.11/site-packages/airflow/example_dags/example_trigger_controller_dag.py
[2025-04-27T23:16:07.993-0300] {logging_mixin.py:188} INFO - [2025-04-27T23:16:07.993-0300] {dag.py:3096} INFO - Sync 1 DAGs
[2025-04-27T23:16:08.008-0300] {logging_mixin.py:188} INFO - [2025-04-27T23:16:08.008-0300] {dag.py:3954} INFO - Setting next_dagrun for example_trigger_controller_dag to 2021-01-01 00:00:00+00:00, run_after=2021-01-01 00:00:00+00:00
[2025-04-27T23:16:08.020-0300] {processor.py:183} INFO - Processing /home/facuvega/Descargas/crypto-etl-airflow/airflow-apache/lib/python3.11/site-packages/airflow/example_dags/example_trigger_controller_dag.py took 0.052 seconds
[2025-04-27T23:16:47.535-0300] {processor.py:161} INFO - Started process (PID=57439) to work on /home/facuvega/Descargas/crypto-etl-airflow/airflow-apache/lib/python3.11/site-packages/airflow/example_dags/example_trigger_controller_dag.py
[2025-04-27T23:16:47.536-0300] {processor.py:830} INFO - Processing file /home/facuvega/Descargas/crypto-etl-airflow/airflow-apache/lib/python3.11/site-packages/airflow/example_dags/example_trigger_controller_dag.py for tasks to queue
[2025-04-27T23:16:47.537-0300] {logging_mixin.py:188} INFO - [2025-04-27T23:16:47.537-0300] {dagbag.py:540} INFO - Filling up the DagBag from /home/facuvega/Descargas/crypto-etl-airflow/airflow-apache/lib/python3.11/site-packages/airflow/example_dags/example_trigger_controller_dag.py
[2025-04-27T23:16:47.542-0300] {processor.py:840} INFO - DAG(s) 'example_trigger_controller_dag' retrieved from /home/facuvega/Descargas/crypto-etl-airflow/airflow-apache/lib/python3.11/site-packages/airflow/example_dags/example_trigger_controller_dag.py
[2025-04-27T23:16:47.554-0300] {logging_mixin.py:188} INFO - [2025-04-27T23:16:47.554-0300] {dag.py:3096} INFO - Sync 1 DAGs
[2025-04-27T23:16:47.567-0300] {logging_mixin.py:188} INFO - [2025-04-27T23:16:47.567-0300] {dag.py:3954} INFO - Setting next_dagrun for example_trigger_controller_dag to 2021-01-01 00:00:00+00:00, run_after=2021-01-01 00:00:00+00:00
[2025-04-27T23:16:47.579-0300] {processor.py:183} INFO - Processing /home/facuvega/Descargas/crypto-etl-airflow/airflow-apache/lib/python3.11/site-packages/airflow/example_dags/example_trigger_controller_dag.py took 0.049 seconds
[2025-04-27T23:17:30.360-0300] {processor.py:161} INFO - Started process (PID=57691) to work on /home/facuvega/Descargas/crypto-etl-airflow/airflow-apache/lib/python3.11/site-packages/airflow/example_dags/example_trigger_controller_dag.py
[2025-04-27T23:17:30.361-0300] {processor.py:830} INFO - Processing file /home/facuvega/Descargas/crypto-etl-airflow/airflow-apache/lib/python3.11/site-packages/airflow/example_dags/example_trigger_controller_dag.py for tasks to queue
[2025-04-27T23:17:30.362-0300] {logging_mixin.py:188} INFO - [2025-04-27T23:17:30.362-0300] {dagbag.py:540} INFO - Filling up the DagBag from /home/facuvega/Descargas/crypto-etl-airflow/airflow-apache/lib/python3.11/site-packages/airflow/example_dags/example_trigger_controller_dag.py
[2025-04-27T23:17:30.368-0300] {processor.py:840} INFO - DAG(s) 'example_trigger_controller_dag' retrieved from /home/facuvega/Descargas/crypto-etl-airflow/airflow-apache/lib/python3.11/site-packages/airflow/example_dags/example_trigger_controller_dag.py
[2025-04-27T23:17:30.382-0300] {logging_mixin.py:188} INFO - [2025-04-27T23:17:30.382-0300] {dag.py:3096} INFO - Sync 1 DAGs
[2025-04-27T23:17:30.398-0300] {logging_mixin.py:188} INFO - [2025-04-27T23:17:30.397-0300] {dag.py:3954} INFO - Setting next_dagrun for example_trigger_controller_dag to 2021-01-01 00:00:00+00:00, run_after=2021-01-01 00:00:00+00:00
[2025-04-27T23:17:30.414-0300] {processor.py:183} INFO - Processing /home/facuvega/Descargas/crypto-etl-airflow/airflow-apache/lib/python3.11/site-packages/airflow/example_dags/example_trigger_controller_dag.py took 0.060 seconds
[2025-04-27T23:18:16.679-0300] {processor.py:161} INFO - Started process (PID=58027) to work on /home/facuvega/Descargas/crypto-etl-airflow/airflow-apache/lib/python3.11/site-packages/airflow/example_dags/example_trigger_controller_dag.py
[2025-04-27T23:18:16.682-0300] {processor.py:830} INFO - Processing file /home/facuvega/Descargas/crypto-etl-airflow/airflow-apache/lib/python3.11/site-packages/airflow/example_dags/example_trigger_controller_dag.py for tasks to queue
[2025-04-27T23:18:16.684-0300] {logging_mixin.py:188} INFO - [2025-04-27T23:18:16.683-0300] {dagbag.py:540} INFO - Filling up the DagBag from /home/facuvega/Descargas/crypto-etl-airflow/airflow-apache/lib/python3.11/site-packages/airflow/example_dags/example_trigger_controller_dag.py
[2025-04-27T23:18:16.690-0300] {processor.py:840} INFO - DAG(s) 'example_trigger_controller_dag' retrieved from /home/facuvega/Descargas/crypto-etl-airflow/airflow-apache/lib/python3.11/site-packages/airflow/example_dags/example_trigger_controller_dag.py
[2025-04-27T23:18:16.714-0300] {logging_mixin.py:188} INFO - [2025-04-27T23:18:16.714-0300] {dag.py:3096} INFO - Sync 1 DAGs
[2025-04-27T23:18:16.736-0300] {logging_mixin.py:188} INFO - [2025-04-27T23:18:16.736-0300] {dag.py:3954} INFO - Setting next_dagrun for example_trigger_controller_dag to 2021-01-01 00:00:00+00:00, run_after=2021-01-01 00:00:00+00:00
[2025-04-27T23:18:16.762-0300] {processor.py:183} INFO - Processing /home/facuvega/Descargas/crypto-etl-airflow/airflow-apache/lib/python3.11/site-packages/airflow/example_dags/example_trigger_controller_dag.py took 0.093 seconds
