[2025-04-27T23:00:46.418-0300] {processor.py:161} INFO - Started process (PID=51846) to work on /home/facuvega/Descargas/crypto-etl-airflow/airflow-apache/lib/python3.11/site-packages/airflow/example_dags/example_python_decorator.py
[2025-04-27T23:00:46.419-0300] {processor.py:830} INFO - Processing file /home/facuvega/Descargas/crypto-etl-airflow/airflow-apache/lib/python3.11/site-packages/airflow/example_dags/example_python_decorator.py for tasks to queue
[2025-04-27T23:00:46.421-0300] {logging_mixin.py:188} INFO - [2025-04-27T23:00:46.420-0300] {dagbag.py:540} INFO - Filling up the DagBag from /home/facuvega/Descargas/crypto-etl-airflow/airflow-apache/lib/python3.11/site-packages/airflow/example_dags/example_python_decorator.py
[2025-04-27T23:00:46.434-0300] {processor.py:840} INFO - DAG(s) 'example_python_decorator' retrieved from /home/facuvega/Descargas/crypto-etl-airflow/airflow-apache/lib/python3.11/site-packages/airflow/example_dags/example_python_decorator.py
[2025-04-27T23:00:46.537-0300] {logging_mixin.py:188} INFO - [2025-04-27T23:00:46.536-0300] {dag.py:3096} INFO - Sync 1 DAGs
[2025-04-27T23:00:46.543-0300] {logging_mixin.py:188} INFO - [2025-04-27T23:00:46.543-0300] {dag.py:3954} INFO - Setting next_dagrun for example_python_decorator to None, run_after=None
[2025-04-27T23:00:46.561-0300] {processor.py:183} INFO - Processing /home/facuvega/Descargas/crypto-etl-airflow/airflow-apache/lib/python3.11/site-packages/airflow/example_dags/example_python_decorator.py took 0.148 seconds
[2025-04-27T23:05:45.009-0300] {processor.py:161} INFO - Started process (PID=53939) to work on /home/facuvega/Descargas/crypto-etl-airflow/airflow-apache/lib/python3.11/site-packages/airflow/example_dags/example_python_decorator.py
[2025-04-27T23:05:45.010-0300] {processor.py:830} INFO - Processing file /home/facuvega/Descargas/crypto-etl-airflow/airflow-apache/lib/python3.11/site-packages/airflow/example_dags/example_python_decorator.py for tasks to queue
[2025-04-27T23:05:45.012-0300] {logging_mixin.py:188} INFO - [2025-04-27T23:05:45.012-0300] {dagbag.py:540} INFO - Filling up the DagBag from /home/facuvega/Descargas/crypto-etl-airflow/airflow-apache/lib/python3.11/site-packages/airflow/example_dags/example_python_decorator.py
[2025-04-27T23:05:45.026-0300] {processor.py:840} INFO - DAG(s) 'example_python_decorator' retrieved from /home/facuvega/Descargas/crypto-etl-airflow/airflow-apache/lib/python3.11/site-packages/airflow/example_dags/example_python_decorator.py
[2025-04-27T23:05:45.119-0300] {logging_mixin.py:188} INFO - [2025-04-27T23:05:45.118-0300] {dag.py:3096} INFO - Sync 1 DAGs
[2025-04-27T23:05:45.126-0300] {logging_mixin.py:188} INFO - [2025-04-27T23:05:45.125-0300] {dag.py:3954} INFO - Setting next_dagrun for example_python_decorator to None, run_after=None
[2025-04-27T23:05:45.143-0300] {processor.py:183} INFO - Processing /home/facuvega/Descargas/crypto-etl-airflow/airflow-apache/lib/python3.11/site-packages/airflow/example_dags/example_python_decorator.py took 0.140 seconds
[2025-04-27T23:06:34.626-0300] {processor.py:161} INFO - Started process (PID=54254) to work on /home/facuvega/Descargas/crypto-etl-airflow/airflow-apache/lib/python3.11/site-packages/airflow/example_dags/example_python_decorator.py
[2025-04-27T23:06:34.628-0300] {processor.py:830} INFO - Processing file /home/facuvega/Descargas/crypto-etl-airflow/airflow-apache/lib/python3.11/site-packages/airflow/example_dags/example_python_decorator.py for tasks to queue
[2025-04-27T23:06:34.632-0300] {logging_mixin.py:188} INFO - [2025-04-27T23:06:34.632-0300] {dagbag.py:540} INFO - Filling up the DagBag from /home/facuvega/Descargas/crypto-etl-airflow/airflow-apache/lib/python3.11/site-packages/airflow/example_dags/example_python_decorator.py
[2025-04-27T23:06:34.657-0300] {processor.py:840} INFO - DAG(s) 'example_python_decorator' retrieved from /home/facuvega/Descargas/crypto-etl-airflow/airflow-apache/lib/python3.11/site-packages/airflow/example_dags/example_python_decorator.py
[2025-04-27T23:06:34.681-0300] {logging_mixin.py:188} INFO - [2025-04-27T23:06:34.681-0300] {dag.py:3096} INFO - Sync 1 DAGs
[2025-04-27T23:06:34.691-0300] {logging_mixin.py:188} INFO - [2025-04-27T23:06:34.691-0300] {dag.py:3954} INFO - Setting next_dagrun for example_python_decorator to None, run_after=None
[2025-04-27T23:06:34.707-0300] {processor.py:183} INFO - Processing /home/facuvega/Descargas/crypto-etl-airflow/airflow-apache/lib/python3.11/site-packages/airflow/example_dags/example_python_decorator.py took 0.092 seconds
[2025-04-27T23:07:24.282-0300] {processor.py:161} INFO - Started process (PID=54570) to work on /home/facuvega/Descargas/crypto-etl-airflow/airflow-apache/lib/python3.11/site-packages/airflow/example_dags/example_python_decorator.py
[2025-04-27T23:07:24.283-0300] {processor.py:830} INFO - Processing file /home/facuvega/Descargas/crypto-etl-airflow/airflow-apache/lib/python3.11/site-packages/airflow/example_dags/example_python_decorator.py for tasks to queue
[2025-04-27T23:07:24.285-0300] {logging_mixin.py:188} INFO - [2025-04-27T23:07:24.284-0300] {dagbag.py:540} INFO - Filling up the DagBag from /home/facuvega/Descargas/crypto-etl-airflow/airflow-apache/lib/python3.11/site-packages/airflow/example_dags/example_python_decorator.py
[2025-04-27T23:07:24.296-0300] {processor.py:840} INFO - DAG(s) 'example_python_decorator' retrieved from /home/facuvega/Descargas/crypto-etl-airflow/airflow-apache/lib/python3.11/site-packages/airflow/example_dags/example_python_decorator.py
[2025-04-27T23:07:24.311-0300] {logging_mixin.py:188} INFO - [2025-04-27T23:07:24.310-0300] {dag.py:3096} INFO - Sync 1 DAGs
[2025-04-27T23:07:24.320-0300] {logging_mixin.py:188} INFO - [2025-04-27T23:07:24.320-0300] {dag.py:3954} INFO - Setting next_dagrun for example_python_decorator to None, run_after=None
[2025-04-27T23:07:24.335-0300] {processor.py:183} INFO - Processing /home/facuvega/Descargas/crypto-etl-airflow/airflow-apache/lib/python3.11/site-packages/airflow/example_dags/example_python_decorator.py took 0.059 seconds
[2025-04-27T23:08:24.658-0300] {processor.py:161} INFO - Started process (PID=54844) to work on /home/facuvega/Descargas/crypto-etl-airflow/airflow-apache/lib/python3.11/site-packages/airflow/example_dags/example_python_decorator.py
[2025-04-27T23:08:24.659-0300] {processor.py:830} INFO - Processing file /home/facuvega/Descargas/crypto-etl-airflow/airflow-apache/lib/python3.11/site-packages/airflow/example_dags/example_python_decorator.py for tasks to queue
[2025-04-27T23:08:24.660-0300] {logging_mixin.py:188} INFO - [2025-04-27T23:08:24.660-0300] {dagbag.py:540} INFO - Filling up the DagBag from /home/facuvega/Descargas/crypto-etl-airflow/airflow-apache/lib/python3.11/site-packages/airflow/example_dags/example_python_decorator.py
[2025-04-27T23:08:24.671-0300] {processor.py:840} INFO - DAG(s) 'example_python_decorator' retrieved from /home/facuvega/Descargas/crypto-etl-airflow/airflow-apache/lib/python3.11/site-packages/airflow/example_dags/example_python_decorator.py
[2025-04-27T23:08:24.683-0300] {logging_mixin.py:188} INFO - [2025-04-27T23:08:24.683-0300] {dag.py:3096} INFO - Sync 1 DAGs
[2025-04-27T23:08:24.692-0300] {logging_mixin.py:188} INFO - [2025-04-27T23:08:24.691-0300] {dag.py:3954} INFO - Setting next_dagrun for example_python_decorator to None, run_after=None
[2025-04-27T23:08:24.704-0300] {processor.py:183} INFO - Processing /home/facuvega/Descargas/crypto-etl-airflow/airflow-apache/lib/python3.11/site-packages/airflow/example_dags/example_python_decorator.py took 0.051 seconds
[2025-04-27T23:09:08.591-0300] {processor.py:161} INFO - Started process (PID=55035) to work on /home/facuvega/Descargas/crypto-etl-airflow/airflow-apache/lib/python3.11/site-packages/airflow/example_dags/example_python_decorator.py
[2025-04-27T23:09:08.592-0300] {processor.py:830} INFO - Processing file /home/facuvega/Descargas/crypto-etl-airflow/airflow-apache/lib/python3.11/site-packages/airflow/example_dags/example_python_decorator.py for tasks to queue
[2025-04-27T23:09:08.593-0300] {logging_mixin.py:188} INFO - [2025-04-27T23:09:08.593-0300] {dagbag.py:540} INFO - Filling up the DagBag from /home/facuvega/Descargas/crypto-etl-airflow/airflow-apache/lib/python3.11/site-packages/airflow/example_dags/example_python_decorator.py
[2025-04-27T23:09:08.604-0300] {processor.py:840} INFO - DAG(s) 'example_python_decorator' retrieved from /home/facuvega/Descargas/crypto-etl-airflow/airflow-apache/lib/python3.11/site-packages/airflow/example_dags/example_python_decorator.py
[2025-04-27T23:09:08.617-0300] {logging_mixin.py:188} INFO - [2025-04-27T23:09:08.617-0300] {dag.py:3096} INFO - Sync 1 DAGs
[2025-04-27T23:09:08.625-0300] {logging_mixin.py:188} INFO - [2025-04-27T23:09:08.625-0300] {dag.py:3954} INFO - Setting next_dagrun for example_python_decorator to None, run_after=None
[2025-04-27T23:09:08.637-0300] {processor.py:183} INFO - Processing /home/facuvega/Descargas/crypto-etl-airflow/airflow-apache/lib/python3.11/site-packages/airflow/example_dags/example_python_decorator.py took 0.051 seconds
[2025-04-27T23:09:49.721-0300] {processor.py:161} INFO - Started process (PID=55219) to work on /home/facuvega/Descargas/crypto-etl-airflow/airflow-apache/lib/python3.11/site-packages/airflow/example_dags/example_python_decorator.py
[2025-04-27T23:09:49.722-0300] {processor.py:830} INFO - Processing file /home/facuvega/Descargas/crypto-etl-airflow/airflow-apache/lib/python3.11/site-packages/airflow/example_dags/example_python_decorator.py for tasks to queue
[2025-04-27T23:09:49.723-0300] {logging_mixin.py:188} INFO - [2025-04-27T23:09:49.723-0300] {dagbag.py:540} INFO - Filling up the DagBag from /home/facuvega/Descargas/crypto-etl-airflow/airflow-apache/lib/python3.11/site-packages/airflow/example_dags/example_python_decorator.py
[2025-04-27T23:09:49.735-0300] {processor.py:840} INFO - DAG(s) 'example_python_decorator' retrieved from /home/facuvega/Descargas/crypto-etl-airflow/airflow-apache/lib/python3.11/site-packages/airflow/example_dags/example_python_decorator.py
[2025-04-27T23:09:49.753-0300] {logging_mixin.py:188} INFO - [2025-04-27T23:09:49.752-0300] {dag.py:3096} INFO - Sync 1 DAGs
[2025-04-27T23:09:49.761-0300] {logging_mixin.py:188} INFO - [2025-04-27T23:09:49.761-0300] {dag.py:3954} INFO - Setting next_dagrun for example_python_decorator to None, run_after=None
[2025-04-27T23:09:49.773-0300] {processor.py:183} INFO - Processing /home/facuvega/Descargas/crypto-etl-airflow/airflow-apache/lib/python3.11/site-packages/airflow/example_dags/example_python_decorator.py took 0.057 seconds
[2025-04-27T23:10:50.124-0300] {processor.py:161} INFO - Started process (PID=55661) to work on /home/facuvega/Descargas/crypto-etl-airflow/airflow-apache/lib/python3.11/site-packages/airflow/example_dags/example_python_decorator.py
[2025-04-27T23:10:50.127-0300] {processor.py:830} INFO - Processing file /home/facuvega/Descargas/crypto-etl-airflow/airflow-apache/lib/python3.11/site-packages/airflow/example_dags/example_python_decorator.py for tasks to queue
[2025-04-27T23:10:50.128-0300] {logging_mixin.py:188} INFO - [2025-04-27T23:10:50.128-0300] {dagbag.py:540} INFO - Filling up the DagBag from /home/facuvega/Descargas/crypto-etl-airflow/airflow-apache/lib/python3.11/site-packages/airflow/example_dags/example_python_decorator.py
[2025-04-27T23:10:50.152-0300] {processor.py:840} INFO - DAG(s) 'example_python_decorator' retrieved from /home/facuvega/Descargas/crypto-etl-airflow/airflow-apache/lib/python3.11/site-packages/airflow/example_dags/example_python_decorator.py
[2025-04-27T23:10:50.177-0300] {logging_mixin.py:188} INFO - [2025-04-27T23:10:50.177-0300] {dag.py:3096} INFO - Sync 1 DAGs
[2025-04-27T23:10:50.191-0300] {logging_mixin.py:188} INFO - [2025-04-27T23:10:50.191-0300] {dag.py:3954} INFO - Setting next_dagrun for example_python_decorator to None, run_after=None
[2025-04-27T23:10:50.219-0300] {processor.py:183} INFO - Processing /home/facuvega/Descargas/crypto-etl-airflow/airflow-apache/lib/python3.11/site-packages/airflow/example_dags/example_python_decorator.py took 0.106 seconds
[2025-04-27T23:11:49.325-0300] {processor.py:161} INFO - Started process (PID=55970) to work on /home/facuvega/Descargas/crypto-etl-airflow/airflow-apache/lib/python3.11/site-packages/airflow/example_dags/example_python_decorator.py
[2025-04-27T23:11:49.327-0300] {processor.py:830} INFO - Processing file /home/facuvega/Descargas/crypto-etl-airflow/airflow-apache/lib/python3.11/site-packages/airflow/example_dags/example_python_decorator.py for tasks to queue
[2025-04-27T23:11:49.329-0300] {logging_mixin.py:188} INFO - [2025-04-27T23:11:49.329-0300] {dagbag.py:540} INFO - Filling up the DagBag from /home/facuvega/Descargas/crypto-etl-airflow/airflow-apache/lib/python3.11/site-packages/airflow/example_dags/example_python_decorator.py
[2025-04-27T23:11:49.340-0300] {processor.py:840} INFO - DAG(s) 'example_python_decorator' retrieved from /home/facuvega/Descargas/crypto-etl-airflow/airflow-apache/lib/python3.11/site-packages/airflow/example_dags/example_python_decorator.py
[2025-04-27T23:11:49.353-0300] {logging_mixin.py:188} INFO - [2025-04-27T23:11:49.353-0300] {dag.py:3096} INFO - Sync 1 DAGs
[2025-04-27T23:11:49.367-0300] {logging_mixin.py:188} INFO - [2025-04-27T23:11:49.367-0300] {dag.py:3954} INFO - Setting next_dagrun for example_python_decorator to None, run_after=None
[2025-04-27T23:11:49.383-0300] {processor.py:183} INFO - Processing /home/facuvega/Descargas/crypto-etl-airflow/airflow-apache/lib/python3.11/site-packages/airflow/example_dags/example_python_decorator.py took 0.068 seconds
[2025-04-27T23:12:47.611-0300] {processor.py:161} INFO - Started process (PID=56247) to work on /home/facuvega/Descargas/crypto-etl-airflow/airflow-apache/lib/python3.11/site-packages/airflow/example_dags/example_python_decorator.py
[2025-04-27T23:12:47.611-0300] {processor.py:830} INFO - Processing file /home/facuvega/Descargas/crypto-etl-airflow/airflow-apache/lib/python3.11/site-packages/airflow/example_dags/example_python_decorator.py for tasks to queue
[2025-04-27T23:12:47.613-0300] {logging_mixin.py:188} INFO - [2025-04-27T23:12:47.613-0300] {dagbag.py:540} INFO - Filling up the DagBag from /home/facuvega/Descargas/crypto-etl-airflow/airflow-apache/lib/python3.11/site-packages/airflow/example_dags/example_python_decorator.py
[2025-04-27T23:12:47.623-0300] {processor.py:840} INFO - DAG(s) 'example_python_decorator' retrieved from /home/facuvega/Descargas/crypto-etl-airflow/airflow-apache/lib/python3.11/site-packages/airflow/example_dags/example_python_decorator.py
[2025-04-27T23:12:47.637-0300] {logging_mixin.py:188} INFO - [2025-04-27T23:12:47.637-0300] {dag.py:3096} INFO - Sync 1 DAGs
[2025-04-27T23:12:47.645-0300] {logging_mixin.py:188} INFO - [2025-04-27T23:12:47.645-0300] {dag.py:3954} INFO - Setting next_dagrun for example_python_decorator to None, run_after=None
[2025-04-27T23:12:47.658-0300] {processor.py:183} INFO - Processing /home/facuvega/Descargas/crypto-etl-airflow/airflow-apache/lib/python3.11/site-packages/airflow/example_dags/example_python_decorator.py took 0.052 seconds
[2025-04-27T23:13:47.850-0300] {processor.py:161} INFO - Started process (PID=56550) to work on /home/facuvega/Descargas/crypto-etl-airflow/airflow-apache/lib/python3.11/site-packages/airflow/example_dags/example_python_decorator.py
[2025-04-27T23:13:47.853-0300] {processor.py:830} INFO - Processing file /home/facuvega/Descargas/crypto-etl-airflow/airflow-apache/lib/python3.11/site-packages/airflow/example_dags/example_python_decorator.py for tasks to queue
[2025-04-27T23:13:47.860-0300] {logging_mixin.py:188} INFO - [2025-04-27T23:13:47.859-0300] {dagbag.py:540} INFO - Filling up the DagBag from /home/facuvega/Descargas/crypto-etl-airflow/airflow-apache/lib/python3.11/site-packages/airflow/example_dags/example_python_decorator.py
[2025-04-27T23:13:47.894-0300] {processor.py:840} INFO - DAG(s) 'example_python_decorator' retrieved from /home/facuvega/Descargas/crypto-etl-airflow/airflow-apache/lib/python3.11/site-packages/airflow/example_dags/example_python_decorator.py
[2025-04-27T23:13:47.948-0300] {logging_mixin.py:188} INFO - [2025-04-27T23:13:47.947-0300] {dag.py:3096} INFO - Sync 1 DAGs
[2025-04-27T23:13:47.968-0300] {logging_mixin.py:188} INFO - [2025-04-27T23:13:47.967-0300] {dag.py:3954} INFO - Setting next_dagrun for example_python_decorator to None, run_after=None
[2025-04-27T23:13:48.011-0300] {processor.py:183} INFO - Processing /home/facuvega/Descargas/crypto-etl-airflow/airflow-apache/lib/python3.11/site-packages/airflow/example_dags/example_python_decorator.py took 0.183 seconds
[2025-04-27T23:14:31.356-0300] {processor.py:161} INFO - Started process (PID=56741) to work on /home/facuvega/Descargas/crypto-etl-airflow/airflow-apache/lib/python3.11/site-packages/airflow/example_dags/example_python_decorator.py
[2025-04-27T23:14:31.357-0300] {processor.py:830} INFO - Processing file /home/facuvega/Descargas/crypto-etl-airflow/airflow-apache/lib/python3.11/site-packages/airflow/example_dags/example_python_decorator.py for tasks to queue
[2025-04-27T23:14:31.359-0300] {logging_mixin.py:188} INFO - [2025-04-27T23:14:31.358-0300] {dagbag.py:540} INFO - Filling up the DagBag from /home/facuvega/Descargas/crypto-etl-airflow/airflow-apache/lib/python3.11/site-packages/airflow/example_dags/example_python_decorator.py
[2025-04-27T23:14:31.424-0300] {processor.py:840} INFO - DAG(s) 'example_python_decorator' retrieved from /home/facuvega/Descargas/crypto-etl-airflow/airflow-apache/lib/python3.11/site-packages/airflow/example_dags/example_python_decorator.py
[2025-04-27T23:14:31.463-0300] {logging_mixin.py:188} INFO - [2025-04-27T23:14:31.462-0300] {dag.py:3096} INFO - Sync 1 DAGs
[2025-04-27T23:14:31.484-0300] {logging_mixin.py:188} INFO - [2025-04-27T23:14:31.483-0300] {dag.py:3954} INFO - Setting next_dagrun for example_python_decorator to None, run_after=None
[2025-04-27T23:14:31.515-0300] {processor.py:183} INFO - Processing /home/facuvega/Descargas/crypto-etl-airflow/airflow-apache/lib/python3.11/site-packages/airflow/example_dags/example_python_decorator.py took 0.170 seconds
[2025-04-27T23:15:16.387-0300] {processor.py:161} INFO - Started process (PID=56946) to work on /home/facuvega/Descargas/crypto-etl-airflow/airflow-apache/lib/python3.11/site-packages/airflow/example_dags/example_python_decorator.py
[2025-04-27T23:15:16.388-0300] {processor.py:830} INFO - Processing file /home/facuvega/Descargas/crypto-etl-airflow/airflow-apache/lib/python3.11/site-packages/airflow/example_dags/example_python_decorator.py for tasks to queue
[2025-04-27T23:15:16.389-0300] {logging_mixin.py:188} INFO - [2025-04-27T23:15:16.389-0300] {dagbag.py:540} INFO - Filling up the DagBag from /home/facuvega/Descargas/crypto-etl-airflow/airflow-apache/lib/python3.11/site-packages/airflow/example_dags/example_python_decorator.py
[2025-04-27T23:15:16.399-0300] {processor.py:840} INFO - DAG(s) 'example_python_decorator' retrieved from /home/facuvega/Descargas/crypto-etl-airflow/airflow-apache/lib/python3.11/site-packages/airflow/example_dags/example_python_decorator.py
[2025-04-27T23:15:16.414-0300] {logging_mixin.py:188} INFO - [2025-04-27T23:15:16.414-0300] {dag.py:3096} INFO - Sync 1 DAGs
[2025-04-27T23:15:16.422-0300] {logging_mixin.py:188} INFO - [2025-04-27T23:15:16.422-0300] {dag.py:3954} INFO - Setting next_dagrun for example_python_decorator to None, run_after=None
[2025-04-27T23:15:16.435-0300] {processor.py:183} INFO - Processing /home/facuvega/Descargas/crypto-etl-airflow/airflow-apache/lib/python3.11/site-packages/airflow/example_dags/example_python_decorator.py took 0.054 seconds
[2025-04-27T23:16:09.592-0300] {processor.py:161} INFO - Started process (PID=57246) to work on /home/facuvega/Descargas/crypto-etl-airflow/airflow-apache/lib/python3.11/site-packages/airflow/example_dags/example_python_decorator.py
[2025-04-27T23:16:09.593-0300] {processor.py:830} INFO - Processing file /home/facuvega/Descargas/crypto-etl-airflow/airflow-apache/lib/python3.11/site-packages/airflow/example_dags/example_python_decorator.py for tasks to queue
[2025-04-27T23:16:09.594-0300] {logging_mixin.py:188} INFO - [2025-04-27T23:16:09.594-0300] {dagbag.py:540} INFO - Filling up the DagBag from /home/facuvega/Descargas/crypto-etl-airflow/airflow-apache/lib/python3.11/site-packages/airflow/example_dags/example_python_decorator.py
[2025-04-27T23:16:09.606-0300] {processor.py:840} INFO - DAG(s) 'example_python_decorator' retrieved from /home/facuvega/Descargas/crypto-etl-airflow/airflow-apache/lib/python3.11/site-packages/airflow/example_dags/example_python_decorator.py
[2025-04-27T23:16:09.621-0300] {logging_mixin.py:188} INFO - [2025-04-27T23:16:09.621-0300] {dag.py:3096} INFO - Sync 1 DAGs
[2025-04-27T23:16:09.630-0300] {logging_mixin.py:188} INFO - [2025-04-27T23:16:09.630-0300] {dag.py:3954} INFO - Setting next_dagrun for example_python_decorator to None, run_after=None
[2025-04-27T23:16:09.646-0300] {processor.py:183} INFO - Processing /home/facuvega/Descargas/crypto-etl-airflow/airflow-apache/lib/python3.11/site-packages/airflow/example_dags/example_python_decorator.py took 0.060 seconds
[2025-04-27T23:17:09.889-0300] {processor.py:161} INFO - Started process (PID=57566) to work on /home/facuvega/Descargas/crypto-etl-airflow/airflow-apache/lib/python3.11/site-packages/airflow/example_dags/example_python_decorator.py
[2025-04-27T23:17:09.890-0300] {processor.py:830} INFO - Processing file /home/facuvega/Descargas/crypto-etl-airflow/airflow-apache/lib/python3.11/site-packages/airflow/example_dags/example_python_decorator.py for tasks to queue
[2025-04-27T23:17:09.895-0300] {logging_mixin.py:188} INFO - [2025-04-27T23:17:09.894-0300] {dagbag.py:540} INFO - Filling up the DagBag from /home/facuvega/Descargas/crypto-etl-airflow/airflow-apache/lib/python3.11/site-packages/airflow/example_dags/example_python_decorator.py
[2025-04-27T23:17:09.909-0300] {processor.py:840} INFO - DAG(s) 'example_python_decorator' retrieved from /home/facuvega/Descargas/crypto-etl-airflow/airflow-apache/lib/python3.11/site-packages/airflow/example_dags/example_python_decorator.py
[2025-04-27T23:17:09.930-0300] {logging_mixin.py:188} INFO - [2025-04-27T23:17:09.930-0300] {dag.py:3096} INFO - Sync 1 DAGs
[2025-04-27T23:17:09.946-0300] {logging_mixin.py:188} INFO - [2025-04-27T23:17:09.946-0300] {dag.py:3954} INFO - Setting next_dagrun for example_python_decorator to None, run_after=None
[2025-04-27T23:17:09.968-0300] {processor.py:183} INFO - Processing /home/facuvega/Descargas/crypto-etl-airflow/airflow-apache/lib/python3.11/site-packages/airflow/example_dags/example_python_decorator.py took 0.094 seconds
[2025-04-27T23:17:54.378-0300] {processor.py:161} INFO - Started process (PID=57855) to work on /home/facuvega/Descargas/crypto-etl-airflow/airflow-apache/lib/python3.11/site-packages/airflow/example_dags/example_python_decorator.py
[2025-04-27T23:17:54.379-0300] {processor.py:830} INFO - Processing file /home/facuvega/Descargas/crypto-etl-airflow/airflow-apache/lib/python3.11/site-packages/airflow/example_dags/example_python_decorator.py for tasks to queue
[2025-04-27T23:17:54.384-0300] {logging_mixin.py:188} INFO - [2025-04-27T23:17:54.384-0300] {dagbag.py:540} INFO - Filling up the DagBag from /home/facuvega/Descargas/crypto-etl-airflow/airflow-apache/lib/python3.11/site-packages/airflow/example_dags/example_python_decorator.py
[2025-04-27T23:17:54.404-0300] {processor.py:840} INFO - DAG(s) 'example_python_decorator' retrieved from /home/facuvega/Descargas/crypto-etl-airflow/airflow-apache/lib/python3.11/site-packages/airflow/example_dags/example_python_decorator.py
[2025-04-27T23:17:54.424-0300] {logging_mixin.py:188} INFO - [2025-04-27T23:17:54.424-0300] {dag.py:3096} INFO - Sync 1 DAGs
[2025-04-27T23:17:54.438-0300] {logging_mixin.py:188} INFO - [2025-04-27T23:17:54.437-0300] {dag.py:3954} INFO - Setting next_dagrun for example_python_decorator to None, run_after=None
[2025-04-27T23:17:54.465-0300] {processor.py:183} INFO - Processing /home/facuvega/Descargas/crypto-etl-airflow/airflow-apache/lib/python3.11/site-packages/airflow/example_dags/example_python_decorator.py took 0.099 seconds
[2025-04-27T23:18:41.019-0300] {processor.py:161} INFO - Started process (PID=58143) to work on /home/facuvega/Descargas/crypto-etl-airflow/airflow-apache/lib/python3.11/site-packages/airflow/example_dags/example_python_decorator.py
[2025-04-27T23:18:41.020-0300] {processor.py:830} INFO - Processing file /home/facuvega/Descargas/crypto-etl-airflow/airflow-apache/lib/python3.11/site-packages/airflow/example_dags/example_python_decorator.py for tasks to queue
[2025-04-27T23:18:41.023-0300] {logging_mixin.py:188} INFO - [2025-04-27T23:18:41.022-0300] {dagbag.py:540} INFO - Filling up the DagBag from /home/facuvega/Descargas/crypto-etl-airflow/airflow-apache/lib/python3.11/site-packages/airflow/example_dags/example_python_decorator.py
[2025-04-27T23:18:41.037-0300] {processor.py:840} INFO - DAG(s) 'example_python_decorator' retrieved from /home/facuvega/Descargas/crypto-etl-airflow/airflow-apache/lib/python3.11/site-packages/airflow/example_dags/example_python_decorator.py
[2025-04-27T23:18:41.069-0300] {logging_mixin.py:188} INFO - [2025-04-27T23:18:41.068-0300] {dag.py:3096} INFO - Sync 1 DAGs
[2025-04-27T23:18:41.097-0300] {logging_mixin.py:188} INFO - [2025-04-27T23:18:41.096-0300] {dag.py:3954} INFO - Setting next_dagrun for example_python_decorator to None, run_after=None
[2025-04-27T23:18:41.122-0300] {processor.py:183} INFO - Processing /home/facuvega/Descargas/crypto-etl-airflow/airflow-apache/lib/python3.11/site-packages/airflow/example_dags/example_python_decorator.py took 0.110 seconds
