[2025-04-27T23:00:37.099-0300] {processor.py:161} INFO - Started process (PID=51810) to work on /home/facuvega/Descargas/crypto-etl-airflow/airflow-apache/lib/python3.11/site-packages/airflow/example_dags/example_short_circuit_operator.py
[2025-04-27T23:00:37.100-0300] {processor.py:830} INFO - Processing file /home/facuvega/Descargas/crypto-etl-airflow/airflow-apache/lib/python3.11/site-packages/airflow/example_dags/example_short_circuit_operator.py for tasks to queue
[2025-04-27T23:00:37.101-0300] {logging_mixin.py:188} INFO - [2025-04-27T23:00:37.101-0300] {dagbag.py:540} INFO - Filling up the DagBag from /home/facuvega/Descargas/crypto-etl-airflow/airflow-apache/lib/python3.11/site-packages/airflow/example_dags/example_short_circuit_operator.py
[2025-04-27T23:00:37.110-0300] {processor.py:840} INFO - DAG(s) 'example_short_circuit_operator' retrieved from /home/facuvega/Descargas/crypto-etl-airflow/airflow-apache/lib/python3.11/site-packages/airflow/example_dags/example_short_circuit_operator.py
[2025-04-27T23:00:37.117-0300] {logging_mixin.py:188} INFO - [2025-04-27T23:00:37.117-0300] {dag.py:3096} INFO - Sync 1 DAGs
[2025-04-27T23:00:37.138-0300] {logging_mixin.py:188} INFO - [2025-04-27T23:00:37.137-0300] {dag.py:3954} INFO - Setting next_dagrun for example_short_circuit_operator to 2025-04-27 00:00:00+00:00, run_after=2025-04-28 00:00:00+00:00
[2025-04-27T23:00:37.189-0300] {processor.py:183} INFO - Processing /home/facuvega/Descargas/crypto-etl-airflow/airflow-apache/lib/python3.11/site-packages/airflow/example_dags/example_short_circuit_operator.py took 0.097 seconds
[2025-04-27T23:05:36.393-0300] {processor.py:161} INFO - Started process (PID=53827) to work on /home/facuvega/Descargas/crypto-etl-airflow/airflow-apache/lib/python3.11/site-packages/airflow/example_dags/example_short_circuit_operator.py
[2025-04-27T23:05:36.394-0300] {processor.py:830} INFO - Processing file /home/facuvega/Descargas/crypto-etl-airflow/airflow-apache/lib/python3.11/site-packages/airflow/example_dags/example_short_circuit_operator.py for tasks to queue
[2025-04-27T23:05:36.396-0300] {logging_mixin.py:188} INFO - [2025-04-27T23:05:36.395-0300] {dagbag.py:540} INFO - Filling up the DagBag from /home/facuvega/Descargas/crypto-etl-airflow/airflow-apache/lib/python3.11/site-packages/airflow/example_dags/example_short_circuit_operator.py
[2025-04-27T23:05:36.410-0300] {processor.py:840} INFO - DAG(s) 'example_short_circuit_operator' retrieved from /home/facuvega/Descargas/crypto-etl-airflow/airflow-apache/lib/python3.11/site-packages/airflow/example_dags/example_short_circuit_operator.py
[2025-04-27T23:05:36.525-0300] {logging_mixin.py:188} INFO - [2025-04-27T23:05:36.524-0300] {dag.py:3096} INFO - Sync 1 DAGs
[2025-04-27T23:05:36.536-0300] {logging_mixin.py:188} INFO - [2025-04-27T23:05:36.536-0300] {dag.py:3954} INFO - Setting next_dagrun for example_short_circuit_operator to 2025-04-27 00:00:00+00:00, run_after=2025-04-28 00:00:00+00:00
[2025-04-27T23:05:36.551-0300] {processor.py:183} INFO - Processing /home/facuvega/Descargas/crypto-etl-airflow/airflow-apache/lib/python3.11/site-packages/airflow/example_dags/example_short_circuit_operator.py took 0.166 seconds
[2025-04-27T23:06:27.719-0300] {processor.py:161} INFO - Started process (PID=54176) to work on /home/facuvega/Descargas/crypto-etl-airflow/airflow-apache/lib/python3.11/site-packages/airflow/example_dags/example_short_circuit_operator.py
[2025-04-27T23:06:27.720-0300] {processor.py:830} INFO - Processing file /home/facuvega/Descargas/crypto-etl-airflow/airflow-apache/lib/python3.11/site-packages/airflow/example_dags/example_short_circuit_operator.py for tasks to queue
[2025-04-27T23:06:27.722-0300] {logging_mixin.py:188} INFO - [2025-04-27T23:06:27.722-0300] {dagbag.py:540} INFO - Filling up the DagBag from /home/facuvega/Descargas/crypto-etl-airflow/airflow-apache/lib/python3.11/site-packages/airflow/example_dags/example_short_circuit_operator.py
[2025-04-27T23:06:27.729-0300] {processor.py:840} INFO - DAG(s) 'example_short_circuit_operator' retrieved from /home/facuvega/Descargas/crypto-etl-airflow/airflow-apache/lib/python3.11/site-packages/airflow/example_dags/example_short_circuit_operator.py
[2025-04-27T23:06:27.745-0300] {logging_mixin.py:188} INFO - [2025-04-27T23:06:27.745-0300] {dag.py:3096} INFO - Sync 1 DAGs
[2025-04-27T23:06:27.762-0300] {logging_mixin.py:188} INFO - [2025-04-27T23:06:27.762-0300] {dag.py:3954} INFO - Setting next_dagrun for example_short_circuit_operator to 2025-04-27 00:00:00+00:00, run_after=2025-04-28 00:00:00+00:00
[2025-04-27T23:06:27.779-0300] {processor.py:183} INFO - Processing /home/facuvega/Descargas/crypto-etl-airflow/airflow-apache/lib/python3.11/site-packages/airflow/example_dags/example_short_circuit_operator.py took 0.065 seconds
[2025-04-27T23:07:16.892-0300] {processor.py:161} INFO - Started process (PID=54533) to work on /home/facuvega/Descargas/crypto-etl-airflow/airflow-apache/lib/python3.11/site-packages/airflow/example_dags/example_short_circuit_operator.py
[2025-04-27T23:07:16.893-0300] {processor.py:830} INFO - Processing file /home/facuvega/Descargas/crypto-etl-airflow/airflow-apache/lib/python3.11/site-packages/airflow/example_dags/example_short_circuit_operator.py for tasks to queue
[2025-04-27T23:07:16.894-0300] {logging_mixin.py:188} INFO - [2025-04-27T23:07:16.894-0300] {dagbag.py:540} INFO - Filling up the DagBag from /home/facuvega/Descargas/crypto-etl-airflow/airflow-apache/lib/python3.11/site-packages/airflow/example_dags/example_short_circuit_operator.py
[2025-04-27T23:07:16.901-0300] {processor.py:840} INFO - DAG(s) 'example_short_circuit_operator' retrieved from /home/facuvega/Descargas/crypto-etl-airflow/airflow-apache/lib/python3.11/site-packages/airflow/example_dags/example_short_circuit_operator.py
[2025-04-27T23:07:16.916-0300] {logging_mixin.py:188} INFO - [2025-04-27T23:07:16.916-0300] {dag.py:3096} INFO - Sync 1 DAGs
[2025-04-27T23:07:16.931-0300] {logging_mixin.py:188} INFO - [2025-04-27T23:07:16.931-0300] {dag.py:3954} INFO - Setting next_dagrun for example_short_circuit_operator to 2025-04-27 00:00:00+00:00, run_after=2025-04-28 00:00:00+00:00
[2025-04-27T23:07:16.947-0300] {processor.py:183} INFO - Processing /home/facuvega/Descargas/crypto-etl-airflow/airflow-apache/lib/python3.11/site-packages/airflow/example_dags/example_short_circuit_operator.py took 0.061 seconds
[2025-04-27T23:07:57.922-0300] {processor.py:161} INFO - Started process (PID=54720) to work on /home/facuvega/Descargas/crypto-etl-airflow/airflow-apache/lib/python3.11/site-packages/airflow/example_dags/example_short_circuit_operator.py
[2025-04-27T23:07:57.923-0300] {processor.py:830} INFO - Processing file /home/facuvega/Descargas/crypto-etl-airflow/airflow-apache/lib/python3.11/site-packages/airflow/example_dags/example_short_circuit_operator.py for tasks to queue
[2025-04-27T23:07:57.925-0300] {logging_mixin.py:188} INFO - [2025-04-27T23:07:57.924-0300] {dagbag.py:540} INFO - Filling up the DagBag from /home/facuvega/Descargas/crypto-etl-airflow/airflow-apache/lib/python3.11/site-packages/airflow/example_dags/example_short_circuit_operator.py
[2025-04-27T23:07:57.931-0300] {processor.py:840} INFO - DAG(s) 'example_short_circuit_operator' retrieved from /home/facuvega/Descargas/crypto-etl-airflow/airflow-apache/lib/python3.11/site-packages/airflow/example_dags/example_short_circuit_operator.py
[2025-04-27T23:07:57.946-0300] {logging_mixin.py:188} INFO - [2025-04-27T23:07:57.946-0300] {dag.py:3096} INFO - Sync 1 DAGs
[2025-04-27T23:07:57.964-0300] {logging_mixin.py:188} INFO - [2025-04-27T23:07:57.963-0300] {dag.py:3954} INFO - Setting next_dagrun for example_short_circuit_operator to 2025-04-27 00:00:00+00:00, run_after=2025-04-28 00:00:00+00:00
[2025-04-27T23:07:57.985-0300] {processor.py:183} INFO - Processing /home/facuvega/Descargas/crypto-etl-airflow/airflow-apache/lib/python3.11/site-packages/airflow/example_dags/example_short_circuit_operator.py took 0.068 seconds
[2025-04-27T23:08:38.946-0300] {processor.py:161} INFO - Started process (PID=54908) to work on /home/facuvega/Descargas/crypto-etl-airflow/airflow-apache/lib/python3.11/site-packages/airflow/example_dags/example_short_circuit_operator.py
[2025-04-27T23:08:38.947-0300] {processor.py:830} INFO - Processing file /home/facuvega/Descargas/crypto-etl-airflow/airflow-apache/lib/python3.11/site-packages/airflow/example_dags/example_short_circuit_operator.py for tasks to queue
[2025-04-27T23:08:38.949-0300] {logging_mixin.py:188} INFO - [2025-04-27T23:08:38.948-0300] {dagbag.py:540} INFO - Filling up the DagBag from /home/facuvega/Descargas/crypto-etl-airflow/airflow-apache/lib/python3.11/site-packages/airflow/example_dags/example_short_circuit_operator.py
[2025-04-27T23:08:38.956-0300] {processor.py:840} INFO - DAG(s) 'example_short_circuit_operator' retrieved from /home/facuvega/Descargas/crypto-etl-airflow/airflow-apache/lib/python3.11/site-packages/airflow/example_dags/example_short_circuit_operator.py
[2025-04-27T23:08:38.970-0300] {logging_mixin.py:188} INFO - [2025-04-27T23:08:38.970-0300] {dag.py:3096} INFO - Sync 1 DAGs
[2025-04-27T23:08:38.984-0300] {logging_mixin.py:188} INFO - [2025-04-27T23:08:38.984-0300] {dag.py:3954} INFO - Setting next_dagrun for example_short_circuit_operator to 2025-04-27 00:00:00+00:00, run_after=2025-04-28 00:00:00+00:00
[2025-04-27T23:08:38.998-0300] {processor.py:183} INFO - Processing /home/facuvega/Descargas/crypto-etl-airflow/airflow-apache/lib/python3.11/site-packages/airflow/example_dags/example_short_circuit_operator.py took 0.057 seconds
[2025-04-27T23:09:22.640-0300] {processor.py:161} INFO - Started process (PID=55098) to work on /home/facuvega/Descargas/crypto-etl-airflow/airflow-apache/lib/python3.11/site-packages/airflow/example_dags/example_short_circuit_operator.py
[2025-04-27T23:09:22.641-0300] {processor.py:830} INFO - Processing file /home/facuvega/Descargas/crypto-etl-airflow/airflow-apache/lib/python3.11/site-packages/airflow/example_dags/example_short_circuit_operator.py for tasks to queue
[2025-04-27T23:09:22.643-0300] {logging_mixin.py:188} INFO - [2025-04-27T23:09:22.642-0300] {dagbag.py:540} INFO - Filling up the DagBag from /home/facuvega/Descargas/crypto-etl-airflow/airflow-apache/lib/python3.11/site-packages/airflow/example_dags/example_short_circuit_operator.py
[2025-04-27T23:09:22.649-0300] {processor.py:840} INFO - DAG(s) 'example_short_circuit_operator' retrieved from /home/facuvega/Descargas/crypto-etl-airflow/airflow-apache/lib/python3.11/site-packages/airflow/example_dags/example_short_circuit_operator.py
[2025-04-27T23:09:22.663-0300] {logging_mixin.py:188} INFO - [2025-04-27T23:09:22.663-0300] {dag.py:3096} INFO - Sync 1 DAGs
[2025-04-27T23:09:22.676-0300] {logging_mixin.py:188} INFO - [2025-04-27T23:09:22.675-0300] {dag.py:3954} INFO - Setting next_dagrun for example_short_circuit_operator to 2025-04-27 00:00:00+00:00, run_after=2025-04-28 00:00:00+00:00
[2025-04-27T23:09:22.688-0300] {processor.py:183} INFO - Processing /home/facuvega/Descargas/crypto-etl-airflow/airflow-apache/lib/python3.11/site-packages/airflow/example_dags/example_short_circuit_operator.py took 0.053 seconds
[2025-04-27T23:10:03.256-0300] {processor.py:161} INFO - Started process (PID=55323) to work on /home/facuvega/Descargas/crypto-etl-airflow/airflow-apache/lib/python3.11/site-packages/airflow/example_dags/example_short_circuit_operator.py
[2025-04-27T23:10:03.257-0300] {processor.py:830} INFO - Processing file /home/facuvega/Descargas/crypto-etl-airflow/airflow-apache/lib/python3.11/site-packages/airflow/example_dags/example_short_circuit_operator.py for tasks to queue
[2025-04-27T23:10:03.259-0300] {logging_mixin.py:188} INFO - [2025-04-27T23:10:03.258-0300] {dagbag.py:540} INFO - Filling up the DagBag from /home/facuvega/Descargas/crypto-etl-airflow/airflow-apache/lib/python3.11/site-packages/airflow/example_dags/example_short_circuit_operator.py
[2025-04-27T23:10:03.266-0300] {processor.py:840} INFO - DAG(s) 'example_short_circuit_operator' retrieved from /home/facuvega/Descargas/crypto-etl-airflow/airflow-apache/lib/python3.11/site-packages/airflow/example_dags/example_short_circuit_operator.py
[2025-04-27T23:10:03.281-0300] {logging_mixin.py:188} INFO - [2025-04-27T23:10:03.281-0300] {dag.py:3096} INFO - Sync 1 DAGs
[2025-04-27T23:10:03.295-0300] {logging_mixin.py:188} INFO - [2025-04-27T23:10:03.295-0300] {dag.py:3954} INFO - Setting next_dagrun for example_short_circuit_operator to 2025-04-27 00:00:00+00:00, run_after=2025-04-28 00:00:00+00:00
[2025-04-27T23:10:03.310-0300] {processor.py:183} INFO - Processing /home/facuvega/Descargas/crypto-etl-airflow/airflow-apache/lib/python3.11/site-packages/airflow/example_dags/example_short_circuit_operator.py took 0.060 seconds
[2025-04-27T23:10:44.012-0300] {processor.py:161} INFO - Started process (PID=55586) to work on /home/facuvega/Descargas/crypto-etl-airflow/airflow-apache/lib/python3.11/site-packages/airflow/example_dags/example_short_circuit_operator.py
[2025-04-27T23:10:44.013-0300] {processor.py:830} INFO - Processing file /home/facuvega/Descargas/crypto-etl-airflow/airflow-apache/lib/python3.11/site-packages/airflow/example_dags/example_short_circuit_operator.py for tasks to queue
[2025-04-27T23:10:44.015-0300] {logging_mixin.py:188} INFO - [2025-04-27T23:10:44.014-0300] {dagbag.py:540} INFO - Filling up the DagBag from /home/facuvega/Descargas/crypto-etl-airflow/airflow-apache/lib/python3.11/site-packages/airflow/example_dags/example_short_circuit_operator.py
[2025-04-27T23:10:44.021-0300] {processor.py:840} INFO - DAG(s) 'example_short_circuit_operator' retrieved from /home/facuvega/Descargas/crypto-etl-airflow/airflow-apache/lib/python3.11/site-packages/airflow/example_dags/example_short_circuit_operator.py
[2025-04-27T23:10:44.035-0300] {logging_mixin.py:188} INFO - [2025-04-27T23:10:44.035-0300] {dag.py:3096} INFO - Sync 1 DAGs
[2025-04-27T23:10:44.047-0300] {logging_mixin.py:188} INFO - [2025-04-27T23:10:44.047-0300] {dag.py:3954} INFO - Setting next_dagrun for example_short_circuit_operator to 2025-04-27 00:00:00+00:00, run_after=2025-04-28 00:00:00+00:00
[2025-04-27T23:10:44.060-0300] {processor.py:183} INFO - Processing /home/facuvega/Descargas/crypto-etl-airflow/airflow-apache/lib/python3.11/site-packages/airflow/example_dags/example_short_circuit_operator.py took 0.053 seconds
[2025-04-27T23:11:23.566-0300] {processor.py:161} INFO - Started process (PID=55848) to work on /home/facuvega/Descargas/crypto-etl-airflow/airflow-apache/lib/python3.11/site-packages/airflow/example_dags/example_short_circuit_operator.py
[2025-04-27T23:11:23.569-0300] {processor.py:830} INFO - Processing file /home/facuvega/Descargas/crypto-etl-airflow/airflow-apache/lib/python3.11/site-packages/airflow/example_dags/example_short_circuit_operator.py for tasks to queue
[2025-04-27T23:11:23.570-0300] {logging_mixin.py:188} INFO - [2025-04-27T23:11:23.570-0300] {dagbag.py:540} INFO - Filling up the DagBag from /home/facuvega/Descargas/crypto-etl-airflow/airflow-apache/lib/python3.11/site-packages/airflow/example_dags/example_short_circuit_operator.py
[2025-04-27T23:11:23.582-0300] {processor.py:840} INFO - DAG(s) 'example_short_circuit_operator' retrieved from /home/facuvega/Descargas/crypto-etl-airflow/airflow-apache/lib/python3.11/site-packages/airflow/example_dags/example_short_circuit_operator.py
[2025-04-27T23:11:23.615-0300] {logging_mixin.py:188} INFO - [2025-04-27T23:11:23.614-0300] {dag.py:3096} INFO - Sync 1 DAGs
[2025-04-27T23:11:23.635-0300] {logging_mixin.py:188} INFO - [2025-04-27T23:11:23.635-0300] {dag.py:3954} INFO - Setting next_dagrun for example_short_circuit_operator to 2025-04-27 00:00:00+00:00, run_after=2025-04-28 00:00:00+00:00
[2025-04-27T23:11:23.649-0300] {processor.py:183} INFO - Processing /home/facuvega/Descargas/crypto-etl-airflow/airflow-apache/lib/python3.11/site-packages/airflow/example_dags/example_short_circuit_operator.py took 0.092 seconds
[2025-04-27T23:12:03.820-0300] {processor.py:161} INFO - Started process (PID=56041) to work on /home/facuvega/Descargas/crypto-etl-airflow/airflow-apache/lib/python3.11/site-packages/airflow/example_dags/example_short_circuit_operator.py
[2025-04-27T23:12:03.821-0300] {processor.py:830} INFO - Processing file /home/facuvega/Descargas/crypto-etl-airflow/airflow-apache/lib/python3.11/site-packages/airflow/example_dags/example_short_circuit_operator.py for tasks to queue
[2025-04-27T23:12:03.823-0300] {logging_mixin.py:188} INFO - [2025-04-27T23:12:03.822-0300] {dagbag.py:540} INFO - Filling up the DagBag from /home/facuvega/Descargas/crypto-etl-airflow/airflow-apache/lib/python3.11/site-packages/airflow/example_dags/example_short_circuit_operator.py
[2025-04-27T23:12:03.829-0300] {processor.py:840} INFO - DAG(s) 'example_short_circuit_operator' retrieved from /home/facuvega/Descargas/crypto-etl-airflow/airflow-apache/lib/python3.11/site-packages/airflow/example_dags/example_short_circuit_operator.py
[2025-04-27T23:12:03.844-0300] {logging_mixin.py:188} INFO - [2025-04-27T23:12:03.844-0300] {dag.py:3096} INFO - Sync 1 DAGs
[2025-04-27T23:12:03.858-0300] {logging_mixin.py:188} INFO - [2025-04-27T23:12:03.858-0300] {dag.py:3954} INFO - Setting next_dagrun for example_short_circuit_operator to 2025-04-27 00:00:00+00:00, run_after=2025-04-28 00:00:00+00:00
[2025-04-27T23:12:03.871-0300] {processor.py:183} INFO - Processing /home/facuvega/Descargas/crypto-etl-airflow/airflow-apache/lib/python3.11/site-packages/airflow/example_dags/example_short_circuit_operator.py took 0.056 seconds
[2025-04-27T23:12:42.456-0300] {processor.py:161} INFO - Started process (PID=56220) to work on /home/facuvega/Descargas/crypto-etl-airflow/airflow-apache/lib/python3.11/site-packages/airflow/example_dags/example_short_circuit_operator.py
[2025-04-27T23:12:42.457-0300] {processor.py:830} INFO - Processing file /home/facuvega/Descargas/crypto-etl-airflow/airflow-apache/lib/python3.11/site-packages/airflow/example_dags/example_short_circuit_operator.py for tasks to queue
[2025-04-27T23:12:42.459-0300] {logging_mixin.py:188} INFO - [2025-04-27T23:12:42.458-0300] {dagbag.py:540} INFO - Filling up the DagBag from /home/facuvega/Descargas/crypto-etl-airflow/airflow-apache/lib/python3.11/site-packages/airflow/example_dags/example_short_circuit_operator.py
[2025-04-27T23:12:42.466-0300] {processor.py:840} INFO - DAG(s) 'example_short_circuit_operator' retrieved from /home/facuvega/Descargas/crypto-etl-airflow/airflow-apache/lib/python3.11/site-packages/airflow/example_dags/example_short_circuit_operator.py
[2025-04-27T23:12:42.483-0300] {logging_mixin.py:188} INFO - [2025-04-27T23:12:42.482-0300] {dag.py:3096} INFO - Sync 1 DAGs
[2025-04-27T23:12:42.502-0300] {logging_mixin.py:188} INFO - [2025-04-27T23:12:42.501-0300] {dag.py:3954} INFO - Setting next_dagrun for example_short_circuit_operator to 2025-04-27 00:00:00+00:00, run_after=2025-04-28 00:00:00+00:00
[2025-04-27T23:12:42.522-0300] {processor.py:183} INFO - Processing /home/facuvega/Descargas/crypto-etl-airflow/airflow-apache/lib/python3.11/site-packages/airflow/example_dags/example_short_circuit_operator.py took 0.073 seconds
[2025-04-27T23:13:21.785-0300] {processor.py:161} INFO - Started process (PID=56423) to work on /home/facuvega/Descargas/crypto-etl-airflow/airflow-apache/lib/python3.11/site-packages/airflow/example_dags/example_short_circuit_operator.py
[2025-04-27T23:13:21.786-0300] {processor.py:830} INFO - Processing file /home/facuvega/Descargas/crypto-etl-airflow/airflow-apache/lib/python3.11/site-packages/airflow/example_dags/example_short_circuit_operator.py for tasks to queue
[2025-04-27T23:13:21.788-0300] {logging_mixin.py:188} INFO - [2025-04-27T23:13:21.788-0300] {dagbag.py:540} INFO - Filling up the DagBag from /home/facuvega/Descargas/crypto-etl-airflow/airflow-apache/lib/python3.11/site-packages/airflow/example_dags/example_short_circuit_operator.py
[2025-04-27T23:13:21.795-0300] {processor.py:840} INFO - DAG(s) 'example_short_circuit_operator' retrieved from /home/facuvega/Descargas/crypto-etl-airflow/airflow-apache/lib/python3.11/site-packages/airflow/example_dags/example_short_circuit_operator.py
[2025-04-27T23:13:21.810-0300] {logging_mixin.py:188} INFO - [2025-04-27T23:13:21.809-0300] {dag.py:3096} INFO - Sync 1 DAGs
[2025-04-27T23:13:21.823-0300] {logging_mixin.py:188} INFO - [2025-04-27T23:13:21.823-0300] {dag.py:3954} INFO - Setting next_dagrun for example_short_circuit_operator to 2025-04-27 00:00:00+00:00, run_after=2025-04-28 00:00:00+00:00
[2025-04-27T23:13:21.836-0300] {processor.py:183} INFO - Processing /home/facuvega/Descargas/crypto-etl-airflow/airflow-apache/lib/python3.11/site-packages/airflow/example_dags/example_short_circuit_operator.py took 0.057 seconds
[2025-04-27T23:14:03.875-0300] {processor.py:161} INFO - Started process (PID=56612) to work on /home/facuvega/Descargas/crypto-etl-airflow/airflow-apache/lib/python3.11/site-packages/airflow/example_dags/example_short_circuit_operator.py
[2025-04-27T23:14:03.878-0300] {processor.py:830} INFO - Processing file /home/facuvega/Descargas/crypto-etl-airflow/airflow-apache/lib/python3.11/site-packages/airflow/example_dags/example_short_circuit_operator.py for tasks to queue
[2025-04-27T23:14:03.882-0300] {logging_mixin.py:188} INFO - [2025-04-27T23:14:03.881-0300] {dagbag.py:540} INFO - Filling up the DagBag from /home/facuvega/Descargas/crypto-etl-airflow/airflow-apache/lib/python3.11/site-packages/airflow/example_dags/example_short_circuit_operator.py
[2025-04-27T23:14:03.891-0300] {processor.py:840} INFO - DAG(s) 'example_short_circuit_operator' retrieved from /home/facuvega/Descargas/crypto-etl-airflow/airflow-apache/lib/python3.11/site-packages/airflow/example_dags/example_short_circuit_operator.py
[2025-04-27T23:14:03.911-0300] {logging_mixin.py:188} INFO - [2025-04-27T23:14:03.911-0300] {dag.py:3096} INFO - Sync 1 DAGs
[2025-04-27T23:14:03.932-0300] {logging_mixin.py:188} INFO - [2025-04-27T23:14:03.931-0300] {dag.py:3954} INFO - Setting next_dagrun for example_short_circuit_operator to 2025-04-27 00:00:00+00:00, run_after=2025-04-28 00:00:00+00:00
[2025-04-27T23:14:03.952-0300] {processor.py:183} INFO - Processing /home/facuvega/Descargas/crypto-etl-airflow/airflow-apache/lib/python3.11/site-packages/airflow/example_dags/example_short_circuit_operator.py took 0.086 seconds
[2025-04-27T23:14:50.716-0300] {processor.py:161} INFO - Started process (PID=56827) to work on /home/facuvega/Descargas/crypto-etl-airflow/airflow-apache/lib/python3.11/site-packages/airflow/example_dags/example_short_circuit_operator.py
[2025-04-27T23:14:50.717-0300] {processor.py:830} INFO - Processing file /home/facuvega/Descargas/crypto-etl-airflow/airflow-apache/lib/python3.11/site-packages/airflow/example_dags/example_short_circuit_operator.py for tasks to queue
[2025-04-27T23:14:50.718-0300] {logging_mixin.py:188} INFO - [2025-04-27T23:14:50.718-0300] {dagbag.py:540} INFO - Filling up the DagBag from /home/facuvega/Descargas/crypto-etl-airflow/airflow-apache/lib/python3.11/site-packages/airflow/example_dags/example_short_circuit_operator.py
[2025-04-27T23:14:50.725-0300] {processor.py:840} INFO - DAG(s) 'example_short_circuit_operator' retrieved from /home/facuvega/Descargas/crypto-etl-airflow/airflow-apache/lib/python3.11/site-packages/airflow/example_dags/example_short_circuit_operator.py
[2025-04-27T23:14:50.739-0300] {logging_mixin.py:188} INFO - [2025-04-27T23:14:50.738-0300] {dag.py:3096} INFO - Sync 1 DAGs
[2025-04-27T23:14:50.752-0300] {logging_mixin.py:188} INFO - [2025-04-27T23:14:50.751-0300] {dag.py:3954} INFO - Setting next_dagrun for example_short_circuit_operator to 2025-04-27 00:00:00+00:00, run_after=2025-04-28 00:00:00+00:00
[2025-04-27T23:14:50.763-0300] {processor.py:183} INFO - Processing /home/facuvega/Descargas/crypto-etl-airflow/airflow-apache/lib/python3.11/site-packages/airflow/example_dags/example_short_circuit_operator.py took 0.052 seconds
[2025-04-27T23:15:31.274-0300] {processor.py:161} INFO - Started process (PID=57050) to work on /home/facuvega/Descargas/crypto-etl-airflow/airflow-apache/lib/python3.11/site-packages/airflow/example_dags/example_short_circuit_operator.py
[2025-04-27T23:15:31.274-0300] {processor.py:830} INFO - Processing file /home/facuvega/Descargas/crypto-etl-airflow/airflow-apache/lib/python3.11/site-packages/airflow/example_dags/example_short_circuit_operator.py for tasks to queue
[2025-04-27T23:15:31.276-0300] {logging_mixin.py:188} INFO - [2025-04-27T23:15:31.276-0300] {dagbag.py:540} INFO - Filling up the DagBag from /home/facuvega/Descargas/crypto-etl-airflow/airflow-apache/lib/python3.11/site-packages/airflow/example_dags/example_short_circuit_operator.py
[2025-04-27T23:15:31.283-0300] {processor.py:840} INFO - DAG(s) 'example_short_circuit_operator' retrieved from /home/facuvega/Descargas/crypto-etl-airflow/airflow-apache/lib/python3.11/site-packages/airflow/example_dags/example_short_circuit_operator.py
[2025-04-27T23:15:31.298-0300] {logging_mixin.py:188} INFO - [2025-04-27T23:15:31.297-0300] {dag.py:3096} INFO - Sync 1 DAGs
[2025-04-27T23:15:31.311-0300] {logging_mixin.py:188} INFO - [2025-04-27T23:15:31.311-0300] {dag.py:3954} INFO - Setting next_dagrun for example_short_circuit_operator to 2025-04-27 00:00:00+00:00, run_after=2025-04-28 00:00:00+00:00
[2025-04-27T23:15:31.324-0300] {processor.py:183} INFO - Processing /home/facuvega/Descargas/crypto-etl-airflow/airflow-apache/lib/python3.11/site-packages/airflow/example_dags/example_short_circuit_operator.py took 0.056 seconds
[2025-04-27T23:16:27.599-0300] {processor.py:161} INFO - Started process (PID=57344) to work on /home/facuvega/Descargas/crypto-etl-airflow/airflow-apache/lib/python3.11/site-packages/airflow/example_dags/example_short_circuit_operator.py
[2025-04-27T23:16:27.600-0300] {processor.py:830} INFO - Processing file /home/facuvega/Descargas/crypto-etl-airflow/airflow-apache/lib/python3.11/site-packages/airflow/example_dags/example_short_circuit_operator.py for tasks to queue
[2025-04-27T23:16:27.601-0300] {logging_mixin.py:188} INFO - [2025-04-27T23:16:27.601-0300] {dagbag.py:540} INFO - Filling up the DagBag from /home/facuvega/Descargas/crypto-etl-airflow/airflow-apache/lib/python3.11/site-packages/airflow/example_dags/example_short_circuit_operator.py
[2025-04-27T23:16:27.609-0300] {processor.py:840} INFO - DAG(s) 'example_short_circuit_operator' retrieved from /home/facuvega/Descargas/crypto-etl-airflow/airflow-apache/lib/python3.11/site-packages/airflow/example_dags/example_short_circuit_operator.py
[2025-04-27T23:16:27.625-0300] {logging_mixin.py:188} INFO - [2025-04-27T23:16:27.625-0300] {dag.py:3096} INFO - Sync 1 DAGs
[2025-04-27T23:16:27.639-0300] {logging_mixin.py:188} INFO - [2025-04-27T23:16:27.639-0300] {dag.py:3954} INFO - Setting next_dagrun for example_short_circuit_operator to 2025-04-27 00:00:00+00:00, run_after=2025-04-28 00:00:00+00:00
[2025-04-27T23:16:27.658-0300] {processor.py:183} INFO - Processing /home/facuvega/Descargas/crypto-etl-airflow/airflow-apache/lib/python3.11/site-packages/airflow/example_dags/example_short_circuit_operator.py took 0.065 seconds
[2025-04-27T23:17:08.096-0300] {processor.py:161} INFO - Started process (PID=57557) to work on /home/facuvega/Descargas/crypto-etl-airflow/airflow-apache/lib/python3.11/site-packages/airflow/example_dags/example_short_circuit_operator.py
[2025-04-27T23:17:08.097-0300] {processor.py:830} INFO - Processing file /home/facuvega/Descargas/crypto-etl-airflow/airflow-apache/lib/python3.11/site-packages/airflow/example_dags/example_short_circuit_operator.py for tasks to queue
[2025-04-27T23:17:08.098-0300] {logging_mixin.py:188} INFO - [2025-04-27T23:17:08.098-0300] {dagbag.py:540} INFO - Filling up the DagBag from /home/facuvega/Descargas/crypto-etl-airflow/airflow-apache/lib/python3.11/site-packages/airflow/example_dags/example_short_circuit_operator.py
[2025-04-27T23:17:08.105-0300] {processor.py:840} INFO - DAG(s) 'example_short_circuit_operator' retrieved from /home/facuvega/Descargas/crypto-etl-airflow/airflow-apache/lib/python3.11/site-packages/airflow/example_dags/example_short_circuit_operator.py
[2025-04-27T23:17:08.118-0300] {logging_mixin.py:188} INFO - [2025-04-27T23:17:08.118-0300] {dag.py:3096} INFO - Sync 1 DAGs
[2025-04-27T23:17:08.132-0300] {logging_mixin.py:188} INFO - [2025-04-27T23:17:08.132-0300] {dag.py:3954} INFO - Setting next_dagrun for example_short_circuit_operator to 2025-04-27 00:00:00+00:00, run_after=2025-04-28 00:00:00+00:00
[2025-04-27T23:17:08.147-0300] {processor.py:183} INFO - Processing /home/facuvega/Descargas/crypto-etl-airflow/airflow-apache/lib/python3.11/site-packages/airflow/example_dags/example_short_circuit_operator.py took 0.056 seconds
[2025-04-27T23:17:52.218-0300] {processor.py:161} INFO - Started process (PID=57841) to work on /home/facuvega/Descargas/crypto-etl-airflow/airflow-apache/lib/python3.11/site-packages/airflow/example_dags/example_short_circuit_operator.py
[2025-04-27T23:17:52.219-0300] {processor.py:830} INFO - Processing file /home/facuvega/Descargas/crypto-etl-airflow/airflow-apache/lib/python3.11/site-packages/airflow/example_dags/example_short_circuit_operator.py for tasks to queue
[2025-04-27T23:17:52.221-0300] {logging_mixin.py:188} INFO - [2025-04-27T23:17:52.220-0300] {dagbag.py:540} INFO - Filling up the DagBag from /home/facuvega/Descargas/crypto-etl-airflow/airflow-apache/lib/python3.11/site-packages/airflow/example_dags/example_short_circuit_operator.py
[2025-04-27T23:17:52.228-0300] {processor.py:840} INFO - DAG(s) 'example_short_circuit_operator' retrieved from /home/facuvega/Descargas/crypto-etl-airflow/airflow-apache/lib/python3.11/site-packages/airflow/example_dags/example_short_circuit_operator.py
[2025-04-27T23:17:52.244-0300] {logging_mixin.py:188} INFO - [2025-04-27T23:17:52.244-0300] {dag.py:3096} INFO - Sync 1 DAGs
[2025-04-27T23:17:52.263-0300] {logging_mixin.py:188} INFO - [2025-04-27T23:17:52.263-0300] {dag.py:3954} INFO - Setting next_dagrun for example_short_circuit_operator to 2025-04-27 00:00:00+00:00, run_after=2025-04-28 00:00:00+00:00
[2025-04-27T23:17:52.282-0300] {processor.py:183} INFO - Processing /home/facuvega/Descargas/crypto-etl-airflow/airflow-apache/lib/python3.11/site-packages/airflow/example_dags/example_short_circuit_operator.py took 0.072 seconds
[2025-04-27T23:18:39.662-0300] {processor.py:161} INFO - Started process (PID=58134) to work on /home/facuvega/Descargas/crypto-etl-airflow/airflow-apache/lib/python3.11/site-packages/airflow/example_dags/example_short_circuit_operator.py
[2025-04-27T23:18:39.663-0300] {processor.py:830} INFO - Processing file /home/facuvega/Descargas/crypto-etl-airflow/airflow-apache/lib/python3.11/site-packages/airflow/example_dags/example_short_circuit_operator.py for tasks to queue
[2025-04-27T23:18:39.664-0300] {logging_mixin.py:188} INFO - [2025-04-27T23:18:39.664-0300] {dagbag.py:540} INFO - Filling up the DagBag from /home/facuvega/Descargas/crypto-etl-airflow/airflow-apache/lib/python3.11/site-packages/airflow/example_dags/example_short_circuit_operator.py
[2025-04-27T23:18:39.671-0300] {processor.py:840} INFO - DAG(s) 'example_short_circuit_operator' retrieved from /home/facuvega/Descargas/crypto-etl-airflow/airflow-apache/lib/python3.11/site-packages/airflow/example_dags/example_short_circuit_operator.py
[2025-04-27T23:18:39.685-0300] {logging_mixin.py:188} INFO - [2025-04-27T23:18:39.684-0300] {dag.py:3096} INFO - Sync 1 DAGs
[2025-04-27T23:18:39.705-0300] {logging_mixin.py:188} INFO - [2025-04-27T23:18:39.704-0300] {dag.py:3954} INFO - Setting next_dagrun for example_short_circuit_operator to 2025-04-27 00:00:00+00:00, run_after=2025-04-28 00:00:00+00:00
[2025-04-27T23:18:39.718-0300] {processor.py:183} INFO - Processing /home/facuvega/Descargas/crypto-etl-airflow/airflow-apache/lib/python3.11/site-packages/airflow/example_dags/example_short_circuit_operator.py took 0.060 seconds
