[2025-04-27T23:06:04.677-0300] {processor.py:161} INFO - Started process (PID=54027) to work on /home/facuvega/Descargas/crypto-etl-airflow/airflow-apache/lib/python3.11/site-packages/airflow/example_dags/example_branch_operator.py
[2025-04-27T23:06:04.678-0300] {processor.py:830} INFO - Processing file /home/facuvega/Descargas/crypto-etl-airflow/airflow-apache/lib/python3.11/site-packages/airflow/example_dags/example_branch_operator.py for tasks to queue
[2025-04-27T23:06:04.680-0300] {logging_mixin.py:188} INFO - [2025-04-27T23:06:04.680-0300] {dagbag.py:540} INFO - Filling up the DagBag from /home/facuvega/Descargas/crypto-etl-airflow/airflow-apache/lib/python3.11/site-packages/airflow/example_dags/example_branch_operator.py
[2025-04-27T23:06:04.702-0300] {processor.py:840} INFO - DAG(s) 'example_branch_operator' retrieved from /home/facuvega/Descargas/crypto-etl-airflow/airflow-apache/lib/python3.11/site-packages/airflow/example_dags/example_branch_operator.py
[2025-04-27T23:06:04.822-0300] {logging_mixin.py:188} INFO - [2025-04-27T23:06:04.821-0300] {dag.py:3096} INFO - Sync 1 DAGs
[2025-04-27T23:06:04.838-0300] {logging_mixin.py:188} INFO - [2025-04-27T23:06:04.838-0300] {dag.py:3954} INFO - Setting next_dagrun for example_branch_operator to 2025-04-27 00:00:00+00:00, run_after=2025-04-28 00:00:00+00:00
[2025-04-27T23:06:04.860-0300] {processor.py:183} INFO - Processing /home/facuvega/Descargas/crypto-etl-airflow/airflow-apache/lib/python3.11/site-packages/airflow/example_dags/example_branch_operator.py took 0.191 seconds
[2025-04-27T23:07:06.577-0300] {processor.py:161} INFO - Started process (PID=54487) to work on /home/facuvega/Descargas/crypto-etl-airflow/airflow-apache/lib/python3.11/site-packages/airflow/example_dags/example_branch_operator.py
[2025-04-27T23:07:06.578-0300] {processor.py:830} INFO - Processing file /home/facuvega/Descargas/crypto-etl-airflow/airflow-apache/lib/python3.11/site-packages/airflow/example_dags/example_branch_operator.py for tasks to queue
[2025-04-27T23:07:06.579-0300] {logging_mixin.py:188} INFO - [2025-04-27T23:07:06.579-0300] {dagbag.py:540} INFO - Filling up the DagBag from /home/facuvega/Descargas/crypto-etl-airflow/airflow-apache/lib/python3.11/site-packages/airflow/example_dags/example_branch_operator.py
[2025-04-27T23:07:06.593-0300] {processor.py:840} INFO - DAG(s) 'example_branch_operator' retrieved from /home/facuvega/Descargas/crypto-etl-airflow/airflow-apache/lib/python3.11/site-packages/airflow/example_dags/example_branch_operator.py
[2025-04-27T23:07:06.612-0300] {logging_mixin.py:188} INFO - [2025-04-27T23:07:06.612-0300] {dag.py:3096} INFO - Sync 1 DAGs
[2025-04-27T23:07:06.628-0300] {logging_mixin.py:188} INFO - [2025-04-27T23:07:06.628-0300] {dag.py:3954} INFO - Setting next_dagrun for example_branch_operator to 2025-04-27 00:00:00+00:00, run_after=2025-04-28 00:00:00+00:00
[2025-04-27T23:07:06.641-0300] {processor.py:183} INFO - Processing /home/facuvega/Descargas/crypto-etl-airflow/airflow-apache/lib/python3.11/site-packages/airflow/example_dags/example_branch_operator.py took 0.069 seconds
[2025-04-27T23:08:05.976-0300] {processor.py:161} INFO - Started process (PID=54756) to work on /home/facuvega/Descargas/crypto-etl-airflow/airflow-apache/lib/python3.11/site-packages/airflow/example_dags/example_branch_operator.py
[2025-04-27T23:08:05.977-0300] {processor.py:830} INFO - Processing file /home/facuvega/Descargas/crypto-etl-airflow/airflow-apache/lib/python3.11/site-packages/airflow/example_dags/example_branch_operator.py for tasks to queue
[2025-04-27T23:08:05.978-0300] {logging_mixin.py:188} INFO - [2025-04-27T23:08:05.978-0300] {dagbag.py:540} INFO - Filling up the DagBag from /home/facuvega/Descargas/crypto-etl-airflow/airflow-apache/lib/python3.11/site-packages/airflow/example_dags/example_branch_operator.py
[2025-04-27T23:08:05.991-0300] {processor.py:840} INFO - DAG(s) 'example_branch_operator' retrieved from /home/facuvega/Descargas/crypto-etl-airflow/airflow-apache/lib/python3.11/site-packages/airflow/example_dags/example_branch_operator.py
[2025-04-27T23:08:06.009-0300] {logging_mixin.py:188} INFO - [2025-04-27T23:08:06.008-0300] {dag.py:3096} INFO - Sync 1 DAGs
[2025-04-27T23:08:06.022-0300] {logging_mixin.py:188} INFO - [2025-04-27T23:08:06.022-0300] {dag.py:3954} INFO - Setting next_dagrun for example_branch_operator to 2025-04-27 00:00:00+00:00, run_after=2025-04-28 00:00:00+00:00
[2025-04-27T23:08:06.034-0300] {processor.py:183} INFO - Processing /home/facuvega/Descargas/crypto-etl-airflow/airflow-apache/lib/python3.11/site-packages/airflow/example_dags/example_branch_operator.py took 0.063 seconds
[2025-04-27T23:09:11.468-0300] {processor.py:161} INFO - Started process (PID=55051) to work on /home/facuvega/Descargas/crypto-etl-airflow/airflow-apache/lib/python3.11/site-packages/airflow/example_dags/example_branch_operator.py
[2025-04-27T23:09:11.469-0300] {processor.py:830} INFO - Processing file /home/facuvega/Descargas/crypto-etl-airflow/airflow-apache/lib/python3.11/site-packages/airflow/example_dags/example_branch_operator.py for tasks to queue
[2025-04-27T23:09:11.470-0300] {logging_mixin.py:188} INFO - [2025-04-27T23:09:11.470-0300] {dagbag.py:540} INFO - Filling up the DagBag from /home/facuvega/Descargas/crypto-etl-airflow/airflow-apache/lib/python3.11/site-packages/airflow/example_dags/example_branch_operator.py
[2025-04-27T23:09:11.484-0300] {processor.py:840} INFO - DAG(s) 'example_branch_operator' retrieved from /home/facuvega/Descargas/crypto-etl-airflow/airflow-apache/lib/python3.11/site-packages/airflow/example_dags/example_branch_operator.py
[2025-04-27T23:09:11.501-0300] {logging_mixin.py:188} INFO - [2025-04-27T23:09:11.500-0300] {dag.py:3096} INFO - Sync 1 DAGs
[2025-04-27T23:09:11.514-0300] {logging_mixin.py:188} INFO - [2025-04-27T23:09:11.514-0300] {dag.py:3954} INFO - Setting next_dagrun for example_branch_operator to 2025-04-27 00:00:00+00:00, run_after=2025-04-28 00:00:00+00:00
[2025-04-27T23:09:11.530-0300] {processor.py:183} INFO - Processing /home/facuvega/Descargas/crypto-etl-airflow/airflow-apache/lib/python3.11/site-packages/airflow/example_dags/example_branch_operator.py took 0.067 seconds
[2025-04-27T23:10:10.491-0300] {processor.py:161} INFO - Started process (PID=55365) to work on /home/facuvega/Descargas/crypto-etl-airflow/airflow-apache/lib/python3.11/site-packages/airflow/example_dags/example_branch_operator.py
[2025-04-27T23:10:10.492-0300] {processor.py:830} INFO - Processing file /home/facuvega/Descargas/crypto-etl-airflow/airflow-apache/lib/python3.11/site-packages/airflow/example_dags/example_branch_operator.py for tasks to queue
[2025-04-27T23:10:10.493-0300] {logging_mixin.py:188} INFO - [2025-04-27T23:10:10.493-0300] {dagbag.py:540} INFO - Filling up the DagBag from /home/facuvega/Descargas/crypto-etl-airflow/airflow-apache/lib/python3.11/site-packages/airflow/example_dags/example_branch_operator.py
[2025-04-27T23:10:10.507-0300] {processor.py:840} INFO - DAG(s) 'example_branch_operator' retrieved from /home/facuvega/Descargas/crypto-etl-airflow/airflow-apache/lib/python3.11/site-packages/airflow/example_dags/example_branch_operator.py
[2025-04-27T23:10:10.526-0300] {logging_mixin.py:188} INFO - [2025-04-27T23:10:10.526-0300] {dag.py:3096} INFO - Sync 1 DAGs
[2025-04-27T23:10:10.545-0300] {logging_mixin.py:188} INFO - [2025-04-27T23:10:10.544-0300] {dag.py:3954} INFO - Setting next_dagrun for example_branch_operator to 2025-04-27 00:00:00+00:00, run_after=2025-04-28 00:00:00+00:00
[2025-04-27T23:10:10.565-0300] {processor.py:183} INFO - Processing /home/facuvega/Descargas/crypto-etl-airflow/airflow-apache/lib/python3.11/site-packages/airflow/example_dags/example_branch_operator.py took 0.079 seconds
[2025-04-27T23:11:12.921-0300] {processor.py:161} INFO - Started process (PID=55790) to work on /home/facuvega/Descargas/crypto-etl-airflow/airflow-apache/lib/python3.11/site-packages/airflow/example_dags/example_branch_operator.py
[2025-04-27T23:11:12.922-0300] {processor.py:830} INFO - Processing file /home/facuvega/Descargas/crypto-etl-airflow/airflow-apache/lib/python3.11/site-packages/airflow/example_dags/example_branch_operator.py for tasks to queue
[2025-04-27T23:11:12.924-0300] {logging_mixin.py:188} INFO - [2025-04-27T23:11:12.924-0300] {dagbag.py:540} INFO - Filling up the DagBag from /home/facuvega/Descargas/crypto-etl-airflow/airflow-apache/lib/python3.11/site-packages/airflow/example_dags/example_branch_operator.py
[2025-04-27T23:11:12.941-0300] {processor.py:840} INFO - DAG(s) 'example_branch_operator' retrieved from /home/facuvega/Descargas/crypto-etl-airflow/airflow-apache/lib/python3.11/site-packages/airflow/example_dags/example_branch_operator.py
[2025-04-27T23:11:12.962-0300] {logging_mixin.py:188} INFO - [2025-04-27T23:11:12.962-0300] {dag.py:3096} INFO - Sync 1 DAGs
[2025-04-27T23:11:12.980-0300] {logging_mixin.py:188} INFO - [2025-04-27T23:11:12.980-0300] {dag.py:3954} INFO - Setting next_dagrun for example_branch_operator to 2025-04-27 00:00:00+00:00, run_after=2025-04-28 00:00:00+00:00
[2025-04-27T23:11:12.997-0300] {processor.py:183} INFO - Processing /home/facuvega/Descargas/crypto-etl-airflow/airflow-apache/lib/python3.11/site-packages/airflow/example_dags/example_branch_operator.py took 0.082 seconds
[2025-04-27T23:12:11.260-0300] {processor.py:161} INFO - Started process (PID=56076) to work on /home/facuvega/Descargas/crypto-etl-airflow/airflow-apache/lib/python3.11/site-packages/airflow/example_dags/example_branch_operator.py
[2025-04-27T23:12:11.261-0300] {processor.py:830} INFO - Processing file /home/facuvega/Descargas/crypto-etl-airflow/airflow-apache/lib/python3.11/site-packages/airflow/example_dags/example_branch_operator.py for tasks to queue
[2025-04-27T23:12:11.262-0300] {logging_mixin.py:188} INFO - [2025-04-27T23:12:11.262-0300] {dagbag.py:540} INFO - Filling up the DagBag from /home/facuvega/Descargas/crypto-etl-airflow/airflow-apache/lib/python3.11/site-packages/airflow/example_dags/example_branch_operator.py
[2025-04-27T23:12:11.275-0300] {processor.py:840} INFO - DAG(s) 'example_branch_operator' retrieved from /home/facuvega/Descargas/crypto-etl-airflow/airflow-apache/lib/python3.11/site-packages/airflow/example_dags/example_branch_operator.py
[2025-04-27T23:12:11.291-0300] {logging_mixin.py:188} INFO - [2025-04-27T23:12:11.291-0300] {dag.py:3096} INFO - Sync 1 DAGs
[2025-04-27T23:12:11.304-0300] {logging_mixin.py:188} INFO - [2025-04-27T23:12:11.304-0300] {dag.py:3954} INFO - Setting next_dagrun for example_branch_operator to 2025-04-27 00:00:00+00:00, run_after=2025-04-28 00:00:00+00:00
[2025-04-27T23:12:11.316-0300] {processor.py:183} INFO - Processing /home/facuvega/Descargas/crypto-etl-airflow/airflow-apache/lib/python3.11/site-packages/airflow/example_dags/example_branch_operator.py took 0.061 seconds
[2025-04-27T23:13:09.343-0300] {processor.py:161} INFO - Started process (PID=56353) to work on /home/facuvega/Descargas/crypto-etl-airflow/airflow-apache/lib/python3.11/site-packages/airflow/example_dags/example_branch_operator.py
[2025-04-27T23:13:09.344-0300] {processor.py:830} INFO - Processing file /home/facuvega/Descargas/crypto-etl-airflow/airflow-apache/lib/python3.11/site-packages/airflow/example_dags/example_branch_operator.py for tasks to queue
[2025-04-27T23:13:09.346-0300] {logging_mixin.py:188} INFO - [2025-04-27T23:13:09.346-0300] {dagbag.py:540} INFO - Filling up the DagBag from /home/facuvega/Descargas/crypto-etl-airflow/airflow-apache/lib/python3.11/site-packages/airflow/example_dags/example_branch_operator.py
[2025-04-27T23:13:09.361-0300] {processor.py:840} INFO - DAG(s) 'example_branch_operator' retrieved from /home/facuvega/Descargas/crypto-etl-airflow/airflow-apache/lib/python3.11/site-packages/airflow/example_dags/example_branch_operator.py
[2025-04-27T23:13:09.380-0300] {logging_mixin.py:188} INFO - [2025-04-27T23:13:09.380-0300] {dag.py:3096} INFO - Sync 1 DAGs
[2025-04-27T23:13:09.396-0300] {logging_mixin.py:188} INFO - [2025-04-27T23:13:09.396-0300] {dag.py:3954} INFO - Setting next_dagrun for example_branch_operator to 2025-04-27 00:00:00+00:00, run_after=2025-04-28 00:00:00+00:00
[2025-04-27T23:13:09.413-0300] {processor.py:183} INFO - Processing /home/facuvega/Descargas/crypto-etl-airflow/airflow-apache/lib/python3.11/site-packages/airflow/example_dags/example_branch_operator.py took 0.077 seconds
[2025-04-27T23:14:12.733-0300] {processor.py:161} INFO - Started process (PID=56657) to work on /home/facuvega/Descargas/crypto-etl-airflow/airflow-apache/lib/python3.11/site-packages/airflow/example_dags/example_branch_operator.py
[2025-04-27T23:14:12.735-0300] {processor.py:830} INFO - Processing file /home/facuvega/Descargas/crypto-etl-airflow/airflow-apache/lib/python3.11/site-packages/airflow/example_dags/example_branch_operator.py for tasks to queue
[2025-04-27T23:14:12.737-0300] {logging_mixin.py:188} INFO - [2025-04-27T23:14:12.736-0300] {dagbag.py:540} INFO - Filling up the DagBag from /home/facuvega/Descargas/crypto-etl-airflow/airflow-apache/lib/python3.11/site-packages/airflow/example_dags/example_branch_operator.py
[2025-04-27T23:14:12.756-0300] {processor.py:840} INFO - DAG(s) 'example_branch_operator' retrieved from /home/facuvega/Descargas/crypto-etl-airflow/airflow-apache/lib/python3.11/site-packages/airflow/example_dags/example_branch_operator.py
[2025-04-27T23:14:12.809-0300] {logging_mixin.py:188} INFO - [2025-04-27T23:14:12.809-0300] {dag.py:3096} INFO - Sync 1 DAGs
[2025-04-27T23:14:12.833-0300] {logging_mixin.py:188} INFO - [2025-04-27T23:14:12.833-0300] {dag.py:3954} INFO - Setting next_dagrun for example_branch_operator to 2025-04-27 00:00:00+00:00, run_after=2025-04-28 00:00:00+00:00
[2025-04-27T23:14:12.863-0300] {processor.py:183} INFO - Processing /home/facuvega/Descargas/crypto-etl-airflow/airflow-apache/lib/python3.11/site-packages/airflow/example_dags/example_branch_operator.py took 0.138 seconds
[2025-04-27T23:15:05.813-0300] {processor.py:161} INFO - Started process (PID=56898) to work on /home/facuvega/Descargas/crypto-etl-airflow/airflow-apache/lib/python3.11/site-packages/airflow/example_dags/example_branch_operator.py
[2025-04-27T23:15:05.814-0300] {processor.py:830} INFO - Processing file /home/facuvega/Descargas/crypto-etl-airflow/airflow-apache/lib/python3.11/site-packages/airflow/example_dags/example_branch_operator.py for tasks to queue
[2025-04-27T23:15:05.816-0300] {logging_mixin.py:188} INFO - [2025-04-27T23:15:05.815-0300] {dagbag.py:540} INFO - Filling up the DagBag from /home/facuvega/Descargas/crypto-etl-airflow/airflow-apache/lib/python3.11/site-packages/airflow/example_dags/example_branch_operator.py
[2025-04-27T23:15:05.829-0300] {processor.py:840} INFO - DAG(s) 'example_branch_operator' retrieved from /home/facuvega/Descargas/crypto-etl-airflow/airflow-apache/lib/python3.11/site-packages/airflow/example_dags/example_branch_operator.py
[2025-04-27T23:15:05.846-0300] {logging_mixin.py:188} INFO - [2025-04-27T23:15:05.846-0300] {dag.py:3096} INFO - Sync 1 DAGs
[2025-04-27T23:15:05.860-0300] {logging_mixin.py:188} INFO - [2025-04-27T23:15:05.860-0300] {dag.py:3954} INFO - Setting next_dagrun for example_branch_operator to 2025-04-27 00:00:00+00:00, run_after=2025-04-28 00:00:00+00:00
[2025-04-27T23:15:05.873-0300] {processor.py:183} INFO - Processing /home/facuvega/Descargas/crypto-etl-airflow/airflow-apache/lib/python3.11/site-packages/airflow/example_dags/example_branch_operator.py took 0.065 seconds
[2025-04-27T23:15:58.837-0300] {processor.py:161} INFO - Started process (PID=57199) to work on /home/facuvega/Descargas/crypto-etl-airflow/airflow-apache/lib/python3.11/site-packages/airflow/example_dags/example_branch_operator.py
[2025-04-27T23:15:58.843-0300] {processor.py:830} INFO - Processing file /home/facuvega/Descargas/crypto-etl-airflow/airflow-apache/lib/python3.11/site-packages/airflow/example_dags/example_branch_operator.py for tasks to queue
[2025-04-27T23:15:58.852-0300] {logging_mixin.py:188} INFO - [2025-04-27T23:15:58.850-0300] {dagbag.py:540} INFO - Filling up the DagBag from /home/facuvega/Descargas/crypto-etl-airflow/airflow-apache/lib/python3.11/site-packages/airflow/example_dags/example_branch_operator.py
[2025-04-27T23:15:58.872-0300] {processor.py:840} INFO - DAG(s) 'example_branch_operator' retrieved from /home/facuvega/Descargas/crypto-etl-airflow/airflow-apache/lib/python3.11/site-packages/airflow/example_dags/example_branch_operator.py
[2025-04-27T23:15:58.895-0300] {logging_mixin.py:188} INFO - [2025-04-27T23:15:58.895-0300] {dag.py:3096} INFO - Sync 1 DAGs
[2025-04-27T23:15:58.916-0300] {logging_mixin.py:188} INFO - [2025-04-27T23:15:58.916-0300] {dag.py:3954} INFO - Setting next_dagrun for example_branch_operator to 2025-04-27 00:00:00+00:00, run_after=2025-04-28 00:00:00+00:00
[2025-04-27T23:15:58.931-0300] {processor.py:183} INFO - Processing /home/facuvega/Descargas/crypto-etl-airflow/airflow-apache/lib/python3.11/site-packages/airflow/example_dags/example_branch_operator.py took 0.099 seconds
[2025-04-27T23:16:59.099-0300] {processor.py:161} INFO - Started process (PID=57509) to work on /home/facuvega/Descargas/crypto-etl-airflow/airflow-apache/lib/python3.11/site-packages/airflow/example_dags/example_branch_operator.py
[2025-04-27T23:16:59.100-0300] {processor.py:830} INFO - Processing file /home/facuvega/Descargas/crypto-etl-airflow/airflow-apache/lib/python3.11/site-packages/airflow/example_dags/example_branch_operator.py for tasks to queue
[2025-04-27T23:16:59.103-0300] {logging_mixin.py:188} INFO - [2025-04-27T23:16:59.103-0300] {dagbag.py:540} INFO - Filling up the DagBag from /home/facuvega/Descargas/crypto-etl-airflow/airflow-apache/lib/python3.11/site-packages/airflow/example_dags/example_branch_operator.py
[2025-04-27T23:16:59.118-0300] {processor.py:840} INFO - DAG(s) 'example_branch_operator' retrieved from /home/facuvega/Descargas/crypto-etl-airflow/airflow-apache/lib/python3.11/site-packages/airflow/example_dags/example_branch_operator.py
[2025-04-27T23:16:59.135-0300] {logging_mixin.py:188} INFO - [2025-04-27T23:16:59.135-0300] {dag.py:3096} INFO - Sync 1 DAGs
[2025-04-27T23:16:59.151-0300] {logging_mixin.py:188} INFO - [2025-04-27T23:16:59.150-0300] {dag.py:3954} INFO - Setting next_dagrun for example_branch_operator to 2025-04-27 00:00:00+00:00, run_after=2025-04-28 00:00:00+00:00
[2025-04-27T23:16:59.163-0300] {processor.py:183} INFO - Processing /home/facuvega/Descargas/crypto-etl-airflow/airflow-apache/lib/python3.11/site-packages/airflow/example_dags/example_branch_operator.py took 0.073 seconds
[2025-04-27T23:18:06.852-0300] {processor.py:161} INFO - Started process (PID=57989) to work on /home/facuvega/Descargas/crypto-etl-airflow/airflow-apache/lib/python3.11/site-packages/airflow/example_dags/example_branch_operator.py
[2025-04-27T23:18:06.855-0300] {processor.py:830} INFO - Processing file /home/facuvega/Descargas/crypto-etl-airflow/airflow-apache/lib/python3.11/site-packages/airflow/example_dags/example_branch_operator.py for tasks to queue
[2025-04-27T23:18:06.859-0300] {logging_mixin.py:188} INFO - [2025-04-27T23:18:06.858-0300] {dagbag.py:540} INFO - Filling up the DagBag from /home/facuvega/Descargas/crypto-etl-airflow/airflow-apache/lib/python3.11/site-packages/airflow/example_dags/example_branch_operator.py
[2025-04-27T23:18:06.890-0300] {processor.py:840} INFO - DAG(s) 'example_branch_operator' retrieved from /home/facuvega/Descargas/crypto-etl-airflow/airflow-apache/lib/python3.11/site-packages/airflow/example_dags/example_branch_operator.py
[2025-04-27T23:18:06.933-0300] {logging_mixin.py:188} INFO - [2025-04-27T23:18:06.933-0300] {dag.py:3096} INFO - Sync 1 DAGs
[2025-04-27T23:18:06.964-0300] {logging_mixin.py:188} INFO - [2025-04-27T23:18:06.964-0300] {dag.py:3954} INFO - Setting next_dagrun for example_branch_operator to 2025-04-27 00:00:00+00:00, run_after=2025-04-28 00:00:00+00:00
[2025-04-27T23:18:06.989-0300] {processor.py:183} INFO - Processing /home/facuvega/Descargas/crypto-etl-airflow/airflow-apache/lib/python3.11/site-packages/airflow/example_dags/example_branch_operator.py took 0.151 seconds
