[2025-04-27T23:06:00.446-0300] {processor.py:161} INFO - Started process (PID=54003) to work on /home/facuvega/Descargas/crypto-etl-airflow/airflow-apache/lib/python3.11/site-packages/airflow/example_dags/example_branch_labels.py
[2025-04-27T23:06:00.447-0300] {processor.py:830} INFO - Processing file /home/facuvega/Descargas/crypto-etl-airflow/airflow-apache/lib/python3.11/site-packages/airflow/example_dags/example_branch_labels.py for tasks to queue
[2025-04-27T23:06:00.448-0300] {logging_mixin.py:188} INFO - [2025-04-27T23:06:00.448-0300] {dagbag.py:540} INFO - Filling up the DagBag from /home/facuvega/Descargas/crypto-etl-airflow/airflow-apache/lib/python3.11/site-packages/airflow/example_dags/example_branch_labels.py
[2025-04-27T23:06:00.455-0300] {processor.py:840} INFO - DAG(s) 'example_branch_labels' retrieved from /home/facuvega/Descargas/crypto-etl-airflow/airflow-apache/lib/python3.11/site-packages/airflow/example_dags/example_branch_labels.py
[2025-04-27T23:06:00.546-0300] {logging_mixin.py:188} INFO - [2025-04-27T23:06:00.546-0300] {dag.py:3096} INFO - Sync 1 DAGs
[2025-04-27T23:06:00.561-0300] {logging_mixin.py:188} INFO - [2025-04-27T23:06:00.561-0300] {dag.py:3954} INFO - Setting next_dagrun for example_branch_labels to 2025-04-27 00:00:00+00:00, run_after=2025-04-28 00:00:00+00:00
[2025-04-27T23:06:00.577-0300] {processor.py:183} INFO - Processing /home/facuvega/Descargas/crypto-etl-airflow/airflow-apache/lib/python3.11/site-packages/airflow/example_dags/example_branch_labels.py took 0.137 seconds
[2025-04-27T23:06:50.067-0300] {processor.py:161} INFO - Started process (PID=54414) to work on /home/facuvega/Descargas/crypto-etl-airflow/airflow-apache/lib/python3.11/site-packages/airflow/example_dags/example_branch_labels.py
[2025-04-27T23:06:50.068-0300] {processor.py:830} INFO - Processing file /home/facuvega/Descargas/crypto-etl-airflow/airflow-apache/lib/python3.11/site-packages/airflow/example_dags/example_branch_labels.py for tasks to queue
[2025-04-27T23:06:50.069-0300] {logging_mixin.py:188} INFO - [2025-04-27T23:06:50.069-0300] {dagbag.py:540} INFO - Filling up the DagBag from /home/facuvega/Descargas/crypto-etl-airflow/airflow-apache/lib/python3.11/site-packages/airflow/example_dags/example_branch_labels.py
[2025-04-27T23:06:50.076-0300] {processor.py:840} INFO - DAG(s) 'example_branch_labels' retrieved from /home/facuvega/Descargas/crypto-etl-airflow/airflow-apache/lib/python3.11/site-packages/airflow/example_dags/example_branch_labels.py
[2025-04-27T23:06:50.089-0300] {logging_mixin.py:188} INFO - [2025-04-27T23:06:50.089-0300] {dag.py:3096} INFO - Sync 1 DAGs
[2025-04-27T23:06:50.102-0300] {logging_mixin.py:188} INFO - [2025-04-27T23:06:50.102-0300] {dag.py:3954} INFO - Setting next_dagrun for example_branch_labels to 2025-04-27 00:00:00+00:00, run_after=2025-04-28 00:00:00+00:00
[2025-04-27T23:06:50.115-0300] {processor.py:183} INFO - Processing /home/facuvega/Descargas/crypto-etl-airflow/airflow-apache/lib/python3.11/site-packages/airflow/example_dags/example_branch_labels.py took 0.054 seconds
[2025-04-27T23:07:50.183-0300] {processor.py:161} INFO - Started process (PID=54692) to work on /home/facuvega/Descargas/crypto-etl-airflow/airflow-apache/lib/python3.11/site-packages/airflow/example_dags/example_branch_labels.py
[2025-04-27T23:07:50.184-0300] {processor.py:830} INFO - Processing file /home/facuvega/Descargas/crypto-etl-airflow/airflow-apache/lib/python3.11/site-packages/airflow/example_dags/example_branch_labels.py for tasks to queue
[2025-04-27T23:07:50.186-0300] {logging_mixin.py:188} INFO - [2025-04-27T23:07:50.186-0300] {dagbag.py:540} INFO - Filling up the DagBag from /home/facuvega/Descargas/crypto-etl-airflow/airflow-apache/lib/python3.11/site-packages/airflow/example_dags/example_branch_labels.py
[2025-04-27T23:07:50.194-0300] {processor.py:840} INFO - DAG(s) 'example_branch_labels' retrieved from /home/facuvega/Descargas/crypto-etl-airflow/airflow-apache/lib/python3.11/site-packages/airflow/example_dags/example_branch_labels.py
[2025-04-27T23:07:50.210-0300] {logging_mixin.py:188} INFO - [2025-04-27T23:07:50.210-0300] {dag.py:3096} INFO - Sync 1 DAGs
[2025-04-27T23:07:50.227-0300] {logging_mixin.py:188} INFO - [2025-04-27T23:07:50.227-0300] {dag.py:3954} INFO - Setting next_dagrun for example_branch_labels to 2025-04-27 00:00:00+00:00, run_after=2025-04-28 00:00:00+00:00
[2025-04-27T23:07:50.241-0300] {processor.py:183} INFO - Processing /home/facuvega/Descargas/crypto-etl-airflow/airflow-apache/lib/python3.11/site-packages/airflow/example_dags/example_branch_labels.py took 0.064 seconds
[2025-04-27T23:08:53.162-0300] {processor.py:161} INFO - Started process (PID=54971) to work on /home/facuvega/Descargas/crypto-etl-airflow/airflow-apache/lib/python3.11/site-packages/airflow/example_dags/example_branch_labels.py
[2025-04-27T23:08:53.163-0300] {processor.py:830} INFO - Processing file /home/facuvega/Descargas/crypto-etl-airflow/airflow-apache/lib/python3.11/site-packages/airflow/example_dags/example_branch_labels.py for tasks to queue
[2025-04-27T23:08:53.164-0300] {logging_mixin.py:188} INFO - [2025-04-27T23:08:53.164-0300] {dagbag.py:540} INFO - Filling up the DagBag from /home/facuvega/Descargas/crypto-etl-airflow/airflow-apache/lib/python3.11/site-packages/airflow/example_dags/example_branch_labels.py
[2025-04-27T23:08:53.170-0300] {processor.py:840} INFO - DAG(s) 'example_branch_labels' retrieved from /home/facuvega/Descargas/crypto-etl-airflow/airflow-apache/lib/python3.11/site-packages/airflow/example_dags/example_branch_labels.py
[2025-04-27T23:08:53.183-0300] {logging_mixin.py:188} INFO - [2025-04-27T23:08:53.183-0300] {dag.py:3096} INFO - Sync 1 DAGs
[2025-04-27T23:08:53.196-0300] {logging_mixin.py:188} INFO - [2025-04-27T23:08:53.196-0300] {dag.py:3954} INFO - Setting next_dagrun for example_branch_labels to 2025-04-27 00:00:00+00:00, run_after=2025-04-28 00:00:00+00:00
[2025-04-27T23:08:53.208-0300] {processor.py:183} INFO - Processing /home/facuvega/Descargas/crypto-etl-airflow/airflow-apache/lib/python3.11/site-packages/airflow/example_dags/example_branch_labels.py took 0.051 seconds
[2025-04-27T23:09:54.872-0300] {processor.py:161} INFO - Started process (PID=55246) to work on /home/facuvega/Descargas/crypto-etl-airflow/airflow-apache/lib/python3.11/site-packages/airflow/example_dags/example_branch_labels.py
[2025-04-27T23:09:54.873-0300] {processor.py:830} INFO - Processing file /home/facuvega/Descargas/crypto-etl-airflow/airflow-apache/lib/python3.11/site-packages/airflow/example_dags/example_branch_labels.py for tasks to queue
[2025-04-27T23:09:54.875-0300] {logging_mixin.py:188} INFO - [2025-04-27T23:09:54.875-0300] {dagbag.py:540} INFO - Filling up the DagBag from /home/facuvega/Descargas/crypto-etl-airflow/airflow-apache/lib/python3.11/site-packages/airflow/example_dags/example_branch_labels.py
[2025-04-27T23:09:54.891-0300] {processor.py:840} INFO - DAG(s) 'example_branch_labels' retrieved from /home/facuvega/Descargas/crypto-etl-airflow/airflow-apache/lib/python3.11/site-packages/airflow/example_dags/example_branch_labels.py
[2025-04-27T23:09:54.906-0300] {logging_mixin.py:188} INFO - [2025-04-27T23:09:54.906-0300] {dag.py:3096} INFO - Sync 1 DAGs
[2025-04-27T23:09:54.926-0300] {logging_mixin.py:188} INFO - [2025-04-27T23:09:54.926-0300] {dag.py:3954} INFO - Setting next_dagrun for example_branch_labels to 2025-04-27 00:00:00+00:00, run_after=2025-04-28 00:00:00+00:00
[2025-04-27T23:09:54.939-0300] {processor.py:183} INFO - Processing /home/facuvega/Descargas/crypto-etl-airflow/airflow-apache/lib/python3.11/site-packages/airflow/example_dags/example_branch_labels.py took 0.075 seconds
[2025-04-27T23:10:55.155-0300] {processor.py:161} INFO - Started process (PID=55686) to work on /home/facuvega/Descargas/crypto-etl-airflow/airflow-apache/lib/python3.11/site-packages/airflow/example_dags/example_branch_labels.py
[2025-04-27T23:10:55.155-0300] {processor.py:830} INFO - Processing file /home/facuvega/Descargas/crypto-etl-airflow/airflow-apache/lib/python3.11/site-packages/airflow/example_dags/example_branch_labels.py for tasks to queue
[2025-04-27T23:10:55.157-0300] {logging_mixin.py:188} INFO - [2025-04-27T23:10:55.156-0300] {dagbag.py:540} INFO - Filling up the DagBag from /home/facuvega/Descargas/crypto-etl-airflow/airflow-apache/lib/python3.11/site-packages/airflow/example_dags/example_branch_labels.py
[2025-04-27T23:10:55.164-0300] {processor.py:840} INFO - DAG(s) 'example_branch_labels' retrieved from /home/facuvega/Descargas/crypto-etl-airflow/airflow-apache/lib/python3.11/site-packages/airflow/example_dags/example_branch_labels.py
[2025-04-27T23:10:55.177-0300] {logging_mixin.py:188} INFO - [2025-04-27T23:10:55.177-0300] {dag.py:3096} INFO - Sync 1 DAGs
[2025-04-27T23:10:55.190-0300] {logging_mixin.py:188} INFO - [2025-04-27T23:10:55.190-0300] {dag.py:3954} INFO - Setting next_dagrun for example_branch_labels to 2025-04-27 00:00:00+00:00, run_after=2025-04-28 00:00:00+00:00
[2025-04-27T23:10:55.202-0300] {processor.py:183} INFO - Processing /home/facuvega/Descargas/crypto-etl-airflow/airflow-apache/lib/python3.11/site-packages/airflow/example_dags/example_branch_labels.py took 0.052 seconds
[2025-04-27T23:11:53.680-0300] {processor.py:161} INFO - Started process (PID=55994) to work on /home/facuvega/Descargas/crypto-etl-airflow/airflow-apache/lib/python3.11/site-packages/airflow/example_dags/example_branch_labels.py
[2025-04-27T23:11:53.681-0300] {processor.py:830} INFO - Processing file /home/facuvega/Descargas/crypto-etl-airflow/airflow-apache/lib/python3.11/site-packages/airflow/example_dags/example_branch_labels.py for tasks to queue
[2025-04-27T23:11:53.683-0300] {logging_mixin.py:188} INFO - [2025-04-27T23:11:53.682-0300] {dagbag.py:540} INFO - Filling up the DagBag from /home/facuvega/Descargas/crypto-etl-airflow/airflow-apache/lib/python3.11/site-packages/airflow/example_dags/example_branch_labels.py
[2025-04-27T23:11:53.690-0300] {processor.py:840} INFO - DAG(s) 'example_branch_labels' retrieved from /home/facuvega/Descargas/crypto-etl-airflow/airflow-apache/lib/python3.11/site-packages/airflow/example_dags/example_branch_labels.py
[2025-04-27T23:11:53.704-0300] {logging_mixin.py:188} INFO - [2025-04-27T23:11:53.704-0300] {dag.py:3096} INFO - Sync 1 DAGs
[2025-04-27T23:11:53.719-0300] {logging_mixin.py:188} INFO - [2025-04-27T23:11:53.719-0300] {dag.py:3954} INFO - Setting next_dagrun for example_branch_labels to 2025-04-27 00:00:00+00:00, run_after=2025-04-28 00:00:00+00:00
[2025-04-27T23:11:53.733-0300] {processor.py:183} INFO - Processing /home/facuvega/Descargas/crypto-etl-airflow/airflow-apache/lib/python3.11/site-packages/airflow/example_dags/example_branch_labels.py took 0.058 seconds
[2025-04-27T23:12:52.650-0300] {processor.py:161} INFO - Started process (PID=56266) to work on /home/facuvega/Descargas/crypto-etl-airflow/airflow-apache/lib/python3.11/site-packages/airflow/example_dags/example_branch_labels.py
[2025-04-27T23:12:52.651-0300] {processor.py:830} INFO - Processing file /home/facuvega/Descargas/crypto-etl-airflow/airflow-apache/lib/python3.11/site-packages/airflow/example_dags/example_branch_labels.py for tasks to queue
[2025-04-27T23:12:52.653-0300] {logging_mixin.py:188} INFO - [2025-04-27T23:12:52.653-0300] {dagbag.py:540} INFO - Filling up the DagBag from /home/facuvega/Descargas/crypto-etl-airflow/airflow-apache/lib/python3.11/site-packages/airflow/example_dags/example_branch_labels.py
[2025-04-27T23:12:52.660-0300] {processor.py:840} INFO - DAG(s) 'example_branch_labels' retrieved from /home/facuvega/Descargas/crypto-etl-airflow/airflow-apache/lib/python3.11/site-packages/airflow/example_dags/example_branch_labels.py
[2025-04-27T23:12:52.677-0300] {logging_mixin.py:188} INFO - [2025-04-27T23:12:52.676-0300] {dag.py:3096} INFO - Sync 1 DAGs
[2025-04-27T23:12:52.697-0300] {logging_mixin.py:188} INFO - [2025-04-27T23:12:52.697-0300] {dag.py:3954} INFO - Setting next_dagrun for example_branch_labels to 2025-04-27 00:00:00+00:00, run_after=2025-04-28 00:00:00+00:00
[2025-04-27T23:12:52.714-0300] {processor.py:183} INFO - Processing /home/facuvega/Descargas/crypto-etl-airflow/airflow-apache/lib/python3.11/site-packages/airflow/example_dags/example_branch_labels.py took 0.070 seconds
[2025-04-27T23:13:53.217-0300] {processor.py:161} INFO - Started process (PID=56570) to work on /home/facuvega/Descargas/crypto-etl-airflow/airflow-apache/lib/python3.11/site-packages/airflow/example_dags/example_branch_labels.py
[2025-04-27T23:13:53.218-0300] {processor.py:830} INFO - Processing file /home/facuvega/Descargas/crypto-etl-airflow/airflow-apache/lib/python3.11/site-packages/airflow/example_dags/example_branch_labels.py for tasks to queue
[2025-04-27T23:13:53.221-0300] {logging_mixin.py:188} INFO - [2025-04-27T23:13:53.220-0300] {dagbag.py:540} INFO - Filling up the DagBag from /home/facuvega/Descargas/crypto-etl-airflow/airflow-apache/lib/python3.11/site-packages/airflow/example_dags/example_branch_labels.py
[2025-04-27T23:13:53.231-0300] {processor.py:840} INFO - DAG(s) 'example_branch_labels' retrieved from /home/facuvega/Descargas/crypto-etl-airflow/airflow-apache/lib/python3.11/site-packages/airflow/example_dags/example_branch_labels.py
[2025-04-27T23:13:53.257-0300] {logging_mixin.py:188} INFO - [2025-04-27T23:13:53.257-0300] {dag.py:3096} INFO - Sync 1 DAGs
[2025-04-27T23:13:53.280-0300] {logging_mixin.py:188} INFO - [2025-04-27T23:13:53.279-0300] {dag.py:3954} INFO - Setting next_dagrun for example_branch_labels to 2025-04-27 00:00:00+00:00, run_after=2025-04-28 00:00:00+00:00
[2025-04-27T23:13:53.306-0300] {processor.py:183} INFO - Processing /home/facuvega/Descargas/crypto-etl-airflow/airflow-apache/lib/python3.11/site-packages/airflow/example_dags/example_branch_labels.py took 0.099 seconds
[2025-04-27T23:15:00.943-0300] {processor.py:161} INFO - Started process (PID=56870) to work on /home/facuvega/Descargas/crypto-etl-airflow/airflow-apache/lib/python3.11/site-packages/airflow/example_dags/example_branch_labels.py
[2025-04-27T23:15:00.944-0300] {processor.py:830} INFO - Processing file /home/facuvega/Descargas/crypto-etl-airflow/airflow-apache/lib/python3.11/site-packages/airflow/example_dags/example_branch_labels.py for tasks to queue
[2025-04-27T23:15:00.945-0300] {logging_mixin.py:188} INFO - [2025-04-27T23:15:00.945-0300] {dagbag.py:540} INFO - Filling up the DagBag from /home/facuvega/Descargas/crypto-etl-airflow/airflow-apache/lib/python3.11/site-packages/airflow/example_dags/example_branch_labels.py
[2025-04-27T23:15:00.952-0300] {processor.py:840} INFO - DAG(s) 'example_branch_labels' retrieved from /home/facuvega/Descargas/crypto-etl-airflow/airflow-apache/lib/python3.11/site-packages/airflow/example_dags/example_branch_labels.py
[2025-04-27T23:15:00.966-0300] {logging_mixin.py:188} INFO - [2025-04-27T23:15:00.966-0300] {dag.py:3096} INFO - Sync 1 DAGs
[2025-04-27T23:15:00.980-0300] {logging_mixin.py:188} INFO - [2025-04-27T23:15:00.980-0300] {dag.py:3954} INFO - Setting next_dagrun for example_branch_labels to 2025-04-27 00:00:00+00:00, run_after=2025-04-28 00:00:00+00:00
[2025-04-27T23:15:00.992-0300] {processor.py:183} INFO - Processing /home/facuvega/Descargas/crypto-etl-airflow/airflow-apache/lib/python3.11/site-packages/airflow/example_dags/example_branch_labels.py took 0.054 seconds
[2025-04-27T23:15:55.550-0300] {processor.py:161} INFO - Started process (PID=57181) to work on /home/facuvega/Descargas/crypto-etl-airflow/airflow-apache/lib/python3.11/site-packages/airflow/example_dags/example_branch_labels.py
[2025-04-27T23:15:55.551-0300] {processor.py:830} INFO - Processing file /home/facuvega/Descargas/crypto-etl-airflow/airflow-apache/lib/python3.11/site-packages/airflow/example_dags/example_branch_labels.py for tasks to queue
[2025-04-27T23:15:55.552-0300] {logging_mixin.py:188} INFO - [2025-04-27T23:15:55.552-0300] {dagbag.py:540} INFO - Filling up the DagBag from /home/facuvega/Descargas/crypto-etl-airflow/airflow-apache/lib/python3.11/site-packages/airflow/example_dags/example_branch_labels.py
[2025-04-27T23:15:55.559-0300] {processor.py:840} INFO - DAG(s) 'example_branch_labels' retrieved from /home/facuvega/Descargas/crypto-etl-airflow/airflow-apache/lib/python3.11/site-packages/airflow/example_dags/example_branch_labels.py
[2025-04-27T23:15:55.572-0300] {logging_mixin.py:188} INFO - [2025-04-27T23:15:55.572-0300] {dag.py:3096} INFO - Sync 1 DAGs
[2025-04-27T23:15:55.585-0300] {logging_mixin.py:188} INFO - [2025-04-27T23:15:55.585-0300] {dag.py:3954} INFO - Setting next_dagrun for example_branch_labels to 2025-04-27 00:00:00+00:00, run_after=2025-04-28 00:00:00+00:00
[2025-04-27T23:15:55.602-0300] {processor.py:183} INFO - Processing /home/facuvega/Descargas/crypto-etl-airflow/airflow-apache/lib/python3.11/site-packages/airflow/example_dags/example_branch_labels.py took 0.057 seconds
[2025-04-27T23:16:54.407-0300] {processor.py:161} INFO - Started process (PID=57491) to work on /home/facuvega/Descargas/crypto-etl-airflow/airflow-apache/lib/python3.11/site-packages/airflow/example_dags/example_branch_labels.py
[2025-04-27T23:16:54.408-0300] {processor.py:830} INFO - Processing file /home/facuvega/Descargas/crypto-etl-airflow/airflow-apache/lib/python3.11/site-packages/airflow/example_dags/example_branch_labels.py for tasks to queue
[2025-04-27T23:16:54.411-0300] {logging_mixin.py:188} INFO - [2025-04-27T23:16:54.411-0300] {dagbag.py:540} INFO - Filling up the DagBag from /home/facuvega/Descargas/crypto-etl-airflow/airflow-apache/lib/python3.11/site-packages/airflow/example_dags/example_branch_labels.py
[2025-04-27T23:16:54.422-0300] {processor.py:840} INFO - DAG(s) 'example_branch_labels' retrieved from /home/facuvega/Descargas/crypto-etl-airflow/airflow-apache/lib/python3.11/site-packages/airflow/example_dags/example_branch_labels.py
[2025-04-27T23:16:54.445-0300] {logging_mixin.py:188} INFO - [2025-04-27T23:16:54.445-0300] {dag.py:3096} INFO - Sync 1 DAGs
[2025-04-27T23:16:54.472-0300] {logging_mixin.py:188} INFO - [2025-04-27T23:16:54.472-0300] {dag.py:3954} INFO - Setting next_dagrun for example_branch_labels to 2025-04-27 00:00:00+00:00, run_after=2025-04-28 00:00:00+00:00
[2025-04-27T23:16:54.494-0300] {processor.py:183} INFO - Processing /home/facuvega/Descargas/crypto-etl-airflow/airflow-apache/lib/python3.11/site-packages/airflow/example_dags/example_branch_labels.py took 0.096 seconds
[2025-04-27T23:18:01.511-0300] {processor.py:161} INFO - Started process (PID=57929) to work on /home/facuvega/Descargas/crypto-etl-airflow/airflow-apache/lib/python3.11/site-packages/airflow/example_dags/example_branch_labels.py
[2025-04-27T23:18:01.515-0300] {processor.py:830} INFO - Processing file /home/facuvega/Descargas/crypto-etl-airflow/airflow-apache/lib/python3.11/site-packages/airflow/example_dags/example_branch_labels.py for tasks to queue
[2025-04-27T23:18:01.524-0300] {logging_mixin.py:188} INFO - [2025-04-27T23:18:01.524-0300] {dagbag.py:540} INFO - Filling up the DagBag from /home/facuvega/Descargas/crypto-etl-airflow/airflow-apache/lib/python3.11/site-packages/airflow/example_dags/example_branch_labels.py
[2025-04-27T23:18:01.547-0300] {processor.py:840} INFO - DAG(s) 'example_branch_labels' retrieved from /home/facuvega/Descargas/crypto-etl-airflow/airflow-apache/lib/python3.11/site-packages/airflow/example_dags/example_branch_labels.py
[2025-04-27T23:18:01.606-0300] {logging_mixin.py:188} INFO - [2025-04-27T23:18:01.606-0300] {dag.py:3096} INFO - Sync 1 DAGs
[2025-04-27T23:18:01.650-0300] {logging_mixin.py:188} INFO - [2025-04-27T23:18:01.649-0300] {dag.py:3954} INFO - Setting next_dagrun for example_branch_labels to 2025-04-27 00:00:00+00:00, run_after=2025-04-28 00:00:00+00:00
[2025-04-27T23:18:01.701-0300] {processor.py:183} INFO - Processing /home/facuvega/Descargas/crypto-etl-airflow/airflow-apache/lib/python3.11/site-packages/airflow/example_dags/example_branch_labels.py took 0.211 seconds
