[2025-04-27T23:00:42.545-0300] {processor.py:161} INFO - Started process (PID=51829) to work on /home/facuvega/Descargas/crypto-etl-airflow/airflow-apache/lib/python3.11/site-packages/airflow/example_dags/example_short_circuit_decorator.py
[2025-04-27T23:00:42.546-0300] {processor.py:830} INFO - Processing file /home/facuvega/Descargas/crypto-etl-airflow/airflow-apache/lib/python3.11/site-packages/airflow/example_dags/example_short_circuit_decorator.py for tasks to queue
[2025-04-27T23:00:42.550-0300] {logging_mixin.py:188} INFO - [2025-04-27T23:00:42.549-0300] {dagbag.py:540} INFO - Filling up the DagBag from /home/facuvega/Descargas/crypto-etl-airflow/airflow-apache/lib/python3.11/site-packages/airflow/example_dags/example_short_circuit_decorator.py
[2025-04-27T23:00:42.563-0300] {processor.py:840} INFO - DAG(s) 'example_short_circuit_decorator' retrieved from /home/facuvega/Descargas/crypto-etl-airflow/airflow-apache/lib/python3.11/site-packages/airflow/example_dags/example_short_circuit_decorator.py
[2025-04-27T23:00:42.572-0300] {logging_mixin.py:188} INFO - [2025-04-27T23:00:42.572-0300] {dag.py:3096} INFO - Sync 1 DAGs
[2025-04-27T23:00:42.594-0300] {logging_mixin.py:188} INFO - [2025-04-27T23:00:42.594-0300] {dag.py:3954} INFO - Setting next_dagrun for example_short_circuit_decorator to 2025-04-27 00:00:00+00:00, run_after=2025-04-28 00:00:00+00:00
[2025-04-27T23:00:42.610-0300] {processor.py:183} INFO - Processing /home/facuvega/Descargas/crypto-etl-airflow/airflow-apache/lib/python3.11/site-packages/airflow/example_dags/example_short_circuit_decorator.py took 0.073 seconds
[2025-04-27T23:05:41.465-0300] {processor.py:161} INFO - Started process (PID=53884) to work on /home/facuvega/Descargas/crypto-etl-airflow/airflow-apache/lib/python3.11/site-packages/airflow/example_dags/example_short_circuit_decorator.py
[2025-04-27T23:05:41.466-0300] {processor.py:830} INFO - Processing file /home/facuvega/Descargas/crypto-etl-airflow/airflow-apache/lib/python3.11/site-packages/airflow/example_dags/example_short_circuit_decorator.py for tasks to queue
[2025-04-27T23:05:41.469-0300] {logging_mixin.py:188} INFO - [2025-04-27T23:05:41.468-0300] {dagbag.py:540} INFO - Filling up the DagBag from /home/facuvega/Descargas/crypto-etl-airflow/airflow-apache/lib/python3.11/site-packages/airflow/example_dags/example_short_circuit_decorator.py
[2025-04-27T23:05:41.476-0300] {processor.py:840} INFO - DAG(s) 'example_short_circuit_decorator' retrieved from /home/facuvega/Descargas/crypto-etl-airflow/airflow-apache/lib/python3.11/site-packages/airflow/example_dags/example_short_circuit_decorator.py
[2025-04-27T23:05:41.551-0300] {logging_mixin.py:188} INFO - [2025-04-27T23:05:41.550-0300] {dag.py:3096} INFO - Sync 1 DAGs
[2025-04-27T23:05:41.563-0300] {logging_mixin.py:188} INFO - [2025-04-27T23:05:41.562-0300] {dag.py:3954} INFO - Setting next_dagrun for example_short_circuit_decorator to 2025-04-27 00:00:00+00:00, run_after=2025-04-28 00:00:00+00:00
[2025-04-27T23:05:41.576-0300] {processor.py:183} INFO - Processing /home/facuvega/Descargas/crypto-etl-airflow/airflow-apache/lib/python3.11/site-packages/airflow/example_dags/example_short_circuit_decorator.py took 0.116 seconds
[2025-04-27T23:06:31.719-0300] {processor.py:161} INFO - Started process (PID=54231) to work on /home/facuvega/Descargas/crypto-etl-airflow/airflow-apache/lib/python3.11/site-packages/airflow/example_dags/example_short_circuit_decorator.py
[2025-04-27T23:06:31.720-0300] {processor.py:830} INFO - Processing file /home/facuvega/Descargas/crypto-etl-airflow/airflow-apache/lib/python3.11/site-packages/airflow/example_dags/example_short_circuit_decorator.py for tasks to queue
[2025-04-27T23:06:31.721-0300] {logging_mixin.py:188} INFO - [2025-04-27T23:06:31.721-0300] {dagbag.py:540} INFO - Filling up the DagBag from /home/facuvega/Descargas/crypto-etl-airflow/airflow-apache/lib/python3.11/site-packages/airflow/example_dags/example_short_circuit_decorator.py
[2025-04-27T23:06:31.729-0300] {processor.py:840} INFO - DAG(s) 'example_short_circuit_decorator' retrieved from /home/facuvega/Descargas/crypto-etl-airflow/airflow-apache/lib/python3.11/site-packages/airflow/example_dags/example_short_circuit_decorator.py
[2025-04-27T23:06:31.744-0300] {logging_mixin.py:188} INFO - [2025-04-27T23:06:31.744-0300] {dag.py:3096} INFO - Sync 1 DAGs
[2025-04-27T23:06:31.757-0300] {logging_mixin.py:188} INFO - [2025-04-27T23:06:31.757-0300] {dag.py:3954} INFO - Setting next_dagrun for example_short_circuit_decorator to 2025-04-27 00:00:00+00:00, run_after=2025-04-28 00:00:00+00:00
[2025-04-27T23:06:31.771-0300] {processor.py:183} INFO - Processing /home/facuvega/Descargas/crypto-etl-airflow/airflow-apache/lib/python3.11/site-packages/airflow/example_dags/example_short_circuit_decorator.py took 0.057 seconds
[2025-04-27T23:07:20.865-0300] {processor.py:161} INFO - Started process (PID=54553) to work on /home/facuvega/Descargas/crypto-etl-airflow/airflow-apache/lib/python3.11/site-packages/airflow/example_dags/example_short_circuit_decorator.py
[2025-04-27T23:07:20.866-0300] {processor.py:830} INFO - Processing file /home/facuvega/Descargas/crypto-etl-airflow/airflow-apache/lib/python3.11/site-packages/airflow/example_dags/example_short_circuit_decorator.py for tasks to queue
[2025-04-27T23:07:20.867-0300] {logging_mixin.py:188} INFO - [2025-04-27T23:07:20.867-0300] {dagbag.py:540} INFO - Filling up the DagBag from /home/facuvega/Descargas/crypto-etl-airflow/airflow-apache/lib/python3.11/site-packages/airflow/example_dags/example_short_circuit_decorator.py
[2025-04-27T23:07:20.875-0300] {processor.py:840} INFO - DAG(s) 'example_short_circuit_decorator' retrieved from /home/facuvega/Descargas/crypto-etl-airflow/airflow-apache/lib/python3.11/site-packages/airflow/example_dags/example_short_circuit_decorator.py
[2025-04-27T23:07:20.890-0300] {logging_mixin.py:188} INFO - [2025-04-27T23:07:20.890-0300] {dag.py:3096} INFO - Sync 1 DAGs
[2025-04-27T23:07:20.905-0300] {logging_mixin.py:188} INFO - [2025-04-27T23:07:20.905-0300] {dag.py:3954} INFO - Setting next_dagrun for example_short_circuit_decorator to 2025-04-27 00:00:00+00:00, run_after=2025-04-28 00:00:00+00:00
[2025-04-27T23:07:20.919-0300] {processor.py:183} INFO - Processing /home/facuvega/Descargas/crypto-etl-airflow/airflow-apache/lib/python3.11/site-packages/airflow/example_dags/example_short_circuit_decorator.py took 0.060 seconds
[2025-04-27T23:08:03.061-0300] {processor.py:161} INFO - Started process (PID=54746) to work on /home/facuvega/Descargas/crypto-etl-airflow/airflow-apache/lib/python3.11/site-packages/airflow/example_dags/example_short_circuit_decorator.py
[2025-04-27T23:08:03.062-0300] {processor.py:830} INFO - Processing file /home/facuvega/Descargas/crypto-etl-airflow/airflow-apache/lib/python3.11/site-packages/airflow/example_dags/example_short_circuit_decorator.py for tasks to queue
[2025-04-27T23:08:03.063-0300] {logging_mixin.py:188} INFO - [2025-04-27T23:08:03.063-0300] {dagbag.py:540} INFO - Filling up the DagBag from /home/facuvega/Descargas/crypto-etl-airflow/airflow-apache/lib/python3.11/site-packages/airflow/example_dags/example_short_circuit_decorator.py
[2025-04-27T23:08:03.071-0300] {processor.py:840} INFO - DAG(s) 'example_short_circuit_decorator' retrieved from /home/facuvega/Descargas/crypto-etl-airflow/airflow-apache/lib/python3.11/site-packages/airflow/example_dags/example_short_circuit_decorator.py
[2025-04-27T23:08:03.085-0300] {logging_mixin.py:188} INFO - [2025-04-27T23:08:03.085-0300] {dag.py:3096} INFO - Sync 1 DAGs
[2025-04-27T23:08:03.099-0300] {logging_mixin.py:188} INFO - [2025-04-27T23:08:03.099-0300] {dag.py:3954} INFO - Setting next_dagrun for example_short_circuit_decorator to 2025-04-27 00:00:00+00:00, run_after=2025-04-28 00:00:00+00:00
[2025-04-27T23:08:03.112-0300] {processor.py:183} INFO - Processing /home/facuvega/Descargas/crypto-etl-airflow/airflow-apache/lib/python3.11/site-packages/airflow/example_dags/example_short_circuit_decorator.py took 0.057 seconds
[2025-04-27T23:08:44.086-0300] {processor.py:161} INFO - Started process (PID=54928) to work on /home/facuvega/Descargas/crypto-etl-airflow/airflow-apache/lib/python3.11/site-packages/airflow/example_dags/example_short_circuit_decorator.py
[2025-04-27T23:08:44.087-0300] {processor.py:830} INFO - Processing file /home/facuvega/Descargas/crypto-etl-airflow/airflow-apache/lib/python3.11/site-packages/airflow/example_dags/example_short_circuit_decorator.py for tasks to queue
[2025-04-27T23:08:44.088-0300] {logging_mixin.py:188} INFO - [2025-04-27T23:08:44.088-0300] {dagbag.py:540} INFO - Filling up the DagBag from /home/facuvega/Descargas/crypto-etl-airflow/airflow-apache/lib/python3.11/site-packages/airflow/example_dags/example_short_circuit_decorator.py
[2025-04-27T23:08:44.096-0300] {processor.py:840} INFO - DAG(s) 'example_short_circuit_decorator' retrieved from /home/facuvega/Descargas/crypto-etl-airflow/airflow-apache/lib/python3.11/site-packages/airflow/example_dags/example_short_circuit_decorator.py
[2025-04-27T23:08:44.109-0300] {logging_mixin.py:188} INFO - [2025-04-27T23:08:44.109-0300] {dag.py:3096} INFO - Sync 1 DAGs
[2025-04-27T23:08:44.122-0300] {logging_mixin.py:188} INFO - [2025-04-27T23:08:44.121-0300] {dag.py:3954} INFO - Setting next_dagrun for example_short_circuit_decorator to 2025-04-27 00:00:00+00:00, run_after=2025-04-28 00:00:00+00:00
[2025-04-27T23:08:44.135-0300] {processor.py:183} INFO - Processing /home/facuvega/Descargas/crypto-etl-airflow/airflow-apache/lib/python3.11/site-packages/airflow/example_dags/example_short_circuit_decorator.py took 0.053 seconds
[2025-04-27T23:09:27.437-0300] {processor.py:161} INFO - Started process (PID=55117) to work on /home/facuvega/Descargas/crypto-etl-airflow/airflow-apache/lib/python3.11/site-packages/airflow/example_dags/example_short_circuit_decorator.py
[2025-04-27T23:09:27.438-0300] {processor.py:830} INFO - Processing file /home/facuvega/Descargas/crypto-etl-airflow/airflow-apache/lib/python3.11/site-packages/airflow/example_dags/example_short_circuit_decorator.py for tasks to queue
[2025-04-27T23:09:27.439-0300] {logging_mixin.py:188} INFO - [2025-04-27T23:09:27.439-0300] {dagbag.py:540} INFO - Filling up the DagBag from /home/facuvega/Descargas/crypto-etl-airflow/airflow-apache/lib/python3.11/site-packages/airflow/example_dags/example_short_circuit_decorator.py
[2025-04-27T23:09:27.448-0300] {processor.py:840} INFO - DAG(s) 'example_short_circuit_decorator' retrieved from /home/facuvega/Descargas/crypto-etl-airflow/airflow-apache/lib/python3.11/site-packages/airflow/example_dags/example_short_circuit_decorator.py
[2025-04-27T23:09:27.465-0300] {logging_mixin.py:188} INFO - [2025-04-27T23:09:27.464-0300] {dag.py:3096} INFO - Sync 1 DAGs
[2025-04-27T23:09:27.482-0300] {logging_mixin.py:188} INFO - [2025-04-27T23:09:27.482-0300] {dag.py:3954} INFO - Setting next_dagrun for example_short_circuit_decorator to 2025-04-27 00:00:00+00:00, run_after=2025-04-28 00:00:00+00:00
[2025-04-27T23:09:27.495-0300] {processor.py:183} INFO - Processing /home/facuvega/Descargas/crypto-etl-airflow/airflow-apache/lib/python3.11/site-packages/airflow/example_dags/example_short_circuit_decorator.py took 0.063 seconds
[2025-04-27T23:10:07.627-0300] {processor.py:161} INFO - Started process (PID=55343) to work on /home/facuvega/Descargas/crypto-etl-airflow/airflow-apache/lib/python3.11/site-packages/airflow/example_dags/example_short_circuit_decorator.py
[2025-04-27T23:10:07.628-0300] {processor.py:830} INFO - Processing file /home/facuvega/Descargas/crypto-etl-airflow/airflow-apache/lib/python3.11/site-packages/airflow/example_dags/example_short_circuit_decorator.py for tasks to queue
[2025-04-27T23:10:07.630-0300] {logging_mixin.py:188} INFO - [2025-04-27T23:10:07.630-0300] {dagbag.py:540} INFO - Filling up the DagBag from /home/facuvega/Descargas/crypto-etl-airflow/airflow-apache/lib/python3.11/site-packages/airflow/example_dags/example_short_circuit_decorator.py
[2025-04-27T23:10:07.638-0300] {processor.py:840} INFO - DAG(s) 'example_short_circuit_decorator' retrieved from /home/facuvega/Descargas/crypto-etl-airflow/airflow-apache/lib/python3.11/site-packages/airflow/example_dags/example_short_circuit_decorator.py
[2025-04-27T23:10:07.652-0300] {logging_mixin.py:188} INFO - [2025-04-27T23:10:07.652-0300] {dag.py:3096} INFO - Sync 1 DAGs
[2025-04-27T23:10:07.666-0300] {logging_mixin.py:188} INFO - [2025-04-27T23:10:07.666-0300] {dag.py:3954} INFO - Setting next_dagrun for example_short_circuit_decorator to 2025-04-27 00:00:00+00:00, run_after=2025-04-28 00:00:00+00:00
[2025-04-27T23:10:07.680-0300] {processor.py:183} INFO - Processing /home/facuvega/Descargas/crypto-etl-airflow/airflow-apache/lib/python3.11/site-packages/airflow/example_dags/example_short_circuit_decorator.py took 0.057 seconds
[2025-04-27T23:11:08.131-0300] {processor.py:161} INFO - Started process (PID=55773) to work on /home/facuvega/Descargas/crypto-etl-airflow/airflow-apache/lib/python3.11/site-packages/airflow/example_dags/example_short_circuit_decorator.py
[2025-04-27T23:11:08.133-0300] {processor.py:830} INFO - Processing file /home/facuvega/Descargas/crypto-etl-airflow/airflow-apache/lib/python3.11/site-packages/airflow/example_dags/example_short_circuit_decorator.py for tasks to queue
[2025-04-27T23:11:08.135-0300] {logging_mixin.py:188} INFO - [2025-04-27T23:11:08.134-0300] {dagbag.py:540} INFO - Filling up the DagBag from /home/facuvega/Descargas/crypto-etl-airflow/airflow-apache/lib/python3.11/site-packages/airflow/example_dags/example_short_circuit_decorator.py
[2025-04-27T23:11:08.145-0300] {processor.py:840} INFO - DAG(s) 'example_short_circuit_decorator' retrieved from /home/facuvega/Descargas/crypto-etl-airflow/airflow-apache/lib/python3.11/site-packages/airflow/example_dags/example_short_circuit_decorator.py
[2025-04-27T23:11:08.165-0300] {logging_mixin.py:188} INFO - [2025-04-27T23:11:08.165-0300] {dag.py:3096} INFO - Sync 1 DAGs
[2025-04-27T23:11:08.185-0300] {logging_mixin.py:188} INFO - [2025-04-27T23:11:08.185-0300] {dag.py:3954} INFO - Setting next_dagrun for example_short_circuit_decorator to 2025-04-27 00:00:00+00:00, run_after=2025-04-28 00:00:00+00:00
[2025-04-27T23:11:08.199-0300] {processor.py:183} INFO - Processing /home/facuvega/Descargas/crypto-etl-airflow/airflow-apache/lib/python3.11/site-packages/airflow/example_dags/example_short_circuit_decorator.py took 0.075 seconds
[2025-04-27T23:12:07.171-0300] {processor.py:161} INFO - Started process (PID=56058) to work on /home/facuvega/Descargas/crypto-etl-airflow/airflow-apache/lib/python3.11/site-packages/airflow/example_dags/example_short_circuit_decorator.py
[2025-04-27T23:12:07.173-0300] {processor.py:830} INFO - Processing file /home/facuvega/Descargas/crypto-etl-airflow/airflow-apache/lib/python3.11/site-packages/airflow/example_dags/example_short_circuit_decorator.py for tasks to queue
[2025-04-27T23:12:07.174-0300] {logging_mixin.py:188} INFO - [2025-04-27T23:12:07.174-0300] {dagbag.py:540} INFO - Filling up the DagBag from /home/facuvega/Descargas/crypto-etl-airflow/airflow-apache/lib/python3.11/site-packages/airflow/example_dags/example_short_circuit_decorator.py
[2025-04-27T23:12:07.182-0300] {processor.py:840} INFO - DAG(s) 'example_short_circuit_decorator' retrieved from /home/facuvega/Descargas/crypto-etl-airflow/airflow-apache/lib/python3.11/site-packages/airflow/example_dags/example_short_circuit_decorator.py
[2025-04-27T23:12:07.195-0300] {logging_mixin.py:188} INFO - [2025-04-27T23:12:07.195-0300] {dag.py:3096} INFO - Sync 1 DAGs
[2025-04-27T23:12:07.208-0300] {logging_mixin.py:188} INFO - [2025-04-27T23:12:07.208-0300] {dag.py:3954} INFO - Setting next_dagrun for example_short_circuit_decorator to 2025-04-27 00:00:00+00:00, run_after=2025-04-28 00:00:00+00:00
[2025-04-27T23:12:07.221-0300] {processor.py:183} INFO - Processing /home/facuvega/Descargas/crypto-etl-airflow/airflow-apache/lib/python3.11/site-packages/airflow/example_dags/example_short_circuit_decorator.py took 0.055 seconds
[2025-04-27T23:13:05.797-0300] {processor.py:161} INFO - Started process (PID=56335) to work on /home/facuvega/Descargas/crypto-etl-airflow/airflow-apache/lib/python3.11/site-packages/airflow/example_dags/example_short_circuit_decorator.py
[2025-04-27T23:13:05.798-0300] {processor.py:830} INFO - Processing file /home/facuvega/Descargas/crypto-etl-airflow/airflow-apache/lib/python3.11/site-packages/airflow/example_dags/example_short_circuit_decorator.py for tasks to queue
[2025-04-27T23:13:05.799-0300] {logging_mixin.py:188} INFO - [2025-04-27T23:13:05.799-0300] {dagbag.py:540} INFO - Filling up the DagBag from /home/facuvega/Descargas/crypto-etl-airflow/airflow-apache/lib/python3.11/site-packages/airflow/example_dags/example_short_circuit_decorator.py
[2025-04-27T23:13:05.807-0300] {processor.py:840} INFO - DAG(s) 'example_short_circuit_decorator' retrieved from /home/facuvega/Descargas/crypto-etl-airflow/airflow-apache/lib/python3.11/site-packages/airflow/example_dags/example_short_circuit_decorator.py
[2025-04-27T23:13:05.820-0300] {logging_mixin.py:188} INFO - [2025-04-27T23:13:05.820-0300] {dag.py:3096} INFO - Sync 1 DAGs
[2025-04-27T23:13:05.832-0300] {logging_mixin.py:188} INFO - [2025-04-27T23:13:05.832-0300] {dag.py:3954} INFO - Setting next_dagrun for example_short_circuit_decorator to 2025-04-27 00:00:00+00:00, run_after=2025-04-28 00:00:00+00:00
[2025-04-27T23:13:05.845-0300] {processor.py:183} INFO - Processing /home/facuvega/Descargas/crypto-etl-airflow/airflow-apache/lib/python3.11/site-packages/airflow/example_dags/example_short_circuit_decorator.py took 0.053 seconds
[2025-04-27T23:14:07.222-0300] {processor.py:161} INFO - Started process (PID=56629) to work on /home/facuvega/Descargas/crypto-etl-airflow/airflow-apache/lib/python3.11/site-packages/airflow/example_dags/example_short_circuit_decorator.py
[2025-04-27T23:14:07.224-0300] {processor.py:830} INFO - Processing file /home/facuvega/Descargas/crypto-etl-airflow/airflow-apache/lib/python3.11/site-packages/airflow/example_dags/example_short_circuit_decorator.py for tasks to queue
[2025-04-27T23:14:07.228-0300] {logging_mixin.py:188} INFO - [2025-04-27T23:14:07.225-0300] {dagbag.py:540} INFO - Filling up the DagBag from /home/facuvega/Descargas/crypto-etl-airflow/airflow-apache/lib/python3.11/site-packages/airflow/example_dags/example_short_circuit_decorator.py
[2025-04-27T23:14:07.239-0300] {processor.py:840} INFO - DAG(s) 'example_short_circuit_decorator' retrieved from /home/facuvega/Descargas/crypto-etl-airflow/airflow-apache/lib/python3.11/site-packages/airflow/example_dags/example_short_circuit_decorator.py
[2025-04-27T23:14:07.263-0300] {logging_mixin.py:188} INFO - [2025-04-27T23:14:07.263-0300] {dag.py:3096} INFO - Sync 1 DAGs
[2025-04-27T23:14:07.291-0300] {logging_mixin.py:188} INFO - [2025-04-27T23:14:07.291-0300] {dag.py:3954} INFO - Setting next_dagrun for example_short_circuit_decorator to 2025-04-27 00:00:00+00:00, run_after=2025-04-28 00:00:00+00:00
[2025-04-27T23:14:07.314-0300] {processor.py:183} INFO - Processing /home/facuvega/Descargas/crypto-etl-airflow/airflow-apache/lib/python3.11/site-packages/airflow/example_dags/example_short_circuit_decorator.py took 0.101 seconds
[2025-04-27T23:14:55.050-0300] {processor.py:161} INFO - Started process (PID=56844) to work on /home/facuvega/Descargas/crypto-etl-airflow/airflow-apache/lib/python3.11/site-packages/airflow/example_dags/example_short_circuit_decorator.py
[2025-04-27T23:14:55.051-0300] {processor.py:830} INFO - Processing file /home/facuvega/Descargas/crypto-etl-airflow/airflow-apache/lib/python3.11/site-packages/airflow/example_dags/example_short_circuit_decorator.py for tasks to queue
[2025-04-27T23:14:55.054-0300] {logging_mixin.py:188} INFO - [2025-04-27T23:14:55.053-0300] {dagbag.py:540} INFO - Filling up the DagBag from /home/facuvega/Descargas/crypto-etl-airflow/airflow-apache/lib/python3.11/site-packages/airflow/example_dags/example_short_circuit_decorator.py
[2025-04-27T23:14:55.061-0300] {processor.py:840} INFO - DAG(s) 'example_short_circuit_decorator' retrieved from /home/facuvega/Descargas/crypto-etl-airflow/airflow-apache/lib/python3.11/site-packages/airflow/example_dags/example_short_circuit_decorator.py
[2025-04-27T23:14:55.074-0300] {logging_mixin.py:188} INFO - [2025-04-27T23:14:55.074-0300] {dag.py:3096} INFO - Sync 1 DAGs
[2025-04-27T23:14:55.087-0300] {logging_mixin.py:188} INFO - [2025-04-27T23:14:55.087-0300] {dag.py:3954} INFO - Setting next_dagrun for example_short_circuit_decorator to 2025-04-27 00:00:00+00:00, run_after=2025-04-28 00:00:00+00:00
[2025-04-27T23:14:55.099-0300] {processor.py:183} INFO - Processing /home/facuvega/Descargas/crypto-etl-airflow/airflow-apache/lib/python3.11/site-packages/airflow/example_dags/example_short_circuit_decorator.py took 0.054 seconds
[2025-04-27T23:15:49.583-0300] {processor.py:161} INFO - Started process (PID=57152) to work on /home/facuvega/Descargas/crypto-etl-airflow/airflow-apache/lib/python3.11/site-packages/airflow/example_dags/example_short_circuit_decorator.py
[2025-04-27T23:15:49.584-0300] {processor.py:830} INFO - Processing file /home/facuvega/Descargas/crypto-etl-airflow/airflow-apache/lib/python3.11/site-packages/airflow/example_dags/example_short_circuit_decorator.py for tasks to queue
[2025-04-27T23:15:49.586-0300] {logging_mixin.py:188} INFO - [2025-04-27T23:15:49.586-0300] {dagbag.py:540} INFO - Filling up the DagBag from /home/facuvega/Descargas/crypto-etl-airflow/airflow-apache/lib/python3.11/site-packages/airflow/example_dags/example_short_circuit_decorator.py
[2025-04-27T23:15:49.595-0300] {processor.py:840} INFO - DAG(s) 'example_short_circuit_decorator' retrieved from /home/facuvega/Descargas/crypto-etl-airflow/airflow-apache/lib/python3.11/site-packages/airflow/example_dags/example_short_circuit_decorator.py
[2025-04-27T23:15:49.610-0300] {logging_mixin.py:188} INFO - [2025-04-27T23:15:49.610-0300] {dag.py:3096} INFO - Sync 1 DAGs
[2025-04-27T23:15:49.624-0300] {logging_mixin.py:188} INFO - [2025-04-27T23:15:49.624-0300] {dag.py:3954} INFO - Setting next_dagrun for example_short_circuit_decorator to 2025-04-27 00:00:00+00:00, run_after=2025-04-28 00:00:00+00:00
[2025-04-27T23:15:49.640-0300] {processor.py:183} INFO - Processing /home/facuvega/Descargas/crypto-etl-airflow/airflow-apache/lib/python3.11/site-packages/airflow/example_dags/example_short_circuit_decorator.py took 0.062 seconds
[2025-04-27T23:16:47.875-0300] {processor.py:161} INFO - Started process (PID=57440) to work on /home/facuvega/Descargas/crypto-etl-airflow/airflow-apache/lib/python3.11/site-packages/airflow/example_dags/example_short_circuit_decorator.py
[2025-04-27T23:16:47.875-0300] {processor.py:830} INFO - Processing file /home/facuvega/Descargas/crypto-etl-airflow/airflow-apache/lib/python3.11/site-packages/airflow/example_dags/example_short_circuit_decorator.py for tasks to queue
[2025-04-27T23:16:47.877-0300] {logging_mixin.py:188} INFO - [2025-04-27T23:16:47.877-0300] {dagbag.py:540} INFO - Filling up the DagBag from /home/facuvega/Descargas/crypto-etl-airflow/airflow-apache/lib/python3.11/site-packages/airflow/example_dags/example_short_circuit_decorator.py
[2025-04-27T23:16:47.886-0300] {processor.py:840} INFO - DAG(s) 'example_short_circuit_decorator' retrieved from /home/facuvega/Descargas/crypto-etl-airflow/airflow-apache/lib/python3.11/site-packages/airflow/example_dags/example_short_circuit_decorator.py
[2025-04-27T23:16:47.903-0300] {logging_mixin.py:188} INFO - [2025-04-27T23:16:47.903-0300] {dag.py:3096} INFO - Sync 1 DAGs
[2025-04-27T23:16:47.917-0300] {logging_mixin.py:188} INFO - [2025-04-27T23:16:47.917-0300] {dag.py:3954} INFO - Setting next_dagrun for example_short_circuit_decorator to 2025-04-27 00:00:00+00:00, run_after=2025-04-28 00:00:00+00:00
[2025-04-27T23:16:47.930-0300] {processor.py:183} INFO - Processing /home/facuvega/Descargas/crypto-etl-airflow/airflow-apache/lib/python3.11/site-packages/airflow/example_dags/example_short_circuit_decorator.py took 0.060 seconds
[2025-04-27T23:17:32.643-0300] {processor.py:161} INFO - Started process (PID=57699) to work on /home/facuvega/Descargas/crypto-etl-airflow/airflow-apache/lib/python3.11/site-packages/airflow/example_dags/example_short_circuit_decorator.py
[2025-04-27T23:17:32.644-0300] {processor.py:830} INFO - Processing file /home/facuvega/Descargas/crypto-etl-airflow/airflow-apache/lib/python3.11/site-packages/airflow/example_dags/example_short_circuit_decorator.py for tasks to queue
[2025-04-27T23:17:32.647-0300] {logging_mixin.py:188} INFO - [2025-04-27T23:17:32.647-0300] {dagbag.py:540} INFO - Filling up the DagBag from /home/facuvega/Descargas/crypto-etl-airflow/airflow-apache/lib/python3.11/site-packages/airflow/example_dags/example_short_circuit_decorator.py
[2025-04-27T23:17:32.655-0300] {processor.py:840} INFO - DAG(s) 'example_short_circuit_decorator' retrieved from /home/facuvega/Descargas/crypto-etl-airflow/airflow-apache/lib/python3.11/site-packages/airflow/example_dags/example_short_circuit_decorator.py
[2025-04-27T23:17:32.671-0300] {logging_mixin.py:188} INFO - [2025-04-27T23:17:32.671-0300] {dag.py:3096} INFO - Sync 1 DAGs
[2025-04-27T23:17:32.686-0300] {logging_mixin.py:188} INFO - [2025-04-27T23:17:32.686-0300] {dag.py:3954} INFO - Setting next_dagrun for example_short_circuit_decorator to 2025-04-27 00:00:00+00:00, run_after=2025-04-28 00:00:00+00:00
[2025-04-27T23:17:32.700-0300] {processor.py:183} INFO - Processing /home/facuvega/Descargas/crypto-etl-airflow/airflow-apache/lib/python3.11/site-packages/airflow/example_dags/example_short_circuit_decorator.py took 0.064 seconds
[2025-04-27T23:18:18.565-0300] {processor.py:161} INFO - Started process (PID=58036) to work on /home/facuvega/Descargas/crypto-etl-airflow/airflow-apache/lib/python3.11/site-packages/airflow/example_dags/example_short_circuit_decorator.py
[2025-04-27T23:18:18.566-0300] {processor.py:830} INFO - Processing file /home/facuvega/Descargas/crypto-etl-airflow/airflow-apache/lib/python3.11/site-packages/airflow/example_dags/example_short_circuit_decorator.py for tasks to queue
[2025-04-27T23:18:18.569-0300] {logging_mixin.py:188} INFO - [2025-04-27T23:18:18.569-0300] {dagbag.py:540} INFO - Filling up the DagBag from /home/facuvega/Descargas/crypto-etl-airflow/airflow-apache/lib/python3.11/site-packages/airflow/example_dags/example_short_circuit_decorator.py
[2025-04-27T23:18:18.587-0300] {processor.py:840} INFO - DAG(s) 'example_short_circuit_decorator' retrieved from /home/facuvega/Descargas/crypto-etl-airflow/airflow-apache/lib/python3.11/site-packages/airflow/example_dags/example_short_circuit_decorator.py
[2025-04-27T23:18:18.616-0300] {logging_mixin.py:188} INFO - [2025-04-27T23:18:18.616-0300] {dag.py:3096} INFO - Sync 1 DAGs
[2025-04-27T23:18:18.647-0300] {logging_mixin.py:188} INFO - [2025-04-27T23:18:18.647-0300] {dag.py:3954} INFO - Setting next_dagrun for example_short_circuit_decorator to 2025-04-27 00:00:00+00:00, run_after=2025-04-28 00:00:00+00:00
[2025-04-27T23:18:18.674-0300] {processor.py:183} INFO - Processing /home/facuvega/Descargas/crypto-etl-airflow/airflow-apache/lib/python3.11/site-packages/airflow/example_dags/example_short_circuit_decorator.py took 0.117 seconds
