[2025-04-27T23:00:33.179-0300] {processor.py:161} INFO - Started process (PID=51790) to work on /home/facuvega/Descargas/crypto-etl-airflow/airflow-apache/lib/python3.11/site-packages/airflow/example_dags/example_task_group_decorator.py
[2025-04-27T23:00:33.179-0300] {processor.py:830} INFO - Processing file /home/facuvega/Descargas/crypto-etl-airflow/airflow-apache/lib/python3.11/site-packages/airflow/example_dags/example_task_group_decorator.py for tasks to queue
[2025-04-27T23:00:33.181-0300] {logging_mixin.py:188} INFO - [2025-04-27T23:00:33.181-0300] {dagbag.py:540} INFO - Filling up the DagBag from /home/facuvega/Descargas/crypto-etl-airflow/airflow-apache/lib/python3.11/site-packages/airflow/example_dags/example_task_group_decorator.py
[2025-04-27T23:00:33.194-0300] {processor.py:840} INFO - DAG(s) 'example_task_group_decorator' retrieved from /home/facuvega/Descargas/crypto-etl-airflow/airflow-apache/lib/python3.11/site-packages/airflow/example_dags/example_task_group_decorator.py
[2025-04-27T23:00:33.201-0300] {logging_mixin.py:188} INFO - [2025-04-27T23:00:33.201-0300] {dag.py:3096} INFO - Sync 1 DAGs
[2025-04-27T23:00:33.217-0300] {logging_mixin.py:188} INFO - [2025-04-27T23:00:33.217-0300] {dag.py:3954} INFO - Setting next_dagrun for example_task_group_decorator to 2025-04-27 00:00:00+00:00, run_after=2025-04-28 00:00:00+00:00
[2025-04-27T23:00:33.232-0300] {processor.py:183} INFO - Processing /home/facuvega/Descargas/crypto-etl-airflow/airflow-apache/lib/python3.11/site-packages/airflow/example_dags/example_task_group_decorator.py took 0.059 seconds
[2025-04-27T23:05:31.747-0300] {processor.py:161} INFO - Started process (PID=53746) to work on /home/facuvega/Descargas/crypto-etl-airflow/airflow-apache/lib/python3.11/site-packages/airflow/example_dags/example_task_group_decorator.py
[2025-04-27T23:05:31.748-0300] {processor.py:830} INFO - Processing file /home/facuvega/Descargas/crypto-etl-airflow/airflow-apache/lib/python3.11/site-packages/airflow/example_dags/example_task_group_decorator.py for tasks to queue
[2025-04-27T23:05:31.750-0300] {logging_mixin.py:188} INFO - [2025-04-27T23:05:31.749-0300] {dagbag.py:540} INFO - Filling up the DagBag from /home/facuvega/Descargas/crypto-etl-airflow/airflow-apache/lib/python3.11/site-packages/airflow/example_dags/example_task_group_decorator.py
[2025-04-27T23:05:31.766-0300] {processor.py:840} INFO - DAG(s) 'example_task_group_decorator' retrieved from /home/facuvega/Descargas/crypto-etl-airflow/airflow-apache/lib/python3.11/site-packages/airflow/example_dags/example_task_group_decorator.py
[2025-04-27T23:05:31.846-0300] {logging_mixin.py:188} INFO - [2025-04-27T23:05:31.846-0300] {dag.py:3096} INFO - Sync 1 DAGs
[2025-04-27T23:05:31.860-0300] {logging_mixin.py:188} INFO - [2025-04-27T23:05:31.860-0300] {dag.py:3954} INFO - Setting next_dagrun for example_task_group_decorator to 2025-04-27 00:00:00+00:00, run_after=2025-04-28 00:00:00+00:00
[2025-04-27T23:05:31.875-0300] {processor.py:183} INFO - Processing /home/facuvega/Descargas/crypto-etl-airflow/airflow-apache/lib/python3.11/site-packages/airflow/example_dags/example_task_group_decorator.py took 0.136 seconds
[2025-04-27T23:06:23.580-0300] {processor.py:161} INFO - Started process (PID=54119) to work on /home/facuvega/Descargas/crypto-etl-airflow/airflow-apache/lib/python3.11/site-packages/airflow/example_dags/example_task_group_decorator.py
[2025-04-27T23:06:23.583-0300] {processor.py:830} INFO - Processing file /home/facuvega/Descargas/crypto-etl-airflow/airflow-apache/lib/python3.11/site-packages/airflow/example_dags/example_task_group_decorator.py for tasks to queue
[2025-04-27T23:06:23.585-0300] {logging_mixin.py:188} INFO - [2025-04-27T23:06:23.585-0300] {dagbag.py:540} INFO - Filling up the DagBag from /home/facuvega/Descargas/crypto-etl-airflow/airflow-apache/lib/python3.11/site-packages/airflow/example_dags/example_task_group_decorator.py
[2025-04-27T23:06:23.606-0300] {processor.py:840} INFO - DAG(s) 'example_task_group_decorator' retrieved from /home/facuvega/Descargas/crypto-etl-airflow/airflow-apache/lib/python3.11/site-packages/airflow/example_dags/example_task_group_decorator.py
[2025-04-27T23:06:23.631-0300] {logging_mixin.py:188} INFO - [2025-04-27T23:06:23.631-0300] {dag.py:3096} INFO - Sync 1 DAGs
[2025-04-27T23:06:23.654-0300] {logging_mixin.py:188} INFO - [2025-04-27T23:06:23.653-0300] {dag.py:3954} INFO - Setting next_dagrun for example_task_group_decorator to 2025-04-27 00:00:00+00:00, run_after=2025-04-28 00:00:00+00:00
[2025-04-27T23:06:23.722-0300] {processor.py:183} INFO - Processing /home/facuvega/Descargas/crypto-etl-airflow/airflow-apache/lib/python3.11/site-packages/airflow/example_dags/example_task_group_decorator.py took 0.151 seconds
[2025-04-27T23:07:13.995-0300] {processor.py:161} INFO - Started process (PID=54521) to work on /home/facuvega/Descargas/crypto-etl-airflow/airflow-apache/lib/python3.11/site-packages/airflow/example_dags/example_task_group_decorator.py
[2025-04-27T23:07:13.996-0300] {processor.py:830} INFO - Processing file /home/facuvega/Descargas/crypto-etl-airflow/airflow-apache/lib/python3.11/site-packages/airflow/example_dags/example_task_group_decorator.py for tasks to queue
[2025-04-27T23:07:13.997-0300] {logging_mixin.py:188} INFO - [2025-04-27T23:07:13.997-0300] {dagbag.py:540} INFO - Filling up the DagBag from /home/facuvega/Descargas/crypto-etl-airflow/airflow-apache/lib/python3.11/site-packages/airflow/example_dags/example_task_group_decorator.py
[2025-04-27T23:07:14.010-0300] {processor.py:840} INFO - DAG(s) 'example_task_group_decorator' retrieved from /home/facuvega/Descargas/crypto-etl-airflow/airflow-apache/lib/python3.11/site-packages/airflow/example_dags/example_task_group_decorator.py
[2025-04-27T23:07:14.026-0300] {logging_mixin.py:188} INFO - [2025-04-27T23:07:14.026-0300] {dag.py:3096} INFO - Sync 1 DAGs
[2025-04-27T23:07:14.041-0300] {logging_mixin.py:188} INFO - [2025-04-27T23:07:14.041-0300] {dag.py:3954} INFO - Setting next_dagrun for example_task_group_decorator to 2025-04-27 00:00:00+00:00, run_after=2025-04-28 00:00:00+00:00
[2025-04-27T23:07:14.055-0300] {processor.py:183} INFO - Processing /home/facuvega/Descargas/crypto-etl-airflow/airflow-apache/lib/python3.11/site-packages/airflow/example_dags/example_task_group_decorator.py took 0.065 seconds
[2025-04-27T23:07:53.935-0300] {processor.py:161} INFO - Started process (PID=54702) to work on /home/facuvega/Descargas/crypto-etl-airflow/airflow-apache/lib/python3.11/site-packages/airflow/example_dags/example_task_group_decorator.py
[2025-04-27T23:07:53.936-0300] {processor.py:830} INFO - Processing file /home/facuvega/Descargas/crypto-etl-airflow/airflow-apache/lib/python3.11/site-packages/airflow/example_dags/example_task_group_decorator.py for tasks to queue
[2025-04-27T23:07:53.938-0300] {logging_mixin.py:188} INFO - [2025-04-27T23:07:53.938-0300] {dagbag.py:540} INFO - Filling up the DagBag from /home/facuvega/Descargas/crypto-etl-airflow/airflow-apache/lib/python3.11/site-packages/airflow/example_dags/example_task_group_decorator.py
[2025-04-27T23:07:53.953-0300] {processor.py:840} INFO - DAG(s) 'example_task_group_decorator' retrieved from /home/facuvega/Descargas/crypto-etl-airflow/airflow-apache/lib/python3.11/site-packages/airflow/example_dags/example_task_group_decorator.py
[2025-04-27T23:07:53.973-0300] {logging_mixin.py:188} INFO - [2025-04-27T23:07:53.973-0300] {dag.py:3096} INFO - Sync 1 DAGs
[2025-04-27T23:07:53.995-0300] {logging_mixin.py:188} INFO - [2025-04-27T23:07:53.995-0300] {dag.py:3954} INFO - Setting next_dagrun for example_task_group_decorator to 2025-04-27 00:00:00+00:00, run_after=2025-04-28 00:00:00+00:00
[2025-04-27T23:07:54.016-0300] {processor.py:183} INFO - Processing /home/facuvega/Descargas/crypto-etl-airflow/airflow-apache/lib/python3.11/site-packages/airflow/example_dags/example_task_group_decorator.py took 0.088 seconds
[2025-04-27T23:08:34.944-0300] {processor.py:161} INFO - Started process (PID=54890) to work on /home/facuvega/Descargas/crypto-etl-airflow/airflow-apache/lib/python3.11/site-packages/airflow/example_dags/example_task_group_decorator.py
[2025-04-27T23:08:34.945-0300] {processor.py:830} INFO - Processing file /home/facuvega/Descargas/crypto-etl-airflow/airflow-apache/lib/python3.11/site-packages/airflow/example_dags/example_task_group_decorator.py for tasks to queue
[2025-04-27T23:08:34.946-0300] {logging_mixin.py:188} INFO - [2025-04-27T23:08:34.946-0300] {dagbag.py:540} INFO - Filling up the DagBag from /home/facuvega/Descargas/crypto-etl-airflow/airflow-apache/lib/python3.11/site-packages/airflow/example_dags/example_task_group_decorator.py
[2025-04-27T23:08:34.957-0300] {processor.py:840} INFO - DAG(s) 'example_task_group_decorator' retrieved from /home/facuvega/Descargas/crypto-etl-airflow/airflow-apache/lib/python3.11/site-packages/airflow/example_dags/example_task_group_decorator.py
[2025-04-27T23:08:34.971-0300] {logging_mixin.py:188} INFO - [2025-04-27T23:08:34.971-0300] {dag.py:3096} INFO - Sync 1 DAGs
[2025-04-27T23:08:34.984-0300] {logging_mixin.py:188} INFO - [2025-04-27T23:08:34.984-0300] {dag.py:3954} INFO - Setting next_dagrun for example_task_group_decorator to 2025-04-27 00:00:00+00:00, run_after=2025-04-28 00:00:00+00:00
[2025-04-27T23:08:34.997-0300] {processor.py:183} INFO - Processing /home/facuvega/Descargas/crypto-etl-airflow/airflow-apache/lib/python3.11/site-packages/airflow/example_dags/example_task_group_decorator.py took 0.058 seconds
[2025-04-27T23:09:18.873-0300] {processor.py:161} INFO - Started process (PID=55081) to work on /home/facuvega/Descargas/crypto-etl-airflow/airflow-apache/lib/python3.11/site-packages/airflow/example_dags/example_task_group_decorator.py
[2025-04-27T23:09:18.874-0300] {processor.py:830} INFO - Processing file /home/facuvega/Descargas/crypto-etl-airflow/airflow-apache/lib/python3.11/site-packages/airflow/example_dags/example_task_group_decorator.py for tasks to queue
[2025-04-27T23:09:18.875-0300] {logging_mixin.py:188} INFO - [2025-04-27T23:09:18.875-0300] {dagbag.py:540} INFO - Filling up the DagBag from /home/facuvega/Descargas/crypto-etl-airflow/airflow-apache/lib/python3.11/site-packages/airflow/example_dags/example_task_group_decorator.py
[2025-04-27T23:09:18.887-0300] {processor.py:840} INFO - DAG(s) 'example_task_group_decorator' retrieved from /home/facuvega/Descargas/crypto-etl-airflow/airflow-apache/lib/python3.11/site-packages/airflow/example_dags/example_task_group_decorator.py
[2025-04-27T23:09:18.903-0300] {logging_mixin.py:188} INFO - [2025-04-27T23:09:18.902-0300] {dag.py:3096} INFO - Sync 1 DAGs
[2025-04-27T23:09:18.917-0300] {logging_mixin.py:188} INFO - [2025-04-27T23:09:18.916-0300] {dag.py:3954} INFO - Setting next_dagrun for example_task_group_decorator to 2025-04-27 00:00:00+00:00, run_after=2025-04-28 00:00:00+00:00
[2025-04-27T23:09:18.930-0300] {processor.py:183} INFO - Processing /home/facuvega/Descargas/crypto-etl-airflow/airflow-apache/lib/python3.11/site-packages/airflow/example_dags/example_task_group_decorator.py took 0.062 seconds
[2025-04-27T23:09:59.736-0300] {processor.py:161} INFO - Started process (PID=55299) to work on /home/facuvega/Descargas/crypto-etl-airflow/airflow-apache/lib/python3.11/site-packages/airflow/example_dags/example_task_group_decorator.py
[2025-04-27T23:09:59.737-0300] {processor.py:830} INFO - Processing file /home/facuvega/Descargas/crypto-etl-airflow/airflow-apache/lib/python3.11/site-packages/airflow/example_dags/example_task_group_decorator.py for tasks to queue
[2025-04-27T23:09:59.742-0300] {logging_mixin.py:188} INFO - [2025-04-27T23:09:59.741-0300] {dagbag.py:540} INFO - Filling up the DagBag from /home/facuvega/Descargas/crypto-etl-airflow/airflow-apache/lib/python3.11/site-packages/airflow/example_dags/example_task_group_decorator.py
[2025-04-27T23:09:59.782-0300] {processor.py:840} INFO - DAG(s) 'example_task_group_decorator' retrieved from /home/facuvega/Descargas/crypto-etl-airflow/airflow-apache/lib/python3.11/site-packages/airflow/example_dags/example_task_group_decorator.py
[2025-04-27T23:09:59.824-0300] {logging_mixin.py:188} INFO - [2025-04-27T23:09:59.823-0300] {dag.py:3096} INFO - Sync 1 DAGs
[2025-04-27T23:09:59.846-0300] {logging_mixin.py:188} INFO - [2025-04-27T23:09:59.846-0300] {dag.py:3954} INFO - Setting next_dagrun for example_task_group_decorator to 2025-04-27 00:00:00+00:00, run_after=2025-04-28 00:00:00+00:00
[2025-04-27T23:09:59.867-0300] {processor.py:183} INFO - Processing /home/facuvega/Descargas/crypto-etl-airflow/airflow-apache/lib/python3.11/site-packages/airflow/example_dags/example_task_group_decorator.py took 0.147 seconds
[2025-04-27T23:10:40.865-0300] {processor.py:161} INFO - Started process (PID=55568) to work on /home/facuvega/Descargas/crypto-etl-airflow/airflow-apache/lib/python3.11/site-packages/airflow/example_dags/example_task_group_decorator.py
[2025-04-27T23:10:40.866-0300] {processor.py:830} INFO - Processing file /home/facuvega/Descargas/crypto-etl-airflow/airflow-apache/lib/python3.11/site-packages/airflow/example_dags/example_task_group_decorator.py for tasks to queue
[2025-04-27T23:10:40.868-0300] {logging_mixin.py:188} INFO - [2025-04-27T23:10:40.867-0300] {dagbag.py:540} INFO - Filling up the DagBag from /home/facuvega/Descargas/crypto-etl-airflow/airflow-apache/lib/python3.11/site-packages/airflow/example_dags/example_task_group_decorator.py
[2025-04-27T23:10:40.879-0300] {processor.py:840} INFO - DAG(s) 'example_task_group_decorator' retrieved from /home/facuvega/Descargas/crypto-etl-airflow/airflow-apache/lib/python3.11/site-packages/airflow/example_dags/example_task_group_decorator.py
[2025-04-27T23:10:40.893-0300] {logging_mixin.py:188} INFO - [2025-04-27T23:10:40.893-0300] {dag.py:3096} INFO - Sync 1 DAGs
[2025-04-27T23:10:40.906-0300] {logging_mixin.py:188} INFO - [2025-04-27T23:10:40.906-0300] {dag.py:3954} INFO - Setting next_dagrun for example_task_group_decorator to 2025-04-27 00:00:00+00:00, run_after=2025-04-28 00:00:00+00:00
[2025-04-27T23:10:40.919-0300] {processor.py:183} INFO - Processing /home/facuvega/Descargas/crypto-etl-airflow/airflow-apache/lib/python3.11/site-packages/airflow/example_dags/example_task_group_decorator.py took 0.059 seconds
[2025-04-27T23:11:20.567-0300] {processor.py:161} INFO - Started process (PID=55829) to work on /home/facuvega/Descargas/crypto-etl-airflow/airflow-apache/lib/python3.11/site-packages/airflow/example_dags/example_task_group_decorator.py
[2025-04-27T23:11:20.569-0300] {processor.py:830} INFO - Processing file /home/facuvega/Descargas/crypto-etl-airflow/airflow-apache/lib/python3.11/site-packages/airflow/example_dags/example_task_group_decorator.py for tasks to queue
[2025-04-27T23:11:20.570-0300] {logging_mixin.py:188} INFO - [2025-04-27T23:11:20.570-0300] {dagbag.py:540} INFO - Filling up the DagBag from /home/facuvega/Descargas/crypto-etl-airflow/airflow-apache/lib/python3.11/site-packages/airflow/example_dags/example_task_group_decorator.py
[2025-04-27T23:11:20.589-0300] {processor.py:840} INFO - DAG(s) 'example_task_group_decorator' retrieved from /home/facuvega/Descargas/crypto-etl-airflow/airflow-apache/lib/python3.11/site-packages/airflow/example_dags/example_task_group_decorator.py
[2025-04-27T23:11:20.618-0300] {logging_mixin.py:188} INFO - [2025-04-27T23:11:20.617-0300] {dag.py:3096} INFO - Sync 1 DAGs
[2025-04-27T23:11:20.639-0300] {logging_mixin.py:188} INFO - [2025-04-27T23:11:20.639-0300] {dag.py:3954} INFO - Setting next_dagrun for example_task_group_decorator to 2025-04-27 00:00:00+00:00, run_after=2025-04-28 00:00:00+00:00
[2025-04-27T23:11:20.660-0300] {processor.py:183} INFO - Processing /home/facuvega/Descargas/crypto-etl-airflow/airflow-apache/lib/python3.11/site-packages/airflow/example_dags/example_task_group_decorator.py took 0.099 seconds
[2025-04-27T23:11:59.739-0300] {processor.py:161} INFO - Started process (PID=56021) to work on /home/facuvega/Descargas/crypto-etl-airflow/airflow-apache/lib/python3.11/site-packages/airflow/example_dags/example_task_group_decorator.py
[2025-04-27T23:11:59.741-0300] {processor.py:830} INFO - Processing file /home/facuvega/Descargas/crypto-etl-airflow/airflow-apache/lib/python3.11/site-packages/airflow/example_dags/example_task_group_decorator.py for tasks to queue
[2025-04-27T23:11:59.744-0300] {logging_mixin.py:188} INFO - [2025-04-27T23:11:59.743-0300] {dagbag.py:540} INFO - Filling up the DagBag from /home/facuvega/Descargas/crypto-etl-airflow/airflow-apache/lib/python3.11/site-packages/airflow/example_dags/example_task_group_decorator.py
[2025-04-27T23:11:59.763-0300] {processor.py:840} INFO - DAG(s) 'example_task_group_decorator' retrieved from /home/facuvega/Descargas/crypto-etl-airflow/airflow-apache/lib/python3.11/site-packages/airflow/example_dags/example_task_group_decorator.py
[2025-04-27T23:11:59.783-0300] {logging_mixin.py:188} INFO - [2025-04-27T23:11:59.783-0300] {dag.py:3096} INFO - Sync 1 DAGs
[2025-04-27T23:11:59.801-0300] {logging_mixin.py:188} INFO - [2025-04-27T23:11:59.800-0300] {dag.py:3954} INFO - Setting next_dagrun for example_task_group_decorator to 2025-04-27 00:00:00+00:00, run_after=2025-04-28 00:00:00+00:00
[2025-04-27T23:11:59.819-0300] {processor.py:183} INFO - Processing /home/facuvega/Descargas/crypto-etl-airflow/airflow-apache/lib/python3.11/site-packages/airflow/example_dags/example_task_group_decorator.py took 0.090 seconds
[2025-04-27T23:12:38.617-0300] {processor.py:161} INFO - Started process (PID=56198) to work on /home/facuvega/Descargas/crypto-etl-airflow/airflow-apache/lib/python3.11/site-packages/airflow/example_dags/example_task_group_decorator.py
[2025-04-27T23:12:38.618-0300] {processor.py:830} INFO - Processing file /home/facuvega/Descargas/crypto-etl-airflow/airflow-apache/lib/python3.11/site-packages/airflow/example_dags/example_task_group_decorator.py for tasks to queue
[2025-04-27T23:12:38.622-0300] {logging_mixin.py:188} INFO - [2025-04-27T23:12:38.622-0300] {dagbag.py:540} INFO - Filling up the DagBag from /home/facuvega/Descargas/crypto-etl-airflow/airflow-apache/lib/python3.11/site-packages/airflow/example_dags/example_task_group_decorator.py
[2025-04-27T23:12:38.641-0300] {processor.py:840} INFO - DAG(s) 'example_task_group_decorator' retrieved from /home/facuvega/Descargas/crypto-etl-airflow/airflow-apache/lib/python3.11/site-packages/airflow/example_dags/example_task_group_decorator.py
[2025-04-27T23:12:38.657-0300] {logging_mixin.py:188} INFO - [2025-04-27T23:12:38.657-0300] {dag.py:3096} INFO - Sync 1 DAGs
[2025-04-27T23:12:38.670-0300] {logging_mixin.py:188} INFO - [2025-04-27T23:12:38.670-0300] {dag.py:3954} INFO - Setting next_dagrun for example_task_group_decorator to 2025-04-27 00:00:00+00:00, run_after=2025-04-28 00:00:00+00:00
[2025-04-27T23:12:38.686-0300] {processor.py:183} INFO - Processing /home/facuvega/Descargas/crypto-etl-airflow/airflow-apache/lib/python3.11/site-packages/airflow/example_dags/example_task_group_decorator.py took 0.074 seconds
[2025-04-27T23:13:17.990-0300] {processor.py:161} INFO - Started process (PID=56403) to work on /home/facuvega/Descargas/crypto-etl-airflow/airflow-apache/lib/python3.11/site-packages/airflow/example_dags/example_task_group_decorator.py
[2025-04-27T23:13:17.991-0300] {processor.py:830} INFO - Processing file /home/facuvega/Descargas/crypto-etl-airflow/airflow-apache/lib/python3.11/site-packages/airflow/example_dags/example_task_group_decorator.py for tasks to queue
[2025-04-27T23:13:17.992-0300] {logging_mixin.py:188} INFO - [2025-04-27T23:13:17.992-0300] {dagbag.py:540} INFO - Filling up the DagBag from /home/facuvega/Descargas/crypto-etl-airflow/airflow-apache/lib/python3.11/site-packages/airflow/example_dags/example_task_group_decorator.py
[2025-04-27T23:13:18.003-0300] {processor.py:840} INFO - DAG(s) 'example_task_group_decorator' retrieved from /home/facuvega/Descargas/crypto-etl-airflow/airflow-apache/lib/python3.11/site-packages/airflow/example_dags/example_task_group_decorator.py
[2025-04-27T23:13:18.017-0300] {logging_mixin.py:188} INFO - [2025-04-27T23:13:18.017-0300] {dag.py:3096} INFO - Sync 1 DAGs
[2025-04-27T23:13:18.029-0300] {logging_mixin.py:188} INFO - [2025-04-27T23:13:18.029-0300] {dag.py:3954} INFO - Setting next_dagrun for example_task_group_decorator to 2025-04-27 00:00:00+00:00, run_after=2025-04-28 00:00:00+00:00
[2025-04-27T23:13:18.043-0300] {processor.py:183} INFO - Processing /home/facuvega/Descargas/crypto-etl-airflow/airflow-apache/lib/python3.11/site-packages/airflow/example_dags/example_task_group_decorator.py took 0.058 seconds
[2025-04-27T23:13:58.765-0300] {processor.py:161} INFO - Started process (PID=56595) to work on /home/facuvega/Descargas/crypto-etl-airflow/airflow-apache/lib/python3.11/site-packages/airflow/example_dags/example_task_group_decorator.py
[2025-04-27T23:13:58.768-0300] {processor.py:830} INFO - Processing file /home/facuvega/Descargas/crypto-etl-airflow/airflow-apache/lib/python3.11/site-packages/airflow/example_dags/example_task_group_decorator.py for tasks to queue
[2025-04-27T23:13:58.771-0300] {logging_mixin.py:188} INFO - [2025-04-27T23:13:58.769-0300] {dagbag.py:540} INFO - Filling up the DagBag from /home/facuvega/Descargas/crypto-etl-airflow/airflow-apache/lib/python3.11/site-packages/airflow/example_dags/example_task_group_decorator.py
[2025-04-27T23:13:58.799-0300] {processor.py:840} INFO - DAG(s) 'example_task_group_decorator' retrieved from /home/facuvega/Descargas/crypto-etl-airflow/airflow-apache/lib/python3.11/site-packages/airflow/example_dags/example_task_group_decorator.py
[2025-04-27T23:13:58.825-0300] {logging_mixin.py:188} INFO - [2025-04-27T23:13:58.825-0300] {dag.py:3096} INFO - Sync 1 DAGs
[2025-04-27T23:13:58.853-0300] {logging_mixin.py:188} INFO - [2025-04-27T23:13:58.853-0300] {dag.py:3954} INFO - Setting next_dagrun for example_task_group_decorator to 2025-04-27 00:00:00+00:00, run_after=2025-04-28 00:00:00+00:00
[2025-04-27T23:13:58.899-0300] {processor.py:183} INFO - Processing /home/facuvega/Descargas/crypto-etl-airflow/airflow-apache/lib/python3.11/site-packages/airflow/example_dags/example_task_group_decorator.py took 0.148 seconds
[2025-04-27T23:14:46.268-0300] {processor.py:161} INFO - Started process (PID=56808) to work on /home/facuvega/Descargas/crypto-etl-airflow/airflow-apache/lib/python3.11/site-packages/airflow/example_dags/example_task_group_decorator.py
[2025-04-27T23:14:46.269-0300] {processor.py:830} INFO - Processing file /home/facuvega/Descargas/crypto-etl-airflow/airflow-apache/lib/python3.11/site-packages/airflow/example_dags/example_task_group_decorator.py for tasks to queue
[2025-04-27T23:14:46.270-0300] {logging_mixin.py:188} INFO - [2025-04-27T23:14:46.270-0300] {dagbag.py:540} INFO - Filling up the DagBag from /home/facuvega/Descargas/crypto-etl-airflow/airflow-apache/lib/python3.11/site-packages/airflow/example_dags/example_task_group_decorator.py
[2025-04-27T23:14:46.283-0300] {processor.py:840} INFO - DAG(s) 'example_task_group_decorator' retrieved from /home/facuvega/Descargas/crypto-etl-airflow/airflow-apache/lib/python3.11/site-packages/airflow/example_dags/example_task_group_decorator.py
[2025-04-27T23:14:46.299-0300] {logging_mixin.py:188} INFO - [2025-04-27T23:14:46.299-0300] {dag.py:3096} INFO - Sync 1 DAGs
[2025-04-27T23:14:46.314-0300] {logging_mixin.py:188} INFO - [2025-04-27T23:14:46.313-0300] {dag.py:3954} INFO - Setting next_dagrun for example_task_group_decorator to 2025-04-27 00:00:00+00:00, run_after=2025-04-28 00:00:00+00:00
[2025-04-27T23:14:46.327-0300] {processor.py:183} INFO - Processing /home/facuvega/Descargas/crypto-etl-airflow/airflow-apache/lib/python3.11/site-packages/airflow/example_dags/example_task_group_decorator.py took 0.065 seconds
[2025-04-27T23:15:26.698-0300] {processor.py:161} INFO - Started process (PID=57024) to work on /home/facuvega/Descargas/crypto-etl-airflow/airflow-apache/lib/python3.11/site-packages/airflow/example_dags/example_task_group_decorator.py
[2025-04-27T23:15:26.699-0300] {processor.py:830} INFO - Processing file /home/facuvega/Descargas/crypto-etl-airflow/airflow-apache/lib/python3.11/site-packages/airflow/example_dags/example_task_group_decorator.py for tasks to queue
[2025-04-27T23:15:26.701-0300] {logging_mixin.py:188} INFO - [2025-04-27T23:15:26.700-0300] {dagbag.py:540} INFO - Filling up the DagBag from /home/facuvega/Descargas/crypto-etl-airflow/airflow-apache/lib/python3.11/site-packages/airflow/example_dags/example_task_group_decorator.py
[2025-04-27T23:15:26.712-0300] {processor.py:840} INFO - DAG(s) 'example_task_group_decorator' retrieved from /home/facuvega/Descargas/crypto-etl-airflow/airflow-apache/lib/python3.11/site-packages/airflow/example_dags/example_task_group_decorator.py
[2025-04-27T23:15:26.727-0300] {logging_mixin.py:188} INFO - [2025-04-27T23:15:26.727-0300] {dag.py:3096} INFO - Sync 1 DAGs
[2025-04-27T23:15:26.739-0300] {logging_mixin.py:188} INFO - [2025-04-27T23:15:26.739-0300] {dag.py:3954} INFO - Setting next_dagrun for example_task_group_decorator to 2025-04-27 00:00:00+00:00, run_after=2025-04-28 00:00:00+00:00
[2025-04-27T23:15:26.752-0300] {processor.py:183} INFO - Processing /home/facuvega/Descargas/crypto-etl-airflow/airflow-apache/lib/python3.11/site-packages/airflow/example_dags/example_task_group_decorator.py took 0.058 seconds
[2025-04-27T23:16:05.114-0300] {processor.py:161} INFO - Started process (PID=57227) to work on /home/facuvega/Descargas/crypto-etl-airflow/airflow-apache/lib/python3.11/site-packages/airflow/example_dags/example_task_group_decorator.py
[2025-04-27T23:16:05.115-0300] {processor.py:830} INFO - Processing file /home/facuvega/Descargas/crypto-etl-airflow/airflow-apache/lib/python3.11/site-packages/airflow/example_dags/example_task_group_decorator.py for tasks to queue
[2025-04-27T23:16:05.116-0300] {logging_mixin.py:188} INFO - [2025-04-27T23:16:05.116-0300] {dagbag.py:540} INFO - Filling up the DagBag from /home/facuvega/Descargas/crypto-etl-airflow/airflow-apache/lib/python3.11/site-packages/airflow/example_dags/example_task_group_decorator.py
[2025-04-27T23:16:05.129-0300] {processor.py:840} INFO - DAG(s) 'example_task_group_decorator' retrieved from /home/facuvega/Descargas/crypto-etl-airflow/airflow-apache/lib/python3.11/site-packages/airflow/example_dags/example_task_group_decorator.py
[2025-04-27T23:16:05.152-0300] {logging_mixin.py:188} INFO - [2025-04-27T23:16:05.151-0300] {dag.py:3096} INFO - Sync 1 DAGs
[2025-04-27T23:16:05.166-0300] {logging_mixin.py:188} INFO - [2025-04-27T23:16:05.166-0300] {dag.py:3954} INFO - Setting next_dagrun for example_task_group_decorator to 2025-04-27 00:00:00+00:00, run_after=2025-04-28 00:00:00+00:00
[2025-04-27T23:16:05.187-0300] {processor.py:183} INFO - Processing /home/facuvega/Descargas/crypto-etl-airflow/airflow-apache/lib/python3.11/site-packages/airflow/example_dags/example_task_group_decorator.py took 0.082 seconds
[2025-04-27T23:16:44.111-0300] {processor.py:161} INFO - Started process (PID=57422) to work on /home/facuvega/Descargas/crypto-etl-airflow/airflow-apache/lib/python3.11/site-packages/airflow/example_dags/example_task_group_decorator.py
[2025-04-27T23:16:44.114-0300] {processor.py:830} INFO - Processing file /home/facuvega/Descargas/crypto-etl-airflow/airflow-apache/lib/python3.11/site-packages/airflow/example_dags/example_task_group_decorator.py for tasks to queue
[2025-04-27T23:16:44.116-0300] {logging_mixin.py:188} INFO - [2025-04-27T23:16:44.115-0300] {dagbag.py:540} INFO - Filling up the DagBag from /home/facuvega/Descargas/crypto-etl-airflow/airflow-apache/lib/python3.11/site-packages/airflow/example_dags/example_task_group_decorator.py
[2025-04-27T23:16:44.130-0300] {processor.py:840} INFO - DAG(s) 'example_task_group_decorator' retrieved from /home/facuvega/Descargas/crypto-etl-airflow/airflow-apache/lib/python3.11/site-packages/airflow/example_dags/example_task_group_decorator.py
[2025-04-27T23:16:44.145-0300] {logging_mixin.py:188} INFO - [2025-04-27T23:16:44.145-0300] {dag.py:3096} INFO - Sync 1 DAGs
[2025-04-27T23:16:44.160-0300] {logging_mixin.py:188} INFO - [2025-04-27T23:16:44.159-0300] {dag.py:3954} INFO - Setting next_dagrun for example_task_group_decorator to 2025-04-27 00:00:00+00:00, run_after=2025-04-28 00:00:00+00:00
[2025-04-27T23:16:44.173-0300] {processor.py:183} INFO - Processing /home/facuvega/Descargas/crypto-etl-airflow/airflow-apache/lib/python3.11/site-packages/airflow/example_dags/example_task_group_decorator.py took 0.069 seconds
[2025-04-27T23:17:26.368-0300] {processor.py:161} INFO - Started process (PID=57673) to work on /home/facuvega/Descargas/crypto-etl-airflow/airflow-apache/lib/python3.11/site-packages/airflow/example_dags/example_task_group_decorator.py
[2025-04-27T23:17:26.369-0300] {processor.py:830} INFO - Processing file /home/facuvega/Descargas/crypto-etl-airflow/airflow-apache/lib/python3.11/site-packages/airflow/example_dags/example_task_group_decorator.py for tasks to queue
[2025-04-27T23:17:26.371-0300] {logging_mixin.py:188} INFO - [2025-04-27T23:17:26.371-0300] {dagbag.py:540} INFO - Filling up the DagBag from /home/facuvega/Descargas/crypto-etl-airflow/airflow-apache/lib/python3.11/site-packages/airflow/example_dags/example_task_group_decorator.py
[2025-04-27T23:17:26.386-0300] {processor.py:840} INFO - DAG(s) 'example_task_group_decorator' retrieved from /home/facuvega/Descargas/crypto-etl-airflow/airflow-apache/lib/python3.11/site-packages/airflow/example_dags/example_task_group_decorator.py
[2025-04-27T23:17:26.408-0300] {logging_mixin.py:188} INFO - [2025-04-27T23:17:26.408-0300] {dag.py:3096} INFO - Sync 1 DAGs
[2025-04-27T23:17:26.429-0300] {logging_mixin.py:188} INFO - [2025-04-27T23:17:26.428-0300] {dag.py:3954} INFO - Setting next_dagrun for example_task_group_decorator to 2025-04-27 00:00:00+00:00, run_after=2025-04-28 00:00:00+00:00
[2025-04-27T23:17:26.452-0300] {processor.py:183} INFO - Processing /home/facuvega/Descargas/crypto-etl-airflow/airflow-apache/lib/python3.11/site-packages/airflow/example_dags/example_task_group_decorator.py took 0.090 seconds
[2025-04-27T23:18:12.107-0300] {processor.py:161} INFO - Started process (PID=58009) to work on /home/facuvega/Descargas/crypto-etl-airflow/airflow-apache/lib/python3.11/site-packages/airflow/example_dags/example_task_group_decorator.py
[2025-04-27T23:18:12.108-0300] {processor.py:830} INFO - Processing file /home/facuvega/Descargas/crypto-etl-airflow/airflow-apache/lib/python3.11/site-packages/airflow/example_dags/example_task_group_decorator.py for tasks to queue
[2025-04-27T23:18:12.109-0300] {logging_mixin.py:188} INFO - [2025-04-27T23:18:12.109-0300] {dagbag.py:540} INFO - Filling up the DagBag from /home/facuvega/Descargas/crypto-etl-airflow/airflow-apache/lib/python3.11/site-packages/airflow/example_dags/example_task_group_decorator.py
[2025-04-27T23:18:12.121-0300] {processor.py:840} INFO - DAG(s) 'example_task_group_decorator' retrieved from /home/facuvega/Descargas/crypto-etl-airflow/airflow-apache/lib/python3.11/site-packages/airflow/example_dags/example_task_group_decorator.py
[2025-04-27T23:18:12.140-0300] {logging_mixin.py:188} INFO - [2025-04-27T23:18:12.139-0300] {dag.py:3096} INFO - Sync 1 DAGs
[2025-04-27T23:18:12.154-0300] {logging_mixin.py:188} INFO - [2025-04-27T23:18:12.154-0300] {dag.py:3954} INFO - Setting next_dagrun for example_task_group_decorator to 2025-04-27 00:00:00+00:00, run_after=2025-04-28 00:00:00+00:00
[2025-04-27T23:18:12.166-0300] {processor.py:183} INFO - Processing /home/facuvega/Descargas/crypto-etl-airflow/airflow-apache/lib/python3.11/site-packages/airflow/example_dags/example_task_group_decorator.py took 0.065 seconds
