[2025-04-27T23:01:01.924-0300] {processor.py:161} INFO - Started process (PID=51920) to work on /home/facuvega/Descargas/crypto-etl-airflow/airflow-apache/lib/python3.11/site-packages/airflow/example_dags/example_local_kubernetes_executor.py
[2025-04-27T23:01:01.924-0300] {processor.py:830} INFO - Processing file /home/facuvega/Descargas/crypto-etl-airflow/airflow-apache/lib/python3.11/site-packages/airflow/example_dags/example_local_kubernetes_executor.py for tasks to queue
[2025-04-27T23:01:01.926-0300] {logging_mixin.py:188} INFO - [2025-04-27T23:01:01.926-0300] {dagbag.py:540} INFO - Filling up the DagBag from /home/facuvega/Descargas/crypto-etl-airflow/airflow-apache/lib/python3.11/site-packages/airflow/example_dags/example_local_kubernetes_executor.py
[2025-04-27T23:01:01.933-0300] {processor.py:840} INFO - DAG(s) 'example_local_kubernetes_executor' retrieved from /home/facuvega/Descargas/crypto-etl-airflow/airflow-apache/lib/python3.11/site-packages/airflow/example_dags/example_local_kubernetes_executor.py
[2025-04-27T23:01:02.041-0300] {logging_mixin.py:188} INFO - [2025-04-27T23:01:02.040-0300] {dag.py:3096} INFO - Sync 1 DAGs
[2025-04-27T23:01:02.049-0300] {logging_mixin.py:188} INFO - [2025-04-27T23:01:02.048-0300] {dag.py:3954} INFO - Setting next_dagrun for example_local_kubernetes_executor to None, run_after=None
[2025-04-27T23:01:02.067-0300] {processor.py:183} INFO - Processing /home/facuvega/Descargas/crypto-etl-airflow/airflow-apache/lib/python3.11/site-packages/airflow/example_dags/example_local_kubernetes_executor.py took 0.149 seconds
[2025-04-27T23:05:58.153-0300] {processor.py:161} INFO - Started process (PID=53995) to work on /home/facuvega/Descargas/crypto-etl-airflow/airflow-apache/lib/python3.11/site-packages/airflow/example_dags/example_local_kubernetes_executor.py
[2025-04-27T23:05:58.154-0300] {processor.py:830} INFO - Processing file /home/facuvega/Descargas/crypto-etl-airflow/airflow-apache/lib/python3.11/site-packages/airflow/example_dags/example_local_kubernetes_executor.py for tasks to queue
[2025-04-27T23:05:58.156-0300] {logging_mixin.py:188} INFO - [2025-04-27T23:05:58.155-0300] {dagbag.py:540} INFO - Filling up the DagBag from /home/facuvega/Descargas/crypto-etl-airflow/airflow-apache/lib/python3.11/site-packages/airflow/example_dags/example_local_kubernetes_executor.py
[2025-04-27T23:05:58.162-0300] {processor.py:840} INFO - DAG(s) 'example_local_kubernetes_executor' retrieved from /home/facuvega/Descargas/crypto-etl-airflow/airflow-apache/lib/python3.11/site-packages/airflow/example_dags/example_local_kubernetes_executor.py
[2025-04-27T23:05:58.192-0300] {logging_mixin.py:188} INFO - [2025-04-27T23:05:58.192-0300] {dag.py:3096} INFO - Sync 1 DAGs
[2025-04-27T23:05:58.203-0300] {logging_mixin.py:188} INFO - [2025-04-27T23:05:58.203-0300] {dag.py:3954} INFO - Setting next_dagrun for example_local_kubernetes_executor to None, run_after=None
[2025-04-27T23:05:58.222-0300] {processor.py:183} INFO - Processing /home/facuvega/Descargas/crypto-etl-airflow/airflow-apache/lib/python3.11/site-packages/airflow/example_dags/example_local_kubernetes_executor.py took 0.074 seconds
[2025-04-27T23:06:48.203-0300] {processor.py:161} INFO - Started process (PID=54405) to work on /home/facuvega/Descargas/crypto-etl-airflow/airflow-apache/lib/python3.11/site-packages/airflow/example_dags/example_local_kubernetes_executor.py
[2025-04-27T23:06:48.204-0300] {processor.py:830} INFO - Processing file /home/facuvega/Descargas/crypto-etl-airflow/airflow-apache/lib/python3.11/site-packages/airflow/example_dags/example_local_kubernetes_executor.py for tasks to queue
[2025-04-27T23:06:48.205-0300] {logging_mixin.py:188} INFO - [2025-04-27T23:06:48.205-0300] {dagbag.py:540} INFO - Filling up the DagBag from /home/facuvega/Descargas/crypto-etl-airflow/airflow-apache/lib/python3.11/site-packages/airflow/example_dags/example_local_kubernetes_executor.py
[2025-04-27T23:06:48.211-0300] {processor.py:840} INFO - DAG(s) 'example_local_kubernetes_executor' retrieved from /home/facuvega/Descargas/crypto-etl-airflow/airflow-apache/lib/python3.11/site-packages/airflow/example_dags/example_local_kubernetes_executor.py
[2025-04-27T23:06:48.237-0300] {logging_mixin.py:188} INFO - [2025-04-27T23:06:48.236-0300] {dag.py:3096} INFO - Sync 1 DAGs
[2025-04-27T23:06:48.246-0300] {logging_mixin.py:188} INFO - [2025-04-27T23:06:48.245-0300] {dag.py:3954} INFO - Setting next_dagrun for example_local_kubernetes_executor to None, run_after=None
[2025-04-27T23:06:48.261-0300] {processor.py:183} INFO - Processing /home/facuvega/Descargas/crypto-etl-airflow/airflow-apache/lib/python3.11/site-packages/airflow/example_dags/example_local_kubernetes_executor.py took 0.063 seconds
[2025-04-27T23:07:48.459-0300] {processor.py:161} INFO - Started process (PID=54683) to work on /home/facuvega/Descargas/crypto-etl-airflow/airflow-apache/lib/python3.11/site-packages/airflow/example_dags/example_local_kubernetes_executor.py
[2025-04-27T23:07:48.460-0300] {processor.py:830} INFO - Processing file /home/facuvega/Descargas/crypto-etl-airflow/airflow-apache/lib/python3.11/site-packages/airflow/example_dags/example_local_kubernetes_executor.py for tasks to queue
[2025-04-27T23:07:48.461-0300] {logging_mixin.py:188} INFO - [2025-04-27T23:07:48.461-0300] {dagbag.py:540} INFO - Filling up the DagBag from /home/facuvega/Descargas/crypto-etl-airflow/airflow-apache/lib/python3.11/site-packages/airflow/example_dags/example_local_kubernetes_executor.py
[2025-04-27T23:07:48.468-0300] {processor.py:840} INFO - DAG(s) 'example_local_kubernetes_executor' retrieved from /home/facuvega/Descargas/crypto-etl-airflow/airflow-apache/lib/python3.11/site-packages/airflow/example_dags/example_local_kubernetes_executor.py
[2025-04-27T23:07:48.489-0300] {logging_mixin.py:188} INFO - [2025-04-27T23:07:48.489-0300] {dag.py:3096} INFO - Sync 1 DAGs
[2025-04-27T23:07:48.498-0300] {logging_mixin.py:188} INFO - [2025-04-27T23:07:48.498-0300] {dag.py:3954} INFO - Setting next_dagrun for example_local_kubernetes_executor to None, run_after=None
[2025-04-27T23:07:48.511-0300] {processor.py:183} INFO - Processing /home/facuvega/Descargas/crypto-etl-airflow/airflow-apache/lib/python3.11/site-packages/airflow/example_dags/example_local_kubernetes_executor.py took 0.056 seconds
[2025-04-27T23:08:50.893-0300] {processor.py:161} INFO - Started process (PID=54956) to work on /home/facuvega/Descargas/crypto-etl-airflow/airflow-apache/lib/python3.11/site-packages/airflow/example_dags/example_local_kubernetes_executor.py
[2025-04-27T23:08:50.894-0300] {processor.py:830} INFO - Processing file /home/facuvega/Descargas/crypto-etl-airflow/airflow-apache/lib/python3.11/site-packages/airflow/example_dags/example_local_kubernetes_executor.py for tasks to queue
[2025-04-27T23:08:50.895-0300] {logging_mixin.py:188} INFO - [2025-04-27T23:08:50.895-0300] {dagbag.py:540} INFO - Filling up the DagBag from /home/facuvega/Descargas/crypto-etl-airflow/airflow-apache/lib/python3.11/site-packages/airflow/example_dags/example_local_kubernetes_executor.py
[2025-04-27T23:08:50.902-0300] {processor.py:840} INFO - DAG(s) 'example_local_kubernetes_executor' retrieved from /home/facuvega/Descargas/crypto-etl-airflow/airflow-apache/lib/python3.11/site-packages/airflow/example_dags/example_local_kubernetes_executor.py
[2025-04-27T23:08:50.924-0300] {logging_mixin.py:188} INFO - [2025-04-27T23:08:50.924-0300] {dag.py:3096} INFO - Sync 1 DAGs
[2025-04-27T23:08:50.932-0300] {logging_mixin.py:188} INFO - [2025-04-27T23:08:50.932-0300] {dag.py:3954} INFO - Setting next_dagrun for example_local_kubernetes_executor to None, run_after=None
[2025-04-27T23:08:50.946-0300] {processor.py:183} INFO - Processing /home/facuvega/Descargas/crypto-etl-airflow/airflow-apache/lib/python3.11/site-packages/airflow/example_dags/example_local_kubernetes_executor.py took 0.058 seconds
[2025-04-27T23:09:52.994-0300] {processor.py:161} INFO - Started process (PID=55237) to work on /home/facuvega/Descargas/crypto-etl-airflow/airflow-apache/lib/python3.11/site-packages/airflow/example_dags/example_local_kubernetes_executor.py
[2025-04-27T23:09:52.995-0300] {processor.py:830} INFO - Processing file /home/facuvega/Descargas/crypto-etl-airflow/airflow-apache/lib/python3.11/site-packages/airflow/example_dags/example_local_kubernetes_executor.py for tasks to queue
[2025-04-27T23:09:52.998-0300] {logging_mixin.py:188} INFO - [2025-04-27T23:09:52.997-0300] {dagbag.py:540} INFO - Filling up the DagBag from /home/facuvega/Descargas/crypto-etl-airflow/airflow-apache/lib/python3.11/site-packages/airflow/example_dags/example_local_kubernetes_executor.py
[2025-04-27T23:09:53.006-0300] {processor.py:840} INFO - DAG(s) 'example_local_kubernetes_executor' retrieved from /home/facuvega/Descargas/crypto-etl-airflow/airflow-apache/lib/python3.11/site-packages/airflow/example_dags/example_local_kubernetes_executor.py
[2025-04-27T23:09:53.041-0300] {logging_mixin.py:188} INFO - [2025-04-27T23:09:53.041-0300] {dag.py:3096} INFO - Sync 1 DAGs
[2025-04-27T23:09:53.049-0300] {logging_mixin.py:188} INFO - [2025-04-27T23:09:53.049-0300] {dag.py:3954} INFO - Setting next_dagrun for example_local_kubernetes_executor to None, run_after=None
[2025-04-27T23:09:53.062-0300] {processor.py:183} INFO - Processing /home/facuvega/Descargas/crypto-etl-airflow/airflow-apache/lib/python3.11/site-packages/airflow/example_dags/example_local_kubernetes_executor.py took 0.073 seconds
[2025-04-27T23:10:52.881-0300] {processor.py:161} INFO - Started process (PID=55670) to work on /home/facuvega/Descargas/crypto-etl-airflow/airflow-apache/lib/python3.11/site-packages/airflow/example_dags/example_local_kubernetes_executor.py
[2025-04-27T23:10:52.882-0300] {processor.py:830} INFO - Processing file /home/facuvega/Descargas/crypto-etl-airflow/airflow-apache/lib/python3.11/site-packages/airflow/example_dags/example_local_kubernetes_executor.py for tasks to queue
[2025-04-27T23:10:52.884-0300] {logging_mixin.py:188} INFO - [2025-04-27T23:10:52.883-0300] {dagbag.py:540} INFO - Filling up the DagBag from /home/facuvega/Descargas/crypto-etl-airflow/airflow-apache/lib/python3.11/site-packages/airflow/example_dags/example_local_kubernetes_executor.py
[2025-04-27T23:10:52.890-0300] {processor.py:840} INFO - DAG(s) 'example_local_kubernetes_executor' retrieved from /home/facuvega/Descargas/crypto-etl-airflow/airflow-apache/lib/python3.11/site-packages/airflow/example_dags/example_local_kubernetes_executor.py
[2025-04-27T23:10:52.913-0300] {logging_mixin.py:188} INFO - [2025-04-27T23:10:52.913-0300] {dag.py:3096} INFO - Sync 1 DAGs
[2025-04-27T23:10:52.921-0300] {logging_mixin.py:188} INFO - [2025-04-27T23:10:52.921-0300] {dag.py:3954} INFO - Setting next_dagrun for example_local_kubernetes_executor to None, run_after=None
[2025-04-27T23:10:52.934-0300] {processor.py:183} INFO - Processing /home/facuvega/Descargas/crypto-etl-airflow/airflow-apache/lib/python3.11/site-packages/airflow/example_dags/example_local_kubernetes_executor.py took 0.057 seconds
[2025-04-27T23:11:52.106-0300] {processor.py:161} INFO - Started process (PID=55992) to work on /home/facuvega/Descargas/crypto-etl-airflow/airflow-apache/lib/python3.11/site-packages/airflow/example_dags/example_local_kubernetes_executor.py
[2025-04-27T23:11:52.107-0300] {processor.py:830} INFO - Processing file /home/facuvega/Descargas/crypto-etl-airflow/airflow-apache/lib/python3.11/site-packages/airflow/example_dags/example_local_kubernetes_executor.py for tasks to queue
[2025-04-27T23:11:52.110-0300] {logging_mixin.py:188} INFO - [2025-04-27T23:11:52.109-0300] {dagbag.py:540} INFO - Filling up the DagBag from /home/facuvega/Descargas/crypto-etl-airflow/airflow-apache/lib/python3.11/site-packages/airflow/example_dags/example_local_kubernetes_executor.py
[2025-04-27T23:11:52.119-0300] {processor.py:840} INFO - DAG(s) 'example_local_kubernetes_executor' retrieved from /home/facuvega/Descargas/crypto-etl-airflow/airflow-apache/lib/python3.11/site-packages/airflow/example_dags/example_local_kubernetes_executor.py
[2025-04-27T23:11:52.160-0300] {logging_mixin.py:188} INFO - [2025-04-27T23:11:52.160-0300] {dag.py:3096} INFO - Sync 1 DAGs
[2025-04-27T23:11:52.174-0300] {logging_mixin.py:188} INFO - [2025-04-27T23:11:52.174-0300] {dag.py:3954} INFO - Setting next_dagrun for example_local_kubernetes_executor to None, run_after=None
[2025-04-27T23:11:52.206-0300] {processor.py:183} INFO - Processing /home/facuvega/Descargas/crypto-etl-airflow/airflow-apache/lib/python3.11/site-packages/airflow/example_dags/example_local_kubernetes_executor.py took 0.107 seconds
[2025-04-27T23:12:51.017-0300] {processor.py:161} INFO - Started process (PID=56263) to work on /home/facuvega/Descargas/crypto-etl-airflow/airflow-apache/lib/python3.11/site-packages/airflow/example_dags/example_local_kubernetes_executor.py
[2025-04-27T23:12:51.018-0300] {processor.py:830} INFO - Processing file /home/facuvega/Descargas/crypto-etl-airflow/airflow-apache/lib/python3.11/site-packages/airflow/example_dags/example_local_kubernetes_executor.py for tasks to queue
[2025-04-27T23:12:51.019-0300] {logging_mixin.py:188} INFO - [2025-04-27T23:12:51.019-0300] {dagbag.py:540} INFO - Filling up the DagBag from /home/facuvega/Descargas/crypto-etl-airflow/airflow-apache/lib/python3.11/site-packages/airflow/example_dags/example_local_kubernetes_executor.py
[2025-04-27T23:12:51.026-0300] {processor.py:840} INFO - DAG(s) 'example_local_kubernetes_executor' retrieved from /home/facuvega/Descargas/crypto-etl-airflow/airflow-apache/lib/python3.11/site-packages/airflow/example_dags/example_local_kubernetes_executor.py
[2025-04-27T23:12:51.053-0300] {logging_mixin.py:188} INFO - [2025-04-27T23:12:51.053-0300] {dag.py:3096} INFO - Sync 1 DAGs
[2025-04-27T23:12:51.061-0300] {logging_mixin.py:188} INFO - [2025-04-27T23:12:51.061-0300] {dag.py:3954} INFO - Setting next_dagrun for example_local_kubernetes_executor to None, run_after=None
[2025-04-27T23:12:51.076-0300] {processor.py:183} INFO - Processing /home/facuvega/Descargas/crypto-etl-airflow/airflow-apache/lib/python3.11/site-packages/airflow/example_dags/example_local_kubernetes_executor.py took 0.064 seconds
[2025-04-27T23:13:50.661-0300] {processor.py:161} INFO - Started process (PID=56561) to work on /home/facuvega/Descargas/crypto-etl-airflow/airflow-apache/lib/python3.11/site-packages/airflow/example_dags/example_local_kubernetes_executor.py
[2025-04-27T23:13:50.663-0300] {processor.py:830} INFO - Processing file /home/facuvega/Descargas/crypto-etl-airflow/airflow-apache/lib/python3.11/site-packages/airflow/example_dags/example_local_kubernetes_executor.py for tasks to queue
[2025-04-27T23:13:50.665-0300] {logging_mixin.py:188} INFO - [2025-04-27T23:13:50.664-0300] {dagbag.py:540} INFO - Filling up the DagBag from /home/facuvega/Descargas/crypto-etl-airflow/airflow-apache/lib/python3.11/site-packages/airflow/example_dags/example_local_kubernetes_executor.py
[2025-04-27T23:13:50.681-0300] {processor.py:840} INFO - DAG(s) 'example_local_kubernetes_executor' retrieved from /home/facuvega/Descargas/crypto-etl-airflow/airflow-apache/lib/python3.11/site-packages/airflow/example_dags/example_local_kubernetes_executor.py
[2025-04-27T23:13:50.741-0300] {logging_mixin.py:188} INFO - [2025-04-27T23:13:50.740-0300] {dag.py:3096} INFO - Sync 1 DAGs
[2025-04-27T23:13:50.769-0300] {logging_mixin.py:188} INFO - [2025-04-27T23:13:50.769-0300] {dag.py:3954} INFO - Setting next_dagrun for example_local_kubernetes_executor to None, run_after=None
[2025-04-27T23:13:50.804-0300] {processor.py:183} INFO - Processing /home/facuvega/Descargas/crypto-etl-airflow/airflow-apache/lib/python3.11/site-packages/airflow/example_dags/example_local_kubernetes_executor.py took 0.156 seconds
[2025-04-27T23:14:58.674-0300] {processor.py:161} INFO - Started process (PID=56861) to work on /home/facuvega/Descargas/crypto-etl-airflow/airflow-apache/lib/python3.11/site-packages/airflow/example_dags/example_local_kubernetes_executor.py
[2025-04-27T23:14:58.675-0300] {processor.py:830} INFO - Processing file /home/facuvega/Descargas/crypto-etl-airflow/airflow-apache/lib/python3.11/site-packages/airflow/example_dags/example_local_kubernetes_executor.py for tasks to queue
[2025-04-27T23:14:58.677-0300] {logging_mixin.py:188} INFO - [2025-04-27T23:14:58.677-0300] {dagbag.py:540} INFO - Filling up the DagBag from /home/facuvega/Descargas/crypto-etl-airflow/airflow-apache/lib/python3.11/site-packages/airflow/example_dags/example_local_kubernetes_executor.py
[2025-04-27T23:14:58.683-0300] {processor.py:840} INFO - DAG(s) 'example_local_kubernetes_executor' retrieved from /home/facuvega/Descargas/crypto-etl-airflow/airflow-apache/lib/python3.11/site-packages/airflow/example_dags/example_local_kubernetes_executor.py
[2025-04-27T23:14:58.706-0300] {logging_mixin.py:188} INFO - [2025-04-27T23:14:58.706-0300] {dag.py:3096} INFO - Sync 1 DAGs
[2025-04-27T23:14:58.714-0300] {logging_mixin.py:188} INFO - [2025-04-27T23:14:58.714-0300] {dag.py:3954} INFO - Setting next_dagrun for example_local_kubernetes_executor to None, run_after=None
[2025-04-27T23:14:58.726-0300] {processor.py:183} INFO - Processing /home/facuvega/Descargas/crypto-etl-airflow/airflow-apache/lib/python3.11/site-packages/airflow/example_dags/example_local_kubernetes_executor.py took 0.057 seconds
[2025-04-27T23:15:53.269-0300] {processor.py:161} INFO - Started process (PID=57170) to work on /home/facuvega/Descargas/crypto-etl-airflow/airflow-apache/lib/python3.11/site-packages/airflow/example_dags/example_local_kubernetes_executor.py
[2025-04-27T23:15:53.270-0300] {processor.py:830} INFO - Processing file /home/facuvega/Descargas/crypto-etl-airflow/airflow-apache/lib/python3.11/site-packages/airflow/example_dags/example_local_kubernetes_executor.py for tasks to queue
[2025-04-27T23:15:53.272-0300] {logging_mixin.py:188} INFO - [2025-04-27T23:15:53.271-0300] {dagbag.py:540} INFO - Filling up the DagBag from /home/facuvega/Descargas/crypto-etl-airflow/airflow-apache/lib/python3.11/site-packages/airflow/example_dags/example_local_kubernetes_executor.py
[2025-04-27T23:15:53.278-0300] {processor.py:840} INFO - DAG(s) 'example_local_kubernetes_executor' retrieved from /home/facuvega/Descargas/crypto-etl-airflow/airflow-apache/lib/python3.11/site-packages/airflow/example_dags/example_local_kubernetes_executor.py
[2025-04-27T23:15:53.302-0300] {logging_mixin.py:188} INFO - [2025-04-27T23:15:53.302-0300] {dag.py:3096} INFO - Sync 1 DAGs
[2025-04-27T23:15:53.312-0300] {logging_mixin.py:188} INFO - [2025-04-27T23:15:53.312-0300] {dag.py:3954} INFO - Setting next_dagrun for example_local_kubernetes_executor to None, run_after=None
[2025-04-27T23:15:53.325-0300] {processor.py:183} INFO - Processing /home/facuvega/Descargas/crypto-etl-airflow/airflow-apache/lib/python3.11/site-packages/airflow/example_dags/example_local_kubernetes_executor.py took 0.061 seconds
[2025-04-27T23:16:52.807-0300] {processor.py:161} INFO - Started process (PID=57482) to work on /home/facuvega/Descargas/crypto-etl-airflow/airflow-apache/lib/python3.11/site-packages/airflow/example_dags/example_local_kubernetes_executor.py
[2025-04-27T23:16:52.808-0300] {processor.py:830} INFO - Processing file /home/facuvega/Descargas/crypto-etl-airflow/airflow-apache/lib/python3.11/site-packages/airflow/example_dags/example_local_kubernetes_executor.py for tasks to queue
[2025-04-27T23:16:52.810-0300] {logging_mixin.py:188} INFO - [2025-04-27T23:16:52.809-0300] {dagbag.py:540} INFO - Filling up the DagBag from /home/facuvega/Descargas/crypto-etl-airflow/airflow-apache/lib/python3.11/site-packages/airflow/example_dags/example_local_kubernetes_executor.py
[2025-04-27T23:16:52.817-0300] {processor.py:840} INFO - DAG(s) 'example_local_kubernetes_executor' retrieved from /home/facuvega/Descargas/crypto-etl-airflow/airflow-apache/lib/python3.11/site-packages/airflow/example_dags/example_local_kubernetes_executor.py
[2025-04-27T23:16:52.848-0300] {logging_mixin.py:188} INFO - [2025-04-27T23:16:52.848-0300] {dag.py:3096} INFO - Sync 1 DAGs
[2025-04-27T23:16:52.860-0300] {logging_mixin.py:188} INFO - [2025-04-27T23:16:52.860-0300] {dag.py:3954} INFO - Setting next_dagrun for example_local_kubernetes_executor to None, run_after=None
[2025-04-27T23:16:52.873-0300] {processor.py:183} INFO - Processing /home/facuvega/Descargas/crypto-etl-airflow/airflow-apache/lib/python3.11/site-packages/airflow/example_dags/example_local_kubernetes_executor.py took 0.071 seconds
[2025-04-27T23:17:59.250-0300] {processor.py:161} INFO - Started process (PID=57883) to work on /home/facuvega/Descargas/crypto-etl-airflow/airflow-apache/lib/python3.11/site-packages/airflow/example_dags/example_local_kubernetes_executor.py
[2025-04-27T23:17:59.253-0300] {processor.py:830} INFO - Processing file /home/facuvega/Descargas/crypto-etl-airflow/airflow-apache/lib/python3.11/site-packages/airflow/example_dags/example_local_kubernetes_executor.py for tasks to queue
[2025-04-27T23:17:59.256-0300] {logging_mixin.py:188} INFO - [2025-04-27T23:17:59.255-0300] {dagbag.py:540} INFO - Filling up the DagBag from /home/facuvega/Descargas/crypto-etl-airflow/airflow-apache/lib/python3.11/site-packages/airflow/example_dags/example_local_kubernetes_executor.py
[2025-04-27T23:17:59.272-0300] {processor.py:840} INFO - DAG(s) 'example_local_kubernetes_executor' retrieved from /home/facuvega/Descargas/crypto-etl-airflow/airflow-apache/lib/python3.11/site-packages/airflow/example_dags/example_local_kubernetes_executor.py
[2025-04-27T23:17:59.303-0300] {logging_mixin.py:188} INFO - [2025-04-27T23:17:59.303-0300] {dag.py:3096} INFO - Sync 1 DAGs
[2025-04-27T23:17:59.320-0300] {logging_mixin.py:188} INFO - [2025-04-27T23:17:59.319-0300] {dag.py:3954} INFO - Setting next_dagrun for example_local_kubernetes_executor to None, run_after=None
[2025-04-27T23:17:59.343-0300] {processor.py:183} INFO - Processing /home/facuvega/Descargas/crypto-etl-airflow/airflow-apache/lib/python3.11/site-packages/airflow/example_dags/example_local_kubernetes_executor.py took 0.098 seconds
