[2025-04-27T23:00:50.420-0300] {processor.py:161} INFO - Started process (PID=51867) to work on /home/facuvega/Descargas/crypto-etl-airflow/airflow-apache/lib/python3.11/site-packages/airflow/example_dags/example_params_ui_tutorial.py
[2025-04-27T23:00:50.422-0300] {processor.py:830} INFO - Processing file /home/facuvega/Descargas/crypto-etl-airflow/airflow-apache/lib/python3.11/site-packages/airflow/example_dags/example_params_ui_tutorial.py for tasks to queue
[2025-04-27T23:00:50.424-0300] {logging_mixin.py:188} INFO - [2025-04-27T23:00:50.424-0300] {dagbag.py:540} INFO - Filling up the DagBag from /home/facuvega/Descargas/crypto-etl-airflow/airflow-apache/lib/python3.11/site-packages/airflow/example_dags/example_params_ui_tutorial.py
[2025-04-27T23:00:50.437-0300] {processor.py:840} INFO - DAG(s) 'example_params_ui_tutorial' retrieved from /home/facuvega/Descargas/crypto-etl-airflow/airflow-apache/lib/python3.11/site-packages/airflow/example_dags/example_params_ui_tutorial.py
[2025-04-27T23:00:50.544-0300] {logging_mixin.py:188} INFO - [2025-04-27T23:00:50.544-0300] {dag.py:3096} INFO - Sync 1 DAGs
[2025-04-27T23:00:50.554-0300] {logging_mixin.py:188} INFO - [2025-04-27T23:00:50.554-0300] {dag.py:3954} INFO - Setting next_dagrun for example_params_ui_tutorial to None, run_after=None
[2025-04-27T23:00:50.572-0300] {processor.py:183} INFO - Processing /home/facuvega/Descargas/crypto-etl-airflow/airflow-apache/lib/python3.11/site-packages/airflow/example_dags/example_params_ui_tutorial.py took 0.159 seconds
[2025-04-27T23:05:47.864-0300] {processor.py:161} INFO - Started process (PID=53950) to work on /home/facuvega/Descargas/crypto-etl-airflow/airflow-apache/lib/python3.11/site-packages/airflow/example_dags/example_params_ui_tutorial.py
[2025-04-27T23:05:47.865-0300] {processor.py:830} INFO - Processing file /home/facuvega/Descargas/crypto-etl-airflow/airflow-apache/lib/python3.11/site-packages/airflow/example_dags/example_params_ui_tutorial.py for tasks to queue
[2025-04-27T23:05:47.867-0300] {logging_mixin.py:188} INFO - [2025-04-27T23:05:47.867-0300] {dagbag.py:540} INFO - Filling up the DagBag from /home/facuvega/Descargas/crypto-etl-airflow/airflow-apache/lib/python3.11/site-packages/airflow/example_dags/example_params_ui_tutorial.py
[2025-04-27T23:05:47.877-0300] {processor.py:840} INFO - DAG(s) 'example_params_ui_tutorial' retrieved from /home/facuvega/Descargas/crypto-etl-airflow/airflow-apache/lib/python3.11/site-packages/airflow/example_dags/example_params_ui_tutorial.py
[2025-04-27T23:05:47.906-0300] {logging_mixin.py:188} INFO - [2025-04-27T23:05:47.906-0300] {dag.py:3096} INFO - Sync 1 DAGs
[2025-04-27T23:05:47.915-0300] {logging_mixin.py:188} INFO - [2025-04-27T23:05:47.915-0300] {dag.py:3954} INFO - Setting next_dagrun for example_params_ui_tutorial to None, run_after=None
[2025-04-27T23:05:47.929-0300] {processor.py:183} INFO - Processing /home/facuvega/Descargas/crypto-etl-airflow/airflow-apache/lib/python3.11/site-packages/airflow/example_dags/example_params_ui_tutorial.py took 0.069 seconds
[2025-04-27T23:06:39.206-0300] {processor.py:161} INFO - Started process (PID=54306) to work on /home/facuvega/Descargas/crypto-etl-airflow/airflow-apache/lib/python3.11/site-packages/airflow/example_dags/example_params_ui_tutorial.py
[2025-04-27T23:06:39.207-0300] {processor.py:830} INFO - Processing file /home/facuvega/Descargas/crypto-etl-airflow/airflow-apache/lib/python3.11/site-packages/airflow/example_dags/example_params_ui_tutorial.py for tasks to queue
[2025-04-27T23:06:39.209-0300] {logging_mixin.py:188} INFO - [2025-04-27T23:06:39.209-0300] {dagbag.py:540} INFO - Filling up the DagBag from /home/facuvega/Descargas/crypto-etl-airflow/airflow-apache/lib/python3.11/site-packages/airflow/example_dags/example_params_ui_tutorial.py
[2025-04-27T23:06:39.232-0300] {processor.py:840} INFO - DAG(s) 'example_params_ui_tutorial' retrieved from /home/facuvega/Descargas/crypto-etl-airflow/airflow-apache/lib/python3.11/site-packages/airflow/example_dags/example_params_ui_tutorial.py
[2025-04-27T23:06:39.298-0300] {logging_mixin.py:188} INFO - [2025-04-27T23:06:39.297-0300] {dag.py:3096} INFO - Sync 1 DAGs
[2025-04-27T23:06:39.338-0300] {logging_mixin.py:188} INFO - [2025-04-27T23:06:39.337-0300] {dag.py:3954} INFO - Setting next_dagrun for example_params_ui_tutorial to None, run_after=None
[2025-04-27T23:06:39.371-0300] {processor.py:183} INFO - Processing /home/facuvega/Descargas/crypto-etl-airflow/airflow-apache/lib/python3.11/site-packages/airflow/example_dags/example_params_ui_tutorial.py took 0.170 seconds
[2025-04-27T23:07:28.287-0300] {processor.py:161} INFO - Started process (PID=54588) to work on /home/facuvega/Descargas/crypto-etl-airflow/airflow-apache/lib/python3.11/site-packages/airflow/example_dags/example_params_ui_tutorial.py
[2025-04-27T23:07:28.288-0300] {processor.py:830} INFO - Processing file /home/facuvega/Descargas/crypto-etl-airflow/airflow-apache/lib/python3.11/site-packages/airflow/example_dags/example_params_ui_tutorial.py for tasks to queue
[2025-04-27T23:07:28.290-0300] {logging_mixin.py:188} INFO - [2025-04-27T23:07:28.289-0300] {dagbag.py:540} INFO - Filling up the DagBag from /home/facuvega/Descargas/crypto-etl-airflow/airflow-apache/lib/python3.11/site-packages/airflow/example_dags/example_params_ui_tutorial.py
[2025-04-27T23:07:28.300-0300] {processor.py:840} INFO - DAG(s) 'example_params_ui_tutorial' retrieved from /home/facuvega/Descargas/crypto-etl-airflow/airflow-apache/lib/python3.11/site-packages/airflow/example_dags/example_params_ui_tutorial.py
[2025-04-27T23:07:28.328-0300] {logging_mixin.py:188} INFO - [2025-04-27T23:07:28.328-0300] {dag.py:3096} INFO - Sync 1 DAGs
[2025-04-27T23:07:28.340-0300] {logging_mixin.py:188} INFO - [2025-04-27T23:07:28.340-0300] {dag.py:3954} INFO - Setting next_dagrun for example_params_ui_tutorial to None, run_after=None
[2025-04-27T23:07:28.355-0300] {processor.py:183} INFO - Processing /home/facuvega/Descargas/crypto-etl-airflow/airflow-apache/lib/python3.11/site-packages/airflow/example_dags/example_params_ui_tutorial.py took 0.073 seconds
[2025-04-27T23:08:28.667-0300] {processor.py:161} INFO - Started process (PID=54855) to work on /home/facuvega/Descargas/crypto-etl-airflow/airflow-apache/lib/python3.11/site-packages/airflow/example_dags/example_params_ui_tutorial.py
[2025-04-27T23:08:28.668-0300] {processor.py:830} INFO - Processing file /home/facuvega/Descargas/crypto-etl-airflow/airflow-apache/lib/python3.11/site-packages/airflow/example_dags/example_params_ui_tutorial.py for tasks to queue
[2025-04-27T23:08:28.671-0300] {logging_mixin.py:188} INFO - [2025-04-27T23:08:28.670-0300] {dagbag.py:540} INFO - Filling up the DagBag from /home/facuvega/Descargas/crypto-etl-airflow/airflow-apache/lib/python3.11/site-packages/airflow/example_dags/example_params_ui_tutorial.py
[2025-04-27T23:08:28.682-0300] {processor.py:840} INFO - DAG(s) 'example_params_ui_tutorial' retrieved from /home/facuvega/Descargas/crypto-etl-airflow/airflow-apache/lib/python3.11/site-packages/airflow/example_dags/example_params_ui_tutorial.py
[2025-04-27T23:08:28.719-0300] {logging_mixin.py:188} INFO - [2025-04-27T23:08:28.719-0300] {dag.py:3096} INFO - Sync 1 DAGs
[2025-04-27T23:08:28.729-0300] {logging_mixin.py:188} INFO - [2025-04-27T23:08:28.728-0300] {dag.py:3954} INFO - Setting next_dagrun for example_params_ui_tutorial to None, run_after=None
[2025-04-27T23:08:28.746-0300] {processor.py:183} INFO - Processing /home/facuvega/Descargas/crypto-etl-airflow/airflow-apache/lib/python3.11/site-packages/airflow/example_dags/example_params_ui_tutorial.py took 0.087 seconds
[2025-04-27T23:09:30.507-0300] {processor.py:161} INFO - Started process (PID=55134) to work on /home/facuvega/Descargas/crypto-etl-airflow/airflow-apache/lib/python3.11/site-packages/airflow/example_dags/example_params_ui_tutorial.py
[2025-04-27T23:09:30.508-0300] {processor.py:830} INFO - Processing file /home/facuvega/Descargas/crypto-etl-airflow/airflow-apache/lib/python3.11/site-packages/airflow/example_dags/example_params_ui_tutorial.py for tasks to queue
[2025-04-27T23:09:30.509-0300] {logging_mixin.py:188} INFO - [2025-04-27T23:09:30.509-0300] {dagbag.py:540} INFO - Filling up the DagBag from /home/facuvega/Descargas/crypto-etl-airflow/airflow-apache/lib/python3.11/site-packages/airflow/example_dags/example_params_ui_tutorial.py
[2025-04-27T23:09:30.519-0300] {processor.py:840} INFO - DAG(s) 'example_params_ui_tutorial' retrieved from /home/facuvega/Descargas/crypto-etl-airflow/airflow-apache/lib/python3.11/site-packages/airflow/example_dags/example_params_ui_tutorial.py
[2025-04-27T23:09:30.547-0300] {logging_mixin.py:188} INFO - [2025-04-27T23:09:30.547-0300] {dag.py:3096} INFO - Sync 1 DAGs
[2025-04-27T23:09:30.555-0300] {logging_mixin.py:188} INFO - [2025-04-27T23:09:30.555-0300] {dag.py:3954} INFO - Setting next_dagrun for example_params_ui_tutorial to None, run_after=None
[2025-04-27T23:09:30.568-0300] {processor.py:183} INFO - Processing /home/facuvega/Descargas/crypto-etl-airflow/airflow-apache/lib/python3.11/site-packages/airflow/example_dags/example_params_ui_tutorial.py took 0.066 seconds
[2025-04-27T23:10:30.581-0300] {processor.py:161} INFO - Started process (PID=55475) to work on /home/facuvega/Descargas/crypto-etl-airflow/airflow-apache/lib/python3.11/site-packages/airflow/example_dags/example_params_ui_tutorial.py
[2025-04-27T23:10:30.582-0300] {processor.py:830} INFO - Processing file /home/facuvega/Descargas/crypto-etl-airflow/airflow-apache/lib/python3.11/site-packages/airflow/example_dags/example_params_ui_tutorial.py for tasks to queue
[2025-04-27T23:10:30.584-0300] {logging_mixin.py:188} INFO - [2025-04-27T23:10:30.583-0300] {dagbag.py:540} INFO - Filling up the DagBag from /home/facuvega/Descargas/crypto-etl-airflow/airflow-apache/lib/python3.11/site-packages/airflow/example_dags/example_params_ui_tutorial.py
[2025-04-27T23:10:30.593-0300] {processor.py:840} INFO - DAG(s) 'example_params_ui_tutorial' retrieved from /home/facuvega/Descargas/crypto-etl-airflow/airflow-apache/lib/python3.11/site-packages/airflow/example_dags/example_params_ui_tutorial.py
[2025-04-27T23:10:30.629-0300] {logging_mixin.py:188} INFO - [2025-04-27T23:10:30.629-0300] {dag.py:3096} INFO - Sync 1 DAGs
[2025-04-27T23:10:30.638-0300] {logging_mixin.py:188} INFO - [2025-04-27T23:10:30.638-0300] {dag.py:3954} INFO - Setting next_dagrun for example_params_ui_tutorial to None, run_after=None
[2025-04-27T23:10:30.653-0300] {processor.py:183} INFO - Processing /home/facuvega/Descargas/crypto-etl-airflow/airflow-apache/lib/python3.11/site-packages/airflow/example_dags/example_params_ui_tutorial.py took 0.077 seconds
[2025-04-27T23:11:29.853-0300] {processor.py:161} INFO - Started process (PID=55877) to work on /home/facuvega/Descargas/crypto-etl-airflow/airflow-apache/lib/python3.11/site-packages/airflow/example_dags/example_params_ui_tutorial.py
[2025-04-27T23:11:29.854-0300] {processor.py:830} INFO - Processing file /home/facuvega/Descargas/crypto-etl-airflow/airflow-apache/lib/python3.11/site-packages/airflow/example_dags/example_params_ui_tutorial.py for tasks to queue
[2025-04-27T23:11:29.855-0300] {logging_mixin.py:188} INFO - [2025-04-27T23:11:29.855-0300] {dagbag.py:540} INFO - Filling up the DagBag from /home/facuvega/Descargas/crypto-etl-airflow/airflow-apache/lib/python3.11/site-packages/airflow/example_dags/example_params_ui_tutorial.py
[2025-04-27T23:11:29.865-0300] {processor.py:840} INFO - DAG(s) 'example_params_ui_tutorial' retrieved from /home/facuvega/Descargas/crypto-etl-airflow/airflow-apache/lib/python3.11/site-packages/airflow/example_dags/example_params_ui_tutorial.py
[2025-04-27T23:11:29.893-0300] {logging_mixin.py:188} INFO - [2025-04-27T23:11:29.892-0300] {dag.py:3096} INFO - Sync 1 DAGs
[2025-04-27T23:11:29.900-0300] {logging_mixin.py:188} INFO - [2025-04-27T23:11:29.900-0300] {dag.py:3954} INFO - Setting next_dagrun for example_params_ui_tutorial to None, run_after=None
[2025-04-27T23:11:29.912-0300] {processor.py:183} INFO - Processing /home/facuvega/Descargas/crypto-etl-airflow/airflow-apache/lib/python3.11/site-packages/airflow/example_dags/example_params_ui_tutorial.py took 0.065 seconds
[2025-04-27T23:12:28.032-0300] {processor.py:161} INFO - Started process (PID=56150) to work on /home/facuvega/Descargas/crypto-etl-airflow/airflow-apache/lib/python3.11/site-packages/airflow/example_dags/example_params_ui_tutorial.py
[2025-04-27T23:12:28.033-0300] {processor.py:830} INFO - Processing file /home/facuvega/Descargas/crypto-etl-airflow/airflow-apache/lib/python3.11/site-packages/airflow/example_dags/example_params_ui_tutorial.py for tasks to queue
[2025-04-27T23:12:28.035-0300] {logging_mixin.py:188} INFO - [2025-04-27T23:12:28.035-0300] {dagbag.py:540} INFO - Filling up the DagBag from /home/facuvega/Descargas/crypto-etl-airflow/airflow-apache/lib/python3.11/site-packages/airflow/example_dags/example_params_ui_tutorial.py
[2025-04-27T23:12:28.047-0300] {processor.py:840} INFO - DAG(s) 'example_params_ui_tutorial' retrieved from /home/facuvega/Descargas/crypto-etl-airflow/airflow-apache/lib/python3.11/site-packages/airflow/example_dags/example_params_ui_tutorial.py
[2025-04-27T23:12:28.094-0300] {logging_mixin.py:188} INFO - [2025-04-27T23:12:28.094-0300] {dag.py:3096} INFO - Sync 1 DAGs
[2025-04-27T23:12:28.109-0300] {logging_mixin.py:188} INFO - [2025-04-27T23:12:28.108-0300] {dag.py:3954} INFO - Setting next_dagrun for example_params_ui_tutorial to None, run_after=None
[2025-04-27T23:12:28.131-0300] {processor.py:183} INFO - Processing /home/facuvega/Descargas/crypto-etl-airflow/airflow-apache/lib/python3.11/site-packages/airflow/example_dags/example_params_ui_tutorial.py took 0.105 seconds
[2025-04-27T23:13:27.240-0300] {processor.py:161} INFO - Started process (PID=56445) to work on /home/facuvega/Descargas/crypto-etl-airflow/airflow-apache/lib/python3.11/site-packages/airflow/example_dags/example_params_ui_tutorial.py
[2025-04-27T23:13:27.243-0300] {processor.py:830} INFO - Processing file /home/facuvega/Descargas/crypto-etl-airflow/airflow-apache/lib/python3.11/site-packages/airflow/example_dags/example_params_ui_tutorial.py for tasks to queue
[2025-04-27T23:13:27.251-0300] {logging_mixin.py:188} INFO - [2025-04-27T23:13:27.250-0300] {dagbag.py:540} INFO - Filling up the DagBag from /home/facuvega/Descargas/crypto-etl-airflow/airflow-apache/lib/python3.11/site-packages/airflow/example_dags/example_params_ui_tutorial.py
[2025-04-27T23:13:27.280-0300] {processor.py:840} INFO - DAG(s) 'example_params_ui_tutorial' retrieved from /home/facuvega/Descargas/crypto-etl-airflow/airflow-apache/lib/python3.11/site-packages/airflow/example_dags/example_params_ui_tutorial.py
[2025-04-27T23:13:27.323-0300] {logging_mixin.py:188} INFO - [2025-04-27T23:13:27.323-0300] {dag.py:3096} INFO - Sync 1 DAGs
[2025-04-27T23:13:27.334-0300] {logging_mixin.py:188} INFO - [2025-04-27T23:13:27.334-0300] {dag.py:3954} INFO - Setting next_dagrun for example_params_ui_tutorial to None, run_after=None
[2025-04-27T23:13:27.350-0300] {processor.py:183} INFO - Processing /home/facuvega/Descargas/crypto-etl-airflow/airflow-apache/lib/python3.11/site-packages/airflow/example_dags/example_params_ui_tutorial.py took 0.129 seconds
[2025-04-27T23:14:33.823-0300] {processor.py:161} INFO - Started process (PID=56749) to work on /home/facuvega/Descargas/crypto-etl-airflow/airflow-apache/lib/python3.11/site-packages/airflow/example_dags/example_params_ui_tutorial.py
[2025-04-27T23:14:33.824-0300] {processor.py:830} INFO - Processing file /home/facuvega/Descargas/crypto-etl-airflow/airflow-apache/lib/python3.11/site-packages/airflow/example_dags/example_params_ui_tutorial.py for tasks to queue
[2025-04-27T23:14:33.828-0300] {logging_mixin.py:188} INFO - [2025-04-27T23:14:33.826-0300] {dagbag.py:540} INFO - Filling up the DagBag from /home/facuvega/Descargas/crypto-etl-airflow/airflow-apache/lib/python3.11/site-packages/airflow/example_dags/example_params_ui_tutorial.py
[2025-04-27T23:14:33.867-0300] {processor.py:840} INFO - DAG(s) 'example_params_ui_tutorial' retrieved from /home/facuvega/Descargas/crypto-etl-airflow/airflow-apache/lib/python3.11/site-packages/airflow/example_dags/example_params_ui_tutorial.py
[2025-04-27T23:14:33.958-0300] {logging_mixin.py:188} INFO - [2025-04-27T23:14:33.957-0300] {dag.py:3096} INFO - Sync 1 DAGs
[2025-04-27T23:14:33.980-0300] {logging_mixin.py:188} INFO - [2025-04-27T23:14:33.980-0300] {dag.py:3954} INFO - Setting next_dagrun for example_params_ui_tutorial to None, run_after=None
[2025-04-27T23:14:34.023-0300] {processor.py:183} INFO - Processing /home/facuvega/Descargas/crypto-etl-airflow/airflow-apache/lib/python3.11/site-packages/airflow/example_dags/example_params_ui_tutorial.py took 0.217 seconds
[2025-04-27T23:15:16.886-0300] {processor.py:161} INFO - Started process (PID=56948) to work on /home/facuvega/Descargas/crypto-etl-airflow/airflow-apache/lib/python3.11/site-packages/airflow/example_dags/example_params_ui_tutorial.py
[2025-04-27T23:15:16.887-0300] {processor.py:830} INFO - Processing file /home/facuvega/Descargas/crypto-etl-airflow/airflow-apache/lib/python3.11/site-packages/airflow/example_dags/example_params_ui_tutorial.py for tasks to queue
[2025-04-27T23:15:16.888-0300] {logging_mixin.py:188} INFO - [2025-04-27T23:15:16.888-0300] {dagbag.py:540} INFO - Filling up the DagBag from /home/facuvega/Descargas/crypto-etl-airflow/airflow-apache/lib/python3.11/site-packages/airflow/example_dags/example_params_ui_tutorial.py
[2025-04-27T23:15:16.898-0300] {processor.py:840} INFO - DAG(s) 'example_params_ui_tutorial' retrieved from /home/facuvega/Descargas/crypto-etl-airflow/airflow-apache/lib/python3.11/site-packages/airflow/example_dags/example_params_ui_tutorial.py
[2025-04-27T23:15:16.924-0300] {logging_mixin.py:188} INFO - [2025-04-27T23:15:16.924-0300] {dag.py:3096} INFO - Sync 1 DAGs
[2025-04-27T23:15:16.932-0300] {logging_mixin.py:188} INFO - [2025-04-27T23:15:16.932-0300] {dag.py:3954} INFO - Setting next_dagrun for example_params_ui_tutorial to None, run_after=None
[2025-04-27T23:15:16.944-0300] {processor.py:183} INFO - Processing /home/facuvega/Descargas/crypto-etl-airflow/airflow-apache/lib/python3.11/site-packages/airflow/example_dags/example_params_ui_tutorial.py took 0.064 seconds
[2025-04-27T23:16:11.869-0300] {processor.py:161} INFO - Started process (PID=57256) to work on /home/facuvega/Descargas/crypto-etl-airflow/airflow-apache/lib/python3.11/site-packages/airflow/example_dags/example_params_ui_tutorial.py
[2025-04-27T23:16:11.870-0300] {processor.py:830} INFO - Processing file /home/facuvega/Descargas/crypto-etl-airflow/airflow-apache/lib/python3.11/site-packages/airflow/example_dags/example_params_ui_tutorial.py for tasks to queue
[2025-04-27T23:16:11.871-0300] {logging_mixin.py:188} INFO - [2025-04-27T23:16:11.871-0300] {dagbag.py:540} INFO - Filling up the DagBag from /home/facuvega/Descargas/crypto-etl-airflow/airflow-apache/lib/python3.11/site-packages/airflow/example_dags/example_params_ui_tutorial.py
[2025-04-27T23:16:11.883-0300] {processor.py:840} INFO - DAG(s) 'example_params_ui_tutorial' retrieved from /home/facuvega/Descargas/crypto-etl-airflow/airflow-apache/lib/python3.11/site-packages/airflow/example_dags/example_params_ui_tutorial.py
[2025-04-27T23:16:11.916-0300] {logging_mixin.py:188} INFO - [2025-04-27T23:16:11.916-0300] {dag.py:3096} INFO - Sync 1 DAGs
[2025-04-27T23:16:11.929-0300] {logging_mixin.py:188} INFO - [2025-04-27T23:16:11.929-0300] {dag.py:3954} INFO - Setting next_dagrun for example_params_ui_tutorial to None, run_after=None
[2025-04-27T23:16:11.945-0300] {processor.py:183} INFO - Processing /home/facuvega/Descargas/crypto-etl-airflow/airflow-apache/lib/python3.11/site-packages/airflow/example_dags/example_params_ui_tutorial.py took 0.081 seconds
[2025-04-27T23:17:12.231-0300] {processor.py:161} INFO - Started process (PID=57575) to work on /home/facuvega/Descargas/crypto-etl-airflow/airflow-apache/lib/python3.11/site-packages/airflow/example_dags/example_params_ui_tutorial.py
[2025-04-27T23:17:12.233-0300] {processor.py:830} INFO - Processing file /home/facuvega/Descargas/crypto-etl-airflow/airflow-apache/lib/python3.11/site-packages/airflow/example_dags/example_params_ui_tutorial.py for tasks to queue
[2025-04-27T23:17:12.239-0300] {logging_mixin.py:188} INFO - [2025-04-27T23:17:12.239-0300] {dagbag.py:540} INFO - Filling up the DagBag from /home/facuvega/Descargas/crypto-etl-airflow/airflow-apache/lib/python3.11/site-packages/airflow/example_dags/example_params_ui_tutorial.py
[2025-04-27T23:17:12.266-0300] {processor.py:840} INFO - DAG(s) 'example_params_ui_tutorial' retrieved from /home/facuvega/Descargas/crypto-etl-airflow/airflow-apache/lib/python3.11/site-packages/airflow/example_dags/example_params_ui_tutorial.py
[2025-04-27T23:17:12.334-0300] {logging_mixin.py:188} INFO - [2025-04-27T23:17:12.333-0300] {dag.py:3096} INFO - Sync 1 DAGs
[2025-04-27T23:17:12.355-0300] {logging_mixin.py:188} INFO - [2025-04-27T23:17:12.355-0300] {dag.py:3954} INFO - Setting next_dagrun for example_params_ui_tutorial to None, run_after=None
[2025-04-27T23:17:12.391-0300] {processor.py:183} INFO - Processing /home/facuvega/Descargas/crypto-etl-airflow/airflow-apache/lib/python3.11/site-packages/airflow/example_dags/example_params_ui_tutorial.py took 0.174 seconds
[2025-04-27T23:17:57.398-0300] {processor.py:161} INFO - Started process (PID=57874) to work on /home/facuvega/Descargas/crypto-etl-airflow/airflow-apache/lib/python3.11/site-packages/airflow/example_dags/example_params_ui_tutorial.py
[2025-04-27T23:17:57.399-0300] {processor.py:830} INFO - Processing file /home/facuvega/Descargas/crypto-etl-airflow/airflow-apache/lib/python3.11/site-packages/airflow/example_dags/example_params_ui_tutorial.py for tasks to queue
[2025-04-27T23:17:57.401-0300] {logging_mixin.py:188} INFO - [2025-04-27T23:17:57.400-0300] {dagbag.py:540} INFO - Filling up the DagBag from /home/facuvega/Descargas/crypto-etl-airflow/airflow-apache/lib/python3.11/site-packages/airflow/example_dags/example_params_ui_tutorial.py
[2025-04-27T23:17:57.411-0300] {processor.py:840} INFO - DAG(s) 'example_params_ui_tutorial' retrieved from /home/facuvega/Descargas/crypto-etl-airflow/airflow-apache/lib/python3.11/site-packages/airflow/example_dags/example_params_ui_tutorial.py
[2025-04-27T23:17:57.441-0300] {logging_mixin.py:188} INFO - [2025-04-27T23:17:57.440-0300] {dag.py:3096} INFO - Sync 1 DAGs
[2025-04-27T23:17:57.449-0300] {logging_mixin.py:188} INFO - [2025-04-27T23:17:57.449-0300] {dag.py:3954} INFO - Setting next_dagrun for example_params_ui_tutorial to None, run_after=None
[2025-04-27T23:17:57.465-0300] {processor.py:183} INFO - Processing /home/facuvega/Descargas/crypto-etl-airflow/airflow-apache/lib/python3.11/site-packages/airflow/example_dags/example_params_ui_tutorial.py took 0.072 seconds
[2025-04-27T23:18:44.270-0300] {processor.py:161} INFO - Started process (PID=58172) to work on /home/facuvega/Descargas/crypto-etl-airflow/airflow-apache/lib/python3.11/site-packages/airflow/example_dags/example_params_ui_tutorial.py
[2025-04-27T23:18:44.271-0300] {processor.py:830} INFO - Processing file /home/facuvega/Descargas/crypto-etl-airflow/airflow-apache/lib/python3.11/site-packages/airflow/example_dags/example_params_ui_tutorial.py for tasks to queue
[2025-04-27T23:18:44.273-0300] {logging_mixin.py:188} INFO - [2025-04-27T23:18:44.272-0300] {dagbag.py:540} INFO - Filling up the DagBag from /home/facuvega/Descargas/crypto-etl-airflow/airflow-apache/lib/python3.11/site-packages/airflow/example_dags/example_params_ui_tutorial.py
[2025-04-27T23:18:44.283-0300] {processor.py:840} INFO - DAG(s) 'example_params_ui_tutorial' retrieved from /home/facuvega/Descargas/crypto-etl-airflow/airflow-apache/lib/python3.11/site-packages/airflow/example_dags/example_params_ui_tutorial.py
[2025-04-27T23:18:44.310-0300] {logging_mixin.py:188} INFO - [2025-04-27T23:18:44.310-0300] {dag.py:3096} INFO - Sync 1 DAGs
[2025-04-27T23:18:44.319-0300] {logging_mixin.py:188} INFO - [2025-04-27T23:18:44.319-0300] {dag.py:3954} INFO - Setting next_dagrun for example_params_ui_tutorial to None, run_after=None
[2025-04-27T23:18:44.333-0300] {processor.py:183} INFO - Processing /home/facuvega/Descargas/crypto-etl-airflow/airflow-apache/lib/python3.11/site-packages/airflow/example_dags/example_params_ui_tutorial.py took 0.067 seconds
