[2025-04-27T23:06:03.308-0300] {processor.py:161} INFO - Started process (PID=54020) to work on /home/facuvega/Descargas/crypto-etl-airflow/airflow-apache/lib/python3.11/site-packages/airflow/example_dags/example_dag_decorator.py
[2025-04-27T23:06:03.309-0300] {processor.py:830} INFO - Processing file /home/facuvega/Descargas/crypto-etl-airflow/airflow-apache/lib/python3.11/site-packages/airflow/example_dags/example_dag_decorator.py for tasks to queue
[2025-04-27T23:06:03.310-0300] {logging_mixin.py:188} INFO - [2025-04-27T23:06:03.310-0300] {dagbag.py:540} INFO - Filling up the DagBag from /home/facuvega/Descargas/crypto-etl-airflow/airflow-apache/lib/python3.11/site-packages/airflow/example_dags/example_dag_decorator.py
[2025-04-27T23:06:03.407-0300] {processor.py:840} INFO - DAG(s) 'example_dag_decorator' retrieved from /home/facuvega/Descargas/crypto-etl-airflow/airflow-apache/lib/python3.11/site-packages/airflow/example_dags/example_dag_decorator.py
[2025-04-27T23:06:03.482-0300] {logging_mixin.py:188} INFO - [2025-04-27T23:06:03.482-0300] {dag.py:3096} INFO - Sync 1 DAGs
[2025-04-27T23:06:03.489-0300] {logging_mixin.py:188} INFO - [2025-04-27T23:06:03.489-0300] {dag.py:3954} INFO - Setting next_dagrun for example_dag_decorator to None, run_after=None
[2025-04-27T23:06:03.506-0300] {processor.py:183} INFO - Processing /home/facuvega/Descargas/crypto-etl-airflow/airflow-apache/lib/python3.11/site-packages/airflow/example_dags/example_dag_decorator.py took 0.203 seconds
[2025-04-27T23:07:05.321-0300] {processor.py:161} INFO - Started process (PID=54479) to work on /home/facuvega/Descargas/crypto-etl-airflow/airflow-apache/lib/python3.11/site-packages/airflow/example_dags/example_dag_decorator.py
[2025-04-27T23:07:05.322-0300] {processor.py:830} INFO - Processing file /home/facuvega/Descargas/crypto-etl-airflow/airflow-apache/lib/python3.11/site-packages/airflow/example_dags/example_dag_decorator.py for tasks to queue
[2025-04-27T23:07:05.324-0300] {logging_mixin.py:188} INFO - [2025-04-27T23:07:05.323-0300] {dagbag.py:540} INFO - Filling up the DagBag from /home/facuvega/Descargas/crypto-etl-airflow/airflow-apache/lib/python3.11/site-packages/airflow/example_dags/example_dag_decorator.py
[2025-04-27T23:07:05.391-0300] {processor.py:840} INFO - DAG(s) 'example_dag_decorator' retrieved from /home/facuvega/Descargas/crypto-etl-airflow/airflow-apache/lib/python3.11/site-packages/airflow/example_dags/example_dag_decorator.py
[2025-04-27T23:07:05.466-0300] {logging_mixin.py:188} INFO - [2025-04-27T23:07:05.466-0300] {dag.py:3096} INFO - Sync 1 DAGs
[2025-04-27T23:07:05.472-0300] {logging_mixin.py:188} INFO - [2025-04-27T23:07:05.472-0300] {dag.py:3954} INFO - Setting next_dagrun for example_dag_decorator to None, run_after=None
[2025-04-27T23:07:05.485-0300] {processor.py:183} INFO - Processing /home/facuvega/Descargas/crypto-etl-airflow/airflow-apache/lib/python3.11/site-packages/airflow/example_dags/example_dag_decorator.py took 0.169 seconds
[2025-04-27T23:08:04.739-0300] {processor.py:161} INFO - Started process (PID=54755) to work on /home/facuvega/Descargas/crypto-etl-airflow/airflow-apache/lib/python3.11/site-packages/airflow/example_dags/example_dag_decorator.py
[2025-04-27T23:08:04.740-0300] {processor.py:830} INFO - Processing file /home/facuvega/Descargas/crypto-etl-airflow/airflow-apache/lib/python3.11/site-packages/airflow/example_dags/example_dag_decorator.py for tasks to queue
[2025-04-27T23:08:04.741-0300] {logging_mixin.py:188} INFO - [2025-04-27T23:08:04.741-0300] {dagbag.py:540} INFO - Filling up the DagBag from /home/facuvega/Descargas/crypto-etl-airflow/airflow-apache/lib/python3.11/site-packages/airflow/example_dags/example_dag_decorator.py
[2025-04-27T23:08:04.825-0300] {processor.py:840} INFO - DAG(s) 'example_dag_decorator' retrieved from /home/facuvega/Descargas/crypto-etl-airflow/airflow-apache/lib/python3.11/site-packages/airflow/example_dags/example_dag_decorator.py
[2025-04-27T23:08:04.901-0300] {logging_mixin.py:188} INFO - [2025-04-27T23:08:04.901-0300] {dag.py:3096} INFO - Sync 1 DAGs
[2025-04-27T23:08:04.907-0300] {logging_mixin.py:188} INFO - [2025-04-27T23:08:04.907-0300] {dag.py:3954} INFO - Setting next_dagrun for example_dag_decorator to None, run_after=None
[2025-04-27T23:08:04.922-0300] {processor.py:183} INFO - Processing /home/facuvega/Descargas/crypto-etl-airflow/airflow-apache/lib/python3.11/site-packages/airflow/example_dags/example_dag_decorator.py took 0.188 seconds
[2025-04-27T23:09:10.229-0300] {processor.py:161} INFO - Started process (PID=55044) to work on /home/facuvega/Descargas/crypto-etl-airflow/airflow-apache/lib/python3.11/site-packages/airflow/example_dags/example_dag_decorator.py
[2025-04-27T23:09:10.230-0300] {processor.py:830} INFO - Processing file /home/facuvega/Descargas/crypto-etl-airflow/airflow-apache/lib/python3.11/site-packages/airflow/example_dags/example_dag_decorator.py for tasks to queue
[2025-04-27T23:09:10.232-0300] {logging_mixin.py:188} INFO - [2025-04-27T23:09:10.231-0300] {dagbag.py:540} INFO - Filling up the DagBag from /home/facuvega/Descargas/crypto-etl-airflow/airflow-apache/lib/python3.11/site-packages/airflow/example_dags/example_dag_decorator.py
[2025-04-27T23:09:10.300-0300] {processor.py:840} INFO - DAG(s) 'example_dag_decorator' retrieved from /home/facuvega/Descargas/crypto-etl-airflow/airflow-apache/lib/python3.11/site-packages/airflow/example_dags/example_dag_decorator.py
[2025-04-27T23:09:10.365-0300] {logging_mixin.py:188} INFO - [2025-04-27T23:09:10.365-0300] {dag.py:3096} INFO - Sync 1 DAGs
[2025-04-27T23:09:10.372-0300] {logging_mixin.py:188} INFO - [2025-04-27T23:09:10.372-0300] {dag.py:3954} INFO - Setting next_dagrun for example_dag_decorator to None, run_after=None
[2025-04-27T23:09:10.384-0300] {processor.py:183} INFO - Processing /home/facuvega/Descargas/crypto-etl-airflow/airflow-apache/lib/python3.11/site-packages/airflow/example_dags/example_dag_decorator.py took 0.160 seconds
[2025-04-27T23:10:09.917-0300] {processor.py:161} INFO - Started process (PID=55357) to work on /home/facuvega/Descargas/crypto-etl-airflow/airflow-apache/lib/python3.11/site-packages/airflow/example_dags/example_dag_decorator.py
[2025-04-27T23:10:09.918-0300] {processor.py:830} INFO - Processing file /home/facuvega/Descargas/crypto-etl-airflow/airflow-apache/lib/python3.11/site-packages/airflow/example_dags/example_dag_decorator.py for tasks to queue
[2025-04-27T23:10:09.920-0300] {logging_mixin.py:188} INFO - [2025-04-27T23:10:09.920-0300] {dagbag.py:540} INFO - Filling up the DagBag from /home/facuvega/Descargas/crypto-etl-airflow/airflow-apache/lib/python3.11/site-packages/airflow/example_dags/example_dag_decorator.py
[2025-04-27T23:10:10.009-0300] {processor.py:840} INFO - DAG(s) 'example_dag_decorator' retrieved from /home/facuvega/Descargas/crypto-etl-airflow/airflow-apache/lib/python3.11/site-packages/airflow/example_dags/example_dag_decorator.py
[2025-04-27T23:10:10.083-0300] {logging_mixin.py:188} INFO - [2025-04-27T23:10:10.083-0300] {dag.py:3096} INFO - Sync 1 DAGs
[2025-04-27T23:10:10.089-0300] {logging_mixin.py:188} INFO - [2025-04-27T23:10:10.089-0300] {dag.py:3954} INFO - Setting next_dagrun for example_dag_decorator to None, run_after=None
[2025-04-27T23:10:10.118-0300] {processor.py:183} INFO - Processing /home/facuvega/Descargas/crypto-etl-airflow/airflow-apache/lib/python3.11/site-packages/airflow/example_dags/example_dag_decorator.py took 0.206 seconds
[2025-04-27T23:11:11.578-0300] {processor.py:161} INFO - Started process (PID=55789) to work on /home/facuvega/Descargas/crypto-etl-airflow/airflow-apache/lib/python3.11/site-packages/airflow/example_dags/example_dag_decorator.py
[2025-04-27T23:11:11.580-0300] {processor.py:830} INFO - Processing file /home/facuvega/Descargas/crypto-etl-airflow/airflow-apache/lib/python3.11/site-packages/airflow/example_dags/example_dag_decorator.py for tasks to queue
[2025-04-27T23:11:11.582-0300] {logging_mixin.py:188} INFO - [2025-04-27T23:11:11.581-0300] {dagbag.py:540} INFO - Filling up the DagBag from /home/facuvega/Descargas/crypto-etl-airflow/airflow-apache/lib/python3.11/site-packages/airflow/example_dags/example_dag_decorator.py
[2025-04-27T23:11:11.671-0300] {processor.py:840} INFO - DAG(s) 'example_dag_decorator' retrieved from /home/facuvega/Descargas/crypto-etl-airflow/airflow-apache/lib/python3.11/site-packages/airflow/example_dags/example_dag_decorator.py
[2025-04-27T23:11:11.753-0300] {logging_mixin.py:188} INFO - [2025-04-27T23:11:11.753-0300] {dag.py:3096} INFO - Sync 1 DAGs
[2025-04-27T23:11:11.760-0300] {logging_mixin.py:188} INFO - [2025-04-27T23:11:11.759-0300] {dag.py:3954} INFO - Setting next_dagrun for example_dag_decorator to None, run_after=None
[2025-04-27T23:11:11.773-0300] {processor.py:183} INFO - Processing /home/facuvega/Descargas/crypto-etl-airflow/airflow-apache/lib/python3.11/site-packages/airflow/example_dags/example_dag_decorator.py took 0.201 seconds
[2025-04-27T23:12:10.019-0300] {processor.py:161} INFO - Started process (PID=56068) to work on /home/facuvega/Descargas/crypto-etl-airflow/airflow-apache/lib/python3.11/site-packages/airflow/example_dags/example_dag_decorator.py
[2025-04-27T23:12:10.020-0300] {processor.py:830} INFO - Processing file /home/facuvega/Descargas/crypto-etl-airflow/airflow-apache/lib/python3.11/site-packages/airflow/example_dags/example_dag_decorator.py for tasks to queue
[2025-04-27T23:12:10.021-0300] {logging_mixin.py:188} INFO - [2025-04-27T23:12:10.021-0300] {dagbag.py:540} INFO - Filling up the DagBag from /home/facuvega/Descargas/crypto-etl-airflow/airflow-apache/lib/python3.11/site-packages/airflow/example_dags/example_dag_decorator.py
[2025-04-27T23:12:10.090-0300] {processor.py:840} INFO - DAG(s) 'example_dag_decorator' retrieved from /home/facuvega/Descargas/crypto-etl-airflow/airflow-apache/lib/python3.11/site-packages/airflow/example_dags/example_dag_decorator.py
[2025-04-27T23:12:10.155-0300] {logging_mixin.py:188} INFO - [2025-04-27T23:12:10.154-0300] {dag.py:3096} INFO - Sync 1 DAGs
[2025-04-27T23:12:10.161-0300] {logging_mixin.py:188} INFO - [2025-04-27T23:12:10.161-0300] {dag.py:3954} INFO - Setting next_dagrun for example_dag_decorator to None, run_after=None
[2025-04-27T23:12:10.174-0300] {processor.py:183} INFO - Processing /home/facuvega/Descargas/crypto-etl-airflow/airflow-apache/lib/python3.11/site-packages/airflow/example_dags/example_dag_decorator.py took 0.160 seconds
[2025-04-27T23:13:08.100-0300] {processor.py:161} INFO - Started process (PID=56345) to work on /home/facuvega/Descargas/crypto-etl-airflow/airflow-apache/lib/python3.11/site-packages/airflow/example_dags/example_dag_decorator.py
[2025-04-27T23:13:08.101-0300] {processor.py:830} INFO - Processing file /home/facuvega/Descargas/crypto-etl-airflow/airflow-apache/lib/python3.11/site-packages/airflow/example_dags/example_dag_decorator.py for tasks to queue
[2025-04-27T23:13:08.102-0300] {logging_mixin.py:188} INFO - [2025-04-27T23:13:08.102-0300] {dagbag.py:540} INFO - Filling up the DagBag from /home/facuvega/Descargas/crypto-etl-airflow/airflow-apache/lib/python3.11/site-packages/airflow/example_dags/example_dag_decorator.py
[2025-04-27T23:13:08.169-0300] {processor.py:840} INFO - DAG(s) 'example_dag_decorator' retrieved from /home/facuvega/Descargas/crypto-etl-airflow/airflow-apache/lib/python3.11/site-packages/airflow/example_dags/example_dag_decorator.py
[2025-04-27T23:13:08.240-0300] {logging_mixin.py:188} INFO - [2025-04-27T23:13:08.240-0300] {dag.py:3096} INFO - Sync 1 DAGs
[2025-04-27T23:13:08.246-0300] {logging_mixin.py:188} INFO - [2025-04-27T23:13:08.246-0300] {dag.py:3954} INFO - Setting next_dagrun for example_dag_decorator to None, run_after=None
[2025-04-27T23:13:08.260-0300] {processor.py:183} INFO - Processing /home/facuvega/Descargas/crypto-etl-airflow/airflow-apache/lib/python3.11/site-packages/airflow/example_dags/example_dag_decorator.py took 0.166 seconds
[2025-04-27T23:14:11.374-0300] {processor.py:161} INFO - Started process (PID=56649) to work on /home/facuvega/Descargas/crypto-etl-airflow/airflow-apache/lib/python3.11/site-packages/airflow/example_dags/example_dag_decorator.py
[2025-04-27T23:14:11.375-0300] {processor.py:830} INFO - Processing file /home/facuvega/Descargas/crypto-etl-airflow/airflow-apache/lib/python3.11/site-packages/airflow/example_dags/example_dag_decorator.py for tasks to queue
[2025-04-27T23:14:11.377-0300] {logging_mixin.py:188} INFO - [2025-04-27T23:14:11.377-0300] {dagbag.py:540} INFO - Filling up the DagBag from /home/facuvega/Descargas/crypto-etl-airflow/airflow-apache/lib/python3.11/site-packages/airflow/example_dags/example_dag_decorator.py
[2025-04-27T23:14:11.478-0300] {processor.py:840} INFO - DAG(s) 'example_dag_decorator' retrieved from /home/facuvega/Descargas/crypto-etl-airflow/airflow-apache/lib/python3.11/site-packages/airflow/example_dags/example_dag_decorator.py
[2025-04-27T23:14:11.611-0300] {logging_mixin.py:188} INFO - [2025-04-27T23:14:11.610-0300] {dag.py:3096} INFO - Sync 1 DAGs
[2025-04-27T23:14:11.620-0300] {logging_mixin.py:188} INFO - [2025-04-27T23:14:11.620-0300] {dag.py:3954} INFO - Setting next_dagrun for example_dag_decorator to None, run_after=None
[2025-04-27T23:14:11.639-0300] {processor.py:183} INFO - Processing /home/facuvega/Descargas/crypto-etl-airflow/airflow-apache/lib/python3.11/site-packages/airflow/example_dags/example_dag_decorator.py took 0.274 seconds
[2025-04-27T23:15:04.365-0300] {processor.py:161} INFO - Started process (PID=56890) to work on /home/facuvega/Descargas/crypto-etl-airflow/airflow-apache/lib/python3.11/site-packages/airflow/example_dags/example_dag_decorator.py
[2025-04-27T23:15:04.366-0300] {processor.py:830} INFO - Processing file /home/facuvega/Descargas/crypto-etl-airflow/airflow-apache/lib/python3.11/site-packages/airflow/example_dags/example_dag_decorator.py for tasks to queue
[2025-04-27T23:15:04.368-0300] {logging_mixin.py:188} INFO - [2025-04-27T23:15:04.367-0300] {dagbag.py:540} INFO - Filling up the DagBag from /home/facuvega/Descargas/crypto-etl-airflow/airflow-apache/lib/python3.11/site-packages/airflow/example_dags/example_dag_decorator.py
[2025-04-27T23:15:04.516-0300] {processor.py:840} INFO - DAG(s) 'example_dag_decorator' retrieved from /home/facuvega/Descargas/crypto-etl-airflow/airflow-apache/lib/python3.11/site-packages/airflow/example_dags/example_dag_decorator.py
[2025-04-27T23:15:04.669-0300] {logging_mixin.py:188} INFO - [2025-04-27T23:15:04.668-0300] {dag.py:3096} INFO - Sync 1 DAGs
[2025-04-27T23:15:04.679-0300] {logging_mixin.py:188} INFO - [2025-04-27T23:15:04.679-0300] {dag.py:3954} INFO - Setting next_dagrun for example_dag_decorator to None, run_after=None
[2025-04-27T23:15:04.706-0300] {processor.py:183} INFO - Processing /home/facuvega/Descargas/crypto-etl-airflow/airflow-apache/lib/python3.11/site-packages/airflow/example_dags/example_dag_decorator.py took 0.347 seconds
[2025-04-27T23:15:57.588-0300] {processor.py:161} INFO - Started process (PID=57191) to work on /home/facuvega/Descargas/crypto-etl-airflow/airflow-apache/lib/python3.11/site-packages/airflow/example_dags/example_dag_decorator.py
[2025-04-27T23:15:57.589-0300] {processor.py:830} INFO - Processing file /home/facuvega/Descargas/crypto-etl-airflow/airflow-apache/lib/python3.11/site-packages/airflow/example_dags/example_dag_decorator.py for tasks to queue
[2025-04-27T23:15:57.590-0300] {logging_mixin.py:188} INFO - [2025-04-27T23:15:57.590-0300] {dagbag.py:540} INFO - Filling up the DagBag from /home/facuvega/Descargas/crypto-etl-airflow/airflow-apache/lib/python3.11/site-packages/airflow/example_dags/example_dag_decorator.py
[2025-04-27T23:15:57.656-0300] {processor.py:840} INFO - DAG(s) 'example_dag_decorator' retrieved from /home/facuvega/Descargas/crypto-etl-airflow/airflow-apache/lib/python3.11/site-packages/airflow/example_dags/example_dag_decorator.py
[2025-04-27T23:15:57.720-0300] {logging_mixin.py:188} INFO - [2025-04-27T23:15:57.720-0300] {dag.py:3096} INFO - Sync 1 DAGs
[2025-04-27T23:15:57.726-0300] {logging_mixin.py:188} INFO - [2025-04-27T23:15:57.726-0300] {dag.py:3954} INFO - Setting next_dagrun for example_dag_decorator to None, run_after=None
[2025-04-27T23:15:57.738-0300] {processor.py:183} INFO - Processing /home/facuvega/Descargas/crypto-etl-airflow/airflow-apache/lib/python3.11/site-packages/airflow/example_dags/example_dag_decorator.py took 0.155 seconds
[2025-04-27T23:16:57.859-0300] {processor.py:161} INFO - Started process (PID=57508) to work on /home/facuvega/Descargas/crypto-etl-airflow/airflow-apache/lib/python3.11/site-packages/airflow/example_dags/example_dag_decorator.py
[2025-04-27T23:16:57.860-0300] {processor.py:830} INFO - Processing file /home/facuvega/Descargas/crypto-etl-airflow/airflow-apache/lib/python3.11/site-packages/airflow/example_dags/example_dag_decorator.py for tasks to queue
[2025-04-27T23:16:57.863-0300] {logging_mixin.py:188} INFO - [2025-04-27T23:16:57.862-0300] {dagbag.py:540} INFO - Filling up the DagBag from /home/facuvega/Descargas/crypto-etl-airflow/airflow-apache/lib/python3.11/site-packages/airflow/example_dags/example_dag_decorator.py
[2025-04-27T23:16:57.934-0300] {processor.py:840} INFO - DAG(s) 'example_dag_decorator' retrieved from /home/facuvega/Descargas/crypto-etl-airflow/airflow-apache/lib/python3.11/site-packages/airflow/example_dags/example_dag_decorator.py
[2025-04-27T23:16:58.000-0300] {logging_mixin.py:188} INFO - [2025-04-27T23:16:58.000-0300] {dag.py:3096} INFO - Sync 1 DAGs
[2025-04-27T23:16:58.007-0300] {logging_mixin.py:188} INFO - [2025-04-27T23:16:58.007-0300] {dag.py:3954} INFO - Setting next_dagrun for example_dag_decorator to None, run_after=None
[2025-04-27T23:16:58.024-0300] {processor.py:183} INFO - Processing /home/facuvega/Descargas/crypto-etl-airflow/airflow-apache/lib/python3.11/site-packages/airflow/example_dags/example_dag_decorator.py took 0.171 seconds
[2025-04-27T23:18:05.400-0300] {processor.py:161} INFO - Started process (PID=57962) to work on /home/facuvega/Descargas/crypto-etl-airflow/airflow-apache/lib/python3.11/site-packages/airflow/example_dags/example_dag_decorator.py
[2025-04-27T23:18:05.401-0300] {processor.py:830} INFO - Processing file /home/facuvega/Descargas/crypto-etl-airflow/airflow-apache/lib/python3.11/site-packages/airflow/example_dags/example_dag_decorator.py for tasks to queue
[2025-04-27T23:18:05.403-0300] {logging_mixin.py:188} INFO - [2025-04-27T23:18:05.402-0300] {dagbag.py:540} INFO - Filling up the DagBag from /home/facuvega/Descargas/crypto-etl-airflow/airflow-apache/lib/python3.11/site-packages/airflow/example_dags/example_dag_decorator.py
[2025-04-27T23:18:05.538-0300] {processor.py:840} INFO - DAG(s) 'example_dag_decorator' retrieved from /home/facuvega/Descargas/crypto-etl-airflow/airflow-apache/lib/python3.11/site-packages/airflow/example_dags/example_dag_decorator.py
[2025-04-27T23:18:05.747-0300] {logging_mixin.py:188} INFO - [2025-04-27T23:18:05.746-0300] {dag.py:3096} INFO - Sync 1 DAGs
[2025-04-27T23:18:05.761-0300] {logging_mixin.py:188} INFO - [2025-04-27T23:18:05.761-0300] {dag.py:3954} INFO - Setting next_dagrun for example_dag_decorator to None, run_after=None
[2025-04-27T23:18:05.788-0300] {processor.py:183} INFO - Processing /home/facuvega/Descargas/crypto-etl-airflow/airflow-apache/lib/python3.11/site-packages/airflow/example_dags/example_dag_decorator.py took 0.393 seconds
