[2025-04-27T23:06:05.938-0300] {processor.py:161} INFO - Started process (PID=54028) to work on /home/facuvega/Descargas/crypto-etl-airflow/airflow-apache/lib/python3.11/site-packages/airflow/example_dags/example_display_name.py
[2025-04-27T23:06:05.939-0300] {processor.py:830} INFO - Processing file /home/facuvega/Descargas/crypto-etl-airflow/airflow-apache/lib/python3.11/site-packages/airflow/example_dags/example_display_name.py for tasks to queue
[2025-04-27T23:06:05.941-0300] {logging_mixin.py:188} INFO - [2025-04-27T23:06:05.940-0300] {dagbag.py:540} INFO - Filling up the DagBag from /home/facuvega/Descargas/crypto-etl-airflow/airflow-apache/lib/python3.11/site-packages/airflow/example_dags/example_display_name.py
[2025-04-27T23:06:05.948-0300] {processor.py:840} INFO - DAG(s) 'example_display_name' retrieved from /home/facuvega/Descargas/crypto-etl-airflow/airflow-apache/lib/python3.11/site-packages/airflow/example_dags/example_display_name.py
[2025-04-27T23:06:06.053-0300] {logging_mixin.py:188} INFO - [2025-04-27T23:06:06.053-0300] {dag.py:3096} INFO - Sync 1 DAGs
[2025-04-27T23:06:06.063-0300] {logging_mixin.py:188} INFO - [2025-04-27T23:06:06.062-0300] {dag.py:3954} INFO - Setting next_dagrun for example_display_name to None, run_after=None
[2025-04-27T23:06:06.088-0300] {processor.py:183} INFO - Processing /home/facuvega/Descargas/crypto-etl-airflow/airflow-apache/lib/python3.11/site-packages/airflow/example_dags/example_display_name.py took 0.157 seconds
[2025-04-27T23:07:07.713-0300] {processor.py:161} INFO - Started process (PID=54495) to work on /home/facuvega/Descargas/crypto-etl-airflow/airflow-apache/lib/python3.11/site-packages/airflow/example_dags/example_display_name.py
[2025-04-27T23:07:07.715-0300] {processor.py:830} INFO - Processing file /home/facuvega/Descargas/crypto-etl-airflow/airflow-apache/lib/python3.11/site-packages/airflow/example_dags/example_display_name.py for tasks to queue
[2025-04-27T23:07:07.716-0300] {logging_mixin.py:188} INFO - [2025-04-27T23:07:07.716-0300] {dagbag.py:540} INFO - Filling up the DagBag from /home/facuvega/Descargas/crypto-etl-airflow/airflow-apache/lib/python3.11/site-packages/airflow/example_dags/example_display_name.py
[2025-04-27T23:07:07.721-0300] {processor.py:840} INFO - DAG(s) 'example_display_name' retrieved from /home/facuvega/Descargas/crypto-etl-airflow/airflow-apache/lib/python3.11/site-packages/airflow/example_dags/example_display_name.py
[2025-04-27T23:07:07.733-0300] {logging_mixin.py:188} INFO - [2025-04-27T23:07:07.733-0300] {dag.py:3096} INFO - Sync 1 DAGs
[2025-04-27T23:07:07.741-0300] {logging_mixin.py:188} INFO - [2025-04-27T23:07:07.741-0300] {dag.py:3954} INFO - Setting next_dagrun for example_display_name to None, run_after=None
[2025-04-27T23:07:07.755-0300] {processor.py:183} INFO - Processing /home/facuvega/Descargas/crypto-etl-airflow/airflow-apache/lib/python3.11/site-packages/airflow/example_dags/example_display_name.py took 0.047 seconds
[2025-04-27T23:08:07.058-0300] {processor.py:161} INFO - Started process (PID=54764) to work on /home/facuvega/Descargas/crypto-etl-airflow/airflow-apache/lib/python3.11/site-packages/airflow/example_dags/example_display_name.py
[2025-04-27T23:08:07.059-0300] {processor.py:830} INFO - Processing file /home/facuvega/Descargas/crypto-etl-airflow/airflow-apache/lib/python3.11/site-packages/airflow/example_dags/example_display_name.py for tasks to queue
[2025-04-27T23:08:07.060-0300] {logging_mixin.py:188} INFO - [2025-04-27T23:08:07.060-0300] {dagbag.py:540} INFO - Filling up the DagBag from /home/facuvega/Descargas/crypto-etl-airflow/airflow-apache/lib/python3.11/site-packages/airflow/example_dags/example_display_name.py
[2025-04-27T23:08:07.065-0300] {processor.py:840} INFO - DAG(s) 'example_display_name' retrieved from /home/facuvega/Descargas/crypto-etl-airflow/airflow-apache/lib/python3.11/site-packages/airflow/example_dags/example_display_name.py
[2025-04-27T23:08:07.078-0300] {logging_mixin.py:188} INFO - [2025-04-27T23:08:07.078-0300] {dag.py:3096} INFO - Sync 1 DAGs
[2025-04-27T23:08:07.087-0300] {logging_mixin.py:188} INFO - [2025-04-27T23:08:07.087-0300] {dag.py:3954} INFO - Setting next_dagrun for example_display_name to None, run_after=None
[2025-04-27T23:08:07.101-0300] {processor.py:183} INFO - Processing /home/facuvega/Descargas/crypto-etl-airflow/airflow-apache/lib/python3.11/site-packages/airflow/example_dags/example_display_name.py took 0.048 seconds
[2025-04-27T23:09:12.604-0300] {processor.py:161} INFO - Started process (PID=55052) to work on /home/facuvega/Descargas/crypto-etl-airflow/airflow-apache/lib/python3.11/site-packages/airflow/example_dags/example_display_name.py
[2025-04-27T23:09:12.605-0300] {processor.py:830} INFO - Processing file /home/facuvega/Descargas/crypto-etl-airflow/airflow-apache/lib/python3.11/site-packages/airflow/example_dags/example_display_name.py for tasks to queue
[2025-04-27T23:09:12.606-0300] {logging_mixin.py:188} INFO - [2025-04-27T23:09:12.606-0300] {dagbag.py:540} INFO - Filling up the DagBag from /home/facuvega/Descargas/crypto-etl-airflow/airflow-apache/lib/python3.11/site-packages/airflow/example_dags/example_display_name.py
[2025-04-27T23:09:12.611-0300] {processor.py:840} INFO - DAG(s) 'example_display_name' retrieved from /home/facuvega/Descargas/crypto-etl-airflow/airflow-apache/lib/python3.11/site-packages/airflow/example_dags/example_display_name.py
[2025-04-27T23:09:12.624-0300] {logging_mixin.py:188} INFO - [2025-04-27T23:09:12.623-0300] {dag.py:3096} INFO - Sync 1 DAGs
[2025-04-27T23:09:12.632-0300] {logging_mixin.py:188} INFO - [2025-04-27T23:09:12.632-0300] {dag.py:3954} INFO - Setting next_dagrun for example_display_name to None, run_after=None
[2025-04-27T23:09:12.646-0300] {processor.py:183} INFO - Processing /home/facuvega/Descargas/crypto-etl-airflow/airflow-apache/lib/python3.11/site-packages/airflow/example_dags/example_display_name.py took 0.048 seconds
[2025-04-27T23:10:11.112-0300] {processor.py:161} INFO - Started process (PID=55366) to work on /home/facuvega/Descargas/crypto-etl-airflow/airflow-apache/lib/python3.11/site-packages/airflow/example_dags/example_display_name.py
[2025-04-27T23:10:11.119-0300] {processor.py:830} INFO - Processing file /home/facuvega/Descargas/crypto-etl-airflow/airflow-apache/lib/python3.11/site-packages/airflow/example_dags/example_display_name.py for tasks to queue
[2025-04-27T23:10:11.123-0300] {logging_mixin.py:188} INFO - [2025-04-27T23:10:11.123-0300] {dagbag.py:540} INFO - Filling up the DagBag from /home/facuvega/Descargas/crypto-etl-airflow/airflow-apache/lib/python3.11/site-packages/airflow/example_dags/example_display_name.py
[2025-04-27T23:10:11.134-0300] {processor.py:840} INFO - DAG(s) 'example_display_name' retrieved from /home/facuvega/Descargas/crypto-etl-airflow/airflow-apache/lib/python3.11/site-packages/airflow/example_dags/example_display_name.py
[2025-04-27T23:10:11.148-0300] {logging_mixin.py:188} INFO - [2025-04-27T23:10:11.148-0300] {dag.py:3096} INFO - Sync 1 DAGs
[2025-04-27T23:10:11.159-0300] {logging_mixin.py:188} INFO - [2025-04-27T23:10:11.159-0300] {dag.py:3954} INFO - Setting next_dagrun for example_display_name to None, run_after=None
[2025-04-27T23:10:11.175-0300] {processor.py:183} INFO - Processing /home/facuvega/Descargas/crypto-etl-airflow/airflow-apache/lib/python3.11/site-packages/airflow/example_dags/example_display_name.py took 0.068 seconds
[2025-04-27T23:11:13.117-0300] {processor.py:161} INFO - Started process (PID=55791) to work on /home/facuvega/Descargas/crypto-etl-airflow/airflow-apache/lib/python3.11/site-packages/airflow/example_dags/example_display_name.py
[2025-04-27T23:11:13.118-0300] {processor.py:830} INFO - Processing file /home/facuvega/Descargas/crypto-etl-airflow/airflow-apache/lib/python3.11/site-packages/airflow/example_dags/example_display_name.py for tasks to queue
[2025-04-27T23:11:13.120-0300] {logging_mixin.py:188} INFO - [2025-04-27T23:11:13.119-0300] {dagbag.py:540} INFO - Filling up the DagBag from /home/facuvega/Descargas/crypto-etl-airflow/airflow-apache/lib/python3.11/site-packages/airflow/example_dags/example_display_name.py
[2025-04-27T23:11:13.127-0300] {processor.py:840} INFO - DAG(s) 'example_display_name' retrieved from /home/facuvega/Descargas/crypto-etl-airflow/airflow-apache/lib/python3.11/site-packages/airflow/example_dags/example_display_name.py
[2025-04-27T23:11:13.140-0300] {logging_mixin.py:188} INFO - [2025-04-27T23:11:13.140-0300] {dag.py:3096} INFO - Sync 1 DAGs
[2025-04-27T23:11:13.150-0300] {logging_mixin.py:188} INFO - [2025-04-27T23:11:13.150-0300] {dag.py:3954} INFO - Setting next_dagrun for example_display_name to None, run_after=None
[2025-04-27T23:11:13.166-0300] {processor.py:183} INFO - Processing /home/facuvega/Descargas/crypto-etl-airflow/airflow-apache/lib/python3.11/site-packages/airflow/example_dags/example_display_name.py took 0.055 seconds
[2025-04-27T23:12:12.394-0300] {processor.py:161} INFO - Started process (PID=56084) to work on /home/facuvega/Descargas/crypto-etl-airflow/airflow-apache/lib/python3.11/site-packages/airflow/example_dags/example_display_name.py
[2025-04-27T23:12:12.395-0300] {processor.py:830} INFO - Processing file /home/facuvega/Descargas/crypto-etl-airflow/airflow-apache/lib/python3.11/site-packages/airflow/example_dags/example_display_name.py for tasks to queue
[2025-04-27T23:12:12.396-0300] {logging_mixin.py:188} INFO - [2025-04-27T23:12:12.396-0300] {dagbag.py:540} INFO - Filling up the DagBag from /home/facuvega/Descargas/crypto-etl-airflow/airflow-apache/lib/python3.11/site-packages/airflow/example_dags/example_display_name.py
[2025-04-27T23:12:12.401-0300] {processor.py:840} INFO - DAG(s) 'example_display_name' retrieved from /home/facuvega/Descargas/crypto-etl-airflow/airflow-apache/lib/python3.11/site-packages/airflow/example_dags/example_display_name.py
[2025-04-27T23:12:12.414-0300] {logging_mixin.py:188} INFO - [2025-04-27T23:12:12.413-0300] {dag.py:3096} INFO - Sync 1 DAGs
[2025-04-27T23:12:12.421-0300] {logging_mixin.py:188} INFO - [2025-04-27T23:12:12.421-0300] {dag.py:3954} INFO - Setting next_dagrun for example_display_name to None, run_after=None
[2025-04-27T23:12:12.434-0300] {processor.py:183} INFO - Processing /home/facuvega/Descargas/crypto-etl-airflow/airflow-apache/lib/python3.11/site-packages/airflow/example_dags/example_display_name.py took 0.045 seconds
[2025-04-27T23:13:10.483-0300] {processor.py:161} INFO - Started process (PID=56354) to work on /home/facuvega/Descargas/crypto-etl-airflow/airflow-apache/lib/python3.11/site-packages/airflow/example_dags/example_display_name.py
[2025-04-27T23:13:10.484-0300] {processor.py:830} INFO - Processing file /home/facuvega/Descargas/crypto-etl-airflow/airflow-apache/lib/python3.11/site-packages/airflow/example_dags/example_display_name.py for tasks to queue
[2025-04-27T23:13:10.486-0300] {logging_mixin.py:188} INFO - [2025-04-27T23:13:10.486-0300] {dagbag.py:540} INFO - Filling up the DagBag from /home/facuvega/Descargas/crypto-etl-airflow/airflow-apache/lib/python3.11/site-packages/airflow/example_dags/example_display_name.py
[2025-04-27T23:13:10.492-0300] {processor.py:840} INFO - DAG(s) 'example_display_name' retrieved from /home/facuvega/Descargas/crypto-etl-airflow/airflow-apache/lib/python3.11/site-packages/airflow/example_dags/example_display_name.py
[2025-04-27T23:13:10.507-0300] {logging_mixin.py:188} INFO - [2025-04-27T23:13:10.507-0300] {dag.py:3096} INFO - Sync 1 DAGs
[2025-04-27T23:13:10.518-0300] {logging_mixin.py:188} INFO - [2025-04-27T23:13:10.517-0300] {dag.py:3954} INFO - Setting next_dagrun for example_display_name to None, run_after=None
[2025-04-27T23:13:10.536-0300] {processor.py:183} INFO - Processing /home/facuvega/Descargas/crypto-etl-airflow/airflow-apache/lib/python3.11/site-packages/airflow/example_dags/example_display_name.py took 0.059 seconds
[2025-04-27T23:14:13.990-0300] {processor.py:161} INFO - Started process (PID=56658) to work on /home/facuvega/Descargas/crypto-etl-airflow/airflow-apache/lib/python3.11/site-packages/airflow/example_dags/example_display_name.py
[2025-04-27T23:14:13.992-0300] {processor.py:830} INFO - Processing file /home/facuvega/Descargas/crypto-etl-airflow/airflow-apache/lib/python3.11/site-packages/airflow/example_dags/example_display_name.py for tasks to queue
[2025-04-27T23:14:13.994-0300] {logging_mixin.py:188} INFO - [2025-04-27T23:14:13.993-0300] {dagbag.py:540} INFO - Filling up the DagBag from /home/facuvega/Descargas/crypto-etl-airflow/airflow-apache/lib/python3.11/site-packages/airflow/example_dags/example_display_name.py
[2025-04-27T23:14:14.003-0300] {processor.py:840} INFO - DAG(s) 'example_display_name' retrieved from /home/facuvega/Descargas/crypto-etl-airflow/airflow-apache/lib/python3.11/site-packages/airflow/example_dags/example_display_name.py
[2025-04-27T23:14:14.025-0300] {logging_mixin.py:188} INFO - [2025-04-27T23:14:14.025-0300] {dag.py:3096} INFO - Sync 1 DAGs
[2025-04-27T23:14:14.041-0300] {logging_mixin.py:188} INFO - [2025-04-27T23:14:14.041-0300] {dag.py:3954} INFO - Setting next_dagrun for example_display_name to None, run_after=None
[2025-04-27T23:14:14.065-0300] {processor.py:183} INFO - Processing /home/facuvega/Descargas/crypto-etl-airflow/airflow-apache/lib/python3.11/site-packages/airflow/example_dags/example_display_name.py took 0.086 seconds
[2025-04-27T23:15:18.298-0300] {processor.py:161} INFO - Started process (PID=56972) to work on /home/facuvega/Descargas/crypto-etl-airflow/airflow-apache/lib/python3.11/site-packages/airflow/example_dags/example_display_name.py
[2025-04-27T23:15:18.299-0300] {processor.py:830} INFO - Processing file /home/facuvega/Descargas/crypto-etl-airflow/airflow-apache/lib/python3.11/site-packages/airflow/example_dags/example_display_name.py for tasks to queue
[2025-04-27T23:15:18.301-0300] {logging_mixin.py:188} INFO - [2025-04-27T23:15:18.301-0300] {dagbag.py:540} INFO - Filling up the DagBag from /home/facuvega/Descargas/crypto-etl-airflow/airflow-apache/lib/python3.11/site-packages/airflow/example_dags/example_display_name.py
[2025-04-27T23:15:18.306-0300] {processor.py:840} INFO - DAG(s) 'example_display_name' retrieved from /home/facuvega/Descargas/crypto-etl-airflow/airflow-apache/lib/python3.11/site-packages/airflow/example_dags/example_display_name.py
[2025-04-27T23:15:18.318-0300] {logging_mixin.py:188} INFO - [2025-04-27T23:15:18.318-0300] {dag.py:3096} INFO - Sync 1 DAGs
[2025-04-27T23:15:18.327-0300] {logging_mixin.py:188} INFO - [2025-04-27T23:15:18.326-0300] {dag.py:3954} INFO - Setting next_dagrun for example_display_name to None, run_after=None
[2025-04-27T23:15:18.339-0300] {processor.py:183} INFO - Processing /home/facuvega/Descargas/crypto-etl-airflow/airflow-apache/lib/python3.11/site-packages/airflow/example_dags/example_display_name.py took 0.046 seconds
[2025-04-27T23:16:14.152-0300] {processor.py:161} INFO - Started process (PID=57265) to work on /home/facuvega/Descargas/crypto-etl-airflow/airflow-apache/lib/python3.11/site-packages/airflow/example_dags/example_display_name.py
[2025-04-27T23:16:14.153-0300] {processor.py:830} INFO - Processing file /home/facuvega/Descargas/crypto-etl-airflow/airflow-apache/lib/python3.11/site-packages/airflow/example_dags/example_display_name.py for tasks to queue
[2025-04-27T23:16:14.154-0300] {logging_mixin.py:188} INFO - [2025-04-27T23:16:14.154-0300] {dagbag.py:540} INFO - Filling up the DagBag from /home/facuvega/Descargas/crypto-etl-airflow/airflow-apache/lib/python3.11/site-packages/airflow/example_dags/example_display_name.py
[2025-04-27T23:16:14.159-0300] {processor.py:840} INFO - DAG(s) 'example_display_name' retrieved from /home/facuvega/Descargas/crypto-etl-airflow/airflow-apache/lib/python3.11/site-packages/airflow/example_dags/example_display_name.py
[2025-04-27T23:16:14.171-0300] {logging_mixin.py:188} INFO - [2025-04-27T23:16:14.171-0300] {dag.py:3096} INFO - Sync 1 DAGs
[2025-04-27T23:16:14.179-0300] {logging_mixin.py:188} INFO - [2025-04-27T23:16:14.178-0300] {dag.py:3954} INFO - Setting next_dagrun for example_display_name to None, run_after=None
[2025-04-27T23:16:14.191-0300] {processor.py:183} INFO - Processing /home/facuvega/Descargas/crypto-etl-airflow/airflow-apache/lib/python3.11/site-packages/airflow/example_dags/example_display_name.py took 0.044 seconds
[2025-04-27T23:17:14.866-0300] {processor.py:161} INFO - Started process (PID=57584) to work on /home/facuvega/Descargas/crypto-etl-airflow/airflow-apache/lib/python3.11/site-packages/airflow/example_dags/example_display_name.py
[2025-04-27T23:17:14.869-0300] {processor.py:830} INFO - Processing file /home/facuvega/Descargas/crypto-etl-airflow/airflow-apache/lib/python3.11/site-packages/airflow/example_dags/example_display_name.py for tasks to queue
[2025-04-27T23:17:14.871-0300] {logging_mixin.py:188} INFO - [2025-04-27T23:17:14.871-0300] {dagbag.py:540} INFO - Filling up the DagBag from /home/facuvega/Descargas/crypto-etl-airflow/airflow-apache/lib/python3.11/site-packages/airflow/example_dags/example_display_name.py
[2025-04-27T23:17:14.878-0300] {processor.py:840} INFO - DAG(s) 'example_display_name' retrieved from /home/facuvega/Descargas/crypto-etl-airflow/airflow-apache/lib/python3.11/site-packages/airflow/example_dags/example_display_name.py
[2025-04-27T23:17:14.899-0300] {logging_mixin.py:188} INFO - [2025-04-27T23:17:14.899-0300] {dag.py:3096} INFO - Sync 1 DAGs
[2025-04-27T23:17:14.912-0300] {logging_mixin.py:188} INFO - [2025-04-27T23:17:14.912-0300] {dag.py:3954} INFO - Setting next_dagrun for example_display_name to None, run_after=None
[2025-04-27T23:17:14.934-0300] {processor.py:183} INFO - Processing /home/facuvega/Descargas/crypto-etl-airflow/airflow-apache/lib/python3.11/site-packages/airflow/example_dags/example_display_name.py took 0.115 seconds
[2025-04-27T23:18:24.695-0300] {processor.py:161} INFO - Started process (PID=58063) to work on /home/facuvega/Descargas/crypto-etl-airflow/airflow-apache/lib/python3.11/site-packages/airflow/example_dags/example_display_name.py
[2025-04-27T23:18:24.696-0300] {processor.py:830} INFO - Processing file /home/facuvega/Descargas/crypto-etl-airflow/airflow-apache/lib/python3.11/site-packages/airflow/example_dags/example_display_name.py for tasks to queue
[2025-04-27T23:18:24.697-0300] {logging_mixin.py:188} INFO - [2025-04-27T23:18:24.697-0300] {dagbag.py:540} INFO - Filling up the DagBag from /home/facuvega/Descargas/crypto-etl-airflow/airflow-apache/lib/python3.11/site-packages/airflow/example_dags/example_display_name.py
[2025-04-27T23:18:24.702-0300] {processor.py:840} INFO - DAG(s) 'example_display_name' retrieved from /home/facuvega/Descargas/crypto-etl-airflow/airflow-apache/lib/python3.11/site-packages/airflow/example_dags/example_display_name.py
[2025-04-27T23:18:24.715-0300] {logging_mixin.py:188} INFO - [2025-04-27T23:18:24.715-0300] {dag.py:3096} INFO - Sync 1 DAGs
[2025-04-27T23:18:24.723-0300] {logging_mixin.py:188} INFO - [2025-04-27T23:18:24.723-0300] {dag.py:3954} INFO - Setting next_dagrun for example_display_name to None, run_after=None
[2025-04-27T23:18:24.736-0300] {processor.py:183} INFO - Processing /home/facuvega/Descargas/crypto-etl-airflow/airflow-apache/lib/python3.11/site-packages/airflow/example_dags/example_display_name.py took 0.047 seconds
