[2025-04-27T23:00:55.669-0300] {processor.py:161} INFO - Started process (PID=51892) to work on /home/facuvega/Descargas/crypto-etl-airflow/airflow-apache/lib/python3.11/site-packages/airflow/example_dags/example_kubernetes_executor.py
[2025-04-27T23:00:55.670-0300] {processor.py:830} INFO - Processing file /home/facuvega/Descargas/crypto-etl-airflow/airflow-apache/lib/python3.11/site-packages/airflow/example_dags/example_kubernetes_executor.py for tasks to queue
[2025-04-27T23:00:55.671-0300] {logging_mixin.py:188} INFO - [2025-04-27T23:00:55.671-0300] {dagbag.py:540} INFO - Filling up the DagBag from /home/facuvega/Descargas/crypto-etl-airflow/airflow-apache/lib/python3.11/site-packages/airflow/example_dags/example_kubernetes_executor.py
[2025-04-27T23:00:55.682-0300] {processor.py:840} INFO - DAG(s) 'example_kubernetes_executor' retrieved from /home/facuvega/Descargas/crypto-etl-airflow/airflow-apache/lib/python3.11/site-packages/airflow/example_dags/example_kubernetes_executor.py
[2025-04-27T23:00:55.766-0300] {logging_mixin.py:188} INFO - [2025-04-27T23:00:55.766-0300] {dag.py:3096} INFO - Sync 1 DAGs
[2025-04-27T23:00:55.772-0300] {logging_mixin.py:188} INFO - [2025-04-27T23:00:55.772-0300] {dag.py:3954} INFO - Setting next_dagrun for example_kubernetes_executor to None, run_after=None
[2025-04-27T23:00:55.784-0300] {processor.py:183} INFO - Processing /home/facuvega/Descargas/crypto-etl-airflow/airflow-apache/lib/python3.11/site-packages/airflow/example_dags/example_kubernetes_executor.py took 0.120 seconds
[2025-04-27T23:05:53.009-0300] {processor.py:161} INFO - Started process (PID=53976) to work on /home/facuvega/Descargas/crypto-etl-airflow/airflow-apache/lib/python3.11/site-packages/airflow/example_dags/example_kubernetes_executor.py
[2025-04-27T23:05:53.010-0300] {processor.py:830} INFO - Processing file /home/facuvega/Descargas/crypto-etl-airflow/airflow-apache/lib/python3.11/site-packages/airflow/example_dags/example_kubernetes_executor.py for tasks to queue
[2025-04-27T23:05:53.012-0300] {logging_mixin.py:188} INFO - [2025-04-27T23:05:53.012-0300] {dagbag.py:540} INFO - Filling up the DagBag from /home/facuvega/Descargas/crypto-etl-airflow/airflow-apache/lib/python3.11/site-packages/airflow/example_dags/example_kubernetes_executor.py
[2025-04-27T23:05:53.023-0300] {processor.py:840} INFO - DAG(s) 'example_kubernetes_executor' retrieved from /home/facuvega/Descargas/crypto-etl-airflow/airflow-apache/lib/python3.11/site-packages/airflow/example_dags/example_kubernetes_executor.py
[2025-04-27T23:05:53.064-0300] {logging_mixin.py:188} INFO - [2025-04-27T23:05:53.064-0300] {dag.py:3096} INFO - Sync 1 DAGs
[2025-04-27T23:05:53.072-0300] {logging_mixin.py:188} INFO - [2025-04-27T23:05:53.072-0300] {dag.py:3954} INFO - Setting next_dagrun for example_kubernetes_executor to None, run_after=None
[2025-04-27T23:05:53.087-0300] {processor.py:183} INFO - Processing /home/facuvega/Descargas/crypto-etl-airflow/airflow-apache/lib/python3.11/site-packages/airflow/example_dags/example_kubernetes_executor.py took 0.083 seconds
[2025-04-27T23:06:44.475-0300] {processor.py:161} INFO - Started process (PID=54358) to work on /home/facuvega/Descargas/crypto-etl-airflow/airflow-apache/lib/python3.11/site-packages/airflow/example_dags/example_kubernetes_executor.py
[2025-04-27T23:06:44.476-0300] {processor.py:830} INFO - Processing file /home/facuvega/Descargas/crypto-etl-airflow/airflow-apache/lib/python3.11/site-packages/airflow/example_dags/example_kubernetes_executor.py for tasks to queue
[2025-04-27T23:06:44.477-0300] {logging_mixin.py:188} INFO - [2025-04-27T23:06:44.477-0300] {dagbag.py:540} INFO - Filling up the DagBag from /home/facuvega/Descargas/crypto-etl-airflow/airflow-apache/lib/python3.11/site-packages/airflow/example_dags/example_kubernetes_executor.py
[2025-04-27T23:06:44.498-0300] {processor.py:840} INFO - DAG(s) 'example_kubernetes_executor' retrieved from /home/facuvega/Descargas/crypto-etl-airflow/airflow-apache/lib/python3.11/site-packages/airflow/example_dags/example_kubernetes_executor.py
[2025-04-27T23:06:44.539-0300] {logging_mixin.py:188} INFO - [2025-04-27T23:06:44.538-0300] {dag.py:3096} INFO - Sync 1 DAGs
[2025-04-27T23:06:44.548-0300] {logging_mixin.py:188} INFO - [2025-04-27T23:06:44.548-0300] {dag.py:3954} INFO - Setting next_dagrun for example_kubernetes_executor to None, run_after=None
[2025-04-27T23:06:44.564-0300] {processor.py:183} INFO - Processing /home/facuvega/Descargas/crypto-etl-airflow/airflow-apache/lib/python3.11/site-packages/airflow/example_dags/example_kubernetes_executor.py took 0.097 seconds
[2025-04-27T23:07:43.599-0300] {processor.py:161} INFO - Started process (PID=54656) to work on /home/facuvega/Descargas/crypto-etl-airflow/airflow-apache/lib/python3.11/site-packages/airflow/example_dags/example_kubernetes_executor.py
[2025-04-27T23:07:43.601-0300] {processor.py:830} INFO - Processing file /home/facuvega/Descargas/crypto-etl-airflow/airflow-apache/lib/python3.11/site-packages/airflow/example_dags/example_kubernetes_executor.py for tasks to queue
[2025-04-27T23:07:43.602-0300] {logging_mixin.py:188} INFO - [2025-04-27T23:07:43.602-0300] {dagbag.py:540} INFO - Filling up the DagBag from /home/facuvega/Descargas/crypto-etl-airflow/airflow-apache/lib/python3.11/site-packages/airflow/example_dags/example_kubernetes_executor.py
[2025-04-27T23:07:43.612-0300] {processor.py:840} INFO - DAG(s) 'example_kubernetes_executor' retrieved from /home/facuvega/Descargas/crypto-etl-airflow/airflow-apache/lib/python3.11/site-packages/airflow/example_dags/example_kubernetes_executor.py
[2025-04-27T23:07:43.636-0300] {logging_mixin.py:188} INFO - [2025-04-27T23:07:43.635-0300] {dag.py:3096} INFO - Sync 1 DAGs
[2025-04-27T23:07:43.645-0300] {logging_mixin.py:188} INFO - [2025-04-27T23:07:43.645-0300] {dag.py:3954} INFO - Setting next_dagrun for example_kubernetes_executor to None, run_after=None
[2025-04-27T23:07:43.658-0300] {processor.py:183} INFO - Processing /home/facuvega/Descargas/crypto-etl-airflow/airflow-apache/lib/python3.11/site-packages/airflow/example_dags/example_kubernetes_executor.py took 0.063 seconds
[2025-04-27T23:08:46.357-0300] {processor.py:161} INFO - Started process (PID=54938) to work on /home/facuvega/Descargas/crypto-etl-airflow/airflow-apache/lib/python3.11/site-packages/airflow/example_dags/example_kubernetes_executor.py
[2025-04-27T23:08:46.358-0300] {processor.py:830} INFO - Processing file /home/facuvega/Descargas/crypto-etl-airflow/airflow-apache/lib/python3.11/site-packages/airflow/example_dags/example_kubernetes_executor.py for tasks to queue
[2025-04-27T23:08:46.359-0300] {logging_mixin.py:188} INFO - [2025-04-27T23:08:46.359-0300] {dagbag.py:540} INFO - Filling up the DagBag from /home/facuvega/Descargas/crypto-etl-airflow/airflow-apache/lib/python3.11/site-packages/airflow/example_dags/example_kubernetes_executor.py
[2025-04-27T23:08:46.369-0300] {processor.py:840} INFO - DAG(s) 'example_kubernetes_executor' retrieved from /home/facuvega/Descargas/crypto-etl-airflow/airflow-apache/lib/python3.11/site-packages/airflow/example_dags/example_kubernetes_executor.py
[2025-04-27T23:08:46.392-0300] {logging_mixin.py:188} INFO - [2025-04-27T23:08:46.392-0300] {dag.py:3096} INFO - Sync 1 DAGs
[2025-04-27T23:08:46.400-0300] {logging_mixin.py:188} INFO - [2025-04-27T23:08:46.400-0300] {dag.py:3954} INFO - Setting next_dagrun for example_kubernetes_executor to None, run_after=None
[2025-04-27T23:08:46.413-0300] {processor.py:183} INFO - Processing /home/facuvega/Descargas/crypto-etl-airflow/airflow-apache/lib/python3.11/site-packages/airflow/example_dags/example_kubernetes_executor.py took 0.062 seconds
[2025-04-27T23:09:35.448-0300] {processor.py:161} INFO - Started process (PID=55154) to work on /home/facuvega/Descargas/crypto-etl-airflow/airflow-apache/lib/python3.11/site-packages/airflow/example_dags/example_kubernetes_executor.py
[2025-04-27T23:09:35.449-0300] {processor.py:830} INFO - Processing file /home/facuvega/Descargas/crypto-etl-airflow/airflow-apache/lib/python3.11/site-packages/airflow/example_dags/example_kubernetes_executor.py for tasks to queue
[2025-04-27T23:09:35.451-0300] {logging_mixin.py:188} INFO - [2025-04-27T23:09:35.450-0300] {dagbag.py:540} INFO - Filling up the DagBag from /home/facuvega/Descargas/crypto-etl-airflow/airflow-apache/lib/python3.11/site-packages/airflow/example_dags/example_kubernetes_executor.py
[2025-04-27T23:09:35.461-0300] {processor.py:840} INFO - DAG(s) 'example_kubernetes_executor' retrieved from /home/facuvega/Descargas/crypto-etl-airflow/airflow-apache/lib/python3.11/site-packages/airflow/example_dags/example_kubernetes_executor.py
[2025-04-27T23:09:35.491-0300] {logging_mixin.py:188} INFO - [2025-04-27T23:09:35.490-0300] {dag.py:3096} INFO - Sync 1 DAGs
[2025-04-27T23:09:35.499-0300] {logging_mixin.py:188} INFO - [2025-04-27T23:09:35.499-0300] {dag.py:3954} INFO - Setting next_dagrun for example_kubernetes_executor to None, run_after=None
[2025-04-27T23:09:35.515-0300] {processor.py:183} INFO - Processing /home/facuvega/Descargas/crypto-etl-airflow/airflow-apache/lib/python3.11/site-packages/airflow/example_dags/example_kubernetes_executor.py took 0.072 seconds
[2025-04-27T23:10:34.947-0300] {processor.py:161} INFO - Started process (PID=55521) to work on /home/facuvega/Descargas/crypto-etl-airflow/airflow-apache/lib/python3.11/site-packages/airflow/example_dags/example_kubernetes_executor.py
[2025-04-27T23:10:34.948-0300] {processor.py:830} INFO - Processing file /home/facuvega/Descargas/crypto-etl-airflow/airflow-apache/lib/python3.11/site-packages/airflow/example_dags/example_kubernetes_executor.py for tasks to queue
[2025-04-27T23:10:34.950-0300] {logging_mixin.py:188} INFO - [2025-04-27T23:10:34.950-0300] {dagbag.py:540} INFO - Filling up the DagBag from /home/facuvega/Descargas/crypto-etl-airflow/airflow-apache/lib/python3.11/site-packages/airflow/example_dags/example_kubernetes_executor.py
[2025-04-27T23:10:34.959-0300] {processor.py:840} INFO - DAG(s) 'example_kubernetes_executor' retrieved from /home/facuvega/Descargas/crypto-etl-airflow/airflow-apache/lib/python3.11/site-packages/airflow/example_dags/example_kubernetes_executor.py
[2025-04-27T23:10:34.983-0300] {logging_mixin.py:188} INFO - [2025-04-27T23:10:34.983-0300] {dag.py:3096} INFO - Sync 1 DAGs
[2025-04-27T23:10:34.992-0300] {logging_mixin.py:188} INFO - [2025-04-27T23:10:34.992-0300] {dag.py:3954} INFO - Setting next_dagrun for example_kubernetes_executor to None, run_after=None
[2025-04-27T23:10:35.008-0300] {processor.py:183} INFO - Processing /home/facuvega/Descargas/crypto-etl-airflow/airflow-apache/lib/python3.11/site-packages/airflow/example_dags/example_kubernetes_executor.py took 0.066 seconds
[2025-04-27T23:11:35.000-0300] {processor.py:161} INFO - Started process (PID=55904) to work on /home/facuvega/Descargas/crypto-etl-airflow/airflow-apache/lib/python3.11/site-packages/airflow/example_dags/example_kubernetes_executor.py
[2025-04-27T23:11:35.001-0300] {processor.py:830} INFO - Processing file /home/facuvega/Descargas/crypto-etl-airflow/airflow-apache/lib/python3.11/site-packages/airflow/example_dags/example_kubernetes_executor.py for tasks to queue
[2025-04-27T23:11:35.002-0300] {logging_mixin.py:188} INFO - [2025-04-27T23:11:35.002-0300] {dagbag.py:540} INFO - Filling up the DagBag from /home/facuvega/Descargas/crypto-etl-airflow/airflow-apache/lib/python3.11/site-packages/airflow/example_dags/example_kubernetes_executor.py
[2025-04-27T23:11:35.014-0300] {processor.py:840} INFO - DAG(s) 'example_kubernetes_executor' retrieved from /home/facuvega/Descargas/crypto-etl-airflow/airflow-apache/lib/python3.11/site-packages/airflow/example_dags/example_kubernetes_executor.py
[2025-04-27T23:11:35.050-0300] {logging_mixin.py:188} INFO - [2025-04-27T23:11:35.050-0300] {dag.py:3096} INFO - Sync 1 DAGs
[2025-04-27T23:11:35.063-0300] {logging_mixin.py:188} INFO - [2025-04-27T23:11:35.063-0300] {dag.py:3954} INFO - Setting next_dagrun for example_kubernetes_executor to None, run_after=None
[2025-04-27T23:11:35.085-0300] {processor.py:183} INFO - Processing /home/facuvega/Descargas/crypto-etl-airflow/airflow-apache/lib/python3.11/site-packages/airflow/example_dags/example_kubernetes_executor.py took 0.089 seconds
[2025-04-27T23:12:33.299-0300] {processor.py:161} INFO - Started process (PID=56176) to work on /home/facuvega/Descargas/crypto-etl-airflow/airflow-apache/lib/python3.11/site-packages/airflow/example_dags/example_kubernetes_executor.py
[2025-04-27T23:12:33.302-0300] {processor.py:830} INFO - Processing file /home/facuvega/Descargas/crypto-etl-airflow/airflow-apache/lib/python3.11/site-packages/airflow/example_dags/example_kubernetes_executor.py for tasks to queue
[2025-04-27T23:12:33.306-0300] {logging_mixin.py:188} INFO - [2025-04-27T23:12:33.306-0300] {dagbag.py:540} INFO - Filling up the DagBag from /home/facuvega/Descargas/crypto-etl-airflow/airflow-apache/lib/python3.11/site-packages/airflow/example_dags/example_kubernetes_executor.py
[2025-04-27T23:12:33.319-0300] {processor.py:840} INFO - DAG(s) 'example_kubernetes_executor' retrieved from /home/facuvega/Descargas/crypto-etl-airflow/airflow-apache/lib/python3.11/site-packages/airflow/example_dags/example_kubernetes_executor.py
[2025-04-27T23:12:33.371-0300] {logging_mixin.py:188} INFO - [2025-04-27T23:12:33.369-0300] {dag.py:3096} INFO - Sync 1 DAGs
[2025-04-27T23:12:33.384-0300] {logging_mixin.py:188} INFO - [2025-04-27T23:12:33.384-0300] {dag.py:3954} INFO - Setting next_dagrun for example_kubernetes_executor to None, run_after=None
[2025-04-27T23:12:33.408-0300] {processor.py:183} INFO - Processing /home/facuvega/Descargas/crypto-etl-airflow/airflow-apache/lib/python3.11/site-packages/airflow/example_dags/example_kubernetes_executor.py took 0.128 seconds
[2025-04-27T23:13:32.224-0300] {processor.py:161} INFO - Started process (PID=56474) to work on /home/facuvega/Descargas/crypto-etl-airflow/airflow-apache/lib/python3.11/site-packages/airflow/example_dags/example_kubernetes_executor.py
[2025-04-27T23:13:32.225-0300] {processor.py:830} INFO - Processing file /home/facuvega/Descargas/crypto-etl-airflow/airflow-apache/lib/python3.11/site-packages/airflow/example_dags/example_kubernetes_executor.py for tasks to queue
[2025-04-27T23:13:32.227-0300] {logging_mixin.py:188} INFO - [2025-04-27T23:13:32.226-0300] {dagbag.py:540} INFO - Filling up the DagBag from /home/facuvega/Descargas/crypto-etl-airflow/airflow-apache/lib/python3.11/site-packages/airflow/example_dags/example_kubernetes_executor.py
[2025-04-27T23:13:32.236-0300] {processor.py:840} INFO - DAG(s) 'example_kubernetes_executor' retrieved from /home/facuvega/Descargas/crypto-etl-airflow/airflow-apache/lib/python3.11/site-packages/airflow/example_dags/example_kubernetes_executor.py
[2025-04-27T23:13:32.263-0300] {logging_mixin.py:188} INFO - [2025-04-27T23:13:32.263-0300] {dag.py:3096} INFO - Sync 1 DAGs
[2025-04-27T23:13:32.271-0300] {logging_mixin.py:188} INFO - [2025-04-27T23:13:32.271-0300] {dag.py:3954} INFO - Setting next_dagrun for example_kubernetes_executor to None, run_after=None
[2025-04-27T23:13:32.284-0300] {processor.py:183} INFO - Processing /home/facuvega/Descargas/crypto-etl-airflow/airflow-apache/lib/python3.11/site-packages/airflow/example_dags/example_kubernetes_executor.py took 0.065 seconds
[2025-04-27T23:14:38.778-0300] {processor.py:161} INFO - Started process (PID=56770) to work on /home/facuvega/Descargas/crypto-etl-airflow/airflow-apache/lib/python3.11/site-packages/airflow/example_dags/example_kubernetes_executor.py
[2025-04-27T23:14:38.779-0300] {processor.py:830} INFO - Processing file /home/facuvega/Descargas/crypto-etl-airflow/airflow-apache/lib/python3.11/site-packages/airflow/example_dags/example_kubernetes_executor.py for tasks to queue
[2025-04-27T23:14:38.780-0300] {logging_mixin.py:188} INFO - [2025-04-27T23:14:38.780-0300] {dagbag.py:540} INFO - Filling up the DagBag from /home/facuvega/Descargas/crypto-etl-airflow/airflow-apache/lib/python3.11/site-packages/airflow/example_dags/example_kubernetes_executor.py
[2025-04-27T23:14:38.793-0300] {processor.py:840} INFO - DAG(s) 'example_kubernetes_executor' retrieved from /home/facuvega/Descargas/crypto-etl-airflow/airflow-apache/lib/python3.11/site-packages/airflow/example_dags/example_kubernetes_executor.py
[2025-04-27T23:14:38.825-0300] {logging_mixin.py:188} INFO - [2025-04-27T23:14:38.825-0300] {dag.py:3096} INFO - Sync 1 DAGs
[2025-04-27T23:14:38.834-0300] {logging_mixin.py:188} INFO - [2025-04-27T23:14:38.833-0300] {dag.py:3954} INFO - Setting next_dagrun for example_kubernetes_executor to None, run_after=None
[2025-04-27T23:14:38.847-0300] {processor.py:183} INFO - Processing /home/facuvega/Descargas/crypto-etl-airflow/airflow-apache/lib/python3.11/site-packages/airflow/example_dags/example_kubernetes_executor.py took 0.074 seconds
[2025-04-27T23:15:36.992-0300] {processor.py:161} INFO - Started process (PID=57084) to work on /home/facuvega/Descargas/crypto-etl-airflow/airflow-apache/lib/python3.11/site-packages/airflow/example_dags/example_kubernetes_executor.py
[2025-04-27T23:15:36.992-0300] {processor.py:830} INFO - Processing file /home/facuvega/Descargas/crypto-etl-airflow/airflow-apache/lib/python3.11/site-packages/airflow/example_dags/example_kubernetes_executor.py for tasks to queue
[2025-04-27T23:15:36.994-0300] {logging_mixin.py:188} INFO - [2025-04-27T23:15:36.994-0300] {dagbag.py:540} INFO - Filling up the DagBag from /home/facuvega/Descargas/crypto-etl-airflow/airflow-apache/lib/python3.11/site-packages/airflow/example_dags/example_kubernetes_executor.py
[2025-04-27T23:15:37.005-0300] {processor.py:840} INFO - DAG(s) 'example_kubernetes_executor' retrieved from /home/facuvega/Descargas/crypto-etl-airflow/airflow-apache/lib/python3.11/site-packages/airflow/example_dags/example_kubernetes_executor.py
[2025-04-27T23:15:37.031-0300] {logging_mixin.py:188} INFO - [2025-04-27T23:15:37.030-0300] {dag.py:3096} INFO - Sync 1 DAGs
[2025-04-27T23:15:37.039-0300] {logging_mixin.py:188} INFO - [2025-04-27T23:15:37.039-0300] {dag.py:3954} INFO - Setting next_dagrun for example_kubernetes_executor to None, run_after=None
[2025-04-27T23:15:37.052-0300] {processor.py:183} INFO - Processing /home/facuvega/Descargas/crypto-etl-airflow/airflow-apache/lib/python3.11/site-packages/airflow/example_dags/example_kubernetes_executor.py took 0.065 seconds
[2025-04-27T23:16:34.968-0300] {processor.py:161} INFO - Started process (PID=57379) to work on /home/facuvega/Descargas/crypto-etl-airflow/airflow-apache/lib/python3.11/site-packages/airflow/example_dags/example_kubernetes_executor.py
[2025-04-27T23:16:34.969-0300] {processor.py:830} INFO - Processing file /home/facuvega/Descargas/crypto-etl-airflow/airflow-apache/lib/python3.11/site-packages/airflow/example_dags/example_kubernetes_executor.py for tasks to queue
[2025-04-27T23:16:34.970-0300] {logging_mixin.py:188} INFO - [2025-04-27T23:16:34.970-0300] {dagbag.py:540} INFO - Filling up the DagBag from /home/facuvega/Descargas/crypto-etl-airflow/airflow-apache/lib/python3.11/site-packages/airflow/example_dags/example_kubernetes_executor.py
[2025-04-27T23:16:34.982-0300] {processor.py:840} INFO - DAG(s) 'example_kubernetes_executor' retrieved from /home/facuvega/Descargas/crypto-etl-airflow/airflow-apache/lib/python3.11/site-packages/airflow/example_dags/example_kubernetes_executor.py
[2025-04-27T23:16:35.011-0300] {logging_mixin.py:188} INFO - [2025-04-27T23:16:35.010-0300] {dag.py:3096} INFO - Sync 1 DAGs
[2025-04-27T23:16:35.022-0300] {logging_mixin.py:188} INFO - [2025-04-27T23:16:35.022-0300] {dag.py:3954} INFO - Setting next_dagrun for example_kubernetes_executor to None, run_after=None
[2025-04-27T23:16:35.040-0300] {processor.py:183} INFO - Processing /home/facuvega/Descargas/crypto-etl-airflow/airflow-apache/lib/python3.11/site-packages/airflow/example_dags/example_kubernetes_executor.py took 0.078 seconds
[2025-04-27T23:17:39.222-0300] {processor.py:161} INFO - Started process (PID=57728) to work on /home/facuvega/Descargas/crypto-etl-airflow/airflow-apache/lib/python3.11/site-packages/airflow/example_dags/example_kubernetes_executor.py
[2025-04-27T23:17:39.223-0300] {processor.py:830} INFO - Processing file /home/facuvega/Descargas/crypto-etl-airflow/airflow-apache/lib/python3.11/site-packages/airflow/example_dags/example_kubernetes_executor.py for tasks to queue
[2025-04-27T23:17:39.224-0300] {logging_mixin.py:188} INFO - [2025-04-27T23:17:39.224-0300] {dagbag.py:540} INFO - Filling up the DagBag from /home/facuvega/Descargas/crypto-etl-airflow/airflow-apache/lib/python3.11/site-packages/airflow/example_dags/example_kubernetes_executor.py
[2025-04-27T23:17:39.235-0300] {processor.py:840} INFO - DAG(s) 'example_kubernetes_executor' retrieved from /home/facuvega/Descargas/crypto-etl-airflow/airflow-apache/lib/python3.11/site-packages/airflow/example_dags/example_kubernetes_executor.py
[2025-04-27T23:17:39.261-0300] {logging_mixin.py:188} INFO - [2025-04-27T23:17:39.261-0300] {dag.py:3096} INFO - Sync 1 DAGs
[2025-04-27T23:17:39.271-0300] {logging_mixin.py:188} INFO - [2025-04-27T23:17:39.271-0300] {dag.py:3954} INFO - Setting next_dagrun for example_kubernetes_executor to None, run_after=None
[2025-04-27T23:17:39.286-0300] {processor.py:183} INFO - Processing /home/facuvega/Descargas/crypto-etl-airflow/airflow-apache/lib/python3.11/site-packages/airflow/example_dags/example_kubernetes_executor.py took 0.069 seconds
[2025-04-27T23:18:47.759-0300] {processor.py:161} INFO - Started process (PID=58205) to work on /home/facuvega/Descargas/crypto-etl-airflow/airflow-apache/lib/python3.11/site-packages/airflow/example_dags/example_kubernetes_executor.py
[2025-04-27T23:18:47.768-0300] {processor.py:830} INFO - Processing file /home/facuvega/Descargas/crypto-etl-airflow/airflow-apache/lib/python3.11/site-packages/airflow/example_dags/example_kubernetes_executor.py for tasks to queue
[2025-04-27T23:18:47.774-0300] {logging_mixin.py:188} INFO - [2025-04-27T23:18:47.774-0300] {dagbag.py:540} INFO - Filling up the DagBag from /home/facuvega/Descargas/crypto-etl-airflow/airflow-apache/lib/python3.11/site-packages/airflow/example_dags/example_kubernetes_executor.py
[2025-04-27T23:18:47.831-0300] {processor.py:840} INFO - DAG(s) 'example_kubernetes_executor' retrieved from /home/facuvega/Descargas/crypto-etl-airflow/airflow-apache/lib/python3.11/site-packages/airflow/example_dags/example_kubernetes_executor.py
[2025-04-27T23:18:47.910-0300] {logging_mixin.py:188} INFO - [2025-04-27T23:18:47.909-0300] {dag.py:3096} INFO - Sync 1 DAGs
[2025-04-27T23:18:47.938-0300] {logging_mixin.py:188} INFO - [2025-04-27T23:18:47.938-0300] {dag.py:3954} INFO - Setting next_dagrun for example_kubernetes_executor to None, run_after=None
[2025-04-27T23:18:47.978-0300] {processor.py:183} INFO - Processing /home/facuvega/Descargas/crypto-etl-airflow/airflow-apache/lib/python3.11/site-packages/airflow/example_dags/example_kubernetes_executor.py took 0.249 seconds
