[2025-04-27T23:00:49.236-0300] {processor.py:161} INFO - Started process (PID=51862) to work on /home/facuvega/Descargas/crypto-etl-airflow/airflow-apache/lib/python3.11/site-packages/airflow/example_dags/example_sensor_decorator.py
[2025-04-27T23:00:49.237-0300] {processor.py:830} INFO - Processing file /home/facuvega/Descargas/crypto-etl-airflow/airflow-apache/lib/python3.11/site-packages/airflow/example_dags/example_sensor_decorator.py for tasks to queue
[2025-04-27T23:00:49.239-0300] {logging_mixin.py:188} INFO - [2025-04-27T23:00:49.238-0300] {dagbag.py:540} INFO - Filling up the DagBag from /home/facuvega/Descargas/crypto-etl-airflow/airflow-apache/lib/python3.11/site-packages/airflow/example_dags/example_sensor_decorator.py
[2025-04-27T23:00:49.244-0300] {processor.py:840} INFO - DAG(s) 'example_sensor_decorator' retrieved from /home/facuvega/Descargas/crypto-etl-airflow/airflow-apache/lib/python3.11/site-packages/airflow/example_dags/example_sensor_decorator.py
[2025-04-27T23:00:49.316-0300] {logging_mixin.py:188} INFO - [2025-04-27T23:00:49.316-0300] {dag.py:3096} INFO - Sync 1 DAGs
[2025-04-27T23:00:49.322-0300] {logging_mixin.py:188} INFO - [2025-04-27T23:00:49.322-0300] {dag.py:3954} INFO - Setting next_dagrun for example_sensor_decorator to None, run_after=None
[2025-04-27T23:00:49.339-0300] {processor.py:183} INFO - Processing /home/facuvega/Descargas/crypto-etl-airflow/airflow-apache/lib/python3.11/site-packages/airflow/example_dags/example_sensor_decorator.py took 0.108 seconds
[2025-04-27T23:05:47.337-0300] {processor.py:161} INFO - Started process (PID=53949) to work on /home/facuvega/Descargas/crypto-etl-airflow/airflow-apache/lib/python3.11/site-packages/airflow/example_dags/example_sensor_decorator.py
[2025-04-27T23:05:47.338-0300] {processor.py:830} INFO - Processing file /home/facuvega/Descargas/crypto-etl-airflow/airflow-apache/lib/python3.11/site-packages/airflow/example_dags/example_sensor_decorator.py for tasks to queue
[2025-04-27T23:05:47.341-0300] {logging_mixin.py:188} INFO - [2025-04-27T23:05:47.339-0300] {dagbag.py:540} INFO - Filling up the DagBag from /home/facuvega/Descargas/crypto-etl-airflow/airflow-apache/lib/python3.11/site-packages/airflow/example_dags/example_sensor_decorator.py
[2025-04-27T23:05:47.348-0300] {processor.py:840} INFO - DAG(s) 'example_sensor_decorator' retrieved from /home/facuvega/Descargas/crypto-etl-airflow/airflow-apache/lib/python3.11/site-packages/airflow/example_dags/example_sensor_decorator.py
[2025-04-27T23:05:47.369-0300] {logging_mixin.py:188} INFO - [2025-04-27T23:05:47.369-0300] {dag.py:3096} INFO - Sync 1 DAGs
[2025-04-27T23:05:47.378-0300] {logging_mixin.py:188} INFO - [2025-04-27T23:05:47.378-0300] {dag.py:3954} INFO - Setting next_dagrun for example_sensor_decorator to None, run_after=None
[2025-04-27T23:05:47.391-0300] {processor.py:183} INFO - Processing /home/facuvega/Descargas/crypto-etl-airflow/airflow-apache/lib/python3.11/site-packages/airflow/example_dags/example_sensor_decorator.py took 0.060 seconds
[2025-04-27T23:06:38.045-0300] {processor.py:161} INFO - Started process (PID=54298) to work on /home/facuvega/Descargas/crypto-etl-airflow/airflow-apache/lib/python3.11/site-packages/airflow/example_dags/example_sensor_decorator.py
[2025-04-27T23:06:38.046-0300] {processor.py:830} INFO - Processing file /home/facuvega/Descargas/crypto-etl-airflow/airflow-apache/lib/python3.11/site-packages/airflow/example_dags/example_sensor_decorator.py for tasks to queue
[2025-04-27T23:06:38.047-0300] {logging_mixin.py:188} INFO - [2025-04-27T23:06:38.047-0300] {dagbag.py:540} INFO - Filling up the DagBag from /home/facuvega/Descargas/crypto-etl-airflow/airflow-apache/lib/python3.11/site-packages/airflow/example_dags/example_sensor_decorator.py
[2025-04-27T23:06:38.058-0300] {processor.py:840} INFO - DAG(s) 'example_sensor_decorator' retrieved from /home/facuvega/Descargas/crypto-etl-airflow/airflow-apache/lib/python3.11/site-packages/airflow/example_dags/example_sensor_decorator.py
[2025-04-27T23:06:38.076-0300] {logging_mixin.py:188} INFO - [2025-04-27T23:06:38.076-0300] {dag.py:3096} INFO - Sync 1 DAGs
[2025-04-27T23:06:38.091-0300] {logging_mixin.py:188} INFO - [2025-04-27T23:06:38.091-0300] {dag.py:3954} INFO - Setting next_dagrun for example_sensor_decorator to None, run_after=None
[2025-04-27T23:06:38.115-0300] {processor.py:183} INFO - Processing /home/facuvega/Descargas/crypto-etl-airflow/airflow-apache/lib/python3.11/site-packages/airflow/example_dags/example_sensor_decorator.py took 0.076 seconds
[2025-04-27T23:07:27.148-0300] {processor.py:161} INFO - Started process (PID=54579) to work on /home/facuvega/Descargas/crypto-etl-airflow/airflow-apache/lib/python3.11/site-packages/airflow/example_dags/example_sensor_decorator.py
[2025-04-27T23:07:27.150-0300] {processor.py:830} INFO - Processing file /home/facuvega/Descargas/crypto-etl-airflow/airflow-apache/lib/python3.11/site-packages/airflow/example_dags/example_sensor_decorator.py for tasks to queue
[2025-04-27T23:07:27.151-0300] {logging_mixin.py:188} INFO - [2025-04-27T23:07:27.151-0300] {dagbag.py:540} INFO - Filling up the DagBag from /home/facuvega/Descargas/crypto-etl-airflow/airflow-apache/lib/python3.11/site-packages/airflow/example_dags/example_sensor_decorator.py
[2025-04-27T23:07:27.157-0300] {processor.py:840} INFO - DAG(s) 'example_sensor_decorator' retrieved from /home/facuvega/Descargas/crypto-etl-airflow/airflow-apache/lib/python3.11/site-packages/airflow/example_dags/example_sensor_decorator.py
[2025-04-27T23:07:27.171-0300] {logging_mixin.py:188} INFO - [2025-04-27T23:07:27.171-0300] {dag.py:3096} INFO - Sync 1 DAGs
[2025-04-27T23:07:27.179-0300] {logging_mixin.py:188} INFO - [2025-04-27T23:07:27.179-0300] {dag.py:3954} INFO - Setting next_dagrun for example_sensor_decorator to None, run_after=None
[2025-04-27T23:07:27.193-0300] {processor.py:183} INFO - Processing /home/facuvega/Descargas/crypto-etl-airflow/airflow-apache/lib/python3.11/site-packages/airflow/example_dags/example_sensor_decorator.py took 0.050 seconds
[2025-04-27T23:08:27.520-0300] {processor.py:161} INFO - Started process (PID=54854) to work on /home/facuvega/Descargas/crypto-etl-airflow/airflow-apache/lib/python3.11/site-packages/airflow/example_dags/example_sensor_decorator.py
[2025-04-27T23:08:27.521-0300] {processor.py:830} INFO - Processing file /home/facuvega/Descargas/crypto-etl-airflow/airflow-apache/lib/python3.11/site-packages/airflow/example_dags/example_sensor_decorator.py for tasks to queue
[2025-04-27T23:08:27.523-0300] {logging_mixin.py:188} INFO - [2025-04-27T23:08:27.522-0300] {dagbag.py:540} INFO - Filling up the DagBag from /home/facuvega/Descargas/crypto-etl-airflow/airflow-apache/lib/python3.11/site-packages/airflow/example_dags/example_sensor_decorator.py
[2025-04-27T23:08:27.528-0300] {processor.py:840} INFO - DAG(s) 'example_sensor_decorator' retrieved from /home/facuvega/Descargas/crypto-etl-airflow/airflow-apache/lib/python3.11/site-packages/airflow/example_dags/example_sensor_decorator.py
[2025-04-27T23:08:27.540-0300] {logging_mixin.py:188} INFO - [2025-04-27T23:08:27.540-0300] {dag.py:3096} INFO - Sync 1 DAGs
[2025-04-27T23:08:27.550-0300] {logging_mixin.py:188} INFO - [2025-04-27T23:08:27.549-0300] {dag.py:3954} INFO - Setting next_dagrun for example_sensor_decorator to None, run_after=None
[2025-04-27T23:08:27.565-0300] {processor.py:183} INFO - Processing /home/facuvega/Descargas/crypto-etl-airflow/airflow-apache/lib/python3.11/site-packages/airflow/example_dags/example_sensor_decorator.py took 0.050 seconds
[2025-04-27T23:09:30.302-0300] {processor.py:161} INFO - Started process (PID=55133) to work on /home/facuvega/Descargas/crypto-etl-airflow/airflow-apache/lib/python3.11/site-packages/airflow/example_dags/example_sensor_decorator.py
[2025-04-27T23:09:30.303-0300] {processor.py:830} INFO - Processing file /home/facuvega/Descargas/crypto-etl-airflow/airflow-apache/lib/python3.11/site-packages/airflow/example_dags/example_sensor_decorator.py for tasks to queue
[2025-04-27T23:09:30.304-0300] {logging_mixin.py:188} INFO - [2025-04-27T23:09:30.304-0300] {dagbag.py:540} INFO - Filling up the DagBag from /home/facuvega/Descargas/crypto-etl-airflow/airflow-apache/lib/python3.11/site-packages/airflow/example_dags/example_sensor_decorator.py
[2025-04-27T23:09:30.309-0300] {processor.py:840} INFO - DAG(s) 'example_sensor_decorator' retrieved from /home/facuvega/Descargas/crypto-etl-airflow/airflow-apache/lib/python3.11/site-packages/airflow/example_dags/example_sensor_decorator.py
[2025-04-27T23:09:30.322-0300] {logging_mixin.py:188} INFO - [2025-04-27T23:09:30.322-0300] {dag.py:3096} INFO - Sync 1 DAGs
[2025-04-27T23:09:30.331-0300] {logging_mixin.py:188} INFO - [2025-04-27T23:09:30.331-0300] {dag.py:3954} INFO - Setting next_dagrun for example_sensor_decorator to None, run_after=None
[2025-04-27T23:09:30.344-0300] {processor.py:183} INFO - Processing /home/facuvega/Descargas/crypto-etl-airflow/airflow-apache/lib/python3.11/site-packages/airflow/example_dags/example_sensor_decorator.py took 0.047 seconds
[2025-04-27T23:10:29.446-0300] {processor.py:161} INFO - Started process (PID=55474) to work on /home/facuvega/Descargas/crypto-etl-airflow/airflow-apache/lib/python3.11/site-packages/airflow/example_dags/example_sensor_decorator.py
[2025-04-27T23:10:29.447-0300] {processor.py:830} INFO - Processing file /home/facuvega/Descargas/crypto-etl-airflow/airflow-apache/lib/python3.11/site-packages/airflow/example_dags/example_sensor_decorator.py for tasks to queue
[2025-04-27T23:10:29.449-0300] {logging_mixin.py:188} INFO - [2025-04-27T23:10:29.448-0300] {dagbag.py:540} INFO - Filling up the DagBag from /home/facuvega/Descargas/crypto-etl-airflow/airflow-apache/lib/python3.11/site-packages/airflow/example_dags/example_sensor_decorator.py
[2025-04-27T23:10:29.454-0300] {processor.py:840} INFO - DAG(s) 'example_sensor_decorator' retrieved from /home/facuvega/Descargas/crypto-etl-airflow/airflow-apache/lib/python3.11/site-packages/airflow/example_dags/example_sensor_decorator.py
[2025-04-27T23:10:29.466-0300] {logging_mixin.py:188} INFO - [2025-04-27T23:10:29.466-0300] {dag.py:3096} INFO - Sync 1 DAGs
[2025-04-27T23:10:29.474-0300] {logging_mixin.py:188} INFO - [2025-04-27T23:10:29.474-0300] {dag.py:3954} INFO - Setting next_dagrun for example_sensor_decorator to None, run_after=None
[2025-04-27T23:10:29.487-0300] {processor.py:183} INFO - Processing /home/facuvega/Descargas/crypto-etl-airflow/airflow-apache/lib/python3.11/site-packages/airflow/example_dags/example_sensor_decorator.py took 0.046 seconds
[2025-04-27T23:11:28.708-0300] {processor.py:161} INFO - Started process (PID=55869) to work on /home/facuvega/Descargas/crypto-etl-airflow/airflow-apache/lib/python3.11/site-packages/airflow/example_dags/example_sensor_decorator.py
[2025-04-27T23:11:28.709-0300] {processor.py:830} INFO - Processing file /home/facuvega/Descargas/crypto-etl-airflow/airflow-apache/lib/python3.11/site-packages/airflow/example_dags/example_sensor_decorator.py for tasks to queue
[2025-04-27T23:11:28.711-0300] {logging_mixin.py:188} INFO - [2025-04-27T23:11:28.710-0300] {dagbag.py:540} INFO - Filling up the DagBag from /home/facuvega/Descargas/crypto-etl-airflow/airflow-apache/lib/python3.11/site-packages/airflow/example_dags/example_sensor_decorator.py
[2025-04-27T23:11:28.716-0300] {processor.py:840} INFO - DAG(s) 'example_sensor_decorator' retrieved from /home/facuvega/Descargas/crypto-etl-airflow/airflow-apache/lib/python3.11/site-packages/airflow/example_dags/example_sensor_decorator.py
[2025-04-27T23:11:28.729-0300] {logging_mixin.py:188} INFO - [2025-04-27T23:11:28.729-0300] {dag.py:3096} INFO - Sync 1 DAGs
[2025-04-27T23:11:28.739-0300] {logging_mixin.py:188} INFO - [2025-04-27T23:11:28.738-0300] {dag.py:3954} INFO - Setting next_dagrun for example_sensor_decorator to None, run_after=None
[2025-04-27T23:11:28.753-0300] {processor.py:183} INFO - Processing /home/facuvega/Descargas/crypto-etl-airflow/airflow-apache/lib/python3.11/site-packages/airflow/example_dags/example_sensor_decorator.py took 0.050 seconds
[2025-04-27T23:12:26.893-0300] {processor.py:161} INFO - Started process (PID=56149) to work on /home/facuvega/Descargas/crypto-etl-airflow/airflow-apache/lib/python3.11/site-packages/airflow/example_dags/example_sensor_decorator.py
[2025-04-27T23:12:26.894-0300] {processor.py:830} INFO - Processing file /home/facuvega/Descargas/crypto-etl-airflow/airflow-apache/lib/python3.11/site-packages/airflow/example_dags/example_sensor_decorator.py for tasks to queue
[2025-04-27T23:12:26.896-0300] {logging_mixin.py:188} INFO - [2025-04-27T23:12:26.896-0300] {dagbag.py:540} INFO - Filling up the DagBag from /home/facuvega/Descargas/crypto-etl-airflow/airflow-apache/lib/python3.11/site-packages/airflow/example_dags/example_sensor_decorator.py
[2025-04-27T23:12:26.901-0300] {processor.py:840} INFO - DAG(s) 'example_sensor_decorator' retrieved from /home/facuvega/Descargas/crypto-etl-airflow/airflow-apache/lib/python3.11/site-packages/airflow/example_dags/example_sensor_decorator.py
[2025-04-27T23:12:26.913-0300] {logging_mixin.py:188} INFO - [2025-04-27T23:12:26.913-0300] {dag.py:3096} INFO - Sync 1 DAGs
[2025-04-27T23:12:26.921-0300] {logging_mixin.py:188} INFO - [2025-04-27T23:12:26.921-0300] {dag.py:3954} INFO - Setting next_dagrun for example_sensor_decorator to None, run_after=None
[2025-04-27T23:12:26.938-0300] {processor.py:183} INFO - Processing /home/facuvega/Descargas/crypto-etl-airflow/airflow-apache/lib/python3.11/site-packages/airflow/example_dags/example_sensor_decorator.py took 0.049 seconds
[2025-04-27T23:13:26.079-0300] {processor.py:161} INFO - Started process (PID=56444) to work on /home/facuvega/Descargas/crypto-etl-airflow/airflow-apache/lib/python3.11/site-packages/airflow/example_dags/example_sensor_decorator.py
[2025-04-27T23:13:26.080-0300] {processor.py:830} INFO - Processing file /home/facuvega/Descargas/crypto-etl-airflow/airflow-apache/lib/python3.11/site-packages/airflow/example_dags/example_sensor_decorator.py for tasks to queue
[2025-04-27T23:13:26.081-0300] {logging_mixin.py:188} INFO - [2025-04-27T23:13:26.081-0300] {dagbag.py:540} INFO - Filling up the DagBag from /home/facuvega/Descargas/crypto-etl-airflow/airflow-apache/lib/python3.11/site-packages/airflow/example_dags/example_sensor_decorator.py
[2025-04-27T23:13:26.089-0300] {processor.py:840} INFO - DAG(s) 'example_sensor_decorator' retrieved from /home/facuvega/Descargas/crypto-etl-airflow/airflow-apache/lib/python3.11/site-packages/airflow/example_dags/example_sensor_decorator.py
[2025-04-27T23:13:26.102-0300] {logging_mixin.py:188} INFO - [2025-04-27T23:13:26.101-0300] {dag.py:3096} INFO - Sync 1 DAGs
[2025-04-27T23:13:26.109-0300] {logging_mixin.py:188} INFO - [2025-04-27T23:13:26.109-0300] {dag.py:3954} INFO - Setting next_dagrun for example_sensor_decorator to None, run_after=None
[2025-04-27T23:13:26.122-0300] {processor.py:183} INFO - Processing /home/facuvega/Descargas/crypto-etl-airflow/airflow-apache/lib/python3.11/site-packages/airflow/example_dags/example_sensor_decorator.py took 0.049 seconds
[2025-04-27T23:14:32.623-0300] {processor.py:161} INFO - Started process (PID=56742) to work on /home/facuvega/Descargas/crypto-etl-airflow/airflow-apache/lib/python3.11/site-packages/airflow/example_dags/example_sensor_decorator.py
[2025-04-27T23:14:32.625-0300] {processor.py:830} INFO - Processing file /home/facuvega/Descargas/crypto-etl-airflow/airflow-apache/lib/python3.11/site-packages/airflow/example_dags/example_sensor_decorator.py for tasks to queue
[2025-04-27T23:14:32.627-0300] {logging_mixin.py:188} INFO - [2025-04-27T23:14:32.627-0300] {dagbag.py:540} INFO - Filling up the DagBag from /home/facuvega/Descargas/crypto-etl-airflow/airflow-apache/lib/python3.11/site-packages/airflow/example_dags/example_sensor_decorator.py
[2025-04-27T23:14:32.643-0300] {processor.py:840} INFO - DAG(s) 'example_sensor_decorator' retrieved from /home/facuvega/Descargas/crypto-etl-airflow/airflow-apache/lib/python3.11/site-packages/airflow/example_dags/example_sensor_decorator.py
[2025-04-27T23:14:32.665-0300] {logging_mixin.py:188} INFO - [2025-04-27T23:14:32.665-0300] {dag.py:3096} INFO - Sync 1 DAGs
[2025-04-27T23:14:32.680-0300] {logging_mixin.py:188} INFO - [2025-04-27T23:14:32.679-0300] {dag.py:3954} INFO - Setting next_dagrun for example_sensor_decorator to None, run_after=None
[2025-04-27T23:14:32.706-0300] {processor.py:183} INFO - Processing /home/facuvega/Descargas/crypto-etl-airflow/airflow-apache/lib/python3.11/site-packages/airflow/example_dags/example_sensor_decorator.py took 0.099 seconds
[2025-04-27T23:15:16.677-0300] {processor.py:161} INFO - Started process (PID=56947) to work on /home/facuvega/Descargas/crypto-etl-airflow/airflow-apache/lib/python3.11/site-packages/airflow/example_dags/example_sensor_decorator.py
[2025-04-27T23:15:16.678-0300] {processor.py:830} INFO - Processing file /home/facuvega/Descargas/crypto-etl-airflow/airflow-apache/lib/python3.11/site-packages/airflow/example_dags/example_sensor_decorator.py for tasks to queue
[2025-04-27T23:15:16.679-0300] {logging_mixin.py:188} INFO - [2025-04-27T23:15:16.679-0300] {dagbag.py:540} INFO - Filling up the DagBag from /home/facuvega/Descargas/crypto-etl-airflow/airflow-apache/lib/python3.11/site-packages/airflow/example_dags/example_sensor_decorator.py
[2025-04-27T23:15:16.685-0300] {processor.py:840} INFO - DAG(s) 'example_sensor_decorator' retrieved from /home/facuvega/Descargas/crypto-etl-airflow/airflow-apache/lib/python3.11/site-packages/airflow/example_dags/example_sensor_decorator.py
[2025-04-27T23:15:16.698-0300] {logging_mixin.py:188} INFO - [2025-04-27T23:15:16.697-0300] {dag.py:3096} INFO - Sync 1 DAGs
[2025-04-27T23:15:16.706-0300] {logging_mixin.py:188} INFO - [2025-04-27T23:15:16.706-0300] {dag.py:3954} INFO - Setting next_dagrun for example_sensor_decorator to None, run_after=None
[2025-04-27T23:15:16.719-0300] {processor.py:183} INFO - Processing /home/facuvega/Descargas/crypto-etl-airflow/airflow-apache/lib/python3.11/site-packages/airflow/example_dags/example_sensor_decorator.py took 0.047 seconds
[2025-04-27T23:16:10.726-0300] {processor.py:161} INFO - Started process (PID=57254) to work on /home/facuvega/Descargas/crypto-etl-airflow/airflow-apache/lib/python3.11/site-packages/airflow/example_dags/example_sensor_decorator.py
[2025-04-27T23:16:10.727-0300] {processor.py:830} INFO - Processing file /home/facuvega/Descargas/crypto-etl-airflow/airflow-apache/lib/python3.11/site-packages/airflow/example_dags/example_sensor_decorator.py for tasks to queue
[2025-04-27T23:16:10.729-0300] {logging_mixin.py:188} INFO - [2025-04-27T23:16:10.729-0300] {dagbag.py:540} INFO - Filling up the DagBag from /home/facuvega/Descargas/crypto-etl-airflow/airflow-apache/lib/python3.11/site-packages/airflow/example_dags/example_sensor_decorator.py
[2025-04-27T23:16:10.735-0300] {processor.py:840} INFO - DAG(s) 'example_sensor_decorator' retrieved from /home/facuvega/Descargas/crypto-etl-airflow/airflow-apache/lib/python3.11/site-packages/airflow/example_dags/example_sensor_decorator.py
[2025-04-27T23:16:10.747-0300] {logging_mixin.py:188} INFO - [2025-04-27T23:16:10.747-0300] {dag.py:3096} INFO - Sync 1 DAGs
[2025-04-27T23:16:10.755-0300] {logging_mixin.py:188} INFO - [2025-04-27T23:16:10.755-0300] {dag.py:3954} INFO - Setting next_dagrun for example_sensor_decorator to None, run_after=None
[2025-04-27T23:16:10.768-0300] {processor.py:183} INFO - Processing /home/facuvega/Descargas/crypto-etl-airflow/airflow-apache/lib/python3.11/site-packages/airflow/example_dags/example_sensor_decorator.py took 0.047 seconds
[2025-04-27T23:17:11.056-0300] {processor.py:161} INFO - Started process (PID=57567) to work on /home/facuvega/Descargas/crypto-etl-airflow/airflow-apache/lib/python3.11/site-packages/airflow/example_dags/example_sensor_decorator.py
[2025-04-27T23:17:11.057-0300] {processor.py:830} INFO - Processing file /home/facuvega/Descargas/crypto-etl-airflow/airflow-apache/lib/python3.11/site-packages/airflow/example_dags/example_sensor_decorator.py for tasks to queue
[2025-04-27T23:17:11.059-0300] {logging_mixin.py:188} INFO - [2025-04-27T23:17:11.058-0300] {dagbag.py:540} INFO - Filling up the DagBag from /home/facuvega/Descargas/crypto-etl-airflow/airflow-apache/lib/python3.11/site-packages/airflow/example_dags/example_sensor_decorator.py
[2025-04-27T23:17:11.066-0300] {processor.py:840} INFO - DAG(s) 'example_sensor_decorator' retrieved from /home/facuvega/Descargas/crypto-etl-airflow/airflow-apache/lib/python3.11/site-packages/airflow/example_dags/example_sensor_decorator.py
[2025-04-27T23:17:11.085-0300] {logging_mixin.py:188} INFO - [2025-04-27T23:17:11.084-0300] {dag.py:3096} INFO - Sync 1 DAGs
[2025-04-27T23:17:11.097-0300] {logging_mixin.py:188} INFO - [2025-04-27T23:17:11.097-0300] {dag.py:3954} INFO - Setting next_dagrun for example_sensor_decorator to None, run_after=None
[2025-04-27T23:17:11.117-0300] {processor.py:183} INFO - Processing /home/facuvega/Descargas/crypto-etl-airflow/airflow-apache/lib/python3.11/site-packages/airflow/example_dags/example_sensor_decorator.py took 0.068 seconds
[2025-04-27T23:17:56.212-0300] {processor.py:161} INFO - Started process (PID=57862) to work on /home/facuvega/Descargas/crypto-etl-airflow/airflow-apache/lib/python3.11/site-packages/airflow/example_dags/example_sensor_decorator.py
[2025-04-27T23:17:56.213-0300] {processor.py:830} INFO - Processing file /home/facuvega/Descargas/crypto-etl-airflow/airflow-apache/lib/python3.11/site-packages/airflow/example_dags/example_sensor_decorator.py for tasks to queue
[2025-04-27T23:17:56.215-0300] {logging_mixin.py:188} INFO - [2025-04-27T23:17:56.214-0300] {dagbag.py:540} INFO - Filling up the DagBag from /home/facuvega/Descargas/crypto-etl-airflow/airflow-apache/lib/python3.11/site-packages/airflow/example_dags/example_sensor_decorator.py
[2025-04-27T23:17:56.221-0300] {processor.py:840} INFO - DAG(s) 'example_sensor_decorator' retrieved from /home/facuvega/Descargas/crypto-etl-airflow/airflow-apache/lib/python3.11/site-packages/airflow/example_dags/example_sensor_decorator.py
[2025-04-27T23:17:56.236-0300] {logging_mixin.py:188} INFO - [2025-04-27T23:17:56.236-0300] {dag.py:3096} INFO - Sync 1 DAGs
[2025-04-27T23:17:56.246-0300] {logging_mixin.py:188} INFO - [2025-04-27T23:17:56.246-0300] {dag.py:3954} INFO - Setting next_dagrun for example_sensor_decorator to None, run_after=None
[2025-04-27T23:17:56.261-0300] {processor.py:183} INFO - Processing /home/facuvega/Descargas/crypto-etl-airflow/airflow-apache/lib/python3.11/site-packages/airflow/example_dags/example_sensor_decorator.py took 0.054 seconds
[2025-04-27T23:18:43.130-0300] {processor.py:161} INFO - Started process (PID=58163) to work on /home/facuvega/Descargas/crypto-etl-airflow/airflow-apache/lib/python3.11/site-packages/airflow/example_dags/example_sensor_decorator.py
[2025-04-27T23:18:43.131-0300] {processor.py:830} INFO - Processing file /home/facuvega/Descargas/crypto-etl-airflow/airflow-apache/lib/python3.11/site-packages/airflow/example_dags/example_sensor_decorator.py for tasks to queue
[2025-04-27T23:18:43.132-0300] {logging_mixin.py:188} INFO - [2025-04-27T23:18:43.132-0300] {dagbag.py:540} INFO - Filling up the DagBag from /home/facuvega/Descargas/crypto-etl-airflow/airflow-apache/lib/python3.11/site-packages/airflow/example_dags/example_sensor_decorator.py
[2025-04-27T23:18:43.138-0300] {processor.py:840} INFO - DAG(s) 'example_sensor_decorator' retrieved from /home/facuvega/Descargas/crypto-etl-airflow/airflow-apache/lib/python3.11/site-packages/airflow/example_dags/example_sensor_decorator.py
[2025-04-27T23:18:43.151-0300] {logging_mixin.py:188} INFO - [2025-04-27T23:18:43.151-0300] {dag.py:3096} INFO - Sync 1 DAGs
[2025-04-27T23:18:43.160-0300] {logging_mixin.py:188} INFO - [2025-04-27T23:18:43.159-0300] {dag.py:3954} INFO - Setting next_dagrun for example_sensor_decorator to None, run_after=None
[2025-04-27T23:18:43.176-0300] {processor.py:183} INFO - Processing /home/facuvega/Descargas/crypto-etl-airflow/airflow-apache/lib/python3.11/site-packages/airflow/example_dags/example_sensor_decorator.py took 0.051 seconds
