[2025-04-27T23:00:34.698-0300] {processor.py:161} INFO - Started process (PID=51799) to work on /home/facuvega/Descargas/crypto-etl-airflow/airflow-apache/lib/python3.11/site-packages/airflow/example_dags/example_skip_dag.py
[2025-04-27T23:00:34.699-0300] {processor.py:830} INFO - Processing file /home/facuvega/Descargas/crypto-etl-airflow/airflow-apache/lib/python3.11/site-packages/airflow/example_dags/example_skip_dag.py for tasks to queue
[2025-04-27T23:00:34.700-0300] {logging_mixin.py:188} INFO - [2025-04-27T23:00:34.700-0300] {dagbag.py:540} INFO - Filling up the DagBag from /home/facuvega/Descargas/crypto-etl-airflow/airflow-apache/lib/python3.11/site-packages/airflow/example_dags/example_skip_dag.py
[2025-04-27T23:00:34.708-0300] {processor.py:840} INFO - DAG(s) 'example_skip_dag' retrieved from /home/facuvega/Descargas/crypto-etl-airflow/airflow-apache/lib/python3.11/site-packages/airflow/example_dags/example_skip_dag.py
[2025-04-27T23:00:34.716-0300] {logging_mixin.py:188} INFO - [2025-04-27T23:00:34.716-0300] {dag.py:3096} INFO - Sync 1 DAGs
[2025-04-27T23:00:34.731-0300] {logging_mixin.py:188} INFO - [2025-04-27T23:00:34.731-0300] {dag.py:3954} INFO - Setting next_dagrun for example_skip_dag to 2025-04-27 00:00:00+00:00, run_after=2025-04-28 00:00:00+00:00
[2025-04-27T23:00:34.745-0300] {processor.py:183} INFO - Processing /home/facuvega/Descargas/crypto-etl-airflow/airflow-apache/lib/python3.11/site-packages/airflow/example_dags/example_skip_dag.py took 0.053 seconds
[2025-04-27T23:05:33.606-0300] {processor.py:161} INFO - Started process (PID=53768) to work on /home/facuvega/Descargas/crypto-etl-airflow/airflow-apache/lib/python3.11/site-packages/airflow/example_dags/example_skip_dag.py
[2025-04-27T23:05:33.610-0300] {processor.py:830} INFO - Processing file /home/facuvega/Descargas/crypto-etl-airflow/airflow-apache/lib/python3.11/site-packages/airflow/example_dags/example_skip_dag.py for tasks to queue
[2025-04-27T23:05:33.614-0300] {logging_mixin.py:188} INFO - [2025-04-27T23:05:33.612-0300] {dagbag.py:540} INFO - Filling up the DagBag from /home/facuvega/Descargas/crypto-etl-airflow/airflow-apache/lib/python3.11/site-packages/airflow/example_dags/example_skip_dag.py
[2025-04-27T23:05:33.643-0300] {processor.py:840} INFO - DAG(s) 'example_skip_dag' retrieved from /home/facuvega/Descargas/crypto-etl-airflow/airflow-apache/lib/python3.11/site-packages/airflow/example_dags/example_skip_dag.py
[2025-04-27T23:05:33.835-0300] {logging_mixin.py:188} INFO - [2025-04-27T23:05:33.834-0300] {dag.py:3096} INFO - Sync 1 DAGs
[2025-04-27T23:05:33.890-0300] {logging_mixin.py:188} INFO - [2025-04-27T23:05:33.886-0300] {dag.py:3954} INFO - Setting next_dagrun for example_skip_dag to 2025-04-27 00:00:00+00:00, run_after=2025-04-28 00:00:00+00:00
[2025-04-27T23:05:33.931-0300] {processor.py:183} INFO - Processing /home/facuvega/Descargas/crypto-etl-airflow/airflow-apache/lib/python3.11/site-packages/airflow/example_dags/example_skip_dag.py took 0.359 seconds
[2025-04-27T23:06:25.440-0300] {processor.py:161} INFO - Started process (PID=54147) to work on /home/facuvega/Descargas/crypto-etl-airflow/airflow-apache/lib/python3.11/site-packages/airflow/example_dags/example_skip_dag.py
[2025-04-27T23:06:25.441-0300] {processor.py:830} INFO - Processing file /home/facuvega/Descargas/crypto-etl-airflow/airflow-apache/lib/python3.11/site-packages/airflow/example_dags/example_skip_dag.py for tasks to queue
[2025-04-27T23:06:25.443-0300] {logging_mixin.py:188} INFO - [2025-04-27T23:06:25.443-0300] {dagbag.py:540} INFO - Filling up the DagBag from /home/facuvega/Descargas/crypto-etl-airflow/airflow-apache/lib/python3.11/site-packages/airflow/example_dags/example_skip_dag.py
[2025-04-27T23:06:25.450-0300] {processor.py:840} INFO - DAG(s) 'example_skip_dag' retrieved from /home/facuvega/Descargas/crypto-etl-airflow/airflow-apache/lib/python3.11/site-packages/airflow/example_dags/example_skip_dag.py
[2025-04-27T23:06:25.464-0300] {logging_mixin.py:188} INFO - [2025-04-27T23:06:25.464-0300] {dag.py:3096} INFO - Sync 1 DAGs
[2025-04-27T23:06:25.479-0300] {logging_mixin.py:188} INFO - [2025-04-27T23:06:25.479-0300] {dag.py:3954} INFO - Setting next_dagrun for example_skip_dag to 2025-04-27 00:00:00+00:00, run_after=2025-04-28 00:00:00+00:00
[2025-04-27T23:06:25.494-0300] {processor.py:183} INFO - Processing /home/facuvega/Descargas/crypto-etl-airflow/airflow-apache/lib/python3.11/site-packages/airflow/example_dags/example_skip_dag.py took 0.059 seconds
[2025-04-27T23:07:15.719-0300] {processor.py:161} INFO - Started process (PID=54531) to work on /home/facuvega/Descargas/crypto-etl-airflow/airflow-apache/lib/python3.11/site-packages/airflow/example_dags/example_skip_dag.py
[2025-04-27T23:07:15.720-0300] {processor.py:830} INFO - Processing file /home/facuvega/Descargas/crypto-etl-airflow/airflow-apache/lib/python3.11/site-packages/airflow/example_dags/example_skip_dag.py for tasks to queue
[2025-04-27T23:07:15.722-0300] {logging_mixin.py:188} INFO - [2025-04-27T23:07:15.722-0300] {dagbag.py:540} INFO - Filling up the DagBag from /home/facuvega/Descargas/crypto-etl-airflow/airflow-apache/lib/python3.11/site-packages/airflow/example_dags/example_skip_dag.py
[2025-04-27T23:07:15.729-0300] {processor.py:840} INFO - DAG(s) 'example_skip_dag' retrieved from /home/facuvega/Descargas/crypto-etl-airflow/airflow-apache/lib/python3.11/site-packages/airflow/example_dags/example_skip_dag.py
[2025-04-27T23:07:15.744-0300] {logging_mixin.py:188} INFO - [2025-04-27T23:07:15.743-0300] {dag.py:3096} INFO - Sync 1 DAGs
[2025-04-27T23:07:15.760-0300] {logging_mixin.py:188} INFO - [2025-04-27T23:07:15.760-0300] {dag.py:3954} INFO - Setting next_dagrun for example_skip_dag to 2025-04-27 00:00:00+00:00, run_after=2025-04-28 00:00:00+00:00
[2025-04-27T23:07:15.777-0300] {processor.py:183} INFO - Processing /home/facuvega/Descargas/crypto-etl-airflow/airflow-apache/lib/python3.11/site-packages/airflow/example_dags/example_skip_dag.py took 0.062 seconds
[2025-04-27T23:07:56.217-0300] {processor.py:161} INFO - Started process (PID=54711) to work on /home/facuvega/Descargas/crypto-etl-airflow/airflow-apache/lib/python3.11/site-packages/airflow/example_dags/example_skip_dag.py
[2025-04-27T23:07:56.218-0300] {processor.py:830} INFO - Processing file /home/facuvega/Descargas/crypto-etl-airflow/airflow-apache/lib/python3.11/site-packages/airflow/example_dags/example_skip_dag.py for tasks to queue
[2025-04-27T23:07:56.220-0300] {logging_mixin.py:188} INFO - [2025-04-27T23:07:56.219-0300] {dagbag.py:540} INFO - Filling up the DagBag from /home/facuvega/Descargas/crypto-etl-airflow/airflow-apache/lib/python3.11/site-packages/airflow/example_dags/example_skip_dag.py
[2025-04-27T23:07:56.225-0300] {processor.py:840} INFO - DAG(s) 'example_skip_dag' retrieved from /home/facuvega/Descargas/crypto-etl-airflow/airflow-apache/lib/python3.11/site-packages/airflow/example_dags/example_skip_dag.py
[2025-04-27T23:07:56.239-0300] {logging_mixin.py:188} INFO - [2025-04-27T23:07:56.239-0300] {dag.py:3096} INFO - Sync 1 DAGs
[2025-04-27T23:07:56.260-0300] {logging_mixin.py:188} INFO - [2025-04-27T23:07:56.259-0300] {dag.py:3954} INFO - Setting next_dagrun for example_skip_dag to 2025-04-27 00:00:00+00:00, run_after=2025-04-28 00:00:00+00:00
[2025-04-27T23:07:56.273-0300] {processor.py:183} INFO - Processing /home/facuvega/Descargas/crypto-etl-airflow/airflow-apache/lib/python3.11/site-packages/airflow/example_dags/example_skip_dag.py took 0.062 seconds
[2025-04-27T23:08:37.215-0300] {processor.py:161} INFO - Started process (PID=54899) to work on /home/facuvega/Descargas/crypto-etl-airflow/airflow-apache/lib/python3.11/site-packages/airflow/example_dags/example_skip_dag.py
[2025-04-27T23:08:37.216-0300] {processor.py:830} INFO - Processing file /home/facuvega/Descargas/crypto-etl-airflow/airflow-apache/lib/python3.11/site-packages/airflow/example_dags/example_skip_dag.py for tasks to queue
[2025-04-27T23:08:37.217-0300] {logging_mixin.py:188} INFO - [2025-04-27T23:08:37.217-0300] {dagbag.py:540} INFO - Filling up the DagBag from /home/facuvega/Descargas/crypto-etl-airflow/airflow-apache/lib/python3.11/site-packages/airflow/example_dags/example_skip_dag.py
[2025-04-27T23:08:37.223-0300] {processor.py:840} INFO - DAG(s) 'example_skip_dag' retrieved from /home/facuvega/Descargas/crypto-etl-airflow/airflow-apache/lib/python3.11/site-packages/airflow/example_dags/example_skip_dag.py
[2025-04-27T23:08:37.235-0300] {logging_mixin.py:188} INFO - [2025-04-27T23:08:37.235-0300] {dag.py:3096} INFO - Sync 1 DAGs
[2025-04-27T23:08:37.248-0300] {logging_mixin.py:188} INFO - [2025-04-27T23:08:37.248-0300] {dag.py:3954} INFO - Setting next_dagrun for example_skip_dag to 2025-04-27 00:00:00+00:00, run_after=2025-04-28 00:00:00+00:00
[2025-04-27T23:08:37.260-0300] {processor.py:183} INFO - Processing /home/facuvega/Descargas/crypto-etl-airflow/airflow-apache/lib/python3.11/site-packages/airflow/example_dags/example_skip_dag.py took 0.050 seconds
[2025-04-27T23:09:20.366-0300] {processor.py:161} INFO - Started process (PID=55089) to work on /home/facuvega/Descargas/crypto-etl-airflow/airflow-apache/lib/python3.11/site-packages/airflow/example_dags/example_skip_dag.py
[2025-04-27T23:09:20.367-0300] {processor.py:830} INFO - Processing file /home/facuvega/Descargas/crypto-etl-airflow/airflow-apache/lib/python3.11/site-packages/airflow/example_dags/example_skip_dag.py for tasks to queue
[2025-04-27T23:09:20.368-0300] {logging_mixin.py:188} INFO - [2025-04-27T23:09:20.368-0300] {dagbag.py:540} INFO - Filling up the DagBag from /home/facuvega/Descargas/crypto-etl-airflow/airflow-apache/lib/python3.11/site-packages/airflow/example_dags/example_skip_dag.py
[2025-04-27T23:09:20.374-0300] {processor.py:840} INFO - DAG(s) 'example_skip_dag' retrieved from /home/facuvega/Descargas/crypto-etl-airflow/airflow-apache/lib/python3.11/site-packages/airflow/example_dags/example_skip_dag.py
[2025-04-27T23:09:20.388-0300] {logging_mixin.py:188} INFO - [2025-04-27T23:09:20.388-0300] {dag.py:3096} INFO - Sync 1 DAGs
[2025-04-27T23:09:20.404-0300] {logging_mixin.py:188} INFO - [2025-04-27T23:09:20.404-0300] {dag.py:3954} INFO - Setting next_dagrun for example_skip_dag to 2025-04-27 00:00:00+00:00, run_after=2025-04-28 00:00:00+00:00
[2025-04-27T23:09:20.420-0300] {processor.py:183} INFO - Processing /home/facuvega/Descargas/crypto-etl-airflow/airflow-apache/lib/python3.11/site-packages/airflow/example_dags/example_skip_dag.py took 0.059 seconds
[2025-04-27T23:10:00.871-0300] {processor.py:161} INFO - Started process (PID=55313) to work on /home/facuvega/Descargas/crypto-etl-airflow/airflow-apache/lib/python3.11/site-packages/airflow/example_dags/example_skip_dag.py
[2025-04-27T23:10:00.876-0300] {processor.py:830} INFO - Processing file /home/facuvega/Descargas/crypto-etl-airflow/airflow-apache/lib/python3.11/site-packages/airflow/example_dags/example_skip_dag.py for tasks to queue
[2025-04-27T23:10:00.878-0300] {logging_mixin.py:188} INFO - [2025-04-27T23:10:00.877-0300] {dagbag.py:540} INFO - Filling up the DagBag from /home/facuvega/Descargas/crypto-etl-airflow/airflow-apache/lib/python3.11/site-packages/airflow/example_dags/example_skip_dag.py
[2025-04-27T23:10:00.887-0300] {processor.py:840} INFO - DAG(s) 'example_skip_dag' retrieved from /home/facuvega/Descargas/crypto-etl-airflow/airflow-apache/lib/python3.11/site-packages/airflow/example_dags/example_skip_dag.py
[2025-04-27T23:10:00.908-0300] {logging_mixin.py:188} INFO - [2025-04-27T23:10:00.907-0300] {dag.py:3096} INFO - Sync 1 DAGs
[2025-04-27T23:10:00.932-0300] {logging_mixin.py:188} INFO - [2025-04-27T23:10:00.931-0300] {dag.py:3954} INFO - Setting next_dagrun for example_skip_dag to 2025-04-27 00:00:00+00:00, run_after=2025-04-28 00:00:00+00:00
[2025-04-27T23:10:00.975-0300] {processor.py:183} INFO - Processing /home/facuvega/Descargas/crypto-etl-airflow/airflow-apache/lib/python3.11/site-packages/airflow/example_dags/example_skip_dag.py took 0.110 seconds
[2025-04-27T23:10:41.739-0300] {processor.py:161} INFO - Started process (PID=55577) to work on /home/facuvega/Descargas/crypto-etl-airflow/airflow-apache/lib/python3.11/site-packages/airflow/example_dags/example_skip_dag.py
[2025-04-27T23:10:41.740-0300] {processor.py:830} INFO - Processing file /home/facuvega/Descargas/crypto-etl-airflow/airflow-apache/lib/python3.11/site-packages/airflow/example_dags/example_skip_dag.py for tasks to queue
[2025-04-27T23:10:41.742-0300] {logging_mixin.py:188} INFO - [2025-04-27T23:10:41.741-0300] {dagbag.py:540} INFO - Filling up the DagBag from /home/facuvega/Descargas/crypto-etl-airflow/airflow-apache/lib/python3.11/site-packages/airflow/example_dags/example_skip_dag.py
[2025-04-27T23:10:41.748-0300] {processor.py:840} INFO - DAG(s) 'example_skip_dag' retrieved from /home/facuvega/Descargas/crypto-etl-airflow/airflow-apache/lib/python3.11/site-packages/airflow/example_dags/example_skip_dag.py
[2025-04-27T23:10:41.761-0300] {logging_mixin.py:188} INFO - [2025-04-27T23:10:41.761-0300] {dag.py:3096} INFO - Sync 1 DAGs
[2025-04-27T23:10:41.775-0300] {logging_mixin.py:188} INFO - [2025-04-27T23:10:41.775-0300] {dag.py:3954} INFO - Setting next_dagrun for example_skip_dag to 2025-04-27 00:00:00+00:00, run_after=2025-04-28 00:00:00+00:00
[2025-04-27T23:10:41.788-0300] {processor.py:183} INFO - Processing /home/facuvega/Descargas/crypto-etl-airflow/airflow-apache/lib/python3.11/site-packages/airflow/example_dags/example_skip_dag.py took 0.055 seconds
[2025-04-27T23:11:22.955-0300] {processor.py:161} INFO - Started process (PID=55837) to work on /home/facuvega/Descargas/crypto-etl-airflow/airflow-apache/lib/python3.11/site-packages/airflow/example_dags/example_skip_dag.py
[2025-04-27T23:11:22.956-0300] {processor.py:830} INFO - Processing file /home/facuvega/Descargas/crypto-etl-airflow/airflow-apache/lib/python3.11/site-packages/airflow/example_dags/example_skip_dag.py for tasks to queue
[2025-04-27T23:11:22.959-0300] {logging_mixin.py:188} INFO - [2025-04-27T23:11:22.958-0300] {dagbag.py:540} INFO - Filling up the DagBag from /home/facuvega/Descargas/crypto-etl-airflow/airflow-apache/lib/python3.11/site-packages/airflow/example_dags/example_skip_dag.py
[2025-04-27T23:11:22.967-0300] {processor.py:840} INFO - DAG(s) 'example_skip_dag' retrieved from /home/facuvega/Descargas/crypto-etl-airflow/airflow-apache/lib/python3.11/site-packages/airflow/example_dags/example_skip_dag.py
[2025-04-27T23:11:22.986-0300] {logging_mixin.py:188} INFO - [2025-04-27T23:11:22.986-0300] {dag.py:3096} INFO - Sync 1 DAGs
[2025-04-27T23:11:23.001-0300] {logging_mixin.py:188} INFO - [2025-04-27T23:11:23.001-0300] {dag.py:3954} INFO - Setting next_dagrun for example_skip_dag to 2025-04-27 00:00:00+00:00, run_after=2025-04-28 00:00:00+00:00
[2025-04-27T23:11:23.015-0300] {processor.py:183} INFO - Processing /home/facuvega/Descargas/crypto-etl-airflow/airflow-apache/lib/python3.11/site-packages/airflow/example_dags/example_skip_dag.py took 0.066 seconds
[2025-04-27T23:12:02.031-0300] {processor.py:161} INFO - Started process (PID=56031) to work on /home/facuvega/Descargas/crypto-etl-airflow/airflow-apache/lib/python3.11/site-packages/airflow/example_dags/example_skip_dag.py
[2025-04-27T23:12:02.032-0300] {processor.py:830} INFO - Processing file /home/facuvega/Descargas/crypto-etl-airflow/airflow-apache/lib/python3.11/site-packages/airflow/example_dags/example_skip_dag.py for tasks to queue
[2025-04-27T23:12:02.036-0300] {logging_mixin.py:188} INFO - [2025-04-27T23:12:02.034-0300] {dagbag.py:540} INFO - Filling up the DagBag from /home/facuvega/Descargas/crypto-etl-airflow/airflow-apache/lib/python3.11/site-packages/airflow/example_dags/example_skip_dag.py
[2025-04-27T23:12:02.045-0300] {processor.py:840} INFO - DAG(s) 'example_skip_dag' retrieved from /home/facuvega/Descargas/crypto-etl-airflow/airflow-apache/lib/python3.11/site-packages/airflow/example_dags/example_skip_dag.py
[2025-04-27T23:12:02.072-0300] {logging_mixin.py:188} INFO - [2025-04-27T23:12:02.072-0300] {dag.py:3096} INFO - Sync 1 DAGs
[2025-04-27T23:12:02.094-0300] {logging_mixin.py:188} INFO - [2025-04-27T23:12:02.094-0300] {dag.py:3954} INFO - Setting next_dagrun for example_skip_dag to 2025-04-27 00:00:00+00:00, run_after=2025-04-28 00:00:00+00:00
[2025-04-27T23:12:02.108-0300] {processor.py:183} INFO - Processing /home/facuvega/Descargas/crypto-etl-airflow/airflow-apache/lib/python3.11/site-packages/airflow/example_dags/example_skip_dag.py took 0.086 seconds
[2025-04-27T23:12:40.931-0300] {processor.py:161} INFO - Started process (PID=56218) to work on /home/facuvega/Descargas/crypto-etl-airflow/airflow-apache/lib/python3.11/site-packages/airflow/example_dags/example_skip_dag.py
[2025-04-27T23:12:40.932-0300] {processor.py:830} INFO - Processing file /home/facuvega/Descargas/crypto-etl-airflow/airflow-apache/lib/python3.11/site-packages/airflow/example_dags/example_skip_dag.py for tasks to queue
[2025-04-27T23:12:40.937-0300] {logging_mixin.py:188} INFO - [2025-04-27T23:12:40.936-0300] {dagbag.py:540} INFO - Filling up the DagBag from /home/facuvega/Descargas/crypto-etl-airflow/airflow-apache/lib/python3.11/site-packages/airflow/example_dags/example_skip_dag.py
[2025-04-27T23:12:40.951-0300] {processor.py:840} INFO - DAG(s) 'example_skip_dag' retrieved from /home/facuvega/Descargas/crypto-etl-airflow/airflow-apache/lib/python3.11/site-packages/airflow/example_dags/example_skip_dag.py
[2025-04-27T23:12:40.975-0300] {logging_mixin.py:188} INFO - [2025-04-27T23:12:40.975-0300] {dag.py:3096} INFO - Sync 1 DAGs
[2025-04-27T23:12:41.000-0300] {logging_mixin.py:188} INFO - [2025-04-27T23:12:41.000-0300] {dag.py:3954} INFO - Setting next_dagrun for example_skip_dag to 2025-04-27 00:00:00+00:00, run_after=2025-04-28 00:00:00+00:00
[2025-04-27T23:12:41.023-0300] {processor.py:183} INFO - Processing /home/facuvega/Descargas/crypto-etl-airflow/airflow-apache/lib/python3.11/site-packages/airflow/example_dags/example_skip_dag.py took 0.108 seconds
[2025-04-27T23:13:20.274-0300] {processor.py:161} INFO - Started process (PID=56415) to work on /home/facuvega/Descargas/crypto-etl-airflow/airflow-apache/lib/python3.11/site-packages/airflow/example_dags/example_skip_dag.py
[2025-04-27T23:13:20.275-0300] {processor.py:830} INFO - Processing file /home/facuvega/Descargas/crypto-etl-airflow/airflow-apache/lib/python3.11/site-packages/airflow/example_dags/example_skip_dag.py for tasks to queue
[2025-04-27T23:13:20.276-0300] {logging_mixin.py:188} INFO - [2025-04-27T23:13:20.276-0300] {dagbag.py:540} INFO - Filling up the DagBag from /home/facuvega/Descargas/crypto-etl-airflow/airflow-apache/lib/python3.11/site-packages/airflow/example_dags/example_skip_dag.py
[2025-04-27T23:13:20.284-0300] {processor.py:840} INFO - DAG(s) 'example_skip_dag' retrieved from /home/facuvega/Descargas/crypto-etl-airflow/airflow-apache/lib/python3.11/site-packages/airflow/example_dags/example_skip_dag.py
[2025-04-27T23:13:20.298-0300] {logging_mixin.py:188} INFO - [2025-04-27T23:13:20.297-0300] {dag.py:3096} INFO - Sync 1 DAGs
[2025-04-27T23:13:20.311-0300] {logging_mixin.py:188} INFO - [2025-04-27T23:13:20.311-0300] {dag.py:3954} INFO - Setting next_dagrun for example_skip_dag to 2025-04-27 00:00:00+00:00, run_after=2025-04-28 00:00:00+00:00
[2025-04-27T23:13:20.324-0300] {processor.py:183} INFO - Processing /home/facuvega/Descargas/crypto-etl-airflow/airflow-apache/lib/python3.11/site-packages/airflow/example_dags/example_skip_dag.py took 0.056 seconds
[2025-04-27T23:14:01.354-0300] {processor.py:161} INFO - Started process (PID=56604) to work on /home/facuvega/Descargas/crypto-etl-airflow/airflow-apache/lib/python3.11/site-packages/airflow/example_dags/example_skip_dag.py
[2025-04-27T23:14:01.358-0300] {processor.py:830} INFO - Processing file /home/facuvega/Descargas/crypto-etl-airflow/airflow-apache/lib/python3.11/site-packages/airflow/example_dags/example_skip_dag.py for tasks to queue
[2025-04-27T23:14:01.363-0300] {logging_mixin.py:188} INFO - [2025-04-27T23:14:01.361-0300] {dagbag.py:540} INFO - Filling up the DagBag from /home/facuvega/Descargas/crypto-etl-airflow/airflow-apache/lib/python3.11/site-packages/airflow/example_dags/example_skip_dag.py
[2025-04-27T23:14:01.381-0300] {processor.py:840} INFO - DAG(s) 'example_skip_dag' retrieved from /home/facuvega/Descargas/crypto-etl-airflow/airflow-apache/lib/python3.11/site-packages/airflow/example_dags/example_skip_dag.py
[2025-04-27T23:14:01.417-0300] {logging_mixin.py:188} INFO - [2025-04-27T23:14:01.417-0300] {dag.py:3096} INFO - Sync 1 DAGs
[2025-04-27T23:14:01.449-0300] {logging_mixin.py:188} INFO - [2025-04-27T23:14:01.449-0300] {dag.py:3954} INFO - Setting next_dagrun for example_skip_dag to 2025-04-27 00:00:00+00:00, run_after=2025-04-28 00:00:00+00:00
[2025-04-27T23:14:01.465-0300] {processor.py:183} INFO - Processing /home/facuvega/Descargas/crypto-etl-airflow/airflow-apache/lib/python3.11/site-packages/airflow/example_dags/example_skip_dag.py took 0.133 seconds
[2025-04-27T23:14:48.548-0300] {processor.py:161} INFO - Started process (PID=56817) to work on /home/facuvega/Descargas/crypto-etl-airflow/airflow-apache/lib/python3.11/site-packages/airflow/example_dags/example_skip_dag.py
[2025-04-27T23:14:48.549-0300] {processor.py:830} INFO - Processing file /home/facuvega/Descargas/crypto-etl-airflow/airflow-apache/lib/python3.11/site-packages/airflow/example_dags/example_skip_dag.py for tasks to queue
[2025-04-27T23:14:48.550-0300] {logging_mixin.py:188} INFO - [2025-04-27T23:14:48.550-0300] {dagbag.py:540} INFO - Filling up the DagBag from /home/facuvega/Descargas/crypto-etl-airflow/airflow-apache/lib/python3.11/site-packages/airflow/example_dags/example_skip_dag.py
[2025-04-27T23:14:48.557-0300] {processor.py:840} INFO - DAG(s) 'example_skip_dag' retrieved from /home/facuvega/Descargas/crypto-etl-airflow/airflow-apache/lib/python3.11/site-packages/airflow/example_dags/example_skip_dag.py
[2025-04-27T23:14:48.570-0300] {logging_mixin.py:188} INFO - [2025-04-27T23:14:48.570-0300] {dag.py:3096} INFO - Sync 1 DAGs
[2025-04-27T23:14:48.585-0300] {logging_mixin.py:188} INFO - [2025-04-27T23:14:48.585-0300] {dag.py:3954} INFO - Setting next_dagrun for example_skip_dag to 2025-04-27 00:00:00+00:00, run_after=2025-04-28 00:00:00+00:00
[2025-04-27T23:14:48.598-0300] {processor.py:183} INFO - Processing /home/facuvega/Descargas/crypto-etl-airflow/airflow-apache/lib/python3.11/site-packages/airflow/example_dags/example_skip_dag.py took 0.055 seconds
[2025-04-27T23:15:28.979-0300] {processor.py:161} INFO - Started process (PID=57036) to work on /home/facuvega/Descargas/crypto-etl-airflow/airflow-apache/lib/python3.11/site-packages/airflow/example_dags/example_skip_dag.py
[2025-04-27T23:15:28.980-0300] {processor.py:830} INFO - Processing file /home/facuvega/Descargas/crypto-etl-airflow/airflow-apache/lib/python3.11/site-packages/airflow/example_dags/example_skip_dag.py for tasks to queue
[2025-04-27T23:15:28.982-0300] {logging_mixin.py:188} INFO - [2025-04-27T23:15:28.981-0300] {dagbag.py:540} INFO - Filling up the DagBag from /home/facuvega/Descargas/crypto-etl-airflow/airflow-apache/lib/python3.11/site-packages/airflow/example_dags/example_skip_dag.py
[2025-04-27T23:15:28.988-0300] {processor.py:840} INFO - DAG(s) 'example_skip_dag' retrieved from /home/facuvega/Descargas/crypto-etl-airflow/airflow-apache/lib/python3.11/site-packages/airflow/example_dags/example_skip_dag.py
[2025-04-27T23:15:29.001-0300] {logging_mixin.py:188} INFO - [2025-04-27T23:15:29.001-0300] {dag.py:3096} INFO - Sync 1 DAGs
[2025-04-27T23:15:29.014-0300] {logging_mixin.py:188} INFO - [2025-04-27T23:15:29.013-0300] {dag.py:3954} INFO - Setting next_dagrun for example_skip_dag to 2025-04-27 00:00:00+00:00, run_after=2025-04-28 00:00:00+00:00
[2025-04-27T23:15:29.029-0300] {processor.py:183} INFO - Processing /home/facuvega/Descargas/crypto-etl-airflow/airflow-apache/lib/python3.11/site-packages/airflow/example_dags/example_skip_dag.py took 0.055 seconds
[2025-04-27T23:16:07.321-0300] {processor.py:161} INFO - Started process (PID=57236) to work on /home/facuvega/Descargas/crypto-etl-airflow/airflow-apache/lib/python3.11/site-packages/airflow/example_dags/example_skip_dag.py
[2025-04-27T23:16:07.322-0300] {processor.py:830} INFO - Processing file /home/facuvega/Descargas/crypto-etl-airflow/airflow-apache/lib/python3.11/site-packages/airflow/example_dags/example_skip_dag.py for tasks to queue
[2025-04-27T23:16:07.324-0300] {logging_mixin.py:188} INFO - [2025-04-27T23:16:07.323-0300] {dagbag.py:540} INFO - Filling up the DagBag from /home/facuvega/Descargas/crypto-etl-airflow/airflow-apache/lib/python3.11/site-packages/airflow/example_dags/example_skip_dag.py
[2025-04-27T23:16:07.331-0300] {processor.py:840} INFO - DAG(s) 'example_skip_dag' retrieved from /home/facuvega/Descargas/crypto-etl-airflow/airflow-apache/lib/python3.11/site-packages/airflow/example_dags/example_skip_dag.py
[2025-04-27T23:16:07.346-0300] {logging_mixin.py:188} INFO - [2025-04-27T23:16:07.346-0300] {dag.py:3096} INFO - Sync 1 DAGs
[2025-04-27T23:16:07.360-0300] {logging_mixin.py:188} INFO - [2025-04-27T23:16:07.360-0300] {dag.py:3954} INFO - Setting next_dagrun for example_skip_dag to 2025-04-27 00:00:00+00:00, run_after=2025-04-28 00:00:00+00:00
[2025-04-27T23:16:07.373-0300] {processor.py:183} INFO - Processing /home/facuvega/Descargas/crypto-etl-airflow/airflow-apache/lib/python3.11/site-packages/airflow/example_dags/example_skip_dag.py took 0.061 seconds
[2025-04-27T23:16:46.403-0300] {processor.py:161} INFO - Started process (PID=57432) to work on /home/facuvega/Descargas/crypto-etl-airflow/airflow-apache/lib/python3.11/site-packages/airflow/example_dags/example_skip_dag.py
[2025-04-27T23:16:46.404-0300] {processor.py:830} INFO - Processing file /home/facuvega/Descargas/crypto-etl-airflow/airflow-apache/lib/python3.11/site-packages/airflow/example_dags/example_skip_dag.py for tasks to queue
[2025-04-27T23:16:46.406-0300] {logging_mixin.py:188} INFO - [2025-04-27T23:16:46.406-0300] {dagbag.py:540} INFO - Filling up the DagBag from /home/facuvega/Descargas/crypto-etl-airflow/airflow-apache/lib/python3.11/site-packages/airflow/example_dags/example_skip_dag.py
[2025-04-27T23:16:46.412-0300] {processor.py:840} INFO - DAG(s) 'example_skip_dag' retrieved from /home/facuvega/Descargas/crypto-etl-airflow/airflow-apache/lib/python3.11/site-packages/airflow/example_dags/example_skip_dag.py
[2025-04-27T23:16:46.426-0300] {logging_mixin.py:188} INFO - [2025-04-27T23:16:46.426-0300] {dag.py:3096} INFO - Sync 1 DAGs
[2025-04-27T23:16:46.440-0300] {logging_mixin.py:188} INFO - [2025-04-27T23:16:46.440-0300] {dag.py:3954} INFO - Setting next_dagrun for example_skip_dag to 2025-04-27 00:00:00+00:00, run_after=2025-04-28 00:00:00+00:00
[2025-04-27T23:16:46.453-0300] {processor.py:183} INFO - Processing /home/facuvega/Descargas/crypto-etl-airflow/airflow-apache/lib/python3.11/site-packages/airflow/example_dags/example_skip_dag.py took 0.057 seconds
[2025-04-27T23:17:28.530-0300] {processor.py:161} INFO - Started process (PID=57682) to work on /home/facuvega/Descargas/crypto-etl-airflow/airflow-apache/lib/python3.11/site-packages/airflow/example_dags/example_skip_dag.py
[2025-04-27T23:17:28.531-0300] {processor.py:830} INFO - Processing file /home/facuvega/Descargas/crypto-etl-airflow/airflow-apache/lib/python3.11/site-packages/airflow/example_dags/example_skip_dag.py for tasks to queue
[2025-04-27T23:17:28.533-0300] {logging_mixin.py:188} INFO - [2025-04-27T23:17:28.532-0300] {dagbag.py:540} INFO - Filling up the DagBag from /home/facuvega/Descargas/crypto-etl-airflow/airflow-apache/lib/python3.11/site-packages/airflow/example_dags/example_skip_dag.py
[2025-04-27T23:17:28.539-0300] {processor.py:840} INFO - DAG(s) 'example_skip_dag' retrieved from /home/facuvega/Descargas/crypto-etl-airflow/airflow-apache/lib/python3.11/site-packages/airflow/example_dags/example_skip_dag.py
[2025-04-27T23:17:28.552-0300] {logging_mixin.py:188} INFO - [2025-04-27T23:17:28.552-0300] {dag.py:3096} INFO - Sync 1 DAGs
[2025-04-27T23:17:28.567-0300] {logging_mixin.py:188} INFO - [2025-04-27T23:17:28.567-0300] {dag.py:3954} INFO - Setting next_dagrun for example_skip_dag to 2025-04-27 00:00:00+00:00, run_after=2025-04-28 00:00:00+00:00
[2025-04-27T23:17:28.582-0300] {processor.py:183} INFO - Processing /home/facuvega/Descargas/crypto-etl-airflow/airflow-apache/lib/python3.11/site-packages/airflow/example_dags/example_skip_dag.py took 0.057 seconds
[2025-04-27T23:18:14.388-0300] {processor.py:161} INFO - Started process (PID=58018) to work on /home/facuvega/Descargas/crypto-etl-airflow/airflow-apache/lib/python3.11/site-packages/airflow/example_dags/example_skip_dag.py
[2025-04-27T23:18:14.389-0300] {processor.py:830} INFO - Processing file /home/facuvega/Descargas/crypto-etl-airflow/airflow-apache/lib/python3.11/site-packages/airflow/example_dags/example_skip_dag.py for tasks to queue
[2025-04-27T23:18:14.390-0300] {logging_mixin.py:188} INFO - [2025-04-27T23:18:14.390-0300] {dagbag.py:540} INFO - Filling up the DagBag from /home/facuvega/Descargas/crypto-etl-airflow/airflow-apache/lib/python3.11/site-packages/airflow/example_dags/example_skip_dag.py
[2025-04-27T23:18:14.397-0300] {processor.py:840} INFO - DAG(s) 'example_skip_dag' retrieved from /home/facuvega/Descargas/crypto-etl-airflow/airflow-apache/lib/python3.11/site-packages/airflow/example_dags/example_skip_dag.py
[2025-04-27T23:18:14.409-0300] {logging_mixin.py:188} INFO - [2025-04-27T23:18:14.409-0300] {dag.py:3096} INFO - Sync 1 DAGs
[2025-04-27T23:18:14.422-0300] {logging_mixin.py:188} INFO - [2025-04-27T23:18:14.422-0300] {dag.py:3954} INFO - Setting next_dagrun for example_skip_dag to 2025-04-27 00:00:00+00:00, run_after=2025-04-28 00:00:00+00:00
[2025-04-27T23:18:14.438-0300] {processor.py:183} INFO - Processing /home/facuvega/Descargas/crypto-etl-airflow/airflow-apache/lib/python3.11/site-packages/airflow/example_dags/example_skip_dag.py took 0.055 seconds
