[2025-04-27T23:00:28.989-0300] {processor.py:161} INFO - Started process (PID=51746) to work on /home/facuvega/Descargas/crypto-etl-airflow/airflow-apache/lib/python3.11/site-packages/airflow/example_dags/example_xcomargs.py
[2025-04-27T23:00:28.990-0300] {processor.py:830} INFO - Processing file /home/facuvega/Descargas/crypto-etl-airflow/airflow-apache/lib/python3.11/site-packages/airflow/example_dags/example_xcomargs.py for tasks to queue
[2025-04-27T23:00:28.992-0300] {logging_mixin.py:188} INFO - [2025-04-27T23:00:28.991-0300] {dagbag.py:540} INFO - Filling up the DagBag from /home/facuvega/Descargas/crypto-etl-airflow/airflow-apache/lib/python3.11/site-packages/airflow/example_dags/example_xcomargs.py
[2025-04-27T23:00:29.010-0300] {processor.py:840} INFO - DAG(s) 'example_xcom_args', 'example_xcom_args_with_operators' retrieved from /home/facuvega/Descargas/crypto-etl-airflow/airflow-apache/lib/python3.11/site-packages/airflow/example_dags/example_xcomargs.py
[2025-04-27T23:00:29.025-0300] {logging_mixin.py:188} INFO - [2025-04-27T23:00:29.025-0300] {dag.py:3096} INFO - Sync 2 DAGs
[2025-04-27T23:00:29.038-0300] {logging_mixin.py:188} INFO - [2025-04-27T23:00:29.038-0300] {dag.py:3954} INFO - Setting next_dagrun for example_xcom_args to None, run_after=None
[2025-04-27T23:00:29.041-0300] {logging_mixin.py:188} INFO - [2025-04-27T23:00:29.041-0300] {dag.py:3954} INFO - Setting next_dagrun for example_xcom_args_with_operators to None, run_after=None
[2025-04-27T23:00:29.056-0300] {processor.py:183} INFO - Processing /home/facuvega/Descargas/crypto-etl-airflow/airflow-apache/lib/python3.11/site-packages/airflow/example_dags/example_xcomargs.py took 0.074 seconds
[2025-04-27T23:05:26.743-0300] {processor.py:161} INFO - Started process (PID=53695) to work on /home/facuvega/Descargas/crypto-etl-airflow/airflow-apache/lib/python3.11/site-packages/airflow/example_dags/example_xcomargs.py
[2025-04-27T23:05:26.744-0300] {processor.py:830} INFO - Processing file /home/facuvega/Descargas/crypto-etl-airflow/airflow-apache/lib/python3.11/site-packages/airflow/example_dags/example_xcomargs.py for tasks to queue
[2025-04-27T23:05:26.745-0300] {logging_mixin.py:188} INFO - [2025-04-27T23:05:26.745-0300] {dagbag.py:540} INFO - Filling up the DagBag from /home/facuvega/Descargas/crypto-etl-airflow/airflow-apache/lib/python3.11/site-packages/airflow/example_dags/example_xcomargs.py
[2025-04-27T23:05:26.753-0300] {processor.py:840} INFO - DAG(s) 'example_xcom_args', 'example_xcom_args_with_operators' retrieved from /home/facuvega/Descargas/crypto-etl-airflow/airflow-apache/lib/python3.11/site-packages/airflow/example_dags/example_xcomargs.py
[2025-04-27T23:05:26.968-0300] {logging_mixin.py:188} INFO - [2025-04-27T23:05:26.968-0300] {dag.py:3096} INFO - Sync 2 DAGs
[2025-04-27T23:05:26.974-0300] {logging_mixin.py:188} INFO - [2025-04-27T23:05:26.974-0300] {dag.py:3954} INFO - Setting next_dagrun for example_xcom_args to None, run_after=None
[2025-04-27T23:05:26.975-0300] {logging_mixin.py:188} INFO - [2025-04-27T23:05:26.975-0300] {dag.py:3954} INFO - Setting next_dagrun for example_xcom_args_with_operators to None, run_after=None
[2025-04-27T23:05:26.985-0300] {processor.py:183} INFO - Processing /home/facuvega/Descargas/crypto-etl-airflow/airflow-apache/lib/python3.11/site-packages/airflow/example_dags/example_xcomargs.py took 0.247 seconds
[2025-04-27T23:06:19.012-0300] {processor.py:161} INFO - Started process (PID=54101) to work on /home/facuvega/Descargas/crypto-etl-airflow/airflow-apache/lib/python3.11/site-packages/airflow/example_dags/example_xcomargs.py
[2025-04-27T23:06:19.013-0300] {processor.py:830} INFO - Processing file /home/facuvega/Descargas/crypto-etl-airflow/airflow-apache/lib/python3.11/site-packages/airflow/example_dags/example_xcomargs.py for tasks to queue
[2025-04-27T23:06:19.014-0300] {logging_mixin.py:188} INFO - [2025-04-27T23:06:19.014-0300] {dagbag.py:540} INFO - Filling up the DagBag from /home/facuvega/Descargas/crypto-etl-airflow/airflow-apache/lib/python3.11/site-packages/airflow/example_dags/example_xcomargs.py
[2025-04-27T23:06:19.022-0300] {processor.py:840} INFO - DAG(s) 'example_xcom_args', 'example_xcom_args_with_operators' retrieved from /home/facuvega/Descargas/crypto-etl-airflow/airflow-apache/lib/python3.11/site-packages/airflow/example_dags/example_xcomargs.py
[2025-04-27T23:06:19.038-0300] {logging_mixin.py:188} INFO - [2025-04-27T23:06:19.037-0300] {dag.py:3096} INFO - Sync 2 DAGs
[2025-04-27T23:06:19.047-0300] {logging_mixin.py:188} INFO - [2025-04-27T23:06:19.046-0300] {dag.py:3954} INFO - Setting next_dagrun for example_xcom_args to None, run_after=None
[2025-04-27T23:06:19.049-0300] {logging_mixin.py:188} INFO - [2025-04-27T23:06:19.049-0300] {dag.py:3954} INFO - Setting next_dagrun for example_xcom_args_with_operators to None, run_after=None
[2025-04-27T23:06:19.062-0300] {processor.py:183} INFO - Processing /home/facuvega/Descargas/crypto-etl-airflow/airflow-apache/lib/python3.11/site-packages/airflow/example_dags/example_xcomargs.py took 0.056 seconds
[2025-04-27T23:07:01.508-0300] {processor.py:161} INFO - Started process (PID=54468) to work on /home/facuvega/Descargas/crypto-etl-airflow/airflow-apache/lib/python3.11/site-packages/airflow/example_dags/example_xcomargs.py
[2025-04-27T23:07:01.509-0300] {processor.py:830} INFO - Processing file /home/facuvega/Descargas/crypto-etl-airflow/airflow-apache/lib/python3.11/site-packages/airflow/example_dags/example_xcomargs.py for tasks to queue
[2025-04-27T23:07:01.511-0300] {logging_mixin.py:188} INFO - [2025-04-27T23:07:01.511-0300] {dagbag.py:540} INFO - Filling up the DagBag from /home/facuvega/Descargas/crypto-etl-airflow/airflow-apache/lib/python3.11/site-packages/airflow/example_dags/example_xcomargs.py
[2025-04-27T23:07:01.520-0300] {processor.py:840} INFO - DAG(s) 'example_xcom_args', 'example_xcom_args_with_operators' retrieved from /home/facuvega/Descargas/crypto-etl-airflow/airflow-apache/lib/python3.11/site-packages/airflow/example_dags/example_xcomargs.py
[2025-04-27T23:07:01.537-0300] {logging_mixin.py:188} INFO - [2025-04-27T23:07:01.536-0300] {dag.py:3096} INFO - Sync 2 DAGs
[2025-04-27T23:07:01.547-0300] {logging_mixin.py:188} INFO - [2025-04-27T23:07:01.547-0300] {dag.py:3954} INFO - Setting next_dagrun for example_xcom_args to None, run_after=None
[2025-04-27T23:07:01.550-0300] {logging_mixin.py:188} INFO - [2025-04-27T23:07:01.549-0300] {dag.py:3954} INFO - Setting next_dagrun for example_xcom_args_with_operators to None, run_after=None
[2025-04-27T23:07:01.564-0300] {processor.py:183} INFO - Processing /home/facuvega/Descargas/crypto-etl-airflow/airflow-apache/lib/python3.11/site-packages/airflow/example_dags/example_xcomargs.py took 0.061 seconds
[2025-04-27T23:07:41.173-0300] {processor.py:161} INFO - Started process (PID=54646) to work on /home/facuvega/Descargas/crypto-etl-airflow/airflow-apache/lib/python3.11/site-packages/airflow/example_dags/example_xcomargs.py
[2025-04-27T23:07:41.174-0300] {processor.py:830} INFO - Processing file /home/facuvega/Descargas/crypto-etl-airflow/airflow-apache/lib/python3.11/site-packages/airflow/example_dags/example_xcomargs.py for tasks to queue
[2025-04-27T23:07:41.176-0300] {logging_mixin.py:188} INFO - [2025-04-27T23:07:41.175-0300] {dagbag.py:540} INFO - Filling up the DagBag from /home/facuvega/Descargas/crypto-etl-airflow/airflow-apache/lib/python3.11/site-packages/airflow/example_dags/example_xcomargs.py
[2025-04-27T23:07:41.183-0300] {processor.py:840} INFO - DAG(s) 'example_xcom_args', 'example_xcom_args_with_operators' retrieved from /home/facuvega/Descargas/crypto-etl-airflow/airflow-apache/lib/python3.11/site-packages/airflow/example_dags/example_xcomargs.py
[2025-04-27T23:07:41.196-0300] {logging_mixin.py:188} INFO - [2025-04-27T23:07:41.196-0300] {dag.py:3096} INFO - Sync 2 DAGs
[2025-04-27T23:07:41.204-0300] {logging_mixin.py:188} INFO - [2025-04-27T23:07:41.204-0300] {dag.py:3954} INFO - Setting next_dagrun for example_xcom_args to None, run_after=None
[2025-04-27T23:07:41.206-0300] {logging_mixin.py:188} INFO - [2025-04-27T23:07:41.206-0300] {dag.py:3954} INFO - Setting next_dagrun for example_xcom_args_with_operators to None, run_after=None
[2025-04-27T23:07:41.216-0300] {processor.py:183} INFO - Processing /home/facuvega/Descargas/crypto-etl-airflow/airflow-apache/lib/python3.11/site-packages/airflow/example_dags/example_xcomargs.py took 0.048 seconds
[2025-04-27T23:08:20.483-0300] {processor.py:161} INFO - Started process (PID=54819) to work on /home/facuvega/Descargas/crypto-etl-airflow/airflow-apache/lib/python3.11/site-packages/airflow/example_dags/example_xcomargs.py
[2025-04-27T23:08:20.483-0300] {processor.py:830} INFO - Processing file /home/facuvega/Descargas/crypto-etl-airflow/airflow-apache/lib/python3.11/site-packages/airflow/example_dags/example_xcomargs.py for tasks to queue
[2025-04-27T23:08:20.485-0300] {logging_mixin.py:188} INFO - [2025-04-27T23:08:20.485-0300] {dagbag.py:540} INFO - Filling up the DagBag from /home/facuvega/Descargas/crypto-etl-airflow/airflow-apache/lib/python3.11/site-packages/airflow/example_dags/example_xcomargs.py
[2025-04-27T23:08:20.493-0300] {processor.py:840} INFO - DAG(s) 'example_xcom_args', 'example_xcom_args_with_operators' retrieved from /home/facuvega/Descargas/crypto-etl-airflow/airflow-apache/lib/python3.11/site-packages/airflow/example_dags/example_xcomargs.py
[2025-04-27T23:08:20.510-0300] {logging_mixin.py:188} INFO - [2025-04-27T23:08:20.509-0300] {dag.py:3096} INFO - Sync 2 DAGs
[2025-04-27T23:08:20.519-0300] {logging_mixin.py:188} INFO - [2025-04-27T23:08:20.519-0300] {dag.py:3954} INFO - Setting next_dagrun for example_xcom_args to None, run_after=None
[2025-04-27T23:08:20.522-0300] {logging_mixin.py:188} INFO - [2025-04-27T23:08:20.521-0300] {dag.py:3954} INFO - Setting next_dagrun for example_xcom_args_with_operators to None, run_after=None
[2025-04-27T23:08:20.534-0300] {processor.py:183} INFO - Processing /home/facuvega/Descargas/crypto-etl-airflow/airflow-apache/lib/python3.11/site-packages/airflow/example_dags/example_xcomargs.py took 0.056 seconds
[2025-04-27T23:09:04.089-0300] {processor.py:161} INFO - Started process (PID=55017) to work on /home/facuvega/Descargas/crypto-etl-airflow/airflow-apache/lib/python3.11/site-packages/airflow/example_dags/example_xcomargs.py
[2025-04-27T23:09:04.090-0300] {processor.py:830} INFO - Processing file /home/facuvega/Descargas/crypto-etl-airflow/airflow-apache/lib/python3.11/site-packages/airflow/example_dags/example_xcomargs.py for tasks to queue
[2025-04-27T23:09:04.092-0300] {logging_mixin.py:188} INFO - [2025-04-27T23:09:04.092-0300] {dagbag.py:540} INFO - Filling up the DagBag from /home/facuvega/Descargas/crypto-etl-airflow/airflow-apache/lib/python3.11/site-packages/airflow/example_dags/example_xcomargs.py
[2025-04-27T23:09:04.102-0300] {processor.py:840} INFO - DAG(s) 'example_xcom_args_with_operators', 'example_xcom_args' retrieved from /home/facuvega/Descargas/crypto-etl-airflow/airflow-apache/lib/python3.11/site-packages/airflow/example_dags/example_xcomargs.py
[2025-04-27T23:09:04.125-0300] {logging_mixin.py:188} INFO - [2025-04-27T23:09:04.125-0300] {dag.py:3096} INFO - Sync 2 DAGs
[2025-04-27T23:09:04.139-0300] {logging_mixin.py:188} INFO - [2025-04-27T23:09:04.138-0300] {dag.py:3954} INFO - Setting next_dagrun for example_xcom_args to None, run_after=None
[2025-04-27T23:09:04.143-0300] {logging_mixin.py:188} INFO - [2025-04-27T23:09:04.142-0300] {dag.py:3954} INFO - Setting next_dagrun for example_xcom_args_with_operators to None, run_after=None
[2025-04-27T23:09:04.160-0300] {processor.py:183} INFO - Processing /home/facuvega/Descargas/crypto-etl-airflow/airflow-apache/lib/python3.11/site-packages/airflow/example_dags/example_xcomargs.py took 0.080 seconds
[2025-04-27T23:09:46.856-0300] {processor.py:161} INFO - Started process (PID=55209) to work on /home/facuvega/Descargas/crypto-etl-airflow/airflow-apache/lib/python3.11/site-packages/airflow/example_dags/example_xcomargs.py
[2025-04-27T23:09:46.857-0300] {processor.py:830} INFO - Processing file /home/facuvega/Descargas/crypto-etl-airflow/airflow-apache/lib/python3.11/site-packages/airflow/example_dags/example_xcomargs.py for tasks to queue
[2025-04-27T23:09:46.858-0300] {logging_mixin.py:188} INFO - [2025-04-27T23:09:46.858-0300] {dagbag.py:540} INFO - Filling up the DagBag from /home/facuvega/Descargas/crypto-etl-airflow/airflow-apache/lib/python3.11/site-packages/airflow/example_dags/example_xcomargs.py
[2025-04-27T23:09:46.865-0300] {processor.py:840} INFO - DAG(s) 'example_xcom_args', 'example_xcom_args_with_operators' retrieved from /home/facuvega/Descargas/crypto-etl-airflow/airflow-apache/lib/python3.11/site-packages/airflow/example_dags/example_xcomargs.py
[2025-04-27T23:09:46.879-0300] {logging_mixin.py:188} INFO - [2025-04-27T23:09:46.879-0300] {dag.py:3096} INFO - Sync 2 DAGs
[2025-04-27T23:09:46.887-0300] {logging_mixin.py:188} INFO - [2025-04-27T23:09:46.886-0300] {dag.py:3954} INFO - Setting next_dagrun for example_xcom_args to None, run_after=None
[2025-04-27T23:09:46.888-0300] {logging_mixin.py:188} INFO - [2025-04-27T23:09:46.888-0300] {dag.py:3954} INFO - Setting next_dagrun for example_xcom_args_with_operators to None, run_after=None
[2025-04-27T23:09:46.899-0300] {processor.py:183} INFO - Processing /home/facuvega/Descargas/crypto-etl-airflow/airflow-apache/lib/python3.11/site-packages/airflow/example_dags/example_xcomargs.py took 0.048 seconds
[2025-04-27T23:10:26.031-0300] {processor.py:161} INFO - Started process (PID=55456) to work on /home/facuvega/Descargas/crypto-etl-airflow/airflow-apache/lib/python3.11/site-packages/airflow/example_dags/example_xcomargs.py
[2025-04-27T23:10:26.032-0300] {processor.py:830} INFO - Processing file /home/facuvega/Descargas/crypto-etl-airflow/airflow-apache/lib/python3.11/site-packages/airflow/example_dags/example_xcomargs.py for tasks to queue
[2025-04-27T23:10:26.034-0300] {logging_mixin.py:188} INFO - [2025-04-27T23:10:26.034-0300] {dagbag.py:540} INFO - Filling up the DagBag from /home/facuvega/Descargas/crypto-etl-airflow/airflow-apache/lib/python3.11/site-packages/airflow/example_dags/example_xcomargs.py
[2025-04-27T23:10:26.041-0300] {processor.py:840} INFO - DAG(s) 'example_xcom_args', 'example_xcom_args_with_operators' retrieved from /home/facuvega/Descargas/crypto-etl-airflow/airflow-apache/lib/python3.11/site-packages/airflow/example_dags/example_xcomargs.py
[2025-04-27T23:10:26.055-0300] {logging_mixin.py:188} INFO - [2025-04-27T23:10:26.055-0300] {dag.py:3096} INFO - Sync 2 DAGs
[2025-04-27T23:10:26.064-0300] {logging_mixin.py:188} INFO - [2025-04-27T23:10:26.064-0300] {dag.py:3954} INFO - Setting next_dagrun for example_xcom_args to None, run_after=None
[2025-04-27T23:10:26.066-0300] {logging_mixin.py:188} INFO - [2025-04-27T23:10:26.066-0300] {dag.py:3954} INFO - Setting next_dagrun for example_xcom_args_with_operators to None, run_after=None
[2025-04-27T23:10:26.079-0300] {processor.py:183} INFO - Processing /home/facuvega/Descargas/crypto-etl-airflow/airflow-apache/lib/python3.11/site-packages/airflow/example_dags/example_xcomargs.py took 0.054 seconds
[2025-04-27T23:11:07.849-0300] {processor.py:161} INFO - Started process (PID=55772) to work on /home/facuvega/Descargas/crypto-etl-airflow/airflow-apache/lib/python3.11/site-packages/airflow/example_dags/example_xcomargs.py
[2025-04-27T23:11:07.850-0300] {processor.py:830} INFO - Processing file /home/facuvega/Descargas/crypto-etl-airflow/airflow-apache/lib/python3.11/site-packages/airflow/example_dags/example_xcomargs.py for tasks to queue
[2025-04-27T23:11:07.852-0300] {logging_mixin.py:188} INFO - [2025-04-27T23:11:07.852-0300] {dagbag.py:540} INFO - Filling up the DagBag from /home/facuvega/Descargas/crypto-etl-airflow/airflow-apache/lib/python3.11/site-packages/airflow/example_dags/example_xcomargs.py
[2025-04-27T23:11:07.866-0300] {processor.py:840} INFO - DAG(s) 'example_xcom_args', 'example_xcom_args_with_operators' retrieved from /home/facuvega/Descargas/crypto-etl-airflow/airflow-apache/lib/python3.11/site-packages/airflow/example_dags/example_xcomargs.py
[2025-04-27T23:11:07.890-0300] {logging_mixin.py:188} INFO - [2025-04-27T23:11:07.890-0300] {dag.py:3096} INFO - Sync 2 DAGs
[2025-04-27T23:11:07.903-0300] {logging_mixin.py:188} INFO - [2025-04-27T23:11:07.902-0300] {dag.py:3954} INFO - Setting next_dagrun for example_xcom_args to None, run_after=None
[2025-04-27T23:11:07.906-0300] {logging_mixin.py:188} INFO - [2025-04-27T23:11:07.906-0300] {dag.py:3954} INFO - Setting next_dagrun for example_xcom_args_with_operators to None, run_after=None
[2025-04-27T23:11:07.923-0300] {processor.py:183} INFO - Processing /home/facuvega/Descargas/crypto-etl-airflow/airflow-apache/lib/python3.11/site-packages/airflow/example_dags/example_xcomargs.py took 0.082 seconds
[2025-04-27T23:11:46.460-0300] {processor.py:161} INFO - Started process (PID=55960) to work on /home/facuvega/Descargas/crypto-etl-airflow/airflow-apache/lib/python3.11/site-packages/airflow/example_dags/example_xcomargs.py
[2025-04-27T23:11:46.461-0300] {processor.py:830} INFO - Processing file /home/facuvega/Descargas/crypto-etl-airflow/airflow-apache/lib/python3.11/site-packages/airflow/example_dags/example_xcomargs.py for tasks to queue
[2025-04-27T23:11:46.463-0300] {logging_mixin.py:188} INFO - [2025-04-27T23:11:46.462-0300] {dagbag.py:540} INFO - Filling up the DagBag from /home/facuvega/Descargas/crypto-etl-airflow/airflow-apache/lib/python3.11/site-packages/airflow/example_dags/example_xcomargs.py
[2025-04-27T23:11:46.471-0300] {processor.py:840} INFO - DAG(s) 'example_xcom_args', 'example_xcom_args_with_operators' retrieved from /home/facuvega/Descargas/crypto-etl-airflow/airflow-apache/lib/python3.11/site-packages/airflow/example_dags/example_xcomargs.py
[2025-04-27T23:11:46.490-0300] {logging_mixin.py:188} INFO - [2025-04-27T23:11:46.489-0300] {dag.py:3096} INFO - Sync 2 DAGs
[2025-04-27T23:11:46.500-0300] {logging_mixin.py:188} INFO - [2025-04-27T23:11:46.500-0300] {dag.py:3954} INFO - Setting next_dagrun for example_xcom_args to None, run_after=None
[2025-04-27T23:11:46.502-0300] {logging_mixin.py:188} INFO - [2025-04-27T23:11:46.502-0300] {dag.py:3954} INFO - Setting next_dagrun for example_xcom_args_with_operators to None, run_after=None
[2025-04-27T23:11:46.515-0300] {processor.py:183} INFO - Processing /home/facuvega/Descargas/crypto-etl-airflow/airflow-apache/lib/python3.11/site-packages/airflow/example_dags/example_xcomargs.py took 0.060 seconds
[2025-04-27T23:12:24.103-0300] {processor.py:161} INFO - Started process (PID=56132) to work on /home/facuvega/Descargas/crypto-etl-airflow/airflow-apache/lib/python3.11/site-packages/airflow/example_dags/example_xcomargs.py
[2025-04-27T23:12:24.104-0300] {processor.py:830} INFO - Processing file /home/facuvega/Descargas/crypto-etl-airflow/airflow-apache/lib/python3.11/site-packages/airflow/example_dags/example_xcomargs.py for tasks to queue
[2025-04-27T23:12:24.105-0300] {logging_mixin.py:188} INFO - [2025-04-27T23:12:24.105-0300] {dagbag.py:540} INFO - Filling up the DagBag from /home/facuvega/Descargas/crypto-etl-airflow/airflow-apache/lib/python3.11/site-packages/airflow/example_dags/example_xcomargs.py
[2025-04-27T23:12:24.113-0300] {processor.py:840} INFO - DAG(s) 'example_xcom_args_with_operators', 'example_xcom_args' retrieved from /home/facuvega/Descargas/crypto-etl-airflow/airflow-apache/lib/python3.11/site-packages/airflow/example_dags/example_xcomargs.py
[2025-04-27T23:12:24.128-0300] {logging_mixin.py:188} INFO - [2025-04-27T23:12:24.127-0300] {dag.py:3096} INFO - Sync 2 DAGs
[2025-04-27T23:12:24.136-0300] {logging_mixin.py:188} INFO - [2025-04-27T23:12:24.136-0300] {dag.py:3954} INFO - Setting next_dagrun for example_xcom_args to None, run_after=None
[2025-04-27T23:12:24.138-0300] {logging_mixin.py:188} INFO - [2025-04-27T23:12:24.138-0300] {dag.py:3954} INFO - Setting next_dagrun for example_xcom_args_with_operators to None, run_after=None
[2025-04-27T23:12:24.151-0300] {processor.py:183} INFO - Processing /home/facuvega/Descargas/crypto-etl-airflow/airflow-apache/lib/python3.11/site-packages/airflow/example_dags/example_xcomargs.py took 0.055 seconds
[2025-04-27T23:13:04.083-0300] {processor.py:161} INFO - Started process (PID=56325) to work on /home/facuvega/Descargas/crypto-etl-airflow/airflow-apache/lib/python3.11/site-packages/airflow/example_dags/example_xcomargs.py
[2025-04-27T23:13:04.084-0300] {processor.py:830} INFO - Processing file /home/facuvega/Descargas/crypto-etl-airflow/airflow-apache/lib/python3.11/site-packages/airflow/example_dags/example_xcomargs.py for tasks to queue
[2025-04-27T23:13:04.086-0300] {logging_mixin.py:188} INFO - [2025-04-27T23:13:04.086-0300] {dagbag.py:540} INFO - Filling up the DagBag from /home/facuvega/Descargas/crypto-etl-airflow/airflow-apache/lib/python3.11/site-packages/airflow/example_dags/example_xcomargs.py
[2025-04-27T23:13:04.096-0300] {processor.py:840} INFO - DAG(s) 'example_xcom_args_with_operators', 'example_xcom_args' retrieved from /home/facuvega/Descargas/crypto-etl-airflow/airflow-apache/lib/python3.11/site-packages/airflow/example_dags/example_xcomargs.py
[2025-04-27T23:13:04.115-0300] {logging_mixin.py:188} INFO - [2025-04-27T23:13:04.115-0300] {dag.py:3096} INFO - Sync 2 DAGs
[2025-04-27T23:13:04.127-0300] {logging_mixin.py:188} INFO - [2025-04-27T23:13:04.126-0300] {dag.py:3954} INFO - Setting next_dagrun for example_xcom_args to None, run_after=None
[2025-04-27T23:13:04.130-0300] {logging_mixin.py:188} INFO - [2025-04-27T23:13:04.130-0300] {dag.py:3954} INFO - Setting next_dagrun for example_xcom_args_with_operators to None, run_after=None
[2025-04-27T23:13:04.146-0300] {processor.py:183} INFO - Processing /home/facuvega/Descargas/crypto-etl-airflow/airflow-apache/lib/python3.11/site-packages/airflow/example_dags/example_xcomargs.py took 0.069 seconds
[2025-04-27T23:13:44.216-0300] {processor.py:161} INFO - Started process (PID=56535) to work on /home/facuvega/Descargas/crypto-etl-airflow/airflow-apache/lib/python3.11/site-packages/airflow/example_dags/example_xcomargs.py
[2025-04-27T23:13:44.221-0300] {processor.py:830} INFO - Processing file /home/facuvega/Descargas/crypto-etl-airflow/airflow-apache/lib/python3.11/site-packages/airflow/example_dags/example_xcomargs.py for tasks to queue
[2025-04-27T23:13:44.225-0300] {logging_mixin.py:188} INFO - [2025-04-27T23:13:44.222-0300] {dagbag.py:540} INFO - Filling up the DagBag from /home/facuvega/Descargas/crypto-etl-airflow/airflow-apache/lib/python3.11/site-packages/airflow/example_dags/example_xcomargs.py
[2025-04-27T23:13:44.242-0300] {processor.py:840} INFO - DAG(s) 'example_xcom_args', 'example_xcom_args_with_operators' retrieved from /home/facuvega/Descargas/crypto-etl-airflow/airflow-apache/lib/python3.11/site-packages/airflow/example_dags/example_xcomargs.py
[2025-04-27T23:13:44.275-0300] {logging_mixin.py:188} INFO - [2025-04-27T23:13:44.274-0300] {dag.py:3096} INFO - Sync 2 DAGs
[2025-04-27T23:13:44.288-0300] {logging_mixin.py:188} INFO - [2025-04-27T23:13:44.287-0300] {dag.py:3954} INFO - Setting next_dagrun for example_xcom_args to None, run_after=None
[2025-04-27T23:13:44.293-0300] {logging_mixin.py:188} INFO - [2025-04-27T23:13:44.292-0300] {dag.py:3954} INFO - Setting next_dagrun for example_xcom_args_with_operators to None, run_after=None
[2025-04-27T23:13:44.320-0300] {processor.py:183} INFO - Processing /home/facuvega/Descargas/crypto-etl-airflow/airflow-apache/lib/python3.11/site-packages/airflow/example_dags/example_xcomargs.py took 0.115 seconds
[2025-04-27T23:14:28.295-0300] {processor.py:161} INFO - Started process (PID=56724) to work on /home/facuvega/Descargas/crypto-etl-airflow/airflow-apache/lib/python3.11/site-packages/airflow/example_dags/example_xcomargs.py
[2025-04-27T23:14:28.296-0300] {processor.py:830} INFO - Processing file /home/facuvega/Descargas/crypto-etl-airflow/airflow-apache/lib/python3.11/site-packages/airflow/example_dags/example_xcomargs.py for tasks to queue
[2025-04-27T23:14:28.298-0300] {logging_mixin.py:188} INFO - [2025-04-27T23:14:28.297-0300] {dagbag.py:540} INFO - Filling up the DagBag from /home/facuvega/Descargas/crypto-etl-airflow/airflow-apache/lib/python3.11/site-packages/airflow/example_dags/example_xcomargs.py
[2025-04-27T23:14:28.324-0300] {processor.py:840} INFO - DAG(s) 'example_xcom_args_with_operators', 'example_xcom_args' retrieved from /home/facuvega/Descargas/crypto-etl-airflow/airflow-apache/lib/python3.11/site-packages/airflow/example_dags/example_xcomargs.py
[2025-04-27T23:14:28.441-0300] {logging_mixin.py:188} INFO - [2025-04-27T23:14:28.441-0300] {dag.py:3096} INFO - Sync 2 DAGs
[2025-04-27T23:14:28.464-0300] {logging_mixin.py:188} INFO - [2025-04-27T23:14:28.464-0300] {dag.py:3954} INFO - Setting next_dagrun for example_xcom_args to None, run_after=None
[2025-04-27T23:14:28.470-0300] {logging_mixin.py:188} INFO - [2025-04-27T23:14:28.469-0300] {dag.py:3954} INFO - Setting next_dagrun for example_xcom_args_with_operators to None, run_after=None
[2025-04-27T23:14:28.495-0300] {processor.py:183} INFO - Processing /home/facuvega/Descargas/crypto-etl-airflow/airflow-apache/lib/python3.11/site-packages/airflow/example_dags/example_xcomargs.py took 0.210 seconds
[2025-04-27T23:15:13.543-0300] {processor.py:161} INFO - Started process (PID=56933) to work on /home/facuvega/Descargas/crypto-etl-airflow/airflow-apache/lib/python3.11/site-packages/airflow/example_dags/example_xcomargs.py
[2025-04-27T23:15:13.544-0300] {processor.py:830} INFO - Processing file /home/facuvega/Descargas/crypto-etl-airflow/airflow-apache/lib/python3.11/site-packages/airflow/example_dags/example_xcomargs.py for tasks to queue
[2025-04-27T23:15:13.546-0300] {logging_mixin.py:188} INFO - [2025-04-27T23:15:13.545-0300] {dagbag.py:540} INFO - Filling up the DagBag from /home/facuvega/Descargas/crypto-etl-airflow/airflow-apache/lib/python3.11/site-packages/airflow/example_dags/example_xcomargs.py
[2025-04-27T23:15:13.553-0300] {processor.py:840} INFO - DAG(s) 'example_xcom_args_with_operators', 'example_xcom_args' retrieved from /home/facuvega/Descargas/crypto-etl-airflow/airflow-apache/lib/python3.11/site-packages/airflow/example_dags/example_xcomargs.py
[2025-04-27T23:15:13.570-0300] {logging_mixin.py:188} INFO - [2025-04-27T23:15:13.570-0300] {dag.py:3096} INFO - Sync 2 DAGs
[2025-04-27T23:15:13.579-0300] {logging_mixin.py:188} INFO - [2025-04-27T23:15:13.579-0300] {dag.py:3954} INFO - Setting next_dagrun for example_xcom_args to None, run_after=None
[2025-04-27T23:15:13.581-0300] {logging_mixin.py:188} INFO - [2025-04-27T23:15:13.581-0300] {dag.py:3954} INFO - Setting next_dagrun for example_xcom_args_with_operators to None, run_after=None
[2025-04-27T23:15:13.595-0300] {processor.py:183} INFO - Processing /home/facuvega/Descargas/crypto-etl-airflow/airflow-apache/lib/python3.11/site-packages/airflow/example_dags/example_xcomargs.py took 0.060 seconds
[2025-04-27T23:16:01.424-0300] {processor.py:161} INFO - Started process (PID=57209) to work on /home/facuvega/Descargas/crypto-etl-airflow/airflow-apache/lib/python3.11/site-packages/airflow/example_dags/example_xcomargs.py
[2025-04-27T23:16:01.425-0300] {processor.py:830} INFO - Processing file /home/facuvega/Descargas/crypto-etl-airflow/airflow-apache/lib/python3.11/site-packages/airflow/example_dags/example_xcomargs.py for tasks to queue
[2025-04-27T23:16:01.427-0300] {logging_mixin.py:188} INFO - [2025-04-27T23:16:01.426-0300] {dagbag.py:540} INFO - Filling up the DagBag from /home/facuvega/Descargas/crypto-etl-airflow/airflow-apache/lib/python3.11/site-packages/airflow/example_dags/example_xcomargs.py
[2025-04-27T23:16:01.442-0300] {processor.py:840} INFO - DAG(s) 'example_xcom_args', 'example_xcom_args_with_operators' retrieved from /home/facuvega/Descargas/crypto-etl-airflow/airflow-apache/lib/python3.11/site-packages/airflow/example_dags/example_xcomargs.py
[2025-04-27T23:16:01.468-0300] {logging_mixin.py:188} INFO - [2025-04-27T23:16:01.467-0300] {dag.py:3096} INFO - Sync 2 DAGs
[2025-04-27T23:16:01.487-0300] {logging_mixin.py:188} INFO - [2025-04-27T23:16:01.487-0300] {dag.py:3954} INFO - Setting next_dagrun for example_xcom_args to None, run_after=None
[2025-04-27T23:16:01.492-0300] {logging_mixin.py:188} INFO - [2025-04-27T23:16:01.492-0300] {dag.py:3954} INFO - Setting next_dagrun for example_xcom_args_with_operators to None, run_after=None
[2025-04-27T23:16:01.516-0300] {processor.py:183} INFO - Processing /home/facuvega/Descargas/crypto-etl-airflow/airflow-apache/lib/python3.11/site-packages/airflow/example_dags/example_xcomargs.py took 0.099 seconds
[2025-04-27T23:16:40.111-0300] {processor.py:161} INFO - Started process (PID=57402) to work on /home/facuvega/Descargas/crypto-etl-airflow/airflow-apache/lib/python3.11/site-packages/airflow/example_dags/example_xcomargs.py
[2025-04-27T23:16:40.112-0300] {processor.py:830} INFO - Processing file /home/facuvega/Descargas/crypto-etl-airflow/airflow-apache/lib/python3.11/site-packages/airflow/example_dags/example_xcomargs.py for tasks to queue
[2025-04-27T23:16:40.114-0300] {logging_mixin.py:188} INFO - [2025-04-27T23:16:40.114-0300] {dagbag.py:540} INFO - Filling up the DagBag from /home/facuvega/Descargas/crypto-etl-airflow/airflow-apache/lib/python3.11/site-packages/airflow/example_dags/example_xcomargs.py
[2025-04-27T23:16:40.123-0300] {processor.py:840} INFO - DAG(s) 'example_xcom_args', 'example_xcom_args_with_operators' retrieved from /home/facuvega/Descargas/crypto-etl-airflow/airflow-apache/lib/python3.11/site-packages/airflow/example_dags/example_xcomargs.py
[2025-04-27T23:16:40.139-0300] {logging_mixin.py:188} INFO - [2025-04-27T23:16:40.139-0300] {dag.py:3096} INFO - Sync 2 DAGs
[2025-04-27T23:16:40.149-0300] {logging_mixin.py:188} INFO - [2025-04-27T23:16:40.149-0300] {dag.py:3954} INFO - Setting next_dagrun for example_xcom_args to None, run_after=None
[2025-04-27T23:16:40.151-0300] {logging_mixin.py:188} INFO - [2025-04-27T23:16:40.151-0300] {dag.py:3954} INFO - Setting next_dagrun for example_xcom_args_with_operators to None, run_after=None
[2025-04-27T23:16:40.165-0300] {processor.py:183} INFO - Processing /home/facuvega/Descargas/crypto-etl-airflow/airflow-apache/lib/python3.11/site-packages/airflow/example_dags/example_xcomargs.py took 0.061 seconds
[2025-04-27T23:17:22.359-0300] {processor.py:161} INFO - Started process (PID=57654) to work on /home/facuvega/Descargas/crypto-etl-airflow/airflow-apache/lib/python3.11/site-packages/airflow/example_dags/example_xcomargs.py
[2025-04-27T23:17:22.360-0300] {processor.py:830} INFO - Processing file /home/facuvega/Descargas/crypto-etl-airflow/airflow-apache/lib/python3.11/site-packages/airflow/example_dags/example_xcomargs.py for tasks to queue
[2025-04-27T23:17:22.362-0300] {logging_mixin.py:188} INFO - [2025-04-27T23:17:22.362-0300] {dagbag.py:540} INFO - Filling up the DagBag from /home/facuvega/Descargas/crypto-etl-airflow/airflow-apache/lib/python3.11/site-packages/airflow/example_dags/example_xcomargs.py
[2025-04-27T23:17:22.373-0300] {processor.py:840} INFO - DAG(s) 'example_xcom_args', 'example_xcom_args_with_operators' retrieved from /home/facuvega/Descargas/crypto-etl-airflow/airflow-apache/lib/python3.11/site-packages/airflow/example_dags/example_xcomargs.py
[2025-04-27T23:17:22.390-0300] {logging_mixin.py:188} INFO - [2025-04-27T23:17:22.390-0300] {dag.py:3096} INFO - Sync 2 DAGs
[2025-04-27T23:17:22.402-0300] {logging_mixin.py:188} INFO - [2025-04-27T23:17:22.402-0300] {dag.py:3954} INFO - Setting next_dagrun for example_xcom_args to None, run_after=None
[2025-04-27T23:17:22.404-0300] {logging_mixin.py:188} INFO - [2025-04-27T23:17:22.404-0300] {dag.py:3954} INFO - Setting next_dagrun for example_xcom_args_with_operators to None, run_after=None
[2025-04-27T23:17:22.422-0300] {processor.py:183} INFO - Processing /home/facuvega/Descargas/crypto-etl-airflow/airflow-apache/lib/python3.11/site-packages/airflow/example_dags/example_xcomargs.py took 0.068 seconds
[2025-04-27T23:18:09.270-0300] {processor.py:161} INFO - Started process (PID=57998) to work on /home/facuvega/Descargas/crypto-etl-airflow/airflow-apache/lib/python3.11/site-packages/airflow/example_dags/example_xcomargs.py
[2025-04-27T23:18:09.272-0300] {processor.py:830} INFO - Processing file /home/facuvega/Descargas/crypto-etl-airflow/airflow-apache/lib/python3.11/site-packages/airflow/example_dags/example_xcomargs.py for tasks to queue
[2025-04-27T23:18:09.274-0300] {logging_mixin.py:188} INFO - [2025-04-27T23:18:09.273-0300] {dagbag.py:540} INFO - Filling up the DagBag from /home/facuvega/Descargas/crypto-etl-airflow/airflow-apache/lib/python3.11/site-packages/airflow/example_dags/example_xcomargs.py
[2025-04-27T23:18:09.289-0300] {processor.py:840} INFO - DAG(s) 'example_xcom_args_with_operators', 'example_xcom_args' retrieved from /home/facuvega/Descargas/crypto-etl-airflow/airflow-apache/lib/python3.11/site-packages/airflow/example_dags/example_xcomargs.py
[2025-04-27T23:18:09.304-0300] {logging_mixin.py:188} INFO - [2025-04-27T23:18:09.304-0300] {dag.py:3096} INFO - Sync 2 DAGs
[2025-04-27T23:18:09.313-0300] {logging_mixin.py:188} INFO - [2025-04-27T23:18:09.312-0300] {dag.py:3954} INFO - Setting next_dagrun for example_xcom_args to None, run_after=None
[2025-04-27T23:18:09.316-0300] {logging_mixin.py:188} INFO - [2025-04-27T23:18:09.316-0300] {dag.py:3954} INFO - Setting next_dagrun for example_xcom_args_with_operators to None, run_after=None
[2025-04-27T23:18:09.339-0300] {processor.py:183} INFO - Processing /home/facuvega/Descargas/crypto-etl-airflow/airflow-apache/lib/python3.11/site-packages/airflow/example_dags/example_xcomargs.py took 0.078 seconds
