[2025-04-27T23:00:30.697-0300] {processor.py:161} INFO - Started process (PID=51781) to work on /home/facuvega/Descargas/crypto-etl-airflow/airflow-apache/lib/python3.11/site-packages/airflow/example_dags/tutorial_dag.py
[2025-04-27T23:00:30.698-0300] {processor.py:830} INFO - Processing file /home/facuvega/Descargas/crypto-etl-airflow/airflow-apache/lib/python3.11/site-packages/airflow/example_dags/tutorial_dag.py for tasks to queue
[2025-04-27T23:00:30.699-0300] {logging_mixin.py:188} INFO - [2025-04-27T23:00:30.699-0300] {dagbag.py:540} INFO - Filling up the DagBag from /home/facuvega/Descargas/crypto-etl-airflow/airflow-apache/lib/python3.11/site-packages/airflow/example_dags/tutorial_dag.py
[2025-04-27T23:00:30.707-0300] {processor.py:840} INFO - DAG(s) 'tutorial_dag' retrieved from /home/facuvega/Descargas/crypto-etl-airflow/airflow-apache/lib/python3.11/site-packages/airflow/example_dags/tutorial_dag.py
[2025-04-27T23:00:30.715-0300] {logging_mixin.py:188} INFO - [2025-04-27T23:00:30.715-0300] {dag.py:3096} INFO - Sync 1 DAGs
[2025-04-27T23:00:30.726-0300] {logging_mixin.py:188} INFO - [2025-04-27T23:00:30.726-0300] {dag.py:3954} INFO - Setting next_dagrun for tutorial_dag to None, run_after=None
[2025-04-27T23:00:30.743-0300] {processor.py:183} INFO - Processing /home/facuvega/Descargas/crypto-etl-airflow/airflow-apache/lib/python3.11/site-packages/airflow/example_dags/tutorial_dag.py took 0.052 seconds
[2025-04-27T23:05:29.451-0300] {processor.py:161} INFO - Started process (PID=53724) to work on /home/facuvega/Descargas/crypto-etl-airflow/airflow-apache/lib/python3.11/site-packages/airflow/example_dags/tutorial_dag.py
[2025-04-27T23:05:29.452-0300] {processor.py:830} INFO - Processing file /home/facuvega/Descargas/crypto-etl-airflow/airflow-apache/lib/python3.11/site-packages/airflow/example_dags/tutorial_dag.py for tasks to queue
[2025-04-27T23:05:29.453-0300] {logging_mixin.py:188} INFO - [2025-04-27T23:05:29.453-0300] {dagbag.py:540} INFO - Filling up the DagBag from /home/facuvega/Descargas/crypto-etl-airflow/airflow-apache/lib/python3.11/site-packages/airflow/example_dags/tutorial_dag.py
[2025-04-27T23:05:29.464-0300] {processor.py:840} INFO - DAG(s) 'tutorial_dag' retrieved from /home/facuvega/Descargas/crypto-etl-airflow/airflow-apache/lib/python3.11/site-packages/airflow/example_dags/tutorial_dag.py
[2025-04-27T23:05:29.692-0300] {logging_mixin.py:188} INFO - [2025-04-27T23:05:29.692-0300] {dag.py:3096} INFO - Sync 1 DAGs
[2025-04-27T23:05:29.699-0300] {logging_mixin.py:188} INFO - [2025-04-27T23:05:29.699-0300] {dag.py:3954} INFO - Setting next_dagrun for tutorial_dag to None, run_after=None
[2025-04-27T23:05:29.712-0300] {processor.py:183} INFO - Processing /home/facuvega/Descargas/crypto-etl-airflow/airflow-apache/lib/python3.11/site-packages/airflow/example_dags/tutorial_dag.py took 0.269 seconds
[2025-04-27T23:06:21.299-0300] {processor.py:161} INFO - Started process (PID=54110) to work on /home/facuvega/Descargas/crypto-etl-airflow/airflow-apache/lib/python3.11/site-packages/airflow/example_dags/tutorial_dag.py
[2025-04-27T23:06:21.300-0300] {processor.py:830} INFO - Processing file /home/facuvega/Descargas/crypto-etl-airflow/airflow-apache/lib/python3.11/site-packages/airflow/example_dags/tutorial_dag.py for tasks to queue
[2025-04-27T23:06:21.301-0300] {logging_mixin.py:188} INFO - [2025-04-27T23:06:21.301-0300] {dagbag.py:540} INFO - Filling up the DagBag from /home/facuvega/Descargas/crypto-etl-airflow/airflow-apache/lib/python3.11/site-packages/airflow/example_dags/tutorial_dag.py
[2025-04-27T23:06:21.308-0300] {processor.py:840} INFO - DAG(s) 'tutorial_dag' retrieved from /home/facuvega/Descargas/crypto-etl-airflow/airflow-apache/lib/python3.11/site-packages/airflow/example_dags/tutorial_dag.py
[2025-04-27T23:06:21.323-0300] {logging_mixin.py:188} INFO - [2025-04-27T23:06:21.323-0300] {dag.py:3096} INFO - Sync 1 DAGs
[2025-04-27T23:06:21.334-0300] {logging_mixin.py:188} INFO - [2025-04-27T23:06:21.334-0300] {dag.py:3954} INFO - Setting next_dagrun for tutorial_dag to None, run_after=None
[2025-04-27T23:06:21.347-0300] {processor.py:183} INFO - Processing /home/facuvega/Descargas/crypto-etl-airflow/airflow-apache/lib/python3.11/site-packages/airflow/example_dags/tutorial_dag.py took 0.056 seconds
[2025-04-27T23:07:03.042-0300] {processor.py:161} INFO - Started process (PID=54470) to work on /home/facuvega/Descargas/crypto-etl-airflow/airflow-apache/lib/python3.11/site-packages/airflow/example_dags/tutorial_dag.py
[2025-04-27T23:07:03.043-0300] {processor.py:830} INFO - Processing file /home/facuvega/Descargas/crypto-etl-airflow/airflow-apache/lib/python3.11/site-packages/airflow/example_dags/tutorial_dag.py for tasks to queue
[2025-04-27T23:07:03.046-0300] {logging_mixin.py:188} INFO - [2025-04-27T23:07:03.045-0300] {dagbag.py:540} INFO - Filling up the DagBag from /home/facuvega/Descargas/crypto-etl-airflow/airflow-apache/lib/python3.11/site-packages/airflow/example_dags/tutorial_dag.py
[2025-04-27T23:07:03.052-0300] {processor.py:840} INFO - DAG(s) 'tutorial_dag' retrieved from /home/facuvega/Descargas/crypto-etl-airflow/airflow-apache/lib/python3.11/site-packages/airflow/example_dags/tutorial_dag.py
[2025-04-27T23:07:03.066-0300] {logging_mixin.py:188} INFO - [2025-04-27T23:07:03.065-0300] {dag.py:3096} INFO - Sync 1 DAGs
[2025-04-27T23:07:03.074-0300] {logging_mixin.py:188} INFO - [2025-04-27T23:07:03.074-0300] {dag.py:3954} INFO - Setting next_dagrun for tutorial_dag to None, run_after=None
[2025-04-27T23:07:03.089-0300] {processor.py:183} INFO - Processing /home/facuvega/Descargas/crypto-etl-airflow/airflow-apache/lib/python3.11/site-packages/airflow/example_dags/tutorial_dag.py took 0.052 seconds
[2025-04-27T23:07:42.464-0300] {processor.py:161} INFO - Started process (PID=54655) to work on /home/facuvega/Descargas/crypto-etl-airflow/airflow-apache/lib/python3.11/site-packages/airflow/example_dags/tutorial_dag.py
[2025-04-27T23:07:42.465-0300] {processor.py:830} INFO - Processing file /home/facuvega/Descargas/crypto-etl-airflow/airflow-apache/lib/python3.11/site-packages/airflow/example_dags/tutorial_dag.py for tasks to queue
[2025-04-27T23:07:42.466-0300] {logging_mixin.py:188} INFO - [2025-04-27T23:07:42.466-0300] {dagbag.py:540} INFO - Filling up the DagBag from /home/facuvega/Descargas/crypto-etl-airflow/airflow-apache/lib/python3.11/site-packages/airflow/example_dags/tutorial_dag.py
[2025-04-27T23:07:42.471-0300] {processor.py:840} INFO - DAG(s) 'tutorial_dag' retrieved from /home/facuvega/Descargas/crypto-etl-airflow/airflow-apache/lib/python3.11/site-packages/airflow/example_dags/tutorial_dag.py
[2025-04-27T23:07:42.483-0300] {logging_mixin.py:188} INFO - [2025-04-27T23:07:42.483-0300] {dag.py:3096} INFO - Sync 1 DAGs
[2025-04-27T23:07:42.491-0300] {logging_mixin.py:188} INFO - [2025-04-27T23:07:42.491-0300] {dag.py:3954} INFO - Setting next_dagrun for tutorial_dag to None, run_after=None
[2025-04-27T23:07:42.504-0300] {processor.py:183} INFO - Processing /home/facuvega/Descargas/crypto-etl-airflow/airflow-apache/lib/python3.11/site-packages/airflow/example_dags/tutorial_dag.py took 0.045 seconds
[2025-04-27T23:08:22.379-0300] {processor.py:161} INFO - Started process (PID=54828) to work on /home/facuvega/Descargas/crypto-etl-airflow/airflow-apache/lib/python3.11/site-packages/airflow/example_dags/tutorial_dag.py
[2025-04-27T23:08:22.380-0300] {processor.py:830} INFO - Processing file /home/facuvega/Descargas/crypto-etl-airflow/airflow-apache/lib/python3.11/site-packages/airflow/example_dags/tutorial_dag.py for tasks to queue
[2025-04-27T23:08:22.381-0300] {logging_mixin.py:188} INFO - [2025-04-27T23:08:22.381-0300] {dagbag.py:540} INFO - Filling up the DagBag from /home/facuvega/Descargas/crypto-etl-airflow/airflow-apache/lib/python3.11/site-packages/airflow/example_dags/tutorial_dag.py
[2025-04-27T23:08:22.387-0300] {processor.py:840} INFO - DAG(s) 'tutorial_dag' retrieved from /home/facuvega/Descargas/crypto-etl-airflow/airflow-apache/lib/python3.11/site-packages/airflow/example_dags/tutorial_dag.py
[2025-04-27T23:08:22.400-0300] {logging_mixin.py:188} INFO - [2025-04-27T23:08:22.400-0300] {dag.py:3096} INFO - Sync 1 DAGs
[2025-04-27T23:08:22.408-0300] {logging_mixin.py:188} INFO - [2025-04-27T23:08:22.408-0300] {dag.py:3954} INFO - Setting next_dagrun for tutorial_dag to None, run_after=None
[2025-04-27T23:08:22.421-0300] {processor.py:183} INFO - Processing /home/facuvega/Descargas/crypto-etl-airflow/airflow-apache/lib/python3.11/site-packages/airflow/example_dags/tutorial_dag.py took 0.049 seconds
[2025-04-27T23:09:06.360-0300] {processor.py:161} INFO - Started process (PID=55026) to work on /home/facuvega/Descargas/crypto-etl-airflow/airflow-apache/lib/python3.11/site-packages/airflow/example_dags/tutorial_dag.py
[2025-04-27T23:09:06.361-0300] {processor.py:830} INFO - Processing file /home/facuvega/Descargas/crypto-etl-airflow/airflow-apache/lib/python3.11/site-packages/airflow/example_dags/tutorial_dag.py for tasks to queue
[2025-04-27T23:09:06.362-0300] {logging_mixin.py:188} INFO - [2025-04-27T23:09:06.362-0300] {dagbag.py:540} INFO - Filling up the DagBag from /home/facuvega/Descargas/crypto-etl-airflow/airflow-apache/lib/python3.11/site-packages/airflow/example_dags/tutorial_dag.py
[2025-04-27T23:09:06.367-0300] {processor.py:840} INFO - DAG(s) 'tutorial_dag' retrieved from /home/facuvega/Descargas/crypto-etl-airflow/airflow-apache/lib/python3.11/site-packages/airflow/example_dags/tutorial_dag.py
[2025-04-27T23:09:06.380-0300] {logging_mixin.py:188} INFO - [2025-04-27T23:09:06.380-0300] {dag.py:3096} INFO - Sync 1 DAGs
[2025-04-27T23:09:06.388-0300] {logging_mixin.py:188} INFO - [2025-04-27T23:09:06.387-0300] {dag.py:3954} INFO - Setting next_dagrun for tutorial_dag to None, run_after=None
[2025-04-27T23:09:06.401-0300] {processor.py:183} INFO - Processing /home/facuvega/Descargas/crypto-etl-airflow/airflow-apache/lib/python3.11/site-packages/airflow/example_dags/tutorial_dag.py took 0.047 seconds
[2025-04-27T23:09:49.128-0300] {processor.py:161} INFO - Started process (PID=55217) to work on /home/facuvega/Descargas/crypto-etl-airflow/airflow-apache/lib/python3.11/site-packages/airflow/example_dags/tutorial_dag.py
[2025-04-27T23:09:49.129-0300] {processor.py:830} INFO - Processing file /home/facuvega/Descargas/crypto-etl-airflow/airflow-apache/lib/python3.11/site-packages/airflow/example_dags/tutorial_dag.py for tasks to queue
[2025-04-27T23:09:49.130-0300] {logging_mixin.py:188} INFO - [2025-04-27T23:09:49.130-0300] {dagbag.py:540} INFO - Filling up the DagBag from /home/facuvega/Descargas/crypto-etl-airflow/airflow-apache/lib/python3.11/site-packages/airflow/example_dags/tutorial_dag.py
[2025-04-27T23:09:49.135-0300] {processor.py:840} INFO - DAG(s) 'tutorial_dag' retrieved from /home/facuvega/Descargas/crypto-etl-airflow/airflow-apache/lib/python3.11/site-packages/airflow/example_dags/tutorial_dag.py
[2025-04-27T23:09:49.147-0300] {logging_mixin.py:188} INFO - [2025-04-27T23:09:49.147-0300] {dag.py:3096} INFO - Sync 1 DAGs
[2025-04-27T23:09:49.156-0300] {logging_mixin.py:188} INFO - [2025-04-27T23:09:49.155-0300] {dag.py:3954} INFO - Setting next_dagrun for tutorial_dag to None, run_after=None
[2025-04-27T23:09:49.168-0300] {processor.py:183} INFO - Processing /home/facuvega/Descargas/crypto-etl-airflow/airflow-apache/lib/python3.11/site-packages/airflow/example_dags/tutorial_dag.py took 0.045 seconds
[2025-04-27T23:10:38.596-0300] {processor.py:161} INFO - Started process (PID=55532) to work on /home/facuvega/Descargas/crypto-etl-airflow/airflow-apache/lib/python3.11/site-packages/airflow/example_dags/tutorial_dag.py
[2025-04-27T23:10:38.597-0300] {processor.py:830} INFO - Processing file /home/facuvega/Descargas/crypto-etl-airflow/airflow-apache/lib/python3.11/site-packages/airflow/example_dags/tutorial_dag.py for tasks to queue
[2025-04-27T23:10:38.599-0300] {logging_mixin.py:188} INFO - [2025-04-27T23:10:38.598-0300] {dagbag.py:540} INFO - Filling up the DagBag from /home/facuvega/Descargas/crypto-etl-airflow/airflow-apache/lib/python3.11/site-packages/airflow/example_dags/tutorial_dag.py
[2025-04-27T23:10:38.603-0300] {processor.py:840} INFO - DAG(s) 'tutorial_dag' retrieved from /home/facuvega/Descargas/crypto-etl-airflow/airflow-apache/lib/python3.11/site-packages/airflow/example_dags/tutorial_dag.py
[2025-04-27T23:10:38.615-0300] {logging_mixin.py:188} INFO - [2025-04-27T23:10:38.615-0300] {dag.py:3096} INFO - Sync 1 DAGs
[2025-04-27T23:10:38.623-0300] {logging_mixin.py:188} INFO - [2025-04-27T23:10:38.623-0300] {dag.py:3954} INFO - Setting next_dagrun for tutorial_dag to None, run_after=None
[2025-04-27T23:10:38.635-0300] {processor.py:183} INFO - Processing /home/facuvega/Descargas/crypto-etl-airflow/airflow-apache/lib/python3.11/site-packages/airflow/example_dags/tutorial_dag.py took 0.044 seconds
[2025-04-27T23:11:18.410-0300] {processor.py:161} INFO - Started process (PID=55819) to work on /home/facuvega/Descargas/crypto-etl-airflow/airflow-apache/lib/python3.11/site-packages/airflow/example_dags/tutorial_dag.py
[2025-04-27T23:11:18.411-0300] {processor.py:830} INFO - Processing file /home/facuvega/Descargas/crypto-etl-airflow/airflow-apache/lib/python3.11/site-packages/airflow/example_dags/tutorial_dag.py for tasks to queue
[2025-04-27T23:11:18.413-0300] {logging_mixin.py:188} INFO - [2025-04-27T23:11:18.412-0300] {dagbag.py:540} INFO - Filling up the DagBag from /home/facuvega/Descargas/crypto-etl-airflow/airflow-apache/lib/python3.11/site-packages/airflow/example_dags/tutorial_dag.py
[2025-04-27T23:11:18.418-0300] {processor.py:840} INFO - DAG(s) 'tutorial_dag' retrieved from /home/facuvega/Descargas/crypto-etl-airflow/airflow-apache/lib/python3.11/site-packages/airflow/example_dags/tutorial_dag.py
[2025-04-27T23:11:18.429-0300] {logging_mixin.py:188} INFO - [2025-04-27T23:11:18.429-0300] {dag.py:3096} INFO - Sync 1 DAGs
[2025-04-27T23:11:18.437-0300] {logging_mixin.py:188} INFO - [2025-04-27T23:11:18.437-0300] {dag.py:3954} INFO - Setting next_dagrun for tutorial_dag to None, run_after=None
[2025-04-27T23:11:18.450-0300] {processor.py:183} INFO - Processing /home/facuvega/Descargas/crypto-etl-airflow/airflow-apache/lib/python3.11/site-packages/airflow/example_dags/tutorial_dag.py took 0.045 seconds
[2025-04-27T23:11:58.001-0300] {processor.py:161} INFO - Started process (PID=56019) to work on /home/facuvega/Descargas/crypto-etl-airflow/airflow-apache/lib/python3.11/site-packages/airflow/example_dags/tutorial_dag.py
[2025-04-27T23:11:58.003-0300] {processor.py:830} INFO - Processing file /home/facuvega/Descargas/crypto-etl-airflow/airflow-apache/lib/python3.11/site-packages/airflow/example_dags/tutorial_dag.py for tasks to queue
[2025-04-27T23:11:58.004-0300] {logging_mixin.py:188} INFO - [2025-04-27T23:11:58.004-0300] {dagbag.py:540} INFO - Filling up the DagBag from /home/facuvega/Descargas/crypto-etl-airflow/airflow-apache/lib/python3.11/site-packages/airflow/example_dags/tutorial_dag.py
[2025-04-27T23:11:58.008-0300] {processor.py:840} INFO - DAG(s) 'tutorial_dag' retrieved from /home/facuvega/Descargas/crypto-etl-airflow/airflow-apache/lib/python3.11/site-packages/airflow/example_dags/tutorial_dag.py
[2025-04-27T23:11:58.020-0300] {logging_mixin.py:188} INFO - [2025-04-27T23:11:58.020-0300] {dag.py:3096} INFO - Sync 1 DAGs
[2025-04-27T23:11:58.028-0300] {logging_mixin.py:188} INFO - [2025-04-27T23:11:58.028-0300] {dag.py:3954} INFO - Setting next_dagrun for tutorial_dag to None, run_after=None
[2025-04-27T23:11:58.040-0300] {processor.py:183} INFO - Processing /home/facuvega/Descargas/crypto-etl-airflow/airflow-apache/lib/python3.11/site-packages/airflow/example_dags/tutorial_dag.py took 0.043 seconds
[2025-04-27T23:12:36.335-0300] {processor.py:161} INFO - Started process (PID=56189) to work on /home/facuvega/Descargas/crypto-etl-airflow/airflow-apache/lib/python3.11/site-packages/airflow/example_dags/tutorial_dag.py
[2025-04-27T23:12:36.336-0300] {processor.py:830} INFO - Processing file /home/facuvega/Descargas/crypto-etl-airflow/airflow-apache/lib/python3.11/site-packages/airflow/example_dags/tutorial_dag.py for tasks to queue
[2025-04-27T23:12:36.338-0300] {logging_mixin.py:188} INFO - [2025-04-27T23:12:36.337-0300] {dagbag.py:540} INFO - Filling up the DagBag from /home/facuvega/Descargas/crypto-etl-airflow/airflow-apache/lib/python3.11/site-packages/airflow/example_dags/tutorial_dag.py
[2025-04-27T23:12:36.343-0300] {processor.py:840} INFO - DAG(s) 'tutorial_dag' retrieved from /home/facuvega/Descargas/crypto-etl-airflow/airflow-apache/lib/python3.11/site-packages/airflow/example_dags/tutorial_dag.py
[2025-04-27T23:12:36.358-0300] {logging_mixin.py:188} INFO - [2025-04-27T23:12:36.358-0300] {dag.py:3096} INFO - Sync 1 DAGs
[2025-04-27T23:12:36.368-0300] {logging_mixin.py:188} INFO - [2025-04-27T23:12:36.368-0300] {dag.py:3954} INFO - Setting next_dagrun for tutorial_dag to None, run_after=None
[2025-04-27T23:12:36.386-0300] {processor.py:183} INFO - Processing /home/facuvega/Descargas/crypto-etl-airflow/airflow-apache/lib/python3.11/site-packages/airflow/example_dags/tutorial_dag.py took 0.059 seconds
[2025-04-27T23:13:17.074-0300] {processor.py:161} INFO - Started process (PID=56394) to work on /home/facuvega/Descargas/crypto-etl-airflow/airflow-apache/lib/python3.11/site-packages/airflow/example_dags/tutorial_dag.py
[2025-04-27T23:13:17.075-0300] {processor.py:830} INFO - Processing file /home/facuvega/Descargas/crypto-etl-airflow/airflow-apache/lib/python3.11/site-packages/airflow/example_dags/tutorial_dag.py for tasks to queue
[2025-04-27T23:13:17.076-0300] {logging_mixin.py:188} INFO - [2025-04-27T23:13:17.076-0300] {dagbag.py:540} INFO - Filling up the DagBag from /home/facuvega/Descargas/crypto-etl-airflow/airflow-apache/lib/python3.11/site-packages/airflow/example_dags/tutorial_dag.py
[2025-04-27T23:13:17.081-0300] {processor.py:840} INFO - DAG(s) 'tutorial_dag' retrieved from /home/facuvega/Descargas/crypto-etl-airflow/airflow-apache/lib/python3.11/site-packages/airflow/example_dags/tutorial_dag.py
[2025-04-27T23:13:17.093-0300] {logging_mixin.py:188} INFO - [2025-04-27T23:13:17.093-0300] {dag.py:3096} INFO - Sync 1 DAGs
[2025-04-27T23:13:17.101-0300] {logging_mixin.py:188} INFO - [2025-04-27T23:13:17.101-0300] {dag.py:3954} INFO - Setting next_dagrun for tutorial_dag to None, run_after=None
[2025-04-27T23:13:17.113-0300] {processor.py:183} INFO - Processing /home/facuvega/Descargas/crypto-etl-airflow/airflow-apache/lib/python3.11/site-packages/airflow/example_dags/tutorial_dag.py took 0.044 seconds
[2025-04-27T23:13:56.711-0300] {processor.py:161} INFO - Started process (PID=56587) to work on /home/facuvega/Descargas/crypto-etl-airflow/airflow-apache/lib/python3.11/site-packages/airflow/example_dags/tutorial_dag.py
[2025-04-27T23:13:56.713-0300] {processor.py:830} INFO - Processing file /home/facuvega/Descargas/crypto-etl-airflow/airflow-apache/lib/python3.11/site-packages/airflow/example_dags/tutorial_dag.py for tasks to queue
[2025-04-27T23:13:56.714-0300] {logging_mixin.py:188} INFO - [2025-04-27T23:13:56.714-0300] {dagbag.py:540} INFO - Filling up the DagBag from /home/facuvega/Descargas/crypto-etl-airflow/airflow-apache/lib/python3.11/site-packages/airflow/example_dags/tutorial_dag.py
[2025-04-27T23:13:56.724-0300] {processor.py:840} INFO - DAG(s) 'tutorial_dag' retrieved from /home/facuvega/Descargas/crypto-etl-airflow/airflow-apache/lib/python3.11/site-packages/airflow/example_dags/tutorial_dag.py
[2025-04-27T23:13:56.751-0300] {logging_mixin.py:188} INFO - [2025-04-27T23:13:56.750-0300] {dag.py:3096} INFO - Sync 1 DAGs
[2025-04-27T23:13:56.768-0300] {logging_mixin.py:188} INFO - [2025-04-27T23:13:56.767-0300] {dag.py:3954} INFO - Setting next_dagrun for tutorial_dag to None, run_after=None
[2025-04-27T23:13:56.796-0300] {processor.py:183} INFO - Processing /home/facuvega/Descargas/crypto-etl-airflow/airflow-apache/lib/python3.11/site-packages/airflow/example_dags/tutorial_dag.py took 0.096 seconds
[2025-04-27T23:14:44.979-0300] {processor.py:161} INFO - Started process (PID=56799) to work on /home/facuvega/Descargas/crypto-etl-airflow/airflow-apache/lib/python3.11/site-packages/airflow/example_dags/tutorial_dag.py
[2025-04-27T23:14:44.980-0300] {processor.py:830} INFO - Processing file /home/facuvega/Descargas/crypto-etl-airflow/airflow-apache/lib/python3.11/site-packages/airflow/example_dags/tutorial_dag.py for tasks to queue
[2025-04-27T23:14:44.982-0300] {logging_mixin.py:188} INFO - [2025-04-27T23:14:44.981-0300] {dagbag.py:540} INFO - Filling up the DagBag from /home/facuvega/Descargas/crypto-etl-airflow/airflow-apache/lib/python3.11/site-packages/airflow/example_dags/tutorial_dag.py
[2025-04-27T23:14:44.987-0300] {processor.py:840} INFO - DAG(s) 'tutorial_dag' retrieved from /home/facuvega/Descargas/crypto-etl-airflow/airflow-apache/lib/python3.11/site-packages/airflow/example_dags/tutorial_dag.py
[2025-04-27T23:14:44.999-0300] {logging_mixin.py:188} INFO - [2025-04-27T23:14:44.999-0300] {dag.py:3096} INFO - Sync 1 DAGs
[2025-04-27T23:14:45.008-0300] {logging_mixin.py:188} INFO - [2025-04-27T23:14:45.007-0300] {dag.py:3954} INFO - Setting next_dagrun for tutorial_dag to None, run_after=None
[2025-04-27T23:14:45.021-0300] {processor.py:183} INFO - Processing /home/facuvega/Descargas/crypto-etl-airflow/airflow-apache/lib/python3.11/site-packages/airflow/example_dags/tutorial_dag.py took 0.047 seconds
[2025-04-27T23:15:25.344-0300] {processor.py:161} INFO - Started process (PID=57016) to work on /home/facuvega/Descargas/crypto-etl-airflow/airflow-apache/lib/python3.11/site-packages/airflow/example_dags/tutorial_dag.py
[2025-04-27T23:15:25.345-0300] {processor.py:830} INFO - Processing file /home/facuvega/Descargas/crypto-etl-airflow/airflow-apache/lib/python3.11/site-packages/airflow/example_dags/tutorial_dag.py for tasks to queue
[2025-04-27T23:15:25.347-0300] {logging_mixin.py:188} INFO - [2025-04-27T23:15:25.346-0300] {dagbag.py:540} INFO - Filling up the DagBag from /home/facuvega/Descargas/crypto-etl-airflow/airflow-apache/lib/python3.11/site-packages/airflow/example_dags/tutorial_dag.py
[2025-04-27T23:15:25.353-0300] {processor.py:840} INFO - DAG(s) 'tutorial_dag' retrieved from /home/facuvega/Descargas/crypto-etl-airflow/airflow-apache/lib/python3.11/site-packages/airflow/example_dags/tutorial_dag.py
[2025-04-27T23:15:25.370-0300] {logging_mixin.py:188} INFO - [2025-04-27T23:15:25.370-0300] {dag.py:3096} INFO - Sync 1 DAGs
[2025-04-27T23:15:25.382-0300] {logging_mixin.py:188} INFO - [2025-04-27T23:15:25.382-0300] {dag.py:3954} INFO - Setting next_dagrun for tutorial_dag to None, run_after=None
[2025-04-27T23:15:25.396-0300] {processor.py:183} INFO - Processing /home/facuvega/Descargas/crypto-etl-airflow/airflow-apache/lib/python3.11/site-packages/airflow/example_dags/tutorial_dag.py took 0.058 seconds
[2025-04-27T23:16:02.832-0300] {processor.py:161} INFO - Started process (PID=57217) to work on /home/facuvega/Descargas/crypto-etl-airflow/airflow-apache/lib/python3.11/site-packages/airflow/example_dags/tutorial_dag.py
[2025-04-27T23:16:02.833-0300] {processor.py:830} INFO - Processing file /home/facuvega/Descargas/crypto-etl-airflow/airflow-apache/lib/python3.11/site-packages/airflow/example_dags/tutorial_dag.py for tasks to queue
[2025-04-27T23:16:02.834-0300] {logging_mixin.py:188} INFO - [2025-04-27T23:16:02.834-0300] {dagbag.py:540} INFO - Filling up the DagBag from /home/facuvega/Descargas/crypto-etl-airflow/airflow-apache/lib/python3.11/site-packages/airflow/example_dags/tutorial_dag.py
[2025-04-27T23:16:02.839-0300] {processor.py:840} INFO - DAG(s) 'tutorial_dag' retrieved from /home/facuvega/Descargas/crypto-etl-airflow/airflow-apache/lib/python3.11/site-packages/airflow/example_dags/tutorial_dag.py
[2025-04-27T23:16:02.852-0300] {logging_mixin.py:188} INFO - [2025-04-27T23:16:02.851-0300] {dag.py:3096} INFO - Sync 1 DAGs
[2025-04-27T23:16:02.861-0300] {logging_mixin.py:188} INFO - [2025-04-27T23:16:02.861-0300] {dag.py:3954} INFO - Setting next_dagrun for tutorial_dag to None, run_after=None
[2025-04-27T23:16:02.873-0300] {processor.py:183} INFO - Processing /home/facuvega/Descargas/crypto-etl-airflow/airflow-apache/lib/python3.11/site-packages/airflow/example_dags/tutorial_dag.py took 0.046 seconds
[2025-04-27T23:16:42.520-0300] {processor.py:161} INFO - Started process (PID=57414) to work on /home/facuvega/Descargas/crypto-etl-airflow/airflow-apache/lib/python3.11/site-packages/airflow/example_dags/tutorial_dag.py
[2025-04-27T23:16:42.520-0300] {processor.py:830} INFO - Processing file /home/facuvega/Descargas/crypto-etl-airflow/airflow-apache/lib/python3.11/site-packages/airflow/example_dags/tutorial_dag.py for tasks to queue
[2025-04-27T23:16:42.522-0300] {logging_mixin.py:188} INFO - [2025-04-27T23:16:42.522-0300] {dagbag.py:540} INFO - Filling up the DagBag from /home/facuvega/Descargas/crypto-etl-airflow/airflow-apache/lib/python3.11/site-packages/airflow/example_dags/tutorial_dag.py
[2025-04-27T23:16:42.527-0300] {processor.py:840} INFO - DAG(s) 'tutorial_dag' retrieved from /home/facuvega/Descargas/crypto-etl-airflow/airflow-apache/lib/python3.11/site-packages/airflow/example_dags/tutorial_dag.py
[2025-04-27T23:16:42.544-0300] {logging_mixin.py:188} INFO - [2025-04-27T23:16:42.544-0300] {dag.py:3096} INFO - Sync 1 DAGs
[2025-04-27T23:16:42.553-0300] {logging_mixin.py:188} INFO - [2025-04-27T23:16:42.553-0300] {dag.py:3954} INFO - Setting next_dagrun for tutorial_dag to None, run_after=None
[2025-04-27T23:16:42.566-0300] {processor.py:183} INFO - Processing /home/facuvega/Descargas/crypto-etl-airflow/airflow-apache/lib/python3.11/site-packages/airflow/example_dags/tutorial_dag.py took 0.052 seconds
[2025-04-27T23:17:24.079-0300] {processor.py:161} INFO - Started process (PID=57663) to work on /home/facuvega/Descargas/crypto-etl-airflow/airflow-apache/lib/python3.11/site-packages/airflow/example_dags/tutorial_dag.py
[2025-04-27T23:17:24.080-0300] {processor.py:830} INFO - Processing file /home/facuvega/Descargas/crypto-etl-airflow/airflow-apache/lib/python3.11/site-packages/airflow/example_dags/tutorial_dag.py for tasks to queue
[2025-04-27T23:17:24.082-0300] {logging_mixin.py:188} INFO - [2025-04-27T23:17:24.082-0300] {dagbag.py:540} INFO - Filling up the DagBag from /home/facuvega/Descargas/crypto-etl-airflow/airflow-apache/lib/python3.11/site-packages/airflow/example_dags/tutorial_dag.py
[2025-04-27T23:17:24.087-0300] {processor.py:840} INFO - DAG(s) 'tutorial_dag' retrieved from /home/facuvega/Descargas/crypto-etl-airflow/airflow-apache/lib/python3.11/site-packages/airflow/example_dags/tutorial_dag.py
[2025-04-27T23:17:24.100-0300] {logging_mixin.py:188} INFO - [2025-04-27T23:17:24.099-0300] {dag.py:3096} INFO - Sync 1 DAGs
[2025-04-27T23:17:24.108-0300] {logging_mixin.py:188} INFO - [2025-04-27T23:17:24.108-0300] {dag.py:3954} INFO - Setting next_dagrun for tutorial_dag to None, run_after=None
[2025-04-27T23:17:24.121-0300] {processor.py:183} INFO - Processing /home/facuvega/Descargas/crypto-etl-airflow/airflow-apache/lib/python3.11/site-packages/airflow/example_dags/tutorial_dag.py took 0.047 seconds
[2025-04-27T23:18:10.702-0300] {processor.py:161} INFO - Started process (PID=58000) to work on /home/facuvega/Descargas/crypto-etl-airflow/airflow-apache/lib/python3.11/site-packages/airflow/example_dags/tutorial_dag.py
[2025-04-27T23:18:10.703-0300] {processor.py:830} INFO - Processing file /home/facuvega/Descargas/crypto-etl-airflow/airflow-apache/lib/python3.11/site-packages/airflow/example_dags/tutorial_dag.py for tasks to queue
[2025-04-27T23:18:10.704-0300] {logging_mixin.py:188} INFO - [2025-04-27T23:18:10.704-0300] {dagbag.py:540} INFO - Filling up the DagBag from /home/facuvega/Descargas/crypto-etl-airflow/airflow-apache/lib/python3.11/site-packages/airflow/example_dags/tutorial_dag.py
[2025-04-27T23:18:10.709-0300] {processor.py:840} INFO - DAG(s) 'tutorial_dag' retrieved from /home/facuvega/Descargas/crypto-etl-airflow/airflow-apache/lib/python3.11/site-packages/airflow/example_dags/tutorial_dag.py
[2025-04-27T23:18:10.722-0300] {logging_mixin.py:188} INFO - [2025-04-27T23:18:10.722-0300] {dag.py:3096} INFO - Sync 1 DAGs
[2025-04-27T23:18:10.730-0300] {logging_mixin.py:188} INFO - [2025-04-27T23:18:10.730-0300] {dag.py:3954} INFO - Setting next_dagrun for tutorial_dag to None, run_after=None
[2025-04-27T23:18:10.744-0300] {processor.py:183} INFO - Processing /home/facuvega/Descargas/crypto-etl-airflow/airflow-apache/lib/python3.11/site-packages/airflow/example_dags/tutorial_dag.py took 0.047 seconds
