[2025-04-27T20:10:31.715-0300] {processor.py:161} INFO - Started process (PID=9543) to work on /home/facuvega/Descargas/crypto-etl-airflow/airflow-apache/lib/python3.11/site-packages/airflow/example_dags/example_branch_labels.py
[2025-04-27T20:10:31.716-0300] {processor.py:830} INFO - Processing file /home/facuvega/Descargas/crypto-etl-airflow/airflow-apache/lib/python3.11/site-packages/airflow/example_dags/example_branch_labels.py for tasks to queue
[2025-04-27T20:10:31.719-0300] {logging_mixin.py:188} INFO - [2025-04-27T20:10:31.717-0300] {dagbag.py:540} INFO - Filling up the DagBag from /home/facuvega/Descargas/crypto-etl-airflow/airflow-apache/lib/python3.11/site-packages/airflow/example_dags/example_branch_labels.py
[2025-04-27T20:10:31.733-0300] {processor.py:840} INFO - DAG(s) 'example_branch_labels' retrieved from /home/facuvega/Descargas/crypto-etl-airflow/airflow-apache/lib/python3.11/site-packages/airflow/example_dags/example_branch_labels.py
[2025-04-27T20:10:32.130-0300] {logging_mixin.py:188} INFO - [2025-04-27T20:10:32.127-0300] {override.py:1829} INFO - Created Permission View: can edit on DAG:example_branch_labels
[2025-04-27T20:10:32.152-0300] {logging_mixin.py:188} INFO - [2025-04-27T20:10:32.152-0300] {override.py:1829} INFO - Created Permission View: can delete on DAG:example_branch_labels
[2025-04-27T20:10:32.163-0300] {logging_mixin.py:188} INFO - [2025-04-27T20:10:32.163-0300] {override.py:1829} INFO - Created Permission View: can read on DAG:example_branch_labels
[2025-04-27T20:10:32.164-0300] {logging_mixin.py:188} INFO - [2025-04-27T20:10:32.164-0300] {dag.py:3096} INFO - Sync 1 DAGs
[2025-04-27T20:10:32.188-0300] {logging_mixin.py:188} INFO - [2025-04-27T20:10:32.186-0300] {dag.py:3118} INFO - Creating ORM DAG for example_branch_labels
[2025-04-27T20:10:32.234-0300] {logging_mixin.py:188} INFO - [2025-04-27T20:10:32.229-0300] {dag.py:3954} INFO - Setting next_dagrun for example_branch_labels to 2025-04-26 00:00:00+00:00, run_after=2025-04-27 00:00:00+00:00
[2025-04-27T20:10:32.258-0300] {processor.py:183} INFO - Processing /home/facuvega/Descargas/crypto-etl-airflow/airflow-apache/lib/python3.11/site-packages/airflow/example_dags/example_branch_labels.py took 0.554 seconds
[2025-04-27T20:11:27.088-0300] {processor.py:161} INFO - Started process (PID=9943) to work on /home/facuvega/Descargas/crypto-etl-airflow/airflow-apache/lib/python3.11/site-packages/airflow/example_dags/example_branch_labels.py
[2025-04-27T20:11:27.089-0300] {processor.py:830} INFO - Processing file /home/facuvega/Descargas/crypto-etl-airflow/airflow-apache/lib/python3.11/site-packages/airflow/example_dags/example_branch_labels.py for tasks to queue
[2025-04-27T20:11:27.091-0300] {logging_mixin.py:188} INFO - [2025-04-27T20:11:27.091-0300] {dagbag.py:540} INFO - Filling up the DagBag from /home/facuvega/Descargas/crypto-etl-airflow/airflow-apache/lib/python3.11/site-packages/airflow/example_dags/example_branch_labels.py
[2025-04-27T20:11:27.100-0300] {processor.py:840} INFO - DAG(s) 'example_branch_labels' retrieved from /home/facuvega/Descargas/crypto-etl-airflow/airflow-apache/lib/python3.11/site-packages/airflow/example_dags/example_branch_labels.py
[2025-04-27T20:11:27.118-0300] {logging_mixin.py:188} INFO - [2025-04-27T20:11:27.118-0300] {dag.py:3096} INFO - Sync 1 DAGs
[2025-04-27T20:11:27.145-0300] {logging_mixin.py:188} INFO - [2025-04-27T20:11:27.144-0300] {dag.py:3954} INFO - Setting next_dagrun for example_branch_labels to 2025-04-26 00:00:00+00:00, run_after=2025-04-27 00:00:00+00:00
[2025-04-27T20:11:27.159-0300] {processor.py:183} INFO - Processing /home/facuvega/Descargas/crypto-etl-airflow/airflow-apache/lib/python3.11/site-packages/airflow/example_dags/example_branch_labels.py took 0.077 seconds
[2025-04-27T20:12:17.342-0300] {processor.py:161} INFO - Started process (PID=10269) to work on /home/facuvega/Descargas/crypto-etl-airflow/airflow-apache/lib/python3.11/site-packages/airflow/example_dags/example_branch_labels.py
[2025-04-27T20:12:17.344-0300] {processor.py:830} INFO - Processing file /home/facuvega/Descargas/crypto-etl-airflow/airflow-apache/lib/python3.11/site-packages/airflow/example_dags/example_branch_labels.py for tasks to queue
[2025-04-27T20:12:17.346-0300] {logging_mixin.py:188} INFO - [2025-04-27T20:12:17.346-0300] {dagbag.py:540} INFO - Filling up the DagBag from /home/facuvega/Descargas/crypto-etl-airflow/airflow-apache/lib/python3.11/site-packages/airflow/example_dags/example_branch_labels.py
[2025-04-27T20:12:17.357-0300] {processor.py:840} INFO - DAG(s) 'example_branch_labels' retrieved from /home/facuvega/Descargas/crypto-etl-airflow/airflow-apache/lib/python3.11/site-packages/airflow/example_dags/example_branch_labels.py
[2025-04-27T20:12:17.376-0300] {logging_mixin.py:188} INFO - [2025-04-27T20:12:17.376-0300] {dag.py:3096} INFO - Sync 1 DAGs
[2025-04-27T20:12:17.394-0300] {logging_mixin.py:188} INFO - [2025-04-27T20:12:17.394-0300] {dag.py:3954} INFO - Setting next_dagrun for example_branch_labels to 2025-04-26 00:00:00+00:00, run_after=2025-04-27 00:00:00+00:00
[2025-04-27T20:12:17.410-0300] {processor.py:183} INFO - Processing /home/facuvega/Descargas/crypto-etl-airflow/airflow-apache/lib/python3.11/site-packages/airflow/example_dags/example_branch_labels.py took 0.075 seconds
[2025-04-27T20:13:19.774-0300] {processor.py:161} INFO - Started process (PID=10664) to work on /home/facuvega/Descargas/crypto-etl-airflow/airflow-apache/lib/python3.11/site-packages/airflow/example_dags/example_branch_labels.py
[2025-04-27T20:13:19.775-0300] {processor.py:830} INFO - Processing file /home/facuvega/Descargas/crypto-etl-airflow/airflow-apache/lib/python3.11/site-packages/airflow/example_dags/example_branch_labels.py for tasks to queue
[2025-04-27T20:13:19.777-0300] {logging_mixin.py:188} INFO - [2025-04-27T20:13:19.776-0300] {dagbag.py:540} INFO - Filling up the DagBag from /home/facuvega/Descargas/crypto-etl-airflow/airflow-apache/lib/python3.11/site-packages/airflow/example_dags/example_branch_labels.py
[2025-04-27T20:13:19.784-0300] {processor.py:840} INFO - DAG(s) 'example_branch_labels' retrieved from /home/facuvega/Descargas/crypto-etl-airflow/airflow-apache/lib/python3.11/site-packages/airflow/example_dags/example_branch_labels.py
[2025-04-27T20:13:19.802-0300] {logging_mixin.py:188} INFO - [2025-04-27T20:13:19.802-0300] {dag.py:3096} INFO - Sync 1 DAGs
[2025-04-27T20:13:19.819-0300] {logging_mixin.py:188} INFO - [2025-04-27T20:13:19.819-0300] {dag.py:3954} INFO - Setting next_dagrun for example_branch_labels to 2025-04-26 00:00:00+00:00, run_after=2025-04-27 00:00:00+00:00
[2025-04-27T20:13:19.834-0300] {processor.py:183} INFO - Processing /home/facuvega/Descargas/crypto-etl-airflow/airflow-apache/lib/python3.11/site-packages/airflow/example_dags/example_branch_labels.py took 0.066 seconds
[2025-04-27T20:14:13.814-0300] {processor.py:161} INFO - Started process (PID=10911) to work on /home/facuvega/Descargas/crypto-etl-airflow/airflow-apache/lib/python3.11/site-packages/airflow/example_dags/example_branch_labels.py
[2025-04-27T20:14:13.815-0300] {processor.py:830} INFO - Processing file /home/facuvega/Descargas/crypto-etl-airflow/airflow-apache/lib/python3.11/site-packages/airflow/example_dags/example_branch_labels.py for tasks to queue
[2025-04-27T20:14:13.816-0300] {logging_mixin.py:188} INFO - [2025-04-27T20:14:13.816-0300] {dagbag.py:540} INFO - Filling up the DagBag from /home/facuvega/Descargas/crypto-etl-airflow/airflow-apache/lib/python3.11/site-packages/airflow/example_dags/example_branch_labels.py
[2025-04-27T20:14:13.824-0300] {processor.py:840} INFO - DAG(s) 'example_branch_labels' retrieved from /home/facuvega/Descargas/crypto-etl-airflow/airflow-apache/lib/python3.11/site-packages/airflow/example_dags/example_branch_labels.py
[2025-04-27T20:14:13.839-0300] {logging_mixin.py:188} INFO - [2025-04-27T20:14:13.839-0300] {dag.py:3096} INFO - Sync 1 DAGs
[2025-04-27T20:14:13.853-0300] {logging_mixin.py:188} INFO - [2025-04-27T20:14:13.853-0300] {dag.py:3954} INFO - Setting next_dagrun for example_branch_labels to 2025-04-26 00:00:00+00:00, run_after=2025-04-27 00:00:00+00:00
[2025-04-27T20:14:13.865-0300] {processor.py:183} INFO - Processing /home/facuvega/Descargas/crypto-etl-airflow/airflow-apache/lib/python3.11/site-packages/airflow/example_dags/example_branch_labels.py took 0.057 seconds
[2025-04-27T20:15:16.771-0300] {processor.py:161} INFO - Started process (PID=11223) to work on /home/facuvega/Descargas/crypto-etl-airflow/airflow-apache/lib/python3.11/site-packages/airflow/example_dags/example_branch_labels.py
[2025-04-27T20:15:16.772-0300] {processor.py:830} INFO - Processing file /home/facuvega/Descargas/crypto-etl-airflow/airflow-apache/lib/python3.11/site-packages/airflow/example_dags/example_branch_labels.py for tasks to queue
[2025-04-27T20:15:16.774-0300] {logging_mixin.py:188} INFO - [2025-04-27T20:15:16.774-0300] {dagbag.py:540} INFO - Filling up the DagBag from /home/facuvega/Descargas/crypto-etl-airflow/airflow-apache/lib/python3.11/site-packages/airflow/example_dags/example_branch_labels.py
[2025-04-27T20:15:16.780-0300] {processor.py:840} INFO - DAG(s) 'example_branch_labels' retrieved from /home/facuvega/Descargas/crypto-etl-airflow/airflow-apache/lib/python3.11/site-packages/airflow/example_dags/example_branch_labels.py
[2025-04-27T20:15:16.793-0300] {logging_mixin.py:188} INFO - [2025-04-27T20:15:16.792-0300] {dag.py:3096} INFO - Sync 1 DAGs
[2025-04-27T20:15:16.807-0300] {logging_mixin.py:188} INFO - [2025-04-27T20:15:16.807-0300] {dag.py:3954} INFO - Setting next_dagrun for example_branch_labels to 2025-04-26 00:00:00+00:00, run_after=2025-04-27 00:00:00+00:00
[2025-04-27T20:15:16.820-0300] {processor.py:183} INFO - Processing /home/facuvega/Descargas/crypto-etl-airflow/airflow-apache/lib/python3.11/site-packages/airflow/example_dags/example_branch_labels.py took 0.054 seconds
[2025-04-27T20:16:15.982-0300] {processor.py:161} INFO - Started process (PID=11489) to work on /home/facuvega/Descargas/crypto-etl-airflow/airflow-apache/lib/python3.11/site-packages/airflow/example_dags/example_branch_labels.py
[2025-04-27T20:16:15.983-0300] {processor.py:830} INFO - Processing file /home/facuvega/Descargas/crypto-etl-airflow/airflow-apache/lib/python3.11/site-packages/airflow/example_dags/example_branch_labels.py for tasks to queue
[2025-04-27T20:16:15.984-0300] {logging_mixin.py:188} INFO - [2025-04-27T20:16:15.984-0300] {dagbag.py:540} INFO - Filling up the DagBag from /home/facuvega/Descargas/crypto-etl-airflow/airflow-apache/lib/python3.11/site-packages/airflow/example_dags/example_branch_labels.py
[2025-04-27T20:16:15.991-0300] {processor.py:840} INFO - DAG(s) 'example_branch_labels' retrieved from /home/facuvega/Descargas/crypto-etl-airflow/airflow-apache/lib/python3.11/site-packages/airflow/example_dags/example_branch_labels.py
[2025-04-27T20:16:16.004-0300] {logging_mixin.py:188} INFO - [2025-04-27T20:16:16.004-0300] {dag.py:3096} INFO - Sync 1 DAGs
[2025-04-27T20:16:16.018-0300] {logging_mixin.py:188} INFO - [2025-04-27T20:16:16.018-0300] {dag.py:3954} INFO - Setting next_dagrun for example_branch_labels to 2025-04-26 00:00:00+00:00, run_after=2025-04-27 00:00:00+00:00
[2025-04-27T20:16:16.032-0300] {processor.py:183} INFO - Processing /home/facuvega/Descargas/crypto-etl-airflow/airflow-apache/lib/python3.11/site-packages/airflow/example_dags/example_branch_labels.py took 0.056 seconds
[2025-04-27T20:17:19.474-0300] {processor.py:161} INFO - Started process (PID=11775) to work on /home/facuvega/Descargas/crypto-etl-airflow/airflow-apache/lib/python3.11/site-packages/airflow/example_dags/example_branch_labels.py
[2025-04-27T20:17:19.475-0300] {processor.py:830} INFO - Processing file /home/facuvega/Descargas/crypto-etl-airflow/airflow-apache/lib/python3.11/site-packages/airflow/example_dags/example_branch_labels.py for tasks to queue
[2025-04-27T20:17:19.477-0300] {logging_mixin.py:188} INFO - [2025-04-27T20:17:19.476-0300] {dagbag.py:540} INFO - Filling up the DagBag from /home/facuvega/Descargas/crypto-etl-airflow/airflow-apache/lib/python3.11/site-packages/airflow/example_dags/example_branch_labels.py
[2025-04-27T20:17:19.486-0300] {processor.py:840} INFO - DAG(s) 'example_branch_labels' retrieved from /home/facuvega/Descargas/crypto-etl-airflow/airflow-apache/lib/python3.11/site-packages/airflow/example_dags/example_branch_labels.py
[2025-04-27T20:17:19.503-0300] {logging_mixin.py:188} INFO - [2025-04-27T20:17:19.502-0300] {dag.py:3096} INFO - Sync 1 DAGs
[2025-04-27T20:17:19.522-0300] {logging_mixin.py:188} INFO - [2025-04-27T20:17:19.522-0300] {dag.py:3954} INFO - Setting next_dagrun for example_branch_labels to 2025-04-26 00:00:00+00:00, run_after=2025-04-27 00:00:00+00:00
[2025-04-27T20:17:19.542-0300] {processor.py:183} INFO - Processing /home/facuvega/Descargas/crypto-etl-airflow/airflow-apache/lib/python3.11/site-packages/airflow/example_dags/example_branch_labels.py took 0.074 seconds
[2025-04-27T20:18:18.239-0300] {processor.py:161} INFO - Started process (PID=12173) to work on /home/facuvega/Descargas/crypto-etl-airflow/airflow-apache/lib/python3.11/site-packages/airflow/example_dags/example_branch_labels.py
[2025-04-27T20:18:18.240-0300] {processor.py:830} INFO - Processing file /home/facuvega/Descargas/crypto-etl-airflow/airflow-apache/lib/python3.11/site-packages/airflow/example_dags/example_branch_labels.py for tasks to queue
[2025-04-27T20:18:18.241-0300] {logging_mixin.py:188} INFO - [2025-04-27T20:18:18.241-0300] {dagbag.py:540} INFO - Filling up the DagBag from /home/facuvega/Descargas/crypto-etl-airflow/airflow-apache/lib/python3.11/site-packages/airflow/example_dags/example_branch_labels.py
[2025-04-27T20:18:18.248-0300] {processor.py:840} INFO - DAG(s) 'example_branch_labels' retrieved from /home/facuvega/Descargas/crypto-etl-airflow/airflow-apache/lib/python3.11/site-packages/airflow/example_dags/example_branch_labels.py
[2025-04-27T20:18:18.263-0300] {logging_mixin.py:188} INFO - [2025-04-27T20:18:18.263-0300] {dag.py:3096} INFO - Sync 1 DAGs
[2025-04-27T20:18:18.277-0300] {logging_mixin.py:188} INFO - [2025-04-27T20:18:18.277-0300] {dag.py:3954} INFO - Setting next_dagrun for example_branch_labels to 2025-04-26 00:00:00+00:00, run_after=2025-04-27 00:00:00+00:00
[2025-04-27T20:18:18.290-0300] {processor.py:183} INFO - Processing /home/facuvega/Descargas/crypto-etl-airflow/airflow-apache/lib/python3.11/site-packages/airflow/example_dags/example_branch_labels.py took 0.056 seconds
[2025-04-27T20:19:18.804-0300] {processor.py:161} INFO - Started process (PID=12446) to work on /home/facuvega/Descargas/crypto-etl-airflow/airflow-apache/lib/python3.11/site-packages/airflow/example_dags/example_branch_labels.py
[2025-04-27T20:19:18.805-0300] {processor.py:830} INFO - Processing file /home/facuvega/Descargas/crypto-etl-airflow/airflow-apache/lib/python3.11/site-packages/airflow/example_dags/example_branch_labels.py for tasks to queue
[2025-04-27T20:19:18.808-0300] {logging_mixin.py:188} INFO - [2025-04-27T20:19:18.807-0300] {dagbag.py:540} INFO - Filling up the DagBag from /home/facuvega/Descargas/crypto-etl-airflow/airflow-apache/lib/python3.11/site-packages/airflow/example_dags/example_branch_labels.py
[2025-04-27T20:19:18.815-0300] {processor.py:840} INFO - DAG(s) 'example_branch_labels' retrieved from /home/facuvega/Descargas/crypto-etl-airflow/airflow-apache/lib/python3.11/site-packages/airflow/example_dags/example_branch_labels.py
[2025-04-27T20:19:18.831-0300] {logging_mixin.py:188} INFO - [2025-04-27T20:19:18.831-0300] {dag.py:3096} INFO - Sync 1 DAGs
[2025-04-27T20:19:18.848-0300] {logging_mixin.py:188} INFO - [2025-04-27T20:19:18.848-0300] {dag.py:3954} INFO - Setting next_dagrun for example_branch_labels to 2025-04-26 00:00:00+00:00, run_after=2025-04-27 00:00:00+00:00
[2025-04-27T20:19:18.861-0300] {processor.py:183} INFO - Processing /home/facuvega/Descargas/crypto-etl-airflow/airflow-apache/lib/python3.11/site-packages/airflow/example_dags/example_branch_labels.py took 0.062 seconds
[2025-04-27T20:20:16.638-0300] {processor.py:161} INFO - Started process (PID=12765) to work on /home/facuvega/Descargas/crypto-etl-airflow/airflow-apache/lib/python3.11/site-packages/airflow/example_dags/example_branch_labels.py
[2025-04-27T20:20:16.639-0300] {processor.py:830} INFO - Processing file /home/facuvega/Descargas/crypto-etl-airflow/airflow-apache/lib/python3.11/site-packages/airflow/example_dags/example_branch_labels.py for tasks to queue
[2025-04-27T20:20:16.640-0300] {logging_mixin.py:188} INFO - [2025-04-27T20:20:16.640-0300] {dagbag.py:540} INFO - Filling up the DagBag from /home/facuvega/Descargas/crypto-etl-airflow/airflow-apache/lib/python3.11/site-packages/airflow/example_dags/example_branch_labels.py
[2025-04-27T20:20:16.647-0300] {processor.py:840} INFO - DAG(s) 'example_branch_labels' retrieved from /home/facuvega/Descargas/crypto-etl-airflow/airflow-apache/lib/python3.11/site-packages/airflow/example_dags/example_branch_labels.py
[2025-04-27T20:20:16.660-0300] {logging_mixin.py:188} INFO - [2025-04-27T20:20:16.660-0300] {dag.py:3096} INFO - Sync 1 DAGs
[2025-04-27T20:20:16.674-0300] {logging_mixin.py:188} INFO - [2025-04-27T20:20:16.674-0300] {dag.py:3954} INFO - Setting next_dagrun for example_branch_labels to 2025-04-26 00:00:00+00:00, run_after=2025-04-27 00:00:00+00:00
[2025-04-27T20:20:16.689-0300] {processor.py:183} INFO - Processing /home/facuvega/Descargas/crypto-etl-airflow/airflow-apache/lib/python3.11/site-packages/airflow/example_dags/example_branch_labels.py took 0.056 seconds
[2025-04-27T20:21:16.937-0300] {processor.py:161} INFO - Started process (PID=13033) to work on /home/facuvega/Descargas/crypto-etl-airflow/airflow-apache/lib/python3.11/site-packages/airflow/example_dags/example_branch_labels.py
[2025-04-27T20:21:16.939-0300] {processor.py:830} INFO - Processing file /home/facuvega/Descargas/crypto-etl-airflow/airflow-apache/lib/python3.11/site-packages/airflow/example_dags/example_branch_labels.py for tasks to queue
[2025-04-27T20:21:16.940-0300] {logging_mixin.py:188} INFO - [2025-04-27T20:21:16.940-0300] {dagbag.py:540} INFO - Filling up the DagBag from /home/facuvega/Descargas/crypto-etl-airflow/airflow-apache/lib/python3.11/site-packages/airflow/example_dags/example_branch_labels.py
[2025-04-27T20:21:16.947-0300] {processor.py:840} INFO - DAG(s) 'example_branch_labels' retrieved from /home/facuvega/Descargas/crypto-etl-airflow/airflow-apache/lib/python3.11/site-packages/airflow/example_dags/example_branch_labels.py
[2025-04-27T20:21:16.961-0300] {logging_mixin.py:188} INFO - [2025-04-27T20:21:16.961-0300] {dag.py:3096} INFO - Sync 1 DAGs
[2025-04-27T20:21:16.979-0300] {logging_mixin.py:188} INFO - [2025-04-27T20:21:16.979-0300] {dag.py:3954} INFO - Setting next_dagrun for example_branch_labels to 2025-04-26 00:00:00+00:00, run_after=2025-04-27 00:00:00+00:00
[2025-04-27T20:21:16.993-0300] {processor.py:183} INFO - Processing /home/facuvega/Descargas/crypto-etl-airflow/airflow-apache/lib/python3.11/site-packages/airflow/example_dags/example_branch_labels.py took 0.060 seconds
[2025-04-27T20:22:19.477-0300] {processor.py:161} INFO - Started process (PID=13314) to work on /home/facuvega/Descargas/crypto-etl-airflow/airflow-apache/lib/python3.11/site-packages/airflow/example_dags/example_branch_labels.py
[2025-04-27T20:22:19.478-0300] {processor.py:830} INFO - Processing file /home/facuvega/Descargas/crypto-etl-airflow/airflow-apache/lib/python3.11/site-packages/airflow/example_dags/example_branch_labels.py for tasks to queue
[2025-04-27T20:22:19.480-0300] {logging_mixin.py:188} INFO - [2025-04-27T20:22:19.480-0300] {dagbag.py:540} INFO - Filling up the DagBag from /home/facuvega/Descargas/crypto-etl-airflow/airflow-apache/lib/python3.11/site-packages/airflow/example_dags/example_branch_labels.py
[2025-04-27T20:22:19.486-0300] {processor.py:840} INFO - DAG(s) 'example_branch_labels' retrieved from /home/facuvega/Descargas/crypto-etl-airflow/airflow-apache/lib/python3.11/site-packages/airflow/example_dags/example_branch_labels.py
[2025-04-27T20:22:19.500-0300] {logging_mixin.py:188} INFO - [2025-04-27T20:22:19.500-0300] {dag.py:3096} INFO - Sync 1 DAGs
[2025-04-27T20:22:19.515-0300] {logging_mixin.py:188} INFO - [2025-04-27T20:22:19.515-0300] {dag.py:3954} INFO - Setting next_dagrun for example_branch_labels to 2025-04-26 00:00:00+00:00, run_after=2025-04-27 00:00:00+00:00
[2025-04-27T20:22:19.529-0300] {processor.py:183} INFO - Processing /home/facuvega/Descargas/crypto-etl-airflow/airflow-apache/lib/python3.11/site-packages/airflow/example_dags/example_branch_labels.py took 0.056 seconds
[2025-04-27T20:23:24.173-0300] {processor.py:161} INFO - Started process (PID=13601) to work on /home/facuvega/Descargas/crypto-etl-airflow/airflow-apache/lib/python3.11/site-packages/airflow/example_dags/example_branch_labels.py
[2025-04-27T20:23:24.173-0300] {processor.py:830} INFO - Processing file /home/facuvega/Descargas/crypto-etl-airflow/airflow-apache/lib/python3.11/site-packages/airflow/example_dags/example_branch_labels.py for tasks to queue
[2025-04-27T20:23:24.175-0300] {logging_mixin.py:188} INFO - [2025-04-27T20:23:24.175-0300] {dagbag.py:540} INFO - Filling up the DagBag from /home/facuvega/Descargas/crypto-etl-airflow/airflow-apache/lib/python3.11/site-packages/airflow/example_dags/example_branch_labels.py
[2025-04-27T20:23:24.182-0300] {processor.py:840} INFO - DAG(s) 'example_branch_labels' retrieved from /home/facuvega/Descargas/crypto-etl-airflow/airflow-apache/lib/python3.11/site-packages/airflow/example_dags/example_branch_labels.py
[2025-04-27T20:23:24.195-0300] {logging_mixin.py:188} INFO - [2025-04-27T20:23:24.194-0300] {dag.py:3096} INFO - Sync 1 DAGs
[2025-04-27T20:23:24.210-0300] {logging_mixin.py:188} INFO - [2025-04-27T20:23:24.210-0300] {dag.py:3954} INFO - Setting next_dagrun for example_branch_labels to 2025-04-26 00:00:00+00:00, run_after=2025-04-27 00:00:00+00:00
[2025-04-27T20:23:24.224-0300] {processor.py:183} INFO - Processing /home/facuvega/Descargas/crypto-etl-airflow/airflow-apache/lib/python3.11/site-packages/airflow/example_dags/example_branch_labels.py took 0.056 seconds
[2025-04-27T20:24:21.738-0300] {processor.py:161} INFO - Started process (PID=13865) to work on /home/facuvega/Descargas/crypto-etl-airflow/airflow-apache/lib/python3.11/site-packages/airflow/example_dags/example_branch_labels.py
[2025-04-27T20:24:21.739-0300] {processor.py:830} INFO - Processing file /home/facuvega/Descargas/crypto-etl-airflow/airflow-apache/lib/python3.11/site-packages/airflow/example_dags/example_branch_labels.py for tasks to queue
[2025-04-27T20:24:21.740-0300] {logging_mixin.py:188} INFO - [2025-04-27T20:24:21.740-0300] {dagbag.py:540} INFO - Filling up the DagBag from /home/facuvega/Descargas/crypto-etl-airflow/airflow-apache/lib/python3.11/site-packages/airflow/example_dags/example_branch_labels.py
[2025-04-27T20:24:21.746-0300] {processor.py:840} INFO - DAG(s) 'example_branch_labels' retrieved from /home/facuvega/Descargas/crypto-etl-airflow/airflow-apache/lib/python3.11/site-packages/airflow/example_dags/example_branch_labels.py
[2025-04-27T20:24:21.759-0300] {logging_mixin.py:188} INFO - [2025-04-27T20:24:21.759-0300] {dag.py:3096} INFO - Sync 1 DAGs
[2025-04-27T20:24:21.773-0300] {logging_mixin.py:188} INFO - [2025-04-27T20:24:21.773-0300] {dag.py:3954} INFO - Setting next_dagrun for example_branch_labels to 2025-04-26 00:00:00+00:00, run_after=2025-04-27 00:00:00+00:00
[2025-04-27T20:24:21.787-0300] {processor.py:183} INFO - Processing /home/facuvega/Descargas/crypto-etl-airflow/airflow-apache/lib/python3.11/site-packages/airflow/example_dags/example_branch_labels.py took 0.053 seconds
[2025-04-27T20:25:15.467-0300] {processor.py:161} INFO - Started process (PID=14138) to work on /home/facuvega/Descargas/crypto-etl-airflow/airflow-apache/lib/python3.11/site-packages/airflow/example_dags/example_branch_labels.py
[2025-04-27T20:25:15.468-0300] {processor.py:830} INFO - Processing file /home/facuvega/Descargas/crypto-etl-airflow/airflow-apache/lib/python3.11/site-packages/airflow/example_dags/example_branch_labels.py for tasks to queue
[2025-04-27T20:25:15.470-0300] {logging_mixin.py:188} INFO - [2025-04-27T20:25:15.469-0300] {dagbag.py:540} INFO - Filling up the DagBag from /home/facuvega/Descargas/crypto-etl-airflow/airflow-apache/lib/python3.11/site-packages/airflow/example_dags/example_branch_labels.py
[2025-04-27T20:25:15.481-0300] {processor.py:840} INFO - DAG(s) 'example_branch_labels' retrieved from /home/facuvega/Descargas/crypto-etl-airflow/airflow-apache/lib/python3.11/site-packages/airflow/example_dags/example_branch_labels.py
[2025-04-27T20:25:15.500-0300] {logging_mixin.py:188} INFO - [2025-04-27T20:25:15.500-0300] {dag.py:3096} INFO - Sync 1 DAGs
[2025-04-27T20:25:15.520-0300] {logging_mixin.py:188} INFO - [2025-04-27T20:25:15.520-0300] {dag.py:3954} INFO - Setting next_dagrun for example_branch_labels to 2025-04-26 00:00:00+00:00, run_after=2025-04-27 00:00:00+00:00
[2025-04-27T20:25:15.537-0300] {processor.py:183} INFO - Processing /home/facuvega/Descargas/crypto-etl-airflow/airflow-apache/lib/python3.11/site-packages/airflow/example_dags/example_branch_labels.py took 0.076 seconds
[2025-04-27T20:26:20.465-0300] {processor.py:161} INFO - Started process (PID=14430) to work on /home/facuvega/Descargas/crypto-etl-airflow/airflow-apache/lib/python3.11/site-packages/airflow/example_dags/example_branch_labels.py
[2025-04-27T20:26:20.466-0300] {processor.py:830} INFO - Processing file /home/facuvega/Descargas/crypto-etl-airflow/airflow-apache/lib/python3.11/site-packages/airflow/example_dags/example_branch_labels.py for tasks to queue
[2025-04-27T20:26:20.468-0300] {logging_mixin.py:188} INFO - [2025-04-27T20:26:20.467-0300] {dagbag.py:540} INFO - Filling up the DagBag from /home/facuvega/Descargas/crypto-etl-airflow/airflow-apache/lib/python3.11/site-packages/airflow/example_dags/example_branch_labels.py
[2025-04-27T20:26:20.475-0300] {processor.py:840} INFO - DAG(s) 'example_branch_labels' retrieved from /home/facuvega/Descargas/crypto-etl-airflow/airflow-apache/lib/python3.11/site-packages/airflow/example_dags/example_branch_labels.py
[2025-04-27T20:26:20.490-0300] {logging_mixin.py:188} INFO - [2025-04-27T20:26:20.489-0300] {dag.py:3096} INFO - Sync 1 DAGs
[2025-04-27T20:26:20.505-0300] {logging_mixin.py:188} INFO - [2025-04-27T20:26:20.505-0300] {dag.py:3954} INFO - Setting next_dagrun for example_branch_labels to 2025-04-26 00:00:00+00:00, run_after=2025-04-27 00:00:00+00:00
[2025-04-27T20:26:20.523-0300] {processor.py:183} INFO - Processing /home/facuvega/Descargas/crypto-etl-airflow/airflow-apache/lib/python3.11/site-packages/airflow/example_dags/example_branch_labels.py took 0.063 seconds
[2025-04-27T20:27:19.892-0300] {processor.py:161} INFO - Started process (PID=14715) to work on /home/facuvega/Descargas/crypto-etl-airflow/airflow-apache/lib/python3.11/site-packages/airflow/example_dags/example_branch_labels.py
[2025-04-27T20:27:19.893-0300] {processor.py:830} INFO - Processing file /home/facuvega/Descargas/crypto-etl-airflow/airflow-apache/lib/python3.11/site-packages/airflow/example_dags/example_branch_labels.py for tasks to queue
[2025-04-27T20:27:19.895-0300] {logging_mixin.py:188} INFO - [2025-04-27T20:27:19.894-0300] {dagbag.py:540} INFO - Filling up the DagBag from /home/facuvega/Descargas/crypto-etl-airflow/airflow-apache/lib/python3.11/site-packages/airflow/example_dags/example_branch_labels.py
[2025-04-27T20:27:19.901-0300] {processor.py:840} INFO - DAG(s) 'example_branch_labels' retrieved from /home/facuvega/Descargas/crypto-etl-airflow/airflow-apache/lib/python3.11/site-packages/airflow/example_dags/example_branch_labels.py
[2025-04-27T20:27:19.914-0300] {logging_mixin.py:188} INFO - [2025-04-27T20:27:19.914-0300] {dag.py:3096} INFO - Sync 1 DAGs
[2025-04-27T20:27:19.929-0300] {logging_mixin.py:188} INFO - [2025-04-27T20:27:19.928-0300] {dag.py:3954} INFO - Setting next_dagrun for example_branch_labels to 2025-04-26 00:00:00+00:00, run_after=2025-04-27 00:00:00+00:00
[2025-04-27T20:27:19.942-0300] {processor.py:183} INFO - Processing /home/facuvega/Descargas/crypto-etl-airflow/airflow-apache/lib/python3.11/site-packages/airflow/example_dags/example_branch_labels.py took 0.055 seconds
[2025-04-27T20:28:18.334-0300] {processor.py:161} INFO - Started process (PID=14986) to work on /home/facuvega/Descargas/crypto-etl-airflow/airflow-apache/lib/python3.11/site-packages/airflow/example_dags/example_branch_labels.py
[2025-04-27T20:28:18.335-0300] {processor.py:830} INFO - Processing file /home/facuvega/Descargas/crypto-etl-airflow/airflow-apache/lib/python3.11/site-packages/airflow/example_dags/example_branch_labels.py for tasks to queue
[2025-04-27T20:28:18.337-0300] {logging_mixin.py:188} INFO - [2025-04-27T20:28:18.337-0300] {dagbag.py:540} INFO - Filling up the DagBag from /home/facuvega/Descargas/crypto-etl-airflow/airflow-apache/lib/python3.11/site-packages/airflow/example_dags/example_branch_labels.py
[2025-04-27T20:28:18.345-0300] {processor.py:840} INFO - DAG(s) 'example_branch_labels' retrieved from /home/facuvega/Descargas/crypto-etl-airflow/airflow-apache/lib/python3.11/site-packages/airflow/example_dags/example_branch_labels.py
[2025-04-27T20:28:18.361-0300] {logging_mixin.py:188} INFO - [2025-04-27T20:28:18.361-0300] {dag.py:3096} INFO - Sync 1 DAGs
[2025-04-27T20:28:18.378-0300] {logging_mixin.py:188} INFO - [2025-04-27T20:28:18.378-0300] {dag.py:3954} INFO - Setting next_dagrun for example_branch_labels to 2025-04-26 00:00:00+00:00, run_after=2025-04-27 00:00:00+00:00
[2025-04-27T20:28:18.392-0300] {processor.py:183} INFO - Processing /home/facuvega/Descargas/crypto-etl-airflow/airflow-apache/lib/python3.11/site-packages/airflow/example_dags/example_branch_labels.py took 0.064 seconds
[2025-04-27T20:29:22.129-0300] {processor.py:161} INFO - Started process (PID=15279) to work on /home/facuvega/Descargas/crypto-etl-airflow/airflow-apache/lib/python3.11/site-packages/airflow/example_dags/example_branch_labels.py
[2025-04-27T20:29:22.130-0300] {processor.py:830} INFO - Processing file /home/facuvega/Descargas/crypto-etl-airflow/airflow-apache/lib/python3.11/site-packages/airflow/example_dags/example_branch_labels.py for tasks to queue
[2025-04-27T20:29:22.132-0300] {logging_mixin.py:188} INFO - [2025-04-27T20:29:22.132-0300] {dagbag.py:540} INFO - Filling up the DagBag from /home/facuvega/Descargas/crypto-etl-airflow/airflow-apache/lib/python3.11/site-packages/airflow/example_dags/example_branch_labels.py
[2025-04-27T20:29:22.140-0300] {processor.py:840} INFO - DAG(s) 'example_branch_labels' retrieved from /home/facuvega/Descargas/crypto-etl-airflow/airflow-apache/lib/python3.11/site-packages/airflow/example_dags/example_branch_labels.py
[2025-04-27T20:29:22.158-0300] {logging_mixin.py:188} INFO - [2025-04-27T20:29:22.157-0300] {dag.py:3096} INFO - Sync 1 DAGs
[2025-04-27T20:29:22.175-0300] {logging_mixin.py:188} INFO - [2025-04-27T20:29:22.174-0300] {dag.py:3954} INFO - Setting next_dagrun for example_branch_labels to 2025-04-26 00:00:00+00:00, run_after=2025-04-27 00:00:00+00:00
[2025-04-27T20:29:22.190-0300] {processor.py:183} INFO - Processing /home/facuvega/Descargas/crypto-etl-airflow/airflow-apache/lib/python3.11/site-packages/airflow/example_dags/example_branch_labels.py took 0.067 seconds
[2025-04-27T20:30:19.998-0300] {processor.py:161} INFO - Started process (PID=15569) to work on /home/facuvega/Descargas/crypto-etl-airflow/airflow-apache/lib/python3.11/site-packages/airflow/example_dags/example_branch_labels.py
[2025-04-27T20:30:19.999-0300] {processor.py:830} INFO - Processing file /home/facuvega/Descargas/crypto-etl-airflow/airflow-apache/lib/python3.11/site-packages/airflow/example_dags/example_branch_labels.py for tasks to queue
[2025-04-27T20:30:20.000-0300] {logging_mixin.py:188} INFO - [2025-04-27T20:30:20.000-0300] {dagbag.py:540} INFO - Filling up the DagBag from /home/facuvega/Descargas/crypto-etl-airflow/airflow-apache/lib/python3.11/site-packages/airflow/example_dags/example_branch_labels.py
[2025-04-27T20:30:20.007-0300] {processor.py:840} INFO - DAG(s) 'example_branch_labels' retrieved from /home/facuvega/Descargas/crypto-etl-airflow/airflow-apache/lib/python3.11/site-packages/airflow/example_dags/example_branch_labels.py
[2025-04-27T20:30:20.025-0300] {logging_mixin.py:188} INFO - [2025-04-27T20:30:20.024-0300] {dag.py:3096} INFO - Sync 1 DAGs
[2025-04-27T20:30:20.045-0300] {logging_mixin.py:188} INFO - [2025-04-27T20:30:20.045-0300] {dag.py:3954} INFO - Setting next_dagrun for example_branch_labels to 2025-04-26 00:00:00+00:00, run_after=2025-04-27 00:00:00+00:00
[2025-04-27T20:30:20.063-0300] {processor.py:183} INFO - Processing /home/facuvega/Descargas/crypto-etl-airflow/airflow-apache/lib/python3.11/site-packages/airflow/example_dags/example_branch_labels.py took 0.070 seconds
[2025-04-27T20:31:20.998-0300] {processor.py:161} INFO - Started process (PID=15843) to work on /home/facuvega/Descargas/crypto-etl-airflow/airflow-apache/lib/python3.11/site-packages/airflow/example_dags/example_branch_labels.py
[2025-04-27T20:31:20.999-0300] {processor.py:830} INFO - Processing file /home/facuvega/Descargas/crypto-etl-airflow/airflow-apache/lib/python3.11/site-packages/airflow/example_dags/example_branch_labels.py for tasks to queue
[2025-04-27T20:31:21.001-0300] {logging_mixin.py:188} INFO - [2025-04-27T20:31:21.000-0300] {dagbag.py:540} INFO - Filling up the DagBag from /home/facuvega/Descargas/crypto-etl-airflow/airflow-apache/lib/python3.11/site-packages/airflow/example_dags/example_branch_labels.py
[2025-04-27T20:31:21.009-0300] {processor.py:840} INFO - DAG(s) 'example_branch_labels' retrieved from /home/facuvega/Descargas/crypto-etl-airflow/airflow-apache/lib/python3.11/site-packages/airflow/example_dags/example_branch_labels.py
[2025-04-27T20:31:21.023-0300] {logging_mixin.py:188} INFO - [2025-04-27T20:31:21.023-0300] {dag.py:3096} INFO - Sync 1 DAGs
[2025-04-27T20:31:21.037-0300] {logging_mixin.py:188} INFO - [2025-04-27T20:31:21.037-0300] {dag.py:3954} INFO - Setting next_dagrun for example_branch_labels to 2025-04-26 00:00:00+00:00, run_after=2025-04-27 00:00:00+00:00
[2025-04-27T20:31:21.050-0300] {processor.py:183} INFO - Processing /home/facuvega/Descargas/crypto-etl-airflow/airflow-apache/lib/python3.11/site-packages/airflow/example_dags/example_branch_labels.py took 0.058 seconds
[2025-04-27T20:32:18.690-0300] {processor.py:161} INFO - Started process (PID=16108) to work on /home/facuvega/Descargas/crypto-etl-airflow/airflow-apache/lib/python3.11/site-packages/airflow/example_dags/example_branch_labels.py
[2025-04-27T20:32:18.691-0300] {processor.py:830} INFO - Processing file /home/facuvega/Descargas/crypto-etl-airflow/airflow-apache/lib/python3.11/site-packages/airflow/example_dags/example_branch_labels.py for tasks to queue
[2025-04-27T20:32:18.692-0300] {logging_mixin.py:188} INFO - [2025-04-27T20:32:18.692-0300] {dagbag.py:540} INFO - Filling up the DagBag from /home/facuvega/Descargas/crypto-etl-airflow/airflow-apache/lib/python3.11/site-packages/airflow/example_dags/example_branch_labels.py
[2025-04-27T20:32:18.699-0300] {processor.py:840} INFO - DAG(s) 'example_branch_labels' retrieved from /home/facuvega/Descargas/crypto-etl-airflow/airflow-apache/lib/python3.11/site-packages/airflow/example_dags/example_branch_labels.py
[2025-04-27T20:32:18.712-0300] {logging_mixin.py:188} INFO - [2025-04-27T20:32:18.712-0300] {dag.py:3096} INFO - Sync 1 DAGs
[2025-04-27T20:32:18.725-0300] {logging_mixin.py:188} INFO - [2025-04-27T20:32:18.725-0300] {dag.py:3954} INFO - Setting next_dagrun for example_branch_labels to 2025-04-26 00:00:00+00:00, run_after=2025-04-27 00:00:00+00:00
[2025-04-27T20:32:18.739-0300] {processor.py:183} INFO - Processing /home/facuvega/Descargas/crypto-etl-airflow/airflow-apache/lib/python3.11/site-packages/airflow/example_dags/example_branch_labels.py took 0.054 seconds
[2025-04-27T20:33:22.276-0300] {processor.py:161} INFO - Started process (PID=16556) to work on /home/facuvega/Descargas/crypto-etl-airflow/airflow-apache/lib/python3.11/site-packages/airflow/example_dags/example_branch_labels.py
[2025-04-27T20:33:22.276-0300] {processor.py:830} INFO - Processing file /home/facuvega/Descargas/crypto-etl-airflow/airflow-apache/lib/python3.11/site-packages/airflow/example_dags/example_branch_labels.py for tasks to queue
[2025-04-27T20:33:22.278-0300] {logging_mixin.py:188} INFO - [2025-04-27T20:33:22.278-0300] {dagbag.py:540} INFO - Filling up the DagBag from /home/facuvega/Descargas/crypto-etl-airflow/airflow-apache/lib/python3.11/site-packages/airflow/example_dags/example_branch_labels.py
[2025-04-27T20:33:22.286-0300] {processor.py:840} INFO - DAG(s) 'example_branch_labels' retrieved from /home/facuvega/Descargas/crypto-etl-airflow/airflow-apache/lib/python3.11/site-packages/airflow/example_dags/example_branch_labels.py
[2025-04-27T20:33:22.300-0300] {logging_mixin.py:188} INFO - [2025-04-27T20:33:22.300-0300] {dag.py:3096} INFO - Sync 1 DAGs
[2025-04-27T20:33:22.316-0300] {logging_mixin.py:188} INFO - [2025-04-27T20:33:22.316-0300] {dag.py:3954} INFO - Setting next_dagrun for example_branch_labels to 2025-04-26 00:00:00+00:00, run_after=2025-04-27 00:00:00+00:00
[2025-04-27T20:33:22.335-0300] {processor.py:183} INFO - Processing /home/facuvega/Descargas/crypto-etl-airflow/airflow-apache/lib/python3.11/site-packages/airflow/example_dags/example_branch_labels.py took 0.065 seconds
[2025-04-27T20:34:26.944-0300] {processor.py:161} INFO - Started process (PID=16851) to work on /home/facuvega/Descargas/crypto-etl-airflow/airflow-apache/lib/python3.11/site-packages/airflow/example_dags/example_branch_labels.py
[2025-04-27T20:34:26.945-0300] {processor.py:830} INFO - Processing file /home/facuvega/Descargas/crypto-etl-airflow/airflow-apache/lib/python3.11/site-packages/airflow/example_dags/example_branch_labels.py for tasks to queue
[2025-04-27T20:34:26.947-0300] {logging_mixin.py:188} INFO - [2025-04-27T20:34:26.946-0300] {dagbag.py:540} INFO - Filling up the DagBag from /home/facuvega/Descargas/crypto-etl-airflow/airflow-apache/lib/python3.11/site-packages/airflow/example_dags/example_branch_labels.py
[2025-04-27T20:34:26.954-0300] {processor.py:840} INFO - DAG(s) 'example_branch_labels' retrieved from /home/facuvega/Descargas/crypto-etl-airflow/airflow-apache/lib/python3.11/site-packages/airflow/example_dags/example_branch_labels.py
[2025-04-27T20:34:26.969-0300] {logging_mixin.py:188} INFO - [2025-04-27T20:34:26.968-0300] {dag.py:3096} INFO - Sync 1 DAGs
[2025-04-27T20:34:26.985-0300] {logging_mixin.py:188} INFO - [2025-04-27T20:34:26.985-0300] {dag.py:3954} INFO - Setting next_dagrun for example_branch_labels to 2025-04-26 00:00:00+00:00, run_after=2025-04-27 00:00:00+00:00
[2025-04-27T20:34:26.999-0300] {processor.py:183} INFO - Processing /home/facuvega/Descargas/crypto-etl-airflow/airflow-apache/lib/python3.11/site-packages/airflow/example_dags/example_branch_labels.py took 0.060 seconds
[2025-04-27T20:35:32.241-0300] {processor.py:161} INFO - Started process (PID=17201) to work on /home/facuvega/Descargas/crypto-etl-airflow/airflow-apache/lib/python3.11/site-packages/airflow/example_dags/example_branch_labels.py
[2025-04-27T20:35:32.242-0300] {processor.py:830} INFO - Processing file /home/facuvega/Descargas/crypto-etl-airflow/airflow-apache/lib/python3.11/site-packages/airflow/example_dags/example_branch_labels.py for tasks to queue
[2025-04-27T20:35:32.243-0300] {logging_mixin.py:188} INFO - [2025-04-27T20:35:32.243-0300] {dagbag.py:540} INFO - Filling up the DagBag from /home/facuvega/Descargas/crypto-etl-airflow/airflow-apache/lib/python3.11/site-packages/airflow/example_dags/example_branch_labels.py
[2025-04-27T20:35:32.251-0300] {processor.py:840} INFO - DAG(s) 'example_branch_labels' retrieved from /home/facuvega/Descargas/crypto-etl-airflow/airflow-apache/lib/python3.11/site-packages/airflow/example_dags/example_branch_labels.py
[2025-04-27T20:35:32.266-0300] {logging_mixin.py:188} INFO - [2025-04-27T20:35:32.266-0300] {dag.py:3096} INFO - Sync 1 DAGs
[2025-04-27T20:35:32.281-0300] {logging_mixin.py:188} INFO - [2025-04-27T20:35:32.281-0300] {dag.py:3954} INFO - Setting next_dagrun for example_branch_labels to 2025-04-26 00:00:00+00:00, run_after=2025-04-27 00:00:00+00:00
[2025-04-27T20:35:32.295-0300] {processor.py:183} INFO - Processing /home/facuvega/Descargas/crypto-etl-airflow/airflow-apache/lib/python3.11/site-packages/airflow/example_dags/example_branch_labels.py took 0.060 seconds
[2025-04-27T20:36:32.335-0300] {processor.py:161} INFO - Started process (PID=17474) to work on /home/facuvega/Descargas/crypto-etl-airflow/airflow-apache/lib/python3.11/site-packages/airflow/example_dags/example_branch_labels.py
[2025-04-27T20:36:32.336-0300] {processor.py:830} INFO - Processing file /home/facuvega/Descargas/crypto-etl-airflow/airflow-apache/lib/python3.11/site-packages/airflow/example_dags/example_branch_labels.py for tasks to queue
[2025-04-27T20:36:32.337-0300] {logging_mixin.py:188} INFO - [2025-04-27T20:36:32.337-0300] {dagbag.py:540} INFO - Filling up the DagBag from /home/facuvega/Descargas/crypto-etl-airflow/airflow-apache/lib/python3.11/site-packages/airflow/example_dags/example_branch_labels.py
[2025-04-27T20:36:32.344-0300] {processor.py:840} INFO - DAG(s) 'example_branch_labels' retrieved from /home/facuvega/Descargas/crypto-etl-airflow/airflow-apache/lib/python3.11/site-packages/airflow/example_dags/example_branch_labels.py
[2025-04-27T20:36:32.358-0300] {logging_mixin.py:188} INFO - [2025-04-27T20:36:32.358-0300] {dag.py:3096} INFO - Sync 1 DAGs
[2025-04-27T20:36:32.373-0300] {logging_mixin.py:188} INFO - [2025-04-27T20:36:32.372-0300] {dag.py:3954} INFO - Setting next_dagrun for example_branch_labels to 2025-04-26 00:00:00+00:00, run_after=2025-04-27 00:00:00+00:00
[2025-04-27T20:36:32.385-0300] {processor.py:183} INFO - Processing /home/facuvega/Descargas/crypto-etl-airflow/airflow-apache/lib/python3.11/site-packages/airflow/example_dags/example_branch_labels.py took 0.055 seconds
[2025-04-27T20:37:30.875-0300] {processor.py:161} INFO - Started process (PID=17740) to work on /home/facuvega/Descargas/crypto-etl-airflow/airflow-apache/lib/python3.11/site-packages/airflow/example_dags/example_branch_labels.py
[2025-04-27T20:37:30.875-0300] {processor.py:830} INFO - Processing file /home/facuvega/Descargas/crypto-etl-airflow/airflow-apache/lib/python3.11/site-packages/airflow/example_dags/example_branch_labels.py for tasks to queue
[2025-04-27T20:37:30.878-0300] {logging_mixin.py:188} INFO - [2025-04-27T20:37:30.877-0300] {dagbag.py:540} INFO - Filling up the DagBag from /home/facuvega/Descargas/crypto-etl-airflow/airflow-apache/lib/python3.11/site-packages/airflow/example_dags/example_branch_labels.py
[2025-04-27T20:37:30.887-0300] {processor.py:840} INFO - DAG(s) 'example_branch_labels' retrieved from /home/facuvega/Descargas/crypto-etl-airflow/airflow-apache/lib/python3.11/site-packages/airflow/example_dags/example_branch_labels.py
[2025-04-27T20:37:30.905-0300] {logging_mixin.py:188} INFO - [2025-04-27T20:37:30.905-0300] {dag.py:3096} INFO - Sync 1 DAGs
[2025-04-27T20:37:30.927-0300] {logging_mixin.py:188} INFO - [2025-04-27T20:37:30.927-0300] {dag.py:3954} INFO - Setting next_dagrun for example_branch_labels to 2025-04-26 00:00:00+00:00, run_after=2025-04-27 00:00:00+00:00
[2025-04-27T20:37:30.943-0300] {processor.py:183} INFO - Processing /home/facuvega/Descargas/crypto-etl-airflow/airflow-apache/lib/python3.11/site-packages/airflow/example_dags/example_branch_labels.py took 0.073 seconds
[2025-04-27T20:38:33.515-0300] {processor.py:161} INFO - Started process (PID=18013) to work on /home/facuvega/Descargas/crypto-etl-airflow/airflow-apache/lib/python3.11/site-packages/airflow/example_dags/example_branch_labels.py
[2025-04-27T20:38:33.516-0300] {processor.py:830} INFO - Processing file /home/facuvega/Descargas/crypto-etl-airflow/airflow-apache/lib/python3.11/site-packages/airflow/example_dags/example_branch_labels.py for tasks to queue
[2025-04-27T20:38:33.518-0300] {logging_mixin.py:188} INFO - [2025-04-27T20:38:33.518-0300] {dagbag.py:540} INFO - Filling up the DagBag from /home/facuvega/Descargas/crypto-etl-airflow/airflow-apache/lib/python3.11/site-packages/airflow/example_dags/example_branch_labels.py
[2025-04-27T20:38:33.535-0300] {processor.py:840} INFO - DAG(s) 'example_branch_labels' retrieved from /home/facuvega/Descargas/crypto-etl-airflow/airflow-apache/lib/python3.11/site-packages/airflow/example_dags/example_branch_labels.py
[2025-04-27T20:38:33.558-0300] {logging_mixin.py:188} INFO - [2025-04-27T20:38:33.557-0300] {dag.py:3096} INFO - Sync 1 DAGs
[2025-04-27T20:38:33.581-0300] {logging_mixin.py:188} INFO - [2025-04-27T20:38:33.580-0300] {dag.py:3954} INFO - Setting next_dagrun for example_branch_labels to 2025-04-26 00:00:00+00:00, run_after=2025-04-27 00:00:00+00:00
[2025-04-27T20:38:33.599-0300] {processor.py:183} INFO - Processing /home/facuvega/Descargas/crypto-etl-airflow/airflow-apache/lib/python3.11/site-packages/airflow/example_dags/example_branch_labels.py took 0.092 seconds
[2025-04-27T20:39:32.368-0300] {processor.py:161} INFO - Started process (PID=18415) to work on /home/facuvega/Descargas/crypto-etl-airflow/airflow-apache/lib/python3.11/site-packages/airflow/example_dags/example_branch_labels.py
[2025-04-27T20:39:32.369-0300] {processor.py:830} INFO - Processing file /home/facuvega/Descargas/crypto-etl-airflow/airflow-apache/lib/python3.11/site-packages/airflow/example_dags/example_branch_labels.py for tasks to queue
[2025-04-27T20:39:32.370-0300] {logging_mixin.py:188} INFO - [2025-04-27T20:39:32.370-0300] {dagbag.py:540} INFO - Filling up the DagBag from /home/facuvega/Descargas/crypto-etl-airflow/airflow-apache/lib/python3.11/site-packages/airflow/example_dags/example_branch_labels.py
[2025-04-27T20:39:32.377-0300] {processor.py:840} INFO - DAG(s) 'example_branch_labels' retrieved from /home/facuvega/Descargas/crypto-etl-airflow/airflow-apache/lib/python3.11/site-packages/airflow/example_dags/example_branch_labels.py
[2025-04-27T20:39:32.391-0300] {logging_mixin.py:188} INFO - [2025-04-27T20:39:32.391-0300] {dag.py:3096} INFO - Sync 1 DAGs
[2025-04-27T20:39:32.414-0300] {logging_mixin.py:188} INFO - [2025-04-27T20:39:32.414-0300] {dag.py:3954} INFO - Setting next_dagrun for example_branch_labels to 2025-04-26 00:00:00+00:00, run_after=2025-04-27 00:00:00+00:00
[2025-04-27T20:39:32.431-0300] {processor.py:183} INFO - Processing /home/facuvega/Descargas/crypto-etl-airflow/airflow-apache/lib/python3.11/site-packages/airflow/example_dags/example_branch_labels.py took 0.069 seconds
[2025-04-27T20:40:36.024-0300] {processor.py:161} INFO - Started process (PID=18732) to work on /home/facuvega/Descargas/crypto-etl-airflow/airflow-apache/lib/python3.11/site-packages/airflow/example_dags/example_branch_labels.py
[2025-04-27T20:40:36.025-0300] {processor.py:830} INFO - Processing file /home/facuvega/Descargas/crypto-etl-airflow/airflow-apache/lib/python3.11/site-packages/airflow/example_dags/example_branch_labels.py for tasks to queue
[2025-04-27T20:40:36.028-0300] {logging_mixin.py:188} INFO - [2025-04-27T20:40:36.028-0300] {dagbag.py:540} INFO - Filling up the DagBag from /home/facuvega/Descargas/crypto-etl-airflow/airflow-apache/lib/python3.11/site-packages/airflow/example_dags/example_branch_labels.py
[2025-04-27T20:40:36.037-0300] {processor.py:840} INFO - DAG(s) 'example_branch_labels' retrieved from /home/facuvega/Descargas/crypto-etl-airflow/airflow-apache/lib/python3.11/site-packages/airflow/example_dags/example_branch_labels.py
[2025-04-27T20:40:36.054-0300] {logging_mixin.py:188} INFO - [2025-04-27T20:40:36.054-0300] {dag.py:3096} INFO - Sync 1 DAGs
[2025-04-27T20:40:36.072-0300] {logging_mixin.py:188} INFO - [2025-04-27T20:40:36.071-0300] {dag.py:3954} INFO - Setting next_dagrun for example_branch_labels to 2025-04-26 00:00:00+00:00, run_after=2025-04-27 00:00:00+00:00
[2025-04-27T20:40:36.086-0300] {processor.py:183} INFO - Processing /home/facuvega/Descargas/crypto-etl-airflow/airflow-apache/lib/python3.11/site-packages/airflow/example_dags/example_branch_labels.py took 0.068 seconds
[2025-04-27T20:41:40.041-0300] {processor.py:161} INFO - Started process (PID=19014) to work on /home/facuvega/Descargas/crypto-etl-airflow/airflow-apache/lib/python3.11/site-packages/airflow/example_dags/example_branch_labels.py
[2025-04-27T20:41:40.042-0300] {processor.py:830} INFO - Processing file /home/facuvega/Descargas/crypto-etl-airflow/airflow-apache/lib/python3.11/site-packages/airflow/example_dags/example_branch_labels.py for tasks to queue
[2025-04-27T20:41:40.044-0300] {logging_mixin.py:188} INFO - [2025-04-27T20:41:40.044-0300] {dagbag.py:540} INFO - Filling up the DagBag from /home/facuvega/Descargas/crypto-etl-airflow/airflow-apache/lib/python3.11/site-packages/airflow/example_dags/example_branch_labels.py
[2025-04-27T20:41:40.051-0300] {processor.py:840} INFO - DAG(s) 'example_branch_labels' retrieved from /home/facuvega/Descargas/crypto-etl-airflow/airflow-apache/lib/python3.11/site-packages/airflow/example_dags/example_branch_labels.py
[2025-04-27T20:41:40.065-0300] {logging_mixin.py:188} INFO - [2025-04-27T20:41:40.065-0300] {dag.py:3096} INFO - Sync 1 DAGs
[2025-04-27T20:41:40.082-0300] {logging_mixin.py:188} INFO - [2025-04-27T20:41:40.082-0300] {dag.py:3954} INFO - Setting next_dagrun for example_branch_labels to 2025-04-26 00:00:00+00:00, run_after=2025-04-27 00:00:00+00:00
[2025-04-27T20:41:40.097-0300] {processor.py:183} INFO - Processing /home/facuvega/Descargas/crypto-etl-airflow/airflow-apache/lib/python3.11/site-packages/airflow/example_dags/example_branch_labels.py took 0.061 seconds
[2025-04-27T20:42:38.971-0300] {processor.py:161} INFO - Started process (PID=19283) to work on /home/facuvega/Descargas/crypto-etl-airflow/airflow-apache/lib/python3.11/site-packages/airflow/example_dags/example_branch_labels.py
[2025-04-27T20:42:38.972-0300] {processor.py:830} INFO - Processing file /home/facuvega/Descargas/crypto-etl-airflow/airflow-apache/lib/python3.11/site-packages/airflow/example_dags/example_branch_labels.py for tasks to queue
[2025-04-27T20:42:38.974-0300] {logging_mixin.py:188} INFO - [2025-04-27T20:42:38.973-0300] {dagbag.py:540} INFO - Filling up the DagBag from /home/facuvega/Descargas/crypto-etl-airflow/airflow-apache/lib/python3.11/site-packages/airflow/example_dags/example_branch_labels.py
[2025-04-27T20:42:38.981-0300] {processor.py:840} INFO - DAG(s) 'example_branch_labels' retrieved from /home/facuvega/Descargas/crypto-etl-airflow/airflow-apache/lib/python3.11/site-packages/airflow/example_dags/example_branch_labels.py
[2025-04-27T20:42:38.995-0300] {logging_mixin.py:188} INFO - [2025-04-27T20:42:38.994-0300] {dag.py:3096} INFO - Sync 1 DAGs
[2025-04-27T20:42:39.009-0300] {logging_mixin.py:188} INFO - [2025-04-27T20:42:39.009-0300] {dag.py:3954} INFO - Setting next_dagrun for example_branch_labels to 2025-04-26 00:00:00+00:00, run_after=2025-04-27 00:00:00+00:00
[2025-04-27T20:42:39.022-0300] {processor.py:183} INFO - Processing /home/facuvega/Descargas/crypto-etl-airflow/airflow-apache/lib/python3.11/site-packages/airflow/example_dags/example_branch_labels.py took 0.059 seconds
[2025-04-27T20:43:40.811-0300] {processor.py:161} INFO - Started process (PID=19572) to work on /home/facuvega/Descargas/crypto-etl-airflow/airflow-apache/lib/python3.11/site-packages/airflow/example_dags/example_branch_labels.py
[2025-04-27T20:43:40.812-0300] {processor.py:830} INFO - Processing file /home/facuvega/Descargas/crypto-etl-airflow/airflow-apache/lib/python3.11/site-packages/airflow/example_dags/example_branch_labels.py for tasks to queue
[2025-04-27T20:43:40.815-0300] {logging_mixin.py:188} INFO - [2025-04-27T20:43:40.814-0300] {dagbag.py:540} INFO - Filling up the DagBag from /home/facuvega/Descargas/crypto-etl-airflow/airflow-apache/lib/python3.11/site-packages/airflow/example_dags/example_branch_labels.py
[2025-04-27T20:43:40.825-0300] {processor.py:840} INFO - DAG(s) 'example_branch_labels' retrieved from /home/facuvega/Descargas/crypto-etl-airflow/airflow-apache/lib/python3.11/site-packages/airflow/example_dags/example_branch_labels.py
[2025-04-27T20:43:40.846-0300] {logging_mixin.py:188} INFO - [2025-04-27T20:43:40.846-0300] {dag.py:3096} INFO - Sync 1 DAGs
[2025-04-27T20:43:40.865-0300] {logging_mixin.py:188} INFO - [2025-04-27T20:43:40.865-0300] {dag.py:3954} INFO - Setting next_dagrun for example_branch_labels to 2025-04-26 00:00:00+00:00, run_after=2025-04-27 00:00:00+00:00
[2025-04-27T20:43:40.878-0300] {processor.py:183} INFO - Processing /home/facuvega/Descargas/crypto-etl-airflow/airflow-apache/lib/python3.11/site-packages/airflow/example_dags/example_branch_labels.py took 0.073 seconds
[2025-04-27T20:44:38.536-0300] {processor.py:161} INFO - Started process (PID=19838) to work on /home/facuvega/Descargas/crypto-etl-airflow/airflow-apache/lib/python3.11/site-packages/airflow/example_dags/example_branch_labels.py
[2025-04-27T20:44:38.537-0300] {processor.py:830} INFO - Processing file /home/facuvega/Descargas/crypto-etl-airflow/airflow-apache/lib/python3.11/site-packages/airflow/example_dags/example_branch_labels.py for tasks to queue
[2025-04-27T20:44:38.540-0300] {logging_mixin.py:188} INFO - [2025-04-27T20:44:38.539-0300] {dagbag.py:540} INFO - Filling up the DagBag from /home/facuvega/Descargas/crypto-etl-airflow/airflow-apache/lib/python3.11/site-packages/airflow/example_dags/example_branch_labels.py
[2025-04-27T20:44:38.547-0300] {processor.py:840} INFO - DAG(s) 'example_branch_labels' retrieved from /home/facuvega/Descargas/crypto-etl-airflow/airflow-apache/lib/python3.11/site-packages/airflow/example_dags/example_branch_labels.py
[2025-04-27T20:44:38.564-0300] {logging_mixin.py:188} INFO - [2025-04-27T20:44:38.563-0300] {dag.py:3096} INFO - Sync 1 DAGs
[2025-04-27T20:44:38.581-0300] {logging_mixin.py:188} INFO - [2025-04-27T20:44:38.581-0300] {dag.py:3954} INFO - Setting next_dagrun for example_branch_labels to 2025-04-26 00:00:00+00:00, run_after=2025-04-27 00:00:00+00:00
[2025-04-27T20:44:38.596-0300] {processor.py:183} INFO - Processing /home/facuvega/Descargas/crypto-etl-airflow/airflow-apache/lib/python3.11/site-packages/airflow/example_dags/example_branch_labels.py took 0.065 seconds
[2025-04-27T20:45:39.032-0300] {processor.py:161} INFO - Started process (PID=20149) to work on /home/facuvega/Descargas/crypto-etl-airflow/airflow-apache/lib/python3.11/site-packages/airflow/example_dags/example_branch_labels.py
[2025-04-27T20:45:39.033-0300] {processor.py:830} INFO - Processing file /home/facuvega/Descargas/crypto-etl-airflow/airflow-apache/lib/python3.11/site-packages/airflow/example_dags/example_branch_labels.py for tasks to queue
[2025-04-27T20:45:39.035-0300] {logging_mixin.py:188} INFO - [2025-04-27T20:45:39.034-0300] {dagbag.py:540} INFO - Filling up the DagBag from /home/facuvega/Descargas/crypto-etl-airflow/airflow-apache/lib/python3.11/site-packages/airflow/example_dags/example_branch_labels.py
[2025-04-27T20:45:39.042-0300] {processor.py:840} INFO - DAG(s) 'example_branch_labels' retrieved from /home/facuvega/Descargas/crypto-etl-airflow/airflow-apache/lib/python3.11/site-packages/airflow/example_dags/example_branch_labels.py
[2025-04-27T20:45:39.057-0300] {logging_mixin.py:188} INFO - [2025-04-27T20:45:39.057-0300] {dag.py:3096} INFO - Sync 1 DAGs
[2025-04-27T20:45:39.078-0300] {logging_mixin.py:188} INFO - [2025-04-27T20:45:39.078-0300] {dag.py:3954} INFO - Setting next_dagrun for example_branch_labels to 2025-04-26 00:00:00+00:00, run_after=2025-04-27 00:00:00+00:00
[2025-04-27T20:45:39.094-0300] {processor.py:183} INFO - Processing /home/facuvega/Descargas/crypto-etl-airflow/airflow-apache/lib/python3.11/site-packages/airflow/example_dags/example_branch_labels.py took 0.067 seconds
[2025-04-27T20:46:35.864-0300] {processor.py:161} INFO - Started process (PID=20406) to work on /home/facuvega/Descargas/crypto-etl-airflow/airflow-apache/lib/python3.11/site-packages/airflow/example_dags/example_branch_labels.py
[2025-04-27T20:46:35.866-0300] {processor.py:830} INFO - Processing file /home/facuvega/Descargas/crypto-etl-airflow/airflow-apache/lib/python3.11/site-packages/airflow/example_dags/example_branch_labels.py for tasks to queue
[2025-04-27T20:46:35.868-0300] {logging_mixin.py:188} INFO - [2025-04-27T20:46:35.868-0300] {dagbag.py:540} INFO - Filling up the DagBag from /home/facuvega/Descargas/crypto-etl-airflow/airflow-apache/lib/python3.11/site-packages/airflow/example_dags/example_branch_labels.py
[2025-04-27T20:46:35.876-0300] {processor.py:840} INFO - DAG(s) 'example_branch_labels' retrieved from /home/facuvega/Descargas/crypto-etl-airflow/airflow-apache/lib/python3.11/site-packages/airflow/example_dags/example_branch_labels.py
[2025-04-27T20:46:35.893-0300] {logging_mixin.py:188} INFO - [2025-04-27T20:46:35.892-0300] {dag.py:3096} INFO - Sync 1 DAGs
[2025-04-27T20:46:35.916-0300] {logging_mixin.py:188} INFO - [2025-04-27T20:46:35.916-0300] {dag.py:3954} INFO - Setting next_dagrun for example_branch_labels to 2025-04-26 00:00:00+00:00, run_after=2025-04-27 00:00:00+00:00
[2025-04-27T20:46:35.935-0300] {processor.py:183} INFO - Processing /home/facuvega/Descargas/crypto-etl-airflow/airflow-apache/lib/python3.11/site-packages/airflow/example_dags/example_branch_labels.py took 0.077 seconds
[2025-04-27T20:47:36.342-0300] {processor.py:161} INFO - Started process (PID=20870) to work on /home/facuvega/Descargas/crypto-etl-airflow/airflow-apache/lib/python3.11/site-packages/airflow/example_dags/example_branch_labels.py
[2025-04-27T20:47:36.344-0300] {processor.py:830} INFO - Processing file /home/facuvega/Descargas/crypto-etl-airflow/airflow-apache/lib/python3.11/site-packages/airflow/example_dags/example_branch_labels.py for tasks to queue
[2025-04-27T20:47:36.346-0300] {logging_mixin.py:188} INFO - [2025-04-27T20:47:36.345-0300] {dagbag.py:540} INFO - Filling up the DagBag from /home/facuvega/Descargas/crypto-etl-airflow/airflow-apache/lib/python3.11/site-packages/airflow/example_dags/example_branch_labels.py
[2025-04-27T20:47:36.355-0300] {processor.py:840} INFO - DAG(s) 'example_branch_labels' retrieved from /home/facuvega/Descargas/crypto-etl-airflow/airflow-apache/lib/python3.11/site-packages/airflow/example_dags/example_branch_labels.py
[2025-04-27T20:47:36.373-0300] {logging_mixin.py:188} INFO - [2025-04-27T20:47:36.372-0300] {dag.py:3096} INFO - Sync 1 DAGs
[2025-04-27T20:47:36.394-0300] {logging_mixin.py:188} INFO - [2025-04-27T20:47:36.393-0300] {dag.py:3954} INFO - Setting next_dagrun for example_branch_labels to 2025-04-26 00:00:00+00:00, run_after=2025-04-27 00:00:00+00:00
[2025-04-27T20:47:36.414-0300] {processor.py:183} INFO - Processing /home/facuvega/Descargas/crypto-etl-airflow/airflow-apache/lib/python3.11/site-packages/airflow/example_dags/example_branch_labels.py took 0.078 seconds
[2025-04-27T20:48:37.780-0300] {processor.py:161} INFO - Started process (PID=21228) to work on /home/facuvega/Descargas/crypto-etl-airflow/airflow-apache/lib/python3.11/site-packages/airflow/example_dags/example_branch_labels.py
[2025-04-27T20:48:37.781-0300] {processor.py:830} INFO - Processing file /home/facuvega/Descargas/crypto-etl-airflow/airflow-apache/lib/python3.11/site-packages/airflow/example_dags/example_branch_labels.py for tasks to queue
[2025-04-27T20:48:37.783-0300] {logging_mixin.py:188} INFO - [2025-04-27T20:48:37.783-0300] {dagbag.py:540} INFO - Filling up the DagBag from /home/facuvega/Descargas/crypto-etl-airflow/airflow-apache/lib/python3.11/site-packages/airflow/example_dags/example_branch_labels.py
[2025-04-27T20:48:37.791-0300] {processor.py:840} INFO - DAG(s) 'example_branch_labels' retrieved from /home/facuvega/Descargas/crypto-etl-airflow/airflow-apache/lib/python3.11/site-packages/airflow/example_dags/example_branch_labels.py
[2025-04-27T20:48:37.804-0300] {logging_mixin.py:188} INFO - [2025-04-27T20:48:37.804-0300] {dag.py:3096} INFO - Sync 1 DAGs
[2025-04-27T20:48:37.819-0300] {logging_mixin.py:188} INFO - [2025-04-27T20:48:37.819-0300] {dag.py:3954} INFO - Setting next_dagrun for example_branch_labels to 2025-04-26 00:00:00+00:00, run_after=2025-04-27 00:00:00+00:00
[2025-04-27T20:48:37.832-0300] {processor.py:183} INFO - Processing /home/facuvega/Descargas/crypto-etl-airflow/airflow-apache/lib/python3.11/site-packages/airflow/example_dags/example_branch_labels.py took 0.057 seconds
[2025-04-27T20:49:45.936-0300] {processor.py:161} INFO - Started process (PID=21719) to work on /home/facuvega/Descargas/crypto-etl-airflow/airflow-apache/lib/python3.11/site-packages/airflow/example_dags/example_branch_labels.py
[2025-04-27T20:49:45.937-0300] {processor.py:830} INFO - Processing file /home/facuvega/Descargas/crypto-etl-airflow/airflow-apache/lib/python3.11/site-packages/airflow/example_dags/example_branch_labels.py for tasks to queue
[2025-04-27T20:49:45.939-0300] {logging_mixin.py:188} INFO - [2025-04-27T20:49:45.939-0300] {dagbag.py:540} INFO - Filling up the DagBag from /home/facuvega/Descargas/crypto-etl-airflow/airflow-apache/lib/python3.11/site-packages/airflow/example_dags/example_branch_labels.py
[2025-04-27T20:49:45.946-0300] {processor.py:840} INFO - DAG(s) 'example_branch_labels' retrieved from /home/facuvega/Descargas/crypto-etl-airflow/airflow-apache/lib/python3.11/site-packages/airflow/example_dags/example_branch_labels.py
[2025-04-27T20:49:45.961-0300] {logging_mixin.py:188} INFO - [2025-04-27T20:49:45.961-0300] {dag.py:3096} INFO - Sync 1 DAGs
[2025-04-27T20:49:45.978-0300] {logging_mixin.py:188} INFO - [2025-04-27T20:49:45.978-0300] {dag.py:3954} INFO - Setting next_dagrun for example_branch_labels to 2025-04-26 00:00:00+00:00, run_after=2025-04-27 00:00:00+00:00
[2025-04-27T20:49:45.992-0300] {processor.py:183} INFO - Processing /home/facuvega/Descargas/crypto-etl-airflow/airflow-apache/lib/python3.11/site-packages/airflow/example_dags/example_branch_labels.py took 0.062 seconds
[2025-04-27T20:50:51.812-0300] {processor.py:161} INFO - Started process (PID=22056) to work on /home/facuvega/Descargas/crypto-etl-airflow/airflow-apache/lib/python3.11/site-packages/airflow/example_dags/example_branch_labels.py
[2025-04-27T20:50:51.813-0300] {processor.py:830} INFO - Processing file /home/facuvega/Descargas/crypto-etl-airflow/airflow-apache/lib/python3.11/site-packages/airflow/example_dags/example_branch_labels.py for tasks to queue
[2025-04-27T20:50:51.814-0300] {logging_mixin.py:188} INFO - [2025-04-27T20:50:51.814-0300] {dagbag.py:540} INFO - Filling up the DagBag from /home/facuvega/Descargas/crypto-etl-airflow/airflow-apache/lib/python3.11/site-packages/airflow/example_dags/example_branch_labels.py
[2025-04-27T20:50:51.822-0300] {processor.py:840} INFO - DAG(s) 'example_branch_labels' retrieved from /home/facuvega/Descargas/crypto-etl-airflow/airflow-apache/lib/python3.11/site-packages/airflow/example_dags/example_branch_labels.py
[2025-04-27T20:50:51.836-0300] {logging_mixin.py:188} INFO - [2025-04-27T20:50:51.835-0300] {dag.py:3096} INFO - Sync 1 DAGs
[2025-04-27T20:50:51.851-0300] {logging_mixin.py:188} INFO - [2025-04-27T20:50:51.850-0300] {dag.py:3954} INFO - Setting next_dagrun for example_branch_labels to 2025-04-26 00:00:00+00:00, run_after=2025-04-27 00:00:00+00:00
[2025-04-27T20:50:51.866-0300] {processor.py:183} INFO - Processing /home/facuvega/Descargas/crypto-etl-airflow/airflow-apache/lib/python3.11/site-packages/airflow/example_dags/example_branch_labels.py took 0.059 seconds
[2025-04-27T20:51:48.886-0300] {processor.py:161} INFO - Started process (PID=22569) to work on /home/facuvega/Descargas/crypto-etl-airflow/airflow-apache/lib/python3.11/site-packages/airflow/example_dags/example_branch_labels.py
[2025-04-27T20:51:48.887-0300] {processor.py:830} INFO - Processing file /home/facuvega/Descargas/crypto-etl-airflow/airflow-apache/lib/python3.11/site-packages/airflow/example_dags/example_branch_labels.py for tasks to queue
[2025-04-27T20:51:48.889-0300] {logging_mixin.py:188} INFO - [2025-04-27T20:51:48.888-0300] {dagbag.py:540} INFO - Filling up the DagBag from /home/facuvega/Descargas/crypto-etl-airflow/airflow-apache/lib/python3.11/site-packages/airflow/example_dags/example_branch_labels.py
[2025-04-27T20:51:48.897-0300] {processor.py:840} INFO - DAG(s) 'example_branch_labels' retrieved from /home/facuvega/Descargas/crypto-etl-airflow/airflow-apache/lib/python3.11/site-packages/airflow/example_dags/example_branch_labels.py
[2025-04-27T20:51:48.915-0300] {logging_mixin.py:188} INFO - [2025-04-27T20:51:48.915-0300] {dag.py:3096} INFO - Sync 1 DAGs
[2025-04-27T20:51:48.935-0300] {logging_mixin.py:188} INFO - [2025-04-27T20:51:48.934-0300] {dag.py:3954} INFO - Setting next_dagrun for example_branch_labels to 2025-04-26 00:00:00+00:00, run_after=2025-04-27 00:00:00+00:00
[2025-04-27T20:51:48.950-0300] {processor.py:183} INFO - Processing /home/facuvega/Descargas/crypto-etl-airflow/airflow-apache/lib/python3.11/site-packages/airflow/example_dags/example_branch_labels.py took 0.070 seconds
