[2025-04-27T20:10:12.507-0300] {processor.py:161} INFO - Started process (PID=9350) to work on /home/facuvega/Descargas/crypto-etl-airflow/airflow-apache/lib/python3.11/site-packages/airflow/example_dags/example_python_decorator.py
[2025-04-27T20:10:12.508-0300] {processor.py:830} INFO - Processing file /home/facuvega/Descargas/crypto-etl-airflow/airflow-apache/lib/python3.11/site-packages/airflow/example_dags/example_python_decorator.py for tasks to queue
[2025-04-27T20:10:12.510-0300] {logging_mixin.py:188} INFO - [2025-04-27T20:10:12.510-0300] {dagbag.py:540} INFO - Filling up the DagBag from /home/facuvega/Descargas/crypto-etl-airflow/airflow-apache/lib/python3.11/site-packages/airflow/example_dags/example_python_decorator.py
[2025-04-27T20:10:12.525-0300] {processor.py:840} INFO - DAG(s) 'example_python_decorator' retrieved from /home/facuvega/Descargas/crypto-etl-airflow/airflow-apache/lib/python3.11/site-packages/airflow/example_dags/example_python_decorator.py
[2025-04-27T20:10:12.700-0300] {logging_mixin.py:188} INFO - [2025-04-27T20:10:12.700-0300] {override.py:1829} INFO - Created Permission View: can edit on DAG:example_python_decorator
[2025-04-27T20:10:12.713-0300] {logging_mixin.py:188} INFO - [2025-04-27T20:10:12.713-0300] {override.py:1829} INFO - Created Permission View: can delete on DAG:example_python_decorator
[2025-04-27T20:10:12.721-0300] {logging_mixin.py:188} INFO - [2025-04-27T20:10:12.721-0300] {override.py:1829} INFO - Created Permission View: can read on DAG:example_python_decorator
[2025-04-27T20:10:12.721-0300] {logging_mixin.py:188} INFO - [2025-04-27T20:10:12.721-0300] {dag.py:3096} INFO - Sync 1 DAGs
[2025-04-27T20:10:12.732-0300] {logging_mixin.py:188} INFO - [2025-04-27T20:10:12.732-0300] {dag.py:3118} INFO - Creating ORM DAG for example_python_decorator
[2025-04-27T20:10:12.732-0300] {logging_mixin.py:188} INFO - [2025-04-27T20:10:12.732-0300] {dag.py:3954} INFO - Setting next_dagrun for example_python_decorator to None, run_after=None
[2025-04-27T20:10:12.750-0300] {processor.py:183} INFO - Processing /home/facuvega/Descargas/crypto-etl-airflow/airflow-apache/lib/python3.11/site-packages/airflow/example_dags/example_python_decorator.py took 0.249 seconds
[2025-04-27T20:11:11.232-0300] {processor.py:161} INFO - Started process (PID=9870) to work on /home/facuvega/Descargas/crypto-etl-airflow/airflow-apache/lib/python3.11/site-packages/airflow/example_dags/example_python_decorator.py
[2025-04-27T20:11:11.234-0300] {processor.py:830} INFO - Processing file /home/facuvega/Descargas/crypto-etl-airflow/airflow-apache/lib/python3.11/site-packages/airflow/example_dags/example_python_decorator.py for tasks to queue
[2025-04-27T20:11:11.236-0300] {logging_mixin.py:188} INFO - [2025-04-27T20:11:11.235-0300] {dagbag.py:540} INFO - Filling up the DagBag from /home/facuvega/Descargas/crypto-etl-airflow/airflow-apache/lib/python3.11/site-packages/airflow/example_dags/example_python_decorator.py
[2025-04-27T20:11:11.250-0300] {processor.py:840} INFO - DAG(s) 'example_python_decorator' retrieved from /home/facuvega/Descargas/crypto-etl-airflow/airflow-apache/lib/python3.11/site-packages/airflow/example_dags/example_python_decorator.py
[2025-04-27T20:11:11.271-0300] {logging_mixin.py:188} INFO - [2025-04-27T20:11:11.271-0300] {dag.py:3096} INFO - Sync 1 DAGs
[2025-04-27T20:11:11.282-0300] {logging_mixin.py:188} INFO - [2025-04-27T20:11:11.281-0300] {dag.py:3954} INFO - Setting next_dagrun for example_python_decorator to None, run_after=None
[2025-04-27T20:11:11.302-0300] {processor.py:183} INFO - Processing /home/facuvega/Descargas/crypto-etl-airflow/airflow-apache/lib/python3.11/site-packages/airflow/example_dags/example_python_decorator.py took 0.076 seconds
[2025-04-27T20:12:00.915-0300] {processor.py:161} INFO - Started process (PID=10150) to work on /home/facuvega/Descargas/crypto-etl-airflow/airflow-apache/lib/python3.11/site-packages/airflow/example_dags/example_python_decorator.py
[2025-04-27T20:12:00.916-0300] {processor.py:830} INFO - Processing file /home/facuvega/Descargas/crypto-etl-airflow/airflow-apache/lib/python3.11/site-packages/airflow/example_dags/example_python_decorator.py for tasks to queue
[2025-04-27T20:12:00.918-0300] {logging_mixin.py:188} INFO - [2025-04-27T20:12:00.917-0300] {dagbag.py:540} INFO - Filling up the DagBag from /home/facuvega/Descargas/crypto-etl-airflow/airflow-apache/lib/python3.11/site-packages/airflow/example_dags/example_python_decorator.py
[2025-04-27T20:12:00.929-0300] {processor.py:840} INFO - DAG(s) 'example_python_decorator' retrieved from /home/facuvega/Descargas/crypto-etl-airflow/airflow-apache/lib/python3.11/site-packages/airflow/example_dags/example_python_decorator.py
[2025-04-27T20:12:00.945-0300] {logging_mixin.py:188} INFO - [2025-04-27T20:12:00.944-0300] {dag.py:3096} INFO - Sync 1 DAGs
[2025-04-27T20:12:00.956-0300] {logging_mixin.py:188} INFO - [2025-04-27T20:12:00.956-0300] {dag.py:3954} INFO - Setting next_dagrun for example_python_decorator to None, run_after=None
[2025-04-27T20:12:00.971-0300] {processor.py:183} INFO - Processing /home/facuvega/Descargas/crypto-etl-airflow/airflow-apache/lib/python3.11/site-packages/airflow/example_dags/example_python_decorator.py took 0.063 seconds
[2025-04-27T20:12:52.650-0300] {processor.py:161} INFO - Started process (PID=10534) to work on /home/facuvega/Descargas/crypto-etl-airflow/airflow-apache/lib/python3.11/site-packages/airflow/example_dags/example_python_decorator.py
[2025-04-27T20:12:52.651-0300] {processor.py:830} INFO - Processing file /home/facuvega/Descargas/crypto-etl-airflow/airflow-apache/lib/python3.11/site-packages/airflow/example_dags/example_python_decorator.py for tasks to queue
[2025-04-27T20:12:52.653-0300] {logging_mixin.py:188} INFO - [2025-04-27T20:12:52.652-0300] {dagbag.py:540} INFO - Filling up the DagBag from /home/facuvega/Descargas/crypto-etl-airflow/airflow-apache/lib/python3.11/site-packages/airflow/example_dags/example_python_decorator.py
[2025-04-27T20:12:52.664-0300] {processor.py:840} INFO - DAG(s) 'example_python_decorator' retrieved from /home/facuvega/Descargas/crypto-etl-airflow/airflow-apache/lib/python3.11/site-packages/airflow/example_dags/example_python_decorator.py
[2025-04-27T20:12:52.677-0300] {logging_mixin.py:188} INFO - [2025-04-27T20:12:52.677-0300] {dag.py:3096} INFO - Sync 1 DAGs
[2025-04-27T20:12:52.685-0300] {logging_mixin.py:188} INFO - [2025-04-27T20:12:52.685-0300] {dag.py:3954} INFO - Setting next_dagrun for example_python_decorator to None, run_after=None
[2025-04-27T20:12:52.697-0300] {processor.py:183} INFO - Processing /home/facuvega/Descargas/crypto-etl-airflow/airflow-apache/lib/python3.11/site-packages/airflow/example_dags/example_python_decorator.py took 0.052 seconds
[2025-04-27T20:13:49.228-0300] {processor.py:161} INFO - Started process (PID=10800) to work on /home/facuvega/Descargas/crypto-etl-airflow/airflow-apache/lib/python3.11/site-packages/airflow/example_dags/example_python_decorator.py
[2025-04-27T20:13:49.229-0300] {processor.py:830} INFO - Processing file /home/facuvega/Descargas/crypto-etl-airflow/airflow-apache/lib/python3.11/site-packages/airflow/example_dags/example_python_decorator.py for tasks to queue
[2025-04-27T20:13:49.231-0300] {logging_mixin.py:188} INFO - [2025-04-27T20:13:49.231-0300] {dagbag.py:540} INFO - Filling up the DagBag from /home/facuvega/Descargas/crypto-etl-airflow/airflow-apache/lib/python3.11/site-packages/airflow/example_dags/example_python_decorator.py
[2025-04-27T20:13:49.247-0300] {processor.py:840} INFO - DAG(s) 'example_python_decorator' retrieved from /home/facuvega/Descargas/crypto-etl-airflow/airflow-apache/lib/python3.11/site-packages/airflow/example_dags/example_python_decorator.py
[2025-04-27T20:13:49.266-0300] {logging_mixin.py:188} INFO - [2025-04-27T20:13:49.266-0300] {dag.py:3096} INFO - Sync 1 DAGs
[2025-04-27T20:13:49.278-0300] {logging_mixin.py:188} INFO - [2025-04-27T20:13:49.278-0300] {dag.py:3954} INFO - Setting next_dagrun for example_python_decorator to None, run_after=None
[2025-04-27T20:13:49.296-0300] {processor.py:183} INFO - Processing /home/facuvega/Descargas/crypto-etl-airflow/airflow-apache/lib/python3.11/site-packages/airflow/example_dags/example_python_decorator.py took 0.075 seconds
[2025-04-27T20:14:48.641-0300] {processor.py:161} INFO - Started process (PID=11091) to work on /home/facuvega/Descargas/crypto-etl-airflow/airflow-apache/lib/python3.11/site-packages/airflow/example_dags/example_python_decorator.py
[2025-04-27T20:14:48.642-0300] {processor.py:830} INFO - Processing file /home/facuvega/Descargas/crypto-etl-airflow/airflow-apache/lib/python3.11/site-packages/airflow/example_dags/example_python_decorator.py for tasks to queue
[2025-04-27T20:14:48.643-0300] {logging_mixin.py:188} INFO - [2025-04-27T20:14:48.643-0300] {dagbag.py:540} INFO - Filling up the DagBag from /home/facuvega/Descargas/crypto-etl-airflow/airflow-apache/lib/python3.11/site-packages/airflow/example_dags/example_python_decorator.py
[2025-04-27T20:14:48.653-0300] {processor.py:840} INFO - DAG(s) 'example_python_decorator' retrieved from /home/facuvega/Descargas/crypto-etl-airflow/airflow-apache/lib/python3.11/site-packages/airflow/example_dags/example_python_decorator.py
[2025-04-27T20:14:48.666-0300] {logging_mixin.py:188} INFO - [2025-04-27T20:14:48.666-0300] {dag.py:3096} INFO - Sync 1 DAGs
[2025-04-27T20:14:48.675-0300] {logging_mixin.py:188} INFO - [2025-04-27T20:14:48.675-0300] {dag.py:3954} INFO - Setting next_dagrun for example_python_decorator to None, run_after=None
[2025-04-27T20:14:48.688-0300] {processor.py:183} INFO - Processing /home/facuvega/Descargas/crypto-etl-airflow/airflow-apache/lib/python3.11/site-packages/airflow/example_dags/example_python_decorator.py took 0.052 seconds
[2025-04-27T20:15:47.125-0300] {processor.py:161} INFO - Started process (PID=11361) to work on /home/facuvega/Descargas/crypto-etl-airflow/airflow-apache/lib/python3.11/site-packages/airflow/example_dags/example_python_decorator.py
[2025-04-27T20:15:47.126-0300] {processor.py:830} INFO - Processing file /home/facuvega/Descargas/crypto-etl-airflow/airflow-apache/lib/python3.11/site-packages/airflow/example_dags/example_python_decorator.py for tasks to queue
[2025-04-27T20:15:47.128-0300] {logging_mixin.py:188} INFO - [2025-04-27T20:15:47.127-0300] {dagbag.py:540} INFO - Filling up the DagBag from /home/facuvega/Descargas/crypto-etl-airflow/airflow-apache/lib/python3.11/site-packages/airflow/example_dags/example_python_decorator.py
[2025-04-27T20:15:47.138-0300] {processor.py:840} INFO - DAG(s) 'example_python_decorator' retrieved from /home/facuvega/Descargas/crypto-etl-airflow/airflow-apache/lib/python3.11/site-packages/airflow/example_dags/example_python_decorator.py
[2025-04-27T20:15:47.152-0300] {logging_mixin.py:188} INFO - [2025-04-27T20:15:47.151-0300] {dag.py:3096} INFO - Sync 1 DAGs
[2025-04-27T20:15:47.160-0300] {logging_mixin.py:188} INFO - [2025-04-27T20:15:47.160-0300] {dag.py:3954} INFO - Setting next_dagrun for example_python_decorator to None, run_after=None
[2025-04-27T20:15:47.173-0300] {processor.py:183} INFO - Processing /home/facuvega/Descargas/crypto-etl-airflow/airflow-apache/lib/python3.11/site-packages/airflow/example_dags/example_python_decorator.py took 0.052 seconds
[2025-04-27T20:16:28.823-0300] {processor.py:161} INFO - Started process (PID=11547) to work on /home/facuvega/Descargas/crypto-etl-airflow/airflow-apache/lib/python3.11/site-packages/airflow/example_dags/example_python_decorator.py
[2025-04-27T20:16:28.824-0300] {processor.py:830} INFO - Processing file /home/facuvega/Descargas/crypto-etl-airflow/airflow-apache/lib/python3.11/site-packages/airflow/example_dags/example_python_decorator.py for tasks to queue
[2025-04-27T20:16:28.825-0300] {logging_mixin.py:188} INFO - [2025-04-27T20:16:28.825-0300] {dagbag.py:540} INFO - Filling up the DagBag from /home/facuvega/Descargas/crypto-etl-airflow/airflow-apache/lib/python3.11/site-packages/airflow/example_dags/example_python_decorator.py
[2025-04-27T20:16:28.836-0300] {processor.py:840} INFO - DAG(s) 'example_python_decorator' retrieved from /home/facuvega/Descargas/crypto-etl-airflow/airflow-apache/lib/python3.11/site-packages/airflow/example_dags/example_python_decorator.py
[2025-04-27T20:16:28.849-0300] {logging_mixin.py:188} INFO - [2025-04-27T20:16:28.849-0300] {dag.py:3096} INFO - Sync 1 DAGs
[2025-04-27T20:16:28.858-0300] {logging_mixin.py:188} INFO - [2025-04-27T20:16:28.858-0300] {dag.py:3954} INFO - Setting next_dagrun for example_python_decorator to None, run_after=None
[2025-04-27T20:16:28.870-0300] {processor.py:183} INFO - Processing /home/facuvega/Descargas/crypto-etl-airflow/airflow-apache/lib/python3.11/site-packages/airflow/example_dags/example_python_decorator.py took 0.052 seconds
[2025-04-27T20:17:12.641-0300] {processor.py:161} INFO - Started process (PID=11749) to work on /home/facuvega/Descargas/crypto-etl-airflow/airflow-apache/lib/python3.11/site-packages/airflow/example_dags/example_python_decorator.py
[2025-04-27T20:17:12.641-0300] {processor.py:830} INFO - Processing file /home/facuvega/Descargas/crypto-etl-airflow/airflow-apache/lib/python3.11/site-packages/airflow/example_dags/example_python_decorator.py for tasks to queue
[2025-04-27T20:17:12.643-0300] {logging_mixin.py:188} INFO - [2025-04-27T20:17:12.643-0300] {dagbag.py:540} INFO - Filling up the DagBag from /home/facuvega/Descargas/crypto-etl-airflow/airflow-apache/lib/python3.11/site-packages/airflow/example_dags/example_python_decorator.py
[2025-04-27T20:17:12.656-0300] {processor.py:840} INFO - DAG(s) 'example_python_decorator' retrieved from /home/facuvega/Descargas/crypto-etl-airflow/airflow-apache/lib/python3.11/site-packages/airflow/example_dags/example_python_decorator.py
[2025-04-27T20:17:12.674-0300] {logging_mixin.py:188} INFO - [2025-04-27T20:17:12.674-0300] {dag.py:3096} INFO - Sync 1 DAGs
[2025-04-27T20:17:12.685-0300] {logging_mixin.py:188} INFO - [2025-04-27T20:17:12.684-0300] {dag.py:3954} INFO - Setting next_dagrun for example_python_decorator to None, run_after=None
[2025-04-27T20:17:12.701-0300] {processor.py:183} INFO - Processing /home/facuvega/Descargas/crypto-etl-airflow/airflow-apache/lib/python3.11/site-packages/airflow/example_dags/example_python_decorator.py took 0.066 seconds
[2025-04-27T20:18:11.372-0300] {processor.py:161} INFO - Started process (PID=12145) to work on /home/facuvega/Descargas/crypto-etl-airflow/airflow-apache/lib/python3.11/site-packages/airflow/example_dags/example_python_decorator.py
[2025-04-27T20:18:11.373-0300] {processor.py:830} INFO - Processing file /home/facuvega/Descargas/crypto-etl-airflow/airflow-apache/lib/python3.11/site-packages/airflow/example_dags/example_python_decorator.py for tasks to queue
[2025-04-27T20:18:11.375-0300] {logging_mixin.py:188} INFO - [2025-04-27T20:18:11.374-0300] {dagbag.py:540} INFO - Filling up the DagBag from /home/facuvega/Descargas/crypto-etl-airflow/airflow-apache/lib/python3.11/site-packages/airflow/example_dags/example_python_decorator.py
[2025-04-27T20:18:11.387-0300] {processor.py:840} INFO - DAG(s) 'example_python_decorator' retrieved from /home/facuvega/Descargas/crypto-etl-airflow/airflow-apache/lib/python3.11/site-packages/airflow/example_dags/example_python_decorator.py
[2025-04-27T20:18:11.404-0300] {logging_mixin.py:188} INFO - [2025-04-27T20:18:11.403-0300] {dag.py:3096} INFO - Sync 1 DAGs
[2025-04-27T20:18:11.416-0300] {logging_mixin.py:188} INFO - [2025-04-27T20:18:11.416-0300] {dag.py:3954} INFO - Setting next_dagrun for example_python_decorator to None, run_after=None
[2025-04-27T20:18:11.435-0300] {processor.py:183} INFO - Processing /home/facuvega/Descargas/crypto-etl-airflow/airflow-apache/lib/python3.11/site-packages/airflow/example_dags/example_python_decorator.py took 0.068 seconds
[2025-04-27T20:19:11.026-0300] {processor.py:161} INFO - Started process (PID=12408) to work on /home/facuvega/Descargas/crypto-etl-airflow/airflow-apache/lib/python3.11/site-packages/airflow/example_dags/example_python_decorator.py
[2025-04-27T20:19:11.027-0300] {processor.py:830} INFO - Processing file /home/facuvega/Descargas/crypto-etl-airflow/airflow-apache/lib/python3.11/site-packages/airflow/example_dags/example_python_decorator.py for tasks to queue
[2025-04-27T20:19:11.029-0300] {logging_mixin.py:188} INFO - [2025-04-27T20:19:11.029-0300] {dagbag.py:540} INFO - Filling up the DagBag from /home/facuvega/Descargas/crypto-etl-airflow/airflow-apache/lib/python3.11/site-packages/airflow/example_dags/example_python_decorator.py
[2025-04-27T20:19:11.039-0300] {processor.py:840} INFO - DAG(s) 'example_python_decorator' retrieved from /home/facuvega/Descargas/crypto-etl-airflow/airflow-apache/lib/python3.11/site-packages/airflow/example_dags/example_python_decorator.py
[2025-04-27T20:19:11.053-0300] {logging_mixin.py:188} INFO - [2025-04-27T20:19:11.053-0300] {dag.py:3096} INFO - Sync 1 DAGs
[2025-04-27T20:19:11.061-0300] {logging_mixin.py:188} INFO - [2025-04-27T20:19:11.061-0300] {dag.py:3954} INFO - Setting next_dagrun for example_python_decorator to None, run_after=None
[2025-04-27T20:19:11.074-0300] {processor.py:183} INFO - Processing /home/facuvega/Descargas/crypto-etl-airflow/airflow-apache/lib/python3.11/site-packages/airflow/example_dags/example_python_decorator.py took 0.052 seconds
[2025-04-27T20:20:08.633-0300] {processor.py:161} INFO - Started process (PID=12727) to work on /home/facuvega/Descargas/crypto-etl-airflow/airflow-apache/lib/python3.11/site-packages/airflow/example_dags/example_python_decorator.py
[2025-04-27T20:20:08.634-0300] {processor.py:830} INFO - Processing file /home/facuvega/Descargas/crypto-etl-airflow/airflow-apache/lib/python3.11/site-packages/airflow/example_dags/example_python_decorator.py for tasks to queue
[2025-04-27T20:20:08.636-0300] {logging_mixin.py:188} INFO - [2025-04-27T20:20:08.636-0300] {dagbag.py:540} INFO - Filling up the DagBag from /home/facuvega/Descargas/crypto-etl-airflow/airflow-apache/lib/python3.11/site-packages/airflow/example_dags/example_python_decorator.py
[2025-04-27T20:20:08.650-0300] {processor.py:840} INFO - DAG(s) 'example_python_decorator' retrieved from /home/facuvega/Descargas/crypto-etl-airflow/airflow-apache/lib/python3.11/site-packages/airflow/example_dags/example_python_decorator.py
[2025-04-27T20:20:08.669-0300] {logging_mixin.py:188} INFO - [2025-04-27T20:20:08.669-0300] {dag.py:3096} INFO - Sync 1 DAGs
[2025-04-27T20:20:08.682-0300] {logging_mixin.py:188} INFO - [2025-04-27T20:20:08.681-0300] {dag.py:3954} INFO - Setting next_dagrun for example_python_decorator to None, run_after=None
[2025-04-27T20:20:08.701-0300] {processor.py:183} INFO - Processing /home/facuvega/Descargas/crypto-etl-airflow/airflow-apache/lib/python3.11/site-packages/airflow/example_dags/example_python_decorator.py took 0.074 seconds
[2025-04-27T20:20:51.101-0300] {processor.py:161} INFO - Started process (PID=12919) to work on /home/facuvega/Descargas/crypto-etl-airflow/airflow-apache/lib/python3.11/site-packages/airflow/example_dags/example_python_decorator.py
[2025-04-27T20:20:51.102-0300] {processor.py:830} INFO - Processing file /home/facuvega/Descargas/crypto-etl-airflow/airflow-apache/lib/python3.11/site-packages/airflow/example_dags/example_python_decorator.py for tasks to queue
[2025-04-27T20:20:51.104-0300] {logging_mixin.py:188} INFO - [2025-04-27T20:20:51.103-0300] {dagbag.py:540} INFO - Filling up the DagBag from /home/facuvega/Descargas/crypto-etl-airflow/airflow-apache/lib/python3.11/site-packages/airflow/example_dags/example_python_decorator.py
[2025-04-27T20:20:51.115-0300] {processor.py:840} INFO - DAG(s) 'example_python_decorator' retrieved from /home/facuvega/Descargas/crypto-etl-airflow/airflow-apache/lib/python3.11/site-packages/airflow/example_dags/example_python_decorator.py
[2025-04-27T20:20:51.129-0300] {logging_mixin.py:188} INFO - [2025-04-27T20:20:51.129-0300] {dag.py:3096} INFO - Sync 1 DAGs
[2025-04-27T20:20:51.139-0300] {logging_mixin.py:188} INFO - [2025-04-27T20:20:51.138-0300] {dag.py:3954} INFO - Setting next_dagrun for example_python_decorator to None, run_after=None
[2025-04-27T20:20:51.157-0300] {processor.py:183} INFO - Processing /home/facuvega/Descargas/crypto-etl-airflow/airflow-apache/lib/python3.11/site-packages/airflow/example_dags/example_python_decorator.py took 0.061 seconds
[2025-04-27T20:21:51.914-0300] {processor.py:161} INFO - Started process (PID=13191) to work on /home/facuvega/Descargas/crypto-etl-airflow/airflow-apache/lib/python3.11/site-packages/airflow/example_dags/example_python_decorator.py
[2025-04-27T20:21:51.917-0300] {processor.py:830} INFO - Processing file /home/facuvega/Descargas/crypto-etl-airflow/airflow-apache/lib/python3.11/site-packages/airflow/example_dags/example_python_decorator.py for tasks to queue
[2025-04-27T20:21:51.920-0300] {logging_mixin.py:188} INFO - [2025-04-27T20:21:51.920-0300] {dagbag.py:540} INFO - Filling up the DagBag from /home/facuvega/Descargas/crypto-etl-airflow/airflow-apache/lib/python3.11/site-packages/airflow/example_dags/example_python_decorator.py
[2025-04-27T20:21:51.931-0300] {processor.py:840} INFO - DAG(s) 'example_python_decorator' retrieved from /home/facuvega/Descargas/crypto-etl-airflow/airflow-apache/lib/python3.11/site-packages/airflow/example_dags/example_python_decorator.py
[2025-04-27T20:21:51.947-0300] {logging_mixin.py:188} INFO - [2025-04-27T20:21:51.947-0300] {dag.py:3096} INFO - Sync 1 DAGs
[2025-04-27T20:21:51.956-0300] {logging_mixin.py:188} INFO - [2025-04-27T20:21:51.956-0300] {dag.py:3954} INFO - Setting next_dagrun for example_python_decorator to None, run_after=None
[2025-04-27T20:21:51.972-0300] {processor.py:183} INFO - Processing /home/facuvega/Descargas/crypto-etl-airflow/airflow-apache/lib/python3.11/site-packages/airflow/example_dags/example_python_decorator.py took 0.064 seconds
[2025-04-27T20:22:54.890-0300] {processor.py:161} INFO - Started process (PID=13473) to work on /home/facuvega/Descargas/crypto-etl-airflow/airflow-apache/lib/python3.11/site-packages/airflow/example_dags/example_python_decorator.py
[2025-04-27T20:22:54.891-0300] {processor.py:830} INFO - Processing file /home/facuvega/Descargas/crypto-etl-airflow/airflow-apache/lib/python3.11/site-packages/airflow/example_dags/example_python_decorator.py for tasks to queue
[2025-04-27T20:22:54.893-0300] {logging_mixin.py:188} INFO - [2025-04-27T20:22:54.892-0300] {dagbag.py:540} INFO - Filling up the DagBag from /home/facuvega/Descargas/crypto-etl-airflow/airflow-apache/lib/python3.11/site-packages/airflow/example_dags/example_python_decorator.py
[2025-04-27T20:22:54.904-0300] {processor.py:840} INFO - DAG(s) 'example_python_decorator' retrieved from /home/facuvega/Descargas/crypto-etl-airflow/airflow-apache/lib/python3.11/site-packages/airflow/example_dags/example_python_decorator.py
[2025-04-27T20:22:54.917-0300] {logging_mixin.py:188} INFO - [2025-04-27T20:22:54.917-0300] {dag.py:3096} INFO - Sync 1 DAGs
[2025-04-27T20:22:54.926-0300] {logging_mixin.py:188} INFO - [2025-04-27T20:22:54.926-0300] {dag.py:3954} INFO - Setting next_dagrun for example_python_decorator to None, run_after=None
[2025-04-27T20:22:54.939-0300] {processor.py:183} INFO - Processing /home/facuvega/Descargas/crypto-etl-airflow/airflow-apache/lib/python3.11/site-packages/airflow/example_dags/example_python_decorator.py took 0.054 seconds
[2025-04-27T20:23:37.875-0300] {processor.py:161} INFO - Started process (PID=13663) to work on /home/facuvega/Descargas/crypto-etl-airflow/airflow-apache/lib/python3.11/site-packages/airflow/example_dags/example_python_decorator.py
[2025-04-27T20:23:37.876-0300] {processor.py:830} INFO - Processing file /home/facuvega/Descargas/crypto-etl-airflow/airflow-apache/lib/python3.11/site-packages/airflow/example_dags/example_python_decorator.py for tasks to queue
[2025-04-27T20:23:37.877-0300] {logging_mixin.py:188} INFO - [2025-04-27T20:23:37.877-0300] {dagbag.py:540} INFO - Filling up the DagBag from /home/facuvega/Descargas/crypto-etl-airflow/airflow-apache/lib/python3.11/site-packages/airflow/example_dags/example_python_decorator.py
[2025-04-27T20:23:37.887-0300] {processor.py:840} INFO - DAG(s) 'example_python_decorator' retrieved from /home/facuvega/Descargas/crypto-etl-airflow/airflow-apache/lib/python3.11/site-packages/airflow/example_dags/example_python_decorator.py
[2025-04-27T20:23:37.901-0300] {logging_mixin.py:188} INFO - [2025-04-27T20:23:37.901-0300] {dag.py:3096} INFO - Sync 1 DAGs
[2025-04-27T20:23:37.909-0300] {logging_mixin.py:188} INFO - [2025-04-27T20:23:37.909-0300] {dag.py:3954} INFO - Setting next_dagrun for example_python_decorator to None, run_after=None
[2025-04-27T20:23:37.923-0300] {processor.py:183} INFO - Processing /home/facuvega/Descargas/crypto-etl-airflow/airflow-apache/lib/python3.11/site-packages/airflow/example_dags/example_python_decorator.py took 0.053 seconds
[2025-04-27T20:24:33.994-0300] {processor.py:161} INFO - Started process (PID=13920) to work on /home/facuvega/Descargas/crypto-etl-airflow/airflow-apache/lib/python3.11/site-packages/airflow/example_dags/example_python_decorator.py
[2025-04-27T20:24:33.995-0300] {processor.py:830} INFO - Processing file /home/facuvega/Descargas/crypto-etl-airflow/airflow-apache/lib/python3.11/site-packages/airflow/example_dags/example_python_decorator.py for tasks to queue
[2025-04-27T20:24:33.997-0300] {logging_mixin.py:188} INFO - [2025-04-27T20:24:33.996-0300] {dagbag.py:540} INFO - Filling up the DagBag from /home/facuvega/Descargas/crypto-etl-airflow/airflow-apache/lib/python3.11/site-packages/airflow/example_dags/example_python_decorator.py
[2025-04-27T20:24:34.007-0300] {processor.py:840} INFO - DAG(s) 'example_python_decorator' retrieved from /home/facuvega/Descargas/crypto-etl-airflow/airflow-apache/lib/python3.11/site-packages/airflow/example_dags/example_python_decorator.py
[2025-04-27T20:24:34.021-0300] {logging_mixin.py:188} INFO - [2025-04-27T20:24:34.021-0300] {dag.py:3096} INFO - Sync 1 DAGs
[2025-04-27T20:24:34.030-0300] {logging_mixin.py:188} INFO - [2025-04-27T20:24:34.030-0300] {dag.py:3954} INFO - Setting next_dagrun for example_python_decorator to None, run_after=None
[2025-04-27T20:24:34.044-0300] {processor.py:183} INFO - Processing /home/facuvega/Descargas/crypto-etl-airflow/airflow-apache/lib/python3.11/site-packages/airflow/example_dags/example_python_decorator.py took 0.055 seconds
[2025-04-27T20:25:30.314-0300] {processor.py:161} INFO - Started process (PID=14202) to work on /home/facuvega/Descargas/crypto-etl-airflow/airflow-apache/lib/python3.11/site-packages/airflow/example_dags/example_python_decorator.py
[2025-04-27T20:25:30.315-0300] {processor.py:830} INFO - Processing file /home/facuvega/Descargas/crypto-etl-airflow/airflow-apache/lib/python3.11/site-packages/airflow/example_dags/example_python_decorator.py for tasks to queue
[2025-04-27T20:25:30.317-0300] {logging_mixin.py:188} INFO - [2025-04-27T20:25:30.317-0300] {dagbag.py:540} INFO - Filling up the DagBag from /home/facuvega/Descargas/crypto-etl-airflow/airflow-apache/lib/python3.11/site-packages/airflow/example_dags/example_python_decorator.py
[2025-04-27T20:25:30.332-0300] {processor.py:840} INFO - DAG(s) 'example_python_decorator' retrieved from /home/facuvega/Descargas/crypto-etl-airflow/airflow-apache/lib/python3.11/site-packages/airflow/example_dags/example_python_decorator.py
[2025-04-27T20:25:30.350-0300] {logging_mixin.py:188} INFO - [2025-04-27T20:25:30.349-0300] {dag.py:3096} INFO - Sync 1 DAGs
[2025-04-27T20:25:30.363-0300] {logging_mixin.py:188} INFO - [2025-04-27T20:25:30.362-0300] {dag.py:3954} INFO - Setting next_dagrun for example_python_decorator to None, run_after=None
[2025-04-27T20:25:30.379-0300] {processor.py:183} INFO - Processing /home/facuvega/Descargas/crypto-etl-airflow/airflow-apache/lib/python3.11/site-packages/airflow/example_dags/example_python_decorator.py took 0.072 seconds
[2025-04-27T20:26:14.177-0300] {processor.py:161} INFO - Started process (PID=14402) to work on /home/facuvega/Descargas/crypto-etl-airflow/airflow-apache/lib/python3.11/site-packages/airflow/example_dags/example_python_decorator.py
[2025-04-27T20:26:14.178-0300] {processor.py:830} INFO - Processing file /home/facuvega/Descargas/crypto-etl-airflow/airflow-apache/lib/python3.11/site-packages/airflow/example_dags/example_python_decorator.py for tasks to queue
[2025-04-27T20:26:14.180-0300] {logging_mixin.py:188} INFO - [2025-04-27T20:26:14.180-0300] {dagbag.py:540} INFO - Filling up the DagBag from /home/facuvega/Descargas/crypto-etl-airflow/airflow-apache/lib/python3.11/site-packages/airflow/example_dags/example_python_decorator.py
[2025-04-27T20:26:14.194-0300] {processor.py:840} INFO - DAG(s) 'example_python_decorator' retrieved from /home/facuvega/Descargas/crypto-etl-airflow/airflow-apache/lib/python3.11/site-packages/airflow/example_dags/example_python_decorator.py
[2025-04-27T20:26:14.212-0300] {logging_mixin.py:188} INFO - [2025-04-27T20:26:14.212-0300] {dag.py:3096} INFO - Sync 1 DAGs
[2025-04-27T20:26:14.222-0300] {logging_mixin.py:188} INFO - [2025-04-27T20:26:14.222-0300] {dag.py:3954} INFO - Setting next_dagrun for example_python_decorator to None, run_after=None
[2025-04-27T20:26:14.239-0300] {processor.py:183} INFO - Processing /home/facuvega/Descargas/crypto-etl-airflow/airflow-apache/lib/python3.11/site-packages/airflow/example_dags/example_python_decorator.py took 0.068 seconds
[2025-04-27T20:27:13.608-0300] {processor.py:161} INFO - Started process (PID=14687) to work on /home/facuvega/Descargas/crypto-etl-airflow/airflow-apache/lib/python3.11/site-packages/airflow/example_dags/example_python_decorator.py
[2025-04-27T20:27:13.609-0300] {processor.py:830} INFO - Processing file /home/facuvega/Descargas/crypto-etl-airflow/airflow-apache/lib/python3.11/site-packages/airflow/example_dags/example_python_decorator.py for tasks to queue
[2025-04-27T20:27:13.610-0300] {logging_mixin.py:188} INFO - [2025-04-27T20:27:13.610-0300] {dagbag.py:540} INFO - Filling up the DagBag from /home/facuvega/Descargas/crypto-etl-airflow/airflow-apache/lib/python3.11/site-packages/airflow/example_dags/example_python_decorator.py
[2025-04-27T20:27:13.623-0300] {processor.py:840} INFO - DAG(s) 'example_python_decorator' retrieved from /home/facuvega/Descargas/crypto-etl-airflow/airflow-apache/lib/python3.11/site-packages/airflow/example_dags/example_python_decorator.py
[2025-04-27T20:27:13.639-0300] {logging_mixin.py:188} INFO - [2025-04-27T20:27:13.639-0300] {dag.py:3096} INFO - Sync 1 DAGs
[2025-04-27T20:27:13.648-0300] {logging_mixin.py:188} INFO - [2025-04-27T20:27:13.648-0300] {dag.py:3954} INFO - Setting next_dagrun for example_python_decorator to None, run_after=None
[2025-04-27T20:27:13.663-0300] {processor.py:183} INFO - Processing /home/facuvega/Descargas/crypto-etl-airflow/airflow-apache/lib/python3.11/site-packages/airflow/example_dags/example_python_decorator.py took 0.060 seconds
[2025-04-27T20:28:11.217-0300] {processor.py:161} INFO - Started process (PID=14954) to work on /home/facuvega/Descargas/crypto-etl-airflow/airflow-apache/lib/python3.11/site-packages/airflow/example_dags/example_python_decorator.py
[2025-04-27T20:28:11.218-0300] {processor.py:830} INFO - Processing file /home/facuvega/Descargas/crypto-etl-airflow/airflow-apache/lib/python3.11/site-packages/airflow/example_dags/example_python_decorator.py for tasks to queue
[2025-04-27T20:28:11.220-0300] {logging_mixin.py:188} INFO - [2025-04-27T20:28:11.220-0300] {dagbag.py:540} INFO - Filling up the DagBag from /home/facuvega/Descargas/crypto-etl-airflow/airflow-apache/lib/python3.11/site-packages/airflow/example_dags/example_python_decorator.py
[2025-04-27T20:28:11.235-0300] {processor.py:840} INFO - DAG(s) 'example_python_decorator' retrieved from /home/facuvega/Descargas/crypto-etl-airflow/airflow-apache/lib/python3.11/site-packages/airflow/example_dags/example_python_decorator.py
[2025-04-27T20:28:11.254-0300] {logging_mixin.py:188} INFO - [2025-04-27T20:28:11.254-0300] {dag.py:3096} INFO - Sync 1 DAGs
[2025-04-27T20:28:11.266-0300] {logging_mixin.py:188} INFO - [2025-04-27T20:28:11.266-0300] {dag.py:3954} INFO - Setting next_dagrun for example_python_decorator to None, run_after=None
[2025-04-27T20:28:11.287-0300] {processor.py:183} INFO - Processing /home/facuvega/Descargas/crypto-etl-airflow/airflow-apache/lib/python3.11/site-packages/airflow/example_dags/example_python_decorator.py took 0.078 seconds
[2025-04-27T20:28:54.261-0300] {processor.py:161} INFO - Started process (PID=15148) to work on /home/facuvega/Descargas/crypto-etl-airflow/airflow-apache/lib/python3.11/site-packages/airflow/example_dags/example_python_decorator.py
[2025-04-27T20:28:54.261-0300] {processor.py:830} INFO - Processing file /home/facuvega/Descargas/crypto-etl-airflow/airflow-apache/lib/python3.11/site-packages/airflow/example_dags/example_python_decorator.py for tasks to queue
[2025-04-27T20:28:54.263-0300] {logging_mixin.py:188} INFO - [2025-04-27T20:28:54.263-0300] {dagbag.py:540} INFO - Filling up the DagBag from /home/facuvega/Descargas/crypto-etl-airflow/airflow-apache/lib/python3.11/site-packages/airflow/example_dags/example_python_decorator.py
[2025-04-27T20:28:54.274-0300] {processor.py:840} INFO - DAG(s) 'example_python_decorator' retrieved from /home/facuvega/Descargas/crypto-etl-airflow/airflow-apache/lib/python3.11/site-packages/airflow/example_dags/example_python_decorator.py
[2025-04-27T20:28:54.288-0300] {logging_mixin.py:188} INFO - [2025-04-27T20:28:54.288-0300] {dag.py:3096} INFO - Sync 1 DAGs
[2025-04-27T20:28:54.296-0300] {logging_mixin.py:188} INFO - [2025-04-27T20:28:54.296-0300] {dag.py:3954} INFO - Setting next_dagrun for example_python_decorator to None, run_after=None
[2025-04-27T20:28:54.310-0300] {processor.py:183} INFO - Processing /home/facuvega/Descargas/crypto-etl-airflow/airflow-apache/lib/python3.11/site-packages/airflow/example_dags/example_python_decorator.py took 0.054 seconds
[2025-04-27T20:29:36.965-0300] {processor.py:161} INFO - Started process (PID=15340) to work on /home/facuvega/Descargas/crypto-etl-airflow/airflow-apache/lib/python3.11/site-packages/airflow/example_dags/example_python_decorator.py
[2025-04-27T20:29:36.966-0300] {processor.py:830} INFO - Processing file /home/facuvega/Descargas/crypto-etl-airflow/airflow-apache/lib/python3.11/site-packages/airflow/example_dags/example_python_decorator.py for tasks to queue
[2025-04-27T20:29:36.968-0300] {logging_mixin.py:188} INFO - [2025-04-27T20:29:36.968-0300] {dagbag.py:540} INFO - Filling up the DagBag from /home/facuvega/Descargas/crypto-etl-airflow/airflow-apache/lib/python3.11/site-packages/airflow/example_dags/example_python_decorator.py
[2025-04-27T20:29:36.979-0300] {processor.py:840} INFO - DAG(s) 'example_python_decorator' retrieved from /home/facuvega/Descargas/crypto-etl-airflow/airflow-apache/lib/python3.11/site-packages/airflow/example_dags/example_python_decorator.py
[2025-04-27T20:29:36.997-0300] {logging_mixin.py:188} INFO - [2025-04-27T20:29:36.996-0300] {dag.py:3096} INFO - Sync 1 DAGs
[2025-04-27T20:29:37.006-0300] {logging_mixin.py:188} INFO - [2025-04-27T20:29:37.006-0300] {dag.py:3954} INFO - Setting next_dagrun for example_python_decorator to None, run_after=None
[2025-04-27T20:29:37.022-0300] {processor.py:183} INFO - Processing /home/facuvega/Descargas/crypto-etl-airflow/airflow-apache/lib/python3.11/site-packages/airflow/example_dags/example_python_decorator.py took 0.061 seconds
[2025-04-27T20:30:33.603-0300] {processor.py:161} INFO - Started process (PID=15632) to work on /home/facuvega/Descargas/crypto-etl-airflow/airflow-apache/lib/python3.11/site-packages/airflow/example_dags/example_python_decorator.py
[2025-04-27T20:30:33.604-0300] {processor.py:830} INFO - Processing file /home/facuvega/Descargas/crypto-etl-airflow/airflow-apache/lib/python3.11/site-packages/airflow/example_dags/example_python_decorator.py for tasks to queue
[2025-04-27T20:30:33.605-0300] {logging_mixin.py:188} INFO - [2025-04-27T20:30:33.605-0300] {dagbag.py:540} INFO - Filling up the DagBag from /home/facuvega/Descargas/crypto-etl-airflow/airflow-apache/lib/python3.11/site-packages/airflow/example_dags/example_python_decorator.py
[2025-04-27T20:30:33.617-0300] {processor.py:840} INFO - DAG(s) 'example_python_decorator' retrieved from /home/facuvega/Descargas/crypto-etl-airflow/airflow-apache/lib/python3.11/site-packages/airflow/example_dags/example_python_decorator.py
[2025-04-27T20:30:33.630-0300] {logging_mixin.py:188} INFO - [2025-04-27T20:30:33.630-0300] {dag.py:3096} INFO - Sync 1 DAGs
[2025-04-27T20:30:33.638-0300] {logging_mixin.py:188} INFO - [2025-04-27T20:30:33.638-0300] {dag.py:3954} INFO - Setting next_dagrun for example_python_decorator to None, run_after=None
[2025-04-27T20:30:33.652-0300] {processor.py:183} INFO - Processing /home/facuvega/Descargas/crypto-etl-airflow/airflow-apache/lib/python3.11/site-packages/airflow/example_dags/example_python_decorator.py took 0.054 seconds
[2025-04-27T20:31:18.124-0300] {processor.py:161} INFO - Started process (PID=15833) to work on /home/facuvega/Descargas/crypto-etl-airflow/airflow-apache/lib/python3.11/site-packages/airflow/example_dags/example_python_decorator.py
[2025-04-27T20:31:18.125-0300] {processor.py:830} INFO - Processing file /home/facuvega/Descargas/crypto-etl-airflow/airflow-apache/lib/python3.11/site-packages/airflow/example_dags/example_python_decorator.py for tasks to queue
[2025-04-27T20:31:18.126-0300] {logging_mixin.py:188} INFO - [2025-04-27T20:31:18.126-0300] {dagbag.py:540} INFO - Filling up the DagBag from /home/facuvega/Descargas/crypto-etl-airflow/airflow-apache/lib/python3.11/site-packages/airflow/example_dags/example_python_decorator.py
[2025-04-27T20:31:18.137-0300] {processor.py:840} INFO - DAG(s) 'example_python_decorator' retrieved from /home/facuvega/Descargas/crypto-etl-airflow/airflow-apache/lib/python3.11/site-packages/airflow/example_dags/example_python_decorator.py
[2025-04-27T20:31:18.155-0300] {logging_mixin.py:188} INFO - [2025-04-27T20:31:18.154-0300] {dag.py:3096} INFO - Sync 1 DAGs
[2025-04-27T20:31:18.166-0300] {logging_mixin.py:188} INFO - [2025-04-27T20:31:18.166-0300] {dag.py:3954} INFO - Setting next_dagrun for example_python_decorator to None, run_after=None
[2025-04-27T20:31:18.183-0300] {processor.py:183} INFO - Processing /home/facuvega/Descargas/crypto-etl-airflow/airflow-apache/lib/python3.11/site-packages/airflow/example_dags/example_python_decorator.py took 0.064 seconds
[2025-04-27T20:32:14.679-0300] {processor.py:161} INFO - Started process (PID=16089) to work on /home/facuvega/Descargas/crypto-etl-airflow/airflow-apache/lib/python3.11/site-packages/airflow/example_dags/example_python_decorator.py
[2025-04-27T20:32:14.680-0300] {processor.py:830} INFO - Processing file /home/facuvega/Descargas/crypto-etl-airflow/airflow-apache/lib/python3.11/site-packages/airflow/example_dags/example_python_decorator.py for tasks to queue
[2025-04-27T20:32:14.681-0300] {logging_mixin.py:188} INFO - [2025-04-27T20:32:14.681-0300] {dagbag.py:540} INFO - Filling up the DagBag from /home/facuvega/Descargas/crypto-etl-airflow/airflow-apache/lib/python3.11/site-packages/airflow/example_dags/example_python_decorator.py
[2025-04-27T20:32:14.694-0300] {processor.py:840} INFO - DAG(s) 'example_python_decorator' retrieved from /home/facuvega/Descargas/crypto-etl-airflow/airflow-apache/lib/python3.11/site-packages/airflow/example_dags/example_python_decorator.py
[2025-04-27T20:32:14.708-0300] {logging_mixin.py:188} INFO - [2025-04-27T20:32:14.708-0300] {dag.py:3096} INFO - Sync 1 DAGs
[2025-04-27T20:32:14.717-0300] {logging_mixin.py:188} INFO - [2025-04-27T20:32:14.717-0300] {dag.py:3954} INFO - Setting next_dagrun for example_python_decorator to None, run_after=None
[2025-04-27T20:32:14.731-0300] {processor.py:183} INFO - Processing /home/facuvega/Descargas/crypto-etl-airflow/airflow-apache/lib/python3.11/site-packages/airflow/example_dags/example_python_decorator.py took 0.058 seconds
[2025-04-27T20:33:17.916-0300] {processor.py:161} INFO - Started process (PID=16534) to work on /home/facuvega/Descargas/crypto-etl-airflow/airflow-apache/lib/python3.11/site-packages/airflow/example_dags/example_python_decorator.py
[2025-04-27T20:33:17.917-0300] {processor.py:830} INFO - Processing file /home/facuvega/Descargas/crypto-etl-airflow/airflow-apache/lib/python3.11/site-packages/airflow/example_dags/example_python_decorator.py for tasks to queue
[2025-04-27T20:33:17.918-0300] {logging_mixin.py:188} INFO - [2025-04-27T20:33:17.918-0300] {dagbag.py:540} INFO - Filling up the DagBag from /home/facuvega/Descargas/crypto-etl-airflow/airflow-apache/lib/python3.11/site-packages/airflow/example_dags/example_python_decorator.py
[2025-04-27T20:33:17.939-0300] {processor.py:840} INFO - DAG(s) 'example_python_decorator' retrieved from /home/facuvega/Descargas/crypto-etl-airflow/airflow-apache/lib/python3.11/site-packages/airflow/example_dags/example_python_decorator.py
[2025-04-27T20:33:17.954-0300] {logging_mixin.py:188} INFO - [2025-04-27T20:33:17.954-0300] {dag.py:3096} INFO - Sync 1 DAGs
[2025-04-27T20:33:17.965-0300] {logging_mixin.py:188} INFO - [2025-04-27T20:33:17.964-0300] {dag.py:3954} INFO - Setting next_dagrun for example_python_decorator to None, run_after=None
[2025-04-27T20:33:17.978-0300] {processor.py:183} INFO - Processing /home/facuvega/Descargas/crypto-etl-airflow/airflow-apache/lib/python3.11/site-packages/airflow/example_dags/example_python_decorator.py took 0.067 seconds
[2025-04-27T20:34:00.656-0300] {processor.py:161} INFO - Started process (PID=16734) to work on /home/facuvega/Descargas/crypto-etl-airflow/airflow-apache/lib/python3.11/site-packages/airflow/example_dags/example_python_decorator.py
[2025-04-27T20:34:00.657-0300] {processor.py:830} INFO - Processing file /home/facuvega/Descargas/crypto-etl-airflow/airflow-apache/lib/python3.11/site-packages/airflow/example_dags/example_python_decorator.py for tasks to queue
[2025-04-27T20:34:00.659-0300] {logging_mixin.py:188} INFO - [2025-04-27T20:34:00.659-0300] {dagbag.py:540} INFO - Filling up the DagBag from /home/facuvega/Descargas/crypto-etl-airflow/airflow-apache/lib/python3.11/site-packages/airflow/example_dags/example_python_decorator.py
[2025-04-27T20:34:00.673-0300] {processor.py:840} INFO - DAG(s) 'example_python_decorator' retrieved from /home/facuvega/Descargas/crypto-etl-airflow/airflow-apache/lib/python3.11/site-packages/airflow/example_dags/example_python_decorator.py
[2025-04-27T20:34:00.688-0300] {logging_mixin.py:188} INFO - [2025-04-27T20:34:00.688-0300] {dag.py:3096} INFO - Sync 1 DAGs
[2025-04-27T20:34:00.700-0300] {logging_mixin.py:188} INFO - [2025-04-27T20:34:00.700-0300] {dag.py:3954} INFO - Setting next_dagrun for example_python_decorator to None, run_after=None
[2025-04-27T20:34:00.716-0300] {processor.py:183} INFO - Processing /home/facuvega/Descargas/crypto-etl-airflow/airflow-apache/lib/python3.11/site-packages/airflow/example_dags/example_python_decorator.py took 0.065 seconds
[2025-04-27T20:34:43.263-0300] {processor.py:161} INFO - Started process (PID=16953) to work on /home/facuvega/Descargas/crypto-etl-airflow/airflow-apache/lib/python3.11/site-packages/airflow/example_dags/example_python_decorator.py
[2025-04-27T20:34:43.264-0300] {processor.py:830} INFO - Processing file /home/facuvega/Descargas/crypto-etl-airflow/airflow-apache/lib/python3.11/site-packages/airflow/example_dags/example_python_decorator.py for tasks to queue
[2025-04-27T20:34:43.265-0300] {logging_mixin.py:188} INFO - [2025-04-27T20:34:43.265-0300] {dagbag.py:540} INFO - Filling up the DagBag from /home/facuvega/Descargas/crypto-etl-airflow/airflow-apache/lib/python3.11/site-packages/airflow/example_dags/example_python_decorator.py
[2025-04-27T20:34:43.278-0300] {processor.py:840} INFO - DAG(s) 'example_python_decorator' retrieved from /home/facuvega/Descargas/crypto-etl-airflow/airflow-apache/lib/python3.11/site-packages/airflow/example_dags/example_python_decorator.py
[2025-04-27T20:34:43.293-0300] {logging_mixin.py:188} INFO - [2025-04-27T20:34:43.292-0300] {dag.py:3096} INFO - Sync 1 DAGs
[2025-04-27T20:34:43.302-0300] {logging_mixin.py:188} INFO - [2025-04-27T20:34:43.302-0300] {dag.py:3954} INFO - Setting next_dagrun for example_python_decorator to None, run_after=None
[2025-04-27T20:34:43.320-0300] {processor.py:183} INFO - Processing /home/facuvega/Descargas/crypto-etl-airflow/airflow-apache/lib/python3.11/site-packages/airflow/example_dags/example_python_decorator.py took 0.063 seconds
[2025-04-27T20:35:27.099-0300] {processor.py:161} INFO - Started process (PID=17182) to work on /home/facuvega/Descargas/crypto-etl-airflow/airflow-apache/lib/python3.11/site-packages/airflow/example_dags/example_python_decorator.py
[2025-04-27T20:35:27.100-0300] {processor.py:830} INFO - Processing file /home/facuvega/Descargas/crypto-etl-airflow/airflow-apache/lib/python3.11/site-packages/airflow/example_dags/example_python_decorator.py for tasks to queue
[2025-04-27T20:35:27.102-0300] {logging_mixin.py:188} INFO - [2025-04-27T20:35:27.102-0300] {dagbag.py:540} INFO - Filling up the DagBag from /home/facuvega/Descargas/crypto-etl-airflow/airflow-apache/lib/python3.11/site-packages/airflow/example_dags/example_python_decorator.py
[2025-04-27T20:35:27.114-0300] {processor.py:840} INFO - DAG(s) 'example_python_decorator' retrieved from /home/facuvega/Descargas/crypto-etl-airflow/airflow-apache/lib/python3.11/site-packages/airflow/example_dags/example_python_decorator.py
[2025-04-27T20:35:27.129-0300] {logging_mixin.py:188} INFO - [2025-04-27T20:35:27.128-0300] {dag.py:3096} INFO - Sync 1 DAGs
[2025-04-27T20:35:27.140-0300] {logging_mixin.py:188} INFO - [2025-04-27T20:35:27.140-0300] {dag.py:3954} INFO - Setting next_dagrun for example_python_decorator to None, run_after=None
[2025-04-27T20:35:27.155-0300] {processor.py:183} INFO - Processing /home/facuvega/Descargas/crypto-etl-airflow/airflow-apache/lib/python3.11/site-packages/airflow/example_dags/example_python_decorator.py took 0.063 seconds
[2025-04-27T20:36:26.748-0300] {processor.py:161} INFO - Started process (PID=17448) to work on /home/facuvega/Descargas/crypto-etl-airflow/airflow-apache/lib/python3.11/site-packages/airflow/example_dags/example_python_decorator.py
[2025-04-27T20:36:26.749-0300] {processor.py:830} INFO - Processing file /home/facuvega/Descargas/crypto-etl-airflow/airflow-apache/lib/python3.11/site-packages/airflow/example_dags/example_python_decorator.py for tasks to queue
[2025-04-27T20:36:26.751-0300] {logging_mixin.py:188} INFO - [2025-04-27T20:36:26.750-0300] {dagbag.py:540} INFO - Filling up the DagBag from /home/facuvega/Descargas/crypto-etl-airflow/airflow-apache/lib/python3.11/site-packages/airflow/example_dags/example_python_decorator.py
[2025-04-27T20:36:26.763-0300] {processor.py:840} INFO - DAG(s) 'example_python_decorator' retrieved from /home/facuvega/Descargas/crypto-etl-airflow/airflow-apache/lib/python3.11/site-packages/airflow/example_dags/example_python_decorator.py
[2025-04-27T20:36:26.779-0300] {logging_mixin.py:188} INFO - [2025-04-27T20:36:26.779-0300] {dag.py:3096} INFO - Sync 1 DAGs
[2025-04-27T20:36:26.788-0300] {logging_mixin.py:188} INFO - [2025-04-27T20:36:26.788-0300] {dag.py:3954} INFO - Setting next_dagrun for example_python_decorator to None, run_after=None
[2025-04-27T20:36:26.803-0300] {processor.py:183} INFO - Processing /home/facuvega/Descargas/crypto-etl-airflow/airflow-apache/lib/python3.11/site-packages/airflow/example_dags/example_python_decorator.py took 0.061 seconds
[2025-04-27T20:37:25.449-0300] {processor.py:161} INFO - Started process (PID=17712) to work on /home/facuvega/Descargas/crypto-etl-airflow/airflow-apache/lib/python3.11/site-packages/airflow/example_dags/example_python_decorator.py
[2025-04-27T20:37:25.450-0300] {processor.py:830} INFO - Processing file /home/facuvega/Descargas/crypto-etl-airflow/airflow-apache/lib/python3.11/site-packages/airflow/example_dags/example_python_decorator.py for tasks to queue
[2025-04-27T20:37:25.451-0300] {logging_mixin.py:188} INFO - [2025-04-27T20:37:25.451-0300] {dagbag.py:540} INFO - Filling up the DagBag from /home/facuvega/Descargas/crypto-etl-airflow/airflow-apache/lib/python3.11/site-packages/airflow/example_dags/example_python_decorator.py
[2025-04-27T20:37:25.464-0300] {processor.py:840} INFO - DAG(s) 'example_python_decorator' retrieved from /home/facuvega/Descargas/crypto-etl-airflow/airflow-apache/lib/python3.11/site-packages/airflow/example_dags/example_python_decorator.py
[2025-04-27T20:37:25.479-0300] {logging_mixin.py:188} INFO - [2025-04-27T20:37:25.478-0300] {dag.py:3096} INFO - Sync 1 DAGs
[2025-04-27T20:37:25.488-0300] {logging_mixin.py:188} INFO - [2025-04-27T20:37:25.488-0300] {dag.py:3954} INFO - Setting next_dagrun for example_python_decorator to None, run_after=None
[2025-04-27T20:37:25.502-0300] {processor.py:183} INFO - Processing /home/facuvega/Descargas/crypto-etl-airflow/airflow-apache/lib/python3.11/site-packages/airflow/example_dags/example_python_decorator.py took 0.060 seconds
[2025-04-27T20:38:26.218-0300] {processor.py:161} INFO - Started process (PID=17987) to work on /home/facuvega/Descargas/crypto-etl-airflow/airflow-apache/lib/python3.11/site-packages/airflow/example_dags/example_python_decorator.py
[2025-04-27T20:38:26.219-0300] {processor.py:830} INFO - Processing file /home/facuvega/Descargas/crypto-etl-airflow/airflow-apache/lib/python3.11/site-packages/airflow/example_dags/example_python_decorator.py for tasks to queue
[2025-04-27T20:38:26.220-0300] {logging_mixin.py:188} INFO - [2025-04-27T20:38:26.220-0300] {dagbag.py:540} INFO - Filling up the DagBag from /home/facuvega/Descargas/crypto-etl-airflow/airflow-apache/lib/python3.11/site-packages/airflow/example_dags/example_python_decorator.py
[2025-04-27T20:38:26.235-0300] {processor.py:840} INFO - DAG(s) 'example_python_decorator' retrieved from /home/facuvega/Descargas/crypto-etl-airflow/airflow-apache/lib/python3.11/site-packages/airflow/example_dags/example_python_decorator.py
[2025-04-27T20:38:26.255-0300] {logging_mixin.py:188} INFO - [2025-04-27T20:38:26.254-0300] {dag.py:3096} INFO - Sync 1 DAGs
[2025-04-27T20:38:26.267-0300] {logging_mixin.py:188} INFO - [2025-04-27T20:38:26.267-0300] {dag.py:3954} INFO - Setting next_dagrun for example_python_decorator to None, run_after=None
[2025-04-27T20:38:26.284-0300] {processor.py:183} INFO - Processing /home/facuvega/Descargas/crypto-etl-airflow/airflow-apache/lib/python3.11/site-packages/airflow/example_dags/example_python_decorator.py took 0.072 seconds
[2025-04-27T20:39:08.383-0300] {processor.py:161} INFO - Started process (PID=18260) to work on /home/facuvega/Descargas/crypto-etl-airflow/airflow-apache/lib/python3.11/site-packages/airflow/example_dags/example_python_decorator.py
[2025-04-27T20:39:08.384-0300] {processor.py:830} INFO - Processing file /home/facuvega/Descargas/crypto-etl-airflow/airflow-apache/lib/python3.11/site-packages/airflow/example_dags/example_python_decorator.py for tasks to queue
[2025-04-27T20:39:08.386-0300] {logging_mixin.py:188} INFO - [2025-04-27T20:39:08.385-0300] {dagbag.py:540} INFO - Filling up the DagBag from /home/facuvega/Descargas/crypto-etl-airflow/airflow-apache/lib/python3.11/site-packages/airflow/example_dags/example_python_decorator.py
[2025-04-27T20:39:08.401-0300] {processor.py:840} INFO - DAG(s) 'example_python_decorator' retrieved from /home/facuvega/Descargas/crypto-etl-airflow/airflow-apache/lib/python3.11/site-packages/airflow/example_dags/example_python_decorator.py
[2025-04-27T20:39:08.419-0300] {logging_mixin.py:188} INFO - [2025-04-27T20:39:08.419-0300] {dag.py:3096} INFO - Sync 1 DAGs
[2025-04-27T20:39:08.430-0300] {logging_mixin.py:188} INFO - [2025-04-27T20:39:08.429-0300] {dag.py:3954} INFO - Setting next_dagrun for example_python_decorator to None, run_after=None
[2025-04-27T20:39:08.447-0300] {processor.py:183} INFO - Processing /home/facuvega/Descargas/crypto-etl-airflow/airflow-apache/lib/python3.11/site-packages/airflow/example_dags/example_python_decorator.py took 0.070 seconds
[2025-04-27T20:40:08.586-0300] {processor.py:161} INFO - Started process (PID=18600) to work on /home/facuvega/Descargas/crypto-etl-airflow/airflow-apache/lib/python3.11/site-packages/airflow/example_dags/example_python_decorator.py
[2025-04-27T20:40:08.588-0300] {processor.py:830} INFO - Processing file /home/facuvega/Descargas/crypto-etl-airflow/airflow-apache/lib/python3.11/site-packages/airflow/example_dags/example_python_decorator.py for tasks to queue
[2025-04-27T20:40:08.590-0300] {logging_mixin.py:188} INFO - [2025-04-27T20:40:08.590-0300] {dagbag.py:540} INFO - Filling up the DagBag from /home/facuvega/Descargas/crypto-etl-airflow/airflow-apache/lib/python3.11/site-packages/airflow/example_dags/example_python_decorator.py
[2025-04-27T20:40:08.602-0300] {processor.py:840} INFO - DAG(s) 'example_python_decorator' retrieved from /home/facuvega/Descargas/crypto-etl-airflow/airflow-apache/lib/python3.11/site-packages/airflow/example_dags/example_python_decorator.py
[2025-04-27T20:40:08.616-0300] {logging_mixin.py:188} INFO - [2025-04-27T20:40:08.616-0300] {dag.py:3096} INFO - Sync 1 DAGs
[2025-04-27T20:40:08.626-0300] {logging_mixin.py:188} INFO - [2025-04-27T20:40:08.626-0300] {dag.py:3954} INFO - Setting next_dagrun for example_python_decorator to None, run_after=None
[2025-04-27T20:40:08.642-0300] {processor.py:183} INFO - Processing /home/facuvega/Descargas/crypto-etl-airflow/airflow-apache/lib/python3.11/site-packages/airflow/example_dags/example_python_decorator.py took 0.060 seconds
[2025-04-27T20:40:52.495-0300] {processor.py:161} INFO - Started process (PID=18802) to work on /home/facuvega/Descargas/crypto-etl-airflow/airflow-apache/lib/python3.11/site-packages/airflow/example_dags/example_python_decorator.py
[2025-04-27T20:40:52.496-0300] {processor.py:830} INFO - Processing file /home/facuvega/Descargas/crypto-etl-airflow/airflow-apache/lib/python3.11/site-packages/airflow/example_dags/example_python_decorator.py for tasks to queue
[2025-04-27T20:40:52.498-0300] {logging_mixin.py:188} INFO - [2025-04-27T20:40:52.498-0300] {dagbag.py:540} INFO - Filling up the DagBag from /home/facuvega/Descargas/crypto-etl-airflow/airflow-apache/lib/python3.11/site-packages/airflow/example_dags/example_python_decorator.py
[2025-04-27T20:40:52.513-0300] {processor.py:840} INFO - DAG(s) 'example_python_decorator' retrieved from /home/facuvega/Descargas/crypto-etl-airflow/airflow-apache/lib/python3.11/site-packages/airflow/example_dags/example_python_decorator.py
[2025-04-27T20:40:52.531-0300] {logging_mixin.py:188} INFO - [2025-04-27T20:40:52.531-0300] {dag.py:3096} INFO - Sync 1 DAGs
[2025-04-27T20:40:52.542-0300] {logging_mixin.py:188} INFO - [2025-04-27T20:40:52.542-0300] {dag.py:3954} INFO - Setting next_dagrun for example_python_decorator to None, run_after=None
[2025-04-27T20:40:52.557-0300] {processor.py:183} INFO - Processing /home/facuvega/Descargas/crypto-etl-airflow/airflow-apache/lib/python3.11/site-packages/airflow/example_dags/example_python_decorator.py took 0.070 seconds
[2025-04-27T20:41:35.543-0300] {processor.py:161} INFO - Started process (PID=18996) to work on /home/facuvega/Descargas/crypto-etl-airflow/airflow-apache/lib/python3.11/site-packages/airflow/example_dags/example_python_decorator.py
[2025-04-27T20:41:35.544-0300] {processor.py:830} INFO - Processing file /home/facuvega/Descargas/crypto-etl-airflow/airflow-apache/lib/python3.11/site-packages/airflow/example_dags/example_python_decorator.py for tasks to queue
[2025-04-27T20:41:35.546-0300] {logging_mixin.py:188} INFO - [2025-04-27T20:41:35.545-0300] {dagbag.py:540} INFO - Filling up the DagBag from /home/facuvega/Descargas/crypto-etl-airflow/airflow-apache/lib/python3.11/site-packages/airflow/example_dags/example_python_decorator.py
[2025-04-27T20:41:35.560-0300] {processor.py:840} INFO - DAG(s) 'example_python_decorator' retrieved from /home/facuvega/Descargas/crypto-etl-airflow/airflow-apache/lib/python3.11/site-packages/airflow/example_dags/example_python_decorator.py
[2025-04-27T20:41:35.577-0300] {logging_mixin.py:188} INFO - [2025-04-27T20:41:35.577-0300] {dag.py:3096} INFO - Sync 1 DAGs
[2025-04-27T20:41:35.590-0300] {logging_mixin.py:188} INFO - [2025-04-27T20:41:35.590-0300] {dag.py:3954} INFO - Setting next_dagrun for example_python_decorator to None, run_after=None
[2025-04-27T20:41:35.607-0300] {processor.py:183} INFO - Processing /home/facuvega/Descargas/crypto-etl-airflow/airflow-apache/lib/python3.11/site-packages/airflow/example_dags/example_python_decorator.py took 0.069 seconds
[2025-04-27T20:42:34.965-0300] {processor.py:161} INFO - Started process (PID=19270) to work on /home/facuvega/Descargas/crypto-etl-airflow/airflow-apache/lib/python3.11/site-packages/airflow/example_dags/example_python_decorator.py
[2025-04-27T20:42:34.966-0300] {processor.py:830} INFO - Processing file /home/facuvega/Descargas/crypto-etl-airflow/airflow-apache/lib/python3.11/site-packages/airflow/example_dags/example_python_decorator.py for tasks to queue
[2025-04-27T20:42:34.968-0300] {logging_mixin.py:188} INFO - [2025-04-27T20:42:34.967-0300] {dagbag.py:540} INFO - Filling up the DagBag from /home/facuvega/Descargas/crypto-etl-airflow/airflow-apache/lib/python3.11/site-packages/airflow/example_dags/example_python_decorator.py
[2025-04-27T20:42:34.979-0300] {processor.py:840} INFO - DAG(s) 'example_python_decorator' retrieved from /home/facuvega/Descargas/crypto-etl-airflow/airflow-apache/lib/python3.11/site-packages/airflow/example_dags/example_python_decorator.py
[2025-04-27T20:42:34.993-0300] {logging_mixin.py:188} INFO - [2025-04-27T20:42:34.993-0300] {dag.py:3096} INFO - Sync 1 DAGs
[2025-04-27T20:42:35.001-0300] {logging_mixin.py:188} INFO - [2025-04-27T20:42:35.001-0300] {dag.py:3954} INFO - Setting next_dagrun for example_python_decorator to None, run_after=None
[2025-04-27T20:42:35.015-0300] {processor.py:183} INFO - Processing /home/facuvega/Descargas/crypto-etl-airflow/airflow-apache/lib/python3.11/site-packages/airflow/example_dags/example_python_decorator.py took 0.055 seconds
[2025-04-27T20:43:35.666-0300] {processor.py:161} INFO - Started process (PID=19548) to work on /home/facuvega/Descargas/crypto-etl-airflow/airflow-apache/lib/python3.11/site-packages/airflow/example_dags/example_python_decorator.py
[2025-04-27T20:43:35.668-0300] {processor.py:830} INFO - Processing file /home/facuvega/Descargas/crypto-etl-airflow/airflow-apache/lib/python3.11/site-packages/airflow/example_dags/example_python_decorator.py for tasks to queue
[2025-04-27T20:43:35.670-0300] {logging_mixin.py:188} INFO - [2025-04-27T20:43:35.669-0300] {dagbag.py:540} INFO - Filling up the DagBag from /home/facuvega/Descargas/crypto-etl-airflow/airflow-apache/lib/python3.11/site-packages/airflow/example_dags/example_python_decorator.py
[2025-04-27T20:43:35.686-0300] {processor.py:840} INFO - DAG(s) 'example_python_decorator' retrieved from /home/facuvega/Descargas/crypto-etl-airflow/airflow-apache/lib/python3.11/site-packages/airflow/example_dags/example_python_decorator.py
[2025-04-27T20:43:35.704-0300] {logging_mixin.py:188} INFO - [2025-04-27T20:43:35.703-0300] {dag.py:3096} INFO - Sync 1 DAGs
[2025-04-27T20:43:35.715-0300] {logging_mixin.py:188} INFO - [2025-04-27T20:43:35.715-0300] {dag.py:3954} INFO - Setting next_dagrun for example_python_decorator to None, run_after=None
[2025-04-27T20:43:35.730-0300] {processor.py:183} INFO - Processing /home/facuvega/Descargas/crypto-etl-airflow/airflow-apache/lib/python3.11/site-packages/airflow/example_dags/example_python_decorator.py took 0.070 seconds
[2025-04-27T20:44:32.253-0300] {processor.py:161} INFO - Started process (PID=19811) to work on /home/facuvega/Descargas/crypto-etl-airflow/airflow-apache/lib/python3.11/site-packages/airflow/example_dags/example_python_decorator.py
[2025-04-27T20:44:32.254-0300] {processor.py:830} INFO - Processing file /home/facuvega/Descargas/crypto-etl-airflow/airflow-apache/lib/python3.11/site-packages/airflow/example_dags/example_python_decorator.py for tasks to queue
[2025-04-27T20:44:32.256-0300] {logging_mixin.py:188} INFO - [2025-04-27T20:44:32.256-0300] {dagbag.py:540} INFO - Filling up the DagBag from /home/facuvega/Descargas/crypto-etl-airflow/airflow-apache/lib/python3.11/site-packages/airflow/example_dags/example_python_decorator.py
[2025-04-27T20:44:32.273-0300] {processor.py:840} INFO - DAG(s) 'example_python_decorator' retrieved from /home/facuvega/Descargas/crypto-etl-airflow/airflow-apache/lib/python3.11/site-packages/airflow/example_dags/example_python_decorator.py
[2025-04-27T20:44:32.290-0300] {logging_mixin.py:188} INFO - [2025-04-27T20:44:32.290-0300] {dag.py:3096} INFO - Sync 1 DAGs
[2025-04-27T20:44:32.302-0300] {logging_mixin.py:188} INFO - [2025-04-27T20:44:32.302-0300] {dag.py:3954} INFO - Setting next_dagrun for example_python_decorator to None, run_after=None
[2025-04-27T20:44:32.320-0300] {processor.py:183} INFO - Processing /home/facuvega/Descargas/crypto-etl-airflow/airflow-apache/lib/python3.11/site-packages/airflow/example_dags/example_python_decorator.py took 0.075 seconds
[2025-04-27T20:45:15.590-0300] {processor.py:161} INFO - Started process (PID=20041) to work on /home/facuvega/Descargas/crypto-etl-airflow/airflow-apache/lib/python3.11/site-packages/airflow/example_dags/example_python_decorator.py
[2025-04-27T20:45:15.591-0300] {processor.py:830} INFO - Processing file /home/facuvega/Descargas/crypto-etl-airflow/airflow-apache/lib/python3.11/site-packages/airflow/example_dags/example_python_decorator.py for tasks to queue
[2025-04-27T20:45:15.593-0300] {logging_mixin.py:188} INFO - [2025-04-27T20:45:15.592-0300] {dagbag.py:540} INFO - Filling up the DagBag from /home/facuvega/Descargas/crypto-etl-airflow/airflow-apache/lib/python3.11/site-packages/airflow/example_dags/example_python_decorator.py
[2025-04-27T20:45:15.605-0300] {processor.py:840} INFO - DAG(s) 'example_python_decorator' retrieved from /home/facuvega/Descargas/crypto-etl-airflow/airflow-apache/lib/python3.11/site-packages/airflow/example_dags/example_python_decorator.py
[2025-04-27T20:45:15.619-0300] {logging_mixin.py:188} INFO - [2025-04-27T20:45:15.619-0300] {dag.py:3096} INFO - Sync 1 DAGs
[2025-04-27T20:45:15.629-0300] {logging_mixin.py:188} INFO - [2025-04-27T20:45:15.629-0300] {dag.py:3954} INFO - Setting next_dagrun for example_python_decorator to None, run_after=None
[2025-04-27T20:45:15.644-0300] {processor.py:183} INFO - Processing /home/facuvega/Descargas/crypto-etl-airflow/airflow-apache/lib/python3.11/site-packages/airflow/example_dags/example_python_decorator.py took 0.061 seconds
[2025-04-27T20:46:11.583-0300] {processor.py:161} INFO - Started process (PID=20295) to work on /home/facuvega/Descargas/crypto-etl-airflow/airflow-apache/lib/python3.11/site-packages/airflow/example_dags/example_python_decorator.py
[2025-04-27T20:46:11.584-0300] {processor.py:830} INFO - Processing file /home/facuvega/Descargas/crypto-etl-airflow/airflow-apache/lib/python3.11/site-packages/airflow/example_dags/example_python_decorator.py for tasks to queue
[2025-04-27T20:46:11.585-0300] {logging_mixin.py:188} INFO - [2025-04-27T20:46:11.585-0300] {dagbag.py:540} INFO - Filling up the DagBag from /home/facuvega/Descargas/crypto-etl-airflow/airflow-apache/lib/python3.11/site-packages/airflow/example_dags/example_python_decorator.py
[2025-04-27T20:46:11.597-0300] {processor.py:840} INFO - DAG(s) 'example_python_decorator' retrieved from /home/facuvega/Descargas/crypto-etl-airflow/airflow-apache/lib/python3.11/site-packages/airflow/example_dags/example_python_decorator.py
[2025-04-27T20:46:11.611-0300] {logging_mixin.py:188} INFO - [2025-04-27T20:46:11.610-0300] {dag.py:3096} INFO - Sync 1 DAGs
[2025-04-27T20:46:11.620-0300] {logging_mixin.py:188} INFO - [2025-04-27T20:46:11.619-0300] {dag.py:3954} INFO - Setting next_dagrun for example_python_decorator to None, run_after=None
[2025-04-27T20:46:11.636-0300] {processor.py:183} INFO - Processing /home/facuvega/Descargas/crypto-etl-airflow/airflow-apache/lib/python3.11/site-packages/airflow/example_dags/example_python_decorator.py took 0.059 seconds
[2025-04-27T20:47:10.140-0300] {processor.py:161} INFO - Started process (PID=20560) to work on /home/facuvega/Descargas/crypto-etl-airflow/airflow-apache/lib/python3.11/site-packages/airflow/example_dags/example_python_decorator.py
[2025-04-27T20:47:10.140-0300] {processor.py:830} INFO - Processing file /home/facuvega/Descargas/crypto-etl-airflow/airflow-apache/lib/python3.11/site-packages/airflow/example_dags/example_python_decorator.py for tasks to queue
[2025-04-27T20:47:10.142-0300] {logging_mixin.py:188} INFO - [2025-04-27T20:47:10.142-0300] {dagbag.py:540} INFO - Filling up the DagBag from /home/facuvega/Descargas/crypto-etl-airflow/airflow-apache/lib/python3.11/site-packages/airflow/example_dags/example_python_decorator.py
[2025-04-27T20:47:10.154-0300] {processor.py:840} INFO - DAG(s) 'example_python_decorator' retrieved from /home/facuvega/Descargas/crypto-etl-airflow/airflow-apache/lib/python3.11/site-packages/airflow/example_dags/example_python_decorator.py
[2025-04-27T20:47:10.168-0300] {logging_mixin.py:188} INFO - [2025-04-27T20:47:10.167-0300] {dag.py:3096} INFO - Sync 1 DAGs
[2025-04-27T20:47:10.176-0300] {logging_mixin.py:188} INFO - [2025-04-27T20:47:10.176-0300] {dag.py:3954} INFO - Setting next_dagrun for example_python_decorator to None, run_after=None
[2025-04-27T20:47:10.189-0300] {processor.py:183} INFO - Processing /home/facuvega/Descargas/crypto-etl-airflow/airflow-apache/lib/python3.11/site-packages/airflow/example_dags/example_python_decorator.py took 0.055 seconds
[2025-04-27T20:47:50.328-0300] {processor.py:161} INFO - Started process (PID=20935) to work on /home/facuvega/Descargas/crypto-etl-airflow/airflow-apache/lib/python3.11/site-packages/airflow/example_dags/example_python_decorator.py
[2025-04-27T20:47:50.329-0300] {processor.py:830} INFO - Processing file /home/facuvega/Descargas/crypto-etl-airflow/airflow-apache/lib/python3.11/site-packages/airflow/example_dags/example_python_decorator.py for tasks to queue
[2025-04-27T20:47:50.331-0300] {logging_mixin.py:188} INFO - [2025-04-27T20:47:50.330-0300] {dagbag.py:540} INFO - Filling up the DagBag from /home/facuvega/Descargas/crypto-etl-airflow/airflow-apache/lib/python3.11/site-packages/airflow/example_dags/example_python_decorator.py
[2025-04-27T20:47:50.342-0300] {processor.py:840} INFO - DAG(s) 'example_python_decorator' retrieved from /home/facuvega/Descargas/crypto-etl-airflow/airflow-apache/lib/python3.11/site-packages/airflow/example_dags/example_python_decorator.py
[2025-04-27T20:47:50.355-0300] {logging_mixin.py:188} INFO - [2025-04-27T20:47:50.355-0300] {dag.py:3096} INFO - Sync 1 DAGs
[2025-04-27T20:47:50.364-0300] {logging_mixin.py:188} INFO - [2025-04-27T20:47:50.364-0300] {dag.py:3954} INFO - Setting next_dagrun for example_python_decorator to None, run_after=None
[2025-04-27T20:47:50.377-0300] {processor.py:183} INFO - Processing /home/facuvega/Descargas/crypto-etl-airflow/airflow-apache/lib/python3.11/site-packages/airflow/example_dags/example_python_decorator.py took 0.054 seconds
[2025-04-27T20:48:53.024-0300] {processor.py:161} INFO - Started process (PID=21363) to work on /home/facuvega/Descargas/crypto-etl-airflow/airflow-apache/lib/python3.11/site-packages/airflow/example_dags/example_python_decorator.py
[2025-04-27T20:48:53.024-0300] {processor.py:830} INFO - Processing file /home/facuvega/Descargas/crypto-etl-airflow/airflow-apache/lib/python3.11/site-packages/airflow/example_dags/example_python_decorator.py for tasks to queue
[2025-04-27T20:48:53.027-0300] {logging_mixin.py:188} INFO - [2025-04-27T20:48:53.026-0300] {dagbag.py:540} INFO - Filling up the DagBag from /home/facuvega/Descargas/crypto-etl-airflow/airflow-apache/lib/python3.11/site-packages/airflow/example_dags/example_python_decorator.py
[2025-04-27T20:48:53.043-0300] {processor.py:840} INFO - DAG(s) 'example_python_decorator' retrieved from /home/facuvega/Descargas/crypto-etl-airflow/airflow-apache/lib/python3.11/site-packages/airflow/example_dags/example_python_decorator.py
[2025-04-27T20:48:53.057-0300] {logging_mixin.py:188} INFO - [2025-04-27T20:48:53.057-0300] {dag.py:3096} INFO - Sync 1 DAGs
[2025-04-27T20:48:53.066-0300] {logging_mixin.py:188} INFO - [2025-04-27T20:48:53.066-0300] {dag.py:3954} INFO - Setting next_dagrun for example_python_decorator to None, run_after=None
[2025-04-27T20:48:53.080-0300] {processor.py:183} INFO - Processing /home/facuvega/Descargas/crypto-etl-airflow/airflow-apache/lib/python3.11/site-packages/airflow/example_dags/example_python_decorator.py took 0.062 seconds
[2025-04-27T20:49:39.253-0300] {processor.py:161} INFO - Started process (PID=21655) to work on /home/facuvega/Descargas/crypto-etl-airflow/airflow-apache/lib/python3.11/site-packages/airflow/example_dags/example_python_decorator.py
[2025-04-27T20:49:39.256-0300] {processor.py:830} INFO - Processing file /home/facuvega/Descargas/crypto-etl-airflow/airflow-apache/lib/python3.11/site-packages/airflow/example_dags/example_python_decorator.py for tasks to queue
[2025-04-27T20:49:39.266-0300] {logging_mixin.py:188} INFO - [2025-04-27T20:49:39.265-0300] {dagbag.py:540} INFO - Filling up the DagBag from /home/facuvega/Descargas/crypto-etl-airflow/airflow-apache/lib/python3.11/site-packages/airflow/example_dags/example_python_decorator.py
[2025-04-27T20:49:39.309-0300] {processor.py:840} INFO - DAG(s) 'example_python_decorator' retrieved from /home/facuvega/Descargas/crypto-etl-airflow/airflow-apache/lib/python3.11/site-packages/airflow/example_dags/example_python_decorator.py
[2025-04-27T20:49:39.344-0300] {logging_mixin.py:188} INFO - [2025-04-27T20:49:39.344-0300] {dag.py:3096} INFO - Sync 1 DAGs
[2025-04-27T20:49:39.357-0300] {logging_mixin.py:188} INFO - [2025-04-27T20:49:39.357-0300] {dag.py:3954} INFO - Setting next_dagrun for example_python_decorator to None, run_after=None
[2025-04-27T20:49:39.377-0300] {processor.py:183} INFO - Processing /home/facuvega/Descargas/crypto-etl-airflow/airflow-apache/lib/python3.11/site-packages/airflow/example_dags/example_python_decorator.py took 0.137 seconds
[2025-04-27T20:50:23.393-0300] {processor.py:161} INFO - Started process (PID=21930) to work on /home/facuvega/Descargas/crypto-etl-airflow/airflow-apache/lib/python3.11/site-packages/airflow/example_dags/example_python_decorator.py
[2025-04-27T20:50:23.394-0300] {processor.py:830} INFO - Processing file /home/facuvega/Descargas/crypto-etl-airflow/airflow-apache/lib/python3.11/site-packages/airflow/example_dags/example_python_decorator.py for tasks to queue
[2025-04-27T20:50:23.396-0300] {logging_mixin.py:188} INFO - [2025-04-27T20:50:23.396-0300] {dagbag.py:540} INFO - Filling up the DagBag from /home/facuvega/Descargas/crypto-etl-airflow/airflow-apache/lib/python3.11/site-packages/airflow/example_dags/example_python_decorator.py
[2025-04-27T20:50:23.408-0300] {processor.py:840} INFO - DAG(s) 'example_python_decorator' retrieved from /home/facuvega/Descargas/crypto-etl-airflow/airflow-apache/lib/python3.11/site-packages/airflow/example_dags/example_python_decorator.py
[2025-04-27T20:50:23.422-0300] {logging_mixin.py:188} INFO - [2025-04-27T20:50:23.421-0300] {dag.py:3096} INFO - Sync 1 DAGs
[2025-04-27T20:50:23.430-0300] {logging_mixin.py:188} INFO - [2025-04-27T20:50:23.430-0300] {dag.py:3954} INFO - Setting next_dagrun for example_python_decorator to None, run_after=None
[2025-04-27T20:50:23.444-0300] {processor.py:183} INFO - Processing /home/facuvega/Descargas/crypto-etl-airflow/airflow-apache/lib/python3.11/site-packages/airflow/example_dags/example_python_decorator.py took 0.056 seconds
[2025-04-27T20:51:05.818-0300] {processor.py:161} INFO - Started process (PID=22184) to work on /home/facuvega/Descargas/crypto-etl-airflow/airflow-apache/lib/python3.11/site-packages/airflow/example_dags/example_python_decorator.py
[2025-04-27T20:51:05.819-0300] {processor.py:830} INFO - Processing file /home/facuvega/Descargas/crypto-etl-airflow/airflow-apache/lib/python3.11/site-packages/airflow/example_dags/example_python_decorator.py for tasks to queue
[2025-04-27T20:51:05.821-0300] {logging_mixin.py:188} INFO - [2025-04-27T20:51:05.820-0300] {dagbag.py:540} INFO - Filling up the DagBag from /home/facuvega/Descargas/crypto-etl-airflow/airflow-apache/lib/python3.11/site-packages/airflow/example_dags/example_python_decorator.py
[2025-04-27T20:51:05.832-0300] {processor.py:840} INFO - DAG(s) 'example_python_decorator' retrieved from /home/facuvega/Descargas/crypto-etl-airflow/airflow-apache/lib/python3.11/site-packages/airflow/example_dags/example_python_decorator.py
[2025-04-27T20:51:05.846-0300] {logging_mixin.py:188} INFO - [2025-04-27T20:51:05.846-0300] {dag.py:3096} INFO - Sync 1 DAGs
[2025-04-27T20:51:05.854-0300] {logging_mixin.py:188} INFO - [2025-04-27T20:51:05.854-0300] {dag.py:3954} INFO - Setting next_dagrun for example_python_decorator to None, run_after=None
[2025-04-27T20:51:05.867-0300] {processor.py:183} INFO - Processing /home/facuvega/Descargas/crypto-etl-airflow/airflow-apache/lib/python3.11/site-packages/airflow/example_dags/example_python_decorator.py took 0.054 seconds
