[2025-04-27T20:10:26.500-0300] {processor.py:161} INFO - Started process (PID=9482) to work on /home/facuvega/Descargas/crypto-etl-airflow/airflow-apache/lib/python3.11/site-packages/airflow/example_dags/example_latest_only.py
[2025-04-27T20:10:26.501-0300] {processor.py:830} INFO - Processing file /home/facuvega/Descargas/crypto-etl-airflow/airflow-apache/lib/python3.11/site-packages/airflow/example_dags/example_latest_only.py for tasks to queue
[2025-04-27T20:10:26.502-0300] {logging_mixin.py:188} INFO - [2025-04-27T20:10:26.502-0300] {dagbag.py:540} INFO - Filling up the DagBag from /home/facuvega/Descargas/crypto-etl-airflow/airflow-apache/lib/python3.11/site-packages/airflow/example_dags/example_latest_only.py
[2025-04-27T20:10:26.508-0300] {processor.py:840} INFO - DAG(s) 'latest_only' retrieved from /home/facuvega/Descargas/crypto-etl-airflow/airflow-apache/lib/python3.11/site-packages/airflow/example_dags/example_latest_only.py
[2025-04-27T20:10:26.585-0300] {logging_mixin.py:188} INFO - [2025-04-27T20:10:26.584-0300] {override.py:1829} INFO - Created Permission View: can edit on DAG:latest_only
[2025-04-27T20:10:26.592-0300] {logging_mixin.py:188} INFO - [2025-04-27T20:10:26.592-0300] {override.py:1829} INFO - Created Permission View: can delete on DAG:latest_only
[2025-04-27T20:10:26.596-0300] {logging_mixin.py:188} INFO - [2025-04-27T20:10:26.596-0300] {override.py:1829} INFO - Created Permission View: can read on DAG:latest_only
[2025-04-27T20:10:26.596-0300] {logging_mixin.py:188} INFO - [2025-04-27T20:10:26.596-0300] {dag.py:3096} INFO - Sync 1 DAGs
[2025-04-27T20:10:26.603-0300] {logging_mixin.py:188} INFO - [2025-04-27T20:10:26.603-0300] {dag.py:3118} INFO - Creating ORM DAG for latest_only
[2025-04-27T20:10:26.609-0300] {logging_mixin.py:188} INFO - [2025-04-27T20:10:26.609-0300] {dag.py:3954} INFO - Setting next_dagrun for latest_only to 2025-04-27 16:00:00+00:00, run_after=2025-04-27 20:00:00+00:00
[2025-04-27T20:10:26.621-0300] {processor.py:183} INFO - Processing /home/facuvega/Descargas/crypto-etl-airflow/airflow-apache/lib/python3.11/site-packages/airflow/example_dags/example_latest_only.py took 0.126 seconds
[2025-04-27T20:11:23.214-0300] {processor.py:161} INFO - Started process (PID=9925) to work on /home/facuvega/Descargas/crypto-etl-airflow/airflow-apache/lib/python3.11/site-packages/airflow/example_dags/example_latest_only.py
[2025-04-27T20:11:23.215-0300] {processor.py:830} INFO - Processing file /home/facuvega/Descargas/crypto-etl-airflow/airflow-apache/lib/python3.11/site-packages/airflow/example_dags/example_latest_only.py for tasks to queue
[2025-04-27T20:11:23.216-0300] {logging_mixin.py:188} INFO - [2025-04-27T20:11:23.216-0300] {dagbag.py:540} INFO - Filling up the DagBag from /home/facuvega/Descargas/crypto-etl-airflow/airflow-apache/lib/python3.11/site-packages/airflow/example_dags/example_latest_only.py
[2025-04-27T20:11:23.220-0300] {processor.py:840} INFO - DAG(s) 'latest_only' retrieved from /home/facuvega/Descargas/crypto-etl-airflow/airflow-apache/lib/python3.11/site-packages/airflow/example_dags/example_latest_only.py
[2025-04-27T20:11:23.233-0300] {logging_mixin.py:188} INFO - [2025-04-27T20:11:23.233-0300] {dag.py:3096} INFO - Sync 1 DAGs
[2025-04-27T20:11:23.247-0300] {logging_mixin.py:188} INFO - [2025-04-27T20:11:23.247-0300] {dag.py:3954} INFO - Setting next_dagrun for latest_only to 2025-04-27 16:00:00+00:00, run_after=2025-04-27 20:00:00+00:00
[2025-04-27T20:11:23.259-0300] {processor.py:183} INFO - Processing /home/facuvega/Descargas/crypto-etl-airflow/airflow-apache/lib/python3.11/site-packages/airflow/example_dags/example_latest_only.py took 0.050 seconds
[2025-04-27T20:12:12.945-0300] {processor.py:161} INFO - Started process (PID=10248) to work on /home/facuvega/Descargas/crypto-etl-airflow/airflow-apache/lib/python3.11/site-packages/airflow/example_dags/example_latest_only.py
[2025-04-27T20:12:12.946-0300] {processor.py:830} INFO - Processing file /home/facuvega/Descargas/crypto-etl-airflow/airflow-apache/lib/python3.11/site-packages/airflow/example_dags/example_latest_only.py for tasks to queue
[2025-04-27T20:12:12.948-0300] {logging_mixin.py:188} INFO - [2025-04-27T20:12:12.947-0300] {dagbag.py:540} INFO - Filling up the DagBag from /home/facuvega/Descargas/crypto-etl-airflow/airflow-apache/lib/python3.11/site-packages/airflow/example_dags/example_latest_only.py
[2025-04-27T20:12:12.952-0300] {processor.py:840} INFO - DAG(s) 'latest_only' retrieved from /home/facuvega/Descargas/crypto-etl-airflow/airflow-apache/lib/python3.11/site-packages/airflow/example_dags/example_latest_only.py
[2025-04-27T20:12:12.965-0300] {logging_mixin.py:188} INFO - [2025-04-27T20:12:12.965-0300] {dag.py:3096} INFO - Sync 1 DAGs
[2025-04-27T20:12:12.978-0300] {logging_mixin.py:188} INFO - [2025-04-27T20:12:12.978-0300] {dag.py:3954} INFO - Setting next_dagrun for latest_only to 2025-04-27 16:00:00+00:00, run_after=2025-04-27 20:00:00+00:00
[2025-04-27T20:12:12.992-0300] {processor.py:183} INFO - Processing /home/facuvega/Descargas/crypto-etl-airflow/airflow-apache/lib/python3.11/site-packages/airflow/example_dags/example_latest_only.py took 0.052 seconds
[2025-04-27T20:13:15.225-0300] {processor.py:161} INFO - Started process (PID=10645) to work on /home/facuvega/Descargas/crypto-etl-airflow/airflow-apache/lib/python3.11/site-packages/airflow/example_dags/example_latest_only.py
[2025-04-27T20:13:15.226-0300] {processor.py:830} INFO - Processing file /home/facuvega/Descargas/crypto-etl-airflow/airflow-apache/lib/python3.11/site-packages/airflow/example_dags/example_latest_only.py for tasks to queue
[2025-04-27T20:13:15.228-0300] {logging_mixin.py:188} INFO - [2025-04-27T20:13:15.227-0300] {dagbag.py:540} INFO - Filling up the DagBag from /home/facuvega/Descargas/crypto-etl-airflow/airflow-apache/lib/python3.11/site-packages/airflow/example_dags/example_latest_only.py
[2025-04-27T20:13:15.232-0300] {processor.py:840} INFO - DAG(s) 'latest_only' retrieved from /home/facuvega/Descargas/crypto-etl-airflow/airflow-apache/lib/python3.11/site-packages/airflow/example_dags/example_latest_only.py
[2025-04-27T20:13:15.246-0300] {logging_mixin.py:188} INFO - [2025-04-27T20:13:15.246-0300] {dag.py:3096} INFO - Sync 1 DAGs
[2025-04-27T20:13:15.261-0300] {logging_mixin.py:188} INFO - [2025-04-27T20:13:15.261-0300] {dag.py:3954} INFO - Setting next_dagrun for latest_only to 2025-04-27 16:00:00+00:00, run_after=2025-04-27 20:00:00+00:00
[2025-04-27T20:13:15.279-0300] {processor.py:183} INFO - Processing /home/facuvega/Descargas/crypto-etl-airflow/airflow-apache/lib/python3.11/site-packages/airflow/example_dags/example_latest_only.py took 0.059 seconds
[2025-04-27T20:14:09.809-0300] {processor.py:161} INFO - Started process (PID=10893) to work on /home/facuvega/Descargas/crypto-etl-airflow/airflow-apache/lib/python3.11/site-packages/airflow/example_dags/example_latest_only.py
[2025-04-27T20:14:09.811-0300] {processor.py:830} INFO - Processing file /home/facuvega/Descargas/crypto-etl-airflow/airflow-apache/lib/python3.11/site-packages/airflow/example_dags/example_latest_only.py for tasks to queue
[2025-04-27T20:14:09.812-0300] {logging_mixin.py:188} INFO - [2025-04-27T20:14:09.812-0300] {dagbag.py:540} INFO - Filling up the DagBag from /home/facuvega/Descargas/crypto-etl-airflow/airflow-apache/lib/python3.11/site-packages/airflow/example_dags/example_latest_only.py
[2025-04-27T20:14:09.817-0300] {processor.py:840} INFO - DAG(s) 'latest_only' retrieved from /home/facuvega/Descargas/crypto-etl-airflow/airflow-apache/lib/python3.11/site-packages/airflow/example_dags/example_latest_only.py
[2025-04-27T20:14:09.833-0300] {logging_mixin.py:188} INFO - [2025-04-27T20:14:09.833-0300] {dag.py:3096} INFO - Sync 1 DAGs
[2025-04-27T20:14:09.852-0300] {logging_mixin.py:188} INFO - [2025-04-27T20:14:09.852-0300] {dag.py:3954} INFO - Setting next_dagrun for latest_only to 2025-04-27 16:00:00+00:00, run_after=2025-04-27 20:00:00+00:00
[2025-04-27T20:14:09.866-0300] {processor.py:183} INFO - Processing /home/facuvega/Descargas/crypto-etl-airflow/airflow-apache/lib/python3.11/site-packages/airflow/example_dags/example_latest_only.py took 0.062 seconds
[2025-04-27T20:15:13.135-0300] {processor.py:161} INFO - Started process (PID=11206) to work on /home/facuvega/Descargas/crypto-etl-airflow/airflow-apache/lib/python3.11/site-packages/airflow/example_dags/example_latest_only.py
[2025-04-27T20:15:13.136-0300] {processor.py:830} INFO - Processing file /home/facuvega/Descargas/crypto-etl-airflow/airflow-apache/lib/python3.11/site-packages/airflow/example_dags/example_latest_only.py for tasks to queue
[2025-04-27T20:15:13.137-0300] {logging_mixin.py:188} INFO - [2025-04-27T20:15:13.137-0300] {dagbag.py:540} INFO - Filling up the DagBag from /home/facuvega/Descargas/crypto-etl-airflow/airflow-apache/lib/python3.11/site-packages/airflow/example_dags/example_latest_only.py
[2025-04-27T20:15:13.142-0300] {processor.py:840} INFO - DAG(s) 'latest_only' retrieved from /home/facuvega/Descargas/crypto-etl-airflow/airflow-apache/lib/python3.11/site-packages/airflow/example_dags/example_latest_only.py
[2025-04-27T20:15:13.155-0300] {logging_mixin.py:188} INFO - [2025-04-27T20:15:13.154-0300] {dag.py:3096} INFO - Sync 1 DAGs
[2025-04-27T20:15:13.168-0300] {logging_mixin.py:188} INFO - [2025-04-27T20:15:13.168-0300] {dag.py:3954} INFO - Setting next_dagrun for latest_only to 2025-04-27 16:00:00+00:00, run_after=2025-04-27 20:00:00+00:00
[2025-04-27T20:15:13.181-0300] {processor.py:183} INFO - Processing /home/facuvega/Descargas/crypto-etl-airflow/airflow-apache/lib/python3.11/site-packages/airflow/example_dags/example_latest_only.py took 0.051 seconds
[2025-04-27T20:16:11.963-0300] {processor.py:161} INFO - Started process (PID=11472) to work on /home/facuvega/Descargas/crypto-etl-airflow/airflow-apache/lib/python3.11/site-packages/airflow/example_dags/example_latest_only.py
[2025-04-27T20:16:11.964-0300] {processor.py:830} INFO - Processing file /home/facuvega/Descargas/crypto-etl-airflow/airflow-apache/lib/python3.11/site-packages/airflow/example_dags/example_latest_only.py for tasks to queue
[2025-04-27T20:16:11.966-0300] {logging_mixin.py:188} INFO - [2025-04-27T20:16:11.966-0300] {dagbag.py:540} INFO - Filling up the DagBag from /home/facuvega/Descargas/crypto-etl-airflow/airflow-apache/lib/python3.11/site-packages/airflow/example_dags/example_latest_only.py
[2025-04-27T20:16:11.971-0300] {processor.py:840} INFO - DAG(s) 'latest_only' retrieved from /home/facuvega/Descargas/crypto-etl-airflow/airflow-apache/lib/python3.11/site-packages/airflow/example_dags/example_latest_only.py
[2025-04-27T20:16:11.985-0300] {logging_mixin.py:188} INFO - [2025-04-27T20:16:11.985-0300] {dag.py:3096} INFO - Sync 1 DAGs
[2025-04-27T20:16:12.003-0300] {logging_mixin.py:188} INFO - [2025-04-27T20:16:12.002-0300] {dag.py:3954} INFO - Setting next_dagrun for latest_only to 2025-04-27 16:00:00+00:00, run_after=2025-04-27 20:00:00+00:00
[2025-04-27T20:16:12.018-0300] {processor.py:183} INFO - Processing /home/facuvega/Descargas/crypto-etl-airflow/airflow-apache/lib/python3.11/site-packages/airflow/example_dags/example_latest_only.py took 0.061 seconds
[2025-04-27T20:17:15.374-0300] {processor.py:161} INFO - Started process (PID=11758) to work on /home/facuvega/Descargas/crypto-etl-airflow/airflow-apache/lib/python3.11/site-packages/airflow/example_dags/example_latest_only.py
[2025-04-27T20:17:15.375-0300] {processor.py:830} INFO - Processing file /home/facuvega/Descargas/crypto-etl-airflow/airflow-apache/lib/python3.11/site-packages/airflow/example_dags/example_latest_only.py for tasks to queue
[2025-04-27T20:17:15.377-0300] {logging_mixin.py:188} INFO - [2025-04-27T20:17:15.376-0300] {dagbag.py:540} INFO - Filling up the DagBag from /home/facuvega/Descargas/crypto-etl-airflow/airflow-apache/lib/python3.11/site-packages/airflow/example_dags/example_latest_only.py
[2025-04-27T20:17:15.382-0300] {processor.py:840} INFO - DAG(s) 'latest_only' retrieved from /home/facuvega/Descargas/crypto-etl-airflow/airflow-apache/lib/python3.11/site-packages/airflow/example_dags/example_latest_only.py
[2025-04-27T20:17:15.396-0300] {logging_mixin.py:188} INFO - [2025-04-27T20:17:15.396-0300] {dag.py:3096} INFO - Sync 1 DAGs
[2025-04-27T20:17:15.413-0300] {logging_mixin.py:188} INFO - [2025-04-27T20:17:15.412-0300] {dag.py:3954} INFO - Setting next_dagrun for latest_only to 2025-04-27 16:00:00+00:00, run_after=2025-04-27 20:00:00+00:00
[2025-04-27T20:17:15.427-0300] {processor.py:183} INFO - Processing /home/facuvega/Descargas/crypto-etl-airflow/airflow-apache/lib/python3.11/site-packages/airflow/example_dags/example_latest_only.py took 0.059 seconds
[2025-04-27T20:18:14.244-0300] {processor.py:161} INFO - Started process (PID=12155) to work on /home/facuvega/Descargas/crypto-etl-airflow/airflow-apache/lib/python3.11/site-packages/airflow/example_dags/example_latest_only.py
[2025-04-27T20:18:14.245-0300] {processor.py:830} INFO - Processing file /home/facuvega/Descargas/crypto-etl-airflow/airflow-apache/lib/python3.11/site-packages/airflow/example_dags/example_latest_only.py for tasks to queue
[2025-04-27T20:18:14.247-0300] {logging_mixin.py:188} INFO - [2025-04-27T20:18:14.247-0300] {dagbag.py:540} INFO - Filling up the DagBag from /home/facuvega/Descargas/crypto-etl-airflow/airflow-apache/lib/python3.11/site-packages/airflow/example_dags/example_latest_only.py
[2025-04-27T20:18:14.253-0300] {processor.py:840} INFO - DAG(s) 'latest_only' retrieved from /home/facuvega/Descargas/crypto-etl-airflow/airflow-apache/lib/python3.11/site-packages/airflow/example_dags/example_latest_only.py
[2025-04-27T20:18:14.270-0300] {logging_mixin.py:188} INFO - [2025-04-27T20:18:14.269-0300] {dag.py:3096} INFO - Sync 1 DAGs
[2025-04-27T20:18:14.285-0300] {logging_mixin.py:188} INFO - [2025-04-27T20:18:14.285-0300] {dag.py:3954} INFO - Setting next_dagrun for latest_only to 2025-04-27 16:00:00+00:00, run_after=2025-04-27 20:00:00+00:00
[2025-04-27T20:18:14.303-0300] {processor.py:183} INFO - Processing /home/facuvega/Descargas/crypto-etl-airflow/airflow-apache/lib/python3.11/site-packages/airflow/example_dags/example_latest_only.py took 0.064 seconds
[2025-04-27T20:19:15.025-0300] {processor.py:161} INFO - Started process (PID=12428) to work on /home/facuvega/Descargas/crypto-etl-airflow/airflow-apache/lib/python3.11/site-packages/airflow/example_dags/example_latest_only.py
[2025-04-27T20:19:15.026-0300] {processor.py:830} INFO - Processing file /home/facuvega/Descargas/crypto-etl-airflow/airflow-apache/lib/python3.11/site-packages/airflow/example_dags/example_latest_only.py for tasks to queue
[2025-04-27T20:19:15.027-0300] {logging_mixin.py:188} INFO - [2025-04-27T20:19:15.027-0300] {dagbag.py:540} INFO - Filling up the DagBag from /home/facuvega/Descargas/crypto-etl-airflow/airflow-apache/lib/python3.11/site-packages/airflow/example_dags/example_latest_only.py
[2025-04-27T20:19:15.033-0300] {processor.py:840} INFO - DAG(s) 'latest_only' retrieved from /home/facuvega/Descargas/crypto-etl-airflow/airflow-apache/lib/python3.11/site-packages/airflow/example_dags/example_latest_only.py
[2025-04-27T20:19:15.044-0300] {logging_mixin.py:188} INFO - [2025-04-27T20:19:15.044-0300] {dag.py:3096} INFO - Sync 1 DAGs
[2025-04-27T20:19:15.057-0300] {logging_mixin.py:188} INFO - [2025-04-27T20:19:15.057-0300] {dag.py:3954} INFO - Setting next_dagrun for latest_only to 2025-04-27 16:00:00+00:00, run_after=2025-04-27 20:00:00+00:00
[2025-04-27T20:19:15.071-0300] {processor.py:183} INFO - Processing /home/facuvega/Descargas/crypto-etl-airflow/airflow-apache/lib/python3.11/site-packages/airflow/example_dags/example_latest_only.py took 0.050 seconds
[2025-04-27T20:20:12.640-0300] {processor.py:161} INFO - Started process (PID=12747) to work on /home/facuvega/Descargas/crypto-etl-airflow/airflow-apache/lib/python3.11/site-packages/airflow/example_dags/example_latest_only.py
[2025-04-27T20:20:12.641-0300] {processor.py:830} INFO - Processing file /home/facuvega/Descargas/crypto-etl-airflow/airflow-apache/lib/python3.11/site-packages/airflow/example_dags/example_latest_only.py for tasks to queue
[2025-04-27T20:20:12.642-0300] {logging_mixin.py:188} INFO - [2025-04-27T20:20:12.642-0300] {dagbag.py:540} INFO - Filling up the DagBag from /home/facuvega/Descargas/crypto-etl-airflow/airflow-apache/lib/python3.11/site-packages/airflow/example_dags/example_latest_only.py
[2025-04-27T20:20:12.647-0300] {processor.py:840} INFO - DAG(s) 'latest_only' retrieved from /home/facuvega/Descargas/crypto-etl-airflow/airflow-apache/lib/python3.11/site-packages/airflow/example_dags/example_latest_only.py
[2025-04-27T20:20:12.660-0300] {logging_mixin.py:188} INFO - [2025-04-27T20:20:12.659-0300] {dag.py:3096} INFO - Sync 1 DAGs
[2025-04-27T20:20:12.674-0300] {logging_mixin.py:188} INFO - [2025-04-27T20:20:12.673-0300] {dag.py:3954} INFO - Setting next_dagrun for latest_only to 2025-04-27 16:00:00+00:00, run_after=2025-04-27 20:00:00+00:00
[2025-04-27T20:20:12.687-0300] {processor.py:183} INFO - Processing /home/facuvega/Descargas/crypto-etl-airflow/airflow-apache/lib/python3.11/site-packages/airflow/example_dags/example_latest_only.py took 0.052 seconds
[2025-04-27T20:21:12.519-0300] {processor.py:161} INFO - Started process (PID=13015) to work on /home/facuvega/Descargas/crypto-etl-airflow/airflow-apache/lib/python3.11/site-packages/airflow/example_dags/example_latest_only.py
[2025-04-27T20:21:12.520-0300] {processor.py:830} INFO - Processing file /home/facuvega/Descargas/crypto-etl-airflow/airflow-apache/lib/python3.11/site-packages/airflow/example_dags/example_latest_only.py for tasks to queue
[2025-04-27T20:21:12.522-0300] {logging_mixin.py:188} INFO - [2025-04-27T20:21:12.522-0300] {dagbag.py:540} INFO - Filling up the DagBag from /home/facuvega/Descargas/crypto-etl-airflow/airflow-apache/lib/python3.11/site-packages/airflow/example_dags/example_latest_only.py
[2025-04-27T20:21:12.527-0300] {processor.py:840} INFO - DAG(s) 'latest_only' retrieved from /home/facuvega/Descargas/crypto-etl-airflow/airflow-apache/lib/python3.11/site-packages/airflow/example_dags/example_latest_only.py
[2025-04-27T20:21:12.542-0300] {logging_mixin.py:188} INFO - [2025-04-27T20:21:12.542-0300] {dag.py:3096} INFO - Sync 1 DAGs
[2025-04-27T20:21:12.558-0300] {logging_mixin.py:188} INFO - [2025-04-27T20:21:12.558-0300] {dag.py:3954} INFO - Setting next_dagrun for latest_only to 2025-04-27 16:00:00+00:00, run_after=2025-04-27 20:00:00+00:00
[2025-04-27T20:21:12.572-0300] {processor.py:183} INFO - Processing /home/facuvega/Descargas/crypto-etl-airflow/airflow-apache/lib/python3.11/site-packages/airflow/example_dags/example_latest_only.py took 0.059 seconds
[2025-04-27T20:22:15.345-0300] {processor.py:161} INFO - Started process (PID=13297) to work on /home/facuvega/Descargas/crypto-etl-airflow/airflow-apache/lib/python3.11/site-packages/airflow/example_dags/example_latest_only.py
[2025-04-27T20:22:15.346-0300] {processor.py:830} INFO - Processing file /home/facuvega/Descargas/crypto-etl-airflow/airflow-apache/lib/python3.11/site-packages/airflow/example_dags/example_latest_only.py for tasks to queue
[2025-04-27T20:22:15.348-0300] {logging_mixin.py:188} INFO - [2025-04-27T20:22:15.347-0300] {dagbag.py:540} INFO - Filling up the DagBag from /home/facuvega/Descargas/crypto-etl-airflow/airflow-apache/lib/python3.11/site-packages/airflow/example_dags/example_latest_only.py
[2025-04-27T20:22:15.352-0300] {processor.py:840} INFO - DAG(s) 'latest_only' retrieved from /home/facuvega/Descargas/crypto-etl-airflow/airflow-apache/lib/python3.11/site-packages/airflow/example_dags/example_latest_only.py
[2025-04-27T20:22:15.366-0300] {logging_mixin.py:188} INFO - [2025-04-27T20:22:15.366-0300] {dag.py:3096} INFO - Sync 1 DAGs
[2025-04-27T20:22:15.381-0300] {logging_mixin.py:188} INFO - [2025-04-27T20:22:15.381-0300] {dag.py:3954} INFO - Setting next_dagrun for latest_only to 2025-04-27 16:00:00+00:00, run_after=2025-04-27 20:00:00+00:00
[2025-04-27T20:22:15.396-0300] {processor.py:183} INFO - Processing /home/facuvega/Descargas/crypto-etl-airflow/airflow-apache/lib/python3.11/site-packages/airflow/example_dags/example_latest_only.py took 0.056 seconds
[2025-04-27T20:23:21.216-0300] {processor.py:161} INFO - Started process (PID=13591) to work on /home/facuvega/Descargas/crypto-etl-airflow/airflow-apache/lib/python3.11/site-packages/airflow/example_dags/example_latest_only.py
[2025-04-27T20:23:21.217-0300] {processor.py:830} INFO - Processing file /home/facuvega/Descargas/crypto-etl-airflow/airflow-apache/lib/python3.11/site-packages/airflow/example_dags/example_latest_only.py for tasks to queue
[2025-04-27T20:23:21.219-0300] {logging_mixin.py:188} INFO - [2025-04-27T20:23:21.218-0300] {dagbag.py:540} INFO - Filling up the DagBag from /home/facuvega/Descargas/crypto-etl-airflow/airflow-apache/lib/python3.11/site-packages/airflow/example_dags/example_latest_only.py
[2025-04-27T20:23:21.223-0300] {processor.py:840} INFO - DAG(s) 'latest_only' retrieved from /home/facuvega/Descargas/crypto-etl-airflow/airflow-apache/lib/python3.11/site-packages/airflow/example_dags/example_latest_only.py
[2025-04-27T20:23:21.236-0300] {logging_mixin.py:188} INFO - [2025-04-27T20:23:21.236-0300] {dag.py:3096} INFO - Sync 1 DAGs
[2025-04-27T20:23:21.250-0300] {logging_mixin.py:188} INFO - [2025-04-27T20:23:21.250-0300] {dag.py:3954} INFO - Setting next_dagrun for latest_only to 2025-04-27 16:00:00+00:00, run_after=2025-04-27 20:00:00+00:00
[2025-04-27T20:23:21.263-0300] {processor.py:183} INFO - Processing /home/facuvega/Descargas/crypto-etl-airflow/airflow-apache/lib/python3.11/site-packages/airflow/example_dags/example_latest_only.py took 0.053 seconds
[2025-04-27T20:24:18.404-0300] {processor.py:161} INFO - Started process (PID=13847) to work on /home/facuvega/Descargas/crypto-etl-airflow/airflow-apache/lib/python3.11/site-packages/airflow/example_dags/example_latest_only.py
[2025-04-27T20:24:18.405-0300] {processor.py:830} INFO - Processing file /home/facuvega/Descargas/crypto-etl-airflow/airflow-apache/lib/python3.11/site-packages/airflow/example_dags/example_latest_only.py for tasks to queue
[2025-04-27T20:24:18.406-0300] {logging_mixin.py:188} INFO - [2025-04-27T20:24:18.406-0300] {dagbag.py:540} INFO - Filling up the DagBag from /home/facuvega/Descargas/crypto-etl-airflow/airflow-apache/lib/python3.11/site-packages/airflow/example_dags/example_latest_only.py
[2025-04-27T20:24:18.410-0300] {processor.py:840} INFO - DAG(s) 'latest_only' retrieved from /home/facuvega/Descargas/crypto-etl-airflow/airflow-apache/lib/python3.11/site-packages/airflow/example_dags/example_latest_only.py
[2025-04-27T20:24:18.423-0300] {logging_mixin.py:188} INFO - [2025-04-27T20:24:18.423-0300] {dag.py:3096} INFO - Sync 1 DAGs
[2025-04-27T20:24:18.438-0300] {logging_mixin.py:188} INFO - [2025-04-27T20:24:18.438-0300] {dag.py:3954} INFO - Setting next_dagrun for latest_only to 2025-04-27 16:00:00+00:00, run_after=2025-04-27 20:00:00+00:00
[2025-04-27T20:24:18.453-0300] {processor.py:183} INFO - Processing /home/facuvega/Descargas/crypto-etl-airflow/airflow-apache/lib/python3.11/site-packages/airflow/example_dags/example_latest_only.py took 0.054 seconds
[2025-04-27T20:25:11.463-0300] {processor.py:161} INFO - Started process (PID=14119) to work on /home/facuvega/Descargas/crypto-etl-airflow/airflow-apache/lib/python3.11/site-packages/airflow/example_dags/example_latest_only.py
[2025-04-27T20:25:11.464-0300] {processor.py:830} INFO - Processing file /home/facuvega/Descargas/crypto-etl-airflow/airflow-apache/lib/python3.11/site-packages/airflow/example_dags/example_latest_only.py for tasks to queue
[2025-04-27T20:25:11.465-0300] {logging_mixin.py:188} INFO - [2025-04-27T20:25:11.465-0300] {dagbag.py:540} INFO - Filling up the DagBag from /home/facuvega/Descargas/crypto-etl-airflow/airflow-apache/lib/python3.11/site-packages/airflow/example_dags/example_latest_only.py
[2025-04-27T20:25:11.470-0300] {processor.py:840} INFO - DAG(s) 'latest_only' retrieved from /home/facuvega/Descargas/crypto-etl-airflow/airflow-apache/lib/python3.11/site-packages/airflow/example_dags/example_latest_only.py
[2025-04-27T20:25:11.485-0300] {logging_mixin.py:188} INFO - [2025-04-27T20:25:11.484-0300] {dag.py:3096} INFO - Sync 1 DAGs
[2025-04-27T20:25:11.499-0300] {logging_mixin.py:188} INFO - [2025-04-27T20:25:11.499-0300] {dag.py:3954} INFO - Setting next_dagrun for latest_only to 2025-04-27 16:00:00+00:00, run_after=2025-04-27 20:00:00+00:00
[2025-04-27T20:25:11.514-0300] {processor.py:183} INFO - Processing /home/facuvega/Descargas/crypto-etl-airflow/airflow-apache/lib/python3.11/site-packages/airflow/example_dags/example_latest_only.py took 0.058 seconds
[2025-04-27T20:26:16.613-0300] {processor.py:161} INFO - Started process (PID=14413) to work on /home/facuvega/Descargas/crypto-etl-airflow/airflow-apache/lib/python3.11/site-packages/airflow/example_dags/example_latest_only.py
[2025-04-27T20:26:16.614-0300] {processor.py:830} INFO - Processing file /home/facuvega/Descargas/crypto-etl-airflow/airflow-apache/lib/python3.11/site-packages/airflow/example_dags/example_latest_only.py for tasks to queue
[2025-04-27T20:26:16.616-0300] {logging_mixin.py:188} INFO - [2025-04-27T20:26:16.616-0300] {dagbag.py:540} INFO - Filling up the DagBag from /home/facuvega/Descargas/crypto-etl-airflow/airflow-apache/lib/python3.11/site-packages/airflow/example_dags/example_latest_only.py
[2025-04-27T20:26:16.623-0300] {processor.py:840} INFO - DAG(s) 'latest_only' retrieved from /home/facuvega/Descargas/crypto-etl-airflow/airflow-apache/lib/python3.11/site-packages/airflow/example_dags/example_latest_only.py
[2025-04-27T20:26:16.640-0300] {logging_mixin.py:188} INFO - [2025-04-27T20:26:16.639-0300] {dag.py:3096} INFO - Sync 1 DAGs
[2025-04-27T20:26:16.657-0300] {logging_mixin.py:188} INFO - [2025-04-27T20:26:16.657-0300] {dag.py:3954} INFO - Setting next_dagrun for latest_only to 2025-04-27 16:00:00+00:00, run_after=2025-04-27 20:00:00+00:00
[2025-04-27T20:26:16.674-0300] {processor.py:183} INFO - Processing /home/facuvega/Descargas/crypto-etl-airflow/airflow-apache/lib/python3.11/site-packages/airflow/example_dags/example_latest_only.py took 0.070 seconds
[2025-04-27T20:27:16.275-0300] {processor.py:161} INFO - Started process (PID=14704) to work on /home/facuvega/Descargas/crypto-etl-airflow/airflow-apache/lib/python3.11/site-packages/airflow/example_dags/example_latest_only.py
[2025-04-27T20:27:16.276-0300] {processor.py:830} INFO - Processing file /home/facuvega/Descargas/crypto-etl-airflow/airflow-apache/lib/python3.11/site-packages/airflow/example_dags/example_latest_only.py for tasks to queue
[2025-04-27T20:27:16.278-0300] {logging_mixin.py:188} INFO - [2025-04-27T20:27:16.278-0300] {dagbag.py:540} INFO - Filling up the DagBag from /home/facuvega/Descargas/crypto-etl-airflow/airflow-apache/lib/python3.11/site-packages/airflow/example_dags/example_latest_only.py
[2025-04-27T20:27:16.282-0300] {processor.py:840} INFO - DAG(s) 'latest_only' retrieved from /home/facuvega/Descargas/crypto-etl-airflow/airflow-apache/lib/python3.11/site-packages/airflow/example_dags/example_latest_only.py
[2025-04-27T20:27:16.295-0300] {logging_mixin.py:188} INFO - [2025-04-27T20:27:16.295-0300] {dag.py:3096} INFO - Sync 1 DAGs
[2025-04-27T20:27:16.308-0300] {logging_mixin.py:188} INFO - [2025-04-27T20:27:16.308-0300] {dag.py:3954} INFO - Setting next_dagrun for latest_only to 2025-04-27 16:00:00+00:00, run_after=2025-04-27 20:00:00+00:00
[2025-04-27T20:27:16.323-0300] {processor.py:183} INFO - Processing /home/facuvega/Descargas/crypto-etl-airflow/airflow-apache/lib/python3.11/site-packages/airflow/example_dags/example_latest_only.py took 0.053 seconds
[2025-04-27T20:28:14.632-0300] {processor.py:161} INFO - Started process (PID=14970) to work on /home/facuvega/Descargas/crypto-etl-airflow/airflow-apache/lib/python3.11/site-packages/airflow/example_dags/example_latest_only.py
[2025-04-27T20:28:14.633-0300] {processor.py:830} INFO - Processing file /home/facuvega/Descargas/crypto-etl-airflow/airflow-apache/lib/python3.11/site-packages/airflow/example_dags/example_latest_only.py for tasks to queue
[2025-04-27T20:28:14.634-0300] {logging_mixin.py:188} INFO - [2025-04-27T20:28:14.634-0300] {dagbag.py:540} INFO - Filling up the DagBag from /home/facuvega/Descargas/crypto-etl-airflow/airflow-apache/lib/python3.11/site-packages/airflow/example_dags/example_latest_only.py
[2025-04-27T20:28:14.638-0300] {processor.py:840} INFO - DAG(s) 'latest_only' retrieved from /home/facuvega/Descargas/crypto-etl-airflow/airflow-apache/lib/python3.11/site-packages/airflow/example_dags/example_latest_only.py
[2025-04-27T20:28:14.651-0300] {logging_mixin.py:188} INFO - [2025-04-27T20:28:14.651-0300] {dag.py:3096} INFO - Sync 1 DAGs
[2025-04-27T20:28:14.664-0300] {logging_mixin.py:188} INFO - [2025-04-27T20:28:14.664-0300] {dag.py:3954} INFO - Setting next_dagrun for latest_only to 2025-04-27 16:00:00+00:00, run_after=2025-04-27 20:00:00+00:00
[2025-04-27T20:28:14.678-0300] {processor.py:183} INFO - Processing /home/facuvega/Descargas/crypto-etl-airflow/airflow-apache/lib/python3.11/site-packages/airflow/example_dags/example_latest_only.py took 0.051 seconds
[2025-04-27T20:29:03.835-0300] {processor.py:161} INFO - Started process (PID=15194) to work on /home/facuvega/Descargas/crypto-etl-airflow/airflow-apache/lib/python3.11/site-packages/airflow/example_dags/example_latest_only.py
[2025-04-27T20:29:03.836-0300] {processor.py:830} INFO - Processing file /home/facuvega/Descargas/crypto-etl-airflow/airflow-apache/lib/python3.11/site-packages/airflow/example_dags/example_latest_only.py for tasks to queue
[2025-04-27T20:29:03.837-0300] {logging_mixin.py:188} INFO - [2025-04-27T20:29:03.837-0300] {dagbag.py:540} INFO - Filling up the DagBag from /home/facuvega/Descargas/crypto-etl-airflow/airflow-apache/lib/python3.11/site-packages/airflow/example_dags/example_latest_only.py
[2025-04-27T20:29:03.841-0300] {processor.py:840} INFO - DAG(s) 'latest_only' retrieved from /home/facuvega/Descargas/crypto-etl-airflow/airflow-apache/lib/python3.11/site-packages/airflow/example_dags/example_latest_only.py
[2025-04-27T20:29:03.853-0300] {logging_mixin.py:188} INFO - [2025-04-27T20:29:03.853-0300] {dag.py:3096} INFO - Sync 1 DAGs
[2025-04-27T20:29:03.866-0300] {logging_mixin.py:188} INFO - [2025-04-27T20:29:03.866-0300] {dag.py:3954} INFO - Setting next_dagrun for latest_only to 2025-04-27 16:00:00+00:00, run_after=2025-04-27 20:00:00+00:00
[2025-04-27T20:29:03.882-0300] {processor.py:183} INFO - Processing /home/facuvega/Descargas/crypto-etl-airflow/airflow-apache/lib/python3.11/site-packages/airflow/example_dags/example_latest_only.py took 0.052 seconds
[2025-04-27T20:30:01.995-0300] {processor.py:161} INFO - Started process (PID=15487) to work on /home/facuvega/Descargas/crypto-etl-airflow/airflow-apache/lib/python3.11/site-packages/airflow/example_dags/example_latest_only.py
[2025-04-27T20:30:01.996-0300] {processor.py:830} INFO - Processing file /home/facuvega/Descargas/crypto-etl-airflow/airflow-apache/lib/python3.11/site-packages/airflow/example_dags/example_latest_only.py for tasks to queue
[2025-04-27T20:30:01.998-0300] {logging_mixin.py:188} INFO - [2025-04-27T20:30:01.998-0300] {dagbag.py:540} INFO - Filling up the DagBag from /home/facuvega/Descargas/crypto-etl-airflow/airflow-apache/lib/python3.11/site-packages/airflow/example_dags/example_latest_only.py
[2025-04-27T20:30:02.003-0300] {processor.py:840} INFO - DAG(s) 'latest_only' retrieved from /home/facuvega/Descargas/crypto-etl-airflow/airflow-apache/lib/python3.11/site-packages/airflow/example_dags/example_latest_only.py
[2025-04-27T20:30:02.016-0300] {logging_mixin.py:188} INFO - [2025-04-27T20:30:02.016-0300] {dag.py:3096} INFO - Sync 1 DAGs
[2025-04-27T20:30:02.030-0300] {logging_mixin.py:188} INFO - [2025-04-27T20:30:02.030-0300] {dag.py:3954} INFO - Setting next_dagrun for latest_only to 2025-04-27 16:00:00+00:00, run_after=2025-04-27 20:00:00+00:00
[2025-04-27T20:30:02.043-0300] {processor.py:183} INFO - Processing /home/facuvega/Descargas/crypto-etl-airflow/airflow-apache/lib/python3.11/site-packages/airflow/example_dags/example_latest_only.py took 0.053 seconds
[2025-04-27T20:31:01.576-0300] {processor.py:161} INFO - Started process (PID=15757) to work on /home/facuvega/Descargas/crypto-etl-airflow/airflow-apache/lib/python3.11/site-packages/airflow/example_dags/example_latest_only.py
[2025-04-27T20:31:01.577-0300] {processor.py:830} INFO - Processing file /home/facuvega/Descargas/crypto-etl-airflow/airflow-apache/lib/python3.11/site-packages/airflow/example_dags/example_latest_only.py for tasks to queue
[2025-04-27T20:31:01.578-0300] {logging_mixin.py:188} INFO - [2025-04-27T20:31:01.578-0300] {dagbag.py:540} INFO - Filling up the DagBag from /home/facuvega/Descargas/crypto-etl-airflow/airflow-apache/lib/python3.11/site-packages/airflow/example_dags/example_latest_only.py
[2025-04-27T20:31:01.582-0300] {processor.py:840} INFO - DAG(s) 'latest_only' retrieved from /home/facuvega/Descargas/crypto-etl-airflow/airflow-apache/lib/python3.11/site-packages/airflow/example_dags/example_latest_only.py
[2025-04-27T20:31:01.594-0300] {logging_mixin.py:188} INFO - [2025-04-27T20:31:01.594-0300] {dag.py:3096} INFO - Sync 1 DAGs
[2025-04-27T20:31:01.607-0300] {logging_mixin.py:188} INFO - [2025-04-27T20:31:01.607-0300] {dag.py:3954} INFO - Setting next_dagrun for latest_only to 2025-04-27 16:00:00+00:00, run_after=2025-04-27 20:00:00+00:00
[2025-04-27T20:31:01.623-0300] {processor.py:183} INFO - Processing /home/facuvega/Descargas/crypto-etl-airflow/airflow-apache/lib/python3.11/site-packages/airflow/example_dags/example_latest_only.py took 0.052 seconds
[2025-04-27T20:31:58.147-0300] {processor.py:161} INFO - Started process (PID=16017) to work on /home/facuvega/Descargas/crypto-etl-airflow/airflow-apache/lib/python3.11/site-packages/airflow/example_dags/example_latest_only.py
[2025-04-27T20:31:58.148-0300] {processor.py:830} INFO - Processing file /home/facuvega/Descargas/crypto-etl-airflow/airflow-apache/lib/python3.11/site-packages/airflow/example_dags/example_latest_only.py for tasks to queue
[2025-04-27T20:31:58.150-0300] {logging_mixin.py:188} INFO - [2025-04-27T20:31:58.150-0300] {dagbag.py:540} INFO - Filling up the DagBag from /home/facuvega/Descargas/crypto-etl-airflow/airflow-apache/lib/python3.11/site-packages/airflow/example_dags/example_latest_only.py
[2025-04-27T20:31:58.155-0300] {processor.py:840} INFO - DAG(s) 'latest_only' retrieved from /home/facuvega/Descargas/crypto-etl-airflow/airflow-apache/lib/python3.11/site-packages/airflow/example_dags/example_latest_only.py
[2025-04-27T20:31:58.171-0300] {logging_mixin.py:188} INFO - [2025-04-27T20:31:58.171-0300] {dag.py:3096} INFO - Sync 1 DAGs
[2025-04-27T20:31:58.185-0300] {logging_mixin.py:188} INFO - [2025-04-27T20:31:58.184-0300] {dag.py:3954} INFO - Setting next_dagrun for latest_only to 2025-04-27 16:00:00+00:00, run_after=2025-04-27 20:00:00+00:00
[2025-04-27T20:31:58.197-0300] {processor.py:183} INFO - Processing /home/facuvega/Descargas/crypto-etl-airflow/airflow-apache/lib/python3.11/site-packages/airflow/example_dags/example_latest_only.py took 0.056 seconds
[2025-04-27T20:33:00.737-0300] {processor.py:161} INFO - Started process (PID=16289) to work on /home/facuvega/Descargas/crypto-etl-airflow/airflow-apache/lib/python3.11/site-packages/airflow/example_dags/example_latest_only.py
[2025-04-27T20:33:00.738-0300] {processor.py:830} INFO - Processing file /home/facuvega/Descargas/crypto-etl-airflow/airflow-apache/lib/python3.11/site-packages/airflow/example_dags/example_latest_only.py for tasks to queue
[2025-04-27T20:33:00.740-0300] {logging_mixin.py:188} INFO - [2025-04-27T20:33:00.740-0300] {dagbag.py:540} INFO - Filling up the DagBag from /home/facuvega/Descargas/crypto-etl-airflow/airflow-apache/lib/python3.11/site-packages/airflow/example_dags/example_latest_only.py
[2025-04-27T20:33:00.744-0300] {processor.py:840} INFO - DAG(s) 'latest_only' retrieved from /home/facuvega/Descargas/crypto-etl-airflow/airflow-apache/lib/python3.11/site-packages/airflow/example_dags/example_latest_only.py
[2025-04-27T20:33:00.757-0300] {logging_mixin.py:188} INFO - [2025-04-27T20:33:00.756-0300] {dag.py:3096} INFO - Sync 1 DAGs
[2025-04-27T20:33:00.773-0300] {logging_mixin.py:188} INFO - [2025-04-27T20:33:00.773-0300] {dag.py:3954} INFO - Setting next_dagrun for latest_only to 2025-04-27 16:00:00+00:00, run_after=2025-04-27 20:00:00+00:00
[2025-04-27T20:33:00.792-0300] {processor.py:183} INFO - Processing /home/facuvega/Descargas/crypto-etl-airflow/airflow-apache/lib/python3.11/site-packages/airflow/example_dags/example_latest_only.py took 0.060 seconds
[2025-04-27T20:34:06.940-0300] {processor.py:161} INFO - Started process (PID=16759) to work on /home/facuvega/Descargas/crypto-etl-airflow/airflow-apache/lib/python3.11/site-packages/airflow/example_dags/example_latest_only.py
[2025-04-27T20:34:06.941-0300] {processor.py:830} INFO - Processing file /home/facuvega/Descargas/crypto-etl-airflow/airflow-apache/lib/python3.11/site-packages/airflow/example_dags/example_latest_only.py for tasks to queue
[2025-04-27T20:34:06.943-0300] {logging_mixin.py:188} INFO - [2025-04-27T20:34:06.942-0300] {dagbag.py:540} INFO - Filling up the DagBag from /home/facuvega/Descargas/crypto-etl-airflow/airflow-apache/lib/python3.11/site-packages/airflow/example_dags/example_latest_only.py
[2025-04-27T20:34:06.950-0300] {processor.py:840} INFO - DAG(s) 'latest_only' retrieved from /home/facuvega/Descargas/crypto-etl-airflow/airflow-apache/lib/python3.11/site-packages/airflow/example_dags/example_latest_only.py
[2025-04-27T20:34:06.970-0300] {logging_mixin.py:188} INFO - [2025-04-27T20:34:06.969-0300] {dag.py:3096} INFO - Sync 1 DAGs
[2025-04-27T20:34:06.989-0300] {logging_mixin.py:188} INFO - [2025-04-27T20:34:06.989-0300] {dag.py:3954} INFO - Setting next_dagrun for latest_only to 2025-04-27 16:00:00+00:00, run_after=2025-04-27 20:00:00+00:00
[2025-04-27T20:34:07.005-0300] {processor.py:183} INFO - Processing /home/facuvega/Descargas/crypto-etl-airflow/airflow-apache/lib/python3.11/site-packages/airflow/example_dags/example_latest_only.py took 0.071 seconds
[2025-04-27T20:35:11.668-0300] {processor.py:161} INFO - Started process (PID=17111) to work on /home/facuvega/Descargas/crypto-etl-airflow/airflow-apache/lib/python3.11/site-packages/airflow/example_dags/example_latest_only.py
[2025-04-27T20:35:11.669-0300] {processor.py:830} INFO - Processing file /home/facuvega/Descargas/crypto-etl-airflow/airflow-apache/lib/python3.11/site-packages/airflow/example_dags/example_latest_only.py for tasks to queue
[2025-04-27T20:35:11.671-0300] {logging_mixin.py:188} INFO - [2025-04-27T20:35:11.671-0300] {dagbag.py:540} INFO - Filling up the DagBag from /home/facuvega/Descargas/crypto-etl-airflow/airflow-apache/lib/python3.11/site-packages/airflow/example_dags/example_latest_only.py
[2025-04-27T20:35:11.676-0300] {processor.py:840} INFO - DAG(s) 'latest_only' retrieved from /home/facuvega/Descargas/crypto-etl-airflow/airflow-apache/lib/python3.11/site-packages/airflow/example_dags/example_latest_only.py
[2025-04-27T20:35:11.693-0300] {logging_mixin.py:188} INFO - [2025-04-27T20:35:11.693-0300] {dag.py:3096} INFO - Sync 1 DAGs
[2025-04-27T20:35:11.711-0300] {logging_mixin.py:188} INFO - [2025-04-27T20:35:11.710-0300] {dag.py:3954} INFO - Setting next_dagrun for latest_only to 2025-04-27 16:00:00+00:00, run_after=2025-04-27 20:00:00+00:00
[2025-04-27T20:35:11.726-0300] {processor.py:183} INFO - Processing /home/facuvega/Descargas/crypto-etl-airflow/airflow-apache/lib/python3.11/site-packages/airflow/example_dags/example_latest_only.py took 0.064 seconds
[2025-04-27T20:36:13.342-0300] {processor.py:161} INFO - Started process (PID=17382) to work on /home/facuvega/Descargas/crypto-etl-airflow/airflow-apache/lib/python3.11/site-packages/airflow/example_dags/example_latest_only.py
[2025-04-27T20:36:13.343-0300] {processor.py:830} INFO - Processing file /home/facuvega/Descargas/crypto-etl-airflow/airflow-apache/lib/python3.11/site-packages/airflow/example_dags/example_latest_only.py for tasks to queue
[2025-04-27T20:36:13.344-0300] {logging_mixin.py:188} INFO - [2025-04-27T20:36:13.344-0300] {dagbag.py:540} INFO - Filling up the DagBag from /home/facuvega/Descargas/crypto-etl-airflow/airflow-apache/lib/python3.11/site-packages/airflow/example_dags/example_latest_only.py
[2025-04-27T20:36:13.349-0300] {processor.py:840} INFO - DAG(s) 'latest_only' retrieved from /home/facuvega/Descargas/crypto-etl-airflow/airflow-apache/lib/python3.11/site-packages/airflow/example_dags/example_latest_only.py
[2025-04-27T20:36:13.362-0300] {logging_mixin.py:188} INFO - [2025-04-27T20:36:13.362-0300] {dag.py:3096} INFO - Sync 1 DAGs
[2025-04-27T20:36:13.376-0300] {logging_mixin.py:188} INFO - [2025-04-27T20:36:13.375-0300] {dag.py:3954} INFO - Setting next_dagrun for latest_only to 2025-04-27 16:00:00+00:00, run_after=2025-04-27 20:00:00+00:00
[2025-04-27T20:36:13.389-0300] {processor.py:183} INFO - Processing /home/facuvega/Descargas/crypto-etl-airflow/airflow-apache/lib/python3.11/site-packages/airflow/example_dags/example_latest_only.py took 0.052 seconds
[2025-04-27T20:37:12.073-0300] {processor.py:161} INFO - Started process (PID=17648) to work on /home/facuvega/Descargas/crypto-etl-airflow/airflow-apache/lib/python3.11/site-packages/airflow/example_dags/example_latest_only.py
[2025-04-27T20:37:12.074-0300] {processor.py:830} INFO - Processing file /home/facuvega/Descargas/crypto-etl-airflow/airflow-apache/lib/python3.11/site-packages/airflow/example_dags/example_latest_only.py for tasks to queue
[2025-04-27T20:37:12.075-0300] {logging_mixin.py:188} INFO - [2025-04-27T20:37:12.075-0300] {dagbag.py:540} INFO - Filling up the DagBag from /home/facuvega/Descargas/crypto-etl-airflow/airflow-apache/lib/python3.11/site-packages/airflow/example_dags/example_latest_only.py
[2025-04-27T20:37:12.079-0300] {processor.py:840} INFO - DAG(s) 'latest_only' retrieved from /home/facuvega/Descargas/crypto-etl-airflow/airflow-apache/lib/python3.11/site-packages/airflow/example_dags/example_latest_only.py
[2025-04-27T20:37:12.092-0300] {logging_mixin.py:188} INFO - [2025-04-27T20:37:12.092-0300] {dag.py:3096} INFO - Sync 1 DAGs
[2025-04-27T20:37:12.107-0300] {logging_mixin.py:188} INFO - [2025-04-27T20:37:12.107-0300] {dag.py:3954} INFO - Setting next_dagrun for latest_only to 2025-04-27 16:00:00+00:00, run_after=2025-04-27 20:00:00+00:00
[2025-04-27T20:37:12.121-0300] {processor.py:183} INFO - Processing /home/facuvega/Descargas/crypto-etl-airflow/airflow-apache/lib/python3.11/site-packages/airflow/example_dags/example_latest_only.py took 0.054 seconds
[2025-04-27T20:38:12.022-0300] {processor.py:161} INFO - Started process (PID=17922) to work on /home/facuvega/Descargas/crypto-etl-airflow/airflow-apache/lib/python3.11/site-packages/airflow/example_dags/example_latest_only.py
[2025-04-27T20:38:12.023-0300] {processor.py:830} INFO - Processing file /home/facuvega/Descargas/crypto-etl-airflow/airflow-apache/lib/python3.11/site-packages/airflow/example_dags/example_latest_only.py for tasks to queue
[2025-04-27T20:38:12.024-0300] {logging_mixin.py:188} INFO - [2025-04-27T20:38:12.024-0300] {dagbag.py:540} INFO - Filling up the DagBag from /home/facuvega/Descargas/crypto-etl-airflow/airflow-apache/lib/python3.11/site-packages/airflow/example_dags/example_latest_only.py
[2025-04-27T20:38:12.029-0300] {processor.py:840} INFO - DAG(s) 'latest_only' retrieved from /home/facuvega/Descargas/crypto-etl-airflow/airflow-apache/lib/python3.11/site-packages/airflow/example_dags/example_latest_only.py
[2025-04-27T20:38:12.042-0300] {logging_mixin.py:188} INFO - [2025-04-27T20:38:12.041-0300] {dag.py:3096} INFO - Sync 1 DAGs
[2025-04-27T20:38:12.057-0300] {logging_mixin.py:188} INFO - [2025-04-27T20:38:12.056-0300] {dag.py:3954} INFO - Setting next_dagrun for latest_only to 2025-04-27 16:00:00+00:00, run_after=2025-04-27 20:00:00+00:00
[2025-04-27T20:38:12.069-0300] {processor.py:183} INFO - Processing /home/facuvega/Descargas/crypto-etl-airflow/airflow-apache/lib/python3.11/site-packages/airflow/example_dags/example_latest_only.py took 0.052 seconds
[2025-04-27T20:39:13.523-0300] {processor.py:161} INFO - Started process (PID=18326) to work on /home/facuvega/Descargas/crypto-etl-airflow/airflow-apache/lib/python3.11/site-packages/airflow/example_dags/example_latest_only.py
[2025-04-27T20:39:13.524-0300] {processor.py:830} INFO - Processing file /home/facuvega/Descargas/crypto-etl-airflow/airflow-apache/lib/python3.11/site-packages/airflow/example_dags/example_latest_only.py for tasks to queue
[2025-04-27T20:39:13.526-0300] {logging_mixin.py:188} INFO - [2025-04-27T20:39:13.526-0300] {dagbag.py:540} INFO - Filling up the DagBag from /home/facuvega/Descargas/crypto-etl-airflow/airflow-apache/lib/python3.11/site-packages/airflow/example_dags/example_latest_only.py
[2025-04-27T20:39:13.532-0300] {processor.py:840} INFO - DAG(s) 'latest_only' retrieved from /home/facuvega/Descargas/crypto-etl-airflow/airflow-apache/lib/python3.11/site-packages/airflow/example_dags/example_latest_only.py
[2025-04-27T20:39:13.547-0300] {logging_mixin.py:188} INFO - [2025-04-27T20:39:13.547-0300] {dag.py:3096} INFO - Sync 1 DAGs
[2025-04-27T20:39:13.564-0300] {logging_mixin.py:188} INFO - [2025-04-27T20:39:13.564-0300] {dag.py:3954} INFO - Setting next_dagrun for latest_only to 2025-04-27 16:00:00+00:00, run_after=2025-04-27 20:00:00+00:00
[2025-04-27T20:39:13.580-0300] {processor.py:183} INFO - Processing /home/facuvega/Descargas/crypto-etl-airflow/airflow-apache/lib/python3.11/site-packages/airflow/example_dags/example_latest_only.py took 0.063 seconds
[2025-04-27T20:40:14.760-0300] {processor.py:161} INFO - Started process (PID=18631) to work on /home/facuvega/Descargas/crypto-etl-airflow/airflow-apache/lib/python3.11/site-packages/airflow/example_dags/example_latest_only.py
[2025-04-27T20:40:14.761-0300] {processor.py:830} INFO - Processing file /home/facuvega/Descargas/crypto-etl-airflow/airflow-apache/lib/python3.11/site-packages/airflow/example_dags/example_latest_only.py for tasks to queue
[2025-04-27T20:40:14.763-0300] {logging_mixin.py:188} INFO - [2025-04-27T20:40:14.763-0300] {dagbag.py:540} INFO - Filling up the DagBag from /home/facuvega/Descargas/crypto-etl-airflow/airflow-apache/lib/python3.11/site-packages/airflow/example_dags/example_latest_only.py
[2025-04-27T20:40:14.769-0300] {processor.py:840} INFO - DAG(s) 'latest_only' retrieved from /home/facuvega/Descargas/crypto-etl-airflow/airflow-apache/lib/python3.11/site-packages/airflow/example_dags/example_latest_only.py
[2025-04-27T20:40:14.786-0300] {logging_mixin.py:188} INFO - [2025-04-27T20:40:14.785-0300] {dag.py:3096} INFO - Sync 1 DAGs
[2025-04-27T20:40:14.804-0300] {logging_mixin.py:188} INFO - [2025-04-27T20:40:14.804-0300] {dag.py:3954} INFO - Setting next_dagrun for latest_only to 2025-04-27 16:00:00+00:00, run_after=2025-04-27 20:00:00+00:00
[2025-04-27T20:40:14.822-0300] {processor.py:183} INFO - Processing /home/facuvega/Descargas/crypto-etl-airflow/airflow-apache/lib/python3.11/site-packages/airflow/example_dags/example_latest_only.py took 0.069 seconds
[2025-04-27T20:41:20.705-0300] {processor.py:161} INFO - Started process (PID=18934) to work on /home/facuvega/Descargas/crypto-etl-airflow/airflow-apache/lib/python3.11/site-packages/airflow/example_dags/example_latest_only.py
[2025-04-27T20:41:20.706-0300] {processor.py:830} INFO - Processing file /home/facuvega/Descargas/crypto-etl-airflow/airflow-apache/lib/python3.11/site-packages/airflow/example_dags/example_latest_only.py for tasks to queue
[2025-04-27T20:41:20.708-0300] {logging_mixin.py:188} INFO - [2025-04-27T20:41:20.707-0300] {dagbag.py:540} INFO - Filling up the DagBag from /home/facuvega/Descargas/crypto-etl-airflow/airflow-apache/lib/python3.11/site-packages/airflow/example_dags/example_latest_only.py
[2025-04-27T20:41:20.713-0300] {processor.py:840} INFO - DAG(s) 'latest_only' retrieved from /home/facuvega/Descargas/crypto-etl-airflow/airflow-apache/lib/python3.11/site-packages/airflow/example_dags/example_latest_only.py
[2025-04-27T20:41:20.730-0300] {logging_mixin.py:188} INFO - [2025-04-27T20:41:20.730-0300] {dag.py:3096} INFO - Sync 1 DAGs
[2025-04-27T20:41:20.749-0300] {logging_mixin.py:188} INFO - [2025-04-27T20:41:20.749-0300] {dag.py:3954} INFO - Setting next_dagrun for latest_only to 2025-04-27 16:00:00+00:00, run_after=2025-04-27 20:00:00+00:00
[2025-04-27T20:41:20.765-0300] {processor.py:183} INFO - Processing /home/facuvega/Descargas/crypto-etl-airflow/airflow-apache/lib/python3.11/site-packages/airflow/example_dags/example_latest_only.py took 0.067 seconds
[2025-04-27T20:42:21.843-0300] {processor.py:161} INFO - Started process (PID=19207) to work on /home/facuvega/Descargas/crypto-etl-airflow/airflow-apache/lib/python3.11/site-packages/airflow/example_dags/example_latest_only.py
[2025-04-27T20:42:21.845-0300] {processor.py:830} INFO - Processing file /home/facuvega/Descargas/crypto-etl-airflow/airflow-apache/lib/python3.11/site-packages/airflow/example_dags/example_latest_only.py for tasks to queue
[2025-04-27T20:42:21.846-0300] {logging_mixin.py:188} INFO - [2025-04-27T20:42:21.846-0300] {dagbag.py:540} INFO - Filling up the DagBag from /home/facuvega/Descargas/crypto-etl-airflow/airflow-apache/lib/python3.11/site-packages/airflow/example_dags/example_latest_only.py
[2025-04-27T20:42:21.851-0300] {processor.py:840} INFO - DAG(s) 'latest_only' retrieved from /home/facuvega/Descargas/crypto-etl-airflow/airflow-apache/lib/python3.11/site-packages/airflow/example_dags/example_latest_only.py
[2025-04-27T20:42:21.864-0300] {logging_mixin.py:188} INFO - [2025-04-27T20:42:21.863-0300] {dag.py:3096} INFO - Sync 1 DAGs
[2025-04-27T20:42:21.878-0300] {logging_mixin.py:188} INFO - [2025-04-27T20:42:21.877-0300] {dag.py:3954} INFO - Setting next_dagrun for latest_only to 2025-04-27 16:00:00+00:00, run_after=2025-04-27 20:00:00+00:00
[2025-04-27T20:42:21.892-0300] {processor.py:183} INFO - Processing /home/facuvega/Descargas/crypto-etl-airflow/airflow-apache/lib/python3.11/site-packages/airflow/example_dags/example_latest_only.py took 0.054 seconds
[2025-04-27T20:43:21.462-0300] {processor.py:161} INFO - Started process (PID=19485) to work on /home/facuvega/Descargas/crypto-etl-airflow/airflow-apache/lib/python3.11/site-packages/airflow/example_dags/example_latest_only.py
[2025-04-27T20:43:21.463-0300] {processor.py:830} INFO - Processing file /home/facuvega/Descargas/crypto-etl-airflow/airflow-apache/lib/python3.11/site-packages/airflow/example_dags/example_latest_only.py for tasks to queue
[2025-04-27T20:43:21.464-0300] {logging_mixin.py:188} INFO - [2025-04-27T20:43:21.464-0300] {dagbag.py:540} INFO - Filling up the DagBag from /home/facuvega/Descargas/crypto-etl-airflow/airflow-apache/lib/python3.11/site-packages/airflow/example_dags/example_latest_only.py
[2025-04-27T20:43:21.468-0300] {processor.py:840} INFO - DAG(s) 'latest_only' retrieved from /home/facuvega/Descargas/crypto-etl-airflow/airflow-apache/lib/python3.11/site-packages/airflow/example_dags/example_latest_only.py
[2025-04-27T20:43:21.483-0300] {logging_mixin.py:188} INFO - [2025-04-27T20:43:21.483-0300] {dag.py:3096} INFO - Sync 1 DAGs
[2025-04-27T20:43:21.497-0300] {logging_mixin.py:188} INFO - [2025-04-27T20:43:21.497-0300] {dag.py:3954} INFO - Setting next_dagrun for latest_only to 2025-04-27 16:00:00+00:00, run_after=2025-04-27 20:00:00+00:00
[2025-04-27T20:43:21.511-0300] {processor.py:183} INFO - Processing /home/facuvega/Descargas/crypto-etl-airflow/airflow-apache/lib/python3.11/site-packages/airflow/example_dags/example_latest_only.py took 0.054 seconds
[2025-04-27T20:44:16.821-0300] {processor.py:161} INFO - Started process (PID=19744) to work on /home/facuvega/Descargas/crypto-etl-airflow/airflow-apache/lib/python3.11/site-packages/airflow/example_dags/example_latest_only.py
[2025-04-27T20:44:16.828-0300] {processor.py:830} INFO - Processing file /home/facuvega/Descargas/crypto-etl-airflow/airflow-apache/lib/python3.11/site-packages/airflow/example_dags/example_latest_only.py for tasks to queue
[2025-04-27T20:44:16.830-0300] {logging_mixin.py:188} INFO - [2025-04-27T20:44:16.830-0300] {dagbag.py:540} INFO - Filling up the DagBag from /home/facuvega/Descargas/crypto-etl-airflow/airflow-apache/lib/python3.11/site-packages/airflow/example_dags/example_latest_only.py
[2025-04-27T20:44:16.839-0300] {processor.py:840} INFO - DAG(s) 'latest_only' retrieved from /home/facuvega/Descargas/crypto-etl-airflow/airflow-apache/lib/python3.11/site-packages/airflow/example_dags/example_latest_only.py
[2025-04-27T20:44:16.862-0300] {logging_mixin.py:188} INFO - [2025-04-27T20:44:16.861-0300] {dag.py:3096} INFO - Sync 1 DAGs
[2025-04-27T20:44:16.883-0300] {logging_mixin.py:188} INFO - [2025-04-27T20:44:16.883-0300] {dag.py:3954} INFO - Setting next_dagrun for latest_only to 2025-04-27 16:00:00+00:00, run_after=2025-04-27 20:00:00+00:00
[2025-04-27T20:44:16.900-0300] {processor.py:183} INFO - Processing /home/facuvega/Descargas/crypto-etl-airflow/airflow-apache/lib/python3.11/site-packages/airflow/example_dags/example_latest_only.py took 0.087 seconds
[2025-04-27T20:45:20.982-0300] {processor.py:161} INFO - Started process (PID=20065) to work on /home/facuvega/Descargas/crypto-etl-airflow/airflow-apache/lib/python3.11/site-packages/airflow/example_dags/example_latest_only.py
[2025-04-27T20:45:20.983-0300] {processor.py:830} INFO - Processing file /home/facuvega/Descargas/crypto-etl-airflow/airflow-apache/lib/python3.11/site-packages/airflow/example_dags/example_latest_only.py for tasks to queue
[2025-04-27T20:45:20.985-0300] {logging_mixin.py:188} INFO - [2025-04-27T20:45:20.984-0300] {dagbag.py:540} INFO - Filling up the DagBag from /home/facuvega/Descargas/crypto-etl-airflow/airflow-apache/lib/python3.11/site-packages/airflow/example_dags/example_latest_only.py
[2025-04-27T20:45:20.990-0300] {processor.py:840} INFO - DAG(s) 'latest_only' retrieved from /home/facuvega/Descargas/crypto-etl-airflow/airflow-apache/lib/python3.11/site-packages/airflow/example_dags/example_latest_only.py
[2025-04-27T20:45:21.004-0300] {logging_mixin.py:188} INFO - [2025-04-27T20:45:21.003-0300] {dag.py:3096} INFO - Sync 1 DAGs
[2025-04-27T20:45:21.029-0300] {logging_mixin.py:188} INFO - [2025-04-27T20:45:21.028-0300] {dag.py:3954} INFO - Setting next_dagrun for latest_only to 2025-04-27 16:00:00+00:00, run_after=2025-04-27 20:00:00+00:00
[2025-04-27T20:45:21.050-0300] {processor.py:183} INFO - Processing /home/facuvega/Descargas/crypto-etl-airflow/airflow-apache/lib/python3.11/site-packages/airflow/example_dags/example_latest_only.py took 0.074 seconds
[2025-04-27T20:46:17.301-0300] {processor.py:161} INFO - Started process (PID=20320) to work on /home/facuvega/Descargas/crypto-etl-airflow/airflow-apache/lib/python3.11/site-packages/airflow/example_dags/example_latest_only.py
[2025-04-27T20:46:17.302-0300] {processor.py:830} INFO - Processing file /home/facuvega/Descargas/crypto-etl-airflow/airflow-apache/lib/python3.11/site-packages/airflow/example_dags/example_latest_only.py for tasks to queue
[2025-04-27T20:46:17.304-0300] {logging_mixin.py:188} INFO - [2025-04-27T20:46:17.304-0300] {dagbag.py:540} INFO - Filling up the DagBag from /home/facuvega/Descargas/crypto-etl-airflow/airflow-apache/lib/python3.11/site-packages/airflow/example_dags/example_latest_only.py
[2025-04-27T20:46:17.309-0300] {processor.py:840} INFO - DAG(s) 'latest_only' retrieved from /home/facuvega/Descargas/crypto-etl-airflow/airflow-apache/lib/python3.11/site-packages/airflow/example_dags/example_latest_only.py
[2025-04-27T20:46:17.326-0300] {logging_mixin.py:188} INFO - [2025-04-27T20:46:17.326-0300] {dag.py:3096} INFO - Sync 1 DAGs
[2025-04-27T20:46:17.344-0300] {logging_mixin.py:188} INFO - [2025-04-27T20:46:17.343-0300] {dag.py:3954} INFO - Setting next_dagrun for latest_only to 2025-04-27 16:00:00+00:00, run_after=2025-04-27 20:00:00+00:00
[2025-04-27T20:46:17.360-0300] {processor.py:183} INFO - Processing /home/facuvega/Descargas/crypto-etl-airflow/airflow-apache/lib/python3.11/site-packages/airflow/example_dags/example_latest_only.py took 0.065 seconds
[2025-04-27T20:47:15.823-0300] {processor.py:161} INFO - Started process (PID=20587) to work on /home/facuvega/Descargas/crypto-etl-airflow/airflow-apache/lib/python3.11/site-packages/airflow/example_dags/example_latest_only.py
[2025-04-27T20:47:15.824-0300] {processor.py:830} INFO - Processing file /home/facuvega/Descargas/crypto-etl-airflow/airflow-apache/lib/python3.11/site-packages/airflow/example_dags/example_latest_only.py for tasks to queue
[2025-04-27T20:47:15.826-0300] {logging_mixin.py:188} INFO - [2025-04-27T20:47:15.826-0300] {dagbag.py:540} INFO - Filling up the DagBag from /home/facuvega/Descargas/crypto-etl-airflow/airflow-apache/lib/python3.11/site-packages/airflow/example_dags/example_latest_only.py
[2025-04-27T20:47:15.831-0300] {processor.py:840} INFO - DAG(s) 'latest_only' retrieved from /home/facuvega/Descargas/crypto-etl-airflow/airflow-apache/lib/python3.11/site-packages/airflow/example_dags/example_latest_only.py
[2025-04-27T20:47:15.847-0300] {logging_mixin.py:188} INFO - [2025-04-27T20:47:15.847-0300] {dag.py:3096} INFO - Sync 1 DAGs
[2025-04-27T20:47:15.865-0300] {logging_mixin.py:188} INFO - [2025-04-27T20:47:15.864-0300] {dag.py:3954} INFO - Setting next_dagrun for latest_only to 2025-04-27 16:00:00+00:00, run_after=2025-04-27 20:00:00+00:00
[2025-04-27T20:47:15.882-0300] {processor.py:183} INFO - Processing /home/facuvega/Descargas/crypto-etl-airflow/airflow-apache/lib/python3.11/site-packages/airflow/example_dags/example_latest_only.py took 0.064 seconds
[2025-04-27T20:48:17.089-0300] {processor.py:161} INFO - Started process (PID=21126) to work on /home/facuvega/Descargas/crypto-etl-airflow/airflow-apache/lib/python3.11/site-packages/airflow/example_dags/example_latest_only.py
[2025-04-27T20:48:17.090-0300] {processor.py:830} INFO - Processing file /home/facuvega/Descargas/crypto-etl-airflow/airflow-apache/lib/python3.11/site-packages/airflow/example_dags/example_latest_only.py for tasks to queue
[2025-04-27T20:48:17.095-0300] {logging_mixin.py:188} INFO - [2025-04-27T20:48:17.092-0300] {dagbag.py:540} INFO - Filling up the DagBag from /home/facuvega/Descargas/crypto-etl-airflow/airflow-apache/lib/python3.11/site-packages/airflow/example_dags/example_latest_only.py
[2025-04-27T20:48:17.100-0300] {processor.py:840} INFO - DAG(s) 'latest_only' retrieved from /home/facuvega/Descargas/crypto-etl-airflow/airflow-apache/lib/python3.11/site-packages/airflow/example_dags/example_latest_only.py
[2025-04-27T20:48:17.114-0300] {logging_mixin.py:188} INFO - [2025-04-27T20:48:17.114-0300] {dag.py:3096} INFO - Sync 1 DAGs
[2025-04-27T20:48:17.129-0300] {logging_mixin.py:188} INFO - [2025-04-27T20:48:17.129-0300] {dag.py:3954} INFO - Setting next_dagrun for latest_only to 2025-04-27 16:00:00+00:00, run_after=2025-04-27 20:00:00+00:00
[2025-04-27T20:48:17.144-0300] {processor.py:183} INFO - Processing /home/facuvega/Descargas/crypto-etl-airflow/airflow-apache/lib/python3.11/site-packages/airflow/example_dags/example_latest_only.py took 0.061 seconds
[2025-04-27T20:49:24.503-0300] {processor.py:161} INFO - Started process (PID=21503) to work on /home/facuvega/Descargas/crypto-etl-airflow/airflow-apache/lib/python3.11/site-packages/airflow/example_dags/example_latest_only.py
[2025-04-27T20:49:24.504-0300] {processor.py:830} INFO - Processing file /home/facuvega/Descargas/crypto-etl-airflow/airflow-apache/lib/python3.11/site-packages/airflow/example_dags/example_latest_only.py for tasks to queue
[2025-04-27T20:49:24.505-0300] {logging_mixin.py:188} INFO - [2025-04-27T20:49:24.505-0300] {dagbag.py:540} INFO - Filling up the DagBag from /home/facuvega/Descargas/crypto-etl-airflow/airflow-apache/lib/python3.11/site-packages/airflow/example_dags/example_latest_only.py
[2025-04-27T20:49:24.511-0300] {processor.py:840} INFO - DAG(s) 'latest_only' retrieved from /home/facuvega/Descargas/crypto-etl-airflow/airflow-apache/lib/python3.11/site-packages/airflow/example_dags/example_latest_only.py
[2025-04-27T20:49:24.528-0300] {logging_mixin.py:188} INFO - [2025-04-27T20:49:24.528-0300] {dag.py:3096} INFO - Sync 1 DAGs
[2025-04-27T20:49:24.546-0300] {logging_mixin.py:188} INFO - [2025-04-27T20:49:24.546-0300] {dag.py:3954} INFO - Setting next_dagrun for latest_only to 2025-04-27 16:00:00+00:00, run_after=2025-04-27 20:00:00+00:00
[2025-04-27T20:49:24.560-0300] {processor.py:183} INFO - Processing /home/facuvega/Descargas/crypto-etl-airflow/airflow-apache/lib/python3.11/site-packages/airflow/example_dags/example_latest_only.py took 0.063 seconds
[2025-04-27T20:50:32.052-0300] {processor.py:161} INFO - Started process (PID=21965) to work on /home/facuvega/Descargas/crypto-etl-airflow/airflow-apache/lib/python3.11/site-packages/airflow/example_dags/example_latest_only.py
[2025-04-27T20:50:32.053-0300] {processor.py:830} INFO - Processing file /home/facuvega/Descargas/crypto-etl-airflow/airflow-apache/lib/python3.11/site-packages/airflow/example_dags/example_latest_only.py for tasks to queue
[2025-04-27T20:50:32.054-0300] {logging_mixin.py:188} INFO - [2025-04-27T20:50:32.054-0300] {dagbag.py:540} INFO - Filling up the DagBag from /home/facuvega/Descargas/crypto-etl-airflow/airflow-apache/lib/python3.11/site-packages/airflow/example_dags/example_latest_only.py
[2025-04-27T20:50:32.059-0300] {processor.py:840} INFO - DAG(s) 'latest_only' retrieved from /home/facuvega/Descargas/crypto-etl-airflow/airflow-apache/lib/python3.11/site-packages/airflow/example_dags/example_latest_only.py
[2025-04-27T20:50:32.077-0300] {logging_mixin.py:188} INFO - [2025-04-27T20:50:32.077-0300] {dag.py:3096} INFO - Sync 1 DAGs
[2025-04-27T20:50:32.092-0300] {logging_mixin.py:188} INFO - [2025-04-27T20:50:32.092-0300] {dag.py:3954} INFO - Setting next_dagrun for latest_only to 2025-04-27 16:00:00+00:00, run_after=2025-04-27 20:00:00+00:00
[2025-04-27T20:50:32.105-0300] {processor.py:183} INFO - Processing /home/facuvega/Descargas/crypto-etl-airflow/airflow-apache/lib/python3.11/site-packages/airflow/example_dags/example_latest_only.py took 0.059 seconds
[2025-04-27T20:51:29.321-0300] {processor.py:161} INFO - Started process (PID=22399) to work on /home/facuvega/Descargas/crypto-etl-airflow/airflow-apache/lib/python3.11/site-packages/airflow/example_dags/example_latest_only.py
[2025-04-27T20:51:29.322-0300] {processor.py:830} INFO - Processing file /home/facuvega/Descargas/crypto-etl-airflow/airflow-apache/lib/python3.11/site-packages/airflow/example_dags/example_latest_only.py for tasks to queue
[2025-04-27T20:51:29.324-0300] {logging_mixin.py:188} INFO - [2025-04-27T20:51:29.324-0300] {dagbag.py:540} INFO - Filling up the DagBag from /home/facuvega/Descargas/crypto-etl-airflow/airflow-apache/lib/python3.11/site-packages/airflow/example_dags/example_latest_only.py
[2025-04-27T20:51:29.330-0300] {processor.py:840} INFO - DAG(s) 'latest_only' retrieved from /home/facuvega/Descargas/crypto-etl-airflow/airflow-apache/lib/python3.11/site-packages/airflow/example_dags/example_latest_only.py
[2025-04-27T20:51:29.358-0300] {logging_mixin.py:188} INFO - [2025-04-27T20:51:29.358-0300] {dag.py:3096} INFO - Sync 1 DAGs
[2025-04-27T20:51:29.377-0300] {logging_mixin.py:188} INFO - [2025-04-27T20:51:29.377-0300] {dag.py:3954} INFO - Setting next_dagrun for latest_only to 2025-04-27 16:00:00+00:00, run_after=2025-04-27 20:00:00+00:00
[2025-04-27T20:51:29.394-0300] {processor.py:183} INFO - Processing /home/facuvega/Descargas/crypto-etl-airflow/airflow-apache/lib/python3.11/site-packages/airflow/example_dags/example_latest_only.py took 0.081 seconds
