[2025-04-27T20:09:59.327-0300] {processor.py:161} INFO - Started process (PID=9202) to work on /home/facuvega/Descargas/crypto-etl-airflow/airflow-apache/lib/python3.11/site-packages/airflow/example_dags/example_skip_dag.py
[2025-04-27T20:09:59.328-0300] {processor.py:830} INFO - Processing file /home/facuvega/Descargas/crypto-etl-airflow/airflow-apache/lib/python3.11/site-packages/airflow/example_dags/example_skip_dag.py for tasks to queue
[2025-04-27T20:09:59.330-0300] {logging_mixin.py:188} INFO - [2025-04-27T20:09:59.329-0300] {dagbag.py:540} INFO - Filling up the DagBag from /home/facuvega/Descargas/crypto-etl-airflow/airflow-apache/lib/python3.11/site-packages/airflow/example_dags/example_skip_dag.py
[2025-04-27T20:09:59.339-0300] {processor.py:840} INFO - DAG(s) 'example_skip_dag' retrieved from /home/facuvega/Descargas/crypto-etl-airflow/airflow-apache/lib/python3.11/site-packages/airflow/example_dags/example_skip_dag.py
[2025-04-27T20:09:59.417-0300] {logging_mixin.py:188} INFO - [2025-04-27T20:09:59.416-0300] {override.py:1829} INFO - Created Permission View: can edit on DAG:example_skip_dag
[2025-04-27T20:09:59.423-0300] {logging_mixin.py:188} INFO - [2025-04-27T20:09:59.423-0300] {override.py:1829} INFO - Created Permission View: can delete on DAG:example_skip_dag
[2025-04-27T20:09:59.427-0300] {logging_mixin.py:188} INFO - [2025-04-27T20:09:59.427-0300] {override.py:1829} INFO - Created Permission View: can read on DAG:example_skip_dag
[2025-04-27T20:09:59.427-0300] {logging_mixin.py:188} INFO - [2025-04-27T20:09:59.427-0300] {dag.py:3096} INFO - Sync 1 DAGs
[2025-04-27T20:09:59.434-0300] {logging_mixin.py:188} INFO - [2025-04-27T20:09:59.434-0300] {dag.py:3118} INFO - Creating ORM DAG for example_skip_dag
[2025-04-27T20:09:59.441-0300] {logging_mixin.py:188} INFO - [2025-04-27T20:09:59.441-0300] {dag.py:3954} INFO - Setting next_dagrun for example_skip_dag to 2025-04-26 00:00:00+00:00, run_after=2025-04-27 00:00:00+00:00
[2025-04-27T20:09:59.469-0300] {processor.py:183} INFO - Processing /home/facuvega/Descargas/crypto-etl-airflow/airflow-apache/lib/python3.11/site-packages/airflow/example_dags/example_skip_dag.py took 0.146 seconds
[2025-04-27T20:11:00.798-0300] {processor.py:161} INFO - Started process (PID=9825) to work on /home/facuvega/Descargas/crypto-etl-airflow/airflow-apache/lib/python3.11/site-packages/airflow/example_dags/example_skip_dag.py
[2025-04-27T20:11:00.800-0300] {processor.py:830} INFO - Processing file /home/facuvega/Descargas/crypto-etl-airflow/airflow-apache/lib/python3.11/site-packages/airflow/example_dags/example_skip_dag.py for tasks to queue
[2025-04-27T20:11:00.802-0300] {logging_mixin.py:188} INFO - [2025-04-27T20:11:00.801-0300] {dagbag.py:540} INFO - Filling up the DagBag from /home/facuvega/Descargas/crypto-etl-airflow/airflow-apache/lib/python3.11/site-packages/airflow/example_dags/example_skip_dag.py
[2025-04-27T20:11:00.808-0300] {processor.py:840} INFO - DAG(s) 'example_skip_dag' retrieved from /home/facuvega/Descargas/crypto-etl-airflow/airflow-apache/lib/python3.11/site-packages/airflow/example_dags/example_skip_dag.py
[2025-04-27T20:11:00.821-0300] {logging_mixin.py:188} INFO - [2025-04-27T20:11:00.821-0300] {dag.py:3096} INFO - Sync 1 DAGs
[2025-04-27T20:11:00.835-0300] {logging_mixin.py:188} INFO - [2025-04-27T20:11:00.835-0300] {dag.py:3954} INFO - Setting next_dagrun for example_skip_dag to 2025-04-26 00:00:00+00:00, run_after=2025-04-27 00:00:00+00:00
[2025-04-27T20:11:00.849-0300] {processor.py:183} INFO - Processing /home/facuvega/Descargas/crypto-etl-airflow/airflow-apache/lib/python3.11/site-packages/airflow/example_dags/example_skip_dag.py took 0.056 seconds
[2025-04-27T20:11:50.578-0300] {processor.py:161} INFO - Started process (PID=10104) to work on /home/facuvega/Descargas/crypto-etl-airflow/airflow-apache/lib/python3.11/site-packages/airflow/example_dags/example_skip_dag.py
[2025-04-27T20:11:50.579-0300] {processor.py:830} INFO - Processing file /home/facuvega/Descargas/crypto-etl-airflow/airflow-apache/lib/python3.11/site-packages/airflow/example_dags/example_skip_dag.py for tasks to queue
[2025-04-27T20:11:50.581-0300] {logging_mixin.py:188} INFO - [2025-04-27T20:11:50.580-0300] {dagbag.py:540} INFO - Filling up the DagBag from /home/facuvega/Descargas/crypto-etl-airflow/airflow-apache/lib/python3.11/site-packages/airflow/example_dags/example_skip_dag.py
[2025-04-27T20:11:50.587-0300] {processor.py:840} INFO - DAG(s) 'example_skip_dag' retrieved from /home/facuvega/Descargas/crypto-etl-airflow/airflow-apache/lib/python3.11/site-packages/airflow/example_dags/example_skip_dag.py
[2025-04-27T20:11:50.600-0300] {logging_mixin.py:188} INFO - [2025-04-27T20:11:50.600-0300] {dag.py:3096} INFO - Sync 1 DAGs
[2025-04-27T20:11:50.614-0300] {logging_mixin.py:188} INFO - [2025-04-27T20:11:50.614-0300] {dag.py:3954} INFO - Setting next_dagrun for example_skip_dag to 2025-04-26 00:00:00+00:00, run_after=2025-04-27 00:00:00+00:00
[2025-04-27T20:11:50.628-0300] {processor.py:183} INFO - Processing /home/facuvega/Descargas/crypto-etl-airflow/airflow-apache/lib/python3.11/site-packages/airflow/example_dags/example_skip_dag.py took 0.054 seconds
[2025-04-27T20:12:42.153-0300] {processor.py:161} INFO - Started process (PID=10482) to work on /home/facuvega/Descargas/crypto-etl-airflow/airflow-apache/lib/python3.11/site-packages/airflow/example_dags/example_skip_dag.py
[2025-04-27T20:12:42.156-0300] {processor.py:830} INFO - Processing file /home/facuvega/Descargas/crypto-etl-airflow/airflow-apache/lib/python3.11/site-packages/airflow/example_dags/example_skip_dag.py for tasks to queue
[2025-04-27T20:12:42.159-0300] {logging_mixin.py:188} INFO - [2025-04-27T20:12:42.158-0300] {dagbag.py:540} INFO - Filling up the DagBag from /home/facuvega/Descargas/crypto-etl-airflow/airflow-apache/lib/python3.11/site-packages/airflow/example_dags/example_skip_dag.py
[2025-04-27T20:12:42.167-0300] {processor.py:840} INFO - DAG(s) 'example_skip_dag' retrieved from /home/facuvega/Descargas/crypto-etl-airflow/airflow-apache/lib/python3.11/site-packages/airflow/example_dags/example_skip_dag.py
[2025-04-27T20:12:42.188-0300] {logging_mixin.py:188} INFO - [2025-04-27T20:12:42.188-0300] {dag.py:3096} INFO - Sync 1 DAGs
[2025-04-27T20:12:42.271-0300] {logging_mixin.py:188} INFO - [2025-04-27T20:12:42.271-0300] {dag.py:3954} INFO - Setting next_dagrun for example_skip_dag to 2025-04-26 00:00:00+00:00, run_after=2025-04-27 00:00:00+00:00
[2025-04-27T20:12:42.296-0300] {processor.py:183} INFO - Processing /home/facuvega/Descargas/crypto-etl-airflow/airflow-apache/lib/python3.11/site-packages/airflow/example_dags/example_skip_dag.py took 0.164 seconds
[2025-04-27T20:13:23.509-0300] {processor.py:161} INFO - Started process (PID=10684) to work on /home/facuvega/Descargas/crypto-etl-airflow/airflow-apache/lib/python3.11/site-packages/airflow/example_dags/example_skip_dag.py
[2025-04-27T20:13:23.510-0300] {processor.py:830} INFO - Processing file /home/facuvega/Descargas/crypto-etl-airflow/airflow-apache/lib/python3.11/site-packages/airflow/example_dags/example_skip_dag.py for tasks to queue
[2025-04-27T20:13:23.512-0300] {logging_mixin.py:188} INFO - [2025-04-27T20:13:23.511-0300] {dagbag.py:540} INFO - Filling up the DagBag from /home/facuvega/Descargas/crypto-etl-airflow/airflow-apache/lib/python3.11/site-packages/airflow/example_dags/example_skip_dag.py
[2025-04-27T20:13:23.518-0300] {processor.py:840} INFO - DAG(s) 'example_skip_dag' retrieved from /home/facuvega/Descargas/crypto-etl-airflow/airflow-apache/lib/python3.11/site-packages/airflow/example_dags/example_skip_dag.py
[2025-04-27T20:13:23.532-0300] {logging_mixin.py:188} INFO - [2025-04-27T20:13:23.532-0300] {dag.py:3096} INFO - Sync 1 DAGs
[2025-04-27T20:13:23.546-0300] {logging_mixin.py:188} INFO - [2025-04-27T20:13:23.546-0300] {dag.py:3954} INFO - Setting next_dagrun for example_skip_dag to 2025-04-26 00:00:00+00:00, run_after=2025-04-27 00:00:00+00:00
[2025-04-27T20:13:23.560-0300] {processor.py:183} INFO - Processing /home/facuvega/Descargas/crypto-etl-airflow/airflow-apache/lib/python3.11/site-packages/airflow/example_dags/example_skip_dag.py took 0.057 seconds
[2025-04-27T20:14:01.248-0300] {processor.py:161} INFO - Started process (PID=10848) to work on /home/facuvega/Descargas/crypto-etl-airflow/airflow-apache/lib/python3.11/site-packages/airflow/example_dags/example_skip_dag.py
[2025-04-27T20:14:01.249-0300] {processor.py:830} INFO - Processing file /home/facuvega/Descargas/crypto-etl-airflow/airflow-apache/lib/python3.11/site-packages/airflow/example_dags/example_skip_dag.py for tasks to queue
[2025-04-27T20:14:01.251-0300] {logging_mixin.py:188} INFO - [2025-04-27T20:14:01.251-0300] {dagbag.py:540} INFO - Filling up the DagBag from /home/facuvega/Descargas/crypto-etl-airflow/airflow-apache/lib/python3.11/site-packages/airflow/example_dags/example_skip_dag.py
[2025-04-27T20:14:01.258-0300] {processor.py:840} INFO - DAG(s) 'example_skip_dag' retrieved from /home/facuvega/Descargas/crypto-etl-airflow/airflow-apache/lib/python3.11/site-packages/airflow/example_dags/example_skip_dag.py
[2025-04-27T20:14:01.272-0300] {logging_mixin.py:188} INFO - [2025-04-27T20:14:01.272-0300] {dag.py:3096} INFO - Sync 1 DAGs
[2025-04-27T20:14:01.286-0300] {logging_mixin.py:188} INFO - [2025-04-27T20:14:01.286-0300] {dag.py:3954} INFO - Setting next_dagrun for example_skip_dag to 2025-04-26 00:00:00+00:00, run_after=2025-04-27 00:00:00+00:00
[2025-04-27T20:14:01.299-0300] {processor.py:183} INFO - Processing /home/facuvega/Descargas/crypto-etl-airflow/airflow-apache/lib/python3.11/site-packages/airflow/example_dags/example_skip_dag.py took 0.056 seconds
[2025-04-27T20:14:42.400-0300] {processor.py:161} INFO - Started process (PID=11052) to work on /home/facuvega/Descargas/crypto-etl-airflow/airflow-apache/lib/python3.11/site-packages/airflow/example_dags/example_skip_dag.py
[2025-04-27T20:14:42.401-0300] {processor.py:830} INFO - Processing file /home/facuvega/Descargas/crypto-etl-airflow/airflow-apache/lib/python3.11/site-packages/airflow/example_dags/example_skip_dag.py for tasks to queue
[2025-04-27T20:14:42.403-0300] {logging_mixin.py:188} INFO - [2025-04-27T20:14:42.403-0300] {dagbag.py:540} INFO - Filling up the DagBag from /home/facuvega/Descargas/crypto-etl-airflow/airflow-apache/lib/python3.11/site-packages/airflow/example_dags/example_skip_dag.py
[2025-04-27T20:14:42.410-0300] {processor.py:840} INFO - DAG(s) 'example_skip_dag' retrieved from /home/facuvega/Descargas/crypto-etl-airflow/airflow-apache/lib/python3.11/site-packages/airflow/example_dags/example_skip_dag.py
[2025-04-27T20:14:42.427-0300] {logging_mixin.py:188} INFO - [2025-04-27T20:14:42.427-0300] {dag.py:3096} INFO - Sync 1 DAGs
[2025-04-27T20:14:42.446-0300] {logging_mixin.py:188} INFO - [2025-04-27T20:14:42.445-0300] {dag.py:3954} INFO - Setting next_dagrun for example_skip_dag to 2025-04-26 00:00:00+00:00, run_after=2025-04-27 00:00:00+00:00
[2025-04-27T20:14:42.468-0300] {processor.py:183} INFO - Processing /home/facuvega/Descargas/crypto-etl-airflow/airflow-apache/lib/python3.11/site-packages/airflow/example_dags/example_skip_dag.py took 0.074 seconds
[2025-04-27T20:15:23.422-0300] {processor.py:161} INFO - Started process (PID=11252) to work on /home/facuvega/Descargas/crypto-etl-airflow/airflow-apache/lib/python3.11/site-packages/airflow/example_dags/example_skip_dag.py
[2025-04-27T20:15:23.423-0300] {processor.py:830} INFO - Processing file /home/facuvega/Descargas/crypto-etl-airflow/airflow-apache/lib/python3.11/site-packages/airflow/example_dags/example_skip_dag.py for tasks to queue
[2025-04-27T20:15:23.424-0300] {logging_mixin.py:188} INFO - [2025-04-27T20:15:23.424-0300] {dagbag.py:540} INFO - Filling up the DagBag from /home/facuvega/Descargas/crypto-etl-airflow/airflow-apache/lib/python3.11/site-packages/airflow/example_dags/example_skip_dag.py
[2025-04-27T20:15:23.430-0300] {processor.py:840} INFO - DAG(s) 'example_skip_dag' retrieved from /home/facuvega/Descargas/crypto-etl-airflow/airflow-apache/lib/python3.11/site-packages/airflow/example_dags/example_skip_dag.py
[2025-04-27T20:15:23.442-0300] {logging_mixin.py:188} INFO - [2025-04-27T20:15:23.442-0300] {dag.py:3096} INFO - Sync 1 DAGs
[2025-04-27T20:15:23.455-0300] {logging_mixin.py:188} INFO - [2025-04-27T20:15:23.455-0300] {dag.py:3954} INFO - Setting next_dagrun for example_skip_dag to 2025-04-26 00:00:00+00:00, run_after=2025-04-27 00:00:00+00:00
[2025-04-27T20:15:23.469-0300] {processor.py:183} INFO - Processing /home/facuvega/Descargas/crypto-etl-airflow/airflow-apache/lib/python3.11/site-packages/airflow/example_dags/example_skip_dag.py took 0.051 seconds
[2025-04-27T20:16:03.141-0300] {processor.py:161} INFO - Started process (PID=11433) to work on /home/facuvega/Descargas/crypto-etl-airflow/airflow-apache/lib/python3.11/site-packages/airflow/example_dags/example_skip_dag.py
[2025-04-27T20:16:03.142-0300] {processor.py:830} INFO - Processing file /home/facuvega/Descargas/crypto-etl-airflow/airflow-apache/lib/python3.11/site-packages/airflow/example_dags/example_skip_dag.py for tasks to queue
[2025-04-27T20:16:03.144-0300] {logging_mixin.py:188} INFO - [2025-04-27T20:16:03.143-0300] {dagbag.py:540} INFO - Filling up the DagBag from /home/facuvega/Descargas/crypto-etl-airflow/airflow-apache/lib/python3.11/site-packages/airflow/example_dags/example_skip_dag.py
[2025-04-27T20:16:03.151-0300] {processor.py:840} INFO - DAG(s) 'example_skip_dag' retrieved from /home/facuvega/Descargas/crypto-etl-airflow/airflow-apache/lib/python3.11/site-packages/airflow/example_dags/example_skip_dag.py
[2025-04-27T20:16:03.166-0300] {logging_mixin.py:188} INFO - [2025-04-27T20:16:03.165-0300] {dag.py:3096} INFO - Sync 1 DAGs
[2025-04-27T20:16:03.180-0300] {logging_mixin.py:188} INFO - [2025-04-27T20:16:03.180-0300] {dag.py:3954} INFO - Setting next_dagrun for example_skip_dag to 2025-04-26 00:00:00+00:00, run_after=2025-04-27 00:00:00+00:00
[2025-04-27T20:16:03.196-0300] {processor.py:183} INFO - Processing /home/facuvega/Descargas/crypto-etl-airflow/airflow-apache/lib/python3.11/site-packages/airflow/example_dags/example_skip_dag.py took 0.061 seconds
[2025-04-27T20:16:42.884-0300] {processor.py:161} INFO - Started process (PID=11611) to work on /home/facuvega/Descargas/crypto-etl-airflow/airflow-apache/lib/python3.11/site-packages/airflow/example_dags/example_skip_dag.py
[2025-04-27T20:16:42.885-0300] {processor.py:830} INFO - Processing file /home/facuvega/Descargas/crypto-etl-airflow/airflow-apache/lib/python3.11/site-packages/airflow/example_dags/example_skip_dag.py for tasks to queue
[2025-04-27T20:16:42.887-0300] {logging_mixin.py:188} INFO - [2025-04-27T20:16:42.886-0300] {dagbag.py:540} INFO - Filling up the DagBag from /home/facuvega/Descargas/crypto-etl-airflow/airflow-apache/lib/python3.11/site-packages/airflow/example_dags/example_skip_dag.py
[2025-04-27T20:16:42.892-0300] {processor.py:840} INFO - DAG(s) 'example_skip_dag' retrieved from /home/facuvega/Descargas/crypto-etl-airflow/airflow-apache/lib/python3.11/site-packages/airflow/example_dags/example_skip_dag.py
[2025-04-27T20:16:42.906-0300] {logging_mixin.py:188} INFO - [2025-04-27T20:16:42.906-0300] {dag.py:3096} INFO - Sync 1 DAGs
[2025-04-27T20:16:42.922-0300] {logging_mixin.py:188} INFO - [2025-04-27T20:16:42.922-0300] {dag.py:3954} INFO - Setting next_dagrun for example_skip_dag to 2025-04-26 00:00:00+00:00, run_after=2025-04-27 00:00:00+00:00
[2025-04-27T20:16:42.939-0300] {processor.py:183} INFO - Processing /home/facuvega/Descargas/crypto-etl-airflow/airflow-apache/lib/python3.11/site-packages/airflow/example_dags/example_skip_dag.py took 0.060 seconds
[2025-04-27T20:17:26.804-0300] {processor.py:161} INFO - Started process (PID=11808) to work on /home/facuvega/Descargas/crypto-etl-airflow/airflow-apache/lib/python3.11/site-packages/airflow/example_dags/example_skip_dag.py
[2025-04-27T20:17:26.805-0300] {processor.py:830} INFO - Processing file /home/facuvega/Descargas/crypto-etl-airflow/airflow-apache/lib/python3.11/site-packages/airflow/example_dags/example_skip_dag.py for tasks to queue
[2025-04-27T20:17:26.807-0300] {logging_mixin.py:188} INFO - [2025-04-27T20:17:26.806-0300] {dagbag.py:540} INFO - Filling up the DagBag from /home/facuvega/Descargas/crypto-etl-airflow/airflow-apache/lib/python3.11/site-packages/airflow/example_dags/example_skip_dag.py
[2025-04-27T20:17:26.814-0300] {processor.py:840} INFO - DAG(s) 'example_skip_dag' retrieved from /home/facuvega/Descargas/crypto-etl-airflow/airflow-apache/lib/python3.11/site-packages/airflow/example_dags/example_skip_dag.py
[2025-04-27T20:17:26.829-0300] {logging_mixin.py:188} INFO - [2025-04-27T20:17:26.829-0300] {dag.py:3096} INFO - Sync 1 DAGs
[2025-04-27T20:17:26.845-0300] {logging_mixin.py:188} INFO - [2025-04-27T20:17:26.845-0300] {dag.py:3954} INFO - Setting next_dagrun for example_skip_dag to 2025-04-26 00:00:00+00:00, run_after=2025-04-27 00:00:00+00:00
[2025-04-27T20:17:26.859-0300] {processor.py:183} INFO - Processing /home/facuvega/Descargas/crypto-etl-airflow/airflow-apache/lib/python3.11/site-packages/airflow/example_dags/example_skip_dag.py took 0.061 seconds
[2025-04-27T20:18:06.229-0300] {processor.py:161} INFO - Started process (PID=12118) to work on /home/facuvega/Descargas/crypto-etl-airflow/airflow-apache/lib/python3.11/site-packages/airflow/example_dags/example_skip_dag.py
[2025-04-27T20:18:06.230-0300] {processor.py:830} INFO - Processing file /home/facuvega/Descargas/crypto-etl-airflow/airflow-apache/lib/python3.11/site-packages/airflow/example_dags/example_skip_dag.py for tasks to queue
[2025-04-27T20:18:06.232-0300] {logging_mixin.py:188} INFO - [2025-04-27T20:18:06.231-0300] {dagbag.py:540} INFO - Filling up the DagBag from /home/facuvega/Descargas/crypto-etl-airflow/airflow-apache/lib/python3.11/site-packages/airflow/example_dags/example_skip_dag.py
[2025-04-27T20:18:06.239-0300] {processor.py:840} INFO - DAG(s) 'example_skip_dag' retrieved from /home/facuvega/Descargas/crypto-etl-airflow/airflow-apache/lib/python3.11/site-packages/airflow/example_dags/example_skip_dag.py
[2025-04-27T20:18:06.255-0300] {logging_mixin.py:188} INFO - [2025-04-27T20:18:06.255-0300] {dag.py:3096} INFO - Sync 1 DAGs
[2025-04-27T20:18:06.269-0300] {logging_mixin.py:188} INFO - [2025-04-27T20:18:06.269-0300] {dag.py:3954} INFO - Setting next_dagrun for example_skip_dag to 2025-04-26 00:00:00+00:00, run_after=2025-04-27 00:00:00+00:00
[2025-04-27T20:18:06.283-0300] {processor.py:183} INFO - Processing /home/facuvega/Descargas/crypto-etl-airflow/airflow-apache/lib/python3.11/site-packages/airflow/example_dags/example_skip_dag.py took 0.059 seconds
[2025-04-27T20:18:45.217-0300] {processor.py:161} INFO - Started process (PID=12295) to work on /home/facuvega/Descargas/crypto-etl-airflow/airflow-apache/lib/python3.11/site-packages/airflow/example_dags/example_skip_dag.py
[2025-04-27T20:18:45.218-0300] {processor.py:830} INFO - Processing file /home/facuvega/Descargas/crypto-etl-airflow/airflow-apache/lib/python3.11/site-packages/airflow/example_dags/example_skip_dag.py for tasks to queue
[2025-04-27T20:18:45.219-0300] {logging_mixin.py:188} INFO - [2025-04-27T20:18:45.219-0300] {dagbag.py:540} INFO - Filling up the DagBag from /home/facuvega/Descargas/crypto-etl-airflow/airflow-apache/lib/python3.11/site-packages/airflow/example_dags/example_skip_dag.py
[2025-04-27T20:18:45.227-0300] {processor.py:840} INFO - DAG(s) 'example_skip_dag' retrieved from /home/facuvega/Descargas/crypto-etl-airflow/airflow-apache/lib/python3.11/site-packages/airflow/example_dags/example_skip_dag.py
[2025-04-27T20:18:45.241-0300] {logging_mixin.py:188} INFO - [2025-04-27T20:18:45.241-0300] {dag.py:3096} INFO - Sync 1 DAGs
[2025-04-27T20:18:45.254-0300] {logging_mixin.py:188} INFO - [2025-04-27T20:18:45.254-0300] {dag.py:3954} INFO - Setting next_dagrun for example_skip_dag to 2025-04-26 00:00:00+00:00, run_after=2025-04-27 00:00:00+00:00
[2025-04-27T20:18:45.268-0300] {processor.py:183} INFO - Processing /home/facuvega/Descargas/crypto-etl-airflow/airflow-apache/lib/python3.11/site-packages/airflow/example_dags/example_skip_dag.py took 0.057 seconds
[2025-04-27T20:19:25.319-0300] {processor.py:161} INFO - Started process (PID=12474) to work on /home/facuvega/Descargas/crypto-etl-airflow/airflow-apache/lib/python3.11/site-packages/airflow/example_dags/example_skip_dag.py
[2025-04-27T20:19:25.320-0300] {processor.py:830} INFO - Processing file /home/facuvega/Descargas/crypto-etl-airflow/airflow-apache/lib/python3.11/site-packages/airflow/example_dags/example_skip_dag.py for tasks to queue
[2025-04-27T20:19:25.322-0300] {logging_mixin.py:188} INFO - [2025-04-27T20:19:25.321-0300] {dagbag.py:540} INFO - Filling up the DagBag from /home/facuvega/Descargas/crypto-etl-airflow/airflow-apache/lib/python3.11/site-packages/airflow/example_dags/example_skip_dag.py
[2025-04-27T20:19:25.329-0300] {processor.py:840} INFO - DAG(s) 'example_skip_dag' retrieved from /home/facuvega/Descargas/crypto-etl-airflow/airflow-apache/lib/python3.11/site-packages/airflow/example_dags/example_skip_dag.py
[2025-04-27T20:19:25.345-0300] {logging_mixin.py:188} INFO - [2025-04-27T20:19:25.345-0300] {dag.py:3096} INFO - Sync 1 DAGs
[2025-04-27T20:19:25.362-0300] {logging_mixin.py:188} INFO - [2025-04-27T20:19:25.362-0300] {dag.py:3954} INFO - Setting next_dagrun for example_skip_dag to 2025-04-26 00:00:00+00:00, run_after=2025-04-27 00:00:00+00:00
[2025-04-27T20:19:25.377-0300] {processor.py:183} INFO - Processing /home/facuvega/Descargas/crypto-etl-airflow/airflow-apache/lib/python3.11/site-packages/airflow/example_dags/example_skip_dag.py took 0.066 seconds
[2025-04-27T20:20:04.164-0300] {processor.py:161} INFO - Started process (PID=12701) to work on /home/facuvega/Descargas/crypto-etl-airflow/airflow-apache/lib/python3.11/site-packages/airflow/example_dags/example_skip_dag.py
[2025-04-27T20:20:04.165-0300] {processor.py:830} INFO - Processing file /home/facuvega/Descargas/crypto-etl-airflow/airflow-apache/lib/python3.11/site-packages/airflow/example_dags/example_skip_dag.py for tasks to queue
[2025-04-27T20:20:04.167-0300] {logging_mixin.py:188} INFO - [2025-04-27T20:20:04.167-0300] {dagbag.py:540} INFO - Filling up the DagBag from /home/facuvega/Descargas/crypto-etl-airflow/airflow-apache/lib/python3.11/site-packages/airflow/example_dags/example_skip_dag.py
[2025-04-27T20:20:04.174-0300] {processor.py:840} INFO - DAG(s) 'example_skip_dag' retrieved from /home/facuvega/Descargas/crypto-etl-airflow/airflow-apache/lib/python3.11/site-packages/airflow/example_dags/example_skip_dag.py
[2025-04-27T20:20:04.193-0300] {logging_mixin.py:188} INFO - [2025-04-27T20:20:04.193-0300] {dag.py:3096} INFO - Sync 1 DAGs
[2025-04-27T20:20:04.208-0300] {logging_mixin.py:188} INFO - [2025-04-27T20:20:04.208-0300] {dag.py:3954} INFO - Setting next_dagrun for example_skip_dag to 2025-04-26 00:00:00+00:00, run_after=2025-04-27 00:00:00+00:00
[2025-04-27T20:20:04.229-0300] {processor.py:183} INFO - Processing /home/facuvega/Descargas/crypto-etl-airflow/airflow-apache/lib/python3.11/site-packages/airflow/example_dags/example_skip_dag.py took 0.070 seconds
[2025-04-27T20:20:43.684-0300] {processor.py:161} INFO - Started process (PID=12883) to work on /home/facuvega/Descargas/crypto-etl-airflow/airflow-apache/lib/python3.11/site-packages/airflow/example_dags/example_skip_dag.py
[2025-04-27T20:20:43.685-0300] {processor.py:830} INFO - Processing file /home/facuvega/Descargas/crypto-etl-airflow/airflow-apache/lib/python3.11/site-packages/airflow/example_dags/example_skip_dag.py for tasks to queue
[2025-04-27T20:20:43.686-0300] {logging_mixin.py:188} INFO - [2025-04-27T20:20:43.686-0300] {dagbag.py:540} INFO - Filling up the DagBag from /home/facuvega/Descargas/crypto-etl-airflow/airflow-apache/lib/python3.11/site-packages/airflow/example_dags/example_skip_dag.py
[2025-04-27T20:20:43.693-0300] {processor.py:840} INFO - DAG(s) 'example_skip_dag' retrieved from /home/facuvega/Descargas/crypto-etl-airflow/airflow-apache/lib/python3.11/site-packages/airflow/example_dags/example_skip_dag.py
[2025-04-27T20:20:43.709-0300] {logging_mixin.py:188} INFO - [2025-04-27T20:20:43.709-0300] {dag.py:3096} INFO - Sync 1 DAGs
[2025-04-27T20:20:43.725-0300] {logging_mixin.py:188} INFO - [2025-04-27T20:20:43.725-0300] {dag.py:3954} INFO - Setting next_dagrun for example_skip_dag to 2025-04-26 00:00:00+00:00, run_after=2025-04-27 00:00:00+00:00
[2025-04-27T20:20:43.740-0300] {processor.py:183} INFO - Processing /home/facuvega/Descargas/crypto-etl-airflow/airflow-apache/lib/python3.11/site-packages/airflow/example_dags/example_skip_dag.py took 0.063 seconds
[2025-04-27T20:21:23.799-0300] {processor.py:161} INFO - Started process (PID=13066) to work on /home/facuvega/Descargas/crypto-etl-airflow/airflow-apache/lib/python3.11/site-packages/airflow/example_dags/example_skip_dag.py
[2025-04-27T20:21:23.800-0300] {processor.py:830} INFO - Processing file /home/facuvega/Descargas/crypto-etl-airflow/airflow-apache/lib/python3.11/site-packages/airflow/example_dags/example_skip_dag.py for tasks to queue
[2025-04-27T20:21:23.801-0300] {logging_mixin.py:188} INFO - [2025-04-27T20:21:23.801-0300] {dagbag.py:540} INFO - Filling up the DagBag from /home/facuvega/Descargas/crypto-etl-airflow/airflow-apache/lib/python3.11/site-packages/airflow/example_dags/example_skip_dag.py
[2025-04-27T20:21:23.807-0300] {processor.py:840} INFO - DAG(s) 'example_skip_dag' retrieved from /home/facuvega/Descargas/crypto-etl-airflow/airflow-apache/lib/python3.11/site-packages/airflow/example_dags/example_skip_dag.py
[2025-04-27T20:21:23.822-0300] {logging_mixin.py:188} INFO - [2025-04-27T20:21:23.822-0300] {dag.py:3096} INFO - Sync 1 DAGs
[2025-04-27T20:21:23.838-0300] {logging_mixin.py:188} INFO - [2025-04-27T20:21:23.838-0300] {dag.py:3954} INFO - Setting next_dagrun for example_skip_dag to 2025-04-26 00:00:00+00:00, run_after=2025-04-27 00:00:00+00:00
[2025-04-27T20:21:23.854-0300] {processor.py:183} INFO - Processing /home/facuvega/Descargas/crypto-etl-airflow/airflow-apache/lib/python3.11/site-packages/airflow/example_dags/example_skip_dag.py took 0.061 seconds
[2025-04-27T20:22:06.205-0300] {processor.py:161} INFO - Started process (PID=13255) to work on /home/facuvega/Descargas/crypto-etl-airflow/airflow-apache/lib/python3.11/site-packages/airflow/example_dags/example_skip_dag.py
[2025-04-27T20:22:06.206-0300] {processor.py:830} INFO - Processing file /home/facuvega/Descargas/crypto-etl-airflow/airflow-apache/lib/python3.11/site-packages/airflow/example_dags/example_skip_dag.py for tasks to queue
[2025-04-27T20:22:06.208-0300] {logging_mixin.py:188} INFO - [2025-04-27T20:22:06.208-0300] {dagbag.py:540} INFO - Filling up the DagBag from /home/facuvega/Descargas/crypto-etl-airflow/airflow-apache/lib/python3.11/site-packages/airflow/example_dags/example_skip_dag.py
[2025-04-27T20:22:06.217-0300] {processor.py:840} INFO - DAG(s) 'example_skip_dag' retrieved from /home/facuvega/Descargas/crypto-etl-airflow/airflow-apache/lib/python3.11/site-packages/airflow/example_dags/example_skip_dag.py
[2025-04-27T20:22:06.235-0300] {logging_mixin.py:188} INFO - [2025-04-27T20:22:06.235-0300] {dag.py:3096} INFO - Sync 1 DAGs
[2025-04-27T20:22:06.250-0300] {logging_mixin.py:188} INFO - [2025-04-27T20:22:06.249-0300] {dag.py:3954} INFO - Setting next_dagrun for example_skip_dag to 2025-04-26 00:00:00+00:00, run_after=2025-04-27 00:00:00+00:00
[2025-04-27T20:22:06.264-0300] {processor.py:183} INFO - Processing /home/facuvega/Descargas/crypto-etl-airflow/airflow-apache/lib/python3.11/site-packages/airflow/example_dags/example_skip_dag.py took 0.064 seconds
[2025-04-27T20:22:48.617-0300] {processor.py:161} INFO - Started process (PID=13445) to work on /home/facuvega/Descargas/crypto-etl-airflow/airflow-apache/lib/python3.11/site-packages/airflow/example_dags/example_skip_dag.py
[2025-04-27T20:22:48.618-0300] {processor.py:830} INFO - Processing file /home/facuvega/Descargas/crypto-etl-airflow/airflow-apache/lib/python3.11/site-packages/airflow/example_dags/example_skip_dag.py for tasks to queue
[2025-04-27T20:22:48.619-0300] {logging_mixin.py:188} INFO - [2025-04-27T20:22:48.619-0300] {dagbag.py:540} INFO - Filling up the DagBag from /home/facuvega/Descargas/crypto-etl-airflow/airflow-apache/lib/python3.11/site-packages/airflow/example_dags/example_skip_dag.py
[2025-04-27T20:22:48.625-0300] {processor.py:840} INFO - DAG(s) 'example_skip_dag' retrieved from /home/facuvega/Descargas/crypto-etl-airflow/airflow-apache/lib/python3.11/site-packages/airflow/example_dags/example_skip_dag.py
[2025-04-27T20:22:48.638-0300] {logging_mixin.py:188} INFO - [2025-04-27T20:22:48.638-0300] {dag.py:3096} INFO - Sync 1 DAGs
[2025-04-27T20:22:48.652-0300] {logging_mixin.py:188} INFO - [2025-04-27T20:22:48.652-0300] {dag.py:3954} INFO - Setting next_dagrun for example_skip_dag to 2025-04-26 00:00:00+00:00, run_after=2025-04-27 00:00:00+00:00
[2025-04-27T20:22:48.665-0300] {processor.py:183} INFO - Processing /home/facuvega/Descargas/crypto-etl-airflow/airflow-apache/lib/python3.11/site-packages/airflow/example_dags/example_skip_dag.py took 0.054 seconds
[2025-04-27T20:23:32.730-0300] {processor.py:161} INFO - Started process (PID=13637) to work on /home/facuvega/Descargas/crypto-etl-airflow/airflow-apache/lib/python3.11/site-packages/airflow/example_dags/example_skip_dag.py
[2025-04-27T20:23:32.730-0300] {processor.py:830} INFO - Processing file /home/facuvega/Descargas/crypto-etl-airflow/airflow-apache/lib/python3.11/site-packages/airflow/example_dags/example_skip_dag.py for tasks to queue
[2025-04-27T20:23:32.732-0300] {logging_mixin.py:188} INFO - [2025-04-27T20:23:32.732-0300] {dagbag.py:540} INFO - Filling up the DagBag from /home/facuvega/Descargas/crypto-etl-airflow/airflow-apache/lib/python3.11/site-packages/airflow/example_dags/example_skip_dag.py
[2025-04-27T20:23:32.738-0300] {processor.py:840} INFO - DAG(s) 'example_skip_dag' retrieved from /home/facuvega/Descargas/crypto-etl-airflow/airflow-apache/lib/python3.11/site-packages/airflow/example_dags/example_skip_dag.py
[2025-04-27T20:23:32.751-0300] {logging_mixin.py:188} INFO - [2025-04-27T20:23:32.751-0300] {dag.py:3096} INFO - Sync 1 DAGs
[2025-04-27T20:23:32.765-0300] {logging_mixin.py:188} INFO - [2025-04-27T20:23:32.765-0300] {dag.py:3954} INFO - Setting next_dagrun for example_skip_dag to 2025-04-26 00:00:00+00:00, run_after=2025-04-27 00:00:00+00:00
[2025-04-27T20:23:32.778-0300] {processor.py:183} INFO - Processing /home/facuvega/Descargas/crypto-etl-airflow/airflow-apache/lib/python3.11/site-packages/airflow/example_dags/example_skip_dag.py took 0.054 seconds
[2025-04-27T20:24:10.987-0300] {processor.py:161} INFO - Started process (PID=13808) to work on /home/facuvega/Descargas/crypto-etl-airflow/airflow-apache/lib/python3.11/site-packages/airflow/example_dags/example_skip_dag.py
[2025-04-27T20:24:10.988-0300] {processor.py:830} INFO - Processing file /home/facuvega/Descargas/crypto-etl-airflow/airflow-apache/lib/python3.11/site-packages/airflow/example_dags/example_skip_dag.py for tasks to queue
[2025-04-27T20:24:10.990-0300] {logging_mixin.py:188} INFO - [2025-04-27T20:24:10.990-0300] {dagbag.py:540} INFO - Filling up the DagBag from /home/facuvega/Descargas/crypto-etl-airflow/airflow-apache/lib/python3.11/site-packages/airflow/example_dags/example_skip_dag.py
[2025-04-27T20:24:10.996-0300] {processor.py:840} INFO - DAG(s) 'example_skip_dag' retrieved from /home/facuvega/Descargas/crypto-etl-airflow/airflow-apache/lib/python3.11/site-packages/airflow/example_dags/example_skip_dag.py
[2025-04-27T20:24:11.008-0300] {logging_mixin.py:188} INFO - [2025-04-27T20:24:11.008-0300] {dag.py:3096} INFO - Sync 1 DAGs
[2025-04-27T20:24:11.021-0300] {logging_mixin.py:188} INFO - [2025-04-27T20:24:11.021-0300] {dag.py:3954} INFO - Setting next_dagrun for example_skip_dag to 2025-04-26 00:00:00+00:00, run_after=2025-04-27 00:00:00+00:00
[2025-04-27T20:24:11.034-0300] {processor.py:183} INFO - Processing /home/facuvega/Descargas/crypto-etl-airflow/airflow-apache/lib/python3.11/site-packages/airflow/example_dags/example_skip_dag.py took 0.051 seconds
[2025-04-27T20:24:48.130-0300] {processor.py:161} INFO - Started process (PID=14012) to work on /home/facuvega/Descargas/crypto-etl-airflow/airflow-apache/lib/python3.11/site-packages/airflow/example_dags/example_skip_dag.py
[2025-04-27T20:24:48.131-0300] {processor.py:830} INFO - Processing file /home/facuvega/Descargas/crypto-etl-airflow/airflow-apache/lib/python3.11/site-packages/airflow/example_dags/example_skip_dag.py for tasks to queue
[2025-04-27T20:24:48.133-0300] {logging_mixin.py:188} INFO - [2025-04-27T20:24:48.133-0300] {dagbag.py:540} INFO - Filling up the DagBag from /home/facuvega/Descargas/crypto-etl-airflow/airflow-apache/lib/python3.11/site-packages/airflow/example_dags/example_skip_dag.py
[2025-04-27T20:24:48.139-0300] {processor.py:840} INFO - DAG(s) 'example_skip_dag' retrieved from /home/facuvega/Descargas/crypto-etl-airflow/airflow-apache/lib/python3.11/site-packages/airflow/example_dags/example_skip_dag.py
[2025-04-27T20:24:48.151-0300] {logging_mixin.py:188} INFO - [2025-04-27T20:24:48.151-0300] {dag.py:3096} INFO - Sync 1 DAGs
[2025-04-27T20:24:48.164-0300] {logging_mixin.py:188} INFO - [2025-04-27T20:24:48.164-0300] {dag.py:3954} INFO - Setting next_dagrun for example_skip_dag to 2025-04-26 00:00:00+00:00, run_after=2025-04-27 00:00:00+00:00
[2025-04-27T20:24:48.177-0300] {processor.py:183} INFO - Processing /home/facuvega/Descargas/crypto-etl-airflow/airflow-apache/lib/python3.11/site-packages/airflow/example_dags/example_skip_dag.py took 0.051 seconds
[2025-04-27T20:25:26.904-0300] {processor.py:161} INFO - Started process (PID=14192) to work on /home/facuvega/Descargas/crypto-etl-airflow/airflow-apache/lib/python3.11/site-packages/airflow/example_dags/example_skip_dag.py
[2025-04-27T20:25:26.905-0300] {processor.py:830} INFO - Processing file /home/facuvega/Descargas/crypto-etl-airflow/airflow-apache/lib/python3.11/site-packages/airflow/example_dags/example_skip_dag.py for tasks to queue
[2025-04-27T20:25:26.907-0300] {logging_mixin.py:188} INFO - [2025-04-27T20:25:26.906-0300] {dagbag.py:540} INFO - Filling up the DagBag from /home/facuvega/Descargas/crypto-etl-airflow/airflow-apache/lib/python3.11/site-packages/airflow/example_dags/example_skip_dag.py
[2025-04-27T20:25:26.914-0300] {processor.py:840} INFO - DAG(s) 'example_skip_dag' retrieved from /home/facuvega/Descargas/crypto-etl-airflow/airflow-apache/lib/python3.11/site-packages/airflow/example_dags/example_skip_dag.py
[2025-04-27T20:25:26.929-0300] {logging_mixin.py:188} INFO - [2025-04-27T20:25:26.929-0300] {dag.py:3096} INFO - Sync 1 DAGs
[2025-04-27T20:25:26.947-0300] {logging_mixin.py:188} INFO - [2025-04-27T20:25:26.947-0300] {dag.py:3954} INFO - Setting next_dagrun for example_skip_dag to 2025-04-26 00:00:00+00:00, run_after=2025-04-27 00:00:00+00:00
[2025-04-27T20:25:26.961-0300] {processor.py:183} INFO - Processing /home/facuvega/Descargas/crypto-etl-airflow/airflow-apache/lib/python3.11/site-packages/airflow/example_dags/example_skip_dag.py took 0.063 seconds
[2025-04-27T20:26:11.291-0300] {processor.py:161} INFO - Started process (PID=14390) to work on /home/facuvega/Descargas/crypto-etl-airflow/airflow-apache/lib/python3.11/site-packages/airflow/example_dags/example_skip_dag.py
[2025-04-27T20:26:11.292-0300] {processor.py:830} INFO - Processing file /home/facuvega/Descargas/crypto-etl-airflow/airflow-apache/lib/python3.11/site-packages/airflow/example_dags/example_skip_dag.py for tasks to queue
[2025-04-27T20:26:11.294-0300] {logging_mixin.py:188} INFO - [2025-04-27T20:26:11.294-0300] {dagbag.py:540} INFO - Filling up the DagBag from /home/facuvega/Descargas/crypto-etl-airflow/airflow-apache/lib/python3.11/site-packages/airflow/example_dags/example_skip_dag.py
[2025-04-27T20:26:11.301-0300] {processor.py:840} INFO - DAG(s) 'example_skip_dag' retrieved from /home/facuvega/Descargas/crypto-etl-airflow/airflow-apache/lib/python3.11/site-packages/airflow/example_dags/example_skip_dag.py
[2025-04-27T20:26:11.318-0300] {logging_mixin.py:188} INFO - [2025-04-27T20:26:11.318-0300] {dag.py:3096} INFO - Sync 1 DAGs
[2025-04-27T20:26:11.334-0300] {logging_mixin.py:188} INFO - [2025-04-27T20:26:11.334-0300] {dag.py:3954} INFO - Setting next_dagrun for example_skip_dag to 2025-04-26 00:00:00+00:00, run_after=2025-04-27 00:00:00+00:00
[2025-04-27T20:26:11.350-0300] {processor.py:183} INFO - Processing /home/facuvega/Descargas/crypto-etl-airflow/airflow-apache/lib/python3.11/site-packages/airflow/example_dags/example_skip_dag.py took 0.065 seconds
[2025-04-27T20:26:51.893-0300] {processor.py:161} INFO - Started process (PID=14591) to work on /home/facuvega/Descargas/crypto-etl-airflow/airflow-apache/lib/python3.11/site-packages/airflow/example_dags/example_skip_dag.py
[2025-04-27T20:26:51.894-0300] {processor.py:830} INFO - Processing file /home/facuvega/Descargas/crypto-etl-airflow/airflow-apache/lib/python3.11/site-packages/airflow/example_dags/example_skip_dag.py for tasks to queue
[2025-04-27T20:26:51.896-0300] {logging_mixin.py:188} INFO - [2025-04-27T20:26:51.895-0300] {dagbag.py:540} INFO - Filling up the DagBag from /home/facuvega/Descargas/crypto-etl-airflow/airflow-apache/lib/python3.11/site-packages/airflow/example_dags/example_skip_dag.py
[2025-04-27T20:26:51.902-0300] {processor.py:840} INFO - DAG(s) 'example_skip_dag' retrieved from /home/facuvega/Descargas/crypto-etl-airflow/airflow-apache/lib/python3.11/site-packages/airflow/example_dags/example_skip_dag.py
[2025-04-27T20:26:51.914-0300] {logging_mixin.py:188} INFO - [2025-04-27T20:26:51.914-0300] {dag.py:3096} INFO - Sync 1 DAGs
[2025-04-27T20:26:51.927-0300] {logging_mixin.py:188} INFO - [2025-04-27T20:26:51.927-0300] {dag.py:3954} INFO - Setting next_dagrun for example_skip_dag to 2025-04-26 00:00:00+00:00, run_after=2025-04-27 00:00:00+00:00
[2025-04-27T20:26:51.940-0300] {processor.py:183} INFO - Processing /home/facuvega/Descargas/crypto-etl-airflow/airflow-apache/lib/python3.11/site-packages/airflow/example_dags/example_skip_dag.py took 0.052 seconds
[2025-04-27T20:27:31.313-0300] {processor.py:161} INFO - Started process (PID=14769) to work on /home/facuvega/Descargas/crypto-etl-airflow/airflow-apache/lib/python3.11/site-packages/airflow/example_dags/example_skip_dag.py
[2025-04-27T20:27:31.314-0300] {processor.py:830} INFO - Processing file /home/facuvega/Descargas/crypto-etl-airflow/airflow-apache/lib/python3.11/site-packages/airflow/example_dags/example_skip_dag.py for tasks to queue
[2025-04-27T20:27:31.315-0300] {logging_mixin.py:188} INFO - [2025-04-27T20:27:31.315-0300] {dagbag.py:540} INFO - Filling up the DagBag from /home/facuvega/Descargas/crypto-etl-airflow/airflow-apache/lib/python3.11/site-packages/airflow/example_dags/example_skip_dag.py
[2025-04-27T20:27:31.322-0300] {processor.py:840} INFO - DAG(s) 'example_skip_dag' retrieved from /home/facuvega/Descargas/crypto-etl-airflow/airflow-apache/lib/python3.11/site-packages/airflow/example_dags/example_skip_dag.py
[2025-04-27T20:27:31.335-0300] {logging_mixin.py:188} INFO - [2025-04-27T20:27:31.334-0300] {dag.py:3096} INFO - Sync 1 DAGs
[2025-04-27T20:27:31.348-0300] {logging_mixin.py:188} INFO - [2025-04-27T20:27:31.348-0300] {dag.py:3954} INFO - Setting next_dagrun for example_skip_dag to 2025-04-26 00:00:00+00:00, run_after=2025-04-27 00:00:00+00:00
[2025-04-27T20:27:31.362-0300] {processor.py:183} INFO - Processing /home/facuvega/Descargas/crypto-etl-airflow/airflow-apache/lib/python3.11/site-packages/airflow/example_dags/example_skip_dag.py took 0.054 seconds
[2025-04-27T20:28:09.328-0300] {processor.py:161} INFO - Started process (PID=14945) to work on /home/facuvega/Descargas/crypto-etl-airflow/airflow-apache/lib/python3.11/site-packages/airflow/example_dags/example_skip_dag.py
[2025-04-27T20:28:09.329-0300] {processor.py:830} INFO - Processing file /home/facuvega/Descargas/crypto-etl-airflow/airflow-apache/lib/python3.11/site-packages/airflow/example_dags/example_skip_dag.py for tasks to queue
[2025-04-27T20:28:09.331-0300] {logging_mixin.py:188} INFO - [2025-04-27T20:28:09.330-0300] {dagbag.py:540} INFO - Filling up the DagBag from /home/facuvega/Descargas/crypto-etl-airflow/airflow-apache/lib/python3.11/site-packages/airflow/example_dags/example_skip_dag.py
[2025-04-27T20:28:09.338-0300] {processor.py:840} INFO - DAG(s) 'example_skip_dag' retrieved from /home/facuvega/Descargas/crypto-etl-airflow/airflow-apache/lib/python3.11/site-packages/airflow/example_dags/example_skip_dag.py
[2025-04-27T20:28:09.355-0300] {logging_mixin.py:188} INFO - [2025-04-27T20:28:09.355-0300] {dag.py:3096} INFO - Sync 1 DAGs
[2025-04-27T20:28:09.371-0300] {logging_mixin.py:188} INFO - [2025-04-27T20:28:09.371-0300] {dag.py:3954} INFO - Setting next_dagrun for example_skip_dag to 2025-04-26 00:00:00+00:00, run_after=2025-04-27 00:00:00+00:00
[2025-04-27T20:28:09.385-0300] {processor.py:183} INFO - Processing /home/facuvega/Descargas/crypto-etl-airflow/airflow-apache/lib/python3.11/site-packages/airflow/example_dags/example_skip_dag.py took 0.063 seconds
[2025-04-27T20:28:51.983-0300] {processor.py:161} INFO - Started process (PID=15139) to work on /home/facuvega/Descargas/crypto-etl-airflow/airflow-apache/lib/python3.11/site-packages/airflow/example_dags/example_skip_dag.py
[2025-04-27T20:28:51.984-0300] {processor.py:830} INFO - Processing file /home/facuvega/Descargas/crypto-etl-airflow/airflow-apache/lib/python3.11/site-packages/airflow/example_dags/example_skip_dag.py for tasks to queue
[2025-04-27T20:28:51.985-0300] {logging_mixin.py:188} INFO - [2025-04-27T20:28:51.985-0300] {dagbag.py:540} INFO - Filling up the DagBag from /home/facuvega/Descargas/crypto-etl-airflow/airflow-apache/lib/python3.11/site-packages/airflow/example_dags/example_skip_dag.py
[2025-04-27T20:28:51.991-0300] {processor.py:840} INFO - DAG(s) 'example_skip_dag' retrieved from /home/facuvega/Descargas/crypto-etl-airflow/airflow-apache/lib/python3.11/site-packages/airflow/example_dags/example_skip_dag.py
[2025-04-27T20:28:52.004-0300] {logging_mixin.py:188} INFO - [2025-04-27T20:28:52.004-0300] {dag.py:3096} INFO - Sync 1 DAGs
[2025-04-27T20:28:52.017-0300] {logging_mixin.py:188} INFO - [2025-04-27T20:28:52.017-0300] {dag.py:3954} INFO - Setting next_dagrun for example_skip_dag to 2025-04-26 00:00:00+00:00, run_after=2025-04-27 00:00:00+00:00
[2025-04-27T20:28:52.031-0300] {processor.py:183} INFO - Processing /home/facuvega/Descargas/crypto-etl-airflow/airflow-apache/lib/python3.11/site-packages/airflow/example_dags/example_skip_dag.py took 0.054 seconds
[2025-04-27T20:29:34.691-0300] {processor.py:161} INFO - Started process (PID=15332) to work on /home/facuvega/Descargas/crypto-etl-airflow/airflow-apache/lib/python3.11/site-packages/airflow/example_dags/example_skip_dag.py
[2025-04-27T20:29:34.692-0300] {processor.py:830} INFO - Processing file /home/facuvega/Descargas/crypto-etl-airflow/airflow-apache/lib/python3.11/site-packages/airflow/example_dags/example_skip_dag.py for tasks to queue
[2025-04-27T20:29:34.693-0300] {logging_mixin.py:188} INFO - [2025-04-27T20:29:34.693-0300] {dagbag.py:540} INFO - Filling up the DagBag from /home/facuvega/Descargas/crypto-etl-airflow/airflow-apache/lib/python3.11/site-packages/airflow/example_dags/example_skip_dag.py
[2025-04-27T20:29:34.700-0300] {processor.py:840} INFO - DAG(s) 'example_skip_dag' retrieved from /home/facuvega/Descargas/crypto-etl-airflow/airflow-apache/lib/python3.11/site-packages/airflow/example_dags/example_skip_dag.py
[2025-04-27T20:29:34.713-0300] {logging_mixin.py:188} INFO - [2025-04-27T20:29:34.713-0300] {dag.py:3096} INFO - Sync 1 DAGs
[2025-04-27T20:29:34.727-0300] {logging_mixin.py:188} INFO - [2025-04-27T20:29:34.727-0300] {dag.py:3954} INFO - Setting next_dagrun for example_skip_dag to 2025-04-26 00:00:00+00:00, run_after=2025-04-27 00:00:00+00:00
[2025-04-27T20:29:34.744-0300] {processor.py:183} INFO - Processing /home/facuvega/Descargas/crypto-etl-airflow/airflow-apache/lib/python3.11/site-packages/airflow/example_dags/example_skip_dag.py took 0.058 seconds
[2025-04-27T20:30:13.277-0300] {processor.py:161} INFO - Started process (PID=15542) to work on /home/facuvega/Descargas/crypto-etl-airflow/airflow-apache/lib/python3.11/site-packages/airflow/example_dags/example_skip_dag.py
[2025-04-27T20:30:13.278-0300] {processor.py:830} INFO - Processing file /home/facuvega/Descargas/crypto-etl-airflow/airflow-apache/lib/python3.11/site-packages/airflow/example_dags/example_skip_dag.py for tasks to queue
[2025-04-27T20:30:13.279-0300] {logging_mixin.py:188} INFO - [2025-04-27T20:30:13.279-0300] {dagbag.py:540} INFO - Filling up the DagBag from /home/facuvega/Descargas/crypto-etl-airflow/airflow-apache/lib/python3.11/site-packages/airflow/example_dags/example_skip_dag.py
[2025-04-27T20:30:13.287-0300] {processor.py:840} INFO - DAG(s) 'example_skip_dag' retrieved from /home/facuvega/Descargas/crypto-etl-airflow/airflow-apache/lib/python3.11/site-packages/airflow/example_dags/example_skip_dag.py
[2025-04-27T20:30:13.303-0300] {logging_mixin.py:188} INFO - [2025-04-27T20:30:13.303-0300] {dag.py:3096} INFO - Sync 1 DAGs
[2025-04-27T20:30:13.318-0300] {logging_mixin.py:188} INFO - [2025-04-27T20:30:13.318-0300] {dag.py:3954} INFO - Setting next_dagrun for example_skip_dag to 2025-04-26 00:00:00+00:00, run_after=2025-04-27 00:00:00+00:00
[2025-04-27T20:30:13.332-0300] {processor.py:183} INFO - Processing /home/facuvega/Descargas/crypto-etl-airflow/airflow-apache/lib/python3.11/site-packages/airflow/example_dags/example_skip_dag.py took 0.060 seconds
[2025-04-27T20:30:52.561-0300] {processor.py:161} INFO - Started process (PID=15714) to work on /home/facuvega/Descargas/crypto-etl-airflow/airflow-apache/lib/python3.11/site-packages/airflow/example_dags/example_skip_dag.py
[2025-04-27T20:30:52.562-0300] {processor.py:830} INFO - Processing file /home/facuvega/Descargas/crypto-etl-airflow/airflow-apache/lib/python3.11/site-packages/airflow/example_dags/example_skip_dag.py for tasks to queue
[2025-04-27T20:30:52.563-0300] {logging_mixin.py:188} INFO - [2025-04-27T20:30:52.563-0300] {dagbag.py:540} INFO - Filling up the DagBag from /home/facuvega/Descargas/crypto-etl-airflow/airflow-apache/lib/python3.11/site-packages/airflow/example_dags/example_skip_dag.py
[2025-04-27T20:30:52.569-0300] {processor.py:840} INFO - DAG(s) 'example_skip_dag' retrieved from /home/facuvega/Descargas/crypto-etl-airflow/airflow-apache/lib/python3.11/site-packages/airflow/example_dags/example_skip_dag.py
[2025-04-27T20:30:52.582-0300] {logging_mixin.py:188} INFO - [2025-04-27T20:30:52.582-0300] {dag.py:3096} INFO - Sync 1 DAGs
[2025-04-27T20:30:52.598-0300] {logging_mixin.py:188} INFO - [2025-04-27T20:30:52.597-0300] {dag.py:3954} INFO - Setting next_dagrun for example_skip_dag to 2025-04-26 00:00:00+00:00, run_after=2025-04-27 00:00:00+00:00
[2025-04-27T20:30:52.612-0300] {processor.py:183} INFO - Processing /home/facuvega/Descargas/crypto-etl-airflow/airflow-apache/lib/python3.11/site-packages/airflow/example_dags/example_skip_dag.py took 0.056 seconds
[2025-04-27T20:31:31.280-0300] {processor.py:161} INFO - Started process (PID=15891) to work on /home/facuvega/Descargas/crypto-etl-airflow/airflow-apache/lib/python3.11/site-packages/airflow/example_dags/example_skip_dag.py
[2025-04-27T20:31:31.281-0300] {processor.py:830} INFO - Processing file /home/facuvega/Descargas/crypto-etl-airflow/airflow-apache/lib/python3.11/site-packages/airflow/example_dags/example_skip_dag.py for tasks to queue
[2025-04-27T20:31:31.282-0300] {logging_mixin.py:188} INFO - [2025-04-27T20:31:31.282-0300] {dagbag.py:540} INFO - Filling up the DagBag from /home/facuvega/Descargas/crypto-etl-airflow/airflow-apache/lib/python3.11/site-packages/airflow/example_dags/example_skip_dag.py
[2025-04-27T20:31:31.288-0300] {processor.py:840} INFO - DAG(s) 'example_skip_dag' retrieved from /home/facuvega/Descargas/crypto-etl-airflow/airflow-apache/lib/python3.11/site-packages/airflow/example_dags/example_skip_dag.py
[2025-04-27T20:31:31.304-0300] {logging_mixin.py:188} INFO - [2025-04-27T20:31:31.304-0300] {dag.py:3096} INFO - Sync 1 DAGs
[2025-04-27T20:31:31.321-0300] {logging_mixin.py:188} INFO - [2025-04-27T20:31:31.321-0300] {dag.py:3954} INFO - Setting next_dagrun for example_skip_dag to 2025-04-26 00:00:00+00:00, run_after=2025-04-27 00:00:00+00:00
[2025-04-27T20:31:31.336-0300] {processor.py:183} INFO - Processing /home/facuvega/Descargas/crypto-etl-airflow/airflow-apache/lib/python3.11/site-packages/airflow/example_dags/example_skip_dag.py took 0.061 seconds
[2025-04-27T20:32:28.883-0300] {processor.py:161} INFO - Started process (PID=16156) to work on /home/facuvega/Descargas/crypto-etl-airflow/airflow-apache/lib/python3.11/site-packages/airflow/example_dags/example_skip_dag.py
[2025-04-27T20:32:28.884-0300] {processor.py:830} INFO - Processing file /home/facuvega/Descargas/crypto-etl-airflow/airflow-apache/lib/python3.11/site-packages/airflow/example_dags/example_skip_dag.py for tasks to queue
[2025-04-27T20:32:28.886-0300] {logging_mixin.py:188} INFO - [2025-04-27T20:32:28.886-0300] {dagbag.py:540} INFO - Filling up the DagBag from /home/facuvega/Descargas/crypto-etl-airflow/airflow-apache/lib/python3.11/site-packages/airflow/example_dags/example_skip_dag.py
[2025-04-27T20:32:28.893-0300] {processor.py:840} INFO - DAG(s) 'example_skip_dag' retrieved from /home/facuvega/Descargas/crypto-etl-airflow/airflow-apache/lib/python3.11/site-packages/airflow/example_dags/example_skip_dag.py
[2025-04-27T20:32:28.935-0300] {logging_mixin.py:188} INFO - [2025-04-27T20:32:28.934-0300] {dag.py:3096} INFO - Sync 1 DAGs
[2025-04-27T20:32:28.950-0300] {logging_mixin.py:188} INFO - [2025-04-27T20:32:28.950-0300] {dag.py:3954} INFO - Setting next_dagrun for example_skip_dag to 2025-04-26 00:00:00+00:00, run_after=2025-04-27 00:00:00+00:00
[2025-04-27T20:32:28.970-0300] {processor.py:183} INFO - Processing /home/facuvega/Descargas/crypto-etl-airflow/airflow-apache/lib/python3.11/site-packages/airflow/example_dags/example_skip_dag.py took 0.093 seconds
[2025-04-27T20:33:10.922-0300] {processor.py:161} INFO - Started process (PID=16452) to work on /home/facuvega/Descargas/crypto-etl-airflow/airflow-apache/lib/python3.11/site-packages/airflow/example_dags/example_skip_dag.py
[2025-04-27T20:33:10.923-0300] {processor.py:830} INFO - Processing file /home/facuvega/Descargas/crypto-etl-airflow/airflow-apache/lib/python3.11/site-packages/airflow/example_dags/example_skip_dag.py for tasks to queue
[2025-04-27T20:33:10.933-0300] {logging_mixin.py:188} INFO - [2025-04-27T20:33:10.931-0300] {dagbag.py:540} INFO - Filling up the DagBag from /home/facuvega/Descargas/crypto-etl-airflow/airflow-apache/lib/python3.11/site-packages/airflow/example_dags/example_skip_dag.py
[2025-04-27T20:33:10.960-0300] {processor.py:840} INFO - DAG(s) 'example_skip_dag' retrieved from /home/facuvega/Descargas/crypto-etl-airflow/airflow-apache/lib/python3.11/site-packages/airflow/example_dags/example_skip_dag.py
[2025-04-27T20:33:11.002-0300] {logging_mixin.py:188} INFO - [2025-04-27T20:33:11.002-0300] {dag.py:3096} INFO - Sync 1 DAGs
[2025-04-27T20:33:11.020-0300] {logging_mixin.py:188} INFO - [2025-04-27T20:33:11.019-0300] {dag.py:3954} INFO - Setting next_dagrun for example_skip_dag to 2025-04-26 00:00:00+00:00, run_after=2025-04-27 00:00:00+00:00
[2025-04-27T20:33:11.036-0300] {processor.py:183} INFO - Processing /home/facuvega/Descargas/crypto-etl-airflow/airflow-apache/lib/python3.11/site-packages/airflow/example_dags/example_skip_dag.py took 0.138 seconds
[2025-04-27T20:33:54.366-0300] {processor.py:161} INFO - Started process (PID=16706) to work on /home/facuvega/Descargas/crypto-etl-airflow/airflow-apache/lib/python3.11/site-packages/airflow/example_dags/example_skip_dag.py
[2025-04-27T20:33:54.367-0300] {processor.py:830} INFO - Processing file /home/facuvega/Descargas/crypto-etl-airflow/airflow-apache/lib/python3.11/site-packages/airflow/example_dags/example_skip_dag.py for tasks to queue
[2025-04-27T20:33:54.369-0300] {logging_mixin.py:188} INFO - [2025-04-27T20:33:54.368-0300] {dagbag.py:540} INFO - Filling up the DagBag from /home/facuvega/Descargas/crypto-etl-airflow/airflow-apache/lib/python3.11/site-packages/airflow/example_dags/example_skip_dag.py
[2025-04-27T20:33:54.377-0300] {processor.py:840} INFO - DAG(s) 'example_skip_dag' retrieved from /home/facuvega/Descargas/crypto-etl-airflow/airflow-apache/lib/python3.11/site-packages/airflow/example_dags/example_skip_dag.py
[2025-04-27T20:33:54.395-0300] {logging_mixin.py:188} INFO - [2025-04-27T20:33:54.395-0300] {dag.py:3096} INFO - Sync 1 DAGs
[2025-04-27T20:33:54.414-0300] {logging_mixin.py:188} INFO - [2025-04-27T20:33:54.413-0300] {dag.py:3954} INFO - Setting next_dagrun for example_skip_dag to 2025-04-26 00:00:00+00:00, run_after=2025-04-27 00:00:00+00:00
[2025-04-27T20:33:54.431-0300] {processor.py:183} INFO - Processing /home/facuvega/Descargas/crypto-etl-airflow/airflow-apache/lib/python3.11/site-packages/airflow/example_dags/example_skip_dag.py took 0.071 seconds
[2025-04-27T20:34:37.947-0300] {processor.py:161} INFO - Started process (PID=16897) to work on /home/facuvega/Descargas/crypto-etl-airflow/airflow-apache/lib/python3.11/site-packages/airflow/example_dags/example_skip_dag.py
[2025-04-27T20:34:37.948-0300] {processor.py:830} INFO - Processing file /home/facuvega/Descargas/crypto-etl-airflow/airflow-apache/lib/python3.11/site-packages/airflow/example_dags/example_skip_dag.py for tasks to queue
[2025-04-27T20:34:37.949-0300] {logging_mixin.py:188} INFO - [2025-04-27T20:34:37.949-0300] {dagbag.py:540} INFO - Filling up the DagBag from /home/facuvega/Descargas/crypto-etl-airflow/airflow-apache/lib/python3.11/site-packages/airflow/example_dags/example_skip_dag.py
[2025-04-27T20:34:37.956-0300] {processor.py:840} INFO - DAG(s) 'example_skip_dag' retrieved from /home/facuvega/Descargas/crypto-etl-airflow/airflow-apache/lib/python3.11/site-packages/airflow/example_dags/example_skip_dag.py
[2025-04-27T20:34:37.970-0300] {logging_mixin.py:188} INFO - [2025-04-27T20:34:37.969-0300] {dag.py:3096} INFO - Sync 1 DAGs
[2025-04-27T20:34:37.986-0300] {logging_mixin.py:188} INFO - [2025-04-27T20:34:37.985-0300] {dag.py:3954} INFO - Setting next_dagrun for example_skip_dag to 2025-04-26 00:00:00+00:00, run_after=2025-04-27 00:00:00+00:00
[2025-04-27T20:34:38.001-0300] {processor.py:183} INFO - Processing /home/facuvega/Descargas/crypto-etl-airflow/airflow-apache/lib/python3.11/site-packages/airflow/example_dags/example_skip_dag.py took 0.059 seconds
[2025-04-27T20:35:21.565-0300] {processor.py:161} INFO - Started process (PID=17156) to work on /home/facuvega/Descargas/crypto-etl-airflow/airflow-apache/lib/python3.11/site-packages/airflow/example_dags/example_skip_dag.py
[2025-04-27T20:35:21.566-0300] {processor.py:830} INFO - Processing file /home/facuvega/Descargas/crypto-etl-airflow/airflow-apache/lib/python3.11/site-packages/airflow/example_dags/example_skip_dag.py for tasks to queue
[2025-04-27T20:35:21.568-0300] {logging_mixin.py:188} INFO - [2025-04-27T20:35:21.568-0300] {dagbag.py:540} INFO - Filling up the DagBag from /home/facuvega/Descargas/crypto-etl-airflow/airflow-apache/lib/python3.11/site-packages/airflow/example_dags/example_skip_dag.py
[2025-04-27T20:35:21.574-0300] {processor.py:840} INFO - DAG(s) 'example_skip_dag' retrieved from /home/facuvega/Descargas/crypto-etl-airflow/airflow-apache/lib/python3.11/site-packages/airflow/example_dags/example_skip_dag.py
[2025-04-27T20:35:21.588-0300] {logging_mixin.py:188} INFO - [2025-04-27T20:35:21.588-0300] {dag.py:3096} INFO - Sync 1 DAGs
[2025-04-27T20:35:21.604-0300] {logging_mixin.py:188} INFO - [2025-04-27T20:35:21.603-0300] {dag.py:3954} INFO - Setting next_dagrun for example_skip_dag to 2025-04-26 00:00:00+00:00, run_after=2025-04-27 00:00:00+00:00
[2025-04-27T20:35:21.618-0300] {processor.py:183} INFO - Processing /home/facuvega/Descargas/crypto-etl-airflow/airflow-apache/lib/python3.11/site-packages/airflow/example_dags/example_skip_dag.py took 0.058 seconds
[2025-04-27T20:36:02.816-0300] {processor.py:161} INFO - Started process (PID=17336) to work on /home/facuvega/Descargas/crypto-etl-airflow/airflow-apache/lib/python3.11/site-packages/airflow/example_dags/example_skip_dag.py
[2025-04-27T20:36:02.817-0300] {processor.py:830} INFO - Processing file /home/facuvega/Descargas/crypto-etl-airflow/airflow-apache/lib/python3.11/site-packages/airflow/example_dags/example_skip_dag.py for tasks to queue
[2025-04-27T20:36:02.818-0300] {logging_mixin.py:188} INFO - [2025-04-27T20:36:02.818-0300] {dagbag.py:540} INFO - Filling up the DagBag from /home/facuvega/Descargas/crypto-etl-airflow/airflow-apache/lib/python3.11/site-packages/airflow/example_dags/example_skip_dag.py
[2025-04-27T20:36:02.825-0300] {processor.py:840} INFO - DAG(s) 'example_skip_dag' retrieved from /home/facuvega/Descargas/crypto-etl-airflow/airflow-apache/lib/python3.11/site-packages/airflow/example_dags/example_skip_dag.py
[2025-04-27T20:36:02.839-0300] {logging_mixin.py:188} INFO - [2025-04-27T20:36:02.839-0300] {dag.py:3096} INFO - Sync 1 DAGs
[2025-04-27T20:36:02.854-0300] {logging_mixin.py:188} INFO - [2025-04-27T20:36:02.854-0300] {dag.py:3954} INFO - Setting next_dagrun for example_skip_dag to 2025-04-26 00:00:00+00:00, run_after=2025-04-27 00:00:00+00:00
[2025-04-27T20:36:02.867-0300] {processor.py:183} INFO - Processing /home/facuvega/Descargas/crypto-etl-airflow/airflow-apache/lib/python3.11/site-packages/airflow/example_dags/example_skip_dag.py took 0.057 seconds
[2025-04-27T20:36:41.793-0300] {processor.py:161} INFO - Started process (PID=17512) to work on /home/facuvega/Descargas/crypto-etl-airflow/airflow-apache/lib/python3.11/site-packages/airflow/example_dags/example_skip_dag.py
[2025-04-27T20:36:41.794-0300] {processor.py:830} INFO - Processing file /home/facuvega/Descargas/crypto-etl-airflow/airflow-apache/lib/python3.11/site-packages/airflow/example_dags/example_skip_dag.py for tasks to queue
[2025-04-27T20:36:41.795-0300] {logging_mixin.py:188} INFO - [2025-04-27T20:36:41.795-0300] {dagbag.py:540} INFO - Filling up the DagBag from /home/facuvega/Descargas/crypto-etl-airflow/airflow-apache/lib/python3.11/site-packages/airflow/example_dags/example_skip_dag.py
[2025-04-27T20:36:41.801-0300] {processor.py:840} INFO - DAG(s) 'example_skip_dag' retrieved from /home/facuvega/Descargas/crypto-etl-airflow/airflow-apache/lib/python3.11/site-packages/airflow/example_dags/example_skip_dag.py
[2025-04-27T20:36:41.814-0300] {logging_mixin.py:188} INFO - [2025-04-27T20:36:41.814-0300] {dag.py:3096} INFO - Sync 1 DAGs
[2025-04-27T20:36:41.828-0300] {logging_mixin.py:188} INFO - [2025-04-27T20:36:41.828-0300] {dag.py:3954} INFO - Setting next_dagrun for example_skip_dag to 2025-04-26 00:00:00+00:00, run_after=2025-04-27 00:00:00+00:00
[2025-04-27T20:36:41.841-0300] {processor.py:183} INFO - Processing /home/facuvega/Descargas/crypto-etl-airflow/airflow-apache/lib/python3.11/site-packages/airflow/example_dags/example_skip_dag.py took 0.054 seconds
[2025-04-27T20:37:20.590-0300] {processor.py:161} INFO - Started process (PID=17694) to work on /home/facuvega/Descargas/crypto-etl-airflow/airflow-apache/lib/python3.11/site-packages/airflow/example_dags/example_skip_dag.py
[2025-04-27T20:37:20.591-0300] {processor.py:830} INFO - Processing file /home/facuvega/Descargas/crypto-etl-airflow/airflow-apache/lib/python3.11/site-packages/airflow/example_dags/example_skip_dag.py for tasks to queue
[2025-04-27T20:37:20.593-0300] {logging_mixin.py:188} INFO - [2025-04-27T20:37:20.593-0300] {dagbag.py:540} INFO - Filling up the DagBag from /home/facuvega/Descargas/crypto-etl-airflow/airflow-apache/lib/python3.11/site-packages/airflow/example_dags/example_skip_dag.py
[2025-04-27T20:37:20.599-0300] {processor.py:840} INFO - DAG(s) 'example_skip_dag' retrieved from /home/facuvega/Descargas/crypto-etl-airflow/airflow-apache/lib/python3.11/site-packages/airflow/example_dags/example_skip_dag.py
[2025-04-27T20:37:20.614-0300] {logging_mixin.py:188} INFO - [2025-04-27T20:37:20.614-0300] {dag.py:3096} INFO - Sync 1 DAGs
[2025-04-27T20:37:20.632-0300] {logging_mixin.py:188} INFO - [2025-04-27T20:37:20.632-0300] {dag.py:3954} INFO - Setting next_dagrun for example_skip_dag to 2025-04-26 00:00:00+00:00, run_after=2025-04-27 00:00:00+00:00
[2025-04-27T20:37:20.644-0300] {processor.py:183} INFO - Processing /home/facuvega/Descargas/crypto-etl-airflow/airflow-apache/lib/python3.11/site-packages/airflow/example_dags/example_skip_dag.py took 0.059 seconds
[2025-04-27T20:38:01.130-0300] {processor.py:161} INFO - Started process (PID=17873) to work on /home/facuvega/Descargas/crypto-etl-airflow/airflow-apache/lib/python3.11/site-packages/airflow/example_dags/example_skip_dag.py
[2025-04-27T20:38:01.131-0300] {processor.py:830} INFO - Processing file /home/facuvega/Descargas/crypto-etl-airflow/airflow-apache/lib/python3.11/site-packages/airflow/example_dags/example_skip_dag.py for tasks to queue
[2025-04-27T20:38:01.133-0300] {logging_mixin.py:188} INFO - [2025-04-27T20:38:01.132-0300] {dagbag.py:540} INFO - Filling up the DagBag from /home/facuvega/Descargas/crypto-etl-airflow/airflow-apache/lib/python3.11/site-packages/airflow/example_dags/example_skip_dag.py
[2025-04-27T20:38:01.139-0300] {processor.py:840} INFO - DAG(s) 'example_skip_dag' retrieved from /home/facuvega/Descargas/crypto-etl-airflow/airflow-apache/lib/python3.11/site-packages/airflow/example_dags/example_skip_dag.py
[2025-04-27T20:38:01.152-0300] {logging_mixin.py:188} INFO - [2025-04-27T20:38:01.151-0300] {dag.py:3096} INFO - Sync 1 DAGs
[2025-04-27T20:38:01.166-0300] {logging_mixin.py:188} INFO - [2025-04-27T20:38:01.165-0300] {dag.py:3954} INFO - Setting next_dagrun for example_skip_dag to 2025-04-26 00:00:00+00:00, run_after=2025-04-27 00:00:00+00:00
[2025-04-27T20:38:01.179-0300] {processor.py:183} INFO - Processing /home/facuvega/Descargas/crypto-etl-airflow/airflow-apache/lib/python3.11/site-packages/airflow/example_dags/example_skip_dag.py took 0.054 seconds
[2025-04-27T20:38:42.951-0300] {processor.py:161} INFO - Started process (PID=18059) to work on /home/facuvega/Descargas/crypto-etl-airflow/airflow-apache/lib/python3.11/site-packages/airflow/example_dags/example_skip_dag.py
[2025-04-27T20:38:42.952-0300] {processor.py:830} INFO - Processing file /home/facuvega/Descargas/crypto-etl-airflow/airflow-apache/lib/python3.11/site-packages/airflow/example_dags/example_skip_dag.py for tasks to queue
[2025-04-27T20:38:42.955-0300] {logging_mixin.py:188} INFO - [2025-04-27T20:38:42.955-0300] {dagbag.py:540} INFO - Filling up the DagBag from /home/facuvega/Descargas/crypto-etl-airflow/airflow-apache/lib/python3.11/site-packages/airflow/example_dags/example_skip_dag.py
[2025-04-27T20:38:42.962-0300] {processor.py:840} INFO - DAG(s) 'example_skip_dag' retrieved from /home/facuvega/Descargas/crypto-etl-airflow/airflow-apache/lib/python3.11/site-packages/airflow/example_dags/example_skip_dag.py
[2025-04-27T20:38:42.980-0300] {logging_mixin.py:188} INFO - [2025-04-27T20:38:42.980-0300] {dag.py:3096} INFO - Sync 1 DAGs
[2025-04-27T20:38:42.998-0300] {logging_mixin.py:188} INFO - [2025-04-27T20:38:42.998-0300] {dag.py:3954} INFO - Setting next_dagrun for example_skip_dag to 2025-04-26 00:00:00+00:00, run_after=2025-04-27 00:00:00+00:00
[2025-04-27T20:38:43.015-0300] {processor.py:183} INFO - Processing /home/facuvega/Descargas/crypto-etl-airflow/airflow-apache/lib/python3.11/site-packages/airflow/example_dags/example_skip_dag.py took 0.070 seconds
[2025-04-27T20:39:23.427-0300] {processor.py:161} INFO - Started process (PID=18372) to work on /home/facuvega/Descargas/crypto-etl-airflow/airflow-apache/lib/python3.11/site-packages/airflow/example_dags/example_skip_dag.py
[2025-04-27T20:39:23.428-0300] {processor.py:830} INFO - Processing file /home/facuvega/Descargas/crypto-etl-airflow/airflow-apache/lib/python3.11/site-packages/airflow/example_dags/example_skip_dag.py for tasks to queue
[2025-04-27T20:39:23.429-0300] {logging_mixin.py:188} INFO - [2025-04-27T20:39:23.429-0300] {dagbag.py:540} INFO - Filling up the DagBag from /home/facuvega/Descargas/crypto-etl-airflow/airflow-apache/lib/python3.11/site-packages/airflow/example_dags/example_skip_dag.py
[2025-04-27T20:39:23.436-0300] {processor.py:840} INFO - DAG(s) 'example_skip_dag' retrieved from /home/facuvega/Descargas/crypto-etl-airflow/airflow-apache/lib/python3.11/site-packages/airflow/example_dags/example_skip_dag.py
[2025-04-27T20:39:23.449-0300] {logging_mixin.py:188} INFO - [2025-04-27T20:39:23.449-0300] {dag.py:3096} INFO - Sync 1 DAGs
[2025-04-27T20:39:23.464-0300] {logging_mixin.py:188} INFO - [2025-04-27T20:39:23.463-0300] {dag.py:3954} INFO - Setting next_dagrun for example_skip_dag to 2025-04-26 00:00:00+00:00, run_after=2025-04-27 00:00:00+00:00
[2025-04-27T20:39:23.479-0300] {processor.py:183} INFO - Processing /home/facuvega/Descargas/crypto-etl-airflow/airflow-apache/lib/python3.11/site-packages/airflow/example_dags/example_skip_dag.py took 0.058 seconds
[2025-04-27T20:40:02.309-0300] {processor.py:161} INFO - Started process (PID=18573) to work on /home/facuvega/Descargas/crypto-etl-airflow/airflow-apache/lib/python3.11/site-packages/airflow/example_dags/example_skip_dag.py
[2025-04-27T20:40:02.310-0300] {processor.py:830} INFO - Processing file /home/facuvega/Descargas/crypto-etl-airflow/airflow-apache/lib/python3.11/site-packages/airflow/example_dags/example_skip_dag.py for tasks to queue
[2025-04-27T20:40:02.312-0300] {logging_mixin.py:188} INFO - [2025-04-27T20:40:02.312-0300] {dagbag.py:540} INFO - Filling up the DagBag from /home/facuvega/Descargas/crypto-etl-airflow/airflow-apache/lib/python3.11/site-packages/airflow/example_dags/example_skip_dag.py
[2025-04-27T20:40:02.320-0300] {processor.py:840} INFO - DAG(s) 'example_skip_dag' retrieved from /home/facuvega/Descargas/crypto-etl-airflow/airflow-apache/lib/python3.11/site-packages/airflow/example_dags/example_skip_dag.py
[2025-04-27T20:40:02.333-0300] {logging_mixin.py:188} INFO - [2025-04-27T20:40:02.332-0300] {dag.py:3096} INFO - Sync 1 DAGs
[2025-04-27T20:40:02.347-0300] {logging_mixin.py:188} INFO - [2025-04-27T20:40:02.347-0300] {dag.py:3954} INFO - Setting next_dagrun for example_skip_dag to 2025-04-26 00:00:00+00:00, run_after=2025-04-27 00:00:00+00:00
[2025-04-27T20:40:02.361-0300] {processor.py:183} INFO - Processing /home/facuvega/Descargas/crypto-etl-airflow/airflow-apache/lib/python3.11/site-packages/airflow/example_dags/example_skip_dag.py took 0.058 seconds
[2025-04-27T20:40:46.206-0300] {processor.py:161} INFO - Started process (PID=18777) to work on /home/facuvega/Descargas/crypto-etl-airflow/airflow-apache/lib/python3.11/site-packages/airflow/example_dags/example_skip_dag.py
[2025-04-27T20:40:46.207-0300] {processor.py:830} INFO - Processing file /home/facuvega/Descargas/crypto-etl-airflow/airflow-apache/lib/python3.11/site-packages/airflow/example_dags/example_skip_dag.py for tasks to queue
[2025-04-27T20:40:46.209-0300] {logging_mixin.py:188} INFO - [2025-04-27T20:40:46.209-0300] {dagbag.py:540} INFO - Filling up the DagBag from /home/facuvega/Descargas/crypto-etl-airflow/airflow-apache/lib/python3.11/site-packages/airflow/example_dags/example_skip_dag.py
[2025-04-27T20:40:46.215-0300] {processor.py:840} INFO - DAG(s) 'example_skip_dag' retrieved from /home/facuvega/Descargas/crypto-etl-airflow/airflow-apache/lib/python3.11/site-packages/airflow/example_dags/example_skip_dag.py
[2025-04-27T20:40:46.229-0300] {logging_mixin.py:188} INFO - [2025-04-27T20:40:46.229-0300] {dag.py:3096} INFO - Sync 1 DAGs
[2025-04-27T20:40:46.244-0300] {logging_mixin.py:188} INFO - [2025-04-27T20:40:46.244-0300] {dag.py:3954} INFO - Setting next_dagrun for example_skip_dag to 2025-04-26 00:00:00+00:00, run_after=2025-04-27 00:00:00+00:00
[2025-04-27T20:40:46.258-0300] {processor.py:183} INFO - Processing /home/facuvega/Descargas/crypto-etl-airflow/airflow-apache/lib/python3.11/site-packages/airflow/example_dags/example_skip_dag.py took 0.057 seconds
[2025-04-27T20:41:29.522-0300] {processor.py:161} INFO - Started process (PID=18971) to work on /home/facuvega/Descargas/crypto-etl-airflow/airflow-apache/lib/python3.11/site-packages/airflow/example_dags/example_skip_dag.py
[2025-04-27T20:41:29.524-0300] {processor.py:830} INFO - Processing file /home/facuvega/Descargas/crypto-etl-airflow/airflow-apache/lib/python3.11/site-packages/airflow/example_dags/example_skip_dag.py for tasks to queue
[2025-04-27T20:41:29.525-0300] {logging_mixin.py:188} INFO - [2025-04-27T20:41:29.525-0300] {dagbag.py:540} INFO - Filling up the DagBag from /home/facuvega/Descargas/crypto-etl-airflow/airflow-apache/lib/python3.11/site-packages/airflow/example_dags/example_skip_dag.py
[2025-04-27T20:41:29.531-0300] {processor.py:840} INFO - DAG(s) 'example_skip_dag' retrieved from /home/facuvega/Descargas/crypto-etl-airflow/airflow-apache/lib/python3.11/site-packages/airflow/example_dags/example_skip_dag.py
[2025-04-27T20:41:29.547-0300] {logging_mixin.py:188} INFO - [2025-04-27T20:41:29.546-0300] {dag.py:3096} INFO - Sync 1 DAGs
[2025-04-27T20:41:29.568-0300] {logging_mixin.py:188} INFO - [2025-04-27T20:41:29.568-0300] {dag.py:3954} INFO - Setting next_dagrun for example_skip_dag to 2025-04-26 00:00:00+00:00, run_after=2025-04-27 00:00:00+00:00
[2025-04-27T20:41:29.585-0300] {processor.py:183} INFO - Processing /home/facuvega/Descargas/crypto-etl-airflow/airflow-apache/lib/python3.11/site-packages/airflow/example_dags/example_skip_dag.py took 0.070 seconds
[2025-04-27T20:42:10.529-0300] {processor.py:161} INFO - Started process (PID=19149) to work on /home/facuvega/Descargas/crypto-etl-airflow/airflow-apache/lib/python3.11/site-packages/airflow/example_dags/example_skip_dag.py
[2025-04-27T20:42:10.530-0300] {processor.py:830} INFO - Processing file /home/facuvega/Descargas/crypto-etl-airflow/airflow-apache/lib/python3.11/site-packages/airflow/example_dags/example_skip_dag.py for tasks to queue
[2025-04-27T20:42:10.531-0300] {logging_mixin.py:188} INFO - [2025-04-27T20:42:10.531-0300] {dagbag.py:540} INFO - Filling up the DagBag from /home/facuvega/Descargas/crypto-etl-airflow/airflow-apache/lib/python3.11/site-packages/airflow/example_dags/example_skip_dag.py
[2025-04-27T20:42:10.538-0300] {processor.py:840} INFO - DAG(s) 'example_skip_dag' retrieved from /home/facuvega/Descargas/crypto-etl-airflow/airflow-apache/lib/python3.11/site-packages/airflow/example_dags/example_skip_dag.py
[2025-04-27T20:42:10.552-0300] {logging_mixin.py:188} INFO - [2025-04-27T20:42:10.552-0300] {dag.py:3096} INFO - Sync 1 DAGs
[2025-04-27T20:42:10.574-0300] {logging_mixin.py:188} INFO - [2025-04-27T20:42:10.574-0300] {dag.py:3954} INFO - Setting next_dagrun for example_skip_dag to 2025-04-26 00:00:00+00:00, run_after=2025-04-27 00:00:00+00:00
[2025-04-27T20:42:10.594-0300] {processor.py:183} INFO - Processing /home/facuvega/Descargas/crypto-etl-airflow/airflow-apache/lib/python3.11/site-packages/airflow/example_dags/example_skip_dag.py took 0.070 seconds
[2025-04-27T20:42:49.249-0300] {processor.py:161} INFO - Started process (PID=19335) to work on /home/facuvega/Descargas/crypto-etl-airflow/airflow-apache/lib/python3.11/site-packages/airflow/example_dags/example_skip_dag.py
[2025-04-27T20:42:49.250-0300] {processor.py:830} INFO - Processing file /home/facuvega/Descargas/crypto-etl-airflow/airflow-apache/lib/python3.11/site-packages/airflow/example_dags/example_skip_dag.py for tasks to queue
[2025-04-27T20:42:49.251-0300] {logging_mixin.py:188} INFO - [2025-04-27T20:42:49.251-0300] {dagbag.py:540} INFO - Filling up the DagBag from /home/facuvega/Descargas/crypto-etl-airflow/airflow-apache/lib/python3.11/site-packages/airflow/example_dags/example_skip_dag.py
[2025-04-27T20:42:49.257-0300] {processor.py:840} INFO - DAG(s) 'example_skip_dag' retrieved from /home/facuvega/Descargas/crypto-etl-airflow/airflow-apache/lib/python3.11/site-packages/airflow/example_dags/example_skip_dag.py
[2025-04-27T20:42:49.270-0300] {logging_mixin.py:188} INFO - [2025-04-27T20:42:49.270-0300] {dag.py:3096} INFO - Sync 1 DAGs
[2025-04-27T20:42:49.285-0300] {logging_mixin.py:188} INFO - [2025-04-27T20:42:49.285-0300] {dag.py:3954} INFO - Setting next_dagrun for example_skip_dag to 2025-04-26 00:00:00+00:00, run_after=2025-04-27 00:00:00+00:00
[2025-04-27T20:42:49.298-0300] {processor.py:183} INFO - Processing /home/facuvega/Descargas/crypto-etl-airflow/airflow-apache/lib/python3.11/site-packages/airflow/example_dags/example_skip_dag.py took 0.054 seconds
[2025-04-27T20:43:30.515-0300] {processor.py:161} INFO - Started process (PID=19529) to work on /home/facuvega/Descargas/crypto-etl-airflow/airflow-apache/lib/python3.11/site-packages/airflow/example_dags/example_skip_dag.py
[2025-04-27T20:43:30.516-0300] {processor.py:830} INFO - Processing file /home/facuvega/Descargas/crypto-etl-airflow/airflow-apache/lib/python3.11/site-packages/airflow/example_dags/example_skip_dag.py for tasks to queue
[2025-04-27T20:43:30.518-0300] {logging_mixin.py:188} INFO - [2025-04-27T20:43:30.518-0300] {dagbag.py:540} INFO - Filling up the DagBag from /home/facuvega/Descargas/crypto-etl-airflow/airflow-apache/lib/python3.11/site-packages/airflow/example_dags/example_skip_dag.py
[2025-04-27T20:43:30.526-0300] {processor.py:840} INFO - DAG(s) 'example_skip_dag' retrieved from /home/facuvega/Descargas/crypto-etl-airflow/airflow-apache/lib/python3.11/site-packages/airflow/example_dags/example_skip_dag.py
[2025-04-27T20:43:30.541-0300] {logging_mixin.py:188} INFO - [2025-04-27T20:43:30.541-0300] {dag.py:3096} INFO - Sync 1 DAGs
[2025-04-27T20:43:30.555-0300] {logging_mixin.py:188} INFO - [2025-04-27T20:43:30.555-0300] {dag.py:3954} INFO - Setting next_dagrun for example_skip_dag to 2025-04-26 00:00:00+00:00, run_after=2025-04-27 00:00:00+00:00
[2025-04-27T20:43:30.569-0300] {processor.py:183} INFO - Processing /home/facuvega/Descargas/crypto-etl-airflow/airflow-apache/lib/python3.11/site-packages/airflow/example_dags/example_skip_dag.py took 0.059 seconds
[2025-04-27T20:44:07.671-0300] {processor.py:161} INFO - Started process (PID=19701) to work on /home/facuvega/Descargas/crypto-etl-airflow/airflow-apache/lib/python3.11/site-packages/airflow/example_dags/example_skip_dag.py
[2025-04-27T20:44:07.672-0300] {processor.py:830} INFO - Processing file /home/facuvega/Descargas/crypto-etl-airflow/airflow-apache/lib/python3.11/site-packages/airflow/example_dags/example_skip_dag.py for tasks to queue
[2025-04-27T20:44:07.673-0300] {logging_mixin.py:188} INFO - [2025-04-27T20:44:07.673-0300] {dagbag.py:540} INFO - Filling up the DagBag from /home/facuvega/Descargas/crypto-etl-airflow/airflow-apache/lib/python3.11/site-packages/airflow/example_dags/example_skip_dag.py
[2025-04-27T20:44:07.680-0300] {processor.py:840} INFO - DAG(s) 'example_skip_dag' retrieved from /home/facuvega/Descargas/crypto-etl-airflow/airflow-apache/lib/python3.11/site-packages/airflow/example_dags/example_skip_dag.py
[2025-04-27T20:44:07.698-0300] {logging_mixin.py:188} INFO - [2025-04-27T20:44:07.698-0300] {dag.py:3096} INFO - Sync 1 DAGs
[2025-04-27T20:44:07.715-0300] {logging_mixin.py:188} INFO - [2025-04-27T20:44:07.715-0300] {dag.py:3954} INFO - Setting next_dagrun for example_skip_dag to 2025-04-26 00:00:00+00:00, run_after=2025-04-27 00:00:00+00:00
[2025-04-27T20:44:07.730-0300] {processor.py:183} INFO - Processing /home/facuvega/Descargas/crypto-etl-airflow/airflow-apache/lib/python3.11/site-packages/airflow/example_dags/example_skip_dag.py took 0.065 seconds
[2025-04-27T20:44:48.809-0300] {processor.py:161} INFO - Started process (PID=19919) to work on /home/facuvega/Descargas/crypto-etl-airflow/airflow-apache/lib/python3.11/site-packages/airflow/example_dags/example_skip_dag.py
[2025-04-27T20:44:48.810-0300] {processor.py:830} INFO - Processing file /home/facuvega/Descargas/crypto-etl-airflow/airflow-apache/lib/python3.11/site-packages/airflow/example_dags/example_skip_dag.py for tasks to queue
[2025-04-27T20:44:48.811-0300] {logging_mixin.py:188} INFO - [2025-04-27T20:44:48.811-0300] {dagbag.py:540} INFO - Filling up the DagBag from /home/facuvega/Descargas/crypto-etl-airflow/airflow-apache/lib/python3.11/site-packages/airflow/example_dags/example_skip_dag.py
[2025-04-27T20:44:48.818-0300] {processor.py:840} INFO - DAG(s) 'example_skip_dag' retrieved from /home/facuvega/Descargas/crypto-etl-airflow/airflow-apache/lib/python3.11/site-packages/airflow/example_dags/example_skip_dag.py
[2025-04-27T20:44:48.834-0300] {logging_mixin.py:188} INFO - [2025-04-27T20:44:48.833-0300] {dag.py:3096} INFO - Sync 1 DAGs
[2025-04-27T20:44:48.851-0300] {logging_mixin.py:188} INFO - [2025-04-27T20:44:48.851-0300] {dag.py:3954} INFO - Setting next_dagrun for example_skip_dag to 2025-04-26 00:00:00+00:00, run_after=2025-04-27 00:00:00+00:00
[2025-04-27T20:44:48.867-0300] {processor.py:183} INFO - Processing /home/facuvega/Descargas/crypto-etl-airflow/airflow-apache/lib/python3.11/site-packages/airflow/example_dags/example_skip_dag.py took 0.063 seconds
[2025-04-27T20:45:29.887-0300] {processor.py:161} INFO - Started process (PID=20111) to work on /home/facuvega/Descargas/crypto-etl-airflow/airflow-apache/lib/python3.11/site-packages/airflow/example_dags/example_skip_dag.py
[2025-04-27T20:45:29.888-0300] {processor.py:830} INFO - Processing file /home/facuvega/Descargas/crypto-etl-airflow/airflow-apache/lib/python3.11/site-packages/airflow/example_dags/example_skip_dag.py for tasks to queue
[2025-04-27T20:45:29.890-0300] {logging_mixin.py:188} INFO - [2025-04-27T20:45:29.890-0300] {dagbag.py:540} INFO - Filling up the DagBag from /home/facuvega/Descargas/crypto-etl-airflow/airflow-apache/lib/python3.11/site-packages/airflow/example_dags/example_skip_dag.py
[2025-04-27T20:45:29.896-0300] {processor.py:840} INFO - DAG(s) 'example_skip_dag' retrieved from /home/facuvega/Descargas/crypto-etl-airflow/airflow-apache/lib/python3.11/site-packages/airflow/example_dags/example_skip_dag.py
[2025-04-27T20:45:29.910-0300] {logging_mixin.py:188} INFO - [2025-04-27T20:45:29.909-0300] {dag.py:3096} INFO - Sync 1 DAGs
[2025-04-27T20:45:29.924-0300] {logging_mixin.py:188} INFO - [2025-04-27T20:45:29.924-0300] {dag.py:3954} INFO - Setting next_dagrun for example_skip_dag to 2025-04-26 00:00:00+00:00, run_after=2025-04-27 00:00:00+00:00
[2025-04-27T20:45:29.937-0300] {processor.py:183} INFO - Processing /home/facuvega/Descargas/crypto-etl-airflow/airflow-apache/lib/python3.11/site-packages/airflow/example_dags/example_skip_dag.py took 0.055 seconds
[2025-04-27T20:46:07.209-0300] {processor.py:161} INFO - Started process (PID=20275) to work on /home/facuvega/Descargas/crypto-etl-airflow/airflow-apache/lib/python3.11/site-packages/airflow/example_dags/example_skip_dag.py
[2025-04-27T20:46:07.210-0300] {processor.py:830} INFO - Processing file /home/facuvega/Descargas/crypto-etl-airflow/airflow-apache/lib/python3.11/site-packages/airflow/example_dags/example_skip_dag.py for tasks to queue
[2025-04-27T20:46:07.211-0300] {logging_mixin.py:188} INFO - [2025-04-27T20:46:07.211-0300] {dagbag.py:540} INFO - Filling up the DagBag from /home/facuvega/Descargas/crypto-etl-airflow/airflow-apache/lib/python3.11/site-packages/airflow/example_dags/example_skip_dag.py
[2025-04-27T20:46:07.217-0300] {processor.py:840} INFO - DAG(s) 'example_skip_dag' retrieved from /home/facuvega/Descargas/crypto-etl-airflow/airflow-apache/lib/python3.11/site-packages/airflow/example_dags/example_skip_dag.py
[2025-04-27T20:46:07.230-0300] {logging_mixin.py:188} INFO - [2025-04-27T20:46:07.230-0300] {dag.py:3096} INFO - Sync 1 DAGs
[2025-04-27T20:46:07.244-0300] {logging_mixin.py:188} INFO - [2025-04-27T20:46:07.244-0300] {dag.py:3954} INFO - Setting next_dagrun for example_skip_dag to 2025-04-26 00:00:00+00:00, run_after=2025-04-27 00:00:00+00:00
[2025-04-27T20:46:07.257-0300] {processor.py:183} INFO - Processing /home/facuvega/Descargas/crypto-etl-airflow/airflow-apache/lib/python3.11/site-packages/airflow/example_dags/example_skip_dag.py took 0.054 seconds
[2025-04-27T20:46:45.803-0300] {processor.py:161} INFO - Started process (PID=20450) to work on /home/facuvega/Descargas/crypto-etl-airflow/airflow-apache/lib/python3.11/site-packages/airflow/example_dags/example_skip_dag.py
[2025-04-27T20:46:45.805-0300] {processor.py:830} INFO - Processing file /home/facuvega/Descargas/crypto-etl-airflow/airflow-apache/lib/python3.11/site-packages/airflow/example_dags/example_skip_dag.py for tasks to queue
[2025-04-27T20:46:45.807-0300] {logging_mixin.py:188} INFO - [2025-04-27T20:46:45.806-0300] {dagbag.py:540} INFO - Filling up the DagBag from /home/facuvega/Descargas/crypto-etl-airflow/airflow-apache/lib/python3.11/site-packages/airflow/example_dags/example_skip_dag.py
[2025-04-27T20:46:45.815-0300] {processor.py:840} INFO - DAG(s) 'example_skip_dag' retrieved from /home/facuvega/Descargas/crypto-etl-airflow/airflow-apache/lib/python3.11/site-packages/airflow/example_dags/example_skip_dag.py
[2025-04-27T20:46:45.833-0300] {logging_mixin.py:188} INFO - [2025-04-27T20:46:45.833-0300] {dag.py:3096} INFO - Sync 1 DAGs
[2025-04-27T20:46:45.853-0300] {logging_mixin.py:188} INFO - [2025-04-27T20:46:45.852-0300] {dag.py:3954} INFO - Setting next_dagrun for example_skip_dag to 2025-04-26 00:00:00+00:00, run_after=2025-04-27 00:00:00+00:00
[2025-04-27T20:46:45.867-0300] {processor.py:183} INFO - Processing /home/facuvega/Descargas/crypto-etl-airflow/airflow-apache/lib/python3.11/site-packages/airflow/example_dags/example_skip_dag.py took 0.070 seconds
[2025-04-27T20:47:25.030-0300] {processor.py:161} INFO - Started process (PID=20635) to work on /home/facuvega/Descargas/crypto-etl-airflow/airflow-apache/lib/python3.11/site-packages/airflow/example_dags/example_skip_dag.py
[2025-04-27T20:47:25.031-0300] {processor.py:830} INFO - Processing file /home/facuvega/Descargas/crypto-etl-airflow/airflow-apache/lib/python3.11/site-packages/airflow/example_dags/example_skip_dag.py for tasks to queue
[2025-04-27T20:47:25.032-0300] {logging_mixin.py:188} INFO - [2025-04-27T20:47:25.032-0300] {dagbag.py:540} INFO - Filling up the DagBag from /home/facuvega/Descargas/crypto-etl-airflow/airflow-apache/lib/python3.11/site-packages/airflow/example_dags/example_skip_dag.py
[2025-04-27T20:47:25.038-0300] {processor.py:840} INFO - DAG(s) 'example_skip_dag' retrieved from /home/facuvega/Descargas/crypto-etl-airflow/airflow-apache/lib/python3.11/site-packages/airflow/example_dags/example_skip_dag.py
[2025-04-27T20:47:25.051-0300] {logging_mixin.py:188} INFO - [2025-04-27T20:47:25.051-0300] {dag.py:3096} INFO - Sync 1 DAGs
[2025-04-27T20:47:25.065-0300] {logging_mixin.py:188} INFO - [2025-04-27T20:47:25.065-0300] {dag.py:3954} INFO - Setting next_dagrun for example_skip_dag to 2025-04-26 00:00:00+00:00, run_after=2025-04-27 00:00:00+00:00
[2025-04-27T20:47:25.079-0300] {processor.py:183} INFO - Processing /home/facuvega/Descargas/crypto-etl-airflow/airflow-apache/lib/python3.11/site-packages/airflow/example_dags/example_skip_dag.py took 0.053 seconds
[2025-04-27T20:48:06.819-0300] {processor.py:161} INFO - Started process (PID=21038) to work on /home/facuvega/Descargas/crypto-etl-airflow/airflow-apache/lib/python3.11/site-packages/airflow/example_dags/example_skip_dag.py
[2025-04-27T20:48:06.820-0300] {processor.py:830} INFO - Processing file /home/facuvega/Descargas/crypto-etl-airflow/airflow-apache/lib/python3.11/site-packages/airflow/example_dags/example_skip_dag.py for tasks to queue
[2025-04-27T20:48:06.822-0300] {logging_mixin.py:188} INFO - [2025-04-27T20:48:06.822-0300] {dagbag.py:540} INFO - Filling up the DagBag from /home/facuvega/Descargas/crypto-etl-airflow/airflow-apache/lib/python3.11/site-packages/airflow/example_dags/example_skip_dag.py
[2025-04-27T20:48:06.829-0300] {processor.py:840} INFO - DAG(s) 'example_skip_dag' retrieved from /home/facuvega/Descargas/crypto-etl-airflow/airflow-apache/lib/python3.11/site-packages/airflow/example_dags/example_skip_dag.py
[2025-04-27T20:48:06.845-0300] {logging_mixin.py:188} INFO - [2025-04-27T20:48:06.845-0300] {dag.py:3096} INFO - Sync 1 DAGs
[2025-04-27T20:48:06.866-0300] {logging_mixin.py:188} INFO - [2025-04-27T20:48:06.865-0300] {dag.py:3954} INFO - Setting next_dagrun for example_skip_dag to 2025-04-26 00:00:00+00:00, run_after=2025-04-27 00:00:00+00:00
[2025-04-27T20:48:06.887-0300] {processor.py:183} INFO - Processing /home/facuvega/Descargas/crypto-etl-airflow/airflow-apache/lib/python3.11/site-packages/airflow/example_dags/example_skip_dag.py took 0.074 seconds
[2025-04-27T20:48:47.328-0300] {processor.py:161} INFO - Started process (PID=21335) to work on /home/facuvega/Descargas/crypto-etl-airflow/airflow-apache/lib/python3.11/site-packages/airflow/example_dags/example_skip_dag.py
[2025-04-27T20:48:47.329-0300] {processor.py:830} INFO - Processing file /home/facuvega/Descargas/crypto-etl-airflow/airflow-apache/lib/python3.11/site-packages/airflow/example_dags/example_skip_dag.py for tasks to queue
[2025-04-27T20:48:47.331-0300] {logging_mixin.py:188} INFO - [2025-04-27T20:48:47.331-0300] {dagbag.py:540} INFO - Filling up the DagBag from /home/facuvega/Descargas/crypto-etl-airflow/airflow-apache/lib/python3.11/site-packages/airflow/example_dags/example_skip_dag.py
[2025-04-27T20:48:47.339-0300] {processor.py:840} INFO - DAG(s) 'example_skip_dag' retrieved from /home/facuvega/Descargas/crypto-etl-airflow/airflow-apache/lib/python3.11/site-packages/airflow/example_dags/example_skip_dag.py
[2025-04-27T20:48:47.356-0300] {logging_mixin.py:188} INFO - [2025-04-27T20:48:47.356-0300] {dag.py:3096} INFO - Sync 1 DAGs
[2025-04-27T20:48:47.375-0300] {logging_mixin.py:188} INFO - [2025-04-27T20:48:47.375-0300] {dag.py:3954} INFO - Setting next_dagrun for example_skip_dag to 2025-04-26 00:00:00+00:00, run_after=2025-04-27 00:00:00+00:00
[2025-04-27T20:48:47.394-0300] {processor.py:183} INFO - Processing /home/facuvega/Descargas/crypto-etl-airflow/airflow-apache/lib/python3.11/site-packages/airflow/example_dags/example_skip_dag.py took 0.072 seconds
[2025-04-27T20:49:33.805-0300] {processor.py:161} INFO - Started process (PID=21593) to work on /home/facuvega/Descargas/crypto-etl-airflow/airflow-apache/lib/python3.11/site-packages/airflow/example_dags/example_skip_dag.py
[2025-04-27T20:49:33.806-0300] {processor.py:830} INFO - Processing file /home/facuvega/Descargas/crypto-etl-airflow/airflow-apache/lib/python3.11/site-packages/airflow/example_dags/example_skip_dag.py for tasks to queue
[2025-04-27T20:49:33.808-0300] {logging_mixin.py:188} INFO - [2025-04-27T20:49:33.807-0300] {dagbag.py:540} INFO - Filling up the DagBag from /home/facuvega/Descargas/crypto-etl-airflow/airflow-apache/lib/python3.11/site-packages/airflow/example_dags/example_skip_dag.py
[2025-04-27T20:49:33.816-0300] {processor.py:840} INFO - DAG(s) 'example_skip_dag' retrieved from /home/facuvega/Descargas/crypto-etl-airflow/airflow-apache/lib/python3.11/site-packages/airflow/example_dags/example_skip_dag.py
[2025-04-27T20:49:33.834-0300] {logging_mixin.py:188} INFO - [2025-04-27T20:49:33.833-0300] {dag.py:3096} INFO - Sync 1 DAGs
[2025-04-27T20:49:33.852-0300] {logging_mixin.py:188} INFO - [2025-04-27T20:49:33.852-0300] {dag.py:3954} INFO - Setting next_dagrun for example_skip_dag to 2025-04-26 00:00:00+00:00, run_after=2025-04-27 00:00:00+00:00
[2025-04-27T20:49:33.873-0300] {processor.py:183} INFO - Processing /home/facuvega/Descargas/crypto-etl-airflow/airflow-apache/lib/python3.11/site-packages/airflow/example_dags/example_skip_dag.py took 0.074 seconds
[2025-04-27T20:50:18.264-0300] {processor.py:161} INFO - Started process (PID=21891) to work on /home/facuvega/Descargas/crypto-etl-airflow/airflow-apache/lib/python3.11/site-packages/airflow/example_dags/example_skip_dag.py
[2025-04-27T20:50:18.265-0300] {processor.py:830} INFO - Processing file /home/facuvega/Descargas/crypto-etl-airflow/airflow-apache/lib/python3.11/site-packages/airflow/example_dags/example_skip_dag.py for tasks to queue
[2025-04-27T20:50:18.269-0300] {logging_mixin.py:188} INFO - [2025-04-27T20:50:18.266-0300] {dagbag.py:540} INFO - Filling up the DagBag from /home/facuvega/Descargas/crypto-etl-airflow/airflow-apache/lib/python3.11/site-packages/airflow/example_dags/example_skip_dag.py
[2025-04-27T20:50:18.277-0300] {processor.py:840} INFO - DAG(s) 'example_skip_dag' retrieved from /home/facuvega/Descargas/crypto-etl-airflow/airflow-apache/lib/python3.11/site-packages/airflow/example_dags/example_skip_dag.py
[2025-04-27T20:50:18.291-0300] {logging_mixin.py:188} INFO - [2025-04-27T20:50:18.291-0300] {dag.py:3096} INFO - Sync 1 DAGs
[2025-04-27T20:50:18.306-0300] {logging_mixin.py:188} INFO - [2025-04-27T20:50:18.306-0300] {dag.py:3954} INFO - Setting next_dagrun for example_skip_dag to 2025-04-26 00:00:00+00:00, run_after=2025-04-27 00:00:00+00:00
[2025-04-27T20:50:18.320-0300] {processor.py:183} INFO - Processing /home/facuvega/Descargas/crypto-etl-airflow/airflow-apache/lib/python3.11/site-packages/airflow/example_dags/example_skip_dag.py took 0.061 seconds
[2025-04-27T20:51:00.751-0300] {processor.py:161} INFO - Started process (PID=22134) to work on /home/facuvega/Descargas/crypto-etl-airflow/airflow-apache/lib/python3.11/site-packages/airflow/example_dags/example_skip_dag.py
[2025-04-27T20:51:00.752-0300] {processor.py:830} INFO - Processing file /home/facuvega/Descargas/crypto-etl-airflow/airflow-apache/lib/python3.11/site-packages/airflow/example_dags/example_skip_dag.py for tasks to queue
[2025-04-27T20:51:00.754-0300] {logging_mixin.py:188} INFO - [2025-04-27T20:51:00.754-0300] {dagbag.py:540} INFO - Filling up the DagBag from /home/facuvega/Descargas/crypto-etl-airflow/airflow-apache/lib/python3.11/site-packages/airflow/example_dags/example_skip_dag.py
[2025-04-27T20:51:00.760-0300] {processor.py:840} INFO - DAG(s) 'example_skip_dag' retrieved from /home/facuvega/Descargas/crypto-etl-airflow/airflow-apache/lib/python3.11/site-packages/airflow/example_dags/example_skip_dag.py
[2025-04-27T20:51:00.775-0300] {logging_mixin.py:188} INFO - [2025-04-27T20:51:00.775-0300] {dag.py:3096} INFO - Sync 1 DAGs
[2025-04-27T20:51:00.789-0300] {logging_mixin.py:188} INFO - [2025-04-27T20:51:00.789-0300] {dag.py:3954} INFO - Setting next_dagrun for example_skip_dag to 2025-04-26 00:00:00+00:00, run_after=2025-04-27 00:00:00+00:00
[2025-04-27T20:51:00.803-0300] {processor.py:183} INFO - Processing /home/facuvega/Descargas/crypto-etl-airflow/airflow-apache/lib/python3.11/site-packages/airflow/example_dags/example_skip_dag.py took 0.059 seconds
[2025-04-27T20:51:37.608-0300] {processor.py:161} INFO - Started process (PID=22477) to work on /home/facuvega/Descargas/crypto-etl-airflow/airflow-apache/lib/python3.11/site-packages/airflow/example_dags/example_skip_dag.py
[2025-04-27T20:51:37.609-0300] {processor.py:830} INFO - Processing file /home/facuvega/Descargas/crypto-etl-airflow/airflow-apache/lib/python3.11/site-packages/airflow/example_dags/example_skip_dag.py for tasks to queue
[2025-04-27T20:51:37.611-0300] {logging_mixin.py:188} INFO - [2025-04-27T20:51:37.611-0300] {dagbag.py:540} INFO - Filling up the DagBag from /home/facuvega/Descargas/crypto-etl-airflow/airflow-apache/lib/python3.11/site-packages/airflow/example_dags/example_skip_dag.py
[2025-04-27T20:51:37.617-0300] {processor.py:840} INFO - DAG(s) 'example_skip_dag' retrieved from /home/facuvega/Descargas/crypto-etl-airflow/airflow-apache/lib/python3.11/site-packages/airflow/example_dags/example_skip_dag.py
[2025-04-27T20:51:37.631-0300] {logging_mixin.py:188} INFO - [2025-04-27T20:51:37.631-0300] {dag.py:3096} INFO - Sync 1 DAGs
[2025-04-27T20:51:37.647-0300] {logging_mixin.py:188} INFO - [2025-04-27T20:51:37.647-0300] {dag.py:3954} INFO - Setting next_dagrun for example_skip_dag to 2025-04-26 00:00:00+00:00, run_after=2025-04-27 00:00:00+00:00
[2025-04-27T20:51:37.660-0300] {processor.py:183} INFO - Processing /home/facuvega/Descargas/crypto-etl-airflow/airflow-apache/lib/python3.11/site-packages/airflow/example_dags/example_skip_dag.py took 0.057 seconds
