[2025-04-27T20:10:42.422-0300] {processor.py:161} INFO - Started process (PID=9656) to work on /home/facuvega/Descargas/crypto-etl-airflow/airflow-apache/lib/python3.11/site-packages/airflow/example_dags/example_branch_datetime_operator.py
[2025-04-27T20:10:42.423-0300] {processor.py:830} INFO - Processing file /home/facuvega/Descargas/crypto-etl-airflow/airflow-apache/lib/python3.11/site-packages/airflow/example_dags/example_branch_datetime_operator.py for tasks to queue
[2025-04-27T20:10:42.424-0300] {logging_mixin.py:188} INFO - [2025-04-27T20:10:42.424-0300] {dagbag.py:540} INFO - Filling up the DagBag from /home/facuvega/Descargas/crypto-etl-airflow/airflow-apache/lib/python3.11/site-packages/airflow/example_dags/example_branch_datetime_operator.py
[2025-04-27T20:10:42.433-0300] {processor.py:840} INFO - DAG(s) 'example_branch_datetime_operator', 'example_branch_datetime_operator_3', 'example_branch_datetime_operator_2' retrieved from /home/facuvega/Descargas/crypto-etl-airflow/airflow-apache/lib/python3.11/site-packages/airflow/example_dags/example_branch_datetime_operator.py
[2025-04-27T20:10:42.507-0300] {logging_mixin.py:188} INFO - [2025-04-27T20:10:42.507-0300] {override.py:1829} INFO - Created Permission View: can edit on DAG:example_branch_datetime_operator
[2025-04-27T20:10:42.514-0300] {logging_mixin.py:188} INFO - [2025-04-27T20:10:42.513-0300] {override.py:1829} INFO - Created Permission View: can delete on DAG:example_branch_datetime_operator
[2025-04-27T20:10:42.518-0300] {logging_mixin.py:188} INFO - [2025-04-27T20:10:42.518-0300] {override.py:1829} INFO - Created Permission View: can read on DAG:example_branch_datetime_operator
[2025-04-27T20:10:42.528-0300] {logging_mixin.py:188} INFO - [2025-04-27T20:10:42.528-0300] {override.py:1829} INFO - Created Permission View: can edit on DAG:example_branch_datetime_operator_3
[2025-04-27T20:10:42.534-0300] {logging_mixin.py:188} INFO - [2025-04-27T20:10:42.533-0300] {override.py:1829} INFO - Created Permission View: can delete on DAG:example_branch_datetime_operator_3
[2025-04-27T20:10:42.538-0300] {logging_mixin.py:188} INFO - [2025-04-27T20:10:42.538-0300] {override.py:1829} INFO - Created Permission View: can read on DAG:example_branch_datetime_operator_3
[2025-04-27T20:10:42.549-0300] {logging_mixin.py:188} INFO - [2025-04-27T20:10:42.548-0300] {override.py:1829} INFO - Created Permission View: can edit on DAG:example_branch_datetime_operator_2
[2025-04-27T20:10:42.553-0300] {logging_mixin.py:188} INFO - [2025-04-27T20:10:42.553-0300] {override.py:1829} INFO - Created Permission View: can delete on DAG:example_branch_datetime_operator_2
[2025-04-27T20:10:42.557-0300] {logging_mixin.py:188} INFO - [2025-04-27T20:10:42.557-0300] {override.py:1829} INFO - Created Permission View: can read on DAG:example_branch_datetime_operator_2
[2025-04-27T20:10:42.557-0300] {logging_mixin.py:188} INFO - [2025-04-27T20:10:42.557-0300] {dag.py:3096} INFO - Sync 3 DAGs
[2025-04-27T20:10:42.565-0300] {logging_mixin.py:188} INFO - [2025-04-27T20:10:42.564-0300] {dag.py:3118} INFO - Creating ORM DAG for example_branch_datetime_operator_3
[2025-04-27T20:10:42.565-0300] {logging_mixin.py:188} INFO - [2025-04-27T20:10:42.565-0300] {dag.py:3118} INFO - Creating ORM DAG for example_branch_datetime_operator
[2025-04-27T20:10:42.565-0300] {logging_mixin.py:188} INFO - [2025-04-27T20:10:42.565-0300] {dag.py:3118} INFO - Creating ORM DAG for example_branch_datetime_operator_2
[2025-04-27T20:10:42.572-0300] {logging_mixin.py:188} INFO - [2025-04-27T20:10:42.572-0300] {dag.py:3954} INFO - Setting next_dagrun for example_branch_datetime_operator to 2025-04-26 00:00:00+00:00, run_after=2025-04-27 00:00:00+00:00
[2025-04-27T20:10:42.573-0300] {logging_mixin.py:188} INFO - [2025-04-27T20:10:42.573-0300] {dag.py:3954} INFO - Setting next_dagrun for example_branch_datetime_operator_2 to 2025-04-26 00:00:00+00:00, run_after=2025-04-27 00:00:00+00:00
[2025-04-27T20:10:42.574-0300] {logging_mixin.py:188} INFO - [2025-04-27T20:10:42.574-0300] {dag.py:3954} INFO - Setting next_dagrun for example_branch_datetime_operator_3 to 2025-04-26 00:00:00+00:00, run_after=2025-04-27 00:00:00+00:00
[2025-04-27T20:10:42.589-0300] {processor.py:183} INFO - Processing /home/facuvega/Descargas/crypto-etl-airflow/airflow-apache/lib/python3.11/site-packages/airflow/example_dags/example_branch_datetime_operator.py took 0.172 seconds
[2025-04-27T20:11:36.895-0300] {processor.py:161} INFO - Started process (PID=10041) to work on /home/facuvega/Descargas/crypto-etl-airflow/airflow-apache/lib/python3.11/site-packages/airflow/example_dags/example_branch_datetime_operator.py
[2025-04-27T20:11:36.897-0300] {processor.py:830} INFO - Processing file /home/facuvega/Descargas/crypto-etl-airflow/airflow-apache/lib/python3.11/site-packages/airflow/example_dags/example_branch_datetime_operator.py for tasks to queue
[2025-04-27T20:11:36.901-0300] {logging_mixin.py:188} INFO - [2025-04-27T20:11:36.901-0300] {dagbag.py:540} INFO - Filling up the DagBag from /home/facuvega/Descargas/crypto-etl-airflow/airflow-apache/lib/python3.11/site-packages/airflow/example_dags/example_branch_datetime_operator.py
[2025-04-27T20:11:36.913-0300] {processor.py:840} INFO - DAG(s) 'example_branch_datetime_operator_2', 'example_branch_datetime_operator', 'example_branch_datetime_operator_3' retrieved from /home/facuvega/Descargas/crypto-etl-airflow/airflow-apache/lib/python3.11/site-packages/airflow/example_dags/example_branch_datetime_operator.py
[2025-04-27T20:11:36.929-0300] {logging_mixin.py:188} INFO - [2025-04-27T20:11:36.929-0300] {dag.py:3096} INFO - Sync 3 DAGs
[2025-04-27T20:11:36.948-0300] {logging_mixin.py:188} INFO - [2025-04-27T20:11:36.948-0300] {dag.py:3954} INFO - Setting next_dagrun for example_branch_datetime_operator to 2025-04-26 00:00:00+00:00, run_after=2025-04-27 00:00:00+00:00
[2025-04-27T20:11:36.953-0300] {logging_mixin.py:188} INFO - [2025-04-27T20:11:36.953-0300] {dag.py:3954} INFO - Setting next_dagrun for example_branch_datetime_operator_2 to 2025-04-26 00:00:00+00:00, run_after=2025-04-27 00:00:00+00:00
[2025-04-27T20:11:36.955-0300] {logging_mixin.py:188} INFO - [2025-04-27T20:11:36.955-0300] {dag.py:3954} INFO - Setting next_dagrun for example_branch_datetime_operator_3 to 2025-04-26 00:00:00+00:00, run_after=2025-04-27 00:00:00+00:00
[2025-04-27T20:11:36.971-0300] {processor.py:183} INFO - Processing /home/facuvega/Descargas/crypto-etl-airflow/airflow-apache/lib/python3.11/site-packages/airflow/example_dags/example_branch_datetime_operator.py took 0.081 seconds
[2025-04-27T20:12:38.671-0300] {processor.py:161} INFO - Started process (PID=10472) to work on /home/facuvega/Descargas/crypto-etl-airflow/airflow-apache/lib/python3.11/site-packages/airflow/example_dags/example_branch_datetime_operator.py
[2025-04-27T20:12:38.673-0300] {processor.py:830} INFO - Processing file /home/facuvega/Descargas/crypto-etl-airflow/airflow-apache/lib/python3.11/site-packages/airflow/example_dags/example_branch_datetime_operator.py for tasks to queue
[2025-04-27T20:12:38.675-0300] {logging_mixin.py:188} INFO - [2025-04-27T20:12:38.674-0300] {dagbag.py:540} INFO - Filling up the DagBag from /home/facuvega/Descargas/crypto-etl-airflow/airflow-apache/lib/python3.11/site-packages/airflow/example_dags/example_branch_datetime_operator.py
[2025-04-27T20:12:38.691-0300] {processor.py:840} INFO - DAG(s) 'example_branch_datetime_operator', 'example_branch_datetime_operator_2', 'example_branch_datetime_operator_3' retrieved from /home/facuvega/Descargas/crypto-etl-airflow/airflow-apache/lib/python3.11/site-packages/airflow/example_dags/example_branch_datetime_operator.py
[2025-04-27T20:12:38.720-0300] {logging_mixin.py:188} INFO - [2025-04-27T20:12:38.719-0300] {dag.py:3096} INFO - Sync 3 DAGs
[2025-04-27T20:12:38.747-0300] {logging_mixin.py:188} INFO - [2025-04-27T20:12:38.747-0300] {dag.py:3954} INFO - Setting next_dagrun for example_branch_datetime_operator to 2025-04-26 00:00:00+00:00, run_after=2025-04-27 00:00:00+00:00
[2025-04-27T20:12:38.754-0300] {logging_mixin.py:188} INFO - [2025-04-27T20:12:38.754-0300] {dag.py:3954} INFO - Setting next_dagrun for example_branch_datetime_operator_2 to 2025-04-26 00:00:00+00:00, run_after=2025-04-27 00:00:00+00:00
[2025-04-27T20:12:38.759-0300] {logging_mixin.py:188} INFO - [2025-04-27T20:12:38.758-0300] {dag.py:3954} INFO - Setting next_dagrun for example_branch_datetime_operator_3 to 2025-04-26 00:00:00+00:00, run_after=2025-04-27 00:00:00+00:00
[2025-04-27T20:12:38.777-0300] {processor.py:183} INFO - Processing /home/facuvega/Descargas/crypto-etl-airflow/airflow-apache/lib/python3.11/site-packages/airflow/example_dags/example_branch_datetime_operator.py took 0.115 seconds
[2025-04-27T20:13:38.940-0300] {processor.py:161} INFO - Started process (PID=10747) to work on /home/facuvega/Descargas/crypto-etl-airflow/airflow-apache/lib/python3.11/site-packages/airflow/example_dags/example_branch_datetime_operator.py
[2025-04-27T20:13:38.941-0300] {processor.py:830} INFO - Processing file /home/facuvega/Descargas/crypto-etl-airflow/airflow-apache/lib/python3.11/site-packages/airflow/example_dags/example_branch_datetime_operator.py for tasks to queue
[2025-04-27T20:13:38.943-0300] {logging_mixin.py:188} INFO - [2025-04-27T20:13:38.942-0300] {dagbag.py:540} INFO - Filling up the DagBag from /home/facuvega/Descargas/crypto-etl-airflow/airflow-apache/lib/python3.11/site-packages/airflow/example_dags/example_branch_datetime_operator.py
[2025-04-27T20:13:38.952-0300] {processor.py:840} INFO - DAG(s) 'example_branch_datetime_operator', 'example_branch_datetime_operator_2', 'example_branch_datetime_operator_3' retrieved from /home/facuvega/Descargas/crypto-etl-airflow/airflow-apache/lib/python3.11/site-packages/airflow/example_dags/example_branch_datetime_operator.py
[2025-04-27T20:13:38.972-0300] {logging_mixin.py:188} INFO - [2025-04-27T20:13:38.972-0300] {dag.py:3096} INFO - Sync 3 DAGs
[2025-04-27T20:13:38.991-0300] {logging_mixin.py:188} INFO - [2025-04-27T20:13:38.991-0300] {dag.py:3954} INFO - Setting next_dagrun for example_branch_datetime_operator to 2025-04-26 00:00:00+00:00, run_after=2025-04-27 00:00:00+00:00
[2025-04-27T20:13:38.994-0300] {logging_mixin.py:188} INFO - [2025-04-27T20:13:38.994-0300] {dag.py:3954} INFO - Setting next_dagrun for example_branch_datetime_operator_2 to 2025-04-26 00:00:00+00:00, run_after=2025-04-27 00:00:00+00:00
[2025-04-27T20:13:38.996-0300] {logging_mixin.py:188} INFO - [2025-04-27T20:13:38.996-0300] {dag.py:3954} INFO - Setting next_dagrun for example_branch_datetime_operator_3 to 2025-04-26 00:00:00+00:00, run_after=2025-04-27 00:00:00+00:00
[2025-04-27T20:13:39.008-0300] {processor.py:183} INFO - Processing /home/facuvega/Descargas/crypto-etl-airflow/airflow-apache/lib/python3.11/site-packages/airflow/example_dags/example_branch_datetime_operator.py took 0.074 seconds
[2025-04-27T20:14:36.216-0300] {processor.py:161} INFO - Started process (PID=11012) to work on /home/facuvega/Descargas/crypto-etl-airflow/airflow-apache/lib/python3.11/site-packages/airflow/example_dags/example_branch_datetime_operator.py
[2025-04-27T20:14:36.217-0300] {processor.py:830} INFO - Processing file /home/facuvega/Descargas/crypto-etl-airflow/airflow-apache/lib/python3.11/site-packages/airflow/example_dags/example_branch_datetime_operator.py for tasks to queue
[2025-04-27T20:14:36.218-0300] {logging_mixin.py:188} INFO - [2025-04-27T20:14:36.218-0300] {dagbag.py:540} INFO - Filling up the DagBag from /home/facuvega/Descargas/crypto-etl-airflow/airflow-apache/lib/python3.11/site-packages/airflow/example_dags/example_branch_datetime_operator.py
[2025-04-27T20:14:36.226-0300] {processor.py:840} INFO - DAG(s) 'example_branch_datetime_operator', 'example_branch_datetime_operator_3', 'example_branch_datetime_operator_2' retrieved from /home/facuvega/Descargas/crypto-etl-airflow/airflow-apache/lib/python3.11/site-packages/airflow/example_dags/example_branch_datetime_operator.py
[2025-04-27T20:14:36.242-0300] {logging_mixin.py:188} INFO - [2025-04-27T20:14:36.241-0300] {dag.py:3096} INFO - Sync 3 DAGs
[2025-04-27T20:14:36.257-0300] {logging_mixin.py:188} INFO - [2025-04-27T20:14:36.257-0300] {dag.py:3954} INFO - Setting next_dagrun for example_branch_datetime_operator to 2025-04-26 00:00:00+00:00, run_after=2025-04-27 00:00:00+00:00
[2025-04-27T20:14:36.260-0300] {logging_mixin.py:188} INFO - [2025-04-27T20:14:36.259-0300] {dag.py:3954} INFO - Setting next_dagrun for example_branch_datetime_operator_2 to 2025-04-26 00:00:00+00:00, run_after=2025-04-27 00:00:00+00:00
[2025-04-27T20:14:36.261-0300] {logging_mixin.py:188} INFO - [2025-04-27T20:14:36.261-0300] {dag.py:3954} INFO - Setting next_dagrun for example_branch_datetime_operator_3 to 2025-04-26 00:00:00+00:00, run_after=2025-04-27 00:00:00+00:00
[2025-04-27T20:14:36.272-0300] {processor.py:183} INFO - Processing /home/facuvega/Descargas/crypto-etl-airflow/airflow-apache/lib/python3.11/site-packages/airflow/example_dags/example_branch_datetime_operator.py took 0.061 seconds
[2025-04-27T20:15:36.986-0300] {processor.py:161} INFO - Started process (PID=11313) to work on /home/facuvega/Descargas/crypto-etl-airflow/airflow-apache/lib/python3.11/site-packages/airflow/example_dags/example_branch_datetime_operator.py
[2025-04-27T20:15:36.987-0300] {processor.py:830} INFO - Processing file /home/facuvega/Descargas/crypto-etl-airflow/airflow-apache/lib/python3.11/site-packages/airflow/example_dags/example_branch_datetime_operator.py for tasks to queue
[2025-04-27T20:15:36.988-0300] {logging_mixin.py:188} INFO - [2025-04-27T20:15:36.988-0300] {dagbag.py:540} INFO - Filling up the DagBag from /home/facuvega/Descargas/crypto-etl-airflow/airflow-apache/lib/python3.11/site-packages/airflow/example_dags/example_branch_datetime_operator.py
[2025-04-27T20:15:36.999-0300] {processor.py:840} INFO - DAG(s) 'example_branch_datetime_operator_2', 'example_branch_datetime_operator_3', 'example_branch_datetime_operator' retrieved from /home/facuvega/Descargas/crypto-etl-airflow/airflow-apache/lib/python3.11/site-packages/airflow/example_dags/example_branch_datetime_operator.py
[2025-04-27T20:15:37.018-0300] {logging_mixin.py:188} INFO - [2025-04-27T20:15:37.018-0300] {dag.py:3096} INFO - Sync 3 DAGs
[2025-04-27T20:15:37.037-0300] {logging_mixin.py:188} INFO - [2025-04-27T20:15:37.037-0300] {dag.py:3954} INFO - Setting next_dagrun for example_branch_datetime_operator to 2025-04-26 00:00:00+00:00, run_after=2025-04-27 00:00:00+00:00
[2025-04-27T20:15:37.041-0300] {logging_mixin.py:188} INFO - [2025-04-27T20:15:37.041-0300] {dag.py:3954} INFO - Setting next_dagrun for example_branch_datetime_operator_2 to 2025-04-26 00:00:00+00:00, run_after=2025-04-27 00:00:00+00:00
[2025-04-27T20:15:37.043-0300] {logging_mixin.py:188} INFO - [2025-04-27T20:15:37.042-0300] {dag.py:3954} INFO - Setting next_dagrun for example_branch_datetime_operator_3 to 2025-04-26 00:00:00+00:00, run_after=2025-04-27 00:00:00+00:00
[2025-04-27T20:15:37.057-0300] {processor.py:183} INFO - Processing /home/facuvega/Descargas/crypto-etl-airflow/airflow-apache/lib/python3.11/site-packages/airflow/example_dags/example_branch_datetime_operator.py took 0.077 seconds
[2025-04-27T20:16:36.649-0300] {processor.py:161} INFO - Started process (PID=11584) to work on /home/facuvega/Descargas/crypto-etl-airflow/airflow-apache/lib/python3.11/site-packages/airflow/example_dags/example_branch_datetime_operator.py
[2025-04-27T20:16:36.650-0300] {processor.py:830} INFO - Processing file /home/facuvega/Descargas/crypto-etl-airflow/airflow-apache/lib/python3.11/site-packages/airflow/example_dags/example_branch_datetime_operator.py for tasks to queue
[2025-04-27T20:16:36.652-0300] {logging_mixin.py:188} INFO - [2025-04-27T20:16:36.651-0300] {dagbag.py:540} INFO - Filling up the DagBag from /home/facuvega/Descargas/crypto-etl-airflow/airflow-apache/lib/python3.11/site-packages/airflow/example_dags/example_branch_datetime_operator.py
[2025-04-27T20:16:36.660-0300] {processor.py:840} INFO - DAG(s) 'example_branch_datetime_operator', 'example_branch_datetime_operator_2', 'example_branch_datetime_operator_3' retrieved from /home/facuvega/Descargas/crypto-etl-airflow/airflow-apache/lib/python3.11/site-packages/airflow/example_dags/example_branch_datetime_operator.py
[2025-04-27T20:16:36.678-0300] {logging_mixin.py:188} INFO - [2025-04-27T20:16:36.677-0300] {dag.py:3096} INFO - Sync 3 DAGs
[2025-04-27T20:16:36.694-0300] {logging_mixin.py:188} INFO - [2025-04-27T20:16:36.694-0300] {dag.py:3954} INFO - Setting next_dagrun for example_branch_datetime_operator to 2025-04-26 00:00:00+00:00, run_after=2025-04-27 00:00:00+00:00
[2025-04-27T20:16:36.697-0300] {logging_mixin.py:188} INFO - [2025-04-27T20:16:36.697-0300] {dag.py:3954} INFO - Setting next_dagrun for example_branch_datetime_operator_2 to 2025-04-26 00:00:00+00:00, run_after=2025-04-27 00:00:00+00:00
[2025-04-27T20:16:36.698-0300] {logging_mixin.py:188} INFO - [2025-04-27T20:16:36.698-0300] {dag.py:3954} INFO - Setting next_dagrun for example_branch_datetime_operator_3 to 2025-04-26 00:00:00+00:00, run_after=2025-04-27 00:00:00+00:00
[2025-04-27T20:16:36.714-0300] {processor.py:183} INFO - Processing /home/facuvega/Descargas/crypto-etl-airflow/airflow-apache/lib/python3.11/site-packages/airflow/example_dags/example_branch_datetime_operator.py took 0.070 seconds
[2025-04-27T20:17:41.867-0300] {processor.py:161} INFO - Started process (PID=11872) to work on /home/facuvega/Descargas/crypto-etl-airflow/airflow-apache/lib/python3.11/site-packages/airflow/example_dags/example_branch_datetime_operator.py
[2025-04-27T20:17:41.868-0300] {processor.py:830} INFO - Processing file /home/facuvega/Descargas/crypto-etl-airflow/airflow-apache/lib/python3.11/site-packages/airflow/example_dags/example_branch_datetime_operator.py for tasks to queue
[2025-04-27T20:17:41.871-0300] {logging_mixin.py:188} INFO - [2025-04-27T20:17:41.870-0300] {dagbag.py:540} INFO - Filling up the DagBag from /home/facuvega/Descargas/crypto-etl-airflow/airflow-apache/lib/python3.11/site-packages/airflow/example_dags/example_branch_datetime_operator.py
[2025-04-27T20:17:41.881-0300] {processor.py:840} INFO - DAG(s) 'example_branch_datetime_operator_2', 'example_branch_datetime_operator', 'example_branch_datetime_operator_3' retrieved from /home/facuvega/Descargas/crypto-etl-airflow/airflow-apache/lib/python3.11/site-packages/airflow/example_dags/example_branch_datetime_operator.py
[2025-04-27T20:17:41.901-0300] {logging_mixin.py:188} INFO - [2025-04-27T20:17:41.901-0300] {dag.py:3096} INFO - Sync 3 DAGs
[2025-04-27T20:17:41.921-0300] {logging_mixin.py:188} INFO - [2025-04-27T20:17:41.921-0300] {dag.py:3954} INFO - Setting next_dagrun for example_branch_datetime_operator to 2025-04-26 00:00:00+00:00, run_after=2025-04-27 00:00:00+00:00
[2025-04-27T20:17:41.925-0300] {logging_mixin.py:188} INFO - [2025-04-27T20:17:41.925-0300] {dag.py:3954} INFO - Setting next_dagrun for example_branch_datetime_operator_2 to 2025-04-26 00:00:00+00:00, run_after=2025-04-27 00:00:00+00:00
[2025-04-27T20:17:41.927-0300] {logging_mixin.py:188} INFO - [2025-04-27T20:17:41.926-0300] {dag.py:3954} INFO - Setting next_dagrun for example_branch_datetime_operator_3 to 2025-04-26 00:00:00+00:00, run_after=2025-04-27 00:00:00+00:00
[2025-04-27T20:17:41.942-0300] {processor.py:183} INFO - Processing /home/facuvega/Descargas/crypto-etl-airflow/airflow-apache/lib/python3.11/site-packages/airflow/example_dags/example_branch_datetime_operator.py took 0.082 seconds
[2025-04-27T20:18:39.517-0300] {processor.py:161} INFO - Started process (PID=12270) to work on /home/facuvega/Descargas/crypto-etl-airflow/airflow-apache/lib/python3.11/site-packages/airflow/example_dags/example_branch_datetime_operator.py
[2025-04-27T20:18:39.519-0300] {processor.py:830} INFO - Processing file /home/facuvega/Descargas/crypto-etl-airflow/airflow-apache/lib/python3.11/site-packages/airflow/example_dags/example_branch_datetime_operator.py for tasks to queue
[2025-04-27T20:18:39.520-0300] {logging_mixin.py:188} INFO - [2025-04-27T20:18:39.520-0300] {dagbag.py:540} INFO - Filling up the DagBag from /home/facuvega/Descargas/crypto-etl-airflow/airflow-apache/lib/python3.11/site-packages/airflow/example_dags/example_branch_datetime_operator.py
[2025-04-27T20:18:39.530-0300] {processor.py:840} INFO - DAG(s) 'example_branch_datetime_operator_2', 'example_branch_datetime_operator_3', 'example_branch_datetime_operator' retrieved from /home/facuvega/Descargas/crypto-etl-airflow/airflow-apache/lib/python3.11/site-packages/airflow/example_dags/example_branch_datetime_operator.py
[2025-04-27T20:18:39.548-0300] {logging_mixin.py:188} INFO - [2025-04-27T20:18:39.548-0300] {dag.py:3096} INFO - Sync 3 DAGs
[2025-04-27T20:18:39.567-0300] {logging_mixin.py:188} INFO - [2025-04-27T20:18:39.567-0300] {dag.py:3954} INFO - Setting next_dagrun for example_branch_datetime_operator to 2025-04-26 00:00:00+00:00, run_after=2025-04-27 00:00:00+00:00
[2025-04-27T20:18:39.571-0300] {logging_mixin.py:188} INFO - [2025-04-27T20:18:39.570-0300] {dag.py:3954} INFO - Setting next_dagrun for example_branch_datetime_operator_2 to 2025-04-26 00:00:00+00:00, run_after=2025-04-27 00:00:00+00:00
[2025-04-27T20:18:39.572-0300] {logging_mixin.py:188} INFO - [2025-04-27T20:18:39.572-0300] {dag.py:3954} INFO - Setting next_dagrun for example_branch_datetime_operator_3 to 2025-04-26 00:00:00+00:00, run_after=2025-04-27 00:00:00+00:00
[2025-04-27T20:18:39.589-0300] {processor.py:183} INFO - Processing /home/facuvega/Descargas/crypto-etl-airflow/airflow-apache/lib/python3.11/site-packages/airflow/example_dags/example_branch_datetime_operator.py took 0.077 seconds
[2025-04-27T20:19:40.217-0300] {processor.py:161} INFO - Started process (PID=12543) to work on /home/facuvega/Descargas/crypto-etl-airflow/airflow-apache/lib/python3.11/site-packages/airflow/example_dags/example_branch_datetime_operator.py
[2025-04-27T20:19:40.218-0300] {processor.py:830} INFO - Processing file /home/facuvega/Descargas/crypto-etl-airflow/airflow-apache/lib/python3.11/site-packages/airflow/example_dags/example_branch_datetime_operator.py for tasks to queue
[2025-04-27T20:19:40.219-0300] {logging_mixin.py:188} INFO - [2025-04-27T20:19:40.219-0300] {dagbag.py:540} INFO - Filling up the DagBag from /home/facuvega/Descargas/crypto-etl-airflow/airflow-apache/lib/python3.11/site-packages/airflow/example_dags/example_branch_datetime_operator.py
[2025-04-27T20:19:40.227-0300] {processor.py:840} INFO - DAG(s) 'example_branch_datetime_operator_3', 'example_branch_datetime_operator_2', 'example_branch_datetime_operator' retrieved from /home/facuvega/Descargas/crypto-etl-airflow/airflow-apache/lib/python3.11/site-packages/airflow/example_dags/example_branch_datetime_operator.py
[2025-04-27T20:19:40.243-0300] {logging_mixin.py:188} INFO - [2025-04-27T20:19:40.242-0300] {dag.py:3096} INFO - Sync 3 DAGs
[2025-04-27T20:19:40.258-0300] {logging_mixin.py:188} INFO - [2025-04-27T20:19:40.258-0300] {dag.py:3954} INFO - Setting next_dagrun for example_branch_datetime_operator to 2025-04-26 00:00:00+00:00, run_after=2025-04-27 00:00:00+00:00
[2025-04-27T20:19:40.261-0300] {logging_mixin.py:188} INFO - [2025-04-27T20:19:40.261-0300] {dag.py:3954} INFO - Setting next_dagrun for example_branch_datetime_operator_2 to 2025-04-26 00:00:00+00:00, run_after=2025-04-27 00:00:00+00:00
[2025-04-27T20:19:40.262-0300] {logging_mixin.py:188} INFO - [2025-04-27T20:19:40.262-0300] {dag.py:3954} INFO - Setting next_dagrun for example_branch_datetime_operator_3 to 2025-04-26 00:00:00+00:00, run_after=2025-04-27 00:00:00+00:00
[2025-04-27T20:19:40.274-0300] {processor.py:183} INFO - Processing /home/facuvega/Descargas/crypto-etl-airflow/airflow-apache/lib/python3.11/site-packages/airflow/example_dags/example_branch_datetime_operator.py took 0.062 seconds
[2025-04-27T20:20:38.539-0300] {processor.py:161} INFO - Started process (PID=12857) to work on /home/facuvega/Descargas/crypto-etl-airflow/airflow-apache/lib/python3.11/site-packages/airflow/example_dags/example_branch_datetime_operator.py
[2025-04-27T20:20:38.540-0300] {processor.py:830} INFO - Processing file /home/facuvega/Descargas/crypto-etl-airflow/airflow-apache/lib/python3.11/site-packages/airflow/example_dags/example_branch_datetime_operator.py for tasks to queue
[2025-04-27T20:20:38.541-0300] {logging_mixin.py:188} INFO - [2025-04-27T20:20:38.541-0300] {dagbag.py:540} INFO - Filling up the DagBag from /home/facuvega/Descargas/crypto-etl-airflow/airflow-apache/lib/python3.11/site-packages/airflow/example_dags/example_branch_datetime_operator.py
[2025-04-27T20:20:38.549-0300] {processor.py:840} INFO - DAG(s) 'example_branch_datetime_operator_3', 'example_branch_datetime_operator_2', 'example_branch_datetime_operator' retrieved from /home/facuvega/Descargas/crypto-etl-airflow/airflow-apache/lib/python3.11/site-packages/airflow/example_dags/example_branch_datetime_operator.py
[2025-04-27T20:20:38.565-0300] {logging_mixin.py:188} INFO - [2025-04-27T20:20:38.565-0300] {dag.py:3096} INFO - Sync 3 DAGs
[2025-04-27T20:20:38.580-0300] {logging_mixin.py:188} INFO - [2025-04-27T20:20:38.580-0300] {dag.py:3954} INFO - Setting next_dagrun for example_branch_datetime_operator to 2025-04-26 00:00:00+00:00, run_after=2025-04-27 00:00:00+00:00
[2025-04-27T20:20:38.583-0300] {logging_mixin.py:188} INFO - [2025-04-27T20:20:38.583-0300] {dag.py:3954} INFO - Setting next_dagrun for example_branch_datetime_operator_2 to 2025-04-26 00:00:00+00:00, run_after=2025-04-27 00:00:00+00:00
[2025-04-27T20:20:38.585-0300] {logging_mixin.py:188} INFO - [2025-04-27T20:20:38.585-0300] {dag.py:3954} INFO - Setting next_dagrun for example_branch_datetime_operator_3 to 2025-04-26 00:00:00+00:00, run_after=2025-04-27 00:00:00+00:00
[2025-04-27T20:20:38.599-0300] {processor.py:183} INFO - Processing /home/facuvega/Descargas/crypto-etl-airflow/airflow-apache/lib/python3.11/site-packages/airflow/example_dags/example_branch_datetime_operator.py took 0.065 seconds
[2025-04-27T20:21:39.235-0300] {processor.py:161} INFO - Started process (PID=13129) to work on /home/facuvega/Descargas/crypto-etl-airflow/airflow-apache/lib/python3.11/site-packages/airflow/example_dags/example_branch_datetime_operator.py
[2025-04-27T20:21:39.236-0300] {processor.py:830} INFO - Processing file /home/facuvega/Descargas/crypto-etl-airflow/airflow-apache/lib/python3.11/site-packages/airflow/example_dags/example_branch_datetime_operator.py for tasks to queue
[2025-04-27T20:21:39.238-0300] {logging_mixin.py:188} INFO - [2025-04-27T20:21:39.238-0300] {dagbag.py:540} INFO - Filling up the DagBag from /home/facuvega/Descargas/crypto-etl-airflow/airflow-apache/lib/python3.11/site-packages/airflow/example_dags/example_branch_datetime_operator.py
[2025-04-27T20:21:39.253-0300] {processor.py:840} INFO - DAG(s) 'example_branch_datetime_operator', 'example_branch_datetime_operator_3', 'example_branch_datetime_operator_2' retrieved from /home/facuvega/Descargas/crypto-etl-airflow/airflow-apache/lib/python3.11/site-packages/airflow/example_dags/example_branch_datetime_operator.py
[2025-04-27T20:21:39.279-0300] {logging_mixin.py:188} INFO - [2025-04-27T20:21:39.279-0300] {dag.py:3096} INFO - Sync 3 DAGs
[2025-04-27T20:21:39.302-0300] {logging_mixin.py:188} INFO - [2025-04-27T20:21:39.302-0300] {dag.py:3954} INFO - Setting next_dagrun for example_branch_datetime_operator to 2025-04-26 00:00:00+00:00, run_after=2025-04-27 00:00:00+00:00
[2025-04-27T20:21:39.306-0300] {logging_mixin.py:188} INFO - [2025-04-27T20:21:39.305-0300] {dag.py:3954} INFO - Setting next_dagrun for example_branch_datetime_operator_2 to 2025-04-26 00:00:00+00:00, run_after=2025-04-27 00:00:00+00:00
[2025-04-27T20:21:39.309-0300] {logging_mixin.py:188} INFO - [2025-04-27T20:21:39.309-0300] {dag.py:3954} INFO - Setting next_dagrun for example_branch_datetime_operator_3 to 2025-04-26 00:00:00+00:00, run_after=2025-04-27 00:00:00+00:00
[2025-04-27T20:21:39.325-0300] {processor.py:183} INFO - Processing /home/facuvega/Descargas/crypto-etl-airflow/airflow-apache/lib/python3.11/site-packages/airflow/example_dags/example_branch_datetime_operator.py took 0.098 seconds
[2025-04-27T20:22:42.473-0300] {processor.py:161} INFO - Started process (PID=13421) to work on /home/facuvega/Descargas/crypto-etl-airflow/airflow-apache/lib/python3.11/site-packages/airflow/example_dags/example_branch_datetime_operator.py
[2025-04-27T20:22:42.474-0300] {processor.py:830} INFO - Processing file /home/facuvega/Descargas/crypto-etl-airflow/airflow-apache/lib/python3.11/site-packages/airflow/example_dags/example_branch_datetime_operator.py for tasks to queue
[2025-04-27T20:22:42.476-0300] {logging_mixin.py:188} INFO - [2025-04-27T20:22:42.475-0300] {dagbag.py:540} INFO - Filling up the DagBag from /home/facuvega/Descargas/crypto-etl-airflow/airflow-apache/lib/python3.11/site-packages/airflow/example_dags/example_branch_datetime_operator.py
[2025-04-27T20:22:42.484-0300] {processor.py:840} INFO - DAG(s) 'example_branch_datetime_operator', 'example_branch_datetime_operator_2', 'example_branch_datetime_operator_3' retrieved from /home/facuvega/Descargas/crypto-etl-airflow/airflow-apache/lib/python3.11/site-packages/airflow/example_dags/example_branch_datetime_operator.py
[2025-04-27T20:22:42.501-0300] {logging_mixin.py:188} INFO - [2025-04-27T20:22:42.501-0300] {dag.py:3096} INFO - Sync 3 DAGs
[2025-04-27T20:22:42.517-0300] {logging_mixin.py:188} INFO - [2025-04-27T20:22:42.517-0300] {dag.py:3954} INFO - Setting next_dagrun for example_branch_datetime_operator to 2025-04-26 00:00:00+00:00, run_after=2025-04-27 00:00:00+00:00
[2025-04-27T20:22:42.520-0300] {logging_mixin.py:188} INFO - [2025-04-27T20:22:42.520-0300] {dag.py:3954} INFO - Setting next_dagrun for example_branch_datetime_operator_2 to 2025-04-26 00:00:00+00:00, run_after=2025-04-27 00:00:00+00:00
[2025-04-27T20:22:42.521-0300] {logging_mixin.py:188} INFO - [2025-04-27T20:22:42.521-0300] {dag.py:3954} INFO - Setting next_dagrun for example_branch_datetime_operator_3 to 2025-04-26 00:00:00+00:00, run_after=2025-04-27 00:00:00+00:00
[2025-04-27T20:22:42.533-0300] {processor.py:183} INFO - Processing /home/facuvega/Descargas/crypto-etl-airflow/airflow-apache/lib/python3.11/site-packages/airflow/example_dags/example_branch_datetime_operator.py took 0.065 seconds
[2025-04-27T20:23:45.593-0300] {processor.py:161} INFO - Started process (PID=13697) to work on /home/facuvega/Descargas/crypto-etl-airflow/airflow-apache/lib/python3.11/site-packages/airflow/example_dags/example_branch_datetime_operator.py
[2025-04-27T20:23:45.594-0300] {processor.py:830} INFO - Processing file /home/facuvega/Descargas/crypto-etl-airflow/airflow-apache/lib/python3.11/site-packages/airflow/example_dags/example_branch_datetime_operator.py for tasks to queue
[2025-04-27T20:23:45.596-0300] {logging_mixin.py:188} INFO - [2025-04-27T20:23:45.595-0300] {dagbag.py:540} INFO - Filling up the DagBag from /home/facuvega/Descargas/crypto-etl-airflow/airflow-apache/lib/python3.11/site-packages/airflow/example_dags/example_branch_datetime_operator.py
[2025-04-27T20:23:45.606-0300] {processor.py:840} INFO - DAG(s) 'example_branch_datetime_operator_3', 'example_branch_datetime_operator_2', 'example_branch_datetime_operator' retrieved from /home/facuvega/Descargas/crypto-etl-airflow/airflow-apache/lib/python3.11/site-packages/airflow/example_dags/example_branch_datetime_operator.py
[2025-04-27T20:23:45.628-0300] {logging_mixin.py:188} INFO - [2025-04-27T20:23:45.627-0300] {dag.py:3096} INFO - Sync 3 DAGs
[2025-04-27T20:23:45.648-0300] {logging_mixin.py:188} INFO - [2025-04-27T20:23:45.647-0300] {dag.py:3954} INFO - Setting next_dagrun for example_branch_datetime_operator to 2025-04-26 00:00:00+00:00, run_after=2025-04-27 00:00:00+00:00
[2025-04-27T20:23:45.651-0300] {logging_mixin.py:188} INFO - [2025-04-27T20:23:45.651-0300] {dag.py:3954} INFO - Setting next_dagrun for example_branch_datetime_operator_2 to 2025-04-26 00:00:00+00:00, run_after=2025-04-27 00:00:00+00:00
[2025-04-27T20:23:45.653-0300] {logging_mixin.py:188} INFO - [2025-04-27T20:23:45.653-0300] {dag.py:3954} INFO - Setting next_dagrun for example_branch_datetime_operator_3 to 2025-04-26 00:00:00+00:00, run_after=2025-04-27 00:00:00+00:00
[2025-04-27T20:23:45.667-0300] {processor.py:183} INFO - Processing /home/facuvega/Descargas/crypto-etl-airflow/airflow-apache/lib/python3.11/site-packages/airflow/example_dags/example_branch_datetime_operator.py took 0.080 seconds
[2025-04-27T20:24:41.842-0300] {processor.py:161} INFO - Started process (PID=13955) to work on /home/facuvega/Descargas/crypto-etl-airflow/airflow-apache/lib/python3.11/site-packages/airflow/example_dags/example_branch_datetime_operator.py
[2025-04-27T20:24:41.843-0300] {processor.py:830} INFO - Processing file /home/facuvega/Descargas/crypto-etl-airflow/airflow-apache/lib/python3.11/site-packages/airflow/example_dags/example_branch_datetime_operator.py for tasks to queue
[2025-04-27T20:24:41.845-0300] {logging_mixin.py:188} INFO - [2025-04-27T20:24:41.844-0300] {dagbag.py:540} INFO - Filling up the DagBag from /home/facuvega/Descargas/crypto-etl-airflow/airflow-apache/lib/python3.11/site-packages/airflow/example_dags/example_branch_datetime_operator.py
[2025-04-27T20:24:41.853-0300] {processor.py:840} INFO - DAG(s) 'example_branch_datetime_operator_2', 'example_branch_datetime_operator', 'example_branch_datetime_operator_3' retrieved from /home/facuvega/Descargas/crypto-etl-airflow/airflow-apache/lib/python3.11/site-packages/airflow/example_dags/example_branch_datetime_operator.py
[2025-04-27T20:24:41.872-0300] {logging_mixin.py:188} INFO - [2025-04-27T20:24:41.872-0300] {dag.py:3096} INFO - Sync 3 DAGs
[2025-04-27T20:24:41.888-0300] {logging_mixin.py:188} INFO - [2025-04-27T20:24:41.888-0300] {dag.py:3954} INFO - Setting next_dagrun for example_branch_datetime_operator to 2025-04-26 00:00:00+00:00, run_after=2025-04-27 00:00:00+00:00
[2025-04-27T20:24:41.892-0300] {logging_mixin.py:188} INFO - [2025-04-27T20:24:41.892-0300] {dag.py:3954} INFO - Setting next_dagrun for example_branch_datetime_operator_2 to 2025-04-26 00:00:00+00:00, run_after=2025-04-27 00:00:00+00:00
[2025-04-27T20:24:41.893-0300] {logging_mixin.py:188} INFO - [2025-04-27T20:24:41.893-0300] {dag.py:3954} INFO - Setting next_dagrun for example_branch_datetime_operator_3 to 2025-04-26 00:00:00+00:00, run_after=2025-04-27 00:00:00+00:00
[2025-04-27T20:24:41.906-0300] {processor.py:183} INFO - Processing /home/facuvega/Descargas/crypto-etl-airflow/airflow-apache/lib/python3.11/site-packages/airflow/example_dags/example_branch_datetime_operator.py took 0.069 seconds
[2025-04-27T20:25:39.471-0300] {processor.py:161} INFO - Started process (PID=14244) to work on /home/facuvega/Descargas/crypto-etl-airflow/airflow-apache/lib/python3.11/site-packages/airflow/example_dags/example_branch_datetime_operator.py
[2025-04-27T20:25:39.472-0300] {processor.py:830} INFO - Processing file /home/facuvega/Descargas/crypto-etl-airflow/airflow-apache/lib/python3.11/site-packages/airflow/example_dags/example_branch_datetime_operator.py for tasks to queue
[2025-04-27T20:25:39.473-0300] {logging_mixin.py:188} INFO - [2025-04-27T20:25:39.473-0300] {dagbag.py:540} INFO - Filling up the DagBag from /home/facuvega/Descargas/crypto-etl-airflow/airflow-apache/lib/python3.11/site-packages/airflow/example_dags/example_branch_datetime_operator.py
[2025-04-27T20:25:39.483-0300] {processor.py:840} INFO - DAG(s) 'example_branch_datetime_operator_2', 'example_branch_datetime_operator', 'example_branch_datetime_operator_3' retrieved from /home/facuvega/Descargas/crypto-etl-airflow/airflow-apache/lib/python3.11/site-packages/airflow/example_dags/example_branch_datetime_operator.py
[2025-04-27T20:25:39.501-0300] {logging_mixin.py:188} INFO - [2025-04-27T20:25:39.500-0300] {dag.py:3096} INFO - Sync 3 DAGs
[2025-04-27T20:25:39.519-0300] {logging_mixin.py:188} INFO - [2025-04-27T20:25:39.519-0300] {dag.py:3954} INFO - Setting next_dagrun for example_branch_datetime_operator to 2025-04-26 00:00:00+00:00, run_after=2025-04-27 00:00:00+00:00
[2025-04-27T20:25:39.522-0300] {logging_mixin.py:188} INFO - [2025-04-27T20:25:39.522-0300] {dag.py:3954} INFO - Setting next_dagrun for example_branch_datetime_operator_2 to 2025-04-26 00:00:00+00:00, run_after=2025-04-27 00:00:00+00:00
[2025-04-27T20:25:39.523-0300] {logging_mixin.py:188} INFO - [2025-04-27T20:25:39.523-0300] {dag.py:3954} INFO - Setting next_dagrun for example_branch_datetime_operator_3 to 2025-04-26 00:00:00+00:00, run_after=2025-04-27 00:00:00+00:00
[2025-04-27T20:25:39.536-0300] {processor.py:183} INFO - Processing /home/facuvega/Descargas/crypto-etl-airflow/airflow-apache/lib/python3.11/site-packages/airflow/example_dags/example_branch_datetime_operator.py took 0.070 seconds
[2025-04-27T20:26:43.062-0300] {processor.py:161} INFO - Started process (PID=14548) to work on /home/facuvega/Descargas/crypto-etl-airflow/airflow-apache/lib/python3.11/site-packages/airflow/example_dags/example_branch_datetime_operator.py
[2025-04-27T20:26:43.063-0300] {processor.py:830} INFO - Processing file /home/facuvega/Descargas/crypto-etl-airflow/airflow-apache/lib/python3.11/site-packages/airflow/example_dags/example_branch_datetime_operator.py for tasks to queue
[2025-04-27T20:26:43.064-0300] {logging_mixin.py:188} INFO - [2025-04-27T20:26:43.064-0300] {dagbag.py:540} INFO - Filling up the DagBag from /home/facuvega/Descargas/crypto-etl-airflow/airflow-apache/lib/python3.11/site-packages/airflow/example_dags/example_branch_datetime_operator.py
[2025-04-27T20:26:43.072-0300] {processor.py:840} INFO - DAG(s) 'example_branch_datetime_operator', 'example_branch_datetime_operator_3', 'example_branch_datetime_operator_2' retrieved from /home/facuvega/Descargas/crypto-etl-airflow/airflow-apache/lib/python3.11/site-packages/airflow/example_dags/example_branch_datetime_operator.py
[2025-04-27T20:26:43.090-0300] {logging_mixin.py:188} INFO - [2025-04-27T20:26:43.090-0300] {dag.py:3096} INFO - Sync 3 DAGs
[2025-04-27T20:26:43.107-0300] {logging_mixin.py:188} INFO - [2025-04-27T20:26:43.107-0300] {dag.py:3954} INFO - Setting next_dagrun for example_branch_datetime_operator to 2025-04-26 00:00:00+00:00, run_after=2025-04-27 00:00:00+00:00
[2025-04-27T20:26:43.110-0300] {logging_mixin.py:188} INFO - [2025-04-27T20:26:43.110-0300] {dag.py:3954} INFO - Setting next_dagrun for example_branch_datetime_operator_2 to 2025-04-26 00:00:00+00:00, run_after=2025-04-27 00:00:00+00:00
[2025-04-27T20:26:43.112-0300] {logging_mixin.py:188} INFO - [2025-04-27T20:26:43.111-0300] {dag.py:3954} INFO - Setting next_dagrun for example_branch_datetime_operator_3 to 2025-04-26 00:00:00+00:00, run_after=2025-04-27 00:00:00+00:00
[2025-04-27T20:26:43.124-0300] {processor.py:183} INFO - Processing /home/facuvega/Descargas/crypto-etl-airflow/airflow-apache/lib/python3.11/site-packages/airflow/example_dags/example_branch_datetime_operator.py took 0.068 seconds
[2025-04-27T20:27:41.343-0300] {processor.py:161} INFO - Started process (PID=14814) to work on /home/facuvega/Descargas/crypto-etl-airflow/airflow-apache/lib/python3.11/site-packages/airflow/example_dags/example_branch_datetime_operator.py
[2025-04-27T20:27:41.344-0300] {processor.py:830} INFO - Processing file /home/facuvega/Descargas/crypto-etl-airflow/airflow-apache/lib/python3.11/site-packages/airflow/example_dags/example_branch_datetime_operator.py for tasks to queue
[2025-04-27T20:27:41.346-0300] {logging_mixin.py:188} INFO - [2025-04-27T20:27:41.345-0300] {dagbag.py:540} INFO - Filling up the DagBag from /home/facuvega/Descargas/crypto-etl-airflow/airflow-apache/lib/python3.11/site-packages/airflow/example_dags/example_branch_datetime_operator.py
[2025-04-27T20:27:41.354-0300] {processor.py:840} INFO - DAG(s) 'example_branch_datetime_operator_2', 'example_branch_datetime_operator', 'example_branch_datetime_operator_3' retrieved from /home/facuvega/Descargas/crypto-etl-airflow/airflow-apache/lib/python3.11/site-packages/airflow/example_dags/example_branch_datetime_operator.py
[2025-04-27T20:27:41.370-0300] {logging_mixin.py:188} INFO - [2025-04-27T20:27:41.369-0300] {dag.py:3096} INFO - Sync 3 DAGs
[2025-04-27T20:27:41.384-0300] {logging_mixin.py:188} INFO - [2025-04-27T20:27:41.384-0300] {dag.py:3954} INFO - Setting next_dagrun for example_branch_datetime_operator to 2025-04-26 00:00:00+00:00, run_after=2025-04-27 00:00:00+00:00
[2025-04-27T20:27:41.388-0300] {logging_mixin.py:188} INFO - [2025-04-27T20:27:41.388-0300] {dag.py:3954} INFO - Setting next_dagrun for example_branch_datetime_operator_2 to 2025-04-26 00:00:00+00:00, run_after=2025-04-27 00:00:00+00:00
[2025-04-27T20:27:41.389-0300] {logging_mixin.py:188} INFO - [2025-04-27T20:27:41.389-0300] {dag.py:3954} INFO - Setting next_dagrun for example_branch_datetime_operator_3 to 2025-04-26 00:00:00+00:00, run_after=2025-04-27 00:00:00+00:00
[2025-04-27T20:27:41.402-0300] {processor.py:183} INFO - Processing /home/facuvega/Descargas/crypto-etl-airflow/airflow-apache/lib/python3.11/site-packages/airflow/example_dags/example_branch_datetime_operator.py took 0.063 seconds
[2025-04-27T20:28:44.432-0300] {processor.py:161} INFO - Started process (PID=15103) to work on /home/facuvega/Descargas/crypto-etl-airflow/airflow-apache/lib/python3.11/site-packages/airflow/example_dags/example_branch_datetime_operator.py
[2025-04-27T20:28:44.433-0300] {processor.py:830} INFO - Processing file /home/facuvega/Descargas/crypto-etl-airflow/airflow-apache/lib/python3.11/site-packages/airflow/example_dags/example_branch_datetime_operator.py for tasks to queue
[2025-04-27T20:28:44.434-0300] {logging_mixin.py:188} INFO - [2025-04-27T20:28:44.434-0300] {dagbag.py:540} INFO - Filling up the DagBag from /home/facuvega/Descargas/crypto-etl-airflow/airflow-apache/lib/python3.11/site-packages/airflow/example_dags/example_branch_datetime_operator.py
[2025-04-27T20:28:44.444-0300] {processor.py:840} INFO - DAG(s) 'example_branch_datetime_operator_2', 'example_branch_datetime_operator', 'example_branch_datetime_operator_3' retrieved from /home/facuvega/Descargas/crypto-etl-airflow/airflow-apache/lib/python3.11/site-packages/airflow/example_dags/example_branch_datetime_operator.py
[2025-04-27T20:28:44.467-0300] {logging_mixin.py:188} INFO - [2025-04-27T20:28:44.466-0300] {dag.py:3096} INFO - Sync 3 DAGs
[2025-04-27T20:28:44.485-0300] {logging_mixin.py:188} INFO - [2025-04-27T20:28:44.485-0300] {dag.py:3954} INFO - Setting next_dagrun for example_branch_datetime_operator to 2025-04-26 00:00:00+00:00, run_after=2025-04-27 00:00:00+00:00
[2025-04-27T20:28:44.488-0300] {logging_mixin.py:188} INFO - [2025-04-27T20:28:44.488-0300] {dag.py:3954} INFO - Setting next_dagrun for example_branch_datetime_operator_2 to 2025-04-26 00:00:00+00:00, run_after=2025-04-27 00:00:00+00:00
[2025-04-27T20:28:44.490-0300] {logging_mixin.py:188} INFO - [2025-04-27T20:28:44.489-0300] {dag.py:3954} INFO - Setting next_dagrun for example_branch_datetime_operator_3 to 2025-04-26 00:00:00+00:00, run_after=2025-04-27 00:00:00+00:00
[2025-04-27T20:28:44.504-0300] {processor.py:183} INFO - Processing /home/facuvega/Descargas/crypto-etl-airflow/airflow-apache/lib/python3.11/site-packages/airflow/example_dags/example_branch_datetime_operator.py took 0.078 seconds
[2025-04-27T20:29:44.593-0300] {processor.py:161} INFO - Started process (PID=15405) to work on /home/facuvega/Descargas/crypto-etl-airflow/airflow-apache/lib/python3.11/site-packages/airflow/example_dags/example_branch_datetime_operator.py
[2025-04-27T20:29:44.594-0300] {processor.py:830} INFO - Processing file /home/facuvega/Descargas/crypto-etl-airflow/airflow-apache/lib/python3.11/site-packages/airflow/example_dags/example_branch_datetime_operator.py for tasks to queue
[2025-04-27T20:29:44.595-0300] {logging_mixin.py:188} INFO - [2025-04-27T20:29:44.595-0300] {dagbag.py:540} INFO - Filling up the DagBag from /home/facuvega/Descargas/crypto-etl-airflow/airflow-apache/lib/python3.11/site-packages/airflow/example_dags/example_branch_datetime_operator.py
[2025-04-27T20:29:44.605-0300] {processor.py:840} INFO - DAG(s) 'example_branch_datetime_operator', 'example_branch_datetime_operator_2', 'example_branch_datetime_operator_3' retrieved from /home/facuvega/Descargas/crypto-etl-airflow/airflow-apache/lib/python3.11/site-packages/airflow/example_dags/example_branch_datetime_operator.py
[2025-04-27T20:29:44.626-0300] {logging_mixin.py:188} INFO - [2025-04-27T20:29:44.625-0300] {dag.py:3096} INFO - Sync 3 DAGs
[2025-04-27T20:29:44.647-0300] {logging_mixin.py:188} INFO - [2025-04-27T20:29:44.647-0300] {dag.py:3954} INFO - Setting next_dagrun for example_branch_datetime_operator to 2025-04-26 00:00:00+00:00, run_after=2025-04-27 00:00:00+00:00
[2025-04-27T20:29:44.650-0300] {logging_mixin.py:188} INFO - [2025-04-27T20:29:44.650-0300] {dag.py:3954} INFO - Setting next_dagrun for example_branch_datetime_operator_2 to 2025-04-26 00:00:00+00:00, run_after=2025-04-27 00:00:00+00:00
[2025-04-27T20:29:44.651-0300] {logging_mixin.py:188} INFO - [2025-04-27T20:29:44.651-0300] {dag.py:3954} INFO - Setting next_dagrun for example_branch_datetime_operator_3 to 2025-04-26 00:00:00+00:00, run_after=2025-04-27 00:00:00+00:00
[2025-04-27T20:29:44.665-0300] {processor.py:183} INFO - Processing /home/facuvega/Descargas/crypto-etl-airflow/airflow-apache/lib/python3.11/site-packages/airflow/example_dags/example_branch_datetime_operator.py took 0.077 seconds
[2025-04-27T20:30:43.551-0300] {processor.py:161} INFO - Started process (PID=15677) to work on /home/facuvega/Descargas/crypto-etl-airflow/airflow-apache/lib/python3.11/site-packages/airflow/example_dags/example_branch_datetime_operator.py
[2025-04-27T20:30:43.552-0300] {processor.py:830} INFO - Processing file /home/facuvega/Descargas/crypto-etl-airflow/airflow-apache/lib/python3.11/site-packages/airflow/example_dags/example_branch_datetime_operator.py for tasks to queue
[2025-04-27T20:30:43.554-0300] {logging_mixin.py:188} INFO - [2025-04-27T20:30:43.553-0300] {dagbag.py:540} INFO - Filling up the DagBag from /home/facuvega/Descargas/crypto-etl-airflow/airflow-apache/lib/python3.11/site-packages/airflow/example_dags/example_branch_datetime_operator.py
[2025-04-27T20:30:43.562-0300] {processor.py:840} INFO - DAG(s) 'example_branch_datetime_operator', 'example_branch_datetime_operator_2', 'example_branch_datetime_operator_3' retrieved from /home/facuvega/Descargas/crypto-etl-airflow/airflow-apache/lib/python3.11/site-packages/airflow/example_dags/example_branch_datetime_operator.py
[2025-04-27T20:30:43.580-0300] {logging_mixin.py:188} INFO - [2025-04-27T20:30:43.579-0300] {dag.py:3096} INFO - Sync 3 DAGs
[2025-04-27T20:30:43.595-0300] {logging_mixin.py:188} INFO - [2025-04-27T20:30:43.595-0300] {dag.py:3954} INFO - Setting next_dagrun for example_branch_datetime_operator to 2025-04-26 00:00:00+00:00, run_after=2025-04-27 00:00:00+00:00
[2025-04-27T20:30:43.598-0300] {logging_mixin.py:188} INFO - [2025-04-27T20:30:43.598-0300] {dag.py:3954} INFO - Setting next_dagrun for example_branch_datetime_operator_2 to 2025-04-26 00:00:00+00:00, run_after=2025-04-27 00:00:00+00:00
[2025-04-27T20:30:43.599-0300] {logging_mixin.py:188} INFO - [2025-04-27T20:30:43.599-0300] {dag.py:3954} INFO - Setting next_dagrun for example_branch_datetime_operator_3 to 2025-04-26 00:00:00+00:00, run_after=2025-04-27 00:00:00+00:00
[2025-04-27T20:30:43.612-0300] {processor.py:183} INFO - Processing /home/facuvega/Descargas/crypto-etl-airflow/airflow-apache/lib/python3.11/site-packages/airflow/example_dags/example_branch_datetime_operator.py took 0.066 seconds
[2025-04-27T20:31:41.725-0300] {processor.py:161} INFO - Started process (PID=15943) to work on /home/facuvega/Descargas/crypto-etl-airflow/airflow-apache/lib/python3.11/site-packages/airflow/example_dags/example_branch_datetime_operator.py
[2025-04-27T20:31:41.726-0300] {processor.py:830} INFO - Processing file /home/facuvega/Descargas/crypto-etl-airflow/airflow-apache/lib/python3.11/site-packages/airflow/example_dags/example_branch_datetime_operator.py for tasks to queue
[2025-04-27T20:31:41.728-0300] {logging_mixin.py:188} INFO - [2025-04-27T20:31:41.728-0300] {dagbag.py:540} INFO - Filling up the DagBag from /home/facuvega/Descargas/crypto-etl-airflow/airflow-apache/lib/python3.11/site-packages/airflow/example_dags/example_branch_datetime_operator.py
[2025-04-27T20:31:41.737-0300] {processor.py:840} INFO - DAG(s) 'example_branch_datetime_operator', 'example_branch_datetime_operator_2', 'example_branch_datetime_operator_3' retrieved from /home/facuvega/Descargas/crypto-etl-airflow/airflow-apache/lib/python3.11/site-packages/airflow/example_dags/example_branch_datetime_operator.py
[2025-04-27T20:31:41.755-0300] {logging_mixin.py:188} INFO - [2025-04-27T20:31:41.754-0300] {dag.py:3096} INFO - Sync 3 DAGs
[2025-04-27T20:31:41.771-0300] {logging_mixin.py:188} INFO - [2025-04-27T20:31:41.771-0300] {dag.py:3954} INFO - Setting next_dagrun for example_branch_datetime_operator to 2025-04-26 00:00:00+00:00, run_after=2025-04-27 00:00:00+00:00
[2025-04-27T20:31:41.774-0300] {logging_mixin.py:188} INFO - [2025-04-27T20:31:41.774-0300] {dag.py:3954} INFO - Setting next_dagrun for example_branch_datetime_operator_2 to 2025-04-26 00:00:00+00:00, run_after=2025-04-27 00:00:00+00:00
[2025-04-27T20:31:41.776-0300] {logging_mixin.py:188} INFO - [2025-04-27T20:31:41.776-0300] {dag.py:3954} INFO - Setting next_dagrun for example_branch_datetime_operator_3 to 2025-04-26 00:00:00+00:00, run_after=2025-04-27 00:00:00+00:00
[2025-04-27T20:31:41.789-0300] {processor.py:183} INFO - Processing /home/facuvega/Descargas/crypto-etl-airflow/airflow-apache/lib/python3.11/site-packages/airflow/example_dags/example_branch_datetime_operator.py took 0.070 seconds
[2025-04-27T20:32:42.045-0300] {processor.py:161} INFO - Started process (PID=16208) to work on /home/facuvega/Descargas/crypto-etl-airflow/airflow-apache/lib/python3.11/site-packages/airflow/example_dags/example_branch_datetime_operator.py
[2025-04-27T20:32:42.046-0300] {processor.py:830} INFO - Processing file /home/facuvega/Descargas/crypto-etl-airflow/airflow-apache/lib/python3.11/site-packages/airflow/example_dags/example_branch_datetime_operator.py for tasks to queue
[2025-04-27T20:32:42.048-0300] {logging_mixin.py:188} INFO - [2025-04-27T20:32:42.048-0300] {dagbag.py:540} INFO - Filling up the DagBag from /home/facuvega/Descargas/crypto-etl-airflow/airflow-apache/lib/python3.11/site-packages/airflow/example_dags/example_branch_datetime_operator.py
[2025-04-27T20:32:42.055-0300] {processor.py:840} INFO - DAG(s) 'example_branch_datetime_operator', 'example_branch_datetime_operator_3', 'example_branch_datetime_operator_2' retrieved from /home/facuvega/Descargas/crypto-etl-airflow/airflow-apache/lib/python3.11/site-packages/airflow/example_dags/example_branch_datetime_operator.py
[2025-04-27T20:32:42.071-0300] {logging_mixin.py:188} INFO - [2025-04-27T20:32:42.071-0300] {dag.py:3096} INFO - Sync 3 DAGs
[2025-04-27T20:32:42.085-0300] {logging_mixin.py:188} INFO - [2025-04-27T20:32:42.085-0300] {dag.py:3954} INFO - Setting next_dagrun for example_branch_datetime_operator to 2025-04-26 00:00:00+00:00, run_after=2025-04-27 00:00:00+00:00
[2025-04-27T20:32:42.092-0300] {logging_mixin.py:188} INFO - [2025-04-27T20:32:42.092-0300] {dag.py:3954} INFO - Setting next_dagrun for example_branch_datetime_operator_2 to 2025-04-26 00:00:00+00:00, run_after=2025-04-27 00:00:00+00:00
[2025-04-27T20:32:42.093-0300] {logging_mixin.py:188} INFO - [2025-04-27T20:32:42.093-0300] {dag.py:3954} INFO - Setting next_dagrun for example_branch_datetime_operator_3 to 2025-04-26 00:00:00+00:00, run_after=2025-04-27 00:00:00+00:00
[2025-04-27T20:32:42.108-0300] {processor.py:183} INFO - Processing /home/facuvega/Descargas/crypto-etl-airflow/airflow-apache/lib/python3.11/site-packages/airflow/example_dags/example_branch_datetime_operator.py took 0.068 seconds
[2025-04-27T20:33:47.593-0300] {processor.py:161} INFO - Started process (PID=16670) to work on /home/facuvega/Descargas/crypto-etl-airflow/airflow-apache/lib/python3.11/site-packages/airflow/example_dags/example_branch_datetime_operator.py
[2025-04-27T20:33:47.594-0300] {processor.py:830} INFO - Processing file /home/facuvega/Descargas/crypto-etl-airflow/airflow-apache/lib/python3.11/site-packages/airflow/example_dags/example_branch_datetime_operator.py for tasks to queue
[2025-04-27T20:33:47.595-0300] {logging_mixin.py:188} INFO - [2025-04-27T20:33:47.595-0300] {dagbag.py:540} INFO - Filling up the DagBag from /home/facuvega/Descargas/crypto-etl-airflow/airflow-apache/lib/python3.11/site-packages/airflow/example_dags/example_branch_datetime_operator.py
[2025-04-27T20:33:47.605-0300] {processor.py:840} INFO - DAG(s) 'example_branch_datetime_operator_2', 'example_branch_datetime_operator_3', 'example_branch_datetime_operator' retrieved from /home/facuvega/Descargas/crypto-etl-airflow/airflow-apache/lib/python3.11/site-packages/airflow/example_dags/example_branch_datetime_operator.py
[2025-04-27T20:33:47.627-0300] {logging_mixin.py:188} INFO - [2025-04-27T20:33:47.627-0300] {dag.py:3096} INFO - Sync 3 DAGs
[2025-04-27T20:33:47.648-0300] {logging_mixin.py:188} INFO - [2025-04-27T20:33:47.647-0300] {dag.py:3954} INFO - Setting next_dagrun for example_branch_datetime_operator to 2025-04-26 00:00:00+00:00, run_after=2025-04-27 00:00:00+00:00
[2025-04-27T20:33:47.652-0300] {logging_mixin.py:188} INFO - [2025-04-27T20:33:47.651-0300] {dag.py:3954} INFO - Setting next_dagrun for example_branch_datetime_operator_2 to 2025-04-26 00:00:00+00:00, run_after=2025-04-27 00:00:00+00:00
[2025-04-27T20:33:47.653-0300] {logging_mixin.py:188} INFO - [2025-04-27T20:33:47.653-0300] {dag.py:3954} INFO - Setting next_dagrun for example_branch_datetime_operator_3 to 2025-04-26 00:00:00+00:00, run_after=2025-04-27 00:00:00+00:00
[2025-04-27T20:33:47.673-0300] {processor.py:183} INFO - Processing /home/facuvega/Descargas/crypto-etl-airflow/airflow-apache/lib/python3.11/site-packages/airflow/example_dags/example_branch_datetime_operator.py took 0.087 seconds
[2025-04-27T20:34:52.240-0300] {processor.py:161} INFO - Started process (PID=17016) to work on /home/facuvega/Descargas/crypto-etl-airflow/airflow-apache/lib/python3.11/site-packages/airflow/example_dags/example_branch_datetime_operator.py
[2025-04-27T20:34:52.241-0300] {processor.py:830} INFO - Processing file /home/facuvega/Descargas/crypto-etl-airflow/airflow-apache/lib/python3.11/site-packages/airflow/example_dags/example_branch_datetime_operator.py for tasks to queue
[2025-04-27T20:34:52.242-0300] {logging_mixin.py:188} INFO - [2025-04-27T20:34:52.242-0300] {dagbag.py:540} INFO - Filling up the DagBag from /home/facuvega/Descargas/crypto-etl-airflow/airflow-apache/lib/python3.11/site-packages/airflow/example_dags/example_branch_datetime_operator.py
[2025-04-27T20:34:52.251-0300] {processor.py:840} INFO - DAG(s) 'example_branch_datetime_operator_3', 'example_branch_datetime_operator', 'example_branch_datetime_operator_2' retrieved from /home/facuvega/Descargas/crypto-etl-airflow/airflow-apache/lib/python3.11/site-packages/airflow/example_dags/example_branch_datetime_operator.py
[2025-04-27T20:34:52.269-0300] {logging_mixin.py:188} INFO - [2025-04-27T20:34:52.269-0300] {dag.py:3096} INFO - Sync 3 DAGs
[2025-04-27T20:34:52.287-0300] {logging_mixin.py:188} INFO - [2025-04-27T20:34:52.286-0300] {dag.py:3954} INFO - Setting next_dagrun for example_branch_datetime_operator to 2025-04-26 00:00:00+00:00, run_after=2025-04-27 00:00:00+00:00
[2025-04-27T20:34:52.290-0300] {logging_mixin.py:188} INFO - [2025-04-27T20:34:52.290-0300] {dag.py:3954} INFO - Setting next_dagrun for example_branch_datetime_operator_2 to 2025-04-26 00:00:00+00:00, run_after=2025-04-27 00:00:00+00:00
[2025-04-27T20:34:52.291-0300] {logging_mixin.py:188} INFO - [2025-04-27T20:34:52.291-0300] {dag.py:3954} INFO - Setting next_dagrun for example_branch_datetime_operator_3 to 2025-04-26 00:00:00+00:00, run_after=2025-04-27 00:00:00+00:00
[2025-04-27T20:34:52.303-0300] {processor.py:183} INFO - Processing /home/facuvega/Descargas/crypto-etl-airflow/airflow-apache/lib/python3.11/site-packages/airflow/example_dags/example_branch_datetime_operator.py took 0.069 seconds
[2025-04-27T20:35:55.463-0300] {processor.py:161} INFO - Started process (PID=17307) to work on /home/facuvega/Descargas/crypto-etl-airflow/airflow-apache/lib/python3.11/site-packages/airflow/example_dags/example_branch_datetime_operator.py
[2025-04-27T20:35:55.464-0300] {processor.py:830} INFO - Processing file /home/facuvega/Descargas/crypto-etl-airflow/airflow-apache/lib/python3.11/site-packages/airflow/example_dags/example_branch_datetime_operator.py for tasks to queue
[2025-04-27T20:35:55.466-0300] {logging_mixin.py:188} INFO - [2025-04-27T20:35:55.465-0300] {dagbag.py:540} INFO - Filling up the DagBag from /home/facuvega/Descargas/crypto-etl-airflow/airflow-apache/lib/python3.11/site-packages/airflow/example_dags/example_branch_datetime_operator.py
[2025-04-27T20:35:55.474-0300] {processor.py:840} INFO - DAG(s) 'example_branch_datetime_operator', 'example_branch_datetime_operator_3', 'example_branch_datetime_operator_2' retrieved from /home/facuvega/Descargas/crypto-etl-airflow/airflow-apache/lib/python3.11/site-packages/airflow/example_dags/example_branch_datetime_operator.py
[2025-04-27T20:35:55.492-0300] {logging_mixin.py:188} INFO - [2025-04-27T20:35:55.492-0300] {dag.py:3096} INFO - Sync 3 DAGs
[2025-04-27T20:35:55.509-0300] {logging_mixin.py:188} INFO - [2025-04-27T20:35:55.509-0300] {dag.py:3954} INFO - Setting next_dagrun for example_branch_datetime_operator to 2025-04-26 00:00:00+00:00, run_after=2025-04-27 00:00:00+00:00
[2025-04-27T20:35:55.512-0300] {logging_mixin.py:188} INFO - [2025-04-27T20:35:55.512-0300] {dag.py:3954} INFO - Setting next_dagrun for example_branch_datetime_operator_2 to 2025-04-26 00:00:00+00:00, run_after=2025-04-27 00:00:00+00:00
[2025-04-27T20:35:55.514-0300] {logging_mixin.py:188} INFO - [2025-04-27T20:35:55.514-0300] {dag.py:3954} INFO - Setting next_dagrun for example_branch_datetime_operator_3 to 2025-04-26 00:00:00+00:00, run_after=2025-04-27 00:00:00+00:00
[2025-04-27T20:35:55.527-0300] {processor.py:183} INFO - Processing /home/facuvega/Descargas/crypto-etl-airflow/airflow-apache/lib/python3.11/site-packages/airflow/example_dags/example_branch_datetime_operator.py took 0.070 seconds
[2025-04-27T20:36:53.221-0300] {processor.py:161} INFO - Started process (PID=17565) to work on /home/facuvega/Descargas/crypto-etl-airflow/airflow-apache/lib/python3.11/site-packages/airflow/example_dags/example_branch_datetime_operator.py
[2025-04-27T20:36:53.222-0300] {processor.py:830} INFO - Processing file /home/facuvega/Descargas/crypto-etl-airflow/airflow-apache/lib/python3.11/site-packages/airflow/example_dags/example_branch_datetime_operator.py for tasks to queue
[2025-04-27T20:36:53.224-0300] {logging_mixin.py:188} INFO - [2025-04-27T20:36:53.224-0300] {dagbag.py:540} INFO - Filling up the DagBag from /home/facuvega/Descargas/crypto-etl-airflow/airflow-apache/lib/python3.11/site-packages/airflow/example_dags/example_branch_datetime_operator.py
[2025-04-27T20:36:53.234-0300] {processor.py:840} INFO - DAG(s) 'example_branch_datetime_operator_2', 'example_branch_datetime_operator', 'example_branch_datetime_operator_3' retrieved from /home/facuvega/Descargas/crypto-etl-airflow/airflow-apache/lib/python3.11/site-packages/airflow/example_dags/example_branch_datetime_operator.py
[2025-04-27T20:36:53.250-0300] {logging_mixin.py:188} INFO - [2025-04-27T20:36:53.250-0300] {dag.py:3096} INFO - Sync 3 DAGs
[2025-04-27T20:36:53.266-0300] {logging_mixin.py:188} INFO - [2025-04-27T20:36:53.266-0300] {dag.py:3954} INFO - Setting next_dagrun for example_branch_datetime_operator to 2025-04-26 00:00:00+00:00, run_after=2025-04-27 00:00:00+00:00
[2025-04-27T20:36:53.269-0300] {logging_mixin.py:188} INFO - [2025-04-27T20:36:53.269-0300] {dag.py:3954} INFO - Setting next_dagrun for example_branch_datetime_operator_2 to 2025-04-26 00:00:00+00:00, run_after=2025-04-27 00:00:00+00:00
[2025-04-27T20:36:53.270-0300] {logging_mixin.py:188} INFO - [2025-04-27T20:36:53.270-0300] {dag.py:3954} INFO - Setting next_dagrun for example_branch_datetime_operator_3 to 2025-04-26 00:00:00+00:00, run_after=2025-04-27 00:00:00+00:00
[2025-04-27T20:36:53.283-0300] {processor.py:183} INFO - Processing /home/facuvega/Descargas/crypto-etl-airflow/airflow-apache/lib/python3.11/site-packages/airflow/example_dags/example_branch_datetime_operator.py took 0.068 seconds
[2025-04-27T20:37:53.754-0300] {processor.py:161} INFO - Started process (PID=17839) to work on /home/facuvega/Descargas/crypto-etl-airflow/airflow-apache/lib/python3.11/site-packages/airflow/example_dags/example_branch_datetime_operator.py
[2025-04-27T20:37:53.755-0300] {processor.py:830} INFO - Processing file /home/facuvega/Descargas/crypto-etl-airflow/airflow-apache/lib/python3.11/site-packages/airflow/example_dags/example_branch_datetime_operator.py for tasks to queue
[2025-04-27T20:37:53.758-0300] {logging_mixin.py:188} INFO - [2025-04-27T20:37:53.757-0300] {dagbag.py:540} INFO - Filling up the DagBag from /home/facuvega/Descargas/crypto-etl-airflow/airflow-apache/lib/python3.11/site-packages/airflow/example_dags/example_branch_datetime_operator.py
[2025-04-27T20:37:53.768-0300] {processor.py:840} INFO - DAG(s) 'example_branch_datetime_operator_2', 'example_branch_datetime_operator_3', 'example_branch_datetime_operator' retrieved from /home/facuvega/Descargas/crypto-etl-airflow/airflow-apache/lib/python3.11/site-packages/airflow/example_dags/example_branch_datetime_operator.py
[2025-04-27T20:37:53.787-0300] {logging_mixin.py:188} INFO - [2025-04-27T20:37:53.787-0300] {dag.py:3096} INFO - Sync 3 DAGs
[2025-04-27T20:37:53.802-0300] {logging_mixin.py:188} INFO - [2025-04-27T20:37:53.801-0300] {dag.py:3954} INFO - Setting next_dagrun for example_branch_datetime_operator to 2025-04-26 00:00:00+00:00, run_after=2025-04-27 00:00:00+00:00
[2025-04-27T20:37:53.804-0300] {logging_mixin.py:188} INFO - [2025-04-27T20:37:53.804-0300] {dag.py:3954} INFO - Setting next_dagrun for example_branch_datetime_operator_2 to 2025-04-26 00:00:00+00:00, run_after=2025-04-27 00:00:00+00:00
[2025-04-27T20:37:53.805-0300] {logging_mixin.py:188} INFO - [2025-04-27T20:37:53.805-0300] {dag.py:3954} INFO - Setting next_dagrun for example_branch_datetime_operator_3 to 2025-04-26 00:00:00+00:00, run_after=2025-04-27 00:00:00+00:00
[2025-04-27T20:37:53.819-0300] {processor.py:183} INFO - Processing /home/facuvega/Descargas/crypto-etl-airflow/airflow-apache/lib/python3.11/site-packages/airflow/example_dags/example_branch_datetime_operator.py took 0.071 seconds
[2025-04-27T20:38:56.636-0300] {processor.py:161} INFO - Started process (PID=18120) to work on /home/facuvega/Descargas/crypto-etl-airflow/airflow-apache/lib/python3.11/site-packages/airflow/example_dags/example_branch_datetime_operator.py
[2025-04-27T20:38:56.637-0300] {processor.py:830} INFO - Processing file /home/facuvega/Descargas/crypto-etl-airflow/airflow-apache/lib/python3.11/site-packages/airflow/example_dags/example_branch_datetime_operator.py for tasks to queue
[2025-04-27T20:38:56.639-0300] {logging_mixin.py:188} INFO - [2025-04-27T20:38:56.638-0300] {dagbag.py:540} INFO - Filling up the DagBag from /home/facuvega/Descargas/crypto-etl-airflow/airflow-apache/lib/python3.11/site-packages/airflow/example_dags/example_branch_datetime_operator.py
[2025-04-27T20:38:56.648-0300] {processor.py:840} INFO - DAG(s) 'example_branch_datetime_operator_2', 'example_branch_datetime_operator', 'example_branch_datetime_operator_3' retrieved from /home/facuvega/Descargas/crypto-etl-airflow/airflow-apache/lib/python3.11/site-packages/airflow/example_dags/example_branch_datetime_operator.py
[2025-04-27T20:38:56.667-0300] {logging_mixin.py:188} INFO - [2025-04-27T20:38:56.667-0300] {dag.py:3096} INFO - Sync 3 DAGs
[2025-04-27T20:38:56.683-0300] {logging_mixin.py:188} INFO - [2025-04-27T20:38:56.683-0300] {dag.py:3954} INFO - Setting next_dagrun for example_branch_datetime_operator to 2025-04-26 00:00:00+00:00, run_after=2025-04-27 00:00:00+00:00
[2025-04-27T20:38:56.686-0300] {logging_mixin.py:188} INFO - [2025-04-27T20:38:56.686-0300] {dag.py:3954} INFO - Setting next_dagrun for example_branch_datetime_operator_2 to 2025-04-26 00:00:00+00:00, run_after=2025-04-27 00:00:00+00:00
[2025-04-27T20:38:56.688-0300] {logging_mixin.py:188} INFO - [2025-04-27T20:38:56.687-0300] {dag.py:3954} INFO - Setting next_dagrun for example_branch_datetime_operator_3 to 2025-04-26 00:00:00+00:00, run_after=2025-04-27 00:00:00+00:00
[2025-04-27T20:38:56.703-0300] {processor.py:183} INFO - Processing /home/facuvega/Descargas/crypto-etl-airflow/airflow-apache/lib/python3.11/site-packages/airflow/example_dags/example_branch_datetime_operator.py took 0.072 seconds
[2025-04-27T20:39:55.830-0300] {processor.py:161} INFO - Started process (PID=18544) to work on /home/facuvega/Descargas/crypto-etl-airflow/airflow-apache/lib/python3.11/site-packages/airflow/example_dags/example_branch_datetime_operator.py
[2025-04-27T20:39:55.831-0300] {processor.py:830} INFO - Processing file /home/facuvega/Descargas/crypto-etl-airflow/airflow-apache/lib/python3.11/site-packages/airflow/example_dags/example_branch_datetime_operator.py for tasks to queue
[2025-04-27T20:39:55.833-0300] {logging_mixin.py:188} INFO - [2025-04-27T20:39:55.833-0300] {dagbag.py:540} INFO - Filling up the DagBag from /home/facuvega/Descargas/crypto-etl-airflow/airflow-apache/lib/python3.11/site-packages/airflow/example_dags/example_branch_datetime_operator.py
[2025-04-27T20:39:55.841-0300] {processor.py:840} INFO - DAG(s) 'example_branch_datetime_operator', 'example_branch_datetime_operator_3', 'example_branch_datetime_operator_2' retrieved from /home/facuvega/Descargas/crypto-etl-airflow/airflow-apache/lib/python3.11/site-packages/airflow/example_dags/example_branch_datetime_operator.py
[2025-04-27T20:39:55.857-0300] {logging_mixin.py:188} INFO - [2025-04-27T20:39:55.857-0300] {dag.py:3096} INFO - Sync 3 DAGs
[2025-04-27T20:39:55.873-0300] {logging_mixin.py:188} INFO - [2025-04-27T20:39:55.872-0300] {dag.py:3954} INFO - Setting next_dagrun for example_branch_datetime_operator to 2025-04-26 00:00:00+00:00, run_after=2025-04-27 00:00:00+00:00
[2025-04-27T20:39:55.875-0300] {logging_mixin.py:188} INFO - [2025-04-27T20:39:55.875-0300] {dag.py:3954} INFO - Setting next_dagrun for example_branch_datetime_operator_2 to 2025-04-26 00:00:00+00:00, run_after=2025-04-27 00:00:00+00:00
[2025-04-27T20:39:55.877-0300] {logging_mixin.py:188} INFO - [2025-04-27T20:39:55.877-0300] {dag.py:3954} INFO - Setting next_dagrun for example_branch_datetime_operator_3 to 2025-04-26 00:00:00+00:00, run_after=2025-04-27 00:00:00+00:00
[2025-04-27T20:39:55.890-0300] {processor.py:183} INFO - Processing /home/facuvega/Descargas/crypto-etl-airflow/airflow-apache/lib/python3.11/site-packages/airflow/example_dags/example_branch_datetime_operator.py took 0.066 seconds
[2025-04-27T20:41:01.515-0300] {processor.py:161} INFO - Started process (PID=18839) to work on /home/facuvega/Descargas/crypto-etl-airflow/airflow-apache/lib/python3.11/site-packages/airflow/example_dags/example_branch_datetime_operator.py
[2025-04-27T20:41:01.516-0300] {processor.py:830} INFO - Processing file /home/facuvega/Descargas/crypto-etl-airflow/airflow-apache/lib/python3.11/site-packages/airflow/example_dags/example_branch_datetime_operator.py for tasks to queue
[2025-04-27T20:41:01.518-0300] {logging_mixin.py:188} INFO - [2025-04-27T20:41:01.518-0300] {dagbag.py:540} INFO - Filling up the DagBag from /home/facuvega/Descargas/crypto-etl-airflow/airflow-apache/lib/python3.11/site-packages/airflow/example_dags/example_branch_datetime_operator.py
[2025-04-27T20:41:01.527-0300] {processor.py:840} INFO - DAG(s) 'example_branch_datetime_operator_2', 'example_branch_datetime_operator', 'example_branch_datetime_operator_3' retrieved from /home/facuvega/Descargas/crypto-etl-airflow/airflow-apache/lib/python3.11/site-packages/airflow/example_dags/example_branch_datetime_operator.py
[2025-04-27T20:41:01.544-0300] {logging_mixin.py:188} INFO - [2025-04-27T20:41:01.544-0300] {dag.py:3096} INFO - Sync 3 DAGs
[2025-04-27T20:41:01.561-0300] {logging_mixin.py:188} INFO - [2025-04-27T20:41:01.560-0300] {dag.py:3954} INFO - Setting next_dagrun for example_branch_datetime_operator to 2025-04-26 00:00:00+00:00, run_after=2025-04-27 00:00:00+00:00
[2025-04-27T20:41:01.564-0300] {logging_mixin.py:188} INFO - [2025-04-27T20:41:01.564-0300] {dag.py:3954} INFO - Setting next_dagrun for example_branch_datetime_operator_2 to 2025-04-26 00:00:00+00:00, run_after=2025-04-27 00:00:00+00:00
[2025-04-27T20:41:01.565-0300] {logging_mixin.py:188} INFO - [2025-04-27T20:41:01.565-0300] {dag.py:3954} INFO - Setting next_dagrun for example_branch_datetime_operator_3 to 2025-04-26 00:00:00+00:00, run_after=2025-04-27 00:00:00+00:00
[2025-04-27T20:41:01.579-0300] {processor.py:183} INFO - Processing /home/facuvega/Descargas/crypto-etl-airflow/airflow-apache/lib/python3.11/site-packages/airflow/example_dags/example_branch_datetime_operator.py took 0.070 seconds
[2025-04-27T20:42:02.901-0300] {processor.py:161} INFO - Started process (PID=19120) to work on /home/facuvega/Descargas/crypto-etl-airflow/airflow-apache/lib/python3.11/site-packages/airflow/example_dags/example_branch_datetime_operator.py
[2025-04-27T20:42:02.902-0300] {processor.py:830} INFO - Processing file /home/facuvega/Descargas/crypto-etl-airflow/airflow-apache/lib/python3.11/site-packages/airflow/example_dags/example_branch_datetime_operator.py for tasks to queue
[2025-04-27T20:42:02.904-0300] {logging_mixin.py:188} INFO - [2025-04-27T20:42:02.903-0300] {dagbag.py:540} INFO - Filling up the DagBag from /home/facuvega/Descargas/crypto-etl-airflow/airflow-apache/lib/python3.11/site-packages/airflow/example_dags/example_branch_datetime_operator.py
[2025-04-27T20:42:02.914-0300] {processor.py:840} INFO - DAG(s) 'example_branch_datetime_operator_2', 'example_branch_datetime_operator_3', 'example_branch_datetime_operator' retrieved from /home/facuvega/Descargas/crypto-etl-airflow/airflow-apache/lib/python3.11/site-packages/airflow/example_dags/example_branch_datetime_operator.py
[2025-04-27T20:42:02.934-0300] {logging_mixin.py:188} INFO - [2025-04-27T20:42:02.934-0300] {dag.py:3096} INFO - Sync 3 DAGs
[2025-04-27T20:42:02.954-0300] {logging_mixin.py:188} INFO - [2025-04-27T20:42:02.953-0300] {dag.py:3954} INFO - Setting next_dagrun for example_branch_datetime_operator to 2025-04-26 00:00:00+00:00, run_after=2025-04-27 00:00:00+00:00
[2025-04-27T20:42:02.957-0300] {logging_mixin.py:188} INFO - [2025-04-27T20:42:02.956-0300] {dag.py:3954} INFO - Setting next_dagrun for example_branch_datetime_operator_2 to 2025-04-26 00:00:00+00:00, run_after=2025-04-27 00:00:00+00:00
[2025-04-27T20:42:02.958-0300] {logging_mixin.py:188} INFO - [2025-04-27T20:42:02.958-0300] {dag.py:3954} INFO - Setting next_dagrun for example_branch_datetime_operator_3 to 2025-04-26 00:00:00+00:00, run_after=2025-04-27 00:00:00+00:00
[2025-04-27T20:42:02.972-0300] {processor.py:183} INFO - Processing /home/facuvega/Descargas/crypto-etl-airflow/airflow-apache/lib/python3.11/site-packages/airflow/example_dags/example_branch_datetime_operator.py took 0.077 seconds
[2025-04-27T20:43:02.666-0300] {processor.py:161} INFO - Started process (PID=19389) to work on /home/facuvega/Descargas/crypto-etl-airflow/airflow-apache/lib/python3.11/site-packages/airflow/example_dags/example_branch_datetime_operator.py
[2025-04-27T20:43:02.667-0300] {processor.py:830} INFO - Processing file /home/facuvega/Descargas/crypto-etl-airflow/airflow-apache/lib/python3.11/site-packages/airflow/example_dags/example_branch_datetime_operator.py for tasks to queue
[2025-04-27T20:43:02.669-0300] {logging_mixin.py:188} INFO - [2025-04-27T20:43:02.669-0300] {dagbag.py:540} INFO - Filling up the DagBag from /home/facuvega/Descargas/crypto-etl-airflow/airflow-apache/lib/python3.11/site-packages/airflow/example_dags/example_branch_datetime_operator.py
[2025-04-27T20:43:02.677-0300] {processor.py:840} INFO - DAG(s) 'example_branch_datetime_operator', 'example_branch_datetime_operator_3', 'example_branch_datetime_operator_2' retrieved from /home/facuvega/Descargas/crypto-etl-airflow/airflow-apache/lib/python3.11/site-packages/airflow/example_dags/example_branch_datetime_operator.py
[2025-04-27T20:43:02.694-0300] {logging_mixin.py:188} INFO - [2025-04-27T20:43:02.694-0300] {dag.py:3096} INFO - Sync 3 DAGs
[2025-04-27T20:43:02.710-0300] {logging_mixin.py:188} INFO - [2025-04-27T20:43:02.709-0300] {dag.py:3954} INFO - Setting next_dagrun for example_branch_datetime_operator to 2025-04-26 00:00:00+00:00, run_after=2025-04-27 00:00:00+00:00
[2025-04-27T20:43:02.713-0300] {logging_mixin.py:188} INFO - [2025-04-27T20:43:02.713-0300] {dag.py:3954} INFO - Setting next_dagrun for example_branch_datetime_operator_2 to 2025-04-26 00:00:00+00:00, run_after=2025-04-27 00:00:00+00:00
[2025-04-27T20:43:02.714-0300] {logging_mixin.py:188} INFO - [2025-04-27T20:43:02.714-0300] {dag.py:3954} INFO - Setting next_dagrun for example_branch_datetime_operator_3 to 2025-04-26 00:00:00+00:00, run_after=2025-04-27 00:00:00+00:00
[2025-04-27T20:43:02.726-0300] {processor.py:183} INFO - Processing /home/facuvega/Descargas/crypto-etl-airflow/airflow-apache/lib/python3.11/site-packages/airflow/example_dags/example_branch_datetime_operator.py took 0.067 seconds
[2025-04-27T20:44:00.905-0300] {processor.py:161} INFO - Started process (PID=19671) to work on /home/facuvega/Descargas/crypto-etl-airflow/airflow-apache/lib/python3.11/site-packages/airflow/example_dags/example_branch_datetime_operator.py
[2025-04-27T20:44:00.906-0300] {processor.py:830} INFO - Processing file /home/facuvega/Descargas/crypto-etl-airflow/airflow-apache/lib/python3.11/site-packages/airflow/example_dags/example_branch_datetime_operator.py for tasks to queue
[2025-04-27T20:44:00.907-0300] {logging_mixin.py:188} INFO - [2025-04-27T20:44:00.907-0300] {dagbag.py:540} INFO - Filling up the DagBag from /home/facuvega/Descargas/crypto-etl-airflow/airflow-apache/lib/python3.11/site-packages/airflow/example_dags/example_branch_datetime_operator.py
[2025-04-27T20:44:00.917-0300] {processor.py:840} INFO - DAG(s) 'example_branch_datetime_operator_2', 'example_branch_datetime_operator_3', 'example_branch_datetime_operator' retrieved from /home/facuvega/Descargas/crypto-etl-airflow/airflow-apache/lib/python3.11/site-packages/airflow/example_dags/example_branch_datetime_operator.py
[2025-04-27T20:44:00.938-0300] {logging_mixin.py:188} INFO - [2025-04-27T20:44:00.938-0300] {dag.py:3096} INFO - Sync 3 DAGs
[2025-04-27T20:44:00.958-0300] {logging_mixin.py:188} INFO - [2025-04-27T20:44:00.958-0300] {dag.py:3954} INFO - Setting next_dagrun for example_branch_datetime_operator to 2025-04-26 00:00:00+00:00, run_after=2025-04-27 00:00:00+00:00
[2025-04-27T20:44:00.962-0300] {logging_mixin.py:188} INFO - [2025-04-27T20:44:00.962-0300] {dag.py:3954} INFO - Setting next_dagrun for example_branch_datetime_operator_2 to 2025-04-26 00:00:00+00:00, run_after=2025-04-27 00:00:00+00:00
[2025-04-27T20:44:00.963-0300] {logging_mixin.py:188} INFO - [2025-04-27T20:44:00.963-0300] {dag.py:3954} INFO - Setting next_dagrun for example_branch_datetime_operator_3 to 2025-04-26 00:00:00+00:00, run_after=2025-04-27 00:00:00+00:00
[2025-04-27T20:44:00.976-0300] {processor.py:183} INFO - Processing /home/facuvega/Descargas/crypto-etl-airflow/airflow-apache/lib/python3.11/site-packages/airflow/example_dags/example_branch_datetime_operator.py took 0.078 seconds
[2025-04-27T20:45:03.022-0300] {processor.py:161} INFO - Started process (PID=19987) to work on /home/facuvega/Descargas/crypto-etl-airflow/airflow-apache/lib/python3.11/site-packages/airflow/example_dags/example_branch_datetime_operator.py
[2025-04-27T20:45:03.023-0300] {processor.py:830} INFO - Processing file /home/facuvega/Descargas/crypto-etl-airflow/airflow-apache/lib/python3.11/site-packages/airflow/example_dags/example_branch_datetime_operator.py for tasks to queue
[2025-04-27T20:45:03.025-0300] {logging_mixin.py:188} INFO - [2025-04-27T20:45:03.025-0300] {dagbag.py:540} INFO - Filling up the DagBag from /home/facuvega/Descargas/crypto-etl-airflow/airflow-apache/lib/python3.11/site-packages/airflow/example_dags/example_branch_datetime_operator.py
[2025-04-27T20:45:03.034-0300] {processor.py:840} INFO - DAG(s) 'example_branch_datetime_operator_3', 'example_branch_datetime_operator', 'example_branch_datetime_operator_2' retrieved from /home/facuvega/Descargas/crypto-etl-airflow/airflow-apache/lib/python3.11/site-packages/airflow/example_dags/example_branch_datetime_operator.py
[2025-04-27T20:45:03.053-0300] {logging_mixin.py:188} INFO - [2025-04-27T20:45:03.052-0300] {dag.py:3096} INFO - Sync 3 DAGs
[2025-04-27T20:45:03.071-0300] {logging_mixin.py:188} INFO - [2025-04-27T20:45:03.071-0300] {dag.py:3954} INFO - Setting next_dagrun for example_branch_datetime_operator to 2025-04-26 00:00:00+00:00, run_after=2025-04-27 00:00:00+00:00
[2025-04-27T20:45:03.074-0300] {logging_mixin.py:188} INFO - [2025-04-27T20:45:03.074-0300] {dag.py:3954} INFO - Setting next_dagrun for example_branch_datetime_operator_2 to 2025-04-26 00:00:00+00:00, run_after=2025-04-27 00:00:00+00:00
[2025-04-27T20:45:03.076-0300] {logging_mixin.py:188} INFO - [2025-04-27T20:45:03.076-0300] {dag.py:3954} INFO - Setting next_dagrun for example_branch_datetime_operator_3 to 2025-04-26 00:00:00+00:00, run_after=2025-04-27 00:00:00+00:00
[2025-04-27T20:45:03.089-0300] {processor.py:183} INFO - Processing /home/facuvega/Descargas/crypto-etl-airflow/airflow-apache/lib/python3.11/site-packages/airflow/example_dags/example_branch_datetime_operator.py took 0.072 seconds
[2025-04-27T20:46:00.740-0300] {processor.py:161} INFO - Started process (PID=20247) to work on /home/facuvega/Descargas/crypto-etl-airflow/airflow-apache/lib/python3.11/site-packages/airflow/example_dags/example_branch_datetime_operator.py
[2025-04-27T20:46:00.741-0300] {processor.py:830} INFO - Processing file /home/facuvega/Descargas/crypto-etl-airflow/airflow-apache/lib/python3.11/site-packages/airflow/example_dags/example_branch_datetime_operator.py for tasks to queue
[2025-04-27T20:46:00.743-0300] {logging_mixin.py:188} INFO - [2025-04-27T20:46:00.742-0300] {dagbag.py:540} INFO - Filling up the DagBag from /home/facuvega/Descargas/crypto-etl-airflow/airflow-apache/lib/python3.11/site-packages/airflow/example_dags/example_branch_datetime_operator.py
[2025-04-27T20:46:00.759-0300] {processor.py:840} INFO - DAG(s) 'example_branch_datetime_operator_3', 'example_branch_datetime_operator_2', 'example_branch_datetime_operator' retrieved from /home/facuvega/Descargas/crypto-etl-airflow/airflow-apache/lib/python3.11/site-packages/airflow/example_dags/example_branch_datetime_operator.py
[2025-04-27T20:46:00.784-0300] {logging_mixin.py:188} INFO - [2025-04-27T20:46:00.784-0300] {dag.py:3096} INFO - Sync 3 DAGs
[2025-04-27T20:46:00.807-0300] {logging_mixin.py:188} INFO - [2025-04-27T20:46:00.807-0300] {dag.py:3954} INFO - Setting next_dagrun for example_branch_datetime_operator to 2025-04-26 00:00:00+00:00, run_after=2025-04-27 00:00:00+00:00
[2025-04-27T20:46:00.813-0300] {logging_mixin.py:188} INFO - [2025-04-27T20:46:00.813-0300] {dag.py:3954} INFO - Setting next_dagrun for example_branch_datetime_operator_2 to 2025-04-26 00:00:00+00:00, run_after=2025-04-27 00:00:00+00:00
[2025-04-27T20:46:00.815-0300] {logging_mixin.py:188} INFO - [2025-04-27T20:46:00.815-0300] {dag.py:3954} INFO - Setting next_dagrun for example_branch_datetime_operator_3 to 2025-04-26 00:00:00+00:00, run_after=2025-04-27 00:00:00+00:00
[2025-04-27T20:46:00.834-0300] {processor.py:183} INFO - Processing /home/facuvega/Descargas/crypto-etl-airflow/airflow-apache/lib/python3.11/site-packages/airflow/example_dags/example_branch_datetime_operator.py took 0.101 seconds
[2025-04-27T20:46:58.726-0300] {processor.py:161} INFO - Started process (PID=20512) to work on /home/facuvega/Descargas/crypto-etl-airflow/airflow-apache/lib/python3.11/site-packages/airflow/example_dags/example_branch_datetime_operator.py
[2025-04-27T20:46:58.727-0300] {processor.py:830} INFO - Processing file /home/facuvega/Descargas/crypto-etl-airflow/airflow-apache/lib/python3.11/site-packages/airflow/example_dags/example_branch_datetime_operator.py for tasks to queue
[2025-04-27T20:46:58.729-0300] {logging_mixin.py:188} INFO - [2025-04-27T20:46:58.728-0300] {dagbag.py:540} INFO - Filling up the DagBag from /home/facuvega/Descargas/crypto-etl-airflow/airflow-apache/lib/python3.11/site-packages/airflow/example_dags/example_branch_datetime_operator.py
[2025-04-27T20:46:58.737-0300] {processor.py:840} INFO - DAG(s) 'example_branch_datetime_operator_2', 'example_branch_datetime_operator', 'example_branch_datetime_operator_3' retrieved from /home/facuvega/Descargas/crypto-etl-airflow/airflow-apache/lib/python3.11/site-packages/airflow/example_dags/example_branch_datetime_operator.py
[2025-04-27T20:46:58.755-0300] {logging_mixin.py:188} INFO - [2025-04-27T20:46:58.755-0300] {dag.py:3096} INFO - Sync 3 DAGs
[2025-04-27T20:46:58.773-0300] {logging_mixin.py:188} INFO - [2025-04-27T20:46:58.773-0300] {dag.py:3954} INFO - Setting next_dagrun for example_branch_datetime_operator to 2025-04-26 00:00:00+00:00, run_after=2025-04-27 00:00:00+00:00
[2025-04-27T20:46:58.776-0300] {logging_mixin.py:188} INFO - [2025-04-27T20:46:58.776-0300] {dag.py:3954} INFO - Setting next_dagrun for example_branch_datetime_operator_2 to 2025-04-26 00:00:00+00:00, run_after=2025-04-27 00:00:00+00:00
[2025-04-27T20:46:58.778-0300] {logging_mixin.py:188} INFO - [2025-04-27T20:46:58.777-0300] {dag.py:3954} INFO - Setting next_dagrun for example_branch_datetime_operator_3 to 2025-04-26 00:00:00+00:00, run_after=2025-04-27 00:00:00+00:00
[2025-04-27T20:46:58.792-0300] {processor.py:183} INFO - Processing /home/facuvega/Descargas/crypto-etl-airflow/airflow-apache/lib/python3.11/site-packages/airflow/example_dags/example_branch_datetime_operator.py took 0.071 seconds
[2025-04-27T20:47:59.203-0300] {processor.py:161} INFO - Started process (PID=20980) to work on /home/facuvega/Descargas/crypto-etl-airflow/airflow-apache/lib/python3.11/site-packages/airflow/example_dags/example_branch_datetime_operator.py
[2025-04-27T20:47:59.204-0300] {processor.py:830} INFO - Processing file /home/facuvega/Descargas/crypto-etl-airflow/airflow-apache/lib/python3.11/site-packages/airflow/example_dags/example_branch_datetime_operator.py for tasks to queue
[2025-04-27T20:47:59.206-0300] {logging_mixin.py:188} INFO - [2025-04-27T20:47:59.205-0300] {dagbag.py:540} INFO - Filling up the DagBag from /home/facuvega/Descargas/crypto-etl-airflow/airflow-apache/lib/python3.11/site-packages/airflow/example_dags/example_branch_datetime_operator.py
[2025-04-27T20:47:59.215-0300] {processor.py:840} INFO - DAG(s) 'example_branch_datetime_operator_2', 'example_branch_datetime_operator_3', 'example_branch_datetime_operator' retrieved from /home/facuvega/Descargas/crypto-etl-airflow/airflow-apache/lib/python3.11/site-packages/airflow/example_dags/example_branch_datetime_operator.py
[2025-04-27T20:47:59.233-0300] {logging_mixin.py:188} INFO - [2025-04-27T20:47:59.233-0300] {dag.py:3096} INFO - Sync 3 DAGs
[2025-04-27T20:47:59.250-0300] {logging_mixin.py:188} INFO - [2025-04-27T20:47:59.250-0300] {dag.py:3954} INFO - Setting next_dagrun for example_branch_datetime_operator to 2025-04-26 00:00:00+00:00, run_after=2025-04-27 00:00:00+00:00
[2025-04-27T20:47:59.253-0300] {logging_mixin.py:188} INFO - [2025-04-27T20:47:59.253-0300] {dag.py:3954} INFO - Setting next_dagrun for example_branch_datetime_operator_2 to 2025-04-26 00:00:00+00:00, run_after=2025-04-27 00:00:00+00:00
[2025-04-27T20:47:59.254-0300] {logging_mixin.py:188} INFO - [2025-04-27T20:47:59.254-0300] {dag.py:3954} INFO - Setting next_dagrun for example_branch_datetime_operator_3 to 2025-04-26 00:00:00+00:00, run_after=2025-04-27 00:00:00+00:00
[2025-04-27T20:47:59.271-0300] {processor.py:183} INFO - Processing /home/facuvega/Descargas/crypto-etl-airflow/airflow-apache/lib/python3.11/site-packages/airflow/example_dags/example_branch_datetime_operator.py took 0.073 seconds
[2025-04-27T20:49:04.123-0300] {processor.py:161} INFO - Started process (PID=21408) to work on /home/facuvega/Descargas/crypto-etl-airflow/airflow-apache/lib/python3.11/site-packages/airflow/example_dags/example_branch_datetime_operator.py
[2025-04-27T20:49:04.124-0300] {processor.py:830} INFO - Processing file /home/facuvega/Descargas/crypto-etl-airflow/airflow-apache/lib/python3.11/site-packages/airflow/example_dags/example_branch_datetime_operator.py for tasks to queue
[2025-04-27T20:49:04.126-0300] {logging_mixin.py:188} INFO - [2025-04-27T20:49:04.125-0300] {dagbag.py:540} INFO - Filling up the DagBag from /home/facuvega/Descargas/crypto-etl-airflow/airflow-apache/lib/python3.11/site-packages/airflow/example_dags/example_branch_datetime_operator.py
[2025-04-27T20:49:04.136-0300] {processor.py:840} INFO - DAG(s) 'example_branch_datetime_operator_3', 'example_branch_datetime_operator_2', 'example_branch_datetime_operator' retrieved from /home/facuvega/Descargas/crypto-etl-airflow/airflow-apache/lib/python3.11/site-packages/airflow/example_dags/example_branch_datetime_operator.py
[2025-04-27T20:49:04.173-0300] {logging_mixin.py:188} INFO - [2025-04-27T20:49:04.173-0300] {dag.py:3096} INFO - Sync 3 DAGs
[2025-04-27T20:49:04.196-0300] {logging_mixin.py:188} INFO - [2025-04-27T20:49:04.195-0300] {dag.py:3954} INFO - Setting next_dagrun for example_branch_datetime_operator to 2025-04-26 00:00:00+00:00, run_after=2025-04-27 00:00:00+00:00
[2025-04-27T20:49:04.199-0300] {logging_mixin.py:188} INFO - [2025-04-27T20:49:04.199-0300] {dag.py:3954} INFO - Setting next_dagrun for example_branch_datetime_operator_2 to 2025-04-26 00:00:00+00:00, run_after=2025-04-27 00:00:00+00:00
[2025-04-27T20:49:04.201-0300] {logging_mixin.py:188} INFO - [2025-04-27T20:49:04.201-0300] {dag.py:3954} INFO - Setting next_dagrun for example_branch_datetime_operator_3 to 2025-04-26 00:00:00+00:00, run_after=2025-04-27 00:00:00+00:00
[2025-04-27T20:49:04.218-0300] {processor.py:183} INFO - Processing /home/facuvega/Descargas/crypto-etl-airflow/airflow-apache/lib/python3.11/site-packages/airflow/example_dags/example_branch_datetime_operator.py took 0.101 seconds
[2025-04-27T20:50:11.742-0300] {processor.py:161} INFO - Started process (PID=21829) to work on /home/facuvega/Descargas/crypto-etl-airflow/airflow-apache/lib/python3.11/site-packages/airflow/example_dags/example_branch_datetime_operator.py
[2025-04-27T20:50:11.744-0300] {processor.py:830} INFO - Processing file /home/facuvega/Descargas/crypto-etl-airflow/airflow-apache/lib/python3.11/site-packages/airflow/example_dags/example_branch_datetime_operator.py for tasks to queue
[2025-04-27T20:50:11.746-0300] {logging_mixin.py:188} INFO - [2025-04-27T20:50:11.745-0300] {dagbag.py:540} INFO - Filling up the DagBag from /home/facuvega/Descargas/crypto-etl-airflow/airflow-apache/lib/python3.11/site-packages/airflow/example_dags/example_branch_datetime_operator.py
[2025-04-27T20:50:11.755-0300] {processor.py:840} INFO - DAG(s) 'example_branch_datetime_operator', 'example_branch_datetime_operator_2', 'example_branch_datetime_operator_3' retrieved from /home/facuvega/Descargas/crypto-etl-airflow/airflow-apache/lib/python3.11/site-packages/airflow/example_dags/example_branch_datetime_operator.py
[2025-04-27T20:50:11.777-0300] {logging_mixin.py:188} INFO - [2025-04-27T20:50:11.776-0300] {dag.py:3096} INFO - Sync 3 DAGs
[2025-04-27T20:50:11.798-0300] {logging_mixin.py:188} INFO - [2025-04-27T20:50:11.797-0300] {dag.py:3954} INFO - Setting next_dagrun for example_branch_datetime_operator to 2025-04-26 00:00:00+00:00, run_after=2025-04-27 00:00:00+00:00
[2025-04-27T20:50:11.801-0300] {logging_mixin.py:188} INFO - [2025-04-27T20:50:11.801-0300] {dag.py:3954} INFO - Setting next_dagrun for example_branch_datetime_operator_2 to 2025-04-26 00:00:00+00:00, run_after=2025-04-27 00:00:00+00:00
[2025-04-27T20:50:11.802-0300] {logging_mixin.py:188} INFO - [2025-04-27T20:50:11.802-0300] {dag.py:3954} INFO - Setting next_dagrun for example_branch_datetime_operator_3 to 2025-04-26 00:00:00+00:00, run_after=2025-04-27 00:00:00+00:00
[2025-04-27T20:50:11.819-0300] {processor.py:183} INFO - Processing /home/facuvega/Descargas/crypto-etl-airflow/airflow-apache/lib/python3.11/site-packages/airflow/example_dags/example_branch_datetime_operator.py took 0.083 seconds
[2025-04-27T20:51:13.407-0300] {processor.py:161} INFO - Started process (PID=22240) to work on /home/facuvega/Descargas/crypto-etl-airflow/airflow-apache/lib/python3.11/site-packages/airflow/example_dags/example_branch_datetime_operator.py
[2025-04-27T20:51:13.410-0300] {processor.py:830} INFO - Processing file /home/facuvega/Descargas/crypto-etl-airflow/airflow-apache/lib/python3.11/site-packages/airflow/example_dags/example_branch_datetime_operator.py for tasks to queue
[2025-04-27T20:51:13.412-0300] {logging_mixin.py:188} INFO - [2025-04-27T20:51:13.411-0300] {dagbag.py:540} INFO - Filling up the DagBag from /home/facuvega/Descargas/crypto-etl-airflow/airflow-apache/lib/python3.11/site-packages/airflow/example_dags/example_branch_datetime_operator.py
[2025-04-27T20:51:13.431-0300] {processor.py:840} INFO - DAG(s) 'example_branch_datetime_operator_2', 'example_branch_datetime_operator_3', 'example_branch_datetime_operator' retrieved from /home/facuvega/Descargas/crypto-etl-airflow/airflow-apache/lib/python3.11/site-packages/airflow/example_dags/example_branch_datetime_operator.py
[2025-04-27T20:51:13.462-0300] {logging_mixin.py:188} INFO - [2025-04-27T20:51:13.462-0300] {dag.py:3096} INFO - Sync 3 DAGs
[2025-04-27T20:51:13.492-0300] {logging_mixin.py:188} INFO - [2025-04-27T20:51:13.492-0300] {dag.py:3954} INFO - Setting next_dagrun for example_branch_datetime_operator to 2025-04-26 00:00:00+00:00, run_after=2025-04-27 00:00:00+00:00
[2025-04-27T20:51:13.499-0300] {logging_mixin.py:188} INFO - [2025-04-27T20:51:13.498-0300] {dag.py:3954} INFO - Setting next_dagrun for example_branch_datetime_operator_2 to 2025-04-26 00:00:00+00:00, run_after=2025-04-27 00:00:00+00:00
[2025-04-27T20:51:13.500-0300] {logging_mixin.py:188} INFO - [2025-04-27T20:51:13.500-0300] {dag.py:3954} INFO - Setting next_dagrun for example_branch_datetime_operator_3 to 2025-04-26 00:00:00+00:00, run_after=2025-04-27 00:00:00+00:00
[2025-04-27T20:51:13.530-0300] {processor.py:183} INFO - Processing /home/facuvega/Descargas/crypto-etl-airflow/airflow-apache/lib/python3.11/site-packages/airflow/example_dags/example_branch_datetime_operator.py took 0.130 seconds
