[2025-04-27T20:10:34.104-0300] {processor.py:161} INFO - Started process (PID=9591) to work on /home/facuvega/Descargas/crypto-etl-airflow/airflow-apache/lib/python3.11/site-packages/airflow/example_dags/example_branch_python_dop_operator_3.py
[2025-04-27T20:10:34.105-0300] {processor.py:830} INFO - Processing file /home/facuvega/Descargas/crypto-etl-airflow/airflow-apache/lib/python3.11/site-packages/airflow/example_dags/example_branch_python_dop_operator_3.py for tasks to queue
[2025-04-27T20:10:34.107-0300] {logging_mixin.py:188} INFO - [2025-04-27T20:10:34.106-0300] {dagbag.py:540} INFO - Filling up the DagBag from /home/facuvega/Descargas/crypto-etl-airflow/airflow-apache/lib/python3.11/site-packages/airflow/example_dags/example_branch_python_dop_operator_3.py
[2025-04-27T20:10:34.116-0300] {processor.py:840} INFO - DAG(s) 'example_branch_dop_operator_v3' retrieved from /home/facuvega/Descargas/crypto-etl-airflow/airflow-apache/lib/python3.11/site-packages/airflow/example_dags/example_branch_python_dop_operator_3.py
[2025-04-27T20:10:34.210-0300] {logging_mixin.py:188} INFO - [2025-04-27T20:10:34.210-0300] {override.py:1829} INFO - Created Permission View: can edit on DAG:example_branch_dop_operator_v3
[2025-04-27T20:10:34.216-0300] {logging_mixin.py:188} INFO - [2025-04-27T20:10:34.216-0300] {override.py:1829} INFO - Created Permission View: can delete on DAG:example_branch_dop_operator_v3
[2025-04-27T20:10:34.220-0300] {logging_mixin.py:188} INFO - [2025-04-27T20:10:34.220-0300] {override.py:1829} INFO - Created Permission View: can read on DAG:example_branch_dop_operator_v3
[2025-04-27T20:10:34.220-0300] {logging_mixin.py:188} INFO - [2025-04-27T20:10:34.220-0300] {dag.py:3096} INFO - Sync 1 DAGs
[2025-04-27T20:10:34.227-0300] {logging_mixin.py:188} INFO - [2025-04-27T20:10:34.227-0300] {dag.py:3118} INFO - Creating ORM DAG for example_branch_dop_operator_v3
[2025-04-27T20:10:34.236-0300] {logging_mixin.py:188} INFO - [2025-04-27T20:10:34.236-0300] {dag.py:3954} INFO - Setting next_dagrun for example_branch_dop_operator_v3 to 2025-04-27 23:09:00+00:00, run_after=2025-04-27 23:10:00+00:00
[2025-04-27T20:10:34.249-0300] {processor.py:183} INFO - Processing /home/facuvega/Descargas/crypto-etl-airflow/airflow-apache/lib/python3.11/site-packages/airflow/example_dags/example_branch_python_dop_operator_3.py took 0.151 seconds
[2025-04-27T20:11:30.035-0300] {processor.py:161} INFO - Started process (PID=9968) to work on /home/facuvega/Descargas/crypto-etl-airflow/airflow-apache/lib/python3.11/site-packages/airflow/example_dags/example_branch_python_dop_operator_3.py
[2025-04-27T20:11:30.037-0300] {processor.py:830} INFO - Processing file /home/facuvega/Descargas/crypto-etl-airflow/airflow-apache/lib/python3.11/site-packages/airflow/example_dags/example_branch_python_dop_operator_3.py for tasks to queue
[2025-04-27T20:11:30.039-0300] {logging_mixin.py:188} INFO - [2025-04-27T20:11:30.038-0300] {dagbag.py:540} INFO - Filling up the DagBag from /home/facuvega/Descargas/crypto-etl-airflow/airflow-apache/lib/python3.11/site-packages/airflow/example_dags/example_branch_python_dop_operator_3.py
[2025-04-27T20:11:30.047-0300] {processor.py:840} INFO - DAG(s) 'example_branch_dop_operator_v3' retrieved from /home/facuvega/Descargas/crypto-etl-airflow/airflow-apache/lib/python3.11/site-packages/airflow/example_dags/example_branch_python_dop_operator_3.py
[2025-04-27T20:11:30.064-0300] {logging_mixin.py:188} INFO - [2025-04-27T20:11:30.064-0300] {dag.py:3096} INFO - Sync 1 DAGs
[2025-04-27T20:11:30.084-0300] {logging_mixin.py:188} INFO - [2025-04-27T20:11:30.084-0300] {dag.py:3954} INFO - Setting next_dagrun for example_branch_dop_operator_v3 to 2025-04-27 23:10:00+00:00, run_after=2025-04-27 23:11:00+00:00
[2025-04-27T20:11:30.100-0300] {processor.py:183} INFO - Processing /home/facuvega/Descargas/crypto-etl-airflow/airflow-apache/lib/python3.11/site-packages/airflow/example_dags/example_branch_python_dop_operator_3.py took 0.072 seconds
[2025-04-27T20:12:31.894-0300] {processor.py:161} INFO - Started process (PID=10394) to work on /home/facuvega/Descargas/crypto-etl-airflow/airflow-apache/lib/python3.11/site-packages/airflow/example_dags/example_branch_python_dop_operator_3.py
[2025-04-27T20:12:31.895-0300] {processor.py:830} INFO - Processing file /home/facuvega/Descargas/crypto-etl-airflow/airflow-apache/lib/python3.11/site-packages/airflow/example_dags/example_branch_python_dop_operator_3.py for tasks to queue
[2025-04-27T20:12:31.898-0300] {logging_mixin.py:188} INFO - [2025-04-27T20:12:31.898-0300] {dagbag.py:540} INFO - Filling up the DagBag from /home/facuvega/Descargas/crypto-etl-airflow/airflow-apache/lib/python3.11/site-packages/airflow/example_dags/example_branch_python_dop_operator_3.py
[2025-04-27T20:12:31.907-0300] {processor.py:840} INFO - DAG(s) 'example_branch_dop_operator_v3' retrieved from /home/facuvega/Descargas/crypto-etl-airflow/airflow-apache/lib/python3.11/site-packages/airflow/example_dags/example_branch_python_dop_operator_3.py
[2025-04-27T20:12:31.923-0300] {logging_mixin.py:188} INFO - [2025-04-27T20:12:31.923-0300] {dag.py:3096} INFO - Sync 1 DAGs
[2025-04-27T20:12:31.943-0300] {logging_mixin.py:188} INFO - [2025-04-27T20:12:31.943-0300] {dag.py:3954} INFO - Setting next_dagrun for example_branch_dop_operator_v3 to 2025-04-27 23:11:00+00:00, run_after=2025-04-27 23:12:00+00:00
[2025-04-27T20:12:31.962-0300] {processor.py:183} INFO - Processing /home/facuvega/Descargas/crypto-etl-airflow/airflow-apache/lib/python3.11/site-packages/airflow/example_dags/example_branch_python_dop_operator_3.py took 0.075 seconds
[2025-04-27T20:13:32.663-0300] {processor.py:161} INFO - Started process (PID=10720) to work on /home/facuvega/Descargas/crypto-etl-airflow/airflow-apache/lib/python3.11/site-packages/airflow/example_dags/example_branch_python_dop_operator_3.py
[2025-04-27T20:13:32.664-0300] {processor.py:830} INFO - Processing file /home/facuvega/Descargas/crypto-etl-airflow/airflow-apache/lib/python3.11/site-packages/airflow/example_dags/example_branch_python_dop_operator_3.py for tasks to queue
[2025-04-27T20:13:32.666-0300] {logging_mixin.py:188} INFO - [2025-04-27T20:13:32.666-0300] {dagbag.py:540} INFO - Filling up the DagBag from /home/facuvega/Descargas/crypto-etl-airflow/airflow-apache/lib/python3.11/site-packages/airflow/example_dags/example_branch_python_dop_operator_3.py
[2025-04-27T20:13:32.674-0300] {processor.py:840} INFO - DAG(s) 'example_branch_dop_operator_v3' retrieved from /home/facuvega/Descargas/crypto-etl-airflow/airflow-apache/lib/python3.11/site-packages/airflow/example_dags/example_branch_python_dop_operator_3.py
[2025-04-27T20:13:32.685-0300] {logging_mixin.py:188} INFO - [2025-04-27T20:13:32.685-0300] {dag.py:3096} INFO - Sync 1 DAGs
[2025-04-27T20:13:32.701-0300] {logging_mixin.py:188} INFO - [2025-04-27T20:13:32.701-0300] {dag.py:3954} INFO - Setting next_dagrun for example_branch_dop_operator_v3 to 2025-04-27 23:12:00+00:00, run_after=2025-04-27 23:13:00+00:00
[2025-04-27T20:13:32.718-0300] {processor.py:183} INFO - Processing /home/facuvega/Descargas/crypto-etl-airflow/airflow-apache/lib/python3.11/site-packages/airflow/example_dags/example_branch_python_dop_operator_3.py took 0.060 seconds
[2025-04-27T20:14:28.957-0300] {processor.py:161} INFO - Started process (PID=10974) to work on /home/facuvega/Descargas/crypto-etl-airflow/airflow-apache/lib/python3.11/site-packages/airflow/example_dags/example_branch_python_dop_operator_3.py
[2025-04-27T20:14:28.958-0300] {processor.py:830} INFO - Processing file /home/facuvega/Descargas/crypto-etl-airflow/airflow-apache/lib/python3.11/site-packages/airflow/example_dags/example_branch_python_dop_operator_3.py for tasks to queue
[2025-04-27T20:14:28.960-0300] {logging_mixin.py:188} INFO - [2025-04-27T20:14:28.959-0300] {dagbag.py:540} INFO - Filling up the DagBag from /home/facuvega/Descargas/crypto-etl-airflow/airflow-apache/lib/python3.11/site-packages/airflow/example_dags/example_branch_python_dop_operator_3.py
[2025-04-27T20:14:28.969-0300] {processor.py:840} INFO - DAG(s) 'example_branch_dop_operator_v3' retrieved from /home/facuvega/Descargas/crypto-etl-airflow/airflow-apache/lib/python3.11/site-packages/airflow/example_dags/example_branch_python_dop_operator_3.py
[2025-04-27T20:14:28.985-0300] {logging_mixin.py:188} INFO - [2025-04-27T20:14:28.985-0300] {dag.py:3096} INFO - Sync 1 DAGs
[2025-04-27T20:14:29.005-0300] {logging_mixin.py:188} INFO - [2025-04-27T20:14:29.005-0300] {dag.py:3954} INFO - Setting next_dagrun for example_branch_dop_operator_v3 to 2025-04-27 23:13:00+00:00, run_after=2025-04-27 23:14:00+00:00
[2025-04-27T20:14:29.021-0300] {processor.py:183} INFO - Processing /home/facuvega/Descargas/crypto-etl-airflow/airflow-apache/lib/python3.11/site-packages/airflow/example_dags/example_branch_python_dop_operator_3.py took 0.070 seconds
[2025-04-27T20:15:29.423-0300] {processor.py:161} INFO - Started process (PID=11278) to work on /home/facuvega/Descargas/crypto-etl-airflow/airflow-apache/lib/python3.11/site-packages/airflow/example_dags/example_branch_python_dop_operator_3.py
[2025-04-27T20:15:29.424-0300] {processor.py:830} INFO - Processing file /home/facuvega/Descargas/crypto-etl-airflow/airflow-apache/lib/python3.11/site-packages/airflow/example_dags/example_branch_python_dop_operator_3.py for tasks to queue
[2025-04-27T20:15:29.426-0300] {logging_mixin.py:188} INFO - [2025-04-27T20:15:29.426-0300] {dagbag.py:540} INFO - Filling up the DagBag from /home/facuvega/Descargas/crypto-etl-airflow/airflow-apache/lib/python3.11/site-packages/airflow/example_dags/example_branch_python_dop_operator_3.py
[2025-04-27T20:15:29.435-0300] {processor.py:840} INFO - DAG(s) 'example_branch_dop_operator_v3' retrieved from /home/facuvega/Descargas/crypto-etl-airflow/airflow-apache/lib/python3.11/site-packages/airflow/example_dags/example_branch_python_dop_operator_3.py
[2025-04-27T20:15:29.452-0300] {logging_mixin.py:188} INFO - [2025-04-27T20:15:29.451-0300] {dag.py:3096} INFO - Sync 1 DAGs
[2025-04-27T20:15:29.472-0300] {logging_mixin.py:188} INFO - [2025-04-27T20:15:29.472-0300] {dag.py:3954} INFO - Setting next_dagrun for example_branch_dop_operator_v3 to 2025-04-27 23:14:00+00:00, run_after=2025-04-27 23:15:00+00:00
[2025-04-27T20:15:29.489-0300] {processor.py:183} INFO - Processing /home/facuvega/Descargas/crypto-etl-airflow/airflow-apache/lib/python3.11/site-packages/airflow/example_dags/example_branch_python_dop_operator_3.py took 0.073 seconds
[2025-04-27T20:16:29.957-0300] {processor.py:161} INFO - Started process (PID=11554) to work on /home/facuvega/Descargas/crypto-etl-airflow/airflow-apache/lib/python3.11/site-packages/airflow/example_dags/example_branch_python_dop_operator_3.py
[2025-04-27T20:16:29.958-0300] {processor.py:830} INFO - Processing file /home/facuvega/Descargas/crypto-etl-airflow/airflow-apache/lib/python3.11/site-packages/airflow/example_dags/example_branch_python_dop_operator_3.py for tasks to queue
[2025-04-27T20:16:29.959-0300] {logging_mixin.py:188} INFO - [2025-04-27T20:16:29.959-0300] {dagbag.py:540} INFO - Filling up the DagBag from /home/facuvega/Descargas/crypto-etl-airflow/airflow-apache/lib/python3.11/site-packages/airflow/example_dags/example_branch_python_dop_operator_3.py
[2025-04-27T20:16:29.967-0300] {processor.py:840} INFO - DAG(s) 'example_branch_dop_operator_v3' retrieved from /home/facuvega/Descargas/crypto-etl-airflow/airflow-apache/lib/python3.11/site-packages/airflow/example_dags/example_branch_python_dop_operator_3.py
[2025-04-27T20:16:29.980-0300] {logging_mixin.py:188} INFO - [2025-04-27T20:16:29.980-0300] {dag.py:3096} INFO - Sync 1 DAGs
[2025-04-27T20:16:29.997-0300] {logging_mixin.py:188} INFO - [2025-04-27T20:16:29.997-0300] {dag.py:3954} INFO - Setting next_dagrun for example_branch_dop_operator_v3 to 2025-04-27 23:15:00+00:00, run_after=2025-04-27 23:16:00+00:00
[2025-04-27T20:16:30.012-0300] {processor.py:183} INFO - Processing /home/facuvega/Descargas/crypto-etl-airflow/airflow-apache/lib/python3.11/site-packages/airflow/example_dags/example_branch_python_dop_operator_3.py took 0.060 seconds
[2025-04-27T20:17:35.358-0300] {processor.py:161} INFO - Started process (PID=11844) to work on /home/facuvega/Descargas/crypto-etl-airflow/airflow-apache/lib/python3.11/site-packages/airflow/example_dags/example_branch_python_dop_operator_3.py
[2025-04-27T20:17:35.358-0300] {processor.py:830} INFO - Processing file /home/facuvega/Descargas/crypto-etl-airflow/airflow-apache/lib/python3.11/site-packages/airflow/example_dags/example_branch_python_dop_operator_3.py for tasks to queue
[2025-04-27T20:17:35.360-0300] {logging_mixin.py:188} INFO - [2025-04-27T20:17:35.360-0300] {dagbag.py:540} INFO - Filling up the DagBag from /home/facuvega/Descargas/crypto-etl-airflow/airflow-apache/lib/python3.11/site-packages/airflow/example_dags/example_branch_python_dop_operator_3.py
[2025-04-27T20:17:35.367-0300] {processor.py:840} INFO - DAG(s) 'example_branch_dop_operator_v3' retrieved from /home/facuvega/Descargas/crypto-etl-airflow/airflow-apache/lib/python3.11/site-packages/airflow/example_dags/example_branch_python_dop_operator_3.py
[2025-04-27T20:17:35.379-0300] {logging_mixin.py:188} INFO - [2025-04-27T20:17:35.379-0300] {dag.py:3096} INFO - Sync 1 DAGs
[2025-04-27T20:17:35.396-0300] {logging_mixin.py:188} INFO - [2025-04-27T20:17:35.395-0300] {dag.py:3954} INFO - Setting next_dagrun for example_branch_dop_operator_v3 to 2025-04-27 23:16:00+00:00, run_after=2025-04-27 23:17:00+00:00
[2025-04-27T20:17:35.413-0300] {processor.py:183} INFO - Processing /home/facuvega/Descargas/crypto-etl-airflow/airflow-apache/lib/python3.11/site-packages/airflow/example_dags/example_branch_python_dop_operator_3.py took 0.060 seconds
[2025-04-27T20:18:33.356-0300] {processor.py:161} INFO - Started process (PID=12241) to work on /home/facuvega/Descargas/crypto-etl-airflow/airflow-apache/lib/python3.11/site-packages/airflow/example_dags/example_branch_python_dop_operator_3.py
[2025-04-27T20:18:33.357-0300] {processor.py:830} INFO - Processing file /home/facuvega/Descargas/crypto-etl-airflow/airflow-apache/lib/python3.11/site-packages/airflow/example_dags/example_branch_python_dop_operator_3.py for tasks to queue
[2025-04-27T20:18:33.359-0300] {logging_mixin.py:188} INFO - [2025-04-27T20:18:33.358-0300] {dagbag.py:540} INFO - Filling up the DagBag from /home/facuvega/Descargas/crypto-etl-airflow/airflow-apache/lib/python3.11/site-packages/airflow/example_dags/example_branch_python_dop_operator_3.py
[2025-04-27T20:18:33.368-0300] {processor.py:840} INFO - DAG(s) 'example_branch_dop_operator_v3' retrieved from /home/facuvega/Descargas/crypto-etl-airflow/airflow-apache/lib/python3.11/site-packages/airflow/example_dags/example_branch_python_dop_operator_3.py
[2025-04-27T20:18:33.387-0300] {logging_mixin.py:188} INFO - [2025-04-27T20:18:33.387-0300] {dag.py:3096} INFO - Sync 1 DAGs
[2025-04-27T20:18:33.409-0300] {logging_mixin.py:188} INFO - [2025-04-27T20:18:33.409-0300] {dag.py:3954} INFO - Setting next_dagrun for example_branch_dop_operator_v3 to 2025-04-27 23:17:00+00:00, run_after=2025-04-27 23:18:00+00:00
[2025-04-27T20:18:33.430-0300] {processor.py:183} INFO - Processing /home/facuvega/Descargas/crypto-etl-airflow/airflow-apache/lib/python3.11/site-packages/airflow/example_dags/example_branch_python_dop_operator_3.py took 0.081 seconds
[2025-04-27T20:19:32.769-0300] {processor.py:161} INFO - Started process (PID=12509) to work on /home/facuvega/Descargas/crypto-etl-airflow/airflow-apache/lib/python3.11/site-packages/airflow/example_dags/example_branch_python_dop_operator_3.py
[2025-04-27T20:19:32.771-0300] {processor.py:830} INFO - Processing file /home/facuvega/Descargas/crypto-etl-airflow/airflow-apache/lib/python3.11/site-packages/airflow/example_dags/example_branch_python_dop_operator_3.py for tasks to queue
[2025-04-27T20:19:32.774-0300] {logging_mixin.py:188} INFO - [2025-04-27T20:19:32.773-0300] {dagbag.py:540} INFO - Filling up the DagBag from /home/facuvega/Descargas/crypto-etl-airflow/airflow-apache/lib/python3.11/site-packages/airflow/example_dags/example_branch_python_dop_operator_3.py
[2025-04-27T20:19:32.787-0300] {processor.py:840} INFO - DAG(s) 'example_branch_dop_operator_v3' retrieved from /home/facuvega/Descargas/crypto-etl-airflow/airflow-apache/lib/python3.11/site-packages/airflow/example_dags/example_branch_python_dop_operator_3.py
[2025-04-27T20:19:32.800-0300] {logging_mixin.py:188} INFO - [2025-04-27T20:19:32.800-0300] {dag.py:3096} INFO - Sync 1 DAGs
[2025-04-27T20:19:32.817-0300] {logging_mixin.py:188} INFO - [2025-04-27T20:19:32.817-0300] {dag.py:3954} INFO - Setting next_dagrun for example_branch_dop_operator_v3 to 2025-04-27 23:18:00+00:00, run_after=2025-04-27 23:19:00+00:00
[2025-04-27T20:19:32.832-0300] {processor.py:183} INFO - Processing /home/facuvega/Descargas/crypto-etl-airflow/airflow-apache/lib/python3.11/site-packages/airflow/example_dags/example_branch_python_dop_operator_3.py took 0.073 seconds
[2025-04-27T20:20:30.910-0300] {processor.py:161} INFO - Started process (PID=12831) to work on /home/facuvega/Descargas/crypto-etl-airflow/airflow-apache/lib/python3.11/site-packages/airflow/example_dags/example_branch_python_dop_operator_3.py
[2025-04-27T20:20:30.911-0300] {processor.py:830} INFO - Processing file /home/facuvega/Descargas/crypto-etl-airflow/airflow-apache/lib/python3.11/site-packages/airflow/example_dags/example_branch_python_dop_operator_3.py for tasks to queue
[2025-04-27T20:20:30.912-0300] {logging_mixin.py:188} INFO - [2025-04-27T20:20:30.912-0300] {dagbag.py:540} INFO - Filling up the DagBag from /home/facuvega/Descargas/crypto-etl-airflow/airflow-apache/lib/python3.11/site-packages/airflow/example_dags/example_branch_python_dop_operator_3.py
[2025-04-27T20:20:30.920-0300] {processor.py:840} INFO - DAG(s) 'example_branch_dop_operator_v3' retrieved from /home/facuvega/Descargas/crypto-etl-airflow/airflow-apache/lib/python3.11/site-packages/airflow/example_dags/example_branch_python_dop_operator_3.py
[2025-04-27T20:20:30.934-0300] {logging_mixin.py:188} INFO - [2025-04-27T20:20:30.934-0300] {dag.py:3096} INFO - Sync 1 DAGs
[2025-04-27T20:20:30.951-0300] {logging_mixin.py:188} INFO - [2025-04-27T20:20:30.950-0300] {dag.py:3954} INFO - Setting next_dagrun for example_branch_dop_operator_v3 to 2025-04-27 23:19:00+00:00, run_after=2025-04-27 23:20:00+00:00
[2025-04-27T20:20:30.966-0300] {processor.py:183} INFO - Processing /home/facuvega/Descargas/crypto-etl-airflow/airflow-apache/lib/python3.11/site-packages/airflow/example_dags/example_branch_python_dop_operator_3.py took 0.061 seconds
[2025-04-27T20:21:31.658-0300] {processor.py:161} INFO - Started process (PID=13101) to work on /home/facuvega/Descargas/crypto-etl-airflow/airflow-apache/lib/python3.11/site-packages/airflow/example_dags/example_branch_python_dop_operator_3.py
[2025-04-27T20:21:31.659-0300] {processor.py:830} INFO - Processing file /home/facuvega/Descargas/crypto-etl-airflow/airflow-apache/lib/python3.11/site-packages/airflow/example_dags/example_branch_python_dop_operator_3.py for tasks to queue
[2025-04-27T20:21:31.660-0300] {logging_mixin.py:188} INFO - [2025-04-27T20:21:31.660-0300] {dagbag.py:540} INFO - Filling up the DagBag from /home/facuvega/Descargas/crypto-etl-airflow/airflow-apache/lib/python3.11/site-packages/airflow/example_dags/example_branch_python_dop_operator_3.py
[2025-04-27T20:21:31.668-0300] {processor.py:840} INFO - DAG(s) 'example_branch_dop_operator_v3' retrieved from /home/facuvega/Descargas/crypto-etl-airflow/airflow-apache/lib/python3.11/site-packages/airflow/example_dags/example_branch_python_dop_operator_3.py
[2025-04-27T20:21:31.682-0300] {logging_mixin.py:188} INFO - [2025-04-27T20:21:31.682-0300] {dag.py:3096} INFO - Sync 1 DAGs
[2025-04-27T20:21:31.699-0300] {logging_mixin.py:188} INFO - [2025-04-27T20:21:31.698-0300] {dag.py:3954} INFO - Setting next_dagrun for example_branch_dop_operator_v3 to 2025-04-27 23:20:00+00:00, run_after=2025-04-27 23:21:00+00:00
[2025-04-27T20:21:31.714-0300] {processor.py:183} INFO - Processing /home/facuvega/Descargas/crypto-etl-airflow/airflow-apache/lib/python3.11/site-packages/airflow/example_dags/example_branch_python_dop_operator_3.py took 0.062 seconds
[2025-04-27T20:22:35.750-0300] {processor.py:161} INFO - Started process (PID=13384) to work on /home/facuvega/Descargas/crypto-etl-airflow/airflow-apache/lib/python3.11/site-packages/airflow/example_dags/example_branch_python_dop_operator_3.py
[2025-04-27T20:22:35.751-0300] {processor.py:830} INFO - Processing file /home/facuvega/Descargas/crypto-etl-airflow/airflow-apache/lib/python3.11/site-packages/airflow/example_dags/example_branch_python_dop_operator_3.py for tasks to queue
[2025-04-27T20:22:35.753-0300] {logging_mixin.py:188} INFO - [2025-04-27T20:22:35.753-0300] {dagbag.py:540} INFO - Filling up the DagBag from /home/facuvega/Descargas/crypto-etl-airflow/airflow-apache/lib/python3.11/site-packages/airflow/example_dags/example_branch_python_dop_operator_3.py
[2025-04-27T20:22:35.760-0300] {processor.py:840} INFO - DAG(s) 'example_branch_dop_operator_v3' retrieved from /home/facuvega/Descargas/crypto-etl-airflow/airflow-apache/lib/python3.11/site-packages/airflow/example_dags/example_branch_python_dop_operator_3.py
[2025-04-27T20:22:35.772-0300] {logging_mixin.py:188} INFO - [2025-04-27T20:22:35.772-0300] {dag.py:3096} INFO - Sync 1 DAGs
[2025-04-27T20:22:35.787-0300] {logging_mixin.py:188} INFO - [2025-04-27T20:22:35.787-0300] {dag.py:3954} INFO - Setting next_dagrun for example_branch_dop_operator_v3 to 2025-04-27 23:21:00+00:00, run_after=2025-04-27 23:22:00+00:00
[2025-04-27T20:22:35.800-0300] {processor.py:183} INFO - Processing /home/facuvega/Descargas/crypto-etl-airflow/airflow-apache/lib/python3.11/site-packages/airflow/example_dags/example_branch_python_dop_operator_3.py took 0.055 seconds
[2025-04-27T20:23:26.451-0300] {processor.py:161} INFO - Started process (PID=13610) to work on /home/facuvega/Descargas/crypto-etl-airflow/airflow-apache/lib/python3.11/site-packages/airflow/example_dags/example_branch_python_dop_operator_3.py
[2025-04-27T20:23:26.452-0300] {processor.py:830} INFO - Processing file /home/facuvega/Descargas/crypto-etl-airflow/airflow-apache/lib/python3.11/site-packages/airflow/example_dags/example_branch_python_dop_operator_3.py for tasks to queue
[2025-04-27T20:23:26.454-0300] {logging_mixin.py:188} INFO - [2025-04-27T20:23:26.454-0300] {dagbag.py:540} INFO - Filling up the DagBag from /home/facuvega/Descargas/crypto-etl-airflow/airflow-apache/lib/python3.11/site-packages/airflow/example_dags/example_branch_python_dop_operator_3.py
[2025-04-27T20:23:26.465-0300] {processor.py:840} INFO - DAG(s) 'example_branch_dop_operator_v3' retrieved from /home/facuvega/Descargas/crypto-etl-airflow/airflow-apache/lib/python3.11/site-packages/airflow/example_dags/example_branch_python_dop_operator_3.py
[2025-04-27T20:23:26.483-0300] {logging_mixin.py:188} INFO - [2025-04-27T20:23:26.483-0300] {dag.py:3096} INFO - Sync 1 DAGs
[2025-04-27T20:23:26.508-0300] {logging_mixin.py:188} INFO - [2025-04-27T20:23:26.508-0300] {dag.py:3954} INFO - Setting next_dagrun for example_branch_dop_operator_v3 to 2025-04-27 23:22:00+00:00, run_after=2025-04-27 23:23:00+00:00
[2025-04-27T20:23:26.524-0300] {processor.py:183} INFO - Processing /home/facuvega/Descargas/crypto-etl-airflow/airflow-apache/lib/python3.11/site-packages/airflow/example_dags/example_branch_python_dop_operator_3.py took 0.080 seconds
[2025-04-27T20:24:23.856-0300] {processor.py:161} INFO - Started process (PID=13874) to work on /home/facuvega/Descargas/crypto-etl-airflow/airflow-apache/lib/python3.11/site-packages/airflow/example_dags/example_branch_python_dop_operator_3.py
[2025-04-27T20:24:23.858-0300] {processor.py:830} INFO - Processing file /home/facuvega/Descargas/crypto-etl-airflow/airflow-apache/lib/python3.11/site-packages/airflow/example_dags/example_branch_python_dop_operator_3.py for tasks to queue
[2025-04-27T20:24:23.859-0300] {logging_mixin.py:188} INFO - [2025-04-27T20:24:23.859-0300] {dagbag.py:540} INFO - Filling up the DagBag from /home/facuvega/Descargas/crypto-etl-airflow/airflow-apache/lib/python3.11/site-packages/airflow/example_dags/example_branch_python_dop_operator_3.py
[2025-04-27T20:24:23.866-0300] {processor.py:840} INFO - DAG(s) 'example_branch_dop_operator_v3' retrieved from /home/facuvega/Descargas/crypto-etl-airflow/airflow-apache/lib/python3.11/site-packages/airflow/example_dags/example_branch_python_dop_operator_3.py
[2025-04-27T20:24:23.880-0300] {logging_mixin.py:188} INFO - [2025-04-27T20:24:23.880-0300] {dag.py:3096} INFO - Sync 1 DAGs
[2025-04-27T20:24:23.899-0300] {logging_mixin.py:188} INFO - [2025-04-27T20:24:23.899-0300] {dag.py:3954} INFO - Setting next_dagrun for example_branch_dop_operator_v3 to 2025-04-27 23:23:00+00:00, run_after=2025-04-27 23:24:00+00:00
[2025-04-27T20:24:23.919-0300] {processor.py:183} INFO - Processing /home/facuvega/Descargas/crypto-etl-airflow/airflow-apache/lib/python3.11/site-packages/airflow/example_dags/example_branch_python_dop_operator_3.py took 0.069 seconds
[2025-04-27T20:25:17.749-0300] {processor.py:161} INFO - Started process (PID=14146) to work on /home/facuvega/Descargas/crypto-etl-airflow/airflow-apache/lib/python3.11/site-packages/airflow/example_dags/example_branch_python_dop_operator_3.py
[2025-04-27T20:25:17.750-0300] {processor.py:830} INFO - Processing file /home/facuvega/Descargas/crypto-etl-airflow/airflow-apache/lib/python3.11/site-packages/airflow/example_dags/example_branch_python_dop_operator_3.py for tasks to queue
[2025-04-27T20:25:17.752-0300] {logging_mixin.py:188} INFO - [2025-04-27T20:25:17.751-0300] {dagbag.py:540} INFO - Filling up the DagBag from /home/facuvega/Descargas/crypto-etl-airflow/airflow-apache/lib/python3.11/site-packages/airflow/example_dags/example_branch_python_dop_operator_3.py
[2025-04-27T20:25:17.759-0300] {processor.py:840} INFO - DAG(s) 'example_branch_dop_operator_v3' retrieved from /home/facuvega/Descargas/crypto-etl-airflow/airflow-apache/lib/python3.11/site-packages/airflow/example_dags/example_branch_python_dop_operator_3.py
[2025-04-27T20:25:17.774-0300] {logging_mixin.py:188} INFO - [2025-04-27T20:25:17.774-0300] {dag.py:3096} INFO - Sync 1 DAGs
[2025-04-27T20:25:17.791-0300] {logging_mixin.py:188} INFO - [2025-04-27T20:25:17.791-0300] {dag.py:3954} INFO - Setting next_dagrun for example_branch_dop_operator_v3 to 2025-04-27 23:24:00+00:00, run_after=2025-04-27 23:25:00+00:00
[2025-04-27T20:25:17.806-0300] {processor.py:183} INFO - Processing /home/facuvega/Descargas/crypto-etl-airflow/airflow-apache/lib/python3.11/site-packages/airflow/example_dags/example_branch_python_dop_operator_3.py took 0.064 seconds
[2025-04-27T20:26:22.191-0300] {processor.py:161} INFO - Started process (PID=14439) to work on /home/facuvega/Descargas/crypto-etl-airflow/airflow-apache/lib/python3.11/site-packages/airflow/example_dags/example_branch_python_dop_operator_3.py
[2025-04-27T20:26:22.193-0300] {processor.py:830} INFO - Processing file /home/facuvega/Descargas/crypto-etl-airflow/airflow-apache/lib/python3.11/site-packages/airflow/example_dags/example_branch_python_dop_operator_3.py for tasks to queue
[2025-04-27T20:26:22.194-0300] {logging_mixin.py:188} INFO - [2025-04-27T20:26:22.194-0300] {dagbag.py:540} INFO - Filling up the DagBag from /home/facuvega/Descargas/crypto-etl-airflow/airflow-apache/lib/python3.11/site-packages/airflow/example_dags/example_branch_python_dop_operator_3.py
[2025-04-27T20:26:22.201-0300] {processor.py:840} INFO - DAG(s) 'example_branch_dop_operator_v3' retrieved from /home/facuvega/Descargas/crypto-etl-airflow/airflow-apache/lib/python3.11/site-packages/airflow/example_dags/example_branch_python_dop_operator_3.py
[2025-04-27T20:26:22.218-0300] {logging_mixin.py:188} INFO - [2025-04-27T20:26:22.218-0300] {dag.py:3096} INFO - Sync 1 DAGs
[2025-04-27T20:26:22.239-0300] {logging_mixin.py:188} INFO - [2025-04-27T20:26:22.239-0300] {dag.py:3954} INFO - Setting next_dagrun for example_branch_dop_operator_v3 to 2025-04-27 23:25:00+00:00, run_after=2025-04-27 23:26:00+00:00
[2025-04-27T20:26:22.258-0300] {processor.py:183} INFO - Processing /home/facuvega/Descargas/crypto-etl-airflow/airflow-apache/lib/python3.11/site-packages/airflow/example_dags/example_branch_python_dop_operator_3.py took 0.075 seconds
[2025-04-27T20:27:22.176-0300] {processor.py:161} INFO - Started process (PID=14730) to work on /home/facuvega/Descargas/crypto-etl-airflow/airflow-apache/lib/python3.11/site-packages/airflow/example_dags/example_branch_python_dop_operator_3.py
[2025-04-27T20:27:22.177-0300] {processor.py:830} INFO - Processing file /home/facuvega/Descargas/crypto-etl-airflow/airflow-apache/lib/python3.11/site-packages/airflow/example_dags/example_branch_python_dop_operator_3.py for tasks to queue
[2025-04-27T20:27:22.178-0300] {logging_mixin.py:188} INFO - [2025-04-27T20:27:22.178-0300] {dagbag.py:540} INFO - Filling up the DagBag from /home/facuvega/Descargas/crypto-etl-airflow/airflow-apache/lib/python3.11/site-packages/airflow/example_dags/example_branch_python_dop_operator_3.py
[2025-04-27T20:27:22.186-0300] {processor.py:840} INFO - DAG(s) 'example_branch_dop_operator_v3' retrieved from /home/facuvega/Descargas/crypto-etl-airflow/airflow-apache/lib/python3.11/site-packages/airflow/example_dags/example_branch_python_dop_operator_3.py
[2025-04-27T20:27:22.199-0300] {logging_mixin.py:188} INFO - [2025-04-27T20:27:22.199-0300] {dag.py:3096} INFO - Sync 1 DAGs
[2025-04-27T20:27:22.215-0300] {logging_mixin.py:188} INFO - [2025-04-27T20:27:22.215-0300] {dag.py:3954} INFO - Setting next_dagrun for example_branch_dop_operator_v3 to 2025-04-27 23:26:00+00:00, run_after=2025-04-27 23:27:00+00:00
[2025-04-27T20:27:22.228-0300] {processor.py:183} INFO - Processing /home/facuvega/Descargas/crypto-etl-airflow/airflow-apache/lib/python3.11/site-packages/airflow/example_dags/example_branch_python_dop_operator_3.py took 0.058 seconds
[2025-04-27T20:28:20.357-0300] {processor.py:161} INFO - Started process (PID=14995) to work on /home/facuvega/Descargas/crypto-etl-airflow/airflow-apache/lib/python3.11/site-packages/airflow/example_dags/example_branch_python_dop_operator_3.py
[2025-04-27T20:28:20.358-0300] {processor.py:830} INFO - Processing file /home/facuvega/Descargas/crypto-etl-airflow/airflow-apache/lib/python3.11/site-packages/airflow/example_dags/example_branch_python_dop_operator_3.py for tasks to queue
[2025-04-27T20:28:20.360-0300] {logging_mixin.py:188} INFO - [2025-04-27T20:28:20.359-0300] {dagbag.py:540} INFO - Filling up the DagBag from /home/facuvega/Descargas/crypto-etl-airflow/airflow-apache/lib/python3.11/site-packages/airflow/example_dags/example_branch_python_dop_operator_3.py
[2025-04-27T20:28:20.369-0300] {processor.py:840} INFO - DAG(s) 'example_branch_dop_operator_v3' retrieved from /home/facuvega/Descargas/crypto-etl-airflow/airflow-apache/lib/python3.11/site-packages/airflow/example_dags/example_branch_python_dop_operator_3.py
[2025-04-27T20:28:20.384-0300] {logging_mixin.py:188} INFO - [2025-04-27T20:28:20.384-0300] {dag.py:3096} INFO - Sync 1 DAGs
[2025-04-27T20:28:20.403-0300] {logging_mixin.py:188} INFO - [2025-04-27T20:28:20.402-0300] {dag.py:3954} INFO - Setting next_dagrun for example_branch_dop_operator_v3 to 2025-04-27 23:27:00+00:00, run_after=2025-04-27 23:28:00+00:00
[2025-04-27T20:28:20.418-0300] {processor.py:183} INFO - Processing /home/facuvega/Descargas/crypto-etl-airflow/airflow-apache/lib/python3.11/site-packages/airflow/example_dags/example_branch_python_dop_operator_3.py took 0.067 seconds
[2025-04-27T20:29:24.412-0300] {processor.py:161} INFO - Started process (PID=15287) to work on /home/facuvega/Descargas/crypto-etl-airflow/airflow-apache/lib/python3.11/site-packages/airflow/example_dags/example_branch_python_dop_operator_3.py
[2025-04-27T20:29:24.413-0300] {processor.py:830} INFO - Processing file /home/facuvega/Descargas/crypto-etl-airflow/airflow-apache/lib/python3.11/site-packages/airflow/example_dags/example_branch_python_dop_operator_3.py for tasks to queue
[2025-04-27T20:29:24.415-0300] {logging_mixin.py:188} INFO - [2025-04-27T20:29:24.415-0300] {dagbag.py:540} INFO - Filling up the DagBag from /home/facuvega/Descargas/crypto-etl-airflow/airflow-apache/lib/python3.11/site-packages/airflow/example_dags/example_branch_python_dop_operator_3.py
[2025-04-27T20:29:24.423-0300] {processor.py:840} INFO - DAG(s) 'example_branch_dop_operator_v3' retrieved from /home/facuvega/Descargas/crypto-etl-airflow/airflow-apache/lib/python3.11/site-packages/airflow/example_dags/example_branch_python_dop_operator_3.py
[2025-04-27T20:29:24.441-0300] {logging_mixin.py:188} INFO - [2025-04-27T20:29:24.440-0300] {dag.py:3096} INFO - Sync 1 DAGs
[2025-04-27T20:29:24.464-0300] {logging_mixin.py:188} INFO - [2025-04-27T20:29:24.464-0300] {dag.py:3954} INFO - Setting next_dagrun for example_branch_dop_operator_v3 to 2025-04-27 23:28:00+00:00, run_after=2025-04-27 23:29:00+00:00
[2025-04-27T20:29:24.484-0300] {processor.py:183} INFO - Processing /home/facuvega/Descargas/crypto-etl-airflow/airflow-apache/lib/python3.11/site-packages/airflow/example_dags/example_branch_python_dop_operator_3.py took 0.077 seconds
[2025-04-27T20:30:22.268-0300] {processor.py:161} INFO - Started process (PID=15578) to work on /home/facuvega/Descargas/crypto-etl-airflow/airflow-apache/lib/python3.11/site-packages/airflow/example_dags/example_branch_python_dop_operator_3.py
[2025-04-27T20:30:22.269-0300] {processor.py:830} INFO - Processing file /home/facuvega/Descargas/crypto-etl-airflow/airflow-apache/lib/python3.11/site-packages/airflow/example_dags/example_branch_python_dop_operator_3.py for tasks to queue
[2025-04-27T20:30:22.271-0300] {logging_mixin.py:188} INFO - [2025-04-27T20:30:22.271-0300] {dagbag.py:540} INFO - Filling up the DagBag from /home/facuvega/Descargas/crypto-etl-airflow/airflow-apache/lib/python3.11/site-packages/airflow/example_dags/example_branch_python_dop_operator_3.py
[2025-04-27T20:30:22.278-0300] {processor.py:840} INFO - DAG(s) 'example_branch_dop_operator_v3' retrieved from /home/facuvega/Descargas/crypto-etl-airflow/airflow-apache/lib/python3.11/site-packages/airflow/example_dags/example_branch_python_dop_operator_3.py
[2025-04-27T20:30:22.291-0300] {logging_mixin.py:188} INFO - [2025-04-27T20:30:22.290-0300] {dag.py:3096} INFO - Sync 1 DAGs
[2025-04-27T20:30:22.307-0300] {logging_mixin.py:188} INFO - [2025-04-27T20:30:22.307-0300] {dag.py:3954} INFO - Setting next_dagrun for example_branch_dop_operator_v3 to 2025-04-27 23:29:00+00:00, run_after=2025-04-27 23:30:00+00:00
[2025-04-27T20:30:22.322-0300] {processor.py:183} INFO - Processing /home/facuvega/Descargas/crypto-etl-airflow/airflow-apache/lib/python3.11/site-packages/airflow/example_dags/example_branch_python_dop_operator_3.py took 0.060 seconds
[2025-04-27T20:31:23.269-0300] {processor.py:161} INFO - Started process (PID=15852) to work on /home/facuvega/Descargas/crypto-etl-airflow/airflow-apache/lib/python3.11/site-packages/airflow/example_dags/example_branch_python_dop_operator_3.py
[2025-04-27T20:31:23.270-0300] {processor.py:830} INFO - Processing file /home/facuvega/Descargas/crypto-etl-airflow/airflow-apache/lib/python3.11/site-packages/airflow/example_dags/example_branch_python_dop_operator_3.py for tasks to queue
[2025-04-27T20:31:23.272-0300] {logging_mixin.py:188} INFO - [2025-04-27T20:31:23.272-0300] {dagbag.py:540} INFO - Filling up the DagBag from /home/facuvega/Descargas/crypto-etl-airflow/airflow-apache/lib/python3.11/site-packages/airflow/example_dags/example_branch_python_dop_operator_3.py
[2025-04-27T20:31:23.281-0300] {processor.py:840} INFO - DAG(s) 'example_branch_dop_operator_v3' retrieved from /home/facuvega/Descargas/crypto-etl-airflow/airflow-apache/lib/python3.11/site-packages/airflow/example_dags/example_branch_python_dop_operator_3.py
[2025-04-27T20:31:23.298-0300] {logging_mixin.py:188} INFO - [2025-04-27T20:31:23.298-0300] {dag.py:3096} INFO - Sync 1 DAGs
[2025-04-27T20:31:23.319-0300] {logging_mixin.py:188} INFO - [2025-04-27T20:31:23.318-0300] {dag.py:3954} INFO - Setting next_dagrun for example_branch_dop_operator_v3 to 2025-04-27 23:30:00+00:00, run_after=2025-04-27 23:31:00+00:00
[2025-04-27T20:31:23.336-0300] {processor.py:183} INFO - Processing /home/facuvega/Descargas/crypto-etl-airflow/airflow-apache/lib/python3.11/site-packages/airflow/example_dags/example_branch_python_dop_operator_3.py took 0.072 seconds
[2025-04-27T20:32:20.265-0300] {processor.py:161} INFO - Started process (PID=16117) to work on /home/facuvega/Descargas/crypto-etl-airflow/airflow-apache/lib/python3.11/site-packages/airflow/example_dags/example_branch_python_dop_operator_3.py
[2025-04-27T20:32:20.266-0300] {processor.py:830} INFO - Processing file /home/facuvega/Descargas/crypto-etl-airflow/airflow-apache/lib/python3.11/site-packages/airflow/example_dags/example_branch_python_dop_operator_3.py for tasks to queue
[2025-04-27T20:32:20.267-0300] {logging_mixin.py:188} INFO - [2025-04-27T20:32:20.267-0300] {dagbag.py:540} INFO - Filling up the DagBag from /home/facuvega/Descargas/crypto-etl-airflow/airflow-apache/lib/python3.11/site-packages/airflow/example_dags/example_branch_python_dop_operator_3.py
[2025-04-27T20:32:20.276-0300] {processor.py:840} INFO - DAG(s) 'example_branch_dop_operator_v3' retrieved from /home/facuvega/Descargas/crypto-etl-airflow/airflow-apache/lib/python3.11/site-packages/airflow/example_dags/example_branch_python_dop_operator_3.py
[2025-04-27T20:32:20.289-0300] {logging_mixin.py:188} INFO - [2025-04-27T20:32:20.289-0300] {dag.py:3096} INFO - Sync 1 DAGs
[2025-04-27T20:32:20.306-0300] {logging_mixin.py:188} INFO - [2025-04-27T20:32:20.306-0300] {dag.py:3954} INFO - Setting next_dagrun for example_branch_dop_operator_v3 to 2025-04-27 23:31:00+00:00, run_after=2025-04-27 23:32:00+00:00
[2025-04-27T20:32:20.319-0300] {processor.py:183} INFO - Processing /home/facuvega/Descargas/crypto-etl-airflow/airflow-apache/lib/python3.11/site-packages/airflow/example_dags/example_branch_python_dop_operator_3.py took 0.059 seconds
[2025-04-27T20:33:24.559-0300] {processor.py:161} INFO - Started process (PID=16564) to work on /home/facuvega/Descargas/crypto-etl-airflow/airflow-apache/lib/python3.11/site-packages/airflow/example_dags/example_branch_python_dop_operator_3.py
[2025-04-27T20:33:24.560-0300] {processor.py:830} INFO - Processing file /home/facuvega/Descargas/crypto-etl-airflow/airflow-apache/lib/python3.11/site-packages/airflow/example_dags/example_branch_python_dop_operator_3.py for tasks to queue
[2025-04-27T20:33:24.561-0300] {logging_mixin.py:188} INFO - [2025-04-27T20:33:24.561-0300] {dagbag.py:540} INFO - Filling up the DagBag from /home/facuvega/Descargas/crypto-etl-airflow/airflow-apache/lib/python3.11/site-packages/airflow/example_dags/example_branch_python_dop_operator_3.py
[2025-04-27T20:33:24.569-0300] {processor.py:840} INFO - DAG(s) 'example_branch_dop_operator_v3' retrieved from /home/facuvega/Descargas/crypto-etl-airflow/airflow-apache/lib/python3.11/site-packages/airflow/example_dags/example_branch_python_dop_operator_3.py
[2025-04-27T20:33:24.581-0300] {logging_mixin.py:188} INFO - [2025-04-27T20:33:24.581-0300] {dag.py:3096} INFO - Sync 1 DAGs
[2025-04-27T20:33:24.597-0300] {logging_mixin.py:188} INFO - [2025-04-27T20:33:24.597-0300] {dag.py:3954} INFO - Setting next_dagrun for example_branch_dop_operator_v3 to 2025-04-27 23:32:00+00:00, run_after=2025-04-27 23:33:00+00:00
[2025-04-27T20:33:24.616-0300] {processor.py:183} INFO - Processing /home/facuvega/Descargas/crypto-etl-airflow/airflow-apache/lib/python3.11/site-packages/airflow/example_dags/example_branch_python_dop_operator_3.py took 0.062 seconds
[2025-04-27T20:34:29.220-0300] {processor.py:161} INFO - Started process (PID=16860) to work on /home/facuvega/Descargas/crypto-etl-airflow/airflow-apache/lib/python3.11/site-packages/airflow/example_dags/example_branch_python_dop_operator_3.py
[2025-04-27T20:34:29.221-0300] {processor.py:830} INFO - Processing file /home/facuvega/Descargas/crypto-etl-airflow/airflow-apache/lib/python3.11/site-packages/airflow/example_dags/example_branch_python_dop_operator_3.py for tasks to queue
[2025-04-27T20:34:29.223-0300] {logging_mixin.py:188} INFO - [2025-04-27T20:34:29.222-0300] {dagbag.py:540} INFO - Filling up the DagBag from /home/facuvega/Descargas/crypto-etl-airflow/airflow-apache/lib/python3.11/site-packages/airflow/example_dags/example_branch_python_dop_operator_3.py
[2025-04-27T20:34:29.230-0300] {processor.py:840} INFO - DAG(s) 'example_branch_dop_operator_v3' retrieved from /home/facuvega/Descargas/crypto-etl-airflow/airflow-apache/lib/python3.11/site-packages/airflow/example_dags/example_branch_python_dop_operator_3.py
[2025-04-27T20:34:29.244-0300] {logging_mixin.py:188} INFO - [2025-04-27T20:34:29.244-0300] {dag.py:3096} INFO - Sync 1 DAGs
[2025-04-27T20:34:29.263-0300] {logging_mixin.py:188} INFO - [2025-04-27T20:34:29.263-0300] {dag.py:3954} INFO - Setting next_dagrun for example_branch_dop_operator_v3 to 2025-04-27 23:33:00+00:00, run_after=2025-04-27 23:34:00+00:00
[2025-04-27T20:34:29.278-0300] {processor.py:183} INFO - Processing /home/facuvega/Descargas/crypto-etl-airflow/airflow-apache/lib/python3.11/site-packages/airflow/example_dags/example_branch_python_dop_operator_3.py took 0.063 seconds
[2025-04-27T20:35:34.043-0300] {processor.py:161} INFO - Started process (PID=17210) to work on /home/facuvega/Descargas/crypto-etl-airflow/airflow-apache/lib/python3.11/site-packages/airflow/example_dags/example_branch_python_dop_operator_3.py
[2025-04-27T20:35:34.044-0300] {processor.py:830} INFO - Processing file /home/facuvega/Descargas/crypto-etl-airflow/airflow-apache/lib/python3.11/site-packages/airflow/example_dags/example_branch_python_dop_operator_3.py for tasks to queue
[2025-04-27T20:35:34.046-0300] {logging_mixin.py:188} INFO - [2025-04-27T20:35:34.045-0300] {dagbag.py:540} INFO - Filling up the DagBag from /home/facuvega/Descargas/crypto-etl-airflow/airflow-apache/lib/python3.11/site-packages/airflow/example_dags/example_branch_python_dop_operator_3.py
[2025-04-27T20:35:34.054-0300] {processor.py:840} INFO - DAG(s) 'example_branch_dop_operator_v3' retrieved from /home/facuvega/Descargas/crypto-etl-airflow/airflow-apache/lib/python3.11/site-packages/airflow/example_dags/example_branch_python_dop_operator_3.py
[2025-04-27T20:35:34.067-0300] {logging_mixin.py:188} INFO - [2025-04-27T20:35:34.067-0300] {dag.py:3096} INFO - Sync 1 DAGs
[2025-04-27T20:35:34.085-0300] {logging_mixin.py:188} INFO - [2025-04-27T20:35:34.085-0300] {dag.py:3954} INFO - Setting next_dagrun for example_branch_dop_operator_v3 to 2025-04-27 23:34:00+00:00, run_after=2025-04-27 23:35:00+00:00
[2025-04-27T20:35:34.101-0300] {processor.py:183} INFO - Processing /home/facuvega/Descargas/crypto-etl-airflow/airflow-apache/lib/python3.11/site-packages/airflow/example_dags/example_branch_python_dop_operator_3.py took 0.063 seconds
[2025-04-27T20:36:33.618-0300] {processor.py:161} INFO - Started process (PID=17476) to work on /home/facuvega/Descargas/crypto-etl-airflow/airflow-apache/lib/python3.11/site-packages/airflow/example_dags/example_branch_python_dop_operator_3.py
[2025-04-27T20:36:33.619-0300] {processor.py:830} INFO - Processing file /home/facuvega/Descargas/crypto-etl-airflow/airflow-apache/lib/python3.11/site-packages/airflow/example_dags/example_branch_python_dop_operator_3.py for tasks to queue
[2025-04-27T20:36:33.621-0300] {logging_mixin.py:188} INFO - [2025-04-27T20:36:33.620-0300] {dagbag.py:540} INFO - Filling up the DagBag from /home/facuvega/Descargas/crypto-etl-airflow/airflow-apache/lib/python3.11/site-packages/airflow/example_dags/example_branch_python_dop_operator_3.py
[2025-04-27T20:36:33.630-0300] {processor.py:840} INFO - DAG(s) 'example_branch_dop_operator_v3' retrieved from /home/facuvega/Descargas/crypto-etl-airflow/airflow-apache/lib/python3.11/site-packages/airflow/example_dags/example_branch_python_dop_operator_3.py
[2025-04-27T20:36:33.646-0300] {logging_mixin.py:188} INFO - [2025-04-27T20:36:33.646-0300] {dag.py:3096} INFO - Sync 1 DAGs
[2025-04-27T20:36:33.667-0300] {logging_mixin.py:188} INFO - [2025-04-27T20:36:33.666-0300] {dag.py:3954} INFO - Setting next_dagrun for example_branch_dop_operator_v3 to 2025-04-27 23:35:00+00:00, run_after=2025-04-27 23:36:00+00:00
[2025-04-27T20:36:33.684-0300] {processor.py:183} INFO - Processing /home/facuvega/Descargas/crypto-etl-airflow/airflow-apache/lib/python3.11/site-packages/airflow/example_dags/example_branch_python_dop_operator_3.py took 0.072 seconds
[2025-04-27T20:37:33.162-0300] {processor.py:161} INFO - Started process (PID=17749) to work on /home/facuvega/Descargas/crypto-etl-airflow/airflow-apache/lib/python3.11/site-packages/airflow/example_dags/example_branch_python_dop_operator_3.py
[2025-04-27T20:37:33.163-0300] {processor.py:830} INFO - Processing file /home/facuvega/Descargas/crypto-etl-airflow/airflow-apache/lib/python3.11/site-packages/airflow/example_dags/example_branch_python_dop_operator_3.py for tasks to queue
[2025-04-27T20:37:33.165-0300] {logging_mixin.py:188} INFO - [2025-04-27T20:37:33.164-0300] {dagbag.py:540} INFO - Filling up the DagBag from /home/facuvega/Descargas/crypto-etl-airflow/airflow-apache/lib/python3.11/site-packages/airflow/example_dags/example_branch_python_dop_operator_3.py
[2025-04-27T20:37:33.172-0300] {processor.py:840} INFO - DAG(s) 'example_branch_dop_operator_v3' retrieved from /home/facuvega/Descargas/crypto-etl-airflow/airflow-apache/lib/python3.11/site-packages/airflow/example_dags/example_branch_python_dop_operator_3.py
[2025-04-27T20:37:33.186-0300] {logging_mixin.py:188} INFO - [2025-04-27T20:37:33.186-0300] {dag.py:3096} INFO - Sync 1 DAGs
[2025-04-27T20:37:33.204-0300] {logging_mixin.py:188} INFO - [2025-04-27T20:37:33.204-0300] {dag.py:3954} INFO - Setting next_dagrun for example_branch_dop_operator_v3 to 2025-04-27 23:36:00+00:00, run_after=2025-04-27 23:37:00+00:00
[2025-04-27T20:37:33.219-0300] {processor.py:183} INFO - Processing /home/facuvega/Descargas/crypto-etl-airflow/airflow-apache/lib/python3.11/site-packages/airflow/example_dags/example_branch_python_dop_operator_3.py took 0.062 seconds
[2025-04-27T20:38:35.217-0300] {processor.py:161} INFO - Started process (PID=18023) to work on /home/facuvega/Descargas/crypto-etl-airflow/airflow-apache/lib/python3.11/site-packages/airflow/example_dags/example_branch_python_dop_operator_3.py
[2025-04-27T20:38:35.218-0300] {processor.py:830} INFO - Processing file /home/facuvega/Descargas/crypto-etl-airflow/airflow-apache/lib/python3.11/site-packages/airflow/example_dags/example_branch_python_dop_operator_3.py for tasks to queue
[2025-04-27T20:38:35.220-0300] {logging_mixin.py:188} INFO - [2025-04-27T20:38:35.219-0300] {dagbag.py:540} INFO - Filling up the DagBag from /home/facuvega/Descargas/crypto-etl-airflow/airflow-apache/lib/python3.11/site-packages/airflow/example_dags/example_branch_python_dop_operator_3.py
[2025-04-27T20:38:35.227-0300] {processor.py:840} INFO - DAG(s) 'example_branch_dop_operator_v3' retrieved from /home/facuvega/Descargas/crypto-etl-airflow/airflow-apache/lib/python3.11/site-packages/airflow/example_dags/example_branch_python_dop_operator_3.py
[2025-04-27T20:38:35.242-0300] {logging_mixin.py:188} INFO - [2025-04-27T20:38:35.241-0300] {dag.py:3096} INFO - Sync 1 DAGs
[2025-04-27T20:38:35.265-0300] {logging_mixin.py:188} INFO - [2025-04-27T20:38:35.264-0300] {dag.py:3954} INFO - Setting next_dagrun for example_branch_dop_operator_v3 to 2025-04-27 23:37:00+00:00, run_after=2025-04-27 23:38:00+00:00
[2025-04-27T20:38:35.283-0300] {processor.py:183} INFO - Processing /home/facuvega/Descargas/crypto-etl-airflow/airflow-apache/lib/python3.11/site-packages/airflow/example_dags/example_branch_python_dop_operator_3.py took 0.072 seconds
[2025-04-27T20:39:34.090-0300] {processor.py:161} INFO - Started process (PID=18420) to work on /home/facuvega/Descargas/crypto-etl-airflow/airflow-apache/lib/python3.11/site-packages/airflow/example_dags/example_branch_python_dop_operator_3.py
[2025-04-27T20:39:34.091-0300] {processor.py:830} INFO - Processing file /home/facuvega/Descargas/crypto-etl-airflow/airflow-apache/lib/python3.11/site-packages/airflow/example_dags/example_branch_python_dop_operator_3.py for tasks to queue
[2025-04-27T20:39:34.092-0300] {logging_mixin.py:188} INFO - [2025-04-27T20:39:34.092-0300] {dagbag.py:540} INFO - Filling up the DagBag from /home/facuvega/Descargas/crypto-etl-airflow/airflow-apache/lib/python3.11/site-packages/airflow/example_dags/example_branch_python_dop_operator_3.py
[2025-04-27T20:39:34.102-0300] {processor.py:840} INFO - DAG(s) 'example_branch_dop_operator_v3' retrieved from /home/facuvega/Descargas/crypto-etl-airflow/airflow-apache/lib/python3.11/site-packages/airflow/example_dags/example_branch_python_dop_operator_3.py
[2025-04-27T20:39:34.116-0300] {logging_mixin.py:188} INFO - [2025-04-27T20:39:34.116-0300] {dag.py:3096} INFO - Sync 1 DAGs
[2025-04-27T20:39:34.133-0300] {logging_mixin.py:188} INFO - [2025-04-27T20:39:34.133-0300] {dag.py:3954} INFO - Setting next_dagrun for example_branch_dop_operator_v3 to 2025-04-27 23:38:00+00:00, run_after=2025-04-27 23:39:00+00:00
[2025-04-27T20:39:34.152-0300] {processor.py:183} INFO - Processing /home/facuvega/Descargas/crypto-etl-airflow/airflow-apache/lib/python3.11/site-packages/airflow/example_dags/example_branch_python_dop_operator_3.py took 0.068 seconds
[2025-04-27T20:40:37.873-0300] {processor.py:161} INFO - Started process (PID=18740) to work on /home/facuvega/Descargas/crypto-etl-airflow/airflow-apache/lib/python3.11/site-packages/airflow/example_dags/example_branch_python_dop_operator_3.py
[2025-04-27T20:40:37.874-0300] {processor.py:830} INFO - Processing file /home/facuvega/Descargas/crypto-etl-airflow/airflow-apache/lib/python3.11/site-packages/airflow/example_dags/example_branch_python_dop_operator_3.py for tasks to queue
[2025-04-27T20:40:37.875-0300] {logging_mixin.py:188} INFO - [2025-04-27T20:40:37.875-0300] {dagbag.py:540} INFO - Filling up the DagBag from /home/facuvega/Descargas/crypto-etl-airflow/airflow-apache/lib/python3.11/site-packages/airflow/example_dags/example_branch_python_dop_operator_3.py
[2025-04-27T20:40:37.885-0300] {processor.py:840} INFO - DAG(s) 'example_branch_dop_operator_v3' retrieved from /home/facuvega/Descargas/crypto-etl-airflow/airflow-apache/lib/python3.11/site-packages/airflow/example_dags/example_branch_python_dop_operator_3.py
[2025-04-27T20:40:37.900-0300] {logging_mixin.py:188} INFO - [2025-04-27T20:40:37.900-0300] {dag.py:3096} INFO - Sync 1 DAGs
[2025-04-27T20:40:37.919-0300] {logging_mixin.py:188} INFO - [2025-04-27T20:40:37.919-0300] {dag.py:3954} INFO - Setting next_dagrun for example_branch_dop_operator_v3 to 2025-04-27 23:39:00+00:00, run_after=2025-04-27 23:40:00+00:00
[2025-04-27T20:40:37.936-0300] {processor.py:183} INFO - Processing /home/facuvega/Descargas/crypto-etl-airflow/airflow-apache/lib/python3.11/site-packages/airflow/example_dags/example_branch_python_dop_operator_3.py took 0.069 seconds
[2025-04-27T20:41:42.320-0300] {processor.py:161} INFO - Started process (PID=19030) to work on /home/facuvega/Descargas/crypto-etl-airflow/airflow-apache/lib/python3.11/site-packages/airflow/example_dags/example_branch_python_dop_operator_3.py
[2025-04-27T20:41:42.321-0300] {processor.py:830} INFO - Processing file /home/facuvega/Descargas/crypto-etl-airflow/airflow-apache/lib/python3.11/site-packages/airflow/example_dags/example_branch_python_dop_operator_3.py for tasks to queue
[2025-04-27T20:41:42.322-0300] {logging_mixin.py:188} INFO - [2025-04-27T20:41:42.322-0300] {dagbag.py:540} INFO - Filling up the DagBag from /home/facuvega/Descargas/crypto-etl-airflow/airflow-apache/lib/python3.11/site-packages/airflow/example_dags/example_branch_python_dop_operator_3.py
[2025-04-27T20:41:42.331-0300] {processor.py:840} INFO - DAG(s) 'example_branch_dop_operator_v3' retrieved from /home/facuvega/Descargas/crypto-etl-airflow/airflow-apache/lib/python3.11/site-packages/airflow/example_dags/example_branch_python_dop_operator_3.py
[2025-04-27T20:41:42.345-0300] {logging_mixin.py:188} INFO - [2025-04-27T20:41:42.344-0300] {dag.py:3096} INFO - Sync 1 DAGs
[2025-04-27T20:41:42.374-0300] {logging_mixin.py:188} INFO - [2025-04-27T20:41:42.374-0300] {dag.py:3954} INFO - Setting next_dagrun for example_branch_dop_operator_v3 to 2025-04-27 23:40:00+00:00, run_after=2025-04-27 23:41:00+00:00
[2025-04-27T20:41:42.390-0300] {processor.py:183} INFO - Processing /home/facuvega/Descargas/crypto-etl-airflow/airflow-apache/lib/python3.11/site-packages/airflow/example_dags/example_branch_python_dop_operator_3.py took 0.077 seconds
[2025-04-27T20:42:41.245-0300] {processor.py:161} INFO - Started process (PID=19299) to work on /home/facuvega/Descargas/crypto-etl-airflow/airflow-apache/lib/python3.11/site-packages/airflow/example_dags/example_branch_python_dop_operator_3.py
[2025-04-27T20:42:41.246-0300] {processor.py:830} INFO - Processing file /home/facuvega/Descargas/crypto-etl-airflow/airflow-apache/lib/python3.11/site-packages/airflow/example_dags/example_branch_python_dop_operator_3.py for tasks to queue
[2025-04-27T20:42:41.248-0300] {logging_mixin.py:188} INFO - [2025-04-27T20:42:41.248-0300] {dagbag.py:540} INFO - Filling up the DagBag from /home/facuvega/Descargas/crypto-etl-airflow/airflow-apache/lib/python3.11/site-packages/airflow/example_dags/example_branch_python_dop_operator_3.py
[2025-04-27T20:42:41.256-0300] {processor.py:840} INFO - DAG(s) 'example_branch_dop_operator_v3' retrieved from /home/facuvega/Descargas/crypto-etl-airflow/airflow-apache/lib/python3.11/site-packages/airflow/example_dags/example_branch_python_dop_operator_3.py
[2025-04-27T20:42:41.271-0300] {logging_mixin.py:188} INFO - [2025-04-27T20:42:41.270-0300] {dag.py:3096} INFO - Sync 1 DAGs
[2025-04-27T20:42:41.288-0300] {logging_mixin.py:188} INFO - [2025-04-27T20:42:41.288-0300] {dag.py:3954} INFO - Setting next_dagrun for example_branch_dop_operator_v3 to 2025-04-27 23:41:00+00:00, run_after=2025-04-27 23:42:00+00:00
[2025-04-27T20:42:41.304-0300] {processor.py:183} INFO - Processing /home/facuvega/Descargas/crypto-etl-airflow/airflow-apache/lib/python3.11/site-packages/airflow/example_dags/example_branch_python_dop_operator_3.py took 0.065 seconds
[2025-04-27T20:43:42.463-0300] {processor.py:161} INFO - Started process (PID=19581) to work on /home/facuvega/Descargas/crypto-etl-airflow/airflow-apache/lib/python3.11/site-packages/airflow/example_dags/example_branch_python_dop_operator_3.py
[2025-04-27T20:43:42.464-0300] {processor.py:830} INFO - Processing file /home/facuvega/Descargas/crypto-etl-airflow/airflow-apache/lib/python3.11/site-packages/airflow/example_dags/example_branch_python_dop_operator_3.py for tasks to queue
[2025-04-27T20:43:42.466-0300] {logging_mixin.py:188} INFO - [2025-04-27T20:43:42.465-0300] {dagbag.py:540} INFO - Filling up the DagBag from /home/facuvega/Descargas/crypto-etl-airflow/airflow-apache/lib/python3.11/site-packages/airflow/example_dags/example_branch_python_dop_operator_3.py
[2025-04-27T20:43:42.473-0300] {processor.py:840} INFO - DAG(s) 'example_branch_dop_operator_v3' retrieved from /home/facuvega/Descargas/crypto-etl-airflow/airflow-apache/lib/python3.11/site-packages/airflow/example_dags/example_branch_python_dop_operator_3.py
[2025-04-27T20:43:42.487-0300] {logging_mixin.py:188} INFO - [2025-04-27T20:43:42.487-0300] {dag.py:3096} INFO - Sync 1 DAGs
[2025-04-27T20:43:42.505-0300] {logging_mixin.py:188} INFO - [2025-04-27T20:43:42.505-0300] {dag.py:3954} INFO - Setting next_dagrun for example_branch_dop_operator_v3 to 2025-04-27 23:42:00+00:00, run_after=2025-04-27 23:43:00+00:00
[2025-04-27T20:43:42.519-0300] {processor.py:183} INFO - Processing /home/facuvega/Descargas/crypto-etl-airflow/airflow-apache/lib/python3.11/site-packages/airflow/example_dags/example_branch_python_dop_operator_3.py took 0.061 seconds
[2025-04-27T20:44:40.320-0300] {processor.py:161} INFO - Started process (PID=19846) to work on /home/facuvega/Descargas/crypto-etl-airflow/airflow-apache/lib/python3.11/site-packages/airflow/example_dags/example_branch_python_dop_operator_3.py
[2025-04-27T20:44:40.321-0300] {processor.py:830} INFO - Processing file /home/facuvega/Descargas/crypto-etl-airflow/airflow-apache/lib/python3.11/site-packages/airflow/example_dags/example_branch_python_dop_operator_3.py for tasks to queue
[2025-04-27T20:44:40.324-0300] {logging_mixin.py:188} INFO - [2025-04-27T20:44:40.323-0300] {dagbag.py:540} INFO - Filling up the DagBag from /home/facuvega/Descargas/crypto-etl-airflow/airflow-apache/lib/python3.11/site-packages/airflow/example_dags/example_branch_python_dop_operator_3.py
[2025-04-27T20:44:40.332-0300] {processor.py:840} INFO - DAG(s) 'example_branch_dop_operator_v3' retrieved from /home/facuvega/Descargas/crypto-etl-airflow/airflow-apache/lib/python3.11/site-packages/airflow/example_dags/example_branch_python_dop_operator_3.py
[2025-04-27T20:44:40.349-0300] {logging_mixin.py:188} INFO - [2025-04-27T20:44:40.348-0300] {dag.py:3096} INFO - Sync 1 DAGs
[2025-04-27T20:44:40.368-0300] {logging_mixin.py:188} INFO - [2025-04-27T20:44:40.368-0300] {dag.py:3954} INFO - Setting next_dagrun for example_branch_dop_operator_v3 to 2025-04-27 23:43:00+00:00, run_after=2025-04-27 23:44:00+00:00
[2025-04-27T20:44:40.384-0300] {processor.py:183} INFO - Processing /home/facuvega/Descargas/crypto-etl-airflow/airflow-apache/lib/python3.11/site-packages/airflow/example_dags/example_branch_python_dop_operator_3.py took 0.069 seconds
[2025-04-27T20:45:41.166-0300] {processor.py:161} INFO - Started process (PID=20157) to work on /home/facuvega/Descargas/crypto-etl-airflow/airflow-apache/lib/python3.11/site-packages/airflow/example_dags/example_branch_python_dop_operator_3.py
[2025-04-27T20:45:41.166-0300] {processor.py:830} INFO - Processing file /home/facuvega/Descargas/crypto-etl-airflow/airflow-apache/lib/python3.11/site-packages/airflow/example_dags/example_branch_python_dop_operator_3.py for tasks to queue
[2025-04-27T20:45:41.168-0300] {logging_mixin.py:188} INFO - [2025-04-27T20:45:41.168-0300] {dagbag.py:540} INFO - Filling up the DagBag from /home/facuvega/Descargas/crypto-etl-airflow/airflow-apache/lib/python3.11/site-packages/airflow/example_dags/example_branch_python_dop_operator_3.py
[2025-04-27T20:45:41.176-0300] {processor.py:840} INFO - DAG(s) 'example_branch_dop_operator_v3' retrieved from /home/facuvega/Descargas/crypto-etl-airflow/airflow-apache/lib/python3.11/site-packages/airflow/example_dags/example_branch_python_dop_operator_3.py
[2025-04-27T20:45:41.189-0300] {logging_mixin.py:188} INFO - [2025-04-27T20:45:41.189-0300] {dag.py:3096} INFO - Sync 1 DAGs
[2025-04-27T20:45:41.207-0300] {logging_mixin.py:188} INFO - [2025-04-27T20:45:41.207-0300] {dag.py:3954} INFO - Setting next_dagrun for example_branch_dop_operator_v3 to 2025-04-27 23:44:00+00:00, run_after=2025-04-27 23:45:00+00:00
[2025-04-27T20:45:41.222-0300] {processor.py:183} INFO - Processing /home/facuvega/Descargas/crypto-etl-airflow/airflow-apache/lib/python3.11/site-packages/airflow/example_dags/example_branch_python_dop_operator_3.py took 0.063 seconds
[2025-04-27T20:46:38.147-0300] {processor.py:161} INFO - Started process (PID=20414) to work on /home/facuvega/Descargas/crypto-etl-airflow/airflow-apache/lib/python3.11/site-packages/airflow/example_dags/example_branch_python_dop_operator_3.py
[2025-04-27T20:46:38.148-0300] {processor.py:830} INFO - Processing file /home/facuvega/Descargas/crypto-etl-airflow/airflow-apache/lib/python3.11/site-packages/airflow/example_dags/example_branch_python_dop_operator_3.py for tasks to queue
[2025-04-27T20:46:38.151-0300] {logging_mixin.py:188} INFO - [2025-04-27T20:46:38.150-0300] {dagbag.py:540} INFO - Filling up the DagBag from /home/facuvega/Descargas/crypto-etl-airflow/airflow-apache/lib/python3.11/site-packages/airflow/example_dags/example_branch_python_dop_operator_3.py
[2025-04-27T20:46:38.159-0300] {processor.py:840} INFO - DAG(s) 'example_branch_dop_operator_v3' retrieved from /home/facuvega/Descargas/crypto-etl-airflow/airflow-apache/lib/python3.11/site-packages/airflow/example_dags/example_branch_python_dop_operator_3.py
[2025-04-27T20:46:38.173-0300] {logging_mixin.py:188} INFO - [2025-04-27T20:46:38.173-0300] {dag.py:3096} INFO - Sync 1 DAGs
[2025-04-27T20:46:38.192-0300] {logging_mixin.py:188} INFO - [2025-04-27T20:46:38.192-0300] {dag.py:3954} INFO - Setting next_dagrun for example_branch_dop_operator_v3 to 2025-04-27 23:45:00+00:00, run_after=2025-04-27 23:46:00+00:00
[2025-04-27T20:46:38.210-0300] {processor.py:183} INFO - Processing /home/facuvega/Descargas/crypto-etl-airflow/airflow-apache/lib/python3.11/site-packages/airflow/example_dags/example_branch_python_dop_operator_3.py took 0.068 seconds
[2025-04-27T20:47:38.630-0300] {processor.py:161} INFO - Started process (PID=20882) to work on /home/facuvega/Descargas/crypto-etl-airflow/airflow-apache/lib/python3.11/site-packages/airflow/example_dags/example_branch_python_dop_operator_3.py
[2025-04-27T20:47:38.631-0300] {processor.py:830} INFO - Processing file /home/facuvega/Descargas/crypto-etl-airflow/airflow-apache/lib/python3.11/site-packages/airflow/example_dags/example_branch_python_dop_operator_3.py for tasks to queue
[2025-04-27T20:47:38.633-0300] {logging_mixin.py:188} INFO - [2025-04-27T20:47:38.633-0300] {dagbag.py:540} INFO - Filling up the DagBag from /home/facuvega/Descargas/crypto-etl-airflow/airflow-apache/lib/python3.11/site-packages/airflow/example_dags/example_branch_python_dop_operator_3.py
[2025-04-27T20:47:38.644-0300] {processor.py:840} INFO - DAG(s) 'example_branch_dop_operator_v3' retrieved from /home/facuvega/Descargas/crypto-etl-airflow/airflow-apache/lib/python3.11/site-packages/airflow/example_dags/example_branch_python_dop_operator_3.py
[2025-04-27T20:47:38.661-0300] {logging_mixin.py:188} INFO - [2025-04-27T20:47:38.660-0300] {dag.py:3096} INFO - Sync 1 DAGs
[2025-04-27T20:47:38.687-0300] {logging_mixin.py:188} INFO - [2025-04-27T20:47:38.687-0300] {dag.py:3954} INFO - Setting next_dagrun for example_branch_dop_operator_v3 to 2025-04-27 23:46:00+00:00, run_after=2025-04-27 23:47:00+00:00
[2025-04-27T20:47:38.701-0300] {processor.py:183} INFO - Processing /home/facuvega/Descargas/crypto-etl-airflow/airflow-apache/lib/python3.11/site-packages/airflow/example_dags/example_branch_python_dop_operator_3.py took 0.076 seconds
[2025-04-27T20:48:39.401-0300] {processor.py:161} INFO - Started process (PID=21237) to work on /home/facuvega/Descargas/crypto-etl-airflow/airflow-apache/lib/python3.11/site-packages/airflow/example_dags/example_branch_python_dop_operator_3.py
[2025-04-27T20:48:39.402-0300] {processor.py:830} INFO - Processing file /home/facuvega/Descargas/crypto-etl-airflow/airflow-apache/lib/python3.11/site-packages/airflow/example_dags/example_branch_python_dop_operator_3.py for tasks to queue
[2025-04-27T20:48:39.404-0300] {logging_mixin.py:188} INFO - [2025-04-27T20:48:39.403-0300] {dagbag.py:540} INFO - Filling up the DagBag from /home/facuvega/Descargas/crypto-etl-airflow/airflow-apache/lib/python3.11/site-packages/airflow/example_dags/example_branch_python_dop_operator_3.py
[2025-04-27T20:48:39.412-0300] {processor.py:840} INFO - DAG(s) 'example_branch_dop_operator_v3' retrieved from /home/facuvega/Descargas/crypto-etl-airflow/airflow-apache/lib/python3.11/site-packages/airflow/example_dags/example_branch_python_dop_operator_3.py
[2025-04-27T20:48:39.429-0300] {logging_mixin.py:188} INFO - [2025-04-27T20:48:39.429-0300] {dag.py:3096} INFO - Sync 1 DAGs
[2025-04-27T20:48:39.448-0300] {logging_mixin.py:188} INFO - [2025-04-27T20:48:39.447-0300] {dag.py:3954} INFO - Setting next_dagrun for example_branch_dop_operator_v3 to 2025-04-27 23:47:00+00:00, run_after=2025-04-27 23:48:00+00:00
[2025-04-27T20:48:39.462-0300] {processor.py:183} INFO - Processing /home/facuvega/Descargas/crypto-etl-airflow/airflow-apache/lib/python3.11/site-packages/airflow/example_dags/example_branch_python_dop_operator_3.py took 0.066 seconds
[2025-04-27T20:49:47.486-0300] {processor.py:161} INFO - Started process (PID=21722) to work on /home/facuvega/Descargas/crypto-etl-airflow/airflow-apache/lib/python3.11/site-packages/airflow/example_dags/example_branch_python_dop_operator_3.py
[2025-04-27T20:49:47.487-0300] {processor.py:830} INFO - Processing file /home/facuvega/Descargas/crypto-etl-airflow/airflow-apache/lib/python3.11/site-packages/airflow/example_dags/example_branch_python_dop_operator_3.py for tasks to queue
[2025-04-27T20:49:47.490-0300] {logging_mixin.py:188} INFO - [2025-04-27T20:49:47.489-0300] {dagbag.py:540} INFO - Filling up the DagBag from /home/facuvega/Descargas/crypto-etl-airflow/airflow-apache/lib/python3.11/site-packages/airflow/example_dags/example_branch_python_dop_operator_3.py
[2025-04-27T20:49:47.506-0300] {processor.py:840} INFO - DAG(s) 'example_branch_dop_operator_v3' retrieved from /home/facuvega/Descargas/crypto-etl-airflow/airflow-apache/lib/python3.11/site-packages/airflow/example_dags/example_branch_python_dop_operator_3.py
[2025-04-27T20:49:47.520-0300] {logging_mixin.py:188} INFO - [2025-04-27T20:49:47.520-0300] {dag.py:3096} INFO - Sync 1 DAGs
[2025-04-27T20:49:47.544-0300] {logging_mixin.py:188} INFO - [2025-04-27T20:49:47.544-0300] {dag.py:3954} INFO - Setting next_dagrun for example_branch_dop_operator_v3 to 2025-04-27 23:48:00+00:00, run_after=2025-04-27 23:49:00+00:00
[2025-04-27T20:49:47.566-0300] {processor.py:183} INFO - Processing /home/facuvega/Descargas/crypto-etl-airflow/airflow-apache/lib/python3.11/site-packages/airflow/example_dags/example_branch_python_dop_operator_3.py took 0.096 seconds
[2025-04-27T20:50:53.129-0300] {processor.py:161} INFO - Started process (PID=22066) to work on /home/facuvega/Descargas/crypto-etl-airflow/airflow-apache/lib/python3.11/site-packages/airflow/example_dags/example_branch_python_dop_operator_3.py
[2025-04-27T20:50:53.130-0300] {processor.py:830} INFO - Processing file /home/facuvega/Descargas/crypto-etl-airflow/airflow-apache/lib/python3.11/site-packages/airflow/example_dags/example_branch_python_dop_operator_3.py for tasks to queue
[2025-04-27T20:50:53.132-0300] {logging_mixin.py:188} INFO - [2025-04-27T20:50:53.131-0300] {dagbag.py:540} INFO - Filling up the DagBag from /home/facuvega/Descargas/crypto-etl-airflow/airflow-apache/lib/python3.11/site-packages/airflow/example_dags/example_branch_python_dop_operator_3.py
[2025-04-27T20:50:53.140-0300] {processor.py:840} INFO - DAG(s) 'example_branch_dop_operator_v3' retrieved from /home/facuvega/Descargas/crypto-etl-airflow/airflow-apache/lib/python3.11/site-packages/airflow/example_dags/example_branch_python_dop_operator_3.py
[2025-04-27T20:50:53.155-0300] {logging_mixin.py:188} INFO - [2025-04-27T20:50:53.155-0300] {dag.py:3096} INFO - Sync 1 DAGs
[2025-04-27T20:50:53.171-0300] {logging_mixin.py:188} INFO - [2025-04-27T20:50:53.171-0300] {dag.py:3954} INFO - Setting next_dagrun for example_branch_dop_operator_v3 to 2025-04-27 23:49:00+00:00, run_after=2025-04-27 23:50:00+00:00
[2025-04-27T20:50:53.187-0300] {processor.py:183} INFO - Processing /home/facuvega/Descargas/crypto-etl-airflow/airflow-apache/lib/python3.11/site-packages/airflow/example_dags/example_branch_python_dop_operator_3.py took 0.063 seconds
