[2025-04-27T20:10:30.139-0300] {processor.py:161} INFO - Started process (PID=9535) to work on /home/facuvega/Descargas/crypto-etl-airflow/airflow-apache/lib/python3.11/site-packages/airflow/example_dags/example_complex.py
[2025-04-27T20:10:30.140-0300] {processor.py:830} INFO - Processing file /home/facuvega/Descargas/crypto-etl-airflow/airflow-apache/lib/python3.11/site-packages/airflow/example_dags/example_complex.py for tasks to queue
[2025-04-27T20:10:30.143-0300] {logging_mixin.py:188} INFO - [2025-04-27T20:10:30.142-0300] {dagbag.py:540} INFO - Filling up the DagBag from /home/facuvega/Descargas/crypto-etl-airflow/airflow-apache/lib/python3.11/site-packages/airflow/example_dags/example_complex.py
[2025-04-27T20:10:30.157-0300] {processor.py:840} INFO - DAG(s) 'example_complex' retrieved from /home/facuvega/Descargas/crypto-etl-airflow/airflow-apache/lib/python3.11/site-packages/airflow/example_dags/example_complex.py
[2025-04-27T20:10:30.476-0300] {logging_mixin.py:188} INFO - [2025-04-27T20:10:30.475-0300] {override.py:1829} INFO - Created Permission View: can edit on DAG:example_complex
[2025-04-27T20:10:30.486-0300] {logging_mixin.py:188} INFO - [2025-04-27T20:10:30.485-0300] {override.py:1829} INFO - Created Permission View: can delete on DAG:example_complex
[2025-04-27T20:10:30.492-0300] {logging_mixin.py:188} INFO - [2025-04-27T20:10:30.492-0300] {override.py:1829} INFO - Created Permission View: can read on DAG:example_complex
[2025-04-27T20:10:30.493-0300] {logging_mixin.py:188} INFO - [2025-04-27T20:10:30.493-0300] {dag.py:3096} INFO - Sync 1 DAGs
[2025-04-27T20:10:30.503-0300] {logging_mixin.py:188} INFO - [2025-04-27T20:10:30.503-0300] {dag.py:3118} INFO - Creating ORM DAG for example_complex
[2025-04-27T20:10:30.504-0300] {logging_mixin.py:188} INFO - [2025-04-27T20:10:30.503-0300] {dag.py:3954} INFO - Setting next_dagrun for example_complex to None, run_after=None
[2025-04-27T20:10:30.527-0300] {processor.py:183} INFO - Processing /home/facuvega/Descargas/crypto-etl-airflow/airflow-apache/lib/python3.11/site-packages/airflow/example_dags/example_complex.py took 0.398 seconds
[2025-04-27T20:11:26.629-0300] {processor.py:161} INFO - Started process (PID=9935) to work on /home/facuvega/Descargas/crypto-etl-airflow/airflow-apache/lib/python3.11/site-packages/airflow/example_dags/example_complex.py
[2025-04-27T20:11:26.630-0300] {processor.py:830} INFO - Processing file /home/facuvega/Descargas/crypto-etl-airflow/airflow-apache/lib/python3.11/site-packages/airflow/example_dags/example_complex.py for tasks to queue
[2025-04-27T20:11:26.633-0300] {logging_mixin.py:188} INFO - [2025-04-27T20:11:26.631-0300] {dagbag.py:540} INFO - Filling up the DagBag from /home/facuvega/Descargas/crypto-etl-airflow/airflow-apache/lib/python3.11/site-packages/airflow/example_dags/example_complex.py
[2025-04-27T20:11:26.650-0300] {processor.py:840} INFO - DAG(s) 'example_complex' retrieved from /home/facuvega/Descargas/crypto-etl-airflow/airflow-apache/lib/python3.11/site-packages/airflow/example_dags/example_complex.py
[2025-04-27T20:11:26.674-0300] {logging_mixin.py:188} INFO - [2025-04-27T20:11:26.673-0300] {dag.py:3096} INFO - Sync 1 DAGs
[2025-04-27T20:11:26.685-0300] {logging_mixin.py:188} INFO - [2025-04-27T20:11:26.685-0300] {dag.py:3954} INFO - Setting next_dagrun for example_complex to None, run_after=None
[2025-04-27T20:11:26.702-0300] {processor.py:183} INFO - Processing /home/facuvega/Descargas/crypto-etl-airflow/airflow-apache/lib/python3.11/site-packages/airflow/example_dags/example_complex.py took 0.078 seconds
[2025-04-27T20:12:16.197-0300] {processor.py:161} INFO - Started process (PID=10268) to work on /home/facuvega/Descargas/crypto-etl-airflow/airflow-apache/lib/python3.11/site-packages/airflow/example_dags/example_complex.py
[2025-04-27T20:12:16.198-0300] {processor.py:830} INFO - Processing file /home/facuvega/Descargas/crypto-etl-airflow/airflow-apache/lib/python3.11/site-packages/airflow/example_dags/example_complex.py for tasks to queue
[2025-04-27T20:12:16.200-0300] {logging_mixin.py:188} INFO - [2025-04-27T20:12:16.200-0300] {dagbag.py:540} INFO - Filling up the DagBag from /home/facuvega/Descargas/crypto-etl-airflow/airflow-apache/lib/python3.11/site-packages/airflow/example_dags/example_complex.py
[2025-04-27T20:12:16.216-0300] {processor.py:840} INFO - DAG(s) 'example_complex' retrieved from /home/facuvega/Descargas/crypto-etl-airflow/airflow-apache/lib/python3.11/site-packages/airflow/example_dags/example_complex.py
[2025-04-27T20:12:16.240-0300] {logging_mixin.py:188} INFO - [2025-04-27T20:12:16.240-0300] {dag.py:3096} INFO - Sync 1 DAGs
[2025-04-27T20:12:16.252-0300] {logging_mixin.py:188} INFO - [2025-04-27T20:12:16.252-0300] {dag.py:3954} INFO - Setting next_dagrun for example_complex to None, run_after=None
[2025-04-27T20:12:16.272-0300] {processor.py:183} INFO - Processing /home/facuvega/Descargas/crypto-etl-airflow/airflow-apache/lib/python3.11/site-packages/airflow/example_dags/example_complex.py took 0.084 seconds
[2025-04-27T20:13:18.637-0300] {processor.py:161} INFO - Started process (PID=10656) to work on /home/facuvega/Descargas/crypto-etl-airflow/airflow-apache/lib/python3.11/site-packages/airflow/example_dags/example_complex.py
[2025-04-27T20:13:18.638-0300] {processor.py:830} INFO - Processing file /home/facuvega/Descargas/crypto-etl-airflow/airflow-apache/lib/python3.11/site-packages/airflow/example_dags/example_complex.py for tasks to queue
[2025-04-27T20:13:18.640-0300] {logging_mixin.py:188} INFO - [2025-04-27T20:13:18.639-0300] {dagbag.py:540} INFO - Filling up the DagBag from /home/facuvega/Descargas/crypto-etl-airflow/airflow-apache/lib/python3.11/site-packages/airflow/example_dags/example_complex.py
[2025-04-27T20:13:18.648-0300] {processor.py:840} INFO - DAG(s) 'example_complex' retrieved from /home/facuvega/Descargas/crypto-etl-airflow/airflow-apache/lib/python3.11/site-packages/airflow/example_dags/example_complex.py
[2025-04-27T20:13:18.666-0300] {logging_mixin.py:188} INFO - [2025-04-27T20:13:18.666-0300] {dag.py:3096} INFO - Sync 1 DAGs
[2025-04-27T20:13:18.674-0300] {logging_mixin.py:188} INFO - [2025-04-27T20:13:18.674-0300] {dag.py:3954} INFO - Setting next_dagrun for example_complex to None, run_after=None
[2025-04-27T20:13:18.688-0300] {processor.py:183} INFO - Processing /home/facuvega/Descargas/crypto-etl-airflow/airflow-apache/lib/python3.11/site-packages/airflow/example_dags/example_complex.py took 0.055 seconds
[2025-04-27T20:14:12.685-0300] {processor.py:161} INFO - Started process (PID=10903) to work on /home/facuvega/Descargas/crypto-etl-airflow/airflow-apache/lib/python3.11/site-packages/airflow/example_dags/example_complex.py
[2025-04-27T20:14:12.687-0300] {processor.py:830} INFO - Processing file /home/facuvega/Descargas/crypto-etl-airflow/airflow-apache/lib/python3.11/site-packages/airflow/example_dags/example_complex.py for tasks to queue
[2025-04-27T20:14:12.689-0300] {logging_mixin.py:188} INFO - [2025-04-27T20:14:12.689-0300] {dagbag.py:540} INFO - Filling up the DagBag from /home/facuvega/Descargas/crypto-etl-airflow/airflow-apache/lib/python3.11/site-packages/airflow/example_dags/example_complex.py
[2025-04-27T20:14:12.702-0300] {processor.py:840} INFO - DAG(s) 'example_complex' retrieved from /home/facuvega/Descargas/crypto-etl-airflow/airflow-apache/lib/python3.11/site-packages/airflow/example_dags/example_complex.py
[2025-04-27T20:14:12.730-0300] {logging_mixin.py:188} INFO - [2025-04-27T20:14:12.730-0300] {dag.py:3096} INFO - Sync 1 DAGs
[2025-04-27T20:14:12.743-0300] {logging_mixin.py:188} INFO - [2025-04-27T20:14:12.743-0300] {dag.py:3954} INFO - Setting next_dagrun for example_complex to None, run_after=None
[2025-04-27T20:14:12.764-0300] {processor.py:183} INFO - Processing /home/facuvega/Descargas/crypto-etl-airflow/airflow-apache/lib/python3.11/site-packages/airflow/example_dags/example_complex.py took 0.085 seconds
[2025-04-27T20:15:16.557-0300] {processor.py:161} INFO - Started process (PID=11222) to work on /home/facuvega/Descargas/crypto-etl-airflow/airflow-apache/lib/python3.11/site-packages/airflow/example_dags/example_complex.py
[2025-04-27T20:15:16.558-0300] {processor.py:830} INFO - Processing file /home/facuvega/Descargas/crypto-etl-airflow/airflow-apache/lib/python3.11/site-packages/airflow/example_dags/example_complex.py for tasks to queue
[2025-04-27T20:15:16.559-0300] {logging_mixin.py:188} INFO - [2025-04-27T20:15:16.559-0300] {dagbag.py:540} INFO - Filling up the DagBag from /home/facuvega/Descargas/crypto-etl-airflow/airflow-apache/lib/python3.11/site-packages/airflow/example_dags/example_complex.py
[2025-04-27T20:15:16.568-0300] {processor.py:840} INFO - DAG(s) 'example_complex' retrieved from /home/facuvega/Descargas/crypto-etl-airflow/airflow-apache/lib/python3.11/site-packages/airflow/example_dags/example_complex.py
[2025-04-27T20:15:16.588-0300] {logging_mixin.py:188} INFO - [2025-04-27T20:15:16.588-0300] {dag.py:3096} INFO - Sync 1 DAGs
[2025-04-27T20:15:16.596-0300] {logging_mixin.py:188} INFO - [2025-04-27T20:15:16.596-0300] {dag.py:3954} INFO - Setting next_dagrun for example_complex to None, run_after=None
[2025-04-27T20:15:16.609-0300] {processor.py:183} INFO - Processing /home/facuvega/Descargas/crypto-etl-airflow/airflow-apache/lib/python3.11/site-packages/airflow/example_dags/example_complex.py took 0.057 seconds
[2025-04-27T20:16:14.829-0300] {processor.py:161} INFO - Started process (PID=11481) to work on /home/facuvega/Descargas/crypto-etl-airflow/airflow-apache/lib/python3.11/site-packages/airflow/example_dags/example_complex.py
[2025-04-27T20:16:14.830-0300] {processor.py:830} INFO - Processing file /home/facuvega/Descargas/crypto-etl-airflow/airflow-apache/lib/python3.11/site-packages/airflow/example_dags/example_complex.py for tasks to queue
[2025-04-27T20:16:14.832-0300] {logging_mixin.py:188} INFO - [2025-04-27T20:16:14.831-0300] {dagbag.py:540} INFO - Filling up the DagBag from /home/facuvega/Descargas/crypto-etl-airflow/airflow-apache/lib/python3.11/site-packages/airflow/example_dags/example_complex.py
[2025-04-27T20:16:14.840-0300] {processor.py:840} INFO - DAG(s) 'example_complex' retrieved from /home/facuvega/Descargas/crypto-etl-airflow/airflow-apache/lib/python3.11/site-packages/airflow/example_dags/example_complex.py
[2025-04-27T20:16:14.857-0300] {logging_mixin.py:188} INFO - [2025-04-27T20:16:14.857-0300] {dag.py:3096} INFO - Sync 1 DAGs
[2025-04-27T20:16:14.865-0300] {logging_mixin.py:188} INFO - [2025-04-27T20:16:14.864-0300] {dag.py:3954} INFO - Setting next_dagrun for example_complex to None, run_after=None
[2025-04-27T20:16:14.877-0300] {processor.py:183} INFO - Processing /home/facuvega/Descargas/crypto-etl-airflow/airflow-apache/lib/python3.11/site-packages/airflow/example_dags/example_complex.py took 0.053 seconds
[2025-04-27T20:17:18.335-0300] {processor.py:161} INFO - Started process (PID=11774) to work on /home/facuvega/Descargas/crypto-etl-airflow/airflow-apache/lib/python3.11/site-packages/airflow/example_dags/example_complex.py
[2025-04-27T20:17:18.336-0300] {processor.py:830} INFO - Processing file /home/facuvega/Descargas/crypto-etl-airflow/airflow-apache/lib/python3.11/site-packages/airflow/example_dags/example_complex.py for tasks to queue
[2025-04-27T20:17:18.337-0300] {logging_mixin.py:188} INFO - [2025-04-27T20:17:18.337-0300] {dagbag.py:540} INFO - Filling up the DagBag from /home/facuvega/Descargas/crypto-etl-airflow/airflow-apache/lib/python3.11/site-packages/airflow/example_dags/example_complex.py
[2025-04-27T20:17:18.345-0300] {processor.py:840} INFO - DAG(s) 'example_complex' retrieved from /home/facuvega/Descargas/crypto-etl-airflow/airflow-apache/lib/python3.11/site-packages/airflow/example_dags/example_complex.py
[2025-04-27T20:17:18.364-0300] {logging_mixin.py:188} INFO - [2025-04-27T20:17:18.364-0300] {dag.py:3096} INFO - Sync 1 DAGs
[2025-04-27T20:17:18.373-0300] {logging_mixin.py:188} INFO - [2025-04-27T20:17:18.373-0300] {dag.py:3954} INFO - Setting next_dagrun for example_complex to None, run_after=None
[2025-04-27T20:17:18.389-0300] {processor.py:183} INFO - Processing /home/facuvega/Descargas/crypto-etl-airflow/airflow-apache/lib/python3.11/site-packages/airflow/example_dags/example_complex.py took 0.059 seconds
[2025-04-27T20:18:17.084-0300] {processor.py:161} INFO - Started process (PID=12172) to work on /home/facuvega/Descargas/crypto-etl-airflow/airflow-apache/lib/python3.11/site-packages/airflow/example_dags/example_complex.py
[2025-04-27T20:18:17.085-0300] {processor.py:830} INFO - Processing file /home/facuvega/Descargas/crypto-etl-airflow/airflow-apache/lib/python3.11/site-packages/airflow/example_dags/example_complex.py for tasks to queue
[2025-04-27T20:18:17.087-0300] {logging_mixin.py:188} INFO - [2025-04-27T20:18:17.086-0300] {dagbag.py:540} INFO - Filling up the DagBag from /home/facuvega/Descargas/crypto-etl-airflow/airflow-apache/lib/python3.11/site-packages/airflow/example_dags/example_complex.py
[2025-04-27T20:18:17.098-0300] {processor.py:840} INFO - DAG(s) 'example_complex' retrieved from /home/facuvega/Descargas/crypto-etl-airflow/airflow-apache/lib/python3.11/site-packages/airflow/example_dags/example_complex.py
[2025-04-27T20:18:17.131-0300] {logging_mixin.py:188} INFO - [2025-04-27T20:18:17.130-0300] {dag.py:3096} INFO - Sync 1 DAGs
[2025-04-27T20:18:17.144-0300] {logging_mixin.py:188} INFO - [2025-04-27T20:18:17.143-0300] {dag.py:3954} INFO - Setting next_dagrun for example_complex to None, run_after=None
[2025-04-27T20:18:17.186-0300] {processor.py:183} INFO - Processing /home/facuvega/Descargas/crypto-etl-airflow/airflow-apache/lib/python3.11/site-packages/airflow/example_dags/example_complex.py took 0.108 seconds
[2025-04-27T20:19:17.668-0300] {processor.py:161} INFO - Started process (PID=12445) to work on /home/facuvega/Descargas/crypto-etl-airflow/airflow-apache/lib/python3.11/site-packages/airflow/example_dags/example_complex.py
[2025-04-27T20:19:17.669-0300] {processor.py:830} INFO - Processing file /home/facuvega/Descargas/crypto-etl-airflow/airflow-apache/lib/python3.11/site-packages/airflow/example_dags/example_complex.py for tasks to queue
[2025-04-27T20:19:17.670-0300] {logging_mixin.py:188} INFO - [2025-04-27T20:19:17.670-0300] {dagbag.py:540} INFO - Filling up the DagBag from /home/facuvega/Descargas/crypto-etl-airflow/airflow-apache/lib/python3.11/site-packages/airflow/example_dags/example_complex.py
[2025-04-27T20:19:17.681-0300] {processor.py:840} INFO - DAG(s) 'example_complex' retrieved from /home/facuvega/Descargas/crypto-etl-airflow/airflow-apache/lib/python3.11/site-packages/airflow/example_dags/example_complex.py
[2025-04-27T20:19:17.702-0300] {logging_mixin.py:188} INFO - [2025-04-27T20:19:17.701-0300] {dag.py:3096} INFO - Sync 1 DAGs
[2025-04-27T20:19:17.710-0300] {logging_mixin.py:188} INFO - [2025-04-27T20:19:17.710-0300] {dag.py:3954} INFO - Setting next_dagrun for example_complex to None, run_after=None
[2025-04-27T20:19:17.725-0300] {processor.py:183} INFO - Processing /home/facuvega/Descargas/crypto-etl-airflow/airflow-apache/lib/python3.11/site-packages/airflow/example_dags/example_complex.py took 0.062 seconds
[2025-04-27T20:20:16.065-0300] {processor.py:161} INFO - Started process (PID=12758) to work on /home/facuvega/Descargas/crypto-etl-airflow/airflow-apache/lib/python3.11/site-packages/airflow/example_dags/example_complex.py
[2025-04-27T20:20:16.066-0300] {processor.py:830} INFO - Processing file /home/facuvega/Descargas/crypto-etl-airflow/airflow-apache/lib/python3.11/site-packages/airflow/example_dags/example_complex.py for tasks to queue
[2025-04-27T20:20:16.067-0300] {logging_mixin.py:188} INFO - [2025-04-27T20:20:16.067-0300] {dagbag.py:540} INFO - Filling up the DagBag from /home/facuvega/Descargas/crypto-etl-airflow/airflow-apache/lib/python3.11/site-packages/airflow/example_dags/example_complex.py
[2025-04-27T20:20:16.076-0300] {processor.py:840} INFO - DAG(s) 'example_complex' retrieved from /home/facuvega/Descargas/crypto-etl-airflow/airflow-apache/lib/python3.11/site-packages/airflow/example_dags/example_complex.py
[2025-04-27T20:20:16.096-0300] {logging_mixin.py:188} INFO - [2025-04-27T20:20:16.095-0300] {dag.py:3096} INFO - Sync 1 DAGs
[2025-04-27T20:20:16.106-0300] {logging_mixin.py:188} INFO - [2025-04-27T20:20:16.106-0300] {dag.py:3954} INFO - Setting next_dagrun for example_complex to None, run_after=None
[2025-04-27T20:20:16.126-0300] {processor.py:183} INFO - Processing /home/facuvega/Descargas/crypto-etl-airflow/airflow-apache/lib/python3.11/site-packages/airflow/example_dags/example_complex.py took 0.066 seconds
[2025-04-27T20:21:15.798-0300] {processor.py:161} INFO - Started process (PID=13032) to work on /home/facuvega/Descargas/crypto-etl-airflow/airflow-apache/lib/python3.11/site-packages/airflow/example_dags/example_complex.py
[2025-04-27T20:21:15.799-0300] {processor.py:830} INFO - Processing file /home/facuvega/Descargas/crypto-etl-airflow/airflow-apache/lib/python3.11/site-packages/airflow/example_dags/example_complex.py for tasks to queue
[2025-04-27T20:21:15.801-0300] {logging_mixin.py:188} INFO - [2025-04-27T20:21:15.801-0300] {dagbag.py:540} INFO - Filling up the DagBag from /home/facuvega/Descargas/crypto-etl-airflow/airflow-apache/lib/python3.11/site-packages/airflow/example_dags/example_complex.py
[2025-04-27T20:21:15.809-0300] {processor.py:840} INFO - DAG(s) 'example_complex' retrieved from /home/facuvega/Descargas/crypto-etl-airflow/airflow-apache/lib/python3.11/site-packages/airflow/example_dags/example_complex.py
[2025-04-27T20:21:15.829-0300] {logging_mixin.py:188} INFO - [2025-04-27T20:21:15.828-0300] {dag.py:3096} INFO - Sync 1 DAGs
[2025-04-27T20:21:15.837-0300] {logging_mixin.py:188} INFO - [2025-04-27T20:21:15.837-0300] {dag.py:3954} INFO - Setting next_dagrun for example_complex to None, run_after=None
[2025-04-27T20:21:15.851-0300] {processor.py:183} INFO - Processing /home/facuvega/Descargas/crypto-etl-airflow/airflow-apache/lib/python3.11/site-packages/airflow/example_dags/example_complex.py took 0.058 seconds
[2025-04-27T20:22:18.335-0300] {processor.py:161} INFO - Started process (PID=13313) to work on /home/facuvega/Descargas/crypto-etl-airflow/airflow-apache/lib/python3.11/site-packages/airflow/example_dags/example_complex.py
[2025-04-27T20:22:18.336-0300] {processor.py:830} INFO - Processing file /home/facuvega/Descargas/crypto-etl-airflow/airflow-apache/lib/python3.11/site-packages/airflow/example_dags/example_complex.py for tasks to queue
[2025-04-27T20:22:18.337-0300] {logging_mixin.py:188} INFO - [2025-04-27T20:22:18.337-0300] {dagbag.py:540} INFO - Filling up the DagBag from /home/facuvega/Descargas/crypto-etl-airflow/airflow-apache/lib/python3.11/site-packages/airflow/example_dags/example_complex.py
[2025-04-27T20:22:18.346-0300] {processor.py:840} INFO - DAG(s) 'example_complex' retrieved from /home/facuvega/Descargas/crypto-etl-airflow/airflow-apache/lib/python3.11/site-packages/airflow/example_dags/example_complex.py
[2025-04-27T20:22:18.368-0300] {logging_mixin.py:188} INFO - [2025-04-27T20:22:18.368-0300] {dag.py:3096} INFO - Sync 1 DAGs
[2025-04-27T20:22:18.379-0300] {logging_mixin.py:188} INFO - [2025-04-27T20:22:18.378-0300] {dag.py:3954} INFO - Setting next_dagrun for example_complex to None, run_after=None
[2025-04-27T20:22:18.394-0300] {processor.py:183} INFO - Processing /home/facuvega/Descargas/crypto-etl-airflow/airflow-apache/lib/python3.11/site-packages/airflow/example_dags/example_complex.py took 0.064 seconds
[2025-04-27T20:23:23.036-0300] {processor.py:161} INFO - Started process (PID=13600) to work on /home/facuvega/Descargas/crypto-etl-airflow/airflow-apache/lib/python3.11/site-packages/airflow/example_dags/example_complex.py
[2025-04-27T20:23:23.037-0300] {processor.py:830} INFO - Processing file /home/facuvega/Descargas/crypto-etl-airflow/airflow-apache/lib/python3.11/site-packages/airflow/example_dags/example_complex.py for tasks to queue
[2025-04-27T20:23:23.039-0300] {logging_mixin.py:188} INFO - [2025-04-27T20:23:23.039-0300] {dagbag.py:540} INFO - Filling up the DagBag from /home/facuvega/Descargas/crypto-etl-airflow/airflow-apache/lib/python3.11/site-packages/airflow/example_dags/example_complex.py
[2025-04-27T20:23:23.050-0300] {processor.py:840} INFO - DAG(s) 'example_complex' retrieved from /home/facuvega/Descargas/crypto-etl-airflow/airflow-apache/lib/python3.11/site-packages/airflow/example_dags/example_complex.py
[2025-04-27T20:23:23.074-0300] {logging_mixin.py:188} INFO - [2025-04-27T20:23:23.073-0300] {dag.py:3096} INFO - Sync 1 DAGs
[2025-04-27T20:23:23.084-0300] {logging_mixin.py:188} INFO - [2025-04-27T20:23:23.084-0300] {dag.py:3954} INFO - Setting next_dagrun for example_complex to None, run_after=None
[2025-04-27T20:23:23.100-0300] {processor.py:183} INFO - Processing /home/facuvega/Descargas/crypto-etl-airflow/airflow-apache/lib/python3.11/site-packages/airflow/example_dags/example_complex.py took 0.071 seconds
[2025-04-27T20:24:20.606-0300] {processor.py:161} INFO - Started process (PID=13857) to work on /home/facuvega/Descargas/crypto-etl-airflow/airflow-apache/lib/python3.11/site-packages/airflow/example_dags/example_complex.py
[2025-04-27T20:24:20.607-0300] {processor.py:830} INFO - Processing file /home/facuvega/Descargas/crypto-etl-airflow/airflow-apache/lib/python3.11/site-packages/airflow/example_dags/example_complex.py for tasks to queue
[2025-04-27T20:24:20.608-0300] {logging_mixin.py:188} INFO - [2025-04-27T20:24:20.608-0300] {dagbag.py:540} INFO - Filling up the DagBag from /home/facuvega/Descargas/crypto-etl-airflow/airflow-apache/lib/python3.11/site-packages/airflow/example_dags/example_complex.py
[2025-04-27T20:24:20.617-0300] {processor.py:840} INFO - DAG(s) 'example_complex' retrieved from /home/facuvega/Descargas/crypto-etl-airflow/airflow-apache/lib/python3.11/site-packages/airflow/example_dags/example_complex.py
[2025-04-27T20:24:20.639-0300] {logging_mixin.py:188} INFO - [2025-04-27T20:24:20.639-0300] {dag.py:3096} INFO - Sync 1 DAGs
[2025-04-27T20:24:20.650-0300] {logging_mixin.py:188} INFO - [2025-04-27T20:24:20.649-0300] {dag.py:3954} INFO - Setting next_dagrun for example_complex to None, run_after=None
[2025-04-27T20:24:20.669-0300] {processor.py:183} INFO - Processing /home/facuvega/Descargas/crypto-etl-airflow/airflow-apache/lib/python3.11/site-packages/airflow/example_dags/example_complex.py took 0.069 seconds
[2025-04-27T20:25:14.760-0300] {processor.py:161} INFO - Started process (PID=14137) to work on /home/facuvega/Descargas/crypto-etl-airflow/airflow-apache/lib/python3.11/site-packages/airflow/example_dags/example_complex.py
[2025-04-27T20:25:14.761-0300] {processor.py:830} INFO - Processing file /home/facuvega/Descargas/crypto-etl-airflow/airflow-apache/lib/python3.11/site-packages/airflow/example_dags/example_complex.py for tasks to queue
[2025-04-27T20:25:14.763-0300] {logging_mixin.py:188} INFO - [2025-04-27T20:25:14.763-0300] {dagbag.py:540} INFO - Filling up the DagBag from /home/facuvega/Descargas/crypto-etl-airflow/airflow-apache/lib/python3.11/site-packages/airflow/example_dags/example_complex.py
[2025-04-27T20:25:14.773-0300] {processor.py:840} INFO - DAG(s) 'example_complex' retrieved from /home/facuvega/Descargas/crypto-etl-airflow/airflow-apache/lib/python3.11/site-packages/airflow/example_dags/example_complex.py
[2025-04-27T20:25:14.797-0300] {logging_mixin.py:188} INFO - [2025-04-27T20:25:14.797-0300] {dag.py:3096} INFO - Sync 1 DAGs
[2025-04-27T20:25:14.809-0300] {logging_mixin.py:188} INFO - [2025-04-27T20:25:14.808-0300] {dag.py:3954} INFO - Setting next_dagrun for example_complex to None, run_after=None
[2025-04-27T20:25:14.829-0300] {processor.py:183} INFO - Processing /home/facuvega/Descargas/crypto-etl-airflow/airflow-apache/lib/python3.11/site-packages/airflow/example_dags/example_complex.py took 0.075 seconds
[2025-04-27T20:26:19.328-0300] {processor.py:161} INFO - Started process (PID=14429) to work on /home/facuvega/Descargas/crypto-etl-airflow/airflow-apache/lib/python3.11/site-packages/airflow/example_dags/example_complex.py
[2025-04-27T20:26:19.329-0300] {processor.py:830} INFO - Processing file /home/facuvega/Descargas/crypto-etl-airflow/airflow-apache/lib/python3.11/site-packages/airflow/example_dags/example_complex.py for tasks to queue
[2025-04-27T20:26:19.330-0300] {logging_mixin.py:188} INFO - [2025-04-27T20:26:19.330-0300] {dagbag.py:540} INFO - Filling up the DagBag from /home/facuvega/Descargas/crypto-etl-airflow/airflow-apache/lib/python3.11/site-packages/airflow/example_dags/example_complex.py
[2025-04-27T20:26:19.339-0300] {processor.py:840} INFO - DAG(s) 'example_complex' retrieved from /home/facuvega/Descargas/crypto-etl-airflow/airflow-apache/lib/python3.11/site-packages/airflow/example_dags/example_complex.py
[2025-04-27T20:26:19.359-0300] {logging_mixin.py:188} INFO - [2025-04-27T20:26:19.359-0300] {dag.py:3096} INFO - Sync 1 DAGs
[2025-04-27T20:26:19.368-0300] {logging_mixin.py:188} INFO - [2025-04-27T20:26:19.368-0300] {dag.py:3954} INFO - Setting next_dagrun for example_complex to None, run_after=None
[2025-04-27T20:26:19.384-0300] {processor.py:183} INFO - Processing /home/facuvega/Descargas/crypto-etl-airflow/airflow-apache/lib/python3.11/site-packages/airflow/example_dags/example_complex.py took 0.062 seconds
[2025-04-27T20:27:18.753-0300] {processor.py:161} INFO - Started process (PID=14714) to work on /home/facuvega/Descargas/crypto-etl-airflow/airflow-apache/lib/python3.11/site-packages/airflow/example_dags/example_complex.py
[2025-04-27T20:27:18.754-0300] {processor.py:830} INFO - Processing file /home/facuvega/Descargas/crypto-etl-airflow/airflow-apache/lib/python3.11/site-packages/airflow/example_dags/example_complex.py for tasks to queue
[2025-04-27T20:27:18.755-0300] {logging_mixin.py:188} INFO - [2025-04-27T20:27:18.755-0300] {dagbag.py:540} INFO - Filling up the DagBag from /home/facuvega/Descargas/crypto-etl-airflow/airflow-apache/lib/python3.11/site-packages/airflow/example_dags/example_complex.py
[2025-04-27T20:27:18.765-0300] {processor.py:840} INFO - DAG(s) 'example_complex' retrieved from /home/facuvega/Descargas/crypto-etl-airflow/airflow-apache/lib/python3.11/site-packages/airflow/example_dags/example_complex.py
[2025-04-27T20:27:18.787-0300] {logging_mixin.py:188} INFO - [2025-04-27T20:27:18.787-0300] {dag.py:3096} INFO - Sync 1 DAGs
[2025-04-27T20:27:18.796-0300] {logging_mixin.py:188} INFO - [2025-04-27T20:27:18.796-0300] {dag.py:3954} INFO - Setting next_dagrun for example_complex to None, run_after=None
[2025-04-27T20:27:18.811-0300] {processor.py:183} INFO - Processing /home/facuvega/Descargas/crypto-etl-airflow/airflow-apache/lib/python3.11/site-packages/airflow/example_dags/example_complex.py took 0.064 seconds
[2025-04-27T20:28:17.192-0300] {processor.py:161} INFO - Started process (PID=14985) to work on /home/facuvega/Descargas/crypto-etl-airflow/airflow-apache/lib/python3.11/site-packages/airflow/example_dags/example_complex.py
[2025-04-27T20:28:17.193-0300] {processor.py:830} INFO - Processing file /home/facuvega/Descargas/crypto-etl-airflow/airflow-apache/lib/python3.11/site-packages/airflow/example_dags/example_complex.py for tasks to queue
[2025-04-27T20:28:17.195-0300] {logging_mixin.py:188} INFO - [2025-04-27T20:28:17.194-0300] {dagbag.py:540} INFO - Filling up the DagBag from /home/facuvega/Descargas/crypto-etl-airflow/airflow-apache/lib/python3.11/site-packages/airflow/example_dags/example_complex.py
[2025-04-27T20:28:17.202-0300] {processor.py:840} INFO - DAG(s) 'example_complex' retrieved from /home/facuvega/Descargas/crypto-etl-airflow/airflow-apache/lib/python3.11/site-packages/airflow/example_dags/example_complex.py
[2025-04-27T20:28:17.220-0300] {logging_mixin.py:188} INFO - [2025-04-27T20:28:17.220-0300] {dag.py:3096} INFO - Sync 1 DAGs
[2025-04-27T20:28:17.228-0300] {logging_mixin.py:188} INFO - [2025-04-27T20:28:17.228-0300] {dag.py:3954} INFO - Setting next_dagrun for example_complex to None, run_after=None
[2025-04-27T20:28:17.242-0300] {processor.py:183} INFO - Processing /home/facuvega/Descargas/crypto-etl-airflow/airflow-apache/lib/python3.11/site-packages/airflow/example_dags/example_complex.py took 0.055 seconds
[2025-04-27T20:29:21.439-0300] {processor.py:161} INFO - Started process (PID=15270) to work on /home/facuvega/Descargas/crypto-etl-airflow/airflow-apache/lib/python3.11/site-packages/airflow/example_dags/example_complex.py
[2025-04-27T20:29:21.440-0300] {processor.py:830} INFO - Processing file /home/facuvega/Descargas/crypto-etl-airflow/airflow-apache/lib/python3.11/site-packages/airflow/example_dags/example_complex.py for tasks to queue
[2025-04-27T20:29:21.442-0300] {logging_mixin.py:188} INFO - [2025-04-27T20:29:21.441-0300] {dagbag.py:540} INFO - Filling up the DagBag from /home/facuvega/Descargas/crypto-etl-airflow/airflow-apache/lib/python3.11/site-packages/airflow/example_dags/example_complex.py
[2025-04-27T20:29:21.453-0300] {processor.py:840} INFO - DAG(s) 'example_complex' retrieved from /home/facuvega/Descargas/crypto-etl-airflow/airflow-apache/lib/python3.11/site-packages/airflow/example_dags/example_complex.py
[2025-04-27T20:29:21.477-0300] {logging_mixin.py:188} INFO - [2025-04-27T20:29:21.477-0300] {dag.py:3096} INFO - Sync 1 DAGs
[2025-04-27T20:29:21.489-0300] {logging_mixin.py:188} INFO - [2025-04-27T20:29:21.488-0300] {dag.py:3954} INFO - Setting next_dagrun for example_complex to None, run_after=None
[2025-04-27T20:29:21.504-0300] {processor.py:183} INFO - Processing /home/facuvega/Descargas/crypto-etl-airflow/airflow-apache/lib/python3.11/site-packages/airflow/example_dags/example_complex.py took 0.071 seconds
[2025-04-27T20:30:18.860-0300] {processor.py:161} INFO - Started process (PID=15568) to work on /home/facuvega/Descargas/crypto-etl-airflow/airflow-apache/lib/python3.11/site-packages/airflow/example_dags/example_complex.py
[2025-04-27T20:30:18.861-0300] {processor.py:830} INFO - Processing file /home/facuvega/Descargas/crypto-etl-airflow/airflow-apache/lib/python3.11/site-packages/airflow/example_dags/example_complex.py for tasks to queue
[2025-04-27T20:30:18.863-0300] {logging_mixin.py:188} INFO - [2025-04-27T20:30:18.863-0300] {dagbag.py:540} INFO - Filling up the DagBag from /home/facuvega/Descargas/crypto-etl-airflow/airflow-apache/lib/python3.11/site-packages/airflow/example_dags/example_complex.py
[2025-04-27T20:30:18.871-0300] {processor.py:840} INFO - DAG(s) 'example_complex' retrieved from /home/facuvega/Descargas/crypto-etl-airflow/airflow-apache/lib/python3.11/site-packages/airflow/example_dags/example_complex.py
[2025-04-27T20:30:18.891-0300] {logging_mixin.py:188} INFO - [2025-04-27T20:30:18.890-0300] {dag.py:3096} INFO - Sync 1 DAGs
[2025-04-27T20:30:18.899-0300] {logging_mixin.py:188} INFO - [2025-04-27T20:30:18.899-0300] {dag.py:3954} INFO - Setting next_dagrun for example_complex to None, run_after=None
[2025-04-27T20:30:18.912-0300] {processor.py:183} INFO - Processing /home/facuvega/Descargas/crypto-etl-airflow/airflow-apache/lib/python3.11/site-packages/airflow/example_dags/example_complex.py took 0.057 seconds
[2025-04-27T20:31:19.854-0300] {processor.py:161} INFO - Started process (PID=15842) to work on /home/facuvega/Descargas/crypto-etl-airflow/airflow-apache/lib/python3.11/site-packages/airflow/example_dags/example_complex.py
[2025-04-27T20:31:19.856-0300] {processor.py:830} INFO - Processing file /home/facuvega/Descargas/crypto-etl-airflow/airflow-apache/lib/python3.11/site-packages/airflow/example_dags/example_complex.py for tasks to queue
[2025-04-27T20:31:19.857-0300] {logging_mixin.py:188} INFO - [2025-04-27T20:31:19.857-0300] {dagbag.py:540} INFO - Filling up the DagBag from /home/facuvega/Descargas/crypto-etl-airflow/airflow-apache/lib/python3.11/site-packages/airflow/example_dags/example_complex.py
[2025-04-27T20:31:19.865-0300] {processor.py:840} INFO - DAG(s) 'example_complex' retrieved from /home/facuvega/Descargas/crypto-etl-airflow/airflow-apache/lib/python3.11/site-packages/airflow/example_dags/example_complex.py
[2025-04-27T20:31:19.883-0300] {logging_mixin.py:188} INFO - [2025-04-27T20:31:19.882-0300] {dag.py:3096} INFO - Sync 1 DAGs
[2025-04-27T20:31:19.890-0300] {logging_mixin.py:188} INFO - [2025-04-27T20:31:19.890-0300] {dag.py:3954} INFO - Setting next_dagrun for example_complex to None, run_after=None
[2025-04-27T20:31:19.906-0300] {processor.py:183} INFO - Processing /home/facuvega/Descargas/crypto-etl-airflow/airflow-apache/lib/python3.11/site-packages/airflow/example_dags/example_complex.py took 0.057 seconds
[2025-04-27T20:32:17.555-0300] {processor.py:161} INFO - Started process (PID=16100) to work on /home/facuvega/Descargas/crypto-etl-airflow/airflow-apache/lib/python3.11/site-packages/airflow/example_dags/example_complex.py
[2025-04-27T20:32:17.556-0300] {processor.py:830} INFO - Processing file /home/facuvega/Descargas/crypto-etl-airflow/airflow-apache/lib/python3.11/site-packages/airflow/example_dags/example_complex.py for tasks to queue
[2025-04-27T20:32:17.557-0300] {logging_mixin.py:188} INFO - [2025-04-27T20:32:17.557-0300] {dagbag.py:540} INFO - Filling up the DagBag from /home/facuvega/Descargas/crypto-etl-airflow/airflow-apache/lib/python3.11/site-packages/airflow/example_dags/example_complex.py
[2025-04-27T20:32:17.566-0300] {processor.py:840} INFO - DAG(s) 'example_complex' retrieved from /home/facuvega/Descargas/crypto-etl-airflow/airflow-apache/lib/python3.11/site-packages/airflow/example_dags/example_complex.py
[2025-04-27T20:32:17.586-0300] {logging_mixin.py:188} INFO - [2025-04-27T20:32:17.586-0300] {dag.py:3096} INFO - Sync 1 DAGs
[2025-04-27T20:32:17.595-0300] {logging_mixin.py:188} INFO - [2025-04-27T20:32:17.595-0300] {dag.py:3954} INFO - Setting next_dagrun for example_complex to None, run_after=None
[2025-04-27T20:32:17.610-0300] {processor.py:183} INFO - Processing /home/facuvega/Descargas/crypto-etl-airflow/airflow-apache/lib/python3.11/site-packages/airflow/example_dags/example_complex.py took 0.060 seconds
[2025-04-27T20:33:21.138-0300] {processor.py:161} INFO - Started process (PID=16548) to work on /home/facuvega/Descargas/crypto-etl-airflow/airflow-apache/lib/python3.11/site-packages/airflow/example_dags/example_complex.py
[2025-04-27T20:33:21.139-0300] {processor.py:830} INFO - Processing file /home/facuvega/Descargas/crypto-etl-airflow/airflow-apache/lib/python3.11/site-packages/airflow/example_dags/example_complex.py for tasks to queue
[2025-04-27T20:33:21.140-0300] {logging_mixin.py:188} INFO - [2025-04-27T20:33:21.140-0300] {dagbag.py:540} INFO - Filling up the DagBag from /home/facuvega/Descargas/crypto-etl-airflow/airflow-apache/lib/python3.11/site-packages/airflow/example_dags/example_complex.py
[2025-04-27T20:33:21.149-0300] {processor.py:840} INFO - DAG(s) 'example_complex' retrieved from /home/facuvega/Descargas/crypto-etl-airflow/airflow-apache/lib/python3.11/site-packages/airflow/example_dags/example_complex.py
[2025-04-27T20:33:21.167-0300] {logging_mixin.py:188} INFO - [2025-04-27T20:33:21.167-0300] {dag.py:3096} INFO - Sync 1 DAGs
[2025-04-27T20:33:21.176-0300] {logging_mixin.py:188} INFO - [2025-04-27T20:33:21.176-0300] {dag.py:3954} INFO - Setting next_dagrun for example_complex to None, run_after=None
[2025-04-27T20:33:21.189-0300] {processor.py:183} INFO - Processing /home/facuvega/Descargas/crypto-etl-airflow/airflow-apache/lib/python3.11/site-packages/airflow/example_dags/example_complex.py took 0.056 seconds
[2025-04-27T20:34:25.799-0300] {processor.py:161} INFO - Started process (PID=16842) to work on /home/facuvega/Descargas/crypto-etl-airflow/airflow-apache/lib/python3.11/site-packages/airflow/example_dags/example_complex.py
[2025-04-27T20:34:25.800-0300] {processor.py:830} INFO - Processing file /home/facuvega/Descargas/crypto-etl-airflow/airflow-apache/lib/python3.11/site-packages/airflow/example_dags/example_complex.py for tasks to queue
[2025-04-27T20:34:25.802-0300] {logging_mixin.py:188} INFO - [2025-04-27T20:34:25.801-0300] {dagbag.py:540} INFO - Filling up the DagBag from /home/facuvega/Descargas/crypto-etl-airflow/airflow-apache/lib/python3.11/site-packages/airflow/example_dags/example_complex.py
[2025-04-27T20:34:25.810-0300] {processor.py:840} INFO - DAG(s) 'example_complex' retrieved from /home/facuvega/Descargas/crypto-etl-airflow/airflow-apache/lib/python3.11/site-packages/airflow/example_dags/example_complex.py
[2025-04-27T20:34:25.833-0300] {logging_mixin.py:188} INFO - [2025-04-27T20:34:25.833-0300] {dag.py:3096} INFO - Sync 1 DAGs
[2025-04-27T20:34:25.843-0300] {logging_mixin.py:188} INFO - [2025-04-27T20:34:25.843-0300] {dag.py:3954} INFO - Setting next_dagrun for example_complex to None, run_after=None
[2025-04-27T20:34:25.857-0300] {processor.py:183} INFO - Processing /home/facuvega/Descargas/crypto-etl-airflow/airflow-apache/lib/python3.11/site-packages/airflow/example_dags/example_complex.py took 0.064 seconds
[2025-04-27T20:35:31.655-0300] {processor.py:161} INFO - Started process (PID=17200) to work on /home/facuvega/Descargas/crypto-etl-airflow/airflow-apache/lib/python3.11/site-packages/airflow/example_dags/example_complex.py
[2025-04-27T20:35:31.656-0300] {processor.py:830} INFO - Processing file /home/facuvega/Descargas/crypto-etl-airflow/airflow-apache/lib/python3.11/site-packages/airflow/example_dags/example_complex.py for tasks to queue
[2025-04-27T20:35:31.658-0300] {logging_mixin.py:188} INFO - [2025-04-27T20:35:31.657-0300] {dagbag.py:540} INFO - Filling up the DagBag from /home/facuvega/Descargas/crypto-etl-airflow/airflow-apache/lib/python3.11/site-packages/airflow/example_dags/example_complex.py
[2025-04-27T20:35:31.667-0300] {processor.py:840} INFO - DAG(s) 'example_complex' retrieved from /home/facuvega/Descargas/crypto-etl-airflow/airflow-apache/lib/python3.11/site-packages/airflow/example_dags/example_complex.py
[2025-04-27T20:35:31.689-0300] {logging_mixin.py:188} INFO - [2025-04-27T20:35:31.689-0300] {dag.py:3096} INFO - Sync 1 DAGs
[2025-04-27T20:35:31.699-0300] {logging_mixin.py:188} INFO - [2025-04-27T20:35:31.699-0300] {dag.py:3954} INFO - Setting next_dagrun for example_complex to None, run_after=None
[2025-04-27T20:35:31.715-0300] {processor.py:183} INFO - Processing /home/facuvega/Descargas/crypto-etl-airflow/airflow-apache/lib/python3.11/site-packages/airflow/example_dags/example_complex.py took 0.066 seconds
[2025-04-27T20:36:31.201-0300] {processor.py:161} INFO - Started process (PID=17467) to work on /home/facuvega/Descargas/crypto-etl-airflow/airflow-apache/lib/python3.11/site-packages/airflow/example_dags/example_complex.py
[2025-04-27T20:36:31.202-0300] {processor.py:830} INFO - Processing file /home/facuvega/Descargas/crypto-etl-airflow/airflow-apache/lib/python3.11/site-packages/airflow/example_dags/example_complex.py for tasks to queue
[2025-04-27T20:36:31.203-0300] {logging_mixin.py:188} INFO - [2025-04-27T20:36:31.203-0300] {dagbag.py:540} INFO - Filling up the DagBag from /home/facuvega/Descargas/crypto-etl-airflow/airflow-apache/lib/python3.11/site-packages/airflow/example_dags/example_complex.py
[2025-04-27T20:36:31.211-0300] {processor.py:840} INFO - DAG(s) 'example_complex' retrieved from /home/facuvega/Descargas/crypto-etl-airflow/airflow-apache/lib/python3.11/site-packages/airflow/example_dags/example_complex.py
[2025-04-27T20:36:31.234-0300] {logging_mixin.py:188} INFO - [2025-04-27T20:36:31.234-0300] {dag.py:3096} INFO - Sync 1 DAGs
[2025-04-27T20:36:31.245-0300] {logging_mixin.py:188} INFO - [2025-04-27T20:36:31.245-0300] {dag.py:3954} INFO - Setting next_dagrun for example_complex to None, run_after=None
[2025-04-27T20:36:31.261-0300] {processor.py:183} INFO - Processing /home/facuvega/Descargas/crypto-etl-airflow/airflow-apache/lib/python3.11/site-packages/airflow/example_dags/example_complex.py took 0.065 seconds
[2025-04-27T20:37:30.621-0300] {processor.py:161} INFO - Started process (PID=17732) to work on /home/facuvega/Descargas/crypto-etl-airflow/airflow-apache/lib/python3.11/site-packages/airflow/example_dags/example_complex.py
[2025-04-27T20:37:30.623-0300] {processor.py:830} INFO - Processing file /home/facuvega/Descargas/crypto-etl-airflow/airflow-apache/lib/python3.11/site-packages/airflow/example_dags/example_complex.py for tasks to queue
[2025-04-27T20:37:30.625-0300] {logging_mixin.py:188} INFO - [2025-04-27T20:37:30.625-0300] {dagbag.py:540} INFO - Filling up the DagBag from /home/facuvega/Descargas/crypto-etl-airflow/airflow-apache/lib/python3.11/site-packages/airflow/example_dags/example_complex.py
[2025-04-27T20:37:30.643-0300] {processor.py:840} INFO - DAG(s) 'example_complex' retrieved from /home/facuvega/Descargas/crypto-etl-airflow/airflow-apache/lib/python3.11/site-packages/airflow/example_dags/example_complex.py
[2025-04-27T20:37:30.666-0300] {logging_mixin.py:188} INFO - [2025-04-27T20:37:30.666-0300] {dag.py:3096} INFO - Sync 1 DAGs
[2025-04-27T20:37:30.677-0300] {logging_mixin.py:188} INFO - [2025-04-27T20:37:30.677-0300] {dag.py:3954} INFO - Setting next_dagrun for example_complex to None, run_after=None
[2025-04-27T20:37:30.695-0300] {processor.py:183} INFO - Processing /home/facuvega/Descargas/crypto-etl-airflow/airflow-apache/lib/python3.11/site-packages/airflow/example_dags/example_complex.py took 0.080 seconds
[2025-04-27T20:38:32.367-0300] {processor.py:161} INFO - Started process (PID=18012) to work on /home/facuvega/Descargas/crypto-etl-airflow/airflow-apache/lib/python3.11/site-packages/airflow/example_dags/example_complex.py
[2025-04-27T20:38:32.368-0300] {processor.py:830} INFO - Processing file /home/facuvega/Descargas/crypto-etl-airflow/airflow-apache/lib/python3.11/site-packages/airflow/example_dags/example_complex.py for tasks to queue
[2025-04-27T20:38:32.370-0300] {logging_mixin.py:188} INFO - [2025-04-27T20:38:32.370-0300] {dagbag.py:540} INFO - Filling up the DagBag from /home/facuvega/Descargas/crypto-etl-airflow/airflow-apache/lib/python3.11/site-packages/airflow/example_dags/example_complex.py
[2025-04-27T20:38:32.379-0300] {processor.py:840} INFO - DAG(s) 'example_complex' retrieved from /home/facuvega/Descargas/crypto-etl-airflow/airflow-apache/lib/python3.11/site-packages/airflow/example_dags/example_complex.py
[2025-04-27T20:38:32.399-0300] {logging_mixin.py:188} INFO - [2025-04-27T20:38:32.399-0300] {dag.py:3096} INFO - Sync 1 DAGs
[2025-04-27T20:38:32.407-0300] {logging_mixin.py:188} INFO - [2025-04-27T20:38:32.407-0300] {dag.py:3954} INFO - Setting next_dagrun for example_complex to None, run_after=None
[2025-04-27T20:38:32.428-0300] {processor.py:183} INFO - Processing /home/facuvega/Descargas/crypto-etl-airflow/airflow-apache/lib/python3.11/site-packages/airflow/example_dags/example_complex.py took 0.066 seconds
[2025-04-27T20:39:31.230-0300] {processor.py:161} INFO - Started process (PID=18409) to work on /home/facuvega/Descargas/crypto-etl-airflow/airflow-apache/lib/python3.11/site-packages/airflow/example_dags/example_complex.py
[2025-04-27T20:39:31.231-0300] {processor.py:830} INFO - Processing file /home/facuvega/Descargas/crypto-etl-airflow/airflow-apache/lib/python3.11/site-packages/airflow/example_dags/example_complex.py for tasks to queue
[2025-04-27T20:39:31.233-0300] {logging_mixin.py:188} INFO - [2025-04-27T20:39:31.232-0300] {dagbag.py:540} INFO - Filling up the DagBag from /home/facuvega/Descargas/crypto-etl-airflow/airflow-apache/lib/python3.11/site-packages/airflow/example_dags/example_complex.py
[2025-04-27T20:39:31.241-0300] {processor.py:840} INFO - DAG(s) 'example_complex' retrieved from /home/facuvega/Descargas/crypto-etl-airflow/airflow-apache/lib/python3.11/site-packages/airflow/example_dags/example_complex.py
[2025-04-27T20:39:31.262-0300] {logging_mixin.py:188} INFO - [2025-04-27T20:39:31.262-0300] {dag.py:3096} INFO - Sync 1 DAGs
[2025-04-27T20:39:31.271-0300] {logging_mixin.py:188} INFO - [2025-04-27T20:39:31.271-0300] {dag.py:3954} INFO - Setting next_dagrun for example_complex to None, run_after=None
[2025-04-27T20:39:31.287-0300] {processor.py:183} INFO - Processing /home/facuvega/Descargas/crypto-etl-airflow/airflow-apache/lib/python3.11/site-packages/airflow/example_dags/example_complex.py took 0.062 seconds
[2025-04-27T20:40:35.542-0300] {processor.py:161} INFO - Started process (PID=18731) to work on /home/facuvega/Descargas/crypto-etl-airflow/airflow-apache/lib/python3.11/site-packages/airflow/example_dags/example_complex.py
[2025-04-27T20:40:35.544-0300] {processor.py:830} INFO - Processing file /home/facuvega/Descargas/crypto-etl-airflow/airflow-apache/lib/python3.11/site-packages/airflow/example_dags/example_complex.py for tasks to queue
[2025-04-27T20:40:35.545-0300] {logging_mixin.py:188} INFO - [2025-04-27T20:40:35.545-0300] {dagbag.py:540} INFO - Filling up the DagBag from /home/facuvega/Descargas/crypto-etl-airflow/airflow-apache/lib/python3.11/site-packages/airflow/example_dags/example_complex.py
[2025-04-27T20:40:35.554-0300] {processor.py:840} INFO - DAG(s) 'example_complex' retrieved from /home/facuvega/Descargas/crypto-etl-airflow/airflow-apache/lib/python3.11/site-packages/airflow/example_dags/example_complex.py
[2025-04-27T20:40:35.574-0300] {logging_mixin.py:188} INFO - [2025-04-27T20:40:35.574-0300] {dag.py:3096} INFO - Sync 1 DAGs
[2025-04-27T20:40:35.585-0300] {logging_mixin.py:188} INFO - [2025-04-27T20:40:35.585-0300] {dag.py:3954} INFO - Setting next_dagrun for example_complex to None, run_after=None
[2025-04-27T20:40:35.601-0300] {processor.py:183} INFO - Processing /home/facuvega/Descargas/crypto-etl-airflow/airflow-apache/lib/python3.11/site-packages/airflow/example_dags/example_complex.py took 0.064 seconds
[2025-04-27T20:41:38.905-0300] {processor.py:161} INFO - Started process (PID=19013) to work on /home/facuvega/Descargas/crypto-etl-airflow/airflow-apache/lib/python3.11/site-packages/airflow/example_dags/example_complex.py
[2025-04-27T20:41:38.906-0300] {processor.py:830} INFO - Processing file /home/facuvega/Descargas/crypto-etl-airflow/airflow-apache/lib/python3.11/site-packages/airflow/example_dags/example_complex.py for tasks to queue
[2025-04-27T20:41:38.908-0300] {logging_mixin.py:188} INFO - [2025-04-27T20:41:38.908-0300] {dagbag.py:540} INFO - Filling up the DagBag from /home/facuvega/Descargas/crypto-etl-airflow/airflow-apache/lib/python3.11/site-packages/airflow/example_dags/example_complex.py
[2025-04-27T20:41:38.917-0300] {processor.py:840} INFO - DAG(s) 'example_complex' retrieved from /home/facuvega/Descargas/crypto-etl-airflow/airflow-apache/lib/python3.11/site-packages/airflow/example_dags/example_complex.py
[2025-04-27T20:41:38.938-0300] {logging_mixin.py:188} INFO - [2025-04-27T20:41:38.937-0300] {dag.py:3096} INFO - Sync 1 DAGs
[2025-04-27T20:41:38.948-0300] {logging_mixin.py:188} INFO - [2025-04-27T20:41:38.948-0300] {dag.py:3954} INFO - Setting next_dagrun for example_complex to None, run_after=None
[2025-04-27T20:41:38.962-0300] {processor.py:183} INFO - Processing /home/facuvega/Descargas/crypto-etl-airflow/airflow-apache/lib/python3.11/site-packages/airflow/example_dags/example_complex.py took 0.062 seconds
[2025-04-27T20:42:38.675-0300] {processor.py:161} INFO - Started process (PID=19281) to work on /home/facuvega/Descargas/crypto-etl-airflow/airflow-apache/lib/python3.11/site-packages/airflow/example_dags/example_complex.py
[2025-04-27T20:42:38.676-0300] {processor.py:830} INFO - Processing file /home/facuvega/Descargas/crypto-etl-airflow/airflow-apache/lib/python3.11/site-packages/airflow/example_dags/example_complex.py for tasks to queue
[2025-04-27T20:42:38.678-0300] {logging_mixin.py:188} INFO - [2025-04-27T20:42:38.678-0300] {dagbag.py:540} INFO - Filling up the DagBag from /home/facuvega/Descargas/crypto-etl-airflow/airflow-apache/lib/python3.11/site-packages/airflow/example_dags/example_complex.py
[2025-04-27T20:42:38.687-0300] {processor.py:840} INFO - DAG(s) 'example_complex' retrieved from /home/facuvega/Descargas/crypto-etl-airflow/airflow-apache/lib/python3.11/site-packages/airflow/example_dags/example_complex.py
[2025-04-27T20:42:38.706-0300] {logging_mixin.py:188} INFO - [2025-04-27T20:42:38.705-0300] {dag.py:3096} INFO - Sync 1 DAGs
[2025-04-27T20:42:38.714-0300] {logging_mixin.py:188} INFO - [2025-04-27T20:42:38.714-0300] {dag.py:3954} INFO - Setting next_dagrun for example_complex to None, run_after=None
[2025-04-27T20:42:38.728-0300] {processor.py:183} INFO - Processing /home/facuvega/Descargas/crypto-etl-airflow/airflow-apache/lib/python3.11/site-packages/airflow/example_dags/example_complex.py took 0.058 seconds
[2025-04-27T20:43:40.654-0300] {processor.py:161} INFO - Started process (PID=19571) to work on /home/facuvega/Descargas/crypto-etl-airflow/airflow-apache/lib/python3.11/site-packages/airflow/example_dags/example_complex.py
[2025-04-27T20:43:40.655-0300] {processor.py:830} INFO - Processing file /home/facuvega/Descargas/crypto-etl-airflow/airflow-apache/lib/python3.11/site-packages/airflow/example_dags/example_complex.py for tasks to queue
[2025-04-27T20:43:40.656-0300] {logging_mixin.py:188} INFO - [2025-04-27T20:43:40.656-0300] {dagbag.py:540} INFO - Filling up the DagBag from /home/facuvega/Descargas/crypto-etl-airflow/airflow-apache/lib/python3.11/site-packages/airflow/example_dags/example_complex.py
[2025-04-27T20:43:40.666-0300] {processor.py:840} INFO - DAG(s) 'example_complex' retrieved from /home/facuvega/Descargas/crypto-etl-airflow/airflow-apache/lib/python3.11/site-packages/airflow/example_dags/example_complex.py
[2025-04-27T20:43:40.685-0300] {logging_mixin.py:188} INFO - [2025-04-27T20:43:40.685-0300] {dag.py:3096} INFO - Sync 1 DAGs
[2025-04-27T20:43:40.694-0300] {logging_mixin.py:188} INFO - [2025-04-27T20:43:40.694-0300] {dag.py:3954} INFO - Setting next_dagrun for example_complex to None, run_after=None
[2025-04-27T20:43:40.708-0300] {processor.py:183} INFO - Processing /home/facuvega/Descargas/crypto-etl-airflow/airflow-apache/lib/python3.11/site-packages/airflow/example_dags/example_complex.py took 0.060 seconds
[2025-04-27T20:44:37.394-0300] {processor.py:161} INFO - Started process (PID=19837) to work on /home/facuvega/Descargas/crypto-etl-airflow/airflow-apache/lib/python3.11/site-packages/airflow/example_dags/example_complex.py
[2025-04-27T20:44:37.395-0300] {processor.py:830} INFO - Processing file /home/facuvega/Descargas/crypto-etl-airflow/airflow-apache/lib/python3.11/site-packages/airflow/example_dags/example_complex.py for tasks to queue
[2025-04-27T20:44:37.397-0300] {logging_mixin.py:188} INFO - [2025-04-27T20:44:37.396-0300] {dagbag.py:540} INFO - Filling up the DagBag from /home/facuvega/Descargas/crypto-etl-airflow/airflow-apache/lib/python3.11/site-packages/airflow/example_dags/example_complex.py
[2025-04-27T20:44:37.406-0300] {processor.py:840} INFO - DAG(s) 'example_complex' retrieved from /home/facuvega/Descargas/crypto-etl-airflow/airflow-apache/lib/python3.11/site-packages/airflow/example_dags/example_complex.py
[2025-04-27T20:44:37.427-0300] {logging_mixin.py:188} INFO - [2025-04-27T20:44:37.427-0300] {dag.py:3096} INFO - Sync 1 DAGs
[2025-04-27T20:44:37.437-0300] {logging_mixin.py:188} INFO - [2025-04-27T20:44:37.437-0300] {dag.py:3954} INFO - Setting next_dagrun for example_complex to None, run_after=None
[2025-04-27T20:44:37.452-0300] {processor.py:183} INFO - Processing /home/facuvega/Descargas/crypto-etl-airflow/airflow-apache/lib/python3.11/site-packages/airflow/example_dags/example_complex.py took 0.063 seconds
[2025-04-27T20:45:38.452-0300] {processor.py:161} INFO - Started process (PID=20148) to work on /home/facuvega/Descargas/crypto-etl-airflow/airflow-apache/lib/python3.11/site-packages/airflow/example_dags/example_complex.py
[2025-04-27T20:45:38.453-0300] {processor.py:830} INFO - Processing file /home/facuvega/Descargas/crypto-etl-airflow/airflow-apache/lib/python3.11/site-packages/airflow/example_dags/example_complex.py for tasks to queue
[2025-04-27T20:45:38.455-0300] {logging_mixin.py:188} INFO - [2025-04-27T20:45:38.454-0300] {dagbag.py:540} INFO - Filling up the DagBag from /home/facuvega/Descargas/crypto-etl-airflow/airflow-apache/lib/python3.11/site-packages/airflow/example_dags/example_complex.py
[2025-04-27T20:45:38.466-0300] {processor.py:840} INFO - DAG(s) 'example_complex' retrieved from /home/facuvega/Descargas/crypto-etl-airflow/airflow-apache/lib/python3.11/site-packages/airflow/example_dags/example_complex.py
[2025-04-27T20:45:38.490-0300] {logging_mixin.py:188} INFO - [2025-04-27T20:45:38.490-0300] {dag.py:3096} INFO - Sync 1 DAGs
[2025-04-27T20:45:38.499-0300] {logging_mixin.py:188} INFO - [2025-04-27T20:45:38.499-0300] {dag.py:3954} INFO - Setting next_dagrun for example_complex to None, run_after=None
[2025-04-27T20:45:38.512-0300] {processor.py:183} INFO - Processing /home/facuvega/Descargas/crypto-etl-airflow/airflow-apache/lib/python3.11/site-packages/airflow/example_dags/example_complex.py took 0.067 seconds
[2025-04-27T20:46:34.728-0300] {processor.py:161} INFO - Started process (PID=20405) to work on /home/facuvega/Descargas/crypto-etl-airflow/airflow-apache/lib/python3.11/site-packages/airflow/example_dags/example_complex.py
[2025-04-27T20:46:34.729-0300] {processor.py:830} INFO - Processing file /home/facuvega/Descargas/crypto-etl-airflow/airflow-apache/lib/python3.11/site-packages/airflow/example_dags/example_complex.py for tasks to queue
[2025-04-27T20:46:34.731-0300] {logging_mixin.py:188} INFO - [2025-04-27T20:46:34.730-0300] {dagbag.py:540} INFO - Filling up the DagBag from /home/facuvega/Descargas/crypto-etl-airflow/airflow-apache/lib/python3.11/site-packages/airflow/example_dags/example_complex.py
[2025-04-27T20:46:34.743-0300] {processor.py:840} INFO - DAG(s) 'example_complex' retrieved from /home/facuvega/Descargas/crypto-etl-airflow/airflow-apache/lib/python3.11/site-packages/airflow/example_dags/example_complex.py
[2025-04-27T20:46:34.770-0300] {logging_mixin.py:188} INFO - [2025-04-27T20:46:34.769-0300] {dag.py:3096} INFO - Sync 1 DAGs
[2025-04-27T20:46:34.782-0300] {logging_mixin.py:188} INFO - [2025-04-27T20:46:34.782-0300] {dag.py:3954} INFO - Setting next_dagrun for example_complex to None, run_after=None
[2025-04-27T20:46:34.801-0300] {processor.py:183} INFO - Processing /home/facuvega/Descargas/crypto-etl-airflow/airflow-apache/lib/python3.11/site-packages/airflow/example_dags/example_complex.py took 0.079 seconds
[2025-04-27T20:47:35.209-0300] {processor.py:161} INFO - Started process (PID=20868) to work on /home/facuvega/Descargas/crypto-etl-airflow/airflow-apache/lib/python3.11/site-packages/airflow/example_dags/example_complex.py
[2025-04-27T20:47:35.212-0300] {processor.py:830} INFO - Processing file /home/facuvega/Descargas/crypto-etl-airflow/airflow-apache/lib/python3.11/site-packages/airflow/example_dags/example_complex.py for tasks to queue
[2025-04-27T20:47:35.215-0300] {logging_mixin.py:188} INFO - [2025-04-27T20:47:35.215-0300] {dagbag.py:540} INFO - Filling up the DagBag from /home/facuvega/Descargas/crypto-etl-airflow/airflow-apache/lib/python3.11/site-packages/airflow/example_dags/example_complex.py
[2025-04-27T20:47:35.226-0300] {processor.py:840} INFO - DAG(s) 'example_complex' retrieved from /home/facuvega/Descargas/crypto-etl-airflow/airflow-apache/lib/python3.11/site-packages/airflow/example_dags/example_complex.py
[2025-04-27T20:47:35.247-0300] {logging_mixin.py:188} INFO - [2025-04-27T20:47:35.247-0300] {dag.py:3096} INFO - Sync 1 DAGs
[2025-04-27T20:47:35.256-0300] {logging_mixin.py:188} INFO - [2025-04-27T20:47:35.255-0300] {dag.py:3954} INFO - Setting next_dagrun for example_complex to None, run_after=None
[2025-04-27T20:47:35.270-0300] {processor.py:183} INFO - Processing /home/facuvega/Descargas/crypto-etl-airflow/airflow-apache/lib/python3.11/site-packages/airflow/example_dags/example_complex.py took 0.073 seconds
[2025-04-27T20:48:36.642-0300] {processor.py:161} INFO - Started process (PID=21227) to work on /home/facuvega/Descargas/crypto-etl-airflow/airflow-apache/lib/python3.11/site-packages/airflow/example_dags/example_complex.py
[2025-04-27T20:48:36.643-0300] {processor.py:830} INFO - Processing file /home/facuvega/Descargas/crypto-etl-airflow/airflow-apache/lib/python3.11/site-packages/airflow/example_dags/example_complex.py for tasks to queue
[2025-04-27T20:48:36.645-0300] {logging_mixin.py:188} INFO - [2025-04-27T20:48:36.644-0300] {dagbag.py:540} INFO - Filling up the DagBag from /home/facuvega/Descargas/crypto-etl-airflow/airflow-apache/lib/python3.11/site-packages/airflow/example_dags/example_complex.py
[2025-04-27T20:48:36.659-0300] {processor.py:840} INFO - DAG(s) 'example_complex' retrieved from /home/facuvega/Descargas/crypto-etl-airflow/airflow-apache/lib/python3.11/site-packages/airflow/example_dags/example_complex.py
[2025-04-27T20:48:36.686-0300] {logging_mixin.py:188} INFO - [2025-04-27T20:48:36.686-0300] {dag.py:3096} INFO - Sync 1 DAGs
[2025-04-27T20:48:36.700-0300] {logging_mixin.py:188} INFO - [2025-04-27T20:48:36.700-0300] {dag.py:3954} INFO - Setting next_dagrun for example_complex to None, run_after=None
[2025-04-27T20:48:36.720-0300] {processor.py:183} INFO - Processing /home/facuvega/Descargas/crypto-etl-airflow/airflow-apache/lib/python3.11/site-packages/airflow/example_dags/example_complex.py took 0.084 seconds
[2025-04-27T20:49:44.773-0300] {processor.py:161} INFO - Started process (PID=21711) to work on /home/facuvega/Descargas/crypto-etl-airflow/airflow-apache/lib/python3.11/site-packages/airflow/example_dags/example_complex.py
[2025-04-27T20:49:44.774-0300] {processor.py:830} INFO - Processing file /home/facuvega/Descargas/crypto-etl-airflow/airflow-apache/lib/python3.11/site-packages/airflow/example_dags/example_complex.py for tasks to queue
[2025-04-27T20:49:44.776-0300] {logging_mixin.py:188} INFO - [2025-04-27T20:49:44.776-0300] {dagbag.py:540} INFO - Filling up the DagBag from /home/facuvega/Descargas/crypto-etl-airflow/airflow-apache/lib/python3.11/site-packages/airflow/example_dags/example_complex.py
[2025-04-27T20:49:44.785-0300] {processor.py:840} INFO - DAG(s) 'example_complex' retrieved from /home/facuvega/Descargas/crypto-etl-airflow/airflow-apache/lib/python3.11/site-packages/airflow/example_dags/example_complex.py
[2025-04-27T20:49:44.804-0300] {logging_mixin.py:188} INFO - [2025-04-27T20:49:44.804-0300] {dag.py:3096} INFO - Sync 1 DAGs
[2025-04-27T20:49:44.813-0300] {logging_mixin.py:188} INFO - [2025-04-27T20:49:44.813-0300] {dag.py:3954} INFO - Setting next_dagrun for example_complex to None, run_after=None
[2025-04-27T20:49:44.827-0300] {processor.py:183} INFO - Processing /home/facuvega/Descargas/crypto-etl-airflow/airflow-apache/lib/python3.11/site-packages/airflow/example_dags/example_complex.py took 0.059 seconds
[2025-04-27T20:50:50.682-0300] {processor.py:161} INFO - Started process (PID=22055) to work on /home/facuvega/Descargas/crypto-etl-airflow/airflow-apache/lib/python3.11/site-packages/airflow/example_dags/example_complex.py
[2025-04-27T20:50:50.683-0300] {processor.py:830} INFO - Processing file /home/facuvega/Descargas/crypto-etl-airflow/airflow-apache/lib/python3.11/site-packages/airflow/example_dags/example_complex.py for tasks to queue
[2025-04-27T20:50:50.685-0300] {logging_mixin.py:188} INFO - [2025-04-27T20:50:50.684-0300] {dagbag.py:540} INFO - Filling up the DagBag from /home/facuvega/Descargas/crypto-etl-airflow/airflow-apache/lib/python3.11/site-packages/airflow/example_dags/example_complex.py
[2025-04-27T20:50:50.693-0300] {processor.py:840} INFO - DAG(s) 'example_complex' retrieved from /home/facuvega/Descargas/crypto-etl-airflow/airflow-apache/lib/python3.11/site-packages/airflow/example_dags/example_complex.py
[2025-04-27T20:50:50.711-0300] {logging_mixin.py:188} INFO - [2025-04-27T20:50:50.711-0300] {dag.py:3096} INFO - Sync 1 DAGs
[2025-04-27T20:50:50.720-0300] {logging_mixin.py:188} INFO - [2025-04-27T20:50:50.720-0300] {dag.py:3954} INFO - Setting next_dagrun for example_complex to None, run_after=None
[2025-04-27T20:50:50.733-0300] {processor.py:183} INFO - Processing /home/facuvega/Descargas/crypto-etl-airflow/airflow-apache/lib/python3.11/site-packages/airflow/example_dags/example_complex.py took 0.058 seconds
[2025-04-27T20:51:47.751-0300] {processor.py:161} INFO - Started process (PID=22568) to work on /home/facuvega/Descargas/crypto-etl-airflow/airflow-apache/lib/python3.11/site-packages/airflow/example_dags/example_complex.py
[2025-04-27T20:51:47.753-0300] {processor.py:830} INFO - Processing file /home/facuvega/Descargas/crypto-etl-airflow/airflow-apache/lib/python3.11/site-packages/airflow/example_dags/example_complex.py for tasks to queue
[2025-04-27T20:51:47.755-0300] {logging_mixin.py:188} INFO - [2025-04-27T20:51:47.754-0300] {dagbag.py:540} INFO - Filling up the DagBag from /home/facuvega/Descargas/crypto-etl-airflow/airflow-apache/lib/python3.11/site-packages/airflow/example_dags/example_complex.py
[2025-04-27T20:51:47.766-0300] {processor.py:840} INFO - DAG(s) 'example_complex' retrieved from /home/facuvega/Descargas/crypto-etl-airflow/airflow-apache/lib/python3.11/site-packages/airflow/example_dags/example_complex.py
[2025-04-27T20:51:47.784-0300] {logging_mixin.py:188} INFO - [2025-04-27T20:51:47.784-0300] {dag.py:3096} INFO - Sync 1 DAGs
[2025-04-27T20:51:47.793-0300] {logging_mixin.py:188} INFO - [2025-04-27T20:51:47.793-0300] {dag.py:3954} INFO - Setting next_dagrun for example_complex to None, run_after=None
[2025-04-27T20:51:47.807-0300] {processor.py:183} INFO - Processing /home/facuvega/Descargas/crypto-etl-airflow/airflow-apache/lib/python3.11/site-packages/airflow/example_dags/example_complex.py took 0.063 seconds
