[2025-04-27T20:09:47.264-0300] {processor.py:161} INFO - Started process (PID=9068) to work on /home/facuvega/Descargas/crypto-etl-airflow/airflow-apache/lib/python3.11/site-packages/airflow/example_dags/example_xcom.py
[2025-04-27T20:09:47.265-0300] {processor.py:830} INFO - Processing file /home/facuvega/Descargas/crypto-etl-airflow/airflow-apache/lib/python3.11/site-packages/airflow/example_dags/example_xcom.py for tasks to queue
[2025-04-27T20:09:47.268-0300] {logging_mixin.py:188} INFO - [2025-04-27T20:09:47.268-0300] {dagbag.py:540} INFO - Filling up the DagBag from /home/facuvega/Descargas/crypto-etl-airflow/airflow-apache/lib/python3.11/site-packages/airflow/example_dags/example_xcom.py
[2025-04-27T20:09:47.281-0300] {processor.py:840} INFO - DAG(s) 'example_xcom' retrieved from /home/facuvega/Descargas/crypto-etl-airflow/airflow-apache/lib/python3.11/site-packages/airflow/example_dags/example_xcom.py
[2025-04-27T20:09:47.534-0300] {logging_mixin.py:188} INFO - [2025-04-27T20:09:47.533-0300] {override.py:1829} INFO - Created Permission View: can edit on DAG:example_xcom
[2025-04-27T20:09:47.542-0300] {logging_mixin.py:188} INFO - [2025-04-27T20:09:47.541-0300] {override.py:1829} INFO - Created Permission View: can delete on DAG:example_xcom
[2025-04-27T20:09:47.548-0300] {logging_mixin.py:188} INFO - [2025-04-27T20:09:47.548-0300] {override.py:1829} INFO - Created Permission View: can read on DAG:example_xcom
[2025-04-27T20:09:47.548-0300] {logging_mixin.py:188} INFO - [2025-04-27T20:09:47.548-0300] {dag.py:3096} INFO - Sync 1 DAGs
[2025-04-27T20:09:47.560-0300] {logging_mixin.py:188} INFO - [2025-04-27T20:09:47.560-0300] {dag.py:3118} INFO - Creating ORM DAG for example_xcom
[2025-04-27T20:09:47.568-0300] {logging_mixin.py:188} INFO - [2025-04-27T20:09:47.568-0300] {dag.py:3954} INFO - Setting next_dagrun for example_xcom to 2021-01-01 00:00:00+00:00, run_after=2021-01-01 00:00:00+00:00
[2025-04-27T20:09:47.587-0300] {processor.py:183} INFO - Processing /home/facuvega/Descargas/crypto-etl-airflow/airflow-apache/lib/python3.11/site-packages/airflow/example_dags/example_xcom.py took 0.337 seconds
[2025-04-27T20:10:51.662-0300] {processor.py:161} INFO - Started process (PID=9752) to work on /home/facuvega/Descargas/crypto-etl-airflow/airflow-apache/lib/python3.11/site-packages/airflow/example_dags/example_xcom.py
[2025-04-27T20:10:51.663-0300] {processor.py:830} INFO - Processing file /home/facuvega/Descargas/crypto-etl-airflow/airflow-apache/lib/python3.11/site-packages/airflow/example_dags/example_xcom.py for tasks to queue
[2025-04-27T20:10:51.665-0300] {logging_mixin.py:188} INFO - [2025-04-27T20:10:51.664-0300] {dagbag.py:540} INFO - Filling up the DagBag from /home/facuvega/Descargas/crypto-etl-airflow/airflow-apache/lib/python3.11/site-packages/airflow/example_dags/example_xcom.py
[2025-04-27T20:10:51.674-0300] {processor.py:840} INFO - DAG(s) 'example_xcom' retrieved from /home/facuvega/Descargas/crypto-etl-airflow/airflow-apache/lib/python3.11/site-packages/airflow/example_dags/example_xcom.py
[2025-04-27T20:10:51.690-0300] {logging_mixin.py:188} INFO - [2025-04-27T20:10:51.689-0300] {dag.py:3096} INFO - Sync 1 DAGs
[2025-04-27T20:10:51.705-0300] {logging_mixin.py:188} INFO - [2025-04-27T20:10:51.705-0300] {dag.py:3954} INFO - Setting next_dagrun for example_xcom to 2021-01-01 00:00:00+00:00, run_after=2021-01-01 00:00:00+00:00
[2025-04-27T20:10:51.721-0300] {processor.py:183} INFO - Processing /home/facuvega/Descargas/crypto-etl-airflow/airflow-apache/lib/python3.11/site-packages/airflow/example_dags/example_xcom.py took 0.066 seconds
[2025-04-27T20:11:42.225-0300] {processor.py:161} INFO - Started process (PID=10069) to work on /home/facuvega/Descargas/crypto-etl-airflow/airflow-apache/lib/python3.11/site-packages/airflow/example_dags/example_xcom.py
[2025-04-27T20:11:42.226-0300] {processor.py:830} INFO - Processing file /home/facuvega/Descargas/crypto-etl-airflow/airflow-apache/lib/python3.11/site-packages/airflow/example_dags/example_xcom.py for tasks to queue
[2025-04-27T20:11:42.227-0300] {logging_mixin.py:188} INFO - [2025-04-27T20:11:42.227-0300] {dagbag.py:540} INFO - Filling up the DagBag from /home/facuvega/Descargas/crypto-etl-airflow/airflow-apache/lib/python3.11/site-packages/airflow/example_dags/example_xcom.py
[2025-04-27T20:11:42.234-0300] {processor.py:840} INFO - DAG(s) 'example_xcom' retrieved from /home/facuvega/Descargas/crypto-etl-airflow/airflow-apache/lib/python3.11/site-packages/airflow/example_dags/example_xcom.py
[2025-04-27T20:11:42.248-0300] {logging_mixin.py:188} INFO - [2025-04-27T20:11:42.248-0300] {dag.py:3096} INFO - Sync 1 DAGs
[2025-04-27T20:11:42.261-0300] {logging_mixin.py:188} INFO - [2025-04-27T20:11:42.261-0300] {dag.py:3954} INFO - Setting next_dagrun for example_xcom to 2021-01-01 00:00:00+00:00, run_after=2021-01-01 00:00:00+00:00
[2025-04-27T20:11:42.274-0300] {processor.py:183} INFO - Processing /home/facuvega/Descargas/crypto-etl-airflow/airflow-apache/lib/python3.11/site-packages/airflow/example_dags/example_xcom.py took 0.054 seconds
[2025-04-27T20:12:23.228-0300] {processor.py:161} INFO - Started process (PID=10297) to work on /home/facuvega/Descargas/crypto-etl-airflow/airflow-apache/lib/python3.11/site-packages/airflow/example_dags/example_xcom.py
[2025-04-27T20:12:23.229-0300] {processor.py:830} INFO - Processing file /home/facuvega/Descargas/crypto-etl-airflow/airflow-apache/lib/python3.11/site-packages/airflow/example_dags/example_xcom.py for tasks to queue
[2025-04-27T20:12:23.231-0300] {logging_mixin.py:188} INFO - [2025-04-27T20:12:23.230-0300] {dagbag.py:540} INFO - Filling up the DagBag from /home/facuvega/Descargas/crypto-etl-airflow/airflow-apache/lib/python3.11/site-packages/airflow/example_dags/example_xcom.py
[2025-04-27T20:12:23.238-0300] {processor.py:840} INFO - DAG(s) 'example_xcom' retrieved from /home/facuvega/Descargas/crypto-etl-airflow/airflow-apache/lib/python3.11/site-packages/airflow/example_dags/example_xcom.py
[2025-04-27T20:12:23.251-0300] {logging_mixin.py:188} INFO - [2025-04-27T20:12:23.251-0300] {dag.py:3096} INFO - Sync 1 DAGs
[2025-04-27T20:12:23.268-0300] {logging_mixin.py:188} INFO - [2025-04-27T20:12:23.267-0300] {dag.py:3954} INFO - Setting next_dagrun for example_xcom to 2021-01-01 00:00:00+00:00, run_after=2021-01-01 00:00:00+00:00
[2025-04-27T20:12:23.282-0300] {processor.py:183} INFO - Processing /home/facuvega/Descargas/crypto-etl-airflow/airflow-apache/lib/python3.11/site-packages/airflow/example_dags/example_xcom.py took 0.059 seconds
[2025-04-27T20:13:06.225-0300] {processor.py:161} INFO - Started process (PID=10594) to work on /home/facuvega/Descargas/crypto-etl-airflow/airflow-apache/lib/python3.11/site-packages/airflow/example_dags/example_xcom.py
[2025-04-27T20:13:06.226-0300] {processor.py:830} INFO - Processing file /home/facuvega/Descargas/crypto-etl-airflow/airflow-apache/lib/python3.11/site-packages/airflow/example_dags/example_xcom.py for tasks to queue
[2025-04-27T20:13:06.228-0300] {logging_mixin.py:188} INFO - [2025-04-27T20:13:06.228-0300] {dagbag.py:540} INFO - Filling up the DagBag from /home/facuvega/Descargas/crypto-etl-airflow/airflow-apache/lib/python3.11/site-packages/airflow/example_dags/example_xcom.py
[2025-04-27T20:13:06.236-0300] {processor.py:840} INFO - DAG(s) 'example_xcom' retrieved from /home/facuvega/Descargas/crypto-etl-airflow/airflow-apache/lib/python3.11/site-packages/airflow/example_dags/example_xcom.py
[2025-04-27T20:13:06.254-0300] {logging_mixin.py:188} INFO - [2025-04-27T20:13:06.253-0300] {dag.py:3096} INFO - Sync 1 DAGs
[2025-04-27T20:13:06.270-0300] {logging_mixin.py:188} INFO - [2025-04-27T20:13:06.269-0300] {dag.py:3954} INFO - Setting next_dagrun for example_xcom to 2021-01-01 00:00:00+00:00, run_after=2021-01-01 00:00:00+00:00
[2025-04-27T20:13:06.284-0300] {processor.py:183} INFO - Processing /home/facuvega/Descargas/crypto-etl-airflow/airflow-apache/lib/python3.11/site-packages/airflow/example_dags/example_xcom.py took 0.065 seconds
[2025-04-27T20:13:43.528-0300] {processor.py:161} INFO - Started process (PID=10773) to work on /home/facuvega/Descargas/crypto-etl-airflow/airflow-apache/lib/python3.11/site-packages/airflow/example_dags/example_xcom.py
[2025-04-27T20:13:43.529-0300] {processor.py:830} INFO - Processing file /home/facuvega/Descargas/crypto-etl-airflow/airflow-apache/lib/python3.11/site-packages/airflow/example_dags/example_xcom.py for tasks to queue
[2025-04-27T20:13:43.531-0300] {logging_mixin.py:188} INFO - [2025-04-27T20:13:43.531-0300] {dagbag.py:540} INFO - Filling up the DagBag from /home/facuvega/Descargas/crypto-etl-airflow/airflow-apache/lib/python3.11/site-packages/airflow/example_dags/example_xcom.py
[2025-04-27T20:13:43.539-0300] {processor.py:840} INFO - DAG(s) 'example_xcom' retrieved from /home/facuvega/Descargas/crypto-etl-airflow/airflow-apache/lib/python3.11/site-packages/airflow/example_dags/example_xcom.py
[2025-04-27T20:13:43.556-0300] {logging_mixin.py:188} INFO - [2025-04-27T20:13:43.555-0300] {dag.py:3096} INFO - Sync 1 DAGs
[2025-04-27T20:13:43.572-0300] {logging_mixin.py:188} INFO - [2025-04-27T20:13:43.571-0300] {dag.py:3954} INFO - Setting next_dagrun for example_xcom to 2021-01-01 00:00:00+00:00, run_after=2021-01-01 00:00:00+00:00
[2025-04-27T20:13:43.585-0300] {processor.py:183} INFO - Processing /home/facuvega/Descargas/crypto-etl-airflow/airflow-apache/lib/python3.11/site-packages/airflow/example_dags/example_xcom.py took 0.062 seconds
[2025-04-27T20:14:21.457-0300] {processor.py:161} INFO - Started process (PID=10940) to work on /home/facuvega/Descargas/crypto-etl-airflow/airflow-apache/lib/python3.11/site-packages/airflow/example_dags/example_xcom.py
[2025-04-27T20:14:21.458-0300] {processor.py:830} INFO - Processing file /home/facuvega/Descargas/crypto-etl-airflow/airflow-apache/lib/python3.11/site-packages/airflow/example_dags/example_xcom.py for tasks to queue
[2025-04-27T20:14:21.459-0300] {logging_mixin.py:188} INFO - [2025-04-27T20:14:21.459-0300] {dagbag.py:540} INFO - Filling up the DagBag from /home/facuvega/Descargas/crypto-etl-airflow/airflow-apache/lib/python3.11/site-packages/airflow/example_dags/example_xcom.py
[2025-04-27T20:14:21.467-0300] {processor.py:840} INFO - DAG(s) 'example_xcom' retrieved from /home/facuvega/Descargas/crypto-etl-airflow/airflow-apache/lib/python3.11/site-packages/airflow/example_dags/example_xcom.py
[2025-04-27T20:14:21.480-0300] {logging_mixin.py:188} INFO - [2025-04-27T20:14:21.480-0300] {dag.py:3096} INFO - Sync 1 DAGs
[2025-04-27T20:14:21.493-0300] {logging_mixin.py:188} INFO - [2025-04-27T20:14:21.493-0300] {dag.py:3954} INFO - Setting next_dagrun for example_xcom to 2021-01-01 00:00:00+00:00, run_after=2021-01-01 00:00:00+00:00
[2025-04-27T20:14:21.507-0300] {processor.py:183} INFO - Processing /home/facuvega/Descargas/crypto-etl-airflow/airflow-apache/lib/python3.11/site-packages/airflow/example_dags/example_xcom.py took 0.055 seconds
[2025-04-27T20:15:03.993-0300] {processor.py:161} INFO - Started process (PID=11159) to work on /home/facuvega/Descargas/crypto-etl-airflow/airflow-apache/lib/python3.11/site-packages/airflow/example_dags/example_xcom.py
[2025-04-27T20:15:03.994-0300] {processor.py:830} INFO - Processing file /home/facuvega/Descargas/crypto-etl-airflow/airflow-apache/lib/python3.11/site-packages/airflow/example_dags/example_xcom.py for tasks to queue
[2025-04-27T20:15:03.996-0300] {logging_mixin.py:188} INFO - [2025-04-27T20:15:03.995-0300] {dagbag.py:540} INFO - Filling up the DagBag from /home/facuvega/Descargas/crypto-etl-airflow/airflow-apache/lib/python3.11/site-packages/airflow/example_dags/example_xcom.py
[2025-04-27T20:15:04.003-0300] {processor.py:840} INFO - DAG(s) 'example_xcom' retrieved from /home/facuvega/Descargas/crypto-etl-airflow/airflow-apache/lib/python3.11/site-packages/airflow/example_dags/example_xcom.py
[2025-04-27T20:15:04.017-0300] {logging_mixin.py:188} INFO - [2025-04-27T20:15:04.017-0300] {dag.py:3096} INFO - Sync 1 DAGs
[2025-04-27T20:15:04.033-0300] {logging_mixin.py:188} INFO - [2025-04-27T20:15:04.033-0300] {dag.py:3954} INFO - Setting next_dagrun for example_xcom to 2021-01-01 00:00:00+00:00, run_after=2021-01-01 00:00:00+00:00
[2025-04-27T20:15:04.048-0300] {processor.py:183} INFO - Processing /home/facuvega/Descargas/crypto-etl-airflow/airflow-apache/lib/python3.11/site-packages/airflow/example_dags/example_xcom.py took 0.060 seconds
[2025-04-27T20:15:42.744-0300] {processor.py:161} INFO - Started process (PID=11342) to work on /home/facuvega/Descargas/crypto-etl-airflow/airflow-apache/lib/python3.11/site-packages/airflow/example_dags/example_xcom.py
[2025-04-27T20:15:42.745-0300] {processor.py:830} INFO - Processing file /home/facuvega/Descargas/crypto-etl-airflow/airflow-apache/lib/python3.11/site-packages/airflow/example_dags/example_xcom.py for tasks to queue
[2025-04-27T20:15:42.747-0300] {logging_mixin.py:188} INFO - [2025-04-27T20:15:42.746-0300] {dagbag.py:540} INFO - Filling up the DagBag from /home/facuvega/Descargas/crypto-etl-airflow/airflow-apache/lib/python3.11/site-packages/airflow/example_dags/example_xcom.py
[2025-04-27T20:15:42.754-0300] {processor.py:840} INFO - DAG(s) 'example_xcom' retrieved from /home/facuvega/Descargas/crypto-etl-airflow/airflow-apache/lib/python3.11/site-packages/airflow/example_dags/example_xcom.py
[2025-04-27T20:15:42.767-0300] {logging_mixin.py:188} INFO - [2025-04-27T20:15:42.767-0300] {dag.py:3096} INFO - Sync 1 DAGs
[2025-04-27T20:15:42.781-0300] {logging_mixin.py:188} INFO - [2025-04-27T20:15:42.781-0300] {dag.py:3954} INFO - Setting next_dagrun for example_xcom to 2021-01-01 00:00:00+00:00, run_after=2021-01-01 00:00:00+00:00
[2025-04-27T20:15:42.795-0300] {processor.py:183} INFO - Processing /home/facuvega/Descargas/crypto-etl-airflow/airflow-apache/lib/python3.11/site-packages/airflow/example_dags/example_xcom.py took 0.055 seconds
[2025-04-27T20:16:22.470-0300] {processor.py:161} INFO - Started process (PID=11519) to work on /home/facuvega/Descargas/crypto-etl-airflow/airflow-apache/lib/python3.11/site-packages/airflow/example_dags/example_xcom.py
[2025-04-27T20:16:22.472-0300] {processor.py:830} INFO - Processing file /home/facuvega/Descargas/crypto-etl-airflow/airflow-apache/lib/python3.11/site-packages/airflow/example_dags/example_xcom.py for tasks to queue
[2025-04-27T20:16:22.473-0300] {logging_mixin.py:188} INFO - [2025-04-27T20:16:22.473-0300] {dagbag.py:540} INFO - Filling up the DagBag from /home/facuvega/Descargas/crypto-etl-airflow/airflow-apache/lib/python3.11/site-packages/airflow/example_dags/example_xcom.py
[2025-04-27T20:16:22.481-0300] {processor.py:840} INFO - DAG(s) 'example_xcom' retrieved from /home/facuvega/Descargas/crypto-etl-airflow/airflow-apache/lib/python3.11/site-packages/airflow/example_dags/example_xcom.py
[2025-04-27T20:16:22.495-0300] {logging_mixin.py:188} INFO - [2025-04-27T20:16:22.495-0300] {dag.py:3096} INFO - Sync 1 DAGs
[2025-04-27T20:16:22.509-0300] {logging_mixin.py:188} INFO - [2025-04-27T20:16:22.509-0300] {dag.py:3954} INFO - Setting next_dagrun for example_xcom to 2021-01-01 00:00:00+00:00, run_after=2021-01-01 00:00:00+00:00
[2025-04-27T20:16:22.524-0300] {processor.py:183} INFO - Processing /home/facuvega/Descargas/crypto-etl-airflow/airflow-apache/lib/python3.11/site-packages/airflow/example_dags/example_xcom.py took 0.061 seconds
[2025-04-27T20:17:04.929-0300] {processor.py:161} INFO - Started process (PID=11712) to work on /home/facuvega/Descargas/crypto-etl-airflow/airflow-apache/lib/python3.11/site-packages/airflow/example_dags/example_xcom.py
[2025-04-27T20:17:04.930-0300] {processor.py:830} INFO - Processing file /home/facuvega/Descargas/crypto-etl-airflow/airflow-apache/lib/python3.11/site-packages/airflow/example_dags/example_xcom.py for tasks to queue
[2025-04-27T20:17:04.932-0300] {logging_mixin.py:188} INFO - [2025-04-27T20:17:04.931-0300] {dagbag.py:540} INFO - Filling up the DagBag from /home/facuvega/Descargas/crypto-etl-airflow/airflow-apache/lib/python3.11/site-packages/airflow/example_dags/example_xcom.py
[2025-04-27T20:17:04.939-0300] {processor.py:840} INFO - DAG(s) 'example_xcom' retrieved from /home/facuvega/Descargas/crypto-etl-airflow/airflow-apache/lib/python3.11/site-packages/airflow/example_dags/example_xcom.py
[2025-04-27T20:17:04.954-0300] {logging_mixin.py:188} INFO - [2025-04-27T20:17:04.954-0300] {dag.py:3096} INFO - Sync 1 DAGs
[2025-04-27T20:17:04.969-0300] {logging_mixin.py:188} INFO - [2025-04-27T20:17:04.969-0300] {dag.py:3954} INFO - Setting next_dagrun for example_xcom to 2021-01-01 00:00:00+00:00, run_after=2021-01-01 00:00:00+00:00
[2025-04-27T20:17:04.986-0300] {processor.py:183} INFO - Processing /home/facuvega/Descargas/crypto-etl-airflow/airflow-apache/lib/python3.11/site-packages/airflow/example_dags/example_xcom.py took 0.062 seconds
[2025-04-27T20:17:47.389-0300] {processor.py:161} INFO - Started process (PID=11986) to work on /home/facuvega/Descargas/crypto-etl-airflow/airflow-apache/lib/python3.11/site-packages/airflow/example_dags/example_xcom.py
[2025-04-27T20:17:47.390-0300] {processor.py:830} INFO - Processing file /home/facuvega/Descargas/crypto-etl-airflow/airflow-apache/lib/python3.11/site-packages/airflow/example_dags/example_xcom.py for tasks to queue
[2025-04-27T20:17:47.392-0300] {logging_mixin.py:188} INFO - [2025-04-27T20:17:47.392-0300] {dagbag.py:540} INFO - Filling up the DagBag from /home/facuvega/Descargas/crypto-etl-airflow/airflow-apache/lib/python3.11/site-packages/airflow/example_dags/example_xcom.py
[2025-04-27T20:17:47.399-0300] {processor.py:840} INFO - DAG(s) 'example_xcom' retrieved from /home/facuvega/Descargas/crypto-etl-airflow/airflow-apache/lib/python3.11/site-packages/airflow/example_dags/example_xcom.py
[2025-04-27T20:17:47.411-0300] {logging_mixin.py:188} INFO - [2025-04-27T20:17:47.411-0300] {dag.py:3096} INFO - Sync 1 DAGs
[2025-04-27T20:17:47.424-0300] {logging_mixin.py:188} INFO - [2025-04-27T20:17:47.423-0300] {dag.py:3954} INFO - Setting next_dagrun for example_xcom to 2021-01-01 00:00:00+00:00, run_after=2021-01-01 00:00:00+00:00
[2025-04-27T20:17:47.437-0300] {processor.py:183} INFO - Processing /home/facuvega/Descargas/crypto-etl-airflow/airflow-apache/lib/python3.11/site-packages/airflow/example_dags/example_xcom.py took 0.052 seconds
[2025-04-27T20:18:25.869-0300] {processor.py:161} INFO - Started process (PID=12207) to work on /home/facuvega/Descargas/crypto-etl-airflow/airflow-apache/lib/python3.11/site-packages/airflow/example_dags/example_xcom.py
[2025-04-27T20:18:25.870-0300] {processor.py:830} INFO - Processing file /home/facuvega/Descargas/crypto-etl-airflow/airflow-apache/lib/python3.11/site-packages/airflow/example_dags/example_xcom.py for tasks to queue
[2025-04-27T20:18:25.872-0300] {logging_mixin.py:188} INFO - [2025-04-27T20:18:25.872-0300] {dagbag.py:540} INFO - Filling up the DagBag from /home/facuvega/Descargas/crypto-etl-airflow/airflow-apache/lib/python3.11/site-packages/airflow/example_dags/example_xcom.py
[2025-04-27T20:18:25.881-0300] {processor.py:840} INFO - DAG(s) 'example_xcom' retrieved from /home/facuvega/Descargas/crypto-etl-airflow/airflow-apache/lib/python3.11/site-packages/airflow/example_dags/example_xcom.py
[2025-04-27T20:18:25.895-0300] {logging_mixin.py:188} INFO - [2025-04-27T20:18:25.895-0300] {dag.py:3096} INFO - Sync 1 DAGs
[2025-04-27T20:18:25.911-0300] {logging_mixin.py:188} INFO - [2025-04-27T20:18:25.910-0300] {dag.py:3954} INFO - Setting next_dagrun for example_xcom to 2021-01-01 00:00:00+00:00, run_after=2021-01-01 00:00:00+00:00
[2025-04-27T20:18:25.931-0300] {processor.py:183} INFO - Processing /home/facuvega/Descargas/crypto-etl-airflow/airflow-apache/lib/python3.11/site-packages/airflow/example_dags/example_xcom.py took 0.070 seconds
[2025-04-27T20:19:05.886-0300] {processor.py:161} INFO - Started process (PID=12388) to work on /home/facuvega/Descargas/crypto-etl-airflow/airflow-apache/lib/python3.11/site-packages/airflow/example_dags/example_xcom.py
[2025-04-27T20:19:05.887-0300] {processor.py:830} INFO - Processing file /home/facuvega/Descargas/crypto-etl-airflow/airflow-apache/lib/python3.11/site-packages/airflow/example_dags/example_xcom.py for tasks to queue
[2025-04-27T20:19:05.890-0300] {logging_mixin.py:188} INFO - [2025-04-27T20:19:05.890-0300] {dagbag.py:540} INFO - Filling up the DagBag from /home/facuvega/Descargas/crypto-etl-airflow/airflow-apache/lib/python3.11/site-packages/airflow/example_dags/example_xcom.py
[2025-04-27T20:19:05.898-0300] {processor.py:840} INFO - DAG(s) 'example_xcom' retrieved from /home/facuvega/Descargas/crypto-etl-airflow/airflow-apache/lib/python3.11/site-packages/airflow/example_dags/example_xcom.py
[2025-04-27T20:19:05.913-0300] {logging_mixin.py:188} INFO - [2025-04-27T20:19:05.913-0300] {dag.py:3096} INFO - Sync 1 DAGs
[2025-04-27T20:19:05.930-0300] {logging_mixin.py:188} INFO - [2025-04-27T20:19:05.930-0300] {dag.py:3954} INFO - Setting next_dagrun for example_xcom to 2021-01-01 00:00:00+00:00, run_after=2021-01-01 00:00:00+00:00
[2025-04-27T20:19:05.945-0300] {processor.py:183} INFO - Processing /home/facuvega/Descargas/crypto-etl-airflow/airflow-apache/lib/python3.11/site-packages/airflow/example_dags/example_xcom.py took 0.063 seconds
[2025-04-27T20:19:44.626-0300] {processor.py:161} INFO - Started process (PID=12590) to work on /home/facuvega/Descargas/crypto-etl-airflow/airflow-apache/lib/python3.11/site-packages/airflow/example_dags/example_xcom.py
[2025-04-27T20:19:44.627-0300] {processor.py:830} INFO - Processing file /home/facuvega/Descargas/crypto-etl-airflow/airflow-apache/lib/python3.11/site-packages/airflow/example_dags/example_xcom.py for tasks to queue
[2025-04-27T20:19:44.629-0300] {logging_mixin.py:188} INFO - [2025-04-27T20:19:44.628-0300] {dagbag.py:540} INFO - Filling up the DagBag from /home/facuvega/Descargas/crypto-etl-airflow/airflow-apache/lib/python3.11/site-packages/airflow/example_dags/example_xcom.py
[2025-04-27T20:19:44.637-0300] {processor.py:840} INFO - DAG(s) 'example_xcom' retrieved from /home/facuvega/Descargas/crypto-etl-airflow/airflow-apache/lib/python3.11/site-packages/airflow/example_dags/example_xcom.py
[2025-04-27T20:19:44.652-0300] {logging_mixin.py:188} INFO - [2025-04-27T20:19:44.652-0300] {dag.py:3096} INFO - Sync 1 DAGs
[2025-04-27T20:19:44.668-0300] {logging_mixin.py:188} INFO - [2025-04-27T20:19:44.668-0300] {dag.py:3954} INFO - Setting next_dagrun for example_xcom to 2021-01-01 00:00:00+00:00, run_after=2021-01-01 00:00:00+00:00
[2025-04-27T20:19:44.686-0300] {processor.py:183} INFO - Processing /home/facuvega/Descargas/crypto-etl-airflow/airflow-apache/lib/python3.11/site-packages/airflow/example_dags/example_xcom.py took 0.066 seconds
[2025-04-27T20:20:23.128-0300] {processor.py:161} INFO - Started process (PID=12792) to work on /home/facuvega/Descargas/crypto-etl-airflow/airflow-apache/lib/python3.11/site-packages/airflow/example_dags/example_xcom.py
[2025-04-27T20:20:23.129-0300] {processor.py:830} INFO - Processing file /home/facuvega/Descargas/crypto-etl-airflow/airflow-apache/lib/python3.11/site-packages/airflow/example_dags/example_xcom.py for tasks to queue
[2025-04-27T20:20:23.130-0300] {logging_mixin.py:188} INFO - [2025-04-27T20:20:23.130-0300] {dagbag.py:540} INFO - Filling up the DagBag from /home/facuvega/Descargas/crypto-etl-airflow/airflow-apache/lib/python3.11/site-packages/airflow/example_dags/example_xcom.py
[2025-04-27T20:20:23.138-0300] {processor.py:840} INFO - DAG(s) 'example_xcom' retrieved from /home/facuvega/Descargas/crypto-etl-airflow/airflow-apache/lib/python3.11/site-packages/airflow/example_dags/example_xcom.py
[2025-04-27T20:20:23.154-0300] {logging_mixin.py:188} INFO - [2025-04-27T20:20:23.153-0300] {dag.py:3096} INFO - Sync 1 DAGs
[2025-04-27T20:20:23.168-0300] {logging_mixin.py:188} INFO - [2025-04-27T20:20:23.168-0300] {dag.py:3954} INFO - Setting next_dagrun for example_xcom to 2021-01-01 00:00:00+00:00, run_after=2021-01-01 00:00:00+00:00
[2025-04-27T20:20:23.182-0300] {processor.py:183} INFO - Processing /home/facuvega/Descargas/crypto-etl-airflow/airflow-apache/lib/python3.11/site-packages/airflow/example_dags/example_xcom.py took 0.059 seconds
[2025-04-27T20:21:03.115-0300] {processor.py:161} INFO - Started process (PID=12975) to work on /home/facuvega/Descargas/crypto-etl-airflow/airflow-apache/lib/python3.11/site-packages/airflow/example_dags/example_xcom.py
[2025-04-27T20:21:03.117-0300] {processor.py:830} INFO - Processing file /home/facuvega/Descargas/crypto-etl-airflow/airflow-apache/lib/python3.11/site-packages/airflow/example_dags/example_xcom.py for tasks to queue
[2025-04-27T20:21:03.118-0300] {logging_mixin.py:188} INFO - [2025-04-27T20:21:03.118-0300] {dagbag.py:540} INFO - Filling up the DagBag from /home/facuvega/Descargas/crypto-etl-airflow/airflow-apache/lib/python3.11/site-packages/airflow/example_dags/example_xcom.py
[2025-04-27T20:21:03.126-0300] {processor.py:840} INFO - DAG(s) 'example_xcom' retrieved from /home/facuvega/Descargas/crypto-etl-airflow/airflow-apache/lib/python3.11/site-packages/airflow/example_dags/example_xcom.py
[2025-04-27T20:21:03.145-0300] {logging_mixin.py:188} INFO - [2025-04-27T20:21:03.144-0300] {dag.py:3096} INFO - Sync 1 DAGs
[2025-04-27T20:21:03.184-0300] {logging_mixin.py:188} INFO - [2025-04-27T20:21:03.184-0300] {dag.py:3954} INFO - Setting next_dagrun for example_xcom to 2021-01-01 00:00:00+00:00, run_after=2021-01-01 00:00:00+00:00
[2025-04-27T20:21:03.206-0300] {processor.py:183} INFO - Processing /home/facuvega/Descargas/crypto-etl-airflow/airflow-apache/lib/python3.11/site-packages/airflow/example_dags/example_xcom.py took 0.097 seconds
[2025-04-27T20:21:44.481-0300] {processor.py:161} INFO - Started process (PID=13155) to work on /home/facuvega/Descargas/crypto-etl-airflow/airflow-apache/lib/python3.11/site-packages/airflow/example_dags/example_xcom.py
[2025-04-27T20:21:44.482-0300] {processor.py:830} INFO - Processing file /home/facuvega/Descargas/crypto-etl-airflow/airflow-apache/lib/python3.11/site-packages/airflow/example_dags/example_xcom.py for tasks to queue
[2025-04-27T20:21:44.484-0300] {logging_mixin.py:188} INFO - [2025-04-27T20:21:44.483-0300] {dagbag.py:540} INFO - Filling up the DagBag from /home/facuvega/Descargas/crypto-etl-airflow/airflow-apache/lib/python3.11/site-packages/airflow/example_dags/example_xcom.py
[2025-04-27T20:21:44.491-0300] {processor.py:840} INFO - DAG(s) 'example_xcom' retrieved from /home/facuvega/Descargas/crypto-etl-airflow/airflow-apache/lib/python3.11/site-packages/airflow/example_dags/example_xcom.py
[2025-04-27T20:21:44.507-0300] {logging_mixin.py:188} INFO - [2025-04-27T20:21:44.506-0300] {dag.py:3096} INFO - Sync 1 DAGs
[2025-04-27T20:21:44.522-0300] {logging_mixin.py:188} INFO - [2025-04-27T20:21:44.521-0300] {dag.py:3954} INFO - Setting next_dagrun for example_xcom to 2021-01-01 00:00:00+00:00, run_after=2021-01-01 00:00:00+00:00
[2025-04-27T20:21:44.536-0300] {processor.py:183} INFO - Processing /home/facuvega/Descargas/crypto-etl-airflow/airflow-apache/lib/python3.11/site-packages/airflow/example_dags/example_xcom.py took 0.060 seconds
[2025-04-27T20:22:26.967-0300] {processor.py:161} INFO - Started process (PID=13348) to work on /home/facuvega/Descargas/crypto-etl-airflow/airflow-apache/lib/python3.11/site-packages/airflow/example_dags/example_xcom.py
[2025-04-27T20:22:26.968-0300] {processor.py:830} INFO - Processing file /home/facuvega/Descargas/crypto-etl-airflow/airflow-apache/lib/python3.11/site-packages/airflow/example_dags/example_xcom.py for tasks to queue
[2025-04-27T20:22:26.969-0300] {logging_mixin.py:188} INFO - [2025-04-27T20:22:26.969-0300] {dagbag.py:540} INFO - Filling up the DagBag from /home/facuvega/Descargas/crypto-etl-airflow/airflow-apache/lib/python3.11/site-packages/airflow/example_dags/example_xcom.py
[2025-04-27T20:22:26.976-0300] {processor.py:840} INFO - DAG(s) 'example_xcom' retrieved from /home/facuvega/Descargas/crypto-etl-airflow/airflow-apache/lib/python3.11/site-packages/airflow/example_dags/example_xcom.py
[2025-04-27T20:22:26.989-0300] {logging_mixin.py:188} INFO - [2025-04-27T20:22:26.988-0300] {dag.py:3096} INFO - Sync 1 DAGs
[2025-04-27T20:22:27.002-0300] {logging_mixin.py:188} INFO - [2025-04-27T20:22:27.002-0300] {dag.py:3954} INFO - Setting next_dagrun for example_xcom to 2021-01-01 00:00:00+00:00, run_after=2021-01-01 00:00:00+00:00
[2025-04-27T20:22:27.015-0300] {processor.py:183} INFO - Processing /home/facuvega/Descargas/crypto-etl-airflow/airflow-apache/lib/python3.11/site-packages/airflow/example_dags/example_xcom.py took 0.053 seconds
[2025-04-27T20:23:11.817-0300] {processor.py:161} INFO - Started process (PID=13546) to work on /home/facuvega/Descargas/crypto-etl-airflow/airflow-apache/lib/python3.11/site-packages/airflow/example_dags/example_xcom.py
[2025-04-27T20:23:11.818-0300] {processor.py:830} INFO - Processing file /home/facuvega/Descargas/crypto-etl-airflow/airflow-apache/lib/python3.11/site-packages/airflow/example_dags/example_xcom.py for tasks to queue
[2025-04-27T20:23:11.820-0300] {logging_mixin.py:188} INFO - [2025-04-27T20:23:11.819-0300] {dagbag.py:540} INFO - Filling up the DagBag from /home/facuvega/Descargas/crypto-etl-airflow/airflow-apache/lib/python3.11/site-packages/airflow/example_dags/example_xcom.py
[2025-04-27T20:23:11.827-0300] {processor.py:840} INFO - DAG(s) 'example_xcom' retrieved from /home/facuvega/Descargas/crypto-etl-airflow/airflow-apache/lib/python3.11/site-packages/airflow/example_dags/example_xcom.py
[2025-04-27T20:23:11.842-0300] {logging_mixin.py:188} INFO - [2025-04-27T20:23:11.841-0300] {dag.py:3096} INFO - Sync 1 DAGs
[2025-04-27T20:23:11.855-0300] {logging_mixin.py:188} INFO - [2025-04-27T20:23:11.855-0300] {dag.py:3954} INFO - Setting next_dagrun for example_xcom to 2021-01-01 00:00:00+00:00, run_after=2021-01-01 00:00:00+00:00
[2025-04-27T20:23:11.869-0300] {processor.py:183} INFO - Processing /home/facuvega/Descargas/crypto-etl-airflow/airflow-apache/lib/python3.11/site-packages/airflow/example_dags/example_xcom.py took 0.057 seconds
[2025-04-27T20:23:51.665-0300] {processor.py:161} INFO - Started process (PID=13724) to work on /home/facuvega/Descargas/crypto-etl-airflow/airflow-apache/lib/python3.11/site-packages/airflow/example_dags/example_xcom.py
[2025-04-27T20:23:51.665-0300] {processor.py:830} INFO - Processing file /home/facuvega/Descargas/crypto-etl-airflow/airflow-apache/lib/python3.11/site-packages/airflow/example_dags/example_xcom.py for tasks to queue
[2025-04-27T20:23:51.667-0300] {logging_mixin.py:188} INFO - [2025-04-27T20:23:51.667-0300] {dagbag.py:540} INFO - Filling up the DagBag from /home/facuvega/Descargas/crypto-etl-airflow/airflow-apache/lib/python3.11/site-packages/airflow/example_dags/example_xcom.py
[2025-04-27T20:23:51.674-0300] {processor.py:840} INFO - DAG(s) 'example_xcom' retrieved from /home/facuvega/Descargas/crypto-etl-airflow/airflow-apache/lib/python3.11/site-packages/airflow/example_dags/example_xcom.py
[2025-04-27T20:23:51.687-0300] {logging_mixin.py:188} INFO - [2025-04-27T20:23:51.687-0300] {dag.py:3096} INFO - Sync 1 DAGs
[2025-04-27T20:23:51.701-0300] {logging_mixin.py:188} INFO - [2025-04-27T20:23:51.701-0300] {dag.py:3954} INFO - Setting next_dagrun for example_xcom to 2021-01-01 00:00:00+00:00, run_after=2021-01-01 00:00:00+00:00
[2025-04-27T20:23:51.716-0300] {processor.py:183} INFO - Processing /home/facuvega/Descargas/crypto-etl-airflow/airflow-apache/lib/python3.11/site-packages/airflow/example_dags/example_xcom.py took 0.057 seconds
[2025-04-27T20:24:29.280-0300] {processor.py:161} INFO - Started process (PID=13895) to work on /home/facuvega/Descargas/crypto-etl-airflow/airflow-apache/lib/python3.11/site-packages/airflow/example_dags/example_xcom.py
[2025-04-27T20:24:29.282-0300] {processor.py:830} INFO - Processing file /home/facuvega/Descargas/crypto-etl-airflow/airflow-apache/lib/python3.11/site-packages/airflow/example_dags/example_xcom.py for tasks to queue
[2025-04-27T20:24:29.283-0300] {logging_mixin.py:188} INFO - [2025-04-27T20:24:29.283-0300] {dagbag.py:540} INFO - Filling up the DagBag from /home/facuvega/Descargas/crypto-etl-airflow/airflow-apache/lib/python3.11/site-packages/airflow/example_dags/example_xcom.py
[2025-04-27T20:24:29.290-0300] {processor.py:840} INFO - DAG(s) 'example_xcom' retrieved from /home/facuvega/Descargas/crypto-etl-airflow/airflow-apache/lib/python3.11/site-packages/airflow/example_dags/example_xcom.py
[2025-04-27T20:24:29.303-0300] {logging_mixin.py:188} INFO - [2025-04-27T20:24:29.303-0300] {dag.py:3096} INFO - Sync 1 DAGs
[2025-04-27T20:24:29.317-0300] {logging_mixin.py:188} INFO - [2025-04-27T20:24:29.317-0300] {dag.py:3954} INFO - Setting next_dagrun for example_xcom to 2021-01-01 00:00:00+00:00, run_after=2021-01-01 00:00:00+00:00
[2025-04-27T20:24:29.331-0300] {processor.py:183} INFO - Processing /home/facuvega/Descargas/crypto-etl-airflow/airflow-apache/lib/python3.11/site-packages/airflow/example_dags/example_xcom.py took 0.056 seconds
[2025-04-27T20:25:04.890-0300] {processor.py:161} INFO - Started process (PID=14088) to work on /home/facuvega/Descargas/crypto-etl-airflow/airflow-apache/lib/python3.11/site-packages/airflow/example_dags/example_xcom.py
[2025-04-27T20:25:04.892-0300] {processor.py:830} INFO - Processing file /home/facuvega/Descargas/crypto-etl-airflow/airflow-apache/lib/python3.11/site-packages/airflow/example_dags/example_xcom.py for tasks to queue
[2025-04-27T20:25:04.893-0300] {logging_mixin.py:188} INFO - [2025-04-27T20:25:04.893-0300] {dagbag.py:540} INFO - Filling up the DagBag from /home/facuvega/Descargas/crypto-etl-airflow/airflow-apache/lib/python3.11/site-packages/airflow/example_dags/example_xcom.py
[2025-04-27T20:25:04.902-0300] {processor.py:840} INFO - DAG(s) 'example_xcom' retrieved from /home/facuvega/Descargas/crypto-etl-airflow/airflow-apache/lib/python3.11/site-packages/airflow/example_dags/example_xcom.py
[2025-04-27T20:25:04.917-0300] {logging_mixin.py:188} INFO - [2025-04-27T20:25:04.917-0300] {dag.py:3096} INFO - Sync 1 DAGs
[2025-04-27T20:25:04.933-0300] {logging_mixin.py:188} INFO - [2025-04-27T20:25:04.932-0300] {dag.py:3954} INFO - Setting next_dagrun for example_xcom to 2021-01-01 00:00:00+00:00, run_after=2021-01-01 00:00:00+00:00
[2025-04-27T20:25:04.948-0300] {processor.py:183} INFO - Processing /home/facuvega/Descargas/crypto-etl-airflow/airflow-apache/lib/python3.11/site-packages/airflow/example_dags/example_xcom.py took 0.063 seconds
[2025-04-27T20:25:45.175-0300] {processor.py:161} INFO - Started process (PID=14273) to work on /home/facuvega/Descargas/crypto-etl-airflow/airflow-apache/lib/python3.11/site-packages/airflow/example_dags/example_xcom.py
[2025-04-27T20:25:45.177-0300] {processor.py:830} INFO - Processing file /home/facuvega/Descargas/crypto-etl-airflow/airflow-apache/lib/python3.11/site-packages/airflow/example_dags/example_xcom.py for tasks to queue
[2025-04-27T20:25:45.178-0300] {logging_mixin.py:188} INFO - [2025-04-27T20:25:45.178-0300] {dagbag.py:540} INFO - Filling up the DagBag from /home/facuvega/Descargas/crypto-etl-airflow/airflow-apache/lib/python3.11/site-packages/airflow/example_dags/example_xcom.py
[2025-04-27T20:25:45.185-0300] {processor.py:840} INFO - DAG(s) 'example_xcom' retrieved from /home/facuvega/Descargas/crypto-etl-airflow/airflow-apache/lib/python3.11/site-packages/airflow/example_dags/example_xcom.py
[2025-04-27T20:25:45.198-0300] {logging_mixin.py:188} INFO - [2025-04-27T20:25:45.198-0300] {dag.py:3096} INFO - Sync 1 DAGs
[2025-04-27T20:25:45.211-0300] {logging_mixin.py:188} INFO - [2025-04-27T20:25:45.211-0300] {dag.py:3954} INFO - Setting next_dagrun for example_xcom to 2021-01-01 00:00:00+00:00, run_after=2021-01-01 00:00:00+00:00
[2025-04-27T20:25:45.226-0300] {processor.py:183} INFO - Processing /home/facuvega/Descargas/crypto-etl-airflow/airflow-apache/lib/python3.11/site-packages/airflow/example_dags/example_xcom.py took 0.056 seconds
[2025-04-27T20:26:29.830-0300] {processor.py:161} INFO - Started process (PID=14492) to work on /home/facuvega/Descargas/crypto-etl-airflow/airflow-apache/lib/python3.11/site-packages/airflow/example_dags/example_xcom.py
[2025-04-27T20:26:29.831-0300] {processor.py:830} INFO - Processing file /home/facuvega/Descargas/crypto-etl-airflow/airflow-apache/lib/python3.11/site-packages/airflow/example_dags/example_xcom.py for tasks to queue
[2025-04-27T20:26:29.833-0300] {logging_mixin.py:188} INFO - [2025-04-27T20:26:29.833-0300] {dagbag.py:540} INFO - Filling up the DagBag from /home/facuvega/Descargas/crypto-etl-airflow/airflow-apache/lib/python3.11/site-packages/airflow/example_dags/example_xcom.py
[2025-04-27T20:26:29.842-0300] {processor.py:840} INFO - DAG(s) 'example_xcom' retrieved from /home/facuvega/Descargas/crypto-etl-airflow/airflow-apache/lib/python3.11/site-packages/airflow/example_dags/example_xcom.py
[2025-04-27T20:26:29.858-0300] {logging_mixin.py:188} INFO - [2025-04-27T20:26:29.858-0300] {dag.py:3096} INFO - Sync 1 DAGs
[2025-04-27T20:26:29.878-0300] {logging_mixin.py:188} INFO - [2025-04-27T20:26:29.877-0300] {dag.py:3954} INFO - Setting next_dagrun for example_xcom to 2021-01-01 00:00:00+00:00, run_after=2021-01-01 00:00:00+00:00
[2025-04-27T20:26:29.892-0300] {processor.py:183} INFO - Processing /home/facuvega/Descargas/crypto-etl-airflow/airflow-apache/lib/python3.11/site-packages/airflow/example_dags/example_xcom.py took 0.069 seconds
[2025-04-27T20:27:08.462-0300] {processor.py:161} INFO - Started process (PID=14667) to work on /home/facuvega/Descargas/crypto-etl-airflow/airflow-apache/lib/python3.11/site-packages/airflow/example_dags/example_xcom.py
[2025-04-27T20:27:08.463-0300] {processor.py:830} INFO - Processing file /home/facuvega/Descargas/crypto-etl-airflow/airflow-apache/lib/python3.11/site-packages/airflow/example_dags/example_xcom.py for tasks to queue
[2025-04-27T20:27:08.465-0300] {logging_mixin.py:188} INFO - [2025-04-27T20:27:08.465-0300] {dagbag.py:540} INFO - Filling up the DagBag from /home/facuvega/Descargas/crypto-etl-airflow/airflow-apache/lib/python3.11/site-packages/airflow/example_dags/example_xcom.py
[2025-04-27T20:27:08.472-0300] {processor.py:840} INFO - DAG(s) 'example_xcom' retrieved from /home/facuvega/Descargas/crypto-etl-airflow/airflow-apache/lib/python3.11/site-packages/airflow/example_dags/example_xcom.py
[2025-04-27T20:27:08.485-0300] {logging_mixin.py:188} INFO - [2025-04-27T20:27:08.485-0300] {dag.py:3096} INFO - Sync 1 DAGs
[2025-04-27T20:27:08.499-0300] {logging_mixin.py:188} INFO - [2025-04-27T20:27:08.499-0300] {dag.py:3954} INFO - Setting next_dagrun for example_xcom to 2021-01-01 00:00:00+00:00, run_after=2021-01-01 00:00:00+00:00
[2025-04-27T20:27:08.514-0300] {processor.py:183} INFO - Processing /home/facuvega/Descargas/crypto-etl-airflow/airflow-apache/lib/python3.11/site-packages/airflow/example_dags/example_xcom.py took 0.056 seconds
[2025-04-27T20:27:47.970-0300] {processor.py:161} INFO - Started process (PID=14840) to work on /home/facuvega/Descargas/crypto-etl-airflow/airflow-apache/lib/python3.11/site-packages/airflow/example_dags/example_xcom.py
[2025-04-27T20:27:47.971-0300] {processor.py:830} INFO - Processing file /home/facuvega/Descargas/crypto-etl-airflow/airflow-apache/lib/python3.11/site-packages/airflow/example_dags/example_xcom.py for tasks to queue
[2025-04-27T20:27:47.973-0300] {logging_mixin.py:188} INFO - [2025-04-27T20:27:47.973-0300] {dagbag.py:540} INFO - Filling up the DagBag from /home/facuvega/Descargas/crypto-etl-airflow/airflow-apache/lib/python3.11/site-packages/airflow/example_dags/example_xcom.py
[2025-04-27T20:27:47.982-0300] {processor.py:840} INFO - DAG(s) 'example_xcom' retrieved from /home/facuvega/Descargas/crypto-etl-airflow/airflow-apache/lib/python3.11/site-packages/airflow/example_dags/example_xcom.py
[2025-04-27T20:27:47.999-0300] {logging_mixin.py:188} INFO - [2025-04-27T20:27:47.999-0300] {dag.py:3096} INFO - Sync 1 DAGs
[2025-04-27T20:27:48.015-0300] {logging_mixin.py:188} INFO - [2025-04-27T20:27:48.014-0300] {dag.py:3954} INFO - Setting next_dagrun for example_xcom to 2021-01-01 00:00:00+00:00, run_after=2021-01-01 00:00:00+00:00
[2025-04-27T20:27:48.028-0300] {processor.py:183} INFO - Processing /home/facuvega/Descargas/crypto-etl-airflow/airflow-apache/lib/python3.11/site-packages/airflow/example_dags/example_xcom.py took 0.066 seconds
[2025-04-27T20:28:27.334-0300] {processor.py:161} INFO - Started process (PID=15031) to work on /home/facuvega/Descargas/crypto-etl-airflow/airflow-apache/lib/python3.11/site-packages/airflow/example_dags/example_xcom.py
[2025-04-27T20:28:27.335-0300] {processor.py:830} INFO - Processing file /home/facuvega/Descargas/crypto-etl-airflow/airflow-apache/lib/python3.11/site-packages/airflow/example_dags/example_xcom.py for tasks to queue
[2025-04-27T20:28:27.337-0300] {logging_mixin.py:188} INFO - [2025-04-27T20:28:27.336-0300] {dagbag.py:540} INFO - Filling up the DagBag from /home/facuvega/Descargas/crypto-etl-airflow/airflow-apache/lib/python3.11/site-packages/airflow/example_dags/example_xcom.py
[2025-04-27T20:28:27.345-0300] {processor.py:840} INFO - DAG(s) 'example_xcom' retrieved from /home/facuvega/Descargas/crypto-etl-airflow/airflow-apache/lib/python3.11/site-packages/airflow/example_dags/example_xcom.py
[2025-04-27T20:28:27.361-0300] {logging_mixin.py:188} INFO - [2025-04-27T20:28:27.360-0300] {dag.py:3096} INFO - Sync 1 DAGs
[2025-04-27T20:28:27.377-0300] {logging_mixin.py:188} INFO - [2025-04-27T20:28:27.377-0300] {dag.py:3954} INFO - Setting next_dagrun for example_xcom to 2021-01-01 00:00:00+00:00, run_after=2021-01-01 00:00:00+00:00
[2025-04-27T20:28:27.393-0300] {processor.py:183} INFO - Processing /home/facuvega/Descargas/crypto-etl-airflow/airflow-apache/lib/python3.11/site-packages/airflow/example_dags/example_xcom.py took 0.065 seconds
[2025-04-27T20:29:11.507-0300] {processor.py:161} INFO - Started process (PID=15224) to work on /home/facuvega/Descargas/crypto-etl-airflow/airflow-apache/lib/python3.11/site-packages/airflow/example_dags/example_xcom.py
[2025-04-27T20:29:11.508-0300] {processor.py:830} INFO - Processing file /home/facuvega/Descargas/crypto-etl-airflow/airflow-apache/lib/python3.11/site-packages/airflow/example_dags/example_xcom.py for tasks to queue
[2025-04-27T20:29:11.509-0300] {logging_mixin.py:188} INFO - [2025-04-27T20:29:11.509-0300] {dagbag.py:540} INFO - Filling up the DagBag from /home/facuvega/Descargas/crypto-etl-airflow/airflow-apache/lib/python3.11/site-packages/airflow/example_dags/example_xcom.py
[2025-04-27T20:29:11.516-0300] {processor.py:840} INFO - DAG(s) 'example_xcom' retrieved from /home/facuvega/Descargas/crypto-etl-airflow/airflow-apache/lib/python3.11/site-packages/airflow/example_dags/example_xcom.py
[2025-04-27T20:29:11.532-0300] {logging_mixin.py:188} INFO - [2025-04-27T20:29:11.531-0300] {dag.py:3096} INFO - Sync 1 DAGs
[2025-04-27T20:29:11.544-0300] {logging_mixin.py:188} INFO - [2025-04-27T20:29:11.544-0300] {dag.py:3954} INFO - Setting next_dagrun for example_xcom to 2021-01-01 00:00:00+00:00, run_after=2021-01-01 00:00:00+00:00
[2025-04-27T20:29:11.557-0300] {processor.py:183} INFO - Processing /home/facuvega/Descargas/crypto-etl-airflow/airflow-apache/lib/python3.11/site-packages/airflow/example_dags/example_xcom.py took 0.056 seconds
[2025-04-27T20:29:50.923-0300] {processor.py:161} INFO - Started process (PID=15434) to work on /home/facuvega/Descargas/crypto-etl-airflow/airflow-apache/lib/python3.11/site-packages/airflow/example_dags/example_xcom.py
[2025-04-27T20:29:50.925-0300] {processor.py:830} INFO - Processing file /home/facuvega/Descargas/crypto-etl-airflow/airflow-apache/lib/python3.11/site-packages/airflow/example_dags/example_xcom.py for tasks to queue
[2025-04-27T20:29:50.927-0300] {logging_mixin.py:188} INFO - [2025-04-27T20:29:50.927-0300] {dagbag.py:540} INFO - Filling up the DagBag from /home/facuvega/Descargas/crypto-etl-airflow/airflow-apache/lib/python3.11/site-packages/airflow/example_dags/example_xcom.py
[2025-04-27T20:29:50.935-0300] {processor.py:840} INFO - DAG(s) 'example_xcom' retrieved from /home/facuvega/Descargas/crypto-etl-airflow/airflow-apache/lib/python3.11/site-packages/airflow/example_dags/example_xcom.py
[2025-04-27T20:29:50.952-0300] {logging_mixin.py:188} INFO - [2025-04-27T20:29:50.952-0300] {dag.py:3096} INFO - Sync 1 DAGs
[2025-04-27T20:29:50.968-0300] {logging_mixin.py:188} INFO - [2025-04-27T20:29:50.968-0300] {dag.py:3954} INFO - Setting next_dagrun for example_xcom to 2021-01-01 00:00:00+00:00, run_after=2021-01-01 00:00:00+00:00
[2025-04-27T20:29:50.986-0300] {processor.py:183} INFO - Processing /home/facuvega/Descargas/crypto-etl-airflow/airflow-apache/lib/python3.11/site-packages/airflow/example_dags/example_xcom.py took 0.068 seconds
[2025-04-27T20:30:28.709-0300] {processor.py:161} INFO - Started process (PID=15605) to work on /home/facuvega/Descargas/crypto-etl-airflow/airflow-apache/lib/python3.11/site-packages/airflow/example_dags/example_xcom.py
[2025-04-27T20:30:28.711-0300] {processor.py:830} INFO - Processing file /home/facuvega/Descargas/crypto-etl-airflow/airflow-apache/lib/python3.11/site-packages/airflow/example_dags/example_xcom.py for tasks to queue
[2025-04-27T20:30:28.712-0300] {logging_mixin.py:188} INFO - [2025-04-27T20:30:28.712-0300] {dagbag.py:540} INFO - Filling up the DagBag from /home/facuvega/Descargas/crypto-etl-airflow/airflow-apache/lib/python3.11/site-packages/airflow/example_dags/example_xcom.py
[2025-04-27T20:30:28.720-0300] {processor.py:840} INFO - DAG(s) 'example_xcom' retrieved from /home/facuvega/Descargas/crypto-etl-airflow/airflow-apache/lib/python3.11/site-packages/airflow/example_dags/example_xcom.py
[2025-04-27T20:30:28.736-0300] {logging_mixin.py:188} INFO - [2025-04-27T20:30:28.736-0300] {dag.py:3096} INFO - Sync 1 DAGs
[2025-04-27T20:30:28.755-0300] {logging_mixin.py:188} INFO - [2025-04-27T20:30:28.755-0300] {dag.py:3954} INFO - Setting next_dagrun for example_xcom to 2021-01-01 00:00:00+00:00, run_after=2021-01-01 00:00:00+00:00
[2025-04-27T20:30:28.770-0300] {processor.py:183} INFO - Processing /home/facuvega/Descargas/crypto-etl-airflow/airflow-apache/lib/python3.11/site-packages/airflow/example_dags/example_xcom.py took 0.067 seconds
[2025-04-27T20:31:09.425-0300] {processor.py:161} INFO - Started process (PID=15794) to work on /home/facuvega/Descargas/crypto-etl-airflow/airflow-apache/lib/python3.11/site-packages/airflow/example_dags/example_xcom.py
[2025-04-27T20:31:09.426-0300] {processor.py:830} INFO - Processing file /home/facuvega/Descargas/crypto-etl-airflow/airflow-apache/lib/python3.11/site-packages/airflow/example_dags/example_xcom.py for tasks to queue
[2025-04-27T20:31:09.428-0300] {logging_mixin.py:188} INFO - [2025-04-27T20:31:09.428-0300] {dagbag.py:540} INFO - Filling up the DagBag from /home/facuvega/Descargas/crypto-etl-airflow/airflow-apache/lib/python3.11/site-packages/airflow/example_dags/example_xcom.py
[2025-04-27T20:31:09.435-0300] {processor.py:840} INFO - DAG(s) 'example_xcom' retrieved from /home/facuvega/Descargas/crypto-etl-airflow/airflow-apache/lib/python3.11/site-packages/airflow/example_dags/example_xcom.py
[2025-04-27T20:31:09.449-0300] {logging_mixin.py:188} INFO - [2025-04-27T20:31:09.449-0300] {dag.py:3096} INFO - Sync 1 DAGs
[2025-04-27T20:31:09.463-0300] {logging_mixin.py:188} INFO - [2025-04-27T20:31:09.463-0300] {dag.py:3954} INFO - Setting next_dagrun for example_xcom to 2021-01-01 00:00:00+00:00, run_after=2021-01-01 00:00:00+00:00
[2025-04-27T20:31:09.476-0300] {processor.py:183} INFO - Processing /home/facuvega/Descargas/crypto-etl-airflow/airflow-apache/lib/python3.11/site-packages/airflow/example_dags/example_xcom.py took 0.057 seconds
[2025-04-27T20:31:48.059-0300] {processor.py:161} INFO - Started process (PID=15971) to work on /home/facuvega/Descargas/crypto-etl-airflow/airflow-apache/lib/python3.11/site-packages/airflow/example_dags/example_xcom.py
[2025-04-27T20:31:48.060-0300] {processor.py:830} INFO - Processing file /home/facuvega/Descargas/crypto-etl-airflow/airflow-apache/lib/python3.11/site-packages/airflow/example_dags/example_xcom.py for tasks to queue
[2025-04-27T20:31:48.062-0300] {logging_mixin.py:188} INFO - [2025-04-27T20:31:48.062-0300] {dagbag.py:540} INFO - Filling up the DagBag from /home/facuvega/Descargas/crypto-etl-airflow/airflow-apache/lib/python3.11/site-packages/airflow/example_dags/example_xcom.py
[2025-04-27T20:31:48.070-0300] {processor.py:840} INFO - DAG(s) 'example_xcom' retrieved from /home/facuvega/Descargas/crypto-etl-airflow/airflow-apache/lib/python3.11/site-packages/airflow/example_dags/example_xcom.py
[2025-04-27T20:31:48.086-0300] {logging_mixin.py:188} INFO - [2025-04-27T20:31:48.086-0300] {dag.py:3096} INFO - Sync 1 DAGs
[2025-04-27T20:31:48.103-0300] {logging_mixin.py:188} INFO - [2025-04-27T20:31:48.102-0300] {dag.py:3954} INFO - Setting next_dagrun for example_xcom to 2021-01-01 00:00:00+00:00, run_after=2021-01-01 00:00:00+00:00
[2025-04-27T20:31:48.117-0300] {processor.py:183} INFO - Processing /home/facuvega/Descargas/crypto-etl-airflow/airflow-apache/lib/python3.11/site-packages/airflow/example_dags/example_xcom.py took 0.062 seconds
[2025-04-27T20:32:27.748-0300] {processor.py:161} INFO - Started process (PID=16148) to work on /home/facuvega/Descargas/crypto-etl-airflow/airflow-apache/lib/python3.11/site-packages/airflow/example_dags/example_xcom.py
[2025-04-27T20:32:27.749-0300] {processor.py:830} INFO - Processing file /home/facuvega/Descargas/crypto-etl-airflow/airflow-apache/lib/python3.11/site-packages/airflow/example_dags/example_xcom.py for tasks to queue
[2025-04-27T20:32:27.750-0300] {logging_mixin.py:188} INFO - [2025-04-27T20:32:27.750-0300] {dagbag.py:540} INFO - Filling up the DagBag from /home/facuvega/Descargas/crypto-etl-airflow/airflow-apache/lib/python3.11/site-packages/airflow/example_dags/example_xcom.py
[2025-04-27T20:32:27.757-0300] {processor.py:840} INFO - DAG(s) 'example_xcom' retrieved from /home/facuvega/Descargas/crypto-etl-airflow/airflow-apache/lib/python3.11/site-packages/airflow/example_dags/example_xcom.py
[2025-04-27T20:32:27.771-0300] {logging_mixin.py:188} INFO - [2025-04-27T20:32:27.770-0300] {dag.py:3096} INFO - Sync 1 DAGs
[2025-04-27T20:32:27.783-0300] {logging_mixin.py:188} INFO - [2025-04-27T20:32:27.783-0300] {dag.py:3954} INFO - Setting next_dagrun for example_xcom to 2021-01-01 00:00:00+00:00, run_after=2021-01-01 00:00:00+00:00
[2025-04-27T20:32:27.797-0300] {processor.py:183} INFO - Processing /home/facuvega/Descargas/crypto-etl-airflow/airflow-apache/lib/python3.11/site-packages/airflow/example_dags/example_xcom.py took 0.054 seconds
[2025-04-27T20:33:09.304-0300] {processor.py:161} INFO - Started process (PID=16399) to work on /home/facuvega/Descargas/crypto-etl-airflow/airflow-apache/lib/python3.11/site-packages/airflow/example_dags/example_xcom.py
[2025-04-27T20:33:09.306-0300] {processor.py:830} INFO - Processing file /home/facuvega/Descargas/crypto-etl-airflow/airflow-apache/lib/python3.11/site-packages/airflow/example_dags/example_xcom.py for tasks to queue
[2025-04-27T20:33:09.308-0300] {logging_mixin.py:188} INFO - [2025-04-27T20:33:09.307-0300] {dagbag.py:540} INFO - Filling up the DagBag from /home/facuvega/Descargas/crypto-etl-airflow/airflow-apache/lib/python3.11/site-packages/airflow/example_dags/example_xcom.py
[2025-04-27T20:33:09.327-0300] {processor.py:840} INFO - DAG(s) 'example_xcom' retrieved from /home/facuvega/Descargas/crypto-etl-airflow/airflow-apache/lib/python3.11/site-packages/airflow/example_dags/example_xcom.py
[2025-04-27T20:33:09.607-0300] {logging_mixin.py:188} INFO - [2025-04-27T20:33:09.601-0300] {dag.py:3096} INFO - Sync 1 DAGs
[2025-04-27T20:33:09.894-0300] {logging_mixin.py:188} INFO - [2025-04-27T20:33:09.893-0300] {dag.py:3954} INFO - Setting next_dagrun for example_xcom to 2021-01-01 00:00:00+00:00, run_after=2021-01-01 00:00:00+00:00
[2025-04-27T20:33:09.982-0300] {processor.py:183} INFO - Processing /home/facuvega/Descargas/crypto-etl-airflow/airflow-apache/lib/python3.11/site-packages/airflow/example_dags/example_xcom.py took 0.698 seconds
[2025-04-27T20:33:53.999-0300] {processor.py:161} INFO - Started process (PID=16705) to work on /home/facuvega/Descargas/crypto-etl-airflow/airflow-apache/lib/python3.11/site-packages/airflow/example_dags/example_xcom.py
[2025-04-27T20:33:54.000-0300] {processor.py:830} INFO - Processing file /home/facuvega/Descargas/crypto-etl-airflow/airflow-apache/lib/python3.11/site-packages/airflow/example_dags/example_xcom.py for tasks to queue
[2025-04-27T20:33:54.002-0300] {logging_mixin.py:188} INFO - [2025-04-27T20:33:54.001-0300] {dagbag.py:540} INFO - Filling up the DagBag from /home/facuvega/Descargas/crypto-etl-airflow/airflow-apache/lib/python3.11/site-packages/airflow/example_dags/example_xcom.py
[2025-04-27T20:33:54.011-0300] {processor.py:840} INFO - DAG(s) 'example_xcom' retrieved from /home/facuvega/Descargas/crypto-etl-airflow/airflow-apache/lib/python3.11/site-packages/airflow/example_dags/example_xcom.py
[2025-04-27T20:33:54.027-0300] {logging_mixin.py:188} INFO - [2025-04-27T20:33:54.026-0300] {dag.py:3096} INFO - Sync 1 DAGs
[2025-04-27T20:33:54.043-0300] {logging_mixin.py:188} INFO - [2025-04-27T20:33:54.043-0300] {dag.py:3954} INFO - Setting next_dagrun for example_xcom to 2021-01-01 00:00:00+00:00, run_after=2021-01-01 00:00:00+00:00
[2025-04-27T20:33:54.062-0300] {processor.py:183} INFO - Processing /home/facuvega/Descargas/crypto-etl-airflow/airflow-apache/lib/python3.11/site-packages/airflow/example_dags/example_xcom.py took 0.069 seconds
[2025-04-27T20:34:36.810-0300] {processor.py:161} INFO - Started process (PID=16896) to work on /home/facuvega/Descargas/crypto-etl-airflow/airflow-apache/lib/python3.11/site-packages/airflow/example_dags/example_xcom.py
[2025-04-27T20:34:36.811-0300] {processor.py:830} INFO - Processing file /home/facuvega/Descargas/crypto-etl-airflow/airflow-apache/lib/python3.11/site-packages/airflow/example_dags/example_xcom.py for tasks to queue
[2025-04-27T20:34:36.812-0300] {logging_mixin.py:188} INFO - [2025-04-27T20:34:36.812-0300] {dagbag.py:540} INFO - Filling up the DagBag from /home/facuvega/Descargas/crypto-etl-airflow/airflow-apache/lib/python3.11/site-packages/airflow/example_dags/example_xcom.py
[2025-04-27T20:34:36.820-0300] {processor.py:840} INFO - DAG(s) 'example_xcom' retrieved from /home/facuvega/Descargas/crypto-etl-airflow/airflow-apache/lib/python3.11/site-packages/airflow/example_dags/example_xcom.py
[2025-04-27T20:34:36.834-0300] {logging_mixin.py:188} INFO - [2025-04-27T20:34:36.834-0300] {dag.py:3096} INFO - Sync 1 DAGs
[2025-04-27T20:34:36.849-0300] {logging_mixin.py:188} INFO - [2025-04-27T20:34:36.849-0300] {dag.py:3954} INFO - Setting next_dagrun for example_xcom to 2021-01-01 00:00:00+00:00, run_after=2021-01-01 00:00:00+00:00
[2025-04-27T20:34:36.864-0300] {processor.py:183} INFO - Processing /home/facuvega/Descargas/crypto-etl-airflow/airflow-apache/lib/python3.11/site-packages/airflow/example_dags/example_xcom.py took 0.060 seconds
[2025-04-27T20:35:20.428-0300] {processor.py:161} INFO - Started process (PID=17149) to work on /home/facuvega/Descargas/crypto-etl-airflow/airflow-apache/lib/python3.11/site-packages/airflow/example_dags/example_xcom.py
[2025-04-27T20:35:20.429-0300] {processor.py:830} INFO - Processing file /home/facuvega/Descargas/crypto-etl-airflow/airflow-apache/lib/python3.11/site-packages/airflow/example_dags/example_xcom.py for tasks to queue
[2025-04-27T20:35:20.431-0300] {logging_mixin.py:188} INFO - [2025-04-27T20:35:20.431-0300] {dagbag.py:540} INFO - Filling up the DagBag from /home/facuvega/Descargas/crypto-etl-airflow/airflow-apache/lib/python3.11/site-packages/airflow/example_dags/example_xcom.py
[2025-04-27T20:35:20.438-0300] {processor.py:840} INFO - DAG(s) 'example_xcom' retrieved from /home/facuvega/Descargas/crypto-etl-airflow/airflow-apache/lib/python3.11/site-packages/airflow/example_dags/example_xcom.py
[2025-04-27T20:35:20.451-0300] {logging_mixin.py:188} INFO - [2025-04-27T20:35:20.451-0300] {dag.py:3096} INFO - Sync 1 DAGs
[2025-04-27T20:35:20.465-0300] {logging_mixin.py:188} INFO - [2025-04-27T20:35:20.465-0300] {dag.py:3954} INFO - Setting next_dagrun for example_xcom to 2021-01-01 00:00:00+00:00, run_after=2021-01-01 00:00:00+00:00
[2025-04-27T20:35:20.479-0300] {processor.py:183} INFO - Processing /home/facuvega/Descargas/crypto-etl-airflow/airflow-apache/lib/python3.11/site-packages/airflow/example_dags/example_xcom.py took 0.055 seconds
[2025-04-27T20:36:01.682-0300] {processor.py:161} INFO - Started process (PID=17335) to work on /home/facuvega/Descargas/crypto-etl-airflow/airflow-apache/lib/python3.11/site-packages/airflow/example_dags/example_xcom.py
[2025-04-27T20:36:01.683-0300] {processor.py:830} INFO - Processing file /home/facuvega/Descargas/crypto-etl-airflow/airflow-apache/lib/python3.11/site-packages/airflow/example_dags/example_xcom.py for tasks to queue
[2025-04-27T20:36:01.685-0300] {logging_mixin.py:188} INFO - [2025-04-27T20:36:01.684-0300] {dagbag.py:540} INFO - Filling up the DagBag from /home/facuvega/Descargas/crypto-etl-airflow/airflow-apache/lib/python3.11/site-packages/airflow/example_dags/example_xcom.py
[2025-04-27T20:36:01.693-0300] {processor.py:840} INFO - DAG(s) 'example_xcom' retrieved from /home/facuvega/Descargas/crypto-etl-airflow/airflow-apache/lib/python3.11/site-packages/airflow/example_dags/example_xcom.py
[2025-04-27T20:36:01.708-0300] {logging_mixin.py:188} INFO - [2025-04-27T20:36:01.707-0300] {dag.py:3096} INFO - Sync 1 DAGs
[2025-04-27T20:36:01.724-0300] {logging_mixin.py:188} INFO - [2025-04-27T20:36:01.724-0300] {dag.py:3954} INFO - Setting next_dagrun for example_xcom to 2021-01-01 00:00:00+00:00, run_after=2021-01-01 00:00:00+00:00
[2025-04-27T20:36:01.739-0300] {processor.py:183} INFO - Processing /home/facuvega/Descargas/crypto-etl-airflow/airflow-apache/lib/python3.11/site-packages/airflow/example_dags/example_xcom.py took 0.062 seconds
[2025-04-27T20:36:40.657-0300] {processor.py:161} INFO - Started process (PID=17511) to work on /home/facuvega/Descargas/crypto-etl-airflow/airflow-apache/lib/python3.11/site-packages/airflow/example_dags/example_xcom.py
[2025-04-27T20:36:40.658-0300] {processor.py:830} INFO - Processing file /home/facuvega/Descargas/crypto-etl-airflow/airflow-apache/lib/python3.11/site-packages/airflow/example_dags/example_xcom.py for tasks to queue
[2025-04-27T20:36:40.659-0300] {logging_mixin.py:188} INFO - [2025-04-27T20:36:40.659-0300] {dagbag.py:540} INFO - Filling up the DagBag from /home/facuvega/Descargas/crypto-etl-airflow/airflow-apache/lib/python3.11/site-packages/airflow/example_dags/example_xcom.py
[2025-04-27T20:36:40.667-0300] {processor.py:840} INFO - DAG(s) 'example_xcom' retrieved from /home/facuvega/Descargas/crypto-etl-airflow/airflow-apache/lib/python3.11/site-packages/airflow/example_dags/example_xcom.py
[2025-04-27T20:36:40.681-0300] {logging_mixin.py:188} INFO - [2025-04-27T20:36:40.681-0300] {dag.py:3096} INFO - Sync 1 DAGs
[2025-04-27T20:36:40.696-0300] {logging_mixin.py:188} INFO - [2025-04-27T20:36:40.696-0300] {dag.py:3954} INFO - Setting next_dagrun for example_xcom to 2021-01-01 00:00:00+00:00, run_after=2021-01-01 00:00:00+00:00
[2025-04-27T20:36:40.711-0300] {processor.py:183} INFO - Processing /home/facuvega/Descargas/crypto-etl-airflow/airflow-apache/lib/python3.11/site-packages/airflow/example_dags/example_xcom.py took 0.060 seconds
[2025-04-27T20:37:20.196-0300] {processor.py:161} INFO - Started process (PID=17686) to work on /home/facuvega/Descargas/crypto-etl-airflow/airflow-apache/lib/python3.11/site-packages/airflow/example_dags/example_xcom.py
[2025-04-27T20:37:20.197-0300] {processor.py:830} INFO - Processing file /home/facuvega/Descargas/crypto-etl-airflow/airflow-apache/lib/python3.11/site-packages/airflow/example_dags/example_xcom.py for tasks to queue
[2025-04-27T20:37:20.198-0300] {logging_mixin.py:188} INFO - [2025-04-27T20:37:20.198-0300] {dagbag.py:540} INFO - Filling up the DagBag from /home/facuvega/Descargas/crypto-etl-airflow/airflow-apache/lib/python3.11/site-packages/airflow/example_dags/example_xcom.py
[2025-04-27T20:37:20.205-0300] {processor.py:840} INFO - DAG(s) 'example_xcom' retrieved from /home/facuvega/Descargas/crypto-etl-airflow/airflow-apache/lib/python3.11/site-packages/airflow/example_dags/example_xcom.py
[2025-04-27T20:37:20.218-0300] {logging_mixin.py:188} INFO - [2025-04-27T20:37:20.218-0300] {dag.py:3096} INFO - Sync 1 DAGs
[2025-04-27T20:37:20.231-0300] {logging_mixin.py:188} INFO - [2025-04-27T20:37:20.231-0300] {dag.py:3954} INFO - Setting next_dagrun for example_xcom to 2021-01-01 00:00:00+00:00, run_after=2021-01-01 00:00:00+00:00
[2025-04-27T20:37:20.243-0300] {processor.py:183} INFO - Processing /home/facuvega/Descargas/crypto-etl-airflow/airflow-apache/lib/python3.11/site-packages/airflow/example_dags/example_xcom.py took 0.053 seconds
[2025-04-27T20:37:59.997-0300] {processor.py:161} INFO - Started process (PID=17866) to work on /home/facuvega/Descargas/crypto-etl-airflow/airflow-apache/lib/python3.11/site-packages/airflow/example_dags/example_xcom.py
[2025-04-27T20:37:59.998-0300] {processor.py:830} INFO - Processing file /home/facuvega/Descargas/crypto-etl-airflow/airflow-apache/lib/python3.11/site-packages/airflow/example_dags/example_xcom.py for tasks to queue
[2025-04-27T20:38:00.000-0300] {logging_mixin.py:188} INFO - [2025-04-27T20:37:59.999-0300] {dagbag.py:540} INFO - Filling up the DagBag from /home/facuvega/Descargas/crypto-etl-airflow/airflow-apache/lib/python3.11/site-packages/airflow/example_dags/example_xcom.py
[2025-04-27T20:38:00.008-0300] {processor.py:840} INFO - DAG(s) 'example_xcom' retrieved from /home/facuvega/Descargas/crypto-etl-airflow/airflow-apache/lib/python3.11/site-packages/airflow/example_dags/example_xcom.py
[2025-04-27T20:38:00.023-0300] {logging_mixin.py:188} INFO - [2025-04-27T20:38:00.023-0300] {dag.py:3096} INFO - Sync 1 DAGs
[2025-04-27T20:38:00.040-0300] {logging_mixin.py:188} INFO - [2025-04-27T20:38:00.040-0300] {dag.py:3954} INFO - Setting next_dagrun for example_xcom to 2021-01-01 00:00:00+00:00, run_after=2021-01-01 00:00:00+00:00
[2025-04-27T20:38:00.055-0300] {processor.py:183} INFO - Processing /home/facuvega/Descargas/crypto-etl-airflow/airflow-apache/lib/python3.11/site-packages/airflow/example_dags/example_xcom.py took 0.064 seconds
[2025-04-27T20:38:42.657-0300] {processor.py:161} INFO - Started process (PID=18058) to work on /home/facuvega/Descargas/crypto-etl-airflow/airflow-apache/lib/python3.11/site-packages/airflow/example_dags/example_xcom.py
[2025-04-27T20:38:42.658-0300] {processor.py:830} INFO - Processing file /home/facuvega/Descargas/crypto-etl-airflow/airflow-apache/lib/python3.11/site-packages/airflow/example_dags/example_xcom.py for tasks to queue
[2025-04-27T20:38:42.660-0300] {logging_mixin.py:188} INFO - [2025-04-27T20:38:42.660-0300] {dagbag.py:540} INFO - Filling up the DagBag from /home/facuvega/Descargas/crypto-etl-airflow/airflow-apache/lib/python3.11/site-packages/airflow/example_dags/example_xcom.py
[2025-04-27T20:38:42.669-0300] {processor.py:840} INFO - DAG(s) 'example_xcom' retrieved from /home/facuvega/Descargas/crypto-etl-airflow/airflow-apache/lib/python3.11/site-packages/airflow/example_dags/example_xcom.py
[2025-04-27T20:38:42.688-0300] {logging_mixin.py:188} INFO - [2025-04-27T20:38:42.688-0300] {dag.py:3096} INFO - Sync 1 DAGs
[2025-04-27T20:38:42.703-0300] {logging_mixin.py:188} INFO - [2025-04-27T20:38:42.703-0300] {dag.py:3954} INFO - Setting next_dagrun for example_xcom to 2021-01-01 00:00:00+00:00, run_after=2021-01-01 00:00:00+00:00
[2025-04-27T20:38:42.717-0300] {processor.py:183} INFO - Processing /home/facuvega/Descargas/crypto-etl-airflow/airflow-apache/lib/python3.11/site-packages/airflow/example_dags/example_xcom.py took 0.067 seconds
[2025-04-27T20:39:22.290-0300] {processor.py:161} INFO - Started process (PID=18371) to work on /home/facuvega/Descargas/crypto-etl-airflow/airflow-apache/lib/python3.11/site-packages/airflow/example_dags/example_xcom.py
[2025-04-27T20:39:22.291-0300] {processor.py:830} INFO - Processing file /home/facuvega/Descargas/crypto-etl-airflow/airflow-apache/lib/python3.11/site-packages/airflow/example_dags/example_xcom.py for tasks to queue
[2025-04-27T20:39:22.293-0300] {logging_mixin.py:188} INFO - [2025-04-27T20:39:22.292-0300] {dagbag.py:540} INFO - Filling up the DagBag from /home/facuvega/Descargas/crypto-etl-airflow/airflow-apache/lib/python3.11/site-packages/airflow/example_dags/example_xcom.py
[2025-04-27T20:39:22.302-0300] {processor.py:840} INFO - DAG(s) 'example_xcom' retrieved from /home/facuvega/Descargas/crypto-etl-airflow/airflow-apache/lib/python3.11/site-packages/airflow/example_dags/example_xcom.py
[2025-04-27T20:39:22.318-0300] {logging_mixin.py:188} INFO - [2025-04-27T20:39:22.318-0300] {dag.py:3096} INFO - Sync 1 DAGs
[2025-04-27T20:39:22.332-0300] {logging_mixin.py:188} INFO - [2025-04-27T20:39:22.332-0300] {dag.py:3954} INFO - Setting next_dagrun for example_xcom to 2021-01-01 00:00:00+00:00, run_after=2021-01-01 00:00:00+00:00
[2025-04-27T20:39:22.347-0300] {processor.py:183} INFO - Processing /home/facuvega/Descargas/crypto-etl-airflow/airflow-apache/lib/python3.11/site-packages/airflow/example_dags/example_xcom.py took 0.065 seconds
[2025-04-27T20:40:01.171-0300] {processor.py:161} INFO - Started process (PID=18572) to work on /home/facuvega/Descargas/crypto-etl-airflow/airflow-apache/lib/python3.11/site-packages/airflow/example_dags/example_xcom.py
[2025-04-27T20:40:01.172-0300] {processor.py:830} INFO - Processing file /home/facuvega/Descargas/crypto-etl-airflow/airflow-apache/lib/python3.11/site-packages/airflow/example_dags/example_xcom.py for tasks to queue
[2025-04-27T20:40:01.174-0300] {logging_mixin.py:188} INFO - [2025-04-27T20:40:01.173-0300] {dagbag.py:540} INFO - Filling up the DagBag from /home/facuvega/Descargas/crypto-etl-airflow/airflow-apache/lib/python3.11/site-packages/airflow/example_dags/example_xcom.py
[2025-04-27T20:40:01.182-0300] {processor.py:840} INFO - DAG(s) 'example_xcom' retrieved from /home/facuvega/Descargas/crypto-etl-airflow/airflow-apache/lib/python3.11/site-packages/airflow/example_dags/example_xcom.py
[2025-04-27T20:40:01.197-0300] {logging_mixin.py:188} INFO - [2025-04-27T20:40:01.196-0300] {dag.py:3096} INFO - Sync 1 DAGs
[2025-04-27T20:40:01.213-0300] {logging_mixin.py:188} INFO - [2025-04-27T20:40:01.212-0300] {dag.py:3954} INFO - Setting next_dagrun for example_xcom to 2021-01-01 00:00:00+00:00, run_after=2021-01-01 00:00:00+00:00
[2025-04-27T20:40:01.227-0300] {processor.py:183} INFO - Processing /home/facuvega/Descargas/crypto-etl-airflow/airflow-apache/lib/python3.11/site-packages/airflow/example_dags/example_xcom.py took 0.062 seconds
[2025-04-27T20:40:45.066-0300] {processor.py:161} INFO - Started process (PID=18769) to work on /home/facuvega/Descargas/crypto-etl-airflow/airflow-apache/lib/python3.11/site-packages/airflow/example_dags/example_xcom.py
[2025-04-27T20:40:45.067-0300] {processor.py:830} INFO - Processing file /home/facuvega/Descargas/crypto-etl-airflow/airflow-apache/lib/python3.11/site-packages/airflow/example_dags/example_xcom.py for tasks to queue
[2025-04-27T20:40:45.069-0300] {logging_mixin.py:188} INFO - [2025-04-27T20:40:45.069-0300] {dagbag.py:540} INFO - Filling up the DagBag from /home/facuvega/Descargas/crypto-etl-airflow/airflow-apache/lib/python3.11/site-packages/airflow/example_dags/example_xcom.py
[2025-04-27T20:40:45.077-0300] {processor.py:840} INFO - DAG(s) 'example_xcom' retrieved from /home/facuvega/Descargas/crypto-etl-airflow/airflow-apache/lib/python3.11/site-packages/airflow/example_dags/example_xcom.py
[2025-04-27T20:40:45.091-0300] {logging_mixin.py:188} INFO - [2025-04-27T20:40:45.091-0300] {dag.py:3096} INFO - Sync 1 DAGs
[2025-04-27T20:40:45.108-0300] {logging_mixin.py:188} INFO - [2025-04-27T20:40:45.107-0300] {dag.py:3954} INFO - Setting next_dagrun for example_xcom to 2021-01-01 00:00:00+00:00, run_after=2021-01-01 00:00:00+00:00
[2025-04-27T20:40:45.125-0300] {processor.py:183} INFO - Processing /home/facuvega/Descargas/crypto-etl-airflow/airflow-apache/lib/python3.11/site-packages/airflow/example_dags/example_xcom.py took 0.064 seconds
[2025-04-27T20:41:28.770-0300] {processor.py:161} INFO - Started process (PID=18970) to work on /home/facuvega/Descargas/crypto-etl-airflow/airflow-apache/lib/python3.11/site-packages/airflow/example_dags/example_xcom.py
[2025-04-27T20:41:28.771-0300] {processor.py:830} INFO - Processing file /home/facuvega/Descargas/crypto-etl-airflow/airflow-apache/lib/python3.11/site-packages/airflow/example_dags/example_xcom.py for tasks to queue
[2025-04-27T20:41:28.773-0300] {logging_mixin.py:188} INFO - [2025-04-27T20:41:28.772-0300] {dagbag.py:540} INFO - Filling up the DagBag from /home/facuvega/Descargas/crypto-etl-airflow/airflow-apache/lib/python3.11/site-packages/airflow/example_dags/example_xcom.py
[2025-04-27T20:41:28.781-0300] {processor.py:840} INFO - DAG(s) 'example_xcom' retrieved from /home/facuvega/Descargas/crypto-etl-airflow/airflow-apache/lib/python3.11/site-packages/airflow/example_dags/example_xcom.py
[2025-04-27T20:41:28.797-0300] {logging_mixin.py:188} INFO - [2025-04-27T20:41:28.797-0300] {dag.py:3096} INFO - Sync 1 DAGs
[2025-04-27T20:41:28.815-0300] {logging_mixin.py:188} INFO - [2025-04-27T20:41:28.815-0300] {dag.py:3954} INFO - Setting next_dagrun for example_xcom to 2021-01-01 00:00:00+00:00, run_after=2021-01-01 00:00:00+00:00
[2025-04-27T20:41:28.843-0300] {processor.py:183} INFO - Processing /home/facuvega/Descargas/crypto-etl-airflow/airflow-apache/lib/python3.11/site-packages/airflow/example_dags/example_xcom.py took 0.079 seconds
[2025-04-27T20:42:09.394-0300] {processor.py:161} INFO - Started process (PID=19147) to work on /home/facuvega/Descargas/crypto-etl-airflow/airflow-apache/lib/python3.11/site-packages/airflow/example_dags/example_xcom.py
[2025-04-27T20:42:09.395-0300] {processor.py:830} INFO - Processing file /home/facuvega/Descargas/crypto-etl-airflow/airflow-apache/lib/python3.11/site-packages/airflow/example_dags/example_xcom.py for tasks to queue
[2025-04-27T20:42:09.397-0300] {logging_mixin.py:188} INFO - [2025-04-27T20:42:09.396-0300] {dagbag.py:540} INFO - Filling up the DagBag from /home/facuvega/Descargas/crypto-etl-airflow/airflow-apache/lib/python3.11/site-packages/airflow/example_dags/example_xcom.py
[2025-04-27T20:42:09.404-0300] {processor.py:840} INFO - DAG(s) 'example_xcom' retrieved from /home/facuvega/Descargas/crypto-etl-airflow/airflow-apache/lib/python3.11/site-packages/airflow/example_dags/example_xcom.py
[2025-04-27T20:42:09.417-0300] {logging_mixin.py:188} INFO - [2025-04-27T20:42:09.417-0300] {dag.py:3096} INFO - Sync 1 DAGs
[2025-04-27T20:42:09.436-0300] {logging_mixin.py:188} INFO - [2025-04-27T20:42:09.436-0300] {dag.py:3954} INFO - Setting next_dagrun for example_xcom to 2021-01-01 00:00:00+00:00, run_after=2021-01-01 00:00:00+00:00
[2025-04-27T20:42:09.452-0300] {processor.py:183} INFO - Processing /home/facuvega/Descargas/crypto-etl-airflow/airflow-apache/lib/python3.11/site-packages/airflow/example_dags/example_xcom.py took 0.063 seconds
[2025-04-27T20:42:48.814-0300] {processor.py:161} INFO - Started process (PID=19326) to work on /home/facuvega/Descargas/crypto-etl-airflow/airflow-apache/lib/python3.11/site-packages/airflow/example_dags/example_xcom.py
[2025-04-27T20:42:48.815-0300] {processor.py:830} INFO - Processing file /home/facuvega/Descargas/crypto-etl-airflow/airflow-apache/lib/python3.11/site-packages/airflow/example_dags/example_xcom.py for tasks to queue
[2025-04-27T20:42:48.817-0300] {logging_mixin.py:188} INFO - [2025-04-27T20:42:48.816-0300] {dagbag.py:540} INFO - Filling up the DagBag from /home/facuvega/Descargas/crypto-etl-airflow/airflow-apache/lib/python3.11/site-packages/airflow/example_dags/example_xcom.py
[2025-04-27T20:42:48.825-0300] {processor.py:840} INFO - DAG(s) 'example_xcom' retrieved from /home/facuvega/Descargas/crypto-etl-airflow/airflow-apache/lib/python3.11/site-packages/airflow/example_dags/example_xcom.py
[2025-04-27T20:42:48.840-0300] {logging_mixin.py:188} INFO - [2025-04-27T20:42:48.840-0300] {dag.py:3096} INFO - Sync 1 DAGs
[2025-04-27T20:42:48.855-0300] {logging_mixin.py:188} INFO - [2025-04-27T20:42:48.855-0300] {dag.py:3954} INFO - Setting next_dagrun for example_xcom to 2021-01-01 00:00:00+00:00, run_after=2021-01-01 00:00:00+00:00
[2025-04-27T20:42:48.870-0300] {processor.py:183} INFO - Processing /home/facuvega/Descargas/crypto-etl-airflow/airflow-apache/lib/python3.11/site-packages/airflow/example_dags/example_xcom.py took 0.062 seconds
[2025-04-27T20:43:29.374-0300] {processor.py:161} INFO - Started process (PID=19521) to work on /home/facuvega/Descargas/crypto-etl-airflow/airflow-apache/lib/python3.11/site-packages/airflow/example_dags/example_xcom.py
[2025-04-27T20:43:29.375-0300] {processor.py:830} INFO - Processing file /home/facuvega/Descargas/crypto-etl-airflow/airflow-apache/lib/python3.11/site-packages/airflow/example_dags/example_xcom.py for tasks to queue
[2025-04-27T20:43:29.377-0300] {logging_mixin.py:188} INFO - [2025-04-27T20:43:29.376-0300] {dagbag.py:540} INFO - Filling up the DagBag from /home/facuvega/Descargas/crypto-etl-airflow/airflow-apache/lib/python3.11/site-packages/airflow/example_dags/example_xcom.py
[2025-04-27T20:43:29.385-0300] {processor.py:840} INFO - DAG(s) 'example_xcom' retrieved from /home/facuvega/Descargas/crypto-etl-airflow/airflow-apache/lib/python3.11/site-packages/airflow/example_dags/example_xcom.py
[2025-04-27T20:43:29.401-0300] {logging_mixin.py:188} INFO - [2025-04-27T20:43:29.401-0300] {dag.py:3096} INFO - Sync 1 DAGs
[2025-04-27T20:43:29.418-0300] {logging_mixin.py:188} INFO - [2025-04-27T20:43:29.417-0300] {dag.py:3954} INFO - Setting next_dagrun for example_xcom to 2021-01-01 00:00:00+00:00, run_after=2021-01-01 00:00:00+00:00
[2025-04-27T20:43:29.434-0300] {processor.py:183} INFO - Processing /home/facuvega/Descargas/crypto-etl-airflow/airflow-apache/lib/python3.11/site-packages/airflow/example_dags/example_xcom.py took 0.065 seconds
[2025-04-27T20:44:06.526-0300] {processor.py:161} INFO - Started process (PID=19700) to work on /home/facuvega/Descargas/crypto-etl-airflow/airflow-apache/lib/python3.11/site-packages/airflow/example_dags/example_xcom.py
[2025-04-27T20:44:06.527-0300] {processor.py:830} INFO - Processing file /home/facuvega/Descargas/crypto-etl-airflow/airflow-apache/lib/python3.11/site-packages/airflow/example_dags/example_xcom.py for tasks to queue
[2025-04-27T20:44:06.528-0300] {logging_mixin.py:188} INFO - [2025-04-27T20:44:06.528-0300] {dagbag.py:540} INFO - Filling up the DagBag from /home/facuvega/Descargas/crypto-etl-airflow/airflow-apache/lib/python3.11/site-packages/airflow/example_dags/example_xcom.py
[2025-04-27T20:44:06.536-0300] {processor.py:840} INFO - DAG(s) 'example_xcom' retrieved from /home/facuvega/Descargas/crypto-etl-airflow/airflow-apache/lib/python3.11/site-packages/airflow/example_dags/example_xcom.py
[2025-04-27T20:44:06.549-0300] {logging_mixin.py:188} INFO - [2025-04-27T20:44:06.549-0300] {dag.py:3096} INFO - Sync 1 DAGs
[2025-04-27T20:44:06.565-0300] {logging_mixin.py:188} INFO - [2025-04-27T20:44:06.565-0300] {dag.py:3954} INFO - Setting next_dagrun for example_xcom to 2021-01-01 00:00:00+00:00, run_after=2021-01-01 00:00:00+00:00
[2025-04-27T20:44:06.579-0300] {processor.py:183} INFO - Processing /home/facuvega/Descargas/crypto-etl-airflow/airflow-apache/lib/python3.11/site-packages/airflow/example_dags/example_xcom.py took 0.059 seconds
[2025-04-27T20:44:47.669-0300] {processor.py:161} INFO - Started process (PID=19910) to work on /home/facuvega/Descargas/crypto-etl-airflow/airflow-apache/lib/python3.11/site-packages/airflow/example_dags/example_xcom.py
[2025-04-27T20:44:47.671-0300] {processor.py:830} INFO - Processing file /home/facuvega/Descargas/crypto-etl-airflow/airflow-apache/lib/python3.11/site-packages/airflow/example_dags/example_xcom.py for tasks to queue
[2025-04-27T20:44:47.672-0300] {logging_mixin.py:188} INFO - [2025-04-27T20:44:47.672-0300] {dagbag.py:540} INFO - Filling up the DagBag from /home/facuvega/Descargas/crypto-etl-airflow/airflow-apache/lib/python3.11/site-packages/airflow/example_dags/example_xcom.py
[2025-04-27T20:44:47.679-0300] {processor.py:840} INFO - DAG(s) 'example_xcom' retrieved from /home/facuvega/Descargas/crypto-etl-airflow/airflow-apache/lib/python3.11/site-packages/airflow/example_dags/example_xcom.py
[2025-04-27T20:44:47.693-0300] {logging_mixin.py:188} INFO - [2025-04-27T20:44:47.692-0300] {dag.py:3096} INFO - Sync 1 DAGs
[2025-04-27T20:44:47.708-0300] {logging_mixin.py:188} INFO - [2025-04-27T20:44:47.708-0300] {dag.py:3954} INFO - Setting next_dagrun for example_xcom to 2021-01-01 00:00:00+00:00, run_after=2021-01-01 00:00:00+00:00
[2025-04-27T20:44:47.725-0300] {processor.py:183} INFO - Processing /home/facuvega/Descargas/crypto-etl-airflow/airflow-apache/lib/python3.11/site-packages/airflow/example_dags/example_xcom.py took 0.061 seconds
[2025-04-27T20:45:28.747-0300] {processor.py:161} INFO - Started process (PID=20103) to work on /home/facuvega/Descargas/crypto-etl-airflow/airflow-apache/lib/python3.11/site-packages/airflow/example_dags/example_xcom.py
[2025-04-27T20:45:28.748-0300] {processor.py:830} INFO - Processing file /home/facuvega/Descargas/crypto-etl-airflow/airflow-apache/lib/python3.11/site-packages/airflow/example_dags/example_xcom.py for tasks to queue
[2025-04-27T20:45:28.750-0300] {logging_mixin.py:188} INFO - [2025-04-27T20:45:28.749-0300] {dagbag.py:540} INFO - Filling up the DagBag from /home/facuvega/Descargas/crypto-etl-airflow/airflow-apache/lib/python3.11/site-packages/airflow/example_dags/example_xcom.py
[2025-04-27T20:45:28.757-0300] {processor.py:840} INFO - DAG(s) 'example_xcom' retrieved from /home/facuvega/Descargas/crypto-etl-airflow/airflow-apache/lib/python3.11/site-packages/airflow/example_dags/example_xcom.py
[2025-04-27T20:45:28.771-0300] {logging_mixin.py:188} INFO - [2025-04-27T20:45:28.771-0300] {dag.py:3096} INFO - Sync 1 DAGs
[2025-04-27T20:45:28.786-0300] {logging_mixin.py:188} INFO - [2025-04-27T20:45:28.786-0300] {dag.py:3954} INFO - Setting next_dagrun for example_xcom to 2021-01-01 00:00:00+00:00, run_after=2021-01-01 00:00:00+00:00
[2025-04-27T20:45:28.802-0300] {processor.py:183} INFO - Processing /home/facuvega/Descargas/crypto-etl-airflow/airflow-apache/lib/python3.11/site-packages/airflow/example_dags/example_xcom.py took 0.063 seconds
[2025-04-27T20:46:06.076-0300] {processor.py:161} INFO - Started process (PID=20274) to work on /home/facuvega/Descargas/crypto-etl-airflow/airflow-apache/lib/python3.11/site-packages/airflow/example_dags/example_xcom.py
[2025-04-27T20:46:06.077-0300] {processor.py:830} INFO - Processing file /home/facuvega/Descargas/crypto-etl-airflow/airflow-apache/lib/python3.11/site-packages/airflow/example_dags/example_xcom.py for tasks to queue
[2025-04-27T20:46:06.079-0300] {logging_mixin.py:188} INFO - [2025-04-27T20:46:06.078-0300] {dagbag.py:540} INFO - Filling up the DagBag from /home/facuvega/Descargas/crypto-etl-airflow/airflow-apache/lib/python3.11/site-packages/airflow/example_dags/example_xcom.py
[2025-04-27T20:46:06.086-0300] {processor.py:840} INFO - DAG(s) 'example_xcom' retrieved from /home/facuvega/Descargas/crypto-etl-airflow/airflow-apache/lib/python3.11/site-packages/airflow/example_dags/example_xcom.py
[2025-04-27T20:46:06.099-0300] {logging_mixin.py:188} INFO - [2025-04-27T20:46:06.099-0300] {dag.py:3096} INFO - Sync 1 DAGs
[2025-04-27T20:46:06.113-0300] {logging_mixin.py:188} INFO - [2025-04-27T20:46:06.112-0300] {dag.py:3954} INFO - Setting next_dagrun for example_xcom to 2021-01-01 00:00:00+00:00, run_after=2021-01-01 00:00:00+00:00
[2025-04-27T20:46:06.125-0300] {processor.py:183} INFO - Processing /home/facuvega/Descargas/crypto-etl-airflow/airflow-apache/lib/python3.11/site-packages/airflow/example_dags/example_xcom.py took 0.055 seconds
[2025-04-27T20:46:45.615-0300] {processor.py:161} INFO - Started process (PID=20449) to work on /home/facuvega/Descargas/crypto-etl-airflow/airflow-apache/lib/python3.11/site-packages/airflow/example_dags/example_xcom.py
[2025-04-27T20:46:45.617-0300] {processor.py:830} INFO - Processing file /home/facuvega/Descargas/crypto-etl-airflow/airflow-apache/lib/python3.11/site-packages/airflow/example_dags/example_xcom.py for tasks to queue
[2025-04-27T20:46:45.618-0300] {logging_mixin.py:188} INFO - [2025-04-27T20:46:45.618-0300] {dagbag.py:540} INFO - Filling up the DagBag from /home/facuvega/Descargas/crypto-etl-airflow/airflow-apache/lib/python3.11/site-packages/airflow/example_dags/example_xcom.py
[2025-04-27T20:46:45.626-0300] {processor.py:840} INFO - DAG(s) 'example_xcom' retrieved from /home/facuvega/Descargas/crypto-etl-airflow/airflow-apache/lib/python3.11/site-packages/airflow/example_dags/example_xcom.py
[2025-04-27T20:46:45.646-0300] {logging_mixin.py:188} INFO - [2025-04-27T20:46:45.645-0300] {dag.py:3096} INFO - Sync 1 DAGs
[2025-04-27T20:46:45.664-0300] {logging_mixin.py:188} INFO - [2025-04-27T20:46:45.663-0300] {dag.py:3954} INFO - Setting next_dagrun for example_xcom to 2021-01-01 00:00:00+00:00, run_after=2021-01-01 00:00:00+00:00
[2025-04-27T20:46:45.678-0300] {processor.py:183} INFO - Processing /home/facuvega/Descargas/crypto-etl-airflow/airflow-apache/lib/python3.11/site-packages/airflow/example_dags/example_xcom.py took 0.068 seconds
[2025-04-27T20:47:23.896-0300] {processor.py:161} INFO - Started process (PID=20628) to work on /home/facuvega/Descargas/crypto-etl-airflow/airflow-apache/lib/python3.11/site-packages/airflow/example_dags/example_xcom.py
[2025-04-27T20:47:23.897-0300] {processor.py:830} INFO - Processing file /home/facuvega/Descargas/crypto-etl-airflow/airflow-apache/lib/python3.11/site-packages/airflow/example_dags/example_xcom.py for tasks to queue
[2025-04-27T20:47:23.899-0300] {logging_mixin.py:188} INFO - [2025-04-27T20:47:23.898-0300] {dagbag.py:540} INFO - Filling up the DagBag from /home/facuvega/Descargas/crypto-etl-airflow/airflow-apache/lib/python3.11/site-packages/airflow/example_dags/example_xcom.py
[2025-04-27T20:47:23.908-0300] {processor.py:840} INFO - DAG(s) 'example_xcom' retrieved from /home/facuvega/Descargas/crypto-etl-airflow/airflow-apache/lib/python3.11/site-packages/airflow/example_dags/example_xcom.py
[2025-04-27T20:47:23.925-0300] {logging_mixin.py:188} INFO - [2025-04-27T20:47:23.925-0300] {dag.py:3096} INFO - Sync 1 DAGs
[2025-04-27T20:47:23.939-0300] {logging_mixin.py:188} INFO - [2025-04-27T20:47:23.938-0300] {dag.py:3954} INFO - Setting next_dagrun for example_xcom to 2021-01-01 00:00:00+00:00, run_after=2021-01-01 00:00:00+00:00
[2025-04-27T20:47:23.956-0300] {processor.py:183} INFO - Processing /home/facuvega/Descargas/crypto-etl-airflow/airflow-apache/lib/python3.11/site-packages/airflow/example_dags/example_xcom.py took 0.067 seconds
[2025-04-27T20:48:05.677-0300] {processor.py:161} INFO - Started process (PID=21028) to work on /home/facuvega/Descargas/crypto-etl-airflow/airflow-apache/lib/python3.11/site-packages/airflow/example_dags/example_xcom.py
[2025-04-27T20:48:05.678-0300] {processor.py:830} INFO - Processing file /home/facuvega/Descargas/crypto-etl-airflow/airflow-apache/lib/python3.11/site-packages/airflow/example_dags/example_xcom.py for tasks to queue
[2025-04-27T20:48:05.680-0300] {logging_mixin.py:188} INFO - [2025-04-27T20:48:05.680-0300] {dagbag.py:540} INFO - Filling up the DagBag from /home/facuvega/Descargas/crypto-etl-airflow/airflow-apache/lib/python3.11/site-packages/airflow/example_dags/example_xcom.py
[2025-04-27T20:48:05.687-0300] {processor.py:840} INFO - DAG(s) 'example_xcom' retrieved from /home/facuvega/Descargas/crypto-etl-airflow/airflow-apache/lib/python3.11/site-packages/airflow/example_dags/example_xcom.py
[2025-04-27T20:48:05.701-0300] {logging_mixin.py:188} INFO - [2025-04-27T20:48:05.701-0300] {dag.py:3096} INFO - Sync 1 DAGs
[2025-04-27T20:48:05.716-0300] {logging_mixin.py:188} INFO - [2025-04-27T20:48:05.716-0300] {dag.py:3954} INFO - Setting next_dagrun for example_xcom to 2021-01-01 00:00:00+00:00, run_after=2021-01-01 00:00:00+00:00
[2025-04-27T20:48:05.732-0300] {processor.py:183} INFO - Processing /home/facuvega/Descargas/crypto-etl-airflow/airflow-apache/lib/python3.11/site-packages/airflow/example_dags/example_xcom.py took 0.061 seconds
[2025-04-27T20:48:46.186-0300] {processor.py:161} INFO - Started process (PID=21301) to work on /home/facuvega/Descargas/crypto-etl-airflow/airflow-apache/lib/python3.11/site-packages/airflow/example_dags/example_xcom.py
[2025-04-27T20:48:46.187-0300] {processor.py:830} INFO - Processing file /home/facuvega/Descargas/crypto-etl-airflow/airflow-apache/lib/python3.11/site-packages/airflow/example_dags/example_xcom.py for tasks to queue
[2025-04-27T20:48:46.188-0300] {logging_mixin.py:188} INFO - [2025-04-27T20:48:46.188-0300] {dagbag.py:540} INFO - Filling up the DagBag from /home/facuvega/Descargas/crypto-etl-airflow/airflow-apache/lib/python3.11/site-packages/airflow/example_dags/example_xcom.py
[2025-04-27T20:48:46.197-0300] {processor.py:840} INFO - DAG(s) 'example_xcom' retrieved from /home/facuvega/Descargas/crypto-etl-airflow/airflow-apache/lib/python3.11/site-packages/airflow/example_dags/example_xcom.py
[2025-04-27T20:48:46.215-0300] {logging_mixin.py:188} INFO - [2025-04-27T20:48:46.215-0300] {dag.py:3096} INFO - Sync 1 DAGs
[2025-04-27T20:48:46.234-0300] {logging_mixin.py:188} INFO - [2025-04-27T20:48:46.234-0300] {dag.py:3954} INFO - Setting next_dagrun for example_xcom to 2021-01-01 00:00:00+00:00, run_after=2021-01-01 00:00:00+00:00
[2025-04-27T20:48:46.252-0300] {processor.py:183} INFO - Processing /home/facuvega/Descargas/crypto-etl-airflow/airflow-apache/lib/python3.11/site-packages/airflow/example_dags/example_xcom.py took 0.072 seconds
[2025-04-27T20:49:33.500-0300] {processor.py:161} INFO - Started process (PID=21592) to work on /home/facuvega/Descargas/crypto-etl-airflow/airflow-apache/lib/python3.11/site-packages/airflow/example_dags/example_xcom.py
[2025-04-27T20:49:33.501-0300] {processor.py:830} INFO - Processing file /home/facuvega/Descargas/crypto-etl-airflow/airflow-apache/lib/python3.11/site-packages/airflow/example_dags/example_xcom.py for tasks to queue
[2025-04-27T20:49:33.503-0300] {logging_mixin.py:188} INFO - [2025-04-27T20:49:33.503-0300] {dagbag.py:540} INFO - Filling up the DagBag from /home/facuvega/Descargas/crypto-etl-airflow/airflow-apache/lib/python3.11/site-packages/airflow/example_dags/example_xcom.py
[2025-04-27T20:49:33.513-0300] {processor.py:840} INFO - DAG(s) 'example_xcom' retrieved from /home/facuvega/Descargas/crypto-etl-airflow/airflow-apache/lib/python3.11/site-packages/airflow/example_dags/example_xcom.py
[2025-04-27T20:49:33.529-0300] {logging_mixin.py:188} INFO - [2025-04-27T20:49:33.528-0300] {dag.py:3096} INFO - Sync 1 DAGs
[2025-04-27T20:49:33.545-0300] {logging_mixin.py:188} INFO - [2025-04-27T20:49:33.545-0300] {dag.py:3954} INFO - Setting next_dagrun for example_xcom to 2021-01-01 00:00:00+00:00, run_after=2021-01-01 00:00:00+00:00
[2025-04-27T20:49:33.559-0300] {processor.py:183} INFO - Processing /home/facuvega/Descargas/crypto-etl-airflow/airflow-apache/lib/python3.11/site-packages/airflow/example_dags/example_xcom.py took 0.065 seconds
[2025-04-27T20:50:17.074-0300] {processor.py:161} INFO - Started process (PID=21881) to work on /home/facuvega/Descargas/crypto-etl-airflow/airflow-apache/lib/python3.11/site-packages/airflow/example_dags/example_xcom.py
[2025-04-27T20:50:17.075-0300] {processor.py:830} INFO - Processing file /home/facuvega/Descargas/crypto-etl-airflow/airflow-apache/lib/python3.11/site-packages/airflow/example_dags/example_xcom.py for tasks to queue
[2025-04-27T20:50:17.078-0300] {logging_mixin.py:188} INFO - [2025-04-27T20:50:17.077-0300] {dagbag.py:540} INFO - Filling up the DagBag from /home/facuvega/Descargas/crypto-etl-airflow/airflow-apache/lib/python3.11/site-packages/airflow/example_dags/example_xcom.py
[2025-04-27T20:50:17.092-0300] {processor.py:840} INFO - DAG(s) 'example_xcom' retrieved from /home/facuvega/Descargas/crypto-etl-airflow/airflow-apache/lib/python3.11/site-packages/airflow/example_dags/example_xcom.py
[2025-04-27T20:50:17.113-0300] {logging_mixin.py:188} INFO - [2025-04-27T20:50:17.113-0300] {dag.py:3096} INFO - Sync 1 DAGs
[2025-04-27T20:50:17.129-0300] {logging_mixin.py:188} INFO - [2025-04-27T20:50:17.129-0300] {dag.py:3954} INFO - Setting next_dagrun for example_xcom to 2021-01-01 00:00:00+00:00, run_after=2021-01-01 00:00:00+00:00
[2025-04-27T20:50:17.146-0300] {processor.py:183} INFO - Processing /home/facuvega/Descargas/crypto-etl-airflow/airflow-apache/lib/python3.11/site-packages/airflow/example_dags/example_xcom.py took 0.080 seconds
[2025-04-27T20:50:59.615-0300] {processor.py:161} INFO - Started process (PID=22116) to work on /home/facuvega/Descargas/crypto-etl-airflow/airflow-apache/lib/python3.11/site-packages/airflow/example_dags/example_xcom.py
[2025-04-27T20:50:59.616-0300] {processor.py:830} INFO - Processing file /home/facuvega/Descargas/crypto-etl-airflow/airflow-apache/lib/python3.11/site-packages/airflow/example_dags/example_xcom.py for tasks to queue
[2025-04-27T20:50:59.617-0300] {logging_mixin.py:188} INFO - [2025-04-27T20:50:59.617-0300] {dagbag.py:540} INFO - Filling up the DagBag from /home/facuvega/Descargas/crypto-etl-airflow/airflow-apache/lib/python3.11/site-packages/airflow/example_dags/example_xcom.py
[2025-04-27T20:50:59.625-0300] {processor.py:840} INFO - DAG(s) 'example_xcom' retrieved from /home/facuvega/Descargas/crypto-etl-airflow/airflow-apache/lib/python3.11/site-packages/airflow/example_dags/example_xcom.py
[2025-04-27T20:50:59.638-0300] {logging_mixin.py:188} INFO - [2025-04-27T20:50:59.638-0300] {dag.py:3096} INFO - Sync 1 DAGs
[2025-04-27T20:50:59.652-0300] {logging_mixin.py:188} INFO - [2025-04-27T20:50:59.652-0300] {dag.py:3954} INFO - Setting next_dagrun for example_xcom to 2021-01-01 00:00:00+00:00, run_after=2021-01-01 00:00:00+00:00
[2025-04-27T20:50:59.666-0300] {processor.py:183} INFO - Processing /home/facuvega/Descargas/crypto-etl-airflow/airflow-apache/lib/python3.11/site-packages/airflow/example_dags/example_xcom.py took 0.056 seconds
[2025-04-27T20:51:36.473-0300] {processor.py:161} INFO - Started process (PID=22470) to work on /home/facuvega/Descargas/crypto-etl-airflow/airflow-apache/lib/python3.11/site-packages/airflow/example_dags/example_xcom.py
[2025-04-27T20:51:36.474-0300] {processor.py:830} INFO - Processing file /home/facuvega/Descargas/crypto-etl-airflow/airflow-apache/lib/python3.11/site-packages/airflow/example_dags/example_xcom.py for tasks to queue
[2025-04-27T20:51:36.476-0300] {logging_mixin.py:188} INFO - [2025-04-27T20:51:36.476-0300] {dagbag.py:540} INFO - Filling up the DagBag from /home/facuvega/Descargas/crypto-etl-airflow/airflow-apache/lib/python3.11/site-packages/airflow/example_dags/example_xcom.py
[2025-04-27T20:51:36.484-0300] {processor.py:840} INFO - DAG(s) 'example_xcom' retrieved from /home/facuvega/Descargas/crypto-etl-airflow/airflow-apache/lib/python3.11/site-packages/airflow/example_dags/example_xcom.py
[2025-04-27T20:51:36.498-0300] {logging_mixin.py:188} INFO - [2025-04-27T20:51:36.498-0300] {dag.py:3096} INFO - Sync 1 DAGs
[2025-04-27T20:51:36.514-0300] {logging_mixin.py:188} INFO - [2025-04-27T20:51:36.514-0300] {dag.py:3954} INFO - Setting next_dagrun for example_xcom to 2021-01-01 00:00:00+00:00, run_after=2021-01-01 00:00:00+00:00
[2025-04-27T20:51:36.526-0300] {processor.py:183} INFO - Processing /home/facuvega/Descargas/crypto-etl-airflow/airflow-apache/lib/python3.11/site-packages/airflow/example_dags/example_xcom.py took 0.059 seconds
