[2025-04-27T20:09:56.736-0300] {processor.py:161} INFO - Started process (PID=9176) to work on /home/facuvega/Descargas/crypto-etl-airflow/airflow-apache/lib/python3.11/site-packages/airflow/example_dags/example_task_group_decorator.py
[2025-04-27T20:09:56.738-0300] {processor.py:830} INFO - Processing file /home/facuvega/Descargas/crypto-etl-airflow/airflow-apache/lib/python3.11/site-packages/airflow/example_dags/example_task_group_decorator.py for tasks to queue
[2025-04-27T20:09:56.740-0300] {logging_mixin.py:188} INFO - [2025-04-27T20:09:56.740-0300] {dagbag.py:540} INFO - Filling up the DagBag from /home/facuvega/Descargas/crypto-etl-airflow/airflow-apache/lib/python3.11/site-packages/airflow/example_dags/example_task_group_decorator.py
[2025-04-27T20:09:56.755-0300] {processor.py:840} INFO - DAG(s) 'example_task_group_decorator' retrieved from /home/facuvega/Descargas/crypto-etl-airflow/airflow-apache/lib/python3.11/site-packages/airflow/example_dags/example_task_group_decorator.py
[2025-04-27T20:09:56.856-0300] {logging_mixin.py:188} INFO - [2025-04-27T20:09:56.856-0300] {override.py:1829} INFO - Created Permission View: can edit on DAG:example_task_group_decorator
[2025-04-27T20:09:56.862-0300] {logging_mixin.py:188} INFO - [2025-04-27T20:09:56.862-0300] {override.py:1829} INFO - Created Permission View: can delete on DAG:example_task_group_decorator
[2025-04-27T20:09:56.866-0300] {logging_mixin.py:188} INFO - [2025-04-27T20:09:56.866-0300] {override.py:1829} INFO - Created Permission View: can read on DAG:example_task_group_decorator
[2025-04-27T20:09:56.866-0300] {logging_mixin.py:188} INFO - [2025-04-27T20:09:56.866-0300] {dag.py:3096} INFO - Sync 1 DAGs
[2025-04-27T20:09:56.873-0300] {logging_mixin.py:188} INFO - [2025-04-27T20:09:56.873-0300] {dag.py:3118} INFO - Creating ORM DAG for example_task_group_decorator
[2025-04-27T20:09:56.880-0300] {logging_mixin.py:188} INFO - [2025-04-27T20:09:56.880-0300] {dag.py:3954} INFO - Setting next_dagrun for example_task_group_decorator to 2025-04-26 00:00:00+00:00, run_after=2025-04-27 00:00:00+00:00
[2025-04-27T20:09:56.892-0300] {processor.py:183} INFO - Processing /home/facuvega/Descargas/crypto-etl-airflow/airflow-apache/lib/python3.11/site-packages/airflow/example_dags/example_task_group_decorator.py took 0.161 seconds
[2025-04-27T20:10:59.085-0300] {processor.py:161} INFO - Started process (PID=9816) to work on /home/facuvega/Descargas/crypto-etl-airflow/airflow-apache/lib/python3.11/site-packages/airflow/example_dags/example_task_group_decorator.py
[2025-04-27T20:10:59.088-0300] {processor.py:830} INFO - Processing file /home/facuvega/Descargas/crypto-etl-airflow/airflow-apache/lib/python3.11/site-packages/airflow/example_dags/example_task_group_decorator.py for tasks to queue
[2025-04-27T20:10:59.090-0300] {logging_mixin.py:188} INFO - [2025-04-27T20:10:59.090-0300] {dagbag.py:540} INFO - Filling up the DagBag from /home/facuvega/Descargas/crypto-etl-airflow/airflow-apache/lib/python3.11/site-packages/airflow/example_dags/example_task_group_decorator.py
[2025-04-27T20:10:59.104-0300] {processor.py:840} INFO - DAG(s) 'example_task_group_decorator' retrieved from /home/facuvega/Descargas/crypto-etl-airflow/airflow-apache/lib/python3.11/site-packages/airflow/example_dags/example_task_group_decorator.py
[2025-04-27T20:10:59.120-0300] {logging_mixin.py:188} INFO - [2025-04-27T20:10:59.120-0300] {dag.py:3096} INFO - Sync 1 DAGs
[2025-04-27T20:10:59.134-0300] {logging_mixin.py:188} INFO - [2025-04-27T20:10:59.134-0300] {dag.py:3954} INFO - Setting next_dagrun for example_task_group_decorator to 2025-04-26 00:00:00+00:00, run_after=2025-04-27 00:00:00+00:00
[2025-04-27T20:10:59.150-0300] {processor.py:183} INFO - Processing /home/facuvega/Descargas/crypto-etl-airflow/airflow-apache/lib/python3.11/site-packages/airflow/example_dags/example_task_group_decorator.py took 0.074 seconds
[2025-04-27T20:11:48.307-0300] {processor.py:161} INFO - Started process (PID=10096) to work on /home/facuvega/Descargas/crypto-etl-airflow/airflow-apache/lib/python3.11/site-packages/airflow/example_dags/example_task_group_decorator.py
[2025-04-27T20:11:48.308-0300] {processor.py:830} INFO - Processing file /home/facuvega/Descargas/crypto-etl-airflow/airflow-apache/lib/python3.11/site-packages/airflow/example_dags/example_task_group_decorator.py for tasks to queue
[2025-04-27T20:11:48.310-0300] {logging_mixin.py:188} INFO - [2025-04-27T20:11:48.310-0300] {dagbag.py:540} INFO - Filling up the DagBag from /home/facuvega/Descargas/crypto-etl-airflow/airflow-apache/lib/python3.11/site-packages/airflow/example_dags/example_task_group_decorator.py
[2025-04-27T20:11:48.321-0300] {processor.py:840} INFO - DAG(s) 'example_task_group_decorator' retrieved from /home/facuvega/Descargas/crypto-etl-airflow/airflow-apache/lib/python3.11/site-packages/airflow/example_dags/example_task_group_decorator.py
[2025-04-27T20:11:48.339-0300] {logging_mixin.py:188} INFO - [2025-04-27T20:11:48.339-0300] {dag.py:3096} INFO - Sync 1 DAGs
[2025-04-27T20:11:48.360-0300] {logging_mixin.py:188} INFO - [2025-04-27T20:11:48.360-0300] {dag.py:3954} INFO - Setting next_dagrun for example_task_group_decorator to 2025-04-26 00:00:00+00:00, run_after=2025-04-27 00:00:00+00:00
[2025-04-27T20:11:48.374-0300] {processor.py:183} INFO - Processing /home/facuvega/Descargas/crypto-etl-airflow/airflow-apache/lib/python3.11/site-packages/airflow/example_dags/example_task_group_decorator.py took 0.071 seconds
[2025-04-27T20:12:39.988-0300] {processor.py:161} INFO - Started process (PID=10473) to work on /home/facuvega/Descargas/crypto-etl-airflow/airflow-apache/lib/python3.11/site-packages/airflow/example_dags/example_task_group_decorator.py
[2025-04-27T20:12:39.990-0300] {processor.py:830} INFO - Processing file /home/facuvega/Descargas/crypto-etl-airflow/airflow-apache/lib/python3.11/site-packages/airflow/example_dags/example_task_group_decorator.py for tasks to queue
[2025-04-27T20:12:39.992-0300] {logging_mixin.py:188} INFO - [2025-04-27T20:12:39.991-0300] {dagbag.py:540} INFO - Filling up the DagBag from /home/facuvega/Descargas/crypto-etl-airflow/airflow-apache/lib/python3.11/site-packages/airflow/example_dags/example_task_group_decorator.py
[2025-04-27T20:12:40.019-0300] {processor.py:840} INFO - DAG(s) 'example_task_group_decorator' retrieved from /home/facuvega/Descargas/crypto-etl-airflow/airflow-apache/lib/python3.11/site-packages/airflow/example_dags/example_task_group_decorator.py
[2025-04-27T20:12:40.058-0300] {logging_mixin.py:188} INFO - [2025-04-27T20:12:40.058-0300] {dag.py:3096} INFO - Sync 1 DAGs
[2025-04-27T20:12:40.109-0300] {logging_mixin.py:188} INFO - [2025-04-27T20:12:40.109-0300] {dag.py:3954} INFO - Setting next_dagrun for example_task_group_decorator to 2025-04-26 00:00:00+00:00, run_after=2025-04-27 00:00:00+00:00
[2025-04-27T20:12:40.165-0300] {processor.py:183} INFO - Processing /home/facuvega/Descargas/crypto-etl-airflow/airflow-apache/lib/python3.11/site-packages/airflow/example_dags/example_task_group_decorator.py took 0.188 seconds
[2025-04-27T20:13:21.237-0300] {processor.py:161} INFO - Started process (PID=10673) to work on /home/facuvega/Descargas/crypto-etl-airflow/airflow-apache/lib/python3.11/site-packages/airflow/example_dags/example_task_group_decorator.py
[2025-04-27T20:13:21.239-0300] {processor.py:830} INFO - Processing file /home/facuvega/Descargas/crypto-etl-airflow/airflow-apache/lib/python3.11/site-packages/airflow/example_dags/example_task_group_decorator.py for tasks to queue
[2025-04-27T20:13:21.241-0300] {logging_mixin.py:188} INFO - [2025-04-27T20:13:21.240-0300] {dagbag.py:540} INFO - Filling up the DagBag from /home/facuvega/Descargas/crypto-etl-airflow/airflow-apache/lib/python3.11/site-packages/airflow/example_dags/example_task_group_decorator.py
[2025-04-27T20:13:21.253-0300] {processor.py:840} INFO - DAG(s) 'example_task_group_decorator' retrieved from /home/facuvega/Descargas/crypto-etl-airflow/airflow-apache/lib/python3.11/site-packages/airflow/example_dags/example_task_group_decorator.py
[2025-04-27T20:13:21.269-0300] {logging_mixin.py:188} INFO - [2025-04-27T20:13:21.269-0300] {dag.py:3096} INFO - Sync 1 DAGs
[2025-04-27T20:13:21.283-0300] {logging_mixin.py:188} INFO - [2025-04-27T20:13:21.283-0300] {dag.py:3954} INFO - Setting next_dagrun for example_task_group_decorator to 2025-04-26 00:00:00+00:00, run_after=2025-04-27 00:00:00+00:00
[2025-04-27T20:13:21.297-0300] {processor.py:183} INFO - Processing /home/facuvega/Descargas/crypto-etl-airflow/airflow-apache/lib/python3.11/site-packages/airflow/example_dags/example_task_group_decorator.py took 0.064 seconds
[2025-04-27T20:13:59.813-0300] {processor.py:161} INFO - Started process (PID=10846) to work on /home/facuvega/Descargas/crypto-etl-airflow/airflow-apache/lib/python3.11/site-packages/airflow/example_dags/example_task_group_decorator.py
[2025-04-27T20:13:59.814-0300] {processor.py:830} INFO - Processing file /home/facuvega/Descargas/crypto-etl-airflow/airflow-apache/lib/python3.11/site-packages/airflow/example_dags/example_task_group_decorator.py for tasks to queue
[2025-04-27T20:13:59.815-0300] {logging_mixin.py:188} INFO - [2025-04-27T20:13:59.815-0300] {dagbag.py:540} INFO - Filling up the DagBag from /home/facuvega/Descargas/crypto-etl-airflow/airflow-apache/lib/python3.11/site-packages/airflow/example_dags/example_task_group_decorator.py
[2025-04-27T20:13:59.826-0300] {processor.py:840} INFO - DAG(s) 'example_task_group_decorator' retrieved from /home/facuvega/Descargas/crypto-etl-airflow/airflow-apache/lib/python3.11/site-packages/airflow/example_dags/example_task_group_decorator.py
[2025-04-27T20:13:59.842-0300] {logging_mixin.py:188} INFO - [2025-04-27T20:13:59.842-0300] {dag.py:3096} INFO - Sync 1 DAGs
[2025-04-27T20:13:59.856-0300] {logging_mixin.py:188} INFO - [2025-04-27T20:13:59.856-0300] {dag.py:3954} INFO - Setting next_dagrun for example_task_group_decorator to 2025-04-26 00:00:00+00:00, run_after=2025-04-27 00:00:00+00:00
[2025-04-27T20:13:59.871-0300] {processor.py:183} INFO - Processing /home/facuvega/Descargas/crypto-etl-airflow/airflow-apache/lib/python3.11/site-packages/airflow/example_dags/example_task_group_decorator.py took 0.063 seconds
[2025-04-27T20:14:40.430-0300] {processor.py:161} INFO - Started process (PID=11029) to work on /home/facuvega/Descargas/crypto-etl-airflow/airflow-apache/lib/python3.11/site-packages/airflow/example_dags/example_task_group_decorator.py
[2025-04-27T20:14:40.430-0300] {processor.py:830} INFO - Processing file /home/facuvega/Descargas/crypto-etl-airflow/airflow-apache/lib/python3.11/site-packages/airflow/example_dags/example_task_group_decorator.py for tasks to queue
[2025-04-27T20:14:40.432-0300] {logging_mixin.py:188} INFO - [2025-04-27T20:14:40.432-0300] {dagbag.py:540} INFO - Filling up the DagBag from /home/facuvega/Descargas/crypto-etl-airflow/airflow-apache/lib/python3.11/site-packages/airflow/example_dags/example_task_group_decorator.py
[2025-04-27T20:14:40.444-0300] {processor.py:840} INFO - DAG(s) 'example_task_group_decorator' retrieved from /home/facuvega/Descargas/crypto-etl-airflow/airflow-apache/lib/python3.11/site-packages/airflow/example_dags/example_task_group_decorator.py
[2025-04-27T20:14:40.461-0300] {logging_mixin.py:188} INFO - [2025-04-27T20:14:40.461-0300] {dag.py:3096} INFO - Sync 1 DAGs
[2025-04-27T20:14:40.477-0300] {logging_mixin.py:188} INFO - [2025-04-27T20:14:40.476-0300] {dag.py:3954} INFO - Setting next_dagrun for example_task_group_decorator to 2025-04-26 00:00:00+00:00, run_after=2025-04-27 00:00:00+00:00
[2025-04-27T20:14:40.490-0300] {processor.py:183} INFO - Processing /home/facuvega/Descargas/crypto-etl-airflow/airflow-apache/lib/python3.11/site-packages/airflow/example_dags/example_task_group_decorator.py took 0.067 seconds
[2025-04-27T20:15:21.693-0300] {processor.py:161} INFO - Started process (PID=11242) to work on /home/facuvega/Descargas/crypto-etl-airflow/airflow-apache/lib/python3.11/site-packages/airflow/example_dags/example_task_group_decorator.py
[2025-04-27T20:15:21.694-0300] {processor.py:830} INFO - Processing file /home/facuvega/Descargas/crypto-etl-airflow/airflow-apache/lib/python3.11/site-packages/airflow/example_dags/example_task_group_decorator.py for tasks to queue
[2025-04-27T20:15:21.695-0300] {logging_mixin.py:188} INFO - [2025-04-27T20:15:21.695-0300] {dagbag.py:540} INFO - Filling up the DagBag from /home/facuvega/Descargas/crypto-etl-airflow/airflow-apache/lib/python3.11/site-packages/airflow/example_dags/example_task_group_decorator.py
[2025-04-27T20:15:21.708-0300] {processor.py:840} INFO - DAG(s) 'example_task_group_decorator' retrieved from /home/facuvega/Descargas/crypto-etl-airflow/airflow-apache/lib/python3.11/site-packages/airflow/example_dags/example_task_group_decorator.py
[2025-04-27T20:15:21.724-0300] {logging_mixin.py:188} INFO - [2025-04-27T20:15:21.724-0300] {dag.py:3096} INFO - Sync 1 DAGs
[2025-04-27T20:15:21.739-0300] {logging_mixin.py:188} INFO - [2025-04-27T20:15:21.739-0300] {dag.py:3954} INFO - Setting next_dagrun for example_task_group_decorator to 2025-04-26 00:00:00+00:00, run_after=2025-04-27 00:00:00+00:00
[2025-04-27T20:15:21.753-0300] {processor.py:183} INFO - Processing /home/facuvega/Descargas/crypto-etl-airflow/airflow-apache/lib/python3.11/site-packages/airflow/example_dags/example_task_group_decorator.py took 0.066 seconds
[2025-04-27T20:16:00.860-0300] {processor.py:161} INFO - Started process (PID=11417) to work on /home/facuvega/Descargas/crypto-etl-airflow/airflow-apache/lib/python3.11/site-packages/airflow/example_dags/example_task_group_decorator.py
[2025-04-27T20:16:00.861-0300] {processor.py:830} INFO - Processing file /home/facuvega/Descargas/crypto-etl-airflow/airflow-apache/lib/python3.11/site-packages/airflow/example_dags/example_task_group_decorator.py for tasks to queue
[2025-04-27T20:16:00.862-0300] {logging_mixin.py:188} INFO - [2025-04-27T20:16:00.862-0300] {dagbag.py:540} INFO - Filling up the DagBag from /home/facuvega/Descargas/crypto-etl-airflow/airflow-apache/lib/python3.11/site-packages/airflow/example_dags/example_task_group_decorator.py
[2025-04-27T20:16:00.873-0300] {processor.py:840} INFO - DAG(s) 'example_task_group_decorator' retrieved from /home/facuvega/Descargas/crypto-etl-airflow/airflow-apache/lib/python3.11/site-packages/airflow/example_dags/example_task_group_decorator.py
[2025-04-27T20:16:00.889-0300] {logging_mixin.py:188} INFO - [2025-04-27T20:16:00.889-0300] {dag.py:3096} INFO - Sync 1 DAGs
[2025-04-27T20:16:00.907-0300] {logging_mixin.py:188} INFO - [2025-04-27T20:16:00.907-0300] {dag.py:3954} INFO - Setting next_dagrun for example_task_group_decorator to 2025-04-26 00:00:00+00:00, run_after=2025-04-27 00:00:00+00:00
[2025-04-27T20:16:00.925-0300] {processor.py:183} INFO - Processing /home/facuvega/Descargas/crypto-etl-airflow/airflow-apache/lib/python3.11/site-packages/airflow/example_dags/example_task_group_decorator.py took 0.070 seconds
[2025-04-27T20:16:40.647-0300] {processor.py:161} INFO - Started process (PID=11602) to work on /home/facuvega/Descargas/crypto-etl-airflow/airflow-apache/lib/python3.11/site-packages/airflow/example_dags/example_task_group_decorator.py
[2025-04-27T20:16:40.648-0300] {processor.py:830} INFO - Processing file /home/facuvega/Descargas/crypto-etl-airflow/airflow-apache/lib/python3.11/site-packages/airflow/example_dags/example_task_group_decorator.py for tasks to queue
[2025-04-27T20:16:40.650-0300] {logging_mixin.py:188} INFO - [2025-04-27T20:16:40.649-0300] {dagbag.py:540} INFO - Filling up the DagBag from /home/facuvega/Descargas/crypto-etl-airflow/airflow-apache/lib/python3.11/site-packages/airflow/example_dags/example_task_group_decorator.py
[2025-04-27T20:16:40.660-0300] {processor.py:840} INFO - DAG(s) 'example_task_group_decorator' retrieved from /home/facuvega/Descargas/crypto-etl-airflow/airflow-apache/lib/python3.11/site-packages/airflow/example_dags/example_task_group_decorator.py
[2025-04-27T20:16:40.675-0300] {logging_mixin.py:188} INFO - [2025-04-27T20:16:40.674-0300] {dag.py:3096} INFO - Sync 1 DAGs
[2025-04-27T20:16:40.687-0300] {logging_mixin.py:188} INFO - [2025-04-27T20:16:40.687-0300] {dag.py:3954} INFO - Setting next_dagrun for example_task_group_decorator to 2025-04-26 00:00:00+00:00, run_after=2025-04-27 00:00:00+00:00
[2025-04-27T20:16:40.700-0300] {processor.py:183} INFO - Processing /home/facuvega/Descargas/crypto-etl-airflow/airflow-apache/lib/python3.11/site-packages/airflow/example_dags/example_task_group_decorator.py took 0.058 seconds
[2025-04-27T20:17:25.075-0300] {processor.py:161} INFO - Started process (PID=11799) to work on /home/facuvega/Descargas/crypto-etl-airflow/airflow-apache/lib/python3.11/site-packages/airflow/example_dags/example_task_group_decorator.py
[2025-04-27T20:17:25.076-0300] {processor.py:830} INFO - Processing file /home/facuvega/Descargas/crypto-etl-airflow/airflow-apache/lib/python3.11/site-packages/airflow/example_dags/example_task_group_decorator.py for tasks to queue
[2025-04-27T20:17:25.078-0300] {logging_mixin.py:188} INFO - [2025-04-27T20:17:25.078-0300] {dagbag.py:540} INFO - Filling up the DagBag from /home/facuvega/Descargas/crypto-etl-airflow/airflow-apache/lib/python3.11/site-packages/airflow/example_dags/example_task_group_decorator.py
[2025-04-27T20:17:25.088-0300] {processor.py:840} INFO - DAG(s) 'example_task_group_decorator' retrieved from /home/facuvega/Descargas/crypto-etl-airflow/airflow-apache/lib/python3.11/site-packages/airflow/example_dags/example_task_group_decorator.py
[2025-04-27T20:17:25.104-0300] {logging_mixin.py:188} INFO - [2025-04-27T20:17:25.103-0300] {dag.py:3096} INFO - Sync 1 DAGs
[2025-04-27T20:17:25.117-0300] {logging_mixin.py:188} INFO - [2025-04-27T20:17:25.117-0300] {dag.py:3954} INFO - Setting next_dagrun for example_task_group_decorator to 2025-04-26 00:00:00+00:00, run_after=2025-04-27 00:00:00+00:00
[2025-04-27T20:17:25.131-0300] {processor.py:183} INFO - Processing /home/facuvega/Descargas/crypto-etl-airflow/airflow-apache/lib/python3.11/site-packages/airflow/example_dags/example_task_group_decorator.py took 0.061 seconds
[2025-04-27T20:18:03.956-0300] {processor.py:161} INFO - Started process (PID=12108) to work on /home/facuvega/Descargas/crypto-etl-airflow/airflow-apache/lib/python3.11/site-packages/airflow/example_dags/example_task_group_decorator.py
[2025-04-27T20:18:03.957-0300] {processor.py:830} INFO - Processing file /home/facuvega/Descargas/crypto-etl-airflow/airflow-apache/lib/python3.11/site-packages/airflow/example_dags/example_task_group_decorator.py for tasks to queue
[2025-04-27T20:18:03.959-0300] {logging_mixin.py:188} INFO - [2025-04-27T20:18:03.959-0300] {dagbag.py:540} INFO - Filling up the DagBag from /home/facuvega/Descargas/crypto-etl-airflow/airflow-apache/lib/python3.11/site-packages/airflow/example_dags/example_task_group_decorator.py
[2025-04-27T20:18:03.971-0300] {processor.py:840} INFO - DAG(s) 'example_task_group_decorator' retrieved from /home/facuvega/Descargas/crypto-etl-airflow/airflow-apache/lib/python3.11/site-packages/airflow/example_dags/example_task_group_decorator.py
[2025-04-27T20:18:03.986-0300] {logging_mixin.py:188} INFO - [2025-04-27T20:18:03.986-0300] {dag.py:3096} INFO - Sync 1 DAGs
[2025-04-27T20:18:04.000-0300] {logging_mixin.py:188} INFO - [2025-04-27T20:18:04.000-0300] {dag.py:3954} INFO - Setting next_dagrun for example_task_group_decorator to 2025-04-26 00:00:00+00:00, run_after=2025-04-27 00:00:00+00:00
[2025-04-27T20:18:04.013-0300] {processor.py:183} INFO - Processing /home/facuvega/Descargas/crypto-etl-airflow/airflow-apache/lib/python3.11/site-packages/airflow/example_dags/example_task_group_decorator.py took 0.063 seconds
[2025-04-27T20:18:43.154-0300] {processor.py:161} INFO - Started process (PID=12287) to work on /home/facuvega/Descargas/crypto-etl-airflow/airflow-apache/lib/python3.11/site-packages/airflow/example_dags/example_task_group_decorator.py
[2025-04-27T20:18:43.156-0300] {processor.py:830} INFO - Processing file /home/facuvega/Descargas/crypto-etl-airflow/airflow-apache/lib/python3.11/site-packages/airflow/example_dags/example_task_group_decorator.py for tasks to queue
[2025-04-27T20:18:43.158-0300] {logging_mixin.py:188} INFO - [2025-04-27T20:18:43.158-0300] {dagbag.py:540} INFO - Filling up the DagBag from /home/facuvega/Descargas/crypto-etl-airflow/airflow-apache/lib/python3.11/site-packages/airflow/example_dags/example_task_group_decorator.py
[2025-04-27T20:18:43.171-0300] {processor.py:840} INFO - DAG(s) 'example_task_group_decorator' retrieved from /home/facuvega/Descargas/crypto-etl-airflow/airflow-apache/lib/python3.11/site-packages/airflow/example_dags/example_task_group_decorator.py
[2025-04-27T20:18:43.189-0300] {logging_mixin.py:188} INFO - [2025-04-27T20:18:43.189-0300] {dag.py:3096} INFO - Sync 1 DAGs
[2025-04-27T20:18:43.209-0300] {logging_mixin.py:188} INFO - [2025-04-27T20:18:43.209-0300] {dag.py:3954} INFO - Setting next_dagrun for example_task_group_decorator to 2025-04-26 00:00:00+00:00, run_after=2025-04-27 00:00:00+00:00
[2025-04-27T20:18:43.226-0300] {processor.py:183} INFO - Processing /home/facuvega/Descargas/crypto-etl-airflow/airflow-apache/lib/python3.11/site-packages/airflow/example_dags/example_task_group_decorator.py took 0.081 seconds
[2025-04-27T20:19:23.589-0300] {processor.py:161} INFO - Started process (PID=12465) to work on /home/facuvega/Descargas/crypto-etl-airflow/airflow-apache/lib/python3.11/site-packages/airflow/example_dags/example_task_group_decorator.py
[2025-04-27T20:19:23.590-0300] {processor.py:830} INFO - Processing file /home/facuvega/Descargas/crypto-etl-airflow/airflow-apache/lib/python3.11/site-packages/airflow/example_dags/example_task_group_decorator.py for tasks to queue
[2025-04-27T20:19:23.591-0300] {logging_mixin.py:188} INFO - [2025-04-27T20:19:23.591-0300] {dagbag.py:540} INFO - Filling up the DagBag from /home/facuvega/Descargas/crypto-etl-airflow/airflow-apache/lib/python3.11/site-packages/airflow/example_dags/example_task_group_decorator.py
[2025-04-27T20:19:23.603-0300] {processor.py:840} INFO - DAG(s) 'example_task_group_decorator' retrieved from /home/facuvega/Descargas/crypto-etl-airflow/airflow-apache/lib/python3.11/site-packages/airflow/example_dags/example_task_group_decorator.py
[2025-04-27T20:19:23.620-0300] {logging_mixin.py:188} INFO - [2025-04-27T20:19:23.620-0300] {dag.py:3096} INFO - Sync 1 DAGs
[2025-04-27T20:19:23.636-0300] {logging_mixin.py:188} INFO - [2025-04-27T20:19:23.636-0300] {dag.py:3954} INFO - Setting next_dagrun for example_task_group_decorator to 2025-04-26 00:00:00+00:00, run_after=2025-04-27 00:00:00+00:00
[2025-04-27T20:19:23.655-0300] {processor.py:183} INFO - Processing /home/facuvega/Descargas/crypto-etl-airflow/airflow-apache/lib/python3.11/site-packages/airflow/example_dags/example_task_group_decorator.py took 0.071 seconds
[2025-04-27T20:20:01.887-0300] {processor.py:161} INFO - Started process (PID=12692) to work on /home/facuvega/Descargas/crypto-etl-airflow/airflow-apache/lib/python3.11/site-packages/airflow/example_dags/example_task_group_decorator.py
[2025-04-27T20:20:01.888-0300] {processor.py:830} INFO - Processing file /home/facuvega/Descargas/crypto-etl-airflow/airflow-apache/lib/python3.11/site-packages/airflow/example_dags/example_task_group_decorator.py for tasks to queue
[2025-04-27T20:20:01.890-0300] {logging_mixin.py:188} INFO - [2025-04-27T20:20:01.889-0300] {dagbag.py:540} INFO - Filling up the DagBag from /home/facuvega/Descargas/crypto-etl-airflow/airflow-apache/lib/python3.11/site-packages/airflow/example_dags/example_task_group_decorator.py
[2025-04-27T20:20:01.905-0300] {processor.py:840} INFO - DAG(s) 'example_task_group_decorator' retrieved from /home/facuvega/Descargas/crypto-etl-airflow/airflow-apache/lib/python3.11/site-packages/airflow/example_dags/example_task_group_decorator.py
[2025-04-27T20:20:01.925-0300] {logging_mixin.py:188} INFO - [2025-04-27T20:20:01.925-0300] {dag.py:3096} INFO - Sync 1 DAGs
[2025-04-27T20:20:01.944-0300] {logging_mixin.py:188} INFO - [2025-04-27T20:20:01.944-0300] {dag.py:3954} INFO - Setting next_dagrun for example_task_group_decorator to 2025-04-26 00:00:00+00:00, run_after=2025-04-27 00:00:00+00:00
[2025-04-27T20:20:01.959-0300] {processor.py:183} INFO - Processing /home/facuvega/Descargas/crypto-etl-airflow/airflow-apache/lib/python3.11/site-packages/airflow/example_dags/example_task_group_decorator.py took 0.078 seconds
[2025-04-27T20:20:42.193-0300] {processor.py:161} INFO - Started process (PID=12874) to work on /home/facuvega/Descargas/crypto-etl-airflow/airflow-apache/lib/python3.11/site-packages/airflow/example_dags/example_task_group_decorator.py
[2025-04-27T20:20:42.194-0300] {processor.py:830} INFO - Processing file /home/facuvega/Descargas/crypto-etl-airflow/airflow-apache/lib/python3.11/site-packages/airflow/example_dags/example_task_group_decorator.py for tasks to queue
[2025-04-27T20:20:42.195-0300] {logging_mixin.py:188} INFO - [2025-04-27T20:20:42.195-0300] {dagbag.py:540} INFO - Filling up the DagBag from /home/facuvega/Descargas/crypto-etl-airflow/airflow-apache/lib/python3.11/site-packages/airflow/example_dags/example_task_group_decorator.py
[2025-04-27T20:20:42.207-0300] {processor.py:840} INFO - DAG(s) 'example_task_group_decorator' retrieved from /home/facuvega/Descargas/crypto-etl-airflow/airflow-apache/lib/python3.11/site-packages/airflow/example_dags/example_task_group_decorator.py
[2025-04-27T20:20:42.223-0300] {logging_mixin.py:188} INFO - [2025-04-27T20:20:42.223-0300] {dag.py:3096} INFO - Sync 1 DAGs
[2025-04-27T20:20:42.238-0300] {logging_mixin.py:188} INFO - [2025-04-27T20:20:42.237-0300] {dag.py:3954} INFO - Setting next_dagrun for example_task_group_decorator to 2025-04-26 00:00:00+00:00, run_after=2025-04-27 00:00:00+00:00
[2025-04-27T20:20:42.252-0300] {processor.py:183} INFO - Processing /home/facuvega/Descargas/crypto-etl-airflow/airflow-apache/lib/python3.11/site-packages/airflow/example_dags/example_task_group_decorator.py took 0.065 seconds
[2025-04-27T20:21:21.520-0300] {processor.py:161} INFO - Started process (PID=13058) to work on /home/facuvega/Descargas/crypto-etl-airflow/airflow-apache/lib/python3.11/site-packages/airflow/example_dags/example_task_group_decorator.py
[2025-04-27T20:21:21.521-0300] {processor.py:830} INFO - Processing file /home/facuvega/Descargas/crypto-etl-airflow/airflow-apache/lib/python3.11/site-packages/airflow/example_dags/example_task_group_decorator.py for tasks to queue
[2025-04-27T20:21:21.522-0300] {logging_mixin.py:188} INFO - [2025-04-27T20:21:21.522-0300] {dagbag.py:540} INFO - Filling up the DagBag from /home/facuvega/Descargas/crypto-etl-airflow/airflow-apache/lib/python3.11/site-packages/airflow/example_dags/example_task_group_decorator.py
[2025-04-27T20:21:21.535-0300] {processor.py:840} INFO - DAG(s) 'example_task_group_decorator' retrieved from /home/facuvega/Descargas/crypto-etl-airflow/airflow-apache/lib/python3.11/site-packages/airflow/example_dags/example_task_group_decorator.py
[2025-04-27T20:21:21.554-0300] {logging_mixin.py:188} INFO - [2025-04-27T20:21:21.554-0300] {dag.py:3096} INFO - Sync 1 DAGs
[2025-04-27T20:21:21.570-0300] {logging_mixin.py:188} INFO - [2025-04-27T20:21:21.569-0300] {dag.py:3954} INFO - Setting next_dagrun for example_task_group_decorator to 2025-04-26 00:00:00+00:00, run_after=2025-04-27 00:00:00+00:00
[2025-04-27T20:21:21.585-0300] {processor.py:183} INFO - Processing /home/facuvega/Descargas/crypto-etl-airflow/airflow-apache/lib/python3.11/site-packages/airflow/example_dags/example_task_group_decorator.py took 0.071 seconds
[2025-04-27T20:22:04.333-0300] {processor.py:161} INFO - Started process (PID=13246) to work on /home/facuvega/Descargas/crypto-etl-airflow/airflow-apache/lib/python3.11/site-packages/airflow/example_dags/example_task_group_decorator.py
[2025-04-27T20:22:04.334-0300] {processor.py:830} INFO - Processing file /home/facuvega/Descargas/crypto-etl-airflow/airflow-apache/lib/python3.11/site-packages/airflow/example_dags/example_task_group_decorator.py for tasks to queue
[2025-04-27T20:22:04.335-0300] {logging_mixin.py:188} INFO - [2025-04-27T20:22:04.335-0300] {dagbag.py:540} INFO - Filling up the DagBag from /home/facuvega/Descargas/crypto-etl-airflow/airflow-apache/lib/python3.11/site-packages/airflow/example_dags/example_task_group_decorator.py
[2025-04-27T20:22:04.348-0300] {processor.py:840} INFO - DAG(s) 'example_task_group_decorator' retrieved from /home/facuvega/Descargas/crypto-etl-airflow/airflow-apache/lib/python3.11/site-packages/airflow/example_dags/example_task_group_decorator.py
[2025-04-27T20:22:04.370-0300] {logging_mixin.py:188} INFO - [2025-04-27T20:22:04.370-0300] {dag.py:3096} INFO - Sync 1 DAGs
[2025-04-27T20:22:04.390-0300] {logging_mixin.py:188} INFO - [2025-04-27T20:22:04.390-0300] {dag.py:3954} INFO - Setting next_dagrun for example_task_group_decorator to 2025-04-26 00:00:00+00:00, run_after=2025-04-27 00:00:00+00:00
[2025-04-27T20:22:04.409-0300] {processor.py:183} INFO - Processing /home/facuvega/Descargas/crypto-etl-airflow/airflow-apache/lib/python3.11/site-packages/airflow/example_dags/example_task_group_decorator.py took 0.082 seconds
[2025-04-27T20:22:46.492-0300] {processor.py:161} INFO - Started process (PID=13437) to work on /home/facuvega/Descargas/crypto-etl-airflow/airflow-apache/lib/python3.11/site-packages/airflow/example_dags/example_task_group_decorator.py
[2025-04-27T20:22:46.493-0300] {processor.py:830} INFO - Processing file /home/facuvega/Descargas/crypto-etl-airflow/airflow-apache/lib/python3.11/site-packages/airflow/example_dags/example_task_group_decorator.py for tasks to queue
[2025-04-27T20:22:46.495-0300] {logging_mixin.py:188} INFO - [2025-04-27T20:22:46.495-0300] {dagbag.py:540} INFO - Filling up the DagBag from /home/facuvega/Descargas/crypto-etl-airflow/airflow-apache/lib/python3.11/site-packages/airflow/example_dags/example_task_group_decorator.py
[2025-04-27T20:22:46.506-0300] {processor.py:840} INFO - DAG(s) 'example_task_group_decorator' retrieved from /home/facuvega/Descargas/crypto-etl-airflow/airflow-apache/lib/python3.11/site-packages/airflow/example_dags/example_task_group_decorator.py
[2025-04-27T20:22:46.525-0300] {logging_mixin.py:188} INFO - [2025-04-27T20:22:46.525-0300] {dag.py:3096} INFO - Sync 1 DAGs
[2025-04-27T20:22:46.540-0300] {logging_mixin.py:188} INFO - [2025-04-27T20:22:46.539-0300] {dag.py:3954} INFO - Setting next_dagrun for example_task_group_decorator to 2025-04-26 00:00:00+00:00, run_after=2025-04-27 00:00:00+00:00
[2025-04-27T20:22:46.553-0300] {processor.py:183} INFO - Processing /home/facuvega/Descargas/crypto-etl-airflow/airflow-apache/lib/python3.11/site-packages/airflow/example_dags/example_task_group_decorator.py took 0.065 seconds
[2025-04-27T20:23:31.009-0300] {processor.py:161} INFO - Started process (PID=13628) to work on /home/facuvega/Descargas/crypto-etl-airflow/airflow-apache/lib/python3.11/site-packages/airflow/example_dags/example_task_group_decorator.py
[2025-04-27T20:23:31.010-0300] {processor.py:830} INFO - Processing file /home/facuvega/Descargas/crypto-etl-airflow/airflow-apache/lib/python3.11/site-packages/airflow/example_dags/example_task_group_decorator.py for tasks to queue
[2025-04-27T20:23:31.012-0300] {logging_mixin.py:188} INFO - [2025-04-27T20:23:31.011-0300] {dagbag.py:540} INFO - Filling up the DagBag from /home/facuvega/Descargas/crypto-etl-airflow/airflow-apache/lib/python3.11/site-packages/airflow/example_dags/example_task_group_decorator.py
[2025-04-27T20:23:31.023-0300] {processor.py:840} INFO - DAG(s) 'example_task_group_decorator' retrieved from /home/facuvega/Descargas/crypto-etl-airflow/airflow-apache/lib/python3.11/site-packages/airflow/example_dags/example_task_group_decorator.py
[2025-04-27T20:23:31.039-0300] {logging_mixin.py:188} INFO - [2025-04-27T20:23:31.039-0300] {dag.py:3096} INFO - Sync 1 DAGs
[2025-04-27T20:23:31.053-0300] {logging_mixin.py:188} INFO - [2025-04-27T20:23:31.053-0300] {dag.py:3954} INFO - Setting next_dagrun for example_task_group_decorator to 2025-04-26 00:00:00+00:00, run_after=2025-04-27 00:00:00+00:00
[2025-04-27T20:23:31.072-0300] {processor.py:183} INFO - Processing /home/facuvega/Descargas/crypto-etl-airflow/airflow-apache/lib/python3.11/site-packages/airflow/example_dags/example_task_group_decorator.py took 0.068 seconds
[2025-04-27T20:24:08.716-0300] {processor.py:161} INFO - Started process (PID=13799) to work on /home/facuvega/Descargas/crypto-etl-airflow/airflow-apache/lib/python3.11/site-packages/airflow/example_dags/example_task_group_decorator.py
[2025-04-27T20:24:08.716-0300] {processor.py:830} INFO - Processing file /home/facuvega/Descargas/crypto-etl-airflow/airflow-apache/lib/python3.11/site-packages/airflow/example_dags/example_task_group_decorator.py for tasks to queue
[2025-04-27T20:24:08.718-0300] {logging_mixin.py:188} INFO - [2025-04-27T20:24:08.718-0300] {dagbag.py:540} INFO - Filling up the DagBag from /home/facuvega/Descargas/crypto-etl-airflow/airflow-apache/lib/python3.11/site-packages/airflow/example_dags/example_task_group_decorator.py
[2025-04-27T20:24:08.730-0300] {processor.py:840} INFO - DAG(s) 'example_task_group_decorator' retrieved from /home/facuvega/Descargas/crypto-etl-airflow/airflow-apache/lib/python3.11/site-packages/airflow/example_dags/example_task_group_decorator.py
[2025-04-27T20:24:08.746-0300] {logging_mixin.py:188} INFO - [2025-04-27T20:24:08.746-0300] {dag.py:3096} INFO - Sync 1 DAGs
[2025-04-27T20:24:08.761-0300] {logging_mixin.py:188} INFO - [2025-04-27T20:24:08.760-0300] {dag.py:3954} INFO - Setting next_dagrun for example_task_group_decorator to 2025-04-26 00:00:00+00:00, run_after=2025-04-27 00:00:00+00:00
[2025-04-27T20:24:08.774-0300] {processor.py:183} INFO - Processing /home/facuvega/Descargas/crypto-etl-airflow/airflow-apache/lib/python3.11/site-packages/airflow/example_dags/example_task_group_decorator.py took 0.064 seconds
[2025-04-27T20:24:45.854-0300] {processor.py:161} INFO - Started process (PID=13998) to work on /home/facuvega/Descargas/crypto-etl-airflow/airflow-apache/lib/python3.11/site-packages/airflow/example_dags/example_task_group_decorator.py
[2025-04-27T20:24:45.855-0300] {processor.py:830} INFO - Processing file /home/facuvega/Descargas/crypto-etl-airflow/airflow-apache/lib/python3.11/site-packages/airflow/example_dags/example_task_group_decorator.py for tasks to queue
[2025-04-27T20:24:45.857-0300] {logging_mixin.py:188} INFO - [2025-04-27T20:24:45.856-0300] {dagbag.py:540} INFO - Filling up the DagBag from /home/facuvega/Descargas/crypto-etl-airflow/airflow-apache/lib/python3.11/site-packages/airflow/example_dags/example_task_group_decorator.py
[2025-04-27T20:24:45.873-0300] {processor.py:840} INFO - DAG(s) 'example_task_group_decorator' retrieved from /home/facuvega/Descargas/crypto-etl-airflow/airflow-apache/lib/python3.11/site-packages/airflow/example_dags/example_task_group_decorator.py
[2025-04-27T20:24:45.892-0300] {logging_mixin.py:188} INFO - [2025-04-27T20:24:45.892-0300] {dag.py:3096} INFO - Sync 1 DAGs
[2025-04-27T20:24:45.908-0300] {logging_mixin.py:188} INFO - [2025-04-27T20:24:45.908-0300] {dag.py:3954} INFO - Setting next_dagrun for example_task_group_decorator to 2025-04-26 00:00:00+00:00, run_after=2025-04-27 00:00:00+00:00
[2025-04-27T20:24:45.924-0300] {processor.py:183} INFO - Processing /home/facuvega/Descargas/crypto-etl-airflow/airflow-apache/lib/python3.11/site-packages/airflow/example_dags/example_task_group_decorator.py took 0.077 seconds
[2025-04-27T20:25:24.898-0300] {processor.py:161} INFO - Started process (PID=14182) to work on /home/facuvega/Descargas/crypto-etl-airflow/airflow-apache/lib/python3.11/site-packages/airflow/example_dags/example_task_group_decorator.py
[2025-04-27T20:25:24.899-0300] {processor.py:830} INFO - Processing file /home/facuvega/Descargas/crypto-etl-airflow/airflow-apache/lib/python3.11/site-packages/airflow/example_dags/example_task_group_decorator.py for tasks to queue
[2025-04-27T20:25:24.901-0300] {logging_mixin.py:188} INFO - [2025-04-27T20:25:24.901-0300] {dagbag.py:540} INFO - Filling up the DagBag from /home/facuvega/Descargas/crypto-etl-airflow/airflow-apache/lib/python3.11/site-packages/airflow/example_dags/example_task_group_decorator.py
[2025-04-27T20:25:24.915-0300] {processor.py:840} INFO - DAG(s) 'example_task_group_decorator' retrieved from /home/facuvega/Descargas/crypto-etl-airflow/airflow-apache/lib/python3.11/site-packages/airflow/example_dags/example_task_group_decorator.py
[2025-04-27T20:25:24.934-0300] {logging_mixin.py:188} INFO - [2025-04-27T20:25:24.933-0300] {dag.py:3096} INFO - Sync 1 DAGs
[2025-04-27T20:25:24.948-0300] {logging_mixin.py:188} INFO - [2025-04-27T20:25:24.948-0300] {dag.py:3954} INFO - Setting next_dagrun for example_task_group_decorator to 2025-04-26 00:00:00+00:00, run_after=2025-04-27 00:00:00+00:00
[2025-04-27T20:25:24.964-0300] {processor.py:183} INFO - Processing /home/facuvega/Descargas/crypto-etl-airflow/airflow-apache/lib/python3.11/site-packages/airflow/example_dags/example_task_group_decorator.py took 0.071 seconds
[2025-04-27T20:26:09.018-0300] {processor.py:161} INFO - Started process (PID=14375) to work on /home/facuvega/Descargas/crypto-etl-airflow/airflow-apache/lib/python3.11/site-packages/airflow/example_dags/example_task_group_decorator.py
[2025-04-27T20:26:09.019-0300] {processor.py:830} INFO - Processing file /home/facuvega/Descargas/crypto-etl-airflow/airflow-apache/lib/python3.11/site-packages/airflow/example_dags/example_task_group_decorator.py for tasks to queue
[2025-04-27T20:26:09.021-0300] {logging_mixin.py:188} INFO - [2025-04-27T20:26:09.020-0300] {dagbag.py:540} INFO - Filling up the DagBag from /home/facuvega/Descargas/crypto-etl-airflow/airflow-apache/lib/python3.11/site-packages/airflow/example_dags/example_task_group_decorator.py
[2025-04-27T20:26:09.033-0300] {processor.py:840} INFO - DAG(s) 'example_task_group_decorator' retrieved from /home/facuvega/Descargas/crypto-etl-airflow/airflow-apache/lib/python3.11/site-packages/airflow/example_dags/example_task_group_decorator.py
[2025-04-27T20:26:09.051-0300] {logging_mixin.py:188} INFO - [2025-04-27T20:26:09.051-0300] {dag.py:3096} INFO - Sync 1 DAGs
[2025-04-27T20:26:09.066-0300] {logging_mixin.py:188} INFO - [2025-04-27T20:26:09.066-0300] {dag.py:3954} INFO - Setting next_dagrun for example_task_group_decorator to 2025-04-26 00:00:00+00:00, run_after=2025-04-27 00:00:00+00:00
[2025-04-27T20:26:09.081-0300] {processor.py:183} INFO - Processing /home/facuvega/Descargas/crypto-etl-airflow/airflow-apache/lib/python3.11/site-packages/airflow/example_dags/example_task_group_decorator.py took 0.069 seconds
[2025-04-27T20:26:50.192-0300] {processor.py:161} INFO - Started process (PID=14582) to work on /home/facuvega/Descargas/crypto-etl-airflow/airflow-apache/lib/python3.11/site-packages/airflow/example_dags/example_task_group_decorator.py
[2025-04-27T20:26:50.193-0300] {processor.py:830} INFO - Processing file /home/facuvega/Descargas/crypto-etl-airflow/airflow-apache/lib/python3.11/site-packages/airflow/example_dags/example_task_group_decorator.py for tasks to queue
[2025-04-27T20:26:50.195-0300] {logging_mixin.py:188} INFO - [2025-04-27T20:26:50.194-0300] {dagbag.py:540} INFO - Filling up the DagBag from /home/facuvega/Descargas/crypto-etl-airflow/airflow-apache/lib/python3.11/site-packages/airflow/example_dags/example_task_group_decorator.py
[2025-04-27T20:26:50.207-0300] {processor.py:840} INFO - DAG(s) 'example_task_group_decorator' retrieved from /home/facuvega/Descargas/crypto-etl-airflow/airflow-apache/lib/python3.11/site-packages/airflow/example_dags/example_task_group_decorator.py
[2025-04-27T20:26:50.224-0300] {logging_mixin.py:188} INFO - [2025-04-27T20:26:50.224-0300] {dag.py:3096} INFO - Sync 1 DAGs
[2025-04-27T20:26:50.240-0300] {logging_mixin.py:188} INFO - [2025-04-27T20:26:50.240-0300] {dag.py:3954} INFO - Setting next_dagrun for example_task_group_decorator to 2025-04-26 00:00:00+00:00, run_after=2025-04-27 00:00:00+00:00
[2025-04-27T20:26:50.255-0300] {processor.py:183} INFO - Processing /home/facuvega/Descargas/crypto-etl-airflow/airflow-apache/lib/python3.11/site-packages/airflow/example_dags/example_task_group_decorator.py took 0.069 seconds
[2025-04-27T20:27:29.037-0300] {processor.py:161} INFO - Started process (PID=14760) to work on /home/facuvega/Descargas/crypto-etl-airflow/airflow-apache/lib/python3.11/site-packages/airflow/example_dags/example_task_group_decorator.py
[2025-04-27T20:27:29.038-0300] {processor.py:830} INFO - Processing file /home/facuvega/Descargas/crypto-etl-airflow/airflow-apache/lib/python3.11/site-packages/airflow/example_dags/example_task_group_decorator.py for tasks to queue
[2025-04-27T20:27:29.040-0300] {logging_mixin.py:188} INFO - [2025-04-27T20:27:29.040-0300] {dagbag.py:540} INFO - Filling up the DagBag from /home/facuvega/Descargas/crypto-etl-airflow/airflow-apache/lib/python3.11/site-packages/airflow/example_dags/example_task_group_decorator.py
[2025-04-27T20:27:29.055-0300] {processor.py:840} INFO - DAG(s) 'example_task_group_decorator' retrieved from /home/facuvega/Descargas/crypto-etl-airflow/airflow-apache/lib/python3.11/site-packages/airflow/example_dags/example_task_group_decorator.py
[2025-04-27T20:27:29.073-0300] {logging_mixin.py:188} INFO - [2025-04-27T20:27:29.073-0300] {dag.py:3096} INFO - Sync 1 DAGs
[2025-04-27T20:27:29.091-0300] {logging_mixin.py:188} INFO - [2025-04-27T20:27:29.091-0300] {dag.py:3954} INFO - Setting next_dagrun for example_task_group_decorator to 2025-04-26 00:00:00+00:00, run_after=2025-04-27 00:00:00+00:00
[2025-04-27T20:27:29.107-0300] {processor.py:183} INFO - Processing /home/facuvega/Descargas/crypto-etl-airflow/airflow-apache/lib/python3.11/site-packages/airflow/example_dags/example_task_group_decorator.py took 0.076 seconds
[2025-04-27T20:28:07.051-0300] {processor.py:161} INFO - Started process (PID=14935) to work on /home/facuvega/Descargas/crypto-etl-airflow/airflow-apache/lib/python3.11/site-packages/airflow/example_dags/example_task_group_decorator.py
[2025-04-27T20:28:07.052-0300] {processor.py:830} INFO - Processing file /home/facuvega/Descargas/crypto-etl-airflow/airflow-apache/lib/python3.11/site-packages/airflow/example_dags/example_task_group_decorator.py for tasks to queue
[2025-04-27T20:28:07.054-0300] {logging_mixin.py:188} INFO - [2025-04-27T20:28:07.053-0300] {dagbag.py:540} INFO - Filling up the DagBag from /home/facuvega/Descargas/crypto-etl-airflow/airflow-apache/lib/python3.11/site-packages/airflow/example_dags/example_task_group_decorator.py
[2025-04-27T20:28:07.068-0300] {processor.py:840} INFO - DAG(s) 'example_task_group_decorator' retrieved from /home/facuvega/Descargas/crypto-etl-airflow/airflow-apache/lib/python3.11/site-packages/airflow/example_dags/example_task_group_decorator.py
[2025-04-27T20:28:07.083-0300] {logging_mixin.py:188} INFO - [2025-04-27T20:28:07.082-0300] {dag.py:3096} INFO - Sync 1 DAGs
[2025-04-27T20:28:07.095-0300] {logging_mixin.py:188} INFO - [2025-04-27T20:28:07.095-0300] {dag.py:3954} INFO - Setting next_dagrun for example_task_group_decorator to 2025-04-26 00:00:00+00:00, run_after=2025-04-27 00:00:00+00:00
[2025-04-27T20:28:07.107-0300] {processor.py:183} INFO - Processing /home/facuvega/Descargas/crypto-etl-airflow/airflow-apache/lib/python3.11/site-packages/airflow/example_dags/example_task_group_decorator.py took 0.063 seconds
[2025-04-27T20:28:51.029-0300] {processor.py:161} INFO - Started process (PID=15131) to work on /home/facuvega/Descargas/crypto-etl-airflow/airflow-apache/lib/python3.11/site-packages/airflow/example_dags/example_task_group_decorator.py
[2025-04-27T20:28:51.030-0300] {processor.py:830} INFO - Processing file /home/facuvega/Descargas/crypto-etl-airflow/airflow-apache/lib/python3.11/site-packages/airflow/example_dags/example_task_group_decorator.py for tasks to queue
[2025-04-27T20:28:51.032-0300] {logging_mixin.py:188} INFO - [2025-04-27T20:28:51.031-0300] {dagbag.py:540} INFO - Filling up the DagBag from /home/facuvega/Descargas/crypto-etl-airflow/airflow-apache/lib/python3.11/site-packages/airflow/example_dags/example_task_group_decorator.py
[2025-04-27T20:28:51.044-0300] {processor.py:840} INFO - DAG(s) 'example_task_group_decorator' retrieved from /home/facuvega/Descargas/crypto-etl-airflow/airflow-apache/lib/python3.11/site-packages/airflow/example_dags/example_task_group_decorator.py
[2025-04-27T20:28:51.061-0300] {logging_mixin.py:188} INFO - [2025-04-27T20:28:51.060-0300] {dag.py:3096} INFO - Sync 1 DAGs
[2025-04-27T20:28:51.076-0300] {logging_mixin.py:188} INFO - [2025-04-27T20:28:51.076-0300] {dag.py:3954} INFO - Setting next_dagrun for example_task_group_decorator to 2025-04-26 00:00:00+00:00, run_after=2025-04-27 00:00:00+00:00
[2025-04-27T20:28:51.090-0300] {processor.py:183} INFO - Processing /home/facuvega/Descargas/crypto-etl-airflow/airflow-apache/lib/python3.11/site-packages/airflow/example_dags/example_task_group_decorator.py took 0.066 seconds
[2025-04-27T20:29:32.416-0300] {processor.py:161} INFO - Started process (PID=15323) to work on /home/facuvega/Descargas/crypto-etl-airflow/airflow-apache/lib/python3.11/site-packages/airflow/example_dags/example_task_group_decorator.py
[2025-04-27T20:29:32.417-0300] {processor.py:830} INFO - Processing file /home/facuvega/Descargas/crypto-etl-airflow/airflow-apache/lib/python3.11/site-packages/airflow/example_dags/example_task_group_decorator.py for tasks to queue
[2025-04-27T20:29:32.418-0300] {logging_mixin.py:188} INFO - [2025-04-27T20:29:32.418-0300] {dagbag.py:540} INFO - Filling up the DagBag from /home/facuvega/Descargas/crypto-etl-airflow/airflow-apache/lib/python3.11/site-packages/airflow/example_dags/example_task_group_decorator.py
[2025-04-27T20:29:32.430-0300] {processor.py:840} INFO - DAG(s) 'example_task_group_decorator' retrieved from /home/facuvega/Descargas/crypto-etl-airflow/airflow-apache/lib/python3.11/site-packages/airflow/example_dags/example_task_group_decorator.py
[2025-04-27T20:29:32.445-0300] {logging_mixin.py:188} INFO - [2025-04-27T20:29:32.445-0300] {dag.py:3096} INFO - Sync 1 DAGs
[2025-04-27T20:29:32.459-0300] {logging_mixin.py:188} INFO - [2025-04-27T20:29:32.459-0300] {dag.py:3954} INFO - Setting next_dagrun for example_task_group_decorator to 2025-04-26 00:00:00+00:00, run_after=2025-04-27 00:00:00+00:00
[2025-04-27T20:29:32.473-0300] {processor.py:183} INFO - Processing /home/facuvega/Descargas/crypto-etl-airflow/airflow-apache/lib/python3.11/site-packages/airflow/example_dags/example_task_group_decorator.py took 0.062 seconds
[2025-04-27T20:30:10.999-0300] {processor.py:161} INFO - Started process (PID=15532) to work on /home/facuvega/Descargas/crypto-etl-airflow/airflow-apache/lib/python3.11/site-packages/airflow/example_dags/example_task_group_decorator.py
[2025-04-27T20:30:11.000-0300] {processor.py:830} INFO - Processing file /home/facuvega/Descargas/crypto-etl-airflow/airflow-apache/lib/python3.11/site-packages/airflow/example_dags/example_task_group_decorator.py for tasks to queue
[2025-04-27T20:30:11.002-0300] {logging_mixin.py:188} INFO - [2025-04-27T20:30:11.001-0300] {dagbag.py:540} INFO - Filling up the DagBag from /home/facuvega/Descargas/crypto-etl-airflow/airflow-apache/lib/python3.11/site-packages/airflow/example_dags/example_task_group_decorator.py
[2025-04-27T20:30:11.014-0300] {processor.py:840} INFO - DAG(s) 'example_task_group_decorator' retrieved from /home/facuvega/Descargas/crypto-etl-airflow/airflow-apache/lib/python3.11/site-packages/airflow/example_dags/example_task_group_decorator.py
[2025-04-27T20:30:11.030-0300] {logging_mixin.py:188} INFO - [2025-04-27T20:30:11.030-0300] {dag.py:3096} INFO - Sync 1 DAGs
[2025-04-27T20:30:11.045-0300] {logging_mixin.py:188} INFO - [2025-04-27T20:30:11.045-0300] {dag.py:3954} INFO - Setting next_dagrun for example_task_group_decorator to 2025-04-26 00:00:00+00:00, run_after=2025-04-27 00:00:00+00:00
[2025-04-27T20:30:11.059-0300] {processor.py:183} INFO - Processing /home/facuvega/Descargas/crypto-etl-airflow/airflow-apache/lib/python3.11/site-packages/airflow/example_dags/example_task_group_decorator.py took 0.064 seconds
[2025-04-27T20:30:50.287-0300] {processor.py:161} INFO - Started process (PID=15705) to work on /home/facuvega/Descargas/crypto-etl-airflow/airflow-apache/lib/python3.11/site-packages/airflow/example_dags/example_task_group_decorator.py
[2025-04-27T20:30:50.288-0300] {processor.py:830} INFO - Processing file /home/facuvega/Descargas/crypto-etl-airflow/airflow-apache/lib/python3.11/site-packages/airflow/example_dags/example_task_group_decorator.py for tasks to queue
[2025-04-27T20:30:50.290-0300] {logging_mixin.py:188} INFO - [2025-04-27T20:30:50.289-0300] {dagbag.py:540} INFO - Filling up the DagBag from /home/facuvega/Descargas/crypto-etl-airflow/airflow-apache/lib/python3.11/site-packages/airflow/example_dags/example_task_group_decorator.py
[2025-04-27T20:30:50.300-0300] {processor.py:840} INFO - DAG(s) 'example_task_group_decorator' retrieved from /home/facuvega/Descargas/crypto-etl-airflow/airflow-apache/lib/python3.11/site-packages/airflow/example_dags/example_task_group_decorator.py
[2025-04-27T20:30:50.315-0300] {logging_mixin.py:188} INFO - [2025-04-27T20:30:50.315-0300] {dag.py:3096} INFO - Sync 1 DAGs
[2025-04-27T20:30:50.329-0300] {logging_mixin.py:188} INFO - [2025-04-27T20:30:50.329-0300] {dag.py:3954} INFO - Setting next_dagrun for example_task_group_decorator to 2025-04-26 00:00:00+00:00, run_after=2025-04-27 00:00:00+00:00
[2025-04-27T20:30:50.341-0300] {processor.py:183} INFO - Processing /home/facuvega/Descargas/crypto-etl-airflow/airflow-apache/lib/python3.11/site-packages/airflow/example_dags/example_task_group_decorator.py took 0.059 seconds
[2025-04-27T20:31:29.703-0300] {processor.py:161} INFO - Started process (PID=15889) to work on /home/facuvega/Descargas/crypto-etl-airflow/airflow-apache/lib/python3.11/site-packages/airflow/example_dags/example_task_group_decorator.py
[2025-04-27T20:31:29.704-0300] {processor.py:830} INFO - Processing file /home/facuvega/Descargas/crypto-etl-airflow/airflow-apache/lib/python3.11/site-packages/airflow/example_dags/example_task_group_decorator.py for tasks to queue
[2025-04-27T20:31:29.706-0300] {logging_mixin.py:188} INFO - [2025-04-27T20:31:29.705-0300] {dagbag.py:540} INFO - Filling up the DagBag from /home/facuvega/Descargas/crypto-etl-airflow/airflow-apache/lib/python3.11/site-packages/airflow/example_dags/example_task_group_decorator.py
[2025-04-27T20:31:29.720-0300] {processor.py:840} INFO - DAG(s) 'example_task_group_decorator' retrieved from /home/facuvega/Descargas/crypto-etl-airflow/airflow-apache/lib/python3.11/site-packages/airflow/example_dags/example_task_group_decorator.py
[2025-04-27T20:31:29.738-0300] {logging_mixin.py:188} INFO - [2025-04-27T20:31:29.738-0300] {dag.py:3096} INFO - Sync 1 DAGs
[2025-04-27T20:31:29.755-0300] {logging_mixin.py:188} INFO - [2025-04-27T20:31:29.754-0300] {dag.py:3954} INFO - Setting next_dagrun for example_task_group_decorator to 2025-04-26 00:00:00+00:00, run_after=2025-04-27 00:00:00+00:00
[2025-04-27T20:31:29.771-0300] {processor.py:183} INFO - Processing /home/facuvega/Descargas/crypto-etl-airflow/airflow-apache/lib/python3.11/site-packages/airflow/example_dags/example_task_group_decorator.py took 0.074 seconds
[2025-04-27T20:32:07.296-0300] {processor.py:161} INFO - Started process (PID=16052) to work on /home/facuvega/Descargas/crypto-etl-airflow/airflow-apache/lib/python3.11/site-packages/airflow/example_dags/example_task_group_decorator.py
[2025-04-27T20:32:07.297-0300] {processor.py:830} INFO - Processing file /home/facuvega/Descargas/crypto-etl-airflow/airflow-apache/lib/python3.11/site-packages/airflow/example_dags/example_task_group_decorator.py for tasks to queue
[2025-04-27T20:32:07.298-0300] {logging_mixin.py:188} INFO - [2025-04-27T20:32:07.298-0300] {dagbag.py:540} INFO - Filling up the DagBag from /home/facuvega/Descargas/crypto-etl-airflow/airflow-apache/lib/python3.11/site-packages/airflow/example_dags/example_task_group_decorator.py
[2025-04-27T20:32:07.309-0300] {processor.py:840} INFO - DAG(s) 'example_task_group_decorator' retrieved from /home/facuvega/Descargas/crypto-etl-airflow/airflow-apache/lib/python3.11/site-packages/airflow/example_dags/example_task_group_decorator.py
[2025-04-27T20:32:07.325-0300] {logging_mixin.py:188} INFO - [2025-04-27T20:32:07.325-0300] {dag.py:3096} INFO - Sync 1 DAGs
[2025-04-27T20:32:07.338-0300] {logging_mixin.py:188} INFO - [2025-04-27T20:32:07.338-0300] {dag.py:3954} INFO - Setting next_dagrun for example_task_group_decorator to 2025-04-26 00:00:00+00:00, run_after=2025-04-27 00:00:00+00:00
[2025-04-27T20:32:07.352-0300] {processor.py:183} INFO - Processing /home/facuvega/Descargas/crypto-etl-airflow/airflow-apache/lib/python3.11/site-packages/airflow/example_dags/example_task_group_decorator.py took 0.061 seconds
[2025-04-27T20:32:49.467-0300] {processor.py:161} INFO - Started process (PID=16243) to work on /home/facuvega/Descargas/crypto-etl-airflow/airflow-apache/lib/python3.11/site-packages/airflow/example_dags/example_task_group_decorator.py
[2025-04-27T20:32:49.467-0300] {processor.py:830} INFO - Processing file /home/facuvega/Descargas/crypto-etl-airflow/airflow-apache/lib/python3.11/site-packages/airflow/example_dags/example_task_group_decorator.py for tasks to queue
[2025-04-27T20:32:49.469-0300] {logging_mixin.py:188} INFO - [2025-04-27T20:32:49.469-0300] {dagbag.py:540} INFO - Filling up the DagBag from /home/facuvega/Descargas/crypto-etl-airflow/airflow-apache/lib/python3.11/site-packages/airflow/example_dags/example_task_group_decorator.py
[2025-04-27T20:32:49.480-0300] {processor.py:840} INFO - DAG(s) 'example_task_group_decorator' retrieved from /home/facuvega/Descargas/crypto-etl-airflow/airflow-apache/lib/python3.11/site-packages/airflow/example_dags/example_task_group_decorator.py
[2025-04-27T20:32:49.495-0300] {logging_mixin.py:188} INFO - [2025-04-27T20:32:49.495-0300] {dag.py:3096} INFO - Sync 1 DAGs
[2025-04-27T20:32:49.507-0300] {logging_mixin.py:188} INFO - [2025-04-27T20:32:49.507-0300] {dag.py:3954} INFO - Setting next_dagrun for example_task_group_decorator to 2025-04-26 00:00:00+00:00, run_after=2025-04-27 00:00:00+00:00
[2025-04-27T20:32:49.520-0300] {processor.py:183} INFO - Processing /home/facuvega/Descargas/crypto-etl-airflow/airflow-apache/lib/python3.11/site-packages/airflow/example_dags/example_task_group_decorator.py took 0.058 seconds
[2025-04-27T20:33:32.418-0300] {processor.py:161} INFO - Started process (PID=16600) to work on /home/facuvega/Descargas/crypto-etl-airflow/airflow-apache/lib/python3.11/site-packages/airflow/example_dags/example_task_group_decorator.py
[2025-04-27T20:33:32.420-0300] {processor.py:830} INFO - Processing file /home/facuvega/Descargas/crypto-etl-airflow/airflow-apache/lib/python3.11/site-packages/airflow/example_dags/example_task_group_decorator.py for tasks to queue
[2025-04-27T20:33:32.422-0300] {logging_mixin.py:188} INFO - [2025-04-27T20:33:32.421-0300] {dagbag.py:540} INFO - Filling up the DagBag from /home/facuvega/Descargas/crypto-etl-airflow/airflow-apache/lib/python3.11/site-packages/airflow/example_dags/example_task_group_decorator.py
[2025-04-27T20:33:32.435-0300] {processor.py:840} INFO - DAG(s) 'example_task_group_decorator' retrieved from /home/facuvega/Descargas/crypto-etl-airflow/airflow-apache/lib/python3.11/site-packages/airflow/example_dags/example_task_group_decorator.py
[2025-04-27T20:33:32.451-0300] {logging_mixin.py:188} INFO - [2025-04-27T20:33:32.451-0300] {dag.py:3096} INFO - Sync 1 DAGs
[2025-04-27T20:33:32.467-0300] {logging_mixin.py:188} INFO - [2025-04-27T20:33:32.467-0300] {dag.py:3954} INFO - Setting next_dagrun for example_task_group_decorator to 2025-04-26 00:00:00+00:00, run_after=2025-04-27 00:00:00+00:00
[2025-04-27T20:33:32.481-0300] {processor.py:183} INFO - Processing /home/facuvega/Descargas/crypto-etl-airflow/airflow-apache/lib/python3.11/site-packages/airflow/example_dags/example_task_group_decorator.py took 0.068 seconds
[2025-04-27T20:34:16.083-0300] {processor.py:161} INFO - Started process (PID=16805) to work on /home/facuvega/Descargas/crypto-etl-airflow/airflow-apache/lib/python3.11/site-packages/airflow/example_dags/example_task_group_decorator.py
[2025-04-27T20:34:16.084-0300] {processor.py:830} INFO - Processing file /home/facuvega/Descargas/crypto-etl-airflow/airflow-apache/lib/python3.11/site-packages/airflow/example_dags/example_task_group_decorator.py for tasks to queue
[2025-04-27T20:34:16.085-0300] {logging_mixin.py:188} INFO - [2025-04-27T20:34:16.085-0300] {dagbag.py:540} INFO - Filling up the DagBag from /home/facuvega/Descargas/crypto-etl-airflow/airflow-apache/lib/python3.11/site-packages/airflow/example_dags/example_task_group_decorator.py
[2025-04-27T20:34:16.098-0300] {processor.py:840} INFO - DAG(s) 'example_task_group_decorator' retrieved from /home/facuvega/Descargas/crypto-etl-airflow/airflow-apache/lib/python3.11/site-packages/airflow/example_dags/example_task_group_decorator.py
[2025-04-27T20:34:16.114-0300] {logging_mixin.py:188} INFO - [2025-04-27T20:34:16.114-0300] {dag.py:3096} INFO - Sync 1 DAGs
[2025-04-27T20:34:16.130-0300] {logging_mixin.py:188} INFO - [2025-04-27T20:34:16.130-0300] {dag.py:3954} INFO - Setting next_dagrun for example_task_group_decorator to 2025-04-26 00:00:00+00:00, run_after=2025-04-27 00:00:00+00:00
[2025-04-27T20:34:16.144-0300] {processor.py:183} INFO - Processing /home/facuvega/Descargas/crypto-etl-airflow/airflow-apache/lib/python3.11/site-packages/airflow/example_dags/example_task_group_decorator.py took 0.066 seconds
[2025-04-27T20:34:58.519-0300] {processor.py:161} INFO - Started process (PID=17045) to work on /home/facuvega/Descargas/crypto-etl-airflow/airflow-apache/lib/python3.11/site-packages/airflow/example_dags/example_task_group_decorator.py
[2025-04-27T20:34:58.520-0300] {processor.py:830} INFO - Processing file /home/facuvega/Descargas/crypto-etl-airflow/airflow-apache/lib/python3.11/site-packages/airflow/example_dags/example_task_group_decorator.py for tasks to queue
[2025-04-27T20:34:58.522-0300] {logging_mixin.py:188} INFO - [2025-04-27T20:34:58.522-0300] {dagbag.py:540} INFO - Filling up the DagBag from /home/facuvega/Descargas/crypto-etl-airflow/airflow-apache/lib/python3.11/site-packages/airflow/example_dags/example_task_group_decorator.py
[2025-04-27T20:34:58.537-0300] {processor.py:840} INFO - DAG(s) 'example_task_group_decorator' retrieved from /home/facuvega/Descargas/crypto-etl-airflow/airflow-apache/lib/python3.11/site-packages/airflow/example_dags/example_task_group_decorator.py
[2025-04-27T20:34:58.558-0300] {logging_mixin.py:188} INFO - [2025-04-27T20:34:58.558-0300] {dag.py:3096} INFO - Sync 1 DAGs
[2025-04-27T20:34:58.577-0300] {logging_mixin.py:188} INFO - [2025-04-27T20:34:58.577-0300] {dag.py:3954} INFO - Setting next_dagrun for example_task_group_decorator to 2025-04-26 00:00:00+00:00, run_after=2025-04-27 00:00:00+00:00
[2025-04-27T20:34:58.593-0300] {processor.py:183} INFO - Processing /home/facuvega/Descargas/crypto-etl-airflow/airflow-apache/lib/python3.11/site-packages/airflow/example_dags/example_task_group_decorator.py took 0.080 seconds
[2025-04-27T20:35:42.002-0300] {processor.py:161} INFO - Started process (PID=17245) to work on /home/facuvega/Descargas/crypto-etl-airflow/airflow-apache/lib/python3.11/site-packages/airflow/example_dags/example_task_group_decorator.py
[2025-04-27T20:35:42.003-0300] {processor.py:830} INFO - Processing file /home/facuvega/Descargas/crypto-etl-airflow/airflow-apache/lib/python3.11/site-packages/airflow/example_dags/example_task_group_decorator.py for tasks to queue
[2025-04-27T20:35:42.004-0300] {logging_mixin.py:188} INFO - [2025-04-27T20:35:42.004-0300] {dagbag.py:540} INFO - Filling up the DagBag from /home/facuvega/Descargas/crypto-etl-airflow/airflow-apache/lib/python3.11/site-packages/airflow/example_dags/example_task_group_decorator.py
[2025-04-27T20:35:42.017-0300] {processor.py:840} INFO - DAG(s) 'example_task_group_decorator' retrieved from /home/facuvega/Descargas/crypto-etl-airflow/airflow-apache/lib/python3.11/site-packages/airflow/example_dags/example_task_group_decorator.py
[2025-04-27T20:35:42.035-0300] {logging_mixin.py:188} INFO - [2025-04-27T20:35:42.034-0300] {dag.py:3096} INFO - Sync 1 DAGs
[2025-04-27T20:35:42.052-0300] {logging_mixin.py:188} INFO - [2025-04-27T20:35:42.052-0300] {dag.py:3954} INFO - Setting next_dagrun for example_task_group_decorator to 2025-04-26 00:00:00+00:00, run_after=2025-04-27 00:00:00+00:00
[2025-04-27T20:35:42.069-0300] {processor.py:183} INFO - Processing /home/facuvega/Descargas/crypto-etl-airflow/airflow-apache/lib/python3.11/site-packages/airflow/example_dags/example_task_group_decorator.py took 0.073 seconds
[2025-04-27T20:36:22.069-0300] {processor.py:161} INFO - Started process (PID=17428) to work on /home/facuvega/Descargas/crypto-etl-airflow/airflow-apache/lib/python3.11/site-packages/airflow/example_dags/example_task_group_decorator.py
[2025-04-27T20:36:22.070-0300] {processor.py:830} INFO - Processing file /home/facuvega/Descargas/crypto-etl-airflow/airflow-apache/lib/python3.11/site-packages/airflow/example_dags/example_task_group_decorator.py for tasks to queue
[2025-04-27T20:36:22.071-0300] {logging_mixin.py:188} INFO - [2025-04-27T20:36:22.071-0300] {dagbag.py:540} INFO - Filling up the DagBag from /home/facuvega/Descargas/crypto-etl-airflow/airflow-apache/lib/python3.11/site-packages/airflow/example_dags/example_task_group_decorator.py
[2025-04-27T20:36:22.083-0300] {processor.py:840} INFO - DAG(s) 'example_task_group_decorator' retrieved from /home/facuvega/Descargas/crypto-etl-airflow/airflow-apache/lib/python3.11/site-packages/airflow/example_dags/example_task_group_decorator.py
[2025-04-27T20:36:22.099-0300] {logging_mixin.py:188} INFO - [2025-04-27T20:36:22.099-0300] {dag.py:3096} INFO - Sync 1 DAGs
[2025-04-27T20:36:22.113-0300] {logging_mixin.py:188} INFO - [2025-04-27T20:36:22.113-0300] {dag.py:3954} INFO - Setting next_dagrun for example_task_group_decorator to 2025-04-26 00:00:00+00:00, run_after=2025-04-27 00:00:00+00:00
[2025-04-27T20:36:22.126-0300] {processor.py:183} INFO - Processing /home/facuvega/Descargas/crypto-etl-airflow/airflow-apache/lib/python3.11/site-packages/airflow/example_dags/example_task_group_decorator.py took 0.063 seconds
[2025-04-27T20:37:00.087-0300] {processor.py:161} INFO - Started process (PID=17594) to work on /home/facuvega/Descargas/crypto-etl-airflow/airflow-apache/lib/python3.11/site-packages/airflow/example_dags/example_task_group_decorator.py
[2025-04-27T20:37:00.088-0300] {processor.py:830} INFO - Processing file /home/facuvega/Descargas/crypto-etl-airflow/airflow-apache/lib/python3.11/site-packages/airflow/example_dags/example_task_group_decorator.py for tasks to queue
[2025-04-27T20:37:00.090-0300] {logging_mixin.py:188} INFO - [2025-04-27T20:37:00.089-0300] {dagbag.py:540} INFO - Filling up the DagBag from /home/facuvega/Descargas/crypto-etl-airflow/airflow-apache/lib/python3.11/site-packages/airflow/example_dags/example_task_group_decorator.py
[2025-04-27T20:37:00.103-0300] {processor.py:840} INFO - DAG(s) 'example_task_group_decorator' retrieved from /home/facuvega/Descargas/crypto-etl-airflow/airflow-apache/lib/python3.11/site-packages/airflow/example_dags/example_task_group_decorator.py
[2025-04-27T20:37:00.120-0300] {logging_mixin.py:188} INFO - [2025-04-27T20:37:00.120-0300] {dag.py:3096} INFO - Sync 1 DAGs
[2025-04-27T20:37:00.136-0300] {logging_mixin.py:188} INFO - [2025-04-27T20:37:00.136-0300] {dag.py:3954} INFO - Setting next_dagrun for example_task_group_decorator to 2025-04-26 00:00:00+00:00, run_after=2025-04-27 00:00:00+00:00
[2025-04-27T20:37:00.150-0300] {processor.py:183} INFO - Processing /home/facuvega/Descargas/crypto-etl-airflow/airflow-apache/lib/python3.11/site-packages/airflow/example_dags/example_task_group_decorator.py took 0.069 seconds
[2025-04-27T20:37:41.179-0300] {processor.py:161} INFO - Started process (PID=17782) to work on /home/facuvega/Descargas/crypto-etl-airflow/airflow-apache/lib/python3.11/site-packages/airflow/example_dags/example_task_group_decorator.py
[2025-04-27T20:37:41.180-0300] {processor.py:830} INFO - Processing file /home/facuvega/Descargas/crypto-etl-airflow/airflow-apache/lib/python3.11/site-packages/airflow/example_dags/example_task_group_decorator.py for tasks to queue
[2025-04-27T20:37:41.181-0300] {logging_mixin.py:188} INFO - [2025-04-27T20:37:41.181-0300] {dagbag.py:540} INFO - Filling up the DagBag from /home/facuvega/Descargas/crypto-etl-airflow/airflow-apache/lib/python3.11/site-packages/airflow/example_dags/example_task_group_decorator.py
[2025-04-27T20:37:41.198-0300] {processor.py:840} INFO - DAG(s) 'example_task_group_decorator' retrieved from /home/facuvega/Descargas/crypto-etl-airflow/airflow-apache/lib/python3.11/site-packages/airflow/example_dags/example_task_group_decorator.py
[2025-04-27T20:37:41.218-0300] {logging_mixin.py:188} INFO - [2025-04-27T20:37:41.218-0300] {dag.py:3096} INFO - Sync 1 DAGs
[2025-04-27T20:37:41.237-0300] {logging_mixin.py:188} INFO - [2025-04-27T20:37:41.237-0300] {dag.py:3954} INFO - Setting next_dagrun for example_task_group_decorator to 2025-04-26 00:00:00+00:00, run_after=2025-04-27 00:00:00+00:00
[2025-04-27T20:37:41.255-0300] {processor.py:183} INFO - Processing /home/facuvega/Descargas/crypto-etl-airflow/airflow-apache/lib/python3.11/site-packages/airflow/example_dags/example_task_group_decorator.py took 0.083 seconds
[2025-04-27T20:38:21.726-0300] {processor.py:161} INFO - Started process (PID=17968) to work on /home/facuvega/Descargas/crypto-etl-airflow/airflow-apache/lib/python3.11/site-packages/airflow/example_dags/example_task_group_decorator.py
[2025-04-27T20:38:21.727-0300] {processor.py:830} INFO - Processing file /home/facuvega/Descargas/crypto-etl-airflow/airflow-apache/lib/python3.11/site-packages/airflow/example_dags/example_task_group_decorator.py for tasks to queue
[2025-04-27T20:38:21.728-0300] {logging_mixin.py:188} INFO - [2025-04-27T20:38:21.728-0300] {dagbag.py:540} INFO - Filling up the DagBag from /home/facuvega/Descargas/crypto-etl-airflow/airflow-apache/lib/python3.11/site-packages/airflow/example_dags/example_task_group_decorator.py
[2025-04-27T20:38:21.741-0300] {processor.py:840} INFO - DAG(s) 'example_task_group_decorator' retrieved from /home/facuvega/Descargas/crypto-etl-airflow/airflow-apache/lib/python3.11/site-packages/airflow/example_dags/example_task_group_decorator.py
[2025-04-27T20:38:21.758-0300] {logging_mixin.py:188} INFO - [2025-04-27T20:38:21.758-0300] {dag.py:3096} INFO - Sync 1 DAGs
[2025-04-27T20:38:21.774-0300] {logging_mixin.py:188} INFO - [2025-04-27T20:38:21.774-0300] {dag.py:3954} INFO - Setting next_dagrun for example_task_group_decorator to 2025-04-26 00:00:00+00:00, run_after=2025-04-27 00:00:00+00:00
[2025-04-27T20:38:21.793-0300] {processor.py:183} INFO - Processing /home/facuvega/Descargas/crypto-etl-airflow/airflow-apache/lib/python3.11/site-packages/airflow/example_dags/example_task_group_decorator.py took 0.073 seconds
[2025-04-27T20:39:03.239-0300] {processor.py:161} INFO - Started process (PID=18149) to work on /home/facuvega/Descargas/crypto-etl-airflow/airflow-apache/lib/python3.11/site-packages/airflow/example_dags/example_task_group_decorator.py
[2025-04-27T20:39:03.240-0300] {processor.py:830} INFO - Processing file /home/facuvega/Descargas/crypto-etl-airflow/airflow-apache/lib/python3.11/site-packages/airflow/example_dags/example_task_group_decorator.py for tasks to queue
[2025-04-27T20:39:03.242-0300] {logging_mixin.py:188} INFO - [2025-04-27T20:39:03.242-0300] {dagbag.py:540} INFO - Filling up the DagBag from /home/facuvega/Descargas/crypto-etl-airflow/airflow-apache/lib/python3.11/site-packages/airflow/example_dags/example_task_group_decorator.py
[2025-04-27T20:39:03.255-0300] {processor.py:840} INFO - DAG(s) 'example_task_group_decorator' retrieved from /home/facuvega/Descargas/crypto-etl-airflow/airflow-apache/lib/python3.11/site-packages/airflow/example_dags/example_task_group_decorator.py
[2025-04-27T20:39:03.273-0300] {logging_mixin.py:188} INFO - [2025-04-27T20:39:03.272-0300] {dag.py:3096} INFO - Sync 1 DAGs
[2025-04-27T20:39:03.289-0300] {logging_mixin.py:188} INFO - [2025-04-27T20:39:03.289-0300] {dag.py:3954} INFO - Setting next_dagrun for example_task_group_decorator to 2025-04-26 00:00:00+00:00, run_after=2025-04-27 00:00:00+00:00
[2025-04-27T20:39:03.305-0300] {processor.py:183} INFO - Processing /home/facuvega/Descargas/crypto-etl-airflow/airflow-apache/lib/python3.11/site-packages/airflow/example_dags/example_task_group_decorator.py took 0.074 seconds
[2025-04-27T20:39:42.256-0300] {processor.py:161} INFO - Started process (PID=18459) to work on /home/facuvega/Descargas/crypto-etl-airflow/airflow-apache/lib/python3.11/site-packages/airflow/example_dags/example_task_group_decorator.py
[2025-04-27T20:39:42.257-0300] {processor.py:830} INFO - Processing file /home/facuvega/Descargas/crypto-etl-airflow/airflow-apache/lib/python3.11/site-packages/airflow/example_dags/example_task_group_decorator.py for tasks to queue
[2025-04-27T20:39:42.260-0300] {logging_mixin.py:188} INFO - [2025-04-27T20:39:42.259-0300] {dagbag.py:540} INFO - Filling up the DagBag from /home/facuvega/Descargas/crypto-etl-airflow/airflow-apache/lib/python3.11/site-packages/airflow/example_dags/example_task_group_decorator.py
[2025-04-27T20:39:42.272-0300] {processor.py:840} INFO - DAG(s) 'example_task_group_decorator' retrieved from /home/facuvega/Descargas/crypto-etl-airflow/airflow-apache/lib/python3.11/site-packages/airflow/example_dags/example_task_group_decorator.py
[2025-04-27T20:39:42.290-0300] {logging_mixin.py:188} INFO - [2025-04-27T20:39:42.290-0300] {dag.py:3096} INFO - Sync 1 DAGs
[2025-04-27T20:39:42.309-0300] {logging_mixin.py:188} INFO - [2025-04-27T20:39:42.309-0300] {dag.py:3954} INFO - Setting next_dagrun for example_task_group_decorator to 2025-04-26 00:00:00+00:00, run_after=2025-04-27 00:00:00+00:00
[2025-04-27T20:39:42.325-0300] {processor.py:183} INFO - Processing /home/facuvega/Descargas/crypto-etl-airflow/airflow-apache/lib/python3.11/site-packages/airflow/example_dags/example_task_group_decorator.py took 0.074 seconds
[2025-04-27T20:40:24.021-0300] {processor.py:161} INFO - Started process (PID=18680) to work on /home/facuvega/Descargas/crypto-etl-airflow/airflow-apache/lib/python3.11/site-packages/airflow/example_dags/example_task_group_decorator.py
[2025-04-27T20:40:24.023-0300] {processor.py:830} INFO - Processing file /home/facuvega/Descargas/crypto-etl-airflow/airflow-apache/lib/python3.11/site-packages/airflow/example_dags/example_task_group_decorator.py for tasks to queue
[2025-04-27T20:40:24.026-0300] {logging_mixin.py:188} INFO - [2025-04-27T20:40:24.025-0300] {dagbag.py:540} INFO - Filling up the DagBag from /home/facuvega/Descargas/crypto-etl-airflow/airflow-apache/lib/python3.11/site-packages/airflow/example_dags/example_task_group_decorator.py
[2025-04-27T20:40:24.047-0300] {processor.py:840} INFO - DAG(s) 'example_task_group_decorator' retrieved from /home/facuvega/Descargas/crypto-etl-airflow/airflow-apache/lib/python3.11/site-packages/airflow/example_dags/example_task_group_decorator.py
[2025-04-27T20:40:24.076-0300] {logging_mixin.py:188} INFO - [2025-04-27T20:40:24.076-0300] {dag.py:3096} INFO - Sync 1 DAGs
[2025-04-27T20:40:24.095-0300] {logging_mixin.py:188} INFO - [2025-04-27T20:40:24.094-0300] {dag.py:3954} INFO - Setting next_dagrun for example_task_group_decorator to 2025-04-26 00:00:00+00:00, run_after=2025-04-27 00:00:00+00:00
[2025-04-27T20:40:24.113-0300] {processor.py:183} INFO - Processing /home/facuvega/Descargas/crypto-etl-airflow/airflow-apache/lib/python3.11/site-packages/airflow/example_dags/example_task_group_decorator.py took 0.101 seconds
[2025-04-27T20:41:08.286-0300] {processor.py:161} INFO - Started process (PID=18875) to work on /home/facuvega/Descargas/crypto-etl-airflow/airflow-apache/lib/python3.11/site-packages/airflow/example_dags/example_task_group_decorator.py
[2025-04-27T20:41:08.287-0300] {processor.py:830} INFO - Processing file /home/facuvega/Descargas/crypto-etl-airflow/airflow-apache/lib/python3.11/site-packages/airflow/example_dags/example_task_group_decorator.py for tasks to queue
[2025-04-27T20:41:08.289-0300] {logging_mixin.py:188} INFO - [2025-04-27T20:41:08.288-0300] {dagbag.py:540} INFO - Filling up the DagBag from /home/facuvega/Descargas/crypto-etl-airflow/airflow-apache/lib/python3.11/site-packages/airflow/example_dags/example_task_group_decorator.py
[2025-04-27T20:41:08.301-0300] {processor.py:840} INFO - DAG(s) 'example_task_group_decorator' retrieved from /home/facuvega/Descargas/crypto-etl-airflow/airflow-apache/lib/python3.11/site-packages/airflow/example_dags/example_task_group_decorator.py
[2025-04-27T20:41:08.318-0300] {logging_mixin.py:188} INFO - [2025-04-27T20:41:08.318-0300] {dag.py:3096} INFO - Sync 1 DAGs
[2025-04-27T20:41:08.334-0300] {logging_mixin.py:188} INFO - [2025-04-27T20:41:08.333-0300] {dag.py:3954} INFO - Setting next_dagrun for example_task_group_decorator to 2025-04-26 00:00:00+00:00, run_after=2025-04-27 00:00:00+00:00
[2025-04-27T20:41:08.347-0300] {processor.py:183} INFO - Processing /home/facuvega/Descargas/crypto-etl-airflow/airflow-apache/lib/python3.11/site-packages/airflow/example_dags/example_task_group_decorator.py took 0.067 seconds
[2025-04-27T20:41:50.186-0300] {processor.py:161} INFO - Started process (PID=19058) to work on /home/facuvega/Descargas/crypto-etl-airflow/airflow-apache/lib/python3.11/site-packages/airflow/example_dags/example_task_group_decorator.py
[2025-04-27T20:41:50.187-0300] {processor.py:830} INFO - Processing file /home/facuvega/Descargas/crypto-etl-airflow/airflow-apache/lib/python3.11/site-packages/airflow/example_dags/example_task_group_decorator.py for tasks to queue
[2025-04-27T20:41:50.189-0300] {logging_mixin.py:188} INFO - [2025-04-27T20:41:50.188-0300] {dagbag.py:540} INFO - Filling up the DagBag from /home/facuvega/Descargas/crypto-etl-airflow/airflow-apache/lib/python3.11/site-packages/airflow/example_dags/example_task_group_decorator.py
[2025-04-27T20:41:50.207-0300] {processor.py:840} INFO - DAG(s) 'example_task_group_decorator' retrieved from /home/facuvega/Descargas/crypto-etl-airflow/airflow-apache/lib/python3.11/site-packages/airflow/example_dags/example_task_group_decorator.py
[2025-04-27T20:41:50.226-0300] {logging_mixin.py:188} INFO - [2025-04-27T20:41:50.225-0300] {dag.py:3096} INFO - Sync 1 DAGs
[2025-04-27T20:41:50.244-0300] {logging_mixin.py:188} INFO - [2025-04-27T20:41:50.244-0300] {dag.py:3954} INFO - Setting next_dagrun for example_task_group_decorator to 2025-04-26 00:00:00+00:00, run_after=2025-04-27 00:00:00+00:00
[2025-04-27T20:41:50.261-0300] {processor.py:183} INFO - Processing /home/facuvega/Descargas/crypto-etl-airflow/airflow-apache/lib/python3.11/site-packages/airflow/example_dags/example_task_group_decorator.py took 0.081 seconds
[2025-04-27T20:42:29.826-0300] {processor.py:161} INFO - Started process (PID=19244) to work on /home/facuvega/Descargas/crypto-etl-airflow/airflow-apache/lib/python3.11/site-packages/airflow/example_dags/example_task_group_decorator.py
[2025-04-27T20:42:29.827-0300] {processor.py:830} INFO - Processing file /home/facuvega/Descargas/crypto-etl-airflow/airflow-apache/lib/python3.11/site-packages/airflow/example_dags/example_task_group_decorator.py for tasks to queue
[2025-04-27T20:42:29.829-0300] {logging_mixin.py:188} INFO - [2025-04-27T20:42:29.828-0300] {dagbag.py:540} INFO - Filling up the DagBag from /home/facuvega/Descargas/crypto-etl-airflow/airflow-apache/lib/python3.11/site-packages/airflow/example_dags/example_task_group_decorator.py
[2025-04-27T20:42:29.840-0300] {processor.py:840} INFO - DAG(s) 'example_task_group_decorator' retrieved from /home/facuvega/Descargas/crypto-etl-airflow/airflow-apache/lib/python3.11/site-packages/airflow/example_dags/example_task_group_decorator.py
[2025-04-27T20:42:29.854-0300] {logging_mixin.py:188} INFO - [2025-04-27T20:42:29.854-0300] {dag.py:3096} INFO - Sync 1 DAGs
[2025-04-27T20:42:29.868-0300] {logging_mixin.py:188} INFO - [2025-04-27T20:42:29.868-0300] {dag.py:3954} INFO - Setting next_dagrun for example_task_group_decorator to 2025-04-26 00:00:00+00:00, run_after=2025-04-27 00:00:00+00:00
[2025-04-27T20:42:29.880-0300] {processor.py:183} INFO - Processing /home/facuvega/Descargas/crypto-etl-airflow/airflow-apache/lib/python3.11/site-packages/airflow/example_dags/example_task_group_decorator.py took 0.059 seconds
[2025-04-27T20:43:09.933-0300] {processor.py:161} INFO - Started process (PID=19426) to work on /home/facuvega/Descargas/crypto-etl-airflow/airflow-apache/lib/python3.11/site-packages/airflow/example_dags/example_task_group_decorator.py
[2025-04-27T20:43:09.934-0300] {processor.py:830} INFO - Processing file /home/facuvega/Descargas/crypto-etl-airflow/airflow-apache/lib/python3.11/site-packages/airflow/example_dags/example_task_group_decorator.py for tasks to queue
[2025-04-27T20:43:09.937-0300] {logging_mixin.py:188} INFO - [2025-04-27T20:43:09.936-0300] {dagbag.py:540} INFO - Filling up the DagBag from /home/facuvega/Descargas/crypto-etl-airflow/airflow-apache/lib/python3.11/site-packages/airflow/example_dags/example_task_group_decorator.py
[2025-04-27T20:43:09.970-0300] {processor.py:840} INFO - DAG(s) 'example_task_group_decorator' retrieved from /home/facuvega/Descargas/crypto-etl-airflow/airflow-apache/lib/python3.11/site-packages/airflow/example_dags/example_task_group_decorator.py
[2025-04-27T20:43:09.996-0300] {logging_mixin.py:188} INFO - [2025-04-27T20:43:09.996-0300] {dag.py:3096} INFO - Sync 1 DAGs
[2025-04-27T20:43:10.017-0300] {logging_mixin.py:188} INFO - [2025-04-27T20:43:10.016-0300] {dag.py:3954} INFO - Setting next_dagrun for example_task_group_decorator to 2025-04-26 00:00:00+00:00, run_after=2025-04-27 00:00:00+00:00
[2025-04-27T20:43:10.036-0300] {processor.py:183} INFO - Processing /home/facuvega/Descargas/crypto-etl-airflow/airflow-apache/lib/python3.11/site-packages/airflow/example_dags/example_task_group_decorator.py took 0.110 seconds
[2025-04-27T20:43:49.369-0300] {processor.py:161} INFO - Started process (PID=19609) to work on /home/facuvega/Descargas/crypto-etl-airflow/airflow-apache/lib/python3.11/site-packages/airflow/example_dags/example_task_group_decorator.py
[2025-04-27T20:43:49.370-0300] {processor.py:830} INFO - Processing file /home/facuvega/Descargas/crypto-etl-airflow/airflow-apache/lib/python3.11/site-packages/airflow/example_dags/example_task_group_decorator.py for tasks to queue
[2025-04-27T20:43:49.372-0300] {logging_mixin.py:188} INFO - [2025-04-27T20:43:49.372-0300] {dagbag.py:540} INFO - Filling up the DagBag from /home/facuvega/Descargas/crypto-etl-airflow/airflow-apache/lib/python3.11/site-packages/airflow/example_dags/example_task_group_decorator.py
[2025-04-27T20:43:49.386-0300] {processor.py:840} INFO - DAG(s) 'example_task_group_decorator' retrieved from /home/facuvega/Descargas/crypto-etl-airflow/airflow-apache/lib/python3.11/site-packages/airflow/example_dags/example_task_group_decorator.py
[2025-04-27T20:43:49.404-0300] {logging_mixin.py:188} INFO - [2025-04-27T20:43:49.404-0300] {dag.py:3096} INFO - Sync 1 DAGs
[2025-04-27T20:43:49.421-0300] {logging_mixin.py:188} INFO - [2025-04-27T20:43:49.421-0300] {dag.py:3954} INFO - Setting next_dagrun for example_task_group_decorator to 2025-04-26 00:00:00+00:00, run_after=2025-04-27 00:00:00+00:00
[2025-04-27T20:43:49.439-0300] {processor.py:183} INFO - Processing /home/facuvega/Descargas/crypto-etl-airflow/airflow-apache/lib/python3.11/site-packages/airflow/example_dags/example_task_group_decorator.py took 0.076 seconds
[2025-04-27T20:44:26.521-0300] {processor.py:161} INFO - Started process (PID=19791) to work on /home/facuvega/Descargas/crypto-etl-airflow/airflow-apache/lib/python3.11/site-packages/airflow/example_dags/example_task_group_decorator.py
[2025-04-27T20:44:26.522-0300] {processor.py:830} INFO - Processing file /home/facuvega/Descargas/crypto-etl-airflow/airflow-apache/lib/python3.11/site-packages/airflow/example_dags/example_task_group_decorator.py for tasks to queue
[2025-04-27T20:44:26.524-0300] {logging_mixin.py:188} INFO - [2025-04-27T20:44:26.523-0300] {dagbag.py:540} INFO - Filling up the DagBag from /home/facuvega/Descargas/crypto-etl-airflow/airflow-apache/lib/python3.11/site-packages/airflow/example_dags/example_task_group_decorator.py
[2025-04-27T20:44:26.540-0300] {processor.py:840} INFO - DAG(s) 'example_task_group_decorator' retrieved from /home/facuvega/Descargas/crypto-etl-airflow/airflow-apache/lib/python3.11/site-packages/airflow/example_dags/example_task_group_decorator.py
[2025-04-27T20:44:26.557-0300] {logging_mixin.py:188} INFO - [2025-04-27T20:44:26.557-0300] {dag.py:3096} INFO - Sync 1 DAGs
[2025-04-27T20:44:26.572-0300] {logging_mixin.py:188} INFO - [2025-04-27T20:44:26.572-0300] {dag.py:3954} INFO - Setting next_dagrun for example_task_group_decorator to 2025-04-26 00:00:00+00:00, run_after=2025-04-27 00:00:00+00:00
[2025-04-27T20:44:26.588-0300] {processor.py:183} INFO - Processing /home/facuvega/Descargas/crypto-etl-airflow/airflow-apache/lib/python3.11/site-packages/airflow/example_dags/example_task_group_decorator.py took 0.073 seconds
[2025-04-27T20:45:10.450-0300] {processor.py:161} INFO - Started process (PID=20015) to work on /home/facuvega/Descargas/crypto-etl-airflow/airflow-apache/lib/python3.11/site-packages/airflow/example_dags/example_task_group_decorator.py
[2025-04-27T20:45:10.451-0300] {processor.py:830} INFO - Processing file /home/facuvega/Descargas/crypto-etl-airflow/airflow-apache/lib/python3.11/site-packages/airflow/example_dags/example_task_group_decorator.py for tasks to queue
[2025-04-27T20:45:10.452-0300] {logging_mixin.py:188} INFO - [2025-04-27T20:45:10.452-0300] {dagbag.py:540} INFO - Filling up the DagBag from /home/facuvega/Descargas/crypto-etl-airflow/airflow-apache/lib/python3.11/site-packages/airflow/example_dags/example_task_group_decorator.py
[2025-04-27T20:45:10.466-0300] {processor.py:840} INFO - DAG(s) 'example_task_group_decorator' retrieved from /home/facuvega/Descargas/crypto-etl-airflow/airflow-apache/lib/python3.11/site-packages/airflow/example_dags/example_task_group_decorator.py
[2025-04-27T20:45:10.484-0300] {logging_mixin.py:188} INFO - [2025-04-27T20:45:10.483-0300] {dag.py:3096} INFO - Sync 1 DAGs
[2025-04-27T20:45:10.499-0300] {logging_mixin.py:188} INFO - [2025-04-27T20:45:10.499-0300] {dag.py:3954} INFO - Setting next_dagrun for example_task_group_decorator to 2025-04-26 00:00:00+00:00, run_after=2025-04-27 00:00:00+00:00
[2025-04-27T20:45:10.518-0300] {processor.py:183} INFO - Processing /home/facuvega/Descargas/crypto-etl-airflow/airflow-apache/lib/python3.11/site-packages/airflow/example_dags/example_task_group_decorator.py took 0.074 seconds
[2025-04-27T20:45:47.011-0300] {processor.py:161} INFO - Started process (PID=20186) to work on /home/facuvega/Descargas/crypto-etl-airflow/airflow-apache/lib/python3.11/site-packages/airflow/example_dags/example_task_group_decorator.py
[2025-04-27T20:45:47.012-0300] {processor.py:830} INFO - Processing file /home/facuvega/Descargas/crypto-etl-airflow/airflow-apache/lib/python3.11/site-packages/airflow/example_dags/example_task_group_decorator.py for tasks to queue
[2025-04-27T20:45:47.014-0300] {logging_mixin.py:188} INFO - [2025-04-27T20:45:47.013-0300] {dagbag.py:540} INFO - Filling up the DagBag from /home/facuvega/Descargas/crypto-etl-airflow/airflow-apache/lib/python3.11/site-packages/airflow/example_dags/example_task_group_decorator.py
[2025-04-27T20:45:47.025-0300] {processor.py:840} INFO - DAG(s) 'example_task_group_decorator' retrieved from /home/facuvega/Descargas/crypto-etl-airflow/airflow-apache/lib/python3.11/site-packages/airflow/example_dags/example_task_group_decorator.py
[2025-04-27T20:45:47.040-0300] {logging_mixin.py:188} INFO - [2025-04-27T20:45:47.040-0300] {dag.py:3096} INFO - Sync 1 DAGs
[2025-04-27T20:45:47.058-0300] {logging_mixin.py:188} INFO - [2025-04-27T20:45:47.058-0300] {dag.py:3954} INFO - Setting next_dagrun for example_task_group_decorator to 2025-04-26 00:00:00+00:00, run_after=2025-04-27 00:00:00+00:00
[2025-04-27T20:45:47.074-0300] {processor.py:183} INFO - Processing /home/facuvega/Descargas/crypto-etl-airflow/airflow-apache/lib/python3.11/site-packages/airflow/example_dags/example_task_group_decorator.py took 0.068 seconds
[2025-04-27T20:46:25.503-0300] {processor.py:161} INFO - Started process (PID=20362) to work on /home/facuvega/Descargas/crypto-etl-airflow/airflow-apache/lib/python3.11/site-packages/airflow/example_dags/example_task_group_decorator.py
[2025-04-27T20:46:25.504-0300] {processor.py:830} INFO - Processing file /home/facuvega/Descargas/crypto-etl-airflow/airflow-apache/lib/python3.11/site-packages/airflow/example_dags/example_task_group_decorator.py for tasks to queue
[2025-04-27T20:46:25.507-0300] {logging_mixin.py:188} INFO - [2025-04-27T20:46:25.507-0300] {dagbag.py:540} INFO - Filling up the DagBag from /home/facuvega/Descargas/crypto-etl-airflow/airflow-apache/lib/python3.11/site-packages/airflow/example_dags/example_task_group_decorator.py
[2025-04-27T20:46:25.523-0300] {processor.py:840} INFO - DAG(s) 'example_task_group_decorator' retrieved from /home/facuvega/Descargas/crypto-etl-airflow/airflow-apache/lib/python3.11/site-packages/airflow/example_dags/example_task_group_decorator.py
[2025-04-27T20:46:25.549-0300] {logging_mixin.py:188} INFO - [2025-04-27T20:46:25.549-0300] {dag.py:3096} INFO - Sync 1 DAGs
[2025-04-27T20:46:25.569-0300] {logging_mixin.py:188} INFO - [2025-04-27T20:46:25.569-0300] {dag.py:3954} INFO - Setting next_dagrun for example_task_group_decorator to 2025-04-26 00:00:00+00:00, run_after=2025-04-27 00:00:00+00:00
[2025-04-27T20:46:25.598-0300] {processor.py:183} INFO - Processing /home/facuvega/Descargas/crypto-etl-airflow/airflow-apache/lib/python3.11/site-packages/airflow/example_dags/example_task_group_decorator.py took 0.101 seconds
[2025-04-27T20:47:05.008-0300] {processor.py:161} INFO - Started process (PID=20540) to work on /home/facuvega/Descargas/crypto-etl-airflow/airflow-apache/lib/python3.11/site-packages/airflow/example_dags/example_task_group_decorator.py
[2025-04-27T20:47:05.009-0300] {processor.py:830} INFO - Processing file /home/facuvega/Descargas/crypto-etl-airflow/airflow-apache/lib/python3.11/site-packages/airflow/example_dags/example_task_group_decorator.py for tasks to queue
[2025-04-27T20:47:05.010-0300] {logging_mixin.py:188} INFO - [2025-04-27T20:47:05.010-0300] {dagbag.py:540} INFO - Filling up the DagBag from /home/facuvega/Descargas/crypto-etl-airflow/airflow-apache/lib/python3.11/site-packages/airflow/example_dags/example_task_group_decorator.py
[2025-04-27T20:47:05.022-0300] {processor.py:840} INFO - DAG(s) 'example_task_group_decorator' retrieved from /home/facuvega/Descargas/crypto-etl-airflow/airflow-apache/lib/python3.11/site-packages/airflow/example_dags/example_task_group_decorator.py
[2025-04-27T20:47:05.038-0300] {logging_mixin.py:188} INFO - [2025-04-27T20:47:05.037-0300] {dag.py:3096} INFO - Sync 1 DAGs
[2025-04-27T20:47:05.052-0300] {logging_mixin.py:188} INFO - [2025-04-27T20:47:05.052-0300] {dag.py:3954} INFO - Setting next_dagrun for example_task_group_decorator to 2025-04-26 00:00:00+00:00, run_after=2025-04-27 00:00:00+00:00
[2025-04-27T20:47:05.067-0300] {processor.py:183} INFO - Processing /home/facuvega/Descargas/crypto-etl-airflow/airflow-apache/lib/python3.11/site-packages/airflow/example_dags/example_task_group_decorator.py took 0.064 seconds
[2025-04-27T20:47:45.946-0300] {processor.py:161} INFO - Started process (PID=20918) to work on /home/facuvega/Descargas/crypto-etl-airflow/airflow-apache/lib/python3.11/site-packages/airflow/example_dags/example_task_group_decorator.py
[2025-04-27T20:47:45.947-0300] {processor.py:830} INFO - Processing file /home/facuvega/Descargas/crypto-etl-airflow/airflow-apache/lib/python3.11/site-packages/airflow/example_dags/example_task_group_decorator.py for tasks to queue
[2025-04-27T20:47:45.949-0300] {logging_mixin.py:188} INFO - [2025-04-27T20:47:45.949-0300] {dagbag.py:540} INFO - Filling up the DagBag from /home/facuvega/Descargas/crypto-etl-airflow/airflow-apache/lib/python3.11/site-packages/airflow/example_dags/example_task_group_decorator.py
[2025-04-27T20:47:45.968-0300] {processor.py:840} INFO - DAG(s) 'example_task_group_decorator' retrieved from /home/facuvega/Descargas/crypto-etl-airflow/airflow-apache/lib/python3.11/site-packages/airflow/example_dags/example_task_group_decorator.py
[2025-04-27T20:47:46.001-0300] {logging_mixin.py:188} INFO - [2025-04-27T20:47:46.001-0300] {dag.py:3096} INFO - Sync 1 DAGs
[2025-04-27T20:47:46.019-0300] {logging_mixin.py:188} INFO - [2025-04-27T20:47:46.019-0300] {dag.py:3954} INFO - Setting next_dagrun for example_task_group_decorator to 2025-04-26 00:00:00+00:00, run_after=2025-04-27 00:00:00+00:00
[2025-04-27T20:47:46.039-0300] {processor.py:183} INFO - Processing /home/facuvega/Descargas/crypto-etl-airflow/airflow-apache/lib/python3.11/site-packages/airflow/example_dags/example_task_group_decorator.py took 0.100 seconds
[2025-04-27T20:48:26.389-0300] {processor.py:161} INFO - Started process (PID=21179) to work on /home/facuvega/Descargas/crypto-etl-airflow/airflow-apache/lib/python3.11/site-packages/airflow/example_dags/example_task_group_decorator.py
[2025-04-27T20:48:26.392-0300] {processor.py:830} INFO - Processing file /home/facuvega/Descargas/crypto-etl-airflow/airflow-apache/lib/python3.11/site-packages/airflow/example_dags/example_task_group_decorator.py for tasks to queue
[2025-04-27T20:48:26.399-0300] {logging_mixin.py:188} INFO - [2025-04-27T20:48:26.395-0300] {dagbag.py:540} INFO - Filling up the DagBag from /home/facuvega/Descargas/crypto-etl-airflow/airflow-apache/lib/python3.11/site-packages/airflow/example_dags/example_task_group_decorator.py
[2025-04-27T20:48:26.463-0300] {processor.py:840} INFO - DAG(s) 'example_task_group_decorator' retrieved from /home/facuvega/Descargas/crypto-etl-airflow/airflow-apache/lib/python3.11/site-packages/airflow/example_dags/example_task_group_decorator.py
[2025-04-27T20:48:26.510-0300] {logging_mixin.py:188} INFO - [2025-04-27T20:48:26.509-0300] {dag.py:3096} INFO - Sync 1 DAGs
[2025-04-27T20:48:26.565-0300] {logging_mixin.py:188} INFO - [2025-04-27T20:48:26.565-0300] {dag.py:3954} INFO - Setting next_dagrun for example_task_group_decorator to 2025-04-26 00:00:00+00:00, run_after=2025-04-27 00:00:00+00:00
[2025-04-27T20:48:26.603-0300] {processor.py:183} INFO - Processing /home/facuvega/Descargas/crypto-etl-airflow/airflow-apache/lib/python3.11/site-packages/airflow/example_dags/example_task_group_decorator.py took 0.228 seconds
[2025-04-27T20:49:11.324-0300] {processor.py:161} INFO - Started process (PID=21445) to work on /home/facuvega/Descargas/crypto-etl-airflow/airflow-apache/lib/python3.11/site-packages/airflow/example_dags/example_task_group_decorator.py
[2025-04-27T20:49:11.325-0300] {processor.py:830} INFO - Processing file /home/facuvega/Descargas/crypto-etl-airflow/airflow-apache/lib/python3.11/site-packages/airflow/example_dags/example_task_group_decorator.py for tasks to queue
[2025-04-27T20:49:11.328-0300] {logging_mixin.py:188} INFO - [2025-04-27T20:49:11.327-0300] {dagbag.py:540} INFO - Filling up the DagBag from /home/facuvega/Descargas/crypto-etl-airflow/airflow-apache/lib/python3.11/site-packages/airflow/example_dags/example_task_group_decorator.py
[2025-04-27T20:49:11.342-0300] {processor.py:840} INFO - DAG(s) 'example_task_group_decorator' retrieved from /home/facuvega/Descargas/crypto-etl-airflow/airflow-apache/lib/python3.11/site-packages/airflow/example_dags/example_task_group_decorator.py
[2025-04-27T20:49:11.360-0300] {logging_mixin.py:188} INFO - [2025-04-27T20:49:11.359-0300] {dag.py:3096} INFO - Sync 1 DAGs
[2025-04-27T20:49:11.376-0300] {logging_mixin.py:188} INFO - [2025-04-27T20:49:11.376-0300] {dag.py:3954} INFO - Setting next_dagrun for example_task_group_decorator to 2025-04-26 00:00:00+00:00, run_after=2025-04-27 00:00:00+00:00
[2025-04-27T20:49:11.391-0300] {processor.py:183} INFO - Processing /home/facuvega/Descargas/crypto-etl-airflow/airflow-apache/lib/python3.11/site-packages/airflow/example_dags/example_task_group_decorator.py took 0.073 seconds
[2025-04-27T20:49:56.052-0300] {processor.py:161} INFO - Started process (PID=21764) to work on /home/facuvega/Descargas/crypto-etl-airflow/airflow-apache/lib/python3.11/site-packages/airflow/example_dags/example_task_group_decorator.py
[2025-04-27T20:49:56.053-0300] {processor.py:830} INFO - Processing file /home/facuvega/Descargas/crypto-etl-airflow/airflow-apache/lib/python3.11/site-packages/airflow/example_dags/example_task_group_decorator.py for tasks to queue
[2025-04-27T20:49:56.055-0300] {logging_mixin.py:188} INFO - [2025-04-27T20:49:56.055-0300] {dagbag.py:540} INFO - Filling up the DagBag from /home/facuvega/Descargas/crypto-etl-airflow/airflow-apache/lib/python3.11/site-packages/airflow/example_dags/example_task_group_decorator.py
[2025-04-27T20:49:56.071-0300] {processor.py:840} INFO - DAG(s) 'example_task_group_decorator' retrieved from /home/facuvega/Descargas/crypto-etl-airflow/airflow-apache/lib/python3.11/site-packages/airflow/example_dags/example_task_group_decorator.py
[2025-04-27T20:49:56.090-0300] {logging_mixin.py:188} INFO - [2025-04-27T20:49:56.090-0300] {dag.py:3096} INFO - Sync 1 DAGs
[2025-04-27T20:49:56.107-0300] {logging_mixin.py:188} INFO - [2025-04-27T20:49:56.107-0300] {dag.py:3954} INFO - Setting next_dagrun for example_task_group_decorator to 2025-04-26 00:00:00+00:00, run_after=2025-04-27 00:00:00+00:00
[2025-04-27T20:49:56.123-0300] {processor.py:183} INFO - Processing /home/facuvega/Descargas/crypto-etl-airflow/airflow-apache/lib/python3.11/site-packages/airflow/example_dags/example_task_group_decorator.py took 0.077 seconds
[2025-04-27T20:50:41.111-0300] {processor.py:161} INFO - Started process (PID=22011) to work on /home/facuvega/Descargas/crypto-etl-airflow/airflow-apache/lib/python3.11/site-packages/airflow/example_dags/example_task_group_decorator.py
[2025-04-27T20:50:41.114-0300] {processor.py:830} INFO - Processing file /home/facuvega/Descargas/crypto-etl-airflow/airflow-apache/lib/python3.11/site-packages/airflow/example_dags/example_task_group_decorator.py for tasks to queue
[2025-04-27T20:50:41.119-0300] {logging_mixin.py:188} INFO - [2025-04-27T20:50:41.118-0300] {dagbag.py:540} INFO - Filling up the DagBag from /home/facuvega/Descargas/crypto-etl-airflow/airflow-apache/lib/python3.11/site-packages/airflow/example_dags/example_task_group_decorator.py
[2025-04-27T20:50:41.159-0300] {processor.py:840} INFO - DAG(s) 'example_task_group_decorator' retrieved from /home/facuvega/Descargas/crypto-etl-airflow/airflow-apache/lib/python3.11/site-packages/airflow/example_dags/example_task_group_decorator.py
[2025-04-27T20:50:41.194-0300] {logging_mixin.py:188} INFO - [2025-04-27T20:50:41.193-0300] {dag.py:3096} INFO - Sync 1 DAGs
[2025-04-27T20:50:41.211-0300] {logging_mixin.py:188} INFO - [2025-04-27T20:50:41.210-0300] {dag.py:3954} INFO - Setting next_dagrun for example_task_group_decorator to 2025-04-26 00:00:00+00:00, run_after=2025-04-27 00:00:00+00:00
[2025-04-27T20:50:41.225-0300] {processor.py:183} INFO - Processing /home/facuvega/Descargas/crypto-etl-airflow/airflow-apache/lib/python3.11/site-packages/airflow/example_dags/example_task_group_decorator.py took 0.131 seconds
[2025-04-27T20:51:19.821-0300] {processor.py:161} INFO - Started process (PID=22291) to work on /home/facuvega/Descargas/crypto-etl-airflow/airflow-apache/lib/python3.11/site-packages/airflow/example_dags/example_task_group_decorator.py
[2025-04-27T20:51:19.822-0300] {processor.py:830} INFO - Processing file /home/facuvega/Descargas/crypto-etl-airflow/airflow-apache/lib/python3.11/site-packages/airflow/example_dags/example_task_group_decorator.py for tasks to queue
[2025-04-27T20:51:19.825-0300] {logging_mixin.py:188} INFO - [2025-04-27T20:51:19.824-0300] {dagbag.py:540} INFO - Filling up the DagBag from /home/facuvega/Descargas/crypto-etl-airflow/airflow-apache/lib/python3.11/site-packages/airflow/example_dags/example_task_group_decorator.py
[2025-04-27T20:51:19.844-0300] {processor.py:840} INFO - DAG(s) 'example_task_group_decorator' retrieved from /home/facuvega/Descargas/crypto-etl-airflow/airflow-apache/lib/python3.11/site-packages/airflow/example_dags/example_task_group_decorator.py
[2025-04-27T20:51:19.859-0300] {logging_mixin.py:188} INFO - [2025-04-27T20:51:19.859-0300] {dag.py:3096} INFO - Sync 1 DAGs
[2025-04-27T20:51:19.873-0300] {logging_mixin.py:188} INFO - [2025-04-27T20:51:19.873-0300] {dag.py:3954} INFO - Setting next_dagrun for example_task_group_decorator to 2025-04-26 00:00:00+00:00, run_after=2025-04-27 00:00:00+00:00
[2025-04-27T20:51:19.886-0300] {processor.py:183} INFO - Processing /home/facuvega/Descargas/crypto-etl-airflow/airflow-apache/lib/python3.11/site-packages/airflow/example_dags/example_task_group_decorator.py took 0.071 seconds
