[2025-04-27T20:10:38.242-0300] {processor.py:161} INFO - Started process (PID=9638) to work on /home/facuvega/Descargas/crypto-etl-airflow/airflow-apache/lib/python3.11/site-packages/airflow/example_dags/example_display_name.py
[2025-04-27T20:10:38.243-0300] {processor.py:830} INFO - Processing file /home/facuvega/Descargas/crypto-etl-airflow/airflow-apache/lib/python3.11/site-packages/airflow/example_dags/example_display_name.py for tasks to queue
[2025-04-27T20:10:38.245-0300] {logging_mixin.py:188} INFO - [2025-04-27T20:10:38.245-0300] {dagbag.py:540} INFO - Filling up the DagBag from /home/facuvega/Descargas/crypto-etl-airflow/airflow-apache/lib/python3.11/site-packages/airflow/example_dags/example_display_name.py
[2025-04-27T20:10:38.251-0300] {processor.py:840} INFO - DAG(s) 'example_display_name' retrieved from /home/facuvega/Descargas/crypto-etl-airflow/airflow-apache/lib/python3.11/site-packages/airflow/example_dags/example_display_name.py
[2025-04-27T20:10:38.355-0300] {logging_mixin.py:188} INFO - [2025-04-27T20:10:38.354-0300] {override.py:1829} INFO - Created Permission View: can edit on DAG:example_display_name
[2025-04-27T20:10:38.367-0300] {logging_mixin.py:188} INFO - [2025-04-27T20:10:38.367-0300] {override.py:1829} INFO - Created Permission View: can delete on DAG:example_display_name
[2025-04-27T20:10:38.373-0300] {logging_mixin.py:188} INFO - [2025-04-27T20:10:38.372-0300] {override.py:1829} INFO - Created Permission View: can read on DAG:example_display_name
[2025-04-27T20:10:38.375-0300] {logging_mixin.py:188} INFO - [2025-04-27T20:10:38.373-0300] {dag.py:3096} INFO - Sync 1 DAGs
[2025-04-27T20:10:38.388-0300] {logging_mixin.py:188} INFO - [2025-04-27T20:10:38.387-0300] {dag.py:3118} INFO - Creating ORM DAG for example_display_name
[2025-04-27T20:10:38.388-0300] {logging_mixin.py:188} INFO - [2025-04-27T20:10:38.388-0300] {dag.py:3954} INFO - Setting next_dagrun for example_display_name to None, run_after=None
[2025-04-27T20:10:38.409-0300] {processor.py:183} INFO - Processing /home/facuvega/Descargas/crypto-etl-airflow/airflow-apache/lib/python3.11/site-packages/airflow/example_dags/example_display_name.py took 0.173 seconds
[2025-04-27T20:11:32.926-0300] {processor.py:161} INFO - Started process (PID=9992) to work on /home/facuvega/Descargas/crypto-etl-airflow/airflow-apache/lib/python3.11/site-packages/airflow/example_dags/example_display_name.py
[2025-04-27T20:11:32.927-0300] {processor.py:830} INFO - Processing file /home/facuvega/Descargas/crypto-etl-airflow/airflow-apache/lib/python3.11/site-packages/airflow/example_dags/example_display_name.py for tasks to queue
[2025-04-27T20:11:32.929-0300] {logging_mixin.py:188} INFO - [2025-04-27T20:11:32.929-0300] {dagbag.py:540} INFO - Filling up the DagBag from /home/facuvega/Descargas/crypto-etl-airflow/airflow-apache/lib/python3.11/site-packages/airflow/example_dags/example_display_name.py
[2025-04-27T20:11:32.935-0300] {processor.py:840} INFO - DAG(s) 'example_display_name' retrieved from /home/facuvega/Descargas/crypto-etl-airflow/airflow-apache/lib/python3.11/site-packages/airflow/example_dags/example_display_name.py
[2025-04-27T20:11:32.951-0300] {logging_mixin.py:188} INFO - [2025-04-27T20:11:32.951-0300] {dag.py:3096} INFO - Sync 1 DAGs
[2025-04-27T20:11:32.964-0300] {logging_mixin.py:188} INFO - [2025-04-27T20:11:32.963-0300] {dag.py:3954} INFO - Setting next_dagrun for example_display_name to None, run_after=None
[2025-04-27T20:11:32.985-0300] {processor.py:183} INFO - Processing /home/facuvega/Descargas/crypto-etl-airflow/airflow-apache/lib/python3.11/site-packages/airflow/example_dags/example_display_name.py took 0.064 seconds
[2025-04-27T20:12:34.324-0300] {processor.py:161} INFO - Started process (PID=10417) to work on /home/facuvega/Descargas/crypto-etl-airflow/airflow-apache/lib/python3.11/site-packages/airflow/example_dags/example_display_name.py
[2025-04-27T20:12:34.325-0300] {processor.py:830} INFO - Processing file /home/facuvega/Descargas/crypto-etl-airflow/airflow-apache/lib/python3.11/site-packages/airflow/example_dags/example_display_name.py for tasks to queue
[2025-04-27T20:12:34.327-0300] {logging_mixin.py:188} INFO - [2025-04-27T20:12:34.327-0300] {dagbag.py:540} INFO - Filling up the DagBag from /home/facuvega/Descargas/crypto-etl-airflow/airflow-apache/lib/python3.11/site-packages/airflow/example_dags/example_display_name.py
[2025-04-27T20:12:34.335-0300] {processor.py:840} INFO - DAG(s) 'example_display_name' retrieved from /home/facuvega/Descargas/crypto-etl-airflow/airflow-apache/lib/python3.11/site-packages/airflow/example_dags/example_display_name.py
[2025-04-27T20:12:34.351-0300] {logging_mixin.py:188} INFO - [2025-04-27T20:12:34.351-0300] {dag.py:3096} INFO - Sync 1 DAGs
[2025-04-27T20:12:34.361-0300] {logging_mixin.py:188} INFO - [2025-04-27T20:12:34.361-0300] {dag.py:3954} INFO - Setting next_dagrun for example_display_name to None, run_after=None
[2025-04-27T20:12:34.377-0300] {processor.py:183} INFO - Processing /home/facuvega/Descargas/crypto-etl-airflow/airflow-apache/lib/python3.11/site-packages/airflow/example_dags/example_display_name.py took 0.060 seconds
[2025-04-27T20:13:35.386-0300] {processor.py:161} INFO - Started process (PID=10736) to work on /home/facuvega/Descargas/crypto-etl-airflow/airflow-apache/lib/python3.11/site-packages/airflow/example_dags/example_display_name.py
[2025-04-27T20:13:35.387-0300] {processor.py:830} INFO - Processing file /home/facuvega/Descargas/crypto-etl-airflow/airflow-apache/lib/python3.11/site-packages/airflow/example_dags/example_display_name.py for tasks to queue
[2025-04-27T20:13:35.388-0300] {logging_mixin.py:188} INFO - [2025-04-27T20:13:35.388-0300] {dagbag.py:540} INFO - Filling up the DagBag from /home/facuvega/Descargas/crypto-etl-airflow/airflow-apache/lib/python3.11/site-packages/airflow/example_dags/example_display_name.py
[2025-04-27T20:13:35.393-0300] {processor.py:840} INFO - DAG(s) 'example_display_name' retrieved from /home/facuvega/Descargas/crypto-etl-airflow/airflow-apache/lib/python3.11/site-packages/airflow/example_dags/example_display_name.py
[2025-04-27T20:13:35.405-0300] {logging_mixin.py:188} INFO - [2025-04-27T20:13:35.404-0300] {dag.py:3096} INFO - Sync 1 DAGs
[2025-04-27T20:13:35.413-0300] {logging_mixin.py:188} INFO - [2025-04-27T20:13:35.413-0300] {dag.py:3954} INFO - Setting next_dagrun for example_display_name to None, run_after=None
[2025-04-27T20:13:35.426-0300] {processor.py:183} INFO - Processing /home/facuvega/Descargas/crypto-etl-airflow/airflow-apache/lib/python3.11/site-packages/airflow/example_dags/example_display_name.py took 0.045 seconds
[2025-04-27T20:14:32.116-0300] {processor.py:161} INFO - Started process (PID=10991) to work on /home/facuvega/Descargas/crypto-etl-airflow/airflow-apache/lib/python3.11/site-packages/airflow/example_dags/example_display_name.py
[2025-04-27T20:14:32.118-0300] {processor.py:830} INFO - Processing file /home/facuvega/Descargas/crypto-etl-airflow/airflow-apache/lib/python3.11/site-packages/airflow/example_dags/example_display_name.py for tasks to queue
[2025-04-27T20:14:32.119-0300] {logging_mixin.py:188} INFO - [2025-04-27T20:14:32.119-0300] {dagbag.py:540} INFO - Filling up the DagBag from /home/facuvega/Descargas/crypto-etl-airflow/airflow-apache/lib/python3.11/site-packages/airflow/example_dags/example_display_name.py
[2025-04-27T20:14:32.125-0300] {processor.py:840} INFO - DAG(s) 'example_display_name' retrieved from /home/facuvega/Descargas/crypto-etl-airflow/airflow-apache/lib/python3.11/site-packages/airflow/example_dags/example_display_name.py
[2025-04-27T20:14:32.139-0300] {logging_mixin.py:188} INFO - [2025-04-27T20:14:32.138-0300] {dag.py:3096} INFO - Sync 1 DAGs
[2025-04-27T20:14:32.148-0300] {logging_mixin.py:188} INFO - [2025-04-27T20:14:32.148-0300] {dag.py:3954} INFO - Setting next_dagrun for example_display_name to None, run_after=None
[2025-04-27T20:14:32.162-0300] {processor.py:183} INFO - Processing /home/facuvega/Descargas/crypto-etl-airflow/airflow-apache/lib/python3.11/site-packages/airflow/example_dags/example_display_name.py took 0.050 seconds
[2025-04-27T20:15:32.934-0300] {processor.py:161} INFO - Started process (PID=11294) to work on /home/facuvega/Descargas/crypto-etl-airflow/airflow-apache/lib/python3.11/site-packages/airflow/example_dags/example_display_name.py
[2025-04-27T20:15:32.935-0300] {processor.py:830} INFO - Processing file /home/facuvega/Descargas/crypto-etl-airflow/airflow-apache/lib/python3.11/site-packages/airflow/example_dags/example_display_name.py for tasks to queue
[2025-04-27T20:15:32.937-0300] {logging_mixin.py:188} INFO - [2025-04-27T20:15:32.937-0300] {dagbag.py:540} INFO - Filling up the DagBag from /home/facuvega/Descargas/crypto-etl-airflow/airflow-apache/lib/python3.11/site-packages/airflow/example_dags/example_display_name.py
[2025-04-27T20:15:32.944-0300] {processor.py:840} INFO - DAG(s) 'example_display_name' retrieved from /home/facuvega/Descargas/crypto-etl-airflow/airflow-apache/lib/python3.11/site-packages/airflow/example_dags/example_display_name.py
[2025-04-27T20:15:32.956-0300] {logging_mixin.py:188} INFO - [2025-04-27T20:15:32.956-0300] {dag.py:3096} INFO - Sync 1 DAGs
[2025-04-27T20:15:32.964-0300] {logging_mixin.py:188} INFO - [2025-04-27T20:15:32.964-0300] {dag.py:3954} INFO - Setting next_dagrun for example_display_name to None, run_after=None
[2025-04-27T20:15:32.979-0300] {processor.py:183} INFO - Processing /home/facuvega/Descargas/crypto-etl-airflow/airflow-apache/lib/python3.11/site-packages/airflow/example_dags/example_display_name.py took 0.050 seconds
[2025-04-27T20:16:32.643-0300] {processor.py:161} INFO - Started process (PID=11564) to work on /home/facuvega/Descargas/crypto-etl-airflow/airflow-apache/lib/python3.11/site-packages/airflow/example_dags/example_display_name.py
[2025-04-27T20:16:32.644-0300] {processor.py:830} INFO - Processing file /home/facuvega/Descargas/crypto-etl-airflow/airflow-apache/lib/python3.11/site-packages/airflow/example_dags/example_display_name.py for tasks to queue
[2025-04-27T20:16:32.646-0300] {logging_mixin.py:188} INFO - [2025-04-27T20:16:32.645-0300] {dagbag.py:540} INFO - Filling up the DagBag from /home/facuvega/Descargas/crypto-etl-airflow/airflow-apache/lib/python3.11/site-packages/airflow/example_dags/example_display_name.py
[2025-04-27T20:16:32.651-0300] {processor.py:840} INFO - DAG(s) 'example_display_name' retrieved from /home/facuvega/Descargas/crypto-etl-airflow/airflow-apache/lib/python3.11/site-packages/airflow/example_dags/example_display_name.py
[2025-04-27T20:16:32.665-0300] {logging_mixin.py:188} INFO - [2025-04-27T20:16:32.665-0300] {dag.py:3096} INFO - Sync 1 DAGs
[2025-04-27T20:16:32.675-0300] {logging_mixin.py:188} INFO - [2025-04-27T20:16:32.675-0300] {dag.py:3954} INFO - Setting next_dagrun for example_display_name to None, run_after=None
[2025-04-27T20:16:32.692-0300] {processor.py:183} INFO - Processing /home/facuvega/Descargas/crypto-etl-airflow/airflow-apache/lib/python3.11/site-packages/airflow/example_dags/example_display_name.py took 0.054 seconds
[2025-04-27T20:17:38.233-0300] {processor.py:161} INFO - Started process (PID=11861) to work on /home/facuvega/Descargas/crypto-etl-airflow/airflow-apache/lib/python3.11/site-packages/airflow/example_dags/example_display_name.py
[2025-04-27T20:17:38.234-0300] {processor.py:830} INFO - Processing file /home/facuvega/Descargas/crypto-etl-airflow/airflow-apache/lib/python3.11/site-packages/airflow/example_dags/example_display_name.py for tasks to queue
[2025-04-27T20:17:38.235-0300] {logging_mixin.py:188} INFO - [2025-04-27T20:17:38.235-0300] {dagbag.py:540} INFO - Filling up the DagBag from /home/facuvega/Descargas/crypto-etl-airflow/airflow-apache/lib/python3.11/site-packages/airflow/example_dags/example_display_name.py
[2025-04-27T20:17:38.241-0300] {processor.py:840} INFO - DAG(s) 'example_display_name' retrieved from /home/facuvega/Descargas/crypto-etl-airflow/airflow-apache/lib/python3.11/site-packages/airflow/example_dags/example_display_name.py
[2025-04-27T20:17:38.257-0300] {logging_mixin.py:188} INFO - [2025-04-27T20:17:38.257-0300] {dag.py:3096} INFO - Sync 1 DAGs
[2025-04-27T20:17:38.269-0300] {logging_mixin.py:188} INFO - [2025-04-27T20:17:38.269-0300] {dag.py:3954} INFO - Setting next_dagrun for example_display_name to None, run_after=None
[2025-04-27T20:17:38.289-0300] {processor.py:183} INFO - Processing /home/facuvega/Descargas/crypto-etl-airflow/airflow-apache/lib/python3.11/site-packages/airflow/example_dags/example_display_name.py took 0.062 seconds
[2025-04-27T20:18:36.155-0300] {processor.py:161} INFO - Started process (PID=12253) to work on /home/facuvega/Descargas/crypto-etl-airflow/airflow-apache/lib/python3.11/site-packages/airflow/example_dags/example_display_name.py
[2025-04-27T20:18:36.157-0300] {processor.py:830} INFO - Processing file /home/facuvega/Descargas/crypto-etl-airflow/airflow-apache/lib/python3.11/site-packages/airflow/example_dags/example_display_name.py for tasks to queue
[2025-04-27T20:18:36.158-0300] {logging_mixin.py:188} INFO - [2025-04-27T20:18:36.158-0300] {dagbag.py:540} INFO - Filling up the DagBag from /home/facuvega/Descargas/crypto-etl-airflow/airflow-apache/lib/python3.11/site-packages/airflow/example_dags/example_display_name.py
[2025-04-27T20:18:36.164-0300] {processor.py:840} INFO - DAG(s) 'example_display_name' retrieved from /home/facuvega/Descargas/crypto-etl-airflow/airflow-apache/lib/python3.11/site-packages/airflow/example_dags/example_display_name.py
[2025-04-27T20:18:36.176-0300] {logging_mixin.py:188} INFO - [2025-04-27T20:18:36.176-0300] {dag.py:3096} INFO - Sync 1 DAGs
[2025-04-27T20:18:36.185-0300] {logging_mixin.py:188} INFO - [2025-04-27T20:18:36.185-0300] {dag.py:3954} INFO - Setting next_dagrun for example_display_name to None, run_after=None
[2025-04-27T20:18:36.201-0300] {processor.py:183} INFO - Processing /home/facuvega/Descargas/crypto-etl-airflow/airflow-apache/lib/python3.11/site-packages/airflow/example_dags/example_display_name.py took 0.053 seconds
[2025-04-27T20:19:35.608-0300] {processor.py:161} INFO - Started process (PID=12519) to work on /home/facuvega/Descargas/crypto-etl-airflow/airflow-apache/lib/python3.11/site-packages/airflow/example_dags/example_display_name.py
[2025-04-27T20:19:35.609-0300] {processor.py:830} INFO - Processing file /home/facuvega/Descargas/crypto-etl-airflow/airflow-apache/lib/python3.11/site-packages/airflow/example_dags/example_display_name.py for tasks to queue
[2025-04-27T20:19:35.611-0300] {logging_mixin.py:188} INFO - [2025-04-27T20:19:35.611-0300] {dagbag.py:540} INFO - Filling up the DagBag from /home/facuvega/Descargas/crypto-etl-airflow/airflow-apache/lib/python3.11/site-packages/airflow/example_dags/example_display_name.py
[2025-04-27T20:19:35.619-0300] {processor.py:840} INFO - DAG(s) 'example_display_name' retrieved from /home/facuvega/Descargas/crypto-etl-airflow/airflow-apache/lib/python3.11/site-packages/airflow/example_dags/example_display_name.py
[2025-04-27T20:19:35.650-0300] {logging_mixin.py:188} INFO - [2025-04-27T20:19:35.650-0300] {dag.py:3096} INFO - Sync 1 DAGs
[2025-04-27T20:19:35.663-0300] {logging_mixin.py:188} INFO - [2025-04-27T20:19:35.661-0300] {dag.py:3954} INFO - Setting next_dagrun for example_display_name to None, run_after=None
[2025-04-27T20:19:35.680-0300] {processor.py:183} INFO - Processing /home/facuvega/Descargas/crypto-etl-airflow/airflow-apache/lib/python3.11/site-packages/airflow/example_dags/example_display_name.py took 0.078 seconds
[2025-04-27T20:20:34.531-0300] {processor.py:161} INFO - Started process (PID=12841) to work on /home/facuvega/Descargas/crypto-etl-airflow/airflow-apache/lib/python3.11/site-packages/airflow/example_dags/example_display_name.py
[2025-04-27T20:20:34.532-0300] {processor.py:830} INFO - Processing file /home/facuvega/Descargas/crypto-etl-airflow/airflow-apache/lib/python3.11/site-packages/airflow/example_dags/example_display_name.py for tasks to queue
[2025-04-27T20:20:34.534-0300] {logging_mixin.py:188} INFO - [2025-04-27T20:20:34.533-0300] {dagbag.py:540} INFO - Filling up the DagBag from /home/facuvega/Descargas/crypto-etl-airflow/airflow-apache/lib/python3.11/site-packages/airflow/example_dags/example_display_name.py
[2025-04-27T20:20:34.539-0300] {processor.py:840} INFO - DAG(s) 'example_display_name' retrieved from /home/facuvega/Descargas/crypto-etl-airflow/airflow-apache/lib/python3.11/site-packages/airflow/example_dags/example_display_name.py
[2025-04-27T20:20:34.553-0300] {logging_mixin.py:188} INFO - [2025-04-27T20:20:34.552-0300] {dag.py:3096} INFO - Sync 1 DAGs
[2025-04-27T20:20:34.561-0300] {logging_mixin.py:188} INFO - [2025-04-27T20:20:34.561-0300] {dag.py:3954} INFO - Setting next_dagrun for example_display_name to None, run_after=None
[2025-04-27T20:20:34.574-0300] {processor.py:183} INFO - Processing /home/facuvega/Descargas/crypto-etl-airflow/airflow-apache/lib/python3.11/site-packages/airflow/example_dags/example_display_name.py took 0.047 seconds
[2025-04-27T20:21:35.228-0300] {processor.py:161} INFO - Started process (PID=13111) to work on /home/facuvega/Descargas/crypto-etl-airflow/airflow-apache/lib/python3.11/site-packages/airflow/example_dags/example_display_name.py
[2025-04-27T20:21:35.229-0300] {processor.py:830} INFO - Processing file /home/facuvega/Descargas/crypto-etl-airflow/airflow-apache/lib/python3.11/site-packages/airflow/example_dags/example_display_name.py for tasks to queue
[2025-04-27T20:21:35.231-0300] {logging_mixin.py:188} INFO - [2025-04-27T20:21:35.231-0300] {dagbag.py:540} INFO - Filling up the DagBag from /home/facuvega/Descargas/crypto-etl-airflow/airflow-apache/lib/python3.11/site-packages/airflow/example_dags/example_display_name.py
[2025-04-27T20:21:35.239-0300] {processor.py:840} INFO - DAG(s) 'example_display_name' retrieved from /home/facuvega/Descargas/crypto-etl-airflow/airflow-apache/lib/python3.11/site-packages/airflow/example_dags/example_display_name.py
[2025-04-27T20:21:35.257-0300] {logging_mixin.py:188} INFO - [2025-04-27T20:21:35.257-0300] {dag.py:3096} INFO - Sync 1 DAGs
[2025-04-27T20:21:35.270-0300] {logging_mixin.py:188} INFO - [2025-04-27T20:21:35.269-0300] {dag.py:3954} INFO - Setting next_dagrun for example_display_name to None, run_after=None
[2025-04-27T20:21:35.290-0300] {processor.py:183} INFO - Processing /home/facuvega/Descargas/crypto-etl-airflow/airflow-apache/lib/python3.11/site-packages/airflow/example_dags/example_display_name.py took 0.068 seconds
[2025-04-27T20:22:38.487-0300] {processor.py:161} INFO - Started process (PID=13403) to work on /home/facuvega/Descargas/crypto-etl-airflow/airflow-apache/lib/python3.11/site-packages/airflow/example_dags/example_display_name.py
[2025-04-27T20:22:38.488-0300] {processor.py:830} INFO - Processing file /home/facuvega/Descargas/crypto-etl-airflow/airflow-apache/lib/python3.11/site-packages/airflow/example_dags/example_display_name.py for tasks to queue
[2025-04-27T20:22:38.490-0300] {logging_mixin.py:188} INFO - [2025-04-27T20:22:38.489-0300] {dagbag.py:540} INFO - Filling up the DagBag from /home/facuvega/Descargas/crypto-etl-airflow/airflow-apache/lib/python3.11/site-packages/airflow/example_dags/example_display_name.py
[2025-04-27T20:22:38.495-0300] {processor.py:840} INFO - DAG(s) 'example_display_name' retrieved from /home/facuvega/Descargas/crypto-etl-airflow/airflow-apache/lib/python3.11/site-packages/airflow/example_dags/example_display_name.py
[2025-04-27T20:22:38.507-0300] {logging_mixin.py:188} INFO - [2025-04-27T20:22:38.507-0300] {dag.py:3096} INFO - Sync 1 DAGs
[2025-04-27T20:22:38.515-0300] {logging_mixin.py:188} INFO - [2025-04-27T20:22:38.515-0300] {dag.py:3954} INFO - Setting next_dagrun for example_display_name to None, run_after=None
[2025-04-27T20:22:38.528-0300] {processor.py:183} INFO - Processing /home/facuvega/Descargas/crypto-etl-airflow/airflow-apache/lib/python3.11/site-packages/airflow/example_dags/example_display_name.py took 0.046 seconds
[2025-04-27T20:23:42.611-0300] {processor.py:161} INFO - Started process (PID=13681) to work on /home/facuvega/Descargas/crypto-etl-airflow/airflow-apache/lib/python3.11/site-packages/airflow/example_dags/example_display_name.py
[2025-04-27T20:23:42.612-0300] {processor.py:830} INFO - Processing file /home/facuvega/Descargas/crypto-etl-airflow/airflow-apache/lib/python3.11/site-packages/airflow/example_dags/example_display_name.py for tasks to queue
[2025-04-27T20:23:42.614-0300] {logging_mixin.py:188} INFO - [2025-04-27T20:23:42.614-0300] {dagbag.py:540} INFO - Filling up the DagBag from /home/facuvega/Descargas/crypto-etl-airflow/airflow-apache/lib/python3.11/site-packages/airflow/example_dags/example_display_name.py
[2025-04-27T20:23:42.621-0300] {processor.py:840} INFO - DAG(s) 'example_display_name' retrieved from /home/facuvega/Descargas/crypto-etl-airflow/airflow-apache/lib/python3.11/site-packages/airflow/example_dags/example_display_name.py
[2025-04-27T20:23:42.642-0300] {logging_mixin.py:188} INFO - [2025-04-27T20:23:42.642-0300] {dag.py:3096} INFO - Sync 1 DAGs
[2025-04-27T20:23:42.656-0300] {logging_mixin.py:188} INFO - [2025-04-27T20:23:42.656-0300] {dag.py:3954} INFO - Setting next_dagrun for example_display_name to None, run_after=None
[2025-04-27T20:23:42.671-0300] {processor.py:183} INFO - Processing /home/facuvega/Descargas/crypto-etl-airflow/airflow-apache/lib/python3.11/site-packages/airflow/example_dags/example_display_name.py took 0.066 seconds
[2025-04-27T20:24:38.114-0300] {processor.py:161} INFO - Started process (PID=13939) to work on /home/facuvega/Descargas/crypto-etl-airflow/airflow-apache/lib/python3.11/site-packages/airflow/example_dags/example_display_name.py
[2025-04-27T20:24:38.115-0300] {processor.py:830} INFO - Processing file /home/facuvega/Descargas/crypto-etl-airflow/airflow-apache/lib/python3.11/site-packages/airflow/example_dags/example_display_name.py for tasks to queue
[2025-04-27T20:24:38.116-0300] {logging_mixin.py:188} INFO - [2025-04-27T20:24:38.116-0300] {dagbag.py:540} INFO - Filling up the DagBag from /home/facuvega/Descargas/crypto-etl-airflow/airflow-apache/lib/python3.11/site-packages/airflow/example_dags/example_display_name.py
[2025-04-27T20:24:38.121-0300] {processor.py:840} INFO - DAG(s) 'example_display_name' retrieved from /home/facuvega/Descargas/crypto-etl-airflow/airflow-apache/lib/python3.11/site-packages/airflow/example_dags/example_display_name.py
[2025-04-27T20:24:38.133-0300] {logging_mixin.py:188} INFO - [2025-04-27T20:24:38.133-0300] {dag.py:3096} INFO - Sync 1 DAGs
[2025-04-27T20:24:38.141-0300] {logging_mixin.py:188} INFO - [2025-04-27T20:24:38.141-0300] {dag.py:3954} INFO - Setting next_dagrun for example_display_name to None, run_after=None
[2025-04-27T20:24:38.154-0300] {processor.py:183} INFO - Processing /home/facuvega/Descargas/crypto-etl-airflow/airflow-apache/lib/python3.11/site-packages/airflow/example_dags/example_display_name.py took 0.045 seconds
[2025-04-27T20:25:35.036-0300] {processor.py:161} INFO - Started process (PID=14227) to work on /home/facuvega/Descargas/crypto-etl-airflow/airflow-apache/lib/python3.11/site-packages/airflow/example_dags/example_display_name.py
[2025-04-27T20:25:35.037-0300] {processor.py:830} INFO - Processing file /home/facuvega/Descargas/crypto-etl-airflow/airflow-apache/lib/python3.11/site-packages/airflow/example_dags/example_display_name.py for tasks to queue
[2025-04-27T20:25:35.038-0300] {logging_mixin.py:188} INFO - [2025-04-27T20:25:35.038-0300] {dagbag.py:540} INFO - Filling up the DagBag from /home/facuvega/Descargas/crypto-etl-airflow/airflow-apache/lib/python3.11/site-packages/airflow/example_dags/example_display_name.py
[2025-04-27T20:25:35.044-0300] {processor.py:840} INFO - DAG(s) 'example_display_name' retrieved from /home/facuvega/Descargas/crypto-etl-airflow/airflow-apache/lib/python3.11/site-packages/airflow/example_dags/example_display_name.py
[2025-04-27T20:25:35.059-0300] {logging_mixin.py:188} INFO - [2025-04-27T20:25:35.059-0300] {dag.py:3096} INFO - Sync 1 DAGs
[2025-04-27T20:25:35.069-0300] {logging_mixin.py:188} INFO - [2025-04-27T20:25:35.069-0300] {dag.py:3954} INFO - Setting next_dagrun for example_display_name to None, run_after=None
[2025-04-27T20:25:35.084-0300] {processor.py:183} INFO - Processing /home/facuvega/Descargas/crypto-etl-airflow/airflow-apache/lib/python3.11/site-packages/airflow/example_dags/example_display_name.py took 0.054 seconds
[2025-04-27T20:26:39.912-0300] {processor.py:161} INFO - Started process (PID=14537) to work on /home/facuvega/Descargas/crypto-etl-airflow/airflow-apache/lib/python3.11/site-packages/airflow/example_dags/example_display_name.py
[2025-04-27T20:26:39.913-0300] {processor.py:830} INFO - Processing file /home/facuvega/Descargas/crypto-etl-airflow/airflow-apache/lib/python3.11/site-packages/airflow/example_dags/example_display_name.py for tasks to queue
[2025-04-27T20:26:39.916-0300] {logging_mixin.py:188} INFO - [2025-04-27T20:26:39.916-0300] {dagbag.py:540} INFO - Filling up the DagBag from /home/facuvega/Descargas/crypto-etl-airflow/airflow-apache/lib/python3.11/site-packages/airflow/example_dags/example_display_name.py
[2025-04-27T20:26:39.924-0300] {processor.py:840} INFO - DAG(s) 'example_display_name' retrieved from /home/facuvega/Descargas/crypto-etl-airflow/airflow-apache/lib/python3.11/site-packages/airflow/example_dags/example_display_name.py
[2025-04-27T20:26:39.938-0300] {logging_mixin.py:188} INFO - [2025-04-27T20:26:39.938-0300] {dag.py:3096} INFO - Sync 1 DAGs
[2025-04-27T20:26:39.948-0300] {logging_mixin.py:188} INFO - [2025-04-27T20:26:39.948-0300] {dag.py:3954} INFO - Setting next_dagrun for example_display_name to None, run_after=None
[2025-04-27T20:26:39.966-0300] {processor.py:183} INFO - Processing /home/facuvega/Descargas/crypto-etl-airflow/airflow-apache/lib/python3.11/site-packages/airflow/example_dags/example_display_name.py took 0.061 seconds
[2025-04-27T20:27:37.700-0300] {processor.py:161} INFO - Started process (PID=14796) to work on /home/facuvega/Descargas/crypto-etl-airflow/airflow-apache/lib/python3.11/site-packages/airflow/example_dags/example_display_name.py
[2025-04-27T20:27:37.701-0300] {processor.py:830} INFO - Processing file /home/facuvega/Descargas/crypto-etl-airflow/airflow-apache/lib/python3.11/site-packages/airflow/example_dags/example_display_name.py for tasks to queue
[2025-04-27T20:27:37.703-0300] {logging_mixin.py:188} INFO - [2025-04-27T20:27:37.703-0300] {dagbag.py:540} INFO - Filling up the DagBag from /home/facuvega/Descargas/crypto-etl-airflow/airflow-apache/lib/python3.11/site-packages/airflow/example_dags/example_display_name.py
[2025-04-27T20:27:37.709-0300] {processor.py:840} INFO - DAG(s) 'example_display_name' retrieved from /home/facuvega/Descargas/crypto-etl-airflow/airflow-apache/lib/python3.11/site-packages/airflow/example_dags/example_display_name.py
[2025-04-27T20:27:37.722-0300] {logging_mixin.py:188} INFO - [2025-04-27T20:27:37.722-0300] {dag.py:3096} INFO - Sync 1 DAGs
[2025-04-27T20:27:37.731-0300] {logging_mixin.py:188} INFO - [2025-04-27T20:27:37.731-0300] {dag.py:3954} INFO - Setting next_dagrun for example_display_name to None, run_after=None
[2025-04-27T20:27:37.746-0300] {processor.py:183} INFO - Processing /home/facuvega/Descargas/crypto-etl-airflow/airflow-apache/lib/python3.11/site-packages/airflow/example_dags/example_display_name.py took 0.050 seconds
[2025-04-27T20:28:39.750-0300] {processor.py:161} INFO - Started process (PID=15085) to work on /home/facuvega/Descargas/crypto-etl-airflow/airflow-apache/lib/python3.11/site-packages/airflow/example_dags/example_display_name.py
[2025-04-27T20:28:39.752-0300] {processor.py:830} INFO - Processing file /home/facuvega/Descargas/crypto-etl-airflow/airflow-apache/lib/python3.11/site-packages/airflow/example_dags/example_display_name.py for tasks to queue
[2025-04-27T20:28:39.753-0300] {logging_mixin.py:188} INFO - [2025-04-27T20:28:39.753-0300] {dagbag.py:540} INFO - Filling up the DagBag from /home/facuvega/Descargas/crypto-etl-airflow/airflow-apache/lib/python3.11/site-packages/airflow/example_dags/example_display_name.py
[2025-04-27T20:28:39.758-0300] {processor.py:840} INFO - DAG(s) 'example_display_name' retrieved from /home/facuvega/Descargas/crypto-etl-airflow/airflow-apache/lib/python3.11/site-packages/airflow/example_dags/example_display_name.py
[2025-04-27T20:28:39.770-0300] {logging_mixin.py:188} INFO - [2025-04-27T20:28:39.770-0300] {dag.py:3096} INFO - Sync 1 DAGs
[2025-04-27T20:28:39.778-0300] {logging_mixin.py:188} INFO - [2025-04-27T20:28:39.778-0300] {dag.py:3954} INFO - Setting next_dagrun for example_display_name to None, run_after=None
[2025-04-27T20:28:39.791-0300] {processor.py:183} INFO - Processing /home/facuvega/Descargas/crypto-etl-airflow/airflow-apache/lib/python3.11/site-packages/airflow/example_dags/example_display_name.py took 0.050 seconds
[2025-04-27T20:29:40.841-0300] {processor.py:161} INFO - Started process (PID=15361) to work on /home/facuvega/Descargas/crypto-etl-airflow/airflow-apache/lib/python3.11/site-packages/airflow/example_dags/example_display_name.py
[2025-04-27T20:29:40.842-0300] {processor.py:830} INFO - Processing file /home/facuvega/Descargas/crypto-etl-airflow/airflow-apache/lib/python3.11/site-packages/airflow/example_dags/example_display_name.py for tasks to queue
[2025-04-27T20:29:40.844-0300] {logging_mixin.py:188} INFO - [2025-04-27T20:29:40.843-0300] {dagbag.py:540} INFO - Filling up the DagBag from /home/facuvega/Descargas/crypto-etl-airflow/airflow-apache/lib/python3.11/site-packages/airflow/example_dags/example_display_name.py
[2025-04-27T20:29:40.850-0300] {processor.py:840} INFO - DAG(s) 'example_display_name' retrieved from /home/facuvega/Descargas/crypto-etl-airflow/airflow-apache/lib/python3.11/site-packages/airflow/example_dags/example_display_name.py
[2025-04-27T20:29:40.865-0300] {logging_mixin.py:188} INFO - [2025-04-27T20:29:40.865-0300] {dag.py:3096} INFO - Sync 1 DAGs
[2025-04-27T20:29:40.876-0300] {logging_mixin.py:188} INFO - [2025-04-27T20:29:40.876-0300] {dag.py:3954} INFO - Setting next_dagrun for example_display_name to None, run_after=None
[2025-04-27T20:29:40.893-0300] {processor.py:183} INFO - Processing /home/facuvega/Descargas/crypto-etl-airflow/airflow-apache/lib/python3.11/site-packages/airflow/example_dags/example_display_name.py took 0.058 seconds
[2025-04-27T20:30:38.996-0300] {processor.py:161} INFO - Started process (PID=15659) to work on /home/facuvega/Descargas/crypto-etl-airflow/airflow-apache/lib/python3.11/site-packages/airflow/example_dags/example_display_name.py
[2025-04-27T20:30:38.997-0300] {processor.py:830} INFO - Processing file /home/facuvega/Descargas/crypto-etl-airflow/airflow-apache/lib/python3.11/site-packages/airflow/example_dags/example_display_name.py for tasks to queue
[2025-04-27T20:30:38.998-0300] {logging_mixin.py:188} INFO - [2025-04-27T20:30:38.998-0300] {dagbag.py:540} INFO - Filling up the DagBag from /home/facuvega/Descargas/crypto-etl-airflow/airflow-apache/lib/python3.11/site-packages/airflow/example_dags/example_display_name.py
[2025-04-27T20:30:39.004-0300] {processor.py:840} INFO - DAG(s) 'example_display_name' retrieved from /home/facuvega/Descargas/crypto-etl-airflow/airflow-apache/lib/python3.11/site-packages/airflow/example_dags/example_display_name.py
[2025-04-27T20:30:39.017-0300] {logging_mixin.py:188} INFO - [2025-04-27T20:30:39.016-0300] {dag.py:3096} INFO - Sync 1 DAGs
[2025-04-27T20:30:39.026-0300] {logging_mixin.py:188} INFO - [2025-04-27T20:30:39.026-0300] {dag.py:3954} INFO - Setting next_dagrun for example_display_name to None, run_after=None
[2025-04-27T20:30:39.041-0300] {processor.py:183} INFO - Processing /home/facuvega/Descargas/crypto-etl-airflow/airflow-apache/lib/python3.11/site-packages/airflow/example_dags/example_display_name.py took 0.051 seconds
[2025-04-27T20:31:38.701-0300] {processor.py:161} INFO - Started process (PID=15925) to work on /home/facuvega/Descargas/crypto-etl-airflow/airflow-apache/lib/python3.11/site-packages/airflow/example_dags/example_display_name.py
[2025-04-27T20:31:38.702-0300] {processor.py:830} INFO - Processing file /home/facuvega/Descargas/crypto-etl-airflow/airflow-apache/lib/python3.11/site-packages/airflow/example_dags/example_display_name.py for tasks to queue
[2025-04-27T20:31:38.703-0300] {logging_mixin.py:188} INFO - [2025-04-27T20:31:38.703-0300] {dagbag.py:540} INFO - Filling up the DagBag from /home/facuvega/Descargas/crypto-etl-airflow/airflow-apache/lib/python3.11/site-packages/airflow/example_dags/example_display_name.py
[2025-04-27T20:31:38.709-0300] {processor.py:840} INFO - DAG(s) 'example_display_name' retrieved from /home/facuvega/Descargas/crypto-etl-airflow/airflow-apache/lib/python3.11/site-packages/airflow/example_dags/example_display_name.py
[2025-04-27T20:31:38.720-0300] {logging_mixin.py:188} INFO - [2025-04-27T20:31:38.720-0300] {dag.py:3096} INFO - Sync 1 DAGs
[2025-04-27T20:31:38.729-0300] {logging_mixin.py:188} INFO - [2025-04-27T20:31:38.728-0300] {dag.py:3954} INFO - Setting next_dagrun for example_display_name to None, run_after=None
[2025-04-27T20:31:38.741-0300] {processor.py:183} INFO - Processing /home/facuvega/Descargas/crypto-etl-airflow/airflow-apache/lib/python3.11/site-packages/airflow/example_dags/example_display_name.py took 0.045 seconds
[2025-04-27T20:32:39.175-0300] {processor.py:161} INFO - Started process (PID=16198) to work on /home/facuvega/Descargas/crypto-etl-airflow/airflow-apache/lib/python3.11/site-packages/airflow/example_dags/example_display_name.py
[2025-04-27T20:32:39.176-0300] {processor.py:830} INFO - Processing file /home/facuvega/Descargas/crypto-etl-airflow/airflow-apache/lib/python3.11/site-packages/airflow/example_dags/example_display_name.py for tasks to queue
[2025-04-27T20:32:39.178-0300] {logging_mixin.py:188} INFO - [2025-04-27T20:32:39.178-0300] {dagbag.py:540} INFO - Filling up the DagBag from /home/facuvega/Descargas/crypto-etl-airflow/airflow-apache/lib/python3.11/site-packages/airflow/example_dags/example_display_name.py
[2025-04-27T20:32:39.184-0300] {processor.py:840} INFO - DAG(s) 'example_display_name' retrieved from /home/facuvega/Descargas/crypto-etl-airflow/airflow-apache/lib/python3.11/site-packages/airflow/example_dags/example_display_name.py
[2025-04-27T20:32:39.200-0300] {logging_mixin.py:188} INFO - [2025-04-27T20:32:39.199-0300] {dag.py:3096} INFO - Sync 1 DAGs
[2025-04-27T20:32:39.209-0300] {logging_mixin.py:188} INFO - [2025-04-27T20:32:39.209-0300] {dag.py:3954} INFO - Setting next_dagrun for example_display_name to None, run_after=None
[2025-04-27T20:32:39.225-0300] {processor.py:183} INFO - Processing /home/facuvega/Descargas/crypto-etl-airflow/airflow-apache/lib/python3.11/site-packages/airflow/example_dags/example_display_name.py took 0.055 seconds
[2025-04-27T20:33:42.998-0300] {processor.py:161} INFO - Started process (PID=16652) to work on /home/facuvega/Descargas/crypto-etl-airflow/airflow-apache/lib/python3.11/site-packages/airflow/example_dags/example_display_name.py
[2025-04-27T20:33:42.998-0300] {processor.py:830} INFO - Processing file /home/facuvega/Descargas/crypto-etl-airflow/airflow-apache/lib/python3.11/site-packages/airflow/example_dags/example_display_name.py for tasks to queue
[2025-04-27T20:33:43.000-0300] {logging_mixin.py:188} INFO - [2025-04-27T20:33:43.000-0300] {dagbag.py:540} INFO - Filling up the DagBag from /home/facuvega/Descargas/crypto-etl-airflow/airflow-apache/lib/python3.11/site-packages/airflow/example_dags/example_display_name.py
[2025-04-27T20:33:43.005-0300] {processor.py:840} INFO - DAG(s) 'example_display_name' retrieved from /home/facuvega/Descargas/crypto-etl-airflow/airflow-apache/lib/python3.11/site-packages/airflow/example_dags/example_display_name.py
[2025-04-27T20:33:43.018-0300] {logging_mixin.py:188} INFO - [2025-04-27T20:33:43.018-0300] {dag.py:3096} INFO - Sync 1 DAGs
[2025-04-27T20:33:43.028-0300] {logging_mixin.py:188} INFO - [2025-04-27T20:33:43.028-0300] {dag.py:3954} INFO - Setting next_dagrun for example_display_name to None, run_after=None
[2025-04-27T20:33:43.044-0300] {processor.py:183} INFO - Processing /home/facuvega/Descargas/crypto-etl-airflow/airflow-apache/lib/python3.11/site-packages/airflow/example_dags/example_display_name.py took 0.052 seconds
[2025-04-27T20:34:48.232-0300] {processor.py:161} INFO - Started process (PID=16998) to work on /home/facuvega/Descargas/crypto-etl-airflow/airflow-apache/lib/python3.11/site-packages/airflow/example_dags/example_display_name.py
[2025-04-27T20:34:48.233-0300] {processor.py:830} INFO - Processing file /home/facuvega/Descargas/crypto-etl-airflow/airflow-apache/lib/python3.11/site-packages/airflow/example_dags/example_display_name.py for tasks to queue
[2025-04-27T20:34:48.234-0300] {logging_mixin.py:188} INFO - [2025-04-27T20:34:48.234-0300] {dagbag.py:540} INFO - Filling up the DagBag from /home/facuvega/Descargas/crypto-etl-airflow/airflow-apache/lib/python3.11/site-packages/airflow/example_dags/example_display_name.py
[2025-04-27T20:34:48.240-0300] {processor.py:840} INFO - DAG(s) 'example_display_name' retrieved from /home/facuvega/Descargas/crypto-etl-airflow/airflow-apache/lib/python3.11/site-packages/airflow/example_dags/example_display_name.py
[2025-04-27T20:34:48.254-0300] {logging_mixin.py:188} INFO - [2025-04-27T20:34:48.254-0300] {dag.py:3096} INFO - Sync 1 DAGs
[2025-04-27T20:34:48.264-0300] {logging_mixin.py:188} INFO - [2025-04-27T20:34:48.263-0300] {dag.py:3954} INFO - Setting next_dagrun for example_display_name to None, run_after=None
[2025-04-27T20:34:48.277-0300] {processor.py:183} INFO - Processing /home/facuvega/Descargas/crypto-etl-airflow/airflow-apache/lib/python3.11/site-packages/airflow/example_dags/example_display_name.py took 0.051 seconds
[2025-04-27T20:35:52.226-0300] {processor.py:161} INFO - Started process (PID=17290) to work on /home/facuvega/Descargas/crypto-etl-airflow/airflow-apache/lib/python3.11/site-packages/airflow/example_dags/example_display_name.py
[2025-04-27T20:35:52.227-0300] {processor.py:830} INFO - Processing file /home/facuvega/Descargas/crypto-etl-airflow/airflow-apache/lib/python3.11/site-packages/airflow/example_dags/example_display_name.py for tasks to queue
[2025-04-27T20:35:52.228-0300] {logging_mixin.py:188} INFO - [2025-04-27T20:35:52.228-0300] {dagbag.py:540} INFO - Filling up the DagBag from /home/facuvega/Descargas/crypto-etl-airflow/airflow-apache/lib/python3.11/site-packages/airflow/example_dags/example_display_name.py
[2025-04-27T20:35:52.235-0300] {processor.py:840} INFO - DAG(s) 'example_display_name' retrieved from /home/facuvega/Descargas/crypto-etl-airflow/airflow-apache/lib/python3.11/site-packages/airflow/example_dags/example_display_name.py
[2025-04-27T20:35:52.252-0300] {logging_mixin.py:188} INFO - [2025-04-27T20:35:52.251-0300] {dag.py:3096} INFO - Sync 1 DAGs
[2025-04-27T20:35:52.263-0300] {logging_mixin.py:188} INFO - [2025-04-27T20:35:52.262-0300] {dag.py:3954} INFO - Setting next_dagrun for example_display_name to None, run_after=None
[2025-04-27T20:35:52.280-0300] {processor.py:183} INFO - Processing /home/facuvega/Descargas/crypto-etl-airflow/airflow-apache/lib/python3.11/site-packages/airflow/example_dags/example_display_name.py took 0.061 seconds
[2025-04-27T20:36:49.200-0300] {processor.py:161} INFO - Started process (PID=17547) to work on /home/facuvega/Descargas/crypto-etl-airflow/airflow-apache/lib/python3.11/site-packages/airflow/example_dags/example_display_name.py
[2025-04-27T20:36:49.201-0300] {processor.py:830} INFO - Processing file /home/facuvega/Descargas/crypto-etl-airflow/airflow-apache/lib/python3.11/site-packages/airflow/example_dags/example_display_name.py for tasks to queue
[2025-04-27T20:36:49.202-0300] {logging_mixin.py:188} INFO - [2025-04-27T20:36:49.202-0300] {dagbag.py:540} INFO - Filling up the DagBag from /home/facuvega/Descargas/crypto-etl-airflow/airflow-apache/lib/python3.11/site-packages/airflow/example_dags/example_display_name.py
[2025-04-27T20:36:49.207-0300] {processor.py:840} INFO - DAG(s) 'example_display_name' retrieved from /home/facuvega/Descargas/crypto-etl-airflow/airflow-apache/lib/python3.11/site-packages/airflow/example_dags/example_display_name.py
[2025-04-27T20:36:49.221-0300] {logging_mixin.py:188} INFO - [2025-04-27T20:36:49.220-0300] {dag.py:3096} INFO - Sync 1 DAGs
[2025-04-27T20:36:49.230-0300] {logging_mixin.py:188} INFO - [2025-04-27T20:36:49.230-0300] {dag.py:3954} INFO - Setting next_dagrun for example_display_name to None, run_after=None
[2025-04-27T20:36:49.245-0300] {processor.py:183} INFO - Processing /home/facuvega/Descargas/crypto-etl-airflow/airflow-apache/lib/python3.11/site-packages/airflow/example_dags/example_display_name.py took 0.050 seconds
[2025-04-27T20:37:49.731-0300] {processor.py:161} INFO - Started process (PID=17819) to work on /home/facuvega/Descargas/crypto-etl-airflow/airflow-apache/lib/python3.11/site-packages/airflow/example_dags/example_display_name.py
[2025-04-27T20:37:49.733-0300] {processor.py:830} INFO - Processing file /home/facuvega/Descargas/crypto-etl-airflow/airflow-apache/lib/python3.11/site-packages/airflow/example_dags/example_display_name.py for tasks to queue
[2025-04-27T20:37:49.736-0300] {logging_mixin.py:188} INFO - [2025-04-27T20:37:49.735-0300] {dagbag.py:540} INFO - Filling up the DagBag from /home/facuvega/Descargas/crypto-etl-airflow/airflow-apache/lib/python3.11/site-packages/airflow/example_dags/example_display_name.py
[2025-04-27T20:37:49.743-0300] {processor.py:840} INFO - DAG(s) 'example_display_name' retrieved from /home/facuvega/Descargas/crypto-etl-airflow/airflow-apache/lib/python3.11/site-packages/airflow/example_dags/example_display_name.py
[2025-04-27T20:37:49.762-0300] {logging_mixin.py:188} INFO - [2025-04-27T20:37:49.762-0300] {dag.py:3096} INFO - Sync 1 DAGs
[2025-04-27T20:37:49.776-0300] {logging_mixin.py:188} INFO - [2025-04-27T20:37:49.776-0300] {dag.py:3954} INFO - Setting next_dagrun for example_display_name to None, run_after=None
[2025-04-27T20:37:49.794-0300] {processor.py:183} INFO - Processing /home/facuvega/Descargas/crypto-etl-airflow/airflow-apache/lib/python3.11/site-packages/airflow/example_dags/example_display_name.py took 0.070 seconds
[2025-04-27T20:38:52.941-0300] {processor.py:161} INFO - Started process (PID=18104) to work on /home/facuvega/Descargas/crypto-etl-airflow/airflow-apache/lib/python3.11/site-packages/airflow/example_dags/example_display_name.py
[2025-04-27T20:38:52.942-0300] {processor.py:830} INFO - Processing file /home/facuvega/Descargas/crypto-etl-airflow/airflow-apache/lib/python3.11/site-packages/airflow/example_dags/example_display_name.py for tasks to queue
[2025-04-27T20:38:52.944-0300] {logging_mixin.py:188} INFO - [2025-04-27T20:38:52.944-0300] {dagbag.py:540} INFO - Filling up the DagBag from /home/facuvega/Descargas/crypto-etl-airflow/airflow-apache/lib/python3.11/site-packages/airflow/example_dags/example_display_name.py
[2025-04-27T20:38:52.950-0300] {processor.py:840} INFO - DAG(s) 'example_display_name' retrieved from /home/facuvega/Descargas/crypto-etl-airflow/airflow-apache/lib/python3.11/site-packages/airflow/example_dags/example_display_name.py
[2025-04-27T20:38:52.965-0300] {logging_mixin.py:188} INFO - [2025-04-27T20:38:52.965-0300] {dag.py:3096} INFO - Sync 1 DAGs
[2025-04-27T20:38:52.974-0300] {logging_mixin.py:188} INFO - [2025-04-27T20:38:52.974-0300] {dag.py:3954} INFO - Setting next_dagrun for example_display_name to None, run_after=None
[2025-04-27T20:38:52.989-0300] {processor.py:183} INFO - Processing /home/facuvega/Descargas/crypto-etl-airflow/airflow-apache/lib/python3.11/site-packages/airflow/example_dags/example_display_name.py took 0.053 seconds
[2025-04-27T20:39:51.817-0300] {processor.py:161} INFO - Started process (PID=18526) to work on /home/facuvega/Descargas/crypto-etl-airflow/airflow-apache/lib/python3.11/site-packages/airflow/example_dags/example_display_name.py
[2025-04-27T20:39:51.818-0300] {processor.py:830} INFO - Processing file /home/facuvega/Descargas/crypto-etl-airflow/airflow-apache/lib/python3.11/site-packages/airflow/example_dags/example_display_name.py for tasks to queue
[2025-04-27T20:39:51.820-0300] {logging_mixin.py:188} INFO - [2025-04-27T20:39:51.820-0300] {dagbag.py:540} INFO - Filling up the DagBag from /home/facuvega/Descargas/crypto-etl-airflow/airflow-apache/lib/python3.11/site-packages/airflow/example_dags/example_display_name.py
[2025-04-27T20:39:51.826-0300] {processor.py:840} INFO - DAG(s) 'example_display_name' retrieved from /home/facuvega/Descargas/crypto-etl-airflow/airflow-apache/lib/python3.11/site-packages/airflow/example_dags/example_display_name.py
[2025-04-27T20:39:51.838-0300] {logging_mixin.py:188} INFO - [2025-04-27T20:39:51.838-0300] {dag.py:3096} INFO - Sync 1 DAGs
[2025-04-27T20:39:51.847-0300] {logging_mixin.py:188} INFO - [2025-04-27T20:39:51.847-0300] {dag.py:3954} INFO - Setting next_dagrun for example_display_name to None, run_after=None
[2025-04-27T20:39:51.860-0300] {processor.py:183} INFO - Processing /home/facuvega/Descargas/crypto-etl-airflow/airflow-apache/lib/python3.11/site-packages/airflow/example_dags/example_display_name.py took 0.048 seconds
[2025-04-27T20:40:57.010-0300] {processor.py:161} INFO - Started process (PID=18820) to work on /home/facuvega/Descargas/crypto-etl-airflow/airflow-apache/lib/python3.11/site-packages/airflow/example_dags/example_display_name.py
[2025-04-27T20:40:57.011-0300] {processor.py:830} INFO - Processing file /home/facuvega/Descargas/crypto-etl-airflow/airflow-apache/lib/python3.11/site-packages/airflow/example_dags/example_display_name.py for tasks to queue
[2025-04-27T20:40:57.013-0300] {logging_mixin.py:188} INFO - [2025-04-27T20:40:57.012-0300] {dagbag.py:540} INFO - Filling up the DagBag from /home/facuvega/Descargas/crypto-etl-airflow/airflow-apache/lib/python3.11/site-packages/airflow/example_dags/example_display_name.py
[2025-04-27T20:40:57.019-0300] {processor.py:840} INFO - DAG(s) 'example_display_name' retrieved from /home/facuvega/Descargas/crypto-etl-airflow/airflow-apache/lib/python3.11/site-packages/airflow/example_dags/example_display_name.py
[2025-04-27T20:40:57.035-0300] {logging_mixin.py:188} INFO - [2025-04-27T20:40:57.034-0300] {dag.py:3096} INFO - Sync 1 DAGs
[2025-04-27T20:40:57.046-0300] {logging_mixin.py:188} INFO - [2025-04-27T20:40:57.046-0300] {dag.py:3954} INFO - Setting next_dagrun for example_display_name to None, run_after=None
[2025-04-27T20:40:57.060-0300] {processor.py:183} INFO - Processing /home/facuvega/Descargas/crypto-etl-airflow/airflow-apache/lib/python3.11/site-packages/airflow/example_dags/example_display_name.py took 0.057 seconds
[2025-04-27T20:41:59.199-0300] {processor.py:161} INFO - Started process (PID=19102) to work on /home/facuvega/Descargas/crypto-etl-airflow/airflow-apache/lib/python3.11/site-packages/airflow/example_dags/example_display_name.py
[2025-04-27T20:41:59.200-0300] {processor.py:830} INFO - Processing file /home/facuvega/Descargas/crypto-etl-airflow/airflow-apache/lib/python3.11/site-packages/airflow/example_dags/example_display_name.py for tasks to queue
[2025-04-27T20:41:59.201-0300] {logging_mixin.py:188} INFO - [2025-04-27T20:41:59.201-0300] {dagbag.py:540} INFO - Filling up the DagBag from /home/facuvega/Descargas/crypto-etl-airflow/airflow-apache/lib/python3.11/site-packages/airflow/example_dags/example_display_name.py
[2025-04-27T20:41:59.206-0300] {processor.py:840} INFO - DAG(s) 'example_display_name' retrieved from /home/facuvega/Descargas/crypto-etl-airflow/airflow-apache/lib/python3.11/site-packages/airflow/example_dags/example_display_name.py
[2025-04-27T20:41:59.220-0300] {logging_mixin.py:188} INFO - [2025-04-27T20:41:59.220-0300] {dag.py:3096} INFO - Sync 1 DAGs
[2025-04-27T20:41:59.231-0300] {logging_mixin.py:188} INFO - [2025-04-27T20:41:59.230-0300] {dag.py:3954} INFO - Setting next_dagrun for example_display_name to None, run_after=None
[2025-04-27T20:41:59.245-0300] {processor.py:183} INFO - Processing /home/facuvega/Descargas/crypto-etl-airflow/airflow-apache/lib/python3.11/site-packages/airflow/example_dags/example_display_name.py took 0.053 seconds
[2025-04-27T20:42:58.938-0300] {processor.py:161} INFO - Started process (PID=19371) to work on /home/facuvega/Descargas/crypto-etl-airflow/airflow-apache/lib/python3.11/site-packages/airflow/example_dags/example_display_name.py
[2025-04-27T20:42:58.939-0300] {processor.py:830} INFO - Processing file /home/facuvega/Descargas/crypto-etl-airflow/airflow-apache/lib/python3.11/site-packages/airflow/example_dags/example_display_name.py for tasks to queue
[2025-04-27T20:42:58.941-0300] {logging_mixin.py:188} INFO - [2025-04-27T20:42:58.941-0300] {dagbag.py:540} INFO - Filling up the DagBag from /home/facuvega/Descargas/crypto-etl-airflow/airflow-apache/lib/python3.11/site-packages/airflow/example_dags/example_display_name.py
[2025-04-27T20:42:58.947-0300] {processor.py:840} INFO - DAG(s) 'example_display_name' retrieved from /home/facuvega/Descargas/crypto-etl-airflow/airflow-apache/lib/python3.11/site-packages/airflow/example_dags/example_display_name.py
[2025-04-27T20:42:58.961-0300] {logging_mixin.py:188} INFO - [2025-04-27T20:42:58.961-0300] {dag.py:3096} INFO - Sync 1 DAGs
[2025-04-27T20:42:58.970-0300] {logging_mixin.py:188} INFO - [2025-04-27T20:42:58.970-0300] {dag.py:3954} INFO - Setting next_dagrun for example_display_name to None, run_after=None
[2025-04-27T20:42:58.986-0300] {processor.py:183} INFO - Processing /home/facuvega/Descargas/crypto-etl-airflow/airflow-apache/lib/python3.11/site-packages/airflow/example_dags/example_display_name.py took 0.053 seconds
[2025-04-27T20:43:56.241-0300] {processor.py:161} INFO - Started process (PID=19654) to work on /home/facuvega/Descargas/crypto-etl-airflow/airflow-apache/lib/python3.11/site-packages/airflow/example_dags/example_display_name.py
[2025-04-27T20:43:56.242-0300] {processor.py:830} INFO - Processing file /home/facuvega/Descargas/crypto-etl-airflow/airflow-apache/lib/python3.11/site-packages/airflow/example_dags/example_display_name.py for tasks to queue
[2025-04-27T20:43:56.244-0300] {logging_mixin.py:188} INFO - [2025-04-27T20:43:56.244-0300] {dagbag.py:540} INFO - Filling up the DagBag from /home/facuvega/Descargas/crypto-etl-airflow/airflow-apache/lib/python3.11/site-packages/airflow/example_dags/example_display_name.py
[2025-04-27T20:43:56.250-0300] {processor.py:840} INFO - DAG(s) 'example_display_name' retrieved from /home/facuvega/Descargas/crypto-etl-airflow/airflow-apache/lib/python3.11/site-packages/airflow/example_dags/example_display_name.py
[2025-04-27T20:43:56.264-0300] {logging_mixin.py:188} INFO - [2025-04-27T20:43:56.264-0300] {dag.py:3096} INFO - Sync 1 DAGs
[2025-04-27T20:43:56.275-0300] {logging_mixin.py:188} INFO - [2025-04-27T20:43:56.274-0300] {dag.py:3954} INFO - Setting next_dagrun for example_display_name to None, run_after=None
[2025-04-27T20:43:56.289-0300] {processor.py:183} INFO - Processing /home/facuvega/Descargas/crypto-etl-airflow/airflow-apache/lib/python3.11/site-packages/airflow/example_dags/example_display_name.py took 0.054 seconds
[2025-04-27T20:45:00.162-0300] {processor.py:161} INFO - Started process (PID=19966) to work on /home/facuvega/Descargas/crypto-etl-airflow/airflow-apache/lib/python3.11/site-packages/airflow/example_dags/example_display_name.py
[2025-04-27T20:45:00.163-0300] {processor.py:830} INFO - Processing file /home/facuvega/Descargas/crypto-etl-airflow/airflow-apache/lib/python3.11/site-packages/airflow/example_dags/example_display_name.py for tasks to queue
[2025-04-27T20:45:00.164-0300] {logging_mixin.py:188} INFO - [2025-04-27T20:45:00.164-0300] {dagbag.py:540} INFO - Filling up the DagBag from /home/facuvega/Descargas/crypto-etl-airflow/airflow-apache/lib/python3.11/site-packages/airflow/example_dags/example_display_name.py
[2025-04-27T20:45:00.169-0300] {processor.py:840} INFO - DAG(s) 'example_display_name' retrieved from /home/facuvega/Descargas/crypto-etl-airflow/airflow-apache/lib/python3.11/site-packages/airflow/example_dags/example_display_name.py
[2025-04-27T20:45:00.184-0300] {logging_mixin.py:188} INFO - [2025-04-27T20:45:00.184-0300] {dag.py:3096} INFO - Sync 1 DAGs
[2025-04-27T20:45:00.194-0300] {logging_mixin.py:188} INFO - [2025-04-27T20:45:00.194-0300] {dag.py:3954} INFO - Setting next_dagrun for example_display_name to None, run_after=None
[2025-04-27T20:45:00.210-0300] {processor.py:183} INFO - Processing /home/facuvega/Descargas/crypto-etl-airflow/airflow-apache/lib/python3.11/site-packages/airflow/example_dags/example_display_name.py took 0.054 seconds
[2025-04-27T20:45:56.732-0300] {processor.py:161} INFO - Started process (PID=20229) to work on /home/facuvega/Descargas/crypto-etl-airflow/airflow-apache/lib/python3.11/site-packages/airflow/example_dags/example_display_name.py
[2025-04-27T20:45:56.733-0300] {processor.py:830} INFO - Processing file /home/facuvega/Descargas/crypto-etl-airflow/airflow-apache/lib/python3.11/site-packages/airflow/example_dags/example_display_name.py for tasks to queue
[2025-04-27T20:45:56.734-0300] {logging_mixin.py:188} INFO - [2025-04-27T20:45:56.734-0300] {dagbag.py:540} INFO - Filling up the DagBag from /home/facuvega/Descargas/crypto-etl-airflow/airflow-apache/lib/python3.11/site-packages/airflow/example_dags/example_display_name.py
[2025-04-27T20:45:56.740-0300] {processor.py:840} INFO - DAG(s) 'example_display_name' retrieved from /home/facuvega/Descargas/crypto-etl-airflow/airflow-apache/lib/python3.11/site-packages/airflow/example_dags/example_display_name.py
[2025-04-27T20:45:56.757-0300] {logging_mixin.py:188} INFO - [2025-04-27T20:45:56.757-0300] {dag.py:3096} INFO - Sync 1 DAGs
[2025-04-27T20:45:56.768-0300] {logging_mixin.py:188} INFO - [2025-04-27T20:45:56.768-0300] {dag.py:3954} INFO - Setting next_dagrun for example_display_name to None, run_after=None
[2025-04-27T20:45:56.787-0300] {processor.py:183} INFO - Processing /home/facuvega/Descargas/crypto-etl-airflow/airflow-apache/lib/python3.11/site-packages/airflow/example_dags/example_display_name.py took 0.061 seconds
[2025-04-27T20:46:54.439-0300] {processor.py:161} INFO - Started process (PID=20488) to work on /home/facuvega/Descargas/crypto-etl-airflow/airflow-apache/lib/python3.11/site-packages/airflow/example_dags/example_display_name.py
[2025-04-27T20:46:54.440-0300] {processor.py:830} INFO - Processing file /home/facuvega/Descargas/crypto-etl-airflow/airflow-apache/lib/python3.11/site-packages/airflow/example_dags/example_display_name.py for tasks to queue
[2025-04-27T20:46:54.442-0300] {logging_mixin.py:188} INFO - [2025-04-27T20:46:54.441-0300] {dagbag.py:540} INFO - Filling up the DagBag from /home/facuvega/Descargas/crypto-etl-airflow/airflow-apache/lib/python3.11/site-packages/airflow/example_dags/example_display_name.py
[2025-04-27T20:46:54.447-0300] {processor.py:840} INFO - DAG(s) 'example_display_name' retrieved from /home/facuvega/Descargas/crypto-etl-airflow/airflow-apache/lib/python3.11/site-packages/airflow/example_dags/example_display_name.py
[2025-04-27T20:46:54.462-0300] {logging_mixin.py:188} INFO - [2025-04-27T20:46:54.462-0300] {dag.py:3096} INFO - Sync 1 DAGs
[2025-04-27T20:46:54.474-0300] {logging_mixin.py:188} INFO - [2025-04-27T20:46:54.474-0300] {dag.py:3954} INFO - Setting next_dagrun for example_display_name to None, run_after=None
[2025-04-27T20:46:54.493-0300] {processor.py:183} INFO - Processing /home/facuvega/Descargas/crypto-etl-airflow/airflow-apache/lib/python3.11/site-packages/airflow/example_dags/example_display_name.py took 0.059 seconds
[2025-04-27T20:47:55.474-0300] {processor.py:161} INFO - Started process (PID=20961) to work on /home/facuvega/Descargas/crypto-etl-airflow/airflow-apache/lib/python3.11/site-packages/airflow/example_dags/example_display_name.py
[2025-04-27T20:47:55.474-0300] {processor.py:830} INFO - Processing file /home/facuvega/Descargas/crypto-etl-airflow/airflow-apache/lib/python3.11/site-packages/airflow/example_dags/example_display_name.py for tasks to queue
[2025-04-27T20:47:55.476-0300] {logging_mixin.py:188} INFO - [2025-04-27T20:47:55.476-0300] {dagbag.py:540} INFO - Filling up the DagBag from /home/facuvega/Descargas/crypto-etl-airflow/airflow-apache/lib/python3.11/site-packages/airflow/example_dags/example_display_name.py
[2025-04-27T20:47:55.481-0300] {processor.py:840} INFO - DAG(s) 'example_display_name' retrieved from /home/facuvega/Descargas/crypto-etl-airflow/airflow-apache/lib/python3.11/site-packages/airflow/example_dags/example_display_name.py
[2025-04-27T20:47:55.493-0300] {logging_mixin.py:188} INFO - [2025-04-27T20:47:55.493-0300] {dag.py:3096} INFO - Sync 1 DAGs
[2025-04-27T20:47:55.501-0300] {logging_mixin.py:188} INFO - [2025-04-27T20:47:55.501-0300] {dag.py:3954} INFO - Setting next_dagrun for example_display_name to None, run_after=None
[2025-04-27T20:47:55.514-0300] {processor.py:183} INFO - Processing /home/facuvega/Descargas/crypto-etl-airflow/airflow-apache/lib/python3.11/site-packages/airflow/example_dags/example_display_name.py took 0.045 seconds
[2025-04-27T20:48:59.891-0300] {processor.py:161} INFO - Started process (PID=21390) to work on /home/facuvega/Descargas/crypto-etl-airflow/airflow-apache/lib/python3.11/site-packages/airflow/example_dags/example_display_name.py
[2025-04-27T20:48:59.892-0300] {processor.py:830} INFO - Processing file /home/facuvega/Descargas/crypto-etl-airflow/airflow-apache/lib/python3.11/site-packages/airflow/example_dags/example_display_name.py for tasks to queue
[2025-04-27T20:48:59.895-0300] {logging_mixin.py:188} INFO - [2025-04-27T20:48:59.894-0300] {dagbag.py:540} INFO - Filling up the DagBag from /home/facuvega/Descargas/crypto-etl-airflow/airflow-apache/lib/python3.11/site-packages/airflow/example_dags/example_display_name.py
[2025-04-27T20:48:59.900-0300] {processor.py:840} INFO - DAG(s) 'example_display_name' retrieved from /home/facuvega/Descargas/crypto-etl-airflow/airflow-apache/lib/python3.11/site-packages/airflow/example_dags/example_display_name.py
[2025-04-27T20:48:59.914-0300] {logging_mixin.py:188} INFO - [2025-04-27T20:48:59.914-0300] {dag.py:3096} INFO - Sync 1 DAGs
[2025-04-27T20:48:59.923-0300] {logging_mixin.py:188} INFO - [2025-04-27T20:48:59.923-0300] {dag.py:3954} INFO - Setting next_dagrun for example_display_name to None, run_after=None
[2025-04-27T20:48:59.937-0300] {processor.py:183} INFO - Processing /home/facuvega/Descargas/crypto-etl-airflow/airflow-apache/lib/python3.11/site-packages/airflow/example_dags/example_display_name.py took 0.051 seconds
[2025-04-27T20:50:06.650-0300] {processor.py:161} INFO - Started process (PID=21811) to work on /home/facuvega/Descargas/crypto-etl-airflow/airflow-apache/lib/python3.11/site-packages/airflow/example_dags/example_display_name.py
[2025-04-27T20:50:06.652-0300] {processor.py:830} INFO - Processing file /home/facuvega/Descargas/crypto-etl-airflow/airflow-apache/lib/python3.11/site-packages/airflow/example_dags/example_display_name.py for tasks to queue
[2025-04-27T20:50:06.659-0300] {logging_mixin.py:188} INFO - [2025-04-27T20:50:06.658-0300] {dagbag.py:540} INFO - Filling up the DagBag from /home/facuvega/Descargas/crypto-etl-airflow/airflow-apache/lib/python3.11/site-packages/airflow/example_dags/example_display_name.py
[2025-04-27T20:50:06.669-0300] {processor.py:840} INFO - DAG(s) 'example_display_name' retrieved from /home/facuvega/Descargas/crypto-etl-airflow/airflow-apache/lib/python3.11/site-packages/airflow/example_dags/example_display_name.py
[2025-04-27T20:50:06.695-0300] {logging_mixin.py:188} INFO - [2025-04-27T20:50:06.689-0300] {dag.py:3096} INFO - Sync 1 DAGs
[2025-04-27T20:50:06.716-0300] {logging_mixin.py:188} INFO - [2025-04-27T20:50:06.715-0300] {dag.py:3954} INFO - Setting next_dagrun for example_display_name to None, run_after=None
[2025-04-27T20:50:06.755-0300] {processor.py:183} INFO - Processing /home/facuvega/Descargas/crypto-etl-airflow/airflow-apache/lib/python3.11/site-packages/airflow/example_dags/example_display_name.py took 0.117 seconds
[2025-04-27T20:51:08.754-0300] {processor.py:161} INFO - Started process (PID=22215) to work on /home/facuvega/Descargas/crypto-etl-airflow/airflow-apache/lib/python3.11/site-packages/airflow/example_dags/example_display_name.py
[2025-04-27T20:51:08.755-0300] {processor.py:830} INFO - Processing file /home/facuvega/Descargas/crypto-etl-airflow/airflow-apache/lib/python3.11/site-packages/airflow/example_dags/example_display_name.py for tasks to queue
[2025-04-27T20:51:08.757-0300] {logging_mixin.py:188} INFO - [2025-04-27T20:51:08.757-0300] {dagbag.py:540} INFO - Filling up the DagBag from /home/facuvega/Descargas/crypto-etl-airflow/airflow-apache/lib/python3.11/site-packages/airflow/example_dags/example_display_name.py
[2025-04-27T20:51:08.763-0300] {processor.py:840} INFO - DAG(s) 'example_display_name' retrieved from /home/facuvega/Descargas/crypto-etl-airflow/airflow-apache/lib/python3.11/site-packages/airflow/example_dags/example_display_name.py
[2025-04-27T20:51:08.777-0300] {logging_mixin.py:188} INFO - [2025-04-27T20:51:08.777-0300] {dag.py:3096} INFO - Sync 1 DAGs
[2025-04-27T20:51:08.786-0300] {logging_mixin.py:188} INFO - [2025-04-27T20:51:08.786-0300] {dag.py:3954} INFO - Setting next_dagrun for example_display_name to None, run_after=None
[2025-04-27T20:51:08.800-0300] {processor.py:183} INFO - Processing /home/facuvega/Descargas/crypto-etl-airflow/airflow-apache/lib/python3.11/site-packages/airflow/example_dags/example_display_name.py took 0.051 seconds
