[2025-04-27T20:10:20.986-0300] {processor.py:161} INFO - Started process (PID=9425) to work on /home/facuvega/Descargas/crypto-etl-airflow/airflow-apache/lib/python3.11/site-packages/airflow/example_dags/example_params_trigger_ui.py
[2025-04-27T20:10:20.987-0300] {processor.py:830} INFO - Processing file /home/facuvega/Descargas/crypto-etl-airflow/airflow-apache/lib/python3.11/site-packages/airflow/example_dags/example_params_trigger_ui.py for tasks to queue
[2025-04-27T20:10:20.989-0300] {logging_mixin.py:188} INFO - [2025-04-27T20:10:20.989-0300] {dagbag.py:540} INFO - Filling up the DagBag from /home/facuvega/Descargas/crypto-etl-airflow/airflow-apache/lib/python3.11/site-packages/airflow/example_dags/example_params_trigger_ui.py
[2025-04-27T20:10:21.002-0300] {processor.py:840} INFO - DAG(s) 'example_params_trigger_ui' retrieved from /home/facuvega/Descargas/crypto-etl-airflow/airflow-apache/lib/python3.11/site-packages/airflow/example_dags/example_params_trigger_ui.py
[2025-04-27T20:10:21.144-0300] {logging_mixin.py:188} INFO - [2025-04-27T20:10:21.143-0300] {override.py:1829} INFO - Created Permission View: can edit on DAG:example_params_trigger_ui
[2025-04-27T20:10:21.154-0300] {logging_mixin.py:188} INFO - [2025-04-27T20:10:21.154-0300] {override.py:1829} INFO - Created Permission View: can delete on DAG:example_params_trigger_ui
[2025-04-27T20:10:21.159-0300] {logging_mixin.py:188} INFO - [2025-04-27T20:10:21.159-0300] {override.py:1829} INFO - Created Permission View: can read on DAG:example_params_trigger_ui
[2025-04-27T20:10:21.160-0300] {logging_mixin.py:188} INFO - [2025-04-27T20:10:21.159-0300] {dag.py:3096} INFO - Sync 1 DAGs
[2025-04-27T20:10:21.169-0300] {logging_mixin.py:188} INFO - [2025-04-27T20:10:21.168-0300] {dag.py:3118} INFO - Creating ORM DAG for example_params_trigger_ui
[2025-04-27T20:10:21.170-0300] {logging_mixin.py:188} INFO - [2025-04-27T20:10:21.170-0300] {dag.py:3954} INFO - Setting next_dagrun for example_params_trigger_ui to None, run_after=None
[2025-04-27T20:10:21.189-0300] {processor.py:183} INFO - Processing /home/facuvega/Descargas/crypto-etl-airflow/airflow-apache/lib/python3.11/site-packages/airflow/example_dags/example_params_trigger_ui.py took 0.212 seconds
[2025-04-27T20:11:18.699-0300] {processor.py:161} INFO - Started process (PID=9905) to work on /home/facuvega/Descargas/crypto-etl-airflow/airflow-apache/lib/python3.11/site-packages/airflow/example_dags/example_params_trigger_ui.py
[2025-04-27T20:11:18.700-0300] {processor.py:830} INFO - Processing file /home/facuvega/Descargas/crypto-etl-airflow/airflow-apache/lib/python3.11/site-packages/airflow/example_dags/example_params_trigger_ui.py for tasks to queue
[2025-04-27T20:11:18.702-0300] {logging_mixin.py:188} INFO - [2025-04-27T20:11:18.701-0300] {dagbag.py:540} INFO - Filling up the DagBag from /home/facuvega/Descargas/crypto-etl-airflow/airflow-apache/lib/python3.11/site-packages/airflow/example_dags/example_params_trigger_ui.py
[2025-04-27T20:11:18.713-0300] {processor.py:840} INFO - DAG(s) 'example_params_trigger_ui' retrieved from /home/facuvega/Descargas/crypto-etl-airflow/airflow-apache/lib/python3.11/site-packages/airflow/example_dags/example_params_trigger_ui.py
[2025-04-27T20:11:18.740-0300] {logging_mixin.py:188} INFO - [2025-04-27T20:11:18.740-0300] {dag.py:3096} INFO - Sync 1 DAGs
[2025-04-27T20:11:18.750-0300] {logging_mixin.py:188} INFO - [2025-04-27T20:11:18.750-0300] {dag.py:3954} INFO - Setting next_dagrun for example_params_trigger_ui to None, run_after=None
[2025-04-27T20:11:18.765-0300] {processor.py:183} INFO - Processing /home/facuvega/Descargas/crypto-etl-airflow/airflow-apache/lib/python3.11/site-packages/airflow/example_dags/example_params_trigger_ui.py took 0.070 seconds
[2025-04-27T20:12:07.764-0300] {processor.py:161} INFO - Started process (PID=10210) to work on /home/facuvega/Descargas/crypto-etl-airflow/airflow-apache/lib/python3.11/site-packages/airflow/example_dags/example_params_trigger_ui.py
[2025-04-27T20:12:07.766-0300] {processor.py:830} INFO - Processing file /home/facuvega/Descargas/crypto-etl-airflow/airflow-apache/lib/python3.11/site-packages/airflow/example_dags/example_params_trigger_ui.py for tasks to queue
[2025-04-27T20:12:07.768-0300] {logging_mixin.py:188} INFO - [2025-04-27T20:12:07.767-0300] {dagbag.py:540} INFO - Filling up the DagBag from /home/facuvega/Descargas/crypto-etl-airflow/airflow-apache/lib/python3.11/site-packages/airflow/example_dags/example_params_trigger_ui.py
[2025-04-27T20:12:07.789-0300] {processor.py:840} INFO - DAG(s) 'example_params_trigger_ui' retrieved from /home/facuvega/Descargas/crypto-etl-airflow/airflow-apache/lib/python3.11/site-packages/airflow/example_dags/example_params_trigger_ui.py
[2025-04-27T20:12:07.817-0300] {logging_mixin.py:188} INFO - [2025-04-27T20:12:07.817-0300] {dag.py:3096} INFO - Sync 1 DAGs
[2025-04-27T20:12:07.827-0300] {logging_mixin.py:188} INFO - [2025-04-27T20:12:07.827-0300] {dag.py:3954} INFO - Setting next_dagrun for example_params_trigger_ui to None, run_after=None
[2025-04-27T20:12:07.851-0300] {processor.py:183} INFO - Processing /home/facuvega/Descargas/crypto-etl-airflow/airflow-apache/lib/python3.11/site-packages/airflow/example_dags/example_params_trigger_ui.py took 0.095 seconds
[2025-04-27T20:12:59.229-0300] {processor.py:161} INFO - Started process (PID=10564) to work on /home/facuvega/Descargas/crypto-etl-airflow/airflow-apache/lib/python3.11/site-packages/airflow/example_dags/example_params_trigger_ui.py
[2025-04-27T20:12:59.230-0300] {processor.py:830} INFO - Processing file /home/facuvega/Descargas/crypto-etl-airflow/airflow-apache/lib/python3.11/site-packages/airflow/example_dags/example_params_trigger_ui.py for tasks to queue
[2025-04-27T20:12:59.231-0300] {logging_mixin.py:188} INFO - [2025-04-27T20:12:59.231-0300] {dagbag.py:540} INFO - Filling up the DagBag from /home/facuvega/Descargas/crypto-etl-airflow/airflow-apache/lib/python3.11/site-packages/airflow/example_dags/example_params_trigger_ui.py
[2025-04-27T20:12:59.242-0300] {processor.py:840} INFO - DAG(s) 'example_params_trigger_ui' retrieved from /home/facuvega/Descargas/crypto-etl-airflow/airflow-apache/lib/python3.11/site-packages/airflow/example_dags/example_params_trigger_ui.py
[2025-04-27T20:12:59.267-0300] {logging_mixin.py:188} INFO - [2025-04-27T20:12:59.267-0300] {dag.py:3096} INFO - Sync 1 DAGs
[2025-04-27T20:12:59.275-0300] {logging_mixin.py:188} INFO - [2025-04-27T20:12:59.275-0300] {dag.py:3954} INFO - Setting next_dagrun for example_params_trigger_ui to None, run_after=None
[2025-04-27T20:12:59.291-0300] {processor.py:183} INFO - Processing /home/facuvega/Descargas/crypto-etl-airflow/airflow-apache/lib/python3.11/site-packages/airflow/example_dags/example_params_trigger_ui.py took 0.067 seconds
[2025-04-27T20:13:55.662-0300] {processor.py:161} INFO - Started process (PID=10828) to work on /home/facuvega/Descargas/crypto-etl-airflow/airflow-apache/lib/python3.11/site-packages/airflow/example_dags/example_params_trigger_ui.py
[2025-04-27T20:13:55.663-0300] {processor.py:830} INFO - Processing file /home/facuvega/Descargas/crypto-etl-airflow/airflow-apache/lib/python3.11/site-packages/airflow/example_dags/example_params_trigger_ui.py for tasks to queue
[2025-04-27T20:13:55.664-0300] {logging_mixin.py:188} INFO - [2025-04-27T20:13:55.664-0300] {dagbag.py:540} INFO - Filling up the DagBag from /home/facuvega/Descargas/crypto-etl-airflow/airflow-apache/lib/python3.11/site-packages/airflow/example_dags/example_params_trigger_ui.py
[2025-04-27T20:13:55.677-0300] {processor.py:840} INFO - DAG(s) 'example_params_trigger_ui' retrieved from /home/facuvega/Descargas/crypto-etl-airflow/airflow-apache/lib/python3.11/site-packages/airflow/example_dags/example_params_trigger_ui.py
[2025-04-27T20:13:55.704-0300] {logging_mixin.py:188} INFO - [2025-04-27T20:13:55.704-0300] {dag.py:3096} INFO - Sync 1 DAGs
[2025-04-27T20:13:55.713-0300] {logging_mixin.py:188} INFO - [2025-04-27T20:13:55.713-0300] {dag.py:3954} INFO - Setting next_dagrun for example_params_trigger_ui to None, run_after=None
[2025-04-27T20:13:55.727-0300] {processor.py:183} INFO - Processing /home/facuvega/Descargas/crypto-etl-airflow/airflow-apache/lib/python3.11/site-packages/airflow/example_dags/example_params_trigger_ui.py took 0.070 seconds
[2025-04-27T20:14:56.057-0300] {processor.py:161} INFO - Started process (PID=11124) to work on /home/facuvega/Descargas/crypto-etl-airflow/airflow-apache/lib/python3.11/site-packages/airflow/example_dags/example_params_trigger_ui.py
[2025-04-27T20:14:56.059-0300] {processor.py:830} INFO - Processing file /home/facuvega/Descargas/crypto-etl-airflow/airflow-apache/lib/python3.11/site-packages/airflow/example_dags/example_params_trigger_ui.py for tasks to queue
[2025-04-27T20:14:56.060-0300] {logging_mixin.py:188} INFO - [2025-04-27T20:14:56.060-0300] {dagbag.py:540} INFO - Filling up the DagBag from /home/facuvega/Descargas/crypto-etl-airflow/airflow-apache/lib/python3.11/site-packages/airflow/example_dags/example_params_trigger_ui.py
[2025-04-27T20:14:56.073-0300] {processor.py:840} INFO - DAG(s) 'example_params_trigger_ui' retrieved from /home/facuvega/Descargas/crypto-etl-airflow/airflow-apache/lib/python3.11/site-packages/airflow/example_dags/example_params_trigger_ui.py
[2025-04-27T20:14:56.103-0300] {logging_mixin.py:188} INFO - [2025-04-27T20:14:56.102-0300] {dag.py:3096} INFO - Sync 1 DAGs
[2025-04-27T20:14:56.114-0300] {logging_mixin.py:188} INFO - [2025-04-27T20:14:56.114-0300] {dag.py:3954} INFO - Setting next_dagrun for example_params_trigger_ui to None, run_after=None
[2025-04-27T20:14:56.129-0300] {processor.py:183} INFO - Processing /home/facuvega/Descargas/crypto-etl-airflow/airflow-apache/lib/python3.11/site-packages/airflow/example_dags/example_params_trigger_ui.py took 0.078 seconds
[2025-04-27T20:15:54.382-0300] {processor.py:161} INFO - Started process (PID=11389) to work on /home/facuvega/Descargas/crypto-etl-airflow/airflow-apache/lib/python3.11/site-packages/airflow/example_dags/example_params_trigger_ui.py
[2025-04-27T20:15:54.383-0300] {processor.py:830} INFO - Processing file /home/facuvega/Descargas/crypto-etl-airflow/airflow-apache/lib/python3.11/site-packages/airflow/example_dags/example_params_trigger_ui.py for tasks to queue
[2025-04-27T20:15:54.384-0300] {logging_mixin.py:188} INFO - [2025-04-27T20:15:54.384-0300] {dagbag.py:540} INFO - Filling up the DagBag from /home/facuvega/Descargas/crypto-etl-airflow/airflow-apache/lib/python3.11/site-packages/airflow/example_dags/example_params_trigger_ui.py
[2025-04-27T20:15:54.396-0300] {processor.py:840} INFO - DAG(s) 'example_params_trigger_ui' retrieved from /home/facuvega/Descargas/crypto-etl-airflow/airflow-apache/lib/python3.11/site-packages/airflow/example_dags/example_params_trigger_ui.py
[2025-04-27T20:15:54.425-0300] {logging_mixin.py:188} INFO - [2025-04-27T20:15:54.424-0300] {dag.py:3096} INFO - Sync 1 DAGs
[2025-04-27T20:15:54.434-0300] {logging_mixin.py:188} INFO - [2025-04-27T20:15:54.434-0300] {dag.py:3954} INFO - Setting next_dagrun for example_params_trigger_ui to None, run_after=None
[2025-04-27T20:15:54.448-0300] {processor.py:183} INFO - Processing /home/facuvega/Descargas/crypto-etl-airflow/airflow-apache/lib/python3.11/site-packages/airflow/example_dags/example_params_trigger_ui.py took 0.073 seconds
[2025-04-27T20:16:55.482-0300] {processor.py:161} INFO - Started process (PID=11664) to work on /home/facuvega/Descargas/crypto-etl-airflow/airflow-apache/lib/python3.11/site-packages/airflow/example_dags/example_params_trigger_ui.py
[2025-04-27T20:16:55.483-0300] {processor.py:830} INFO - Processing file /home/facuvega/Descargas/crypto-etl-airflow/airflow-apache/lib/python3.11/site-packages/airflow/example_dags/example_params_trigger_ui.py for tasks to queue
[2025-04-27T20:16:55.485-0300] {logging_mixin.py:188} INFO - [2025-04-27T20:16:55.485-0300] {dagbag.py:540} INFO - Filling up the DagBag from /home/facuvega/Descargas/crypto-etl-airflow/airflow-apache/lib/python3.11/site-packages/airflow/example_dags/example_params_trigger_ui.py
[2025-04-27T20:16:55.496-0300] {processor.py:840} INFO - DAG(s) 'example_params_trigger_ui' retrieved from /home/facuvega/Descargas/crypto-etl-airflow/airflow-apache/lib/python3.11/site-packages/airflow/example_dags/example_params_trigger_ui.py
[2025-04-27T20:16:55.523-0300] {logging_mixin.py:188} INFO - [2025-04-27T20:16:55.523-0300] {dag.py:3096} INFO - Sync 1 DAGs
[2025-04-27T20:16:55.534-0300] {logging_mixin.py:188} INFO - [2025-04-27T20:16:55.533-0300] {dag.py:3954} INFO - Setting next_dagrun for example_params_trigger_ui to None, run_after=None
[2025-04-27T20:16:55.548-0300] {processor.py:183} INFO - Processing /home/facuvega/Descargas/crypto-etl-airflow/airflow-apache/lib/python3.11/site-packages/airflow/example_dags/example_params_trigger_ui.py took 0.070 seconds
[2025-04-27T20:17:57.671-0300] {processor.py:161} INFO - Started process (PID=12081) to work on /home/facuvega/Descargas/crypto-etl-airflow/airflow-apache/lib/python3.11/site-packages/airflow/example_dags/example_params_trigger_ui.py
[2025-04-27T20:17:57.672-0300] {processor.py:830} INFO - Processing file /home/facuvega/Descargas/crypto-etl-airflow/airflow-apache/lib/python3.11/site-packages/airflow/example_dags/example_params_trigger_ui.py for tasks to queue
[2025-04-27T20:17:57.674-0300] {logging_mixin.py:188} INFO - [2025-04-27T20:17:57.673-0300] {dagbag.py:540} INFO - Filling up the DagBag from /home/facuvega/Descargas/crypto-etl-airflow/airflow-apache/lib/python3.11/site-packages/airflow/example_dags/example_params_trigger_ui.py
[2025-04-27T20:17:57.685-0300] {processor.py:840} INFO - DAG(s) 'example_params_trigger_ui' retrieved from /home/facuvega/Descargas/crypto-etl-airflow/airflow-apache/lib/python3.11/site-packages/airflow/example_dags/example_params_trigger_ui.py
[2025-04-27T20:17:57.713-0300] {logging_mixin.py:188} INFO - [2025-04-27T20:17:57.713-0300] {dag.py:3096} INFO - Sync 1 DAGs
[2025-04-27T20:17:57.722-0300] {logging_mixin.py:188} INFO - [2025-04-27T20:17:57.722-0300] {dag.py:3954} INFO - Setting next_dagrun for example_params_trigger_ui to None, run_after=None
[2025-04-27T20:17:57.735-0300] {processor.py:183} INFO - Processing /home/facuvega/Descargas/crypto-etl-airflow/airflow-apache/lib/python3.11/site-packages/airflow/example_dags/example_params_trigger_ui.py took 0.068 seconds
[2025-04-27T20:18:57.670-0300] {processor.py:161} INFO - Started process (PID=12349) to work on /home/facuvega/Descargas/crypto-etl-airflow/airflow-apache/lib/python3.11/site-packages/airflow/example_dags/example_params_trigger_ui.py
[2025-04-27T20:18:57.671-0300] {processor.py:830} INFO - Processing file /home/facuvega/Descargas/crypto-etl-airflow/airflow-apache/lib/python3.11/site-packages/airflow/example_dags/example_params_trigger_ui.py for tasks to queue
[2025-04-27T20:18:57.674-0300] {logging_mixin.py:188} INFO - [2025-04-27T20:18:57.673-0300] {dagbag.py:540} INFO - Filling up the DagBag from /home/facuvega/Descargas/crypto-etl-airflow/airflow-apache/lib/python3.11/site-packages/airflow/example_dags/example_params_trigger_ui.py
[2025-04-27T20:18:57.691-0300] {processor.py:840} INFO - DAG(s) 'example_params_trigger_ui' retrieved from /home/facuvega/Descargas/crypto-etl-airflow/airflow-apache/lib/python3.11/site-packages/airflow/example_dags/example_params_trigger_ui.py
[2025-04-27T20:18:57.717-0300] {logging_mixin.py:188} INFO - [2025-04-27T20:18:57.717-0300] {dag.py:3096} INFO - Sync 1 DAGs
[2025-04-27T20:18:57.726-0300] {logging_mixin.py:188} INFO - [2025-04-27T20:18:57.726-0300] {dag.py:3954} INFO - Setting next_dagrun for example_params_trigger_ui to None, run_after=None
[2025-04-27T20:18:57.740-0300] {processor.py:183} INFO - Processing /home/facuvega/Descargas/crypto-etl-airflow/airflow-apache/lib/python3.11/site-packages/airflow/example_dags/example_params_trigger_ui.py took 0.079 seconds
[2025-04-27T20:19:55.474-0300] {processor.py:161} INFO - Started process (PID=12661) to work on /home/facuvega/Descargas/crypto-etl-airflow/airflow-apache/lib/python3.11/site-packages/airflow/example_dags/example_params_trigger_ui.py
[2025-04-27T20:19:55.476-0300] {processor.py:830} INFO - Processing file /home/facuvega/Descargas/crypto-etl-airflow/airflow-apache/lib/python3.11/site-packages/airflow/example_dags/example_params_trigger_ui.py for tasks to queue
[2025-04-27T20:19:55.477-0300] {logging_mixin.py:188} INFO - [2025-04-27T20:19:55.477-0300] {dagbag.py:540} INFO - Filling up the DagBag from /home/facuvega/Descargas/crypto-etl-airflow/airflow-apache/lib/python3.11/site-packages/airflow/example_dags/example_params_trigger_ui.py
[2025-04-27T20:19:55.493-0300] {processor.py:840} INFO - DAG(s) 'example_params_trigger_ui' retrieved from /home/facuvega/Descargas/crypto-etl-airflow/airflow-apache/lib/python3.11/site-packages/airflow/example_dags/example_params_trigger_ui.py
[2025-04-27T20:19:55.527-0300] {logging_mixin.py:188} INFO - [2025-04-27T20:19:55.527-0300] {dag.py:3096} INFO - Sync 1 DAGs
[2025-04-27T20:19:55.540-0300] {logging_mixin.py:188} INFO - [2025-04-27T20:19:55.540-0300] {dag.py:3954} INFO - Setting next_dagrun for example_params_trigger_ui to None, run_after=None
[2025-04-27T20:19:55.561-0300] {processor.py:183} INFO - Processing /home/facuvega/Descargas/crypto-etl-airflow/airflow-apache/lib/python3.11/site-packages/airflow/example_dags/example_params_trigger_ui.py took 0.094 seconds
[2025-04-27T20:20:55.103-0300] {processor.py:161} INFO - Started process (PID=12939) to work on /home/facuvega/Descargas/crypto-etl-airflow/airflow-apache/lib/python3.11/site-packages/airflow/example_dags/example_params_trigger_ui.py
[2025-04-27T20:20:55.104-0300] {processor.py:830} INFO - Processing file /home/facuvega/Descargas/crypto-etl-airflow/airflow-apache/lib/python3.11/site-packages/airflow/example_dags/example_params_trigger_ui.py for tasks to queue
[2025-04-27T20:20:55.106-0300] {logging_mixin.py:188} INFO - [2025-04-27T20:20:55.106-0300] {dagbag.py:540} INFO - Filling up the DagBag from /home/facuvega/Descargas/crypto-etl-airflow/airflow-apache/lib/python3.11/site-packages/airflow/example_dags/example_params_trigger_ui.py
[2025-04-27T20:20:55.118-0300] {processor.py:840} INFO - DAG(s) 'example_params_trigger_ui' retrieved from /home/facuvega/Descargas/crypto-etl-airflow/airflow-apache/lib/python3.11/site-packages/airflow/example_dags/example_params_trigger_ui.py
[2025-04-27T20:20:55.143-0300] {logging_mixin.py:188} INFO - [2025-04-27T20:20:55.143-0300] {dag.py:3096} INFO - Sync 1 DAGs
[2025-04-27T20:20:55.151-0300] {logging_mixin.py:188} INFO - [2025-04-27T20:20:55.151-0300] {dag.py:3954} INFO - Setting next_dagrun for example_params_trigger_ui to None, run_after=None
[2025-04-27T20:20:55.164-0300] {processor.py:183} INFO - Processing /home/facuvega/Descargas/crypto-etl-airflow/airflow-apache/lib/python3.11/site-packages/airflow/example_dags/example_params_trigger_ui.py took 0.066 seconds
[2025-04-27T20:21:57.051-0300] {processor.py:161} INFO - Started process (PID=13211) to work on /home/facuvega/Descargas/crypto-etl-airflow/airflow-apache/lib/python3.11/site-packages/airflow/example_dags/example_params_trigger_ui.py
[2025-04-27T20:21:57.052-0300] {processor.py:830} INFO - Processing file /home/facuvega/Descargas/crypto-etl-airflow/airflow-apache/lib/python3.11/site-packages/airflow/example_dags/example_params_trigger_ui.py for tasks to queue
[2025-04-27T20:21:57.054-0300] {logging_mixin.py:188} INFO - [2025-04-27T20:21:57.054-0300] {dagbag.py:540} INFO - Filling up the DagBag from /home/facuvega/Descargas/crypto-etl-airflow/airflow-apache/lib/python3.11/site-packages/airflow/example_dags/example_params_trigger_ui.py
[2025-04-27T20:21:57.068-0300] {processor.py:840} INFO - DAG(s) 'example_params_trigger_ui' retrieved from /home/facuvega/Descargas/crypto-etl-airflow/airflow-apache/lib/python3.11/site-packages/airflow/example_dags/example_params_trigger_ui.py
[2025-04-27T20:21:57.099-0300] {logging_mixin.py:188} INFO - [2025-04-27T20:21:57.099-0300] {dag.py:3096} INFO - Sync 1 DAGs
[2025-04-27T20:21:57.108-0300] {logging_mixin.py:188} INFO - [2025-04-27T20:21:57.108-0300] {dag.py:3954} INFO - Setting next_dagrun for example_params_trigger_ui to None, run_after=None
[2025-04-27T20:21:57.124-0300] {processor.py:183} INFO - Processing /home/facuvega/Descargas/crypto-etl-airflow/airflow-apache/lib/python3.11/site-packages/airflow/example_dags/example_params_trigger_ui.py took 0.079 seconds
[2025-04-27T20:23:01.329-0300] {processor.py:161} INFO - Started process (PID=13500) to work on /home/facuvega/Descargas/crypto-etl-airflow/airflow-apache/lib/python3.11/site-packages/airflow/example_dags/example_params_trigger_ui.py
[2025-04-27T20:23:01.332-0300] {processor.py:830} INFO - Processing file /home/facuvega/Descargas/crypto-etl-airflow/airflow-apache/lib/python3.11/site-packages/airflow/example_dags/example_params_trigger_ui.py for tasks to queue
[2025-04-27T20:23:01.334-0300] {logging_mixin.py:188} INFO - [2025-04-27T20:23:01.333-0300] {dagbag.py:540} INFO - Filling up the DagBag from /home/facuvega/Descargas/crypto-etl-airflow/airflow-apache/lib/python3.11/site-packages/airflow/example_dags/example_params_trigger_ui.py
[2025-04-27T20:23:01.346-0300] {processor.py:840} INFO - DAG(s) 'example_params_trigger_ui' retrieved from /home/facuvega/Descargas/crypto-etl-airflow/airflow-apache/lib/python3.11/site-packages/airflow/example_dags/example_params_trigger_ui.py
[2025-04-27T20:23:01.371-0300] {logging_mixin.py:188} INFO - [2025-04-27T20:23:01.371-0300] {dag.py:3096} INFO - Sync 1 DAGs
[2025-04-27T20:23:01.381-0300] {logging_mixin.py:188} INFO - [2025-04-27T20:23:01.381-0300] {dag.py:3954} INFO - Setting next_dagrun for example_params_trigger_ui to None, run_after=None
[2025-04-27T20:23:01.396-0300] {processor.py:183} INFO - Processing /home/facuvega/Descargas/crypto-etl-airflow/airflow-apache/lib/python3.11/site-packages/airflow/example_dags/example_params_trigger_ui.py took 0.073 seconds
[2025-04-27T20:24:00.845-0300] {processor.py:161} INFO - Started process (PID=13762) to work on /home/facuvega/Descargas/crypto-etl-airflow/airflow-apache/lib/python3.11/site-packages/airflow/example_dags/example_params_trigger_ui.py
[2025-04-27T20:24:00.846-0300] {processor.py:830} INFO - Processing file /home/facuvega/Descargas/crypto-etl-airflow/airflow-apache/lib/python3.11/site-packages/airflow/example_dags/example_params_trigger_ui.py for tasks to queue
[2025-04-27T20:24:00.848-0300] {logging_mixin.py:188} INFO - [2025-04-27T20:24:00.848-0300] {dagbag.py:540} INFO - Filling up the DagBag from /home/facuvega/Descargas/crypto-etl-airflow/airflow-apache/lib/python3.11/site-packages/airflow/example_dags/example_params_trigger_ui.py
[2025-04-27T20:24:00.861-0300] {processor.py:840} INFO - DAG(s) 'example_params_trigger_ui' retrieved from /home/facuvega/Descargas/crypto-etl-airflow/airflow-apache/lib/python3.11/site-packages/airflow/example_dags/example_params_trigger_ui.py
[2025-04-27T20:24:00.890-0300] {logging_mixin.py:188} INFO - [2025-04-27T20:24:00.890-0300] {dag.py:3096} INFO - Sync 1 DAGs
[2025-04-27T20:24:00.900-0300] {logging_mixin.py:188} INFO - [2025-04-27T20:24:00.900-0300] {dag.py:3954} INFO - Setting next_dagrun for example_params_trigger_ui to None, run_after=None
[2025-04-27T20:24:00.915-0300] {processor.py:183} INFO - Processing /home/facuvega/Descargas/crypto-etl-airflow/airflow-apache/lib/python3.11/site-packages/airflow/example_dags/example_params_trigger_ui.py took 0.075 seconds
[2025-04-27T20:24:54.893-0300] {processor.py:161} INFO - Started process (PID=14041) to work on /home/facuvega/Descargas/crypto-etl-airflow/airflow-apache/lib/python3.11/site-packages/airflow/example_dags/example_params_trigger_ui.py
[2025-04-27T20:24:54.894-0300] {processor.py:830} INFO - Processing file /home/facuvega/Descargas/crypto-etl-airflow/airflow-apache/lib/python3.11/site-packages/airflow/example_dags/example_params_trigger_ui.py for tasks to queue
[2025-04-27T20:24:54.896-0300] {logging_mixin.py:188} INFO - [2025-04-27T20:24:54.895-0300] {dagbag.py:540} INFO - Filling up the DagBag from /home/facuvega/Descargas/crypto-etl-airflow/airflow-apache/lib/python3.11/site-packages/airflow/example_dags/example_params_trigger_ui.py
[2025-04-27T20:24:54.909-0300] {processor.py:840} INFO - DAG(s) 'example_params_trigger_ui' retrieved from /home/facuvega/Descargas/crypto-etl-airflow/airflow-apache/lib/python3.11/site-packages/airflow/example_dags/example_params_trigger_ui.py
[2025-04-27T20:24:54.941-0300] {logging_mixin.py:188} INFO - [2025-04-27T20:24:54.941-0300] {dag.py:3096} INFO - Sync 1 DAGs
[2025-04-27T20:24:54.951-0300] {logging_mixin.py:188} INFO - [2025-04-27T20:24:54.951-0300] {dag.py:3954} INFO - Setting next_dagrun for example_params_trigger_ui to None, run_after=None
[2025-04-27T20:24:54.967-0300] {processor.py:183} INFO - Processing /home/facuvega/Descargas/crypto-etl-airflow/airflow-apache/lib/python3.11/site-packages/airflow/example_dags/example_params_trigger_ui.py took 0.080 seconds
[2025-04-27T20:25:57.598-0300] {processor.py:161} INFO - Started process (PID=14327) to work on /home/facuvega/Descargas/crypto-etl-airflow/airflow-apache/lib/python3.11/site-packages/airflow/example_dags/example_params_trigger_ui.py
[2025-04-27T20:25:57.600-0300] {processor.py:830} INFO - Processing file /home/facuvega/Descargas/crypto-etl-airflow/airflow-apache/lib/python3.11/site-packages/airflow/example_dags/example_params_trigger_ui.py for tasks to queue
[2025-04-27T20:25:57.602-0300] {logging_mixin.py:188} INFO - [2025-04-27T20:25:57.601-0300] {dagbag.py:540} INFO - Filling up the DagBag from /home/facuvega/Descargas/crypto-etl-airflow/airflow-apache/lib/python3.11/site-packages/airflow/example_dags/example_params_trigger_ui.py
[2025-04-27T20:25:57.614-0300] {processor.py:840} INFO - DAG(s) 'example_params_trigger_ui' retrieved from /home/facuvega/Descargas/crypto-etl-airflow/airflow-apache/lib/python3.11/site-packages/airflow/example_dags/example_params_trigger_ui.py
[2025-04-27T20:25:57.645-0300] {logging_mixin.py:188} INFO - [2025-04-27T20:25:57.645-0300] {dag.py:3096} INFO - Sync 1 DAGs
[2025-04-27T20:25:57.656-0300] {logging_mixin.py:188} INFO - [2025-04-27T20:25:57.656-0300] {dag.py:3954} INFO - Setting next_dagrun for example_params_trigger_ui to None, run_after=None
[2025-04-27T20:25:57.672-0300] {processor.py:183} INFO - Processing /home/facuvega/Descargas/crypto-etl-airflow/airflow-apache/lib/python3.11/site-packages/airflow/example_dags/example_params_trigger_ui.py took 0.081 seconds
[2025-04-27T20:26:58.172-0300] {processor.py:161} INFO - Started process (PID=14618) to work on /home/facuvega/Descargas/crypto-etl-airflow/airflow-apache/lib/python3.11/site-packages/airflow/example_dags/example_params_trigger_ui.py
[2025-04-27T20:26:58.173-0300] {processor.py:830} INFO - Processing file /home/facuvega/Descargas/crypto-etl-airflow/airflow-apache/lib/python3.11/site-packages/airflow/example_dags/example_params_trigger_ui.py for tasks to queue
[2025-04-27T20:26:58.174-0300] {logging_mixin.py:188} INFO - [2025-04-27T20:26:58.174-0300] {dagbag.py:540} INFO - Filling up the DagBag from /home/facuvega/Descargas/crypto-etl-airflow/airflow-apache/lib/python3.11/site-packages/airflow/example_dags/example_params_trigger_ui.py
[2025-04-27T20:26:58.186-0300] {processor.py:840} INFO - DAG(s) 'example_params_trigger_ui' retrieved from /home/facuvega/Descargas/crypto-etl-airflow/airflow-apache/lib/python3.11/site-packages/airflow/example_dags/example_params_trigger_ui.py
[2025-04-27T20:26:58.218-0300] {logging_mixin.py:188} INFO - [2025-04-27T20:26:58.217-0300] {dag.py:3096} INFO - Sync 1 DAGs
[2025-04-27T20:26:58.226-0300] {logging_mixin.py:188} INFO - [2025-04-27T20:26:58.226-0300] {dag.py:3954} INFO - Setting next_dagrun for example_params_trigger_ui to None, run_after=None
[2025-04-27T20:26:58.240-0300] {processor.py:183} INFO - Processing /home/facuvega/Descargas/crypto-etl-airflow/airflow-apache/lib/python3.11/site-packages/airflow/example_dags/example_params_trigger_ui.py took 0.072 seconds
[2025-04-27T20:27:55.775-0300] {processor.py:161} INFO - Started process (PID=14875) to work on /home/facuvega/Descargas/crypto-etl-airflow/airflow-apache/lib/python3.11/site-packages/airflow/example_dags/example_params_trigger_ui.py
[2025-04-27T20:27:55.776-0300] {processor.py:830} INFO - Processing file /home/facuvega/Descargas/crypto-etl-airflow/airflow-apache/lib/python3.11/site-packages/airflow/example_dags/example_params_trigger_ui.py for tasks to queue
[2025-04-27T20:27:55.778-0300] {logging_mixin.py:188} INFO - [2025-04-27T20:27:55.777-0300] {dagbag.py:540} INFO - Filling up the DagBag from /home/facuvega/Descargas/crypto-etl-airflow/airflow-apache/lib/python3.11/site-packages/airflow/example_dags/example_params_trigger_ui.py
[2025-04-27T20:27:55.792-0300] {processor.py:840} INFO - DAG(s) 'example_params_trigger_ui' retrieved from /home/facuvega/Descargas/crypto-etl-airflow/airflow-apache/lib/python3.11/site-packages/airflow/example_dags/example_params_trigger_ui.py
[2025-04-27T20:27:55.818-0300] {logging_mixin.py:188} INFO - [2025-04-27T20:27:55.818-0300] {dag.py:3096} INFO - Sync 1 DAGs
[2025-04-27T20:27:55.826-0300] {logging_mixin.py:188} INFO - [2025-04-27T20:27:55.826-0300] {dag.py:3954} INFO - Setting next_dagrun for example_params_trigger_ui to None, run_after=None
[2025-04-27T20:27:55.841-0300] {processor.py:183} INFO - Processing /home/facuvega/Descargas/crypto-etl-airflow/airflow-apache/lib/python3.11/site-packages/airflow/example_dags/example_params_trigger_ui.py took 0.072 seconds
[2025-04-27T20:28:58.893-0300] {processor.py:161} INFO - Started process (PID=15169) to work on /home/facuvega/Descargas/crypto-etl-airflow/airflow-apache/lib/python3.11/site-packages/airflow/example_dags/example_params_trigger_ui.py
[2025-04-27T20:28:58.894-0300] {processor.py:830} INFO - Processing file /home/facuvega/Descargas/crypto-etl-airflow/airflow-apache/lib/python3.11/site-packages/airflow/example_dags/example_params_trigger_ui.py for tasks to queue
[2025-04-27T20:28:58.896-0300] {logging_mixin.py:188} INFO - [2025-04-27T20:28:58.896-0300] {dagbag.py:540} INFO - Filling up the DagBag from /home/facuvega/Descargas/crypto-etl-airflow/airflow-apache/lib/python3.11/site-packages/airflow/example_dags/example_params_trigger_ui.py
[2025-04-27T20:28:58.908-0300] {processor.py:840} INFO - DAG(s) 'example_params_trigger_ui' retrieved from /home/facuvega/Descargas/crypto-etl-airflow/airflow-apache/lib/python3.11/site-packages/airflow/example_dags/example_params_trigger_ui.py
[2025-04-27T20:28:58.936-0300] {logging_mixin.py:188} INFO - [2025-04-27T20:28:58.935-0300] {dag.py:3096} INFO - Sync 1 DAGs
[2025-04-27T20:28:58.945-0300] {logging_mixin.py:188} INFO - [2025-04-27T20:28:58.945-0300] {dag.py:3954} INFO - Setting next_dagrun for example_params_trigger_ui to None, run_after=None
[2025-04-27T20:28:58.958-0300] {processor.py:183} INFO - Processing /home/facuvega/Descargas/crypto-etl-airflow/airflow-apache/lib/python3.11/site-packages/airflow/example_dags/example_params_trigger_ui.py took 0.070 seconds
[2025-04-27T20:29:57.540-0300] {processor.py:161} INFO - Started process (PID=15463) to work on /home/facuvega/Descargas/crypto-etl-airflow/airflow-apache/lib/python3.11/site-packages/airflow/example_dags/example_params_trigger_ui.py
[2025-04-27T20:29:57.541-0300] {processor.py:830} INFO - Processing file /home/facuvega/Descargas/crypto-etl-airflow/airflow-apache/lib/python3.11/site-packages/airflow/example_dags/example_params_trigger_ui.py for tasks to queue
[2025-04-27T20:29:57.542-0300] {logging_mixin.py:188} INFO - [2025-04-27T20:29:57.542-0300] {dagbag.py:540} INFO - Filling up the DagBag from /home/facuvega/Descargas/crypto-etl-airflow/airflow-apache/lib/python3.11/site-packages/airflow/example_dags/example_params_trigger_ui.py
[2025-04-27T20:29:57.555-0300] {processor.py:840} INFO - DAG(s) 'example_params_trigger_ui' retrieved from /home/facuvega/Descargas/crypto-etl-airflow/airflow-apache/lib/python3.11/site-packages/airflow/example_dags/example_params_trigger_ui.py
[2025-04-27T20:29:57.582-0300] {logging_mixin.py:188} INFO - [2025-04-27T20:29:57.582-0300] {dag.py:3096} INFO - Sync 1 DAGs
[2025-04-27T20:29:57.597-0300] {logging_mixin.py:188} INFO - [2025-04-27T20:29:57.597-0300] {dag.py:3954} INFO - Setting next_dagrun for example_params_trigger_ui to None, run_after=None
[2025-04-27T20:29:57.626-0300] {processor.py:183} INFO - Processing /home/facuvega/Descargas/crypto-etl-airflow/airflow-apache/lib/python3.11/site-packages/airflow/example_dags/example_params_trigger_ui.py took 0.091 seconds
[2025-04-27T20:30:56.505-0300] {processor.py:161} INFO - Started process (PID=15731) to work on /home/facuvega/Descargas/crypto-etl-airflow/airflow-apache/lib/python3.11/site-packages/airflow/example_dags/example_params_trigger_ui.py
[2025-04-27T20:30:56.506-0300] {processor.py:830} INFO - Processing file /home/facuvega/Descargas/crypto-etl-airflow/airflow-apache/lib/python3.11/site-packages/airflow/example_dags/example_params_trigger_ui.py for tasks to queue
[2025-04-27T20:30:56.507-0300] {logging_mixin.py:188} INFO - [2025-04-27T20:30:56.507-0300] {dagbag.py:540} INFO - Filling up the DagBag from /home/facuvega/Descargas/crypto-etl-airflow/airflow-apache/lib/python3.11/site-packages/airflow/example_dags/example_params_trigger_ui.py
[2025-04-27T20:30:56.519-0300] {processor.py:840} INFO - DAG(s) 'example_params_trigger_ui' retrieved from /home/facuvega/Descargas/crypto-etl-airflow/airflow-apache/lib/python3.11/site-packages/airflow/example_dags/example_params_trigger_ui.py
[2025-04-27T20:30:56.546-0300] {logging_mixin.py:188} INFO - [2025-04-27T20:30:56.546-0300] {dag.py:3096} INFO - Sync 1 DAGs
[2025-04-27T20:30:56.555-0300] {logging_mixin.py:188} INFO - [2025-04-27T20:30:56.555-0300] {dag.py:3954} INFO - Setting next_dagrun for example_params_trigger_ui to None, run_after=None
[2025-04-27T20:30:56.568-0300] {processor.py:183} INFO - Processing /home/facuvega/Descargas/crypto-etl-airflow/airflow-apache/lib/python3.11/site-packages/airflow/example_dags/example_params_trigger_ui.py took 0.069 seconds
[2025-04-27T20:31:53.003-0300] {processor.py:161} INFO - Started process (PID=15990) to work on /home/facuvega/Descargas/crypto-etl-airflow/airflow-apache/lib/python3.11/site-packages/airflow/example_dags/example_params_trigger_ui.py
[2025-04-27T20:31:53.004-0300] {processor.py:830} INFO - Processing file /home/facuvega/Descargas/crypto-etl-airflow/airflow-apache/lib/python3.11/site-packages/airflow/example_dags/example_params_trigger_ui.py for tasks to queue
[2025-04-27T20:31:53.006-0300] {logging_mixin.py:188} INFO - [2025-04-27T20:31:53.005-0300] {dagbag.py:540} INFO - Filling up the DagBag from /home/facuvega/Descargas/crypto-etl-airflow/airflow-apache/lib/python3.11/site-packages/airflow/example_dags/example_params_trigger_ui.py
[2025-04-27T20:31:53.017-0300] {processor.py:840} INFO - DAG(s) 'example_params_trigger_ui' retrieved from /home/facuvega/Descargas/crypto-etl-airflow/airflow-apache/lib/python3.11/site-packages/airflow/example_dags/example_params_trigger_ui.py
[2025-04-27T20:31:53.042-0300] {logging_mixin.py:188} INFO - [2025-04-27T20:31:53.042-0300] {dag.py:3096} INFO - Sync 1 DAGs
[2025-04-27T20:31:53.051-0300] {logging_mixin.py:188} INFO - [2025-04-27T20:31:53.051-0300] {dag.py:3954} INFO - Setting next_dagrun for example_params_trigger_ui to None, run_after=None
[2025-04-27T20:31:53.064-0300] {processor.py:183} INFO - Processing /home/facuvega/Descargas/crypto-etl-airflow/airflow-apache/lib/python3.11/site-packages/airflow/example_dags/example_params_trigger_ui.py took 0.066 seconds
[2025-04-27T20:32:55.458-0300] {processor.py:161} INFO - Started process (PID=16270) to work on /home/facuvega/Descargas/crypto-etl-airflow/airflow-apache/lib/python3.11/site-packages/airflow/example_dags/example_params_trigger_ui.py
[2025-04-27T20:32:55.459-0300] {processor.py:830} INFO - Processing file /home/facuvega/Descargas/crypto-etl-airflow/airflow-apache/lib/python3.11/site-packages/airflow/example_dags/example_params_trigger_ui.py for tasks to queue
[2025-04-27T20:32:55.461-0300] {logging_mixin.py:188} INFO - [2025-04-27T20:32:55.460-0300] {dagbag.py:540} INFO - Filling up the DagBag from /home/facuvega/Descargas/crypto-etl-airflow/airflow-apache/lib/python3.11/site-packages/airflow/example_dags/example_params_trigger_ui.py
[2025-04-27T20:32:55.475-0300] {processor.py:840} INFO - DAG(s) 'example_params_trigger_ui' retrieved from /home/facuvega/Descargas/crypto-etl-airflow/airflow-apache/lib/python3.11/site-packages/airflow/example_dags/example_params_trigger_ui.py
[2025-04-27T20:32:55.508-0300] {logging_mixin.py:188} INFO - [2025-04-27T20:32:55.508-0300] {dag.py:3096} INFO - Sync 1 DAGs
[2025-04-27T20:32:55.518-0300] {logging_mixin.py:188} INFO - [2025-04-27T20:32:55.518-0300] {dag.py:3954} INFO - Setting next_dagrun for example_params_trigger_ui to None, run_after=None
[2025-04-27T20:32:55.535-0300] {processor.py:183} INFO - Processing /home/facuvega/Descargas/crypto-etl-airflow/airflow-apache/lib/python3.11/site-packages/airflow/example_dags/example_params_trigger_ui.py took 0.083 seconds
[2025-04-27T20:33:41.423-0300] {processor.py:161} INFO - Started process (PID=16642) to work on /home/facuvega/Descargas/crypto-etl-airflow/airflow-apache/lib/python3.11/site-packages/airflow/example_dags/example_params_trigger_ui.py
[2025-04-27T20:33:41.424-0300] {processor.py:830} INFO - Processing file /home/facuvega/Descargas/crypto-etl-airflow/airflow-apache/lib/python3.11/site-packages/airflow/example_dags/example_params_trigger_ui.py for tasks to queue
[2025-04-27T20:33:41.426-0300] {logging_mixin.py:188} INFO - [2025-04-27T20:33:41.425-0300] {dagbag.py:540} INFO - Filling up the DagBag from /home/facuvega/Descargas/crypto-etl-airflow/airflow-apache/lib/python3.11/site-packages/airflow/example_dags/example_params_trigger_ui.py
[2025-04-27T20:33:41.439-0300] {processor.py:840} INFO - DAG(s) 'example_params_trigger_ui' retrieved from /home/facuvega/Descargas/crypto-etl-airflow/airflow-apache/lib/python3.11/site-packages/airflow/example_dags/example_params_trigger_ui.py
[2025-04-27T20:33:41.466-0300] {logging_mixin.py:188} INFO - [2025-04-27T20:33:41.465-0300] {dag.py:3096} INFO - Sync 1 DAGs
[2025-04-27T20:33:41.475-0300] {logging_mixin.py:188} INFO - [2025-04-27T20:33:41.475-0300] {dag.py:3954} INFO - Setting next_dagrun for example_params_trigger_ui to None, run_after=None
[2025-04-27T20:33:41.489-0300] {processor.py:183} INFO - Processing /home/facuvega/Descargas/crypto-etl-airflow/airflow-apache/lib/python3.11/site-packages/airflow/example_dags/example_params_trigger_ui.py took 0.071 seconds
[2025-04-27T20:34:45.956-0300] {processor.py:161} INFO - Started process (PID=16963) to work on /home/facuvega/Descargas/crypto-etl-airflow/airflow-apache/lib/python3.11/site-packages/airflow/example_dags/example_params_trigger_ui.py
[2025-04-27T20:34:45.957-0300] {processor.py:830} INFO - Processing file /home/facuvega/Descargas/crypto-etl-airflow/airflow-apache/lib/python3.11/site-packages/airflow/example_dags/example_params_trigger_ui.py for tasks to queue
[2025-04-27T20:34:45.959-0300] {logging_mixin.py:188} INFO - [2025-04-27T20:34:45.958-0300] {dagbag.py:540} INFO - Filling up the DagBag from /home/facuvega/Descargas/crypto-etl-airflow/airflow-apache/lib/python3.11/site-packages/airflow/example_dags/example_params_trigger_ui.py
[2025-04-27T20:34:45.971-0300] {processor.py:840} INFO - DAG(s) 'example_params_trigger_ui' retrieved from /home/facuvega/Descargas/crypto-etl-airflow/airflow-apache/lib/python3.11/site-packages/airflow/example_dags/example_params_trigger_ui.py
[2025-04-27T20:34:46.000-0300] {logging_mixin.py:188} INFO - [2025-04-27T20:34:45.999-0300] {dag.py:3096} INFO - Sync 1 DAGs
[2025-04-27T20:34:46.009-0300] {logging_mixin.py:188} INFO - [2025-04-27T20:34:46.009-0300] {dag.py:3954} INFO - Setting next_dagrun for example_params_trigger_ui to None, run_after=None
[2025-04-27T20:34:46.025-0300] {processor.py:183} INFO - Processing /home/facuvega/Descargas/crypto-etl-airflow/airflow-apache/lib/python3.11/site-packages/airflow/example_dags/example_params_trigger_ui.py took 0.074 seconds
[2025-04-27T20:35:49.951-0300] {processor.py:161} INFO - Started process (PID=17281) to work on /home/facuvega/Descargas/crypto-etl-airflow/airflow-apache/lib/python3.11/site-packages/airflow/example_dags/example_params_trigger_ui.py
[2025-04-27T20:35:49.952-0300] {processor.py:830} INFO - Processing file /home/facuvega/Descargas/crypto-etl-airflow/airflow-apache/lib/python3.11/site-packages/airflow/example_dags/example_params_trigger_ui.py for tasks to queue
[2025-04-27T20:35:49.954-0300] {logging_mixin.py:188} INFO - [2025-04-27T20:35:49.953-0300] {dagbag.py:540} INFO - Filling up the DagBag from /home/facuvega/Descargas/crypto-etl-airflow/airflow-apache/lib/python3.11/site-packages/airflow/example_dags/example_params_trigger_ui.py
[2025-04-27T20:35:49.968-0300] {processor.py:840} INFO - DAG(s) 'example_params_trigger_ui' retrieved from /home/facuvega/Descargas/crypto-etl-airflow/airflow-apache/lib/python3.11/site-packages/airflow/example_dags/example_params_trigger_ui.py
[2025-04-27T20:35:49.998-0300] {logging_mixin.py:188} INFO - [2025-04-27T20:35:49.998-0300] {dag.py:3096} INFO - Sync 1 DAGs
[2025-04-27T20:35:50.009-0300] {logging_mixin.py:188} INFO - [2025-04-27T20:35:50.009-0300] {dag.py:3954} INFO - Setting next_dagrun for example_params_trigger_ui to None, run_after=None
[2025-04-27T20:35:50.025-0300] {processor.py:183} INFO - Processing /home/facuvega/Descargas/crypto-etl-airflow/airflow-apache/lib/python3.11/site-packages/airflow/example_dags/example_params_trigger_ui.py took 0.081 seconds
[2025-04-27T20:36:46.933-0300] {processor.py:161} INFO - Started process (PID=17538) to work on /home/facuvega/Descargas/crypto-etl-airflow/airflow-apache/lib/python3.11/site-packages/airflow/example_dags/example_params_trigger_ui.py
[2025-04-27T20:36:46.934-0300] {processor.py:830} INFO - Processing file /home/facuvega/Descargas/crypto-etl-airflow/airflow-apache/lib/python3.11/site-packages/airflow/example_dags/example_params_trigger_ui.py for tasks to queue
[2025-04-27T20:36:46.935-0300] {logging_mixin.py:188} INFO - [2025-04-27T20:36:46.935-0300] {dagbag.py:540} INFO - Filling up the DagBag from /home/facuvega/Descargas/crypto-etl-airflow/airflow-apache/lib/python3.11/site-packages/airflow/example_dags/example_params_trigger_ui.py
[2025-04-27T20:36:46.947-0300] {processor.py:840} INFO - DAG(s) 'example_params_trigger_ui' retrieved from /home/facuvega/Descargas/crypto-etl-airflow/airflow-apache/lib/python3.11/site-packages/airflow/example_dags/example_params_trigger_ui.py
[2025-04-27T20:36:46.972-0300] {logging_mixin.py:188} INFO - [2025-04-27T20:36:46.972-0300] {dag.py:3096} INFO - Sync 1 DAGs
[2025-04-27T20:36:46.981-0300] {logging_mixin.py:188} INFO - [2025-04-27T20:36:46.981-0300] {dag.py:3954} INFO - Setting next_dagrun for example_params_trigger_ui to None, run_after=None
[2025-04-27T20:36:46.994-0300] {processor.py:183} INFO - Processing /home/facuvega/Descargas/crypto-etl-airflow/airflow-apache/lib/python3.11/site-packages/airflow/example_dags/example_params_trigger_ui.py took 0.066 seconds
[2025-04-27T20:37:47.460-0300] {processor.py:161} INFO - Started process (PID=17810) to work on /home/facuvega/Descargas/crypto-etl-airflow/airflow-apache/lib/python3.11/site-packages/airflow/example_dags/example_params_trigger_ui.py
[2025-04-27T20:37:47.461-0300] {processor.py:830} INFO - Processing file /home/facuvega/Descargas/crypto-etl-airflow/airflow-apache/lib/python3.11/site-packages/airflow/example_dags/example_params_trigger_ui.py for tasks to queue
[2025-04-27T20:37:47.462-0300] {logging_mixin.py:188} INFO - [2025-04-27T20:37:47.462-0300] {dagbag.py:540} INFO - Filling up the DagBag from /home/facuvega/Descargas/crypto-etl-airflow/airflow-apache/lib/python3.11/site-packages/airflow/example_dags/example_params_trigger_ui.py
[2025-04-27T20:37:47.475-0300] {processor.py:840} INFO - DAG(s) 'example_params_trigger_ui' retrieved from /home/facuvega/Descargas/crypto-etl-airflow/airflow-apache/lib/python3.11/site-packages/airflow/example_dags/example_params_trigger_ui.py
[2025-04-27T20:37:47.500-0300] {logging_mixin.py:188} INFO - [2025-04-27T20:37:47.499-0300] {dag.py:3096} INFO - Sync 1 DAGs
[2025-04-27T20:37:47.508-0300] {logging_mixin.py:188} INFO - [2025-04-27T20:37:47.508-0300] {dag.py:3954} INFO - Setting next_dagrun for example_params_trigger_ui to None, run_after=None
[2025-04-27T20:37:47.523-0300] {processor.py:183} INFO - Processing /home/facuvega/Descargas/crypto-etl-airflow/airflow-apache/lib/python3.11/site-packages/airflow/example_dags/example_params_trigger_ui.py took 0.068 seconds
[2025-04-27T20:38:51.247-0300] {processor.py:161} INFO - Started process (PID=18095) to work on /home/facuvega/Descargas/crypto-etl-airflow/airflow-apache/lib/python3.11/site-packages/airflow/example_dags/example_params_trigger_ui.py
[2025-04-27T20:38:51.248-0300] {processor.py:830} INFO - Processing file /home/facuvega/Descargas/crypto-etl-airflow/airflow-apache/lib/python3.11/site-packages/airflow/example_dags/example_params_trigger_ui.py for tasks to queue
[2025-04-27T20:38:51.250-0300] {logging_mixin.py:188} INFO - [2025-04-27T20:38:51.250-0300] {dagbag.py:540} INFO - Filling up the DagBag from /home/facuvega/Descargas/crypto-etl-airflow/airflow-apache/lib/python3.11/site-packages/airflow/example_dags/example_params_trigger_ui.py
[2025-04-27T20:38:51.264-0300] {processor.py:840} INFO - DAG(s) 'example_params_trigger_ui' retrieved from /home/facuvega/Descargas/crypto-etl-airflow/airflow-apache/lib/python3.11/site-packages/airflow/example_dags/example_params_trigger_ui.py
[2025-04-27T20:38:51.296-0300] {logging_mixin.py:188} INFO - [2025-04-27T20:38:51.296-0300] {dag.py:3096} INFO - Sync 1 DAGs
[2025-04-27T20:38:51.307-0300] {logging_mixin.py:188} INFO - [2025-04-27T20:38:51.307-0300] {dag.py:3954} INFO - Setting next_dagrun for example_params_trigger_ui to None, run_after=None
[2025-04-27T20:38:51.326-0300] {processor.py:183} INFO - Processing /home/facuvega/Descargas/crypto-etl-airflow/airflow-apache/lib/python3.11/site-packages/airflow/example_dags/example_params_trigger_ui.py took 0.087 seconds
[2025-04-27T20:39:49.539-0300] {processor.py:161} INFO - Started process (PID=18517) to work on /home/facuvega/Descargas/crypto-etl-airflow/airflow-apache/lib/python3.11/site-packages/airflow/example_dags/example_params_trigger_ui.py
[2025-04-27T20:39:49.540-0300] {processor.py:830} INFO - Processing file /home/facuvega/Descargas/crypto-etl-airflow/airflow-apache/lib/python3.11/site-packages/airflow/example_dags/example_params_trigger_ui.py for tasks to queue
[2025-04-27T20:39:49.542-0300] {logging_mixin.py:188} INFO - [2025-04-27T20:39:49.541-0300] {dagbag.py:540} INFO - Filling up the DagBag from /home/facuvega/Descargas/crypto-etl-airflow/airflow-apache/lib/python3.11/site-packages/airflow/example_dags/example_params_trigger_ui.py
[2025-04-27T20:39:49.555-0300] {processor.py:840} INFO - DAG(s) 'example_params_trigger_ui' retrieved from /home/facuvega/Descargas/crypto-etl-airflow/airflow-apache/lib/python3.11/site-packages/airflow/example_dags/example_params_trigger_ui.py
[2025-04-27T20:39:49.582-0300] {logging_mixin.py:188} INFO - [2025-04-27T20:39:49.582-0300] {dag.py:3096} INFO - Sync 1 DAGs
[2025-04-27T20:39:49.592-0300] {logging_mixin.py:188} INFO - [2025-04-27T20:39:49.592-0300] {dag.py:3954} INFO - Setting next_dagrun for example_params_trigger_ui to None, run_after=None
[2025-04-27T20:39:49.613-0300] {processor.py:183} INFO - Processing /home/facuvega/Descargas/crypto-etl-airflow/airflow-apache/lib/python3.11/site-packages/airflow/example_dags/example_params_trigger_ui.py took 0.080 seconds
[2025-04-27T20:40:55.900-0300] {processor.py:161} INFO - Started process (PID=18818) to work on /home/facuvega/Descargas/crypto-etl-airflow/airflow-apache/lib/python3.11/site-packages/airflow/example_dags/example_params_trigger_ui.py
[2025-04-27T20:40:55.902-0300] {processor.py:830} INFO - Processing file /home/facuvega/Descargas/crypto-etl-airflow/airflow-apache/lib/python3.11/site-packages/airflow/example_dags/example_params_trigger_ui.py for tasks to queue
[2025-04-27T20:40:55.903-0300] {logging_mixin.py:188} INFO - [2025-04-27T20:40:55.903-0300] {dagbag.py:540} INFO - Filling up the DagBag from /home/facuvega/Descargas/crypto-etl-airflow/airflow-apache/lib/python3.11/site-packages/airflow/example_dags/example_params_trigger_ui.py
[2025-04-27T20:40:55.918-0300] {processor.py:840} INFO - DAG(s) 'example_params_trigger_ui' retrieved from /home/facuvega/Descargas/crypto-etl-airflow/airflow-apache/lib/python3.11/site-packages/airflow/example_dags/example_params_trigger_ui.py
[2025-04-27T20:40:55.951-0300] {logging_mixin.py:188} INFO - [2025-04-27T20:40:55.950-0300] {dag.py:3096} INFO - Sync 1 DAGs
[2025-04-27T20:40:55.959-0300] {logging_mixin.py:188} INFO - [2025-04-27T20:40:55.959-0300] {dag.py:3954} INFO - Setting next_dagrun for example_params_trigger_ui to None, run_after=None
[2025-04-27T20:40:55.974-0300] {processor.py:183} INFO - Processing /home/facuvega/Descargas/crypto-etl-airflow/airflow-apache/lib/python3.11/site-packages/airflow/example_dags/example_params_trigger_ui.py took 0.080 seconds
[2025-04-27T20:41:57.750-0300] {processor.py:161} INFO - Started process (PID=19093) to work on /home/facuvega/Descargas/crypto-etl-airflow/airflow-apache/lib/python3.11/site-packages/airflow/example_dags/example_params_trigger_ui.py
[2025-04-27T20:41:57.751-0300] {processor.py:830} INFO - Processing file /home/facuvega/Descargas/crypto-etl-airflow/airflow-apache/lib/python3.11/site-packages/airflow/example_dags/example_params_trigger_ui.py for tasks to queue
[2025-04-27T20:41:57.753-0300] {logging_mixin.py:188} INFO - [2025-04-27T20:41:57.752-0300] {dagbag.py:540} INFO - Filling up the DagBag from /home/facuvega/Descargas/crypto-etl-airflow/airflow-apache/lib/python3.11/site-packages/airflow/example_dags/example_params_trigger_ui.py
[2025-04-27T20:41:57.766-0300] {processor.py:840} INFO - DAG(s) 'example_params_trigger_ui' retrieved from /home/facuvega/Descargas/crypto-etl-airflow/airflow-apache/lib/python3.11/site-packages/airflow/example_dags/example_params_trigger_ui.py
[2025-04-27T20:41:57.805-0300] {logging_mixin.py:188} INFO - [2025-04-27T20:41:57.804-0300] {dag.py:3096} INFO - Sync 1 DAGs
[2025-04-27T20:41:57.817-0300] {logging_mixin.py:188} INFO - [2025-04-27T20:41:57.816-0300] {dag.py:3954} INFO - Setting next_dagrun for example_params_trigger_ui to None, run_after=None
[2025-04-27T20:41:57.837-0300] {processor.py:183} INFO - Processing /home/facuvega/Descargas/crypto-etl-airflow/airflow-apache/lib/python3.11/site-packages/airflow/example_dags/example_params_trigger_ui.py took 0.092 seconds
[2025-04-27T20:42:56.667-0300] {processor.py:161} INFO - Started process (PID=19363) to work on /home/facuvega/Descargas/crypto-etl-airflow/airflow-apache/lib/python3.11/site-packages/airflow/example_dags/example_params_trigger_ui.py
[2025-04-27T20:42:56.668-0300] {processor.py:830} INFO - Processing file /home/facuvega/Descargas/crypto-etl-airflow/airflow-apache/lib/python3.11/site-packages/airflow/example_dags/example_params_trigger_ui.py for tasks to queue
[2025-04-27T20:42:56.670-0300] {logging_mixin.py:188} INFO - [2025-04-27T20:42:56.669-0300] {dagbag.py:540} INFO - Filling up the DagBag from /home/facuvega/Descargas/crypto-etl-airflow/airflow-apache/lib/python3.11/site-packages/airflow/example_dags/example_params_trigger_ui.py
[2025-04-27T20:42:56.685-0300] {processor.py:840} INFO - DAG(s) 'example_params_trigger_ui' retrieved from /home/facuvega/Descargas/crypto-etl-airflow/airflow-apache/lib/python3.11/site-packages/airflow/example_dags/example_params_trigger_ui.py
[2025-04-27T20:42:56.715-0300] {logging_mixin.py:188} INFO - [2025-04-27T20:42:56.715-0300] {dag.py:3096} INFO - Sync 1 DAGs
[2025-04-27T20:42:56.723-0300] {logging_mixin.py:188} INFO - [2025-04-27T20:42:56.723-0300] {dag.py:3954} INFO - Setting next_dagrun for example_params_trigger_ui to None, run_after=None
[2025-04-27T20:42:56.736-0300] {processor.py:183} INFO - Processing /home/facuvega/Descargas/crypto-etl-airflow/airflow-apache/lib/python3.11/site-packages/airflow/example_dags/example_params_trigger_ui.py took 0.074 seconds
[2025-04-27T20:43:54.520-0300] {processor.py:161} INFO - Started process (PID=19635) to work on /home/facuvega/Descargas/crypto-etl-airflow/airflow-apache/lib/python3.11/site-packages/airflow/example_dags/example_params_trigger_ui.py
[2025-04-27T20:43:54.521-0300] {processor.py:830} INFO - Processing file /home/facuvega/Descargas/crypto-etl-airflow/airflow-apache/lib/python3.11/site-packages/airflow/example_dags/example_params_trigger_ui.py for tasks to queue
[2025-04-27T20:43:54.523-0300] {logging_mixin.py:188} INFO - [2025-04-27T20:43:54.523-0300] {dagbag.py:540} INFO - Filling up the DagBag from /home/facuvega/Descargas/crypto-etl-airflow/airflow-apache/lib/python3.11/site-packages/airflow/example_dags/example_params_trigger_ui.py
[2025-04-27T20:43:54.538-0300] {processor.py:840} INFO - DAG(s) 'example_params_trigger_ui' retrieved from /home/facuvega/Descargas/crypto-etl-airflow/airflow-apache/lib/python3.11/site-packages/airflow/example_dags/example_params_trigger_ui.py
[2025-04-27T20:43:54.570-0300] {logging_mixin.py:188} INFO - [2025-04-27T20:43:54.570-0300] {dag.py:3096} INFO - Sync 1 DAGs
[2025-04-27T20:43:54.582-0300] {logging_mixin.py:188} INFO - [2025-04-27T20:43:54.582-0300] {dag.py:3954} INFO - Setting next_dagrun for example_params_trigger_ui to None, run_after=None
[2025-04-27T20:43:54.600-0300] {processor.py:183} INFO - Processing /home/facuvega/Descargas/crypto-etl-airflow/airflow-apache/lib/python3.11/site-packages/airflow/example_dags/example_params_trigger_ui.py took 0.084 seconds
[2025-04-27T20:44:57.880-0300] {processor.py:161} INFO - Started process (PID=19957) to work on /home/facuvega/Descargas/crypto-etl-airflow/airflow-apache/lib/python3.11/site-packages/airflow/example_dags/example_params_trigger_ui.py
[2025-04-27T20:44:57.881-0300] {processor.py:830} INFO - Processing file /home/facuvega/Descargas/crypto-etl-airflow/airflow-apache/lib/python3.11/site-packages/airflow/example_dags/example_params_trigger_ui.py for tasks to queue
[2025-04-27T20:44:57.883-0300] {logging_mixin.py:188} INFO - [2025-04-27T20:44:57.882-0300] {dagbag.py:540} INFO - Filling up the DagBag from /home/facuvega/Descargas/crypto-etl-airflow/airflow-apache/lib/python3.11/site-packages/airflow/example_dags/example_params_trigger_ui.py
[2025-04-27T20:44:57.897-0300] {processor.py:840} INFO - DAG(s) 'example_params_trigger_ui' retrieved from /home/facuvega/Descargas/crypto-etl-airflow/airflow-apache/lib/python3.11/site-packages/airflow/example_dags/example_params_trigger_ui.py
[2025-04-27T20:44:57.925-0300] {logging_mixin.py:188} INFO - [2025-04-27T20:44:57.925-0300] {dag.py:3096} INFO - Sync 1 DAGs
[2025-04-27T20:44:57.934-0300] {logging_mixin.py:188} INFO - [2025-04-27T20:44:57.934-0300] {dag.py:3954} INFO - Setting next_dagrun for example_params_trigger_ui to None, run_after=None
[2025-04-27T20:44:57.951-0300] {processor.py:183} INFO - Processing /home/facuvega/Descargas/crypto-etl-airflow/airflow-apache/lib/python3.11/site-packages/airflow/example_dags/example_params_trigger_ui.py took 0.075 seconds
[2025-04-27T20:45:54.439-0300] {processor.py:161} INFO - Started process (PID=20220) to work on /home/facuvega/Descargas/crypto-etl-airflow/airflow-apache/lib/python3.11/site-packages/airflow/example_dags/example_params_trigger_ui.py
[2025-04-27T20:45:54.440-0300] {processor.py:830} INFO - Processing file /home/facuvega/Descargas/crypto-etl-airflow/airflow-apache/lib/python3.11/site-packages/airflow/example_dags/example_params_trigger_ui.py for tasks to queue
[2025-04-27T20:45:54.441-0300] {logging_mixin.py:188} INFO - [2025-04-27T20:45:54.441-0300] {dagbag.py:540} INFO - Filling up the DagBag from /home/facuvega/Descargas/crypto-etl-airflow/airflow-apache/lib/python3.11/site-packages/airflow/example_dags/example_params_trigger_ui.py
[2025-04-27T20:45:54.452-0300] {processor.py:840} INFO - DAG(s) 'example_params_trigger_ui' retrieved from /home/facuvega/Descargas/crypto-etl-airflow/airflow-apache/lib/python3.11/site-packages/airflow/example_dags/example_params_trigger_ui.py
[2025-04-27T20:45:54.479-0300] {logging_mixin.py:188} INFO - [2025-04-27T20:45:54.479-0300] {dag.py:3096} INFO - Sync 1 DAGs
[2025-04-27T20:45:54.489-0300] {logging_mixin.py:188} INFO - [2025-04-27T20:45:54.488-0300] {dag.py:3954} INFO - Setting next_dagrun for example_params_trigger_ui to None, run_after=None
[2025-04-27T20:45:54.503-0300] {processor.py:183} INFO - Processing /home/facuvega/Descargas/crypto-etl-airflow/airflow-apache/lib/python3.11/site-packages/airflow/example_dags/example_params_trigger_ui.py took 0.069 seconds
[2025-04-27T20:46:52.142-0300] {processor.py:161} INFO - Started process (PID=20479) to work on /home/facuvega/Descargas/crypto-etl-airflow/airflow-apache/lib/python3.11/site-packages/airflow/example_dags/example_params_trigger_ui.py
[2025-04-27T20:46:52.143-0300] {processor.py:830} INFO - Processing file /home/facuvega/Descargas/crypto-etl-airflow/airflow-apache/lib/python3.11/site-packages/airflow/example_dags/example_params_trigger_ui.py for tasks to queue
[2025-04-27T20:46:52.146-0300] {logging_mixin.py:188} INFO - [2025-04-27T20:46:52.145-0300] {dagbag.py:540} INFO - Filling up the DagBag from /home/facuvega/Descargas/crypto-etl-airflow/airflow-apache/lib/python3.11/site-packages/airflow/example_dags/example_params_trigger_ui.py
[2025-04-27T20:46:52.161-0300] {processor.py:840} INFO - DAG(s) 'example_params_trigger_ui' retrieved from /home/facuvega/Descargas/crypto-etl-airflow/airflow-apache/lib/python3.11/site-packages/airflow/example_dags/example_params_trigger_ui.py
[2025-04-27T20:46:52.188-0300] {logging_mixin.py:188} INFO - [2025-04-27T20:46:52.188-0300] {dag.py:3096} INFO - Sync 1 DAGs
[2025-04-27T20:46:52.198-0300] {logging_mixin.py:188} INFO - [2025-04-27T20:46:52.198-0300] {dag.py:3954} INFO - Setting next_dagrun for example_params_trigger_ui to None, run_after=None
[2025-04-27T20:46:52.212-0300] {processor.py:183} INFO - Processing /home/facuvega/Descargas/crypto-etl-airflow/airflow-apache/lib/python3.11/site-packages/airflow/example_dags/example_params_trigger_ui.py took 0.076 seconds
[2025-04-27T20:47:53.189-0300] {processor.py:161} INFO - Started process (PID=20945) to work on /home/facuvega/Descargas/crypto-etl-airflow/airflow-apache/lib/python3.11/site-packages/airflow/example_dags/example_params_trigger_ui.py
[2025-04-27T20:47:53.190-0300] {processor.py:830} INFO - Processing file /home/facuvega/Descargas/crypto-etl-airflow/airflow-apache/lib/python3.11/site-packages/airflow/example_dags/example_params_trigger_ui.py for tasks to queue
[2025-04-27T20:47:53.192-0300] {logging_mixin.py:188} INFO - [2025-04-27T20:47:53.191-0300] {dagbag.py:540} INFO - Filling up the DagBag from /home/facuvega/Descargas/crypto-etl-airflow/airflow-apache/lib/python3.11/site-packages/airflow/example_dags/example_params_trigger_ui.py
[2025-04-27T20:47:53.207-0300] {processor.py:840} INFO - DAG(s) 'example_params_trigger_ui' retrieved from /home/facuvega/Descargas/crypto-etl-airflow/airflow-apache/lib/python3.11/site-packages/airflow/example_dags/example_params_trigger_ui.py
[2025-04-27T20:47:53.232-0300] {logging_mixin.py:188} INFO - [2025-04-27T20:47:53.232-0300] {dag.py:3096} INFO - Sync 1 DAGs
[2025-04-27T20:47:53.241-0300] {logging_mixin.py:188} INFO - [2025-04-27T20:47:53.241-0300] {dag.py:3954} INFO - Setting next_dagrun for example_params_trigger_ui to None, run_after=None
[2025-04-27T20:47:53.256-0300] {processor.py:183} INFO - Processing /home/facuvega/Descargas/crypto-etl-airflow/airflow-apache/lib/python3.11/site-packages/airflow/example_dags/example_params_trigger_ui.py took 0.073 seconds
[2025-04-27T20:48:58.169-0300] {processor.py:161} INFO - Started process (PID=21381) to work on /home/facuvega/Descargas/crypto-etl-airflow/airflow-apache/lib/python3.11/site-packages/airflow/example_dags/example_params_trigger_ui.py
[2025-04-27T20:48:58.170-0300] {processor.py:830} INFO - Processing file /home/facuvega/Descargas/crypto-etl-airflow/airflow-apache/lib/python3.11/site-packages/airflow/example_dags/example_params_trigger_ui.py for tasks to queue
[2025-04-27T20:48:58.172-0300] {logging_mixin.py:188} INFO - [2025-04-27T20:48:58.172-0300] {dagbag.py:540} INFO - Filling up the DagBag from /home/facuvega/Descargas/crypto-etl-airflow/airflow-apache/lib/python3.11/site-packages/airflow/example_dags/example_params_trigger_ui.py
[2025-04-27T20:48:58.188-0300] {processor.py:840} INFO - DAG(s) 'example_params_trigger_ui' retrieved from /home/facuvega/Descargas/crypto-etl-airflow/airflow-apache/lib/python3.11/site-packages/airflow/example_dags/example_params_trigger_ui.py
[2025-04-27T20:48:58.247-0300] {logging_mixin.py:188} INFO - [2025-04-27T20:48:58.247-0300] {dag.py:3096} INFO - Sync 1 DAGs
[2025-04-27T20:48:58.257-0300] {logging_mixin.py:188} INFO - [2025-04-27T20:48:58.257-0300] {dag.py:3954} INFO - Setting next_dagrun for example_params_trigger_ui to None, run_after=None
[2025-04-27T20:48:58.273-0300] {processor.py:183} INFO - Processing /home/facuvega/Descargas/crypto-etl-airflow/airflow-apache/lib/python3.11/site-packages/airflow/example_dags/example_params_trigger_ui.py took 0.110 seconds
[2025-04-27T20:50:05.073-0300] {processor.py:161} INFO - Started process (PID=21801) to work on /home/facuvega/Descargas/crypto-etl-airflow/airflow-apache/lib/python3.11/site-packages/airflow/example_dags/example_params_trigger_ui.py
[2025-04-27T20:50:05.075-0300] {processor.py:830} INFO - Processing file /home/facuvega/Descargas/crypto-etl-airflow/airflow-apache/lib/python3.11/site-packages/airflow/example_dags/example_params_trigger_ui.py for tasks to queue
[2025-04-27T20:50:05.077-0300] {logging_mixin.py:188} INFO - [2025-04-27T20:50:05.076-0300] {dagbag.py:540} INFO - Filling up the DagBag from /home/facuvega/Descargas/crypto-etl-airflow/airflow-apache/lib/python3.11/site-packages/airflow/example_dags/example_params_trigger_ui.py
[2025-04-27T20:50:05.097-0300] {processor.py:840} INFO - DAG(s) 'example_params_trigger_ui' retrieved from /home/facuvega/Descargas/crypto-etl-airflow/airflow-apache/lib/python3.11/site-packages/airflow/example_dags/example_params_trigger_ui.py
[2025-04-27T20:50:05.134-0300] {logging_mixin.py:188} INFO - [2025-04-27T20:50:05.133-0300] {dag.py:3096} INFO - Sync 1 DAGs
[2025-04-27T20:50:05.147-0300] {logging_mixin.py:188} INFO - [2025-04-27T20:50:05.146-0300] {dag.py:3954} INFO - Setting next_dagrun for example_params_trigger_ui to None, run_after=None
[2025-04-27T20:50:05.172-0300] {processor.py:183} INFO - Processing /home/facuvega/Descargas/crypto-etl-airflow/airflow-apache/lib/python3.11/site-packages/airflow/example_dags/example_params_trigger_ui.py took 0.113 seconds
[2025-04-27T20:51:07.098-0300] {processor.py:161} INFO - Started process (PID=22204) to work on /home/facuvega/Descargas/crypto-etl-airflow/airflow-apache/lib/python3.11/site-packages/airflow/example_dags/example_params_trigger_ui.py
[2025-04-27T20:51:07.099-0300] {processor.py:830} INFO - Processing file /home/facuvega/Descargas/crypto-etl-airflow/airflow-apache/lib/python3.11/site-packages/airflow/example_dags/example_params_trigger_ui.py for tasks to queue
[2025-04-27T20:51:07.101-0300] {logging_mixin.py:188} INFO - [2025-04-27T20:51:07.101-0300] {dagbag.py:540} INFO - Filling up the DagBag from /home/facuvega/Descargas/crypto-etl-airflow/airflow-apache/lib/python3.11/site-packages/airflow/example_dags/example_params_trigger_ui.py
[2025-04-27T20:51:07.113-0300] {processor.py:840} INFO - DAG(s) 'example_params_trigger_ui' retrieved from /home/facuvega/Descargas/crypto-etl-airflow/airflow-apache/lib/python3.11/site-packages/airflow/example_dags/example_params_trigger_ui.py
[2025-04-27T20:51:07.137-0300] {logging_mixin.py:188} INFO - [2025-04-27T20:51:07.137-0300] {dag.py:3096} INFO - Sync 1 DAGs
[2025-04-27T20:51:07.147-0300] {logging_mixin.py:188} INFO - [2025-04-27T20:51:07.147-0300] {dag.py:3954} INFO - Setting next_dagrun for example_params_trigger_ui to None, run_after=None
[2025-04-27T20:51:07.160-0300] {processor.py:183} INFO - Processing /home/facuvega/Descargas/crypto-etl-airflow/airflow-apache/lib/python3.11/site-packages/airflow/example_dags/example_params_trigger_ui.py took 0.067 seconds
