[2025-04-27T20:10:14.453-0300] {processor.py:161} INFO - Started process (PID=9365) to work on /home/facuvega/Descargas/crypto-etl-airflow/airflow-apache/lib/python3.11/site-packages/airflow/example_dags/example_python_operator.py
[2025-04-27T20:10:14.454-0300] {processor.py:830} INFO - Processing file /home/facuvega/Descargas/crypto-etl-airflow/airflow-apache/lib/python3.11/site-packages/airflow/example_dags/example_python_operator.py for tasks to queue
[2025-04-27T20:10:14.456-0300] {logging_mixin.py:188} INFO - [2025-04-27T20:10:14.455-0300] {dagbag.py:540} INFO - Filling up the DagBag from /home/facuvega/Descargas/crypto-etl-airflow/airflow-apache/lib/python3.11/site-packages/airflow/example_dags/example_python_operator.py
[2025-04-27T20:10:14.467-0300] {processor.py:840} INFO - DAG(s) 'example_python_operator' retrieved from /home/facuvega/Descargas/crypto-etl-airflow/airflow-apache/lib/python3.11/site-packages/airflow/example_dags/example_python_operator.py
[2025-04-27T20:10:14.563-0300] {logging_mixin.py:188} INFO - [2025-04-27T20:10:14.562-0300] {override.py:1829} INFO - Created Permission View: can edit on DAG:example_python_operator
[2025-04-27T20:10:14.573-0300] {logging_mixin.py:188} INFO - [2025-04-27T20:10:14.572-0300] {override.py:1829} INFO - Created Permission View: can delete on DAG:example_python_operator
[2025-04-27T20:10:14.579-0300] {logging_mixin.py:188} INFO - [2025-04-27T20:10:14.579-0300] {override.py:1829} INFO - Created Permission View: can read on DAG:example_python_operator
[2025-04-27T20:10:14.580-0300] {logging_mixin.py:188} INFO - [2025-04-27T20:10:14.580-0300] {dag.py:3096} INFO - Sync 1 DAGs
[2025-04-27T20:10:14.590-0300] {logging_mixin.py:188} INFO - [2025-04-27T20:10:14.590-0300] {dag.py:3118} INFO - Creating ORM DAG for example_python_operator
[2025-04-27T20:10:14.591-0300] {logging_mixin.py:188} INFO - [2025-04-27T20:10:14.591-0300] {dag.py:3954} INFO - Setting next_dagrun for example_python_operator to None, run_after=None
[2025-04-27T20:10:14.606-0300] {processor.py:183} INFO - Processing /home/facuvega/Descargas/crypto-etl-airflow/airflow-apache/lib/python3.11/site-packages/airflow/example_dags/example_python_operator.py took 0.163 seconds
[2025-04-27T20:11:13.082-0300] {processor.py:161} INFO - Started process (PID=9879) to work on /home/facuvega/Descargas/crypto-etl-airflow/airflow-apache/lib/python3.11/site-packages/airflow/example_dags/example_python_operator.py
[2025-04-27T20:11:13.083-0300] {processor.py:830} INFO - Processing file /home/facuvega/Descargas/crypto-etl-airflow/airflow-apache/lib/python3.11/site-packages/airflow/example_dags/example_python_operator.py for tasks to queue
[2025-04-27T20:11:13.085-0300] {logging_mixin.py:188} INFO - [2025-04-27T20:11:13.084-0300] {dagbag.py:540} INFO - Filling up the DagBag from /home/facuvega/Descargas/crypto-etl-airflow/airflow-apache/lib/python3.11/site-packages/airflow/example_dags/example_python_operator.py
[2025-04-27T20:11:13.096-0300] {processor.py:840} INFO - DAG(s) 'example_python_operator' retrieved from /home/facuvega/Descargas/crypto-etl-airflow/airflow-apache/lib/python3.11/site-packages/airflow/example_dags/example_python_operator.py
[2025-04-27T20:11:13.112-0300] {logging_mixin.py:188} INFO - [2025-04-27T20:11:13.112-0300] {dag.py:3096} INFO - Sync 1 DAGs
[2025-04-27T20:11:13.122-0300] {logging_mixin.py:188} INFO - [2025-04-27T20:11:13.122-0300] {dag.py:3954} INFO - Setting next_dagrun for example_python_operator to None, run_after=None
[2025-04-27T20:11:13.139-0300] {processor.py:183} INFO - Processing /home/facuvega/Descargas/crypto-etl-airflow/airflow-apache/lib/python3.11/site-packages/airflow/example_dags/example_python_operator.py took 0.064 seconds
[2025-04-27T20:12:02.613-0300] {processor.py:161} INFO - Started process (PID=10160) to work on /home/facuvega/Descargas/crypto-etl-airflow/airflow-apache/lib/python3.11/site-packages/airflow/example_dags/example_python_operator.py
[2025-04-27T20:12:02.614-0300] {processor.py:830} INFO - Processing file /home/facuvega/Descargas/crypto-etl-airflow/airflow-apache/lib/python3.11/site-packages/airflow/example_dags/example_python_operator.py for tasks to queue
[2025-04-27T20:12:02.615-0300] {logging_mixin.py:188} INFO - [2025-04-27T20:12:02.615-0300] {dagbag.py:540} INFO - Filling up the DagBag from /home/facuvega/Descargas/crypto-etl-airflow/airflow-apache/lib/python3.11/site-packages/airflow/example_dags/example_python_operator.py
[2025-04-27T20:12:02.628-0300] {processor.py:840} INFO - DAG(s) 'example_python_operator' retrieved from /home/facuvega/Descargas/crypto-etl-airflow/airflow-apache/lib/python3.11/site-packages/airflow/example_dags/example_python_operator.py
[2025-04-27T20:12:02.645-0300] {logging_mixin.py:188} INFO - [2025-04-27T20:12:02.644-0300] {dag.py:3096} INFO - Sync 1 DAGs
[2025-04-27T20:12:02.653-0300] {logging_mixin.py:188} INFO - [2025-04-27T20:12:02.652-0300] {dag.py:3954} INFO - Setting next_dagrun for example_python_operator to None, run_after=None
[2025-04-27T20:12:02.665-0300] {processor.py:183} INFO - Processing /home/facuvega/Descargas/crypto-etl-airflow/airflow-apache/lib/python3.11/site-packages/airflow/example_dags/example_python_operator.py took 0.057 seconds
[2025-04-27T20:12:54.382-0300] {processor.py:161} INFO - Started process (PID=10536) to work on /home/facuvega/Descargas/crypto-etl-airflow/airflow-apache/lib/python3.11/site-packages/airflow/example_dags/example_python_operator.py
[2025-04-27T20:12:54.383-0300] {processor.py:830} INFO - Processing file /home/facuvega/Descargas/crypto-etl-airflow/airflow-apache/lib/python3.11/site-packages/airflow/example_dags/example_python_operator.py for tasks to queue
[2025-04-27T20:12:54.386-0300] {logging_mixin.py:188} INFO - [2025-04-27T20:12:54.385-0300] {dagbag.py:540} INFO - Filling up the DagBag from /home/facuvega/Descargas/crypto-etl-airflow/airflow-apache/lib/python3.11/site-packages/airflow/example_dags/example_python_operator.py
[2025-04-27T20:12:54.399-0300] {processor.py:840} INFO - DAG(s) 'example_python_operator' retrieved from /home/facuvega/Descargas/crypto-etl-airflow/airflow-apache/lib/python3.11/site-packages/airflow/example_dags/example_python_operator.py
[2025-04-27T20:12:54.418-0300] {logging_mixin.py:188} INFO - [2025-04-27T20:12:54.418-0300] {dag.py:3096} INFO - Sync 1 DAGs
[2025-04-27T20:12:54.429-0300] {logging_mixin.py:188} INFO - [2025-04-27T20:12:54.429-0300] {dag.py:3954} INFO - Setting next_dagrun for example_python_operator to None, run_after=None
[2025-04-27T20:12:54.446-0300] {processor.py:183} INFO - Processing /home/facuvega/Descargas/crypto-etl-airflow/airflow-apache/lib/python3.11/site-packages/airflow/example_dags/example_python_operator.py took 0.072 seconds
[2025-04-27T20:13:50.956-0300] {processor.py:161} INFO - Started process (PID=10802) to work on /home/facuvega/Descargas/crypto-etl-airflow/airflow-apache/lib/python3.11/site-packages/airflow/example_dags/example_python_operator.py
[2025-04-27T20:13:50.957-0300] {processor.py:830} INFO - Processing file /home/facuvega/Descargas/crypto-etl-airflow/airflow-apache/lib/python3.11/site-packages/airflow/example_dags/example_python_operator.py for tasks to queue
[2025-04-27T20:13:50.959-0300] {logging_mixin.py:188} INFO - [2025-04-27T20:13:50.958-0300] {dagbag.py:540} INFO - Filling up the DagBag from /home/facuvega/Descargas/crypto-etl-airflow/airflow-apache/lib/python3.11/site-packages/airflow/example_dags/example_python_operator.py
[2025-04-27T20:13:50.968-0300] {processor.py:840} INFO - DAG(s) 'example_python_operator' retrieved from /home/facuvega/Descargas/crypto-etl-airflow/airflow-apache/lib/python3.11/site-packages/airflow/example_dags/example_python_operator.py
[2025-04-27T20:13:50.984-0300] {logging_mixin.py:188} INFO - [2025-04-27T20:13:50.983-0300] {dag.py:3096} INFO - Sync 1 DAGs
[2025-04-27T20:13:50.992-0300] {logging_mixin.py:188} INFO - [2025-04-27T20:13:50.992-0300] {dag.py:3954} INFO - Setting next_dagrun for example_python_operator to None, run_after=None
[2025-04-27T20:13:51.008-0300] {processor.py:183} INFO - Processing /home/facuvega/Descargas/crypto-etl-airflow/airflow-apache/lib/python3.11/site-packages/airflow/example_dags/example_python_operator.py took 0.057 seconds
[2025-04-27T20:14:50.916-0300] {processor.py:161} INFO - Started process (PID=11100) to work on /home/facuvega/Descargas/crypto-etl-airflow/airflow-apache/lib/python3.11/site-packages/airflow/example_dags/example_python_operator.py
[2025-04-27T20:14:50.917-0300] {processor.py:830} INFO - Processing file /home/facuvega/Descargas/crypto-etl-airflow/airflow-apache/lib/python3.11/site-packages/airflow/example_dags/example_python_operator.py for tasks to queue
[2025-04-27T20:14:50.918-0300] {logging_mixin.py:188} INFO - [2025-04-27T20:14:50.918-0300] {dagbag.py:540} INFO - Filling up the DagBag from /home/facuvega/Descargas/crypto-etl-airflow/airflow-apache/lib/python3.11/site-packages/airflow/example_dags/example_python_operator.py
[2025-04-27T20:14:50.928-0300] {processor.py:840} INFO - DAG(s) 'example_python_operator' retrieved from /home/facuvega/Descargas/crypto-etl-airflow/airflow-apache/lib/python3.11/site-packages/airflow/example_dags/example_python_operator.py
[2025-04-27T20:14:50.942-0300] {logging_mixin.py:188} INFO - [2025-04-27T20:14:50.942-0300] {dag.py:3096} INFO - Sync 1 DAGs
[2025-04-27T20:14:50.951-0300] {logging_mixin.py:188} INFO - [2025-04-27T20:14:50.951-0300] {dag.py:3954} INFO - Setting next_dagrun for example_python_operator to None, run_after=None
[2025-04-27T20:14:50.966-0300] {processor.py:183} INFO - Processing /home/facuvega/Descargas/crypto-etl-airflow/airflow-apache/lib/python3.11/site-packages/airflow/example_dags/example_python_operator.py took 0.056 seconds
[2025-04-27T20:15:49.236-0300] {processor.py:161} INFO - Started process (PID=11370) to work on /home/facuvega/Descargas/crypto-etl-airflow/airflow-apache/lib/python3.11/site-packages/airflow/example_dags/example_python_operator.py
[2025-04-27T20:15:49.237-0300] {processor.py:830} INFO - Processing file /home/facuvega/Descargas/crypto-etl-airflow/airflow-apache/lib/python3.11/site-packages/airflow/example_dags/example_python_operator.py for tasks to queue
[2025-04-27T20:15:49.239-0300] {logging_mixin.py:188} INFO - [2025-04-27T20:15:49.238-0300] {dagbag.py:540} INFO - Filling up the DagBag from /home/facuvega/Descargas/crypto-etl-airflow/airflow-apache/lib/python3.11/site-packages/airflow/example_dags/example_python_operator.py
[2025-04-27T20:15:49.247-0300] {processor.py:840} INFO - DAG(s) 'example_python_operator' retrieved from /home/facuvega/Descargas/crypto-etl-airflow/airflow-apache/lib/python3.11/site-packages/airflow/example_dags/example_python_operator.py
[2025-04-27T20:15:49.260-0300] {logging_mixin.py:188} INFO - [2025-04-27T20:15:49.260-0300] {dag.py:3096} INFO - Sync 1 DAGs
[2025-04-27T20:15:49.269-0300] {logging_mixin.py:188} INFO - [2025-04-27T20:15:49.269-0300] {dag.py:3954} INFO - Setting next_dagrun for example_python_operator to None, run_after=None
[2025-04-27T20:15:49.282-0300] {processor.py:183} INFO - Processing /home/facuvega/Descargas/crypto-etl-airflow/airflow-apache/lib/python3.11/site-packages/airflow/example_dags/example_python_operator.py took 0.051 seconds
[2025-04-27T20:16:50.197-0300] {processor.py:161} INFO - Started process (PID=11644) to work on /home/facuvega/Descargas/crypto-etl-airflow/airflow-apache/lib/python3.11/site-packages/airflow/example_dags/example_python_operator.py
[2025-04-27T20:16:50.198-0300] {processor.py:830} INFO - Processing file /home/facuvega/Descargas/crypto-etl-airflow/airflow-apache/lib/python3.11/site-packages/airflow/example_dags/example_python_operator.py for tasks to queue
[2025-04-27T20:16:50.199-0300] {logging_mixin.py:188} INFO - [2025-04-27T20:16:50.199-0300] {dagbag.py:540} INFO - Filling up the DagBag from /home/facuvega/Descargas/crypto-etl-airflow/airflow-apache/lib/python3.11/site-packages/airflow/example_dags/example_python_operator.py
[2025-04-27T20:16:50.209-0300] {processor.py:840} INFO - DAG(s) 'example_python_operator' retrieved from /home/facuvega/Descargas/crypto-etl-airflow/airflow-apache/lib/python3.11/site-packages/airflow/example_dags/example_python_operator.py
[2025-04-27T20:16:50.223-0300] {logging_mixin.py:188} INFO - [2025-04-27T20:16:50.223-0300] {dag.py:3096} INFO - Sync 1 DAGs
[2025-04-27T20:16:50.233-0300] {logging_mixin.py:188} INFO - [2025-04-27T20:16:50.233-0300] {dag.py:3954} INFO - Setting next_dagrun for example_python_operator to None, run_after=None
[2025-04-27T20:16:50.248-0300] {processor.py:183} INFO - Processing /home/facuvega/Descargas/crypto-etl-airflow/airflow-apache/lib/python3.11/site-packages/airflow/example_dags/example_python_operator.py took 0.057 seconds
[2025-04-27T20:17:33.090-0300] {processor.py:161} INFO - Started process (PID=11835) to work on /home/facuvega/Descargas/crypto-etl-airflow/airflow-apache/lib/python3.11/site-packages/airflow/example_dags/example_python_operator.py
[2025-04-27T20:17:33.091-0300] {processor.py:830} INFO - Processing file /home/facuvega/Descargas/crypto-etl-airflow/airflow-apache/lib/python3.11/site-packages/airflow/example_dags/example_python_operator.py for tasks to queue
[2025-04-27T20:17:33.093-0300] {logging_mixin.py:188} INFO - [2025-04-27T20:17:33.092-0300] {dagbag.py:540} INFO - Filling up the DagBag from /home/facuvega/Descargas/crypto-etl-airflow/airflow-apache/lib/python3.11/site-packages/airflow/example_dags/example_python_operator.py
[2025-04-27T20:17:33.103-0300] {processor.py:840} INFO - DAG(s) 'example_python_operator' retrieved from /home/facuvega/Descargas/crypto-etl-airflow/airflow-apache/lib/python3.11/site-packages/airflow/example_dags/example_python_operator.py
[2025-04-27T20:17:33.120-0300] {logging_mixin.py:188} INFO - [2025-04-27T20:17:33.120-0300] {dag.py:3096} INFO - Sync 1 DAGs
[2025-04-27T20:17:33.131-0300] {logging_mixin.py:188} INFO - [2025-04-27T20:17:33.131-0300] {dag.py:3954} INFO - Setting next_dagrun for example_python_operator to None, run_after=None
[2025-04-27T20:17:33.147-0300] {processor.py:183} INFO - Processing /home/facuvega/Descargas/crypto-etl-airflow/airflow-apache/lib/python3.11/site-packages/airflow/example_dags/example_python_operator.py took 0.063 seconds
[2025-04-27T20:18:31.083-0300] {processor.py:161} INFO - Started process (PID=12232) to work on /home/facuvega/Descargas/crypto-etl-airflow/airflow-apache/lib/python3.11/site-packages/airflow/example_dags/example_python_operator.py
[2025-04-27T20:18:31.085-0300] {processor.py:830} INFO - Processing file /home/facuvega/Descargas/crypto-etl-airflow/airflow-apache/lib/python3.11/site-packages/airflow/example_dags/example_python_operator.py for tasks to queue
[2025-04-27T20:18:31.086-0300] {logging_mixin.py:188} INFO - [2025-04-27T20:18:31.086-0300] {dagbag.py:540} INFO - Filling up the DagBag from /home/facuvega/Descargas/crypto-etl-airflow/airflow-apache/lib/python3.11/site-packages/airflow/example_dags/example_python_operator.py
[2025-04-27T20:18:31.097-0300] {processor.py:840} INFO - DAG(s) 'example_python_operator' retrieved from /home/facuvega/Descargas/crypto-etl-airflow/airflow-apache/lib/python3.11/site-packages/airflow/example_dags/example_python_operator.py
[2025-04-27T20:18:31.115-0300] {logging_mixin.py:188} INFO - [2025-04-27T20:18:31.114-0300] {dag.py:3096} INFO - Sync 1 DAGs
[2025-04-27T20:18:31.126-0300] {logging_mixin.py:188} INFO - [2025-04-27T20:18:31.125-0300] {dag.py:3954} INFO - Setting next_dagrun for example_python_operator to None, run_after=None
[2025-04-27T20:18:31.144-0300] {processor.py:183} INFO - Processing /home/facuvega/Descargas/crypto-etl-airflow/airflow-apache/lib/python3.11/site-packages/airflow/example_dags/example_python_operator.py took 0.067 seconds
[2025-04-27T20:19:30.463-0300] {processor.py:161} INFO - Started process (PID=12500) to work on /home/facuvega/Descargas/crypto-etl-airflow/airflow-apache/lib/python3.11/site-packages/airflow/example_dags/example_python_operator.py
[2025-04-27T20:19:30.464-0300] {processor.py:830} INFO - Processing file /home/facuvega/Descargas/crypto-etl-airflow/airflow-apache/lib/python3.11/site-packages/airflow/example_dags/example_python_operator.py for tasks to queue
[2025-04-27T20:19:30.465-0300] {logging_mixin.py:188} INFO - [2025-04-27T20:19:30.465-0300] {dagbag.py:540} INFO - Filling up the DagBag from /home/facuvega/Descargas/crypto-etl-airflow/airflow-apache/lib/python3.11/site-packages/airflow/example_dags/example_python_operator.py
[2025-04-27T20:19:30.476-0300] {processor.py:840} INFO - DAG(s) 'example_python_operator' retrieved from /home/facuvega/Descargas/crypto-etl-airflow/airflow-apache/lib/python3.11/site-packages/airflow/example_dags/example_python_operator.py
[2025-04-27T20:19:30.491-0300] {logging_mixin.py:188} INFO - [2025-04-27T20:19:30.491-0300] {dag.py:3096} INFO - Sync 1 DAGs
[2025-04-27T20:19:30.500-0300] {logging_mixin.py:188} INFO - [2025-04-27T20:19:30.500-0300] {dag.py:3954} INFO - Setting next_dagrun for example_python_operator to None, run_after=None
[2025-04-27T20:19:30.515-0300] {processor.py:183} INFO - Processing /home/facuvega/Descargas/crypto-etl-airflow/airflow-apache/lib/python3.11/site-packages/airflow/example_dags/example_python_operator.py took 0.057 seconds
[2025-04-27T20:20:29.409-0300] {processor.py:161} INFO - Started process (PID=12821) to work on /home/facuvega/Descargas/crypto-etl-airflow/airflow-apache/lib/python3.11/site-packages/airflow/example_dags/example_python_operator.py
[2025-04-27T20:20:29.410-0300] {processor.py:830} INFO - Processing file /home/facuvega/Descargas/crypto-etl-airflow/airflow-apache/lib/python3.11/site-packages/airflow/example_dags/example_python_operator.py for tasks to queue
[2025-04-27T20:20:29.412-0300] {logging_mixin.py:188} INFO - [2025-04-27T20:20:29.412-0300] {dagbag.py:540} INFO - Filling up the DagBag from /home/facuvega/Descargas/crypto-etl-airflow/airflow-apache/lib/python3.11/site-packages/airflow/example_dags/example_python_operator.py
[2025-04-27T20:20:29.423-0300] {processor.py:840} INFO - DAG(s) 'example_python_operator' retrieved from /home/facuvega/Descargas/crypto-etl-airflow/airflow-apache/lib/python3.11/site-packages/airflow/example_dags/example_python_operator.py
[2025-04-27T20:20:29.442-0300] {logging_mixin.py:188} INFO - [2025-04-27T20:20:29.441-0300] {dag.py:3096} INFO - Sync 1 DAGs
[2025-04-27T20:20:29.452-0300] {logging_mixin.py:188} INFO - [2025-04-27T20:20:29.452-0300] {dag.py:3954} INFO - Setting next_dagrun for example_python_operator to None, run_after=None
[2025-04-27T20:20:29.471-0300] {processor.py:183} INFO - Processing /home/facuvega/Descargas/crypto-etl-airflow/airflow-apache/lib/python3.11/site-packages/airflow/example_dags/example_python_operator.py took 0.071 seconds
[2025-04-27T20:21:30.081-0300] {processor.py:161} INFO - Started process (PID=13092) to work on /home/facuvega/Descargas/crypto-etl-airflow/airflow-apache/lib/python3.11/site-packages/airflow/example_dags/example_python_operator.py
[2025-04-27T20:21:30.083-0300] {processor.py:830} INFO - Processing file /home/facuvega/Descargas/crypto-etl-airflow/airflow-apache/lib/python3.11/site-packages/airflow/example_dags/example_python_operator.py for tasks to queue
[2025-04-27T20:21:30.085-0300] {logging_mixin.py:188} INFO - [2025-04-27T20:21:30.085-0300] {dagbag.py:540} INFO - Filling up the DagBag from /home/facuvega/Descargas/crypto-etl-airflow/airflow-apache/lib/python3.11/site-packages/airflow/example_dags/example_python_operator.py
[2025-04-27T20:21:30.095-0300] {processor.py:840} INFO - DAG(s) 'example_python_operator' retrieved from /home/facuvega/Descargas/crypto-etl-airflow/airflow-apache/lib/python3.11/site-packages/airflow/example_dags/example_python_operator.py
[2025-04-27T20:21:30.112-0300] {logging_mixin.py:188} INFO - [2025-04-27T20:21:30.112-0300] {dag.py:3096} INFO - Sync 1 DAGs
[2025-04-27T20:21:30.121-0300] {logging_mixin.py:188} INFO - [2025-04-27T20:21:30.121-0300] {dag.py:3954} INFO - Setting next_dagrun for example_python_operator to None, run_after=None
[2025-04-27T20:21:30.138-0300] {processor.py:183} INFO - Processing /home/facuvega/Descargas/crypto-etl-airflow/airflow-apache/lib/python3.11/site-packages/airflow/example_dags/example_python_operator.py took 0.063 seconds
[2025-04-27T20:22:12.196-0300] {processor.py:161} INFO - Started process (PID=13287) to work on /home/facuvega/Descargas/crypto-etl-airflow/airflow-apache/lib/python3.11/site-packages/airflow/example_dags/example_python_operator.py
[2025-04-27T20:22:12.197-0300] {processor.py:830} INFO - Processing file /home/facuvega/Descargas/crypto-etl-airflow/airflow-apache/lib/python3.11/site-packages/airflow/example_dags/example_python_operator.py for tasks to queue
[2025-04-27T20:22:12.198-0300] {logging_mixin.py:188} INFO - [2025-04-27T20:22:12.198-0300] {dagbag.py:540} INFO - Filling up the DagBag from /home/facuvega/Descargas/crypto-etl-airflow/airflow-apache/lib/python3.11/site-packages/airflow/example_dags/example_python_operator.py
[2025-04-27T20:22:12.208-0300] {processor.py:840} INFO - DAG(s) 'example_python_operator' retrieved from /home/facuvega/Descargas/crypto-etl-airflow/airflow-apache/lib/python3.11/site-packages/airflow/example_dags/example_python_operator.py
[2025-04-27T20:22:12.222-0300] {logging_mixin.py:188} INFO - [2025-04-27T20:22:12.221-0300] {dag.py:3096} INFO - Sync 1 DAGs
[2025-04-27T20:22:12.231-0300] {logging_mixin.py:188} INFO - [2025-04-27T20:22:12.231-0300] {dag.py:3954} INFO - Setting next_dagrun for example_python_operator to None, run_after=None
[2025-04-27T20:22:12.244-0300] {processor.py:183} INFO - Processing /home/facuvega/Descargas/crypto-etl-airflow/airflow-apache/lib/python3.11/site-packages/airflow/example_dags/example_python_operator.py took 0.054 seconds
[2025-04-27T20:22:56.776-0300] {processor.py:161} INFO - Started process (PID=13482) to work on /home/facuvega/Descargas/crypto-etl-airflow/airflow-apache/lib/python3.11/site-packages/airflow/example_dags/example_python_operator.py
[2025-04-27T20:22:56.777-0300] {processor.py:830} INFO - Processing file /home/facuvega/Descargas/crypto-etl-airflow/airflow-apache/lib/python3.11/site-packages/airflow/example_dags/example_python_operator.py for tasks to queue
[2025-04-27T20:22:56.779-0300] {logging_mixin.py:188} INFO - [2025-04-27T20:22:56.779-0300] {dagbag.py:540} INFO - Filling up the DagBag from /home/facuvega/Descargas/crypto-etl-airflow/airflow-apache/lib/python3.11/site-packages/airflow/example_dags/example_python_operator.py
[2025-04-27T20:22:56.789-0300] {processor.py:840} INFO - DAG(s) 'example_python_operator' retrieved from /home/facuvega/Descargas/crypto-etl-airflow/airflow-apache/lib/python3.11/site-packages/airflow/example_dags/example_python_operator.py
[2025-04-27T20:22:56.802-0300] {logging_mixin.py:188} INFO - [2025-04-27T20:22:56.802-0300] {dag.py:3096} INFO - Sync 1 DAGs
[2025-04-27T20:22:56.811-0300] {logging_mixin.py:188} INFO - [2025-04-27T20:22:56.811-0300] {dag.py:3954} INFO - Setting next_dagrun for example_python_operator to None, run_after=None
[2025-04-27T20:22:56.824-0300] {processor.py:183} INFO - Processing /home/facuvega/Descargas/crypto-etl-airflow/airflow-apache/lib/python3.11/site-packages/airflow/example_dags/example_python_operator.py took 0.053 seconds
[2025-04-27T20:23:40.156-0300] {processor.py:161} INFO - Started process (PID=13671) to work on /home/facuvega/Descargas/crypto-etl-airflow/airflow-apache/lib/python3.11/site-packages/airflow/example_dags/example_python_operator.py
[2025-04-27T20:23:40.158-0300] {processor.py:830} INFO - Processing file /home/facuvega/Descargas/crypto-etl-airflow/airflow-apache/lib/python3.11/site-packages/airflow/example_dags/example_python_operator.py for tasks to queue
[2025-04-27T20:23:40.159-0300] {logging_mixin.py:188} INFO - [2025-04-27T20:23:40.159-0300] {dagbag.py:540} INFO - Filling up the DagBag from /home/facuvega/Descargas/crypto-etl-airflow/airflow-apache/lib/python3.11/site-packages/airflow/example_dags/example_python_operator.py
[2025-04-27T20:23:40.171-0300] {processor.py:840} INFO - DAG(s) 'example_python_operator' retrieved from /home/facuvega/Descargas/crypto-etl-airflow/airflow-apache/lib/python3.11/site-packages/airflow/example_dags/example_python_operator.py
[2025-04-27T20:23:40.188-0300] {logging_mixin.py:188} INFO - [2025-04-27T20:23:40.187-0300] {dag.py:3096} INFO - Sync 1 DAGs
[2025-04-27T20:23:40.196-0300] {logging_mixin.py:188} INFO - [2025-04-27T20:23:40.196-0300] {dag.py:3954} INFO - Setting next_dagrun for example_python_operator to None, run_after=None
[2025-04-27T20:23:40.211-0300] {processor.py:183} INFO - Processing /home/facuvega/Descargas/crypto-etl-airflow/airflow-apache/lib/python3.11/site-packages/airflow/example_dags/example_python_operator.py took 0.061 seconds
[2025-04-27T20:24:34.605-0300] {processor.py:161} INFO - Started process (PID=13922) to work on /home/facuvega/Descargas/crypto-etl-airflow/airflow-apache/lib/python3.11/site-packages/airflow/example_dags/example_python_operator.py
[2025-04-27T20:24:34.606-0300] {processor.py:830} INFO - Processing file /home/facuvega/Descargas/crypto-etl-airflow/airflow-apache/lib/python3.11/site-packages/airflow/example_dags/example_python_operator.py for tasks to queue
[2025-04-27T20:24:34.607-0300] {logging_mixin.py:188} INFO - [2025-04-27T20:24:34.607-0300] {dagbag.py:540} INFO - Filling up the DagBag from /home/facuvega/Descargas/crypto-etl-airflow/airflow-apache/lib/python3.11/site-packages/airflow/example_dags/example_python_operator.py
[2025-04-27T20:24:34.616-0300] {processor.py:840} INFO - DAG(s) 'example_python_operator' retrieved from /home/facuvega/Descargas/crypto-etl-airflow/airflow-apache/lib/python3.11/site-packages/airflow/example_dags/example_python_operator.py
[2025-04-27T20:24:34.629-0300] {logging_mixin.py:188} INFO - [2025-04-27T20:24:34.629-0300] {dag.py:3096} INFO - Sync 1 DAGs
[2025-04-27T20:24:34.637-0300] {logging_mixin.py:188} INFO - [2025-04-27T20:24:34.637-0300] {dag.py:3954} INFO - Setting next_dagrun for example_python_operator to None, run_after=None
[2025-04-27T20:24:34.650-0300] {processor.py:183} INFO - Processing /home/facuvega/Descargas/crypto-etl-airflow/airflow-apache/lib/python3.11/site-packages/airflow/example_dags/example_python_operator.py took 0.050 seconds
[2025-04-27T20:25:32.047-0300] {processor.py:161} INFO - Started process (PID=14211) to work on /home/facuvega/Descargas/crypto-etl-airflow/airflow-apache/lib/python3.11/site-packages/airflow/example_dags/example_python_operator.py
[2025-04-27T20:25:32.048-0300] {processor.py:830} INFO - Processing file /home/facuvega/Descargas/crypto-etl-airflow/airflow-apache/lib/python3.11/site-packages/airflow/example_dags/example_python_operator.py for tasks to queue
[2025-04-27T20:25:32.049-0300] {logging_mixin.py:188} INFO - [2025-04-27T20:25:32.049-0300] {dagbag.py:540} INFO - Filling up the DagBag from /home/facuvega/Descargas/crypto-etl-airflow/airflow-apache/lib/python3.11/site-packages/airflow/example_dags/example_python_operator.py
[2025-04-27T20:25:32.061-0300] {processor.py:840} INFO - DAG(s) 'example_python_operator' retrieved from /home/facuvega/Descargas/crypto-etl-airflow/airflow-apache/lib/python3.11/site-packages/airflow/example_dags/example_python_operator.py
[2025-04-27T20:25:32.076-0300] {logging_mixin.py:188} INFO - [2025-04-27T20:25:32.076-0300] {dag.py:3096} INFO - Sync 1 DAGs
[2025-04-27T20:25:32.086-0300] {logging_mixin.py:188} INFO - [2025-04-27T20:25:32.085-0300] {dag.py:3954} INFO - Setting next_dagrun for example_python_operator to None, run_after=None
[2025-04-27T20:25:32.100-0300] {processor.py:183} INFO - Processing /home/facuvega/Descargas/crypto-etl-airflow/airflow-apache/lib/python3.11/site-packages/airflow/example_dags/example_python_operator.py took 0.058 seconds
[2025-04-27T20:26:15.461-0300] {processor.py:161} INFO - Started process (PID=14412) to work on /home/facuvega/Descargas/crypto-etl-airflow/airflow-apache/lib/python3.11/site-packages/airflow/example_dags/example_python_operator.py
[2025-04-27T20:26:15.462-0300] {processor.py:830} INFO - Processing file /home/facuvega/Descargas/crypto-etl-airflow/airflow-apache/lib/python3.11/site-packages/airflow/example_dags/example_python_operator.py for tasks to queue
[2025-04-27T20:26:15.463-0300] {logging_mixin.py:188} INFO - [2025-04-27T20:26:15.463-0300] {dagbag.py:540} INFO - Filling up the DagBag from /home/facuvega/Descargas/crypto-etl-airflow/airflow-apache/lib/python3.11/site-packages/airflow/example_dags/example_python_operator.py
[2025-04-27T20:26:15.473-0300] {processor.py:840} INFO - DAG(s) 'example_python_operator' retrieved from /home/facuvega/Descargas/crypto-etl-airflow/airflow-apache/lib/python3.11/site-packages/airflow/example_dags/example_python_operator.py
[2025-04-27T20:26:15.489-0300] {logging_mixin.py:188} INFO - [2025-04-27T20:26:15.489-0300] {dag.py:3096} INFO - Sync 1 DAGs
[2025-04-27T20:26:15.498-0300] {logging_mixin.py:188} INFO - [2025-04-27T20:26:15.498-0300] {dag.py:3954} INFO - Setting next_dagrun for example_python_operator to None, run_after=None
[2025-04-27T20:26:15.516-0300] {processor.py:183} INFO - Processing /home/facuvega/Descargas/crypto-etl-airflow/airflow-apache/lib/python3.11/site-packages/airflow/example_dags/example_python_operator.py took 0.060 seconds
[2025-04-27T20:27:15.888-0300] {processor.py:161} INFO - Started process (PID=14696) to work on /home/facuvega/Descargas/crypto-etl-airflow/airflow-apache/lib/python3.11/site-packages/airflow/example_dags/example_python_operator.py
[2025-04-27T20:27:15.889-0300] {processor.py:830} INFO - Processing file /home/facuvega/Descargas/crypto-etl-airflow/airflow-apache/lib/python3.11/site-packages/airflow/example_dags/example_python_operator.py for tasks to queue
[2025-04-27T20:27:15.890-0300] {logging_mixin.py:188} INFO - [2025-04-27T20:27:15.890-0300] {dagbag.py:540} INFO - Filling up the DagBag from /home/facuvega/Descargas/crypto-etl-airflow/airflow-apache/lib/python3.11/site-packages/airflow/example_dags/example_python_operator.py
[2025-04-27T20:27:15.901-0300] {processor.py:840} INFO - DAG(s) 'example_python_operator' retrieved from /home/facuvega/Descargas/crypto-etl-airflow/airflow-apache/lib/python3.11/site-packages/airflow/example_dags/example_python_operator.py
[2025-04-27T20:27:15.916-0300] {logging_mixin.py:188} INFO - [2025-04-27T20:27:15.916-0300] {dag.py:3096} INFO - Sync 1 DAGs
[2025-04-27T20:27:15.925-0300] {logging_mixin.py:188} INFO - [2025-04-27T20:27:15.925-0300] {dag.py:3954} INFO - Setting next_dagrun for example_python_operator to None, run_after=None
[2025-04-27T20:27:15.940-0300] {processor.py:183} INFO - Processing /home/facuvega/Descargas/crypto-etl-airflow/airflow-apache/lib/python3.11/site-packages/airflow/example_dags/example_python_operator.py took 0.058 seconds
[2025-04-27T20:28:13.493-0300] {processor.py:161} INFO - Started process (PID=14969) to work on /home/facuvega/Descargas/crypto-etl-airflow/airflow-apache/lib/python3.11/site-packages/airflow/example_dags/example_python_operator.py
[2025-04-27T20:28:13.494-0300] {processor.py:830} INFO - Processing file /home/facuvega/Descargas/crypto-etl-airflow/airflow-apache/lib/python3.11/site-packages/airflow/example_dags/example_python_operator.py for tasks to queue
[2025-04-27T20:28:13.496-0300] {logging_mixin.py:188} INFO - [2025-04-27T20:28:13.495-0300] {dagbag.py:540} INFO - Filling up the DagBag from /home/facuvega/Descargas/crypto-etl-airflow/airflow-apache/lib/python3.11/site-packages/airflow/example_dags/example_python_operator.py
[2025-04-27T20:28:13.505-0300] {processor.py:840} INFO - DAG(s) 'example_python_operator' retrieved from /home/facuvega/Descargas/crypto-etl-airflow/airflow-apache/lib/python3.11/site-packages/airflow/example_dags/example_python_operator.py
[2025-04-27T20:28:13.520-0300] {logging_mixin.py:188} INFO - [2025-04-27T20:28:13.519-0300] {dag.py:3096} INFO - Sync 1 DAGs
[2025-04-27T20:28:13.529-0300] {logging_mixin.py:188} INFO - [2025-04-27T20:28:13.528-0300] {dag.py:3954} INFO - Setting next_dagrun for example_python_operator to None, run_after=None
[2025-04-27T20:28:13.546-0300] {processor.py:183} INFO - Processing /home/facuvega/Descargas/crypto-etl-airflow/airflow-apache/lib/python3.11/site-packages/airflow/example_dags/example_python_operator.py took 0.058 seconds
[2025-04-27T20:28:56.417-0300] {processor.py:161} INFO - Started process (PID=15158) to work on /home/facuvega/Descargas/crypto-etl-airflow/airflow-apache/lib/python3.11/site-packages/airflow/example_dags/example_python_operator.py
[2025-04-27T20:28:56.418-0300] {processor.py:830} INFO - Processing file /home/facuvega/Descargas/crypto-etl-airflow/airflow-apache/lib/python3.11/site-packages/airflow/example_dags/example_python_operator.py for tasks to queue
[2025-04-27T20:28:56.419-0300] {logging_mixin.py:188} INFO - [2025-04-27T20:28:56.419-0300] {dagbag.py:540} INFO - Filling up the DagBag from /home/facuvega/Descargas/crypto-etl-airflow/airflow-apache/lib/python3.11/site-packages/airflow/example_dags/example_python_operator.py
[2025-04-27T20:28:56.429-0300] {processor.py:840} INFO - DAG(s) 'example_python_operator' retrieved from /home/facuvega/Descargas/crypto-etl-airflow/airflow-apache/lib/python3.11/site-packages/airflow/example_dags/example_python_operator.py
[2025-04-27T20:28:56.445-0300] {logging_mixin.py:188} INFO - [2025-04-27T20:28:56.444-0300] {dag.py:3096} INFO - Sync 1 DAGs
[2025-04-27T20:28:56.454-0300] {logging_mixin.py:188} INFO - [2025-04-27T20:28:56.454-0300] {dag.py:3954} INFO - Setting next_dagrun for example_python_operator to None, run_after=None
[2025-04-27T20:28:56.469-0300] {processor.py:183} INFO - Processing /home/facuvega/Descargas/crypto-etl-airflow/airflow-apache/lib/python3.11/site-packages/airflow/example_dags/example_python_operator.py took 0.058 seconds
[2025-04-27T20:29:37.559-0300] {processor.py:161} INFO - Started process (PID=15342) to work on /home/facuvega/Descargas/crypto-etl-airflow/airflow-apache/lib/python3.11/site-packages/airflow/example_dags/example_python_operator.py
[2025-04-27T20:29:37.560-0300] {processor.py:830} INFO - Processing file /home/facuvega/Descargas/crypto-etl-airflow/airflow-apache/lib/python3.11/site-packages/airflow/example_dags/example_python_operator.py for tasks to queue
[2025-04-27T20:29:37.562-0300] {logging_mixin.py:188} INFO - [2025-04-27T20:29:37.562-0300] {dagbag.py:540} INFO - Filling up the DagBag from /home/facuvega/Descargas/crypto-etl-airflow/airflow-apache/lib/python3.11/site-packages/airflow/example_dags/example_python_operator.py
[2025-04-27T20:29:37.575-0300] {processor.py:840} INFO - DAG(s) 'example_python_operator' retrieved from /home/facuvega/Descargas/crypto-etl-airflow/airflow-apache/lib/python3.11/site-packages/airflow/example_dags/example_python_operator.py
[2025-04-27T20:29:37.592-0300] {logging_mixin.py:188} INFO - [2025-04-27T20:29:37.592-0300] {dag.py:3096} INFO - Sync 1 DAGs
[2025-04-27T20:29:37.601-0300] {logging_mixin.py:188} INFO - [2025-04-27T20:29:37.601-0300] {dag.py:3954} INFO - Setting next_dagrun for example_python_operator to None, run_after=None
[2025-04-27T20:29:37.614-0300] {processor.py:183} INFO - Processing /home/facuvega/Descargas/crypto-etl-airflow/airflow-apache/lib/python3.11/site-packages/airflow/example_dags/example_python_operator.py took 0.061 seconds
[2025-04-27T20:30:34.998-0300] {processor.py:161} INFO - Started process (PID=15640) to work on /home/facuvega/Descargas/crypto-etl-airflow/airflow-apache/lib/python3.11/site-packages/airflow/example_dags/example_python_operator.py
[2025-04-27T20:30:34.999-0300] {processor.py:830} INFO - Processing file /home/facuvega/Descargas/crypto-etl-airflow/airflow-apache/lib/python3.11/site-packages/airflow/example_dags/example_python_operator.py for tasks to queue
[2025-04-27T20:30:35.000-0300] {logging_mixin.py:188} INFO - [2025-04-27T20:30:35.000-0300] {dagbag.py:540} INFO - Filling up the DagBag from /home/facuvega/Descargas/crypto-etl-airflow/airflow-apache/lib/python3.11/site-packages/airflow/example_dags/example_python_operator.py
[2025-04-27T20:30:35.009-0300] {processor.py:840} INFO - DAG(s) 'example_python_operator' retrieved from /home/facuvega/Descargas/crypto-etl-airflow/airflow-apache/lib/python3.11/site-packages/airflow/example_dags/example_python_operator.py
[2025-04-27T20:30:35.022-0300] {logging_mixin.py:188} INFO - [2025-04-27T20:30:35.022-0300] {dag.py:3096} INFO - Sync 1 DAGs
[2025-04-27T20:30:35.031-0300] {logging_mixin.py:188} INFO - [2025-04-27T20:30:35.031-0300] {dag.py:3954} INFO - Setting next_dagrun for example_python_operator to None, run_after=None
[2025-04-27T20:30:35.047-0300] {processor.py:183} INFO - Processing /home/facuvega/Descargas/crypto-etl-airflow/airflow-apache/lib/python3.11/site-packages/airflow/example_dags/example_python_operator.py took 0.054 seconds
[2025-04-27T20:31:33.553-0300] {processor.py:161} INFO - Started process (PID=15899) to work on /home/facuvega/Descargas/crypto-etl-airflow/airflow-apache/lib/python3.11/site-packages/airflow/example_dags/example_python_operator.py
[2025-04-27T20:31:33.554-0300] {processor.py:830} INFO - Processing file /home/facuvega/Descargas/crypto-etl-airflow/airflow-apache/lib/python3.11/site-packages/airflow/example_dags/example_python_operator.py for tasks to queue
[2025-04-27T20:31:33.556-0300] {logging_mixin.py:188} INFO - [2025-04-27T20:31:33.555-0300] {dagbag.py:540} INFO - Filling up the DagBag from /home/facuvega/Descargas/crypto-etl-airflow/airflow-apache/lib/python3.11/site-packages/airflow/example_dags/example_python_operator.py
[2025-04-27T20:31:33.566-0300] {processor.py:840} INFO - DAG(s) 'example_python_operator' retrieved from /home/facuvega/Descargas/crypto-etl-airflow/airflow-apache/lib/python3.11/site-packages/airflow/example_dags/example_python_operator.py
[2025-04-27T20:31:33.582-0300] {logging_mixin.py:188} INFO - [2025-04-27T20:31:33.581-0300] {dag.py:3096} INFO - Sync 1 DAGs
[2025-04-27T20:31:33.593-0300] {logging_mixin.py:188} INFO - [2025-04-27T20:31:33.593-0300] {dag.py:3954} INFO - Setting next_dagrun for example_python_operator to None, run_after=None
[2025-04-27T20:31:33.606-0300] {processor.py:183} INFO - Processing /home/facuvega/Descargas/crypto-etl-airflow/airflow-apache/lib/python3.11/site-packages/airflow/example_dags/example_python_operator.py took 0.058 seconds
[2025-04-27T20:32:32.889-0300] {processor.py:161} INFO - Started process (PID=16173) to work on /home/facuvega/Descargas/crypto-etl-airflow/airflow-apache/lib/python3.11/site-packages/airflow/example_dags/example_python_operator.py
[2025-04-27T20:32:32.890-0300] {processor.py:830} INFO - Processing file /home/facuvega/Descargas/crypto-etl-airflow/airflow-apache/lib/python3.11/site-packages/airflow/example_dags/example_python_operator.py for tasks to queue
[2025-04-27T20:32:32.892-0300] {logging_mixin.py:188} INFO - [2025-04-27T20:32:32.891-0300] {dagbag.py:540} INFO - Filling up the DagBag from /home/facuvega/Descargas/crypto-etl-airflow/airflow-apache/lib/python3.11/site-packages/airflow/example_dags/example_python_operator.py
[2025-04-27T20:32:32.901-0300] {processor.py:840} INFO - DAG(s) 'example_python_operator' retrieved from /home/facuvega/Descargas/crypto-etl-airflow/airflow-apache/lib/python3.11/site-packages/airflow/example_dags/example_python_operator.py
[2025-04-27T20:32:32.915-0300] {logging_mixin.py:188} INFO - [2025-04-27T20:32:32.915-0300] {dag.py:3096} INFO - Sync 1 DAGs
[2025-04-27T20:32:32.923-0300] {logging_mixin.py:188} INFO - [2025-04-27T20:32:32.923-0300] {dag.py:3954} INFO - Setting next_dagrun for example_python_operator to None, run_after=None
[2025-04-27T20:32:32.936-0300] {processor.py:183} INFO - Processing /home/facuvega/Descargas/crypto-etl-airflow/airflow-apache/lib/python3.11/site-packages/airflow/example_dags/example_python_operator.py took 0.052 seconds
[2025-04-27T20:33:19.528-0300] {processor.py:161} INFO - Started process (PID=16543) to work on /home/facuvega/Descargas/crypto-etl-airflow/airflow-apache/lib/python3.11/site-packages/airflow/example_dags/example_python_operator.py
[2025-04-27T20:33:19.529-0300] {processor.py:830} INFO - Processing file /home/facuvega/Descargas/crypto-etl-airflow/airflow-apache/lib/python3.11/site-packages/airflow/example_dags/example_python_operator.py for tasks to queue
[2025-04-27T20:33:19.531-0300] {logging_mixin.py:188} INFO - [2025-04-27T20:33:19.531-0300] {dagbag.py:540} INFO - Filling up the DagBag from /home/facuvega/Descargas/crypto-etl-airflow/airflow-apache/lib/python3.11/site-packages/airflow/example_dags/example_python_operator.py
[2025-04-27T20:33:19.543-0300] {processor.py:840} INFO - DAG(s) 'example_python_operator' retrieved from /home/facuvega/Descargas/crypto-etl-airflow/airflow-apache/lib/python3.11/site-packages/airflow/example_dags/example_python_operator.py
[2025-04-27T20:33:19.561-0300] {logging_mixin.py:188} INFO - [2025-04-27T20:33:19.560-0300] {dag.py:3096} INFO - Sync 1 DAGs
[2025-04-27T20:33:19.572-0300] {logging_mixin.py:188} INFO - [2025-04-27T20:33:19.571-0300] {dag.py:3954} INFO - Setting next_dagrun for example_python_operator to None, run_after=None
[2025-04-27T20:33:19.589-0300] {processor.py:183} INFO - Processing /home/facuvega/Descargas/crypto-etl-airflow/airflow-apache/lib/python3.11/site-packages/airflow/example_dags/example_python_operator.py took 0.067 seconds
[2025-04-27T20:34:21.920-0300] {processor.py:161} INFO - Started process (PID=16825) to work on /home/facuvega/Descargas/crypto-etl-airflow/airflow-apache/lib/python3.11/site-packages/airflow/example_dags/example_python_operator.py
[2025-04-27T20:34:21.921-0300] {processor.py:830} INFO - Processing file /home/facuvega/Descargas/crypto-etl-airflow/airflow-apache/lib/python3.11/site-packages/airflow/example_dags/example_python_operator.py for tasks to queue
[2025-04-27T20:34:21.922-0300] {logging_mixin.py:188} INFO - [2025-04-27T20:34:21.922-0300] {dagbag.py:540} INFO - Filling up the DagBag from /home/facuvega/Descargas/crypto-etl-airflow/airflow-apache/lib/python3.11/site-packages/airflow/example_dags/example_python_operator.py
[2025-04-27T20:34:21.932-0300] {processor.py:840} INFO - DAG(s) 'example_python_operator' retrieved from /home/facuvega/Descargas/crypto-etl-airflow/airflow-apache/lib/python3.11/site-packages/airflow/example_dags/example_python_operator.py
[2025-04-27T20:34:21.946-0300] {logging_mixin.py:188} INFO - [2025-04-27T20:34:21.946-0300] {dag.py:3096} INFO - Sync 1 DAGs
[2025-04-27T20:34:21.955-0300] {logging_mixin.py:188} INFO - [2025-04-27T20:34:21.955-0300] {dag.py:3954} INFO - Setting next_dagrun for example_python_operator to None, run_after=None
[2025-04-27T20:34:21.972-0300] {processor.py:183} INFO - Processing /home/facuvega/Descargas/crypto-etl-airflow/airflow-apache/lib/python3.11/site-packages/airflow/example_dags/example_python_operator.py took 0.057 seconds
[2025-04-27T20:35:05.796-0300] {processor.py:161} INFO - Started process (PID=17082) to work on /home/facuvega/Descargas/crypto-etl-airflow/airflow-apache/lib/python3.11/site-packages/airflow/example_dags/example_python_operator.py
[2025-04-27T20:35:05.797-0300] {processor.py:830} INFO - Processing file /home/facuvega/Descargas/crypto-etl-airflow/airflow-apache/lib/python3.11/site-packages/airflow/example_dags/example_python_operator.py for tasks to queue
[2025-04-27T20:35:05.799-0300] {logging_mixin.py:188} INFO - [2025-04-27T20:35:05.798-0300] {dagbag.py:540} INFO - Filling up the DagBag from /home/facuvega/Descargas/crypto-etl-airflow/airflow-apache/lib/python3.11/site-packages/airflow/example_dags/example_python_operator.py
[2025-04-27T20:35:05.811-0300] {processor.py:840} INFO - DAG(s) 'example_python_operator' retrieved from /home/facuvega/Descargas/crypto-etl-airflow/airflow-apache/lib/python3.11/site-packages/airflow/example_dags/example_python_operator.py
[2025-04-27T20:35:05.829-0300] {logging_mixin.py:188} INFO - [2025-04-27T20:35:05.829-0300] {dag.py:3096} INFO - Sync 1 DAGs
[2025-04-27T20:35:05.840-0300] {logging_mixin.py:188} INFO - [2025-04-27T20:35:05.840-0300] {dag.py:3954} INFO - Setting next_dagrun for example_python_operator to None, run_after=None
[2025-04-27T20:35:05.858-0300] {processor.py:183} INFO - Processing /home/facuvega/Descargas/crypto-etl-airflow/airflow-apache/lib/python3.11/site-packages/airflow/example_dags/example_python_operator.py took 0.068 seconds
[2025-04-27T20:35:47.672-0300] {processor.py:161} INFO - Started process (PID=17273) to work on /home/facuvega/Descargas/crypto-etl-airflow/airflow-apache/lib/python3.11/site-packages/airflow/example_dags/example_python_operator.py
[2025-04-27T20:35:47.673-0300] {processor.py:830} INFO - Processing file /home/facuvega/Descargas/crypto-etl-airflow/airflow-apache/lib/python3.11/site-packages/airflow/example_dags/example_python_operator.py for tasks to queue
[2025-04-27T20:35:47.674-0300] {logging_mixin.py:188} INFO - [2025-04-27T20:35:47.674-0300] {dagbag.py:540} INFO - Filling up the DagBag from /home/facuvega/Descargas/crypto-etl-airflow/airflow-apache/lib/python3.11/site-packages/airflow/example_dags/example_python_operator.py
[2025-04-27T20:35:47.686-0300] {processor.py:840} INFO - DAG(s) 'example_python_operator' retrieved from /home/facuvega/Descargas/crypto-etl-airflow/airflow-apache/lib/python3.11/site-packages/airflow/example_dags/example_python_operator.py
[2025-04-27T20:35:47.702-0300] {logging_mixin.py:188} INFO - [2025-04-27T20:35:47.702-0300] {dag.py:3096} INFO - Sync 1 DAGs
[2025-04-27T20:35:47.712-0300] {logging_mixin.py:188} INFO - [2025-04-27T20:35:47.712-0300] {dag.py:3954} INFO - Setting next_dagrun for example_python_operator to None, run_after=None
[2025-04-27T20:35:47.729-0300] {processor.py:183} INFO - Processing /home/facuvega/Descargas/crypto-etl-airflow/airflow-apache/lib/python3.11/site-packages/airflow/example_dags/example_python_operator.py took 0.063 seconds
[2025-04-27T20:36:44.657-0300] {processor.py:161} INFO - Started process (PID=17529) to work on /home/facuvega/Descargas/crypto-etl-airflow/airflow-apache/lib/python3.11/site-packages/airflow/example_dags/example_python_operator.py
[2025-04-27T20:36:44.658-0300] {processor.py:830} INFO - Processing file /home/facuvega/Descargas/crypto-etl-airflow/airflow-apache/lib/python3.11/site-packages/airflow/example_dags/example_python_operator.py for tasks to queue
[2025-04-27T20:36:44.659-0300] {logging_mixin.py:188} INFO - [2025-04-27T20:36:44.659-0300] {dagbag.py:540} INFO - Filling up the DagBag from /home/facuvega/Descargas/crypto-etl-airflow/airflow-apache/lib/python3.11/site-packages/airflow/example_dags/example_python_operator.py
[2025-04-27T20:36:44.670-0300] {processor.py:840} INFO - DAG(s) 'example_python_operator' retrieved from /home/facuvega/Descargas/crypto-etl-airflow/airflow-apache/lib/python3.11/site-packages/airflow/example_dags/example_python_operator.py
[2025-04-27T20:36:44.686-0300] {logging_mixin.py:188} INFO - [2025-04-27T20:36:44.686-0300] {dag.py:3096} INFO - Sync 1 DAGs
[2025-04-27T20:36:44.696-0300] {logging_mixin.py:188} INFO - [2025-04-27T20:36:44.696-0300] {dag.py:3954} INFO - Setting next_dagrun for example_python_operator to None, run_after=None
[2025-04-27T20:36:44.711-0300] {processor.py:183} INFO - Processing /home/facuvega/Descargas/crypto-etl-airflow/airflow-apache/lib/python3.11/site-packages/airflow/example_dags/example_python_operator.py took 0.060 seconds
[2025-04-27T20:37:26.876-0300] {processor.py:161} INFO - Started process (PID=17720) to work on /home/facuvega/Descargas/crypto-etl-airflow/airflow-apache/lib/python3.11/site-packages/airflow/example_dags/example_python_operator.py
[2025-04-27T20:37:26.877-0300] {processor.py:830} INFO - Processing file /home/facuvega/Descargas/crypto-etl-airflow/airflow-apache/lib/python3.11/site-packages/airflow/example_dags/example_python_operator.py for tasks to queue
[2025-04-27T20:37:26.879-0300] {logging_mixin.py:188} INFO - [2025-04-27T20:37:26.879-0300] {dagbag.py:540} INFO - Filling up the DagBag from /home/facuvega/Descargas/crypto-etl-airflow/airflow-apache/lib/python3.11/site-packages/airflow/example_dags/example_python_operator.py
[2025-04-27T20:37:26.889-0300] {processor.py:840} INFO - DAG(s) 'example_python_operator' retrieved from /home/facuvega/Descargas/crypto-etl-airflow/airflow-apache/lib/python3.11/site-packages/airflow/example_dags/example_python_operator.py
[2025-04-27T20:37:26.903-0300] {logging_mixin.py:188} INFO - [2025-04-27T20:37:26.903-0300] {dag.py:3096} INFO - Sync 1 DAGs
[2025-04-27T20:37:26.912-0300] {logging_mixin.py:188} INFO - [2025-04-27T20:37:26.912-0300] {dag.py:3954} INFO - Setting next_dagrun for example_python_operator to None, run_after=None
[2025-04-27T20:37:26.926-0300] {processor.py:183} INFO - Processing /home/facuvega/Descargas/crypto-etl-airflow/airflow-apache/lib/python3.11/site-packages/airflow/example_dags/example_python_operator.py took 0.055 seconds
[2025-04-27T20:38:27.805-0300] {processor.py:161} INFO - Started process (PID=17995) to work on /home/facuvega/Descargas/crypto-etl-airflow/airflow-apache/lib/python3.11/site-packages/airflow/example_dags/example_python_operator.py
[2025-04-27T20:38:27.806-0300] {processor.py:830} INFO - Processing file /home/facuvega/Descargas/crypto-etl-airflow/airflow-apache/lib/python3.11/site-packages/airflow/example_dags/example_python_operator.py for tasks to queue
[2025-04-27T20:38:27.808-0300] {logging_mixin.py:188} INFO - [2025-04-27T20:38:27.808-0300] {dagbag.py:540} INFO - Filling up the DagBag from /home/facuvega/Descargas/crypto-etl-airflow/airflow-apache/lib/python3.11/site-packages/airflow/example_dags/example_python_operator.py
[2025-04-27T20:38:27.820-0300] {processor.py:840} INFO - DAG(s) 'example_python_operator' retrieved from /home/facuvega/Descargas/crypto-etl-airflow/airflow-apache/lib/python3.11/site-packages/airflow/example_dags/example_python_operator.py
[2025-04-27T20:38:27.837-0300] {logging_mixin.py:188} INFO - [2025-04-27T20:38:27.836-0300] {dag.py:3096} INFO - Sync 1 DAGs
[2025-04-27T20:38:27.848-0300] {logging_mixin.py:188} INFO - [2025-04-27T20:38:27.848-0300] {dag.py:3954} INFO - Setting next_dagrun for example_python_operator to None, run_after=None
[2025-04-27T20:38:27.865-0300] {processor.py:183} INFO - Processing /home/facuvega/Descargas/crypto-etl-airflow/airflow-apache/lib/python3.11/site-packages/airflow/example_dags/example_python_operator.py took 0.066 seconds
[2025-04-27T20:39:28.147-0300] {processor.py:161} INFO - Started process (PID=18392) to work on /home/facuvega/Descargas/crypto-etl-airflow/airflow-apache/lib/python3.11/site-packages/airflow/example_dags/example_python_operator.py
[2025-04-27T20:39:28.148-0300] {processor.py:830} INFO - Processing file /home/facuvega/Descargas/crypto-etl-airflow/airflow-apache/lib/python3.11/site-packages/airflow/example_dags/example_python_operator.py for tasks to queue
[2025-04-27T20:39:28.150-0300] {logging_mixin.py:188} INFO - [2025-04-27T20:39:28.150-0300] {dagbag.py:540} INFO - Filling up the DagBag from /home/facuvega/Descargas/crypto-etl-airflow/airflow-apache/lib/python3.11/site-packages/airflow/example_dags/example_python_operator.py
[2025-04-27T20:39:28.162-0300] {processor.py:840} INFO - DAG(s) 'example_python_operator' retrieved from /home/facuvega/Descargas/crypto-etl-airflow/airflow-apache/lib/python3.11/site-packages/airflow/example_dags/example_python_operator.py
[2025-04-27T20:39:28.183-0300] {logging_mixin.py:188} INFO - [2025-04-27T20:39:28.183-0300] {dag.py:3096} INFO - Sync 1 DAGs
[2025-04-27T20:39:28.194-0300] {logging_mixin.py:188} INFO - [2025-04-27T20:39:28.194-0300] {dag.py:3954} INFO - Setting next_dagrun for example_python_operator to None, run_after=None
[2025-04-27T20:39:28.208-0300] {processor.py:183} INFO - Processing /home/facuvega/Descargas/crypto-etl-airflow/airflow-apache/lib/python3.11/site-packages/airflow/example_dags/example_python_operator.py took 0.066 seconds
[2025-04-27T20:40:29.901-0300] {processor.py:161} INFO - Started process (PID=18706) to work on /home/facuvega/Descargas/crypto-etl-airflow/airflow-apache/lib/python3.11/site-packages/airflow/example_dags/example_python_operator.py
[2025-04-27T20:40:29.902-0300] {processor.py:830} INFO - Processing file /home/facuvega/Descargas/crypto-etl-airflow/airflow-apache/lib/python3.11/site-packages/airflow/example_dags/example_python_operator.py for tasks to queue
[2025-04-27T20:40:29.904-0300] {logging_mixin.py:188} INFO - [2025-04-27T20:40:29.904-0300] {dagbag.py:540} INFO - Filling up the DagBag from /home/facuvega/Descargas/crypto-etl-airflow/airflow-apache/lib/python3.11/site-packages/airflow/example_dags/example_python_operator.py
[2025-04-27T20:40:29.916-0300] {processor.py:840} INFO - DAG(s) 'example_python_operator' retrieved from /home/facuvega/Descargas/crypto-etl-airflow/airflow-apache/lib/python3.11/site-packages/airflow/example_dags/example_python_operator.py
[2025-04-27T20:40:29.933-0300] {logging_mixin.py:188} INFO - [2025-04-27T20:40:29.933-0300] {dag.py:3096} INFO - Sync 1 DAGs
[2025-04-27T20:40:29.945-0300] {logging_mixin.py:188} INFO - [2025-04-27T20:40:29.945-0300] {dag.py:3954} INFO - Setting next_dagrun for example_python_operator to None, run_after=None
[2025-04-27T20:40:29.963-0300] {processor.py:183} INFO - Processing /home/facuvega/Descargas/crypto-etl-airflow/airflow-apache/lib/python3.11/site-packages/airflow/example_dags/example_python_operator.py took 0.068 seconds
[2025-04-27T20:41:14.381-0300] {processor.py:161} INFO - Started process (PID=18903) to work on /home/facuvega/Descargas/crypto-etl-airflow/airflow-apache/lib/python3.11/site-packages/airflow/example_dags/example_python_operator.py
[2025-04-27T20:41:14.382-0300] {processor.py:830} INFO - Processing file /home/facuvega/Descargas/crypto-etl-airflow/airflow-apache/lib/python3.11/site-packages/airflow/example_dags/example_python_operator.py for tasks to queue
[2025-04-27T20:41:14.383-0300] {logging_mixin.py:188} INFO - [2025-04-27T20:41:14.383-0300] {dagbag.py:540} INFO - Filling up the DagBag from /home/facuvega/Descargas/crypto-etl-airflow/airflow-apache/lib/python3.11/site-packages/airflow/example_dags/example_python_operator.py
[2025-04-27T20:41:14.393-0300] {processor.py:840} INFO - DAG(s) 'example_python_operator' retrieved from /home/facuvega/Descargas/crypto-etl-airflow/airflow-apache/lib/python3.11/site-packages/airflow/example_dags/example_python_operator.py
[2025-04-27T20:41:14.408-0300] {logging_mixin.py:188} INFO - [2025-04-27T20:41:14.408-0300] {dag.py:3096} INFO - Sync 1 DAGs
[2025-04-27T20:41:14.418-0300] {logging_mixin.py:188} INFO - [2025-04-27T20:41:14.418-0300] {dag.py:3954} INFO - Setting next_dagrun for example_python_operator to None, run_after=None
[2025-04-27T20:41:14.432-0300] {processor.py:183} INFO - Processing /home/facuvega/Descargas/crypto-etl-airflow/airflow-apache/lib/python3.11/site-packages/airflow/example_dags/example_python_operator.py took 0.057 seconds
[2025-04-27T20:41:56.030-0300] {processor.py:161} INFO - Started process (PID=19085) to work on /home/facuvega/Descargas/crypto-etl-airflow/airflow-apache/lib/python3.11/site-packages/airflow/example_dags/example_python_operator.py
[2025-04-27T20:41:56.031-0300] {processor.py:830} INFO - Processing file /home/facuvega/Descargas/crypto-etl-airflow/airflow-apache/lib/python3.11/site-packages/airflow/example_dags/example_python_operator.py for tasks to queue
[2025-04-27T20:41:56.033-0300] {logging_mixin.py:188} INFO - [2025-04-27T20:41:56.033-0300] {dagbag.py:540} INFO - Filling up the DagBag from /home/facuvega/Descargas/crypto-etl-airflow/airflow-apache/lib/python3.11/site-packages/airflow/example_dags/example_python_operator.py
[2025-04-27T20:41:56.045-0300] {processor.py:840} INFO - DAG(s) 'example_python_operator' retrieved from /home/facuvega/Descargas/crypto-etl-airflow/airflow-apache/lib/python3.11/site-packages/airflow/example_dags/example_python_operator.py
[2025-04-27T20:41:56.063-0300] {logging_mixin.py:188} INFO - [2025-04-27T20:41:56.062-0300] {dag.py:3096} INFO - Sync 1 DAGs
[2025-04-27T20:41:56.072-0300] {logging_mixin.py:188} INFO - [2025-04-27T20:41:56.072-0300] {dag.py:3954} INFO - Setting next_dagrun for example_python_operator to None, run_after=None
[2025-04-27T20:41:56.090-0300] {processor.py:183} INFO - Processing /home/facuvega/Descargas/crypto-etl-airflow/airflow-apache/lib/python3.11/site-packages/airflow/example_dags/example_python_operator.py took 0.068 seconds
[2025-04-27T20:42:54.391-0300] {processor.py:161} INFO - Started process (PID=19354) to work on /home/facuvega/Descargas/crypto-etl-airflow/airflow-apache/lib/python3.11/site-packages/airflow/example_dags/example_python_operator.py
[2025-04-27T20:42:54.392-0300] {processor.py:830} INFO - Processing file /home/facuvega/Descargas/crypto-etl-airflow/airflow-apache/lib/python3.11/site-packages/airflow/example_dags/example_python_operator.py for tasks to queue
[2025-04-27T20:42:54.394-0300] {logging_mixin.py:188} INFO - [2025-04-27T20:42:54.394-0300] {dagbag.py:540} INFO - Filling up the DagBag from /home/facuvega/Descargas/crypto-etl-airflow/airflow-apache/lib/python3.11/site-packages/airflow/example_dags/example_python_operator.py
[2025-04-27T20:42:54.405-0300] {processor.py:840} INFO - DAG(s) 'example_python_operator' retrieved from /home/facuvega/Descargas/crypto-etl-airflow/airflow-apache/lib/python3.11/site-packages/airflow/example_dags/example_python_operator.py
[2025-04-27T20:42:54.420-0300] {logging_mixin.py:188} INFO - [2025-04-27T20:42:54.420-0300] {dag.py:3096} INFO - Sync 1 DAGs
[2025-04-27T20:42:54.430-0300] {logging_mixin.py:188} INFO - [2025-04-27T20:42:54.430-0300] {dag.py:3954} INFO - Setting next_dagrun for example_python_operator to None, run_after=None
[2025-04-27T20:42:54.445-0300] {processor.py:183} INFO - Processing /home/facuvega/Descargas/crypto-etl-airflow/airflow-apache/lib/python3.11/site-packages/airflow/example_dags/example_python_operator.py took 0.060 seconds
[2025-04-27T20:43:37.950-0300] {processor.py:161} INFO - Started process (PID=19562) to work on /home/facuvega/Descargas/crypto-etl-airflow/airflow-apache/lib/python3.11/site-packages/airflow/example_dags/example_python_operator.py
[2025-04-27T20:43:37.951-0300] {processor.py:830} INFO - Processing file /home/facuvega/Descargas/crypto-etl-airflow/airflow-apache/lib/python3.11/site-packages/airflow/example_dags/example_python_operator.py for tasks to queue
[2025-04-27T20:43:37.952-0300] {logging_mixin.py:188} INFO - [2025-04-27T20:43:37.952-0300] {dagbag.py:540} INFO - Filling up the DagBag from /home/facuvega/Descargas/crypto-etl-airflow/airflow-apache/lib/python3.11/site-packages/airflow/example_dags/example_python_operator.py
[2025-04-27T20:43:37.963-0300] {processor.py:840} INFO - DAG(s) 'example_python_operator' retrieved from /home/facuvega/Descargas/crypto-etl-airflow/airflow-apache/lib/python3.11/site-packages/airflow/example_dags/example_python_operator.py
[2025-04-27T20:43:37.978-0300] {logging_mixin.py:188} INFO - [2025-04-27T20:43:37.978-0300] {dag.py:3096} INFO - Sync 1 DAGs
[2025-04-27T20:43:37.987-0300] {logging_mixin.py:188} INFO - [2025-04-27T20:43:37.987-0300] {dag.py:3954} INFO - Setting next_dagrun for example_python_operator to None, run_after=None
[2025-04-27T20:43:38.001-0300] {processor.py:183} INFO - Processing /home/facuvega/Descargas/crypto-etl-airflow/airflow-apache/lib/python3.11/site-packages/airflow/example_dags/example_python_operator.py took 0.057 seconds
[2025-04-27T20:44:34.532-0300] {processor.py:161} INFO - Started process (PID=19820) to work on /home/facuvega/Descargas/crypto-etl-airflow/airflow-apache/lib/python3.11/site-packages/airflow/example_dags/example_python_operator.py
[2025-04-27T20:44:34.533-0300] {processor.py:830} INFO - Processing file /home/facuvega/Descargas/crypto-etl-airflow/airflow-apache/lib/python3.11/site-packages/airflow/example_dags/example_python_operator.py for tasks to queue
[2025-04-27T20:44:34.535-0300] {logging_mixin.py:188} INFO - [2025-04-27T20:44:34.534-0300] {dagbag.py:540} INFO - Filling up the DagBag from /home/facuvega/Descargas/crypto-etl-airflow/airflow-apache/lib/python3.11/site-packages/airflow/example_dags/example_python_operator.py
[2025-04-27T20:44:34.546-0300] {processor.py:840} INFO - DAG(s) 'example_python_operator' retrieved from /home/facuvega/Descargas/crypto-etl-airflow/airflow-apache/lib/python3.11/site-packages/airflow/example_dags/example_python_operator.py
[2025-04-27T20:44:34.562-0300] {logging_mixin.py:188} INFO - [2025-04-27T20:44:34.562-0300] {dag.py:3096} INFO - Sync 1 DAGs
[2025-04-27T20:44:34.577-0300] {logging_mixin.py:188} INFO - [2025-04-27T20:44:34.577-0300] {dag.py:3954} INFO - Setting next_dagrun for example_python_operator to None, run_after=None
[2025-04-27T20:44:34.594-0300] {processor.py:183} INFO - Processing /home/facuvega/Descargas/crypto-etl-airflow/airflow-apache/lib/python3.11/site-packages/airflow/example_dags/example_python_operator.py took 0.067 seconds
[2025-04-27T20:45:35.034-0300] {processor.py:161} INFO - Started process (PID=20131) to work on /home/facuvega/Descargas/crypto-etl-airflow/airflow-apache/lib/python3.11/site-packages/airflow/example_dags/example_python_operator.py
[2025-04-27T20:45:35.035-0300] {processor.py:830} INFO - Processing file /home/facuvega/Descargas/crypto-etl-airflow/airflow-apache/lib/python3.11/site-packages/airflow/example_dags/example_python_operator.py for tasks to queue
[2025-04-27T20:45:35.037-0300] {logging_mixin.py:188} INFO - [2025-04-27T20:45:35.037-0300] {dagbag.py:540} INFO - Filling up the DagBag from /home/facuvega/Descargas/crypto-etl-airflow/airflow-apache/lib/python3.11/site-packages/airflow/example_dags/example_python_operator.py
[2025-04-27T20:45:35.050-0300] {processor.py:840} INFO - DAG(s) 'example_python_operator' retrieved from /home/facuvega/Descargas/crypto-etl-airflow/airflow-apache/lib/python3.11/site-packages/airflow/example_dags/example_python_operator.py
[2025-04-27T20:45:35.071-0300] {logging_mixin.py:188} INFO - [2025-04-27T20:45:35.070-0300] {dag.py:3096} INFO - Sync 1 DAGs
[2025-04-27T20:45:35.085-0300] {logging_mixin.py:188} INFO - [2025-04-27T20:45:35.085-0300] {dag.py:3954} INFO - Setting next_dagrun for example_python_operator to None, run_after=None
[2025-04-27T20:45:35.109-0300] {processor.py:183} INFO - Processing /home/facuvega/Descargas/crypto-etl-airflow/airflow-apache/lib/python3.11/site-packages/airflow/example_dags/example_python_operator.py took 0.082 seconds
[2025-04-27T20:46:31.862-0300] {processor.py:161} INFO - Started process (PID=20388) to work on /home/facuvega/Descargas/crypto-etl-airflow/airflow-apache/lib/python3.11/site-packages/airflow/example_dags/example_python_operator.py
[2025-04-27T20:46:31.863-0300] {processor.py:830} INFO - Processing file /home/facuvega/Descargas/crypto-etl-airflow/airflow-apache/lib/python3.11/site-packages/airflow/example_dags/example_python_operator.py for tasks to queue
[2025-04-27T20:46:31.865-0300] {logging_mixin.py:188} INFO - [2025-04-27T20:46:31.864-0300] {dagbag.py:540} INFO - Filling up the DagBag from /home/facuvega/Descargas/crypto-etl-airflow/airflow-apache/lib/python3.11/site-packages/airflow/example_dags/example_python_operator.py
[2025-04-27T20:46:31.874-0300] {processor.py:840} INFO - DAG(s) 'example_python_operator' retrieved from /home/facuvega/Descargas/crypto-etl-airflow/airflow-apache/lib/python3.11/site-packages/airflow/example_dags/example_python_operator.py
[2025-04-27T20:46:31.890-0300] {logging_mixin.py:188} INFO - [2025-04-27T20:46:31.890-0300] {dag.py:3096} INFO - Sync 1 DAGs
[2025-04-27T20:46:31.899-0300] {logging_mixin.py:188} INFO - [2025-04-27T20:46:31.899-0300] {dag.py:3954} INFO - Setting next_dagrun for example_python_operator to None, run_after=None
[2025-04-27T20:46:31.918-0300] {processor.py:183} INFO - Processing /home/facuvega/Descargas/crypto-etl-airflow/airflow-apache/lib/python3.11/site-packages/airflow/example_dags/example_python_operator.py took 0.062 seconds
[2025-04-27T20:47:32.412-0300] {processor.py:161} INFO - Started process (PID=20820) to work on /home/facuvega/Descargas/crypto-etl-airflow/airflow-apache/lib/python3.11/site-packages/airflow/example_dags/example_python_operator.py
[2025-04-27T20:47:32.413-0300] {processor.py:830} INFO - Processing file /home/facuvega/Descargas/crypto-etl-airflow/airflow-apache/lib/python3.11/site-packages/airflow/example_dags/example_python_operator.py for tasks to queue
[2025-04-27T20:47:32.415-0300] {logging_mixin.py:188} INFO - [2025-04-27T20:47:32.415-0300] {dagbag.py:540} INFO - Filling up the DagBag from /home/facuvega/Descargas/crypto-etl-airflow/airflow-apache/lib/python3.11/site-packages/airflow/example_dags/example_python_operator.py
[2025-04-27T20:47:32.427-0300] {processor.py:840} INFO - DAG(s) 'example_python_operator' retrieved from /home/facuvega/Descargas/crypto-etl-airflow/airflow-apache/lib/python3.11/site-packages/airflow/example_dags/example_python_operator.py
[2025-04-27T20:47:32.450-0300] {logging_mixin.py:188} INFO - [2025-04-27T20:47:32.450-0300] {dag.py:3096} INFO - Sync 1 DAGs
[2025-04-27T20:47:32.469-0300] {logging_mixin.py:188} INFO - [2025-04-27T20:47:32.469-0300] {dag.py:3954} INFO - Setting next_dagrun for example_python_operator to None, run_after=None
[2025-04-27T20:47:32.488-0300] {processor.py:183} INFO - Processing /home/facuvega/Descargas/crypto-etl-airflow/airflow-apache/lib/python3.11/site-packages/airflow/example_dags/example_python_operator.py took 0.086 seconds
[2025-04-27T20:48:33.709-0300] {processor.py:161} INFO - Started process (PID=21206) to work on /home/facuvega/Descargas/crypto-etl-airflow/airflow-apache/lib/python3.11/site-packages/airflow/example_dags/example_python_operator.py
[2025-04-27T20:48:33.710-0300] {processor.py:830} INFO - Processing file /home/facuvega/Descargas/crypto-etl-airflow/airflow-apache/lib/python3.11/site-packages/airflow/example_dags/example_python_operator.py for tasks to queue
[2025-04-27T20:48:33.713-0300] {logging_mixin.py:188} INFO - [2025-04-27T20:48:33.713-0300] {dagbag.py:540} INFO - Filling up the DagBag from /home/facuvega/Descargas/crypto-etl-airflow/airflow-apache/lib/python3.11/site-packages/airflow/example_dags/example_python_operator.py
[2025-04-27T20:48:33.736-0300] {processor.py:840} INFO - DAG(s) 'example_python_operator' retrieved from /home/facuvega/Descargas/crypto-etl-airflow/airflow-apache/lib/python3.11/site-packages/airflow/example_dags/example_python_operator.py
[2025-04-27T20:48:33.754-0300] {logging_mixin.py:188} INFO - [2025-04-27T20:48:33.753-0300] {dag.py:3096} INFO - Sync 1 DAGs
[2025-04-27T20:48:33.763-0300] {logging_mixin.py:188} INFO - [2025-04-27T20:48:33.763-0300] {dag.py:3954} INFO - Setting next_dagrun for example_python_operator to None, run_after=None
[2025-04-27T20:48:33.776-0300] {processor.py:183} INFO - Processing /home/facuvega/Descargas/crypto-etl-airflow/airflow-apache/lib/python3.11/site-packages/airflow/example_dags/example_python_operator.py took 0.073 seconds
[2025-04-27T20:49:18.667-0300] {processor.py:161} INFO - Started process (PID=21476) to work on /home/facuvega/Descargas/crypto-etl-airflow/airflow-apache/lib/python3.11/site-packages/airflow/example_dags/example_python_operator.py
[2025-04-27T20:49:18.668-0300] {processor.py:830} INFO - Processing file /home/facuvega/Descargas/crypto-etl-airflow/airflow-apache/lib/python3.11/site-packages/airflow/example_dags/example_python_operator.py for tasks to queue
[2025-04-27T20:49:18.670-0300] {logging_mixin.py:188} INFO - [2025-04-27T20:49:18.669-0300] {dagbag.py:540} INFO - Filling up the DagBag from /home/facuvega/Descargas/crypto-etl-airflow/airflow-apache/lib/python3.11/site-packages/airflow/example_dags/example_python_operator.py
[2025-04-27T20:49:18.682-0300] {processor.py:840} INFO - DAG(s) 'example_python_operator' retrieved from /home/facuvega/Descargas/crypto-etl-airflow/airflow-apache/lib/python3.11/site-packages/airflow/example_dags/example_python_operator.py
[2025-04-27T20:49:18.697-0300] {logging_mixin.py:188} INFO - [2025-04-27T20:49:18.696-0300] {dag.py:3096} INFO - Sync 1 DAGs
[2025-04-27T20:49:18.707-0300] {logging_mixin.py:188} INFO - [2025-04-27T20:49:18.706-0300] {dag.py:3954} INFO - Setting next_dagrun for example_python_operator to None, run_after=None
[2025-04-27T20:49:18.721-0300] {processor.py:183} INFO - Processing /home/facuvega/Descargas/crypto-etl-airflow/airflow-apache/lib/python3.11/site-packages/airflow/example_dags/example_python_operator.py took 0.061 seconds
[2025-04-27T20:50:02.660-0300] {processor.py:161} INFO - Started process (PID=21791) to work on /home/facuvega/Descargas/crypto-etl-airflow/airflow-apache/lib/python3.11/site-packages/airflow/example_dags/example_python_operator.py
[2025-04-27T20:50:02.663-0300] {processor.py:830} INFO - Processing file /home/facuvega/Descargas/crypto-etl-airflow/airflow-apache/lib/python3.11/site-packages/airflow/example_dags/example_python_operator.py for tasks to queue
[2025-04-27T20:50:02.669-0300] {logging_mixin.py:188} INFO - [2025-04-27T20:50:02.669-0300] {dagbag.py:540} INFO - Filling up the DagBag from /home/facuvega/Descargas/crypto-etl-airflow/airflow-apache/lib/python3.11/site-packages/airflow/example_dags/example_python_operator.py
[2025-04-27T20:50:02.688-0300] {processor.py:840} INFO - DAG(s) 'example_python_operator' retrieved from /home/facuvega/Descargas/crypto-etl-airflow/airflow-apache/lib/python3.11/site-packages/airflow/example_dags/example_python_operator.py
[2025-04-27T20:50:02.719-0300] {logging_mixin.py:188} INFO - [2025-04-27T20:50:02.719-0300] {dag.py:3096} INFO - Sync 1 DAGs
[2025-04-27T20:50:02.769-0300] {logging_mixin.py:188} INFO - [2025-04-27T20:50:02.769-0300] {dag.py:3954} INFO - Setting next_dagrun for example_python_operator to None, run_after=None
[2025-04-27T20:50:02.833-0300] {processor.py:183} INFO - Processing /home/facuvega/Descargas/crypto-etl-airflow/airflow-apache/lib/python3.11/site-packages/airflow/example_dags/example_python_operator.py took 0.184 seconds
[2025-04-27T20:50:47.617-0300] {processor.py:161} INFO - Started process (PID=22039) to work on /home/facuvega/Descargas/crypto-etl-airflow/airflow-apache/lib/python3.11/site-packages/airflow/example_dags/example_python_operator.py
[2025-04-27T20:50:47.618-0300] {processor.py:830} INFO - Processing file /home/facuvega/Descargas/crypto-etl-airflow/airflow-apache/lib/python3.11/site-packages/airflow/example_dags/example_python_operator.py for tasks to queue
[2025-04-27T20:50:47.620-0300] {logging_mixin.py:188} INFO - [2025-04-27T20:50:47.619-0300] {dagbag.py:540} INFO - Filling up the DagBag from /home/facuvega/Descargas/crypto-etl-airflow/airflow-apache/lib/python3.11/site-packages/airflow/example_dags/example_python_operator.py
[2025-04-27T20:50:47.631-0300] {processor.py:840} INFO - DAG(s) 'example_python_operator' retrieved from /home/facuvega/Descargas/crypto-etl-airflow/airflow-apache/lib/python3.11/site-packages/airflow/example_dags/example_python_operator.py
[2025-04-27T20:50:47.646-0300] {logging_mixin.py:188} INFO - [2025-04-27T20:50:47.646-0300] {dag.py:3096} INFO - Sync 1 DAGs
[2025-04-27T20:50:47.656-0300] {logging_mixin.py:188} INFO - [2025-04-27T20:50:47.656-0300] {dag.py:3954} INFO - Setting next_dagrun for example_python_operator to None, run_after=None
[2025-04-27T20:50:47.671-0300] {processor.py:183} INFO - Processing /home/facuvega/Descargas/crypto-etl-airflow/airflow-apache/lib/python3.11/site-packages/airflow/example_dags/example_python_operator.py took 0.060 seconds
[2025-04-27T20:51:44.037-0300] {processor.py:161} INFO - Started process (PID=22537) to work on /home/facuvega/Descargas/crypto-etl-airflow/airflow-apache/lib/python3.11/site-packages/airflow/example_dags/example_python_operator.py
[2025-04-27T20:51:44.039-0300] {processor.py:830} INFO - Processing file /home/facuvega/Descargas/crypto-etl-airflow/airflow-apache/lib/python3.11/site-packages/airflow/example_dags/example_python_operator.py for tasks to queue
[2025-04-27T20:51:44.042-0300] {logging_mixin.py:188} INFO - [2025-04-27T20:51:44.042-0300] {dagbag.py:540} INFO - Filling up the DagBag from /home/facuvega/Descargas/crypto-etl-airflow/airflow-apache/lib/python3.11/site-packages/airflow/example_dags/example_python_operator.py
[2025-04-27T20:51:44.059-0300] {processor.py:840} INFO - DAG(s) 'example_python_operator' retrieved from /home/facuvega/Descargas/crypto-etl-airflow/airflow-apache/lib/python3.11/site-packages/airflow/example_dags/example_python_operator.py
[2025-04-27T20:51:44.086-0300] {logging_mixin.py:188} INFO - [2025-04-27T20:51:44.086-0300] {dag.py:3096} INFO - Sync 1 DAGs
[2025-04-27T20:51:44.104-0300] {logging_mixin.py:188} INFO - [2025-04-27T20:51:44.103-0300] {dag.py:3954} INFO - Setting next_dagrun for example_python_operator to None, run_after=None
[2025-04-27T20:51:44.123-0300] {processor.py:183} INFO - Processing /home/facuvega/Descargas/crypto-etl-airflow/airflow-apache/lib/python3.11/site-packages/airflow/example_dags/example_python_operator.py took 0.094 seconds
