[2025-04-27T20:10:15.696-0300] {processor.py:161} INFO - Started process (PID=9374) to work on /home/facuvega/Descargas/crypto-etl-airflow/airflow-apache/lib/python3.11/site-packages/airflow/example_dags/example_sensor_decorator.py
[2025-04-27T20:10:15.697-0300] {processor.py:830} INFO - Processing file /home/facuvega/Descargas/crypto-etl-airflow/airflow-apache/lib/python3.11/site-packages/airflow/example_dags/example_sensor_decorator.py for tasks to queue
[2025-04-27T20:10:15.699-0300] {logging_mixin.py:188} INFO - [2025-04-27T20:10:15.698-0300] {dagbag.py:540} INFO - Filling up the DagBag from /home/facuvega/Descargas/crypto-etl-airflow/airflow-apache/lib/python3.11/site-packages/airflow/example_dags/example_sensor_decorator.py
[2025-04-27T20:10:15.706-0300] {processor.py:840} INFO - DAG(s) 'example_sensor_decorator' retrieved from /home/facuvega/Descargas/crypto-etl-airflow/airflow-apache/lib/python3.11/site-packages/airflow/example_dags/example_sensor_decorator.py
[2025-04-27T20:10:15.808-0300] {logging_mixin.py:188} INFO - [2025-04-27T20:10:15.804-0300] {override.py:1829} INFO - Created Permission View: can edit on DAG:example_sensor_decorator
[2025-04-27T20:10:15.819-0300] {logging_mixin.py:188} INFO - [2025-04-27T20:10:15.818-0300] {override.py:1829} INFO - Created Permission View: can delete on DAG:example_sensor_decorator
[2025-04-27T20:10:15.825-0300] {logging_mixin.py:188} INFO - [2025-04-27T20:10:15.825-0300] {override.py:1829} INFO - Created Permission View: can read on DAG:example_sensor_decorator
[2025-04-27T20:10:15.827-0300] {logging_mixin.py:188} INFO - [2025-04-27T20:10:15.825-0300] {dag.py:3096} INFO - Sync 1 DAGs
[2025-04-27T20:10:15.835-0300] {logging_mixin.py:188} INFO - [2025-04-27T20:10:15.835-0300] {dag.py:3118} INFO - Creating ORM DAG for example_sensor_decorator
[2025-04-27T20:10:15.836-0300] {logging_mixin.py:188} INFO - [2025-04-27T20:10:15.836-0300] {dag.py:3954} INFO - Setting next_dagrun for example_sensor_decorator to None, run_after=None
[2025-04-27T20:10:15.859-0300] {processor.py:183} INFO - Processing /home/facuvega/Descargas/crypto-etl-airflow/airflow-apache/lib/python3.11/site-packages/airflow/example_dags/example_sensor_decorator.py took 0.176 seconds
[2025-04-27T20:11:14.217-0300] {processor.py:161} INFO - Started process (PID=9880) to work on /home/facuvega/Descargas/crypto-etl-airflow/airflow-apache/lib/python3.11/site-packages/airflow/example_dags/example_sensor_decorator.py
[2025-04-27T20:11:14.218-0300] {processor.py:830} INFO - Processing file /home/facuvega/Descargas/crypto-etl-airflow/airflow-apache/lib/python3.11/site-packages/airflow/example_dags/example_sensor_decorator.py for tasks to queue
[2025-04-27T20:11:14.220-0300] {logging_mixin.py:188} INFO - [2025-04-27T20:11:14.219-0300] {dagbag.py:540} INFO - Filling up the DagBag from /home/facuvega/Descargas/crypto-etl-airflow/airflow-apache/lib/python3.11/site-packages/airflow/example_dags/example_sensor_decorator.py
[2025-04-27T20:11:14.228-0300] {processor.py:840} INFO - DAG(s) 'example_sensor_decorator' retrieved from /home/facuvega/Descargas/crypto-etl-airflow/airflow-apache/lib/python3.11/site-packages/airflow/example_dags/example_sensor_decorator.py
[2025-04-27T20:11:14.243-0300] {logging_mixin.py:188} INFO - [2025-04-27T20:11:14.243-0300] {dag.py:3096} INFO - Sync 1 DAGs
[2025-04-27T20:11:14.252-0300] {logging_mixin.py:188} INFO - [2025-04-27T20:11:14.252-0300] {dag.py:3954} INFO - Setting next_dagrun for example_sensor_decorator to None, run_after=None
[2025-04-27T20:11:14.267-0300] {processor.py:183} INFO - Processing /home/facuvega/Descargas/crypto-etl-airflow/airflow-apache/lib/python3.11/site-packages/airflow/example_dags/example_sensor_decorator.py took 0.055 seconds
[2025-04-27T20:12:03.757-0300] {processor.py:161} INFO - Started process (PID=10169) to work on /home/facuvega/Descargas/crypto-etl-airflow/airflow-apache/lib/python3.11/site-packages/airflow/example_dags/example_sensor_decorator.py
[2025-04-27T20:12:03.758-0300] {processor.py:830} INFO - Processing file /home/facuvega/Descargas/crypto-etl-airflow/airflow-apache/lib/python3.11/site-packages/airflow/example_dags/example_sensor_decorator.py for tasks to queue
[2025-04-27T20:12:03.760-0300] {logging_mixin.py:188} INFO - [2025-04-27T20:12:03.760-0300] {dagbag.py:540} INFO - Filling up the DagBag from /home/facuvega/Descargas/crypto-etl-airflow/airflow-apache/lib/python3.11/site-packages/airflow/example_dags/example_sensor_decorator.py
[2025-04-27T20:12:03.767-0300] {processor.py:840} INFO - DAG(s) 'example_sensor_decorator' retrieved from /home/facuvega/Descargas/crypto-etl-airflow/airflow-apache/lib/python3.11/site-packages/airflow/example_dags/example_sensor_decorator.py
[2025-04-27T20:12:03.785-0300] {logging_mixin.py:188} INFO - [2025-04-27T20:12:03.785-0300] {dag.py:3096} INFO - Sync 1 DAGs
[2025-04-27T20:12:03.799-0300] {logging_mixin.py:188} INFO - [2025-04-27T20:12:03.799-0300] {dag.py:3954} INFO - Setting next_dagrun for example_sensor_decorator to None, run_after=None
[2025-04-27T20:12:03.819-0300] {processor.py:183} INFO - Processing /home/facuvega/Descargas/crypto-etl-airflow/airflow-apache/lib/python3.11/site-packages/airflow/example_dags/example_sensor_decorator.py took 0.068 seconds
[2025-04-27T20:12:54.748-0300] {processor.py:161} INFO - Started process (PID=10544) to work on /home/facuvega/Descargas/crypto-etl-airflow/airflow-apache/lib/python3.11/site-packages/airflow/example_dags/example_sensor_decorator.py
[2025-04-27T20:12:54.749-0300] {processor.py:830} INFO - Processing file /home/facuvega/Descargas/crypto-etl-airflow/airflow-apache/lib/python3.11/site-packages/airflow/example_dags/example_sensor_decorator.py for tasks to queue
[2025-04-27T20:12:54.751-0300] {logging_mixin.py:188} INFO - [2025-04-27T20:12:54.751-0300] {dagbag.py:540} INFO - Filling up the DagBag from /home/facuvega/Descargas/crypto-etl-airflow/airflow-apache/lib/python3.11/site-packages/airflow/example_dags/example_sensor_decorator.py
[2025-04-27T20:12:54.758-0300] {processor.py:840} INFO - DAG(s) 'example_sensor_decorator' retrieved from /home/facuvega/Descargas/crypto-etl-airflow/airflow-apache/lib/python3.11/site-packages/airflow/example_dags/example_sensor_decorator.py
[2025-04-27T20:12:54.775-0300] {logging_mixin.py:188} INFO - [2025-04-27T20:12:54.774-0300] {dag.py:3096} INFO - Sync 1 DAGs
[2025-04-27T20:12:54.785-0300] {logging_mixin.py:188} INFO - [2025-04-27T20:12:54.785-0300] {dag.py:3954} INFO - Setting next_dagrun for example_sensor_decorator to None, run_after=None
[2025-04-27T20:12:54.801-0300] {processor.py:183} INFO - Processing /home/facuvega/Descargas/crypto-etl-airflow/airflow-apache/lib/python3.11/site-packages/airflow/example_dags/example_sensor_decorator.py took 0.058 seconds
[2025-04-27T20:13:52.101-0300] {processor.py:161} INFO - Started process (PID=10810) to work on /home/facuvega/Descargas/crypto-etl-airflow/airflow-apache/lib/python3.11/site-packages/airflow/example_dags/example_sensor_decorator.py
[2025-04-27T20:13:52.102-0300] {processor.py:830} INFO - Processing file /home/facuvega/Descargas/crypto-etl-airflow/airflow-apache/lib/python3.11/site-packages/airflow/example_dags/example_sensor_decorator.py for tasks to queue
[2025-04-27T20:13:52.103-0300] {logging_mixin.py:188} INFO - [2025-04-27T20:13:52.103-0300] {dagbag.py:540} INFO - Filling up the DagBag from /home/facuvega/Descargas/crypto-etl-airflow/airflow-apache/lib/python3.11/site-packages/airflow/example_dags/example_sensor_decorator.py
[2025-04-27T20:13:52.109-0300] {processor.py:840} INFO - DAG(s) 'example_sensor_decorator' retrieved from /home/facuvega/Descargas/crypto-etl-airflow/airflow-apache/lib/python3.11/site-packages/airflow/example_dags/example_sensor_decorator.py
[2025-04-27T20:13:52.122-0300] {logging_mixin.py:188} INFO - [2025-04-27T20:13:52.122-0300] {dag.py:3096} INFO - Sync 1 DAGs
[2025-04-27T20:13:52.130-0300] {logging_mixin.py:188} INFO - [2025-04-27T20:13:52.130-0300] {dag.py:3954} INFO - Setting next_dagrun for example_sensor_decorator to None, run_after=None
[2025-04-27T20:13:52.148-0300] {processor.py:183} INFO - Processing /home/facuvega/Descargas/crypto-etl-airflow/airflow-apache/lib/python3.11/site-packages/airflow/example_dags/example_sensor_decorator.py took 0.052 seconds
[2025-04-27T20:14:52.051-0300] {processor.py:161} INFO - Started process (PID=11108) to work on /home/facuvega/Descargas/crypto-etl-airflow/airflow-apache/lib/python3.11/site-packages/airflow/example_dags/example_sensor_decorator.py
[2025-04-27T20:14:52.052-0300] {processor.py:830} INFO - Processing file /home/facuvega/Descargas/crypto-etl-airflow/airflow-apache/lib/python3.11/site-packages/airflow/example_dags/example_sensor_decorator.py for tasks to queue
[2025-04-27T20:14:52.053-0300] {logging_mixin.py:188} INFO - [2025-04-27T20:14:52.053-0300] {dagbag.py:540} INFO - Filling up the DagBag from /home/facuvega/Descargas/crypto-etl-airflow/airflow-apache/lib/python3.11/site-packages/airflow/example_dags/example_sensor_decorator.py
[2025-04-27T20:14:52.059-0300] {processor.py:840} INFO - DAG(s) 'example_sensor_decorator' retrieved from /home/facuvega/Descargas/crypto-etl-airflow/airflow-apache/lib/python3.11/site-packages/airflow/example_dags/example_sensor_decorator.py
[2025-04-27T20:14:52.073-0300] {logging_mixin.py:188} INFO - [2025-04-27T20:14:52.072-0300] {dag.py:3096} INFO - Sync 1 DAGs
[2025-04-27T20:14:52.082-0300] {logging_mixin.py:188} INFO - [2025-04-27T20:14:52.082-0300] {dag.py:3954} INFO - Setting next_dagrun for example_sensor_decorator to None, run_after=None
[2025-04-27T20:14:52.095-0300] {processor.py:183} INFO - Processing /home/facuvega/Descargas/crypto-etl-airflow/airflow-apache/lib/python3.11/site-packages/airflow/example_dags/example_sensor_decorator.py took 0.051 seconds
[2025-04-27T20:15:50.381-0300] {processor.py:161} INFO - Started process (PID=11371) to work on /home/facuvega/Descargas/crypto-etl-airflow/airflow-apache/lib/python3.11/site-packages/airflow/example_dags/example_sensor_decorator.py
[2025-04-27T20:15:50.382-0300] {processor.py:830} INFO - Processing file /home/facuvega/Descargas/crypto-etl-airflow/airflow-apache/lib/python3.11/site-packages/airflow/example_dags/example_sensor_decorator.py for tasks to queue
[2025-04-27T20:15:50.385-0300] {logging_mixin.py:188} INFO - [2025-04-27T20:15:50.384-0300] {dagbag.py:540} INFO - Filling up the DagBag from /home/facuvega/Descargas/crypto-etl-airflow/airflow-apache/lib/python3.11/site-packages/airflow/example_dags/example_sensor_decorator.py
[2025-04-27T20:15:50.391-0300] {processor.py:840} INFO - DAG(s) 'example_sensor_decorator' retrieved from /home/facuvega/Descargas/crypto-etl-airflow/airflow-apache/lib/python3.11/site-packages/airflow/example_dags/example_sensor_decorator.py
[2025-04-27T20:15:50.404-0300] {logging_mixin.py:188} INFO - [2025-04-27T20:15:50.404-0300] {dag.py:3096} INFO - Sync 1 DAGs
[2025-04-27T20:15:50.413-0300] {logging_mixin.py:188} INFO - [2025-04-27T20:15:50.412-0300] {dag.py:3954} INFO - Setting next_dagrun for example_sensor_decorator to None, run_after=None
[2025-04-27T20:15:50.429-0300] {processor.py:183} INFO - Processing /home/facuvega/Descargas/crypto-etl-airflow/airflow-apache/lib/python3.11/site-packages/airflow/example_dags/example_sensor_decorator.py took 0.054 seconds
[2025-04-27T20:16:50.935-0300] {processor.py:161} INFO - Started process (PID=11645) to work on /home/facuvega/Descargas/crypto-etl-airflow/airflow-apache/lib/python3.11/site-packages/airflow/example_dags/example_sensor_decorator.py
[2025-04-27T20:16:50.936-0300] {processor.py:830} INFO - Processing file /home/facuvega/Descargas/crypto-etl-airflow/airflow-apache/lib/python3.11/site-packages/airflow/example_dags/example_sensor_decorator.py for tasks to queue
[2025-04-27T20:16:50.939-0300] {logging_mixin.py:188} INFO - [2025-04-27T20:16:50.938-0300] {dagbag.py:540} INFO - Filling up the DagBag from /home/facuvega/Descargas/crypto-etl-airflow/airflow-apache/lib/python3.11/site-packages/airflow/example_dags/example_sensor_decorator.py
[2025-04-27T20:16:50.947-0300] {processor.py:840} INFO - DAG(s) 'example_sensor_decorator' retrieved from /home/facuvega/Descargas/crypto-etl-airflow/airflow-apache/lib/python3.11/site-packages/airflow/example_dags/example_sensor_decorator.py
[2025-04-27T20:16:50.965-0300] {logging_mixin.py:188} INFO - [2025-04-27T20:16:50.965-0300] {dag.py:3096} INFO - Sync 1 DAGs
[2025-04-27T20:16:50.977-0300] {logging_mixin.py:188} INFO - [2025-04-27T20:16:50.977-0300] {dag.py:3954} INFO - Setting next_dagrun for example_sensor_decorator to None, run_after=None
[2025-04-27T20:16:50.993-0300] {processor.py:183} INFO - Processing /home/facuvega/Descargas/crypto-etl-airflow/airflow-apache/lib/python3.11/site-packages/airflow/example_dags/example_sensor_decorator.py took 0.066 seconds
[2025-04-27T20:17:34.224-0300] {processor.py:161} INFO - Started process (PID=11843) to work on /home/facuvega/Descargas/crypto-etl-airflow/airflow-apache/lib/python3.11/site-packages/airflow/example_dags/example_sensor_decorator.py
[2025-04-27T20:17:34.225-0300] {processor.py:830} INFO - Processing file /home/facuvega/Descargas/crypto-etl-airflow/airflow-apache/lib/python3.11/site-packages/airflow/example_dags/example_sensor_decorator.py for tasks to queue
[2025-04-27T20:17:34.227-0300] {logging_mixin.py:188} INFO - [2025-04-27T20:17:34.227-0300] {dagbag.py:540} INFO - Filling up the DagBag from /home/facuvega/Descargas/crypto-etl-airflow/airflow-apache/lib/python3.11/site-packages/airflow/example_dags/example_sensor_decorator.py
[2025-04-27T20:17:34.234-0300] {processor.py:840} INFO - DAG(s) 'example_sensor_decorator' retrieved from /home/facuvega/Descargas/crypto-etl-airflow/airflow-apache/lib/python3.11/site-packages/airflow/example_dags/example_sensor_decorator.py
[2025-04-27T20:17:34.249-0300] {logging_mixin.py:188} INFO - [2025-04-27T20:17:34.249-0300] {dag.py:3096} INFO - Sync 1 DAGs
[2025-04-27T20:17:34.260-0300] {logging_mixin.py:188} INFO - [2025-04-27T20:17:34.260-0300] {dag.py:3954} INFO - Setting next_dagrun for example_sensor_decorator to None, run_after=None
[2025-04-27T20:17:34.277-0300] {processor.py:183} INFO - Processing /home/facuvega/Descargas/crypto-etl-airflow/airflow-apache/lib/python3.11/site-packages/airflow/example_dags/example_sensor_decorator.py took 0.059 seconds
[2025-04-27T20:18:32.220-0300] {processor.py:161} INFO - Started process (PID=12233) to work on /home/facuvega/Descargas/crypto-etl-airflow/airflow-apache/lib/python3.11/site-packages/airflow/example_dags/example_sensor_decorator.py
[2025-04-27T20:18:32.221-0300] {processor.py:830} INFO - Processing file /home/facuvega/Descargas/crypto-etl-airflow/airflow-apache/lib/python3.11/site-packages/airflow/example_dags/example_sensor_decorator.py for tasks to queue
[2025-04-27T20:18:32.223-0300] {logging_mixin.py:188} INFO - [2025-04-27T20:18:32.223-0300] {dagbag.py:540} INFO - Filling up the DagBag from /home/facuvega/Descargas/crypto-etl-airflow/airflow-apache/lib/python3.11/site-packages/airflow/example_dags/example_sensor_decorator.py
[2025-04-27T20:18:32.230-0300] {processor.py:840} INFO - DAG(s) 'example_sensor_decorator' retrieved from /home/facuvega/Descargas/crypto-etl-airflow/airflow-apache/lib/python3.11/site-packages/airflow/example_dags/example_sensor_decorator.py
[2025-04-27T20:18:32.244-0300] {logging_mixin.py:188} INFO - [2025-04-27T20:18:32.244-0300] {dag.py:3096} INFO - Sync 1 DAGs
[2025-04-27T20:18:32.255-0300] {logging_mixin.py:188} INFO - [2025-04-27T20:18:32.255-0300] {dag.py:3954} INFO - Setting next_dagrun for example_sensor_decorator to None, run_after=None
[2025-04-27T20:18:32.271-0300] {processor.py:183} INFO - Processing /home/facuvega/Descargas/crypto-etl-airflow/airflow-apache/lib/python3.11/site-packages/airflow/example_dags/example_sensor_decorator.py took 0.056 seconds
[2025-04-27T20:19:31.605-0300] {processor.py:161} INFO - Started process (PID=12501) to work on /home/facuvega/Descargas/crypto-etl-airflow/airflow-apache/lib/python3.11/site-packages/airflow/example_dags/example_sensor_decorator.py
[2025-04-27T20:19:31.606-0300] {processor.py:830} INFO - Processing file /home/facuvega/Descargas/crypto-etl-airflow/airflow-apache/lib/python3.11/site-packages/airflow/example_dags/example_sensor_decorator.py for tasks to queue
[2025-04-27T20:19:31.607-0300] {logging_mixin.py:188} INFO - [2025-04-27T20:19:31.607-0300] {dagbag.py:540} INFO - Filling up the DagBag from /home/facuvega/Descargas/crypto-etl-airflow/airflow-apache/lib/python3.11/site-packages/airflow/example_dags/example_sensor_decorator.py
[2025-04-27T20:19:31.613-0300] {processor.py:840} INFO - DAG(s) 'example_sensor_decorator' retrieved from /home/facuvega/Descargas/crypto-etl-airflow/airflow-apache/lib/python3.11/site-packages/airflow/example_dags/example_sensor_decorator.py
[2025-04-27T20:19:31.626-0300] {logging_mixin.py:188} INFO - [2025-04-27T20:19:31.626-0300] {dag.py:3096} INFO - Sync 1 DAGs
[2025-04-27T20:19:31.634-0300] {logging_mixin.py:188} INFO - [2025-04-27T20:19:31.634-0300] {dag.py:3954} INFO - Setting next_dagrun for example_sensor_decorator to None, run_after=None
[2025-04-27T20:19:31.648-0300] {processor.py:183} INFO - Processing /home/facuvega/Descargas/crypto-etl-airflow/airflow-apache/lib/python3.11/site-packages/airflow/example_dags/example_sensor_decorator.py took 0.049 seconds
[2025-04-27T20:20:30.541-0300] {processor.py:161} INFO - Started process (PID=12822) to work on /home/facuvega/Descargas/crypto-etl-airflow/airflow-apache/lib/python3.11/site-packages/airflow/example_dags/example_sensor_decorator.py
[2025-04-27T20:20:30.542-0300] {processor.py:830} INFO - Processing file /home/facuvega/Descargas/crypto-etl-airflow/airflow-apache/lib/python3.11/site-packages/airflow/example_dags/example_sensor_decorator.py for tasks to queue
[2025-04-27T20:20:30.544-0300] {logging_mixin.py:188} INFO - [2025-04-27T20:20:30.544-0300] {dagbag.py:540} INFO - Filling up the DagBag from /home/facuvega/Descargas/crypto-etl-airflow/airflow-apache/lib/python3.11/site-packages/airflow/example_dags/example_sensor_decorator.py
[2025-04-27T20:20:30.551-0300] {processor.py:840} INFO - DAG(s) 'example_sensor_decorator' retrieved from /home/facuvega/Descargas/crypto-etl-airflow/airflow-apache/lib/python3.11/site-packages/airflow/example_dags/example_sensor_decorator.py
[2025-04-27T20:20:30.566-0300] {logging_mixin.py:188} INFO - [2025-04-27T20:20:30.566-0300] {dag.py:3096} INFO - Sync 1 DAGs
[2025-04-27T20:20:30.588-0300] {logging_mixin.py:188} INFO - [2025-04-27T20:20:30.588-0300] {dag.py:3954} INFO - Setting next_dagrun for example_sensor_decorator to None, run_after=None
[2025-04-27T20:20:30.607-0300] {processor.py:183} INFO - Processing /home/facuvega/Descargas/crypto-etl-airflow/airflow-apache/lib/python3.11/site-packages/airflow/example_dags/example_sensor_decorator.py took 0.071 seconds
[2025-04-27T20:21:31.225-0300] {processor.py:161} INFO - Started process (PID=13093) to work on /home/facuvega/Descargas/crypto-etl-airflow/airflow-apache/lib/python3.11/site-packages/airflow/example_dags/example_sensor_decorator.py
[2025-04-27T20:21:31.226-0300] {processor.py:830} INFO - Processing file /home/facuvega/Descargas/crypto-etl-airflow/airflow-apache/lib/python3.11/site-packages/airflow/example_dags/example_sensor_decorator.py for tasks to queue
[2025-04-27T20:21:31.229-0300] {logging_mixin.py:188} INFO - [2025-04-27T20:21:31.229-0300] {dagbag.py:540} INFO - Filling up the DagBag from /home/facuvega/Descargas/crypto-etl-airflow/airflow-apache/lib/python3.11/site-packages/airflow/example_dags/example_sensor_decorator.py
[2025-04-27T20:21:31.238-0300] {processor.py:840} INFO - DAG(s) 'example_sensor_decorator' retrieved from /home/facuvega/Descargas/crypto-etl-airflow/airflow-apache/lib/python3.11/site-packages/airflow/example_dags/example_sensor_decorator.py
[2025-04-27T20:21:31.253-0300] {logging_mixin.py:188} INFO - [2025-04-27T20:21:31.252-0300] {dag.py:3096} INFO - Sync 1 DAGs
[2025-04-27T20:21:31.263-0300] {logging_mixin.py:188} INFO - [2025-04-27T20:21:31.263-0300] {dag.py:3954} INFO - Setting next_dagrun for example_sensor_decorator to None, run_after=None
[2025-04-27T20:21:31.279-0300] {processor.py:183} INFO - Processing /home/facuvega/Descargas/crypto-etl-airflow/airflow-apache/lib/python3.11/site-packages/airflow/example_dags/example_sensor_decorator.py took 0.061 seconds
[2025-04-27T20:22:34.616-0300] {processor.py:161} INFO - Started process (PID=13383) to work on /home/facuvega/Descargas/crypto-etl-airflow/airflow-apache/lib/python3.11/site-packages/airflow/example_dags/example_sensor_decorator.py
[2025-04-27T20:22:34.617-0300] {processor.py:830} INFO - Processing file /home/facuvega/Descargas/crypto-etl-airflow/airflow-apache/lib/python3.11/site-packages/airflow/example_dags/example_sensor_decorator.py for tasks to queue
[2025-04-27T20:22:34.618-0300] {logging_mixin.py:188} INFO - [2025-04-27T20:22:34.618-0300] {dagbag.py:540} INFO - Filling up the DagBag from /home/facuvega/Descargas/crypto-etl-airflow/airflow-apache/lib/python3.11/site-packages/airflow/example_dags/example_sensor_decorator.py
[2025-04-27T20:22:34.624-0300] {processor.py:840} INFO - DAG(s) 'example_sensor_decorator' retrieved from /home/facuvega/Descargas/crypto-etl-airflow/airflow-apache/lib/python3.11/site-packages/airflow/example_dags/example_sensor_decorator.py
[2025-04-27T20:22:34.638-0300] {logging_mixin.py:188} INFO - [2025-04-27T20:22:34.638-0300] {dag.py:3096} INFO - Sync 1 DAGs
[2025-04-27T20:22:34.647-0300] {logging_mixin.py:188} INFO - [2025-04-27T20:22:34.646-0300] {dag.py:3954} INFO - Setting next_dagrun for example_sensor_decorator to None, run_after=None
[2025-04-27T20:22:34.660-0300] {processor.py:183} INFO - Processing /home/facuvega/Descargas/crypto-etl-airflow/airflow-apache/lib/python3.11/site-packages/airflow/example_dags/example_sensor_decorator.py took 0.050 seconds
[2025-04-27T20:23:18.899-0300] {processor.py:161} INFO - Started process (PID=13583) to work on /home/facuvega/Descargas/crypto-etl-airflow/airflow-apache/lib/python3.11/site-packages/airflow/example_dags/example_sensor_decorator.py
[2025-04-27T20:23:18.900-0300] {processor.py:830} INFO - Processing file /home/facuvega/Descargas/crypto-etl-airflow/airflow-apache/lib/python3.11/site-packages/airflow/example_dags/example_sensor_decorator.py for tasks to queue
[2025-04-27T20:23:18.902-0300] {logging_mixin.py:188} INFO - [2025-04-27T20:23:18.902-0300] {dagbag.py:540} INFO - Filling up the DagBag from /home/facuvega/Descargas/crypto-etl-airflow/airflow-apache/lib/python3.11/site-packages/airflow/example_dags/example_sensor_decorator.py
[2025-04-27T20:23:18.910-0300] {processor.py:840} INFO - DAG(s) 'example_sensor_decorator' retrieved from /home/facuvega/Descargas/crypto-etl-airflow/airflow-apache/lib/python3.11/site-packages/airflow/example_dags/example_sensor_decorator.py
[2025-04-27T20:23:18.928-0300] {logging_mixin.py:188} INFO - [2025-04-27T20:23:18.927-0300] {dag.py:3096} INFO - Sync 1 DAGs
[2025-04-27T20:23:18.939-0300] {logging_mixin.py:188} INFO - [2025-04-27T20:23:18.939-0300] {dag.py:3954} INFO - Setting next_dagrun for example_sensor_decorator to None, run_after=None
[2025-04-27T20:23:18.958-0300] {processor.py:183} INFO - Processing /home/facuvega/Descargas/crypto-etl-airflow/airflow-apache/lib/python3.11/site-packages/airflow/example_dags/example_sensor_decorator.py took 0.065 seconds
[2025-04-27T20:24:16.133-0300] {processor.py:161} INFO - Started process (PID=13838) to work on /home/facuvega/Descargas/crypto-etl-airflow/airflow-apache/lib/python3.11/site-packages/airflow/example_dags/example_sensor_decorator.py
[2025-04-27T20:24:16.134-0300] {processor.py:830} INFO - Processing file /home/facuvega/Descargas/crypto-etl-airflow/airflow-apache/lib/python3.11/site-packages/airflow/example_dags/example_sensor_decorator.py for tasks to queue
[2025-04-27T20:24:16.135-0300] {logging_mixin.py:188} INFO - [2025-04-27T20:24:16.135-0300] {dagbag.py:540} INFO - Filling up the DagBag from /home/facuvega/Descargas/crypto-etl-airflow/airflow-apache/lib/python3.11/site-packages/airflow/example_dags/example_sensor_decorator.py
[2025-04-27T20:24:16.140-0300] {processor.py:840} INFO - DAG(s) 'example_sensor_decorator' retrieved from /home/facuvega/Descargas/crypto-etl-airflow/airflow-apache/lib/python3.11/site-packages/airflow/example_dags/example_sensor_decorator.py
[2025-04-27T20:24:16.152-0300] {logging_mixin.py:188} INFO - [2025-04-27T20:24:16.152-0300] {dag.py:3096} INFO - Sync 1 DAGs
[2025-04-27T20:24:16.160-0300] {logging_mixin.py:188} INFO - [2025-04-27T20:24:16.160-0300] {dag.py:3954} INFO - Setting next_dagrun for example_sensor_decorator to None, run_after=None
[2025-04-27T20:24:16.173-0300] {processor.py:183} INFO - Processing /home/facuvega/Descargas/crypto-etl-airflow/airflow-apache/lib/python3.11/site-packages/airflow/example_dags/example_sensor_decorator.py took 0.045 seconds
[2025-04-27T20:25:09.731-0300] {processor.py:161} INFO - Started process (PID=14109) to work on /home/facuvega/Descargas/crypto-etl-airflow/airflow-apache/lib/python3.11/site-packages/airflow/example_dags/example_sensor_decorator.py
[2025-04-27T20:25:09.732-0300] {processor.py:830} INFO - Processing file /home/facuvega/Descargas/crypto-etl-airflow/airflow-apache/lib/python3.11/site-packages/airflow/example_dags/example_sensor_decorator.py for tasks to queue
[2025-04-27T20:25:09.734-0300] {logging_mixin.py:188} INFO - [2025-04-27T20:25:09.734-0300] {dagbag.py:540} INFO - Filling up the DagBag from /home/facuvega/Descargas/crypto-etl-airflow/airflow-apache/lib/python3.11/site-packages/airflow/example_dags/example_sensor_decorator.py
[2025-04-27T20:25:09.740-0300] {processor.py:840} INFO - DAG(s) 'example_sensor_decorator' retrieved from /home/facuvega/Descargas/crypto-etl-airflow/airflow-apache/lib/python3.11/site-packages/airflow/example_dags/example_sensor_decorator.py
[2025-04-27T20:25:09.756-0300] {logging_mixin.py:188} INFO - [2025-04-27T20:25:09.755-0300] {dag.py:3096} INFO - Sync 1 DAGs
[2025-04-27T20:25:09.770-0300] {logging_mixin.py:188} INFO - [2025-04-27T20:25:09.769-0300] {dag.py:3954} INFO - Setting next_dagrun for example_sensor_decorator to None, run_after=None
[2025-04-27T20:25:09.788-0300] {processor.py:183} INFO - Processing /home/facuvega/Descargas/crypto-etl-airflow/airflow-apache/lib/python3.11/site-packages/airflow/example_dags/example_sensor_decorator.py took 0.063 seconds
[2025-04-27T20:25:53.606-0300] {processor.py:161} INFO - Started process (PID=14309) to work on /home/facuvega/Descargas/crypto-etl-airflow/airflow-apache/lib/python3.11/site-packages/airflow/example_dags/example_sensor_decorator.py
[2025-04-27T20:25:53.607-0300] {processor.py:830} INFO - Processing file /home/facuvega/Descargas/crypto-etl-airflow/airflow-apache/lib/python3.11/site-packages/airflow/example_dags/example_sensor_decorator.py for tasks to queue
[2025-04-27T20:25:53.609-0300] {logging_mixin.py:188} INFO - [2025-04-27T20:25:53.608-0300] {dagbag.py:540} INFO - Filling up the DagBag from /home/facuvega/Descargas/crypto-etl-airflow/airflow-apache/lib/python3.11/site-packages/airflow/example_dags/example_sensor_decorator.py
[2025-04-27T20:25:53.614-0300] {processor.py:840} INFO - DAG(s) 'example_sensor_decorator' retrieved from /home/facuvega/Descargas/crypto-etl-airflow/airflow-apache/lib/python3.11/site-packages/airflow/example_dags/example_sensor_decorator.py
[2025-04-27T20:25:53.630-0300] {logging_mixin.py:188} INFO - [2025-04-27T20:25:53.629-0300] {dag.py:3096} INFO - Sync 1 DAGs
[2025-04-27T20:25:53.642-0300] {logging_mixin.py:188} INFO - [2025-04-27T20:25:53.641-0300] {dag.py:3954} INFO - Setting next_dagrun for example_sensor_decorator to None, run_after=None
[2025-04-27T20:25:53.658-0300] {processor.py:183} INFO - Processing /home/facuvega/Descargas/crypto-etl-airflow/airflow-apache/lib/python3.11/site-packages/airflow/example_dags/example_sensor_decorator.py took 0.058 seconds
[2025-04-27T20:26:37.626-0300] {processor.py:161} INFO - Started process (PID=14529) to work on /home/facuvega/Descargas/crypto-etl-airflow/airflow-apache/lib/python3.11/site-packages/airflow/example_dags/example_sensor_decorator.py
[2025-04-27T20:26:37.627-0300] {processor.py:830} INFO - Processing file /home/facuvega/Descargas/crypto-etl-airflow/airflow-apache/lib/python3.11/site-packages/airflow/example_dags/example_sensor_decorator.py for tasks to queue
[2025-04-27T20:26:37.629-0300] {logging_mixin.py:188} INFO - [2025-04-27T20:26:37.628-0300] {dagbag.py:540} INFO - Filling up the DagBag from /home/facuvega/Descargas/crypto-etl-airflow/airflow-apache/lib/python3.11/site-packages/airflow/example_dags/example_sensor_decorator.py
[2025-04-27T20:26:37.634-0300] {processor.py:840} INFO - DAG(s) 'example_sensor_decorator' retrieved from /home/facuvega/Descargas/crypto-etl-airflow/airflow-apache/lib/python3.11/site-packages/airflow/example_dags/example_sensor_decorator.py
[2025-04-27T20:26:37.646-0300] {logging_mixin.py:188} INFO - [2025-04-27T20:26:37.646-0300] {dag.py:3096} INFO - Sync 1 DAGs
[2025-04-27T20:26:37.654-0300] {logging_mixin.py:188} INFO - [2025-04-27T20:26:37.654-0300] {dag.py:3954} INFO - Setting next_dagrun for example_sensor_decorator to None, run_after=None
[2025-04-27T20:26:37.667-0300] {processor.py:183} INFO - Processing /home/facuvega/Descargas/crypto-etl-airflow/airflow-apache/lib/python3.11/site-packages/airflow/example_dags/example_sensor_decorator.py took 0.046 seconds
[2025-04-27T20:27:36.171-0300] {processor.py:161} INFO - Started process (PID=14787) to work on /home/facuvega/Descargas/crypto-etl-airflow/airflow-apache/lib/python3.11/site-packages/airflow/example_dags/example_sensor_decorator.py
[2025-04-27T20:27:36.172-0300] {processor.py:830} INFO - Processing file /home/facuvega/Descargas/crypto-etl-airflow/airflow-apache/lib/python3.11/site-packages/airflow/example_dags/example_sensor_decorator.py for tasks to queue
[2025-04-27T20:27:36.173-0300] {logging_mixin.py:188} INFO - [2025-04-27T20:27:36.173-0300] {dagbag.py:540} INFO - Filling up the DagBag from /home/facuvega/Descargas/crypto-etl-airflow/airflow-apache/lib/python3.11/site-packages/airflow/example_dags/example_sensor_decorator.py
[2025-04-27T20:27:36.179-0300] {processor.py:840} INFO - DAG(s) 'example_sensor_decorator' retrieved from /home/facuvega/Descargas/crypto-etl-airflow/airflow-apache/lib/python3.11/site-packages/airflow/example_dags/example_sensor_decorator.py
[2025-04-27T20:27:36.192-0300] {logging_mixin.py:188} INFO - [2025-04-27T20:27:36.192-0300] {dag.py:3096} INFO - Sync 1 DAGs
[2025-04-27T20:27:36.201-0300] {logging_mixin.py:188} INFO - [2025-04-27T20:27:36.201-0300] {dag.py:3954} INFO - Setting next_dagrun for example_sensor_decorator to None, run_after=None
[2025-04-27T20:27:36.214-0300] {processor.py:183} INFO - Processing /home/facuvega/Descargas/crypto-etl-airflow/airflow-apache/lib/python3.11/site-packages/airflow/example_dags/example_sensor_decorator.py took 0.049 seconds
[2025-04-27T20:28:36.846-0300] {processor.py:161} INFO - Started process (PID=15068) to work on /home/facuvega/Descargas/crypto-etl-airflow/airflow-apache/lib/python3.11/site-packages/airflow/example_dags/example_sensor_decorator.py
[2025-04-27T20:28:36.847-0300] {processor.py:830} INFO - Processing file /home/facuvega/Descargas/crypto-etl-airflow/airflow-apache/lib/python3.11/site-packages/airflow/example_dags/example_sensor_decorator.py for tasks to queue
[2025-04-27T20:28:36.849-0300] {logging_mixin.py:188} INFO - [2025-04-27T20:28:36.848-0300] {dagbag.py:540} INFO - Filling up the DagBag from /home/facuvega/Descargas/crypto-etl-airflow/airflow-apache/lib/python3.11/site-packages/airflow/example_dags/example_sensor_decorator.py
[2025-04-27T20:28:36.855-0300] {processor.py:840} INFO - DAG(s) 'example_sensor_decorator' retrieved from /home/facuvega/Descargas/crypto-etl-airflow/airflow-apache/lib/python3.11/site-packages/airflow/example_dags/example_sensor_decorator.py
[2025-04-27T20:28:36.871-0300] {logging_mixin.py:188} INFO - [2025-04-27T20:28:36.871-0300] {dag.py:3096} INFO - Sync 1 DAGs
[2025-04-27T20:28:36.881-0300] {logging_mixin.py:188} INFO - [2025-04-27T20:28:36.881-0300] {dag.py:3954} INFO - Setting next_dagrun for example_sensor_decorator to None, run_after=None
[2025-04-27T20:28:36.896-0300] {processor.py:183} INFO - Processing /home/facuvega/Descargas/crypto-etl-airflow/airflow-apache/lib/python3.11/site-packages/airflow/example_dags/example_sensor_decorator.py took 0.056 seconds
[2025-04-27T20:29:38.306-0300] {processor.py:161} INFO - Started process (PID=15350) to work on /home/facuvega/Descargas/crypto-etl-airflow/airflow-apache/lib/python3.11/site-packages/airflow/example_dags/example_sensor_decorator.py
[2025-04-27T20:29:38.307-0300] {processor.py:830} INFO - Processing file /home/facuvega/Descargas/crypto-etl-airflow/airflow-apache/lib/python3.11/site-packages/airflow/example_dags/example_sensor_decorator.py for tasks to queue
[2025-04-27T20:29:38.308-0300] {logging_mixin.py:188} INFO - [2025-04-27T20:29:38.308-0300] {dagbag.py:540} INFO - Filling up the DagBag from /home/facuvega/Descargas/crypto-etl-airflow/airflow-apache/lib/python3.11/site-packages/airflow/example_dags/example_sensor_decorator.py
[2025-04-27T20:29:38.314-0300] {processor.py:840} INFO - DAG(s) 'example_sensor_decorator' retrieved from /home/facuvega/Descargas/crypto-etl-airflow/airflow-apache/lib/python3.11/site-packages/airflow/example_dags/example_sensor_decorator.py
[2025-04-27T20:29:38.327-0300] {logging_mixin.py:188} INFO - [2025-04-27T20:29:38.326-0300] {dag.py:3096} INFO - Sync 1 DAGs
[2025-04-27T20:29:38.335-0300] {logging_mixin.py:188} INFO - [2025-04-27T20:29:38.335-0300] {dag.py:3954} INFO - Setting next_dagrun for example_sensor_decorator to None, run_after=None
[2025-04-27T20:29:38.348-0300] {processor.py:183} INFO - Processing /home/facuvega/Descargas/crypto-etl-airflow/airflow-apache/lib/python3.11/site-packages/airflow/example_dags/example_sensor_decorator.py took 0.047 seconds
[2025-04-27T20:30:36.132-0300] {processor.py:161} INFO - Started process (PID=15641) to work on /home/facuvega/Descargas/crypto-etl-airflow/airflow-apache/lib/python3.11/site-packages/airflow/example_dags/example_sensor_decorator.py
[2025-04-27T20:30:36.133-0300] {processor.py:830} INFO - Processing file /home/facuvega/Descargas/crypto-etl-airflow/airflow-apache/lib/python3.11/site-packages/airflow/example_dags/example_sensor_decorator.py for tasks to queue
[2025-04-27T20:30:36.134-0300] {logging_mixin.py:188} INFO - [2025-04-27T20:30:36.134-0300] {dagbag.py:540} INFO - Filling up the DagBag from /home/facuvega/Descargas/crypto-etl-airflow/airflow-apache/lib/python3.11/site-packages/airflow/example_dags/example_sensor_decorator.py
[2025-04-27T20:30:36.140-0300] {processor.py:840} INFO - DAG(s) 'example_sensor_decorator' retrieved from /home/facuvega/Descargas/crypto-etl-airflow/airflow-apache/lib/python3.11/site-packages/airflow/example_dags/example_sensor_decorator.py
[2025-04-27T20:30:36.155-0300] {logging_mixin.py:188} INFO - [2025-04-27T20:30:36.155-0300] {dag.py:3096} INFO - Sync 1 DAGs
[2025-04-27T20:30:36.166-0300] {logging_mixin.py:188} INFO - [2025-04-27T20:30:36.166-0300] {dag.py:3954} INFO - Setting next_dagrun for example_sensor_decorator to None, run_after=None
[2025-04-27T20:30:36.182-0300] {processor.py:183} INFO - Processing /home/facuvega/Descargas/crypto-etl-airflow/airflow-apache/lib/python3.11/site-packages/airflow/example_dags/example_sensor_decorator.py took 0.056 seconds
[2025-04-27T20:31:34.688-0300] {processor.py:161} INFO - Started process (PID=15906) to work on /home/facuvega/Descargas/crypto-etl-airflow/airflow-apache/lib/python3.11/site-packages/airflow/example_dags/example_sensor_decorator.py
[2025-04-27T20:31:34.689-0300] {processor.py:830} INFO - Processing file /home/facuvega/Descargas/crypto-etl-airflow/airflow-apache/lib/python3.11/site-packages/airflow/example_dags/example_sensor_decorator.py for tasks to queue
[2025-04-27T20:31:34.693-0300] {logging_mixin.py:188} INFO - [2025-04-27T20:31:34.692-0300] {dagbag.py:540} INFO - Filling up the DagBag from /home/facuvega/Descargas/crypto-etl-airflow/airflow-apache/lib/python3.11/site-packages/airflow/example_dags/example_sensor_decorator.py
[2025-04-27T20:31:34.698-0300] {processor.py:840} INFO - DAG(s) 'example_sensor_decorator' retrieved from /home/facuvega/Descargas/crypto-etl-airflow/airflow-apache/lib/python3.11/site-packages/airflow/example_dags/example_sensor_decorator.py
[2025-04-27T20:31:34.711-0300] {logging_mixin.py:188} INFO - [2025-04-27T20:31:34.711-0300] {dag.py:3096} INFO - Sync 1 DAGs
[2025-04-27T20:31:34.719-0300] {logging_mixin.py:188} INFO - [2025-04-27T20:31:34.719-0300] {dag.py:3954} INFO - Setting next_dagrun for example_sensor_decorator to None, run_after=None
[2025-04-27T20:31:34.732-0300] {processor.py:183} INFO - Processing /home/facuvega/Descargas/crypto-etl-airflow/airflow-apache/lib/python3.11/site-packages/airflow/example_dags/example_sensor_decorator.py took 0.050 seconds
[2025-04-27T20:32:34.027-0300] {processor.py:161} INFO - Started process (PID=16174) to work on /home/facuvega/Descargas/crypto-etl-airflow/airflow-apache/lib/python3.11/site-packages/airflow/example_dags/example_sensor_decorator.py
[2025-04-27T20:32:34.028-0300] {processor.py:830} INFO - Processing file /home/facuvega/Descargas/crypto-etl-airflow/airflow-apache/lib/python3.11/site-packages/airflow/example_dags/example_sensor_decorator.py for tasks to queue
[2025-04-27T20:32:34.030-0300] {logging_mixin.py:188} INFO - [2025-04-27T20:32:34.029-0300] {dagbag.py:540} INFO - Filling up the DagBag from /home/facuvega/Descargas/crypto-etl-airflow/airflow-apache/lib/python3.11/site-packages/airflow/example_dags/example_sensor_decorator.py
[2025-04-27T20:32:34.036-0300] {processor.py:840} INFO - DAG(s) 'example_sensor_decorator' retrieved from /home/facuvega/Descargas/crypto-etl-airflow/airflow-apache/lib/python3.11/site-packages/airflow/example_dags/example_sensor_decorator.py
[2025-04-27T20:32:34.050-0300] {logging_mixin.py:188} INFO - [2025-04-27T20:32:34.050-0300] {dag.py:3096} INFO - Sync 1 DAGs
[2025-04-27T20:32:34.059-0300] {logging_mixin.py:188} INFO - [2025-04-27T20:32:34.058-0300] {dag.py:3954} INFO - Setting next_dagrun for example_sensor_decorator to None, run_after=None
[2025-04-27T20:32:34.072-0300] {processor.py:183} INFO - Processing /home/facuvega/Descargas/crypto-etl-airflow/airflow-apache/lib/python3.11/site-packages/airflow/example_dags/example_sensor_decorator.py took 0.052 seconds
[2025-04-27T20:33:38.258-0300] {processor.py:161} INFO - Started process (PID=16630) to work on /home/facuvega/Descargas/crypto-etl-airflow/airflow-apache/lib/python3.11/site-packages/airflow/example_dags/example_sensor_decorator.py
[2025-04-27T20:33:38.259-0300] {processor.py:830} INFO - Processing file /home/facuvega/Descargas/crypto-etl-airflow/airflow-apache/lib/python3.11/site-packages/airflow/example_dags/example_sensor_decorator.py for tasks to queue
[2025-04-27T20:33:38.261-0300] {logging_mixin.py:188} INFO - [2025-04-27T20:33:38.260-0300] {dagbag.py:540} INFO - Filling up the DagBag from /home/facuvega/Descargas/crypto-etl-airflow/airflow-apache/lib/python3.11/site-packages/airflow/example_dags/example_sensor_decorator.py
[2025-04-27T20:33:38.268-0300] {processor.py:840} INFO - DAG(s) 'example_sensor_decorator' retrieved from /home/facuvega/Descargas/crypto-etl-airflow/airflow-apache/lib/python3.11/site-packages/airflow/example_dags/example_sensor_decorator.py
[2025-04-27T20:33:38.281-0300] {logging_mixin.py:188} INFO - [2025-04-27T20:33:38.281-0300] {dag.py:3096} INFO - Sync 1 DAGs
[2025-04-27T20:33:38.290-0300] {logging_mixin.py:188} INFO - [2025-04-27T20:33:38.289-0300] {dag.py:3954} INFO - Setting next_dagrun for example_sensor_decorator to None, run_after=None
[2025-04-27T20:33:38.304-0300] {processor.py:183} INFO - Processing /home/facuvega/Descargas/crypto-etl-airflow/airflow-apache/lib/python3.11/site-packages/airflow/example_dags/example_sensor_decorator.py took 0.052 seconds
[2025-04-27T20:34:23.059-0300] {processor.py:161} INFO - Started process (PID=16832) to work on /home/facuvega/Descargas/crypto-etl-airflow/airflow-apache/lib/python3.11/site-packages/airflow/example_dags/example_sensor_decorator.py
[2025-04-27T20:34:23.060-0300] {processor.py:830} INFO - Processing file /home/facuvega/Descargas/crypto-etl-airflow/airflow-apache/lib/python3.11/site-packages/airflow/example_dags/example_sensor_decorator.py for tasks to queue
[2025-04-27T20:34:23.061-0300] {logging_mixin.py:188} INFO - [2025-04-27T20:34:23.061-0300] {dagbag.py:540} INFO - Filling up the DagBag from /home/facuvega/Descargas/crypto-etl-airflow/airflow-apache/lib/python3.11/site-packages/airflow/example_dags/example_sensor_decorator.py
[2025-04-27T20:34:23.067-0300] {processor.py:840} INFO - DAG(s) 'example_sensor_decorator' retrieved from /home/facuvega/Descargas/crypto-etl-airflow/airflow-apache/lib/python3.11/site-packages/airflow/example_dags/example_sensor_decorator.py
[2025-04-27T20:34:23.081-0300] {logging_mixin.py:188} INFO - [2025-04-27T20:34:23.081-0300] {dag.py:3096} INFO - Sync 1 DAGs
[2025-04-27T20:34:23.090-0300] {logging_mixin.py:188} INFO - [2025-04-27T20:34:23.089-0300] {dag.py:3954} INFO - Setting next_dagrun for example_sensor_decorator to None, run_after=None
[2025-04-27T20:34:23.104-0300] {processor.py:183} INFO - Processing /home/facuvega/Descargas/crypto-etl-airflow/airflow-apache/lib/python3.11/site-packages/airflow/example_dags/example_sensor_decorator.py took 0.051 seconds
[2025-04-27T20:35:06.527-0300] {processor.py:161} INFO - Started process (PID=17083) to work on /home/facuvega/Descargas/crypto-etl-airflow/airflow-apache/lib/python3.11/site-packages/airflow/example_dags/example_sensor_decorator.py
[2025-04-27T20:35:06.528-0300] {processor.py:830} INFO - Processing file /home/facuvega/Descargas/crypto-etl-airflow/airflow-apache/lib/python3.11/site-packages/airflow/example_dags/example_sensor_decorator.py for tasks to queue
[2025-04-27T20:35:06.530-0300] {logging_mixin.py:188} INFO - [2025-04-27T20:35:06.529-0300] {dagbag.py:540} INFO - Filling up the DagBag from /home/facuvega/Descargas/crypto-etl-airflow/airflow-apache/lib/python3.11/site-packages/airflow/example_dags/example_sensor_decorator.py
[2025-04-27T20:35:06.535-0300] {processor.py:840} INFO - DAG(s) 'example_sensor_decorator' retrieved from /home/facuvega/Descargas/crypto-etl-airflow/airflow-apache/lib/python3.11/site-packages/airflow/example_dags/example_sensor_decorator.py
[2025-04-27T20:35:06.550-0300] {logging_mixin.py:188} INFO - [2025-04-27T20:35:06.550-0300] {dag.py:3096} INFO - Sync 1 DAGs
[2025-04-27T20:35:06.562-0300] {logging_mixin.py:188} INFO - [2025-04-27T20:35:06.561-0300] {dag.py:3954} INFO - Setting next_dagrun for example_sensor_decorator to None, run_after=None
[2025-04-27T20:35:06.578-0300] {processor.py:183} INFO - Processing /home/facuvega/Descargas/crypto-etl-airflow/airflow-apache/lib/python3.11/site-packages/airflow/example_dags/example_sensor_decorator.py took 0.059 seconds
[2025-04-27T20:36:08.343-0300] {processor.py:161} INFO - Started process (PID=17363) to work on /home/facuvega/Descargas/crypto-etl-airflow/airflow-apache/lib/python3.11/site-packages/airflow/example_dags/example_sensor_decorator.py
[2025-04-27T20:36:08.345-0300] {processor.py:830} INFO - Processing file /home/facuvega/Descargas/crypto-etl-airflow/airflow-apache/lib/python3.11/site-packages/airflow/example_dags/example_sensor_decorator.py for tasks to queue
[2025-04-27T20:36:08.347-0300] {logging_mixin.py:188} INFO - [2025-04-27T20:36:08.346-0300] {dagbag.py:540} INFO - Filling up the DagBag from /home/facuvega/Descargas/crypto-etl-airflow/airflow-apache/lib/python3.11/site-packages/airflow/example_dags/example_sensor_decorator.py
[2025-04-27T20:36:08.353-0300] {processor.py:840} INFO - DAG(s) 'example_sensor_decorator' retrieved from /home/facuvega/Descargas/crypto-etl-airflow/airflow-apache/lib/python3.11/site-packages/airflow/example_dags/example_sensor_decorator.py
[2025-04-27T20:36:08.371-0300] {logging_mixin.py:188} INFO - [2025-04-27T20:36:08.370-0300] {dag.py:3096} INFO - Sync 1 DAGs
[2025-04-27T20:36:08.383-0300] {logging_mixin.py:188} INFO - [2025-04-27T20:36:08.383-0300] {dag.py:3954} INFO - Setting next_dagrun for example_sensor_decorator to None, run_after=None
[2025-04-27T20:36:08.399-0300] {processor.py:183} INFO - Processing /home/facuvega/Descargas/crypto-etl-airflow/airflow-apache/lib/python3.11/site-packages/airflow/example_dags/example_sensor_decorator.py took 0.062 seconds
[2025-04-27T20:37:07.448-0300] {processor.py:161} INFO - Started process (PID=17629) to work on /home/facuvega/Descargas/crypto-etl-airflow/airflow-apache/lib/python3.11/site-packages/airflow/example_dags/example_sensor_decorator.py
[2025-04-27T20:37:07.449-0300] {processor.py:830} INFO - Processing file /home/facuvega/Descargas/crypto-etl-airflow/airflow-apache/lib/python3.11/site-packages/airflow/example_dags/example_sensor_decorator.py for tasks to queue
[2025-04-27T20:37:07.451-0300] {logging_mixin.py:188} INFO - [2025-04-27T20:37:07.451-0300] {dagbag.py:540} INFO - Filling up the DagBag from /home/facuvega/Descargas/crypto-etl-airflow/airflow-apache/lib/python3.11/site-packages/airflow/example_dags/example_sensor_decorator.py
[2025-04-27T20:37:07.457-0300] {processor.py:840} INFO - DAG(s) 'example_sensor_decorator' retrieved from /home/facuvega/Descargas/crypto-etl-airflow/airflow-apache/lib/python3.11/site-packages/airflow/example_dags/example_sensor_decorator.py
[2025-04-27T20:37:07.472-0300] {logging_mixin.py:188} INFO - [2025-04-27T20:37:07.471-0300] {dag.py:3096} INFO - Sync 1 DAGs
[2025-04-27T20:37:07.482-0300] {logging_mixin.py:188} INFO - [2025-04-27T20:37:07.482-0300] {dag.py:3954} INFO - Setting next_dagrun for example_sensor_decorator to None, run_after=None
[2025-04-27T20:37:07.496-0300] {processor.py:183} INFO - Processing /home/facuvega/Descargas/crypto-etl-airflow/airflow-apache/lib/python3.11/site-packages/airflow/example_dags/example_sensor_decorator.py took 0.053 seconds
[2025-04-27T20:38:06.879-0300] {processor.py:161} INFO - Started process (PID=17893) to work on /home/facuvega/Descargas/crypto-etl-airflow/airflow-apache/lib/python3.11/site-packages/airflow/example_dags/example_sensor_decorator.py
[2025-04-27T20:38:06.880-0300] {processor.py:830} INFO - Processing file /home/facuvega/Descargas/crypto-etl-airflow/airflow-apache/lib/python3.11/site-packages/airflow/example_dags/example_sensor_decorator.py for tasks to queue
[2025-04-27T20:38:06.881-0300] {logging_mixin.py:188} INFO - [2025-04-27T20:38:06.881-0300] {dagbag.py:540} INFO - Filling up the DagBag from /home/facuvega/Descargas/crypto-etl-airflow/airflow-apache/lib/python3.11/site-packages/airflow/example_dags/example_sensor_decorator.py
[2025-04-27T20:38:06.886-0300] {processor.py:840} INFO - DAG(s) 'example_sensor_decorator' retrieved from /home/facuvega/Descargas/crypto-etl-airflow/airflow-apache/lib/python3.11/site-packages/airflow/example_dags/example_sensor_decorator.py
[2025-04-27T20:38:06.898-0300] {logging_mixin.py:188} INFO - [2025-04-27T20:38:06.898-0300] {dag.py:3096} INFO - Sync 1 DAGs
[2025-04-27T20:38:06.907-0300] {logging_mixin.py:188} INFO - [2025-04-27T20:38:06.906-0300] {dag.py:3954} INFO - Setting next_dagrun for example_sensor_decorator to None, run_after=None
[2025-04-27T20:38:06.921-0300] {processor.py:183} INFO - Processing /home/facuvega/Descargas/crypto-etl-airflow/airflow-apache/lib/python3.11/site-packages/airflow/example_dags/example_sensor_decorator.py took 0.047 seconds
[2025-04-27T20:38:48.942-0300] {processor.py:161} INFO - Started process (PID=18086) to work on /home/facuvega/Descargas/crypto-etl-airflow/airflow-apache/lib/python3.11/site-packages/airflow/example_dags/example_sensor_decorator.py
[2025-04-27T20:38:48.944-0300] {processor.py:830} INFO - Processing file /home/facuvega/Descargas/crypto-etl-airflow/airflow-apache/lib/python3.11/site-packages/airflow/example_dags/example_sensor_decorator.py for tasks to queue
[2025-04-27T20:38:48.945-0300] {logging_mixin.py:188} INFO - [2025-04-27T20:38:48.945-0300] {dagbag.py:540} INFO - Filling up the DagBag from /home/facuvega/Descargas/crypto-etl-airflow/airflow-apache/lib/python3.11/site-packages/airflow/example_dags/example_sensor_decorator.py
[2025-04-27T20:38:48.952-0300] {processor.py:840} INFO - DAG(s) 'example_sensor_decorator' retrieved from /home/facuvega/Descargas/crypto-etl-airflow/airflow-apache/lib/python3.11/site-packages/airflow/example_dags/example_sensor_decorator.py
[2025-04-27T20:38:48.966-0300] {logging_mixin.py:188} INFO - [2025-04-27T20:38:48.966-0300] {dag.py:3096} INFO - Sync 1 DAGs
[2025-04-27T20:38:48.978-0300] {logging_mixin.py:188} INFO - [2025-04-27T20:38:48.977-0300] {dag.py:3954} INFO - Setting next_dagrun for example_sensor_decorator to None, run_after=None
[2025-04-27T20:38:48.995-0300] {processor.py:183} INFO - Processing /home/facuvega/Descargas/crypto-etl-airflow/airflow-apache/lib/python3.11/site-packages/airflow/example_dags/example_sensor_decorator.py took 0.059 seconds
[2025-04-27T20:39:47.208-0300] {processor.py:161} INFO - Started process (PID=18509) to work on /home/facuvega/Descargas/crypto-etl-airflow/airflow-apache/lib/python3.11/site-packages/airflow/example_dags/example_sensor_decorator.py
[2025-04-27T20:39:47.209-0300] {processor.py:830} INFO - Processing file /home/facuvega/Descargas/crypto-etl-airflow/airflow-apache/lib/python3.11/site-packages/airflow/example_dags/example_sensor_decorator.py for tasks to queue
[2025-04-27T20:39:47.211-0300] {logging_mixin.py:188} INFO - [2025-04-27T20:39:47.210-0300] {dagbag.py:540} INFO - Filling up the DagBag from /home/facuvega/Descargas/crypto-etl-airflow/airflow-apache/lib/python3.11/site-packages/airflow/example_dags/example_sensor_decorator.py
[2025-04-27T20:39:47.217-0300] {processor.py:840} INFO - DAG(s) 'example_sensor_decorator' retrieved from /home/facuvega/Descargas/crypto-etl-airflow/airflow-apache/lib/python3.11/site-packages/airflow/example_dags/example_sensor_decorator.py
[2025-04-27T20:39:47.232-0300] {logging_mixin.py:188} INFO - [2025-04-27T20:39:47.231-0300] {dag.py:3096} INFO - Sync 1 DAGs
[2025-04-27T20:39:47.241-0300] {logging_mixin.py:188} INFO - [2025-04-27T20:39:47.241-0300] {dag.py:3954} INFO - Setting next_dagrun for example_sensor_decorator to None, run_after=None
[2025-04-27T20:39:47.256-0300] {processor.py:183} INFO - Processing /home/facuvega/Descargas/crypto-etl-airflow/airflow-apache/lib/python3.11/site-packages/airflow/example_dags/example_sensor_decorator.py took 0.053 seconds
[2025-04-27T20:40:30.886-0300] {processor.py:161} INFO - Started process (PID=18707) to work on /home/facuvega/Descargas/crypto-etl-airflow/airflow-apache/lib/python3.11/site-packages/airflow/example_dags/example_sensor_decorator.py
[2025-04-27T20:40:30.888-0300] {processor.py:830} INFO - Processing file /home/facuvega/Descargas/crypto-etl-airflow/airflow-apache/lib/python3.11/site-packages/airflow/example_dags/example_sensor_decorator.py for tasks to queue
[2025-04-27T20:40:30.890-0300] {logging_mixin.py:188} INFO - [2025-04-27T20:40:30.889-0300] {dagbag.py:540} INFO - Filling up the DagBag from /home/facuvega/Descargas/crypto-etl-airflow/airflow-apache/lib/python3.11/site-packages/airflow/example_dags/example_sensor_decorator.py
[2025-04-27T20:40:30.897-0300] {processor.py:840} INFO - DAG(s) 'example_sensor_decorator' retrieved from /home/facuvega/Descargas/crypto-etl-airflow/airflow-apache/lib/python3.11/site-packages/airflow/example_dags/example_sensor_decorator.py
[2025-04-27T20:40:30.912-0300] {logging_mixin.py:188} INFO - [2025-04-27T20:40:30.911-0300] {dag.py:3096} INFO - Sync 1 DAGs
[2025-04-27T20:40:30.923-0300] {logging_mixin.py:188} INFO - [2025-04-27T20:40:30.922-0300] {dag.py:3954} INFO - Setting next_dagrun for example_sensor_decorator to None, run_after=None
[2025-04-27T20:40:30.941-0300] {processor.py:183} INFO - Processing /home/facuvega/Descargas/crypto-etl-airflow/airflow-apache/lib/python3.11/site-packages/airflow/example_dags/example_sensor_decorator.py took 0.062 seconds
[2025-04-27T20:41:15.521-0300] {processor.py:161} INFO - Started process (PID=18904) to work on /home/facuvega/Descargas/crypto-etl-airflow/airflow-apache/lib/python3.11/site-packages/airflow/example_dags/example_sensor_decorator.py
[2025-04-27T20:41:15.522-0300] {processor.py:830} INFO - Processing file /home/facuvega/Descargas/crypto-etl-airflow/airflow-apache/lib/python3.11/site-packages/airflow/example_dags/example_sensor_decorator.py for tasks to queue
[2025-04-27T20:41:15.525-0300] {logging_mixin.py:188} INFO - [2025-04-27T20:41:15.524-0300] {dagbag.py:540} INFO - Filling up the DagBag from /home/facuvega/Descargas/crypto-etl-airflow/airflow-apache/lib/python3.11/site-packages/airflow/example_dags/example_sensor_decorator.py
[2025-04-27T20:41:15.532-0300] {processor.py:840} INFO - DAG(s) 'example_sensor_decorator' retrieved from /home/facuvega/Descargas/crypto-etl-airflow/airflow-apache/lib/python3.11/site-packages/airflow/example_dags/example_sensor_decorator.py
[2025-04-27T20:41:15.547-0300] {logging_mixin.py:188} INFO - [2025-04-27T20:41:15.546-0300] {dag.py:3096} INFO - Sync 1 DAGs
[2025-04-27T20:41:15.556-0300] {logging_mixin.py:188} INFO - [2025-04-27T20:41:15.556-0300] {dag.py:3954} INFO - Setting next_dagrun for example_sensor_decorator to None, run_after=None
[2025-04-27T20:41:15.571-0300] {processor.py:183} INFO - Processing /home/facuvega/Descargas/crypto-etl-airflow/airflow-apache/lib/python3.11/site-packages/airflow/example_dags/example_sensor_decorator.py took 0.056 seconds
[2025-04-27T20:42:15.054-0300] {processor.py:161} INFO - Started process (PID=19176) to work on /home/facuvega/Descargas/crypto-etl-airflow/airflow-apache/lib/python3.11/site-packages/airflow/example_dags/example_sensor_decorator.py
[2025-04-27T20:42:15.056-0300] {processor.py:830} INFO - Processing file /home/facuvega/Descargas/crypto-etl-airflow/airflow-apache/lib/python3.11/site-packages/airflow/example_dags/example_sensor_decorator.py for tasks to queue
[2025-04-27T20:42:15.057-0300] {logging_mixin.py:188} INFO - [2025-04-27T20:42:15.057-0300] {dagbag.py:540} INFO - Filling up the DagBag from /home/facuvega/Descargas/crypto-etl-airflow/airflow-apache/lib/python3.11/site-packages/airflow/example_dags/example_sensor_decorator.py
[2025-04-27T20:42:15.063-0300] {processor.py:840} INFO - DAG(s) 'example_sensor_decorator' retrieved from /home/facuvega/Descargas/crypto-etl-airflow/airflow-apache/lib/python3.11/site-packages/airflow/example_dags/example_sensor_decorator.py
[2025-04-27T20:42:15.075-0300] {logging_mixin.py:188} INFO - [2025-04-27T20:42:15.075-0300] {dag.py:3096} INFO - Sync 1 DAGs
[2025-04-27T20:42:15.084-0300] {logging_mixin.py:188} INFO - [2025-04-27T20:42:15.084-0300] {dag.py:3954} INFO - Setting next_dagrun for example_sensor_decorator to None, run_after=None
[2025-04-27T20:42:15.097-0300] {processor.py:183} INFO - Processing /home/facuvega/Descargas/crypto-etl-airflow/airflow-apache/lib/python3.11/site-packages/airflow/example_dags/example_sensor_decorator.py took 0.048 seconds
[2025-04-27T20:43:15.529-0300] {processor.py:161} INFO - Started process (PID=19459) to work on /home/facuvega/Descargas/crypto-etl-airflow/airflow-apache/lib/python3.11/site-packages/airflow/example_dags/example_sensor_decorator.py
[2025-04-27T20:43:15.530-0300] {processor.py:830} INFO - Processing file /home/facuvega/Descargas/crypto-etl-airflow/airflow-apache/lib/python3.11/site-packages/airflow/example_dags/example_sensor_decorator.py for tasks to queue
[2025-04-27T20:43:15.532-0300] {logging_mixin.py:188} INFO - [2025-04-27T20:43:15.532-0300] {dagbag.py:540} INFO - Filling up the DagBag from /home/facuvega/Descargas/crypto-etl-airflow/airflow-apache/lib/python3.11/site-packages/airflow/example_dags/example_sensor_decorator.py
[2025-04-27T20:43:15.537-0300] {processor.py:840} INFO - DAG(s) 'example_sensor_decorator' retrieved from /home/facuvega/Descargas/crypto-etl-airflow/airflow-apache/lib/python3.11/site-packages/airflow/example_dags/example_sensor_decorator.py
[2025-04-27T20:43:15.550-0300] {logging_mixin.py:188} INFO - [2025-04-27T20:43:15.550-0300] {dag.py:3096} INFO - Sync 1 DAGs
[2025-04-27T20:43:15.560-0300] {logging_mixin.py:188} INFO - [2025-04-27T20:43:15.560-0300] {dag.py:3954} INFO - Setting next_dagrun for example_sensor_decorator to None, run_after=None
[2025-04-27T20:43:15.573-0300] {processor.py:183} INFO - Processing /home/facuvega/Descargas/crypto-etl-airflow/airflow-apache/lib/python3.11/site-packages/airflow/example_dags/example_sensor_decorator.py took 0.049 seconds
[2025-04-27T20:44:11.040-0300] {processor.py:161} INFO - Started process (PID=19718) to work on /home/facuvega/Descargas/crypto-etl-airflow/airflow-apache/lib/python3.11/site-packages/airflow/example_dags/example_sensor_decorator.py
[2025-04-27T20:44:11.041-0300] {processor.py:830} INFO - Processing file /home/facuvega/Descargas/crypto-etl-airflow/airflow-apache/lib/python3.11/site-packages/airflow/example_dags/example_sensor_decorator.py for tasks to queue
[2025-04-27T20:44:11.043-0300] {logging_mixin.py:188} INFO - [2025-04-27T20:44:11.042-0300] {dagbag.py:540} INFO - Filling up the DagBag from /home/facuvega/Descargas/crypto-etl-airflow/airflow-apache/lib/python3.11/site-packages/airflow/example_dags/example_sensor_decorator.py
[2025-04-27T20:44:11.050-0300] {processor.py:840} INFO - DAG(s) 'example_sensor_decorator' retrieved from /home/facuvega/Descargas/crypto-etl-airflow/airflow-apache/lib/python3.11/site-packages/airflow/example_dags/example_sensor_decorator.py
[2025-04-27T20:44:11.064-0300] {logging_mixin.py:188} INFO - [2025-04-27T20:44:11.064-0300] {dag.py:3096} INFO - Sync 1 DAGs
[2025-04-27T20:44:11.075-0300] {logging_mixin.py:188} INFO - [2025-04-27T20:44:11.075-0300] {dag.py:3954} INFO - Setting next_dagrun for example_sensor_decorator to None, run_after=None
[2025-04-27T20:44:11.091-0300] {processor.py:183} INFO - Processing /home/facuvega/Descargas/crypto-etl-airflow/airflow-apache/lib/python3.11/site-packages/airflow/example_dags/example_sensor_decorator.py took 0.058 seconds
[2025-04-27T20:44:55.016-0300] {processor.py:161} INFO - Started process (PID=19948) to work on /home/facuvega/Descargas/crypto-etl-airflow/airflow-apache/lib/python3.11/site-packages/airflow/example_dags/example_sensor_decorator.py
[2025-04-27T20:44:55.018-0300] {processor.py:830} INFO - Processing file /home/facuvega/Descargas/crypto-etl-airflow/airflow-apache/lib/python3.11/site-packages/airflow/example_dags/example_sensor_decorator.py for tasks to queue
[2025-04-27T20:44:55.020-0300] {logging_mixin.py:188} INFO - [2025-04-27T20:44:55.020-0300] {dagbag.py:540} INFO - Filling up the DagBag from /home/facuvega/Descargas/crypto-etl-airflow/airflow-apache/lib/python3.11/site-packages/airflow/example_dags/example_sensor_decorator.py
[2025-04-27T20:44:55.028-0300] {processor.py:840} INFO - DAG(s) 'example_sensor_decorator' retrieved from /home/facuvega/Descargas/crypto-etl-airflow/airflow-apache/lib/python3.11/site-packages/airflow/example_dags/example_sensor_decorator.py
[2025-04-27T20:44:55.042-0300] {logging_mixin.py:188} INFO - [2025-04-27T20:44:55.042-0300] {dag.py:3096} INFO - Sync 1 DAGs
[2025-04-27T20:44:55.052-0300] {logging_mixin.py:188} INFO - [2025-04-27T20:44:55.052-0300] {dag.py:3954} INFO - Setting next_dagrun for example_sensor_decorator to None, run_after=None
[2025-04-27T20:44:55.074-0300] {processor.py:183} INFO - Processing /home/facuvega/Descargas/crypto-etl-airflow/airflow-apache/lib/python3.11/site-packages/airflow/example_dags/example_sensor_decorator.py took 0.063 seconds
[2025-04-27T20:45:51.308-0300] {processor.py:161} INFO - Started process (PID=20203) to work on /home/facuvega/Descargas/crypto-etl-airflow/airflow-apache/lib/python3.11/site-packages/airflow/example_dags/example_sensor_decorator.py
[2025-04-27T20:45:51.309-0300] {processor.py:830} INFO - Processing file /home/facuvega/Descargas/crypto-etl-airflow/airflow-apache/lib/python3.11/site-packages/airflow/example_dags/example_sensor_decorator.py for tasks to queue
[2025-04-27T20:45:51.311-0300] {logging_mixin.py:188} INFO - [2025-04-27T20:45:51.310-0300] {dagbag.py:540} INFO - Filling up the DagBag from /home/facuvega/Descargas/crypto-etl-airflow/airflow-apache/lib/python3.11/site-packages/airflow/example_dags/example_sensor_decorator.py
[2025-04-27T20:45:51.317-0300] {processor.py:840} INFO - DAG(s) 'example_sensor_decorator' retrieved from /home/facuvega/Descargas/crypto-etl-airflow/airflow-apache/lib/python3.11/site-packages/airflow/example_dags/example_sensor_decorator.py
[2025-04-27T20:45:51.331-0300] {logging_mixin.py:188} INFO - [2025-04-27T20:45:51.331-0300] {dag.py:3096} INFO - Sync 1 DAGs
[2025-04-27T20:45:51.341-0300] {logging_mixin.py:188} INFO - [2025-04-27T20:45:51.340-0300] {dag.py:3954} INFO - Setting next_dagrun for example_sensor_decorator to None, run_after=None
[2025-04-27T20:45:51.355-0300] {processor.py:183} INFO - Processing /home/facuvega/Descargas/crypto-etl-airflow/airflow-apache/lib/python3.11/site-packages/airflow/example_dags/example_sensor_decorator.py took 0.054 seconds
[2025-04-27T20:46:49.863-0300] {processor.py:161} INFO - Started process (PID=20469) to work on /home/facuvega/Descargas/crypto-etl-airflow/airflow-apache/lib/python3.11/site-packages/airflow/example_dags/example_sensor_decorator.py
[2025-04-27T20:46:49.865-0300] {processor.py:830} INFO - Processing file /home/facuvega/Descargas/crypto-etl-airflow/airflow-apache/lib/python3.11/site-packages/airflow/example_dags/example_sensor_decorator.py for tasks to queue
[2025-04-27T20:46:49.866-0300] {logging_mixin.py:188} INFO - [2025-04-27T20:46:49.866-0300] {dagbag.py:540} INFO - Filling up the DagBag from /home/facuvega/Descargas/crypto-etl-airflow/airflow-apache/lib/python3.11/site-packages/airflow/example_dags/example_sensor_decorator.py
[2025-04-27T20:46:49.872-0300] {processor.py:840} INFO - DAG(s) 'example_sensor_decorator' retrieved from /home/facuvega/Descargas/crypto-etl-airflow/airflow-apache/lib/python3.11/site-packages/airflow/example_dags/example_sensor_decorator.py
[2025-04-27T20:46:49.886-0300] {logging_mixin.py:188} INFO - [2025-04-27T20:46:49.886-0300] {dag.py:3096} INFO - Sync 1 DAGs
[2025-04-27T20:46:49.896-0300] {logging_mixin.py:188} INFO - [2025-04-27T20:46:49.895-0300] {dag.py:3954} INFO - Setting next_dagrun for example_sensor_decorator to None, run_after=None
[2025-04-27T20:46:49.910-0300] {processor.py:183} INFO - Processing /home/facuvega/Descargas/crypto-etl-airflow/airflow-apache/lib/python3.11/site-packages/airflow/example_dags/example_sensor_decorator.py took 0.052 seconds
[2025-04-27T20:47:51.469-0300] {processor.py:161} INFO - Started process (PID=20942) to work on /home/facuvega/Descargas/crypto-etl-airflow/airflow-apache/lib/python3.11/site-packages/airflow/example_dags/example_sensor_decorator.py
[2025-04-27T20:47:51.470-0300] {processor.py:830} INFO - Processing file /home/facuvega/Descargas/crypto-etl-airflow/airflow-apache/lib/python3.11/site-packages/airflow/example_dags/example_sensor_decorator.py for tasks to queue
[2025-04-27T20:47:51.472-0300] {logging_mixin.py:188} INFO - [2025-04-27T20:47:51.471-0300] {dagbag.py:540} INFO - Filling up the DagBag from /home/facuvega/Descargas/crypto-etl-airflow/airflow-apache/lib/python3.11/site-packages/airflow/example_dags/example_sensor_decorator.py
[2025-04-27T20:47:51.477-0300] {processor.py:840} INFO - DAG(s) 'example_sensor_decorator' retrieved from /home/facuvega/Descargas/crypto-etl-airflow/airflow-apache/lib/python3.11/site-packages/airflow/example_dags/example_sensor_decorator.py
[2025-04-27T20:47:51.502-0300] {logging_mixin.py:188} INFO - [2025-04-27T20:47:51.501-0300] {dag.py:3096} INFO - Sync 1 DAGs
[2025-04-27T20:47:51.513-0300] {logging_mixin.py:188} INFO - [2025-04-27T20:47:51.513-0300] {dag.py:3954} INFO - Setting next_dagrun for example_sensor_decorator to None, run_after=None
[2025-04-27T20:47:51.536-0300] {processor.py:183} INFO - Processing /home/facuvega/Descargas/crypto-etl-airflow/airflow-apache/lib/python3.11/site-packages/airflow/example_dags/example_sensor_decorator.py took 0.073 seconds
[2025-04-27T20:48:54.749-0300] {processor.py:161} INFO - Started process (PID=21372) to work on /home/facuvega/Descargas/crypto-etl-airflow/airflow-apache/lib/python3.11/site-packages/airflow/example_dags/example_sensor_decorator.py
[2025-04-27T20:48:54.750-0300] {processor.py:830} INFO - Processing file /home/facuvega/Descargas/crypto-etl-airflow/airflow-apache/lib/python3.11/site-packages/airflow/example_dags/example_sensor_decorator.py for tasks to queue
[2025-04-27T20:48:54.751-0300] {logging_mixin.py:188} INFO - [2025-04-27T20:48:54.751-0300] {dagbag.py:540} INFO - Filling up the DagBag from /home/facuvega/Descargas/crypto-etl-airflow/airflow-apache/lib/python3.11/site-packages/airflow/example_dags/example_sensor_decorator.py
[2025-04-27T20:48:54.758-0300] {processor.py:840} INFO - DAG(s) 'example_sensor_decorator' retrieved from /home/facuvega/Descargas/crypto-etl-airflow/airflow-apache/lib/python3.11/site-packages/airflow/example_dags/example_sensor_decorator.py
[2025-04-27T20:48:54.771-0300] {logging_mixin.py:188} INFO - [2025-04-27T20:48:54.771-0300] {dag.py:3096} INFO - Sync 1 DAGs
[2025-04-27T20:48:54.780-0300] {logging_mixin.py:188} INFO - [2025-04-27T20:48:54.780-0300] {dag.py:3954} INFO - Setting next_dagrun for example_sensor_decorator to None, run_after=None
[2025-04-27T20:48:54.799-0300] {processor.py:183} INFO - Processing /home/facuvega/Descargas/crypto-etl-airflow/airflow-apache/lib/python3.11/site-packages/airflow/example_dags/example_sensor_decorator.py took 0.055 seconds
[2025-04-27T20:49:40.918-0300] {processor.py:161} INFO - Started process (PID=21665) to work on /home/facuvega/Descargas/crypto-etl-airflow/airflow-apache/lib/python3.11/site-packages/airflow/example_dags/example_sensor_decorator.py
[2025-04-27T20:49:40.919-0300] {processor.py:830} INFO - Processing file /home/facuvega/Descargas/crypto-etl-airflow/airflow-apache/lib/python3.11/site-packages/airflow/example_dags/example_sensor_decorator.py for tasks to queue
[2025-04-27T20:49:40.921-0300] {logging_mixin.py:188} INFO - [2025-04-27T20:49:40.921-0300] {dagbag.py:540} INFO - Filling up the DagBag from /home/facuvega/Descargas/crypto-etl-airflow/airflow-apache/lib/python3.11/site-packages/airflow/example_dags/example_sensor_decorator.py
[2025-04-27T20:49:40.928-0300] {processor.py:840} INFO - DAG(s) 'example_sensor_decorator' retrieved from /home/facuvega/Descargas/crypto-etl-airflow/airflow-apache/lib/python3.11/site-packages/airflow/example_dags/example_sensor_decorator.py
[2025-04-27T20:49:40.942-0300] {logging_mixin.py:188} INFO - [2025-04-27T20:49:40.942-0300] {dag.py:3096} INFO - Sync 1 DAGs
[2025-04-27T20:49:40.952-0300] {logging_mixin.py:188} INFO - [2025-04-27T20:49:40.951-0300] {dag.py:3954} INFO - Setting next_dagrun for example_sensor_decorator to None, run_after=None
[2025-04-27T20:49:40.965-0300] {processor.py:183} INFO - Processing /home/facuvega/Descargas/crypto-etl-airflow/airflow-apache/lib/python3.11/site-packages/airflow/example_dags/example_sensor_decorator.py took 0.052 seconds
[2025-04-27T20:50:25.480-0300] {processor.py:161} INFO - Started process (PID=21939) to work on /home/facuvega/Descargas/crypto-etl-airflow/airflow-apache/lib/python3.11/site-packages/airflow/example_dags/example_sensor_decorator.py
[2025-04-27T20:50:25.481-0300] {processor.py:830} INFO - Processing file /home/facuvega/Descargas/crypto-etl-airflow/airflow-apache/lib/python3.11/site-packages/airflow/example_dags/example_sensor_decorator.py for tasks to queue
[2025-04-27T20:50:25.483-0300] {logging_mixin.py:188} INFO - [2025-04-27T20:50:25.482-0300] {dagbag.py:540} INFO - Filling up the DagBag from /home/facuvega/Descargas/crypto-etl-airflow/airflow-apache/lib/python3.11/site-packages/airflow/example_dags/example_sensor_decorator.py
[2025-04-27T20:50:25.490-0300] {processor.py:840} INFO - DAG(s) 'example_sensor_decorator' retrieved from /home/facuvega/Descargas/crypto-etl-airflow/airflow-apache/lib/python3.11/site-packages/airflow/example_dags/example_sensor_decorator.py
[2025-04-27T20:50:25.506-0300] {logging_mixin.py:188} INFO - [2025-04-27T20:50:25.505-0300] {dag.py:3096} INFO - Sync 1 DAGs
[2025-04-27T20:50:25.516-0300] {logging_mixin.py:188} INFO - [2025-04-27T20:50:25.516-0300] {dag.py:3954} INFO - Setting next_dagrun for example_sensor_decorator to None, run_after=None
[2025-04-27T20:50:25.534-0300] {processor.py:183} INFO - Processing /home/facuvega/Descargas/crypto-etl-airflow/airflow-apache/lib/python3.11/site-packages/airflow/example_dags/example_sensor_decorator.py took 0.062 seconds
[2025-04-27T20:51:23.225-0300] {processor.py:161} INFO - Started process (PID=22309) to work on /home/facuvega/Descargas/crypto-etl-airflow/airflow-apache/lib/python3.11/site-packages/airflow/example_dags/example_sensor_decorator.py
[2025-04-27T20:51:23.226-0300] {processor.py:830} INFO - Processing file /home/facuvega/Descargas/crypto-etl-airflow/airflow-apache/lib/python3.11/site-packages/airflow/example_dags/example_sensor_decorator.py for tasks to queue
[2025-04-27T20:51:23.228-0300] {logging_mixin.py:188} INFO - [2025-04-27T20:51:23.228-0300] {dagbag.py:540} INFO - Filling up the DagBag from /home/facuvega/Descargas/crypto-etl-airflow/airflow-apache/lib/python3.11/site-packages/airflow/example_dags/example_sensor_decorator.py
[2025-04-27T20:51:23.236-0300] {processor.py:840} INFO - DAG(s) 'example_sensor_decorator' retrieved from /home/facuvega/Descargas/crypto-etl-airflow/airflow-apache/lib/python3.11/site-packages/airflow/example_dags/example_sensor_decorator.py
[2025-04-27T20:51:23.251-0300] {logging_mixin.py:188} INFO - [2025-04-27T20:51:23.251-0300] {dag.py:3096} INFO - Sync 1 DAGs
[2025-04-27T20:51:23.266-0300] {logging_mixin.py:188} INFO - [2025-04-27T20:51:23.265-0300] {dag.py:3954} INFO - Setting next_dagrun for example_sensor_decorator to None, run_after=None
[2025-04-27T20:51:23.282-0300] {processor.py:183} INFO - Processing /home/facuvega/Descargas/crypto-etl-airflow/airflow-apache/lib/python3.11/site-packages/airflow/example_dags/example_sensor_decorator.py took 0.064 seconds
