[2025-04-27T20:10:06.924-0300] {processor.py:161} INFO - Started process (PID=9312) to work on /home/facuvega/Descargas/crypto-etl-airflow/airflow-apache/lib/python3.11/site-packages/airflow/example_dags/example_trigger_controller_dag.py
[2025-04-27T20:10:06.925-0300] {processor.py:830} INFO - Processing file /home/facuvega/Descargas/crypto-etl-airflow/airflow-apache/lib/python3.11/site-packages/airflow/example_dags/example_trigger_controller_dag.py for tasks to queue
[2025-04-27T20:10:06.927-0300] {logging_mixin.py:188} INFO - [2025-04-27T20:10:06.927-0300] {dagbag.py:540} INFO - Filling up the DagBag from /home/facuvega/Descargas/crypto-etl-airflow/airflow-apache/lib/python3.11/site-packages/airflow/example_dags/example_trigger_controller_dag.py
[2025-04-27T20:10:06.936-0300] {processor.py:840} INFO - DAG(s) 'example_trigger_controller_dag' retrieved from /home/facuvega/Descargas/crypto-etl-airflow/airflow-apache/lib/python3.11/site-packages/airflow/example_dags/example_trigger_controller_dag.py
[2025-04-27T20:10:07.033-0300] {logging_mixin.py:188} INFO - [2025-04-27T20:10:07.032-0300] {override.py:1829} INFO - Created Permission View: can edit on DAG:example_trigger_controller_dag
[2025-04-27T20:10:07.042-0300] {logging_mixin.py:188} INFO - [2025-04-27T20:10:07.042-0300] {override.py:1829} INFO - Created Permission View: can delete on DAG:example_trigger_controller_dag
[2025-04-27T20:10:07.049-0300] {logging_mixin.py:188} INFO - [2025-04-27T20:10:07.049-0300] {override.py:1829} INFO - Created Permission View: can read on DAG:example_trigger_controller_dag
[2025-04-27T20:10:07.050-0300] {logging_mixin.py:188} INFO - [2025-04-27T20:10:07.050-0300] {dag.py:3096} INFO - Sync 1 DAGs
[2025-04-27T20:10:07.059-0300] {logging_mixin.py:188} INFO - [2025-04-27T20:10:07.058-0300] {dag.py:3118} INFO - Creating ORM DAG for example_trigger_controller_dag
[2025-04-27T20:10:07.064-0300] {logging_mixin.py:188} INFO - [2025-04-27T20:10:07.064-0300] {dag.py:3954} INFO - Setting next_dagrun for example_trigger_controller_dag to 2021-01-01 00:00:00+00:00, run_after=2021-01-01 00:00:00+00:00
[2025-04-27T20:10:07.090-0300] {processor.py:183} INFO - Processing /home/facuvega/Descargas/crypto-etl-airflow/airflow-apache/lib/python3.11/site-packages/airflow/example_dags/example_trigger_controller_dag.py took 0.175 seconds
[2025-04-27T20:11:05.972-0300] {processor.py:161} INFO - Started process (PID=9843) to work on /home/facuvega/Descargas/crypto-etl-airflow/airflow-apache/lib/python3.11/site-packages/airflow/example_dags/example_trigger_controller_dag.py
[2025-04-27T20:11:05.974-0300] {processor.py:830} INFO - Processing file /home/facuvega/Descargas/crypto-etl-airflow/airflow-apache/lib/python3.11/site-packages/airflow/example_dags/example_trigger_controller_dag.py for tasks to queue
[2025-04-27T20:11:05.977-0300] {logging_mixin.py:188} INFO - [2025-04-27T20:11:05.976-0300] {dagbag.py:540} INFO - Filling up the DagBag from /home/facuvega/Descargas/crypto-etl-airflow/airflow-apache/lib/python3.11/site-packages/airflow/example_dags/example_trigger_controller_dag.py
[2025-04-27T20:11:05.987-0300] {processor.py:840} INFO - DAG(s) 'example_trigger_controller_dag' retrieved from /home/facuvega/Descargas/crypto-etl-airflow/airflow-apache/lib/python3.11/site-packages/airflow/example_dags/example_trigger_controller_dag.py
[2025-04-27T20:11:06.008-0300] {logging_mixin.py:188} INFO - [2025-04-27T20:11:06.008-0300] {dag.py:3096} INFO - Sync 1 DAGs
[2025-04-27T20:11:06.037-0300] {logging_mixin.py:188} INFO - [2025-04-27T20:11:06.037-0300] {dag.py:3954} INFO - Setting next_dagrun for example_trigger_controller_dag to 2021-01-01 00:00:00+00:00, run_after=2021-01-01 00:00:00+00:00
[2025-04-27T20:11:06.070-0300] {processor.py:183} INFO - Processing /home/facuvega/Descargas/crypto-etl-airflow/airflow-apache/lib/python3.11/site-packages/airflow/example_dags/example_trigger_controller_dag.py took 0.110 seconds
[2025-04-27T20:11:54.882-0300] {processor.py:161} INFO - Started process (PID=10122) to work on /home/facuvega/Descargas/crypto-etl-airflow/airflow-apache/lib/python3.11/site-packages/airflow/example_dags/example_trigger_controller_dag.py
[2025-04-27T20:11:54.884-0300] {processor.py:830} INFO - Processing file /home/facuvega/Descargas/crypto-etl-airflow/airflow-apache/lib/python3.11/site-packages/airflow/example_dags/example_trigger_controller_dag.py for tasks to queue
[2025-04-27T20:11:54.887-0300] {logging_mixin.py:188} INFO - [2025-04-27T20:11:54.887-0300] {dagbag.py:540} INFO - Filling up the DagBag from /home/facuvega/Descargas/crypto-etl-airflow/airflow-apache/lib/python3.11/site-packages/airflow/example_dags/example_trigger_controller_dag.py
[2025-04-27T20:11:54.891-0300] {processor.py:840} INFO - DAG(s) 'example_trigger_controller_dag' retrieved from /home/facuvega/Descargas/crypto-etl-airflow/airflow-apache/lib/python3.11/site-packages/airflow/example_dags/example_trigger_controller_dag.py
[2025-04-27T20:11:54.905-0300] {logging_mixin.py:188} INFO - [2025-04-27T20:11:54.905-0300] {dag.py:3096} INFO - Sync 1 DAGs
[2025-04-27T20:11:54.929-0300] {logging_mixin.py:188} INFO - [2025-04-27T20:11:54.929-0300] {dag.py:3954} INFO - Setting next_dagrun for example_trigger_controller_dag to 2021-01-01 00:00:00+00:00, run_after=2021-01-01 00:00:00+00:00
[2025-04-27T20:11:54.991-0300] {processor.py:183} INFO - Processing /home/facuvega/Descargas/crypto-etl-airflow/airflow-apache/lib/python3.11/site-packages/airflow/example_dags/example_trigger_controller_dag.py took 0.113 seconds
[2025-04-27T20:12:47.012-0300] {processor.py:161} INFO - Started process (PID=10509) to work on /home/facuvega/Descargas/crypto-etl-airflow/airflow-apache/lib/python3.11/site-packages/airflow/example_dags/example_trigger_controller_dag.py
[2025-04-27T20:12:47.013-0300] {processor.py:830} INFO - Processing file /home/facuvega/Descargas/crypto-etl-airflow/airflow-apache/lib/python3.11/site-packages/airflow/example_dags/example_trigger_controller_dag.py for tasks to queue
[2025-04-27T20:12:47.016-0300] {logging_mixin.py:188} INFO - [2025-04-27T20:12:47.016-0300] {dagbag.py:540} INFO - Filling up the DagBag from /home/facuvega/Descargas/crypto-etl-airflow/airflow-apache/lib/python3.11/site-packages/airflow/example_dags/example_trigger_controller_dag.py
[2025-04-27T20:12:47.023-0300] {processor.py:840} INFO - DAG(s) 'example_trigger_controller_dag' retrieved from /home/facuvega/Descargas/crypto-etl-airflow/airflow-apache/lib/python3.11/site-packages/airflow/example_dags/example_trigger_controller_dag.py
[2025-04-27T20:12:47.042-0300] {logging_mixin.py:188} INFO - [2025-04-27T20:12:47.041-0300] {dag.py:3096} INFO - Sync 1 DAGs
[2025-04-27T20:12:47.066-0300] {logging_mixin.py:188} INFO - [2025-04-27T20:12:47.066-0300] {dag.py:3954} INFO - Setting next_dagrun for example_trigger_controller_dag to 2021-01-01 00:00:00+00:00, run_after=2021-01-01 00:00:00+00:00
[2025-04-27T20:12:47.093-0300] {processor.py:183} INFO - Processing /home/facuvega/Descargas/crypto-etl-airflow/airflow-apache/lib/python3.11/site-packages/airflow/example_dags/example_trigger_controller_dag.py took 0.087 seconds
[2025-04-27T20:13:28.372-0300] {processor.py:161} INFO - Started process (PID=10702) to work on /home/facuvega/Descargas/crypto-etl-airflow/airflow-apache/lib/python3.11/site-packages/airflow/example_dags/example_trigger_controller_dag.py
[2025-04-27T20:13:28.373-0300] {processor.py:830} INFO - Processing file /home/facuvega/Descargas/crypto-etl-airflow/airflow-apache/lib/python3.11/site-packages/airflow/example_dags/example_trigger_controller_dag.py for tasks to queue
[2025-04-27T20:13:28.375-0300] {logging_mixin.py:188} INFO - [2025-04-27T20:13:28.375-0300] {dagbag.py:540} INFO - Filling up the DagBag from /home/facuvega/Descargas/crypto-etl-airflow/airflow-apache/lib/python3.11/site-packages/airflow/example_dags/example_trigger_controller_dag.py
[2025-04-27T20:13:28.380-0300] {processor.py:840} INFO - DAG(s) 'example_trigger_controller_dag' retrieved from /home/facuvega/Descargas/crypto-etl-airflow/airflow-apache/lib/python3.11/site-packages/airflow/example_dags/example_trigger_controller_dag.py
[2025-04-27T20:13:28.394-0300] {logging_mixin.py:188} INFO - [2025-04-27T20:13:28.394-0300] {dag.py:3096} INFO - Sync 1 DAGs
[2025-04-27T20:13:28.409-0300] {logging_mixin.py:188} INFO - [2025-04-27T20:13:28.408-0300] {dag.py:3954} INFO - Setting next_dagrun for example_trigger_controller_dag to 2021-01-01 00:00:00+00:00, run_after=2021-01-01 00:00:00+00:00
[2025-04-27T20:13:28.433-0300] {processor.py:183} INFO - Processing /home/facuvega/Descargas/crypto-etl-airflow/airflow-apache/lib/python3.11/site-packages/airflow/example_dags/example_trigger_controller_dag.py took 0.065 seconds
[2025-04-27T20:14:25.239-0300] {processor.py:161} INFO - Started process (PID=10958) to work on /home/facuvega/Descargas/crypto-etl-airflow/airflow-apache/lib/python3.11/site-packages/airflow/example_dags/example_trigger_controller_dag.py
[2025-04-27T20:14:25.240-0300] {processor.py:830} INFO - Processing file /home/facuvega/Descargas/crypto-etl-airflow/airflow-apache/lib/python3.11/site-packages/airflow/example_dags/example_trigger_controller_dag.py for tasks to queue
[2025-04-27T20:14:25.241-0300] {logging_mixin.py:188} INFO - [2025-04-27T20:14:25.241-0300] {dagbag.py:540} INFO - Filling up the DagBag from /home/facuvega/Descargas/crypto-etl-airflow/airflow-apache/lib/python3.11/site-packages/airflow/example_dags/example_trigger_controller_dag.py
[2025-04-27T20:14:25.246-0300] {processor.py:840} INFO - DAG(s) 'example_trigger_controller_dag' retrieved from /home/facuvega/Descargas/crypto-etl-airflow/airflow-apache/lib/python3.11/site-packages/airflow/example_dags/example_trigger_controller_dag.py
[2025-04-27T20:14:25.258-0300] {logging_mixin.py:188} INFO - [2025-04-27T20:14:25.258-0300] {dag.py:3096} INFO - Sync 1 DAGs
[2025-04-27T20:14:25.272-0300] {logging_mixin.py:188} INFO - [2025-04-27T20:14:25.271-0300] {dag.py:3954} INFO - Setting next_dagrun for example_trigger_controller_dag to 2021-01-01 00:00:00+00:00, run_after=2021-01-01 00:00:00+00:00
[2025-04-27T20:14:25.288-0300] {processor.py:183} INFO - Processing /home/facuvega/Descargas/crypto-etl-airflow/airflow-apache/lib/python3.11/site-packages/airflow/example_dags/example_trigger_controller_dag.py took 0.054 seconds
[2025-04-27T20:15:07.772-0300] {processor.py:161} INFO - Started process (PID=11179) to work on /home/facuvega/Descargas/crypto-etl-airflow/airflow-apache/lib/python3.11/site-packages/airflow/example_dags/example_trigger_controller_dag.py
[2025-04-27T20:15:07.773-0300] {processor.py:830} INFO - Processing file /home/facuvega/Descargas/crypto-etl-airflow/airflow-apache/lib/python3.11/site-packages/airflow/example_dags/example_trigger_controller_dag.py for tasks to queue
[2025-04-27T20:15:07.774-0300] {logging_mixin.py:188} INFO - [2025-04-27T20:15:07.774-0300] {dagbag.py:540} INFO - Filling up the DagBag from /home/facuvega/Descargas/crypto-etl-airflow/airflow-apache/lib/python3.11/site-packages/airflow/example_dags/example_trigger_controller_dag.py
[2025-04-27T20:15:07.779-0300] {processor.py:840} INFO - DAG(s) 'example_trigger_controller_dag' retrieved from /home/facuvega/Descargas/crypto-etl-airflow/airflow-apache/lib/python3.11/site-packages/airflow/example_dags/example_trigger_controller_dag.py
[2025-04-27T20:15:07.791-0300] {logging_mixin.py:188} INFO - [2025-04-27T20:15:07.791-0300] {dag.py:3096} INFO - Sync 1 DAGs
[2025-04-27T20:15:07.805-0300] {logging_mixin.py:188} INFO - [2025-04-27T20:15:07.804-0300] {dag.py:3954} INFO - Setting next_dagrun for example_trigger_controller_dag to 2021-01-01 00:00:00+00:00, run_after=2021-01-01 00:00:00+00:00
[2025-04-27T20:15:07.817-0300] {processor.py:183} INFO - Processing /home/facuvega/Descargas/crypto-etl-airflow/airflow-apache/lib/python3.11/site-packages/airflow/example_dags/example_trigger_controller_dag.py took 0.051 seconds
[2025-04-27T20:15:45.723-0300] {processor.py:161} INFO - Started process (PID=11352) to work on /home/facuvega/Descargas/crypto-etl-airflow/airflow-apache/lib/python3.11/site-packages/airflow/example_dags/example_trigger_controller_dag.py
[2025-04-27T20:15:45.724-0300] {processor.py:830} INFO - Processing file /home/facuvega/Descargas/crypto-etl-airflow/airflow-apache/lib/python3.11/site-packages/airflow/example_dags/example_trigger_controller_dag.py for tasks to queue
[2025-04-27T20:15:45.725-0300] {logging_mixin.py:188} INFO - [2025-04-27T20:15:45.725-0300] {dagbag.py:540} INFO - Filling up the DagBag from /home/facuvega/Descargas/crypto-etl-airflow/airflow-apache/lib/python3.11/site-packages/airflow/example_dags/example_trigger_controller_dag.py
[2025-04-27T20:15:45.730-0300] {processor.py:840} INFO - DAG(s) 'example_trigger_controller_dag' retrieved from /home/facuvega/Descargas/crypto-etl-airflow/airflow-apache/lib/python3.11/site-packages/airflow/example_dags/example_trigger_controller_dag.py
[2025-04-27T20:15:45.743-0300] {logging_mixin.py:188} INFO - [2025-04-27T20:15:45.742-0300] {dag.py:3096} INFO - Sync 1 DAGs
[2025-04-27T20:15:45.755-0300] {logging_mixin.py:188} INFO - [2025-04-27T20:15:45.755-0300] {dag.py:3954} INFO - Setting next_dagrun for example_trigger_controller_dag to 2021-01-01 00:00:00+00:00, run_after=2021-01-01 00:00:00+00:00
[2025-04-27T20:15:45.769-0300] {processor.py:183} INFO - Processing /home/facuvega/Descargas/crypto-etl-airflow/airflow-apache/lib/python3.11/site-packages/airflow/example_dags/example_trigger_controller_dag.py took 0.051 seconds
[2025-04-27T20:16:26.267-0300] {processor.py:161} INFO - Started process (PID=11538) to work on /home/facuvega/Descargas/crypto-etl-airflow/airflow-apache/lib/python3.11/site-packages/airflow/example_dags/example_trigger_controller_dag.py
[2025-04-27T20:16:26.268-0300] {processor.py:830} INFO - Processing file /home/facuvega/Descargas/crypto-etl-airflow/airflow-apache/lib/python3.11/site-packages/airflow/example_dags/example_trigger_controller_dag.py for tasks to queue
[2025-04-27T20:16:26.270-0300] {logging_mixin.py:188} INFO - [2025-04-27T20:16:26.270-0300] {dagbag.py:540} INFO - Filling up the DagBag from /home/facuvega/Descargas/crypto-etl-airflow/airflow-apache/lib/python3.11/site-packages/airflow/example_dags/example_trigger_controller_dag.py
[2025-04-27T20:16:26.274-0300] {processor.py:840} INFO - DAG(s) 'example_trigger_controller_dag' retrieved from /home/facuvega/Descargas/crypto-etl-airflow/airflow-apache/lib/python3.11/site-packages/airflow/example_dags/example_trigger_controller_dag.py
[2025-04-27T20:16:26.287-0300] {logging_mixin.py:188} INFO - [2025-04-27T20:16:26.287-0300] {dag.py:3096} INFO - Sync 1 DAGs
[2025-04-27T20:16:26.300-0300] {logging_mixin.py:188} INFO - [2025-04-27T20:16:26.300-0300] {dag.py:3954} INFO - Setting next_dagrun for example_trigger_controller_dag to 2021-01-01 00:00:00+00:00, run_after=2021-01-01 00:00:00+00:00
[2025-04-27T20:16:26.313-0300] {processor.py:183} INFO - Processing /home/facuvega/Descargas/crypto-etl-airflow/airflow-apache/lib/python3.11/site-packages/airflow/example_dags/example_trigger_controller_dag.py took 0.052 seconds
[2025-04-27T20:17:08.199-0300] {processor.py:161} INFO - Started process (PID=11730) to work on /home/facuvega/Descargas/crypto-etl-airflow/airflow-apache/lib/python3.11/site-packages/airflow/example_dags/example_trigger_controller_dag.py
[2025-04-27T20:17:08.201-0300] {processor.py:830} INFO - Processing file /home/facuvega/Descargas/crypto-etl-airflow/airflow-apache/lib/python3.11/site-packages/airflow/example_dags/example_trigger_controller_dag.py for tasks to queue
[2025-04-27T20:17:08.203-0300] {logging_mixin.py:188} INFO - [2025-04-27T20:17:08.202-0300] {dagbag.py:540} INFO - Filling up the DagBag from /home/facuvega/Descargas/crypto-etl-airflow/airflow-apache/lib/python3.11/site-packages/airflow/example_dags/example_trigger_controller_dag.py
[2025-04-27T20:17:08.208-0300] {processor.py:840} INFO - DAG(s) 'example_trigger_controller_dag' retrieved from /home/facuvega/Descargas/crypto-etl-airflow/airflow-apache/lib/python3.11/site-packages/airflow/example_dags/example_trigger_controller_dag.py
[2025-04-27T20:17:08.223-0300] {logging_mixin.py:188} INFO - [2025-04-27T20:17:08.223-0300] {dag.py:3096} INFO - Sync 1 DAGs
[2025-04-27T20:17:08.243-0300] {logging_mixin.py:188} INFO - [2025-04-27T20:17:08.242-0300] {dag.py:3954} INFO - Setting next_dagrun for example_trigger_controller_dag to 2021-01-01 00:00:00+00:00, run_after=2021-01-01 00:00:00+00:00
[2025-04-27T20:17:08.272-0300] {processor.py:183} INFO - Processing /home/facuvega/Descargas/crypto-etl-airflow/airflow-apache/lib/python3.11/site-packages/airflow/example_dags/example_trigger_controller_dag.py took 0.080 seconds
[2025-04-27T20:17:51.122-0300] {processor.py:161} INFO - Started process (PID=12050) to work on /home/facuvega/Descargas/crypto-etl-airflow/airflow-apache/lib/python3.11/site-packages/airflow/example_dags/example_trigger_controller_dag.py
[2025-04-27T20:17:51.123-0300] {processor.py:830} INFO - Processing file /home/facuvega/Descargas/crypto-etl-airflow/airflow-apache/lib/python3.11/site-packages/airflow/example_dags/example_trigger_controller_dag.py for tasks to queue
[2025-04-27T20:17:51.125-0300] {logging_mixin.py:188} INFO - [2025-04-27T20:17:51.125-0300] {dagbag.py:540} INFO - Filling up the DagBag from /home/facuvega/Descargas/crypto-etl-airflow/airflow-apache/lib/python3.11/site-packages/airflow/example_dags/example_trigger_controller_dag.py
[2025-04-27T20:17:51.130-0300] {processor.py:840} INFO - DAG(s) 'example_trigger_controller_dag' retrieved from /home/facuvega/Descargas/crypto-etl-airflow/airflow-apache/lib/python3.11/site-packages/airflow/example_dags/example_trigger_controller_dag.py
[2025-04-27T20:17:51.144-0300] {logging_mixin.py:188} INFO - [2025-04-27T20:17:51.144-0300] {dag.py:3096} INFO - Sync 1 DAGs
[2025-04-27T20:17:51.157-0300] {logging_mixin.py:188} INFO - [2025-04-27T20:17:51.156-0300] {dag.py:3954} INFO - Setting next_dagrun for example_trigger_controller_dag to 2021-01-01 00:00:00+00:00, run_after=2021-01-01 00:00:00+00:00
[2025-04-27T20:17:51.171-0300] {processor.py:183} INFO - Processing /home/facuvega/Descargas/crypto-etl-airflow/airflow-apache/lib/python3.11/site-packages/airflow/example_dags/example_trigger_controller_dag.py took 0.054 seconds
[2025-04-27T20:18:49.665-0300] {processor.py:161} INFO - Started process (PID=12314) to work on /home/facuvega/Descargas/crypto-etl-airflow/airflow-apache/lib/python3.11/site-packages/airflow/example_dags/example_trigger_controller_dag.py
[2025-04-27T20:18:49.666-0300] {processor.py:830} INFO - Processing file /home/facuvega/Descargas/crypto-etl-airflow/airflow-apache/lib/python3.11/site-packages/airflow/example_dags/example_trigger_controller_dag.py for tasks to queue
[2025-04-27T20:18:49.667-0300] {logging_mixin.py:188} INFO - [2025-04-27T20:18:49.667-0300] {dagbag.py:540} INFO - Filling up the DagBag from /home/facuvega/Descargas/crypto-etl-airflow/airflow-apache/lib/python3.11/site-packages/airflow/example_dags/example_trigger_controller_dag.py
[2025-04-27T20:18:49.672-0300] {processor.py:840} INFO - DAG(s) 'example_trigger_controller_dag' retrieved from /home/facuvega/Descargas/crypto-etl-airflow/airflow-apache/lib/python3.11/site-packages/airflow/example_dags/example_trigger_controller_dag.py
[2025-04-27T20:18:49.689-0300] {logging_mixin.py:188} INFO - [2025-04-27T20:18:49.689-0300] {dag.py:3096} INFO - Sync 1 DAGs
[2025-04-27T20:18:49.713-0300] {logging_mixin.py:188} INFO - [2025-04-27T20:18:49.713-0300] {dag.py:3954} INFO - Setting next_dagrun for example_trigger_controller_dag to 2021-01-01 00:00:00+00:00, run_after=2021-01-01 00:00:00+00:00
[2025-04-27T20:18:49.728-0300] {processor.py:183} INFO - Processing /home/facuvega/Descargas/crypto-etl-airflow/airflow-apache/lib/python3.11/site-packages/airflow/example_dags/example_trigger_controller_dag.py took 0.069 seconds
[2025-04-27T20:19:30.079-0300] {processor.py:161} INFO - Started process (PID=12499) to work on /home/facuvega/Descargas/crypto-etl-airflow/airflow-apache/lib/python3.11/site-packages/airflow/example_dags/example_trigger_controller_dag.py
[2025-04-27T20:19:30.080-0300] {processor.py:830} INFO - Processing file /home/facuvega/Descargas/crypto-etl-airflow/airflow-apache/lib/python3.11/site-packages/airflow/example_dags/example_trigger_controller_dag.py for tasks to queue
[2025-04-27T20:19:30.082-0300] {logging_mixin.py:188} INFO - [2025-04-27T20:19:30.082-0300] {dagbag.py:540} INFO - Filling up the DagBag from /home/facuvega/Descargas/crypto-etl-airflow/airflow-apache/lib/python3.11/site-packages/airflow/example_dags/example_trigger_controller_dag.py
[2025-04-27T20:19:30.087-0300] {processor.py:840} INFO - DAG(s) 'example_trigger_controller_dag' retrieved from /home/facuvega/Descargas/crypto-etl-airflow/airflow-apache/lib/python3.11/site-packages/airflow/example_dags/example_trigger_controller_dag.py
[2025-04-27T20:19:30.102-0300] {logging_mixin.py:188} INFO - [2025-04-27T20:19:30.102-0300] {dag.py:3096} INFO - Sync 1 DAGs
[2025-04-27T20:19:30.121-0300] {logging_mixin.py:188} INFO - [2025-04-27T20:19:30.120-0300] {dag.py:3954} INFO - Setting next_dagrun for example_trigger_controller_dag to 2021-01-01 00:00:00+00:00, run_after=2021-01-01 00:00:00+00:00
[2025-04-27T20:19:30.137-0300] {processor.py:183} INFO - Processing /home/facuvega/Descargas/crypto-etl-airflow/airflow-apache/lib/python3.11/site-packages/airflow/example_dags/example_trigger_controller_dag.py took 0.063 seconds
[2025-04-27T20:20:28.269-0300] {processor.py:161} INFO - Started process (PID=12813) to work on /home/facuvega/Descargas/crypto-etl-airflow/airflow-apache/lib/python3.11/site-packages/airflow/example_dags/example_trigger_controller_dag.py
[2025-04-27T20:20:28.270-0300] {processor.py:830} INFO - Processing file /home/facuvega/Descargas/crypto-etl-airflow/airflow-apache/lib/python3.11/site-packages/airflow/example_dags/example_trigger_controller_dag.py for tasks to queue
[2025-04-27T20:20:28.272-0300] {logging_mixin.py:188} INFO - [2025-04-27T20:20:28.271-0300] {dagbag.py:540} INFO - Filling up the DagBag from /home/facuvega/Descargas/crypto-etl-airflow/airflow-apache/lib/python3.11/site-packages/airflow/example_dags/example_trigger_controller_dag.py
[2025-04-27T20:20:28.277-0300] {processor.py:840} INFO - DAG(s) 'example_trigger_controller_dag' retrieved from /home/facuvega/Descargas/crypto-etl-airflow/airflow-apache/lib/python3.11/site-packages/airflow/example_dags/example_trigger_controller_dag.py
[2025-04-27T20:20:28.294-0300] {logging_mixin.py:188} INFO - [2025-04-27T20:20:28.293-0300] {dag.py:3096} INFO - Sync 1 DAGs
[2025-04-27T20:20:28.309-0300] {logging_mixin.py:188} INFO - [2025-04-27T20:20:28.308-0300] {dag.py:3954} INFO - Setting next_dagrun for example_trigger_controller_dag to 2021-01-01 00:00:00+00:00, run_after=2021-01-01 00:00:00+00:00
[2025-04-27T20:20:28.322-0300] {processor.py:183} INFO - Processing /home/facuvega/Descargas/crypto-etl-airflow/airflow-apache/lib/python3.11/site-packages/airflow/example_dags/example_trigger_controller_dag.py took 0.059 seconds
[2025-04-27T20:21:08.374-0300] {processor.py:161} INFO - Started process (PID=12995) to work on /home/facuvega/Descargas/crypto-etl-airflow/airflow-apache/lib/python3.11/site-packages/airflow/example_dags/example_trigger_controller_dag.py
[2025-04-27T20:21:08.375-0300] {processor.py:830} INFO - Processing file /home/facuvega/Descargas/crypto-etl-airflow/airflow-apache/lib/python3.11/site-packages/airflow/example_dags/example_trigger_controller_dag.py for tasks to queue
[2025-04-27T20:21:08.377-0300] {logging_mixin.py:188} INFO - [2025-04-27T20:21:08.376-0300] {dagbag.py:540} INFO - Filling up the DagBag from /home/facuvega/Descargas/crypto-etl-airflow/airflow-apache/lib/python3.11/site-packages/airflow/example_dags/example_trigger_controller_dag.py
[2025-04-27T20:21:08.382-0300] {processor.py:840} INFO - DAG(s) 'example_trigger_controller_dag' retrieved from /home/facuvega/Descargas/crypto-etl-airflow/airflow-apache/lib/python3.11/site-packages/airflow/example_dags/example_trigger_controller_dag.py
[2025-04-27T20:21:08.397-0300] {logging_mixin.py:188} INFO - [2025-04-27T20:21:08.396-0300] {dag.py:3096} INFO - Sync 1 DAGs
[2025-04-27T20:21:08.411-0300] {logging_mixin.py:188} INFO - [2025-04-27T20:21:08.411-0300] {dag.py:3954} INFO - Setting next_dagrun for example_trigger_controller_dag to 2021-01-01 00:00:00+00:00, run_after=2021-01-01 00:00:00+00:00
[2025-04-27T20:21:08.426-0300] {processor.py:183} INFO - Processing /home/facuvega/Descargas/crypto-etl-airflow/airflow-apache/lib/python3.11/site-packages/airflow/example_dags/example_trigger_controller_dag.py took 0.058 seconds
[2025-04-27T20:21:49.311-0300] {processor.py:161} INFO - Started process (PID=13175) to work on /home/facuvega/Descargas/crypto-etl-airflow/airflow-apache/lib/python3.11/site-packages/airflow/example_dags/example_trigger_controller_dag.py
[2025-04-27T20:21:49.312-0300] {processor.py:830} INFO - Processing file /home/facuvega/Descargas/crypto-etl-airflow/airflow-apache/lib/python3.11/site-packages/airflow/example_dags/example_trigger_controller_dag.py for tasks to queue
[2025-04-27T20:21:49.313-0300] {logging_mixin.py:188} INFO - [2025-04-27T20:21:49.313-0300] {dagbag.py:540} INFO - Filling up the DagBag from /home/facuvega/Descargas/crypto-etl-airflow/airflow-apache/lib/python3.11/site-packages/airflow/example_dags/example_trigger_controller_dag.py
[2025-04-27T20:21:49.318-0300] {processor.py:840} INFO - DAG(s) 'example_trigger_controller_dag' retrieved from /home/facuvega/Descargas/crypto-etl-airflow/airflow-apache/lib/python3.11/site-packages/airflow/example_dags/example_trigger_controller_dag.py
[2025-04-27T20:21:49.330-0300] {logging_mixin.py:188} INFO - [2025-04-27T20:21:49.330-0300] {dag.py:3096} INFO - Sync 1 DAGs
[2025-04-27T20:21:49.343-0300] {logging_mixin.py:188} INFO - [2025-04-27T20:21:49.343-0300] {dag.py:3954} INFO - Setting next_dagrun for example_trigger_controller_dag to 2021-01-01 00:00:00+00:00, run_after=2021-01-01 00:00:00+00:00
[2025-04-27T20:21:49.359-0300] {processor.py:183} INFO - Processing /home/facuvega/Descargas/crypto-etl-airflow/airflow-apache/lib/python3.11/site-packages/airflow/example_dags/example_trigger_controller_dag.py took 0.053 seconds
[2025-04-27T20:22:32.108-0300] {processor.py:161} INFO - Started process (PID=13366) to work on /home/facuvega/Descargas/crypto-etl-airflow/airflow-apache/lib/python3.11/site-packages/airflow/example_dags/example_trigger_controller_dag.py
[2025-04-27T20:22:32.109-0300] {processor.py:830} INFO - Processing file /home/facuvega/Descargas/crypto-etl-airflow/airflow-apache/lib/python3.11/site-packages/airflow/example_dags/example_trigger_controller_dag.py for tasks to queue
[2025-04-27T20:22:32.110-0300] {logging_mixin.py:188} INFO - [2025-04-27T20:22:32.110-0300] {dagbag.py:540} INFO - Filling up the DagBag from /home/facuvega/Descargas/crypto-etl-airflow/airflow-apache/lib/python3.11/site-packages/airflow/example_dags/example_trigger_controller_dag.py
[2025-04-27T20:22:32.114-0300] {processor.py:840} INFO - DAG(s) 'example_trigger_controller_dag' retrieved from /home/facuvega/Descargas/crypto-etl-airflow/airflow-apache/lib/python3.11/site-packages/airflow/example_dags/example_trigger_controller_dag.py
[2025-04-27T20:22:32.126-0300] {logging_mixin.py:188} INFO - [2025-04-27T20:22:32.126-0300] {dag.py:3096} INFO - Sync 1 DAGs
[2025-04-27T20:22:32.139-0300] {logging_mixin.py:188} INFO - [2025-04-27T20:22:32.139-0300] {dag.py:3954} INFO - Setting next_dagrun for example_trigger_controller_dag to 2021-01-01 00:00:00+00:00, run_after=2021-01-01 00:00:00+00:00
[2025-04-27T20:22:32.152-0300] {processor.py:183} INFO - Processing /home/facuvega/Descargas/crypto-etl-airflow/airflow-apache/lib/python3.11/site-packages/airflow/example_dags/example_trigger_controller_dag.py took 0.049 seconds
[2025-04-27T20:23:16.307-0300] {processor.py:161} INFO - Started process (PID=13568) to work on /home/facuvega/Descargas/crypto-etl-airflow/airflow-apache/lib/python3.11/site-packages/airflow/example_dags/example_trigger_controller_dag.py
[2025-04-27T20:23:16.308-0300] {processor.py:830} INFO - Processing file /home/facuvega/Descargas/crypto-etl-airflow/airflow-apache/lib/python3.11/site-packages/airflow/example_dags/example_trigger_controller_dag.py for tasks to queue
[2025-04-27T20:23:16.310-0300] {logging_mixin.py:188} INFO - [2025-04-27T20:23:16.310-0300] {dagbag.py:540} INFO - Filling up the DagBag from /home/facuvega/Descargas/crypto-etl-airflow/airflow-apache/lib/python3.11/site-packages/airflow/example_dags/example_trigger_controller_dag.py
[2025-04-27T20:23:16.315-0300] {processor.py:840} INFO - DAG(s) 'example_trigger_controller_dag' retrieved from /home/facuvega/Descargas/crypto-etl-airflow/airflow-apache/lib/python3.11/site-packages/airflow/example_dags/example_trigger_controller_dag.py
[2025-04-27T20:23:16.330-0300] {logging_mixin.py:188} INFO - [2025-04-27T20:23:16.330-0300] {dag.py:3096} INFO - Sync 1 DAGs
[2025-04-27T20:23:16.346-0300] {logging_mixin.py:188} INFO - [2025-04-27T20:23:16.346-0300] {dag.py:3954} INFO - Setting next_dagrun for example_trigger_controller_dag to 2021-01-01 00:00:00+00:00, run_after=2021-01-01 00:00:00+00:00
[2025-04-27T20:23:16.362-0300] {processor.py:183} INFO - Processing /home/facuvega/Descargas/crypto-etl-airflow/airflow-apache/lib/python3.11/site-packages/airflow/example_dags/example_trigger_controller_dag.py took 0.060 seconds
[2025-04-27T20:23:56.840-0300] {processor.py:161} INFO - Started process (PID=13743) to work on /home/facuvega/Descargas/crypto-etl-airflow/airflow-apache/lib/python3.11/site-packages/airflow/example_dags/example_trigger_controller_dag.py
[2025-04-27T20:23:56.841-0300] {processor.py:830} INFO - Processing file /home/facuvega/Descargas/crypto-etl-airflow/airflow-apache/lib/python3.11/site-packages/airflow/example_dags/example_trigger_controller_dag.py for tasks to queue
[2025-04-27T20:23:56.843-0300] {logging_mixin.py:188} INFO - [2025-04-27T20:23:56.842-0300] {dagbag.py:540} INFO - Filling up the DagBag from /home/facuvega/Descargas/crypto-etl-airflow/airflow-apache/lib/python3.11/site-packages/airflow/example_dags/example_trigger_controller_dag.py
[2025-04-27T20:23:56.848-0300] {processor.py:840} INFO - DAG(s) 'example_trigger_controller_dag' retrieved from /home/facuvega/Descargas/crypto-etl-airflow/airflow-apache/lib/python3.11/site-packages/airflow/example_dags/example_trigger_controller_dag.py
[2025-04-27T20:23:56.861-0300] {logging_mixin.py:188} INFO - [2025-04-27T20:23:56.860-0300] {dag.py:3096} INFO - Sync 1 DAGs
[2025-04-27T20:23:56.875-0300] {logging_mixin.py:188} INFO - [2025-04-27T20:23:56.874-0300] {dag.py:3954} INFO - Setting next_dagrun for example_trigger_controller_dag to 2021-01-01 00:00:00+00:00, run_after=2021-01-01 00:00:00+00:00
[2025-04-27T20:23:56.888-0300] {processor.py:183} INFO - Processing /home/facuvega/Descargas/crypto-etl-airflow/airflow-apache/lib/python3.11/site-packages/airflow/example_dags/example_trigger_controller_dag.py took 0.053 seconds
[2025-04-27T20:24:50.893-0300] {processor.py:161} INFO - Started process (PID=14022) to work on /home/facuvega/Descargas/crypto-etl-airflow/airflow-apache/lib/python3.11/site-packages/airflow/example_dags/example_trigger_controller_dag.py
[2025-04-27T20:24:50.894-0300] {processor.py:830} INFO - Processing file /home/facuvega/Descargas/crypto-etl-airflow/airflow-apache/lib/python3.11/site-packages/airflow/example_dags/example_trigger_controller_dag.py for tasks to queue
[2025-04-27T20:24:50.896-0300] {logging_mixin.py:188} INFO - [2025-04-27T20:24:50.896-0300] {dagbag.py:540} INFO - Filling up the DagBag from /home/facuvega/Descargas/crypto-etl-airflow/airflow-apache/lib/python3.11/site-packages/airflow/example_dags/example_trigger_controller_dag.py
[2025-04-27T20:24:50.902-0300] {processor.py:840} INFO - DAG(s) 'example_trigger_controller_dag' retrieved from /home/facuvega/Descargas/crypto-etl-airflow/airflow-apache/lib/python3.11/site-packages/airflow/example_dags/example_trigger_controller_dag.py
[2025-04-27T20:24:50.916-0300] {logging_mixin.py:188} INFO - [2025-04-27T20:24:50.916-0300] {dag.py:3096} INFO - Sync 1 DAGs
[2025-04-27T20:24:50.935-0300] {logging_mixin.py:188} INFO - [2025-04-27T20:24:50.935-0300] {dag.py:3954} INFO - Setting next_dagrun for example_trigger_controller_dag to 2021-01-01 00:00:00+00:00, run_after=2021-01-01 00:00:00+00:00
[2025-04-27T20:24:50.948-0300] {processor.py:183} INFO - Processing /home/facuvega/Descargas/crypto-etl-airflow/airflow-apache/lib/python3.11/site-packages/airflow/example_dags/example_trigger_controller_dag.py took 0.061 seconds
[2025-04-27T20:25:50.176-0300] {processor.py:161} INFO - Started process (PID=14292) to work on /home/facuvega/Descargas/crypto-etl-airflow/airflow-apache/lib/python3.11/site-packages/airflow/example_dags/example_trigger_controller_dag.py
[2025-04-27T20:25:50.177-0300] {processor.py:830} INFO - Processing file /home/facuvega/Descargas/crypto-etl-airflow/airflow-apache/lib/python3.11/site-packages/airflow/example_dags/example_trigger_controller_dag.py for tasks to queue
[2025-04-27T20:25:50.179-0300] {logging_mixin.py:188} INFO - [2025-04-27T20:25:50.178-0300] {dagbag.py:540} INFO - Filling up the DagBag from /home/facuvega/Descargas/crypto-etl-airflow/airflow-apache/lib/python3.11/site-packages/airflow/example_dags/example_trigger_controller_dag.py
[2025-04-27T20:25:50.183-0300] {processor.py:840} INFO - DAG(s) 'example_trigger_controller_dag' retrieved from /home/facuvega/Descargas/crypto-etl-airflow/airflow-apache/lib/python3.11/site-packages/airflow/example_dags/example_trigger_controller_dag.py
[2025-04-27T20:25:50.196-0300] {logging_mixin.py:188} INFO - [2025-04-27T20:25:50.196-0300] {dag.py:3096} INFO - Sync 1 DAGs
[2025-04-27T20:25:50.211-0300] {logging_mixin.py:188} INFO - [2025-04-27T20:25:50.211-0300] {dag.py:3954} INFO - Setting next_dagrun for example_trigger_controller_dag to 2021-01-01 00:00:00+00:00, run_after=2021-01-01 00:00:00+00:00
[2025-04-27T20:25:50.227-0300] {processor.py:183} INFO - Processing /home/facuvega/Descargas/crypto-etl-airflow/airflow-apache/lib/python3.11/site-packages/airflow/example_dags/example_trigger_controller_dag.py took 0.056 seconds
[2025-04-27T20:26:34.761-0300] {processor.py:161} INFO - Started process (PID=14513) to work on /home/facuvega/Descargas/crypto-etl-airflow/airflow-apache/lib/python3.11/site-packages/airflow/example_dags/example_trigger_controller_dag.py
[2025-04-27T20:26:34.762-0300] {processor.py:830} INFO - Processing file /home/facuvega/Descargas/crypto-etl-airflow/airflow-apache/lib/python3.11/site-packages/airflow/example_dags/example_trigger_controller_dag.py for tasks to queue
[2025-04-27T20:26:34.764-0300] {logging_mixin.py:188} INFO - [2025-04-27T20:26:34.764-0300] {dagbag.py:540} INFO - Filling up the DagBag from /home/facuvega/Descargas/crypto-etl-airflow/airflow-apache/lib/python3.11/site-packages/airflow/example_dags/example_trigger_controller_dag.py
[2025-04-27T20:26:34.770-0300] {processor.py:840} INFO - DAG(s) 'example_trigger_controller_dag' retrieved from /home/facuvega/Descargas/crypto-etl-airflow/airflow-apache/lib/python3.11/site-packages/airflow/example_dags/example_trigger_controller_dag.py
[2025-04-27T20:26:34.786-0300] {logging_mixin.py:188} INFO - [2025-04-27T20:26:34.786-0300] {dag.py:3096} INFO - Sync 1 DAGs
[2025-04-27T20:26:34.800-0300] {logging_mixin.py:188} INFO - [2025-04-27T20:26:34.800-0300] {dag.py:3954} INFO - Setting next_dagrun for example_trigger_controller_dag to 2021-01-01 00:00:00+00:00, run_after=2021-01-01 00:00:00+00:00
[2025-04-27T20:26:34.815-0300] {processor.py:183} INFO - Processing /home/facuvega/Descargas/crypto-etl-airflow/airflow-apache/lib/python3.11/site-packages/airflow/example_dags/example_trigger_controller_dag.py took 0.060 seconds
[2025-04-27T20:27:32.450-0300] {processor.py:161} INFO - Started process (PID=14777) to work on /home/facuvega/Descargas/crypto-etl-airflow/airflow-apache/lib/python3.11/site-packages/airflow/example_dags/example_trigger_controller_dag.py
[2025-04-27T20:27:32.451-0300] {processor.py:830} INFO - Processing file /home/facuvega/Descargas/crypto-etl-airflow/airflow-apache/lib/python3.11/site-packages/airflow/example_dags/example_trigger_controller_dag.py for tasks to queue
[2025-04-27T20:27:32.453-0300] {logging_mixin.py:188} INFO - [2025-04-27T20:27:32.452-0300] {dagbag.py:540} INFO - Filling up the DagBag from /home/facuvega/Descargas/crypto-etl-airflow/airflow-apache/lib/python3.11/site-packages/airflow/example_dags/example_trigger_controller_dag.py
[2025-04-27T20:27:32.458-0300] {processor.py:840} INFO - DAG(s) 'example_trigger_controller_dag' retrieved from /home/facuvega/Descargas/crypto-etl-airflow/airflow-apache/lib/python3.11/site-packages/airflow/example_dags/example_trigger_controller_dag.py
[2025-04-27T20:27:32.473-0300] {logging_mixin.py:188} INFO - [2025-04-27T20:27:32.473-0300] {dag.py:3096} INFO - Sync 1 DAGs
[2025-04-27T20:27:32.487-0300] {logging_mixin.py:188} INFO - [2025-04-27T20:27:32.487-0300] {dag.py:3954} INFO - Setting next_dagrun for example_trigger_controller_dag to 2021-01-01 00:00:00+00:00, run_after=2021-01-01 00:00:00+00:00
[2025-04-27T20:27:32.502-0300] {processor.py:183} INFO - Processing /home/facuvega/Descargas/crypto-etl-airflow/airflow-apache/lib/python3.11/site-packages/airflow/example_dags/example_trigger_controller_dag.py took 0.057 seconds
[2025-04-27T20:28:31.787-0300] {processor.py:161} INFO - Started process (PID=15049) to work on /home/facuvega/Descargas/crypto-etl-airflow/airflow-apache/lib/python3.11/site-packages/airflow/example_dags/example_trigger_controller_dag.py
[2025-04-27T20:28:31.788-0300] {processor.py:830} INFO - Processing file /home/facuvega/Descargas/crypto-etl-airflow/airflow-apache/lib/python3.11/site-packages/airflow/example_dags/example_trigger_controller_dag.py for tasks to queue
[2025-04-27T20:28:31.790-0300] {logging_mixin.py:188} INFO - [2025-04-27T20:28:31.790-0300] {dagbag.py:540} INFO - Filling up the DagBag from /home/facuvega/Descargas/crypto-etl-airflow/airflow-apache/lib/python3.11/site-packages/airflow/example_dags/example_trigger_controller_dag.py
[2025-04-27T20:28:31.795-0300] {processor.py:840} INFO - DAG(s) 'example_trigger_controller_dag' retrieved from /home/facuvega/Descargas/crypto-etl-airflow/airflow-apache/lib/python3.11/site-packages/airflow/example_dags/example_trigger_controller_dag.py
[2025-04-27T20:28:31.808-0300] {logging_mixin.py:188} INFO - [2025-04-27T20:28:31.808-0300] {dag.py:3096} INFO - Sync 1 DAGs
[2025-04-27T20:28:31.822-0300] {logging_mixin.py:188} INFO - [2025-04-27T20:28:31.822-0300] {dag.py:3954} INFO - Setting next_dagrun for example_trigger_controller_dag to 2021-01-01 00:00:00+00:00, run_after=2021-01-01 00:00:00+00:00
[2025-04-27T20:28:31.836-0300] {processor.py:183} INFO - Processing /home/facuvega/Descargas/crypto-etl-airflow/airflow-apache/lib/python3.11/site-packages/airflow/example_dags/example_trigger_controller_dag.py took 0.054 seconds
[2025-04-27T20:29:15.257-0300] {processor.py:161} INFO - Started process (PID=15243) to work on /home/facuvega/Descargas/crypto-etl-airflow/airflow-apache/lib/python3.11/site-packages/airflow/example_dags/example_trigger_controller_dag.py
[2025-04-27T20:29:15.258-0300] {processor.py:830} INFO - Processing file /home/facuvega/Descargas/crypto-etl-airflow/airflow-apache/lib/python3.11/site-packages/airflow/example_dags/example_trigger_controller_dag.py for tasks to queue
[2025-04-27T20:29:15.259-0300] {logging_mixin.py:188} INFO - [2025-04-27T20:29:15.259-0300] {dagbag.py:540} INFO - Filling up the DagBag from /home/facuvega/Descargas/crypto-etl-airflow/airflow-apache/lib/python3.11/site-packages/airflow/example_dags/example_trigger_controller_dag.py
[2025-04-27T20:29:15.264-0300] {processor.py:840} INFO - DAG(s) 'example_trigger_controller_dag' retrieved from /home/facuvega/Descargas/crypto-etl-airflow/airflow-apache/lib/python3.11/site-packages/airflow/example_dags/example_trigger_controller_dag.py
[2025-04-27T20:29:15.277-0300] {logging_mixin.py:188} INFO - [2025-04-27T20:29:15.277-0300] {dag.py:3096} INFO - Sync 1 DAGs
[2025-04-27T20:29:15.289-0300] {logging_mixin.py:188} INFO - [2025-04-27T20:29:15.289-0300] {dag.py:3954} INFO - Setting next_dagrun for example_trigger_controller_dag to 2021-01-01 00:00:00+00:00, run_after=2021-01-01 00:00:00+00:00
[2025-04-27T20:29:15.302-0300] {processor.py:183} INFO - Processing /home/facuvega/Descargas/crypto-etl-airflow/airflow-apache/lib/python3.11/site-packages/airflow/example_dags/example_trigger_controller_dag.py took 0.051 seconds
[2025-04-27T20:29:54.128-0300] {processor.py:161} INFO - Started process (PID=15445) to work on /home/facuvega/Descargas/crypto-etl-airflow/airflow-apache/lib/python3.11/site-packages/airflow/example_dags/example_trigger_controller_dag.py
[2025-04-27T20:29:54.129-0300] {processor.py:830} INFO - Processing file /home/facuvega/Descargas/crypto-etl-airflow/airflow-apache/lib/python3.11/site-packages/airflow/example_dags/example_trigger_controller_dag.py for tasks to queue
[2025-04-27T20:29:54.131-0300] {logging_mixin.py:188} INFO - [2025-04-27T20:29:54.131-0300] {dagbag.py:540} INFO - Filling up the DagBag from /home/facuvega/Descargas/crypto-etl-airflow/airflow-apache/lib/python3.11/site-packages/airflow/example_dags/example_trigger_controller_dag.py
[2025-04-27T20:29:54.137-0300] {processor.py:840} INFO - DAG(s) 'example_trigger_controller_dag' retrieved from /home/facuvega/Descargas/crypto-etl-airflow/airflow-apache/lib/python3.11/site-packages/airflow/example_dags/example_trigger_controller_dag.py
[2025-04-27T20:29:54.152-0300] {logging_mixin.py:188} INFO - [2025-04-27T20:29:54.152-0300] {dag.py:3096} INFO - Sync 1 DAGs
[2025-04-27T20:29:54.170-0300] {logging_mixin.py:188} INFO - [2025-04-27T20:29:54.169-0300] {dag.py:3954} INFO - Setting next_dagrun for example_trigger_controller_dag to 2021-01-01 00:00:00+00:00, run_after=2021-01-01 00:00:00+00:00
[2025-04-27T20:29:54.186-0300] {processor.py:183} INFO - Processing /home/facuvega/Descargas/crypto-etl-airflow/airflow-apache/lib/python3.11/site-packages/airflow/example_dags/example_trigger_controller_dag.py took 0.064 seconds
[2025-04-27T20:30:53.085-0300] {processor.py:161} INFO - Started process (PID=15722) to work on /home/facuvega/Descargas/crypto-etl-airflow/airflow-apache/lib/python3.11/site-packages/airflow/example_dags/example_trigger_controller_dag.py
[2025-04-27T20:30:53.086-0300] {processor.py:830} INFO - Processing file /home/facuvega/Descargas/crypto-etl-airflow/airflow-apache/lib/python3.11/site-packages/airflow/example_dags/example_trigger_controller_dag.py for tasks to queue
[2025-04-27T20:30:53.088-0300] {logging_mixin.py:188} INFO - [2025-04-27T20:30:53.088-0300] {dagbag.py:540} INFO - Filling up the DagBag from /home/facuvega/Descargas/crypto-etl-airflow/airflow-apache/lib/python3.11/site-packages/airflow/example_dags/example_trigger_controller_dag.py
[2025-04-27T20:30:53.094-0300] {processor.py:840} INFO - DAG(s) 'example_trigger_controller_dag' retrieved from /home/facuvega/Descargas/crypto-etl-airflow/airflow-apache/lib/python3.11/site-packages/airflow/example_dags/example_trigger_controller_dag.py
[2025-04-27T20:30:53.110-0300] {logging_mixin.py:188} INFO - [2025-04-27T20:30:53.110-0300] {dag.py:3096} INFO - Sync 1 DAGs
[2025-04-27T20:30:53.128-0300] {logging_mixin.py:188} INFO - [2025-04-27T20:30:53.127-0300] {dag.py:3954} INFO - Setting next_dagrun for example_trigger_controller_dag to 2021-01-01 00:00:00+00:00, run_after=2021-01-01 00:00:00+00:00
[2025-04-27T20:30:53.144-0300] {processor.py:183} INFO - Processing /home/facuvega/Descargas/crypto-etl-airflow/airflow-apache/lib/python3.11/site-packages/airflow/example_dags/example_trigger_controller_dag.py took 0.064 seconds
[2025-04-27T20:31:32.417-0300] {processor.py:161} INFO - Started process (PID=15898) to work on /home/facuvega/Descargas/crypto-etl-airflow/airflow-apache/lib/python3.11/site-packages/airflow/example_dags/example_trigger_controller_dag.py
[2025-04-27T20:31:32.418-0300] {processor.py:830} INFO - Processing file /home/facuvega/Descargas/crypto-etl-airflow/airflow-apache/lib/python3.11/site-packages/airflow/example_dags/example_trigger_controller_dag.py for tasks to queue
[2025-04-27T20:31:32.420-0300] {logging_mixin.py:188} INFO - [2025-04-27T20:31:32.419-0300] {dagbag.py:540} INFO - Filling up the DagBag from /home/facuvega/Descargas/crypto-etl-airflow/airflow-apache/lib/python3.11/site-packages/airflow/example_dags/example_trigger_controller_dag.py
[2025-04-27T20:31:32.426-0300] {processor.py:840} INFO - DAG(s) 'example_trigger_controller_dag' retrieved from /home/facuvega/Descargas/crypto-etl-airflow/airflow-apache/lib/python3.11/site-packages/airflow/example_dags/example_trigger_controller_dag.py
[2025-04-27T20:31:32.443-0300] {logging_mixin.py:188} INFO - [2025-04-27T20:31:32.442-0300] {dag.py:3096} INFO - Sync 1 DAGs
[2025-04-27T20:31:32.461-0300] {logging_mixin.py:188} INFO - [2025-04-27T20:31:32.461-0300] {dag.py:3954} INFO - Setting next_dagrun for example_trigger_controller_dag to 2021-01-01 00:00:00+00:00, run_after=2021-01-01 00:00:00+00:00
[2025-04-27T20:31:32.476-0300] {processor.py:183} INFO - Processing /home/facuvega/Descargas/crypto-etl-airflow/airflow-apache/lib/python3.11/site-packages/airflow/example_dags/example_trigger_controller_dag.py took 0.065 seconds
[2025-04-27T20:32:31.749-0300] {processor.py:161} INFO - Started process (PID=16166) to work on /home/facuvega/Descargas/crypto-etl-airflow/airflow-apache/lib/python3.11/site-packages/airflow/example_dags/example_trigger_controller_dag.py
[2025-04-27T20:32:31.751-0300] {processor.py:830} INFO - Processing file /home/facuvega/Descargas/crypto-etl-airflow/airflow-apache/lib/python3.11/site-packages/airflow/example_dags/example_trigger_controller_dag.py for tasks to queue
[2025-04-27T20:32:31.752-0300] {logging_mixin.py:188} INFO - [2025-04-27T20:32:31.752-0300] {dagbag.py:540} INFO - Filling up the DagBag from /home/facuvega/Descargas/crypto-etl-airflow/airflow-apache/lib/python3.11/site-packages/airflow/example_dags/example_trigger_controller_dag.py
[2025-04-27T20:32:31.759-0300] {processor.py:840} INFO - DAG(s) 'example_trigger_controller_dag' retrieved from /home/facuvega/Descargas/crypto-etl-airflow/airflow-apache/lib/python3.11/site-packages/airflow/example_dags/example_trigger_controller_dag.py
[2025-04-27T20:32:31.772-0300] {logging_mixin.py:188} INFO - [2025-04-27T20:32:31.772-0300] {dag.py:3096} INFO - Sync 1 DAGs
[2025-04-27T20:32:31.786-0300] {logging_mixin.py:188} INFO - [2025-04-27T20:32:31.786-0300] {dag.py:3954} INFO - Setting next_dagrun for example_trigger_controller_dag to 2021-01-01 00:00:00+00:00, run_after=2021-01-01 00:00:00+00:00
[2025-04-27T20:32:31.800-0300] {processor.py:183} INFO - Processing /home/facuvega/Descargas/crypto-etl-airflow/airflow-apache/lib/python3.11/site-packages/airflow/example_dags/example_trigger_controller_dag.py took 0.057 seconds
[2025-04-27T20:33:15.643-0300] {processor.py:161} INFO - Started process (PID=16525) to work on /home/facuvega/Descargas/crypto-etl-airflow/airflow-apache/lib/python3.11/site-packages/airflow/example_dags/example_trigger_controller_dag.py
[2025-04-27T20:33:15.644-0300] {processor.py:830} INFO - Processing file /home/facuvega/Descargas/crypto-etl-airflow/airflow-apache/lib/python3.11/site-packages/airflow/example_dags/example_trigger_controller_dag.py for tasks to queue
[2025-04-27T20:33:15.646-0300] {logging_mixin.py:188} INFO - [2025-04-27T20:33:15.646-0300] {dagbag.py:540} INFO - Filling up the DagBag from /home/facuvega/Descargas/crypto-etl-airflow/airflow-apache/lib/python3.11/site-packages/airflow/example_dags/example_trigger_controller_dag.py
[2025-04-27T20:33:15.652-0300] {processor.py:840} INFO - DAG(s) 'example_trigger_controller_dag' retrieved from /home/facuvega/Descargas/crypto-etl-airflow/airflow-apache/lib/python3.11/site-packages/airflow/example_dags/example_trigger_controller_dag.py
[2025-04-27T20:33:15.671-0300] {logging_mixin.py:188} INFO - [2025-04-27T20:33:15.670-0300] {dag.py:3096} INFO - Sync 1 DAGs
[2025-04-27T20:33:15.693-0300] {logging_mixin.py:188} INFO - [2025-04-27T20:33:15.693-0300] {dag.py:3954} INFO - Setting next_dagrun for example_trigger_controller_dag to 2021-01-01 00:00:00+00:00, run_after=2021-01-01 00:00:00+00:00
[2025-04-27T20:33:15.708-0300] {processor.py:183} INFO - Processing /home/facuvega/Descargas/crypto-etl-airflow/airflow-apache/lib/python3.11/site-packages/airflow/example_dags/example_trigger_controller_dag.py took 0.072 seconds
[2025-04-27T20:33:58.962-0300] {processor.py:161} INFO - Started process (PID=16725) to work on /home/facuvega/Descargas/crypto-etl-airflow/airflow-apache/lib/python3.11/site-packages/airflow/example_dags/example_trigger_controller_dag.py
[2025-04-27T20:33:58.965-0300] {processor.py:830} INFO - Processing file /home/facuvega/Descargas/crypto-etl-airflow/airflow-apache/lib/python3.11/site-packages/airflow/example_dags/example_trigger_controller_dag.py for tasks to queue
[2025-04-27T20:33:58.967-0300] {logging_mixin.py:188} INFO - [2025-04-27T20:33:58.967-0300] {dagbag.py:540} INFO - Filling up the DagBag from /home/facuvega/Descargas/crypto-etl-airflow/airflow-apache/lib/python3.11/site-packages/airflow/example_dags/example_trigger_controller_dag.py
[2025-04-27T20:33:58.977-0300] {processor.py:840} INFO - DAG(s) 'example_trigger_controller_dag' retrieved from /home/facuvega/Descargas/crypto-etl-airflow/airflow-apache/lib/python3.11/site-packages/airflow/example_dags/example_trigger_controller_dag.py
[2025-04-27T20:33:58.995-0300] {logging_mixin.py:188} INFO - [2025-04-27T20:33:58.994-0300] {dag.py:3096} INFO - Sync 1 DAGs
[2025-04-27T20:33:59.021-0300] {logging_mixin.py:188} INFO - [2025-04-27T20:33:59.020-0300] {dag.py:3954} INFO - Setting next_dagrun for example_trigger_controller_dag to 2021-01-01 00:00:00+00:00, run_after=2021-01-01 00:00:00+00:00
[2025-04-27T20:33:59.045-0300] {processor.py:183} INFO - Processing /home/facuvega/Descargas/crypto-etl-airflow/airflow-apache/lib/python3.11/site-packages/airflow/example_dags/example_trigger_controller_dag.py took 0.093 seconds
[2025-04-27T20:34:40.982-0300] {processor.py:161} INFO - Started process (PID=16915) to work on /home/facuvega/Descargas/crypto-etl-airflow/airflow-apache/lib/python3.11/site-packages/airflow/example_dags/example_trigger_controller_dag.py
[2025-04-27T20:34:40.983-0300] {processor.py:830} INFO - Processing file /home/facuvega/Descargas/crypto-etl-airflow/airflow-apache/lib/python3.11/site-packages/airflow/example_dags/example_trigger_controller_dag.py for tasks to queue
[2025-04-27T20:34:40.984-0300] {logging_mixin.py:188} INFO - [2025-04-27T20:34:40.984-0300] {dagbag.py:540} INFO - Filling up the DagBag from /home/facuvega/Descargas/crypto-etl-airflow/airflow-apache/lib/python3.11/site-packages/airflow/example_dags/example_trigger_controller_dag.py
[2025-04-27T20:34:40.989-0300] {processor.py:840} INFO - DAG(s) 'example_trigger_controller_dag' retrieved from /home/facuvega/Descargas/crypto-etl-airflow/airflow-apache/lib/python3.11/site-packages/airflow/example_dags/example_trigger_controller_dag.py
[2025-04-27T20:34:41.002-0300] {logging_mixin.py:188} INFO - [2025-04-27T20:34:41.002-0300] {dag.py:3096} INFO - Sync 1 DAGs
[2025-04-27T20:34:41.017-0300] {logging_mixin.py:188} INFO - [2025-04-27T20:34:41.017-0300] {dag.py:3954} INFO - Setting next_dagrun for example_trigger_controller_dag to 2021-01-01 00:00:00+00:00, run_after=2021-01-01 00:00:00+00:00
[2025-04-27T20:34:41.033-0300] {processor.py:183} INFO - Processing /home/facuvega/Descargas/crypto-etl-airflow/airflow-apache/lib/python3.11/site-packages/airflow/example_dags/example_trigger_controller_dag.py took 0.058 seconds
[2025-04-27T20:35:25.038-0300] {processor.py:161} INFO - Started process (PID=17173) to work on /home/facuvega/Descargas/crypto-etl-airflow/airflow-apache/lib/python3.11/site-packages/airflow/example_dags/example_trigger_controller_dag.py
[2025-04-27T20:35:25.039-0300] {processor.py:830} INFO - Processing file /home/facuvega/Descargas/crypto-etl-airflow/airflow-apache/lib/python3.11/site-packages/airflow/example_dags/example_trigger_controller_dag.py for tasks to queue
[2025-04-27T20:35:25.040-0300] {logging_mixin.py:188} INFO - [2025-04-27T20:35:25.040-0300] {dagbag.py:540} INFO - Filling up the DagBag from /home/facuvega/Descargas/crypto-etl-airflow/airflow-apache/lib/python3.11/site-packages/airflow/example_dags/example_trigger_controller_dag.py
[2025-04-27T20:35:25.047-0300] {processor.py:840} INFO - DAG(s) 'example_trigger_controller_dag' retrieved from /home/facuvega/Descargas/crypto-etl-airflow/airflow-apache/lib/python3.11/site-packages/airflow/example_dags/example_trigger_controller_dag.py
[2025-04-27T20:35:25.060-0300] {logging_mixin.py:188} INFO - [2025-04-27T20:35:25.060-0300] {dag.py:3096} INFO - Sync 1 DAGs
[2025-04-27T20:35:25.074-0300] {logging_mixin.py:188} INFO - [2025-04-27T20:35:25.074-0300] {dag.py:3954} INFO - Setting next_dagrun for example_trigger_controller_dag to 2021-01-01 00:00:00+00:00, run_after=2021-01-01 00:00:00+00:00
[2025-04-27T20:35:25.089-0300] {processor.py:183} INFO - Processing /home/facuvega/Descargas/crypto-etl-airflow/airflow-apache/lib/python3.11/site-packages/airflow/example_dags/example_trigger_controller_dag.py took 0.056 seconds
[2025-04-27T20:36:06.613-0300] {processor.py:161} INFO - Started process (PID=17354) to work on /home/facuvega/Descargas/crypto-etl-airflow/airflow-apache/lib/python3.11/site-packages/airflow/example_dags/example_trigger_controller_dag.py
[2025-04-27T20:36:06.614-0300] {processor.py:830} INFO - Processing file /home/facuvega/Descargas/crypto-etl-airflow/airflow-apache/lib/python3.11/site-packages/airflow/example_dags/example_trigger_controller_dag.py for tasks to queue
[2025-04-27T20:36:06.616-0300] {logging_mixin.py:188} INFO - [2025-04-27T20:36:06.615-0300] {dagbag.py:540} INFO - Filling up the DagBag from /home/facuvega/Descargas/crypto-etl-airflow/airflow-apache/lib/python3.11/site-packages/airflow/example_dags/example_trigger_controller_dag.py
[2025-04-27T20:36:06.621-0300] {processor.py:840} INFO - DAG(s) 'example_trigger_controller_dag' retrieved from /home/facuvega/Descargas/crypto-etl-airflow/airflow-apache/lib/python3.11/site-packages/airflow/example_dags/example_trigger_controller_dag.py
[2025-04-27T20:36:06.637-0300] {logging_mixin.py:188} INFO - [2025-04-27T20:36:06.637-0300] {dag.py:3096} INFO - Sync 1 DAGs
[2025-04-27T20:36:06.656-0300] {logging_mixin.py:188} INFO - [2025-04-27T20:36:06.655-0300] {dag.py:3954} INFO - Setting next_dagrun for example_trigger_controller_dag to 2021-01-01 00:00:00+00:00, run_after=2021-01-01 00:00:00+00:00
[2025-04-27T20:36:06.670-0300] {processor.py:183} INFO - Processing /home/facuvega/Descargas/crypto-etl-airflow/airflow-apache/lib/python3.11/site-packages/airflow/example_dags/example_trigger_controller_dag.py took 0.064 seconds
[2025-04-27T20:37:04.032-0300] {processor.py:161} INFO - Started process (PID=17610) to work on /home/facuvega/Descargas/crypto-etl-airflow/airflow-apache/lib/python3.11/site-packages/airflow/example_dags/example_trigger_controller_dag.py
[2025-04-27T20:37:04.033-0300] {processor.py:830} INFO - Processing file /home/facuvega/Descargas/crypto-etl-airflow/airflow-apache/lib/python3.11/site-packages/airflow/example_dags/example_trigger_controller_dag.py for tasks to queue
[2025-04-27T20:37:04.035-0300] {logging_mixin.py:188} INFO - [2025-04-27T20:37:04.035-0300] {dagbag.py:540} INFO - Filling up the DagBag from /home/facuvega/Descargas/crypto-etl-airflow/airflow-apache/lib/python3.11/site-packages/airflow/example_dags/example_trigger_controller_dag.py
[2025-04-27T20:37:04.041-0300] {processor.py:840} INFO - DAG(s) 'example_trigger_controller_dag' retrieved from /home/facuvega/Descargas/crypto-etl-airflow/airflow-apache/lib/python3.11/site-packages/airflow/example_dags/example_trigger_controller_dag.py
[2025-04-27T20:37:04.057-0300] {logging_mixin.py:188} INFO - [2025-04-27T20:37:04.057-0300] {dag.py:3096} INFO - Sync 1 DAGs
[2025-04-27T20:37:04.072-0300] {logging_mixin.py:188} INFO - [2025-04-27T20:37:04.072-0300] {dag.py:3954} INFO - Setting next_dagrun for example_trigger_controller_dag to 2021-01-01 00:00:00+00:00, run_after=2021-01-01 00:00:00+00:00
[2025-04-27T20:37:04.088-0300] {processor.py:183} INFO - Processing /home/facuvega/Descargas/crypto-etl-airflow/airflow-apache/lib/python3.11/site-packages/airflow/example_dags/example_trigger_controller_dag.py took 0.060 seconds
[2025-04-27T20:37:44.644-0300] {processor.py:161} INFO - Started process (PID=17792) to work on /home/facuvega/Descargas/crypto-etl-airflow/airflow-apache/lib/python3.11/site-packages/airflow/example_dags/example_trigger_controller_dag.py
[2025-04-27T20:37:44.645-0300] {processor.py:830} INFO - Processing file /home/facuvega/Descargas/crypto-etl-airflow/airflow-apache/lib/python3.11/site-packages/airflow/example_dags/example_trigger_controller_dag.py for tasks to queue
[2025-04-27T20:37:44.647-0300] {logging_mixin.py:188} INFO - [2025-04-27T20:37:44.647-0300] {dagbag.py:540} INFO - Filling up the DagBag from /home/facuvega/Descargas/crypto-etl-airflow/airflow-apache/lib/python3.11/site-packages/airflow/example_dags/example_trigger_controller_dag.py
[2025-04-27T20:37:44.652-0300] {processor.py:840} INFO - DAG(s) 'example_trigger_controller_dag' retrieved from /home/facuvega/Descargas/crypto-etl-airflow/airflow-apache/lib/python3.11/site-packages/airflow/example_dags/example_trigger_controller_dag.py
[2025-04-27T20:37:44.668-0300] {logging_mixin.py:188} INFO - [2025-04-27T20:37:44.668-0300] {dag.py:3096} INFO - Sync 1 DAGs
[2025-04-27T20:37:44.690-0300] {logging_mixin.py:188} INFO - [2025-04-27T20:37:44.690-0300] {dag.py:3954} INFO - Setting next_dagrun for example_trigger_controller_dag to 2021-01-01 00:00:00+00:00, run_after=2021-01-01 00:00:00+00:00
[2025-04-27T20:37:44.707-0300] {processor.py:183} INFO - Processing /home/facuvega/Descargas/crypto-etl-airflow/airflow-apache/lib/python3.11/site-packages/airflow/example_dags/example_trigger_controller_dag.py took 0.069 seconds
[2025-04-27T20:38:25.078-0300] {processor.py:161} INFO - Started process (PID=17979) to work on /home/facuvega/Descargas/crypto-etl-airflow/airflow-apache/lib/python3.11/site-packages/airflow/example_dags/example_trigger_controller_dag.py
[2025-04-27T20:38:25.079-0300] {processor.py:830} INFO - Processing file /home/facuvega/Descargas/crypto-etl-airflow/airflow-apache/lib/python3.11/site-packages/airflow/example_dags/example_trigger_controller_dag.py for tasks to queue
[2025-04-27T20:38:25.082-0300] {logging_mixin.py:188} INFO - [2025-04-27T20:38:25.081-0300] {dagbag.py:540} INFO - Filling up the DagBag from /home/facuvega/Descargas/crypto-etl-airflow/airflow-apache/lib/python3.11/site-packages/airflow/example_dags/example_trigger_controller_dag.py
[2025-04-27T20:38:25.087-0300] {processor.py:840} INFO - DAG(s) 'example_trigger_controller_dag' retrieved from /home/facuvega/Descargas/crypto-etl-airflow/airflow-apache/lib/python3.11/site-packages/airflow/example_dags/example_trigger_controller_dag.py
[2025-04-27T20:38:25.102-0300] {logging_mixin.py:188} INFO - [2025-04-27T20:38:25.102-0300] {dag.py:3096} INFO - Sync 1 DAGs
[2025-04-27T20:38:25.124-0300] {logging_mixin.py:188} INFO - [2025-04-27T20:38:25.123-0300] {dag.py:3954} INFO - Setting next_dagrun for example_trigger_controller_dag to 2021-01-01 00:00:00+00:00, run_after=2021-01-01 00:00:00+00:00
[2025-04-27T20:38:25.141-0300] {processor.py:183} INFO - Processing /home/facuvega/Descargas/crypto-etl-airflow/airflow-apache/lib/python3.11/site-packages/airflow/example_dags/example_trigger_controller_dag.py took 0.069 seconds
[2025-04-27T20:39:07.850-0300] {processor.py:161} INFO - Started process (PID=18253) to work on /home/facuvega/Descargas/crypto-etl-airflow/airflow-apache/lib/python3.11/site-packages/airflow/example_dags/example_trigger_controller_dag.py
[2025-04-27T20:39:07.851-0300] {processor.py:830} INFO - Processing file /home/facuvega/Descargas/crypto-etl-airflow/airflow-apache/lib/python3.11/site-packages/airflow/example_dags/example_trigger_controller_dag.py for tasks to queue
[2025-04-27T20:39:07.853-0300] {logging_mixin.py:188} INFO - [2025-04-27T20:39:07.852-0300] {dagbag.py:540} INFO - Filling up the DagBag from /home/facuvega/Descargas/crypto-etl-airflow/airflow-apache/lib/python3.11/site-packages/airflow/example_dags/example_trigger_controller_dag.py
[2025-04-27T20:39:07.858-0300] {processor.py:840} INFO - DAG(s) 'example_trigger_controller_dag' retrieved from /home/facuvega/Descargas/crypto-etl-airflow/airflow-apache/lib/python3.11/site-packages/airflow/example_dags/example_trigger_controller_dag.py
[2025-04-27T20:39:07.872-0300] {logging_mixin.py:188} INFO - [2025-04-27T20:39:07.872-0300] {dag.py:3096} INFO - Sync 1 DAGs
[2025-04-27T20:39:07.887-0300] {logging_mixin.py:188} INFO - [2025-04-27T20:39:07.886-0300] {dag.py:3954} INFO - Setting next_dagrun for example_trigger_controller_dag to 2021-01-01 00:00:00+00:00, run_after=2021-01-01 00:00:00+00:00
[2025-04-27T20:39:07.902-0300] {processor.py:183} INFO - Processing /home/facuvega/Descargas/crypto-etl-airflow/airflow-apache/lib/python3.11/site-packages/airflow/example_dags/example_trigger_controller_dag.py took 0.057 seconds
[2025-04-27T20:40:06.312-0300] {processor.py:161} INFO - Started process (PID=18592) to work on /home/facuvega/Descargas/crypto-etl-airflow/airflow-apache/lib/python3.11/site-packages/airflow/example_dags/example_trigger_controller_dag.py
[2025-04-27T20:40:06.313-0300] {processor.py:830} INFO - Processing file /home/facuvega/Descargas/crypto-etl-airflow/airflow-apache/lib/python3.11/site-packages/airflow/example_dags/example_trigger_controller_dag.py for tasks to queue
[2025-04-27T20:40:06.315-0300] {logging_mixin.py:188} INFO - [2025-04-27T20:40:06.315-0300] {dagbag.py:540} INFO - Filling up the DagBag from /home/facuvega/Descargas/crypto-etl-airflow/airflow-apache/lib/python3.11/site-packages/airflow/example_dags/example_trigger_controller_dag.py
[2025-04-27T20:40:06.323-0300] {processor.py:840} INFO - DAG(s) 'example_trigger_controller_dag' retrieved from /home/facuvega/Descargas/crypto-etl-airflow/airflow-apache/lib/python3.11/site-packages/airflow/example_dags/example_trigger_controller_dag.py
[2025-04-27T20:40:06.340-0300] {logging_mixin.py:188} INFO - [2025-04-27T20:40:06.339-0300] {dag.py:3096} INFO - Sync 1 DAGs
[2025-04-27T20:40:06.358-0300] {logging_mixin.py:188} INFO - [2025-04-27T20:40:06.358-0300] {dag.py:3954} INFO - Setting next_dagrun for example_trigger_controller_dag to 2021-01-01 00:00:00+00:00, run_after=2021-01-01 00:00:00+00:00
[2025-04-27T20:40:06.375-0300] {processor.py:183} INFO - Processing /home/facuvega/Descargas/crypto-etl-airflow/airflow-apache/lib/python3.11/site-packages/airflow/example_dags/example_trigger_controller_dag.py took 0.070 seconds
[2025-04-27T20:40:50.279-0300] {processor.py:161} INFO - Started process (PID=18793) to work on /home/facuvega/Descargas/crypto-etl-airflow/airflow-apache/lib/python3.11/site-packages/airflow/example_dags/example_trigger_controller_dag.py
[2025-04-27T20:40:50.280-0300] {processor.py:830} INFO - Processing file /home/facuvega/Descargas/crypto-etl-airflow/airflow-apache/lib/python3.11/site-packages/airflow/example_dags/example_trigger_controller_dag.py for tasks to queue
[2025-04-27T20:40:50.281-0300] {logging_mixin.py:188} INFO - [2025-04-27T20:40:50.281-0300] {dagbag.py:540} INFO - Filling up the DagBag from /home/facuvega/Descargas/crypto-etl-airflow/airflow-apache/lib/python3.11/site-packages/airflow/example_dags/example_trigger_controller_dag.py
[2025-04-27T20:40:50.286-0300] {processor.py:840} INFO - DAG(s) 'example_trigger_controller_dag' retrieved from /home/facuvega/Descargas/crypto-etl-airflow/airflow-apache/lib/python3.11/site-packages/airflow/example_dags/example_trigger_controller_dag.py
[2025-04-27T20:40:50.299-0300] {logging_mixin.py:188} INFO - [2025-04-27T20:40:50.299-0300] {dag.py:3096} INFO - Sync 1 DAGs
[2025-04-27T20:40:50.313-0300] {logging_mixin.py:188} INFO - [2025-04-27T20:40:50.312-0300] {dag.py:3954} INFO - Setting next_dagrun for example_trigger_controller_dag to 2021-01-01 00:00:00+00:00, run_after=2021-01-01 00:00:00+00:00
[2025-04-27T20:40:50.326-0300] {processor.py:183} INFO - Processing /home/facuvega/Descargas/crypto-etl-airflow/airflow-apache/lib/python3.11/site-packages/airflow/example_dags/example_trigger_controller_dag.py took 0.052 seconds
[2025-04-27T20:41:33.266-0300] {processor.py:161} INFO - Started process (PID=18988) to work on /home/facuvega/Descargas/crypto-etl-airflow/airflow-apache/lib/python3.11/site-packages/airflow/example_dags/example_trigger_controller_dag.py
[2025-04-27T20:41:33.268-0300] {processor.py:830} INFO - Processing file /home/facuvega/Descargas/crypto-etl-airflow/airflow-apache/lib/python3.11/site-packages/airflow/example_dags/example_trigger_controller_dag.py for tasks to queue
[2025-04-27T20:41:33.269-0300] {logging_mixin.py:188} INFO - [2025-04-27T20:41:33.269-0300] {dagbag.py:540} INFO - Filling up the DagBag from /home/facuvega/Descargas/crypto-etl-airflow/airflow-apache/lib/python3.11/site-packages/airflow/example_dags/example_trigger_controller_dag.py
[2025-04-27T20:41:33.276-0300] {processor.py:840} INFO - DAG(s) 'example_trigger_controller_dag' retrieved from /home/facuvega/Descargas/crypto-etl-airflow/airflow-apache/lib/python3.11/site-packages/airflow/example_dags/example_trigger_controller_dag.py
[2025-04-27T20:41:33.291-0300] {logging_mixin.py:188} INFO - [2025-04-27T20:41:33.291-0300] {dag.py:3096} INFO - Sync 1 DAGs
[2025-04-27T20:41:33.309-0300] {logging_mixin.py:188} INFO - [2025-04-27T20:41:33.308-0300] {dag.py:3954} INFO - Setting next_dagrun for example_trigger_controller_dag to 2021-01-01 00:00:00+00:00, run_after=2021-01-01 00:00:00+00:00
[2025-04-27T20:41:33.327-0300] {processor.py:183} INFO - Processing /home/facuvega/Descargas/crypto-etl-airflow/airflow-apache/lib/python3.11/site-packages/airflow/example_dags/example_trigger_controller_dag.py took 0.066 seconds
[2025-04-27T20:42:14.534-0300] {processor.py:161} INFO - Started process (PID=19168) to work on /home/facuvega/Descargas/crypto-etl-airflow/airflow-apache/lib/python3.11/site-packages/airflow/example_dags/example_trigger_controller_dag.py
[2025-04-27T20:42:14.535-0300] {processor.py:830} INFO - Processing file /home/facuvega/Descargas/crypto-etl-airflow/airflow-apache/lib/python3.11/site-packages/airflow/example_dags/example_trigger_controller_dag.py for tasks to queue
[2025-04-27T20:42:14.536-0300] {logging_mixin.py:188} INFO - [2025-04-27T20:42:14.536-0300] {dagbag.py:540} INFO - Filling up the DagBag from /home/facuvega/Descargas/crypto-etl-airflow/airflow-apache/lib/python3.11/site-packages/airflow/example_dags/example_trigger_controller_dag.py
[2025-04-27T20:42:14.542-0300] {processor.py:840} INFO - DAG(s) 'example_trigger_controller_dag' retrieved from /home/facuvega/Descargas/crypto-etl-airflow/airflow-apache/lib/python3.11/site-packages/airflow/example_dags/example_trigger_controller_dag.py
[2025-04-27T20:42:14.554-0300] {logging_mixin.py:188} INFO - [2025-04-27T20:42:14.554-0300] {dag.py:3096} INFO - Sync 1 DAGs
[2025-04-27T20:42:14.568-0300] {logging_mixin.py:188} INFO - [2025-04-27T20:42:14.568-0300] {dag.py:3954} INFO - Setting next_dagrun for example_trigger_controller_dag to 2021-01-01 00:00:00+00:00, run_after=2021-01-01 00:00:00+00:00
[2025-04-27T20:42:14.583-0300] {processor.py:183} INFO - Processing /home/facuvega/Descargas/crypto-etl-airflow/airflow-apache/lib/python3.11/site-packages/airflow/example_dags/example_trigger_controller_dag.py took 0.054 seconds
[2025-04-27T20:43:13.447-0300] {processor.py:161} INFO - Started process (PID=19447) to work on /home/facuvega/Descargas/crypto-etl-airflow/airflow-apache/lib/python3.11/site-packages/airflow/example_dags/example_trigger_controller_dag.py
[2025-04-27T20:43:13.448-0300] {processor.py:830} INFO - Processing file /home/facuvega/Descargas/crypto-etl-airflow/airflow-apache/lib/python3.11/site-packages/airflow/example_dags/example_trigger_controller_dag.py for tasks to queue
[2025-04-27T20:43:13.450-0300] {logging_mixin.py:188} INFO - [2025-04-27T20:43:13.450-0300] {dagbag.py:540} INFO - Filling up the DagBag from /home/facuvega/Descargas/crypto-etl-airflow/airflow-apache/lib/python3.11/site-packages/airflow/example_dags/example_trigger_controller_dag.py
[2025-04-27T20:43:13.455-0300] {processor.py:840} INFO - DAG(s) 'example_trigger_controller_dag' retrieved from /home/facuvega/Descargas/crypto-etl-airflow/airflow-apache/lib/python3.11/site-packages/airflow/example_dags/example_trigger_controller_dag.py
[2025-04-27T20:43:13.468-0300] {logging_mixin.py:188} INFO - [2025-04-27T20:43:13.467-0300] {dag.py:3096} INFO - Sync 1 DAGs
[2025-04-27T20:43:13.480-0300] {logging_mixin.py:188} INFO - [2025-04-27T20:43:13.480-0300] {dag.py:3954} INFO - Setting next_dagrun for example_trigger_controller_dag to 2021-01-01 00:00:00+00:00, run_after=2021-01-01 00:00:00+00:00
[2025-04-27T20:43:13.493-0300] {processor.py:183} INFO - Processing /home/facuvega/Descargas/crypto-etl-airflow/airflow-apache/lib/python3.11/site-packages/airflow/example_dags/example_trigger_controller_dag.py took 0.052 seconds
[2025-04-27T20:43:51.099-0300] {processor.py:161} INFO - Started process (PID=19619) to work on /home/facuvega/Descargas/crypto-etl-airflow/airflow-apache/lib/python3.11/site-packages/airflow/example_dags/example_trigger_controller_dag.py
[2025-04-27T20:43:51.100-0300] {processor.py:830} INFO - Processing file /home/facuvega/Descargas/crypto-etl-airflow/airflow-apache/lib/python3.11/site-packages/airflow/example_dags/example_trigger_controller_dag.py for tasks to queue
[2025-04-27T20:43:51.102-0300] {logging_mixin.py:188} INFO - [2025-04-27T20:43:51.101-0300] {dagbag.py:540} INFO - Filling up the DagBag from /home/facuvega/Descargas/crypto-etl-airflow/airflow-apache/lib/python3.11/site-packages/airflow/example_dags/example_trigger_controller_dag.py
[2025-04-27T20:43:51.107-0300] {processor.py:840} INFO - DAG(s) 'example_trigger_controller_dag' retrieved from /home/facuvega/Descargas/crypto-etl-airflow/airflow-apache/lib/python3.11/site-packages/airflow/example_dags/example_trigger_controller_dag.py
[2025-04-27T20:43:51.120-0300] {logging_mixin.py:188} INFO - [2025-04-27T20:43:51.120-0300] {dag.py:3096} INFO - Sync 1 DAGs
[2025-04-27T20:43:51.135-0300] {logging_mixin.py:188} INFO - [2025-04-27T20:43:51.135-0300] {dag.py:3954} INFO - Setting next_dagrun for example_trigger_controller_dag to 2021-01-01 00:00:00+00:00, run_after=2021-01-01 00:00:00+00:00
[2025-04-27T20:43:51.149-0300] {processor.py:183} INFO - Processing /home/facuvega/Descargas/crypto-etl-airflow/airflow-apache/lib/python3.11/site-packages/airflow/example_dags/example_trigger_controller_dag.py took 0.056 seconds
[2025-04-27T20:44:51.604-0300] {processor.py:161} INFO - Started process (PID=19930) to work on /home/facuvega/Descargas/crypto-etl-airflow/airflow-apache/lib/python3.11/site-packages/airflow/example_dags/example_trigger_controller_dag.py
[2025-04-27T20:44:51.605-0300] {processor.py:830} INFO - Processing file /home/facuvega/Descargas/crypto-etl-airflow/airflow-apache/lib/python3.11/site-packages/airflow/example_dags/example_trigger_controller_dag.py for tasks to queue
[2025-04-27T20:44:51.608-0300] {logging_mixin.py:188} INFO - [2025-04-27T20:44:51.607-0300] {dagbag.py:540} INFO - Filling up the DagBag from /home/facuvega/Descargas/crypto-etl-airflow/airflow-apache/lib/python3.11/site-packages/airflow/example_dags/example_trigger_controller_dag.py
[2025-04-27T20:44:51.615-0300] {processor.py:840} INFO - DAG(s) 'example_trigger_controller_dag' retrieved from /home/facuvega/Descargas/crypto-etl-airflow/airflow-apache/lib/python3.11/site-packages/airflow/example_dags/example_trigger_controller_dag.py
[2025-04-27T20:44:51.637-0300] {logging_mixin.py:188} INFO - [2025-04-27T20:44:51.637-0300] {dag.py:3096} INFO - Sync 1 DAGs
[2025-04-27T20:44:51.653-0300] {logging_mixin.py:188} INFO - [2025-04-27T20:44:51.652-0300] {dag.py:3954} INFO - Setting next_dagrun for example_trigger_controller_dag to 2021-01-01 00:00:00+00:00, run_after=2021-01-01 00:00:00+00:00
[2025-04-27T20:44:51.678-0300] {processor.py:183} INFO - Processing /home/facuvega/Descargas/crypto-etl-airflow/airflow-apache/lib/python3.11/site-packages/airflow/example_dags/example_trigger_controller_dag.py took 0.083 seconds
[2025-04-27T20:45:33.009-0300] {processor.py:161} INFO - Started process (PID=20121) to work on /home/facuvega/Descargas/crypto-etl-airflow/airflow-apache/lib/python3.11/site-packages/airflow/example_dags/example_trigger_controller_dag.py
[2025-04-27T20:45:33.010-0300] {processor.py:830} INFO - Processing file /home/facuvega/Descargas/crypto-etl-airflow/airflow-apache/lib/python3.11/site-packages/airflow/example_dags/example_trigger_controller_dag.py for tasks to queue
[2025-04-27T20:45:33.012-0300] {logging_mixin.py:188} INFO - [2025-04-27T20:45:33.011-0300] {dagbag.py:540} INFO - Filling up the DagBag from /home/facuvega/Descargas/crypto-etl-airflow/airflow-apache/lib/python3.11/site-packages/airflow/example_dags/example_trigger_controller_dag.py
[2025-04-27T20:45:33.017-0300] {processor.py:840} INFO - DAG(s) 'example_trigger_controller_dag' retrieved from /home/facuvega/Descargas/crypto-etl-airflow/airflow-apache/lib/python3.11/site-packages/airflow/example_dags/example_trigger_controller_dag.py
[2025-04-27T20:45:33.032-0300] {logging_mixin.py:188} INFO - [2025-04-27T20:45:33.031-0300] {dag.py:3096} INFO - Sync 1 DAGs
[2025-04-27T20:45:33.049-0300] {logging_mixin.py:188} INFO - [2025-04-27T20:45:33.048-0300] {dag.py:3954} INFO - Setting next_dagrun for example_trigger_controller_dag to 2021-01-01 00:00:00+00:00, run_after=2021-01-01 00:00:00+00:00
[2025-04-27T20:45:33.072-0300] {processor.py:183} INFO - Processing /home/facuvega/Descargas/crypto-etl-airflow/airflow-apache/lib/python3.11/site-packages/airflow/example_dags/example_trigger_controller_dag.py took 0.068 seconds
[2025-04-27T20:46:30.176-0300] {processor.py:161} INFO - Started process (PID=20386) to work on /home/facuvega/Descargas/crypto-etl-airflow/airflow-apache/lib/python3.11/site-packages/airflow/example_dags/example_trigger_controller_dag.py
[2025-04-27T20:46:30.177-0300] {processor.py:830} INFO - Processing file /home/facuvega/Descargas/crypto-etl-airflow/airflow-apache/lib/python3.11/site-packages/airflow/example_dags/example_trigger_controller_dag.py for tasks to queue
[2025-04-27T20:46:30.179-0300] {logging_mixin.py:188} INFO - [2025-04-27T20:46:30.178-0300] {dagbag.py:540} INFO - Filling up the DagBag from /home/facuvega/Descargas/crypto-etl-airflow/airflow-apache/lib/python3.11/site-packages/airflow/example_dags/example_trigger_controller_dag.py
[2025-04-27T20:46:30.185-0300] {processor.py:840} INFO - DAG(s) 'example_trigger_controller_dag' retrieved from /home/facuvega/Descargas/crypto-etl-airflow/airflow-apache/lib/python3.11/site-packages/airflow/example_dags/example_trigger_controller_dag.py
[2025-04-27T20:46:30.201-0300] {logging_mixin.py:188} INFO - [2025-04-27T20:46:30.200-0300] {dag.py:3096} INFO - Sync 1 DAGs
[2025-04-27T20:46:30.219-0300] {logging_mixin.py:188} INFO - [2025-04-27T20:46:30.219-0300] {dag.py:3954} INFO - Setting next_dagrun for example_trigger_controller_dag to 2021-01-01 00:00:00+00:00, run_after=2021-01-01 00:00:00+00:00
[2025-04-27T20:46:30.237-0300] {processor.py:183} INFO - Processing /home/facuvega/Descargas/crypto-etl-airflow/airflow-apache/lib/python3.11/site-packages/airflow/example_dags/example_trigger_controller_dag.py took 0.067 seconds
[2025-04-27T20:47:28.408-0300] {processor.py:161} INFO - Started process (PID=20727) to work on /home/facuvega/Descargas/crypto-etl-airflow/airflow-apache/lib/python3.11/site-packages/airflow/example_dags/example_trigger_controller_dag.py
[2025-04-27T20:47:28.411-0300] {processor.py:830} INFO - Processing file /home/facuvega/Descargas/crypto-etl-airflow/airflow-apache/lib/python3.11/site-packages/airflow/example_dags/example_trigger_controller_dag.py for tasks to queue
[2025-04-27T20:47:28.413-0300] {logging_mixin.py:188} INFO - [2025-04-27T20:47:28.413-0300] {dagbag.py:540} INFO - Filling up the DagBag from /home/facuvega/Descargas/crypto-etl-airflow/airflow-apache/lib/python3.11/site-packages/airflow/example_dags/example_trigger_controller_dag.py
[2025-04-27T20:47:28.438-0300] {processor.py:840} INFO - DAG(s) 'example_trigger_controller_dag' retrieved from /home/facuvega/Descargas/crypto-etl-airflow/airflow-apache/lib/python3.11/site-packages/airflow/example_dags/example_trigger_controller_dag.py
[2025-04-27T20:47:28.475-0300] {logging_mixin.py:188} INFO - [2025-04-27T20:47:28.474-0300] {dag.py:3096} INFO - Sync 1 DAGs
[2025-04-27T20:47:28.537-0300] {logging_mixin.py:188} INFO - [2025-04-27T20:47:28.536-0300] {dag.py:3954} INFO - Setting next_dagrun for example_trigger_controller_dag to 2021-01-01 00:00:00+00:00, run_after=2021-01-01 00:00:00+00:00
[2025-04-27T20:47:28.578-0300] {processor.py:183} INFO - Processing /home/facuvega/Descargas/crypto-etl-airflow/airflow-apache/lib/python3.11/site-packages/airflow/example_dags/example_trigger_controller_dag.py took 0.177 seconds
[2025-04-27T20:48:09.490-0300] {processor.py:161} INFO - Started process (PID=21061) to work on /home/facuvega/Descargas/crypto-etl-airflow/airflow-apache/lib/python3.11/site-packages/airflow/example_dags/example_trigger_controller_dag.py
[2025-04-27T20:48:09.491-0300] {processor.py:830} INFO - Processing file /home/facuvega/Descargas/crypto-etl-airflow/airflow-apache/lib/python3.11/site-packages/airflow/example_dags/example_trigger_controller_dag.py for tasks to queue
[2025-04-27T20:48:09.493-0300] {logging_mixin.py:188} INFO - [2025-04-27T20:48:09.493-0300] {dagbag.py:540} INFO - Filling up the DagBag from /home/facuvega/Descargas/crypto-etl-airflow/airflow-apache/lib/python3.11/site-packages/airflow/example_dags/example_trigger_controller_dag.py
[2025-04-27T20:48:09.504-0300] {processor.py:840} INFO - DAG(s) 'example_trigger_controller_dag' retrieved from /home/facuvega/Descargas/crypto-etl-airflow/airflow-apache/lib/python3.11/site-packages/airflow/example_dags/example_trigger_controller_dag.py
[2025-04-27T20:48:09.521-0300] {logging_mixin.py:188} INFO - [2025-04-27T20:48:09.521-0300] {dag.py:3096} INFO - Sync 1 DAGs
[2025-04-27T20:48:09.537-0300] {logging_mixin.py:188} INFO - [2025-04-27T20:48:09.537-0300] {dag.py:3954} INFO - Setting next_dagrun for example_trigger_controller_dag to 2021-01-01 00:00:00+00:00, run_after=2021-01-01 00:00:00+00:00
[2025-04-27T20:48:09.551-0300] {processor.py:183} INFO - Processing /home/facuvega/Descargas/crypto-etl-airflow/airflow-apache/lib/python3.11/site-packages/airflow/example_dags/example_trigger_controller_dag.py took 0.067 seconds
[2025-04-27T20:48:50.751-0300] {processor.py:161} INFO - Started process (PID=21354) to work on /home/facuvega/Descargas/crypto-etl-airflow/airflow-apache/lib/python3.11/site-packages/airflow/example_dags/example_trigger_controller_dag.py
[2025-04-27T20:48:50.751-0300] {processor.py:830} INFO - Processing file /home/facuvega/Descargas/crypto-etl-airflow/airflow-apache/lib/python3.11/site-packages/airflow/example_dags/example_trigger_controller_dag.py for tasks to queue
[2025-04-27T20:48:50.753-0300] {logging_mixin.py:188} INFO - [2025-04-27T20:48:50.753-0300] {dagbag.py:540} INFO - Filling up the DagBag from /home/facuvega/Descargas/crypto-etl-airflow/airflow-apache/lib/python3.11/site-packages/airflow/example_dags/example_trigger_controller_dag.py
[2025-04-27T20:48:50.759-0300] {processor.py:840} INFO - DAG(s) 'example_trigger_controller_dag' retrieved from /home/facuvega/Descargas/crypto-etl-airflow/airflow-apache/lib/python3.11/site-packages/airflow/example_dags/example_trigger_controller_dag.py
[2025-04-27T20:48:50.774-0300] {logging_mixin.py:188} INFO - [2025-04-27T20:48:50.774-0300] {dag.py:3096} INFO - Sync 1 DAGs
[2025-04-27T20:48:50.790-0300] {logging_mixin.py:188} INFO - [2025-04-27T20:48:50.790-0300] {dag.py:3954} INFO - Setting next_dagrun for example_trigger_controller_dag to 2021-01-01 00:00:00+00:00, run_after=2021-01-01 00:00:00+00:00
[2025-04-27T20:48:50.807-0300] {processor.py:183} INFO - Processing /home/facuvega/Descargas/crypto-etl-airflow/airflow-apache/lib/python3.11/site-packages/airflow/example_dags/example_trigger_controller_dag.py took 0.063 seconds
[2025-04-27T20:49:36.923-0300] {processor.py:161} INFO - Started process (PID=21617) to work on /home/facuvega/Descargas/crypto-etl-airflow/airflow-apache/lib/python3.11/site-packages/airflow/example_dags/example_trigger_controller_dag.py
[2025-04-27T20:49:36.925-0300] {processor.py:830} INFO - Processing file /home/facuvega/Descargas/crypto-etl-airflow/airflow-apache/lib/python3.11/site-packages/airflow/example_dags/example_trigger_controller_dag.py for tasks to queue
[2025-04-27T20:49:36.927-0300] {logging_mixin.py:188} INFO - [2025-04-27T20:49:36.926-0300] {dagbag.py:540} INFO - Filling up the DagBag from /home/facuvega/Descargas/crypto-etl-airflow/airflow-apache/lib/python3.11/site-packages/airflow/example_dags/example_trigger_controller_dag.py
[2025-04-27T20:49:36.933-0300] {processor.py:840} INFO - DAG(s) 'example_trigger_controller_dag' retrieved from /home/facuvega/Descargas/crypto-etl-airflow/airflow-apache/lib/python3.11/site-packages/airflow/example_dags/example_trigger_controller_dag.py
[2025-04-27T20:49:36.947-0300] {logging_mixin.py:188} INFO - [2025-04-27T20:49:36.947-0300] {dag.py:3096} INFO - Sync 1 DAGs
[2025-04-27T20:49:36.963-0300] {logging_mixin.py:188} INFO - [2025-04-27T20:49:36.962-0300] {dag.py:3954} INFO - Setting next_dagrun for example_trigger_controller_dag to 2021-01-01 00:00:00+00:00, run_after=2021-01-01 00:00:00+00:00
[2025-04-27T20:49:36.979-0300] {processor.py:183} INFO - Processing /home/facuvega/Descargas/crypto-etl-airflow/airflow-apache/lib/python3.11/site-packages/airflow/example_dags/example_trigger_controller_dag.py took 0.062 seconds
[2025-04-27T20:50:21.528-0300] {processor.py:161} INFO - Started process (PID=21922) to work on /home/facuvega/Descargas/crypto-etl-airflow/airflow-apache/lib/python3.11/site-packages/airflow/example_dags/example_trigger_controller_dag.py
[2025-04-27T20:50:21.529-0300] {processor.py:830} INFO - Processing file /home/facuvega/Descargas/crypto-etl-airflow/airflow-apache/lib/python3.11/site-packages/airflow/example_dags/example_trigger_controller_dag.py for tasks to queue
[2025-04-27T20:50:21.531-0300] {logging_mixin.py:188} INFO - [2025-04-27T20:50:21.530-0300] {dagbag.py:540} INFO - Filling up the DagBag from /home/facuvega/Descargas/crypto-etl-airflow/airflow-apache/lib/python3.11/site-packages/airflow/example_dags/example_trigger_controller_dag.py
[2025-04-27T20:50:21.536-0300] {processor.py:840} INFO - DAG(s) 'example_trigger_controller_dag' retrieved from /home/facuvega/Descargas/crypto-etl-airflow/airflow-apache/lib/python3.11/site-packages/airflow/example_dags/example_trigger_controller_dag.py
[2025-04-27T20:50:21.550-0300] {logging_mixin.py:188} INFO - [2025-04-27T20:50:21.550-0300] {dag.py:3096} INFO - Sync 1 DAGs
[2025-04-27T20:50:21.565-0300] {logging_mixin.py:188} INFO - [2025-04-27T20:50:21.564-0300] {dag.py:3954} INFO - Setting next_dagrun for example_trigger_controller_dag to 2021-01-01 00:00:00+00:00, run_after=2021-01-01 00:00:00+00:00
[2025-04-27T20:50:21.579-0300] {processor.py:183} INFO - Processing /home/facuvega/Descargas/crypto-etl-airflow/airflow-apache/lib/python3.11/site-packages/airflow/example_dags/example_trigger_controller_dag.py took 0.057 seconds
[2025-04-27T20:51:03.615-0300] {processor.py:161} INFO - Started process (PID=22166) to work on /home/facuvega/Descargas/crypto-etl-airflow/airflow-apache/lib/python3.11/site-packages/airflow/example_dags/example_trigger_controller_dag.py
[2025-04-27T20:51:03.616-0300] {processor.py:830} INFO - Processing file /home/facuvega/Descargas/crypto-etl-airflow/airflow-apache/lib/python3.11/site-packages/airflow/example_dags/example_trigger_controller_dag.py for tasks to queue
[2025-04-27T20:51:03.618-0300] {logging_mixin.py:188} INFO - [2025-04-27T20:51:03.618-0300] {dagbag.py:540} INFO - Filling up the DagBag from /home/facuvega/Descargas/crypto-etl-airflow/airflow-apache/lib/python3.11/site-packages/airflow/example_dags/example_trigger_controller_dag.py
[2025-04-27T20:51:03.624-0300] {processor.py:840} INFO - DAG(s) 'example_trigger_controller_dag' retrieved from /home/facuvega/Descargas/crypto-etl-airflow/airflow-apache/lib/python3.11/site-packages/airflow/example_dags/example_trigger_controller_dag.py
[2025-04-27T20:51:03.639-0300] {logging_mixin.py:188} INFO - [2025-04-27T20:51:03.639-0300] {dag.py:3096} INFO - Sync 1 DAGs
[2025-04-27T20:51:03.654-0300] {logging_mixin.py:188} INFO - [2025-04-27T20:51:03.654-0300] {dag.py:3954} INFO - Setting next_dagrun for example_trigger_controller_dag to 2021-01-01 00:00:00+00:00, run_after=2021-01-01 00:00:00+00:00
[2025-04-27T20:51:03.668-0300] {processor.py:183} INFO - Processing /home/facuvega/Descargas/crypto-etl-airflow/airflow-apache/lib/python3.11/site-packages/airflow/example_dags/example_trigger_controller_dag.py took 0.059 seconds
