[2025-04-27T20:10:43.740-0300] {processor.py:161} INFO - Started process (PID=9657) to work on /home/facuvega/Descargas/crypto-etl-airflow/airflow-apache/lib/python3.11/site-packages/airflow/example_dags/example_bash_decorator.py
[2025-04-27T20:10:43.752-0300] {processor.py:830} INFO - Processing file /home/facuvega/Descargas/crypto-etl-airflow/airflow-apache/lib/python3.11/site-packages/airflow/example_dags/example_bash_decorator.py for tasks to queue
[2025-04-27T20:10:43.759-0300] {logging_mixin.py:188} INFO - [2025-04-27T20:10:43.758-0300] {dagbag.py:540} INFO - Filling up the DagBag from /home/facuvega/Descargas/crypto-etl-airflow/airflow-apache/lib/python3.11/site-packages/airflow/example_dags/example_bash_decorator.py
[2025-04-27T20:10:43.845-0300] {processor.py:840} INFO - DAG(s) 'example_bash_decorator' retrieved from /home/facuvega/Descargas/crypto-etl-airflow/airflow-apache/lib/python3.11/site-packages/airflow/example_dags/example_bash_decorator.py
[2025-04-27T20:10:44.254-0300] {logging_mixin.py:188} INFO - [2025-04-27T20:10:44.250-0300] {override.py:1829} INFO - Created Permission View: can edit on DAG:example_bash_decorator
[2025-04-27T20:10:44.270-0300] {logging_mixin.py:188} INFO - [2025-04-27T20:10:44.270-0300] {override.py:1829} INFO - Created Permission View: can delete on DAG:example_bash_decorator
[2025-04-27T20:10:44.280-0300] {logging_mixin.py:188} INFO - [2025-04-27T20:10:44.279-0300] {override.py:1829} INFO - Created Permission View: can read on DAG:example_bash_decorator
[2025-04-27T20:10:44.280-0300] {logging_mixin.py:188} INFO - [2025-04-27T20:10:44.280-0300] {dag.py:3096} INFO - Sync 1 DAGs
[2025-04-27T20:10:44.291-0300] {logging_mixin.py:188} INFO - [2025-04-27T20:10:44.291-0300] {dag.py:3118} INFO - Creating ORM DAG for example_bash_decorator
[2025-04-27T20:10:44.292-0300] {logging_mixin.py:188} INFO - [2025-04-27T20:10:44.292-0300] {dag.py:3954} INFO - Setting next_dagrun for example_bash_decorator to None, run_after=None
[2025-04-27T20:10:44.313-0300] {processor.py:183} INFO - Processing /home/facuvega/Descargas/crypto-etl-airflow/airflow-apache/lib/python3.11/site-packages/airflow/example_dags/example_bash_decorator.py took 0.608 seconds
[2025-04-27T20:11:57.258-0300] {processor.py:161} INFO - Started process (PID=10130) to work on /home/facuvega/Descargas/crypto-etl-airflow/airflow-apache/lib/python3.11/site-packages/airflow/example_dags/example_bash_decorator.py
[2025-04-27T20:11:57.259-0300] {processor.py:830} INFO - Processing file /home/facuvega/Descargas/crypto-etl-airflow/airflow-apache/lib/python3.11/site-packages/airflow/example_dags/example_bash_decorator.py for tasks to queue
[2025-04-27T20:11:57.261-0300] {logging_mixin.py:188} INFO - [2025-04-27T20:11:57.261-0300] {dagbag.py:540} INFO - Filling up the DagBag from /home/facuvega/Descargas/crypto-etl-airflow/airflow-apache/lib/python3.11/site-packages/airflow/example_dags/example_bash_decorator.py
[2025-04-27T20:11:57.274-0300] {processor.py:840} INFO - DAG(s) 'example_bash_decorator' retrieved from /home/facuvega/Descargas/crypto-etl-airflow/airflow-apache/lib/python3.11/site-packages/airflow/example_dags/example_bash_decorator.py
[2025-04-27T20:11:57.291-0300] {logging_mixin.py:188} INFO - [2025-04-27T20:11:57.291-0300] {dag.py:3096} INFO - Sync 1 DAGs
[2025-04-27T20:11:57.302-0300] {logging_mixin.py:188} INFO - [2025-04-27T20:11:57.302-0300] {dag.py:3954} INFO - Setting next_dagrun for example_bash_decorator to None, run_after=None
[2025-04-27T20:11:57.326-0300] {processor.py:183} INFO - Processing /home/facuvega/Descargas/crypto-etl-airflow/airflow-apache/lib/python3.11/site-packages/airflow/example_dags/example_bash_decorator.py took 0.075 seconds
[2025-04-27T20:13:00.666-0300] {processor.py:161} INFO - Started process (PID=10573) to work on /home/facuvega/Descargas/crypto-etl-airflow/airflow-apache/lib/python3.11/site-packages/airflow/example_dags/example_bash_decorator.py
[2025-04-27T20:13:00.667-0300] {processor.py:830} INFO - Processing file /home/facuvega/Descargas/crypto-etl-airflow/airflow-apache/lib/python3.11/site-packages/airflow/example_dags/example_bash_decorator.py for tasks to queue
[2025-04-27T20:13:00.669-0300] {logging_mixin.py:188} INFO - [2025-04-27T20:13:00.669-0300] {dagbag.py:540} INFO - Filling up the DagBag from /home/facuvega/Descargas/crypto-etl-airflow/airflow-apache/lib/python3.11/site-packages/airflow/example_dags/example_bash_decorator.py
[2025-04-27T20:13:00.683-0300] {processor.py:840} INFO - DAG(s) 'example_bash_decorator' retrieved from /home/facuvega/Descargas/crypto-etl-airflow/airflow-apache/lib/python3.11/site-packages/airflow/example_dags/example_bash_decorator.py
[2025-04-27T20:13:00.700-0300] {logging_mixin.py:188} INFO - [2025-04-27T20:13:00.699-0300] {dag.py:3096} INFO - Sync 1 DAGs
[2025-04-27T20:13:00.711-0300] {logging_mixin.py:188} INFO - [2025-04-27T20:13:00.711-0300] {dag.py:3954} INFO - Setting next_dagrun for example_bash_decorator to None, run_after=None
[2025-04-27T20:13:00.728-0300] {processor.py:183} INFO - Processing /home/facuvega/Descargas/crypto-etl-airflow/airflow-apache/lib/python3.11/site-packages/airflow/example_dags/example_bash_decorator.py took 0.069 seconds
[2025-04-27T20:13:57.250-0300] {processor.py:161} INFO - Started process (PID=10830) to work on /home/facuvega/Descargas/crypto-etl-airflow/airflow-apache/lib/python3.11/site-packages/airflow/example_dags/example_bash_decorator.py
[2025-04-27T20:13:57.251-0300] {processor.py:830} INFO - Processing file /home/facuvega/Descargas/crypto-etl-airflow/airflow-apache/lib/python3.11/site-packages/airflow/example_dags/example_bash_decorator.py for tasks to queue
[2025-04-27T20:13:57.253-0300] {logging_mixin.py:188} INFO - [2025-04-27T20:13:57.253-0300] {dagbag.py:540} INFO - Filling up the DagBag from /home/facuvega/Descargas/crypto-etl-airflow/airflow-apache/lib/python3.11/site-packages/airflow/example_dags/example_bash_decorator.py
[2025-04-27T20:13:57.264-0300] {processor.py:840} INFO - DAG(s) 'example_bash_decorator' retrieved from /home/facuvega/Descargas/crypto-etl-airflow/airflow-apache/lib/python3.11/site-packages/airflow/example_dags/example_bash_decorator.py
[2025-04-27T20:13:57.279-0300] {logging_mixin.py:188} INFO - [2025-04-27T20:13:57.279-0300] {dag.py:3096} INFO - Sync 1 DAGs
[2025-04-27T20:13:57.289-0300] {logging_mixin.py:188} INFO - [2025-04-27T20:13:57.288-0300] {dag.py:3954} INFO - Setting next_dagrun for example_bash_decorator to None, run_after=None
[2025-04-27T20:13:57.302-0300] {processor.py:183} INFO - Processing /home/facuvega/Descargas/crypto-etl-airflow/airflow-apache/lib/python3.11/site-packages/airflow/example_dags/example_bash_decorator.py took 0.056 seconds
[2025-04-27T20:14:57.781-0300] {processor.py:161} INFO - Started process (PID=11128) to work on /home/facuvega/Descargas/crypto-etl-airflow/airflow-apache/lib/python3.11/site-packages/airflow/example_dags/example_bash_decorator.py
[2025-04-27T20:14:57.782-0300] {processor.py:830} INFO - Processing file /home/facuvega/Descargas/crypto-etl-airflow/airflow-apache/lib/python3.11/site-packages/airflow/example_dags/example_bash_decorator.py for tasks to queue
[2025-04-27T20:14:57.784-0300] {logging_mixin.py:188} INFO - [2025-04-27T20:14:57.784-0300] {dagbag.py:540} INFO - Filling up the DagBag from /home/facuvega/Descargas/crypto-etl-airflow/airflow-apache/lib/python3.11/site-packages/airflow/example_dags/example_bash_decorator.py
[2025-04-27T20:14:57.794-0300] {processor.py:840} INFO - DAG(s) 'example_bash_decorator' retrieved from /home/facuvega/Descargas/crypto-etl-airflow/airflow-apache/lib/python3.11/site-packages/airflow/example_dags/example_bash_decorator.py
[2025-04-27T20:14:57.809-0300] {logging_mixin.py:188} INFO - [2025-04-27T20:14:57.809-0300] {dag.py:3096} INFO - Sync 1 DAGs
[2025-04-27T20:14:57.818-0300] {logging_mixin.py:188} INFO - [2025-04-27T20:14:57.818-0300] {dag.py:3954} INFO - Setting next_dagrun for example_bash_decorator to None, run_after=None
[2025-04-27T20:14:57.833-0300] {processor.py:183} INFO - Processing /home/facuvega/Descargas/crypto-etl-airflow/airflow-apache/lib/python3.11/site-packages/airflow/example_dags/example_bash_decorator.py took 0.056 seconds
[2025-04-27T20:15:57.267-0300] {processor.py:161} INFO - Started process (PID=11406) to work on /home/facuvega/Descargas/crypto-etl-airflow/airflow-apache/lib/python3.11/site-packages/airflow/example_dags/example_bash_decorator.py
[2025-04-27T20:15:57.268-0300] {processor.py:830} INFO - Processing file /home/facuvega/Descargas/crypto-etl-airflow/airflow-apache/lib/python3.11/site-packages/airflow/example_dags/example_bash_decorator.py for tasks to queue
[2025-04-27T20:15:57.269-0300] {logging_mixin.py:188} INFO - [2025-04-27T20:15:57.269-0300] {dagbag.py:540} INFO - Filling up the DagBag from /home/facuvega/Descargas/crypto-etl-airflow/airflow-apache/lib/python3.11/site-packages/airflow/example_dags/example_bash_decorator.py
[2025-04-27T20:15:57.283-0300] {processor.py:840} INFO - DAG(s) 'example_bash_decorator' retrieved from /home/facuvega/Descargas/crypto-etl-airflow/airflow-apache/lib/python3.11/site-packages/airflow/example_dags/example_bash_decorator.py
[2025-04-27T20:15:57.299-0300] {logging_mixin.py:188} INFO - [2025-04-27T20:15:57.299-0300] {dag.py:3096} INFO - Sync 1 DAGs
[2025-04-27T20:15:57.308-0300] {logging_mixin.py:188} INFO - [2025-04-27T20:15:57.308-0300] {dag.py:3954} INFO - Setting next_dagrun for example_bash_decorator to None, run_after=None
[2025-04-27T20:15:57.320-0300] {processor.py:183} INFO - Processing /home/facuvega/Descargas/crypto-etl-airflow/airflow-apache/lib/python3.11/site-packages/airflow/example_dags/example_bash_decorator.py took 0.059 seconds
[2025-04-27T20:16:58.061-0300] {processor.py:161} INFO - Started process (PID=11681) to work on /home/facuvega/Descargas/crypto-etl-airflow/airflow-apache/lib/python3.11/site-packages/airflow/example_dags/example_bash_decorator.py
[2025-04-27T20:16:58.062-0300] {processor.py:830} INFO - Processing file /home/facuvega/Descargas/crypto-etl-airflow/airflow-apache/lib/python3.11/site-packages/airflow/example_dags/example_bash_decorator.py for tasks to queue
[2025-04-27T20:16:58.063-0300] {logging_mixin.py:188} INFO - [2025-04-27T20:16:58.063-0300] {dagbag.py:540} INFO - Filling up the DagBag from /home/facuvega/Descargas/crypto-etl-airflow/airflow-apache/lib/python3.11/site-packages/airflow/example_dags/example_bash_decorator.py
[2025-04-27T20:16:58.075-0300] {processor.py:840} INFO - DAG(s) 'example_bash_decorator' retrieved from /home/facuvega/Descargas/crypto-etl-airflow/airflow-apache/lib/python3.11/site-packages/airflow/example_dags/example_bash_decorator.py
[2025-04-27T20:16:58.090-0300] {logging_mixin.py:188} INFO - [2025-04-27T20:16:58.090-0300] {dag.py:3096} INFO - Sync 1 DAGs
[2025-04-27T20:16:58.100-0300] {logging_mixin.py:188} INFO - [2025-04-27T20:16:58.099-0300] {dag.py:3954} INFO - Setting next_dagrun for example_bash_decorator to None, run_after=None
[2025-04-27T20:16:58.114-0300] {processor.py:183} INFO - Processing /home/facuvega/Descargas/crypto-etl-airflow/airflow-apache/lib/python3.11/site-packages/airflow/example_dags/example_bash_decorator.py took 0.059 seconds
[2025-04-27T20:18:00.127-0300] {processor.py:161} INFO - Started process (PID=12090) to work on /home/facuvega/Descargas/crypto-etl-airflow/airflow-apache/lib/python3.11/site-packages/airflow/example_dags/example_bash_decorator.py
[2025-04-27T20:18:00.128-0300] {processor.py:830} INFO - Processing file /home/facuvega/Descargas/crypto-etl-airflow/airflow-apache/lib/python3.11/site-packages/airflow/example_dags/example_bash_decorator.py for tasks to queue
[2025-04-27T20:18:00.130-0300] {logging_mixin.py:188} INFO - [2025-04-27T20:18:00.130-0300] {dagbag.py:540} INFO - Filling up the DagBag from /home/facuvega/Descargas/crypto-etl-airflow/airflow-apache/lib/python3.11/site-packages/airflow/example_dags/example_bash_decorator.py
[2025-04-27T20:18:00.142-0300] {processor.py:840} INFO - DAG(s) 'example_bash_decorator' retrieved from /home/facuvega/Descargas/crypto-etl-airflow/airflow-apache/lib/python3.11/site-packages/airflow/example_dags/example_bash_decorator.py
[2025-04-27T20:18:00.157-0300] {logging_mixin.py:188} INFO - [2025-04-27T20:18:00.157-0300] {dag.py:3096} INFO - Sync 1 DAGs
[2025-04-27T20:18:00.166-0300] {logging_mixin.py:188} INFO - [2025-04-27T20:18:00.166-0300] {dag.py:3954} INFO - Setting next_dagrun for example_bash_decorator to None, run_after=None
[2025-04-27T20:18:00.180-0300] {processor.py:183} INFO - Processing /home/facuvega/Descargas/crypto-etl-airflow/airflow-apache/lib/python3.11/site-packages/airflow/example_dags/example_bash_decorator.py took 0.058 seconds
[2025-04-27T20:18:59.815-0300] {processor.py:161} INFO - Started process (PID=12360) to work on /home/facuvega/Descargas/crypto-etl-airflow/airflow-apache/lib/python3.11/site-packages/airflow/example_dags/example_bash_decorator.py
[2025-04-27T20:18:59.816-0300] {processor.py:830} INFO - Processing file /home/facuvega/Descargas/crypto-etl-airflow/airflow-apache/lib/python3.11/site-packages/airflow/example_dags/example_bash_decorator.py for tasks to queue
[2025-04-27T20:18:59.817-0300] {logging_mixin.py:188} INFO - [2025-04-27T20:18:59.817-0300] {dagbag.py:540} INFO - Filling up the DagBag from /home/facuvega/Descargas/crypto-etl-airflow/airflow-apache/lib/python3.11/site-packages/airflow/example_dags/example_bash_decorator.py
[2025-04-27T20:18:59.828-0300] {processor.py:840} INFO - DAG(s) 'example_bash_decorator' retrieved from /home/facuvega/Descargas/crypto-etl-airflow/airflow-apache/lib/python3.11/site-packages/airflow/example_dags/example_bash_decorator.py
[2025-04-27T20:18:59.844-0300] {logging_mixin.py:188} INFO - [2025-04-27T20:18:59.843-0300] {dag.py:3096} INFO - Sync 1 DAGs
[2025-04-27T20:18:59.853-0300] {logging_mixin.py:188} INFO - [2025-04-27T20:18:59.853-0300] {dag.py:3954} INFO - Setting next_dagrun for example_bash_decorator to None, run_after=None
[2025-04-27T20:18:59.866-0300] {processor.py:183} INFO - Processing /home/facuvega/Descargas/crypto-etl-airflow/airflow-apache/lib/python3.11/site-packages/airflow/example_dags/example_bash_decorator.py took 0.057 seconds
[2025-04-27T20:19:58.347-0300] {processor.py:161} INFO - Started process (PID=12678) to work on /home/facuvega/Descargas/crypto-etl-airflow/airflow-apache/lib/python3.11/site-packages/airflow/example_dags/example_bash_decorator.py
[2025-04-27T20:19:58.349-0300] {processor.py:830} INFO - Processing file /home/facuvega/Descargas/crypto-etl-airflow/airflow-apache/lib/python3.11/site-packages/airflow/example_dags/example_bash_decorator.py for tasks to queue
[2025-04-27T20:19:58.350-0300] {logging_mixin.py:188} INFO - [2025-04-27T20:19:58.350-0300] {dagbag.py:540} INFO - Filling up the DagBag from /home/facuvega/Descargas/crypto-etl-airflow/airflow-apache/lib/python3.11/site-packages/airflow/example_dags/example_bash_decorator.py
[2025-04-27T20:19:58.361-0300] {processor.py:840} INFO - DAG(s) 'example_bash_decorator' retrieved from /home/facuvega/Descargas/crypto-etl-airflow/airflow-apache/lib/python3.11/site-packages/airflow/example_dags/example_bash_decorator.py
[2025-04-27T20:19:58.379-0300] {logging_mixin.py:188} INFO - [2025-04-27T20:19:58.379-0300] {dag.py:3096} INFO - Sync 1 DAGs
[2025-04-27T20:19:58.389-0300] {logging_mixin.py:188} INFO - [2025-04-27T20:19:58.389-0300] {dag.py:3954} INFO - Setting next_dagrun for example_bash_decorator to None, run_after=None
[2025-04-27T20:19:58.406-0300] {processor.py:183} INFO - Processing /home/facuvega/Descargas/crypto-etl-airflow/airflow-apache/lib/python3.11/site-packages/airflow/example_dags/example_bash_decorator.py took 0.065 seconds
[2025-04-27T20:20:57.965-0300] {processor.py:161} INFO - Started process (PID=12949) to work on /home/facuvega/Descargas/crypto-etl-airflow/airflow-apache/lib/python3.11/site-packages/airflow/example_dags/example_bash_decorator.py
[2025-04-27T20:20:57.966-0300] {processor.py:830} INFO - Processing file /home/facuvega/Descargas/crypto-etl-airflow/airflow-apache/lib/python3.11/site-packages/airflow/example_dags/example_bash_decorator.py for tasks to queue
[2025-04-27T20:20:57.967-0300] {logging_mixin.py:188} INFO - [2025-04-27T20:20:57.967-0300] {dagbag.py:540} INFO - Filling up the DagBag from /home/facuvega/Descargas/crypto-etl-airflow/airflow-apache/lib/python3.11/site-packages/airflow/example_dags/example_bash_decorator.py
[2025-04-27T20:20:57.980-0300] {processor.py:840} INFO - DAG(s) 'example_bash_decorator' retrieved from /home/facuvega/Descargas/crypto-etl-airflow/airflow-apache/lib/python3.11/site-packages/airflow/example_dags/example_bash_decorator.py
[2025-04-27T20:20:57.995-0300] {logging_mixin.py:188} INFO - [2025-04-27T20:20:57.995-0300] {dag.py:3096} INFO - Sync 1 DAGs
[2025-04-27T20:20:58.005-0300] {logging_mixin.py:188} INFO - [2025-04-27T20:20:58.005-0300] {dag.py:3954} INFO - Setting next_dagrun for example_bash_decorator to None, run_after=None
[2025-04-27T20:20:58.021-0300] {processor.py:183} INFO - Processing /home/facuvega/Descargas/crypto-etl-airflow/airflow-apache/lib/python3.11/site-packages/airflow/example_dags/example_bash_decorator.py took 0.062 seconds
[2025-04-27T20:21:59.914-0300] {processor.py:161} INFO - Started process (PID=13228) to work on /home/facuvega/Descargas/crypto-etl-airflow/airflow-apache/lib/python3.11/site-packages/airflow/example_dags/example_bash_decorator.py
[2025-04-27T20:21:59.915-0300] {processor.py:830} INFO - Processing file /home/facuvega/Descargas/crypto-etl-airflow/airflow-apache/lib/python3.11/site-packages/airflow/example_dags/example_bash_decorator.py for tasks to queue
[2025-04-27T20:21:59.917-0300] {logging_mixin.py:188} INFO - [2025-04-27T20:21:59.916-0300] {dagbag.py:540} INFO - Filling up the DagBag from /home/facuvega/Descargas/crypto-etl-airflow/airflow-apache/lib/python3.11/site-packages/airflow/example_dags/example_bash_decorator.py
[2025-04-27T20:21:59.933-0300] {processor.py:840} INFO - DAG(s) 'example_bash_decorator' retrieved from /home/facuvega/Descargas/crypto-etl-airflow/airflow-apache/lib/python3.11/site-packages/airflow/example_dags/example_bash_decorator.py
[2025-04-27T20:21:59.951-0300] {logging_mixin.py:188} INFO - [2025-04-27T20:21:59.951-0300] {dag.py:3096} INFO - Sync 1 DAGs
[2025-04-27T20:21:59.964-0300] {logging_mixin.py:188} INFO - [2025-04-27T20:21:59.964-0300] {dag.py:3954} INFO - Setting next_dagrun for example_bash_decorator to None, run_after=None
[2025-04-27T20:21:59.983-0300] {processor.py:183} INFO - Processing /home/facuvega/Descargas/crypto-etl-airflow/airflow-apache/lib/python3.11/site-packages/airflow/example_dags/example_bash_decorator.py took 0.075 seconds
[2025-04-27T20:23:04.896-0300] {processor.py:161} INFO - Started process (PID=13518) to work on /home/facuvega/Descargas/crypto-etl-airflow/airflow-apache/lib/python3.11/site-packages/airflow/example_dags/example_bash_decorator.py
[2025-04-27T20:23:04.897-0300] {processor.py:830} INFO - Processing file /home/facuvega/Descargas/crypto-etl-airflow/airflow-apache/lib/python3.11/site-packages/airflow/example_dags/example_bash_decorator.py for tasks to queue
[2025-04-27T20:23:04.898-0300] {logging_mixin.py:188} INFO - [2025-04-27T20:23:04.898-0300] {dagbag.py:540} INFO - Filling up the DagBag from /home/facuvega/Descargas/crypto-etl-airflow/airflow-apache/lib/python3.11/site-packages/airflow/example_dags/example_bash_decorator.py
[2025-04-27T20:23:04.910-0300] {processor.py:840} INFO - DAG(s) 'example_bash_decorator' retrieved from /home/facuvega/Descargas/crypto-etl-airflow/airflow-apache/lib/python3.11/site-packages/airflow/example_dags/example_bash_decorator.py
[2025-04-27T20:23:04.927-0300] {logging_mixin.py:188} INFO - [2025-04-27T20:23:04.927-0300] {dag.py:3096} INFO - Sync 1 DAGs
[2025-04-27T20:23:04.937-0300] {logging_mixin.py:188} INFO - [2025-04-27T20:23:04.936-0300] {dag.py:3954} INFO - Setting next_dagrun for example_bash_decorator to None, run_after=None
[2025-04-27T20:23:04.953-0300] {processor.py:183} INFO - Processing /home/facuvega/Descargas/crypto-etl-airflow/airflow-apache/lib/python3.11/site-packages/airflow/example_dags/example_bash_decorator.py took 0.062 seconds
[2025-04-27T20:24:04.323-0300] {processor.py:161} INFO - Started process (PID=13780) to work on /home/facuvega/Descargas/crypto-etl-airflow/airflow-apache/lib/python3.11/site-packages/airflow/example_dags/example_bash_decorator.py
[2025-04-27T20:24:04.324-0300] {processor.py:830} INFO - Processing file /home/facuvega/Descargas/crypto-etl-airflow/airflow-apache/lib/python3.11/site-packages/airflow/example_dags/example_bash_decorator.py for tasks to queue
[2025-04-27T20:24:04.325-0300] {logging_mixin.py:188} INFO - [2025-04-27T20:24:04.325-0300] {dagbag.py:540} INFO - Filling up the DagBag from /home/facuvega/Descargas/crypto-etl-airflow/airflow-apache/lib/python3.11/site-packages/airflow/example_dags/example_bash_decorator.py
[2025-04-27T20:24:04.338-0300] {processor.py:840} INFO - DAG(s) 'example_bash_decorator' retrieved from /home/facuvega/Descargas/crypto-etl-airflow/airflow-apache/lib/python3.11/site-packages/airflow/example_dags/example_bash_decorator.py
[2025-04-27T20:24:04.355-0300] {logging_mixin.py:188} INFO - [2025-04-27T20:24:04.354-0300] {dag.py:3096} INFO - Sync 1 DAGs
[2025-04-27T20:24:04.364-0300] {logging_mixin.py:188} INFO - [2025-04-27T20:24:04.363-0300] {dag.py:3954} INFO - Setting next_dagrun for example_bash_decorator to None, run_after=None
[2025-04-27T20:24:04.377-0300] {processor.py:183} INFO - Processing /home/facuvega/Descargas/crypto-etl-airflow/airflow-apache/lib/python3.11/site-packages/airflow/example_dags/example_bash_decorator.py took 0.059 seconds
[2025-04-27T20:24:59.440-0300] {processor.py:161} INFO - Started process (PID=14058) to work on /home/facuvega/Descargas/crypto-etl-airflow/airflow-apache/lib/python3.11/site-packages/airflow/example_dags/example_bash_decorator.py
[2025-04-27T20:24:59.441-0300] {processor.py:830} INFO - Processing file /home/facuvega/Descargas/crypto-etl-airflow/airflow-apache/lib/python3.11/site-packages/airflow/example_dags/example_bash_decorator.py for tasks to queue
[2025-04-27T20:24:59.443-0300] {logging_mixin.py:188} INFO - [2025-04-27T20:24:59.443-0300] {dagbag.py:540} INFO - Filling up the DagBag from /home/facuvega/Descargas/crypto-etl-airflow/airflow-apache/lib/python3.11/site-packages/airflow/example_dags/example_bash_decorator.py
[2025-04-27T20:24:59.457-0300] {processor.py:840} INFO - DAG(s) 'example_bash_decorator' retrieved from /home/facuvega/Descargas/crypto-etl-airflow/airflow-apache/lib/python3.11/site-packages/airflow/example_dags/example_bash_decorator.py
[2025-04-27T20:24:59.475-0300] {logging_mixin.py:188} INFO - [2025-04-27T20:24:59.474-0300] {dag.py:3096} INFO - Sync 1 DAGs
[2025-04-27T20:24:59.485-0300] {logging_mixin.py:188} INFO - [2025-04-27T20:24:59.485-0300] {dag.py:3954} INFO - Setting next_dagrun for example_bash_decorator to None, run_after=None
[2025-04-27T20:24:59.500-0300] {processor.py:183} INFO - Processing /home/facuvega/Descargas/crypto-etl-airflow/airflow-apache/lib/python3.11/site-packages/airflow/example_dags/example_bash_decorator.py took 0.066 seconds
[2025-04-27T20:26:02.739-0300] {processor.py:161} INFO - Started process (PID=14346) to work on /home/facuvega/Descargas/crypto-etl-airflow/airflow-apache/lib/python3.11/site-packages/airflow/example_dags/example_bash_decorator.py
[2025-04-27T20:26:02.741-0300] {processor.py:830} INFO - Processing file /home/facuvega/Descargas/crypto-etl-airflow/airflow-apache/lib/python3.11/site-packages/airflow/example_dags/example_bash_decorator.py for tasks to queue
[2025-04-27T20:26:02.742-0300] {logging_mixin.py:188} INFO - [2025-04-27T20:26:02.742-0300] {dagbag.py:540} INFO - Filling up the DagBag from /home/facuvega/Descargas/crypto-etl-airflow/airflow-apache/lib/python3.11/site-packages/airflow/example_dags/example_bash_decorator.py
[2025-04-27T20:26:02.756-0300] {processor.py:840} INFO - DAG(s) 'example_bash_decorator' retrieved from /home/facuvega/Descargas/crypto-etl-airflow/airflow-apache/lib/python3.11/site-packages/airflow/example_dags/example_bash_decorator.py
[2025-04-27T20:26:02.773-0300] {logging_mixin.py:188} INFO - [2025-04-27T20:26:02.772-0300] {dag.py:3096} INFO - Sync 1 DAGs
[2025-04-27T20:26:02.783-0300] {logging_mixin.py:188} INFO - [2025-04-27T20:26:02.783-0300] {dag.py:3954} INFO - Setting next_dagrun for example_bash_decorator to None, run_after=None
[2025-04-27T20:26:02.799-0300] {processor.py:183} INFO - Processing /home/facuvega/Descargas/crypto-etl-airflow/airflow-apache/lib/python3.11/site-packages/airflow/example_dags/example_bash_decorator.py took 0.066 seconds
[2025-04-27T20:27:03.318-0300] {processor.py:161} INFO - Started process (PID=14638) to work on /home/facuvega/Descargas/crypto-etl-airflow/airflow-apache/lib/python3.11/site-packages/airflow/example_dags/example_bash_decorator.py
[2025-04-27T20:27:03.319-0300] {processor.py:830} INFO - Processing file /home/facuvega/Descargas/crypto-etl-airflow/airflow-apache/lib/python3.11/site-packages/airflow/example_dags/example_bash_decorator.py for tasks to queue
[2025-04-27T20:27:03.321-0300] {logging_mixin.py:188} INFO - [2025-04-27T20:27:03.320-0300] {dagbag.py:540} INFO - Filling up the DagBag from /home/facuvega/Descargas/crypto-etl-airflow/airflow-apache/lib/python3.11/site-packages/airflow/example_dags/example_bash_decorator.py
[2025-04-27T20:27:03.334-0300] {processor.py:840} INFO - DAG(s) 'example_bash_decorator' retrieved from /home/facuvega/Descargas/crypto-etl-airflow/airflow-apache/lib/python3.11/site-packages/airflow/example_dags/example_bash_decorator.py
[2025-04-27T20:27:03.351-0300] {logging_mixin.py:188} INFO - [2025-04-27T20:27:03.350-0300] {dag.py:3096} INFO - Sync 1 DAGs
[2025-04-27T20:27:03.362-0300] {logging_mixin.py:188} INFO - [2025-04-27T20:27:03.362-0300] {dag.py:3954} INFO - Setting next_dagrun for example_bash_decorator to None, run_after=None
[2025-04-27T20:27:03.385-0300] {processor.py:183} INFO - Processing /home/facuvega/Descargas/crypto-etl-airflow/airflow-apache/lib/python3.11/site-packages/airflow/example_dags/example_bash_decorator.py took 0.073 seconds
[2025-04-27T20:28:00.918-0300] {processor.py:161} INFO - Started process (PID=14907) to work on /home/facuvega/Descargas/crypto-etl-airflow/airflow-apache/lib/python3.11/site-packages/airflow/example_dags/example_bash_decorator.py
[2025-04-27T20:28:00.919-0300] {processor.py:830} INFO - Processing file /home/facuvega/Descargas/crypto-etl-airflow/airflow-apache/lib/python3.11/site-packages/airflow/example_dags/example_bash_decorator.py for tasks to queue
[2025-04-27T20:28:00.920-0300] {logging_mixin.py:188} INFO - [2025-04-27T20:28:00.920-0300] {dagbag.py:540} INFO - Filling up the DagBag from /home/facuvega/Descargas/crypto-etl-airflow/airflow-apache/lib/python3.11/site-packages/airflow/example_dags/example_bash_decorator.py
[2025-04-27T20:28:00.931-0300] {processor.py:840} INFO - DAG(s) 'example_bash_decorator' retrieved from /home/facuvega/Descargas/crypto-etl-airflow/airflow-apache/lib/python3.11/site-packages/airflow/example_dags/example_bash_decorator.py
[2025-04-27T20:28:00.945-0300] {logging_mixin.py:188} INFO - [2025-04-27T20:28:00.945-0300] {dag.py:3096} INFO - Sync 1 DAGs
[2025-04-27T20:28:00.954-0300] {logging_mixin.py:188} INFO - [2025-04-27T20:28:00.953-0300] {dag.py:3954} INFO - Setting next_dagrun for example_bash_decorator to None, run_after=None
[2025-04-27T20:28:00.969-0300] {processor.py:183} INFO - Processing /home/facuvega/Descargas/crypto-etl-airflow/airflow-apache/lib/python3.11/site-packages/airflow/example_dags/example_bash_decorator.py took 0.057 seconds
[2025-04-27T20:29:06.150-0300] {processor.py:161} INFO - Started process (PID=15203) to work on /home/facuvega/Descargas/crypto-etl-airflow/airflow-apache/lib/python3.11/site-packages/airflow/example_dags/example_bash_decorator.py
[2025-04-27T20:29:06.151-0300] {processor.py:830} INFO - Processing file /home/facuvega/Descargas/crypto-etl-airflow/airflow-apache/lib/python3.11/site-packages/airflow/example_dags/example_bash_decorator.py for tasks to queue
[2025-04-27T20:29:06.152-0300] {logging_mixin.py:188} INFO - [2025-04-27T20:29:06.152-0300] {dagbag.py:540} INFO - Filling up the DagBag from /home/facuvega/Descargas/crypto-etl-airflow/airflow-apache/lib/python3.11/site-packages/airflow/example_dags/example_bash_decorator.py
[2025-04-27T20:29:06.164-0300] {processor.py:840} INFO - DAG(s) 'example_bash_decorator' retrieved from /home/facuvega/Descargas/crypto-etl-airflow/airflow-apache/lib/python3.11/site-packages/airflow/example_dags/example_bash_decorator.py
[2025-04-27T20:29:06.177-0300] {logging_mixin.py:188} INFO - [2025-04-27T20:29:06.177-0300] {dag.py:3096} INFO - Sync 1 DAGs
[2025-04-27T20:29:06.185-0300] {logging_mixin.py:188} INFO - [2025-04-27T20:29:06.185-0300] {dag.py:3954} INFO - Setting next_dagrun for example_bash_decorator to None, run_after=None
[2025-04-27T20:29:06.198-0300] {processor.py:183} INFO - Processing /home/facuvega/Descargas/crypto-etl-airflow/airflow-apache/lib/python3.11/site-packages/airflow/example_dags/example_bash_decorator.py took 0.053 seconds
[2025-04-27T20:30:04.273-0300] {processor.py:161} INFO - Started process (PID=15496) to work on /home/facuvega/Descargas/crypto-etl-airflow/airflow-apache/lib/python3.11/site-packages/airflow/example_dags/example_bash_decorator.py
[2025-04-27T20:30:04.274-0300] {processor.py:830} INFO - Processing file /home/facuvega/Descargas/crypto-etl-airflow/airflow-apache/lib/python3.11/site-packages/airflow/example_dags/example_bash_decorator.py for tasks to queue
[2025-04-27T20:30:04.276-0300] {logging_mixin.py:188} INFO - [2025-04-27T20:30:04.276-0300] {dagbag.py:540} INFO - Filling up the DagBag from /home/facuvega/Descargas/crypto-etl-airflow/airflow-apache/lib/python3.11/site-packages/airflow/example_dags/example_bash_decorator.py
[2025-04-27T20:30:04.288-0300] {processor.py:840} INFO - DAG(s) 'example_bash_decorator' retrieved from /home/facuvega/Descargas/crypto-etl-airflow/airflow-apache/lib/python3.11/site-packages/airflow/example_dags/example_bash_decorator.py
[2025-04-27T20:30:04.303-0300] {logging_mixin.py:188} INFO - [2025-04-27T20:30:04.303-0300] {dag.py:3096} INFO - Sync 1 DAGs
[2025-04-27T20:30:04.312-0300] {logging_mixin.py:188} INFO - [2025-04-27T20:30:04.312-0300] {dag.py:3954} INFO - Setting next_dagrun for example_bash_decorator to None, run_after=None
[2025-04-27T20:30:04.325-0300] {processor.py:183} INFO - Processing /home/facuvega/Descargas/crypto-etl-airflow/airflow-apache/lib/python3.11/site-packages/airflow/example_dags/example_bash_decorator.py took 0.056 seconds
[2025-04-27T20:31:03.849-0300] {processor.py:161} INFO - Started process (PID=15766) to work on /home/facuvega/Descargas/crypto-etl-airflow/airflow-apache/lib/python3.11/site-packages/airflow/example_dags/example_bash_decorator.py
[2025-04-27T20:31:03.850-0300] {processor.py:830} INFO - Processing file /home/facuvega/Descargas/crypto-etl-airflow/airflow-apache/lib/python3.11/site-packages/airflow/example_dags/example_bash_decorator.py for tasks to queue
[2025-04-27T20:31:03.852-0300] {logging_mixin.py:188} INFO - [2025-04-27T20:31:03.851-0300] {dagbag.py:540} INFO - Filling up the DagBag from /home/facuvega/Descargas/crypto-etl-airflow/airflow-apache/lib/python3.11/site-packages/airflow/example_dags/example_bash_decorator.py
[2025-04-27T20:31:03.864-0300] {processor.py:840} INFO - DAG(s) 'example_bash_decorator' retrieved from /home/facuvega/Descargas/crypto-etl-airflow/airflow-apache/lib/python3.11/site-packages/airflow/example_dags/example_bash_decorator.py
[2025-04-27T20:31:03.878-0300] {logging_mixin.py:188} INFO - [2025-04-27T20:31:03.878-0300] {dag.py:3096} INFO - Sync 1 DAGs
[2025-04-27T20:31:03.887-0300] {logging_mixin.py:188} INFO - [2025-04-27T20:31:03.887-0300] {dag.py:3954} INFO - Setting next_dagrun for example_bash_decorator to None, run_after=None
[2025-04-27T20:31:03.902-0300] {processor.py:183} INFO - Processing /home/facuvega/Descargas/crypto-etl-airflow/airflow-apache/lib/python3.11/site-packages/airflow/example_dags/example_bash_decorator.py took 0.058 seconds
[2025-04-27T20:32:00.123-0300] {processor.py:161} INFO - Started process (PID=16026) to work on /home/facuvega/Descargas/crypto-etl-airflow/airflow-apache/lib/python3.11/site-packages/airflow/example_dags/example_bash_decorator.py
[2025-04-27T20:32:00.124-0300] {processor.py:830} INFO - Processing file /home/facuvega/Descargas/crypto-etl-airflow/airflow-apache/lib/python3.11/site-packages/airflow/example_dags/example_bash_decorator.py for tasks to queue
[2025-04-27T20:32:00.126-0300] {logging_mixin.py:188} INFO - [2025-04-27T20:32:00.125-0300] {dagbag.py:540} INFO - Filling up the DagBag from /home/facuvega/Descargas/crypto-etl-airflow/airflow-apache/lib/python3.11/site-packages/airflow/example_dags/example_bash_decorator.py
[2025-04-27T20:32:00.139-0300] {processor.py:840} INFO - DAG(s) 'example_bash_decorator' retrieved from /home/facuvega/Descargas/crypto-etl-airflow/airflow-apache/lib/python3.11/site-packages/airflow/example_dags/example_bash_decorator.py
[2025-04-27T20:32:00.153-0300] {logging_mixin.py:188} INFO - [2025-04-27T20:32:00.153-0300] {dag.py:3096} INFO - Sync 1 DAGs
[2025-04-27T20:32:00.161-0300] {logging_mixin.py:188} INFO - [2025-04-27T20:32:00.161-0300] {dag.py:3954} INFO - Setting next_dagrun for example_bash_decorator to None, run_after=None
[2025-04-27T20:32:00.179-0300] {processor.py:183} INFO - Processing /home/facuvega/Descargas/crypto-etl-airflow/airflow-apache/lib/python3.11/site-packages/airflow/example_dags/example_bash_decorator.py took 0.062 seconds
[2025-04-27T20:33:02.610-0300] {processor.py:161} INFO - Started process (PID=16298) to work on /home/facuvega/Descargas/crypto-etl-airflow/airflow-apache/lib/python3.11/site-packages/airflow/example_dags/example_bash_decorator.py
[2025-04-27T20:33:02.611-0300] {processor.py:830} INFO - Processing file /home/facuvega/Descargas/crypto-etl-airflow/airflow-apache/lib/python3.11/site-packages/airflow/example_dags/example_bash_decorator.py for tasks to queue
[2025-04-27T20:33:02.613-0300] {logging_mixin.py:188} INFO - [2025-04-27T20:33:02.612-0300] {dagbag.py:540} INFO - Filling up the DagBag from /home/facuvega/Descargas/crypto-etl-airflow/airflow-apache/lib/python3.11/site-packages/airflow/example_dags/example_bash_decorator.py
[2025-04-27T20:33:02.631-0300] {processor.py:840} INFO - DAG(s) 'example_bash_decorator' retrieved from /home/facuvega/Descargas/crypto-etl-airflow/airflow-apache/lib/python3.11/site-packages/airflow/example_dags/example_bash_decorator.py
[2025-04-27T20:33:02.648-0300] {logging_mixin.py:188} INFO - [2025-04-27T20:33:02.648-0300] {dag.py:3096} INFO - Sync 1 DAGs
[2025-04-27T20:33:02.657-0300] {logging_mixin.py:188} INFO - [2025-04-27T20:33:02.657-0300] {dag.py:3954} INFO - Setting next_dagrun for example_bash_decorator to None, run_after=None
[2025-04-27T20:33:02.732-0300] {processor.py:183} INFO - Processing /home/facuvega/Descargas/crypto-etl-airflow/airflow-apache/lib/python3.11/site-packages/airflow/example_dags/example_bash_decorator.py took 0.128 seconds
[2025-04-27T20:34:09.215-0300] {processor.py:161} INFO - Started process (PID=16770) to work on /home/facuvega/Descargas/crypto-etl-airflow/airflow-apache/lib/python3.11/site-packages/airflow/example_dags/example_bash_decorator.py
[2025-04-27T20:34:09.216-0300] {processor.py:830} INFO - Processing file /home/facuvega/Descargas/crypto-etl-airflow/airflow-apache/lib/python3.11/site-packages/airflow/example_dags/example_bash_decorator.py for tasks to queue
[2025-04-27T20:34:09.217-0300] {logging_mixin.py:188} INFO - [2025-04-27T20:34:09.217-0300] {dagbag.py:540} INFO - Filling up the DagBag from /home/facuvega/Descargas/crypto-etl-airflow/airflow-apache/lib/python3.11/site-packages/airflow/example_dags/example_bash_decorator.py
[2025-04-27T20:34:09.229-0300] {processor.py:840} INFO - DAG(s) 'example_bash_decorator' retrieved from /home/facuvega/Descargas/crypto-etl-airflow/airflow-apache/lib/python3.11/site-packages/airflow/example_dags/example_bash_decorator.py
[2025-04-27T20:34:09.245-0300] {logging_mixin.py:188} INFO - [2025-04-27T20:34:09.244-0300] {dag.py:3096} INFO - Sync 1 DAGs
[2025-04-27T20:34:09.255-0300] {logging_mixin.py:188} INFO - [2025-04-27T20:34:09.255-0300] {dag.py:3954} INFO - Setting next_dagrun for example_bash_decorator to None, run_after=None
[2025-04-27T20:34:09.271-0300] {processor.py:183} INFO - Processing /home/facuvega/Descargas/crypto-etl-airflow/airflow-apache/lib/python3.11/site-packages/airflow/example_dags/example_bash_decorator.py took 0.061 seconds
[2025-04-27T20:35:13.657-0300] {processor.py:161} INFO - Started process (PID=17120) to work on /home/facuvega/Descargas/crypto-etl-airflow/airflow-apache/lib/python3.11/site-packages/airflow/example_dags/example_bash_decorator.py
[2025-04-27T20:35:13.658-0300] {processor.py:830} INFO - Processing file /home/facuvega/Descargas/crypto-etl-airflow/airflow-apache/lib/python3.11/site-packages/airflow/example_dags/example_bash_decorator.py for tasks to queue
[2025-04-27T20:35:13.660-0300] {logging_mixin.py:188} INFO - [2025-04-27T20:35:13.659-0300] {dagbag.py:540} INFO - Filling up the DagBag from /home/facuvega/Descargas/crypto-etl-airflow/airflow-apache/lib/python3.11/site-packages/airflow/example_dags/example_bash_decorator.py
[2025-04-27T20:35:13.675-0300] {processor.py:840} INFO - DAG(s) 'example_bash_decorator' retrieved from /home/facuvega/Descargas/crypto-etl-airflow/airflow-apache/lib/python3.11/site-packages/airflow/example_dags/example_bash_decorator.py
[2025-04-27T20:35:13.692-0300] {logging_mixin.py:188} INFO - [2025-04-27T20:35:13.692-0300] {dag.py:3096} INFO - Sync 1 DAGs
[2025-04-27T20:35:13.703-0300] {logging_mixin.py:188} INFO - [2025-04-27T20:35:13.703-0300] {dag.py:3954} INFO - Setting next_dagrun for example_bash_decorator to None, run_after=None
[2025-04-27T20:35:13.720-0300] {processor.py:183} INFO - Processing /home/facuvega/Descargas/crypto-etl-airflow/airflow-apache/lib/python3.11/site-packages/airflow/example_dags/example_bash_decorator.py took 0.068 seconds
[2025-04-27T20:36:14.634-0300] {processor.py:161} INFO - Started process (PID=17391) to work on /home/facuvega/Descargas/crypto-etl-airflow/airflow-apache/lib/python3.11/site-packages/airflow/example_dags/example_bash_decorator.py
[2025-04-27T20:36:14.635-0300] {processor.py:830} INFO - Processing file /home/facuvega/Descargas/crypto-etl-airflow/airflow-apache/lib/python3.11/site-packages/airflow/example_dags/example_bash_decorator.py for tasks to queue
[2025-04-27T20:36:14.636-0300] {logging_mixin.py:188} INFO - [2025-04-27T20:36:14.636-0300] {dagbag.py:540} INFO - Filling up the DagBag from /home/facuvega/Descargas/crypto-etl-airflow/airflow-apache/lib/python3.11/site-packages/airflow/example_dags/example_bash_decorator.py
[2025-04-27T20:36:14.648-0300] {processor.py:840} INFO - DAG(s) 'example_bash_decorator' retrieved from /home/facuvega/Descargas/crypto-etl-airflow/airflow-apache/lib/python3.11/site-packages/airflow/example_dags/example_bash_decorator.py
[2025-04-27T20:36:14.662-0300] {logging_mixin.py:188} INFO - [2025-04-27T20:36:14.662-0300] {dag.py:3096} INFO - Sync 1 DAGs
[2025-04-27T20:36:14.671-0300] {logging_mixin.py:188} INFO - [2025-04-27T20:36:14.671-0300] {dag.py:3954} INFO - Setting next_dagrun for example_bash_decorator to None, run_after=None
[2025-04-27T20:36:14.687-0300] {processor.py:183} INFO - Processing /home/facuvega/Descargas/crypto-etl-airflow/airflow-apache/lib/python3.11/site-packages/airflow/example_dags/example_bash_decorator.py took 0.058 seconds
[2025-04-27T20:37:14.170-0300] {processor.py:161} INFO - Started process (PID=17657) to work on /home/facuvega/Descargas/crypto-etl-airflow/airflow-apache/lib/python3.11/site-packages/airflow/example_dags/example_bash_decorator.py
[2025-04-27T20:37:14.171-0300] {processor.py:830} INFO - Processing file /home/facuvega/Descargas/crypto-etl-airflow/airflow-apache/lib/python3.11/site-packages/airflow/example_dags/example_bash_decorator.py for tasks to queue
[2025-04-27T20:37:14.172-0300] {logging_mixin.py:188} INFO - [2025-04-27T20:37:14.172-0300] {dagbag.py:540} INFO - Filling up the DagBag from /home/facuvega/Descargas/crypto-etl-airflow/airflow-apache/lib/python3.11/site-packages/airflow/example_dags/example_bash_decorator.py
[2025-04-27T20:37:14.185-0300] {processor.py:840} INFO - DAG(s) 'example_bash_decorator' retrieved from /home/facuvega/Descargas/crypto-etl-airflow/airflow-apache/lib/python3.11/site-packages/airflow/example_dags/example_bash_decorator.py
[2025-04-27T20:37:14.200-0300] {logging_mixin.py:188} INFO - [2025-04-27T20:37:14.200-0300] {dag.py:3096} INFO - Sync 1 DAGs
[2025-04-27T20:37:14.209-0300] {logging_mixin.py:188} INFO - [2025-04-27T20:37:14.209-0300] {dag.py:3954} INFO - Setting next_dagrun for example_bash_decorator to None, run_after=None
[2025-04-27T20:37:14.224-0300] {processor.py:183} INFO - Processing /home/facuvega/Descargas/crypto-etl-airflow/airflow-apache/lib/python3.11/site-packages/airflow/example_dags/example_bash_decorator.py took 0.059 seconds
[2025-04-27T20:38:13.805-0300] {processor.py:161} INFO - Started process (PID=17933) to work on /home/facuvega/Descargas/crypto-etl-airflow/airflow-apache/lib/python3.11/site-packages/airflow/example_dags/example_bash_decorator.py
[2025-04-27T20:38:13.806-0300] {processor.py:830} INFO - Processing file /home/facuvega/Descargas/crypto-etl-airflow/airflow-apache/lib/python3.11/site-packages/airflow/example_dags/example_bash_decorator.py for tasks to queue
[2025-04-27T20:38:13.808-0300] {logging_mixin.py:188} INFO - [2025-04-27T20:38:13.808-0300] {dagbag.py:540} INFO - Filling up the DagBag from /home/facuvega/Descargas/crypto-etl-airflow/airflow-apache/lib/python3.11/site-packages/airflow/example_dags/example_bash_decorator.py
[2025-04-27T20:38:13.822-0300] {processor.py:840} INFO - DAG(s) 'example_bash_decorator' retrieved from /home/facuvega/Descargas/crypto-etl-airflow/airflow-apache/lib/python3.11/site-packages/airflow/example_dags/example_bash_decorator.py
[2025-04-27T20:38:13.838-0300] {logging_mixin.py:188} INFO - [2025-04-27T20:38:13.838-0300] {dag.py:3096} INFO - Sync 1 DAGs
[2025-04-27T20:38:13.849-0300] {logging_mixin.py:188} INFO - [2025-04-27T20:38:13.849-0300] {dag.py:3954} INFO - Setting next_dagrun for example_bash_decorator to None, run_after=None
[2025-04-27T20:38:13.869-0300] {processor.py:183} INFO - Processing /home/facuvega/Descargas/crypto-etl-airflow/airflow-apache/lib/python3.11/site-packages/airflow/example_dags/example_bash_decorator.py took 0.070 seconds
[2025-04-27T20:39:15.739-0300] {processor.py:161} INFO - Started process (PID=18337) to work on /home/facuvega/Descargas/crypto-etl-airflow/airflow-apache/lib/python3.11/site-packages/airflow/example_dags/example_bash_decorator.py
[2025-04-27T20:39:15.741-0300] {processor.py:830} INFO - Processing file /home/facuvega/Descargas/crypto-etl-airflow/airflow-apache/lib/python3.11/site-packages/airflow/example_dags/example_bash_decorator.py for tasks to queue
[2025-04-27T20:39:15.742-0300] {logging_mixin.py:188} INFO - [2025-04-27T20:39:15.742-0300] {dagbag.py:540} INFO - Filling up the DagBag from /home/facuvega/Descargas/crypto-etl-airflow/airflow-apache/lib/python3.11/site-packages/airflow/example_dags/example_bash_decorator.py
[2025-04-27T20:39:15.758-0300] {processor.py:840} INFO - DAG(s) 'example_bash_decorator' retrieved from /home/facuvega/Descargas/crypto-etl-airflow/airflow-apache/lib/python3.11/site-packages/airflow/example_dags/example_bash_decorator.py
[2025-04-27T20:39:15.774-0300] {logging_mixin.py:188} INFO - [2025-04-27T20:39:15.774-0300] {dag.py:3096} INFO - Sync 1 DAGs
[2025-04-27T20:39:15.784-0300] {logging_mixin.py:188} INFO - [2025-04-27T20:39:15.784-0300] {dag.py:3954} INFO - Setting next_dagrun for example_bash_decorator to None, run_after=None
[2025-04-27T20:39:15.800-0300] {processor.py:183} INFO - Processing /home/facuvega/Descargas/crypto-etl-airflow/airflow-apache/lib/python3.11/site-packages/airflow/example_dags/example_bash_decorator.py took 0.072 seconds
[2025-04-27T20:40:16.448-0300] {processor.py:161} INFO - Started process (PID=18641) to work on /home/facuvega/Descargas/crypto-etl-airflow/airflow-apache/lib/python3.11/site-packages/airflow/example_dags/example_bash_decorator.py
[2025-04-27T20:40:16.449-0300] {processor.py:830} INFO - Processing file /home/facuvega/Descargas/crypto-etl-airflow/airflow-apache/lib/python3.11/site-packages/airflow/example_dags/example_bash_decorator.py for tasks to queue
[2025-04-27T20:40:16.450-0300] {logging_mixin.py:188} INFO - [2025-04-27T20:40:16.450-0300] {dagbag.py:540} INFO - Filling up the DagBag from /home/facuvega/Descargas/crypto-etl-airflow/airflow-apache/lib/python3.11/site-packages/airflow/example_dags/example_bash_decorator.py
[2025-04-27T20:40:16.462-0300] {processor.py:840} INFO - DAG(s) 'example_bash_decorator' retrieved from /home/facuvega/Descargas/crypto-etl-airflow/airflow-apache/lib/python3.11/site-packages/airflow/example_dags/example_bash_decorator.py
[2025-04-27T20:40:16.477-0300] {logging_mixin.py:188} INFO - [2025-04-27T20:40:16.476-0300] {dag.py:3096} INFO - Sync 1 DAGs
[2025-04-27T20:40:16.485-0300] {logging_mixin.py:188} INFO - [2025-04-27T20:40:16.485-0300] {dag.py:3954} INFO - Setting next_dagrun for example_bash_decorator to None, run_after=None
[2025-04-27T20:40:16.498-0300] {processor.py:183} INFO - Processing /home/facuvega/Descargas/crypto-etl-airflow/airflow-apache/lib/python3.11/site-packages/airflow/example_dags/example_bash_decorator.py took 0.054 seconds
[2025-04-27T20:41:22.984-0300] {processor.py:161} INFO - Started process (PID=18943) to work on /home/facuvega/Descargas/crypto-etl-airflow/airflow-apache/lib/python3.11/site-packages/airflow/example_dags/example_bash_decorator.py
[2025-04-27T20:41:22.985-0300] {processor.py:830} INFO - Processing file /home/facuvega/Descargas/crypto-etl-airflow/airflow-apache/lib/python3.11/site-packages/airflow/example_dags/example_bash_decorator.py for tasks to queue
[2025-04-27T20:41:22.987-0300] {logging_mixin.py:188} INFO - [2025-04-27T20:41:22.986-0300] {dagbag.py:540} INFO - Filling up the DagBag from /home/facuvega/Descargas/crypto-etl-airflow/airflow-apache/lib/python3.11/site-packages/airflow/example_dags/example_bash_decorator.py
[2025-04-27T20:41:23.002-0300] {processor.py:840} INFO - DAG(s) 'example_bash_decorator' retrieved from /home/facuvega/Descargas/crypto-etl-airflow/airflow-apache/lib/python3.11/site-packages/airflow/example_dags/example_bash_decorator.py
[2025-04-27T20:41:23.019-0300] {logging_mixin.py:188} INFO - [2025-04-27T20:41:23.019-0300] {dag.py:3096} INFO - Sync 1 DAGs
[2025-04-27T20:41:23.030-0300] {logging_mixin.py:188} INFO - [2025-04-27T20:41:23.030-0300] {dag.py:3954} INFO - Setting next_dagrun for example_bash_decorator to None, run_after=None
[2025-04-27T20:41:23.045-0300] {processor.py:183} INFO - Processing /home/facuvega/Descargas/crypto-etl-airflow/airflow-apache/lib/python3.11/site-packages/airflow/example_dags/example_bash_decorator.py took 0.068 seconds
[2025-04-27T20:42:23.541-0300] {processor.py:161} INFO - Started process (PID=19216) to work on /home/facuvega/Descargas/crypto-etl-airflow/airflow-apache/lib/python3.11/site-packages/airflow/example_dags/example_bash_decorator.py
[2025-04-27T20:42:23.542-0300] {processor.py:830} INFO - Processing file /home/facuvega/Descargas/crypto-etl-airflow/airflow-apache/lib/python3.11/site-packages/airflow/example_dags/example_bash_decorator.py for tasks to queue
[2025-04-27T20:42:23.544-0300] {logging_mixin.py:188} INFO - [2025-04-27T20:42:23.543-0300] {dagbag.py:540} INFO - Filling up the DagBag from /home/facuvega/Descargas/crypto-etl-airflow/airflow-apache/lib/python3.11/site-packages/airflow/example_dags/example_bash_decorator.py
[2025-04-27T20:42:23.556-0300] {processor.py:840} INFO - DAG(s) 'example_bash_decorator' retrieved from /home/facuvega/Descargas/crypto-etl-airflow/airflow-apache/lib/python3.11/site-packages/airflow/example_dags/example_bash_decorator.py
[2025-04-27T20:42:23.570-0300] {logging_mixin.py:188} INFO - [2025-04-27T20:42:23.569-0300] {dag.py:3096} INFO - Sync 1 DAGs
[2025-04-27T20:42:23.578-0300] {logging_mixin.py:188} INFO - [2025-04-27T20:42:23.578-0300] {dag.py:3954} INFO - Setting next_dagrun for example_bash_decorator to None, run_after=None
[2025-04-27T20:42:23.591-0300] {processor.py:183} INFO - Processing /home/facuvega/Descargas/crypto-etl-airflow/airflow-apache/lib/python3.11/site-packages/airflow/example_dags/example_bash_decorator.py took 0.055 seconds
[2025-04-27T20:43:23.736-0300] {processor.py:161} INFO - Started process (PID=19501) to work on /home/facuvega/Descargas/crypto-etl-airflow/airflow-apache/lib/python3.11/site-packages/airflow/example_dags/example_bash_decorator.py
[2025-04-27T20:43:23.737-0300] {processor.py:830} INFO - Processing file /home/facuvega/Descargas/crypto-etl-airflow/airflow-apache/lib/python3.11/site-packages/airflow/example_dags/example_bash_decorator.py for tasks to queue
[2025-04-27T20:43:23.739-0300] {logging_mixin.py:188} INFO - [2025-04-27T20:43:23.739-0300] {dagbag.py:540} INFO - Filling up the DagBag from /home/facuvega/Descargas/crypto-etl-airflow/airflow-apache/lib/python3.11/site-packages/airflow/example_dags/example_bash_decorator.py
[2025-04-27T20:43:23.751-0300] {processor.py:840} INFO - DAG(s) 'example_bash_decorator' retrieved from /home/facuvega/Descargas/crypto-etl-airflow/airflow-apache/lib/python3.11/site-packages/airflow/example_dags/example_bash_decorator.py
[2025-04-27T20:43:23.767-0300] {logging_mixin.py:188} INFO - [2025-04-27T20:43:23.766-0300] {dag.py:3096} INFO - Sync 1 DAGs
[2025-04-27T20:43:23.776-0300] {logging_mixin.py:188} INFO - [2025-04-27T20:43:23.775-0300] {dag.py:3954} INFO - Setting next_dagrun for example_bash_decorator to None, run_after=None
[2025-04-27T20:43:23.790-0300] {processor.py:183} INFO - Processing /home/facuvega/Descargas/crypto-etl-airflow/airflow-apache/lib/python3.11/site-packages/airflow/example_dags/example_bash_decorator.py took 0.059 seconds
[2025-04-27T20:44:19.102-0300] {processor.py:161} INFO - Started process (PID=19756) to work on /home/facuvega/Descargas/crypto-etl-airflow/airflow-apache/lib/python3.11/site-packages/airflow/example_dags/example_bash_decorator.py
[2025-04-27T20:44:19.103-0300] {processor.py:830} INFO - Processing file /home/facuvega/Descargas/crypto-etl-airflow/airflow-apache/lib/python3.11/site-packages/airflow/example_dags/example_bash_decorator.py for tasks to queue
[2025-04-27T20:44:19.105-0300] {logging_mixin.py:188} INFO - [2025-04-27T20:44:19.105-0300] {dagbag.py:540} INFO - Filling up the DagBag from /home/facuvega/Descargas/crypto-etl-airflow/airflow-apache/lib/python3.11/site-packages/airflow/example_dags/example_bash_decorator.py
[2025-04-27T20:44:19.122-0300] {processor.py:840} INFO - DAG(s) 'example_bash_decorator' retrieved from /home/facuvega/Descargas/crypto-etl-airflow/airflow-apache/lib/python3.11/site-packages/airflow/example_dags/example_bash_decorator.py
[2025-04-27T20:44:19.138-0300] {logging_mixin.py:188} INFO - [2025-04-27T20:44:19.137-0300] {dag.py:3096} INFO - Sync 1 DAGs
[2025-04-27T20:44:19.148-0300] {logging_mixin.py:188} INFO - [2025-04-27T20:44:19.147-0300] {dag.py:3954} INFO - Setting next_dagrun for example_bash_decorator to None, run_after=None
[2025-04-27T20:44:19.163-0300] {processor.py:183} INFO - Processing /home/facuvega/Descargas/crypto-etl-airflow/airflow-apache/lib/python3.11/site-packages/airflow/example_dags/example_bash_decorator.py took 0.067 seconds
[2025-04-27T20:45:23.266-0300] {processor.py:161} INFO - Started process (PID=20081) to work on /home/facuvega/Descargas/crypto-etl-airflow/airflow-apache/lib/python3.11/site-packages/airflow/example_dags/example_bash_decorator.py
[2025-04-27T20:45:23.267-0300] {processor.py:830} INFO - Processing file /home/facuvega/Descargas/crypto-etl-airflow/airflow-apache/lib/python3.11/site-packages/airflow/example_dags/example_bash_decorator.py for tasks to queue
[2025-04-27T20:45:23.270-0300] {logging_mixin.py:188} INFO - [2025-04-27T20:45:23.269-0300] {dagbag.py:540} INFO - Filling up the DagBag from /home/facuvega/Descargas/crypto-etl-airflow/airflow-apache/lib/python3.11/site-packages/airflow/example_dags/example_bash_decorator.py
[2025-04-27T20:45:23.282-0300] {processor.py:840} INFO - DAG(s) 'example_bash_decorator' retrieved from /home/facuvega/Descargas/crypto-etl-airflow/airflow-apache/lib/python3.11/site-packages/airflow/example_dags/example_bash_decorator.py
[2025-04-27T20:45:23.305-0300] {logging_mixin.py:188} INFO - [2025-04-27T20:45:23.305-0300] {dag.py:3096} INFO - Sync 1 DAGs
[2025-04-27T20:45:23.319-0300] {logging_mixin.py:188} INFO - [2025-04-27T20:45:23.319-0300] {dag.py:3954} INFO - Setting next_dagrun for example_bash_decorator to None, run_after=None
[2025-04-27T20:45:23.339-0300] {processor.py:183} INFO - Processing /home/facuvega/Descargas/crypto-etl-airflow/airflow-apache/lib/python3.11/site-packages/airflow/example_dags/example_bash_decorator.py took 0.079 seconds
[2025-04-27T20:46:19.579-0300] {processor.py:161} INFO - Started process (PID=20332) to work on /home/facuvega/Descargas/crypto-etl-airflow/airflow-apache/lib/python3.11/site-packages/airflow/example_dags/example_bash_decorator.py
[2025-04-27T20:46:19.580-0300] {processor.py:830} INFO - Processing file /home/facuvega/Descargas/crypto-etl-airflow/airflow-apache/lib/python3.11/site-packages/airflow/example_dags/example_bash_decorator.py for tasks to queue
[2025-04-27T20:46:19.581-0300] {logging_mixin.py:188} INFO - [2025-04-27T20:46:19.581-0300] {dagbag.py:540} INFO - Filling up the DagBag from /home/facuvega/Descargas/crypto-etl-airflow/airflow-apache/lib/python3.11/site-packages/airflow/example_dags/example_bash_decorator.py
[2025-04-27T20:46:19.597-0300] {processor.py:840} INFO - DAG(s) 'example_bash_decorator' retrieved from /home/facuvega/Descargas/crypto-etl-airflow/airflow-apache/lib/python3.11/site-packages/airflow/example_dags/example_bash_decorator.py
[2025-04-27T20:46:19.613-0300] {logging_mixin.py:188} INFO - [2025-04-27T20:46:19.613-0300] {dag.py:3096} INFO - Sync 1 DAGs
[2025-04-27T20:46:19.623-0300] {logging_mixin.py:188} INFO - [2025-04-27T20:46:19.623-0300] {dag.py:3954} INFO - Setting next_dagrun for example_bash_decorator to None, run_after=None
[2025-04-27T20:46:19.637-0300] {processor.py:183} INFO - Processing /home/facuvega/Descargas/crypto-etl-airflow/airflow-apache/lib/python3.11/site-packages/airflow/example_dags/example_bash_decorator.py took 0.063 seconds
[2025-04-27T20:47:17.869-0300] {processor.py:161} INFO - Started process (PID=20597) to work on /home/facuvega/Descargas/crypto-etl-airflow/airflow-apache/lib/python3.11/site-packages/airflow/example_dags/example_bash_decorator.py
[2025-04-27T20:47:17.870-0300] {processor.py:830} INFO - Processing file /home/facuvega/Descargas/crypto-etl-airflow/airflow-apache/lib/python3.11/site-packages/airflow/example_dags/example_bash_decorator.py for tasks to queue
[2025-04-27T20:47:17.872-0300] {logging_mixin.py:188} INFO - [2025-04-27T20:47:17.872-0300] {dagbag.py:540} INFO - Filling up the DagBag from /home/facuvega/Descargas/crypto-etl-airflow/airflow-apache/lib/python3.11/site-packages/airflow/example_dags/example_bash_decorator.py
[2025-04-27T20:47:17.888-0300] {processor.py:840} INFO - DAG(s) 'example_bash_decorator' retrieved from /home/facuvega/Descargas/crypto-etl-airflow/airflow-apache/lib/python3.11/site-packages/airflow/example_dags/example_bash_decorator.py
[2025-04-27T20:47:17.906-0300] {logging_mixin.py:188} INFO - [2025-04-27T20:47:17.906-0300] {dag.py:3096} INFO - Sync 1 DAGs
[2025-04-27T20:47:17.917-0300] {logging_mixin.py:188} INFO - [2025-04-27T20:47:17.917-0300] {dag.py:3954} INFO - Setting next_dagrun for example_bash_decorator to None, run_after=None
[2025-04-27T20:47:17.934-0300] {processor.py:183} INFO - Processing /home/facuvega/Descargas/crypto-etl-airflow/airflow-apache/lib/python3.11/site-packages/airflow/example_dags/example_bash_decorator.py took 0.071 seconds
[2025-04-27T20:48:18.693-0300] {processor.py:161} INFO - Started process (PID=21141) to work on /home/facuvega/Descargas/crypto-etl-airflow/airflow-apache/lib/python3.11/site-packages/airflow/example_dags/example_bash_decorator.py
[2025-04-27T20:48:18.694-0300] {processor.py:830} INFO - Processing file /home/facuvega/Descargas/crypto-etl-airflow/airflow-apache/lib/python3.11/site-packages/airflow/example_dags/example_bash_decorator.py for tasks to queue
[2025-04-27T20:48:18.696-0300] {logging_mixin.py:188} INFO - [2025-04-27T20:48:18.695-0300] {dagbag.py:540} INFO - Filling up the DagBag from /home/facuvega/Descargas/crypto-etl-airflow/airflow-apache/lib/python3.11/site-packages/airflow/example_dags/example_bash_decorator.py
[2025-04-27T20:48:18.715-0300] {processor.py:840} INFO - DAG(s) 'example_bash_decorator' retrieved from /home/facuvega/Descargas/crypto-etl-airflow/airflow-apache/lib/python3.11/site-packages/airflow/example_dags/example_bash_decorator.py
[2025-04-27T20:48:18.741-0300] {logging_mixin.py:188} INFO - [2025-04-27T20:48:18.741-0300] {dag.py:3096} INFO - Sync 1 DAGs
[2025-04-27T20:48:18.755-0300] {logging_mixin.py:188} INFO - [2025-04-27T20:48:18.755-0300] {dag.py:3954} INFO - Setting next_dagrun for example_bash_decorator to None, run_after=None
[2025-04-27T20:48:18.775-0300] {processor.py:183} INFO - Processing /home/facuvega/Descargas/crypto-etl-airflow/airflow-apache/lib/python3.11/site-packages/airflow/example_dags/example_bash_decorator.py took 0.087 seconds
[2025-04-27T20:49:26.750-0300] {processor.py:161} INFO - Started process (PID=21512) to work on /home/facuvega/Descargas/crypto-etl-airflow/airflow-apache/lib/python3.11/site-packages/airflow/example_dags/example_bash_decorator.py
[2025-04-27T20:49:26.751-0300] {processor.py:830} INFO - Processing file /home/facuvega/Descargas/crypto-etl-airflow/airflow-apache/lib/python3.11/site-packages/airflow/example_dags/example_bash_decorator.py for tasks to queue
[2025-04-27T20:49:26.754-0300] {logging_mixin.py:188} INFO - [2025-04-27T20:49:26.754-0300] {dagbag.py:540} INFO - Filling up the DagBag from /home/facuvega/Descargas/crypto-etl-airflow/airflow-apache/lib/python3.11/site-packages/airflow/example_dags/example_bash_decorator.py
[2025-04-27T20:49:26.771-0300] {processor.py:840} INFO - DAG(s) 'example_bash_decorator' retrieved from /home/facuvega/Descargas/crypto-etl-airflow/airflow-apache/lib/python3.11/site-packages/airflow/example_dags/example_bash_decorator.py
[2025-04-27T20:49:26.791-0300] {logging_mixin.py:188} INFO - [2025-04-27T20:49:26.791-0300] {dag.py:3096} INFO - Sync 1 DAGs
[2025-04-27T20:49:26.800-0300] {logging_mixin.py:188} INFO - [2025-04-27T20:49:26.800-0300] {dag.py:3954} INFO - Setting next_dagrun for example_bash_decorator to None, run_after=None
[2025-04-27T20:49:26.815-0300] {processor.py:183} INFO - Processing /home/facuvega/Descargas/crypto-etl-airflow/airflow-apache/lib/python3.11/site-packages/airflow/example_dags/example_bash_decorator.py took 0.073 seconds
[2025-04-27T20:50:33.679-0300] {processor.py:161} INFO - Started process (PID=21974) to work on /home/facuvega/Descargas/crypto-etl-airflow/airflow-apache/lib/python3.11/site-packages/airflow/example_dags/example_bash_decorator.py
[2025-04-27T20:50:33.680-0300] {processor.py:830} INFO - Processing file /home/facuvega/Descargas/crypto-etl-airflow/airflow-apache/lib/python3.11/site-packages/airflow/example_dags/example_bash_decorator.py for tasks to queue
[2025-04-27T20:50:33.682-0300] {logging_mixin.py:188} INFO - [2025-04-27T20:50:33.682-0300] {dagbag.py:540} INFO - Filling up the DagBag from /home/facuvega/Descargas/crypto-etl-airflow/airflow-apache/lib/python3.11/site-packages/airflow/example_dags/example_bash_decorator.py
[2025-04-27T20:50:33.694-0300] {processor.py:840} INFO - DAG(s) 'example_bash_decorator' retrieved from /home/facuvega/Descargas/crypto-etl-airflow/airflow-apache/lib/python3.11/site-packages/airflow/example_dags/example_bash_decorator.py
[2025-04-27T20:50:33.716-0300] {logging_mixin.py:188} INFO - [2025-04-27T20:50:33.716-0300] {dag.py:3096} INFO - Sync 1 DAGs
[2025-04-27T20:50:33.726-0300] {logging_mixin.py:188} INFO - [2025-04-27T20:50:33.726-0300] {dag.py:3954} INFO - Setting next_dagrun for example_bash_decorator to None, run_after=None
[2025-04-27T20:50:33.742-0300] {processor.py:183} INFO - Processing /home/facuvega/Descargas/crypto-etl-airflow/airflow-apache/lib/python3.11/site-packages/airflow/example_dags/example_bash_decorator.py took 0.070 seconds
[2025-04-27T20:51:31.593-0300] {processor.py:161} INFO - Started process (PID=22420) to work on /home/facuvega/Descargas/crypto-etl-airflow/airflow-apache/lib/python3.11/site-packages/airflow/example_dags/example_bash_decorator.py
[2025-04-27T20:51:31.594-0300] {processor.py:830} INFO - Processing file /home/facuvega/Descargas/crypto-etl-airflow/airflow-apache/lib/python3.11/site-packages/airflow/example_dags/example_bash_decorator.py for tasks to queue
[2025-04-27T20:51:31.595-0300] {logging_mixin.py:188} INFO - [2025-04-27T20:51:31.595-0300] {dagbag.py:540} INFO - Filling up the DagBag from /home/facuvega/Descargas/crypto-etl-airflow/airflow-apache/lib/python3.11/site-packages/airflow/example_dags/example_bash_decorator.py
[2025-04-27T20:51:31.607-0300] {processor.py:840} INFO - DAG(s) 'example_bash_decorator' retrieved from /home/facuvega/Descargas/crypto-etl-airflow/airflow-apache/lib/python3.11/site-packages/airflow/example_dags/example_bash_decorator.py
[2025-04-27T20:51:31.622-0300] {logging_mixin.py:188} INFO - [2025-04-27T20:51:31.622-0300] {dag.py:3096} INFO - Sync 1 DAGs
[2025-04-27T20:51:31.630-0300] {logging_mixin.py:188} INFO - [2025-04-27T20:51:31.630-0300] {dag.py:3954} INFO - Setting next_dagrun for example_bash_decorator to None, run_after=None
[2025-04-27T20:51:31.643-0300] {processor.py:183} INFO - Processing /home/facuvega/Descargas/crypto-etl-airflow/airflow-apache/lib/python3.11/site-packages/airflow/example_dags/example_bash_decorator.py took 0.055 seconds
