[2025-04-27T20:10:08.899-0300] {processor.py:161} INFO - Started process (PID=9319) to work on /home/facuvega/Descargas/crypto-etl-airflow/airflow-apache/lib/python3.11/site-packages/airflow/example_dags/example_short_circuit_decorator.py
[2025-04-27T20:10:08.907-0300] {processor.py:830} INFO - Processing file /home/facuvega/Descargas/crypto-etl-airflow/airflow-apache/lib/python3.11/site-packages/airflow/example_dags/example_short_circuit_decorator.py for tasks to queue
[2025-04-27T20:10:08.917-0300] {logging_mixin.py:188} INFO - [2025-04-27T20:10:08.913-0300] {dagbag.py:540} INFO - Filling up the DagBag from /home/facuvega/Descargas/crypto-etl-airflow/airflow-apache/lib/python3.11/site-packages/airflow/example_dags/example_short_circuit_decorator.py
[2025-04-27T20:10:08.941-0300] {processor.py:840} INFO - DAG(s) 'example_short_circuit_decorator' retrieved from /home/facuvega/Descargas/crypto-etl-airflow/airflow-apache/lib/python3.11/site-packages/airflow/example_dags/example_short_circuit_decorator.py
[2025-04-27T20:10:09.115-0300] {logging_mixin.py:188} INFO - [2025-04-27T20:10:09.115-0300] {override.py:1829} INFO - Created Permission View: can edit on DAG:example_short_circuit_decorator
[2025-04-27T20:10:09.125-0300] {logging_mixin.py:188} INFO - [2025-04-27T20:10:09.125-0300] {override.py:1829} INFO - Created Permission View: can delete on DAG:example_short_circuit_decorator
[2025-04-27T20:10:09.135-0300] {logging_mixin.py:188} INFO - [2025-04-27T20:10:09.134-0300] {override.py:1829} INFO - Created Permission View: can read on DAG:example_short_circuit_decorator
[2025-04-27T20:10:09.135-0300] {logging_mixin.py:188} INFO - [2025-04-27T20:10:09.135-0300] {dag.py:3096} INFO - Sync 1 DAGs
[2025-04-27T20:10:09.146-0300] {logging_mixin.py:188} INFO - [2025-04-27T20:10:09.146-0300] {dag.py:3118} INFO - Creating ORM DAG for example_short_circuit_decorator
[2025-04-27T20:10:09.160-0300] {logging_mixin.py:188} INFO - [2025-04-27T20:10:09.160-0300] {dag.py:3954} INFO - Setting next_dagrun for example_short_circuit_decorator to 2025-04-26 00:00:00+00:00, run_after=2025-04-27 00:00:00+00:00
[2025-04-27T20:10:09.178-0300] {processor.py:183} INFO - Processing /home/facuvega/Descargas/crypto-etl-airflow/airflow-apache/lib/python3.11/site-packages/airflow/example_dags/example_short_circuit_decorator.py took 0.287 seconds
[2025-04-27T20:11:08.545-0300] {processor.py:161} INFO - Started process (PID=9860) to work on /home/facuvega/Descargas/crypto-etl-airflow/airflow-apache/lib/python3.11/site-packages/airflow/example_dags/example_short_circuit_decorator.py
[2025-04-27T20:11:08.548-0300] {processor.py:830} INFO - Processing file /home/facuvega/Descargas/crypto-etl-airflow/airflow-apache/lib/python3.11/site-packages/airflow/example_dags/example_short_circuit_decorator.py for tasks to queue
[2025-04-27T20:11:08.550-0300] {logging_mixin.py:188} INFO - [2025-04-27T20:11:08.549-0300] {dagbag.py:540} INFO - Filling up the DagBag from /home/facuvega/Descargas/crypto-etl-airflow/airflow-apache/lib/python3.11/site-packages/airflow/example_dags/example_short_circuit_decorator.py
[2025-04-27T20:11:08.565-0300] {processor.py:840} INFO - DAG(s) 'example_short_circuit_decorator' retrieved from /home/facuvega/Descargas/crypto-etl-airflow/airflow-apache/lib/python3.11/site-packages/airflow/example_dags/example_short_circuit_decorator.py
[2025-04-27T20:11:08.594-0300] {logging_mixin.py:188} INFO - [2025-04-27T20:11:08.594-0300] {dag.py:3096} INFO - Sync 1 DAGs
[2025-04-27T20:11:08.616-0300] {logging_mixin.py:188} INFO - [2025-04-27T20:11:08.616-0300] {dag.py:3954} INFO - Setting next_dagrun for example_short_circuit_decorator to 2025-04-26 00:00:00+00:00, run_after=2025-04-27 00:00:00+00:00
[2025-04-27T20:11:08.649-0300] {processor.py:183} INFO - Processing /home/facuvega/Descargas/crypto-etl-airflow/airflow-apache/lib/python3.11/site-packages/airflow/example_dags/example_short_circuit_decorator.py took 0.112 seconds
[2025-04-27T20:11:57.468-0300] {processor.py:161} INFO - Started process (PID=10138) to work on /home/facuvega/Descargas/crypto-etl-airflow/airflow-apache/lib/python3.11/site-packages/airflow/example_dags/example_short_circuit_decorator.py
[2025-04-27T20:11:57.470-0300] {processor.py:830} INFO - Processing file /home/facuvega/Descargas/crypto-etl-airflow/airflow-apache/lib/python3.11/site-packages/airflow/example_dags/example_short_circuit_decorator.py for tasks to queue
[2025-04-27T20:11:57.472-0300] {logging_mixin.py:188} INFO - [2025-04-27T20:11:57.472-0300] {dagbag.py:540} INFO - Filling up the DagBag from /home/facuvega/Descargas/crypto-etl-airflow/airflow-apache/lib/python3.11/site-packages/airflow/example_dags/example_short_circuit_decorator.py
[2025-04-27T20:11:57.481-0300] {processor.py:840} INFO - DAG(s) 'example_short_circuit_decorator' retrieved from /home/facuvega/Descargas/crypto-etl-airflow/airflow-apache/lib/python3.11/site-packages/airflow/example_dags/example_short_circuit_decorator.py
[2025-04-27T20:11:57.497-0300] {logging_mixin.py:188} INFO - [2025-04-27T20:11:57.496-0300] {dag.py:3096} INFO - Sync 1 DAGs
[2025-04-27T20:11:57.511-0300] {logging_mixin.py:188} INFO - [2025-04-27T20:11:57.511-0300] {dag.py:3954} INFO - Setting next_dagrun for example_short_circuit_decorator to 2025-04-26 00:00:00+00:00, run_after=2025-04-27 00:00:00+00:00
[2025-04-27T20:11:57.526-0300] {processor.py:183} INFO - Processing /home/facuvega/Descargas/crypto-etl-airflow/airflow-apache/lib/python3.11/site-packages/airflow/example_dags/example_short_circuit_decorator.py took 0.064 seconds
[2025-04-27T20:12:49.236-0300] {processor.py:161} INFO - Started process (PID=10517) to work on /home/facuvega/Descargas/crypto-etl-airflow/airflow-apache/lib/python3.11/site-packages/airflow/example_dags/example_short_circuit_decorator.py
[2025-04-27T20:12:49.237-0300] {processor.py:830} INFO - Processing file /home/facuvega/Descargas/crypto-etl-airflow/airflow-apache/lib/python3.11/site-packages/airflow/example_dags/example_short_circuit_decorator.py for tasks to queue
[2025-04-27T20:12:49.239-0300] {logging_mixin.py:188} INFO - [2025-04-27T20:12:49.238-0300] {dagbag.py:540} INFO - Filling up the DagBag from /home/facuvega/Descargas/crypto-etl-airflow/airflow-apache/lib/python3.11/site-packages/airflow/example_dags/example_short_circuit_decorator.py
[2025-04-27T20:12:49.248-0300] {processor.py:840} INFO - DAG(s) 'example_short_circuit_decorator' retrieved from /home/facuvega/Descargas/crypto-etl-airflow/airflow-apache/lib/python3.11/site-packages/airflow/example_dags/example_short_circuit_decorator.py
[2025-04-27T20:12:49.265-0300] {logging_mixin.py:188} INFO - [2025-04-27T20:12:49.264-0300] {dag.py:3096} INFO - Sync 1 DAGs
[2025-04-27T20:12:49.282-0300] {logging_mixin.py:188} INFO - [2025-04-27T20:12:49.282-0300] {dag.py:3954} INFO - Setting next_dagrun for example_short_circuit_decorator to 2025-04-26 00:00:00+00:00, run_after=2025-04-27 00:00:00+00:00
[2025-04-27T20:12:49.297-0300] {processor.py:183} INFO - Processing /home/facuvega/Descargas/crypto-etl-airflow/airflow-apache/lib/python3.11/site-packages/airflow/example_dags/example_short_circuit_decorator.py took 0.066 seconds
[2025-04-27T20:13:30.386-0300] {processor.py:161} INFO - Started process (PID=10711) to work on /home/facuvega/Descargas/crypto-etl-airflow/airflow-apache/lib/python3.11/site-packages/airflow/example_dags/example_short_circuit_decorator.py
[2025-04-27T20:13:30.387-0300] {processor.py:830} INFO - Processing file /home/facuvega/Descargas/crypto-etl-airflow/airflow-apache/lib/python3.11/site-packages/airflow/example_dags/example_short_circuit_decorator.py for tasks to queue
[2025-04-27T20:13:30.388-0300] {logging_mixin.py:188} INFO - [2025-04-27T20:13:30.388-0300] {dagbag.py:540} INFO - Filling up the DagBag from /home/facuvega/Descargas/crypto-etl-airflow/airflow-apache/lib/python3.11/site-packages/airflow/example_dags/example_short_circuit_decorator.py
[2025-04-27T20:13:30.396-0300] {processor.py:840} INFO - DAG(s) 'example_short_circuit_decorator' retrieved from /home/facuvega/Descargas/crypto-etl-airflow/airflow-apache/lib/python3.11/site-packages/airflow/example_dags/example_short_circuit_decorator.py
[2025-04-27T20:13:30.410-0300] {logging_mixin.py:188} INFO - [2025-04-27T20:13:30.410-0300] {dag.py:3096} INFO - Sync 1 DAGs
[2025-04-27T20:13:30.424-0300] {logging_mixin.py:188} INFO - [2025-04-27T20:13:30.424-0300] {dag.py:3954} INFO - Setting next_dagrun for example_short_circuit_decorator to 2025-04-26 00:00:00+00:00, run_after=2025-04-27 00:00:00+00:00
[2025-04-27T20:13:30.437-0300] {processor.py:183} INFO - Processing /home/facuvega/Descargas/crypto-etl-airflow/airflow-apache/lib/python3.11/site-packages/airflow/example_dags/example_short_circuit_decorator.py took 0.055 seconds
[2025-04-27T20:14:26.974-0300] {processor.py:161} INFO - Started process (PID=10966) to work on /home/facuvega/Descargas/crypto-etl-airflow/airflow-apache/lib/python3.11/site-packages/airflow/example_dags/example_short_circuit_decorator.py
[2025-04-27T20:14:26.976-0300] {processor.py:830} INFO - Processing file /home/facuvega/Descargas/crypto-etl-airflow/airflow-apache/lib/python3.11/site-packages/airflow/example_dags/example_short_circuit_decorator.py for tasks to queue
[2025-04-27T20:14:26.979-0300] {logging_mixin.py:188} INFO - [2025-04-27T20:14:26.978-0300] {dagbag.py:540} INFO - Filling up the DagBag from /home/facuvega/Descargas/crypto-etl-airflow/airflow-apache/lib/python3.11/site-packages/airflow/example_dags/example_short_circuit_decorator.py
[2025-04-27T20:14:26.990-0300] {processor.py:840} INFO - DAG(s) 'example_short_circuit_decorator' retrieved from /home/facuvega/Descargas/crypto-etl-airflow/airflow-apache/lib/python3.11/site-packages/airflow/example_dags/example_short_circuit_decorator.py
[2025-04-27T20:14:27.009-0300] {logging_mixin.py:188} INFO - [2025-04-27T20:14:27.009-0300] {dag.py:3096} INFO - Sync 1 DAGs
[2025-04-27T20:14:27.028-0300] {logging_mixin.py:188} INFO - [2025-04-27T20:14:27.028-0300] {dag.py:3954} INFO - Setting next_dagrun for example_short_circuit_decorator to 2025-04-26 00:00:00+00:00, run_after=2025-04-27 00:00:00+00:00
[2025-04-27T20:14:27.047-0300] {processor.py:183} INFO - Processing /home/facuvega/Descargas/crypto-etl-airflow/airflow-apache/lib/python3.11/site-packages/airflow/example_dags/example_short_circuit_decorator.py took 0.079 seconds
[2025-04-27T20:15:09.138-0300] {processor.py:161} INFO - Started process (PID=11188) to work on /home/facuvega/Descargas/crypto-etl-airflow/airflow-apache/lib/python3.11/site-packages/airflow/example_dags/example_short_circuit_decorator.py
[2025-04-27T20:15:09.139-0300] {processor.py:830} INFO - Processing file /home/facuvega/Descargas/crypto-etl-airflow/airflow-apache/lib/python3.11/site-packages/airflow/example_dags/example_short_circuit_decorator.py for tasks to queue
[2025-04-27T20:15:09.140-0300] {logging_mixin.py:188} INFO - [2025-04-27T20:15:09.140-0300] {dagbag.py:540} INFO - Filling up the DagBag from /home/facuvega/Descargas/crypto-etl-airflow/airflow-apache/lib/python3.11/site-packages/airflow/example_dags/example_short_circuit_decorator.py
[2025-04-27T20:15:09.150-0300] {processor.py:840} INFO - DAG(s) 'example_short_circuit_decorator' retrieved from /home/facuvega/Descargas/crypto-etl-airflow/airflow-apache/lib/python3.11/site-packages/airflow/example_dags/example_short_circuit_decorator.py
[2025-04-27T20:15:09.167-0300] {logging_mixin.py:188} INFO - [2025-04-27T20:15:09.167-0300] {dag.py:3096} INFO - Sync 1 DAGs
[2025-04-27T20:15:09.186-0300] {logging_mixin.py:188} INFO - [2025-04-27T20:15:09.186-0300] {dag.py:3954} INFO - Setting next_dagrun for example_short_circuit_decorator to 2025-04-26 00:00:00+00:00, run_after=2025-04-27 00:00:00+00:00
[2025-04-27T20:15:09.203-0300] {processor.py:183} INFO - Processing /home/facuvega/Descargas/crypto-etl-airflow/airflow-apache/lib/python3.11/site-packages/airflow/example_dags/example_short_circuit_decorator.py took 0.071 seconds
[2025-04-27T20:16:07.407-0300] {processor.py:161} INFO - Started process (PID=11455) to work on /home/facuvega/Descargas/crypto-etl-airflow/airflow-apache/lib/python3.11/site-packages/airflow/example_dags/example_short_circuit_decorator.py
[2025-04-27T20:16:07.408-0300] {processor.py:830} INFO - Processing file /home/facuvega/Descargas/crypto-etl-airflow/airflow-apache/lib/python3.11/site-packages/airflow/example_dags/example_short_circuit_decorator.py for tasks to queue
[2025-04-27T20:16:07.410-0300] {logging_mixin.py:188} INFO - [2025-04-27T20:16:07.410-0300] {dagbag.py:540} INFO - Filling up the DagBag from /home/facuvega/Descargas/crypto-etl-airflow/airflow-apache/lib/python3.11/site-packages/airflow/example_dags/example_short_circuit_decorator.py
[2025-04-27T20:16:07.422-0300] {processor.py:840} INFO - DAG(s) 'example_short_circuit_decorator' retrieved from /home/facuvega/Descargas/crypto-etl-airflow/airflow-apache/lib/python3.11/site-packages/airflow/example_dags/example_short_circuit_decorator.py
[2025-04-27T20:16:07.443-0300] {logging_mixin.py:188} INFO - [2025-04-27T20:16:07.442-0300] {dag.py:3096} INFO - Sync 1 DAGs
[2025-04-27T20:16:07.463-0300] {logging_mixin.py:188} INFO - [2025-04-27T20:16:07.462-0300] {dag.py:3954} INFO - Setting next_dagrun for example_short_circuit_decorator to 2025-04-26 00:00:00+00:00, run_after=2025-04-27 00:00:00+00:00
[2025-04-27T20:16:07.482-0300] {processor.py:183} INFO - Processing /home/facuvega/Descargas/crypto-etl-airflow/airflow-apache/lib/python3.11/site-packages/airflow/example_dags/example_short_circuit_decorator.py took 0.082 seconds
[2025-04-27T20:16:47.921-0300] {processor.py:161} INFO - Started process (PID=11636) to work on /home/facuvega/Descargas/crypto-etl-airflow/airflow-apache/lib/python3.11/site-packages/airflow/example_dags/example_short_circuit_decorator.py
[2025-04-27T20:16:47.922-0300] {processor.py:830} INFO - Processing file /home/facuvega/Descargas/crypto-etl-airflow/airflow-apache/lib/python3.11/site-packages/airflow/example_dags/example_short_circuit_decorator.py for tasks to queue
[2025-04-27T20:16:47.924-0300] {logging_mixin.py:188} INFO - [2025-04-27T20:16:47.923-0300] {dagbag.py:540} INFO - Filling up the DagBag from /home/facuvega/Descargas/crypto-etl-airflow/airflow-apache/lib/python3.11/site-packages/airflow/example_dags/example_short_circuit_decorator.py
[2025-04-27T20:16:47.932-0300] {processor.py:840} INFO - DAG(s) 'example_short_circuit_decorator' retrieved from /home/facuvega/Descargas/crypto-etl-airflow/airflow-apache/lib/python3.11/site-packages/airflow/example_dags/example_short_circuit_decorator.py
[2025-04-27T20:16:47.946-0300] {logging_mixin.py:188} INFO - [2025-04-27T20:16:47.946-0300] {dag.py:3096} INFO - Sync 1 DAGs
[2025-04-27T20:16:47.961-0300] {logging_mixin.py:188} INFO - [2025-04-27T20:16:47.961-0300] {dag.py:3954} INFO - Setting next_dagrun for example_short_circuit_decorator to 2025-04-26 00:00:00+00:00, run_after=2025-04-27 00:00:00+00:00
[2025-04-27T20:16:47.976-0300] {processor.py:183} INFO - Processing /home/facuvega/Descargas/crypto-etl-airflow/airflow-apache/lib/python3.11/site-packages/airflow/example_dags/example_short_circuit_decorator.py took 0.060 seconds
[2025-04-27T20:17:31.652-0300] {processor.py:161} INFO - Started process (PID=11826) to work on /home/facuvega/Descargas/crypto-etl-airflow/airflow-apache/lib/python3.11/site-packages/airflow/example_dags/example_short_circuit_decorator.py
[2025-04-27T20:17:31.653-0300] {processor.py:830} INFO - Processing file /home/facuvega/Descargas/crypto-etl-airflow/airflow-apache/lib/python3.11/site-packages/airflow/example_dags/example_short_circuit_decorator.py for tasks to queue
[2025-04-27T20:17:31.655-0300] {logging_mixin.py:188} INFO - [2025-04-27T20:17:31.655-0300] {dagbag.py:540} INFO - Filling up the DagBag from /home/facuvega/Descargas/crypto-etl-airflow/airflow-apache/lib/python3.11/site-packages/airflow/example_dags/example_short_circuit_decorator.py
[2025-04-27T20:17:31.664-0300] {processor.py:840} INFO - DAG(s) 'example_short_circuit_decorator' retrieved from /home/facuvega/Descargas/crypto-etl-airflow/airflow-apache/lib/python3.11/site-packages/airflow/example_dags/example_short_circuit_decorator.py
[2025-04-27T20:17:31.680-0300] {logging_mixin.py:188} INFO - [2025-04-27T20:17:31.680-0300] {dag.py:3096} INFO - Sync 1 DAGs
[2025-04-27T20:17:31.697-0300] {logging_mixin.py:188} INFO - [2025-04-27T20:17:31.697-0300] {dag.py:3954} INFO - Setting next_dagrun for example_short_circuit_decorator to 2025-04-26 00:00:00+00:00, run_after=2025-04-27 00:00:00+00:00
[2025-04-27T20:17:31.712-0300] {processor.py:183} INFO - Processing /home/facuvega/Descargas/crypto-etl-airflow/airflow-apache/lib/python3.11/site-packages/airflow/example_dags/example_short_circuit_decorator.py took 0.065 seconds
[2025-04-27T20:18:29.381-0300] {processor.py:161} INFO - Started process (PID=12223) to work on /home/facuvega/Descargas/crypto-etl-airflow/airflow-apache/lib/python3.11/site-packages/airflow/example_dags/example_short_circuit_decorator.py
[2025-04-27T20:18:29.383-0300] {processor.py:830} INFO - Processing file /home/facuvega/Descargas/crypto-etl-airflow/airflow-apache/lib/python3.11/site-packages/airflow/example_dags/example_short_circuit_decorator.py for tasks to queue
[2025-04-27T20:18:29.385-0300] {logging_mixin.py:188} INFO - [2025-04-27T20:18:29.384-0300] {dagbag.py:540} INFO - Filling up the DagBag from /home/facuvega/Descargas/crypto-etl-airflow/airflow-apache/lib/python3.11/site-packages/airflow/example_dags/example_short_circuit_decorator.py
[2025-04-27T20:18:29.397-0300] {processor.py:840} INFO - DAG(s) 'example_short_circuit_decorator' retrieved from /home/facuvega/Descargas/crypto-etl-airflow/airflow-apache/lib/python3.11/site-packages/airflow/example_dags/example_short_circuit_decorator.py
[2025-04-27T20:18:29.414-0300] {logging_mixin.py:188} INFO - [2025-04-27T20:18:29.413-0300] {dag.py:3096} INFO - Sync 1 DAGs
[2025-04-27T20:18:29.428-0300] {logging_mixin.py:188} INFO - [2025-04-27T20:18:29.428-0300] {dag.py:3954} INFO - Setting next_dagrun for example_short_circuit_decorator to 2025-04-26 00:00:00+00:00, run_after=2025-04-27 00:00:00+00:00
[2025-04-27T20:18:29.444-0300] {processor.py:183} INFO - Processing /home/facuvega/Descargas/crypto-etl-airflow/airflow-apache/lib/python3.11/site-packages/airflow/example_dags/example_short_circuit_decorator.py took 0.071 seconds
[2025-04-27T20:19:09.884-0300] {processor.py:161} INFO - Started process (PID=12407) to work on /home/facuvega/Descargas/crypto-etl-airflow/airflow-apache/lib/python3.11/site-packages/airflow/example_dags/example_short_circuit_decorator.py
[2025-04-27T20:19:09.885-0300] {processor.py:830} INFO - Processing file /home/facuvega/Descargas/crypto-etl-airflow/airflow-apache/lib/python3.11/site-packages/airflow/example_dags/example_short_circuit_decorator.py for tasks to queue
[2025-04-27T20:19:09.887-0300] {logging_mixin.py:188} INFO - [2025-04-27T20:19:09.886-0300] {dagbag.py:540} INFO - Filling up the DagBag from /home/facuvega/Descargas/crypto-etl-airflow/airflow-apache/lib/python3.11/site-packages/airflow/example_dags/example_short_circuit_decorator.py
[2025-04-27T20:19:09.894-0300] {processor.py:840} INFO - DAG(s) 'example_short_circuit_decorator' retrieved from /home/facuvega/Descargas/crypto-etl-airflow/airflow-apache/lib/python3.11/site-packages/airflow/example_dags/example_short_circuit_decorator.py
[2025-04-27T20:19:09.908-0300] {logging_mixin.py:188} INFO - [2025-04-27T20:19:09.907-0300] {dag.py:3096} INFO - Sync 1 DAGs
[2025-04-27T20:19:09.921-0300] {logging_mixin.py:188} INFO - [2025-04-27T20:19:09.921-0300] {dag.py:3954} INFO - Setting next_dagrun for example_short_circuit_decorator to 2025-04-26 00:00:00+00:00, run_after=2025-04-27 00:00:00+00:00
[2025-04-27T20:19:09.936-0300] {processor.py:183} INFO - Processing /home/facuvega/Descargas/crypto-etl-airflow/airflow-apache/lib/python3.11/site-packages/airflow/example_dags/example_short_circuit_decorator.py took 0.057 seconds
[2025-04-27T20:19:50.164-0300] {processor.py:161} INFO - Started process (PID=12642) to work on /home/facuvega/Descargas/crypto-etl-airflow/airflow-apache/lib/python3.11/site-packages/airflow/example_dags/example_short_circuit_decorator.py
[2025-04-27T20:19:50.165-0300] {processor.py:830} INFO - Processing file /home/facuvega/Descargas/crypto-etl-airflow/airflow-apache/lib/python3.11/site-packages/airflow/example_dags/example_short_circuit_decorator.py for tasks to queue
[2025-04-27T20:19:50.167-0300] {logging_mixin.py:188} INFO - [2025-04-27T20:19:50.167-0300] {dagbag.py:540} INFO - Filling up the DagBag from /home/facuvega/Descargas/crypto-etl-airflow/airflow-apache/lib/python3.11/site-packages/airflow/example_dags/example_short_circuit_decorator.py
[2025-04-27T20:19:50.175-0300] {processor.py:840} INFO - DAG(s) 'example_short_circuit_decorator' retrieved from /home/facuvega/Descargas/crypto-etl-airflow/airflow-apache/lib/python3.11/site-packages/airflow/example_dags/example_short_circuit_decorator.py
[2025-04-27T20:19:50.189-0300] {logging_mixin.py:188} INFO - [2025-04-27T20:19:50.189-0300] {dag.py:3096} INFO - Sync 1 DAGs
[2025-04-27T20:19:50.203-0300] {logging_mixin.py:188} INFO - [2025-04-27T20:19:50.203-0300] {dag.py:3954} INFO - Setting next_dagrun for example_short_circuit_decorator to 2025-04-26 00:00:00+00:00, run_after=2025-04-27 00:00:00+00:00
[2025-04-27T20:19:50.217-0300] {processor.py:183} INFO - Processing /home/facuvega/Descargas/crypto-etl-airflow/airflow-apache/lib/python3.11/site-packages/airflow/example_dags/example_short_circuit_decorator.py took 0.057 seconds
[2025-04-27T20:20:47.682-0300] {processor.py:161} INFO - Started process (PID=12902) to work on /home/facuvega/Descargas/crypto-etl-airflow/airflow-apache/lib/python3.11/site-packages/airflow/example_dags/example_short_circuit_decorator.py
[2025-04-27T20:20:47.683-0300] {processor.py:830} INFO - Processing file /home/facuvega/Descargas/crypto-etl-airflow/airflow-apache/lib/python3.11/site-packages/airflow/example_dags/example_short_circuit_decorator.py for tasks to queue
[2025-04-27T20:20:47.685-0300] {logging_mixin.py:188} INFO - [2025-04-27T20:20:47.684-0300] {dagbag.py:540} INFO - Filling up the DagBag from /home/facuvega/Descargas/crypto-etl-airflow/airflow-apache/lib/python3.11/site-packages/airflow/example_dags/example_short_circuit_decorator.py
[2025-04-27T20:20:47.693-0300] {processor.py:840} INFO - DAG(s) 'example_short_circuit_decorator' retrieved from /home/facuvega/Descargas/crypto-etl-airflow/airflow-apache/lib/python3.11/site-packages/airflow/example_dags/example_short_circuit_decorator.py
[2025-04-27T20:20:47.707-0300] {logging_mixin.py:188} INFO - [2025-04-27T20:20:47.707-0300] {dag.py:3096} INFO - Sync 1 DAGs
[2025-04-27T20:20:47.722-0300] {logging_mixin.py:188} INFO - [2025-04-27T20:20:47.722-0300] {dag.py:3954} INFO - Setting next_dagrun for example_short_circuit_decorator to 2025-04-26 00:00:00+00:00, run_after=2025-04-27 00:00:00+00:00
[2025-04-27T20:20:47.738-0300] {processor.py:183} INFO - Processing /home/facuvega/Descargas/crypto-etl-airflow/airflow-apache/lib/python3.11/site-packages/airflow/example_dags/example_short_circuit_decorator.py took 0.061 seconds
[2025-04-27T20:21:28.939-0300] {processor.py:161} INFO - Started process (PID=13085) to work on /home/facuvega/Descargas/crypto-etl-airflow/airflow-apache/lib/python3.11/site-packages/airflow/example_dags/example_short_circuit_decorator.py
[2025-04-27T20:21:28.940-0300] {processor.py:830} INFO - Processing file /home/facuvega/Descargas/crypto-etl-airflow/airflow-apache/lib/python3.11/site-packages/airflow/example_dags/example_short_circuit_decorator.py for tasks to queue
[2025-04-27T20:21:28.942-0300] {logging_mixin.py:188} INFO - [2025-04-27T20:21:28.941-0300] {dagbag.py:540} INFO - Filling up the DagBag from /home/facuvega/Descargas/crypto-etl-airflow/airflow-apache/lib/python3.11/site-packages/airflow/example_dags/example_short_circuit_decorator.py
[2025-04-27T20:21:28.950-0300] {processor.py:840} INFO - DAG(s) 'example_short_circuit_decorator' retrieved from /home/facuvega/Descargas/crypto-etl-airflow/airflow-apache/lib/python3.11/site-packages/airflow/example_dags/example_short_circuit_decorator.py
[2025-04-27T20:21:28.965-0300] {logging_mixin.py:188} INFO - [2025-04-27T20:21:28.964-0300] {dag.py:3096} INFO - Sync 1 DAGs
[2025-04-27T20:21:28.978-0300] {logging_mixin.py:188} INFO - [2025-04-27T20:21:28.978-0300] {dag.py:3954} INFO - Setting next_dagrun for example_short_circuit_decorator to 2025-04-26 00:00:00+00:00, run_after=2025-04-27 00:00:00+00:00
[2025-04-27T20:21:28.992-0300] {processor.py:183} INFO - Processing /home/facuvega/Descargas/crypto-etl-airflow/airflow-apache/lib/python3.11/site-packages/airflow/example_dags/example_short_circuit_decorator.py took 0.058 seconds
[2025-04-27T20:22:11.352-0300] {processor.py:161} INFO - Started process (PID=13276) to work on /home/facuvega/Descargas/crypto-etl-airflow/airflow-apache/lib/python3.11/site-packages/airflow/example_dags/example_short_circuit_decorator.py
[2025-04-27T20:22:11.353-0300] {processor.py:830} INFO - Processing file /home/facuvega/Descargas/crypto-etl-airflow/airflow-apache/lib/python3.11/site-packages/airflow/example_dags/example_short_circuit_decorator.py for tasks to queue
[2025-04-27T20:22:11.355-0300] {logging_mixin.py:188} INFO - [2025-04-27T20:22:11.354-0300] {dagbag.py:540} INFO - Filling up the DagBag from /home/facuvega/Descargas/crypto-etl-airflow/airflow-apache/lib/python3.11/site-packages/airflow/example_dags/example_short_circuit_decorator.py
[2025-04-27T20:22:11.362-0300] {processor.py:840} INFO - DAG(s) 'example_short_circuit_decorator' retrieved from /home/facuvega/Descargas/crypto-etl-airflow/airflow-apache/lib/python3.11/site-packages/airflow/example_dags/example_short_circuit_decorator.py
[2025-04-27T20:22:11.376-0300] {logging_mixin.py:188} INFO - [2025-04-27T20:22:11.376-0300] {dag.py:3096} INFO - Sync 1 DAGs
[2025-04-27T20:22:11.392-0300] {logging_mixin.py:188} INFO - [2025-04-27T20:22:11.391-0300] {dag.py:3954} INFO - Setting next_dagrun for example_short_circuit_decorator to 2025-04-26 00:00:00+00:00, run_after=2025-04-27 00:00:00+00:00
[2025-04-27T20:22:11.406-0300] {processor.py:183} INFO - Processing /home/facuvega/Descargas/crypto-etl-airflow/airflow-apache/lib/python3.11/site-packages/airflow/example_dags/example_short_circuit_decorator.py took 0.059 seconds
[2025-04-27T20:22:53.754-0300] {processor.py:161} INFO - Started process (PID=13465) to work on /home/facuvega/Descargas/crypto-etl-airflow/airflow-apache/lib/python3.11/site-packages/airflow/example_dags/example_short_circuit_decorator.py
[2025-04-27T20:22:53.755-0300] {processor.py:830} INFO - Processing file /home/facuvega/Descargas/crypto-etl-airflow/airflow-apache/lib/python3.11/site-packages/airflow/example_dags/example_short_circuit_decorator.py for tasks to queue
[2025-04-27T20:22:53.757-0300] {logging_mixin.py:188} INFO - [2025-04-27T20:22:53.756-0300] {dagbag.py:540} INFO - Filling up the DagBag from /home/facuvega/Descargas/crypto-etl-airflow/airflow-apache/lib/python3.11/site-packages/airflow/example_dags/example_short_circuit_decorator.py
[2025-04-27T20:22:53.764-0300] {processor.py:840} INFO - DAG(s) 'example_short_circuit_decorator' retrieved from /home/facuvega/Descargas/crypto-etl-airflow/airflow-apache/lib/python3.11/site-packages/airflow/example_dags/example_short_circuit_decorator.py
[2025-04-27T20:22:53.777-0300] {logging_mixin.py:188} INFO - [2025-04-27T20:22:53.777-0300] {dag.py:3096} INFO - Sync 1 DAGs
[2025-04-27T20:22:53.790-0300] {logging_mixin.py:188} INFO - [2025-04-27T20:22:53.790-0300] {dag.py:3954} INFO - Setting next_dagrun for example_short_circuit_decorator to 2025-04-26 00:00:00+00:00, run_after=2025-04-27 00:00:00+00:00
[2025-04-27T20:22:53.803-0300] {processor.py:183} INFO - Processing /home/facuvega/Descargas/crypto-etl-airflow/airflow-apache/lib/python3.11/site-packages/airflow/example_dags/example_short_circuit_decorator.py took 0.054 seconds
[2025-04-27T20:23:37.462-0300] {processor.py:161} INFO - Started process (PID=13662) to work on /home/facuvega/Descargas/crypto-etl-airflow/airflow-apache/lib/python3.11/site-packages/airflow/example_dags/example_short_circuit_decorator.py
[2025-04-27T20:23:37.463-0300] {processor.py:830} INFO - Processing file /home/facuvega/Descargas/crypto-etl-airflow/airflow-apache/lib/python3.11/site-packages/airflow/example_dags/example_short_circuit_decorator.py for tasks to queue
[2025-04-27T20:23:37.464-0300] {logging_mixin.py:188} INFO - [2025-04-27T20:23:37.464-0300] {dagbag.py:540} INFO - Filling up the DagBag from /home/facuvega/Descargas/crypto-etl-airflow/airflow-apache/lib/python3.11/site-packages/airflow/example_dags/example_short_circuit_decorator.py
[2025-04-27T20:23:37.472-0300] {processor.py:840} INFO - DAG(s) 'example_short_circuit_decorator' retrieved from /home/facuvega/Descargas/crypto-etl-airflow/airflow-apache/lib/python3.11/site-packages/airflow/example_dags/example_short_circuit_decorator.py
[2025-04-27T20:23:37.486-0300] {logging_mixin.py:188} INFO - [2025-04-27T20:23:37.486-0300] {dag.py:3096} INFO - Sync 1 DAGs
[2025-04-27T20:23:37.499-0300] {logging_mixin.py:188} INFO - [2025-04-27T20:23:37.499-0300] {dag.py:3954} INFO - Setting next_dagrun for example_short_circuit_decorator to 2025-04-26 00:00:00+00:00, run_after=2025-04-27 00:00:00+00:00
[2025-04-27T20:23:37.512-0300] {processor.py:183} INFO - Processing /home/facuvega/Descargas/crypto-etl-airflow/airflow-apache/lib/python3.11/site-packages/airflow/example_dags/example_short_circuit_decorator.py took 0.056 seconds
[2025-04-27T20:24:33.827-0300] {processor.py:161} INFO - Started process (PID=13912) to work on /home/facuvega/Descargas/crypto-etl-airflow/airflow-apache/lib/python3.11/site-packages/airflow/example_dags/example_short_circuit_decorator.py
[2025-04-27T20:24:33.828-0300] {processor.py:830} INFO - Processing file /home/facuvega/Descargas/crypto-etl-airflow/airflow-apache/lib/python3.11/site-packages/airflow/example_dags/example_short_circuit_decorator.py for tasks to queue
[2025-04-27T20:24:33.830-0300] {logging_mixin.py:188} INFO - [2025-04-27T20:24:33.829-0300] {dagbag.py:540} INFO - Filling up the DagBag from /home/facuvega/Descargas/crypto-etl-airflow/airflow-apache/lib/python3.11/site-packages/airflow/example_dags/example_short_circuit_decorator.py
[2025-04-27T20:24:33.838-0300] {processor.py:840} INFO - DAG(s) 'example_short_circuit_decorator' retrieved from /home/facuvega/Descargas/crypto-etl-airflow/airflow-apache/lib/python3.11/site-packages/airflow/example_dags/example_short_circuit_decorator.py
[2025-04-27T20:24:33.856-0300] {logging_mixin.py:188} INFO - [2025-04-27T20:24:33.856-0300] {dag.py:3096} INFO - Sync 1 DAGs
[2025-04-27T20:24:33.875-0300] {logging_mixin.py:188} INFO - [2025-04-27T20:24:33.874-0300] {dag.py:3954} INFO - Setting next_dagrun for example_short_circuit_decorator to 2025-04-26 00:00:00+00:00, run_after=2025-04-27 00:00:00+00:00
[2025-04-27T20:24:33.888-0300] {processor.py:183} INFO - Processing /home/facuvega/Descargas/crypto-etl-airflow/airflow-apache/lib/python3.11/site-packages/airflow/example_dags/example_short_circuit_decorator.py took 0.065 seconds
[2025-04-27T20:25:29.176-0300] {processor.py:161} INFO - Started process (PID=14201) to work on /home/facuvega/Descargas/crypto-etl-airflow/airflow-apache/lib/python3.11/site-packages/airflow/example_dags/example_short_circuit_decorator.py
[2025-04-27T20:25:29.177-0300] {processor.py:830} INFO - Processing file /home/facuvega/Descargas/crypto-etl-airflow/airflow-apache/lib/python3.11/site-packages/airflow/example_dags/example_short_circuit_decorator.py for tasks to queue
[2025-04-27T20:25:29.179-0300] {logging_mixin.py:188} INFO - [2025-04-27T20:25:29.179-0300] {dagbag.py:540} INFO - Filling up the DagBag from /home/facuvega/Descargas/crypto-etl-airflow/airflow-apache/lib/python3.11/site-packages/airflow/example_dags/example_short_circuit_decorator.py
[2025-04-27T20:25:29.189-0300] {processor.py:840} INFO - DAG(s) 'example_short_circuit_decorator' retrieved from /home/facuvega/Descargas/crypto-etl-airflow/airflow-apache/lib/python3.11/site-packages/airflow/example_dags/example_short_circuit_decorator.py
[2025-04-27T20:25:29.208-0300] {logging_mixin.py:188} INFO - [2025-04-27T20:25:29.207-0300] {dag.py:3096} INFO - Sync 1 DAGs
[2025-04-27T20:25:29.228-0300] {logging_mixin.py:188} INFO - [2025-04-27T20:25:29.228-0300] {dag.py:3954} INFO - Setting next_dagrun for example_short_circuit_decorator to 2025-04-26 00:00:00+00:00, run_after=2025-04-27 00:00:00+00:00
[2025-04-27T20:25:29.244-0300] {processor.py:183} INFO - Processing /home/facuvega/Descargas/crypto-etl-airflow/airflow-apache/lib/python3.11/site-packages/airflow/example_dags/example_short_circuit_decorator.py took 0.074 seconds
[2025-04-27T20:26:13.022-0300] {processor.py:161} INFO - Started process (PID=14394) to work on /home/facuvega/Descargas/crypto-etl-airflow/airflow-apache/lib/python3.11/site-packages/airflow/example_dags/example_short_circuit_decorator.py
[2025-04-27T20:26:13.023-0300] {processor.py:830} INFO - Processing file /home/facuvega/Descargas/crypto-etl-airflow/airflow-apache/lib/python3.11/site-packages/airflow/example_dags/example_short_circuit_decorator.py for tasks to queue
[2025-04-27T20:26:13.025-0300] {logging_mixin.py:188} INFO - [2025-04-27T20:26:13.024-0300] {dagbag.py:540} INFO - Filling up the DagBag from /home/facuvega/Descargas/crypto-etl-airflow/airflow-apache/lib/python3.11/site-packages/airflow/example_dags/example_short_circuit_decorator.py
[2025-04-27T20:26:13.032-0300] {processor.py:840} INFO - DAG(s) 'example_short_circuit_decorator' retrieved from /home/facuvega/Descargas/crypto-etl-airflow/airflow-apache/lib/python3.11/site-packages/airflow/example_dags/example_short_circuit_decorator.py
[2025-04-27T20:26:13.046-0300] {logging_mixin.py:188} INFO - [2025-04-27T20:26:13.046-0300] {dag.py:3096} INFO - Sync 1 DAGs
[2025-04-27T20:26:13.061-0300] {logging_mixin.py:188} INFO - [2025-04-27T20:26:13.061-0300] {dag.py:3954} INFO - Setting next_dagrun for example_short_circuit_decorator to 2025-04-26 00:00:00+00:00, run_after=2025-04-27 00:00:00+00:00
[2025-04-27T20:26:13.074-0300] {processor.py:183} INFO - Processing /home/facuvega/Descargas/crypto-etl-airflow/airflow-apache/lib/python3.11/site-packages/airflow/example_dags/example_short_circuit_decorator.py took 0.058 seconds
[2025-04-27T20:26:54.170-0300] {processor.py:161} INFO - Started process (PID=14600) to work on /home/facuvega/Descargas/crypto-etl-airflow/airflow-apache/lib/python3.11/site-packages/airflow/example_dags/example_short_circuit_decorator.py
[2025-04-27T20:26:54.171-0300] {processor.py:830} INFO - Processing file /home/facuvega/Descargas/crypto-etl-airflow/airflow-apache/lib/python3.11/site-packages/airflow/example_dags/example_short_circuit_decorator.py for tasks to queue
[2025-04-27T20:26:54.172-0300] {logging_mixin.py:188} INFO - [2025-04-27T20:26:54.172-0300] {dagbag.py:540} INFO - Filling up the DagBag from /home/facuvega/Descargas/crypto-etl-airflow/airflow-apache/lib/python3.11/site-packages/airflow/example_dags/example_short_circuit_decorator.py
[2025-04-27T20:26:54.180-0300] {processor.py:840} INFO - DAG(s) 'example_short_circuit_decorator' retrieved from /home/facuvega/Descargas/crypto-etl-airflow/airflow-apache/lib/python3.11/site-packages/airflow/example_dags/example_short_circuit_decorator.py
[2025-04-27T20:26:54.194-0300] {logging_mixin.py:188} INFO - [2025-04-27T20:26:54.193-0300] {dag.py:3096} INFO - Sync 1 DAGs
[2025-04-27T20:26:54.209-0300] {logging_mixin.py:188} INFO - [2025-04-27T20:26:54.209-0300] {dag.py:3954} INFO - Setting next_dagrun for example_short_circuit_decorator to 2025-04-26 00:00:00+00:00, run_after=2025-04-27 00:00:00+00:00
[2025-04-27T20:26:54.222-0300] {processor.py:183} INFO - Processing /home/facuvega/Descargas/crypto-etl-airflow/airflow-apache/lib/python3.11/site-packages/airflow/example_dags/example_short_circuit_decorator.py took 0.057 seconds
[2025-04-27T20:27:51.310-0300] {processor.py:161} INFO - Started process (PID=14857) to work on /home/facuvega/Descargas/crypto-etl-airflow/airflow-apache/lib/python3.11/site-packages/airflow/example_dags/example_short_circuit_decorator.py
[2025-04-27T20:27:51.311-0300] {processor.py:830} INFO - Processing file /home/facuvega/Descargas/crypto-etl-airflow/airflow-apache/lib/python3.11/site-packages/airflow/example_dags/example_short_circuit_decorator.py for tasks to queue
[2025-04-27T20:27:51.312-0300] {logging_mixin.py:188} INFO - [2025-04-27T20:27:51.312-0300] {dagbag.py:540} INFO - Filling up the DagBag from /home/facuvega/Descargas/crypto-etl-airflow/airflow-apache/lib/python3.11/site-packages/airflow/example_dags/example_short_circuit_decorator.py
[2025-04-27T20:27:51.319-0300] {processor.py:840} INFO - DAG(s) 'example_short_circuit_decorator' retrieved from /home/facuvega/Descargas/crypto-etl-airflow/airflow-apache/lib/python3.11/site-packages/airflow/example_dags/example_short_circuit_decorator.py
[2025-04-27T20:27:51.333-0300] {logging_mixin.py:188} INFO - [2025-04-27T20:27:51.333-0300] {dag.py:3096} INFO - Sync 1 DAGs
[2025-04-27T20:27:51.346-0300] {logging_mixin.py:188} INFO - [2025-04-27T20:27:51.346-0300] {dag.py:3954} INFO - Setting next_dagrun for example_short_circuit_decorator to 2025-04-26 00:00:00+00:00, run_after=2025-04-27 00:00:00+00:00
[2025-04-27T20:27:51.359-0300] {processor.py:183} INFO - Processing /home/facuvega/Descargas/crypto-etl-airflow/airflow-apache/lib/python3.11/site-packages/airflow/example_dags/example_short_circuit_decorator.py took 0.054 seconds
[2025-04-27T20:28:34.059-0300] {processor.py:161} INFO - Started process (PID=15058) to work on /home/facuvega/Descargas/crypto-etl-airflow/airflow-apache/lib/python3.11/site-packages/airflow/example_dags/example_short_circuit_decorator.py
[2025-04-27T20:28:34.060-0300] {processor.py:830} INFO - Processing file /home/facuvega/Descargas/crypto-etl-airflow/airflow-apache/lib/python3.11/site-packages/airflow/example_dags/example_short_circuit_decorator.py for tasks to queue
[2025-04-27T20:28:34.062-0300] {logging_mixin.py:188} INFO - [2025-04-27T20:28:34.062-0300] {dagbag.py:540} INFO - Filling up the DagBag from /home/facuvega/Descargas/crypto-etl-airflow/airflow-apache/lib/python3.11/site-packages/airflow/example_dags/example_short_circuit_decorator.py
[2025-04-27T20:28:34.070-0300] {processor.py:840} INFO - DAG(s) 'example_short_circuit_decorator' retrieved from /home/facuvega/Descargas/crypto-etl-airflow/airflow-apache/lib/python3.11/site-packages/airflow/example_dags/example_short_circuit_decorator.py
[2025-04-27T20:28:34.085-0300] {logging_mixin.py:188} INFO - [2025-04-27T20:28:34.085-0300] {dag.py:3096} INFO - Sync 1 DAGs
[2025-04-27T20:28:34.100-0300] {logging_mixin.py:188} INFO - [2025-04-27T20:28:34.099-0300] {dag.py:3954} INFO - Setting next_dagrun for example_short_circuit_decorator to 2025-04-26 00:00:00+00:00, run_after=2025-04-27 00:00:00+00:00
[2025-04-27T20:28:34.115-0300] {processor.py:183} INFO - Processing /home/facuvega/Descargas/crypto-etl-airflow/airflow-apache/lib/python3.11/site-packages/airflow/example_dags/example_short_circuit_decorator.py took 0.061 seconds
[2025-04-27T20:29:16.986-0300] {processor.py:161} INFO - Started process (PID=15252) to work on /home/facuvega/Descargas/crypto-etl-airflow/airflow-apache/lib/python3.11/site-packages/airflow/example_dags/example_short_circuit_decorator.py
[2025-04-27T20:29:16.987-0300] {processor.py:830} INFO - Processing file /home/facuvega/Descargas/crypto-etl-airflow/airflow-apache/lib/python3.11/site-packages/airflow/example_dags/example_short_circuit_decorator.py for tasks to queue
[2025-04-27T20:29:16.989-0300] {logging_mixin.py:188} INFO - [2025-04-27T20:29:16.988-0300] {dagbag.py:540} INFO - Filling up the DagBag from /home/facuvega/Descargas/crypto-etl-airflow/airflow-apache/lib/python3.11/site-packages/airflow/example_dags/example_short_circuit_decorator.py
[2025-04-27T20:29:16.996-0300] {processor.py:840} INFO - DAG(s) 'example_short_circuit_decorator' retrieved from /home/facuvega/Descargas/crypto-etl-airflow/airflow-apache/lib/python3.11/site-packages/airflow/example_dags/example_short_circuit_decorator.py
[2025-04-27T20:29:17.010-0300] {logging_mixin.py:188} INFO - [2025-04-27T20:29:17.010-0300] {dag.py:3096} INFO - Sync 1 DAGs
[2025-04-27T20:29:17.024-0300] {logging_mixin.py:188} INFO - [2025-04-27T20:29:17.024-0300] {dag.py:3954} INFO - Setting next_dagrun for example_short_circuit_decorator to 2025-04-26 00:00:00+00:00, run_after=2025-04-27 00:00:00+00:00
[2025-04-27T20:29:17.036-0300] {processor.py:183} INFO - Processing /home/facuvega/Descargas/crypto-etl-airflow/airflow-apache/lib/python3.11/site-packages/airflow/example_dags/example_short_circuit_decorator.py took 0.055 seconds
[2025-04-27T20:30:15.562-0300] {processor.py:161} INFO - Started process (PID=15551) to work on /home/facuvega/Descargas/crypto-etl-airflow/airflow-apache/lib/python3.11/site-packages/airflow/example_dags/example_short_circuit_decorator.py
[2025-04-27T20:30:15.563-0300] {processor.py:830} INFO - Processing file /home/facuvega/Descargas/crypto-etl-airflow/airflow-apache/lib/python3.11/site-packages/airflow/example_dags/example_short_circuit_decorator.py for tasks to queue
[2025-04-27T20:30:15.564-0300] {logging_mixin.py:188} INFO - [2025-04-27T20:30:15.564-0300] {dagbag.py:540} INFO - Filling up the DagBag from /home/facuvega/Descargas/crypto-etl-airflow/airflow-apache/lib/python3.11/site-packages/airflow/example_dags/example_short_circuit_decorator.py
[2025-04-27T20:30:15.572-0300] {processor.py:840} INFO - DAG(s) 'example_short_circuit_decorator' retrieved from /home/facuvega/Descargas/crypto-etl-airflow/airflow-apache/lib/python3.11/site-packages/airflow/example_dags/example_short_circuit_decorator.py
[2025-04-27T20:30:15.585-0300] {logging_mixin.py:188} INFO - [2025-04-27T20:30:15.585-0300] {dag.py:3096} INFO - Sync 1 DAGs
[2025-04-27T20:30:15.599-0300] {logging_mixin.py:188} INFO - [2025-04-27T20:30:15.599-0300] {dag.py:3954} INFO - Setting next_dagrun for example_short_circuit_decorator to 2025-04-26 00:00:00+00:00, run_after=2025-04-27 00:00:00+00:00
[2025-04-27T20:30:15.611-0300] {processor.py:183} INFO - Processing /home/facuvega/Descargas/crypto-etl-airflow/airflow-apache/lib/python3.11/site-packages/airflow/example_dags/example_short_circuit_decorator.py took 0.054 seconds
[2025-04-27T20:31:14.710-0300] {processor.py:161} INFO - Started process (PID=15816) to work on /home/facuvega/Descargas/crypto-etl-airflow/airflow-apache/lib/python3.11/site-packages/airflow/example_dags/example_short_circuit_decorator.py
[2025-04-27T20:31:14.711-0300] {processor.py:830} INFO - Processing file /home/facuvega/Descargas/crypto-etl-airflow/airflow-apache/lib/python3.11/site-packages/airflow/example_dags/example_short_circuit_decorator.py for tasks to queue
[2025-04-27T20:31:14.712-0300] {logging_mixin.py:188} INFO - [2025-04-27T20:31:14.712-0300] {dagbag.py:540} INFO - Filling up the DagBag from /home/facuvega/Descargas/crypto-etl-airflow/airflow-apache/lib/python3.11/site-packages/airflow/example_dags/example_short_circuit_decorator.py
[2025-04-27T20:31:14.720-0300] {processor.py:840} INFO - DAG(s) 'example_short_circuit_decorator' retrieved from /home/facuvega/Descargas/crypto-etl-airflow/airflow-apache/lib/python3.11/site-packages/airflow/example_dags/example_short_circuit_decorator.py
[2025-04-27T20:31:14.734-0300] {logging_mixin.py:188} INFO - [2025-04-27T20:31:14.734-0300] {dag.py:3096} INFO - Sync 1 DAGs
[2025-04-27T20:31:14.748-0300] {logging_mixin.py:188} INFO - [2025-04-27T20:31:14.748-0300] {dag.py:3954} INFO - Setting next_dagrun for example_short_circuit_decorator to 2025-04-26 00:00:00+00:00, run_after=2025-04-27 00:00:00+00:00
[2025-04-27T20:31:14.761-0300] {processor.py:183} INFO - Processing /home/facuvega/Descargas/crypto-etl-airflow/airflow-apache/lib/python3.11/site-packages/airflow/example_dags/example_short_circuit_decorator.py took 0.056 seconds
[2025-04-27T20:32:11.269-0300] {processor.py:161} INFO - Started process (PID=16071) to work on /home/facuvega/Descargas/crypto-etl-airflow/airflow-apache/lib/python3.11/site-packages/airflow/example_dags/example_short_circuit_decorator.py
[2025-04-27T20:32:11.270-0300] {processor.py:830} INFO - Processing file /home/facuvega/Descargas/crypto-etl-airflow/airflow-apache/lib/python3.11/site-packages/airflow/example_dags/example_short_circuit_decorator.py for tasks to queue
[2025-04-27T20:32:11.271-0300] {logging_mixin.py:188} INFO - [2025-04-27T20:32:11.271-0300] {dagbag.py:540} INFO - Filling up the DagBag from /home/facuvega/Descargas/crypto-etl-airflow/airflow-apache/lib/python3.11/site-packages/airflow/example_dags/example_short_circuit_decorator.py
[2025-04-27T20:32:11.279-0300] {processor.py:840} INFO - DAG(s) 'example_short_circuit_decorator' retrieved from /home/facuvega/Descargas/crypto-etl-airflow/airflow-apache/lib/python3.11/site-packages/airflow/example_dags/example_short_circuit_decorator.py
[2025-04-27T20:32:11.296-0300] {logging_mixin.py:188} INFO - [2025-04-27T20:32:11.295-0300] {dag.py:3096} INFO - Sync 1 DAGs
[2025-04-27T20:32:11.310-0300] {logging_mixin.py:188} INFO - [2025-04-27T20:32:11.310-0300] {dag.py:3954} INFO - Setting next_dagrun for example_short_circuit_decorator to 2025-04-26 00:00:00+00:00, run_after=2025-04-27 00:00:00+00:00
[2025-04-27T20:32:11.323-0300] {processor.py:183} INFO - Processing /home/facuvega/Descargas/crypto-etl-airflow/airflow-apache/lib/python3.11/site-packages/airflow/example_dags/example_short_circuit_decorator.py took 0.059 seconds
[2025-04-27T20:32:53.469-0300] {processor.py:161} INFO - Started process (PID=16261) to work on /home/facuvega/Descargas/crypto-etl-airflow/airflow-apache/lib/python3.11/site-packages/airflow/example_dags/example_short_circuit_decorator.py
[2025-04-27T20:32:53.470-0300] {processor.py:830} INFO - Processing file /home/facuvega/Descargas/crypto-etl-airflow/airflow-apache/lib/python3.11/site-packages/airflow/example_dags/example_short_circuit_decorator.py for tasks to queue
[2025-04-27T20:32:53.472-0300] {logging_mixin.py:188} INFO - [2025-04-27T20:32:53.472-0300] {dagbag.py:540} INFO - Filling up the DagBag from /home/facuvega/Descargas/crypto-etl-airflow/airflow-apache/lib/python3.11/site-packages/airflow/example_dags/example_short_circuit_decorator.py
[2025-04-27T20:32:53.481-0300] {processor.py:840} INFO - DAG(s) 'example_short_circuit_decorator' retrieved from /home/facuvega/Descargas/crypto-etl-airflow/airflow-apache/lib/python3.11/site-packages/airflow/example_dags/example_short_circuit_decorator.py
[2025-04-27T20:32:53.496-0300] {logging_mixin.py:188} INFO - [2025-04-27T20:32:53.496-0300] {dag.py:3096} INFO - Sync 1 DAGs
[2025-04-27T20:32:53.512-0300] {logging_mixin.py:188} INFO - [2025-04-27T20:32:53.512-0300] {dag.py:3954} INFO - Setting next_dagrun for example_short_circuit_decorator to 2025-04-26 00:00:00+00:00, run_after=2025-04-27 00:00:00+00:00
[2025-04-27T20:32:53.528-0300] {processor.py:183} INFO - Processing /home/facuvega/Descargas/crypto-etl-airflow/airflow-apache/lib/python3.11/site-packages/airflow/example_dags/example_short_circuit_decorator.py took 0.065 seconds
[2025-04-27T20:33:35.983-0300] {processor.py:161} INFO - Started process (PID=16617) to work on /home/facuvega/Descargas/crypto-etl-airflow/airflow-apache/lib/python3.11/site-packages/airflow/example_dags/example_short_circuit_decorator.py
[2025-04-27T20:33:35.984-0300] {processor.py:830} INFO - Processing file /home/facuvega/Descargas/crypto-etl-airflow/airflow-apache/lib/python3.11/site-packages/airflow/example_dags/example_short_circuit_decorator.py for tasks to queue
[2025-04-27T20:33:35.985-0300] {logging_mixin.py:188} INFO - [2025-04-27T20:33:35.985-0300] {dagbag.py:540} INFO - Filling up the DagBag from /home/facuvega/Descargas/crypto-etl-airflow/airflow-apache/lib/python3.11/site-packages/airflow/example_dags/example_short_circuit_decorator.py
[2025-04-27T20:33:35.994-0300] {processor.py:840} INFO - DAG(s) 'example_short_circuit_decorator' retrieved from /home/facuvega/Descargas/crypto-etl-airflow/airflow-apache/lib/python3.11/site-packages/airflow/example_dags/example_short_circuit_decorator.py
[2025-04-27T20:33:36.007-0300] {logging_mixin.py:188} INFO - [2025-04-27T20:33:36.007-0300] {dag.py:3096} INFO - Sync 1 DAGs
[2025-04-27T20:33:36.020-0300] {logging_mixin.py:188} INFO - [2025-04-27T20:33:36.020-0300] {dag.py:3954} INFO - Setting next_dagrun for example_short_circuit_decorator to 2025-04-26 00:00:00+00:00, run_after=2025-04-27 00:00:00+00:00
[2025-04-27T20:33:36.033-0300] {processor.py:183} INFO - Processing /home/facuvega/Descargas/crypto-etl-airflow/airflow-apache/lib/python3.11/site-packages/airflow/example_dags/example_short_circuit_decorator.py took 0.055 seconds
[2025-04-27T20:34:20.082-0300] {processor.py:161} INFO - Started process (PID=16823) to work on /home/facuvega/Descargas/crypto-etl-airflow/airflow-apache/lib/python3.11/site-packages/airflow/example_dags/example_short_circuit_decorator.py
[2025-04-27T20:34:20.083-0300] {processor.py:830} INFO - Processing file /home/facuvega/Descargas/crypto-etl-airflow/airflow-apache/lib/python3.11/site-packages/airflow/example_dags/example_short_circuit_decorator.py for tasks to queue
[2025-04-27T20:34:20.086-0300] {logging_mixin.py:188} INFO - [2025-04-27T20:34:20.085-0300] {dagbag.py:540} INFO - Filling up the DagBag from /home/facuvega/Descargas/crypto-etl-airflow/airflow-apache/lib/python3.11/site-packages/airflow/example_dags/example_short_circuit_decorator.py
[2025-04-27T20:34:20.093-0300] {processor.py:840} INFO - DAG(s) 'example_short_circuit_decorator' retrieved from /home/facuvega/Descargas/crypto-etl-airflow/airflow-apache/lib/python3.11/site-packages/airflow/example_dags/example_short_circuit_decorator.py
[2025-04-27T20:34:20.108-0300] {logging_mixin.py:188} INFO - [2025-04-27T20:34:20.108-0300] {dag.py:3096} INFO - Sync 1 DAGs
[2025-04-27T20:34:20.122-0300] {logging_mixin.py:188} INFO - [2025-04-27T20:34:20.122-0300] {dag.py:3954} INFO - Setting next_dagrun for example_short_circuit_decorator to 2025-04-26 00:00:00+00:00, run_after=2025-04-27 00:00:00+00:00
[2025-04-27T20:34:20.136-0300] {processor.py:183} INFO - Processing /home/facuvega/Descargas/crypto-etl-airflow/airflow-apache/lib/python3.11/site-packages/airflow/example_dags/example_short_circuit_decorator.py took 0.058 seconds
[2025-04-27T20:35:02.377-0300] {processor.py:161} INFO - Started process (PID=17065) to work on /home/facuvega/Descargas/crypto-etl-airflow/airflow-apache/lib/python3.11/site-packages/airflow/example_dags/example_short_circuit_decorator.py
[2025-04-27T20:35:02.378-0300] {processor.py:830} INFO - Processing file /home/facuvega/Descargas/crypto-etl-airflow/airflow-apache/lib/python3.11/site-packages/airflow/example_dags/example_short_circuit_decorator.py for tasks to queue
[2025-04-27T20:35:02.380-0300] {logging_mixin.py:188} INFO - [2025-04-27T20:35:02.380-0300] {dagbag.py:540} INFO - Filling up the DagBag from /home/facuvega/Descargas/crypto-etl-airflow/airflow-apache/lib/python3.11/site-packages/airflow/example_dags/example_short_circuit_decorator.py
[2025-04-27T20:35:02.390-0300] {processor.py:840} INFO - DAG(s) 'example_short_circuit_decorator' retrieved from /home/facuvega/Descargas/crypto-etl-airflow/airflow-apache/lib/python3.11/site-packages/airflow/example_dags/example_short_circuit_decorator.py
[2025-04-27T20:35:02.407-0300] {logging_mixin.py:188} INFO - [2025-04-27T20:35:02.407-0300] {dag.py:3096} INFO - Sync 1 DAGs
[2025-04-27T20:35:02.425-0300] {logging_mixin.py:188} INFO - [2025-04-27T20:35:02.425-0300] {dag.py:3954} INFO - Setting next_dagrun for example_short_circuit_decorator to 2025-04-26 00:00:00+00:00, run_after=2025-04-27 00:00:00+00:00
[2025-04-27T20:35:02.440-0300] {processor.py:183} INFO - Processing /home/facuvega/Descargas/crypto-etl-airflow/airflow-apache/lib/python3.11/site-packages/airflow/example_dags/example_short_circuit_decorator.py took 0.069 seconds
[2025-04-27T20:35:44.369-0300] {processor.py:161} INFO - Started process (PID=17256) to work on /home/facuvega/Descargas/crypto-etl-airflow/airflow-apache/lib/python3.11/site-packages/airflow/example_dags/example_short_circuit_decorator.py
[2025-04-27T20:35:44.370-0300] {processor.py:830} INFO - Processing file /home/facuvega/Descargas/crypto-etl-airflow/airflow-apache/lib/python3.11/site-packages/airflow/example_dags/example_short_circuit_decorator.py for tasks to queue
[2025-04-27T20:35:44.371-0300] {logging_mixin.py:188} INFO - [2025-04-27T20:35:44.371-0300] {dagbag.py:540} INFO - Filling up the DagBag from /home/facuvega/Descargas/crypto-etl-airflow/airflow-apache/lib/python3.11/site-packages/airflow/example_dags/example_short_circuit_decorator.py
[2025-04-27T20:35:44.381-0300] {processor.py:840} INFO - DAG(s) 'example_short_circuit_decorator' retrieved from /home/facuvega/Descargas/crypto-etl-airflow/airflow-apache/lib/python3.11/site-packages/airflow/example_dags/example_short_circuit_decorator.py
[2025-04-27T20:35:44.396-0300] {logging_mixin.py:188} INFO - [2025-04-27T20:35:44.396-0300] {dag.py:3096} INFO - Sync 1 DAGs
[2025-04-27T20:35:44.412-0300] {logging_mixin.py:188} INFO - [2025-04-27T20:35:44.412-0300] {dag.py:3954} INFO - Setting next_dagrun for example_short_circuit_decorator to 2025-04-26 00:00:00+00:00, run_after=2025-04-27 00:00:00+00:00
[2025-04-27T20:35:44.429-0300] {processor.py:183} INFO - Processing /home/facuvega/Descargas/crypto-etl-airflow/airflow-apache/lib/python3.11/site-packages/airflow/example_dags/example_short_circuit_decorator.py took 0.065 seconds
[2025-04-27T20:36:24.920-0300] {processor.py:161} INFO - Started process (PID=17439) to work on /home/facuvega/Descargas/crypto-etl-airflow/airflow-apache/lib/python3.11/site-packages/airflow/example_dags/example_short_circuit_decorator.py
[2025-04-27T20:36:24.922-0300] {processor.py:830} INFO - Processing file /home/facuvega/Descargas/crypto-etl-airflow/airflow-apache/lib/python3.11/site-packages/airflow/example_dags/example_short_circuit_decorator.py for tasks to queue
[2025-04-27T20:36:24.923-0300] {logging_mixin.py:188} INFO - [2025-04-27T20:36:24.923-0300] {dagbag.py:540} INFO - Filling up the DagBag from /home/facuvega/Descargas/crypto-etl-airflow/airflow-apache/lib/python3.11/site-packages/airflow/example_dags/example_short_circuit_decorator.py
[2025-04-27T20:36:24.932-0300] {processor.py:840} INFO - DAG(s) 'example_short_circuit_decorator' retrieved from /home/facuvega/Descargas/crypto-etl-airflow/airflow-apache/lib/python3.11/site-packages/airflow/example_dags/example_short_circuit_decorator.py
[2025-04-27T20:36:24.947-0300] {logging_mixin.py:188} INFO - [2025-04-27T20:36:24.947-0300] {dag.py:3096} INFO - Sync 1 DAGs
[2025-04-27T20:36:24.963-0300] {logging_mixin.py:188} INFO - [2025-04-27T20:36:24.962-0300] {dag.py:3954} INFO - Setting next_dagrun for example_short_circuit_decorator to 2025-04-26 00:00:00+00:00, run_after=2025-04-27 00:00:00+00:00
[2025-04-27T20:36:24.977-0300] {processor.py:183} INFO - Processing /home/facuvega/Descargas/crypto-etl-airflow/airflow-apache/lib/python3.11/site-packages/airflow/example_dags/example_short_circuit_decorator.py took 0.062 seconds
[2025-04-27T20:37:24.012-0300] {processor.py:161} INFO - Started process (PID=17703) to work on /home/facuvega/Descargas/crypto-etl-airflow/airflow-apache/lib/python3.11/site-packages/airflow/example_dags/example_short_circuit_decorator.py
[2025-04-27T20:37:24.013-0300] {processor.py:830} INFO - Processing file /home/facuvega/Descargas/crypto-etl-airflow/airflow-apache/lib/python3.11/site-packages/airflow/example_dags/example_short_circuit_decorator.py for tasks to queue
[2025-04-27T20:37:24.014-0300] {logging_mixin.py:188} INFO - [2025-04-27T20:37:24.014-0300] {dagbag.py:540} INFO - Filling up the DagBag from /home/facuvega/Descargas/crypto-etl-airflow/airflow-apache/lib/python3.11/site-packages/airflow/example_dags/example_short_circuit_decorator.py
[2025-04-27T20:37:24.022-0300] {processor.py:840} INFO - DAG(s) 'example_short_circuit_decorator' retrieved from /home/facuvega/Descargas/crypto-etl-airflow/airflow-apache/lib/python3.11/site-packages/airflow/example_dags/example_short_circuit_decorator.py
[2025-04-27T20:37:24.035-0300] {logging_mixin.py:188} INFO - [2025-04-27T20:37:24.035-0300] {dag.py:3096} INFO - Sync 1 DAGs
[2025-04-27T20:37:24.049-0300] {logging_mixin.py:188} INFO - [2025-04-27T20:37:24.049-0300] {dag.py:3954} INFO - Setting next_dagrun for example_short_circuit_decorator to 2025-04-26 00:00:00+00:00, run_after=2025-04-27 00:00:00+00:00
[2025-04-27T20:37:24.063-0300] {processor.py:183} INFO - Processing /home/facuvega/Descargas/crypto-etl-airflow/airflow-apache/lib/python3.11/site-packages/airflow/example_dags/example_short_circuit_decorator.py took 0.056 seconds
[2025-04-27T20:38:04.019-0300] {processor.py:161} INFO - Started process (PID=17883) to work on /home/facuvega/Descargas/crypto-etl-airflow/airflow-apache/lib/python3.11/site-packages/airflow/example_dags/example_short_circuit_decorator.py
[2025-04-27T20:38:04.020-0300] {processor.py:830} INFO - Processing file /home/facuvega/Descargas/crypto-etl-airflow/airflow-apache/lib/python3.11/site-packages/airflow/example_dags/example_short_circuit_decorator.py for tasks to queue
[2025-04-27T20:38:04.021-0300] {logging_mixin.py:188} INFO - [2025-04-27T20:38:04.021-0300] {dagbag.py:540} INFO - Filling up the DagBag from /home/facuvega/Descargas/crypto-etl-airflow/airflow-apache/lib/python3.11/site-packages/airflow/example_dags/example_short_circuit_decorator.py
[2025-04-27T20:38:04.030-0300] {processor.py:840} INFO - DAG(s) 'example_short_circuit_decorator' retrieved from /home/facuvega/Descargas/crypto-etl-airflow/airflow-apache/lib/python3.11/site-packages/airflow/example_dags/example_short_circuit_decorator.py
[2025-04-27T20:38:04.046-0300] {logging_mixin.py:188} INFO - [2025-04-27T20:38:04.046-0300] {dag.py:3096} INFO - Sync 1 DAGs
[2025-04-27T20:38:04.063-0300] {logging_mixin.py:188} INFO - [2025-04-27T20:38:04.062-0300] {dag.py:3954} INFO - Setting next_dagrun for example_short_circuit_decorator to 2025-04-26 00:00:00+00:00, run_after=2025-04-27 00:00:00+00:00
[2025-04-27T20:38:04.079-0300] {processor.py:183} INFO - Processing /home/facuvega/Descargas/crypto-etl-airflow/airflow-apache/lib/python3.11/site-packages/airflow/example_dags/example_short_circuit_decorator.py took 0.066 seconds
[2025-04-27T20:38:46.497-0300] {processor.py:161} INFO - Started process (PID=18077) to work on /home/facuvega/Descargas/crypto-etl-airflow/airflow-apache/lib/python3.11/site-packages/airflow/example_dags/example_short_circuit_decorator.py
[2025-04-27T20:38:46.498-0300] {processor.py:830} INFO - Processing file /home/facuvega/Descargas/crypto-etl-airflow/airflow-apache/lib/python3.11/site-packages/airflow/example_dags/example_short_circuit_decorator.py for tasks to queue
[2025-04-27T20:38:46.499-0300] {logging_mixin.py:188} INFO - [2025-04-27T20:38:46.499-0300] {dagbag.py:540} INFO - Filling up the DagBag from /home/facuvega/Descargas/crypto-etl-airflow/airflow-apache/lib/python3.11/site-packages/airflow/example_dags/example_short_circuit_decorator.py
[2025-04-27T20:38:46.508-0300] {processor.py:840} INFO - DAG(s) 'example_short_circuit_decorator' retrieved from /home/facuvega/Descargas/crypto-etl-airflow/airflow-apache/lib/python3.11/site-packages/airflow/example_dags/example_short_circuit_decorator.py
[2025-04-27T20:38:46.524-0300] {logging_mixin.py:188} INFO - [2025-04-27T20:38:46.524-0300] {dag.py:3096} INFO - Sync 1 DAGs
[2025-04-27T20:38:46.540-0300] {logging_mixin.py:188} INFO - [2025-04-27T20:38:46.540-0300] {dag.py:3954} INFO - Setting next_dagrun for example_short_circuit_decorator to 2025-04-26 00:00:00+00:00, run_after=2025-04-27 00:00:00+00:00
[2025-04-27T20:38:46.555-0300] {processor.py:183} INFO - Processing /home/facuvega/Descargas/crypto-etl-airflow/airflow-apache/lib/python3.11/site-packages/airflow/example_dags/example_short_circuit_decorator.py took 0.063 seconds
[2025-04-27T20:39:27.010-0300] {processor.py:161} INFO - Started process (PID=18391) to work on /home/facuvega/Descargas/crypto-etl-airflow/airflow-apache/lib/python3.11/site-packages/airflow/example_dags/example_short_circuit_decorator.py
[2025-04-27T20:39:27.010-0300] {processor.py:830} INFO - Processing file /home/facuvega/Descargas/crypto-etl-airflow/airflow-apache/lib/python3.11/site-packages/airflow/example_dags/example_short_circuit_decorator.py for tasks to queue
[2025-04-27T20:39:27.012-0300] {logging_mixin.py:188} INFO - [2025-04-27T20:39:27.012-0300] {dagbag.py:540} INFO - Filling up the DagBag from /home/facuvega/Descargas/crypto-etl-airflow/airflow-apache/lib/python3.11/site-packages/airflow/example_dags/example_short_circuit_decorator.py
[2025-04-27T20:39:27.020-0300] {processor.py:840} INFO - DAG(s) 'example_short_circuit_decorator' retrieved from /home/facuvega/Descargas/crypto-etl-airflow/airflow-apache/lib/python3.11/site-packages/airflow/example_dags/example_short_circuit_decorator.py
[2025-04-27T20:39:27.036-0300] {logging_mixin.py:188} INFO - [2025-04-27T20:39:27.036-0300] {dag.py:3096} INFO - Sync 1 DAGs
[2025-04-27T20:39:27.051-0300] {logging_mixin.py:188} INFO - [2025-04-27T20:39:27.051-0300] {dag.py:3954} INFO - Setting next_dagrun for example_short_circuit_decorator to 2025-04-26 00:00:00+00:00, run_after=2025-04-27 00:00:00+00:00
[2025-04-27T20:39:27.066-0300] {processor.py:183} INFO - Processing /home/facuvega/Descargas/crypto-etl-airflow/airflow-apache/lib/python3.11/site-packages/airflow/example_dags/example_short_circuit_decorator.py took 0.062 seconds
[2025-04-27T20:40:26.592-0300] {processor.py:161} INFO - Started process (PID=18690) to work on /home/facuvega/Descargas/crypto-etl-airflow/airflow-apache/lib/python3.11/site-packages/airflow/example_dags/example_short_circuit_decorator.py
[2025-04-27T20:40:26.593-0300] {processor.py:830} INFO - Processing file /home/facuvega/Descargas/crypto-etl-airflow/airflow-apache/lib/python3.11/site-packages/airflow/example_dags/example_short_circuit_decorator.py for tasks to queue
[2025-04-27T20:40:26.595-0300] {logging_mixin.py:188} INFO - [2025-04-27T20:40:26.594-0300] {dagbag.py:540} INFO - Filling up the DagBag from /home/facuvega/Descargas/crypto-etl-airflow/airflow-apache/lib/python3.11/site-packages/airflow/example_dags/example_short_circuit_decorator.py
[2025-04-27T20:40:26.605-0300] {processor.py:840} INFO - DAG(s) 'example_short_circuit_decorator' retrieved from /home/facuvega/Descargas/crypto-etl-airflow/airflow-apache/lib/python3.11/site-packages/airflow/example_dags/example_short_circuit_decorator.py
[2025-04-27T20:40:26.623-0300] {logging_mixin.py:188} INFO - [2025-04-27T20:40:26.623-0300] {dag.py:3096} INFO - Sync 1 DAGs
[2025-04-27T20:40:26.642-0300] {logging_mixin.py:188} INFO - [2025-04-27T20:40:26.642-0300] {dag.py:3954} INFO - Setting next_dagrun for example_short_circuit_decorator to 2025-04-26 00:00:00+00:00, run_after=2025-04-27 00:00:00+00:00
[2025-04-27T20:40:26.660-0300] {processor.py:183} INFO - Processing /home/facuvega/Descargas/crypto-etl-airflow/airflow-apache/lib/python3.11/site-packages/airflow/example_dags/example_short_circuit_decorator.py took 0.076 seconds
[2025-04-27T20:41:11.693-0300] {processor.py:161} INFO - Started process (PID=18886) to work on /home/facuvega/Descargas/crypto-etl-airflow/airflow-apache/lib/python3.11/site-packages/airflow/example_dags/example_short_circuit_decorator.py
[2025-04-27T20:41:11.694-0300] {processor.py:830} INFO - Processing file /home/facuvega/Descargas/crypto-etl-airflow/airflow-apache/lib/python3.11/site-packages/airflow/example_dags/example_short_circuit_decorator.py for tasks to queue
[2025-04-27T20:41:11.696-0300] {logging_mixin.py:188} INFO - [2025-04-27T20:41:11.696-0300] {dagbag.py:540} INFO - Filling up the DagBag from /home/facuvega/Descargas/crypto-etl-airflow/airflow-apache/lib/python3.11/site-packages/airflow/example_dags/example_short_circuit_decorator.py
[2025-04-27T20:41:11.705-0300] {processor.py:840} INFO - DAG(s) 'example_short_circuit_decorator' retrieved from /home/facuvega/Descargas/crypto-etl-airflow/airflow-apache/lib/python3.11/site-packages/airflow/example_dags/example_short_circuit_decorator.py
[2025-04-27T20:41:11.720-0300] {logging_mixin.py:188} INFO - [2025-04-27T20:41:11.720-0300] {dag.py:3096} INFO - Sync 1 DAGs
[2025-04-27T20:41:11.739-0300] {logging_mixin.py:188} INFO - [2025-04-27T20:41:11.739-0300] {dag.py:3954} INFO - Setting next_dagrun for example_short_circuit_decorator to 2025-04-26 00:00:00+00:00, run_after=2025-04-27 00:00:00+00:00
[2025-04-27T20:41:11.757-0300] {processor.py:183} INFO - Processing /home/facuvega/Descargas/crypto-etl-airflow/airflow-apache/lib/python3.11/site-packages/airflow/example_dags/example_short_circuit_decorator.py took 0.069 seconds
[2025-04-27T20:41:52.610-0300] {processor.py:161} INFO - Started process (PID=19075) to work on /home/facuvega/Descargas/crypto-etl-airflow/airflow-apache/lib/python3.11/site-packages/airflow/example_dags/example_short_circuit_decorator.py
[2025-04-27T20:41:52.611-0300] {processor.py:830} INFO - Processing file /home/facuvega/Descargas/crypto-etl-airflow/airflow-apache/lib/python3.11/site-packages/airflow/example_dags/example_short_circuit_decorator.py for tasks to queue
[2025-04-27T20:41:52.612-0300] {logging_mixin.py:188} INFO - [2025-04-27T20:41:52.612-0300] {dagbag.py:540} INFO - Filling up the DagBag from /home/facuvega/Descargas/crypto-etl-airflow/airflow-apache/lib/python3.11/site-packages/airflow/example_dags/example_short_circuit_decorator.py
[2025-04-27T20:41:52.620-0300] {processor.py:840} INFO - DAG(s) 'example_short_circuit_decorator' retrieved from /home/facuvega/Descargas/crypto-etl-airflow/airflow-apache/lib/python3.11/site-packages/airflow/example_dags/example_short_circuit_decorator.py
[2025-04-27T20:41:52.635-0300] {logging_mixin.py:188} INFO - [2025-04-27T20:41:52.634-0300] {dag.py:3096} INFO - Sync 1 DAGs
[2025-04-27T20:41:52.649-0300] {logging_mixin.py:188} INFO - [2025-04-27T20:41:52.649-0300] {dag.py:3954} INFO - Setting next_dagrun for example_short_circuit_decorator to 2025-04-26 00:00:00+00:00, run_after=2025-04-27 00:00:00+00:00
[2025-04-27T20:41:52.664-0300] {processor.py:183} INFO - Processing /home/facuvega/Descargas/crypto-etl-airflow/airflow-apache/lib/python3.11/site-packages/airflow/example_dags/example_short_circuit_decorator.py took 0.060 seconds
[2025-04-27T20:42:33.610-0300] {processor.py:161} INFO - Started process (PID=19261) to work on /home/facuvega/Descargas/crypto-etl-airflow/airflow-apache/lib/python3.11/site-packages/airflow/example_dags/example_short_circuit_decorator.py
[2025-04-27T20:42:33.611-0300] {processor.py:830} INFO - Processing file /home/facuvega/Descargas/crypto-etl-airflow/airflow-apache/lib/python3.11/site-packages/airflow/example_dags/example_short_circuit_decorator.py for tasks to queue
[2025-04-27T20:42:33.613-0300] {logging_mixin.py:188} INFO - [2025-04-27T20:42:33.613-0300] {dagbag.py:540} INFO - Filling up the DagBag from /home/facuvega/Descargas/crypto-etl-airflow/airflow-apache/lib/python3.11/site-packages/airflow/example_dags/example_short_circuit_decorator.py
[2025-04-27T20:42:33.621-0300] {processor.py:840} INFO - DAG(s) 'example_short_circuit_decorator' retrieved from /home/facuvega/Descargas/crypto-etl-airflow/airflow-apache/lib/python3.11/site-packages/airflow/example_dags/example_short_circuit_decorator.py
[2025-04-27T20:42:33.634-0300] {logging_mixin.py:188} INFO - [2025-04-27T20:42:33.634-0300] {dag.py:3096} INFO - Sync 1 DAGs
[2025-04-27T20:42:33.648-0300] {logging_mixin.py:188} INFO - [2025-04-27T20:42:33.648-0300] {dag.py:3954} INFO - Setting next_dagrun for example_short_circuit_decorator to 2025-04-26 00:00:00+00:00, run_after=2025-04-27 00:00:00+00:00
[2025-04-27T20:42:33.662-0300] {processor.py:183} INFO - Processing /home/facuvega/Descargas/crypto-etl-airflow/airflow-apache/lib/python3.11/site-packages/airflow/example_dags/example_short_circuit_decorator.py took 0.057 seconds
[2025-04-27T20:43:15.176-0300] {processor.py:161} INFO - Started process (PID=19451) to work on /home/facuvega/Descargas/crypto-etl-airflow/airflow-apache/lib/python3.11/site-packages/airflow/example_dags/example_short_circuit_decorator.py
[2025-04-27T20:43:15.177-0300] {processor.py:830} INFO - Processing file /home/facuvega/Descargas/crypto-etl-airflow/airflow-apache/lib/python3.11/site-packages/airflow/example_dags/example_short_circuit_decorator.py for tasks to queue
[2025-04-27T20:43:15.179-0300] {logging_mixin.py:188} INFO - [2025-04-27T20:43:15.179-0300] {dagbag.py:540} INFO - Filling up the DagBag from /home/facuvega/Descargas/crypto-etl-airflow/airflow-apache/lib/python3.11/site-packages/airflow/example_dags/example_short_circuit_decorator.py
[2025-04-27T20:43:15.186-0300] {processor.py:840} INFO - DAG(s) 'example_short_circuit_decorator' retrieved from /home/facuvega/Descargas/crypto-etl-airflow/airflow-apache/lib/python3.11/site-packages/airflow/example_dags/example_short_circuit_decorator.py
[2025-04-27T20:43:15.200-0300] {logging_mixin.py:188} INFO - [2025-04-27T20:43:15.200-0300] {dag.py:3096} INFO - Sync 1 DAGs
[2025-04-27T20:43:15.214-0300] {logging_mixin.py:188} INFO - [2025-04-27T20:43:15.214-0300] {dag.py:3954} INFO - Setting next_dagrun for example_short_circuit_decorator to 2025-04-26 00:00:00+00:00, run_after=2025-04-27 00:00:00+00:00
[2025-04-27T20:43:15.230-0300] {processor.py:183} INFO - Processing /home/facuvega/Descargas/crypto-etl-airflow/airflow-apache/lib/python3.11/site-packages/airflow/example_dags/example_short_circuit_decorator.py took 0.059 seconds
[2025-04-27T20:44:09.901-0300] {processor.py:161} INFO - Started process (PID=19711) to work on /home/facuvega/Descargas/crypto-etl-airflow/airflow-apache/lib/python3.11/site-packages/airflow/example_dags/example_short_circuit_decorator.py
[2025-04-27T20:44:09.902-0300] {processor.py:830} INFO - Processing file /home/facuvega/Descargas/crypto-etl-airflow/airflow-apache/lib/python3.11/site-packages/airflow/example_dags/example_short_circuit_decorator.py for tasks to queue
[2025-04-27T20:44:09.904-0300] {logging_mixin.py:188} INFO - [2025-04-27T20:44:09.904-0300] {dagbag.py:540} INFO - Filling up the DagBag from /home/facuvega/Descargas/crypto-etl-airflow/airflow-apache/lib/python3.11/site-packages/airflow/example_dags/example_short_circuit_decorator.py
[2025-04-27T20:44:09.912-0300] {processor.py:840} INFO - DAG(s) 'example_short_circuit_decorator' retrieved from /home/facuvega/Descargas/crypto-etl-airflow/airflow-apache/lib/python3.11/site-packages/airflow/example_dags/example_short_circuit_decorator.py
[2025-04-27T20:44:09.927-0300] {logging_mixin.py:188} INFO - [2025-04-27T20:44:09.927-0300] {dag.py:3096} INFO - Sync 1 DAGs
[2025-04-27T20:44:09.943-0300] {logging_mixin.py:188} INFO - [2025-04-27T20:44:09.943-0300] {dag.py:3954} INFO - Setting next_dagrun for example_short_circuit_decorator to 2025-04-26 00:00:00+00:00, run_after=2025-04-27 00:00:00+00:00
[2025-04-27T20:44:09.958-0300] {processor.py:183} INFO - Processing /home/facuvega/Descargas/crypto-etl-airflow/airflow-apache/lib/python3.11/site-packages/airflow/example_dags/example_short_circuit_decorator.py took 0.062 seconds
[2025-04-27T20:44:53.881-0300] {processor.py:161} INFO - Started process (PID=19940) to work on /home/facuvega/Descargas/crypto-etl-airflow/airflow-apache/lib/python3.11/site-packages/airflow/example_dags/example_short_circuit_decorator.py
[2025-04-27T20:44:53.882-0300] {processor.py:830} INFO - Processing file /home/facuvega/Descargas/crypto-etl-airflow/airflow-apache/lib/python3.11/site-packages/airflow/example_dags/example_short_circuit_decorator.py for tasks to queue
[2025-04-27T20:44:53.884-0300] {logging_mixin.py:188} INFO - [2025-04-27T20:44:53.884-0300] {dagbag.py:540} INFO - Filling up the DagBag from /home/facuvega/Descargas/crypto-etl-airflow/airflow-apache/lib/python3.11/site-packages/airflow/example_dags/example_short_circuit_decorator.py
[2025-04-27T20:44:53.895-0300] {processor.py:840} INFO - DAG(s) 'example_short_circuit_decorator' retrieved from /home/facuvega/Descargas/crypto-etl-airflow/airflow-apache/lib/python3.11/site-packages/airflow/example_dags/example_short_circuit_decorator.py
[2025-04-27T20:44:53.911-0300] {logging_mixin.py:188} INFO - [2025-04-27T20:44:53.911-0300] {dag.py:3096} INFO - Sync 1 DAGs
[2025-04-27T20:44:53.927-0300] {logging_mixin.py:188} INFO - [2025-04-27T20:44:53.927-0300] {dag.py:3954} INFO - Setting next_dagrun for example_short_circuit_decorator to 2025-04-26 00:00:00+00:00, run_after=2025-04-27 00:00:00+00:00
[2025-04-27T20:44:53.943-0300] {processor.py:183} INFO - Processing /home/facuvega/Descargas/crypto-etl-airflow/airflow-apache/lib/python3.11/site-packages/airflow/example_dags/example_short_circuit_decorator.py took 0.068 seconds
[2025-04-27T20:45:50.437-0300] {processor.py:161} INFO - Started process (PID=20202) to work on /home/facuvega/Descargas/crypto-etl-airflow/airflow-apache/lib/python3.11/site-packages/airflow/example_dags/example_short_circuit_decorator.py
[2025-04-27T20:45:50.438-0300] {processor.py:830} INFO - Processing file /home/facuvega/Descargas/crypto-etl-airflow/airflow-apache/lib/python3.11/site-packages/airflow/example_dags/example_short_circuit_decorator.py for tasks to queue
[2025-04-27T20:45:50.440-0300] {logging_mixin.py:188} INFO - [2025-04-27T20:45:50.439-0300] {dagbag.py:540} INFO - Filling up the DagBag from /home/facuvega/Descargas/crypto-etl-airflow/airflow-apache/lib/python3.11/site-packages/airflow/example_dags/example_short_circuit_decorator.py
[2025-04-27T20:45:50.449-0300] {processor.py:840} INFO - DAG(s) 'example_short_circuit_decorator' retrieved from /home/facuvega/Descargas/crypto-etl-airflow/airflow-apache/lib/python3.11/site-packages/airflow/example_dags/example_short_circuit_decorator.py
[2025-04-27T20:45:50.466-0300] {logging_mixin.py:188} INFO - [2025-04-27T20:45:50.466-0300] {dag.py:3096} INFO - Sync 1 DAGs
[2025-04-27T20:45:50.479-0300] {logging_mixin.py:188} INFO - [2025-04-27T20:45:50.479-0300] {dag.py:3954} INFO - Setting next_dagrun for example_short_circuit_decorator to 2025-04-26 00:00:00+00:00, run_after=2025-04-27 00:00:00+00:00
[2025-04-27T20:45:50.491-0300] {processor.py:183} INFO - Processing /home/facuvega/Descargas/crypto-etl-airflow/airflow-apache/lib/python3.11/site-packages/airflow/example_dags/example_short_circuit_decorator.py took 0.059 seconds
[2025-04-27T20:46:47.586-0300] {processor.py:161} INFO - Started process (PID=20460) to work on /home/facuvega/Descargas/crypto-etl-airflow/airflow-apache/lib/python3.11/site-packages/airflow/example_dags/example_short_circuit_decorator.py
[2025-04-27T20:46:47.586-0300] {processor.py:830} INFO - Processing file /home/facuvega/Descargas/crypto-etl-airflow/airflow-apache/lib/python3.11/site-packages/airflow/example_dags/example_short_circuit_decorator.py for tasks to queue
[2025-04-27T20:46:47.588-0300] {logging_mixin.py:188} INFO - [2025-04-27T20:46:47.588-0300] {dagbag.py:540} INFO - Filling up the DagBag from /home/facuvega/Descargas/crypto-etl-airflow/airflow-apache/lib/python3.11/site-packages/airflow/example_dags/example_short_circuit_decorator.py
[2025-04-27T20:46:47.598-0300] {processor.py:840} INFO - DAG(s) 'example_short_circuit_decorator' retrieved from /home/facuvega/Descargas/crypto-etl-airflow/airflow-apache/lib/python3.11/site-packages/airflow/example_dags/example_short_circuit_decorator.py
[2025-04-27T20:46:47.617-0300] {logging_mixin.py:188} INFO - [2025-04-27T20:46:47.617-0300] {dag.py:3096} INFO - Sync 1 DAGs
[2025-04-27T20:46:47.636-0300] {logging_mixin.py:188} INFO - [2025-04-27T20:46:47.636-0300] {dag.py:3954} INFO - Setting next_dagrun for example_short_circuit_decorator to 2025-04-26 00:00:00+00:00, run_after=2025-04-27 00:00:00+00:00
[2025-04-27T20:46:47.651-0300] {processor.py:183} INFO - Processing /home/facuvega/Descargas/crypto-etl-airflow/airflow-apache/lib/python3.11/site-packages/airflow/example_dags/example_short_circuit_decorator.py took 0.071 seconds
[2025-04-27T20:47:30.812-0300] {processor.py:161} INFO - Started process (PID=20811) to work on /home/facuvega/Descargas/crypto-etl-airflow/airflow-apache/lib/python3.11/site-packages/airflow/example_dags/example_short_circuit_decorator.py
[2025-04-27T20:47:30.813-0300] {processor.py:830} INFO - Processing file /home/facuvega/Descargas/crypto-etl-airflow/airflow-apache/lib/python3.11/site-packages/airflow/example_dags/example_short_circuit_decorator.py for tasks to queue
[2025-04-27T20:47:30.815-0300] {logging_mixin.py:188} INFO - [2025-04-27T20:47:30.815-0300] {dagbag.py:540} INFO - Filling up the DagBag from /home/facuvega/Descargas/crypto-etl-airflow/airflow-apache/lib/python3.11/site-packages/airflow/example_dags/example_short_circuit_decorator.py
[2025-04-27T20:47:30.824-0300] {processor.py:840} INFO - DAG(s) 'example_short_circuit_decorator' retrieved from /home/facuvega/Descargas/crypto-etl-airflow/airflow-apache/lib/python3.11/site-packages/airflow/example_dags/example_short_circuit_decorator.py
[2025-04-27T20:47:30.839-0300] {logging_mixin.py:188} INFO - [2025-04-27T20:47:30.839-0300] {dag.py:3096} INFO - Sync 1 DAGs
[2025-04-27T20:47:30.855-0300] {logging_mixin.py:188} INFO - [2025-04-27T20:47:30.855-0300] {dag.py:3954} INFO - Setting next_dagrun for example_short_circuit_decorator to 2025-04-26 00:00:00+00:00, run_after=2025-04-27 00:00:00+00:00
[2025-04-27T20:47:30.871-0300] {processor.py:183} INFO - Processing /home/facuvega/Descargas/crypto-etl-airflow/airflow-apache/lib/python3.11/site-packages/airflow/example_dags/example_short_circuit_decorator.py took 0.069 seconds
[2025-04-27T20:48:31.474-0300] {processor.py:161} INFO - Started process (PID=21196) to work on /home/facuvega/Descargas/crypto-etl-airflow/airflow-apache/lib/python3.11/site-packages/airflow/example_dags/example_short_circuit_decorator.py
[2025-04-27T20:48:31.475-0300] {processor.py:830} INFO - Processing file /home/facuvega/Descargas/crypto-etl-airflow/airflow-apache/lib/python3.11/site-packages/airflow/example_dags/example_short_circuit_decorator.py for tasks to queue
[2025-04-27T20:48:31.477-0300] {logging_mixin.py:188} INFO - [2025-04-27T20:48:31.477-0300] {dagbag.py:540} INFO - Filling up the DagBag from /home/facuvega/Descargas/crypto-etl-airflow/airflow-apache/lib/python3.11/site-packages/airflow/example_dags/example_short_circuit_decorator.py
[2025-04-27T20:48:31.488-0300] {processor.py:840} INFO - DAG(s) 'example_short_circuit_decorator' retrieved from /home/facuvega/Descargas/crypto-etl-airflow/airflow-apache/lib/python3.11/site-packages/airflow/example_dags/example_short_circuit_decorator.py
[2025-04-27T20:48:31.507-0300] {logging_mixin.py:188} INFO - [2025-04-27T20:48:31.506-0300] {dag.py:3096} INFO - Sync 1 DAGs
[2025-04-27T20:48:31.525-0300] {logging_mixin.py:188} INFO - [2025-04-27T20:48:31.525-0300] {dag.py:3954} INFO - Setting next_dagrun for example_short_circuit_decorator to 2025-04-26 00:00:00+00:00, run_after=2025-04-27 00:00:00+00:00
[2025-04-27T20:48:31.540-0300] {processor.py:183} INFO - Processing /home/facuvega/Descargas/crypto-etl-airflow/airflow-apache/lib/python3.11/site-packages/airflow/example_dags/example_short_circuit_decorator.py took 0.072 seconds
[2025-04-27T20:49:15.318-0300] {processor.py:161} INFO - Started process (PID=21464) to work on /home/facuvega/Descargas/crypto-etl-airflow/airflow-apache/lib/python3.11/site-packages/airflow/example_dags/example_short_circuit_decorator.py
[2025-04-27T20:49:15.319-0300] {processor.py:830} INFO - Processing file /home/facuvega/Descargas/crypto-etl-airflow/airflow-apache/lib/python3.11/site-packages/airflow/example_dags/example_short_circuit_decorator.py for tasks to queue
[2025-04-27T20:49:15.321-0300] {logging_mixin.py:188} INFO - [2025-04-27T20:49:15.320-0300] {dagbag.py:540} INFO - Filling up the DagBag from /home/facuvega/Descargas/crypto-etl-airflow/airflow-apache/lib/python3.11/site-packages/airflow/example_dags/example_short_circuit_decorator.py
[2025-04-27T20:49:15.330-0300] {processor.py:840} INFO - DAG(s) 'example_short_circuit_decorator' retrieved from /home/facuvega/Descargas/crypto-etl-airflow/airflow-apache/lib/python3.11/site-packages/airflow/example_dags/example_short_circuit_decorator.py
[2025-04-27T20:49:15.345-0300] {logging_mixin.py:188} INFO - [2025-04-27T20:49:15.345-0300] {dag.py:3096} INFO - Sync 1 DAGs
[2025-04-27T20:49:15.362-0300] {logging_mixin.py:188} INFO - [2025-04-27T20:49:15.362-0300] {dag.py:3954} INFO - Setting next_dagrun for example_short_circuit_decorator to 2025-04-26 00:00:00+00:00, run_after=2025-04-27 00:00:00+00:00
[2025-04-27T20:49:15.380-0300] {processor.py:183} INFO - Processing /home/facuvega/Descargas/crypto-etl-airflow/airflow-apache/lib/python3.11/site-packages/airflow/example_dags/example_short_circuit_decorator.py took 0.068 seconds
[2025-04-27T20:49:59.643-0300] {processor.py:161} INFO - Started process (PID=21775) to work on /home/facuvega/Descargas/crypto-etl-airflow/airflow-apache/lib/python3.11/site-packages/airflow/example_dags/example_short_circuit_decorator.py
[2025-04-27T20:49:59.644-0300] {processor.py:830} INFO - Processing file /home/facuvega/Descargas/crypto-etl-airflow/airflow-apache/lib/python3.11/site-packages/airflow/example_dags/example_short_circuit_decorator.py for tasks to queue
[2025-04-27T20:49:59.646-0300] {logging_mixin.py:188} INFO - [2025-04-27T20:49:59.645-0300] {dagbag.py:540} INFO - Filling up the DagBag from /home/facuvega/Descargas/crypto-etl-airflow/airflow-apache/lib/python3.11/site-packages/airflow/example_dags/example_short_circuit_decorator.py
[2025-04-27T20:49:59.658-0300] {processor.py:840} INFO - DAG(s) 'example_short_circuit_decorator' retrieved from /home/facuvega/Descargas/crypto-etl-airflow/airflow-apache/lib/python3.11/site-packages/airflow/example_dags/example_short_circuit_decorator.py
[2025-04-27T20:49:59.674-0300] {logging_mixin.py:188} INFO - [2025-04-27T20:49:59.674-0300] {dag.py:3096} INFO - Sync 1 DAGs
[2025-04-27T20:49:59.691-0300] {logging_mixin.py:188} INFO - [2025-04-27T20:49:59.691-0300] {dag.py:3954} INFO - Setting next_dagrun for example_short_circuit_decorator to 2025-04-26 00:00:00+00:00, run_after=2025-04-27 00:00:00+00:00
[2025-04-27T20:49:59.709-0300] {processor.py:183} INFO - Processing /home/facuvega/Descargas/crypto-etl-airflow/airflow-apache/lib/python3.11/site-packages/airflow/example_dags/example_short_circuit_decorator.py took 0.073 seconds
[2025-04-27T20:50:45.093-0300] {processor.py:161} INFO - Started process (PID=22029) to work on /home/facuvega/Descargas/crypto-etl-airflow/airflow-apache/lib/python3.11/site-packages/airflow/example_dags/example_short_circuit_decorator.py
[2025-04-27T20:50:45.094-0300] {processor.py:830} INFO - Processing file /home/facuvega/Descargas/crypto-etl-airflow/airflow-apache/lib/python3.11/site-packages/airflow/example_dags/example_short_circuit_decorator.py for tasks to queue
[2025-04-27T20:50:45.096-0300] {logging_mixin.py:188} INFO - [2025-04-27T20:50:45.096-0300] {dagbag.py:540} INFO - Filling up the DagBag from /home/facuvega/Descargas/crypto-etl-airflow/airflow-apache/lib/python3.11/site-packages/airflow/example_dags/example_short_circuit_decorator.py
[2025-04-27T20:50:45.105-0300] {processor.py:840} INFO - DAG(s) 'example_short_circuit_decorator' retrieved from /home/facuvega/Descargas/crypto-etl-airflow/airflow-apache/lib/python3.11/site-packages/airflow/example_dags/example_short_circuit_decorator.py
[2025-04-27T20:50:45.119-0300] {logging_mixin.py:188} INFO - [2025-04-27T20:50:45.119-0300] {dag.py:3096} INFO - Sync 1 DAGs
[2025-04-27T20:50:45.133-0300] {logging_mixin.py:188} INFO - [2025-04-27T20:50:45.133-0300] {dag.py:3954} INFO - Setting next_dagrun for example_short_circuit_decorator to 2025-04-26 00:00:00+00:00, run_after=2025-04-27 00:00:00+00:00
[2025-04-27T20:50:45.146-0300] {processor.py:183} INFO - Processing /home/facuvega/Descargas/crypto-etl-airflow/airflow-apache/lib/python3.11/site-packages/airflow/example_dags/example_short_circuit_decorator.py took 0.059 seconds
[2025-04-27T20:51:40.748-0300] {processor.py:161} INFO - Started process (PID=22508) to work on /home/facuvega/Descargas/crypto-etl-airflow/airflow-apache/lib/python3.11/site-packages/airflow/example_dags/example_short_circuit_decorator.py
[2025-04-27T20:51:40.749-0300] {processor.py:830} INFO - Processing file /home/facuvega/Descargas/crypto-etl-airflow/airflow-apache/lib/python3.11/site-packages/airflow/example_dags/example_short_circuit_decorator.py for tasks to queue
[2025-04-27T20:51:40.750-0300] {logging_mixin.py:188} INFO - [2025-04-27T20:51:40.750-0300] {dagbag.py:540} INFO - Filling up the DagBag from /home/facuvega/Descargas/crypto-etl-airflow/airflow-apache/lib/python3.11/site-packages/airflow/example_dags/example_short_circuit_decorator.py
[2025-04-27T20:51:40.758-0300] {processor.py:840} INFO - DAG(s) 'example_short_circuit_decorator' retrieved from /home/facuvega/Descargas/crypto-etl-airflow/airflow-apache/lib/python3.11/site-packages/airflow/example_dags/example_short_circuit_decorator.py
[2025-04-27T20:51:40.772-0300] {logging_mixin.py:188} INFO - [2025-04-27T20:51:40.772-0300] {dag.py:3096} INFO - Sync 1 DAGs
[2025-04-27T20:51:40.785-0300] {logging_mixin.py:188} INFO - [2025-04-27T20:51:40.785-0300] {dag.py:3954} INFO - Setting next_dagrun for example_short_circuit_decorator to 2025-04-26 00:00:00+00:00, run_after=2025-04-27 00:00:00+00:00
[2025-04-27T20:51:40.799-0300] {processor.py:183} INFO - Processing /home/facuvega/Descargas/crypto-etl-airflow/airflow-apache/lib/python3.11/site-packages/airflow/example_dags/example_short_circuit_decorator.py took 0.057 seconds
