[2025-04-27T20:10:12.889-0300] {processor.py:161} INFO - Started process (PID=9352) to work on /home/facuvega/Descargas/crypto-etl-airflow/airflow-apache/lib/python3.11/site-packages/airflow/example_dags/example_setup_teardown_taskflow.py
[2025-04-27T20:10:12.890-0300] {processor.py:830} INFO - Processing file /home/facuvega/Descargas/crypto-etl-airflow/airflow-apache/lib/python3.11/site-packages/airflow/example_dags/example_setup_teardown_taskflow.py for tasks to queue
[2025-04-27T20:10:12.892-0300] {logging_mixin.py:188} INFO - [2025-04-27T20:10:12.891-0300] {dagbag.py:540} INFO - Filling up the DagBag from /home/facuvega/Descargas/crypto-etl-airflow/airflow-apache/lib/python3.11/site-packages/airflow/example_dags/example_setup_teardown_taskflow.py
[2025-04-27T20:10:12.907-0300] {processor.py:840} INFO - DAG(s) 'example_setup_teardown_taskflow' retrieved from /home/facuvega/Descargas/crypto-etl-airflow/airflow-apache/lib/python3.11/site-packages/airflow/example_dags/example_setup_teardown_taskflow.py
[2025-04-27T20:10:13.153-0300] {logging_mixin.py:188} INFO - [2025-04-27T20:10:13.153-0300] {override.py:1829} INFO - Created Permission View: can edit on DAG:example_setup_teardown_taskflow
[2025-04-27T20:10:13.218-0300] {logging_mixin.py:188} INFO - [2025-04-27T20:10:13.218-0300] {override.py:1829} INFO - Created Permission View: can delete on DAG:example_setup_teardown_taskflow
[2025-04-27T20:10:13.254-0300] {logging_mixin.py:188} INFO - [2025-04-27T20:10:13.251-0300] {override.py:1829} INFO - Created Permission View: can read on DAG:example_setup_teardown_taskflow
[2025-04-27T20:10:13.257-0300] {logging_mixin.py:188} INFO - [2025-04-27T20:10:13.257-0300] {dag.py:3096} INFO - Sync 1 DAGs
[2025-04-27T20:10:13.296-0300] {logging_mixin.py:188} INFO - [2025-04-27T20:10:13.296-0300] {dag.py:3118} INFO - Creating ORM DAG for example_setup_teardown_taskflow
[2025-04-27T20:10:13.319-0300] {logging_mixin.py:188} INFO - [2025-04-27T20:10:13.319-0300] {dag.py:3954} INFO - Setting next_dagrun for example_setup_teardown_taskflow to 2025-04-26 00:00:00+00:00, run_after=2025-04-27 00:00:00+00:00
[2025-04-27T20:10:13.344-0300] {processor.py:183} INFO - Processing /home/facuvega/Descargas/crypto-etl-airflow/airflow-apache/lib/python3.11/site-packages/airflow/example_dags/example_setup_teardown_taskflow.py took 0.460 seconds
[2025-04-27T20:11:11.944-0300] {processor.py:161} INFO - Started process (PID=9871) to work on /home/facuvega/Descargas/crypto-etl-airflow/airflow-apache/lib/python3.11/site-packages/airflow/example_dags/example_setup_teardown_taskflow.py
[2025-04-27T20:11:11.945-0300] {processor.py:830} INFO - Processing file /home/facuvega/Descargas/crypto-etl-airflow/airflow-apache/lib/python3.11/site-packages/airflow/example_dags/example_setup_teardown_taskflow.py for tasks to queue
[2025-04-27T20:11:11.947-0300] {logging_mixin.py:188} INFO - [2025-04-27T20:11:11.946-0300] {dagbag.py:540} INFO - Filling up the DagBag from /home/facuvega/Descargas/crypto-etl-airflow/airflow-apache/lib/python3.11/site-packages/airflow/example_dags/example_setup_teardown_taskflow.py
[2025-04-27T20:11:11.958-0300] {processor.py:840} INFO - DAG(s) 'example_setup_teardown_taskflow' retrieved from /home/facuvega/Descargas/crypto-etl-airflow/airflow-apache/lib/python3.11/site-packages/airflow/example_dags/example_setup_teardown_taskflow.py
[2025-04-27T20:11:11.974-0300] {logging_mixin.py:188} INFO - [2025-04-27T20:11:11.974-0300] {dag.py:3096} INFO - Sync 1 DAGs
[2025-04-27T20:11:11.988-0300] {logging_mixin.py:188} INFO - [2025-04-27T20:11:11.988-0300] {dag.py:3954} INFO - Setting next_dagrun for example_setup_teardown_taskflow to 2025-04-26 00:00:00+00:00, run_after=2025-04-27 00:00:00+00:00
[2025-04-27T20:11:12.004-0300] {processor.py:183} INFO - Processing /home/facuvega/Descargas/crypto-etl-airflow/airflow-apache/lib/python3.11/site-packages/airflow/example_dags/example_setup_teardown_taskflow.py took 0.067 seconds
[2025-04-27T20:12:02.077-0300] {processor.py:161} INFO - Started process (PID=10159) to work on /home/facuvega/Descargas/crypto-etl-airflow/airflow-apache/lib/python3.11/site-packages/airflow/example_dags/example_setup_teardown_taskflow.py
[2025-04-27T20:12:02.078-0300] {processor.py:830} INFO - Processing file /home/facuvega/Descargas/crypto-etl-airflow/airflow-apache/lib/python3.11/site-packages/airflow/example_dags/example_setup_teardown_taskflow.py for tasks to queue
[2025-04-27T20:12:02.080-0300] {logging_mixin.py:188} INFO - [2025-04-27T20:12:02.080-0300] {dagbag.py:540} INFO - Filling up the DagBag from /home/facuvega/Descargas/crypto-etl-airflow/airflow-apache/lib/python3.11/site-packages/airflow/example_dags/example_setup_teardown_taskflow.py
[2025-04-27T20:12:02.088-0300] {processor.py:840} INFO - DAG(s) 'example_setup_teardown_taskflow' retrieved from /home/facuvega/Descargas/crypto-etl-airflow/airflow-apache/lib/python3.11/site-packages/airflow/example_dags/example_setup_teardown_taskflow.py
[2025-04-27T20:12:02.101-0300] {logging_mixin.py:188} INFO - [2025-04-27T20:12:02.101-0300] {dag.py:3096} INFO - Sync 1 DAGs
[2025-04-27T20:12:02.115-0300] {logging_mixin.py:188} INFO - [2025-04-27T20:12:02.114-0300] {dag.py:3954} INFO - Setting next_dagrun for example_setup_teardown_taskflow to 2025-04-26 00:00:00+00:00, run_after=2025-04-27 00:00:00+00:00
[2025-04-27T20:12:02.127-0300] {processor.py:183} INFO - Processing /home/facuvega/Descargas/crypto-etl-airflow/airflow-apache/lib/python3.11/site-packages/airflow/example_dags/example_setup_teardown_taskflow.py took 0.055 seconds
[2025-04-27T20:12:53.792-0300] {processor.py:161} INFO - Started process (PID=10535) to work on /home/facuvega/Descargas/crypto-etl-airflow/airflow-apache/lib/python3.11/site-packages/airflow/example_dags/example_setup_teardown_taskflow.py
[2025-04-27T20:12:53.794-0300] {processor.py:830} INFO - Processing file /home/facuvega/Descargas/crypto-etl-airflow/airflow-apache/lib/python3.11/site-packages/airflow/example_dags/example_setup_teardown_taskflow.py for tasks to queue
[2025-04-27T20:12:53.797-0300] {logging_mixin.py:188} INFO - [2025-04-27T20:12:53.796-0300] {dagbag.py:540} INFO - Filling up the DagBag from /home/facuvega/Descargas/crypto-etl-airflow/airflow-apache/lib/python3.11/site-packages/airflow/example_dags/example_setup_teardown_taskflow.py
[2025-04-27T20:12:53.813-0300] {processor.py:840} INFO - DAG(s) 'example_setup_teardown_taskflow' retrieved from /home/facuvega/Descargas/crypto-etl-airflow/airflow-apache/lib/python3.11/site-packages/airflow/example_dags/example_setup_teardown_taskflow.py
[2025-04-27T20:12:53.830-0300] {logging_mixin.py:188} INFO - [2025-04-27T20:12:53.830-0300] {dag.py:3096} INFO - Sync 1 DAGs
[2025-04-27T20:12:53.849-0300] {logging_mixin.py:188} INFO - [2025-04-27T20:12:53.849-0300] {dag.py:3954} INFO - Setting next_dagrun for example_setup_teardown_taskflow to 2025-04-26 00:00:00+00:00, run_after=2025-04-27 00:00:00+00:00
[2025-04-27T20:12:53.864-0300] {processor.py:183} INFO - Processing /home/facuvega/Descargas/crypto-etl-airflow/airflow-apache/lib/python3.11/site-packages/airflow/example_dags/example_setup_teardown_taskflow.py took 0.081 seconds
[2025-04-27T20:13:50.362-0300] {processor.py:161} INFO - Started process (PID=10801) to work on /home/facuvega/Descargas/crypto-etl-airflow/airflow-apache/lib/python3.11/site-packages/airflow/example_dags/example_setup_teardown_taskflow.py
[2025-04-27T20:13:50.363-0300] {processor.py:830} INFO - Processing file /home/facuvega/Descargas/crypto-etl-airflow/airflow-apache/lib/python3.11/site-packages/airflow/example_dags/example_setup_teardown_taskflow.py for tasks to queue
[2025-04-27T20:13:50.365-0300] {logging_mixin.py:188} INFO - [2025-04-27T20:13:50.364-0300] {dagbag.py:540} INFO - Filling up the DagBag from /home/facuvega/Descargas/crypto-etl-airflow/airflow-apache/lib/python3.11/site-packages/airflow/example_dags/example_setup_teardown_taskflow.py
[2025-04-27T20:13:50.373-0300] {processor.py:840} INFO - DAG(s) 'example_setup_teardown_taskflow' retrieved from /home/facuvega/Descargas/crypto-etl-airflow/airflow-apache/lib/python3.11/site-packages/airflow/example_dags/example_setup_teardown_taskflow.py
[2025-04-27T20:13:50.387-0300] {logging_mixin.py:188} INFO - [2025-04-27T20:13:50.387-0300] {dag.py:3096} INFO - Sync 1 DAGs
[2025-04-27T20:13:50.402-0300] {logging_mixin.py:188} INFO - [2025-04-27T20:13:50.401-0300] {dag.py:3954} INFO - Setting next_dagrun for example_setup_teardown_taskflow to 2025-04-26 00:00:00+00:00, run_after=2025-04-27 00:00:00+00:00
[2025-04-27T20:13:50.416-0300] {processor.py:183} INFO - Processing /home/facuvega/Descargas/crypto-etl-airflow/airflow-apache/lib/python3.11/site-packages/airflow/example_dags/example_setup_teardown_taskflow.py took 0.059 seconds
[2025-04-27T20:14:49.779-0300] {processor.py:161} INFO - Started process (PID=11092) to work on /home/facuvega/Descargas/crypto-etl-airflow/airflow-apache/lib/python3.11/site-packages/airflow/example_dags/example_setup_teardown_taskflow.py
[2025-04-27T20:14:49.780-0300] {processor.py:830} INFO - Processing file /home/facuvega/Descargas/crypto-etl-airflow/airflow-apache/lib/python3.11/site-packages/airflow/example_dags/example_setup_teardown_taskflow.py for tasks to queue
[2025-04-27T20:14:49.782-0300] {logging_mixin.py:188} INFO - [2025-04-27T20:14:49.781-0300] {dagbag.py:540} INFO - Filling up the DagBag from /home/facuvega/Descargas/crypto-etl-airflow/airflow-apache/lib/python3.11/site-packages/airflow/example_dags/example_setup_teardown_taskflow.py
[2025-04-27T20:14:49.791-0300] {processor.py:840} INFO - DAG(s) 'example_setup_teardown_taskflow' retrieved from /home/facuvega/Descargas/crypto-etl-airflow/airflow-apache/lib/python3.11/site-packages/airflow/example_dags/example_setup_teardown_taskflow.py
[2025-04-27T20:14:49.806-0300] {logging_mixin.py:188} INFO - [2025-04-27T20:14:49.805-0300] {dag.py:3096} INFO - Sync 1 DAGs
[2025-04-27T20:14:49.822-0300] {logging_mixin.py:188} INFO - [2025-04-27T20:14:49.822-0300] {dag.py:3954} INFO - Setting next_dagrun for example_setup_teardown_taskflow to 2025-04-26 00:00:00+00:00, run_after=2025-04-27 00:00:00+00:00
[2025-04-27T20:14:49.837-0300] {processor.py:183} INFO - Processing /home/facuvega/Descargas/crypto-etl-airflow/airflow-apache/lib/python3.11/site-packages/airflow/example_dags/example_setup_teardown_taskflow.py took 0.063 seconds
[2025-04-27T20:15:48.270-0300] {processor.py:161} INFO - Started process (PID=11362) to work on /home/facuvega/Descargas/crypto-etl-airflow/airflow-apache/lib/python3.11/site-packages/airflow/example_dags/example_setup_teardown_taskflow.py
[2025-04-27T20:15:48.271-0300] {processor.py:830} INFO - Processing file /home/facuvega/Descargas/crypto-etl-airflow/airflow-apache/lib/python3.11/site-packages/airflow/example_dags/example_setup_teardown_taskflow.py for tasks to queue
[2025-04-27T20:15:48.273-0300] {logging_mixin.py:188} INFO - [2025-04-27T20:15:48.273-0300] {dagbag.py:540} INFO - Filling up the DagBag from /home/facuvega/Descargas/crypto-etl-airflow/airflow-apache/lib/python3.11/site-packages/airflow/example_dags/example_setup_teardown_taskflow.py
[2025-04-27T20:15:48.283-0300] {processor.py:840} INFO - DAG(s) 'example_setup_teardown_taskflow' retrieved from /home/facuvega/Descargas/crypto-etl-airflow/airflow-apache/lib/python3.11/site-packages/airflow/example_dags/example_setup_teardown_taskflow.py
[2025-04-27T20:15:48.299-0300] {logging_mixin.py:188} INFO - [2025-04-27T20:15:48.299-0300] {dag.py:3096} INFO - Sync 1 DAGs
[2025-04-27T20:15:48.318-0300] {logging_mixin.py:188} INFO - [2025-04-27T20:15:48.317-0300] {dag.py:3954} INFO - Setting next_dagrun for example_setup_teardown_taskflow to 2025-04-26 00:00:00+00:00, run_after=2025-04-27 00:00:00+00:00
[2025-04-27T20:15:48.334-0300] {processor.py:183} INFO - Processing /home/facuvega/Descargas/crypto-etl-airflow/airflow-apache/lib/python3.11/site-packages/airflow/example_dags/example_setup_teardown_taskflow.py took 0.070 seconds
[2025-04-27T20:16:49.060-0300] {processor.py:161} INFO - Started process (PID=11637) to work on /home/facuvega/Descargas/crypto-etl-airflow/airflow-apache/lib/python3.11/site-packages/airflow/example_dags/example_setup_teardown_taskflow.py
[2025-04-27T20:16:49.061-0300] {processor.py:830} INFO - Processing file /home/facuvega/Descargas/crypto-etl-airflow/airflow-apache/lib/python3.11/site-packages/airflow/example_dags/example_setup_teardown_taskflow.py for tasks to queue
[2025-04-27T20:16:49.063-0300] {logging_mixin.py:188} INFO - [2025-04-27T20:16:49.062-0300] {dagbag.py:540} INFO - Filling up the DagBag from /home/facuvega/Descargas/crypto-etl-airflow/airflow-apache/lib/python3.11/site-packages/airflow/example_dags/example_setup_teardown_taskflow.py
[2025-04-27T20:16:49.072-0300] {processor.py:840} INFO - DAG(s) 'example_setup_teardown_taskflow' retrieved from /home/facuvega/Descargas/crypto-etl-airflow/airflow-apache/lib/python3.11/site-packages/airflow/example_dags/example_setup_teardown_taskflow.py
[2025-04-27T20:16:49.085-0300] {logging_mixin.py:188} INFO - [2025-04-27T20:16:49.085-0300] {dag.py:3096} INFO - Sync 1 DAGs
[2025-04-27T20:16:49.098-0300] {logging_mixin.py:188} INFO - [2025-04-27T20:16:49.098-0300] {dag.py:3954} INFO - Setting next_dagrun for example_setup_teardown_taskflow to 2025-04-26 00:00:00+00:00, run_after=2025-04-27 00:00:00+00:00
[2025-04-27T20:16:49.113-0300] {processor.py:183} INFO - Processing /home/facuvega/Descargas/crypto-etl-airflow/airflow-apache/lib/python3.11/site-packages/airflow/example_dags/example_setup_teardown_taskflow.py took 0.059 seconds
[2025-04-27T20:17:31.945-0300] {processor.py:161} INFO - Started process (PID=11827) to work on /home/facuvega/Descargas/crypto-etl-airflow/airflow-apache/lib/python3.11/site-packages/airflow/example_dags/example_setup_teardown_taskflow.py
[2025-04-27T20:17:31.946-0300] {processor.py:830} INFO - Processing file /home/facuvega/Descargas/crypto-etl-airflow/airflow-apache/lib/python3.11/site-packages/airflow/example_dags/example_setup_teardown_taskflow.py for tasks to queue
[2025-04-27T20:17:31.948-0300] {logging_mixin.py:188} INFO - [2025-04-27T20:17:31.948-0300] {dagbag.py:540} INFO - Filling up the DagBag from /home/facuvega/Descargas/crypto-etl-airflow/airflow-apache/lib/python3.11/site-packages/airflow/example_dags/example_setup_teardown_taskflow.py
[2025-04-27T20:17:31.958-0300] {processor.py:840} INFO - DAG(s) 'example_setup_teardown_taskflow' retrieved from /home/facuvega/Descargas/crypto-etl-airflow/airflow-apache/lib/python3.11/site-packages/airflow/example_dags/example_setup_teardown_taskflow.py
[2025-04-27T20:17:31.972-0300] {logging_mixin.py:188} INFO - [2025-04-27T20:17:31.972-0300] {dag.py:3096} INFO - Sync 1 DAGs
[2025-04-27T20:17:31.988-0300] {logging_mixin.py:188} INFO - [2025-04-27T20:17:31.988-0300] {dag.py:3954} INFO - Setting next_dagrun for example_setup_teardown_taskflow to 2025-04-26 00:00:00+00:00, run_after=2025-04-27 00:00:00+00:00
[2025-04-27T20:17:32.003-0300] {processor.py:183} INFO - Processing /home/facuvega/Descargas/crypto-etl-airflow/airflow-apache/lib/python3.11/site-packages/airflow/example_dags/example_setup_teardown_taskflow.py took 0.064 seconds
[2025-04-27T20:18:30.519-0300] {processor.py:161} INFO - Started process (PID=12224) to work on /home/facuvega/Descargas/crypto-etl-airflow/airflow-apache/lib/python3.11/site-packages/airflow/example_dags/example_setup_teardown_taskflow.py
[2025-04-27T20:18:30.520-0300] {processor.py:830} INFO - Processing file /home/facuvega/Descargas/crypto-etl-airflow/airflow-apache/lib/python3.11/site-packages/airflow/example_dags/example_setup_teardown_taskflow.py for tasks to queue
[2025-04-27T20:18:30.522-0300] {logging_mixin.py:188} INFO - [2025-04-27T20:18:30.522-0300] {dagbag.py:540} INFO - Filling up the DagBag from /home/facuvega/Descargas/crypto-etl-airflow/airflow-apache/lib/python3.11/site-packages/airflow/example_dags/example_setup_teardown_taskflow.py
[2025-04-27T20:18:30.536-0300] {processor.py:840} INFO - DAG(s) 'example_setup_teardown_taskflow' retrieved from /home/facuvega/Descargas/crypto-etl-airflow/airflow-apache/lib/python3.11/site-packages/airflow/example_dags/example_setup_teardown_taskflow.py
[2025-04-27T20:18:30.550-0300] {logging_mixin.py:188} INFO - [2025-04-27T20:18:30.550-0300] {dag.py:3096} INFO - Sync 1 DAGs
[2025-04-27T20:18:30.564-0300] {logging_mixin.py:188} INFO - [2025-04-27T20:18:30.563-0300] {dag.py:3954} INFO - Setting next_dagrun for example_setup_teardown_taskflow to 2025-04-26 00:00:00+00:00, run_after=2025-04-27 00:00:00+00:00
[2025-04-27T20:18:30.577-0300] {processor.py:183} INFO - Processing /home/facuvega/Descargas/crypto-etl-airflow/airflow-apache/lib/python3.11/site-packages/airflow/example_dags/example_setup_teardown_taskflow.py took 0.064 seconds
[2025-04-27T20:19:12.161-0300] {processor.py:161} INFO - Started process (PID=12418) to work on /home/facuvega/Descargas/crypto-etl-airflow/airflow-apache/lib/python3.11/site-packages/airflow/example_dags/example_setup_teardown_taskflow.py
[2025-04-27T20:19:12.162-0300] {processor.py:830} INFO - Processing file /home/facuvega/Descargas/crypto-etl-airflow/airflow-apache/lib/python3.11/site-packages/airflow/example_dags/example_setup_teardown_taskflow.py for tasks to queue
[2025-04-27T20:19:12.164-0300] {logging_mixin.py:188} INFO - [2025-04-27T20:19:12.163-0300] {dagbag.py:540} INFO - Filling up the DagBag from /home/facuvega/Descargas/crypto-etl-airflow/airflow-apache/lib/python3.11/site-packages/airflow/example_dags/example_setup_teardown_taskflow.py
[2025-04-27T20:19:12.172-0300] {processor.py:840} INFO - DAG(s) 'example_setup_teardown_taskflow' retrieved from /home/facuvega/Descargas/crypto-etl-airflow/airflow-apache/lib/python3.11/site-packages/airflow/example_dags/example_setup_teardown_taskflow.py
[2025-04-27T20:19:12.188-0300] {logging_mixin.py:188} INFO - [2025-04-27T20:19:12.187-0300] {dag.py:3096} INFO - Sync 1 DAGs
[2025-04-27T20:19:12.203-0300] {logging_mixin.py:188} INFO - [2025-04-27T20:19:12.203-0300] {dag.py:3954} INFO - Setting next_dagrun for example_setup_teardown_taskflow to 2025-04-26 00:00:00+00:00, run_after=2025-04-27 00:00:00+00:00
[2025-04-27T20:19:12.218-0300] {processor.py:183} INFO - Processing /home/facuvega/Descargas/crypto-etl-airflow/airflow-apache/lib/python3.11/site-packages/airflow/example_dags/example_setup_teardown_taskflow.py took 0.062 seconds
[2025-04-27T20:20:09.772-0300] {processor.py:161} INFO - Started process (PID=12728) to work on /home/facuvega/Descargas/crypto-etl-airflow/airflow-apache/lib/python3.11/site-packages/airflow/example_dags/example_setup_teardown_taskflow.py
[2025-04-27T20:20:09.773-0300] {processor.py:830} INFO - Processing file /home/facuvega/Descargas/crypto-etl-airflow/airflow-apache/lib/python3.11/site-packages/airflow/example_dags/example_setup_teardown_taskflow.py for tasks to queue
[2025-04-27T20:20:09.774-0300] {logging_mixin.py:188} INFO - [2025-04-27T20:20:09.774-0300] {dagbag.py:540} INFO - Filling up the DagBag from /home/facuvega/Descargas/crypto-etl-airflow/airflow-apache/lib/python3.11/site-packages/airflow/example_dags/example_setup_teardown_taskflow.py
[2025-04-27T20:20:09.784-0300] {processor.py:840} INFO - DAG(s) 'example_setup_teardown_taskflow' retrieved from /home/facuvega/Descargas/crypto-etl-airflow/airflow-apache/lib/python3.11/site-packages/airflow/example_dags/example_setup_teardown_taskflow.py
[2025-04-27T20:20:09.799-0300] {logging_mixin.py:188} INFO - [2025-04-27T20:20:09.799-0300] {dag.py:3096} INFO - Sync 1 DAGs
[2025-04-27T20:20:09.820-0300] {logging_mixin.py:188} INFO - [2025-04-27T20:20:09.820-0300] {dag.py:3954} INFO - Setting next_dagrun for example_setup_teardown_taskflow to 2025-04-26 00:00:00+00:00, run_after=2025-04-27 00:00:00+00:00
[2025-04-27T20:20:09.841-0300] {processor.py:183} INFO - Processing /home/facuvega/Descargas/crypto-etl-airflow/airflow-apache/lib/python3.11/site-packages/airflow/example_dags/example_setup_teardown_taskflow.py took 0.075 seconds
[2025-04-27T20:21:09.514-0300] {processor.py:161} INFO - Started process (PID=13002) to work on /home/facuvega/Descargas/crypto-etl-airflow/airflow-apache/lib/python3.11/site-packages/airflow/example_dags/example_setup_teardown_taskflow.py
[2025-04-27T20:21:09.514-0300] {processor.py:830} INFO - Processing file /home/facuvega/Descargas/crypto-etl-airflow/airflow-apache/lib/python3.11/site-packages/airflow/example_dags/example_setup_teardown_taskflow.py for tasks to queue
[2025-04-27T20:21:09.516-0300] {logging_mixin.py:188} INFO - [2025-04-27T20:21:09.516-0300] {dagbag.py:540} INFO - Filling up the DagBag from /home/facuvega/Descargas/crypto-etl-airflow/airflow-apache/lib/python3.11/site-packages/airflow/example_dags/example_setup_teardown_taskflow.py
[2025-04-27T20:21:09.525-0300] {processor.py:840} INFO - DAG(s) 'example_setup_teardown_taskflow' retrieved from /home/facuvega/Descargas/crypto-etl-airflow/airflow-apache/lib/python3.11/site-packages/airflow/example_dags/example_setup_teardown_taskflow.py
[2025-04-27T20:21:09.538-0300] {logging_mixin.py:188} INFO - [2025-04-27T20:21:09.538-0300] {dag.py:3096} INFO - Sync 1 DAGs
[2025-04-27T20:21:09.554-0300] {logging_mixin.py:188} INFO - [2025-04-27T20:21:09.554-0300] {dag.py:3954} INFO - Setting next_dagrun for example_setup_teardown_taskflow to 2025-04-26 00:00:00+00:00, run_after=2025-04-27 00:00:00+00:00
[2025-04-27T20:21:09.569-0300] {processor.py:183} INFO - Processing /home/facuvega/Descargas/crypto-etl-airflow/airflow-apache/lib/python3.11/site-packages/airflow/example_dags/example_setup_teardown_taskflow.py took 0.060 seconds
[2025-04-27T20:21:53.052-0300] {processor.py:161} INFO - Started process (PID=13193) to work on /home/facuvega/Descargas/crypto-etl-airflow/airflow-apache/lib/python3.11/site-packages/airflow/example_dags/example_setup_teardown_taskflow.py
[2025-04-27T20:21:53.053-0300] {processor.py:830} INFO - Processing file /home/facuvega/Descargas/crypto-etl-airflow/airflow-apache/lib/python3.11/site-packages/airflow/example_dags/example_setup_teardown_taskflow.py for tasks to queue
[2025-04-27T20:21:53.054-0300] {logging_mixin.py:188} INFO - [2025-04-27T20:21:53.054-0300] {dagbag.py:540} INFO - Filling up the DagBag from /home/facuvega/Descargas/crypto-etl-airflow/airflow-apache/lib/python3.11/site-packages/airflow/example_dags/example_setup_teardown_taskflow.py
[2025-04-27T20:21:53.062-0300] {processor.py:840} INFO - DAG(s) 'example_setup_teardown_taskflow' retrieved from /home/facuvega/Descargas/crypto-etl-airflow/airflow-apache/lib/python3.11/site-packages/airflow/example_dags/example_setup_teardown_taskflow.py
[2025-04-27T20:21:53.077-0300] {logging_mixin.py:188} INFO - [2025-04-27T20:21:53.077-0300] {dag.py:3096} INFO - Sync 1 DAGs
[2025-04-27T20:21:53.094-0300] {logging_mixin.py:188} INFO - [2025-04-27T20:21:53.093-0300] {dag.py:3954} INFO - Setting next_dagrun for example_setup_teardown_taskflow to 2025-04-26 00:00:00+00:00, run_after=2025-04-27 00:00:00+00:00
[2025-04-27T20:21:53.113-0300] {processor.py:183} INFO - Processing /home/facuvega/Descargas/crypto-etl-airflow/airflow-apache/lib/python3.11/site-packages/airflow/example_dags/example_setup_teardown_taskflow.py took 0.067 seconds
[2025-04-27T20:22:56.027-0300] {processor.py:161} INFO - Started process (PID=13474) to work on /home/facuvega/Descargas/crypto-etl-airflow/airflow-apache/lib/python3.11/site-packages/airflow/example_dags/example_setup_teardown_taskflow.py
[2025-04-27T20:22:56.028-0300] {processor.py:830} INFO - Processing file /home/facuvega/Descargas/crypto-etl-airflow/airflow-apache/lib/python3.11/site-packages/airflow/example_dags/example_setup_teardown_taskflow.py for tasks to queue
[2025-04-27T20:22:56.029-0300] {logging_mixin.py:188} INFO - [2025-04-27T20:22:56.029-0300] {dagbag.py:540} INFO - Filling up the DagBag from /home/facuvega/Descargas/crypto-etl-airflow/airflow-apache/lib/python3.11/site-packages/airflow/example_dags/example_setup_teardown_taskflow.py
[2025-04-27T20:22:56.038-0300] {processor.py:840} INFO - DAG(s) 'example_setup_teardown_taskflow' retrieved from /home/facuvega/Descargas/crypto-etl-airflow/airflow-apache/lib/python3.11/site-packages/airflow/example_dags/example_setup_teardown_taskflow.py
[2025-04-27T20:22:56.051-0300] {logging_mixin.py:188} INFO - [2025-04-27T20:22:56.051-0300] {dag.py:3096} INFO - Sync 1 DAGs
[2025-04-27T20:22:56.066-0300] {logging_mixin.py:188} INFO - [2025-04-27T20:22:56.065-0300] {dag.py:3954} INFO - Setting next_dagrun for example_setup_teardown_taskflow to 2025-04-26 00:00:00+00:00, run_after=2025-04-27 00:00:00+00:00
[2025-04-27T20:22:56.078-0300] {processor.py:183} INFO - Processing /home/facuvega/Descargas/crypto-etl-airflow/airflow-apache/lib/python3.11/site-packages/airflow/example_dags/example_setup_teardown_taskflow.py took 0.056 seconds
[2025-04-27T20:23:39.019-0300] {processor.py:161} INFO - Started process (PID=13664) to work on /home/facuvega/Descargas/crypto-etl-airflow/airflow-apache/lib/python3.11/site-packages/airflow/example_dags/example_setup_teardown_taskflow.py
[2025-04-27T20:23:39.020-0300] {processor.py:830} INFO - Processing file /home/facuvega/Descargas/crypto-etl-airflow/airflow-apache/lib/python3.11/site-packages/airflow/example_dags/example_setup_teardown_taskflow.py for tasks to queue
[2025-04-27T20:23:39.022-0300] {logging_mixin.py:188} INFO - [2025-04-27T20:23:39.021-0300] {dagbag.py:540} INFO - Filling up the DagBag from /home/facuvega/Descargas/crypto-etl-airflow/airflow-apache/lib/python3.11/site-packages/airflow/example_dags/example_setup_teardown_taskflow.py
[2025-04-27T20:23:39.033-0300] {processor.py:840} INFO - DAG(s) 'example_setup_teardown_taskflow' retrieved from /home/facuvega/Descargas/crypto-etl-airflow/airflow-apache/lib/python3.11/site-packages/airflow/example_dags/example_setup_teardown_taskflow.py
[2025-04-27T20:23:39.051-0300] {logging_mixin.py:188} INFO - [2025-04-27T20:23:39.050-0300] {dag.py:3096} INFO - Sync 1 DAGs
[2025-04-27T20:23:39.072-0300] {logging_mixin.py:188} INFO - [2025-04-27T20:23:39.072-0300] {dag.py:3954} INFO - Setting next_dagrun for example_setup_teardown_taskflow to 2025-04-26 00:00:00+00:00, run_after=2025-04-27 00:00:00+00:00
[2025-04-27T20:23:39.087-0300] {processor.py:183} INFO - Processing /home/facuvega/Descargas/crypto-etl-airflow/airflow-apache/lib/python3.11/site-packages/airflow/example_dags/example_setup_teardown_taskflow.py took 0.075 seconds
[2025-04-27T20:24:34.424-0300] {processor.py:161} INFO - Started process (PID=13921) to work on /home/facuvega/Descargas/crypto-etl-airflow/airflow-apache/lib/python3.11/site-packages/airflow/example_dags/example_setup_teardown_taskflow.py
[2025-04-27T20:24:34.425-0300] {processor.py:830} INFO - Processing file /home/facuvega/Descargas/crypto-etl-airflow/airflow-apache/lib/python3.11/site-packages/airflow/example_dags/example_setup_teardown_taskflow.py for tasks to queue
[2025-04-27T20:24:34.426-0300] {logging_mixin.py:188} INFO - [2025-04-27T20:24:34.426-0300] {dagbag.py:540} INFO - Filling up the DagBag from /home/facuvega/Descargas/crypto-etl-airflow/airflow-apache/lib/python3.11/site-packages/airflow/example_dags/example_setup_teardown_taskflow.py
[2025-04-27T20:24:34.434-0300] {processor.py:840} INFO - DAG(s) 'example_setup_teardown_taskflow' retrieved from /home/facuvega/Descargas/crypto-etl-airflow/airflow-apache/lib/python3.11/site-packages/airflow/example_dags/example_setup_teardown_taskflow.py
[2025-04-27T20:24:34.447-0300] {logging_mixin.py:188} INFO - [2025-04-27T20:24:34.447-0300] {dag.py:3096} INFO - Sync 1 DAGs
[2025-04-27T20:24:34.460-0300] {logging_mixin.py:188} INFO - [2025-04-27T20:24:34.460-0300] {dag.py:3954} INFO - Setting next_dagrun for example_setup_teardown_taskflow to 2025-04-26 00:00:00+00:00, run_after=2025-04-27 00:00:00+00:00
[2025-04-27T20:24:34.472-0300] {processor.py:183} INFO - Processing /home/facuvega/Descargas/crypto-etl-airflow/airflow-apache/lib/python3.11/site-packages/airflow/example_dags/example_setup_teardown_taskflow.py took 0.053 seconds
[2025-04-27T20:25:30.903-0300] {processor.py:161} INFO - Started process (PID=14210) to work on /home/facuvega/Descargas/crypto-etl-airflow/airflow-apache/lib/python3.11/site-packages/airflow/example_dags/example_setup_teardown_taskflow.py
[2025-04-27T20:25:30.904-0300] {processor.py:830} INFO - Processing file /home/facuvega/Descargas/crypto-etl-airflow/airflow-apache/lib/python3.11/site-packages/airflow/example_dags/example_setup_teardown_taskflow.py for tasks to queue
[2025-04-27T20:25:30.907-0300] {logging_mixin.py:188} INFO - [2025-04-27T20:25:30.906-0300] {dagbag.py:540} INFO - Filling up the DagBag from /home/facuvega/Descargas/crypto-etl-airflow/airflow-apache/lib/python3.11/site-packages/airflow/example_dags/example_setup_teardown_taskflow.py
[2025-04-27T20:25:30.916-0300] {processor.py:840} INFO - DAG(s) 'example_setup_teardown_taskflow' retrieved from /home/facuvega/Descargas/crypto-etl-airflow/airflow-apache/lib/python3.11/site-packages/airflow/example_dags/example_setup_teardown_taskflow.py
[2025-04-27T20:25:30.932-0300] {logging_mixin.py:188} INFO - [2025-04-27T20:25:30.932-0300] {dag.py:3096} INFO - Sync 1 DAGs
[2025-04-27T20:25:30.952-0300] {logging_mixin.py:188} INFO - [2025-04-27T20:25:30.952-0300] {dag.py:3954} INFO - Setting next_dagrun for example_setup_teardown_taskflow to 2025-04-26 00:00:00+00:00, run_after=2025-04-27 00:00:00+00:00
[2025-04-27T20:25:30.968-0300] {processor.py:183} INFO - Processing /home/facuvega/Descargas/crypto-etl-airflow/airflow-apache/lib/python3.11/site-packages/airflow/example_dags/example_setup_teardown_taskflow.py took 0.070 seconds
[2025-04-27T20:26:15.311-0300] {processor.py:161} INFO - Started process (PID=14411) to work on /home/facuvega/Descargas/crypto-etl-airflow/airflow-apache/lib/python3.11/site-packages/airflow/example_dags/example_setup_teardown_taskflow.py
[2025-04-27T20:26:15.313-0300] {processor.py:830} INFO - Processing file /home/facuvega/Descargas/crypto-etl-airflow/airflow-apache/lib/python3.11/site-packages/airflow/example_dags/example_setup_teardown_taskflow.py for tasks to queue
[2025-04-27T20:26:15.314-0300] {logging_mixin.py:188} INFO - [2025-04-27T20:26:15.314-0300] {dagbag.py:540} INFO - Filling up the DagBag from /home/facuvega/Descargas/crypto-etl-airflow/airflow-apache/lib/python3.11/site-packages/airflow/example_dags/example_setup_teardown_taskflow.py
[2025-04-27T20:26:15.322-0300] {processor.py:840} INFO - DAG(s) 'example_setup_teardown_taskflow' retrieved from /home/facuvega/Descargas/crypto-etl-airflow/airflow-apache/lib/python3.11/site-packages/airflow/example_dags/example_setup_teardown_taskflow.py
[2025-04-27T20:26:15.335-0300] {logging_mixin.py:188} INFO - [2025-04-27T20:26:15.335-0300] {dag.py:3096} INFO - Sync 1 DAGs
[2025-04-27T20:26:15.349-0300] {logging_mixin.py:188} INFO - [2025-04-27T20:26:15.349-0300] {dag.py:3954} INFO - Setting next_dagrun for example_setup_teardown_taskflow to 2025-04-26 00:00:00+00:00, run_after=2025-04-27 00:00:00+00:00
[2025-04-27T20:26:15.365-0300] {processor.py:183} INFO - Processing /home/facuvega/Descargas/crypto-etl-airflow/airflow-apache/lib/python3.11/site-packages/airflow/example_dags/example_setup_teardown_taskflow.py took 0.058 seconds
[2025-04-27T20:27:14.752-0300] {processor.py:161} INFO - Started process (PID=14695) to work on /home/facuvega/Descargas/crypto-etl-airflow/airflow-apache/lib/python3.11/site-packages/airflow/example_dags/example_setup_teardown_taskflow.py
[2025-04-27T20:27:14.753-0300] {processor.py:830} INFO - Processing file /home/facuvega/Descargas/crypto-etl-airflow/airflow-apache/lib/python3.11/site-packages/airflow/example_dags/example_setup_teardown_taskflow.py for tasks to queue
[2025-04-27T20:27:14.755-0300] {logging_mixin.py:188} INFO - [2025-04-27T20:27:14.754-0300] {dagbag.py:540} INFO - Filling up the DagBag from /home/facuvega/Descargas/crypto-etl-airflow/airflow-apache/lib/python3.11/site-packages/airflow/example_dags/example_setup_teardown_taskflow.py
[2025-04-27T20:27:14.763-0300] {processor.py:840} INFO - DAG(s) 'example_setup_teardown_taskflow' retrieved from /home/facuvega/Descargas/crypto-etl-airflow/airflow-apache/lib/python3.11/site-packages/airflow/example_dags/example_setup_teardown_taskflow.py
[2025-04-27T20:27:14.779-0300] {logging_mixin.py:188} INFO - [2025-04-27T20:27:14.779-0300] {dag.py:3096} INFO - Sync 1 DAGs
[2025-04-27T20:27:14.795-0300] {logging_mixin.py:188} INFO - [2025-04-27T20:27:14.795-0300] {dag.py:3954} INFO - Setting next_dagrun for example_setup_teardown_taskflow to 2025-04-26 00:00:00+00:00, run_after=2025-04-27 00:00:00+00:00
[2025-04-27T20:27:14.808-0300] {processor.py:183} INFO - Processing /home/facuvega/Descargas/crypto-etl-airflow/airflow-apache/lib/python3.11/site-packages/airflow/example_dags/example_setup_teardown_taskflow.py took 0.062 seconds
[2025-04-27T20:28:12.349-0300] {processor.py:161} INFO - Started process (PID=14956) to work on /home/facuvega/Descargas/crypto-etl-airflow/airflow-apache/lib/python3.11/site-packages/airflow/example_dags/example_setup_teardown_taskflow.py
[2025-04-27T20:28:12.350-0300] {processor.py:830} INFO - Processing file /home/facuvega/Descargas/crypto-etl-airflow/airflow-apache/lib/python3.11/site-packages/airflow/example_dags/example_setup_teardown_taskflow.py for tasks to queue
[2025-04-27T20:28:12.352-0300] {logging_mixin.py:188} INFO - [2025-04-27T20:28:12.352-0300] {dagbag.py:540} INFO - Filling up the DagBag from /home/facuvega/Descargas/crypto-etl-airflow/airflow-apache/lib/python3.11/site-packages/airflow/example_dags/example_setup_teardown_taskflow.py
[2025-04-27T20:28:12.360-0300] {processor.py:840} INFO - DAG(s) 'example_setup_teardown_taskflow' retrieved from /home/facuvega/Descargas/crypto-etl-airflow/airflow-apache/lib/python3.11/site-packages/airflow/example_dags/example_setup_teardown_taskflow.py
[2025-04-27T20:28:12.373-0300] {logging_mixin.py:188} INFO - [2025-04-27T20:28:12.373-0300] {dag.py:3096} INFO - Sync 1 DAGs
[2025-04-27T20:28:12.387-0300] {logging_mixin.py:188} INFO - [2025-04-27T20:28:12.387-0300] {dag.py:3954} INFO - Setting next_dagrun for example_setup_teardown_taskflow to 2025-04-26 00:00:00+00:00, run_after=2025-04-27 00:00:00+00:00
[2025-04-27T20:28:12.403-0300] {processor.py:183} INFO - Processing /home/facuvega/Descargas/crypto-etl-airflow/airflow-apache/lib/python3.11/site-packages/airflow/example_dags/example_setup_teardown_taskflow.py took 0.059 seconds
[2025-04-27T20:28:55.406-0300] {processor.py:161} INFO - Started process (PID=15149) to work on /home/facuvega/Descargas/crypto-etl-airflow/airflow-apache/lib/python3.11/site-packages/airflow/example_dags/example_setup_teardown_taskflow.py
[2025-04-27T20:28:55.407-0300] {processor.py:830} INFO - Processing file /home/facuvega/Descargas/crypto-etl-airflow/airflow-apache/lib/python3.11/site-packages/airflow/example_dags/example_setup_teardown_taskflow.py for tasks to queue
[2025-04-27T20:28:55.408-0300] {logging_mixin.py:188} INFO - [2025-04-27T20:28:55.408-0300] {dagbag.py:540} INFO - Filling up the DagBag from /home/facuvega/Descargas/crypto-etl-airflow/airflow-apache/lib/python3.11/site-packages/airflow/example_dags/example_setup_teardown_taskflow.py
[2025-04-27T20:28:55.419-0300] {processor.py:840} INFO - DAG(s) 'example_setup_teardown_taskflow' retrieved from /home/facuvega/Descargas/crypto-etl-airflow/airflow-apache/lib/python3.11/site-packages/airflow/example_dags/example_setup_teardown_taskflow.py
[2025-04-27T20:28:55.435-0300] {logging_mixin.py:188} INFO - [2025-04-27T20:28:55.435-0300] {dag.py:3096} INFO - Sync 1 DAGs
[2025-04-27T20:28:55.454-0300] {logging_mixin.py:188} INFO - [2025-04-27T20:28:55.454-0300] {dag.py:3954} INFO - Setting next_dagrun for example_setup_teardown_taskflow to 2025-04-26 00:00:00+00:00, run_after=2025-04-27 00:00:00+00:00
[2025-04-27T20:28:55.477-0300] {processor.py:183} INFO - Processing /home/facuvega/Descargas/crypto-etl-airflow/airflow-apache/lib/python3.11/site-packages/airflow/example_dags/example_setup_teardown_taskflow.py took 0.076 seconds
[2025-04-27T20:29:37.277-0300] {processor.py:161} INFO - Started process (PID=15341) to work on /home/facuvega/Descargas/crypto-etl-airflow/airflow-apache/lib/python3.11/site-packages/airflow/example_dags/example_setup_teardown_taskflow.py
[2025-04-27T20:29:37.278-0300] {processor.py:830} INFO - Processing file /home/facuvega/Descargas/crypto-etl-airflow/airflow-apache/lib/python3.11/site-packages/airflow/example_dags/example_setup_teardown_taskflow.py for tasks to queue
[2025-04-27T20:29:37.280-0300] {logging_mixin.py:188} INFO - [2025-04-27T20:29:37.279-0300] {dagbag.py:540} INFO - Filling up the DagBag from /home/facuvega/Descargas/crypto-etl-airflow/airflow-apache/lib/python3.11/site-packages/airflow/example_dags/example_setup_teardown_taskflow.py
[2025-04-27T20:29:37.288-0300] {processor.py:840} INFO - DAG(s) 'example_setup_teardown_taskflow' retrieved from /home/facuvega/Descargas/crypto-etl-airflow/airflow-apache/lib/python3.11/site-packages/airflow/example_dags/example_setup_teardown_taskflow.py
[2025-04-27T20:29:37.302-0300] {logging_mixin.py:188} INFO - [2025-04-27T20:29:37.301-0300] {dag.py:3096} INFO - Sync 1 DAGs
[2025-04-27T20:29:37.317-0300] {logging_mixin.py:188} INFO - [2025-04-27T20:29:37.317-0300] {dag.py:3954} INFO - Setting next_dagrun for example_setup_teardown_taskflow to 2025-04-26 00:00:00+00:00, run_after=2025-04-27 00:00:00+00:00
[2025-04-27T20:29:37.334-0300] {processor.py:183} INFO - Processing /home/facuvega/Descargas/crypto-etl-airflow/airflow-apache/lib/python3.11/site-packages/airflow/example_dags/example_setup_teardown_taskflow.py took 0.063 seconds
[2025-04-27T20:30:33.853-0300] {processor.py:161} INFO - Started process (PID=15633) to work on /home/facuvega/Descargas/crypto-etl-airflow/airflow-apache/lib/python3.11/site-packages/airflow/example_dags/example_setup_teardown_taskflow.py
[2025-04-27T20:30:33.854-0300] {processor.py:830} INFO - Processing file /home/facuvega/Descargas/crypto-etl-airflow/airflow-apache/lib/python3.11/site-packages/airflow/example_dags/example_setup_teardown_taskflow.py for tasks to queue
[2025-04-27T20:30:33.856-0300] {logging_mixin.py:188} INFO - [2025-04-27T20:30:33.855-0300] {dagbag.py:540} INFO - Filling up the DagBag from /home/facuvega/Descargas/crypto-etl-airflow/airflow-apache/lib/python3.11/site-packages/airflow/example_dags/example_setup_teardown_taskflow.py
[2025-04-27T20:30:33.864-0300] {processor.py:840} INFO - DAG(s) 'example_setup_teardown_taskflow' retrieved from /home/facuvega/Descargas/crypto-etl-airflow/airflow-apache/lib/python3.11/site-packages/airflow/example_dags/example_setup_teardown_taskflow.py
[2025-04-27T20:30:33.881-0300] {logging_mixin.py:188} INFO - [2025-04-27T20:30:33.881-0300] {dag.py:3096} INFO - Sync 1 DAGs
[2025-04-27T20:30:33.898-0300] {logging_mixin.py:188} INFO - [2025-04-27T20:30:33.898-0300] {dag.py:3954} INFO - Setting next_dagrun for example_setup_teardown_taskflow to 2025-04-26 00:00:00+00:00, run_after=2025-04-27 00:00:00+00:00
[2025-04-27T20:30:33.910-0300] {processor.py:183} INFO - Processing /home/facuvega/Descargas/crypto-etl-airflow/airflow-apache/lib/python3.11/site-packages/airflow/example_dags/example_setup_teardown_taskflow.py took 0.062 seconds
[2025-04-27T20:31:19.262-0300] {processor.py:161} INFO - Started process (PID=15834) to work on /home/facuvega/Descargas/crypto-etl-airflow/airflow-apache/lib/python3.11/site-packages/airflow/example_dags/example_setup_teardown_taskflow.py
[2025-04-27T20:31:19.263-0300] {processor.py:830} INFO - Processing file /home/facuvega/Descargas/crypto-etl-airflow/airflow-apache/lib/python3.11/site-packages/airflow/example_dags/example_setup_teardown_taskflow.py for tasks to queue
[2025-04-27T20:31:19.266-0300] {logging_mixin.py:188} INFO - [2025-04-27T20:31:19.265-0300] {dagbag.py:540} INFO - Filling up the DagBag from /home/facuvega/Descargas/crypto-etl-airflow/airflow-apache/lib/python3.11/site-packages/airflow/example_dags/example_setup_teardown_taskflow.py
[2025-04-27T20:31:19.274-0300] {processor.py:840} INFO - DAG(s) 'example_setup_teardown_taskflow' retrieved from /home/facuvega/Descargas/crypto-etl-airflow/airflow-apache/lib/python3.11/site-packages/airflow/example_dags/example_setup_teardown_taskflow.py
[2025-04-27T20:31:19.288-0300] {logging_mixin.py:188} INFO - [2025-04-27T20:31:19.288-0300] {dag.py:3096} INFO - Sync 1 DAGs
[2025-04-27T20:31:19.301-0300] {logging_mixin.py:188} INFO - [2025-04-27T20:31:19.301-0300] {dag.py:3954} INFO - Setting next_dagrun for example_setup_teardown_taskflow to 2025-04-26 00:00:00+00:00, run_after=2025-04-27 00:00:00+00:00
[2025-04-27T20:31:19.314-0300] {processor.py:183} INFO - Processing /home/facuvega/Descargas/crypto-etl-airflow/airflow-apache/lib/python3.11/site-packages/airflow/example_dags/example_setup_teardown_taskflow.py took 0.057 seconds
[2025-04-27T20:32:15.815-0300] {processor.py:161} INFO - Started process (PID=16092) to work on /home/facuvega/Descargas/crypto-etl-airflow/airflow-apache/lib/python3.11/site-packages/airflow/example_dags/example_setup_teardown_taskflow.py
[2025-04-27T20:32:15.816-0300] {processor.py:830} INFO - Processing file /home/facuvega/Descargas/crypto-etl-airflow/airflow-apache/lib/python3.11/site-packages/airflow/example_dags/example_setup_teardown_taskflow.py for tasks to queue
[2025-04-27T20:32:15.817-0300] {logging_mixin.py:188} INFO - [2025-04-27T20:32:15.817-0300] {dagbag.py:540} INFO - Filling up the DagBag from /home/facuvega/Descargas/crypto-etl-airflow/airflow-apache/lib/python3.11/site-packages/airflow/example_dags/example_setup_teardown_taskflow.py
[2025-04-27T20:32:15.827-0300] {processor.py:840} INFO - DAG(s) 'example_setup_teardown_taskflow' retrieved from /home/facuvega/Descargas/crypto-etl-airflow/airflow-apache/lib/python3.11/site-packages/airflow/example_dags/example_setup_teardown_taskflow.py
[2025-04-27T20:32:15.840-0300] {logging_mixin.py:188} INFO - [2025-04-27T20:32:15.840-0300] {dag.py:3096} INFO - Sync 1 DAGs
[2025-04-27T20:32:15.853-0300] {logging_mixin.py:188} INFO - [2025-04-27T20:32:15.853-0300] {dag.py:3954} INFO - Setting next_dagrun for example_setup_teardown_taskflow to 2025-04-26 00:00:00+00:00, run_after=2025-04-27 00:00:00+00:00
[2025-04-27T20:32:15.868-0300] {processor.py:183} INFO - Processing /home/facuvega/Descargas/crypto-etl-airflow/airflow-apache/lib/python3.11/site-packages/airflow/example_dags/example_setup_teardown_taskflow.py took 0.058 seconds
[2025-04-27T20:33:18.385-0300] {processor.py:161} INFO - Started process (PID=16535) to work on /home/facuvega/Descargas/crypto-etl-airflow/airflow-apache/lib/python3.11/site-packages/airflow/example_dags/example_setup_teardown_taskflow.py
[2025-04-27T20:33:18.386-0300] {processor.py:830} INFO - Processing file /home/facuvega/Descargas/crypto-etl-airflow/airflow-apache/lib/python3.11/site-packages/airflow/example_dags/example_setup_teardown_taskflow.py for tasks to queue
[2025-04-27T20:33:18.387-0300] {logging_mixin.py:188} INFO - [2025-04-27T20:33:18.387-0300] {dagbag.py:540} INFO - Filling up the DagBag from /home/facuvega/Descargas/crypto-etl-airflow/airflow-apache/lib/python3.11/site-packages/airflow/example_dags/example_setup_teardown_taskflow.py
[2025-04-27T20:33:18.397-0300] {processor.py:840} INFO - DAG(s) 'example_setup_teardown_taskflow' retrieved from /home/facuvega/Descargas/crypto-etl-airflow/airflow-apache/lib/python3.11/site-packages/airflow/example_dags/example_setup_teardown_taskflow.py
[2025-04-27T20:33:18.411-0300] {logging_mixin.py:188} INFO - [2025-04-27T20:33:18.411-0300] {dag.py:3096} INFO - Sync 1 DAGs
[2025-04-27T20:33:18.426-0300] {logging_mixin.py:188} INFO - [2025-04-27T20:33:18.426-0300] {dag.py:3954} INFO - Setting next_dagrun for example_setup_teardown_taskflow to 2025-04-26 00:00:00+00:00, run_after=2025-04-27 00:00:00+00:00
[2025-04-27T20:33:18.439-0300] {processor.py:183} INFO - Processing /home/facuvega/Descargas/crypto-etl-airflow/airflow-apache/lib/python3.11/site-packages/airflow/example_dags/example_setup_teardown_taskflow.py took 0.060 seconds
[2025-04-27T20:34:01.641-0300] {processor.py:161} INFO - Started process (PID=16735) to work on /home/facuvega/Descargas/crypto-etl-airflow/airflow-apache/lib/python3.11/site-packages/airflow/example_dags/example_setup_teardown_taskflow.py
[2025-04-27T20:34:01.642-0300] {processor.py:830} INFO - Processing file /home/facuvega/Descargas/crypto-etl-airflow/airflow-apache/lib/python3.11/site-packages/airflow/example_dags/example_setup_teardown_taskflow.py for tasks to queue
[2025-04-27T20:34:01.644-0300] {logging_mixin.py:188} INFO - [2025-04-27T20:34:01.644-0300] {dagbag.py:540} INFO - Filling up the DagBag from /home/facuvega/Descargas/crypto-etl-airflow/airflow-apache/lib/python3.11/site-packages/airflow/example_dags/example_setup_teardown_taskflow.py
[2025-04-27T20:34:01.655-0300] {processor.py:840} INFO - DAG(s) 'example_setup_teardown_taskflow' retrieved from /home/facuvega/Descargas/crypto-etl-airflow/airflow-apache/lib/python3.11/site-packages/airflow/example_dags/example_setup_teardown_taskflow.py
[2025-04-27T20:34:01.673-0300] {logging_mixin.py:188} INFO - [2025-04-27T20:34:01.673-0300] {dag.py:3096} INFO - Sync 1 DAGs
[2025-04-27T20:34:01.693-0300] {logging_mixin.py:188} INFO - [2025-04-27T20:34:01.693-0300] {dag.py:3954} INFO - Setting next_dagrun for example_setup_teardown_taskflow to 2025-04-26 00:00:00+00:00, run_after=2025-04-27 00:00:00+00:00
[2025-04-27T20:34:01.714-0300] {processor.py:183} INFO - Processing /home/facuvega/Descargas/crypto-etl-airflow/airflow-apache/lib/python3.11/site-packages/airflow/example_dags/example_setup_teardown_taskflow.py took 0.080 seconds
[2025-04-27T20:35:04.657-0300] {processor.py:161} INFO - Started process (PID=17080) to work on /home/facuvega/Descargas/crypto-etl-airflow/airflow-apache/lib/python3.11/site-packages/airflow/example_dags/example_setup_teardown_taskflow.py
[2025-04-27T20:35:04.658-0300] {processor.py:830} INFO - Processing file /home/facuvega/Descargas/crypto-etl-airflow/airflow-apache/lib/python3.11/site-packages/airflow/example_dags/example_setup_teardown_taskflow.py for tasks to queue
[2025-04-27T20:35:04.660-0300] {logging_mixin.py:188} INFO - [2025-04-27T20:35:04.660-0300] {dagbag.py:540} INFO - Filling up the DagBag from /home/facuvega/Descargas/crypto-etl-airflow/airflow-apache/lib/python3.11/site-packages/airflow/example_dags/example_setup_teardown_taskflow.py
[2025-04-27T20:35:04.669-0300] {processor.py:840} INFO - DAG(s) 'example_setup_teardown_taskflow' retrieved from /home/facuvega/Descargas/crypto-etl-airflow/airflow-apache/lib/python3.11/site-packages/airflow/example_dags/example_setup_teardown_taskflow.py
[2025-04-27T20:35:04.683-0300] {logging_mixin.py:188} INFO - [2025-04-27T20:35:04.683-0300] {dag.py:3096} INFO - Sync 1 DAGs
[2025-04-27T20:35:04.699-0300] {logging_mixin.py:188} INFO - [2025-04-27T20:35:04.698-0300] {dag.py:3954} INFO - Setting next_dagrun for example_setup_teardown_taskflow to 2025-04-26 00:00:00+00:00, run_after=2025-04-27 00:00:00+00:00
[2025-04-27T20:35:04.713-0300] {processor.py:183} INFO - Processing /home/facuvega/Descargas/crypto-etl-airflow/airflow-apache/lib/python3.11/site-packages/airflow/example_dags/example_setup_teardown_taskflow.py took 0.061 seconds
[2025-04-27T20:35:46.641-0300] {processor.py:161} INFO - Started process (PID=17265) to work on /home/facuvega/Descargas/crypto-etl-airflow/airflow-apache/lib/python3.11/site-packages/airflow/example_dags/example_setup_teardown_taskflow.py
[2025-04-27T20:35:46.642-0300] {processor.py:830} INFO - Processing file /home/facuvega/Descargas/crypto-etl-airflow/airflow-apache/lib/python3.11/site-packages/airflow/example_dags/example_setup_teardown_taskflow.py for tasks to queue
[2025-04-27T20:35:46.644-0300] {logging_mixin.py:188} INFO - [2025-04-27T20:35:46.644-0300] {dagbag.py:540} INFO - Filling up the DagBag from /home/facuvega/Descargas/crypto-etl-airflow/airflow-apache/lib/python3.11/site-packages/airflow/example_dags/example_setup_teardown_taskflow.py
[2025-04-27T20:35:46.653-0300] {processor.py:840} INFO - DAG(s) 'example_setup_teardown_taskflow' retrieved from /home/facuvega/Descargas/crypto-etl-airflow/airflow-apache/lib/python3.11/site-packages/airflow/example_dags/example_setup_teardown_taskflow.py
[2025-04-27T20:35:46.668-0300] {logging_mixin.py:188} INFO - [2025-04-27T20:35:46.667-0300] {dag.py:3096} INFO - Sync 1 DAGs
[2025-04-27T20:35:46.684-0300] {logging_mixin.py:188} INFO - [2025-04-27T20:35:46.684-0300] {dag.py:3954} INFO - Setting next_dagrun for example_setup_teardown_taskflow to 2025-04-26 00:00:00+00:00, run_after=2025-04-27 00:00:00+00:00
[2025-04-27T20:35:46.701-0300] {processor.py:183} INFO - Processing /home/facuvega/Descargas/crypto-etl-airflow/airflow-apache/lib/python3.11/site-packages/airflow/example_dags/example_setup_teardown_taskflow.py took 0.065 seconds
[2025-04-27T20:36:44.505-0300] {processor.py:161} INFO - Started process (PID=17528) to work on /home/facuvega/Descargas/crypto-etl-airflow/airflow-apache/lib/python3.11/site-packages/airflow/example_dags/example_setup_teardown_taskflow.py
[2025-04-27T20:36:44.506-0300] {processor.py:830} INFO - Processing file /home/facuvega/Descargas/crypto-etl-airflow/airflow-apache/lib/python3.11/site-packages/airflow/example_dags/example_setup_teardown_taskflow.py for tasks to queue
[2025-04-27T20:36:44.508-0300] {logging_mixin.py:188} INFO - [2025-04-27T20:36:44.508-0300] {dagbag.py:540} INFO - Filling up the DagBag from /home/facuvega/Descargas/crypto-etl-airflow/airflow-apache/lib/python3.11/site-packages/airflow/example_dags/example_setup_teardown_taskflow.py
[2025-04-27T20:36:44.517-0300] {processor.py:840} INFO - DAG(s) 'example_setup_teardown_taskflow' retrieved from /home/facuvega/Descargas/crypto-etl-airflow/airflow-apache/lib/python3.11/site-packages/airflow/example_dags/example_setup_teardown_taskflow.py
[2025-04-27T20:36:44.531-0300] {logging_mixin.py:188} INFO - [2025-04-27T20:36:44.531-0300] {dag.py:3096} INFO - Sync 1 DAGs
[2025-04-27T20:36:44.546-0300] {logging_mixin.py:188} INFO - [2025-04-27T20:36:44.546-0300] {dag.py:3954} INFO - Setting next_dagrun for example_setup_teardown_taskflow to 2025-04-26 00:00:00+00:00, run_after=2025-04-27 00:00:00+00:00
[2025-04-27T20:36:44.560-0300] {processor.py:183} INFO - Processing /home/facuvega/Descargas/crypto-etl-airflow/airflow-apache/lib/python3.11/site-packages/airflow/example_dags/example_setup_teardown_taskflow.py took 0.060 seconds
[2025-04-27T20:37:25.732-0300] {processor.py:161} INFO - Started process (PID=17713) to work on /home/facuvega/Descargas/crypto-etl-airflow/airflow-apache/lib/python3.11/site-packages/airflow/example_dags/example_setup_teardown_taskflow.py
[2025-04-27T20:37:25.733-0300] {processor.py:830} INFO - Processing file /home/facuvega/Descargas/crypto-etl-airflow/airflow-apache/lib/python3.11/site-packages/airflow/example_dags/example_setup_teardown_taskflow.py for tasks to queue
[2025-04-27T20:37:25.735-0300] {logging_mixin.py:188} INFO - [2025-04-27T20:37:25.735-0300] {dagbag.py:540} INFO - Filling up the DagBag from /home/facuvega/Descargas/crypto-etl-airflow/airflow-apache/lib/python3.11/site-packages/airflow/example_dags/example_setup_teardown_taskflow.py
[2025-04-27T20:37:25.744-0300] {processor.py:840} INFO - DAG(s) 'example_setup_teardown_taskflow' retrieved from /home/facuvega/Descargas/crypto-etl-airflow/airflow-apache/lib/python3.11/site-packages/airflow/example_dags/example_setup_teardown_taskflow.py
[2025-04-27T20:37:25.758-0300] {logging_mixin.py:188} INFO - [2025-04-27T20:37:25.758-0300] {dag.py:3096} INFO - Sync 1 DAGs
[2025-04-27T20:37:25.775-0300] {logging_mixin.py:188} INFO - [2025-04-27T20:37:25.774-0300] {dag.py:3954} INFO - Setting next_dagrun for example_setup_teardown_taskflow to 2025-04-26 00:00:00+00:00, run_after=2025-04-27 00:00:00+00:00
[2025-04-27T20:37:25.789-0300] {processor.py:183} INFO - Processing /home/facuvega/Descargas/crypto-etl-airflow/airflow-apache/lib/python3.11/site-packages/airflow/example_dags/example_setup_teardown_taskflow.py took 0.064 seconds
[2025-04-27T20:38:27.353-0300] {processor.py:161} INFO - Started process (PID=17988) to work on /home/facuvega/Descargas/crypto-etl-airflow/airflow-apache/lib/python3.11/site-packages/airflow/example_dags/example_setup_teardown_taskflow.py
[2025-04-27T20:38:27.354-0300] {processor.py:830} INFO - Processing file /home/facuvega/Descargas/crypto-etl-airflow/airflow-apache/lib/python3.11/site-packages/airflow/example_dags/example_setup_teardown_taskflow.py for tasks to queue
[2025-04-27T20:38:27.358-0300] {logging_mixin.py:188} INFO - [2025-04-27T20:38:27.357-0300] {dagbag.py:540} INFO - Filling up the DagBag from /home/facuvega/Descargas/crypto-etl-airflow/airflow-apache/lib/python3.11/site-packages/airflow/example_dags/example_setup_teardown_taskflow.py
[2025-04-27T20:38:27.369-0300] {processor.py:840} INFO - DAG(s) 'example_setup_teardown_taskflow' retrieved from /home/facuvega/Descargas/crypto-etl-airflow/airflow-apache/lib/python3.11/site-packages/airflow/example_dags/example_setup_teardown_taskflow.py
[2025-04-27T20:38:27.385-0300] {logging_mixin.py:188} INFO - [2025-04-27T20:38:27.385-0300] {dag.py:3096} INFO - Sync 1 DAGs
[2025-04-27T20:38:27.403-0300] {logging_mixin.py:188} INFO - [2025-04-27T20:38:27.403-0300] {dag.py:3954} INFO - Setting next_dagrun for example_setup_teardown_taskflow to 2025-04-26 00:00:00+00:00, run_after=2025-04-27 00:00:00+00:00
[2025-04-27T20:38:27.421-0300] {processor.py:183} INFO - Processing /home/facuvega/Descargas/crypto-etl-airflow/airflow-apache/lib/python3.11/site-packages/airflow/example_dags/example_setup_teardown_taskflow.py took 0.073 seconds
[2025-04-27T20:39:09.527-0300] {processor.py:161} INFO - Started process (PID=18263) to work on /home/facuvega/Descargas/crypto-etl-airflow/airflow-apache/lib/python3.11/site-packages/airflow/example_dags/example_setup_teardown_taskflow.py
[2025-04-27T20:39:09.528-0300] {processor.py:830} INFO - Processing file /home/facuvega/Descargas/crypto-etl-airflow/airflow-apache/lib/python3.11/site-packages/airflow/example_dags/example_setup_teardown_taskflow.py for tasks to queue
[2025-04-27T20:39:09.530-0300] {logging_mixin.py:188} INFO - [2025-04-27T20:39:09.529-0300] {dagbag.py:540} INFO - Filling up the DagBag from /home/facuvega/Descargas/crypto-etl-airflow/airflow-apache/lib/python3.11/site-packages/airflow/example_dags/example_setup_teardown_taskflow.py
[2025-04-27T20:39:09.540-0300] {processor.py:840} INFO - DAG(s) 'example_setup_teardown_taskflow' retrieved from /home/facuvega/Descargas/crypto-etl-airflow/airflow-apache/lib/python3.11/site-packages/airflow/example_dags/example_setup_teardown_taskflow.py
[2025-04-27T20:39:09.557-0300] {logging_mixin.py:188} INFO - [2025-04-27T20:39:09.557-0300] {dag.py:3096} INFO - Sync 1 DAGs
[2025-04-27T20:39:09.580-0300] {logging_mixin.py:188} INFO - [2025-04-27T20:39:09.580-0300] {dag.py:3954} INFO - Setting next_dagrun for example_setup_teardown_taskflow to 2025-04-26 00:00:00+00:00, run_after=2025-04-27 00:00:00+00:00
[2025-04-27T20:39:09.600-0300] {processor.py:183} INFO - Processing /home/facuvega/Descargas/crypto-etl-airflow/airflow-apache/lib/python3.11/site-packages/airflow/example_dags/example_setup_teardown_taskflow.py took 0.081 seconds
[2025-04-27T20:40:09.725-0300] {processor.py:161} INFO - Started process (PID=18609) to work on /home/facuvega/Descargas/crypto-etl-airflow/airflow-apache/lib/python3.11/site-packages/airflow/example_dags/example_setup_teardown_taskflow.py
[2025-04-27T20:40:09.726-0300] {processor.py:830} INFO - Processing file /home/facuvega/Descargas/crypto-etl-airflow/airflow-apache/lib/python3.11/site-packages/airflow/example_dags/example_setup_teardown_taskflow.py for tasks to queue
[2025-04-27T20:40:09.727-0300] {logging_mixin.py:188} INFO - [2025-04-27T20:40:09.727-0300] {dagbag.py:540} INFO - Filling up the DagBag from /home/facuvega/Descargas/crypto-etl-airflow/airflow-apache/lib/python3.11/site-packages/airflow/example_dags/example_setup_teardown_taskflow.py
[2025-04-27T20:40:09.735-0300] {processor.py:840} INFO - DAG(s) 'example_setup_teardown_taskflow' retrieved from /home/facuvega/Descargas/crypto-etl-airflow/airflow-apache/lib/python3.11/site-packages/airflow/example_dags/example_setup_teardown_taskflow.py
[2025-04-27T20:40:09.749-0300] {logging_mixin.py:188} INFO - [2025-04-27T20:40:09.748-0300] {dag.py:3096} INFO - Sync 1 DAGs
[2025-04-27T20:40:09.762-0300] {logging_mixin.py:188} INFO - [2025-04-27T20:40:09.762-0300] {dag.py:3954} INFO - Setting next_dagrun for example_setup_teardown_taskflow to 2025-04-26 00:00:00+00:00, run_after=2025-04-27 00:00:00+00:00
[2025-04-27T20:40:09.775-0300] {processor.py:183} INFO - Processing /home/facuvega/Descargas/crypto-etl-airflow/airflow-apache/lib/python3.11/site-packages/airflow/example_dags/example_setup_teardown_taskflow.py took 0.055 seconds
[2025-04-27T20:40:53.628-0300] {processor.py:161} INFO - Started process (PID=18810) to work on /home/facuvega/Descargas/crypto-etl-airflow/airflow-apache/lib/python3.11/site-packages/airflow/example_dags/example_setup_teardown_taskflow.py
[2025-04-27T20:40:53.629-0300] {processor.py:830} INFO - Processing file /home/facuvega/Descargas/crypto-etl-airflow/airflow-apache/lib/python3.11/site-packages/airflow/example_dags/example_setup_teardown_taskflow.py for tasks to queue
[2025-04-27T20:40:53.631-0300] {logging_mixin.py:188} INFO - [2025-04-27T20:40:53.630-0300] {dagbag.py:540} INFO - Filling up the DagBag from /home/facuvega/Descargas/crypto-etl-airflow/airflow-apache/lib/python3.11/site-packages/airflow/example_dags/example_setup_teardown_taskflow.py
[2025-04-27T20:40:53.642-0300] {processor.py:840} INFO - DAG(s) 'example_setup_teardown_taskflow' retrieved from /home/facuvega/Descargas/crypto-etl-airflow/airflow-apache/lib/python3.11/site-packages/airflow/example_dags/example_setup_teardown_taskflow.py
[2025-04-27T20:40:53.658-0300] {logging_mixin.py:188} INFO - [2025-04-27T20:40:53.658-0300] {dag.py:3096} INFO - Sync 1 DAGs
[2025-04-27T20:40:53.677-0300] {logging_mixin.py:188} INFO - [2025-04-27T20:40:53.677-0300] {dag.py:3954} INFO - Setting next_dagrun for example_setup_teardown_taskflow to 2025-04-26 00:00:00+00:00, run_after=2025-04-27 00:00:00+00:00
[2025-04-27T20:40:53.693-0300] {processor.py:183} INFO - Processing /home/facuvega/Descargas/crypto-etl-airflow/airflow-apache/lib/python3.11/site-packages/airflow/example_dags/example_setup_teardown_taskflow.py took 0.071 seconds
[2025-04-27T20:41:36.681-0300] {processor.py:161} INFO - Started process (PID=19003) to work on /home/facuvega/Descargas/crypto-etl-airflow/airflow-apache/lib/python3.11/site-packages/airflow/example_dags/example_setup_teardown_taskflow.py
[2025-04-27T20:41:36.682-0300] {processor.py:830} INFO - Processing file /home/facuvega/Descargas/crypto-etl-airflow/airflow-apache/lib/python3.11/site-packages/airflow/example_dags/example_setup_teardown_taskflow.py for tasks to queue
[2025-04-27T20:41:36.684-0300] {logging_mixin.py:188} INFO - [2025-04-27T20:41:36.684-0300] {dagbag.py:540} INFO - Filling up the DagBag from /home/facuvega/Descargas/crypto-etl-airflow/airflow-apache/lib/python3.11/site-packages/airflow/example_dags/example_setup_teardown_taskflow.py
[2025-04-27T20:41:36.695-0300] {processor.py:840} INFO - DAG(s) 'example_setup_teardown_taskflow' retrieved from /home/facuvega/Descargas/crypto-etl-airflow/airflow-apache/lib/python3.11/site-packages/airflow/example_dags/example_setup_teardown_taskflow.py
[2025-04-27T20:41:36.712-0300] {logging_mixin.py:188} INFO - [2025-04-27T20:41:36.712-0300] {dag.py:3096} INFO - Sync 1 DAGs
[2025-04-27T20:41:36.732-0300] {logging_mixin.py:188} INFO - [2025-04-27T20:41:36.732-0300] {dag.py:3954} INFO - Setting next_dagrun for example_setup_teardown_taskflow to 2025-04-26 00:00:00+00:00, run_after=2025-04-27 00:00:00+00:00
[2025-04-27T20:41:36.751-0300] {processor.py:183} INFO - Processing /home/facuvega/Descargas/crypto-etl-airflow/airflow-apache/lib/python3.11/site-packages/airflow/example_dags/example_setup_teardown_taskflow.py took 0.076 seconds
[2025-04-27T20:42:36.102-0300] {processor.py:161} INFO - Started process (PID=19271) to work on /home/facuvega/Descargas/crypto-etl-airflow/airflow-apache/lib/python3.11/site-packages/airflow/example_dags/example_setup_teardown_taskflow.py
[2025-04-27T20:42:36.103-0300] {processor.py:830} INFO - Processing file /home/facuvega/Descargas/crypto-etl-airflow/airflow-apache/lib/python3.11/site-packages/airflow/example_dags/example_setup_teardown_taskflow.py for tasks to queue
[2025-04-27T20:42:36.105-0300] {logging_mixin.py:188} INFO - [2025-04-27T20:42:36.104-0300] {dagbag.py:540} INFO - Filling up the DagBag from /home/facuvega/Descargas/crypto-etl-airflow/airflow-apache/lib/python3.11/site-packages/airflow/example_dags/example_setup_teardown_taskflow.py
[2025-04-27T20:42:36.113-0300] {processor.py:840} INFO - DAG(s) 'example_setup_teardown_taskflow' retrieved from /home/facuvega/Descargas/crypto-etl-airflow/airflow-apache/lib/python3.11/site-packages/airflow/example_dags/example_setup_teardown_taskflow.py
[2025-04-27T20:42:36.126-0300] {logging_mixin.py:188} INFO - [2025-04-27T20:42:36.126-0300] {dag.py:3096} INFO - Sync 1 DAGs
[2025-04-27T20:42:36.140-0300] {logging_mixin.py:188} INFO - [2025-04-27T20:42:36.140-0300] {dag.py:3954} INFO - Setting next_dagrun for example_setup_teardown_taskflow to 2025-04-26 00:00:00+00:00, run_after=2025-04-27 00:00:00+00:00
[2025-04-27T20:42:36.153-0300] {processor.py:183} INFO - Processing /home/facuvega/Descargas/crypto-etl-airflow/airflow-apache/lib/python3.11/site-packages/airflow/example_dags/example_setup_teardown_taskflow.py took 0.055 seconds
[2025-04-27T20:43:36.812-0300] {processor.py:161} INFO - Started process (PID=19555) to work on /home/facuvega/Descargas/crypto-etl-airflow/airflow-apache/lib/python3.11/site-packages/airflow/example_dags/example_setup_teardown_taskflow.py
[2025-04-27T20:43:36.813-0300] {processor.py:830} INFO - Processing file /home/facuvega/Descargas/crypto-etl-airflow/airflow-apache/lib/python3.11/site-packages/airflow/example_dags/example_setup_teardown_taskflow.py for tasks to queue
[2025-04-27T20:43:36.815-0300] {logging_mixin.py:188} INFO - [2025-04-27T20:43:36.815-0300] {dagbag.py:540} INFO - Filling up the DagBag from /home/facuvega/Descargas/crypto-etl-airflow/airflow-apache/lib/python3.11/site-packages/airflow/example_dags/example_setup_teardown_taskflow.py
[2025-04-27T20:43:36.824-0300] {processor.py:840} INFO - DAG(s) 'example_setup_teardown_taskflow' retrieved from /home/facuvega/Descargas/crypto-etl-airflow/airflow-apache/lib/python3.11/site-packages/airflow/example_dags/example_setup_teardown_taskflow.py
[2025-04-27T20:43:36.838-0300] {logging_mixin.py:188} INFO - [2025-04-27T20:43:36.838-0300] {dag.py:3096} INFO - Sync 1 DAGs
[2025-04-27T20:43:36.852-0300] {logging_mixin.py:188} INFO - [2025-04-27T20:43:36.852-0300] {dag.py:3954} INFO - Setting next_dagrun for example_setup_teardown_taskflow to 2025-04-26 00:00:00+00:00, run_after=2025-04-27 00:00:00+00:00
[2025-04-27T20:43:36.866-0300] {processor.py:183} INFO - Processing /home/facuvega/Descargas/crypto-etl-airflow/airflow-apache/lib/python3.11/site-packages/airflow/example_dags/example_setup_teardown_taskflow.py took 0.059 seconds
[2025-04-27T20:44:33.395-0300] {processor.py:161} INFO - Started process (PID=19819) to work on /home/facuvega/Descargas/crypto-etl-airflow/airflow-apache/lib/python3.11/site-packages/airflow/example_dags/example_setup_teardown_taskflow.py
[2025-04-27T20:44:33.396-0300] {processor.py:830} INFO - Processing file /home/facuvega/Descargas/crypto-etl-airflow/airflow-apache/lib/python3.11/site-packages/airflow/example_dags/example_setup_teardown_taskflow.py for tasks to queue
[2025-04-27T20:44:33.397-0300] {logging_mixin.py:188} INFO - [2025-04-27T20:44:33.397-0300] {dagbag.py:540} INFO - Filling up the DagBag from /home/facuvega/Descargas/crypto-etl-airflow/airflow-apache/lib/python3.11/site-packages/airflow/example_dags/example_setup_teardown_taskflow.py
[2025-04-27T20:44:33.407-0300] {processor.py:840} INFO - DAG(s) 'example_setup_teardown_taskflow' retrieved from /home/facuvega/Descargas/crypto-etl-airflow/airflow-apache/lib/python3.11/site-packages/airflow/example_dags/example_setup_teardown_taskflow.py
[2025-04-27T20:44:33.423-0300] {logging_mixin.py:188} INFO - [2025-04-27T20:44:33.423-0300] {dag.py:3096} INFO - Sync 1 DAGs
[2025-04-27T20:44:33.443-0300] {logging_mixin.py:188} INFO - [2025-04-27T20:44:33.443-0300] {dag.py:3954} INFO - Setting next_dagrun for example_setup_teardown_taskflow to 2025-04-26 00:00:00+00:00, run_after=2025-04-27 00:00:00+00:00
[2025-04-27T20:44:33.459-0300] {processor.py:183} INFO - Processing /home/facuvega/Descargas/crypto-etl-airflow/airflow-apache/lib/python3.11/site-packages/airflow/example_dags/example_setup_teardown_taskflow.py took 0.069 seconds
[2025-04-27T20:45:16.730-0300] {processor.py:161} INFO - Started process (PID=20042) to work on /home/facuvega/Descargas/crypto-etl-airflow/airflow-apache/lib/python3.11/site-packages/airflow/example_dags/example_setup_teardown_taskflow.py
[2025-04-27T20:45:16.731-0300] {processor.py:830} INFO - Processing file /home/facuvega/Descargas/crypto-etl-airflow/airflow-apache/lib/python3.11/site-packages/airflow/example_dags/example_setup_teardown_taskflow.py for tasks to queue
[2025-04-27T20:45:16.732-0300] {logging_mixin.py:188} INFO - [2025-04-27T20:45:16.732-0300] {dagbag.py:540} INFO - Filling up the DagBag from /home/facuvega/Descargas/crypto-etl-airflow/airflow-apache/lib/python3.11/site-packages/airflow/example_dags/example_setup_teardown_taskflow.py
[2025-04-27T20:45:16.742-0300] {processor.py:840} INFO - DAG(s) 'example_setup_teardown_taskflow' retrieved from /home/facuvega/Descargas/crypto-etl-airflow/airflow-apache/lib/python3.11/site-packages/airflow/example_dags/example_setup_teardown_taskflow.py
[2025-04-27T20:45:16.757-0300] {logging_mixin.py:188} INFO - [2025-04-27T20:45:16.756-0300] {dag.py:3096} INFO - Sync 1 DAGs
[2025-04-27T20:45:16.771-0300] {logging_mixin.py:188} INFO - [2025-04-27T20:45:16.771-0300] {dag.py:3954} INFO - Setting next_dagrun for example_setup_teardown_taskflow to 2025-04-26 00:00:00+00:00, run_after=2025-04-27 00:00:00+00:00
[2025-04-27T20:45:16.792-0300] {processor.py:183} INFO - Processing /home/facuvega/Descargas/crypto-etl-airflow/airflow-apache/lib/python3.11/site-packages/airflow/example_dags/example_setup_teardown_taskflow.py took 0.069 seconds
[2025-04-27T20:46:12.726-0300] {processor.py:161} INFO - Started process (PID=20302) to work on /home/facuvega/Descargas/crypto-etl-airflow/airflow-apache/lib/python3.11/site-packages/airflow/example_dags/example_setup_teardown_taskflow.py
[2025-04-27T20:46:12.727-0300] {processor.py:830} INFO - Processing file /home/facuvega/Descargas/crypto-etl-airflow/airflow-apache/lib/python3.11/site-packages/airflow/example_dags/example_setup_teardown_taskflow.py for tasks to queue
[2025-04-27T20:46:12.729-0300] {logging_mixin.py:188} INFO - [2025-04-27T20:46:12.728-0300] {dagbag.py:540} INFO - Filling up the DagBag from /home/facuvega/Descargas/crypto-etl-airflow/airflow-apache/lib/python3.11/site-packages/airflow/example_dags/example_setup_teardown_taskflow.py
[2025-04-27T20:46:12.739-0300] {processor.py:840} INFO - DAG(s) 'example_setup_teardown_taskflow' retrieved from /home/facuvega/Descargas/crypto-etl-airflow/airflow-apache/lib/python3.11/site-packages/airflow/example_dags/example_setup_teardown_taskflow.py
[2025-04-27T20:46:12.755-0300] {logging_mixin.py:188} INFO - [2025-04-27T20:46:12.755-0300] {dag.py:3096} INFO - Sync 1 DAGs
[2025-04-27T20:46:12.771-0300] {logging_mixin.py:188} INFO - [2025-04-27T20:46:12.771-0300] {dag.py:3954} INFO - Setting next_dagrun for example_setup_teardown_taskflow to 2025-04-26 00:00:00+00:00, run_after=2025-04-27 00:00:00+00:00
[2025-04-27T20:46:12.785-0300] {processor.py:183} INFO - Processing /home/facuvega/Descargas/crypto-etl-airflow/airflow-apache/lib/python3.11/site-packages/airflow/example_dags/example_setup_teardown_taskflow.py took 0.066 seconds
[2025-04-27T20:47:11.275-0300] {processor.py:161} INFO - Started process (PID=20568) to work on /home/facuvega/Descargas/crypto-etl-airflow/airflow-apache/lib/python3.11/site-packages/airflow/example_dags/example_setup_teardown_taskflow.py
[2025-04-27T20:47:11.276-0300] {processor.py:830} INFO - Processing file /home/facuvega/Descargas/crypto-etl-airflow/airflow-apache/lib/python3.11/site-packages/airflow/example_dags/example_setup_teardown_taskflow.py for tasks to queue
[2025-04-27T20:47:11.277-0300] {logging_mixin.py:188} INFO - [2025-04-27T20:47:11.277-0300] {dagbag.py:540} INFO - Filling up the DagBag from /home/facuvega/Descargas/crypto-etl-airflow/airflow-apache/lib/python3.11/site-packages/airflow/example_dags/example_setup_teardown_taskflow.py
[2025-04-27T20:47:11.286-0300] {processor.py:840} INFO - DAG(s) 'example_setup_teardown_taskflow' retrieved from /home/facuvega/Descargas/crypto-etl-airflow/airflow-apache/lib/python3.11/site-packages/airflow/example_dags/example_setup_teardown_taskflow.py
[2025-04-27T20:47:11.301-0300] {logging_mixin.py:188} INFO - [2025-04-27T20:47:11.301-0300] {dag.py:3096} INFO - Sync 1 DAGs
[2025-04-27T20:47:11.318-0300] {logging_mixin.py:188} INFO - [2025-04-27T20:47:11.318-0300] {dag.py:3954} INFO - Setting next_dagrun for example_setup_teardown_taskflow to 2025-04-26 00:00:00+00:00, run_after=2025-04-27 00:00:00+00:00
[2025-04-27T20:47:11.332-0300] {processor.py:183} INFO - Processing /home/facuvega/Descargas/crypto-etl-airflow/airflow-apache/lib/python3.11/site-packages/airflow/example_dags/example_setup_teardown_taskflow.py took 0.063 seconds
[2025-04-27T20:48:11.874-0300] {processor.py:161} INFO - Started process (PID=21085) to work on /home/facuvega/Descargas/crypto-etl-airflow/airflow-apache/lib/python3.11/site-packages/airflow/example_dags/example_setup_teardown_taskflow.py
[2025-04-27T20:48:11.878-0300] {processor.py:830} INFO - Processing file /home/facuvega/Descargas/crypto-etl-airflow/airflow-apache/lib/python3.11/site-packages/airflow/example_dags/example_setup_teardown_taskflow.py for tasks to queue
[2025-04-27T20:48:11.882-0300] {logging_mixin.py:188} INFO - [2025-04-27T20:48:11.880-0300] {dagbag.py:540} INFO - Filling up the DagBag from /home/facuvega/Descargas/crypto-etl-airflow/airflow-apache/lib/python3.11/site-packages/airflow/example_dags/example_setup_teardown_taskflow.py
[2025-04-27T20:48:11.894-0300] {processor.py:840} INFO - DAG(s) 'example_setup_teardown_taskflow' retrieved from /home/facuvega/Descargas/crypto-etl-airflow/airflow-apache/lib/python3.11/site-packages/airflow/example_dags/example_setup_teardown_taskflow.py
[2025-04-27T20:48:11.912-0300] {logging_mixin.py:188} INFO - [2025-04-27T20:48:11.911-0300] {dag.py:3096} INFO - Sync 1 DAGs
[2025-04-27T20:48:11.931-0300] {logging_mixin.py:188} INFO - [2025-04-27T20:48:11.931-0300] {dag.py:3954} INFO - Setting next_dagrun for example_setup_teardown_taskflow to 2025-04-26 00:00:00+00:00, run_after=2025-04-27 00:00:00+00:00
[2025-04-27T20:48:11.947-0300] {processor.py:183} INFO - Processing /home/facuvega/Descargas/crypto-etl-airflow/airflow-apache/lib/python3.11/site-packages/airflow/example_dags/example_setup_teardown_taskflow.py took 0.081 seconds
[2025-04-27T20:48:53.992-0300] {processor.py:161} INFO - Started process (PID=21364) to work on /home/facuvega/Descargas/crypto-etl-airflow/airflow-apache/lib/python3.11/site-packages/airflow/example_dags/example_setup_teardown_taskflow.py
[2025-04-27T20:48:53.993-0300] {processor.py:830} INFO - Processing file /home/facuvega/Descargas/crypto-etl-airflow/airflow-apache/lib/python3.11/site-packages/airflow/example_dags/example_setup_teardown_taskflow.py for tasks to queue
[2025-04-27T20:48:53.995-0300] {logging_mixin.py:188} INFO - [2025-04-27T20:48:53.995-0300] {dagbag.py:540} INFO - Filling up the DagBag from /home/facuvega/Descargas/crypto-etl-airflow/airflow-apache/lib/python3.11/site-packages/airflow/example_dags/example_setup_teardown_taskflow.py
[2025-04-27T20:48:54.007-0300] {processor.py:840} INFO - DAG(s) 'example_setup_teardown_taskflow' retrieved from /home/facuvega/Descargas/crypto-etl-airflow/airflow-apache/lib/python3.11/site-packages/airflow/example_dags/example_setup_teardown_taskflow.py
[2025-04-27T20:48:54.023-0300] {logging_mixin.py:188} INFO - [2025-04-27T20:48:54.022-0300] {dag.py:3096} INFO - Sync 1 DAGs
[2025-04-27T20:48:54.038-0300] {logging_mixin.py:188} INFO - [2025-04-27T20:48:54.038-0300] {dag.py:3954} INFO - Setting next_dagrun for example_setup_teardown_taskflow to 2025-04-26 00:00:00+00:00, run_after=2025-04-27 00:00:00+00:00
[2025-04-27T20:48:54.053-0300] {processor.py:183} INFO - Processing /home/facuvega/Descargas/crypto-etl-airflow/airflow-apache/lib/python3.11/site-packages/airflow/example_dags/example_setup_teardown_taskflow.py took 0.070 seconds
[2025-04-27T20:49:40.486-0300] {processor.py:161} INFO - Started process (PID=21664) to work on /home/facuvega/Descargas/crypto-etl-airflow/airflow-apache/lib/python3.11/site-packages/airflow/example_dags/example_setup_teardown_taskflow.py
[2025-04-27T20:49:40.487-0300] {processor.py:830} INFO - Processing file /home/facuvega/Descargas/crypto-etl-airflow/airflow-apache/lib/python3.11/site-packages/airflow/example_dags/example_setup_teardown_taskflow.py for tasks to queue
[2025-04-27T20:49:40.491-0300] {logging_mixin.py:188} INFO - [2025-04-27T20:49:40.491-0300] {dagbag.py:540} INFO - Filling up the DagBag from /home/facuvega/Descargas/crypto-etl-airflow/airflow-apache/lib/python3.11/site-packages/airflow/example_dags/example_setup_teardown_taskflow.py
[2025-04-27T20:49:40.502-0300] {processor.py:840} INFO - DAG(s) 'example_setup_teardown_taskflow' retrieved from /home/facuvega/Descargas/crypto-etl-airflow/airflow-apache/lib/python3.11/site-packages/airflow/example_dags/example_setup_teardown_taskflow.py
[2025-04-27T20:49:40.521-0300] {logging_mixin.py:188} INFO - [2025-04-27T20:49:40.521-0300] {dag.py:3096} INFO - Sync 1 DAGs
[2025-04-27T20:49:40.546-0300] {logging_mixin.py:188} INFO - [2025-04-27T20:49:40.546-0300] {dag.py:3954} INFO - Setting next_dagrun for example_setup_teardown_taskflow to 2025-04-26 00:00:00+00:00, run_after=2025-04-27 00:00:00+00:00
[2025-04-27T20:49:40.569-0300] {processor.py:183} INFO - Processing /home/facuvega/Descargas/crypto-etl-airflow/airflow-apache/lib/python3.11/site-packages/airflow/example_dags/example_setup_teardown_taskflow.py took 0.090 seconds
[2025-04-27T20:50:24.529-0300] {processor.py:161} INFO - Started process (PID=21938) to work on /home/facuvega/Descargas/crypto-etl-airflow/airflow-apache/lib/python3.11/site-packages/airflow/example_dags/example_setup_teardown_taskflow.py
[2025-04-27T20:50:24.530-0300] {processor.py:830} INFO - Processing file /home/facuvega/Descargas/crypto-etl-airflow/airflow-apache/lib/python3.11/site-packages/airflow/example_dags/example_setup_teardown_taskflow.py for tasks to queue
[2025-04-27T20:50:24.532-0300] {logging_mixin.py:188} INFO - [2025-04-27T20:50:24.531-0300] {dagbag.py:540} INFO - Filling up the DagBag from /home/facuvega/Descargas/crypto-etl-airflow/airflow-apache/lib/python3.11/site-packages/airflow/example_dags/example_setup_teardown_taskflow.py
[2025-04-27T20:50:24.542-0300] {processor.py:840} INFO - DAG(s) 'example_setup_teardown_taskflow' retrieved from /home/facuvega/Descargas/crypto-etl-airflow/airflow-apache/lib/python3.11/site-packages/airflow/example_dags/example_setup_teardown_taskflow.py
[2025-04-27T20:50:24.565-0300] {logging_mixin.py:188} INFO - [2025-04-27T20:50:24.565-0300] {dag.py:3096} INFO - Sync 1 DAGs
[2025-04-27T20:50:24.586-0300] {logging_mixin.py:188} INFO - [2025-04-27T20:50:24.585-0300] {dag.py:3954} INFO - Setting next_dagrun for example_setup_teardown_taskflow to 2025-04-26 00:00:00+00:00, run_after=2025-04-27 00:00:00+00:00
[2025-04-27T20:50:24.601-0300] {processor.py:183} INFO - Processing /home/facuvega/Descargas/crypto-etl-airflow/airflow-apache/lib/python3.11/site-packages/airflow/example_dags/example_setup_teardown_taskflow.py took 0.079 seconds
[2025-04-27T20:51:05.959-0300] {processor.py:161} INFO - Started process (PID=22185) to work on /home/facuvega/Descargas/crypto-etl-airflow/airflow-apache/lib/python3.11/site-packages/airflow/example_dags/example_setup_teardown_taskflow.py
[2025-04-27T20:51:05.960-0300] {processor.py:830} INFO - Processing file /home/facuvega/Descargas/crypto-etl-airflow/airflow-apache/lib/python3.11/site-packages/airflow/example_dags/example_setup_teardown_taskflow.py for tasks to queue
[2025-04-27T20:51:05.962-0300] {logging_mixin.py:188} INFO - [2025-04-27T20:51:05.961-0300] {dagbag.py:540} INFO - Filling up the DagBag from /home/facuvega/Descargas/crypto-etl-airflow/airflow-apache/lib/python3.11/site-packages/airflow/example_dags/example_setup_teardown_taskflow.py
[2025-04-27T20:51:05.970-0300] {processor.py:840} INFO - DAG(s) 'example_setup_teardown_taskflow' retrieved from /home/facuvega/Descargas/crypto-etl-airflow/airflow-apache/lib/python3.11/site-packages/airflow/example_dags/example_setup_teardown_taskflow.py
[2025-04-27T20:51:05.982-0300] {logging_mixin.py:188} INFO - [2025-04-27T20:51:05.982-0300] {dag.py:3096} INFO - Sync 1 DAGs
[2025-04-27T20:51:05.996-0300] {logging_mixin.py:188} INFO - [2025-04-27T20:51:05.996-0300] {dag.py:3954} INFO - Setting next_dagrun for example_setup_teardown_taskflow to 2025-04-26 00:00:00+00:00, run_after=2025-04-27 00:00:00+00:00
[2025-04-27T20:51:06.010-0300] {processor.py:183} INFO - Processing /home/facuvega/Descargas/crypto-etl-airflow/airflow-apache/lib/python3.11/site-packages/airflow/example_dags/example_setup_teardown_taskflow.py took 0.056 seconds
