[2025-04-27T20:10:24.868-0300] {processor.py:161} INFO - Started process (PID=9473) to work on /home/facuvega/Descargas/crypto-etl-airflow/airflow-apache/lib/python3.11/site-packages/airflow/example_dags/example_latest_only_with_trigger.py
[2025-04-27T20:10:24.869-0300] {processor.py:830} INFO - Processing file /home/facuvega/Descargas/crypto-etl-airflow/airflow-apache/lib/python3.11/site-packages/airflow/example_dags/example_latest_only_with_trigger.py for tasks to queue
[2025-04-27T20:10:24.872-0300] {logging_mixin.py:188} INFO - [2025-04-27T20:10:24.871-0300] {dagbag.py:540} INFO - Filling up the DagBag from /home/facuvega/Descargas/crypto-etl-airflow/airflow-apache/lib/python3.11/site-packages/airflow/example_dags/example_latest_only_with_trigger.py
[2025-04-27T20:10:24.880-0300] {processor.py:840} INFO - DAG(s) 'latest_only_with_trigger' retrieved from /home/facuvega/Descargas/crypto-etl-airflow/airflow-apache/lib/python3.11/site-packages/airflow/example_dags/example_latest_only_with_trigger.py
[2025-04-27T20:10:24.982-0300] {logging_mixin.py:188} INFO - [2025-04-27T20:10:24.982-0300] {override.py:1829} INFO - Created Permission View: can edit on DAG:latest_only_with_trigger
[2025-04-27T20:10:24.993-0300] {logging_mixin.py:188} INFO - [2025-04-27T20:10:24.992-0300] {override.py:1829} INFO - Created Permission View: can delete on DAG:latest_only_with_trigger
[2025-04-27T20:10:24.998-0300] {logging_mixin.py:188} INFO - [2025-04-27T20:10:24.998-0300] {override.py:1829} INFO - Created Permission View: can read on DAG:latest_only_with_trigger
[2025-04-27T20:10:24.999-0300] {logging_mixin.py:188} INFO - [2025-04-27T20:10:24.999-0300] {dag.py:3096} INFO - Sync 1 DAGs
[2025-04-27T20:10:25.007-0300] {logging_mixin.py:188} INFO - [2025-04-27T20:10:25.007-0300] {dag.py:3118} INFO - Creating ORM DAG for latest_only_with_trigger
[2025-04-27T20:10:25.013-0300] {logging_mixin.py:188} INFO - [2025-04-27T20:10:25.013-0300] {dag.py:3954} INFO - Setting next_dagrun for latest_only_with_trigger to 2025-04-27 16:00:00+00:00, run_after=2025-04-27 20:00:00+00:00
[2025-04-27T20:10:25.027-0300] {processor.py:183} INFO - Processing /home/facuvega/Descargas/crypto-etl-airflow/airflow-apache/lib/python3.11/site-packages/airflow/example_dags/example_latest_only_with_trigger.py took 0.166 seconds
[2025-04-27T20:11:21.542-0300] {processor.py:161} INFO - Started process (PID=9916) to work on /home/facuvega/Descargas/crypto-etl-airflow/airflow-apache/lib/python3.11/site-packages/airflow/example_dags/example_latest_only_with_trigger.py
[2025-04-27T20:11:21.544-0300] {processor.py:830} INFO - Processing file /home/facuvega/Descargas/crypto-etl-airflow/airflow-apache/lib/python3.11/site-packages/airflow/example_dags/example_latest_only_with_trigger.py for tasks to queue
[2025-04-27T20:11:21.545-0300] {logging_mixin.py:188} INFO - [2025-04-27T20:11:21.545-0300] {dagbag.py:540} INFO - Filling up the DagBag from /home/facuvega/Descargas/crypto-etl-airflow/airflow-apache/lib/python3.11/site-packages/airflow/example_dags/example_latest_only_with_trigger.py
[2025-04-27T20:11:21.550-0300] {processor.py:840} INFO - DAG(s) 'latest_only_with_trigger' retrieved from /home/facuvega/Descargas/crypto-etl-airflow/airflow-apache/lib/python3.11/site-packages/airflow/example_dags/example_latest_only_with_trigger.py
[2025-04-27T20:11:21.563-0300] {logging_mixin.py:188} INFO - [2025-04-27T20:11:21.563-0300] {dag.py:3096} INFO - Sync 1 DAGs
[2025-04-27T20:11:21.576-0300] {logging_mixin.py:188} INFO - [2025-04-27T20:11:21.576-0300] {dag.py:3954} INFO - Setting next_dagrun for latest_only_with_trigger to 2025-04-27 16:00:00+00:00, run_after=2025-04-27 20:00:00+00:00
[2025-04-27T20:11:21.590-0300] {processor.py:183} INFO - Processing /home/facuvega/Descargas/crypto-etl-airflow/airflow-apache/lib/python3.11/site-packages/airflow/example_dags/example_latest_only_with_trigger.py took 0.054 seconds
[2025-04-27T20:12:11.348-0300] {processor.py:161} INFO - Started process (PID=10239) to work on /home/facuvega/Descargas/crypto-etl-airflow/airflow-apache/lib/python3.11/site-packages/airflow/example_dags/example_latest_only_with_trigger.py
[2025-04-27T20:12:11.349-0300] {processor.py:830} INFO - Processing file /home/facuvega/Descargas/crypto-etl-airflow/airflow-apache/lib/python3.11/site-packages/airflow/example_dags/example_latest_only_with_trigger.py for tasks to queue
[2025-04-27T20:12:11.351-0300] {logging_mixin.py:188} INFO - [2025-04-27T20:12:11.351-0300] {dagbag.py:540} INFO - Filling up the DagBag from /home/facuvega/Descargas/crypto-etl-airflow/airflow-apache/lib/python3.11/site-packages/airflow/example_dags/example_latest_only_with_trigger.py
[2025-04-27T20:12:11.357-0300] {processor.py:840} INFO - DAG(s) 'latest_only_with_trigger' retrieved from /home/facuvega/Descargas/crypto-etl-airflow/airflow-apache/lib/python3.11/site-packages/airflow/example_dags/example_latest_only_with_trigger.py
[2025-04-27T20:12:11.373-0300] {logging_mixin.py:188} INFO - [2025-04-27T20:12:11.372-0300] {dag.py:3096} INFO - Sync 1 DAGs
[2025-04-27T20:12:11.389-0300] {logging_mixin.py:188} INFO - [2025-04-27T20:12:11.389-0300] {dag.py:3954} INFO - Setting next_dagrun for latest_only_with_trigger to 2025-04-27 16:00:00+00:00, run_after=2025-04-27 20:00:00+00:00
[2025-04-27T20:12:11.406-0300] {processor.py:183} INFO - Processing /home/facuvega/Descargas/crypto-etl-airflow/airflow-apache/lib/python3.11/site-packages/airflow/example_dags/example_latest_only_with_trigger.py took 0.064 seconds
[2025-04-27T20:13:14.373-0300] {processor.py:161} INFO - Started process (PID=10637) to work on /home/facuvega/Descargas/crypto-etl-airflow/airflow-apache/lib/python3.11/site-packages/airflow/example_dags/example_latest_only_with_trigger.py
[2025-04-27T20:13:14.374-0300] {processor.py:830} INFO - Processing file /home/facuvega/Descargas/crypto-etl-airflow/airflow-apache/lib/python3.11/site-packages/airflow/example_dags/example_latest_only_with_trigger.py for tasks to queue
[2025-04-27T20:13:14.377-0300] {logging_mixin.py:188} INFO - [2025-04-27T20:13:14.376-0300] {dagbag.py:540} INFO - Filling up the DagBag from /home/facuvega/Descargas/crypto-etl-airflow/airflow-apache/lib/python3.11/site-packages/airflow/example_dags/example_latest_only_with_trigger.py
[2025-04-27T20:13:14.382-0300] {processor.py:840} INFO - DAG(s) 'latest_only_with_trigger' retrieved from /home/facuvega/Descargas/crypto-etl-airflow/airflow-apache/lib/python3.11/site-packages/airflow/example_dags/example_latest_only_with_trigger.py
[2025-04-27T20:13:14.398-0300] {logging_mixin.py:188} INFO - [2025-04-27T20:13:14.398-0300] {dag.py:3096} INFO - Sync 1 DAGs
[2025-04-27T20:13:14.414-0300] {logging_mixin.py:188} INFO - [2025-04-27T20:13:14.414-0300] {dag.py:3954} INFO - Setting next_dagrun for latest_only_with_trigger to 2025-04-27 16:00:00+00:00, run_after=2025-04-27 20:00:00+00:00
[2025-04-27T20:13:14.429-0300] {processor.py:183} INFO - Processing /home/facuvega/Descargas/crypto-etl-airflow/airflow-apache/lib/python3.11/site-packages/airflow/example_dags/example_latest_only_with_trigger.py took 0.062 seconds
[2025-04-27T20:14:07.537-0300] {processor.py:161} INFO - Started process (PID=10884) to work on /home/facuvega/Descargas/crypto-etl-airflow/airflow-apache/lib/python3.11/site-packages/airflow/example_dags/example_latest_only_with_trigger.py
[2025-04-27T20:14:07.538-0300] {processor.py:830} INFO - Processing file /home/facuvega/Descargas/crypto-etl-airflow/airflow-apache/lib/python3.11/site-packages/airflow/example_dags/example_latest_only_with_trigger.py for tasks to queue
[2025-04-27T20:14:07.539-0300] {logging_mixin.py:188} INFO - [2025-04-27T20:14:07.539-0300] {dagbag.py:540} INFO - Filling up the DagBag from /home/facuvega/Descargas/crypto-etl-airflow/airflow-apache/lib/python3.11/site-packages/airflow/example_dags/example_latest_only_with_trigger.py
[2025-04-27T20:14:07.544-0300] {processor.py:840} INFO - DAG(s) 'latest_only_with_trigger' retrieved from /home/facuvega/Descargas/crypto-etl-airflow/airflow-apache/lib/python3.11/site-packages/airflow/example_dags/example_latest_only_with_trigger.py
[2025-04-27T20:14:07.557-0300] {logging_mixin.py:188} INFO - [2025-04-27T20:14:07.557-0300] {dag.py:3096} INFO - Sync 1 DAGs
[2025-04-27T20:14:07.571-0300] {logging_mixin.py:188} INFO - [2025-04-27T20:14:07.571-0300] {dag.py:3954} INFO - Setting next_dagrun for latest_only_with_trigger to 2025-04-27 16:00:00+00:00, run_after=2025-04-27 20:00:00+00:00
[2025-04-27T20:14:07.584-0300] {processor.py:183} INFO - Processing /home/facuvega/Descargas/crypto-etl-airflow/airflow-apache/lib/python3.11/site-packages/airflow/example_dags/example_latest_only_with_trigger.py took 0.051 seconds
[2025-04-27T20:15:11.407-0300] {processor.py:161} INFO - Started process (PID=11197) to work on /home/facuvega/Descargas/crypto-etl-airflow/airflow-apache/lib/python3.11/site-packages/airflow/example_dags/example_latest_only_with_trigger.py
[2025-04-27T20:15:11.408-0300] {processor.py:830} INFO - Processing file /home/facuvega/Descargas/crypto-etl-airflow/airflow-apache/lib/python3.11/site-packages/airflow/example_dags/example_latest_only_with_trigger.py for tasks to queue
[2025-04-27T20:15:11.410-0300] {logging_mixin.py:188} INFO - [2025-04-27T20:15:11.410-0300] {dagbag.py:540} INFO - Filling up the DagBag from /home/facuvega/Descargas/crypto-etl-airflow/airflow-apache/lib/python3.11/site-packages/airflow/example_dags/example_latest_only_with_trigger.py
[2025-04-27T20:15:11.415-0300] {processor.py:840} INFO - DAG(s) 'latest_only_with_trigger' retrieved from /home/facuvega/Descargas/crypto-etl-airflow/airflow-apache/lib/python3.11/site-packages/airflow/example_dags/example_latest_only_with_trigger.py
[2025-04-27T20:15:11.428-0300] {logging_mixin.py:188} INFO - [2025-04-27T20:15:11.428-0300] {dag.py:3096} INFO - Sync 1 DAGs
[2025-04-27T20:15:11.441-0300] {logging_mixin.py:188} INFO - [2025-04-27T20:15:11.441-0300] {dag.py:3954} INFO - Setting next_dagrun for latest_only_with_trigger to 2025-04-27 16:00:00+00:00, run_after=2025-04-27 20:00:00+00:00
[2025-04-27T20:15:11.454-0300] {processor.py:183} INFO - Processing /home/facuvega/Descargas/crypto-etl-airflow/airflow-apache/lib/python3.11/site-packages/airflow/example_dags/example_latest_only_with_trigger.py took 0.051 seconds
[2025-04-27T20:16:09.689-0300] {processor.py:161} INFO - Started process (PID=11463) to work on /home/facuvega/Descargas/crypto-etl-airflow/airflow-apache/lib/python3.11/site-packages/airflow/example_dags/example_latest_only_with_trigger.py
[2025-04-27T20:16:09.690-0300] {processor.py:830} INFO - Processing file /home/facuvega/Descargas/crypto-etl-airflow/airflow-apache/lib/python3.11/site-packages/airflow/example_dags/example_latest_only_with_trigger.py for tasks to queue
[2025-04-27T20:16:09.691-0300] {logging_mixin.py:188} INFO - [2025-04-27T20:16:09.691-0300] {dagbag.py:540} INFO - Filling up the DagBag from /home/facuvega/Descargas/crypto-etl-airflow/airflow-apache/lib/python3.11/site-packages/airflow/example_dags/example_latest_only_with_trigger.py
[2025-04-27T20:16:09.698-0300] {processor.py:840} INFO - DAG(s) 'latest_only_with_trigger' retrieved from /home/facuvega/Descargas/crypto-etl-airflow/airflow-apache/lib/python3.11/site-packages/airflow/example_dags/example_latest_only_with_trigger.py
[2025-04-27T20:16:09.713-0300] {logging_mixin.py:188} INFO - [2025-04-27T20:16:09.713-0300] {dag.py:3096} INFO - Sync 1 DAGs
[2025-04-27T20:16:09.731-0300] {logging_mixin.py:188} INFO - [2025-04-27T20:16:09.730-0300] {dag.py:3954} INFO - Setting next_dagrun for latest_only_with_trigger to 2025-04-27 16:00:00+00:00, run_after=2025-04-27 20:00:00+00:00
[2025-04-27T20:16:09.746-0300] {processor.py:183} INFO - Processing /home/facuvega/Descargas/crypto-etl-airflow/airflow-apache/lib/python3.11/site-packages/airflow/example_dags/example_latest_only_with_trigger.py took 0.063 seconds
[2025-04-27T20:17:13.779-0300] {processor.py:161} INFO - Started process (PID=11750) to work on /home/facuvega/Descargas/crypto-etl-airflow/airflow-apache/lib/python3.11/site-packages/airflow/example_dags/example_latest_only_with_trigger.py
[2025-04-27T20:17:13.780-0300] {processor.py:830} INFO - Processing file /home/facuvega/Descargas/crypto-etl-airflow/airflow-apache/lib/python3.11/site-packages/airflow/example_dags/example_latest_only_with_trigger.py for tasks to queue
[2025-04-27T20:17:13.782-0300] {logging_mixin.py:188} INFO - [2025-04-27T20:17:13.781-0300] {dagbag.py:540} INFO - Filling up the DagBag from /home/facuvega/Descargas/crypto-etl-airflow/airflow-apache/lib/python3.11/site-packages/airflow/example_dags/example_latest_only_with_trigger.py
[2025-04-27T20:17:13.786-0300] {processor.py:840} INFO - DAG(s) 'latest_only_with_trigger' retrieved from /home/facuvega/Descargas/crypto-etl-airflow/airflow-apache/lib/python3.11/site-packages/airflow/example_dags/example_latest_only_with_trigger.py
[2025-04-27T20:17:13.799-0300] {logging_mixin.py:188} INFO - [2025-04-27T20:17:13.798-0300] {dag.py:3096} INFO - Sync 1 DAGs
[2025-04-27T20:17:13.811-0300] {logging_mixin.py:188} INFO - [2025-04-27T20:17:13.811-0300] {dag.py:3954} INFO - Setting next_dagrun for latest_only_with_trigger to 2025-04-27 16:00:00+00:00, run_after=2025-04-27 20:00:00+00:00
[2025-04-27T20:17:13.824-0300] {processor.py:183} INFO - Processing /home/facuvega/Descargas/crypto-etl-airflow/airflow-apache/lib/python3.11/site-packages/airflow/example_dags/example_latest_only_with_trigger.py took 0.050 seconds
[2025-04-27T20:18:12.510-0300] {processor.py:161} INFO - Started process (PID=12146) to work on /home/facuvega/Descargas/crypto-etl-airflow/airflow-apache/lib/python3.11/site-packages/airflow/example_dags/example_latest_only_with_trigger.py
[2025-04-27T20:18:12.511-0300] {processor.py:830} INFO - Processing file /home/facuvega/Descargas/crypto-etl-airflow/airflow-apache/lib/python3.11/site-packages/airflow/example_dags/example_latest_only_with_trigger.py for tasks to queue
[2025-04-27T20:18:12.513-0300] {logging_mixin.py:188} INFO - [2025-04-27T20:18:12.512-0300] {dagbag.py:540} INFO - Filling up the DagBag from /home/facuvega/Descargas/crypto-etl-airflow/airflow-apache/lib/python3.11/site-packages/airflow/example_dags/example_latest_only_with_trigger.py
[2025-04-27T20:18:12.520-0300] {processor.py:840} INFO - DAG(s) 'latest_only_with_trigger' retrieved from /home/facuvega/Descargas/crypto-etl-airflow/airflow-apache/lib/python3.11/site-packages/airflow/example_dags/example_latest_only_with_trigger.py
[2025-04-27T20:18:12.537-0300] {logging_mixin.py:188} INFO - [2025-04-27T20:18:12.536-0300] {dag.py:3096} INFO - Sync 1 DAGs
[2025-04-27T20:18:12.555-0300] {logging_mixin.py:188} INFO - [2025-04-27T20:18:12.555-0300] {dag.py:3954} INFO - Setting next_dagrun for latest_only_with_trigger to 2025-04-27 16:00:00+00:00, run_after=2025-04-27 20:00:00+00:00
[2025-04-27T20:18:12.575-0300] {processor.py:183} INFO - Processing /home/facuvega/Descargas/crypto-etl-airflow/airflow-apache/lib/python3.11/site-packages/airflow/example_dags/example_latest_only_with_trigger.py took 0.071 seconds
[2025-04-27T20:19:13.297-0300] {processor.py:161} INFO - Started process (PID=12419) to work on /home/facuvega/Descargas/crypto-etl-airflow/airflow-apache/lib/python3.11/site-packages/airflow/example_dags/example_latest_only_with_trigger.py
[2025-04-27T20:19:13.298-0300] {processor.py:830} INFO - Processing file /home/facuvega/Descargas/crypto-etl-airflow/airflow-apache/lib/python3.11/site-packages/airflow/example_dags/example_latest_only_with_trigger.py for tasks to queue
[2025-04-27T20:19:13.299-0300] {logging_mixin.py:188} INFO - [2025-04-27T20:19:13.299-0300] {dagbag.py:540} INFO - Filling up the DagBag from /home/facuvega/Descargas/crypto-etl-airflow/airflow-apache/lib/python3.11/site-packages/airflow/example_dags/example_latest_only_with_trigger.py
[2025-04-27T20:19:13.304-0300] {processor.py:840} INFO - DAG(s) 'latest_only_with_trigger' retrieved from /home/facuvega/Descargas/crypto-etl-airflow/airflow-apache/lib/python3.11/site-packages/airflow/example_dags/example_latest_only_with_trigger.py
[2025-04-27T20:19:13.318-0300] {logging_mixin.py:188} INFO - [2025-04-27T20:19:13.317-0300] {dag.py:3096} INFO - Sync 1 DAGs
[2025-04-27T20:19:13.331-0300] {logging_mixin.py:188} INFO - [2025-04-27T20:19:13.330-0300] {dag.py:3954} INFO - Setting next_dagrun for latest_only_with_trigger to 2025-04-27 16:00:00+00:00, run_after=2025-04-27 20:00:00+00:00
[2025-04-27T20:19:13.344-0300] {processor.py:183} INFO - Processing /home/facuvega/Descargas/crypto-etl-airflow/airflow-apache/lib/python3.11/site-packages/airflow/example_dags/example_latest_only_with_trigger.py took 0.052 seconds
[2025-04-27T20:20:10.630-0300] {processor.py:161} INFO - Started process (PID=12736) to work on /home/facuvega/Descargas/crypto-etl-airflow/airflow-apache/lib/python3.11/site-packages/airflow/example_dags/example_latest_only_with_trigger.py
[2025-04-27T20:20:10.631-0300] {processor.py:830} INFO - Processing file /home/facuvega/Descargas/crypto-etl-airflow/airflow-apache/lib/python3.11/site-packages/airflow/example_dags/example_latest_only_with_trigger.py for tasks to queue
[2025-04-27T20:20:10.633-0300] {logging_mixin.py:188} INFO - [2025-04-27T20:20:10.632-0300] {dagbag.py:540} INFO - Filling up the DagBag from /home/facuvega/Descargas/crypto-etl-airflow/airflow-apache/lib/python3.11/site-packages/airflow/example_dags/example_latest_only_with_trigger.py
[2025-04-27T20:20:10.638-0300] {processor.py:840} INFO - DAG(s) 'latest_only_with_trigger' retrieved from /home/facuvega/Descargas/crypto-etl-airflow/airflow-apache/lib/python3.11/site-packages/airflow/example_dags/example_latest_only_with_trigger.py
[2025-04-27T20:20:10.654-0300] {logging_mixin.py:188} INFO - [2025-04-27T20:20:10.654-0300] {dag.py:3096} INFO - Sync 1 DAGs
[2025-04-27T20:20:10.672-0300] {logging_mixin.py:188} INFO - [2025-04-27T20:20:10.672-0300] {dag.py:3954} INFO - Setting next_dagrun for latest_only_with_trigger to 2025-04-27 16:00:00+00:00, run_after=2025-04-27 20:00:00+00:00
[2025-04-27T20:20:10.688-0300] {processor.py:183} INFO - Processing /home/facuvega/Descargas/crypto-etl-airflow/airflow-apache/lib/python3.11/site-packages/airflow/example_dags/example_latest_only_with_trigger.py took 0.064 seconds
[2025-04-27T20:21:10.660-0300] {processor.py:161} INFO - Started process (PID=13003) to work on /home/facuvega/Descargas/crypto-etl-airflow/airflow-apache/lib/python3.11/site-packages/airflow/example_dags/example_latest_only_with_trigger.py
[2025-04-27T20:21:10.661-0300] {processor.py:830} INFO - Processing file /home/facuvega/Descargas/crypto-etl-airflow/airflow-apache/lib/python3.11/site-packages/airflow/example_dags/example_latest_only_with_trigger.py for tasks to queue
[2025-04-27T20:21:10.663-0300] {logging_mixin.py:188} INFO - [2025-04-27T20:21:10.662-0300] {dagbag.py:540} INFO - Filling up the DagBag from /home/facuvega/Descargas/crypto-etl-airflow/airflow-apache/lib/python3.11/site-packages/airflow/example_dags/example_latest_only_with_trigger.py
[2025-04-27T20:21:10.672-0300] {processor.py:840} INFO - DAG(s) 'latest_only_with_trigger' retrieved from /home/facuvega/Descargas/crypto-etl-airflow/airflow-apache/lib/python3.11/site-packages/airflow/example_dags/example_latest_only_with_trigger.py
[2025-04-27T20:21:10.687-0300] {logging_mixin.py:188} INFO - [2025-04-27T20:21:10.687-0300] {dag.py:3096} INFO - Sync 1 DAGs
[2025-04-27T20:21:10.705-0300] {logging_mixin.py:188} INFO - [2025-04-27T20:21:10.705-0300] {dag.py:3954} INFO - Setting next_dagrun for latest_only_with_trigger to 2025-04-27 16:00:00+00:00, run_after=2025-04-27 20:00:00+00:00
[2025-04-27T20:21:10.724-0300] {processor.py:183} INFO - Processing /home/facuvega/Descargas/crypto-etl-airflow/airflow-apache/lib/python3.11/site-packages/airflow/example_dags/example_latest_only_with_trigger.py took 0.070 seconds
[2025-04-27T20:22:13.331-0300] {processor.py:161} INFO - Started process (PID=13288) to work on /home/facuvega/Descargas/crypto-etl-airflow/airflow-apache/lib/python3.11/site-packages/airflow/example_dags/example_latest_only_with_trigger.py
[2025-04-27T20:22:13.333-0300] {processor.py:830} INFO - Processing file /home/facuvega/Descargas/crypto-etl-airflow/airflow-apache/lib/python3.11/site-packages/airflow/example_dags/example_latest_only_with_trigger.py for tasks to queue
[2025-04-27T20:22:13.335-0300] {logging_mixin.py:188} INFO - [2025-04-27T20:22:13.334-0300] {dagbag.py:540} INFO - Filling up the DagBag from /home/facuvega/Descargas/crypto-etl-airflow/airflow-apache/lib/python3.11/site-packages/airflow/example_dags/example_latest_only_with_trigger.py
[2025-04-27T20:22:13.340-0300] {processor.py:840} INFO - DAG(s) 'latest_only_with_trigger' retrieved from /home/facuvega/Descargas/crypto-etl-airflow/airflow-apache/lib/python3.11/site-packages/airflow/example_dags/example_latest_only_with_trigger.py
[2025-04-27T20:22:13.356-0300] {logging_mixin.py:188} INFO - [2025-04-27T20:22:13.356-0300] {dag.py:3096} INFO - Sync 1 DAGs
[2025-04-27T20:22:13.371-0300] {logging_mixin.py:188} INFO - [2025-04-27T20:22:13.371-0300] {dag.py:3954} INFO - Setting next_dagrun for latest_only_with_trigger to 2025-04-27 16:00:00+00:00, run_after=2025-04-27 20:00:00+00:00
[2025-04-27T20:22:13.386-0300] {processor.py:183} INFO - Processing /home/facuvega/Descargas/crypto-etl-airflow/airflow-apache/lib/python3.11/site-packages/airflow/example_dags/example_latest_only_with_trigger.py took 0.060 seconds
[2025-04-27T20:23:03.759-0300] {processor.py:161} INFO - Started process (PID=13509) to work on /home/facuvega/Descargas/crypto-etl-airflow/airflow-apache/lib/python3.11/site-packages/airflow/example_dags/example_latest_only_with_trigger.py
[2025-04-27T20:23:03.760-0300] {processor.py:830} INFO - Processing file /home/facuvega/Descargas/crypto-etl-airflow/airflow-apache/lib/python3.11/site-packages/airflow/example_dags/example_latest_only_with_trigger.py for tasks to queue
[2025-04-27T20:23:03.761-0300] {logging_mixin.py:188} INFO - [2025-04-27T20:23:03.761-0300] {dagbag.py:540} INFO - Filling up the DagBag from /home/facuvega/Descargas/crypto-etl-airflow/airflow-apache/lib/python3.11/site-packages/airflow/example_dags/example_latest_only_with_trigger.py
[2025-04-27T20:23:03.767-0300] {processor.py:840} INFO - DAG(s) 'latest_only_with_trigger' retrieved from /home/facuvega/Descargas/crypto-etl-airflow/airflow-apache/lib/python3.11/site-packages/airflow/example_dags/example_latest_only_with_trigger.py
[2025-04-27T20:23:03.783-0300] {logging_mixin.py:188} INFO - [2025-04-27T20:23:03.783-0300] {dag.py:3096} INFO - Sync 1 DAGs
[2025-04-27T20:23:03.800-0300] {logging_mixin.py:188} INFO - [2025-04-27T20:23:03.799-0300] {dag.py:3954} INFO - Setting next_dagrun for latest_only_with_trigger to 2025-04-27 16:00:00+00:00, run_after=2025-04-27 20:00:00+00:00
[2025-04-27T20:23:03.817-0300] {processor.py:183} INFO - Processing /home/facuvega/Descargas/crypto-etl-airflow/airflow-apache/lib/python3.11/site-packages/airflow/example_dags/example_latest_only_with_trigger.py took 0.064 seconds
[2025-04-27T20:24:03.572-0300] {processor.py:161} INFO - Started process (PID=13779) to work on /home/facuvega/Descargas/crypto-etl-airflow/airflow-apache/lib/python3.11/site-packages/airflow/example_dags/example_latest_only_with_trigger.py
[2025-04-27T20:24:03.573-0300] {processor.py:830} INFO - Processing file /home/facuvega/Descargas/crypto-etl-airflow/airflow-apache/lib/python3.11/site-packages/airflow/example_dags/example_latest_only_with_trigger.py for tasks to queue
[2025-04-27T20:24:03.575-0300] {logging_mixin.py:188} INFO - [2025-04-27T20:24:03.574-0300] {dagbag.py:540} INFO - Filling up the DagBag from /home/facuvega/Descargas/crypto-etl-airflow/airflow-apache/lib/python3.11/site-packages/airflow/example_dags/example_latest_only_with_trigger.py
[2025-04-27T20:24:03.580-0300] {processor.py:840} INFO - DAG(s) 'latest_only_with_trigger' retrieved from /home/facuvega/Descargas/crypto-etl-airflow/airflow-apache/lib/python3.11/site-packages/airflow/example_dags/example_latest_only_with_trigger.py
[2025-04-27T20:24:03.595-0300] {logging_mixin.py:188} INFO - [2025-04-27T20:24:03.595-0300] {dag.py:3096} INFO - Sync 1 DAGs
[2025-04-27T20:24:03.612-0300] {logging_mixin.py:188} INFO - [2025-04-27T20:24:03.612-0300] {dag.py:3954} INFO - Setting next_dagrun for latest_only_with_trigger to 2025-04-27 16:00:00+00:00, run_after=2025-04-27 20:00:00+00:00
[2025-04-27T20:24:03.627-0300] {processor.py:183} INFO - Processing /home/facuvega/Descargas/crypto-etl-airflow/airflow-apache/lib/python3.11/site-packages/airflow/example_dags/example_latest_only_with_trigger.py took 0.061 seconds
[2025-04-27T20:24:58.305-0300] {processor.py:161} INFO - Started process (PID=14057) to work on /home/facuvega/Descargas/crypto-etl-airflow/airflow-apache/lib/python3.11/site-packages/airflow/example_dags/example_latest_only_with_trigger.py
[2025-04-27T20:24:58.306-0300] {processor.py:830} INFO - Processing file /home/facuvega/Descargas/crypto-etl-airflow/airflow-apache/lib/python3.11/site-packages/airflow/example_dags/example_latest_only_with_trigger.py for tasks to queue
[2025-04-27T20:24:58.307-0300] {logging_mixin.py:188} INFO - [2025-04-27T20:24:58.307-0300] {dagbag.py:540} INFO - Filling up the DagBag from /home/facuvega/Descargas/crypto-etl-airflow/airflow-apache/lib/python3.11/site-packages/airflow/example_dags/example_latest_only_with_trigger.py
[2025-04-27T20:24:58.313-0300] {processor.py:840} INFO - DAG(s) 'latest_only_with_trigger' retrieved from /home/facuvega/Descargas/crypto-etl-airflow/airflow-apache/lib/python3.11/site-packages/airflow/example_dags/example_latest_only_with_trigger.py
[2025-04-27T20:24:58.328-0300] {logging_mixin.py:188} INFO - [2025-04-27T20:24:58.328-0300] {dag.py:3096} INFO - Sync 1 DAGs
[2025-04-27T20:24:58.345-0300] {logging_mixin.py:188} INFO - [2025-04-27T20:24:58.345-0300] {dag.py:3954} INFO - Setting next_dagrun for latest_only_with_trigger to 2025-04-27 16:00:00+00:00, run_after=2025-04-27 20:00:00+00:00
[2025-04-27T20:24:58.361-0300] {processor.py:183} INFO - Processing /home/facuvega/Descargas/crypto-etl-airflow/airflow-apache/lib/python3.11/site-packages/airflow/example_dags/example_latest_only_with_trigger.py took 0.062 seconds
[2025-04-27T20:26:01.009-0300] {processor.py:161} INFO - Started process (PID=14337) to work on /home/facuvega/Descargas/crypto-etl-airflow/airflow-apache/lib/python3.11/site-packages/airflow/example_dags/example_latest_only_with_trigger.py
[2025-04-27T20:26:01.011-0300] {processor.py:830} INFO - Processing file /home/facuvega/Descargas/crypto-etl-airflow/airflow-apache/lib/python3.11/site-packages/airflow/example_dags/example_latest_only_with_trigger.py for tasks to queue
[2025-04-27T20:26:01.014-0300] {logging_mixin.py:188} INFO - [2025-04-27T20:26:01.014-0300] {dagbag.py:540} INFO - Filling up the DagBag from /home/facuvega/Descargas/crypto-etl-airflow/airflow-apache/lib/python3.11/site-packages/airflow/example_dags/example_latest_only_with_trigger.py
[2025-04-27T20:26:01.022-0300] {processor.py:840} INFO - DAG(s) 'latest_only_with_trigger' retrieved from /home/facuvega/Descargas/crypto-etl-airflow/airflow-apache/lib/python3.11/site-packages/airflow/example_dags/example_latest_only_with_trigger.py
[2025-04-27T20:26:01.039-0300] {logging_mixin.py:188} INFO - [2025-04-27T20:26:01.038-0300] {dag.py:3096} INFO - Sync 1 DAGs
[2025-04-27T20:26:01.056-0300] {logging_mixin.py:188} INFO - [2025-04-27T20:26:01.055-0300] {dag.py:3954} INFO - Setting next_dagrun for latest_only_with_trigger to 2025-04-27 16:00:00+00:00, run_after=2025-04-27 20:00:00+00:00
[2025-04-27T20:26:01.071-0300] {processor.py:183} INFO - Processing /home/facuvega/Descargas/crypto-etl-airflow/airflow-apache/lib/python3.11/site-packages/airflow/example_dags/example_latest_only_with_trigger.py took 0.067 seconds
[2025-04-27T20:27:01.594-0300] {processor.py:161} INFO - Started process (PID=14629) to work on /home/facuvega/Descargas/crypto-etl-airflow/airflow-apache/lib/python3.11/site-packages/airflow/example_dags/example_latest_only_with_trigger.py
[2025-04-27T20:27:01.595-0300] {processor.py:830} INFO - Processing file /home/facuvega/Descargas/crypto-etl-airflow/airflow-apache/lib/python3.11/site-packages/airflow/example_dags/example_latest_only_with_trigger.py for tasks to queue
[2025-04-27T20:27:01.596-0300] {logging_mixin.py:188} INFO - [2025-04-27T20:27:01.596-0300] {dagbag.py:540} INFO - Filling up the DagBag from /home/facuvega/Descargas/crypto-etl-airflow/airflow-apache/lib/python3.11/site-packages/airflow/example_dags/example_latest_only_with_trigger.py
[2025-04-27T20:27:01.601-0300] {processor.py:840} INFO - DAG(s) 'latest_only_with_trigger' retrieved from /home/facuvega/Descargas/crypto-etl-airflow/airflow-apache/lib/python3.11/site-packages/airflow/example_dags/example_latest_only_with_trigger.py
[2025-04-27T20:27:01.614-0300] {logging_mixin.py:188} INFO - [2025-04-27T20:27:01.614-0300] {dag.py:3096} INFO - Sync 1 DAGs
[2025-04-27T20:27:01.627-0300] {logging_mixin.py:188} INFO - [2025-04-27T20:27:01.627-0300] {dag.py:3954} INFO - Setting next_dagrun for latest_only_with_trigger to 2025-04-27 16:00:00+00:00, run_after=2025-04-27 20:00:00+00:00
[2025-04-27T20:27:01.639-0300] {processor.py:183} INFO - Processing /home/facuvega/Descargas/crypto-etl-airflow/airflow-apache/lib/python3.11/site-packages/airflow/example_dags/example_latest_only_with_trigger.py took 0.051 seconds
[2025-04-27T20:27:59.190-0300] {processor.py:161} INFO - Started process (PID=14896) to work on /home/facuvega/Descargas/crypto-etl-airflow/airflow-apache/lib/python3.11/site-packages/airflow/example_dags/example_latest_only_with_trigger.py
[2025-04-27T20:27:59.191-0300] {processor.py:830} INFO - Processing file /home/facuvega/Descargas/crypto-etl-airflow/airflow-apache/lib/python3.11/site-packages/airflow/example_dags/example_latest_only_with_trigger.py for tasks to queue
[2025-04-27T20:27:59.193-0300] {logging_mixin.py:188} INFO - [2025-04-27T20:27:59.192-0300] {dagbag.py:540} INFO - Filling up the DagBag from /home/facuvega/Descargas/crypto-etl-airflow/airflow-apache/lib/python3.11/site-packages/airflow/example_dags/example_latest_only_with_trigger.py
[2025-04-27T20:27:59.199-0300] {processor.py:840} INFO - DAG(s) 'latest_only_with_trigger' retrieved from /home/facuvega/Descargas/crypto-etl-airflow/airflow-apache/lib/python3.11/site-packages/airflow/example_dags/example_latest_only_with_trigger.py
[2025-04-27T20:27:59.224-0300] {logging_mixin.py:188} INFO - [2025-04-27T20:27:59.223-0300] {dag.py:3096} INFO - Sync 1 DAGs
[2025-04-27T20:27:59.248-0300] {logging_mixin.py:188} INFO - [2025-04-27T20:27:59.248-0300] {dag.py:3954} INFO - Setting next_dagrun for latest_only_with_trigger to 2025-04-27 16:00:00+00:00, run_after=2025-04-27 20:00:00+00:00
[2025-04-27T20:27:59.265-0300] {processor.py:183} INFO - Processing /home/facuvega/Descargas/crypto-etl-airflow/airflow-apache/lib/python3.11/site-packages/airflow/example_dags/example_latest_only_with_trigger.py took 0.081 seconds
[2025-04-27T20:29:01.558-0300] {processor.py:161} INFO - Started process (PID=15185) to work on /home/facuvega/Descargas/crypto-etl-airflow/airflow-apache/lib/python3.11/site-packages/airflow/example_dags/example_latest_only_with_trigger.py
[2025-04-27T20:29:01.559-0300] {processor.py:830} INFO - Processing file /home/facuvega/Descargas/crypto-etl-airflow/airflow-apache/lib/python3.11/site-packages/airflow/example_dags/example_latest_only_with_trigger.py for tasks to queue
[2025-04-27T20:29:01.561-0300] {logging_mixin.py:188} INFO - [2025-04-27T20:29:01.560-0300] {dagbag.py:540} INFO - Filling up the DagBag from /home/facuvega/Descargas/crypto-etl-airflow/airflow-apache/lib/python3.11/site-packages/airflow/example_dags/example_latest_only_with_trigger.py
[2025-04-27T20:29:01.565-0300] {processor.py:840} INFO - DAG(s) 'latest_only_with_trigger' retrieved from /home/facuvega/Descargas/crypto-etl-airflow/airflow-apache/lib/python3.11/site-packages/airflow/example_dags/example_latest_only_with_trigger.py
[2025-04-27T20:29:01.583-0300] {logging_mixin.py:188} INFO - [2025-04-27T20:29:01.582-0300] {dag.py:3096} INFO - Sync 1 DAGs
[2025-04-27T20:29:01.601-0300] {logging_mixin.py:188} INFO - [2025-04-27T20:29:01.601-0300] {dag.py:3954} INFO - Setting next_dagrun for latest_only_with_trigger to 2025-04-27 16:00:00+00:00, run_after=2025-04-27 20:00:00+00:00
[2025-04-27T20:29:01.615-0300] {processor.py:183} INFO - Processing /home/facuvega/Descargas/crypto-etl-airflow/airflow-apache/lib/python3.11/site-packages/airflow/example_dags/example_latest_only_with_trigger.py took 0.063 seconds
[2025-04-27T20:29:59.723-0300] {processor.py:161} INFO - Started process (PID=15473) to work on /home/facuvega/Descargas/crypto-etl-airflow/airflow-apache/lib/python3.11/site-packages/airflow/example_dags/example_latest_only_with_trigger.py
[2025-04-27T20:29:59.724-0300] {processor.py:830} INFO - Processing file /home/facuvega/Descargas/crypto-etl-airflow/airflow-apache/lib/python3.11/site-packages/airflow/example_dags/example_latest_only_with_trigger.py for tasks to queue
[2025-04-27T20:29:59.726-0300] {logging_mixin.py:188} INFO - [2025-04-27T20:29:59.726-0300] {dagbag.py:540} INFO - Filling up the DagBag from /home/facuvega/Descargas/crypto-etl-airflow/airflow-apache/lib/python3.11/site-packages/airflow/example_dags/example_latest_only_with_trigger.py
[2025-04-27T20:29:59.731-0300] {processor.py:840} INFO - DAG(s) 'latest_only_with_trigger' retrieved from /home/facuvega/Descargas/crypto-etl-airflow/airflow-apache/lib/python3.11/site-packages/airflow/example_dags/example_latest_only_with_trigger.py
[2025-04-27T20:29:59.744-0300] {logging_mixin.py:188} INFO - [2025-04-27T20:29:59.744-0300] {dag.py:3096} INFO - Sync 1 DAGs
[2025-04-27T20:29:59.758-0300] {logging_mixin.py:188} INFO - [2025-04-27T20:29:59.758-0300] {dag.py:3954} INFO - Setting next_dagrun for latest_only_with_trigger to 2025-04-27 16:00:00+00:00, run_after=2025-04-27 20:00:00+00:00
[2025-04-27T20:29:59.773-0300] {processor.py:183} INFO - Processing /home/facuvega/Descargas/crypto-etl-airflow/airflow-apache/lib/python3.11/site-packages/airflow/example_dags/example_latest_only_with_trigger.py took 0.054 seconds
[2025-04-27T20:30:59.284-0300] {processor.py:161} INFO - Started process (PID=15748) to work on /home/facuvega/Descargas/crypto-etl-airflow/airflow-apache/lib/python3.11/site-packages/airflow/example_dags/example_latest_only_with_trigger.py
[2025-04-27T20:30:59.284-0300] {processor.py:830} INFO - Processing file /home/facuvega/Descargas/crypto-etl-airflow/airflow-apache/lib/python3.11/site-packages/airflow/example_dags/example_latest_only_with_trigger.py for tasks to queue
[2025-04-27T20:30:59.286-0300] {logging_mixin.py:188} INFO - [2025-04-27T20:30:59.286-0300] {dagbag.py:540} INFO - Filling up the DagBag from /home/facuvega/Descargas/crypto-etl-airflow/airflow-apache/lib/python3.11/site-packages/airflow/example_dags/example_latest_only_with_trigger.py
[2025-04-27T20:30:59.291-0300] {processor.py:840} INFO - DAG(s) 'latest_only_with_trigger' retrieved from /home/facuvega/Descargas/crypto-etl-airflow/airflow-apache/lib/python3.11/site-packages/airflow/example_dags/example_latest_only_with_trigger.py
[2025-04-27T20:30:59.305-0300] {logging_mixin.py:188} INFO - [2025-04-27T20:30:59.305-0300] {dag.py:3096} INFO - Sync 1 DAGs
[2025-04-27T20:30:59.320-0300] {logging_mixin.py:188} INFO - [2025-04-27T20:30:59.320-0300] {dag.py:3954} INFO - Setting next_dagrun for latest_only_with_trigger to 2025-04-27 16:00:00+00:00, run_after=2025-04-27 20:00:00+00:00
[2025-04-27T20:30:59.334-0300] {processor.py:183} INFO - Processing /home/facuvega/Descargas/crypto-etl-airflow/airflow-apache/lib/python3.11/site-packages/airflow/example_dags/example_latest_only_with_trigger.py took 0.056 seconds
[2025-04-27T20:31:55.867-0300] {processor.py:161} INFO - Started process (PID=16000) to work on /home/facuvega/Descargas/crypto-etl-airflow/airflow-apache/lib/python3.11/site-packages/airflow/example_dags/example_latest_only_with_trigger.py
[2025-04-27T20:31:55.867-0300] {processor.py:830} INFO - Processing file /home/facuvega/Descargas/crypto-etl-airflow/airflow-apache/lib/python3.11/site-packages/airflow/example_dags/example_latest_only_with_trigger.py for tasks to queue
[2025-04-27T20:31:55.869-0300] {logging_mixin.py:188} INFO - [2025-04-27T20:31:55.869-0300] {dagbag.py:540} INFO - Filling up the DagBag from /home/facuvega/Descargas/crypto-etl-airflow/airflow-apache/lib/python3.11/site-packages/airflow/example_dags/example_latest_only_with_trigger.py
[2025-04-27T20:31:55.874-0300] {processor.py:840} INFO - DAG(s) 'latest_only_with_trigger' retrieved from /home/facuvega/Descargas/crypto-etl-airflow/airflow-apache/lib/python3.11/site-packages/airflow/example_dags/example_latest_only_with_trigger.py
[2025-04-27T20:31:55.888-0300] {logging_mixin.py:188} INFO - [2025-04-27T20:31:55.887-0300] {dag.py:3096} INFO - Sync 1 DAGs
[2025-04-27T20:31:55.908-0300] {logging_mixin.py:188} INFO - [2025-04-27T20:31:55.908-0300] {dag.py:3954} INFO - Setting next_dagrun for latest_only_with_trigger to 2025-04-27 16:00:00+00:00, run_after=2025-04-27 20:00:00+00:00
[2025-04-27T20:31:55.921-0300] {processor.py:183} INFO - Processing /home/facuvega/Descargas/crypto-etl-airflow/airflow-apache/lib/python3.11/site-packages/airflow/example_dags/example_latest_only_with_trigger.py took 0.060 seconds
[2025-04-27T20:32:58.611-0300] {processor.py:161} INFO - Started process (PID=16280) to work on /home/facuvega/Descargas/crypto-etl-airflow/airflow-apache/lib/python3.11/site-packages/airflow/example_dags/example_latest_only_with_trigger.py
[2025-04-27T20:32:58.612-0300] {processor.py:830} INFO - Processing file /home/facuvega/Descargas/crypto-etl-airflow/airflow-apache/lib/python3.11/site-packages/airflow/example_dags/example_latest_only_with_trigger.py for tasks to queue
[2025-04-27T20:32:58.614-0300] {logging_mixin.py:188} INFO - [2025-04-27T20:32:58.613-0300] {dagbag.py:540} INFO - Filling up the DagBag from /home/facuvega/Descargas/crypto-etl-airflow/airflow-apache/lib/python3.11/site-packages/airflow/example_dags/example_latest_only_with_trigger.py
[2025-04-27T20:32:58.620-0300] {processor.py:840} INFO - DAG(s) 'latest_only_with_trigger' retrieved from /home/facuvega/Descargas/crypto-etl-airflow/airflow-apache/lib/python3.11/site-packages/airflow/example_dags/example_latest_only_with_trigger.py
[2025-04-27T20:32:58.636-0300] {logging_mixin.py:188} INFO - [2025-04-27T20:32:58.636-0300] {dag.py:3096} INFO - Sync 1 DAGs
[2025-04-27T20:32:58.652-0300] {logging_mixin.py:188} INFO - [2025-04-27T20:32:58.652-0300] {dag.py:3954} INFO - Setting next_dagrun for latest_only_with_trigger to 2025-04-27 16:00:00+00:00, run_after=2025-04-27 20:00:00+00:00
[2025-04-27T20:32:58.667-0300] {processor.py:183} INFO - Processing /home/facuvega/Descargas/crypto-etl-airflow/airflow-apache/lib/python3.11/site-packages/airflow/example_dags/example_latest_only_with_trigger.py took 0.062 seconds
[2025-04-27T20:34:04.657-0300] {processor.py:161} INFO - Started process (PID=16750) to work on /home/facuvega/Descargas/crypto-etl-airflow/airflow-apache/lib/python3.11/site-packages/airflow/example_dags/example_latest_only_with_trigger.py
[2025-04-27T20:34:04.658-0300] {processor.py:830} INFO - Processing file /home/facuvega/Descargas/crypto-etl-airflow/airflow-apache/lib/python3.11/site-packages/airflow/example_dags/example_latest_only_with_trigger.py for tasks to queue
[2025-04-27T20:34:04.660-0300] {logging_mixin.py:188} INFO - [2025-04-27T20:34:04.660-0300] {dagbag.py:540} INFO - Filling up the DagBag from /home/facuvega/Descargas/crypto-etl-airflow/airflow-apache/lib/python3.11/site-packages/airflow/example_dags/example_latest_only_with_trigger.py
[2025-04-27T20:34:04.668-0300] {processor.py:840} INFO - DAG(s) 'latest_only_with_trigger' retrieved from /home/facuvega/Descargas/crypto-etl-airflow/airflow-apache/lib/python3.11/site-packages/airflow/example_dags/example_latest_only_with_trigger.py
[2025-04-27T20:34:04.685-0300] {logging_mixin.py:188} INFO - [2025-04-27T20:34:04.684-0300] {dag.py:3096} INFO - Sync 1 DAGs
[2025-04-27T20:34:04.703-0300] {logging_mixin.py:188} INFO - [2025-04-27T20:34:04.703-0300] {dag.py:3954} INFO - Setting next_dagrun for latest_only_with_trigger to 2025-04-27 16:00:00+00:00, run_after=2025-04-27 20:00:00+00:00
[2025-04-27T20:34:04.719-0300] {processor.py:183} INFO - Processing /home/facuvega/Descargas/crypto-etl-airflow/airflow-apache/lib/python3.11/site-packages/airflow/example_dags/example_latest_only_with_trigger.py took 0.068 seconds
[2025-04-27T20:35:09.939-0300] {processor.py:161} INFO - Started process (PID=17102) to work on /home/facuvega/Descargas/crypto-etl-airflow/airflow-apache/lib/python3.11/site-packages/airflow/example_dags/example_latest_only_with_trigger.py
[2025-04-27T20:35:09.940-0300] {processor.py:830} INFO - Processing file /home/facuvega/Descargas/crypto-etl-airflow/airflow-apache/lib/python3.11/site-packages/airflow/example_dags/example_latest_only_with_trigger.py for tasks to queue
[2025-04-27T20:35:09.942-0300] {logging_mixin.py:188} INFO - [2025-04-27T20:35:09.941-0300] {dagbag.py:540} INFO - Filling up the DagBag from /home/facuvega/Descargas/crypto-etl-airflow/airflow-apache/lib/python3.11/site-packages/airflow/example_dags/example_latest_only_with_trigger.py
[2025-04-27T20:35:09.947-0300] {processor.py:840} INFO - DAG(s) 'latest_only_with_trigger' retrieved from /home/facuvega/Descargas/crypto-etl-airflow/airflow-apache/lib/python3.11/site-packages/airflow/example_dags/example_latest_only_with_trigger.py
[2025-04-27T20:35:09.961-0300] {logging_mixin.py:188} INFO - [2025-04-27T20:35:09.961-0300] {dag.py:3096} INFO - Sync 1 DAGs
[2025-04-27T20:35:09.978-0300] {logging_mixin.py:188} INFO - [2025-04-27T20:35:09.978-0300] {dag.py:3954} INFO - Setting next_dagrun for latest_only_with_trigger to 2025-04-27 16:00:00+00:00, run_after=2025-04-27 20:00:00+00:00
[2025-04-27T20:35:09.993-0300] {processor.py:183} INFO - Processing /home/facuvega/Descargas/crypto-etl-airflow/airflow-apache/lib/python3.11/site-packages/airflow/example_dags/example_latest_only_with_trigger.py took 0.059 seconds
[2025-04-27T20:36:11.609-0300] {processor.py:161} INFO - Started process (PID=17380) to work on /home/facuvega/Descargas/crypto-etl-airflow/airflow-apache/lib/python3.11/site-packages/airflow/example_dags/example_latest_only_with_trigger.py
[2025-04-27T20:36:11.611-0300] {processor.py:830} INFO - Processing file /home/facuvega/Descargas/crypto-etl-airflow/airflow-apache/lib/python3.11/site-packages/airflow/example_dags/example_latest_only_with_trigger.py for tasks to queue
[2025-04-27T20:36:11.612-0300] {logging_mixin.py:188} INFO - [2025-04-27T20:36:11.612-0300] {dagbag.py:540} INFO - Filling up the DagBag from /home/facuvega/Descargas/crypto-etl-airflow/airflow-apache/lib/python3.11/site-packages/airflow/example_dags/example_latest_only_with_trigger.py
[2025-04-27T20:36:11.619-0300] {processor.py:840} INFO - DAG(s) 'latest_only_with_trigger' retrieved from /home/facuvega/Descargas/crypto-etl-airflow/airflow-apache/lib/python3.11/site-packages/airflow/example_dags/example_latest_only_with_trigger.py
[2025-04-27T20:36:11.633-0300] {logging_mixin.py:188} INFO - [2025-04-27T20:36:11.633-0300] {dag.py:3096} INFO - Sync 1 DAGs
[2025-04-27T20:36:11.647-0300] {logging_mixin.py:188} INFO - [2025-04-27T20:36:11.647-0300] {dag.py:3954} INFO - Setting next_dagrun for latest_only_with_trigger to 2025-04-27 16:00:00+00:00, run_after=2025-04-27 20:00:00+00:00
[2025-04-27T20:36:11.661-0300] {processor.py:183} INFO - Processing /home/facuvega/Descargas/crypto-etl-airflow/airflow-apache/lib/python3.11/site-packages/airflow/example_dags/example_latest_only_with_trigger.py took 0.059 seconds
[2025-04-27T20:37:10.310-0300] {processor.py:161} INFO - Started process (PID=17639) to work on /home/facuvega/Descargas/crypto-etl-airflow/airflow-apache/lib/python3.11/site-packages/airflow/example_dags/example_latest_only_with_trigger.py
[2025-04-27T20:37:10.311-0300] {processor.py:830} INFO - Processing file /home/facuvega/Descargas/crypto-etl-airflow/airflow-apache/lib/python3.11/site-packages/airflow/example_dags/example_latest_only_with_trigger.py for tasks to queue
[2025-04-27T20:37:10.313-0300] {logging_mixin.py:188} INFO - [2025-04-27T20:37:10.312-0300] {dagbag.py:540} INFO - Filling up the DagBag from /home/facuvega/Descargas/crypto-etl-airflow/airflow-apache/lib/python3.11/site-packages/airflow/example_dags/example_latest_only_with_trigger.py
[2025-04-27T20:37:10.318-0300] {processor.py:840} INFO - DAG(s) 'latest_only_with_trigger' retrieved from /home/facuvega/Descargas/crypto-etl-airflow/airflow-apache/lib/python3.11/site-packages/airflow/example_dags/example_latest_only_with_trigger.py
[2025-04-27T20:37:10.333-0300] {logging_mixin.py:188} INFO - [2025-04-27T20:37:10.332-0300] {dag.py:3096} INFO - Sync 1 DAGs
[2025-04-27T20:37:10.348-0300] {logging_mixin.py:188} INFO - [2025-04-27T20:37:10.348-0300] {dag.py:3954} INFO - Setting next_dagrun for latest_only_with_trigger to 2025-04-27 16:00:00+00:00, run_after=2025-04-27 20:00:00+00:00
[2025-04-27T20:37:10.367-0300] {processor.py:183} INFO - Processing /home/facuvega/Descargas/crypto-etl-airflow/airflow-apache/lib/python3.11/site-packages/airflow/example_dags/example_latest_only_with_trigger.py took 0.063 seconds
[2025-04-27T20:38:10.295-0300] {processor.py:161} INFO - Started process (PID=17913) to work on /home/facuvega/Descargas/crypto-etl-airflow/airflow-apache/lib/python3.11/site-packages/airflow/example_dags/example_latest_only_with_trigger.py
[2025-04-27T20:38:10.296-0300] {processor.py:830} INFO - Processing file /home/facuvega/Descargas/crypto-etl-airflow/airflow-apache/lib/python3.11/site-packages/airflow/example_dags/example_latest_only_with_trigger.py for tasks to queue
[2025-04-27T20:38:10.298-0300] {logging_mixin.py:188} INFO - [2025-04-27T20:38:10.298-0300] {dagbag.py:540} INFO - Filling up the DagBag from /home/facuvega/Descargas/crypto-etl-airflow/airflow-apache/lib/python3.11/site-packages/airflow/example_dags/example_latest_only_with_trigger.py
[2025-04-27T20:38:10.304-0300] {processor.py:840} INFO - DAG(s) 'latest_only_with_trigger' retrieved from /home/facuvega/Descargas/crypto-etl-airflow/airflow-apache/lib/python3.11/site-packages/airflow/example_dags/example_latest_only_with_trigger.py
[2025-04-27T20:38:10.320-0300] {logging_mixin.py:188} INFO - [2025-04-27T20:38:10.320-0300] {dag.py:3096} INFO - Sync 1 DAGs
[2025-04-27T20:38:10.337-0300] {logging_mixin.py:188} INFO - [2025-04-27T20:38:10.337-0300] {dag.py:3954} INFO - Setting next_dagrun for latest_only_with_trigger to 2025-04-27 16:00:00+00:00, run_after=2025-04-27 20:00:00+00:00
[2025-04-27T20:38:10.352-0300] {processor.py:183} INFO - Processing /home/facuvega/Descargas/crypto-etl-airflow/airflow-apache/lib/python3.11/site-packages/airflow/example_dags/example_latest_only_with_trigger.py took 0.064 seconds
[2025-04-27T20:39:12.939-0300] {processor.py:161} INFO - Started process (PID=18324) to work on /home/facuvega/Descargas/crypto-etl-airflow/airflow-apache/lib/python3.11/site-packages/airflow/example_dags/example_latest_only_with_trigger.py
[2025-04-27T20:39:12.940-0300] {processor.py:830} INFO - Processing file /home/facuvega/Descargas/crypto-etl-airflow/airflow-apache/lib/python3.11/site-packages/airflow/example_dags/example_latest_only_with_trigger.py for tasks to queue
[2025-04-27T20:39:12.943-0300] {logging_mixin.py:188} INFO - [2025-04-27T20:39:12.943-0300] {dagbag.py:540} INFO - Filling up the DagBag from /home/facuvega/Descargas/crypto-etl-airflow/airflow-apache/lib/python3.11/site-packages/airflow/example_dags/example_latest_only_with_trigger.py
[2025-04-27T20:39:12.950-0300] {processor.py:840} INFO - DAG(s) 'latest_only_with_trigger' retrieved from /home/facuvega/Descargas/crypto-etl-airflow/airflow-apache/lib/python3.11/site-packages/airflow/example_dags/example_latest_only_with_trigger.py
[2025-04-27T20:39:12.969-0300] {logging_mixin.py:188} INFO - [2025-04-27T20:39:12.969-0300] {dag.py:3096} INFO - Sync 1 DAGs
[2025-04-27T20:39:12.989-0300] {logging_mixin.py:188} INFO - [2025-04-27T20:39:12.989-0300] {dag.py:3954} INFO - Setting next_dagrun for latest_only_with_trigger to 2025-04-27 16:00:00+00:00, run_after=2025-04-27 20:00:00+00:00
[2025-04-27T20:39:13.005-0300] {processor.py:183} INFO - Processing /home/facuvega/Descargas/crypto-etl-airflow/airflow-apache/lib/python3.11/site-packages/airflow/example_dags/example_latest_only_with_trigger.py took 0.072 seconds
[2025-04-27T20:40:12.590-0300] {processor.py:161} INFO - Started process (PID=18618) to work on /home/facuvega/Descargas/crypto-etl-airflow/airflow-apache/lib/python3.11/site-packages/airflow/example_dags/example_latest_only_with_trigger.py
[2025-04-27T20:40:12.591-0300] {processor.py:830} INFO - Processing file /home/facuvega/Descargas/crypto-etl-airflow/airflow-apache/lib/python3.11/site-packages/airflow/example_dags/example_latest_only_with_trigger.py for tasks to queue
[2025-04-27T20:40:12.592-0300] {logging_mixin.py:188} INFO - [2025-04-27T20:40:12.592-0300] {dagbag.py:540} INFO - Filling up the DagBag from /home/facuvega/Descargas/crypto-etl-airflow/airflow-apache/lib/python3.11/site-packages/airflow/example_dags/example_latest_only_with_trigger.py
[2025-04-27T20:40:12.598-0300] {processor.py:840} INFO - DAG(s) 'latest_only_with_trigger' retrieved from /home/facuvega/Descargas/crypto-etl-airflow/airflow-apache/lib/python3.11/site-packages/airflow/example_dags/example_latest_only_with_trigger.py
[2025-04-27T20:40:12.611-0300] {logging_mixin.py:188} INFO - [2025-04-27T20:40:12.610-0300] {dag.py:3096} INFO - Sync 1 DAGs
[2025-04-27T20:40:12.624-0300] {logging_mixin.py:188} INFO - [2025-04-27T20:40:12.624-0300] {dag.py:3954} INFO - Setting next_dagrun for latest_only_with_trigger to 2025-04-27 16:00:00+00:00, run_after=2025-04-27 20:00:00+00:00
[2025-04-27T20:40:12.636-0300] {processor.py:183} INFO - Processing /home/facuvega/Descargas/crypto-etl-airflow/airflow-apache/lib/python3.11/site-packages/airflow/example_dags/example_latest_only_with_trigger.py took 0.051 seconds
[2025-04-27T20:41:18.430-0300] {processor.py:161} INFO - Started process (PID=18924) to work on /home/facuvega/Descargas/crypto-etl-airflow/airflow-apache/lib/python3.11/site-packages/airflow/example_dags/example_latest_only_with_trigger.py
[2025-04-27T20:41:18.431-0300] {processor.py:830} INFO - Processing file /home/facuvega/Descargas/crypto-etl-airflow/airflow-apache/lib/python3.11/site-packages/airflow/example_dags/example_latest_only_with_trigger.py for tasks to queue
[2025-04-27T20:41:18.433-0300] {logging_mixin.py:188} INFO - [2025-04-27T20:41:18.433-0300] {dagbag.py:540} INFO - Filling up the DagBag from /home/facuvega/Descargas/crypto-etl-airflow/airflow-apache/lib/python3.11/site-packages/airflow/example_dags/example_latest_only_with_trigger.py
[2025-04-27T20:41:18.439-0300] {processor.py:840} INFO - DAG(s) 'latest_only_with_trigger' retrieved from /home/facuvega/Descargas/crypto-etl-airflow/airflow-apache/lib/python3.11/site-packages/airflow/example_dags/example_latest_only_with_trigger.py
[2025-04-27T20:41:18.456-0300] {logging_mixin.py:188} INFO - [2025-04-27T20:41:18.456-0300] {dag.py:3096} INFO - Sync 1 DAGs
[2025-04-27T20:41:18.476-0300] {logging_mixin.py:188} INFO - [2025-04-27T20:41:18.476-0300] {dag.py:3954} INFO - Setting next_dagrun for latest_only_with_trigger to 2025-04-27 16:00:00+00:00, run_after=2025-04-27 20:00:00+00:00
[2025-04-27T20:41:18.494-0300] {processor.py:183} INFO - Processing /home/facuvega/Descargas/crypto-etl-airflow/airflow-apache/lib/python3.11/site-packages/airflow/example_dags/example_latest_only_with_trigger.py took 0.071 seconds
[2025-04-27T20:42:19.539-0300] {processor.py:161} INFO - Started process (PID=19197) to work on /home/facuvega/Descargas/crypto-etl-airflow/airflow-apache/lib/python3.11/site-packages/airflow/example_dags/example_latest_only_with_trigger.py
[2025-04-27T20:42:19.540-0300] {processor.py:830} INFO - Processing file /home/facuvega/Descargas/crypto-etl-airflow/airflow-apache/lib/python3.11/site-packages/airflow/example_dags/example_latest_only_with_trigger.py for tasks to queue
[2025-04-27T20:42:19.542-0300] {logging_mixin.py:188} INFO - [2025-04-27T20:42:19.541-0300] {dagbag.py:540} INFO - Filling up the DagBag from /home/facuvega/Descargas/crypto-etl-airflow/airflow-apache/lib/python3.11/site-packages/airflow/example_dags/example_latest_only_with_trigger.py
[2025-04-27T20:42:19.548-0300] {processor.py:840} INFO - DAG(s) 'latest_only_with_trigger' retrieved from /home/facuvega/Descargas/crypto-etl-airflow/airflow-apache/lib/python3.11/site-packages/airflow/example_dags/example_latest_only_with_trigger.py
[2025-04-27T20:42:19.561-0300] {logging_mixin.py:188} INFO - [2025-04-27T20:42:19.561-0300] {dag.py:3096} INFO - Sync 1 DAGs
[2025-04-27T20:42:19.575-0300] {logging_mixin.py:188} INFO - [2025-04-27T20:42:19.574-0300] {dag.py:3954} INFO - Setting next_dagrun for latest_only_with_trigger to 2025-04-27 16:00:00+00:00, run_after=2025-04-27 20:00:00+00:00
[2025-04-27T20:42:19.592-0300] {processor.py:183} INFO - Processing /home/facuvega/Descargas/crypto-etl-airflow/airflow-apache/lib/python3.11/site-packages/airflow/example_dags/example_latest_only_with_trigger.py took 0.057 seconds
[2025-04-27T20:43:19.230-0300] {processor.py:161} INFO - Started process (PID=19474) to work on /home/facuvega/Descargas/crypto-etl-airflow/airflow-apache/lib/python3.11/site-packages/airflow/example_dags/example_latest_only_with_trigger.py
[2025-04-27T20:43:19.231-0300] {processor.py:830} INFO - Processing file /home/facuvega/Descargas/crypto-etl-airflow/airflow-apache/lib/python3.11/site-packages/airflow/example_dags/example_latest_only_with_trigger.py for tasks to queue
[2025-04-27T20:43:19.234-0300] {logging_mixin.py:188} INFO - [2025-04-27T20:43:19.233-0300] {dagbag.py:540} INFO - Filling up the DagBag from /home/facuvega/Descargas/crypto-etl-airflow/airflow-apache/lib/python3.11/site-packages/airflow/example_dags/example_latest_only_with_trigger.py
[2025-04-27T20:43:19.242-0300] {processor.py:840} INFO - DAG(s) 'latest_only_with_trigger' retrieved from /home/facuvega/Descargas/crypto-etl-airflow/airflow-apache/lib/python3.11/site-packages/airflow/example_dags/example_latest_only_with_trigger.py
[2025-04-27T20:43:19.269-0300] {logging_mixin.py:188} INFO - [2025-04-27T20:43:19.269-0300] {dag.py:3096} INFO - Sync 1 DAGs
[2025-04-27T20:43:19.296-0300] {logging_mixin.py:188} INFO - [2025-04-27T20:43:19.296-0300] {dag.py:3954} INFO - Setting next_dagrun for latest_only_with_trigger to 2025-04-27 16:00:00+00:00, run_after=2025-04-27 20:00:00+00:00
[2025-04-27T20:43:19.315-0300] {processor.py:183} INFO - Processing /home/facuvega/Descargas/crypto-etl-airflow/airflow-apache/lib/python3.11/site-packages/airflow/example_dags/example_latest_only_with_trigger.py took 0.091 seconds
[2025-04-27T20:44:15.091-0300] {processor.py:161} INFO - Started process (PID=19736) to work on /home/facuvega/Descargas/crypto-etl-airflow/airflow-apache/lib/python3.11/site-packages/airflow/example_dags/example_latest_only_with_trigger.py
[2025-04-27T20:44:15.092-0300] {processor.py:830} INFO - Processing file /home/facuvega/Descargas/crypto-etl-airflow/airflow-apache/lib/python3.11/site-packages/airflow/example_dags/example_latest_only_with_trigger.py for tasks to queue
[2025-04-27T20:44:15.094-0300] {logging_mixin.py:188} INFO - [2025-04-27T20:44:15.093-0300] {dagbag.py:540} INFO - Filling up the DagBag from /home/facuvega/Descargas/crypto-etl-airflow/airflow-apache/lib/python3.11/site-packages/airflow/example_dags/example_latest_only_with_trigger.py
[2025-04-27T20:44:15.098-0300] {processor.py:840} INFO - DAG(s) 'latest_only_with_trigger' retrieved from /home/facuvega/Descargas/crypto-etl-airflow/airflow-apache/lib/python3.11/site-packages/airflow/example_dags/example_latest_only_with_trigger.py
[2025-04-27T20:44:15.115-0300] {logging_mixin.py:188} INFO - [2025-04-27T20:44:15.114-0300] {dag.py:3096} INFO - Sync 1 DAGs
[2025-04-27T20:44:15.131-0300] {logging_mixin.py:188} INFO - [2025-04-27T20:44:15.131-0300] {dag.py:3954} INFO - Setting next_dagrun for latest_only_with_trigger to 2025-04-27 16:00:00+00:00, run_after=2025-04-27 20:00:00+00:00
[2025-04-27T20:44:15.147-0300] {processor.py:183} INFO - Processing /home/facuvega/Descargas/crypto-etl-airflow/airflow-apache/lib/python3.11/site-packages/airflow/example_dags/example_latest_only_with_trigger.py took 0.062 seconds
[2025-04-27T20:45:19.601-0300] {processor.py:161} INFO - Started process (PID=20062) to work on /home/facuvega/Descargas/crypto-etl-airflow/airflow-apache/lib/python3.11/site-packages/airflow/example_dags/example_latest_only_with_trigger.py
[2025-04-27T20:45:19.602-0300] {processor.py:830} INFO - Processing file /home/facuvega/Descargas/crypto-etl-airflow/airflow-apache/lib/python3.11/site-packages/airflow/example_dags/example_latest_only_with_trigger.py for tasks to queue
[2025-04-27T20:45:19.605-0300] {logging_mixin.py:188} INFO - [2025-04-27T20:45:19.604-0300] {dagbag.py:540} INFO - Filling up the DagBag from /home/facuvega/Descargas/crypto-etl-airflow/airflow-apache/lib/python3.11/site-packages/airflow/example_dags/example_latest_only_with_trigger.py
[2025-04-27T20:45:19.612-0300] {processor.py:840} INFO - DAG(s) 'latest_only_with_trigger' retrieved from /home/facuvega/Descargas/crypto-etl-airflow/airflow-apache/lib/python3.11/site-packages/airflow/example_dags/example_latest_only_with_trigger.py
[2025-04-27T20:45:19.628-0300] {logging_mixin.py:188} INFO - [2025-04-27T20:45:19.628-0300] {dag.py:3096} INFO - Sync 1 DAGs
[2025-04-27T20:45:19.646-0300] {logging_mixin.py:188} INFO - [2025-04-27T20:45:19.646-0300] {dag.py:3954} INFO - Setting next_dagrun for latest_only_with_trigger to 2025-04-27 16:00:00+00:00, run_after=2025-04-27 20:00:00+00:00
[2025-04-27T20:45:19.665-0300] {processor.py:183} INFO - Processing /home/facuvega/Descargas/crypto-etl-airflow/airflow-apache/lib/python3.11/site-packages/airflow/example_dags/example_latest_only_with_trigger.py took 0.070 seconds
[2025-04-27T20:46:15.219-0300] {processor.py:161} INFO - Started process (PID=20312) to work on /home/facuvega/Descargas/crypto-etl-airflow/airflow-apache/lib/python3.11/site-packages/airflow/example_dags/example_latest_only_with_trigger.py
[2025-04-27T20:46:15.221-0300] {processor.py:830} INFO - Processing file /home/facuvega/Descargas/crypto-etl-airflow/airflow-apache/lib/python3.11/site-packages/airflow/example_dags/example_latest_only_with_trigger.py for tasks to queue
[2025-04-27T20:46:15.223-0300] {logging_mixin.py:188} INFO - [2025-04-27T20:46:15.222-0300] {dagbag.py:540} INFO - Filling up the DagBag from /home/facuvega/Descargas/crypto-etl-airflow/airflow-apache/lib/python3.11/site-packages/airflow/example_dags/example_latest_only_with_trigger.py
[2025-04-27T20:46:15.230-0300] {processor.py:840} INFO - DAG(s) 'latest_only_with_trigger' retrieved from /home/facuvega/Descargas/crypto-etl-airflow/airflow-apache/lib/python3.11/site-packages/airflow/example_dags/example_latest_only_with_trigger.py
[2025-04-27T20:46:15.247-0300] {logging_mixin.py:188} INFO - [2025-04-27T20:46:15.247-0300] {dag.py:3096} INFO - Sync 1 DAGs
[2025-04-27T20:46:15.261-0300] {logging_mixin.py:188} INFO - [2025-04-27T20:46:15.261-0300] {dag.py:3954} INFO - Setting next_dagrun for latest_only_with_trigger to 2025-04-27 16:00:00+00:00, run_after=2025-04-27 20:00:00+00:00
[2025-04-27T20:46:15.275-0300] {processor.py:183} INFO - Processing /home/facuvega/Descargas/crypto-etl-airflow/airflow-apache/lib/python3.11/site-packages/airflow/example_dags/example_latest_only_with_trigger.py took 0.062 seconds
[2025-04-27T20:47:13.556-0300] {processor.py:161} INFO - Started process (PID=20578) to work on /home/facuvega/Descargas/crypto-etl-airflow/airflow-apache/lib/python3.11/site-packages/airflow/example_dags/example_latest_only_with_trigger.py
[2025-04-27T20:47:13.557-0300] {processor.py:830} INFO - Processing file /home/facuvega/Descargas/crypto-etl-airflow/airflow-apache/lib/python3.11/site-packages/airflow/example_dags/example_latest_only_with_trigger.py for tasks to queue
[2025-04-27T20:47:13.559-0300] {logging_mixin.py:188} INFO - [2025-04-27T20:47:13.559-0300] {dagbag.py:540} INFO - Filling up the DagBag from /home/facuvega/Descargas/crypto-etl-airflow/airflow-apache/lib/python3.11/site-packages/airflow/example_dags/example_latest_only_with_trigger.py
[2025-04-27T20:47:13.565-0300] {processor.py:840} INFO - DAG(s) 'latest_only_with_trigger' retrieved from /home/facuvega/Descargas/crypto-etl-airflow/airflow-apache/lib/python3.11/site-packages/airflow/example_dags/example_latest_only_with_trigger.py
[2025-04-27T20:47:13.582-0300] {logging_mixin.py:188} INFO - [2025-04-27T20:47:13.582-0300] {dag.py:3096} INFO - Sync 1 DAGs
[2025-04-27T20:47:13.599-0300] {logging_mixin.py:188} INFO - [2025-04-27T20:47:13.599-0300] {dag.py:3954} INFO - Setting next_dagrun for latest_only_with_trigger to 2025-04-27 16:00:00+00:00, run_after=2025-04-27 20:00:00+00:00
[2025-04-27T20:47:13.615-0300] {processor.py:183} INFO - Processing /home/facuvega/Descargas/crypto-etl-airflow/airflow-apache/lib/python3.11/site-packages/airflow/example_dags/example_latest_only_with_trigger.py took 0.065 seconds
[2025-04-27T20:48:14.698-0300] {processor.py:161} INFO - Started process (PID=21105) to work on /home/facuvega/Descargas/crypto-etl-airflow/airflow-apache/lib/python3.11/site-packages/airflow/example_dags/example_latest_only_with_trigger.py
[2025-04-27T20:48:14.699-0300] {processor.py:830} INFO - Processing file /home/facuvega/Descargas/crypto-etl-airflow/airflow-apache/lib/python3.11/site-packages/airflow/example_dags/example_latest_only_with_trigger.py for tasks to queue
[2025-04-27T20:48:14.702-0300] {logging_mixin.py:188} INFO - [2025-04-27T20:48:14.701-0300] {dagbag.py:540} INFO - Filling up the DagBag from /home/facuvega/Descargas/crypto-etl-airflow/airflow-apache/lib/python3.11/site-packages/airflow/example_dags/example_latest_only_with_trigger.py
[2025-04-27T20:48:14.710-0300] {processor.py:840} INFO - DAG(s) 'latest_only_with_trigger' retrieved from /home/facuvega/Descargas/crypto-etl-airflow/airflow-apache/lib/python3.11/site-packages/airflow/example_dags/example_latest_only_with_trigger.py
[2025-04-27T20:48:14.739-0300] {logging_mixin.py:188} INFO - [2025-04-27T20:48:14.738-0300] {dag.py:3096} INFO - Sync 1 DAGs
[2025-04-27T20:48:14.768-0300] {logging_mixin.py:188} INFO - [2025-04-27T20:48:14.768-0300] {dag.py:3954} INFO - Setting next_dagrun for latest_only_with_trigger to 2025-04-27 16:00:00+00:00, run_after=2025-04-27 20:00:00+00:00
[2025-04-27T20:48:14.790-0300] {processor.py:183} INFO - Processing /home/facuvega/Descargas/crypto-etl-airflow/airflow-apache/lib/python3.11/site-packages/airflow/example_dags/example_latest_only_with_trigger.py took 0.101 seconds
[2025-04-27T20:49:22.746-0300] {processor.py:161} INFO - Started process (PID=21494) to work on /home/facuvega/Descargas/crypto-etl-airflow/airflow-apache/lib/python3.11/site-packages/airflow/example_dags/example_latest_only_with_trigger.py
[2025-04-27T20:49:22.747-0300] {processor.py:830} INFO - Processing file /home/facuvega/Descargas/crypto-etl-airflow/airflow-apache/lib/python3.11/site-packages/airflow/example_dags/example_latest_only_with_trigger.py for tasks to queue
[2025-04-27T20:49:22.749-0300] {logging_mixin.py:188} INFO - [2025-04-27T20:49:22.749-0300] {dagbag.py:540} INFO - Filling up the DagBag from /home/facuvega/Descargas/crypto-etl-airflow/airflow-apache/lib/python3.11/site-packages/airflow/example_dags/example_latest_only_with_trigger.py
[2025-04-27T20:49:22.754-0300] {processor.py:840} INFO - DAG(s) 'latest_only_with_trigger' retrieved from /home/facuvega/Descargas/crypto-etl-airflow/airflow-apache/lib/python3.11/site-packages/airflow/example_dags/example_latest_only_with_trigger.py
[2025-04-27T20:49:22.768-0300] {logging_mixin.py:188} INFO - [2025-04-27T20:49:22.768-0300] {dag.py:3096} INFO - Sync 1 DAGs
[2025-04-27T20:49:22.782-0300] {logging_mixin.py:188} INFO - [2025-04-27T20:49:22.782-0300] {dag.py:3954} INFO - Setting next_dagrun for latest_only_with_trigger to 2025-04-27 16:00:00+00:00, run_after=2025-04-27 20:00:00+00:00
[2025-04-27T20:49:22.797-0300] {processor.py:183} INFO - Processing /home/facuvega/Descargas/crypto-etl-airflow/airflow-apache/lib/python3.11/site-packages/airflow/example_dags/example_latest_only_with_trigger.py took 0.056 seconds
[2025-04-27T20:50:29.684-0300] {processor.py:161} INFO - Started process (PID=21956) to work on /home/facuvega/Descargas/crypto-etl-airflow/airflow-apache/lib/python3.11/site-packages/airflow/example_dags/example_latest_only_with_trigger.py
[2025-04-27T20:50:29.687-0300] {processor.py:830} INFO - Processing file /home/facuvega/Descargas/crypto-etl-airflow/airflow-apache/lib/python3.11/site-packages/airflow/example_dags/example_latest_only_with_trigger.py for tasks to queue
[2025-04-27T20:50:29.689-0300] {logging_mixin.py:188} INFO - [2025-04-27T20:50:29.688-0300] {dagbag.py:540} INFO - Filling up the DagBag from /home/facuvega/Descargas/crypto-etl-airflow/airflow-apache/lib/python3.11/site-packages/airflow/example_dags/example_latest_only_with_trigger.py
[2025-04-27T20:50:29.699-0300] {processor.py:840} INFO - DAG(s) 'latest_only_with_trigger' retrieved from /home/facuvega/Descargas/crypto-etl-airflow/airflow-apache/lib/python3.11/site-packages/airflow/example_dags/example_latest_only_with_trigger.py
[2025-04-27T20:50:29.726-0300] {logging_mixin.py:188} INFO - [2025-04-27T20:50:29.726-0300] {dag.py:3096} INFO - Sync 1 DAGs
[2025-04-27T20:50:29.753-0300] {logging_mixin.py:188} INFO - [2025-04-27T20:50:29.752-0300] {dag.py:3954} INFO - Setting next_dagrun for latest_only_with_trigger to 2025-04-27 16:00:00+00:00, run_after=2025-04-27 20:00:00+00:00
[2025-04-27T20:50:29.799-0300] {processor.py:183} INFO - Processing /home/facuvega/Descargas/crypto-etl-airflow/airflow-apache/lib/python3.11/site-packages/airflow/example_dags/example_latest_only_with_trigger.py took 0.133 seconds
[2025-04-27T20:51:27.474-0300] {processor.py:161} INFO - Started process (PID=22381) to work on /home/facuvega/Descargas/crypto-etl-airflow/airflow-apache/lib/python3.11/site-packages/airflow/example_dags/example_latest_only_with_trigger.py
[2025-04-27T20:51:27.475-0300] {processor.py:830} INFO - Processing file /home/facuvega/Descargas/crypto-etl-airflow/airflow-apache/lib/python3.11/site-packages/airflow/example_dags/example_latest_only_with_trigger.py for tasks to queue
[2025-04-27T20:51:27.476-0300] {logging_mixin.py:188} INFO - [2025-04-27T20:51:27.476-0300] {dagbag.py:540} INFO - Filling up the DagBag from /home/facuvega/Descargas/crypto-etl-airflow/airflow-apache/lib/python3.11/site-packages/airflow/example_dags/example_latest_only_with_trigger.py
[2025-04-27T20:51:27.482-0300] {processor.py:840} INFO - DAG(s) 'latest_only_with_trigger' retrieved from /home/facuvega/Descargas/crypto-etl-airflow/airflow-apache/lib/python3.11/site-packages/airflow/example_dags/example_latest_only_with_trigger.py
[2025-04-27T20:51:27.497-0300] {logging_mixin.py:188} INFO - [2025-04-27T20:51:27.497-0300] {dag.py:3096} INFO - Sync 1 DAGs
[2025-04-27T20:51:27.512-0300] {logging_mixin.py:188} INFO - [2025-04-27T20:51:27.512-0300] {dag.py:3954} INFO - Setting next_dagrun for latest_only_with_trigger to 2025-04-27 16:00:00+00:00, run_after=2025-04-27 20:00:00+00:00
[2025-04-27T20:51:27.526-0300] {processor.py:183} INFO - Processing /home/facuvega/Descargas/crypto-etl-airflow/airflow-apache/lib/python3.11/site-packages/airflow/example_dags/example_latest_only_with_trigger.py took 0.059 seconds
