[2025-04-27T20:09:50.139-0300] {processor.py:161} INFO - Started process (PID=9116) to work on /home/facuvega/Descargas/crypto-etl-airflow/airflow-apache/lib/python3.11/site-packages/airflow/example_dags/tutorial_taskflow_api.py
[2025-04-27T20:09:50.140-0300] {processor.py:830} INFO - Processing file /home/facuvega/Descargas/crypto-etl-airflow/airflow-apache/lib/python3.11/site-packages/airflow/example_dags/tutorial_taskflow_api.py for tasks to queue
[2025-04-27T20:09:50.141-0300] {logging_mixin.py:188} INFO - [2025-04-27T20:09:50.141-0300] {dagbag.py:540} INFO - Filling up the DagBag from /home/facuvega/Descargas/crypto-etl-airflow/airflow-apache/lib/python3.11/site-packages/airflow/example_dags/tutorial_taskflow_api.py
[2025-04-27T20:09:50.148-0300] {processor.py:840} INFO - DAG(s) 'tutorial_taskflow_api' retrieved from /home/facuvega/Descargas/crypto-etl-airflow/airflow-apache/lib/python3.11/site-packages/airflow/example_dags/tutorial_taskflow_api.py
[2025-04-27T20:09:50.370-0300] {logging_mixin.py:188} INFO - [2025-04-27T20:09:50.369-0300] {override.py:1829} INFO - Created Permission View: can edit on DAG:tutorial_taskflow_api
[2025-04-27T20:09:50.379-0300] {logging_mixin.py:188} INFO - [2025-04-27T20:09:50.379-0300] {override.py:1829} INFO - Created Permission View: can delete on DAG:tutorial_taskflow_api
[2025-04-27T20:09:50.387-0300] {logging_mixin.py:188} INFO - [2025-04-27T20:09:50.386-0300] {override.py:1829} INFO - Created Permission View: can read on DAG:tutorial_taskflow_api
[2025-04-27T20:09:50.387-0300] {logging_mixin.py:188} INFO - [2025-04-27T20:09:50.387-0300] {dag.py:3096} INFO - Sync 1 DAGs
[2025-04-27T20:09:50.399-0300] {logging_mixin.py:188} INFO - [2025-04-27T20:09:50.399-0300] {dag.py:3118} INFO - Creating ORM DAG for tutorial_taskflow_api
[2025-04-27T20:09:50.401-0300] {logging_mixin.py:188} INFO - [2025-04-27T20:09:50.400-0300] {dag.py:3954} INFO - Setting next_dagrun for tutorial_taskflow_api to None, run_after=None
[2025-04-27T20:09:50.428-0300] {processor.py:183} INFO - Processing /home/facuvega/Descargas/crypto-etl-airflow/airflow-apache/lib/python3.11/site-packages/airflow/example_dags/tutorial_taskflow_api.py took 0.295 seconds
[2025-04-27T20:10:53.812-0300] {processor.py:161} INFO - Started process (PID=9761) to work on /home/facuvega/Descargas/crypto-etl-airflow/airflow-apache/lib/python3.11/site-packages/airflow/example_dags/tutorial_taskflow_api.py
[2025-04-27T20:10:53.813-0300] {processor.py:830} INFO - Processing file /home/facuvega/Descargas/crypto-etl-airflow/airflow-apache/lib/python3.11/site-packages/airflow/example_dags/tutorial_taskflow_api.py for tasks to queue
[2025-04-27T20:10:53.816-0300] {logging_mixin.py:188} INFO - [2025-04-27T20:10:53.816-0300] {dagbag.py:540} INFO - Filling up the DagBag from /home/facuvega/Descargas/crypto-etl-airflow/airflow-apache/lib/python3.11/site-packages/airflow/example_dags/tutorial_taskflow_api.py
[2025-04-27T20:10:53.824-0300] {processor.py:840} INFO - DAG(s) 'tutorial_taskflow_api' retrieved from /home/facuvega/Descargas/crypto-etl-airflow/airflow-apache/lib/python3.11/site-packages/airflow/example_dags/tutorial_taskflow_api.py
[2025-04-27T20:10:53.838-0300] {logging_mixin.py:188} INFO - [2025-04-27T20:10:53.838-0300] {dag.py:3096} INFO - Sync 1 DAGs
[2025-04-27T20:10:53.846-0300] {logging_mixin.py:188} INFO - [2025-04-27T20:10:53.846-0300] {dag.py:3954} INFO - Setting next_dagrun for tutorial_taskflow_api to None, run_after=None
[2025-04-27T20:10:53.860-0300] {processor.py:183} INFO - Processing /home/facuvega/Descargas/crypto-etl-airflow/airflow-apache/lib/python3.11/site-packages/airflow/example_dags/tutorial_taskflow_api.py took 0.054 seconds
[2025-04-27T20:11:43.607-0300] {processor.py:161} INFO - Started process (PID=10078) to work on /home/facuvega/Descargas/crypto-etl-airflow/airflow-apache/lib/python3.11/site-packages/airflow/example_dags/tutorial_taskflow_api.py
[2025-04-27T20:11:43.608-0300] {processor.py:830} INFO - Processing file /home/facuvega/Descargas/crypto-etl-airflow/airflow-apache/lib/python3.11/site-packages/airflow/example_dags/tutorial_taskflow_api.py for tasks to queue
[2025-04-27T20:11:43.610-0300] {logging_mixin.py:188} INFO - [2025-04-27T20:11:43.609-0300] {dagbag.py:540} INFO - Filling up the DagBag from /home/facuvega/Descargas/crypto-etl-airflow/airflow-apache/lib/python3.11/site-packages/airflow/example_dags/tutorial_taskflow_api.py
[2025-04-27T20:11:43.615-0300] {processor.py:840} INFO - DAG(s) 'tutorial_taskflow_api' retrieved from /home/facuvega/Descargas/crypto-etl-airflow/airflow-apache/lib/python3.11/site-packages/airflow/example_dags/tutorial_taskflow_api.py
[2025-04-27T20:11:43.628-0300] {logging_mixin.py:188} INFO - [2025-04-27T20:11:43.628-0300] {dag.py:3096} INFO - Sync 1 DAGs
[2025-04-27T20:11:43.636-0300] {logging_mixin.py:188} INFO - [2025-04-27T20:11:43.636-0300] {dag.py:3954} INFO - Setting next_dagrun for tutorial_taskflow_api to None, run_after=None
[2025-04-27T20:11:43.650-0300] {processor.py:183} INFO - Processing /home/facuvega/Descargas/crypto-etl-airflow/airflow-apache/lib/python3.11/site-packages/airflow/example_dags/tutorial_taskflow_api.py took 0.048 seconds
[2025-04-27T20:12:25.326-0300] {processor.py:161} INFO - Started process (PID=10321) to work on /home/facuvega/Descargas/crypto-etl-airflow/airflow-apache/lib/python3.11/site-packages/airflow/example_dags/tutorial_taskflow_api.py
[2025-04-27T20:12:25.327-0300] {processor.py:830} INFO - Processing file /home/facuvega/Descargas/crypto-etl-airflow/airflow-apache/lib/python3.11/site-packages/airflow/example_dags/tutorial_taskflow_api.py for tasks to queue
[2025-04-27T20:12:25.328-0300] {logging_mixin.py:188} INFO - [2025-04-27T20:12:25.328-0300] {dagbag.py:540} INFO - Filling up the DagBag from /home/facuvega/Descargas/crypto-etl-airflow/airflow-apache/lib/python3.11/site-packages/airflow/example_dags/tutorial_taskflow_api.py
[2025-04-27T20:12:25.336-0300] {processor.py:840} INFO - DAG(s) 'tutorial_taskflow_api' retrieved from /home/facuvega/Descargas/crypto-etl-airflow/airflow-apache/lib/python3.11/site-packages/airflow/example_dags/tutorial_taskflow_api.py
[2025-04-27T20:12:25.349-0300] {logging_mixin.py:188} INFO - [2025-04-27T20:12:25.349-0300] {dag.py:3096} INFO - Sync 1 DAGs
[2025-04-27T20:12:25.358-0300] {logging_mixin.py:188} INFO - [2025-04-27T20:12:25.358-0300] {dag.py:3954} INFO - Setting next_dagrun for tutorial_taskflow_api to None, run_after=None
[2025-04-27T20:12:25.372-0300] {processor.py:183} INFO - Processing /home/facuvega/Descargas/crypto-etl-airflow/airflow-apache/lib/python3.11/site-packages/airflow/example_dags/tutorial_taskflow_api.py took 0.052 seconds
[2025-04-27T20:13:08.498-0300] {processor.py:161} INFO - Started process (PID=10603) to work on /home/facuvega/Descargas/crypto-etl-airflow/airflow-apache/lib/python3.11/site-packages/airflow/example_dags/tutorial_taskflow_api.py
[2025-04-27T20:13:08.499-0300] {processor.py:830} INFO - Processing file /home/facuvega/Descargas/crypto-etl-airflow/airflow-apache/lib/python3.11/site-packages/airflow/example_dags/tutorial_taskflow_api.py for tasks to queue
[2025-04-27T20:13:08.501-0300] {logging_mixin.py:188} INFO - [2025-04-27T20:13:08.501-0300] {dagbag.py:540} INFO - Filling up the DagBag from /home/facuvega/Descargas/crypto-etl-airflow/airflow-apache/lib/python3.11/site-packages/airflow/example_dags/tutorial_taskflow_api.py
[2025-04-27T20:13:08.509-0300] {processor.py:840} INFO - DAG(s) 'tutorial_taskflow_api' retrieved from /home/facuvega/Descargas/crypto-etl-airflow/airflow-apache/lib/python3.11/site-packages/airflow/example_dags/tutorial_taskflow_api.py
[2025-04-27T20:13:08.526-0300] {logging_mixin.py:188} INFO - [2025-04-27T20:13:08.526-0300] {dag.py:3096} INFO - Sync 1 DAGs
[2025-04-27T20:13:08.537-0300] {logging_mixin.py:188} INFO - [2025-04-27T20:13:08.537-0300] {dag.py:3954} INFO - Setting next_dagrun for tutorial_taskflow_api to None, run_after=None
[2025-04-27T20:13:08.554-0300] {processor.py:183} INFO - Processing /home/facuvega/Descargas/crypto-etl-airflow/airflow-apache/lib/python3.11/site-packages/airflow/example_dags/tutorial_taskflow_api.py took 0.061 seconds
[2025-04-27T20:13:45.525-0300] {processor.py:161} INFO - Started process (PID=10782) to work on /home/facuvega/Descargas/crypto-etl-airflow/airflow-apache/lib/python3.11/site-packages/airflow/example_dags/tutorial_taskflow_api.py
[2025-04-27T20:13:45.526-0300] {processor.py:830} INFO - Processing file /home/facuvega/Descargas/crypto-etl-airflow/airflow-apache/lib/python3.11/site-packages/airflow/example_dags/tutorial_taskflow_api.py for tasks to queue
[2025-04-27T20:13:45.527-0300] {logging_mixin.py:188} INFO - [2025-04-27T20:13:45.527-0300] {dagbag.py:540} INFO - Filling up the DagBag from /home/facuvega/Descargas/crypto-etl-airflow/airflow-apache/lib/python3.11/site-packages/airflow/example_dags/tutorial_taskflow_api.py
[2025-04-27T20:13:45.533-0300] {processor.py:840} INFO - DAG(s) 'tutorial_taskflow_api' retrieved from /home/facuvega/Descargas/crypto-etl-airflow/airflow-apache/lib/python3.11/site-packages/airflow/example_dags/tutorial_taskflow_api.py
[2025-04-27T20:13:45.546-0300] {logging_mixin.py:188} INFO - [2025-04-27T20:13:45.546-0300] {dag.py:3096} INFO - Sync 1 DAGs
[2025-04-27T20:13:45.556-0300] {logging_mixin.py:188} INFO - [2025-04-27T20:13:45.556-0300] {dag.py:3954} INFO - Setting next_dagrun for tutorial_taskflow_api to None, run_after=None
[2025-04-27T20:13:45.570-0300] {processor.py:183} INFO - Processing /home/facuvega/Descargas/crypto-etl-airflow/airflow-apache/lib/python3.11/site-packages/airflow/example_dags/tutorial_taskflow_api.py took 0.050 seconds
[2025-04-27T20:14:22.967-0300] {processor.py:161} INFO - Started process (PID=10949) to work on /home/facuvega/Descargas/crypto-etl-airflow/airflow-apache/lib/python3.11/site-packages/airflow/example_dags/tutorial_taskflow_api.py
[2025-04-27T20:14:22.968-0300] {processor.py:830} INFO - Processing file /home/facuvega/Descargas/crypto-etl-airflow/airflow-apache/lib/python3.11/site-packages/airflow/example_dags/tutorial_taskflow_api.py for tasks to queue
[2025-04-27T20:14:22.970-0300] {logging_mixin.py:188} INFO - [2025-04-27T20:14:22.969-0300] {dagbag.py:540} INFO - Filling up the DagBag from /home/facuvega/Descargas/crypto-etl-airflow/airflow-apache/lib/python3.11/site-packages/airflow/example_dags/tutorial_taskflow_api.py
[2025-04-27T20:14:22.977-0300] {processor.py:840} INFO - DAG(s) 'tutorial_taskflow_api' retrieved from /home/facuvega/Descargas/crypto-etl-airflow/airflow-apache/lib/python3.11/site-packages/airflow/example_dags/tutorial_taskflow_api.py
[2025-04-27T20:14:22.991-0300] {logging_mixin.py:188} INFO - [2025-04-27T20:14:22.991-0300] {dag.py:3096} INFO - Sync 1 DAGs
[2025-04-27T20:14:23.001-0300] {logging_mixin.py:188} INFO - [2025-04-27T20:14:23.001-0300] {dag.py:3954} INFO - Setting next_dagrun for tutorial_taskflow_api to None, run_after=None
[2025-04-27T20:14:23.016-0300] {processor.py:183} INFO - Processing /home/facuvega/Descargas/crypto-etl-airflow/airflow-apache/lib/python3.11/site-packages/airflow/example_dags/tutorial_taskflow_api.py took 0.055 seconds
[2025-04-27T20:15:06.266-0300] {processor.py:161} INFO - Started process (PID=11177) to work on /home/facuvega/Descargas/crypto-etl-airflow/airflow-apache/lib/python3.11/site-packages/airflow/example_dags/tutorial_taskflow_api.py
[2025-04-27T20:15:06.267-0300] {processor.py:830} INFO - Processing file /home/facuvega/Descargas/crypto-etl-airflow/airflow-apache/lib/python3.11/site-packages/airflow/example_dags/tutorial_taskflow_api.py for tasks to queue
[2025-04-27T20:15:06.269-0300] {logging_mixin.py:188} INFO - [2025-04-27T20:15:06.269-0300] {dagbag.py:540} INFO - Filling up the DagBag from /home/facuvega/Descargas/crypto-etl-airflow/airflow-apache/lib/python3.11/site-packages/airflow/example_dags/tutorial_taskflow_api.py
[2025-04-27T20:15:06.276-0300] {processor.py:840} INFO - DAG(s) 'tutorial_taskflow_api' retrieved from /home/facuvega/Descargas/crypto-etl-airflow/airflow-apache/lib/python3.11/site-packages/airflow/example_dags/tutorial_taskflow_api.py
[2025-04-27T20:15:06.291-0300] {logging_mixin.py:188} INFO - [2025-04-27T20:15:06.290-0300] {dag.py:3096} INFO - Sync 1 DAGs
[2025-04-27T20:15:06.299-0300] {logging_mixin.py:188} INFO - [2025-04-27T20:15:06.299-0300] {dag.py:3954} INFO - Setting next_dagrun for tutorial_taskflow_api to None, run_after=None
[2025-04-27T20:15:06.313-0300] {processor.py:183} INFO - Processing /home/facuvega/Descargas/crypto-etl-airflow/airflow-apache/lib/python3.11/site-packages/airflow/example_dags/tutorial_taskflow_api.py took 0.052 seconds
[2025-04-27T20:15:44.094-0300] {processor.py:161} INFO - Started process (PID=11344) to work on /home/facuvega/Descargas/crypto-etl-airflow/airflow-apache/lib/python3.11/site-packages/airflow/example_dags/tutorial_taskflow_api.py
[2025-04-27T20:15:44.095-0300] {processor.py:830} INFO - Processing file /home/facuvega/Descargas/crypto-etl-airflow/airflow-apache/lib/python3.11/site-packages/airflow/example_dags/tutorial_taskflow_api.py for tasks to queue
[2025-04-27T20:15:44.097-0300] {logging_mixin.py:188} INFO - [2025-04-27T20:15:44.096-0300] {dagbag.py:540} INFO - Filling up the DagBag from /home/facuvega/Descargas/crypto-etl-airflow/airflow-apache/lib/python3.11/site-packages/airflow/example_dags/tutorial_taskflow_api.py
[2025-04-27T20:15:44.103-0300] {processor.py:840} INFO - DAG(s) 'tutorial_taskflow_api' retrieved from /home/facuvega/Descargas/crypto-etl-airflow/airflow-apache/lib/python3.11/site-packages/airflow/example_dags/tutorial_taskflow_api.py
[2025-04-27T20:15:44.115-0300] {logging_mixin.py:188} INFO - [2025-04-27T20:15:44.115-0300] {dag.py:3096} INFO - Sync 1 DAGs
[2025-04-27T20:15:44.124-0300] {logging_mixin.py:188} INFO - [2025-04-27T20:15:44.124-0300] {dag.py:3954} INFO - Setting next_dagrun for tutorial_taskflow_api to None, run_after=None
[2025-04-27T20:15:44.138-0300] {processor.py:183} INFO - Processing /home/facuvega/Descargas/crypto-etl-airflow/airflow-apache/lib/python3.11/site-packages/airflow/example_dags/tutorial_taskflow_api.py took 0.049 seconds
[2025-04-27T20:16:24.739-0300] {processor.py:161} INFO - Started process (PID=11530) to work on /home/facuvega/Descargas/crypto-etl-airflow/airflow-apache/lib/python3.11/site-packages/airflow/example_dags/tutorial_taskflow_api.py
[2025-04-27T20:16:24.740-0300] {processor.py:830} INFO - Processing file /home/facuvega/Descargas/crypto-etl-airflow/airflow-apache/lib/python3.11/site-packages/airflow/example_dags/tutorial_taskflow_api.py for tasks to queue
[2025-04-27T20:16:24.742-0300] {logging_mixin.py:188} INFO - [2025-04-27T20:16:24.741-0300] {dagbag.py:540} INFO - Filling up the DagBag from /home/facuvega/Descargas/crypto-etl-airflow/airflow-apache/lib/python3.11/site-packages/airflow/example_dags/tutorial_taskflow_api.py
[2025-04-27T20:16:24.748-0300] {processor.py:840} INFO - DAG(s) 'tutorial_taskflow_api' retrieved from /home/facuvega/Descargas/crypto-etl-airflow/airflow-apache/lib/python3.11/site-packages/airflow/example_dags/tutorial_taskflow_api.py
[2025-04-27T20:16:24.761-0300] {logging_mixin.py:188} INFO - [2025-04-27T20:16:24.760-0300] {dag.py:3096} INFO - Sync 1 DAGs
[2025-04-27T20:16:24.769-0300] {logging_mixin.py:188} INFO - [2025-04-27T20:16:24.769-0300] {dag.py:3954} INFO - Setting next_dagrun for tutorial_taskflow_api to None, run_after=None
[2025-04-27T20:16:24.784-0300] {processor.py:183} INFO - Processing /home/facuvega/Descargas/crypto-etl-airflow/airflow-apache/lib/python3.11/site-packages/airflow/example_dags/tutorial_taskflow_api.py took 0.050 seconds
[2025-04-27T20:17:06.351-0300] {processor.py:161} INFO - Started process (PID=11722) to work on /home/facuvega/Descargas/crypto-etl-airflow/airflow-apache/lib/python3.11/site-packages/airflow/example_dags/tutorial_taskflow_api.py
[2025-04-27T20:17:06.352-0300] {processor.py:830} INFO - Processing file /home/facuvega/Descargas/crypto-etl-airflow/airflow-apache/lib/python3.11/site-packages/airflow/example_dags/tutorial_taskflow_api.py for tasks to queue
[2025-04-27T20:17:06.353-0300] {logging_mixin.py:188} INFO - [2025-04-27T20:17:06.353-0300] {dagbag.py:540} INFO - Filling up the DagBag from /home/facuvega/Descargas/crypto-etl-airflow/airflow-apache/lib/python3.11/site-packages/airflow/example_dags/tutorial_taskflow_api.py
[2025-04-27T20:17:06.360-0300] {processor.py:840} INFO - DAG(s) 'tutorial_taskflow_api' retrieved from /home/facuvega/Descargas/crypto-etl-airflow/airflow-apache/lib/python3.11/site-packages/airflow/example_dags/tutorial_taskflow_api.py
[2025-04-27T20:17:06.372-0300] {logging_mixin.py:188} INFO - [2025-04-27T20:17:06.372-0300] {dag.py:3096} INFO - Sync 1 DAGs
[2025-04-27T20:17:06.380-0300] {logging_mixin.py:188} INFO - [2025-04-27T20:17:06.379-0300] {dag.py:3954} INFO - Setting next_dagrun for tutorial_taskflow_api to None, run_after=None
[2025-04-27T20:17:06.392-0300] {processor.py:183} INFO - Processing /home/facuvega/Descargas/crypto-etl-airflow/airflow-apache/lib/python3.11/site-packages/airflow/example_dags/tutorial_taskflow_api.py took 0.046 seconds
[2025-04-27T20:17:48.851-0300] {processor.py:161} INFO - Started process (PID=12006) to work on /home/facuvega/Descargas/crypto-etl-airflow/airflow-apache/lib/python3.11/site-packages/airflow/example_dags/tutorial_taskflow_api.py
[2025-04-27T20:17:48.852-0300] {processor.py:830} INFO - Processing file /home/facuvega/Descargas/crypto-etl-airflow/airflow-apache/lib/python3.11/site-packages/airflow/example_dags/tutorial_taskflow_api.py for tasks to queue
[2025-04-27T20:17:48.854-0300] {logging_mixin.py:188} INFO - [2025-04-27T20:17:48.853-0300] {dagbag.py:540} INFO - Filling up the DagBag from /home/facuvega/Descargas/crypto-etl-airflow/airflow-apache/lib/python3.11/site-packages/airflow/example_dags/tutorial_taskflow_api.py
[2025-04-27T20:17:48.859-0300] {processor.py:840} INFO - DAG(s) 'tutorial_taskflow_api' retrieved from /home/facuvega/Descargas/crypto-etl-airflow/airflow-apache/lib/python3.11/site-packages/airflow/example_dags/tutorial_taskflow_api.py
[2025-04-27T20:17:48.871-0300] {logging_mixin.py:188} INFO - [2025-04-27T20:17:48.871-0300] {dag.py:3096} INFO - Sync 1 DAGs
[2025-04-27T20:17:48.879-0300] {logging_mixin.py:188} INFO - [2025-04-27T20:17:48.879-0300] {dag.py:3954} INFO - Setting next_dagrun for tutorial_taskflow_api to None, run_after=None
[2025-04-27T20:17:48.899-0300] {processor.py:183} INFO - Processing /home/facuvega/Descargas/crypto-etl-airflow/airflow-apache/lib/python3.11/site-packages/airflow/example_dags/tutorial_taskflow_api.py took 0.052 seconds
[2025-04-27T20:18:28.137-0300] {processor.py:161} INFO - Started process (PID=12215) to work on /home/facuvega/Descargas/crypto-etl-airflow/airflow-apache/lib/python3.11/site-packages/airflow/example_dags/tutorial_taskflow_api.py
[2025-04-27T20:18:28.138-0300] {processor.py:830} INFO - Processing file /home/facuvega/Descargas/crypto-etl-airflow/airflow-apache/lib/python3.11/site-packages/airflow/example_dags/tutorial_taskflow_api.py for tasks to queue
[2025-04-27T20:18:28.140-0300] {logging_mixin.py:188} INFO - [2025-04-27T20:18:28.139-0300] {dagbag.py:540} INFO - Filling up the DagBag from /home/facuvega/Descargas/crypto-etl-airflow/airflow-apache/lib/python3.11/site-packages/airflow/example_dags/tutorial_taskflow_api.py
[2025-04-27T20:18:28.147-0300] {processor.py:840} INFO - DAG(s) 'tutorial_taskflow_api' retrieved from /home/facuvega/Descargas/crypto-etl-airflow/airflow-apache/lib/python3.11/site-packages/airflow/example_dags/tutorial_taskflow_api.py
[2025-04-27T20:18:28.162-0300] {logging_mixin.py:188} INFO - [2025-04-27T20:18:28.162-0300] {dag.py:3096} INFO - Sync 1 DAGs
[2025-04-27T20:18:28.172-0300] {logging_mixin.py:188} INFO - [2025-04-27T20:18:28.172-0300] {dag.py:3954} INFO - Setting next_dagrun for tutorial_taskflow_api to None, run_after=None
[2025-04-27T20:18:28.189-0300] {processor.py:183} INFO - Processing /home/facuvega/Descargas/crypto-etl-airflow/airflow-apache/lib/python3.11/site-packages/airflow/example_dags/tutorial_taskflow_api.py took 0.058 seconds
[2025-04-27T20:19:08.160-0300] {processor.py:161} INFO - Started process (PID=12399) to work on /home/facuvega/Descargas/crypto-etl-airflow/airflow-apache/lib/python3.11/site-packages/airflow/example_dags/tutorial_taskflow_api.py
[2025-04-27T20:19:08.161-0300] {processor.py:830} INFO - Processing file /home/facuvega/Descargas/crypto-etl-airflow/airflow-apache/lib/python3.11/site-packages/airflow/example_dags/tutorial_taskflow_api.py for tasks to queue
[2025-04-27T20:19:08.163-0300] {logging_mixin.py:188} INFO - [2025-04-27T20:19:08.163-0300] {dagbag.py:540} INFO - Filling up the DagBag from /home/facuvega/Descargas/crypto-etl-airflow/airflow-apache/lib/python3.11/site-packages/airflow/example_dags/tutorial_taskflow_api.py
[2025-04-27T20:19:08.169-0300] {processor.py:840} INFO - DAG(s) 'tutorial_taskflow_api' retrieved from /home/facuvega/Descargas/crypto-etl-airflow/airflow-apache/lib/python3.11/site-packages/airflow/example_dags/tutorial_taskflow_api.py
[2025-04-27T20:19:08.186-0300] {logging_mixin.py:188} INFO - [2025-04-27T20:19:08.186-0300] {dag.py:3096} INFO - Sync 1 DAGs
[2025-04-27T20:19:08.197-0300] {logging_mixin.py:188} INFO - [2025-04-27T20:19:08.197-0300] {dag.py:3954} INFO - Setting next_dagrun for tutorial_taskflow_api to None, run_after=None
[2025-04-27T20:19:08.212-0300] {processor.py:183} INFO - Processing /home/facuvega/Descargas/crypto-etl-airflow/airflow-apache/lib/python3.11/site-packages/airflow/example_dags/tutorial_taskflow_api.py took 0.057 seconds
[2025-04-27T20:19:46.745-0300] {processor.py:161} INFO - Started process (PID=12612) to work on /home/facuvega/Descargas/crypto-etl-airflow/airflow-apache/lib/python3.11/site-packages/airflow/example_dags/tutorial_taskflow_api.py
[2025-04-27T20:19:46.746-0300] {processor.py:830} INFO - Processing file /home/facuvega/Descargas/crypto-etl-airflow/airflow-apache/lib/python3.11/site-packages/airflow/example_dags/tutorial_taskflow_api.py for tasks to queue
[2025-04-27T20:19:46.748-0300] {logging_mixin.py:188} INFO - [2025-04-27T20:19:46.748-0300] {dagbag.py:540} INFO - Filling up the DagBag from /home/facuvega/Descargas/crypto-etl-airflow/airflow-apache/lib/python3.11/site-packages/airflow/example_dags/tutorial_taskflow_api.py
[2025-04-27T20:19:46.756-0300] {processor.py:840} INFO - DAG(s) 'tutorial_taskflow_api' retrieved from /home/facuvega/Descargas/crypto-etl-airflow/airflow-apache/lib/python3.11/site-packages/airflow/example_dags/tutorial_taskflow_api.py
[2025-04-27T20:19:46.772-0300] {logging_mixin.py:188} INFO - [2025-04-27T20:19:46.771-0300] {dag.py:3096} INFO - Sync 1 DAGs
[2025-04-27T20:19:46.782-0300] {logging_mixin.py:188} INFO - [2025-04-27T20:19:46.782-0300] {dag.py:3954} INFO - Setting next_dagrun for tutorial_taskflow_api to None, run_after=None
[2025-04-27T20:19:46.798-0300] {processor.py:183} INFO - Processing /home/facuvega/Descargas/crypto-etl-airflow/airflow-apache/lib/python3.11/site-packages/airflow/example_dags/tutorial_taskflow_api.py took 0.059 seconds
[2025-04-27T20:20:25.405-0300] {processor.py:161} INFO - Started process (PID=12800) to work on /home/facuvega/Descargas/crypto-etl-airflow/airflow-apache/lib/python3.11/site-packages/airflow/example_dags/tutorial_taskflow_api.py
[2025-04-27T20:20:25.406-0300] {processor.py:830} INFO - Processing file /home/facuvega/Descargas/crypto-etl-airflow/airflow-apache/lib/python3.11/site-packages/airflow/example_dags/tutorial_taskflow_api.py for tasks to queue
[2025-04-27T20:20:25.408-0300] {logging_mixin.py:188} INFO - [2025-04-27T20:20:25.407-0300] {dagbag.py:540} INFO - Filling up the DagBag from /home/facuvega/Descargas/crypto-etl-airflow/airflow-apache/lib/python3.11/site-packages/airflow/example_dags/tutorial_taskflow_api.py
[2025-04-27T20:20:25.414-0300] {processor.py:840} INFO - DAG(s) 'tutorial_taskflow_api' retrieved from /home/facuvega/Descargas/crypto-etl-airflow/airflow-apache/lib/python3.11/site-packages/airflow/example_dags/tutorial_taskflow_api.py
[2025-04-27T20:20:25.428-0300] {logging_mixin.py:188} INFO - [2025-04-27T20:20:25.428-0300] {dag.py:3096} INFO - Sync 1 DAGs
[2025-04-27T20:20:25.438-0300] {logging_mixin.py:188} INFO - [2025-04-27T20:20:25.438-0300] {dag.py:3954} INFO - Setting next_dagrun for tutorial_taskflow_api to None, run_after=None
[2025-04-27T20:20:25.453-0300] {processor.py:183} INFO - Processing /home/facuvega/Descargas/crypto-etl-airflow/airflow-apache/lib/python3.11/site-packages/airflow/example_dags/tutorial_taskflow_api.py took 0.055 seconds
[2025-04-27T20:21:05.516-0300] {processor.py:161} INFO - Started process (PID=12984) to work on /home/facuvega/Descargas/crypto-etl-airflow/airflow-apache/lib/python3.11/site-packages/airflow/example_dags/tutorial_taskflow_api.py
[2025-04-27T20:21:05.517-0300] {processor.py:830} INFO - Processing file /home/facuvega/Descargas/crypto-etl-airflow/airflow-apache/lib/python3.11/site-packages/airflow/example_dags/tutorial_taskflow_api.py for tasks to queue
[2025-04-27T20:21:05.519-0300] {logging_mixin.py:188} INFO - [2025-04-27T20:21:05.518-0300] {dagbag.py:540} INFO - Filling up the DagBag from /home/facuvega/Descargas/crypto-etl-airflow/airflow-apache/lib/python3.11/site-packages/airflow/example_dags/tutorial_taskflow_api.py
[2025-04-27T20:21:05.524-0300] {processor.py:840} INFO - DAG(s) 'tutorial_taskflow_api' retrieved from /home/facuvega/Descargas/crypto-etl-airflow/airflow-apache/lib/python3.11/site-packages/airflow/example_dags/tutorial_taskflow_api.py
[2025-04-27T20:21:05.537-0300] {logging_mixin.py:188} INFO - [2025-04-27T20:21:05.537-0300] {dag.py:3096} INFO - Sync 1 DAGs
[2025-04-27T20:21:05.546-0300] {logging_mixin.py:188} INFO - [2025-04-27T20:21:05.546-0300] {dag.py:3954} INFO - Setting next_dagrun for tutorial_taskflow_api to None, run_after=None
[2025-04-27T20:21:05.562-0300] {processor.py:183} INFO - Processing /home/facuvega/Descargas/crypto-etl-airflow/airflow-apache/lib/python3.11/site-packages/airflow/example_dags/tutorial_taskflow_api.py took 0.051 seconds
[2025-04-27T20:21:46.768-0300] {processor.py:161} INFO - Started process (PID=13165) to work on /home/facuvega/Descargas/crypto-etl-airflow/airflow-apache/lib/python3.11/site-packages/airflow/example_dags/tutorial_taskflow_api.py
[2025-04-27T20:21:46.768-0300] {processor.py:830} INFO - Processing file /home/facuvega/Descargas/crypto-etl-airflow/airflow-apache/lib/python3.11/site-packages/airflow/example_dags/tutorial_taskflow_api.py for tasks to queue
[2025-04-27T20:21:46.770-0300] {logging_mixin.py:188} INFO - [2025-04-27T20:21:46.770-0300] {dagbag.py:540} INFO - Filling up the DagBag from /home/facuvega/Descargas/crypto-etl-airflow/airflow-apache/lib/python3.11/site-packages/airflow/example_dags/tutorial_taskflow_api.py
[2025-04-27T20:21:46.776-0300] {processor.py:840} INFO - DAG(s) 'tutorial_taskflow_api' retrieved from /home/facuvega/Descargas/crypto-etl-airflow/airflow-apache/lib/python3.11/site-packages/airflow/example_dags/tutorial_taskflow_api.py
[2025-04-27T20:21:46.789-0300] {logging_mixin.py:188} INFO - [2025-04-27T20:21:46.788-0300] {dag.py:3096} INFO - Sync 1 DAGs
[2025-04-27T20:21:46.798-0300] {logging_mixin.py:188} INFO - [2025-04-27T20:21:46.798-0300] {dag.py:3954} INFO - Setting next_dagrun for tutorial_taskflow_api to None, run_after=None
[2025-04-27T20:21:46.816-0300] {processor.py:183} INFO - Processing /home/facuvega/Descargas/crypto-etl-airflow/airflow-apache/lib/python3.11/site-packages/airflow/example_dags/tutorial_taskflow_api.py took 0.053 seconds
[2025-04-27T20:22:29.239-0300] {processor.py:161} INFO - Started process (PID=13357) to work on /home/facuvega/Descargas/crypto-etl-airflow/airflow-apache/lib/python3.11/site-packages/airflow/example_dags/tutorial_taskflow_api.py
[2025-04-27T20:22:29.240-0300] {processor.py:830} INFO - Processing file /home/facuvega/Descargas/crypto-etl-airflow/airflow-apache/lib/python3.11/site-packages/airflow/example_dags/tutorial_taskflow_api.py for tasks to queue
[2025-04-27T20:22:29.241-0300] {logging_mixin.py:188} INFO - [2025-04-27T20:22:29.241-0300] {dagbag.py:540} INFO - Filling up the DagBag from /home/facuvega/Descargas/crypto-etl-airflow/airflow-apache/lib/python3.11/site-packages/airflow/example_dags/tutorial_taskflow_api.py
[2025-04-27T20:22:29.247-0300] {processor.py:840} INFO - DAG(s) 'tutorial_taskflow_api' retrieved from /home/facuvega/Descargas/crypto-etl-airflow/airflow-apache/lib/python3.11/site-packages/airflow/example_dags/tutorial_taskflow_api.py
[2025-04-27T20:22:29.259-0300] {logging_mixin.py:188} INFO - [2025-04-27T20:22:29.258-0300] {dag.py:3096} INFO - Sync 1 DAGs
[2025-04-27T20:22:29.267-0300] {logging_mixin.py:188} INFO - [2025-04-27T20:22:29.267-0300] {dag.py:3954} INFO - Setting next_dagrun for tutorial_taskflow_api to None, run_after=None
[2025-04-27T20:22:29.279-0300] {processor.py:183} INFO - Processing /home/facuvega/Descargas/crypto-etl-airflow/airflow-apache/lib/python3.11/site-packages/airflow/example_dags/tutorial_taskflow_api.py took 0.045 seconds
[2025-04-27T20:23:12.893-0300] {processor.py:161} INFO - Started process (PID=13558) to work on /home/facuvega/Descargas/crypto-etl-airflow/airflow-apache/lib/python3.11/site-packages/airflow/example_dags/tutorial_taskflow_api.py
[2025-04-27T20:23:12.894-0300] {processor.py:830} INFO - Processing file /home/facuvega/Descargas/crypto-etl-airflow/airflow-apache/lib/python3.11/site-packages/airflow/example_dags/tutorial_taskflow_api.py for tasks to queue
[2025-04-27T20:23:12.896-0300] {logging_mixin.py:188} INFO - [2025-04-27T20:23:12.895-0300] {dagbag.py:540} INFO - Filling up the DagBag from /home/facuvega/Descargas/crypto-etl-airflow/airflow-apache/lib/python3.11/site-packages/airflow/example_dags/tutorial_taskflow_api.py
[2025-04-27T20:23:12.902-0300] {processor.py:840} INFO - DAG(s) 'tutorial_taskflow_api' retrieved from /home/facuvega/Descargas/crypto-etl-airflow/airflow-apache/lib/python3.11/site-packages/airflow/example_dags/tutorial_taskflow_api.py
[2025-04-27T20:23:12.917-0300] {logging_mixin.py:188} INFO - [2025-04-27T20:23:12.917-0300] {dag.py:3096} INFO - Sync 1 DAGs
[2025-04-27T20:23:12.928-0300] {logging_mixin.py:188} INFO - [2025-04-27T20:23:12.927-0300] {dag.py:3954} INFO - Setting next_dagrun for tutorial_taskflow_api to None, run_after=None
[2025-04-27T20:23:12.944-0300] {processor.py:183} INFO - Processing /home/facuvega/Descargas/crypto-etl-airflow/airflow-apache/lib/python3.11/site-packages/airflow/example_dags/tutorial_taskflow_api.py took 0.057 seconds
[2025-04-27T20:23:53.427-0300] {processor.py:161} INFO - Started process (PID=13733) to work on /home/facuvega/Descargas/crypto-etl-airflow/airflow-apache/lib/python3.11/site-packages/airflow/example_dags/tutorial_taskflow_api.py
[2025-04-27T20:23:53.428-0300] {processor.py:830} INFO - Processing file /home/facuvega/Descargas/crypto-etl-airflow/airflow-apache/lib/python3.11/site-packages/airflow/example_dags/tutorial_taskflow_api.py for tasks to queue
[2025-04-27T20:23:53.429-0300] {logging_mixin.py:188} INFO - [2025-04-27T20:23:53.429-0300] {dagbag.py:540} INFO - Filling up the DagBag from /home/facuvega/Descargas/crypto-etl-airflow/airflow-apache/lib/python3.11/site-packages/airflow/example_dags/tutorial_taskflow_api.py
[2025-04-27T20:23:53.435-0300] {processor.py:840} INFO - DAG(s) 'tutorial_taskflow_api' retrieved from /home/facuvega/Descargas/crypto-etl-airflow/airflow-apache/lib/python3.11/site-packages/airflow/example_dags/tutorial_taskflow_api.py
[2025-04-27T20:23:53.447-0300] {logging_mixin.py:188} INFO - [2025-04-27T20:23:53.447-0300] {dag.py:3096} INFO - Sync 1 DAGs
[2025-04-27T20:23:53.454-0300] {logging_mixin.py:188} INFO - [2025-04-27T20:23:53.454-0300] {dag.py:3954} INFO - Setting next_dagrun for tutorial_taskflow_api to None, run_after=None
[2025-04-27T20:23:53.467-0300] {processor.py:183} INFO - Processing /home/facuvega/Descargas/crypto-etl-airflow/airflow-apache/lib/python3.11/site-packages/airflow/example_dags/tutorial_taskflow_api.py took 0.046 seconds
[2025-04-27T20:24:31.559-0300] {processor.py:161} INFO - Started process (PID=13903) to work on /home/facuvega/Descargas/crypto-etl-airflow/airflow-apache/lib/python3.11/site-packages/airflow/example_dags/tutorial_taskflow_api.py
[2025-04-27T20:24:31.560-0300] {processor.py:830} INFO - Processing file /home/facuvega/Descargas/crypto-etl-airflow/airflow-apache/lib/python3.11/site-packages/airflow/example_dags/tutorial_taskflow_api.py for tasks to queue
[2025-04-27T20:24:31.561-0300] {logging_mixin.py:188} INFO - [2025-04-27T20:24:31.561-0300] {dagbag.py:540} INFO - Filling up the DagBag from /home/facuvega/Descargas/crypto-etl-airflow/airflow-apache/lib/python3.11/site-packages/airflow/example_dags/tutorial_taskflow_api.py
[2025-04-27T20:24:31.567-0300] {processor.py:840} INFO - DAG(s) 'tutorial_taskflow_api' retrieved from /home/facuvega/Descargas/crypto-etl-airflow/airflow-apache/lib/python3.11/site-packages/airflow/example_dags/tutorial_taskflow_api.py
[2025-04-27T20:24:31.579-0300] {logging_mixin.py:188} INFO - [2025-04-27T20:24:31.579-0300] {dag.py:3096} INFO - Sync 1 DAGs
[2025-04-27T20:24:31.588-0300] {logging_mixin.py:188} INFO - [2025-04-27T20:24:31.588-0300] {dag.py:3954} INFO - Setting next_dagrun for tutorial_taskflow_api to None, run_after=None
[2025-04-27T20:24:31.602-0300] {processor.py:183} INFO - Processing /home/facuvega/Descargas/crypto-etl-airflow/airflow-apache/lib/python3.11/site-packages/airflow/example_dags/tutorial_taskflow_api.py took 0.048 seconds
[2025-04-27T20:25:20.023-0300] {processor.py:161} INFO - Started process (PID=14155) to work on /home/facuvega/Descargas/crypto-etl-airflow/airflow-apache/lib/python3.11/site-packages/airflow/example_dags/tutorial_taskflow_api.py
[2025-04-27T20:25:20.024-0300] {processor.py:830} INFO - Processing file /home/facuvega/Descargas/crypto-etl-airflow/airflow-apache/lib/python3.11/site-packages/airflow/example_dags/tutorial_taskflow_api.py for tasks to queue
[2025-04-27T20:25:20.028-0300] {logging_mixin.py:188} INFO - [2025-04-27T20:25:20.026-0300] {dagbag.py:540} INFO - Filling up the DagBag from /home/facuvega/Descargas/crypto-etl-airflow/airflow-apache/lib/python3.11/site-packages/airflow/example_dags/tutorial_taskflow_api.py
[2025-04-27T20:25:20.039-0300] {processor.py:840} INFO - DAG(s) 'tutorial_taskflow_api' retrieved from /home/facuvega/Descargas/crypto-etl-airflow/airflow-apache/lib/python3.11/site-packages/airflow/example_dags/tutorial_taskflow_api.py
[2025-04-27T20:25:20.057-0300] {logging_mixin.py:188} INFO - [2025-04-27T20:25:20.056-0300] {dag.py:3096} INFO - Sync 1 DAGs
[2025-04-27T20:25:20.068-0300] {logging_mixin.py:188} INFO - [2025-04-27T20:25:20.068-0300] {dag.py:3954} INFO - Setting next_dagrun for tutorial_taskflow_api to None, run_after=None
[2025-04-27T20:25:20.088-0300] {processor.py:183} INFO - Processing /home/facuvega/Descargas/crypto-etl-airflow/airflow-apache/lib/python3.11/site-packages/airflow/example_dags/tutorial_taskflow_api.py took 0.071 seconds
[2025-04-27T20:26:05.009-0300] {processor.py:161} INFO - Started process (PID=14354) to work on /home/facuvega/Descargas/crypto-etl-airflow/airflow-apache/lib/python3.11/site-packages/airflow/example_dags/tutorial_taskflow_api.py
[2025-04-27T20:26:05.010-0300] {processor.py:830} INFO - Processing file /home/facuvega/Descargas/crypto-etl-airflow/airflow-apache/lib/python3.11/site-packages/airflow/example_dags/tutorial_taskflow_api.py for tasks to queue
[2025-04-27T20:26:05.012-0300] {logging_mixin.py:188} INFO - [2025-04-27T20:26:05.012-0300] {dagbag.py:540} INFO - Filling up the DagBag from /home/facuvega/Descargas/crypto-etl-airflow/airflow-apache/lib/python3.11/site-packages/airflow/example_dags/tutorial_taskflow_api.py
[2025-04-27T20:26:05.019-0300] {processor.py:840} INFO - DAG(s) 'tutorial_taskflow_api' retrieved from /home/facuvega/Descargas/crypto-etl-airflow/airflow-apache/lib/python3.11/site-packages/airflow/example_dags/tutorial_taskflow_api.py
[2025-04-27T20:26:05.031-0300] {logging_mixin.py:188} INFO - [2025-04-27T20:26:05.031-0300] {dag.py:3096} INFO - Sync 1 DAGs
[2025-04-27T20:26:05.041-0300] {logging_mixin.py:188} INFO - [2025-04-27T20:26:05.040-0300] {dag.py:3954} INFO - Setting next_dagrun for tutorial_taskflow_api to None, run_after=None
[2025-04-27T20:26:05.057-0300] {processor.py:183} INFO - Processing /home/facuvega/Descargas/crypto-etl-airflow/airflow-apache/lib/python3.11/site-packages/airflow/example_dags/tutorial_taskflow_api.py took 0.053 seconds
[2025-04-27T20:26:45.343-0300] {processor.py:161} INFO - Started process (PID=14558) to work on /home/facuvega/Descargas/crypto-etl-airflow/airflow-apache/lib/python3.11/site-packages/airflow/example_dags/tutorial_taskflow_api.py
[2025-04-27T20:26:45.344-0300] {processor.py:830} INFO - Processing file /home/facuvega/Descargas/crypto-etl-airflow/airflow-apache/lib/python3.11/site-packages/airflow/example_dags/tutorial_taskflow_api.py for tasks to queue
[2025-04-27T20:26:45.345-0300] {logging_mixin.py:188} INFO - [2025-04-27T20:26:45.345-0300] {dagbag.py:540} INFO - Filling up the DagBag from /home/facuvega/Descargas/crypto-etl-airflow/airflow-apache/lib/python3.11/site-packages/airflow/example_dags/tutorial_taskflow_api.py
[2025-04-27T20:26:45.351-0300] {processor.py:840} INFO - DAG(s) 'tutorial_taskflow_api' retrieved from /home/facuvega/Descargas/crypto-etl-airflow/airflow-apache/lib/python3.11/site-packages/airflow/example_dags/tutorial_taskflow_api.py
[2025-04-27T20:26:45.362-0300] {logging_mixin.py:188} INFO - [2025-04-27T20:26:45.362-0300] {dag.py:3096} INFO - Sync 1 DAGs
[2025-04-27T20:26:45.370-0300] {logging_mixin.py:188} INFO - [2025-04-27T20:26:45.370-0300] {dag.py:3954} INFO - Setting next_dagrun for tutorial_taskflow_api to None, run_after=None
[2025-04-27T20:26:45.383-0300] {processor.py:183} INFO - Processing /home/facuvega/Descargas/crypto-etl-airflow/airflow-apache/lib/python3.11/site-packages/airflow/example_dags/tutorial_taskflow_api.py took 0.045 seconds
[2025-04-27T20:27:25.037-0300] {processor.py:161} INFO - Started process (PID=14741) to work on /home/facuvega/Descargas/crypto-etl-airflow/airflow-apache/lib/python3.11/site-packages/airflow/example_dags/tutorial_taskflow_api.py
[2025-04-27T20:27:25.038-0300] {processor.py:830} INFO - Processing file /home/facuvega/Descargas/crypto-etl-airflow/airflow-apache/lib/python3.11/site-packages/airflow/example_dags/tutorial_taskflow_api.py for tasks to queue
[2025-04-27T20:27:25.040-0300] {logging_mixin.py:188} INFO - [2025-04-27T20:27:25.040-0300] {dagbag.py:540} INFO - Filling up the DagBag from /home/facuvega/Descargas/crypto-etl-airflow/airflow-apache/lib/python3.11/site-packages/airflow/example_dags/tutorial_taskflow_api.py
[2025-04-27T20:27:25.048-0300] {processor.py:840} INFO - DAG(s) 'tutorial_taskflow_api' retrieved from /home/facuvega/Descargas/crypto-etl-airflow/airflow-apache/lib/python3.11/site-packages/airflow/example_dags/tutorial_taskflow_api.py
[2025-04-27T20:27:25.063-0300] {logging_mixin.py:188} INFO - [2025-04-27T20:27:25.063-0300] {dag.py:3096} INFO - Sync 1 DAGs
[2025-04-27T20:27:25.072-0300] {logging_mixin.py:188} INFO - [2025-04-27T20:27:25.071-0300] {dag.py:3954} INFO - Setting next_dagrun for tutorial_taskflow_api to None, run_after=None
[2025-04-27T20:27:25.086-0300] {processor.py:183} INFO - Processing /home/facuvega/Descargas/crypto-etl-airflow/airflow-apache/lib/python3.11/site-packages/airflow/example_dags/tutorial_taskflow_api.py took 0.055 seconds
[2025-04-27T20:28:03.188-0300] {processor.py:161} INFO - Started process (PID=14916) to work on /home/facuvega/Descargas/crypto-etl-airflow/airflow-apache/lib/python3.11/site-packages/airflow/example_dags/tutorial_taskflow_api.py
[2025-04-27T20:28:03.189-0300] {processor.py:830} INFO - Processing file /home/facuvega/Descargas/crypto-etl-airflow/airflow-apache/lib/python3.11/site-packages/airflow/example_dags/tutorial_taskflow_api.py for tasks to queue
[2025-04-27T20:28:03.191-0300] {logging_mixin.py:188} INFO - [2025-04-27T20:28:03.190-0300] {dagbag.py:540} INFO - Filling up the DagBag from /home/facuvega/Descargas/crypto-etl-airflow/airflow-apache/lib/python3.11/site-packages/airflow/example_dags/tutorial_taskflow_api.py
[2025-04-27T20:28:03.196-0300] {processor.py:840} INFO - DAG(s) 'tutorial_taskflow_api' retrieved from /home/facuvega/Descargas/crypto-etl-airflow/airflow-apache/lib/python3.11/site-packages/airflow/example_dags/tutorial_taskflow_api.py
[2025-04-27T20:28:03.209-0300] {logging_mixin.py:188} INFO - [2025-04-27T20:28:03.209-0300] {dag.py:3096} INFO - Sync 1 DAGs
[2025-04-27T20:28:03.219-0300] {logging_mixin.py:188} INFO - [2025-04-27T20:28:03.219-0300] {dag.py:3954} INFO - Setting next_dagrun for tutorial_taskflow_api to None, run_after=None
[2025-04-27T20:28:03.233-0300] {processor.py:183} INFO - Processing /home/facuvega/Descargas/crypto-etl-airflow/airflow-apache/lib/python3.11/site-packages/airflow/example_dags/tutorial_taskflow_api.py took 0.049 seconds
[2025-04-27T20:28:46.130-0300] {processor.py:161} INFO - Started process (PID=15112) to work on /home/facuvega/Descargas/crypto-etl-airflow/airflow-apache/lib/python3.11/site-packages/airflow/example_dags/tutorial_taskflow_api.py
[2025-04-27T20:28:46.131-0300] {processor.py:830} INFO - Processing file /home/facuvega/Descargas/crypto-etl-airflow/airflow-apache/lib/python3.11/site-packages/airflow/example_dags/tutorial_taskflow_api.py for tasks to queue
[2025-04-27T20:28:46.133-0300] {logging_mixin.py:188} INFO - [2025-04-27T20:28:46.133-0300] {dagbag.py:540} INFO - Filling up the DagBag from /home/facuvega/Descargas/crypto-etl-airflow/airflow-apache/lib/python3.11/site-packages/airflow/example_dags/tutorial_taskflow_api.py
[2025-04-27T20:28:46.139-0300] {processor.py:840} INFO - DAG(s) 'tutorial_taskflow_api' retrieved from /home/facuvega/Descargas/crypto-etl-airflow/airflow-apache/lib/python3.11/site-packages/airflow/example_dags/tutorial_taskflow_api.py
[2025-04-27T20:28:46.153-0300] {logging_mixin.py:188} INFO - [2025-04-27T20:28:46.153-0300] {dag.py:3096} INFO - Sync 1 DAGs
[2025-04-27T20:28:46.163-0300] {logging_mixin.py:188} INFO - [2025-04-27T20:28:46.163-0300] {dag.py:3954} INFO - Setting next_dagrun for tutorial_taskflow_api to None, run_after=None
[2025-04-27T20:28:46.179-0300] {processor.py:183} INFO - Processing /home/facuvega/Descargas/crypto-etl-airflow/airflow-apache/lib/python3.11/site-packages/airflow/example_dags/tutorial_taskflow_api.py took 0.055 seconds
[2025-04-27T20:29:27.273-0300] {processor.py:161} INFO - Started process (PID=15297) to work on /home/facuvega/Descargas/crypto-etl-airflow/airflow-apache/lib/python3.11/site-packages/airflow/example_dags/tutorial_taskflow_api.py
[2025-04-27T20:29:27.274-0300] {processor.py:830} INFO - Processing file /home/facuvega/Descargas/crypto-etl-airflow/airflow-apache/lib/python3.11/site-packages/airflow/example_dags/tutorial_taskflow_api.py for tasks to queue
[2025-04-27T20:29:27.276-0300] {logging_mixin.py:188} INFO - [2025-04-27T20:29:27.275-0300] {dagbag.py:540} INFO - Filling up the DagBag from /home/facuvega/Descargas/crypto-etl-airflow/airflow-apache/lib/python3.11/site-packages/airflow/example_dags/tutorial_taskflow_api.py
[2025-04-27T20:29:27.282-0300] {processor.py:840} INFO - DAG(s) 'tutorial_taskflow_api' retrieved from /home/facuvega/Descargas/crypto-etl-airflow/airflow-apache/lib/python3.11/site-packages/airflow/example_dags/tutorial_taskflow_api.py
[2025-04-27T20:29:27.295-0300] {logging_mixin.py:188} INFO - [2025-04-27T20:29:27.295-0300] {dag.py:3096} INFO - Sync 1 DAGs
[2025-04-27T20:29:27.304-0300] {logging_mixin.py:188} INFO - [2025-04-27T20:29:27.303-0300] {dag.py:3954} INFO - Setting next_dagrun for tutorial_taskflow_api to None, run_after=None
[2025-04-27T20:29:27.322-0300] {processor.py:183} INFO - Processing /home/facuvega/Descargas/crypto-etl-airflow/airflow-apache/lib/python3.11/site-packages/airflow/example_dags/tutorial_taskflow_api.py took 0.054 seconds
[2025-04-27T20:30:06.544-0300] {processor.py:161} INFO - Started process (PID=15512) to work on /home/facuvega/Descargas/crypto-etl-airflow/airflow-apache/lib/python3.11/site-packages/airflow/example_dags/tutorial_taskflow_api.py
[2025-04-27T20:30:06.545-0300] {processor.py:830} INFO - Processing file /home/facuvega/Descargas/crypto-etl-airflow/airflow-apache/lib/python3.11/site-packages/airflow/example_dags/tutorial_taskflow_api.py for tasks to queue
[2025-04-27T20:30:06.547-0300] {logging_mixin.py:188} INFO - [2025-04-27T20:30:06.547-0300] {dagbag.py:540} INFO - Filling up the DagBag from /home/facuvega/Descargas/crypto-etl-airflow/airflow-apache/lib/python3.11/site-packages/airflow/example_dags/tutorial_taskflow_api.py
[2025-04-27T20:30:06.553-0300] {processor.py:840} INFO - DAG(s) 'tutorial_taskflow_api' retrieved from /home/facuvega/Descargas/crypto-etl-airflow/airflow-apache/lib/python3.11/site-packages/airflow/example_dags/tutorial_taskflow_api.py
[2025-04-27T20:30:06.565-0300] {logging_mixin.py:188} INFO - [2025-04-27T20:30:06.565-0300] {dag.py:3096} INFO - Sync 1 DAGs
[2025-04-27T20:30:06.574-0300] {logging_mixin.py:188} INFO - [2025-04-27T20:30:06.574-0300] {dag.py:3954} INFO - Setting next_dagrun for tutorial_taskflow_api to None, run_after=None
[2025-04-27T20:30:06.588-0300] {processor.py:183} INFO - Processing /home/facuvega/Descargas/crypto-etl-airflow/airflow-apache/lib/python3.11/site-packages/airflow/example_dags/tutorial_taskflow_api.py took 0.048 seconds
[2025-04-27T20:30:45.284-0300] {processor.py:161} INFO - Started process (PID=15686) to work on /home/facuvega/Descargas/crypto-etl-airflow/airflow-apache/lib/python3.11/site-packages/airflow/example_dags/tutorial_taskflow_api.py
[2025-04-27T20:30:45.286-0300] {processor.py:830} INFO - Processing file /home/facuvega/Descargas/crypto-etl-airflow/airflow-apache/lib/python3.11/site-packages/airflow/example_dags/tutorial_taskflow_api.py for tasks to queue
[2025-04-27T20:30:45.288-0300] {logging_mixin.py:188} INFO - [2025-04-27T20:30:45.287-0300] {dagbag.py:540} INFO - Filling up the DagBag from /home/facuvega/Descargas/crypto-etl-airflow/airflow-apache/lib/python3.11/site-packages/airflow/example_dags/tutorial_taskflow_api.py
[2025-04-27T20:30:45.294-0300] {processor.py:840} INFO - DAG(s) 'tutorial_taskflow_api' retrieved from /home/facuvega/Descargas/crypto-etl-airflow/airflow-apache/lib/python3.11/site-packages/airflow/example_dags/tutorial_taskflow_api.py
[2025-04-27T20:30:45.309-0300] {logging_mixin.py:188} INFO - [2025-04-27T20:30:45.309-0300] {dag.py:3096} INFO - Sync 1 DAGs
[2025-04-27T20:30:45.319-0300] {logging_mixin.py:188} INFO - [2025-04-27T20:30:45.318-0300] {dag.py:3954} INFO - Setting next_dagrun for tutorial_taskflow_api to None, run_after=None
[2025-04-27T20:30:45.333-0300] {processor.py:183} INFO - Processing /home/facuvega/Descargas/crypto-etl-airflow/airflow-apache/lib/python3.11/site-packages/airflow/example_dags/tutorial_taskflow_api.py took 0.054 seconds
[2025-04-27T20:31:24.997-0300] {processor.py:161} INFO - Started process (PID=15862) to work on /home/facuvega/Descargas/crypto-etl-airflow/airflow-apache/lib/python3.11/site-packages/airflow/example_dags/tutorial_taskflow_api.py
[2025-04-27T20:31:24.998-0300] {processor.py:830} INFO - Processing file /home/facuvega/Descargas/crypto-etl-airflow/airflow-apache/lib/python3.11/site-packages/airflow/example_dags/tutorial_taskflow_api.py for tasks to queue
[2025-04-27T20:31:25.000-0300] {logging_mixin.py:188} INFO - [2025-04-27T20:31:24.999-0300] {dagbag.py:540} INFO - Filling up the DagBag from /home/facuvega/Descargas/crypto-etl-airflow/airflow-apache/lib/python3.11/site-packages/airflow/example_dags/tutorial_taskflow_api.py
[2025-04-27T20:31:25.006-0300] {processor.py:840} INFO - DAG(s) 'tutorial_taskflow_api' retrieved from /home/facuvega/Descargas/crypto-etl-airflow/airflow-apache/lib/python3.11/site-packages/airflow/example_dags/tutorial_taskflow_api.py
[2025-04-27T20:31:25.019-0300] {logging_mixin.py:188} INFO - [2025-04-27T20:31:25.019-0300] {dag.py:3096} INFO - Sync 1 DAGs
[2025-04-27T20:31:25.027-0300] {logging_mixin.py:188} INFO - [2025-04-27T20:31:25.027-0300] {dag.py:3954} INFO - Setting next_dagrun for tutorial_taskflow_api to None, run_after=None
[2025-04-27T20:31:25.041-0300] {processor.py:183} INFO - Processing /home/facuvega/Descargas/crypto-etl-airflow/airflow-apache/lib/python3.11/site-packages/airflow/example_dags/tutorial_taskflow_api.py took 0.049 seconds
[2025-04-27T20:32:02.155-0300] {processor.py:161} INFO - Started process (PID=16034) to work on /home/facuvega/Descargas/crypto-etl-airflow/airflow-apache/lib/python3.11/site-packages/airflow/example_dags/tutorial_taskflow_api.py
[2025-04-27T20:32:02.156-0300] {processor.py:830} INFO - Processing file /home/facuvega/Descargas/crypto-etl-airflow/airflow-apache/lib/python3.11/site-packages/airflow/example_dags/tutorial_taskflow_api.py for tasks to queue
[2025-04-27T20:32:02.158-0300] {logging_mixin.py:188} INFO - [2025-04-27T20:32:02.157-0300] {dagbag.py:540} INFO - Filling up the DagBag from /home/facuvega/Descargas/crypto-etl-airflow/airflow-apache/lib/python3.11/site-packages/airflow/example_dags/tutorial_taskflow_api.py
[2025-04-27T20:32:02.166-0300] {processor.py:840} INFO - DAG(s) 'tutorial_taskflow_api' retrieved from /home/facuvega/Descargas/crypto-etl-airflow/airflow-apache/lib/python3.11/site-packages/airflow/example_dags/tutorial_taskflow_api.py
[2025-04-27T20:32:02.181-0300] {logging_mixin.py:188} INFO - [2025-04-27T20:32:02.181-0300] {dag.py:3096} INFO - Sync 1 DAGs
[2025-04-27T20:32:02.191-0300] {logging_mixin.py:188} INFO - [2025-04-27T20:32:02.190-0300] {dag.py:3954} INFO - Setting next_dagrun for tutorial_taskflow_api to None, run_after=None
[2025-04-27T20:32:02.207-0300] {processor.py:183} INFO - Processing /home/facuvega/Descargas/crypto-etl-airflow/airflow-apache/lib/python3.11/site-packages/airflow/example_dags/tutorial_taskflow_api.py took 0.058 seconds
[2025-04-27T20:32:43.828-0300] {processor.py:161} INFO - Started process (PID=16217) to work on /home/facuvega/Descargas/crypto-etl-airflow/airflow-apache/lib/python3.11/site-packages/airflow/example_dags/tutorial_taskflow_api.py
[2025-04-27T20:32:43.829-0300] {processor.py:830} INFO - Processing file /home/facuvega/Descargas/crypto-etl-airflow/airflow-apache/lib/python3.11/site-packages/airflow/example_dags/tutorial_taskflow_api.py for tasks to queue
[2025-04-27T20:32:43.830-0300] {logging_mixin.py:188} INFO - [2025-04-27T20:32:43.830-0300] {dagbag.py:540} INFO - Filling up the DagBag from /home/facuvega/Descargas/crypto-etl-airflow/airflow-apache/lib/python3.11/site-packages/airflow/example_dags/tutorial_taskflow_api.py
[2025-04-27T20:32:43.837-0300] {processor.py:840} INFO - DAG(s) 'tutorial_taskflow_api' retrieved from /home/facuvega/Descargas/crypto-etl-airflow/airflow-apache/lib/python3.11/site-packages/airflow/example_dags/tutorial_taskflow_api.py
[2025-04-27T20:32:43.855-0300] {logging_mixin.py:188} INFO - [2025-04-27T20:32:43.854-0300] {dag.py:3096} INFO - Sync 1 DAGs
[2025-04-27T20:32:43.866-0300] {logging_mixin.py:188} INFO - [2025-04-27T20:32:43.865-0300] {dag.py:3954} INFO - Setting next_dagrun for tutorial_taskflow_api to None, run_after=None
[2025-04-27T20:32:43.881-0300] {processor.py:183} INFO - Processing /home/facuvega/Descargas/crypto-etl-airflow/airflow-apache/lib/python3.11/site-packages/airflow/example_dags/tutorial_taskflow_api.py took 0.059 seconds
[2025-04-27T20:33:27.618-0300] {processor.py:161} INFO - Started process (PID=16581) to work on /home/facuvega/Descargas/crypto-etl-airflow/airflow-apache/lib/python3.11/site-packages/airflow/example_dags/tutorial_taskflow_api.py
[2025-04-27T20:33:27.619-0300] {processor.py:830} INFO - Processing file /home/facuvega/Descargas/crypto-etl-airflow/airflow-apache/lib/python3.11/site-packages/airflow/example_dags/tutorial_taskflow_api.py for tasks to queue
[2025-04-27T20:33:27.621-0300] {logging_mixin.py:188} INFO - [2025-04-27T20:33:27.620-0300] {dagbag.py:540} INFO - Filling up the DagBag from /home/facuvega/Descargas/crypto-etl-airflow/airflow-apache/lib/python3.11/site-packages/airflow/example_dags/tutorial_taskflow_api.py
[2025-04-27T20:33:27.627-0300] {processor.py:840} INFO - DAG(s) 'tutorial_taskflow_api' retrieved from /home/facuvega/Descargas/crypto-etl-airflow/airflow-apache/lib/python3.11/site-packages/airflow/example_dags/tutorial_taskflow_api.py
[2025-04-27T20:33:27.638-0300] {logging_mixin.py:188} INFO - [2025-04-27T20:33:27.638-0300] {dag.py:3096} INFO - Sync 1 DAGs
[2025-04-27T20:33:27.647-0300] {logging_mixin.py:188} INFO - [2025-04-27T20:33:27.646-0300] {dag.py:3954} INFO - Setting next_dagrun for tutorial_taskflow_api to None, run_after=None
[2025-04-27T20:33:27.660-0300] {processor.py:183} INFO - Processing /home/facuvega/Descargas/crypto-etl-airflow/airflow-apache/lib/python3.11/site-packages/airflow/example_dags/tutorial_taskflow_api.py took 0.047 seconds
[2025-04-27T20:34:10.660-0300] {processor.py:161} INFO - Started process (PID=16779) to work on /home/facuvega/Descargas/crypto-etl-airflow/airflow-apache/lib/python3.11/site-packages/airflow/example_dags/tutorial_taskflow_api.py
[2025-04-27T20:34:10.661-0300] {processor.py:830} INFO - Processing file /home/facuvega/Descargas/crypto-etl-airflow/airflow-apache/lib/python3.11/site-packages/airflow/example_dags/tutorial_taskflow_api.py for tasks to queue
[2025-04-27T20:34:10.662-0300] {logging_mixin.py:188} INFO - [2025-04-27T20:34:10.662-0300] {dagbag.py:540} INFO - Filling up the DagBag from /home/facuvega/Descargas/crypto-etl-airflow/airflow-apache/lib/python3.11/site-packages/airflow/example_dags/tutorial_taskflow_api.py
[2025-04-27T20:34:10.669-0300] {processor.py:840} INFO - DAG(s) 'tutorial_taskflow_api' retrieved from /home/facuvega/Descargas/crypto-etl-airflow/airflow-apache/lib/python3.11/site-packages/airflow/example_dags/tutorial_taskflow_api.py
[2025-04-27T20:34:10.685-0300] {logging_mixin.py:188} INFO - [2025-04-27T20:34:10.685-0300] {dag.py:3096} INFO - Sync 1 DAGs
[2025-04-27T20:34:10.696-0300] {logging_mixin.py:188} INFO - [2025-04-27T20:34:10.696-0300] {dag.py:3954} INFO - Setting next_dagrun for tutorial_taskflow_api to None, run_after=None
[2025-04-27T20:34:10.713-0300] {processor.py:183} INFO - Processing /home/facuvega/Descargas/crypto-etl-airflow/airflow-apache/lib/python3.11/site-packages/airflow/example_dags/tutorial_taskflow_api.py took 0.057 seconds
[2025-04-27T20:34:54.519-0300] {processor.py:161} INFO - Started process (PID=17031) to work on /home/facuvega/Descargas/crypto-etl-airflow/airflow-apache/lib/python3.11/site-packages/airflow/example_dags/tutorial_taskflow_api.py
[2025-04-27T20:34:54.520-0300] {processor.py:830} INFO - Processing file /home/facuvega/Descargas/crypto-etl-airflow/airflow-apache/lib/python3.11/site-packages/airflow/example_dags/tutorial_taskflow_api.py for tasks to queue
[2025-04-27T20:34:54.521-0300] {logging_mixin.py:188} INFO - [2025-04-27T20:34:54.521-0300] {dagbag.py:540} INFO - Filling up the DagBag from /home/facuvega/Descargas/crypto-etl-airflow/airflow-apache/lib/python3.11/site-packages/airflow/example_dags/tutorial_taskflow_api.py
[2025-04-27T20:34:54.528-0300] {processor.py:840} INFO - DAG(s) 'tutorial_taskflow_api' retrieved from /home/facuvega/Descargas/crypto-etl-airflow/airflow-apache/lib/python3.11/site-packages/airflow/example_dags/tutorial_taskflow_api.py
[2025-04-27T20:34:54.541-0300] {logging_mixin.py:188} INFO - [2025-04-27T20:34:54.541-0300] {dag.py:3096} INFO - Sync 1 DAGs
[2025-04-27T20:34:54.553-0300] {logging_mixin.py:188} INFO - [2025-04-27T20:34:54.552-0300] {dag.py:3954} INFO - Setting next_dagrun for tutorial_taskflow_api to None, run_after=None
[2025-04-27T20:34:54.570-0300] {processor.py:183} INFO - Processing /home/facuvega/Descargas/crypto-etl-airflow/airflow-apache/lib/python3.11/site-packages/airflow/example_dags/tutorial_taskflow_api.py took 0.060 seconds
[2025-04-27T20:35:37.383-0300] {processor.py:161} INFO - Started process (PID=17227) to work on /home/facuvega/Descargas/crypto-etl-airflow/airflow-apache/lib/python3.11/site-packages/airflow/example_dags/tutorial_taskflow_api.py
[2025-04-27T20:35:37.384-0300] {processor.py:830} INFO - Processing file /home/facuvega/Descargas/crypto-etl-airflow/airflow-apache/lib/python3.11/site-packages/airflow/example_dags/tutorial_taskflow_api.py for tasks to queue
[2025-04-27T20:35:37.385-0300] {logging_mixin.py:188} INFO - [2025-04-27T20:35:37.385-0300] {dagbag.py:540} INFO - Filling up the DagBag from /home/facuvega/Descargas/crypto-etl-airflow/airflow-apache/lib/python3.11/site-packages/airflow/example_dags/tutorial_taskflow_api.py
[2025-04-27T20:35:37.392-0300] {processor.py:840} INFO - DAG(s) 'tutorial_taskflow_api' retrieved from /home/facuvega/Descargas/crypto-etl-airflow/airflow-apache/lib/python3.11/site-packages/airflow/example_dags/tutorial_taskflow_api.py
[2025-04-27T20:35:37.405-0300] {logging_mixin.py:188} INFO - [2025-04-27T20:35:37.405-0300] {dag.py:3096} INFO - Sync 1 DAGs
[2025-04-27T20:35:37.414-0300] {logging_mixin.py:188} INFO - [2025-04-27T20:35:37.414-0300] {dag.py:3954} INFO - Setting next_dagrun for tutorial_taskflow_api to None, run_after=None
[2025-04-27T20:35:37.430-0300] {processor.py:183} INFO - Processing /home/facuvega/Descargas/crypto-etl-airflow/airflow-apache/lib/python3.11/site-packages/airflow/example_dags/tutorial_taskflow_api.py took 0.052 seconds
[2025-04-27T20:36:16.908-0300] {processor.py:161} INFO - Started process (PID=17402) to work on /home/facuvega/Descargas/crypto-etl-airflow/airflow-apache/lib/python3.11/site-packages/airflow/example_dags/tutorial_taskflow_api.py
[2025-04-27T20:36:16.909-0300] {processor.py:830} INFO - Processing file /home/facuvega/Descargas/crypto-etl-airflow/airflow-apache/lib/python3.11/site-packages/airflow/example_dags/tutorial_taskflow_api.py for tasks to queue
[2025-04-27T20:36:16.910-0300] {logging_mixin.py:188} INFO - [2025-04-27T20:36:16.910-0300] {dagbag.py:540} INFO - Filling up the DagBag from /home/facuvega/Descargas/crypto-etl-airflow/airflow-apache/lib/python3.11/site-packages/airflow/example_dags/tutorial_taskflow_api.py
[2025-04-27T20:36:16.916-0300] {processor.py:840} INFO - DAG(s) 'tutorial_taskflow_api' retrieved from /home/facuvega/Descargas/crypto-etl-airflow/airflow-apache/lib/python3.11/site-packages/airflow/example_dags/tutorial_taskflow_api.py
[2025-04-27T20:36:16.929-0300] {logging_mixin.py:188} INFO - [2025-04-27T20:36:16.929-0300] {dag.py:3096} INFO - Sync 1 DAGs
[2025-04-27T20:36:16.939-0300] {logging_mixin.py:188} INFO - [2025-04-27T20:36:16.939-0300] {dag.py:3954} INFO - Setting next_dagrun for tutorial_taskflow_api to None, run_after=None
[2025-04-27T20:36:16.956-0300] {processor.py:183} INFO - Processing /home/facuvega/Descargas/crypto-etl-airflow/airflow-apache/lib/python3.11/site-packages/airflow/example_dags/tutorial_taskflow_api.py took 0.053 seconds
[2025-04-27T20:36:54.948-0300] {processor.py:161} INFO - Started process (PID=17574) to work on /home/facuvega/Descargas/crypto-etl-airflow/airflow-apache/lib/python3.11/site-packages/airflow/example_dags/tutorial_taskflow_api.py
[2025-04-27T20:36:54.949-0300] {processor.py:830} INFO - Processing file /home/facuvega/Descargas/crypto-etl-airflow/airflow-apache/lib/python3.11/site-packages/airflow/example_dags/tutorial_taskflow_api.py for tasks to queue
[2025-04-27T20:36:54.950-0300] {logging_mixin.py:188} INFO - [2025-04-27T20:36:54.950-0300] {dagbag.py:540} INFO - Filling up the DagBag from /home/facuvega/Descargas/crypto-etl-airflow/airflow-apache/lib/python3.11/site-packages/airflow/example_dags/tutorial_taskflow_api.py
[2025-04-27T20:36:54.956-0300] {processor.py:840} INFO - DAG(s) 'tutorial_taskflow_api' retrieved from /home/facuvega/Descargas/crypto-etl-airflow/airflow-apache/lib/python3.11/site-packages/airflow/example_dags/tutorial_taskflow_api.py
[2025-04-27T20:36:54.969-0300] {logging_mixin.py:188} INFO - [2025-04-27T20:36:54.969-0300] {dag.py:3096} INFO - Sync 1 DAGs
[2025-04-27T20:36:54.977-0300] {logging_mixin.py:188} INFO - [2025-04-27T20:36:54.977-0300] {dag.py:3954} INFO - Setting next_dagrun for tutorial_taskflow_api to None, run_after=None
[2025-04-27T20:36:54.991-0300] {processor.py:183} INFO - Processing /home/facuvega/Descargas/crypto-etl-airflow/airflow-apache/lib/python3.11/site-packages/airflow/example_dags/tutorial_taskflow_api.py took 0.049 seconds
[2025-04-27T20:37:36.031-0300] {processor.py:161} INFO - Started process (PID=17759) to work on /home/facuvega/Descargas/crypto-etl-airflow/airflow-apache/lib/python3.11/site-packages/airflow/example_dags/tutorial_taskflow_api.py
[2025-04-27T20:37:36.032-0300] {processor.py:830} INFO - Processing file /home/facuvega/Descargas/crypto-etl-airflow/airflow-apache/lib/python3.11/site-packages/airflow/example_dags/tutorial_taskflow_api.py for tasks to queue
[2025-04-27T20:37:36.035-0300] {logging_mixin.py:188} INFO - [2025-04-27T20:37:36.034-0300] {dagbag.py:540} INFO - Filling up the DagBag from /home/facuvega/Descargas/crypto-etl-airflow/airflow-apache/lib/python3.11/site-packages/airflow/example_dags/tutorial_taskflow_api.py
[2025-04-27T20:37:36.042-0300] {processor.py:840} INFO - DAG(s) 'tutorial_taskflow_api' retrieved from /home/facuvega/Descargas/crypto-etl-airflow/airflow-apache/lib/python3.11/site-packages/airflow/example_dags/tutorial_taskflow_api.py
[2025-04-27T20:37:36.060-0300] {logging_mixin.py:188} INFO - [2025-04-27T20:37:36.060-0300] {dag.py:3096} INFO - Sync 1 DAGs
[2025-04-27T20:37:36.074-0300] {logging_mixin.py:188} INFO - [2025-04-27T20:37:36.073-0300] {dag.py:3954} INFO - Setting next_dagrun for tutorial_taskflow_api to None, run_after=None
[2025-04-27T20:37:36.091-0300] {processor.py:183} INFO - Processing /home/facuvega/Descargas/crypto-etl-airflow/airflow-apache/lib/python3.11/site-packages/airflow/example_dags/tutorial_taskflow_api.py took 0.066 seconds
[2025-04-27T20:38:16.078-0300] {processor.py:161} INFO - Started process (PID=17942) to work on /home/facuvega/Descargas/crypto-etl-airflow/airflow-apache/lib/python3.11/site-packages/airflow/example_dags/tutorial_taskflow_api.py
[2025-04-27T20:38:16.079-0300] {processor.py:830} INFO - Processing file /home/facuvega/Descargas/crypto-etl-airflow/airflow-apache/lib/python3.11/site-packages/airflow/example_dags/tutorial_taskflow_api.py for tasks to queue
[2025-04-27T20:38:16.080-0300] {logging_mixin.py:188} INFO - [2025-04-27T20:38:16.080-0300] {dagbag.py:540} INFO - Filling up the DagBag from /home/facuvega/Descargas/crypto-etl-airflow/airflow-apache/lib/python3.11/site-packages/airflow/example_dags/tutorial_taskflow_api.py
[2025-04-27T20:38:16.087-0300] {processor.py:840} INFO - DAG(s) 'tutorial_taskflow_api' retrieved from /home/facuvega/Descargas/crypto-etl-airflow/airflow-apache/lib/python3.11/site-packages/airflow/example_dags/tutorial_taskflow_api.py
[2025-04-27T20:38:16.102-0300] {logging_mixin.py:188} INFO - [2025-04-27T20:38:16.102-0300] {dag.py:3096} INFO - Sync 1 DAGs
[2025-04-27T20:38:16.119-0300] {logging_mixin.py:188} INFO - [2025-04-27T20:38:16.118-0300] {dag.py:3954} INFO - Setting next_dagrun for tutorial_taskflow_api to None, run_after=None
[2025-04-27T20:38:16.137-0300] {processor.py:183} INFO - Processing /home/facuvega/Descargas/crypto-etl-airflow/airflow-apache/lib/python3.11/site-packages/airflow/example_dags/tutorial_taskflow_api.py took 0.065 seconds
[2025-04-27T20:38:58.085-0300] {processor.py:161} INFO - Started process (PID=18130) to work on /home/facuvega/Descargas/crypto-etl-airflow/airflow-apache/lib/python3.11/site-packages/airflow/example_dags/tutorial_taskflow_api.py
[2025-04-27T20:38:58.086-0300] {processor.py:830} INFO - Processing file /home/facuvega/Descargas/crypto-etl-airflow/airflow-apache/lib/python3.11/site-packages/airflow/example_dags/tutorial_taskflow_api.py for tasks to queue
[2025-04-27T20:38:58.089-0300] {logging_mixin.py:188} INFO - [2025-04-27T20:38:58.088-0300] {dagbag.py:540} INFO - Filling up the DagBag from /home/facuvega/Descargas/crypto-etl-airflow/airflow-apache/lib/python3.11/site-packages/airflow/example_dags/tutorial_taskflow_api.py
[2025-04-27T20:38:58.097-0300] {processor.py:840} INFO - DAG(s) 'tutorial_taskflow_api' retrieved from /home/facuvega/Descargas/crypto-etl-airflow/airflow-apache/lib/python3.11/site-packages/airflow/example_dags/tutorial_taskflow_api.py
[2025-04-27T20:38:58.113-0300] {logging_mixin.py:188} INFO - [2025-04-27T20:38:58.113-0300] {dag.py:3096} INFO - Sync 1 DAGs
[2025-04-27T20:38:58.126-0300] {logging_mixin.py:188} INFO - [2025-04-27T20:38:58.126-0300] {dag.py:3954} INFO - Setting next_dagrun for tutorial_taskflow_api to None, run_after=None
[2025-04-27T20:38:58.144-0300] {processor.py:183} INFO - Processing /home/facuvega/Descargas/crypto-etl-airflow/airflow-apache/lib/python3.11/site-packages/airflow/example_dags/tutorial_taskflow_api.py took 0.065 seconds
[2025-04-27T20:39:37.147-0300] {processor.py:161} INFO - Started process (PID=18437) to work on /home/facuvega/Descargas/crypto-etl-airflow/airflow-apache/lib/python3.11/site-packages/airflow/example_dags/tutorial_taskflow_api.py
[2025-04-27T20:39:37.148-0300] {processor.py:830} INFO - Processing file /home/facuvega/Descargas/crypto-etl-airflow/airflow-apache/lib/python3.11/site-packages/airflow/example_dags/tutorial_taskflow_api.py for tasks to queue
[2025-04-27T20:39:37.150-0300] {logging_mixin.py:188} INFO - [2025-04-27T20:39:37.149-0300] {dagbag.py:540} INFO - Filling up the DagBag from /home/facuvega/Descargas/crypto-etl-airflow/airflow-apache/lib/python3.11/site-packages/airflow/example_dags/tutorial_taskflow_api.py
[2025-04-27T20:39:37.157-0300] {processor.py:840} INFO - DAG(s) 'tutorial_taskflow_api' retrieved from /home/facuvega/Descargas/crypto-etl-airflow/airflow-apache/lib/python3.11/site-packages/airflow/example_dags/tutorial_taskflow_api.py
[2025-04-27T20:39:37.172-0300] {logging_mixin.py:188} INFO - [2025-04-27T20:39:37.172-0300] {dag.py:3096} INFO - Sync 1 DAGs
[2025-04-27T20:39:37.180-0300] {logging_mixin.py:188} INFO - [2025-04-27T20:39:37.180-0300] {dag.py:3954} INFO - Setting next_dagrun for tutorial_taskflow_api to None, run_after=None
[2025-04-27T20:39:37.194-0300] {processor.py:183} INFO - Processing /home/facuvega/Descargas/crypto-etl-airflow/airflow-apache/lib/python3.11/site-packages/airflow/example_dags/tutorial_taskflow_api.py took 0.054 seconds
[2025-04-27T20:40:18.729-0300] {processor.py:161} INFO - Started process (PID=18652) to work on /home/facuvega/Descargas/crypto-etl-airflow/airflow-apache/lib/python3.11/site-packages/airflow/example_dags/tutorial_taskflow_api.py
[2025-04-27T20:40:18.731-0300] {processor.py:830} INFO - Processing file /home/facuvega/Descargas/crypto-etl-airflow/airflow-apache/lib/python3.11/site-packages/airflow/example_dags/tutorial_taskflow_api.py for tasks to queue
[2025-04-27T20:40:18.733-0300] {logging_mixin.py:188} INFO - [2025-04-27T20:40:18.732-0300] {dagbag.py:540} INFO - Filling up the DagBag from /home/facuvega/Descargas/crypto-etl-airflow/airflow-apache/lib/python3.11/site-packages/airflow/example_dags/tutorial_taskflow_api.py
[2025-04-27T20:40:18.741-0300] {processor.py:840} INFO - DAG(s) 'tutorial_taskflow_api' retrieved from /home/facuvega/Descargas/crypto-etl-airflow/airflow-apache/lib/python3.11/site-packages/airflow/example_dags/tutorial_taskflow_api.py
[2025-04-27T20:40:18.758-0300] {logging_mixin.py:188} INFO - [2025-04-27T20:40:18.758-0300] {dag.py:3096} INFO - Sync 1 DAGs
[2025-04-27T20:40:18.770-0300] {logging_mixin.py:188} INFO - [2025-04-27T20:40:18.770-0300] {dag.py:3954} INFO - Setting next_dagrun for tutorial_taskflow_api to None, run_after=None
[2025-04-27T20:40:18.788-0300] {processor.py:183} INFO - Processing /home/facuvega/Descargas/crypto-etl-airflow/airflow-apache/lib/python3.11/site-packages/airflow/example_dags/tutorial_taskflow_api.py took 0.065 seconds
[2025-04-27T20:41:03.792-0300] {processor.py:161} INFO - Started process (PID=18855) to work on /home/facuvega/Descargas/crypto-etl-airflow/airflow-apache/lib/python3.11/site-packages/airflow/example_dags/tutorial_taskflow_api.py
[2025-04-27T20:41:03.793-0300] {processor.py:830} INFO - Processing file /home/facuvega/Descargas/crypto-etl-airflow/airflow-apache/lib/python3.11/site-packages/airflow/example_dags/tutorial_taskflow_api.py for tasks to queue
[2025-04-27T20:41:03.795-0300] {logging_mixin.py:188} INFO - [2025-04-27T20:41:03.795-0300] {dagbag.py:540} INFO - Filling up the DagBag from /home/facuvega/Descargas/crypto-etl-airflow/airflow-apache/lib/python3.11/site-packages/airflow/example_dags/tutorial_taskflow_api.py
[2025-04-27T20:41:03.802-0300] {processor.py:840} INFO - DAG(s) 'tutorial_taskflow_api' retrieved from /home/facuvega/Descargas/crypto-etl-airflow/airflow-apache/lib/python3.11/site-packages/airflow/example_dags/tutorial_taskflow_api.py
[2025-04-27T20:41:03.815-0300] {logging_mixin.py:188} INFO - [2025-04-27T20:41:03.815-0300] {dag.py:3096} INFO - Sync 1 DAGs
[2025-04-27T20:41:03.825-0300] {logging_mixin.py:188} INFO - [2025-04-27T20:41:03.825-0300] {dag.py:3954} INFO - Setting next_dagrun for tutorial_taskflow_api to None, run_after=None
[2025-04-27T20:41:03.841-0300] {processor.py:183} INFO - Processing /home/facuvega/Descargas/crypto-etl-airflow/airflow-apache/lib/python3.11/site-packages/airflow/example_dags/tutorial_taskflow_api.py took 0.054 seconds
[2025-04-27T20:41:45.207-0300] {processor.py:161} INFO - Started process (PID=19040) to work on /home/facuvega/Descargas/crypto-etl-airflow/airflow-apache/lib/python3.11/site-packages/airflow/example_dags/tutorial_taskflow_api.py
[2025-04-27T20:41:45.208-0300] {processor.py:830} INFO - Processing file /home/facuvega/Descargas/crypto-etl-airflow/airflow-apache/lib/python3.11/site-packages/airflow/example_dags/tutorial_taskflow_api.py for tasks to queue
[2025-04-27T20:41:45.210-0300] {logging_mixin.py:188} INFO - [2025-04-27T20:41:45.210-0300] {dagbag.py:540} INFO - Filling up the DagBag from /home/facuvega/Descargas/crypto-etl-airflow/airflow-apache/lib/python3.11/site-packages/airflow/example_dags/tutorial_taskflow_api.py
[2025-04-27T20:41:45.219-0300] {processor.py:840} INFO - DAG(s) 'tutorial_taskflow_api' retrieved from /home/facuvega/Descargas/crypto-etl-airflow/airflow-apache/lib/python3.11/site-packages/airflow/example_dags/tutorial_taskflow_api.py
[2025-04-27T20:41:45.236-0300] {logging_mixin.py:188} INFO - [2025-04-27T20:41:45.236-0300] {dag.py:3096} INFO - Sync 1 DAGs
[2025-04-27T20:41:45.249-0300] {logging_mixin.py:188} INFO - [2025-04-27T20:41:45.248-0300] {dag.py:3954} INFO - Setting next_dagrun for tutorial_taskflow_api to None, run_after=None
[2025-04-27T20:41:45.268-0300] {processor.py:183} INFO - Processing /home/facuvega/Descargas/crypto-etl-airflow/airflow-apache/lib/python3.11/site-packages/airflow/example_dags/tutorial_taskflow_api.py took 0.067 seconds
[2025-04-27T20:42:25.818-0300] {processor.py:161} INFO - Started process (PID=19225) to work on /home/facuvega/Descargas/crypto-etl-airflow/airflow-apache/lib/python3.11/site-packages/airflow/example_dags/tutorial_taskflow_api.py
[2025-04-27T20:42:25.819-0300] {processor.py:830} INFO - Processing file /home/facuvega/Descargas/crypto-etl-airflow/airflow-apache/lib/python3.11/site-packages/airflow/example_dags/tutorial_taskflow_api.py for tasks to queue
[2025-04-27T20:42:25.821-0300] {logging_mixin.py:188} INFO - [2025-04-27T20:42:25.821-0300] {dagbag.py:540} INFO - Filling up the DagBag from /home/facuvega/Descargas/crypto-etl-airflow/airflow-apache/lib/python3.11/site-packages/airflow/example_dags/tutorial_taskflow_api.py
[2025-04-27T20:42:25.827-0300] {processor.py:840} INFO - DAG(s) 'tutorial_taskflow_api' retrieved from /home/facuvega/Descargas/crypto-etl-airflow/airflow-apache/lib/python3.11/site-packages/airflow/example_dags/tutorial_taskflow_api.py
[2025-04-27T20:42:25.840-0300] {logging_mixin.py:188} INFO - [2025-04-27T20:42:25.839-0300] {dag.py:3096} INFO - Sync 1 DAGs
[2025-04-27T20:42:25.848-0300] {logging_mixin.py:188} INFO - [2025-04-27T20:42:25.848-0300] {dag.py:3954} INFO - Setting next_dagrun for tutorial_taskflow_api to None, run_after=None
[2025-04-27T20:42:25.861-0300] {processor.py:183} INFO - Processing /home/facuvega/Descargas/crypto-etl-airflow/airflow-apache/lib/python3.11/site-packages/airflow/example_dags/tutorial_taskflow_api.py took 0.049 seconds
[2025-04-27T20:43:04.779-0300] {processor.py:161} INFO - Started process (PID=19398) to work on /home/facuvega/Descargas/crypto-etl-airflow/airflow-apache/lib/python3.11/site-packages/airflow/example_dags/tutorial_taskflow_api.py
[2025-04-27T20:43:04.780-0300] {processor.py:830} INFO - Processing file /home/facuvega/Descargas/crypto-etl-airflow/airflow-apache/lib/python3.11/site-packages/airflow/example_dags/tutorial_taskflow_api.py for tasks to queue
[2025-04-27T20:43:04.782-0300] {logging_mixin.py:188} INFO - [2025-04-27T20:43:04.781-0300] {dagbag.py:540} INFO - Filling up the DagBag from /home/facuvega/Descargas/crypto-etl-airflow/airflow-apache/lib/python3.11/site-packages/airflow/example_dags/tutorial_taskflow_api.py
[2025-04-27T20:43:04.788-0300] {processor.py:840} INFO - DAG(s) 'tutorial_taskflow_api' retrieved from /home/facuvega/Descargas/crypto-etl-airflow/airflow-apache/lib/python3.11/site-packages/airflow/example_dags/tutorial_taskflow_api.py
[2025-04-27T20:43:04.802-0300] {logging_mixin.py:188} INFO - [2025-04-27T20:43:04.802-0300] {dag.py:3096} INFO - Sync 1 DAGs
[2025-04-27T20:43:04.811-0300] {logging_mixin.py:188} INFO - [2025-04-27T20:43:04.811-0300] {dag.py:3954} INFO - Setting next_dagrun for tutorial_taskflow_api to None, run_after=None
[2025-04-27T20:43:04.826-0300] {processor.py:183} INFO - Processing /home/facuvega/Descargas/crypto-etl-airflow/airflow-apache/lib/python3.11/site-packages/airflow/example_dags/tutorial_taskflow_api.py took 0.052 seconds
[2025-04-27T20:43:45.388-0300] {processor.py:161} INFO - Started process (PID=19591) to work on /home/facuvega/Descargas/crypto-etl-airflow/airflow-apache/lib/python3.11/site-packages/airflow/example_dags/tutorial_taskflow_api.py
[2025-04-27T20:43:45.389-0300] {processor.py:830} INFO - Processing file /home/facuvega/Descargas/crypto-etl-airflow/airflow-apache/lib/python3.11/site-packages/airflow/example_dags/tutorial_taskflow_api.py for tasks to queue
[2025-04-27T20:43:45.391-0300] {logging_mixin.py:188} INFO - [2025-04-27T20:43:45.390-0300] {dagbag.py:540} INFO - Filling up the DagBag from /home/facuvega/Descargas/crypto-etl-airflow/airflow-apache/lib/python3.11/site-packages/airflow/example_dags/tutorial_taskflow_api.py
[2025-04-27T20:43:45.398-0300] {processor.py:840} INFO - DAG(s) 'tutorial_taskflow_api' retrieved from /home/facuvega/Descargas/crypto-etl-airflow/airflow-apache/lib/python3.11/site-packages/airflow/example_dags/tutorial_taskflow_api.py
[2025-04-27T20:43:45.414-0300] {logging_mixin.py:188} INFO - [2025-04-27T20:43:45.414-0300] {dag.py:3096} INFO - Sync 1 DAGs
[2025-04-27T20:43:45.425-0300] {logging_mixin.py:188} INFO - [2025-04-27T20:43:45.425-0300] {dag.py:3954} INFO - Setting next_dagrun for tutorial_taskflow_api to None, run_after=None
[2025-04-27T20:43:45.443-0300] {processor.py:183} INFO - Processing /home/facuvega/Descargas/crypto-etl-airflow/airflow-apache/lib/python3.11/site-packages/airflow/example_dags/tutorial_taskflow_api.py took 0.061 seconds
[2025-04-27T20:44:21.181-0300] {processor.py:161} INFO - Started process (PID=19767) to work on /home/facuvega/Descargas/crypto-etl-airflow/airflow-apache/lib/python3.11/site-packages/airflow/example_dags/tutorial_taskflow_api.py
[2025-04-27T20:44:21.182-0300] {processor.py:830} INFO - Processing file /home/facuvega/Descargas/crypto-etl-airflow/airflow-apache/lib/python3.11/site-packages/airflow/example_dags/tutorial_taskflow_api.py for tasks to queue
[2025-04-27T20:44:21.183-0300] {logging_mixin.py:188} INFO - [2025-04-27T20:44:21.183-0300] {dagbag.py:540} INFO - Filling up the DagBag from /home/facuvega/Descargas/crypto-etl-airflow/airflow-apache/lib/python3.11/site-packages/airflow/example_dags/tutorial_taskflow_api.py
[2025-04-27T20:44:21.189-0300] {processor.py:840} INFO - DAG(s) 'tutorial_taskflow_api' retrieved from /home/facuvega/Descargas/crypto-etl-airflow/airflow-apache/lib/python3.11/site-packages/airflow/example_dags/tutorial_taskflow_api.py
[2025-04-27T20:44:21.204-0300] {logging_mixin.py:188} INFO - [2025-04-27T20:44:21.203-0300] {dag.py:3096} INFO - Sync 1 DAGs
[2025-04-27T20:44:21.214-0300] {logging_mixin.py:188} INFO - [2025-04-27T20:44:21.214-0300] {dag.py:3954} INFO - Setting next_dagrun for tutorial_taskflow_api to None, run_after=None
[2025-04-27T20:44:21.232-0300] {processor.py:183} INFO - Processing /home/facuvega/Descargas/crypto-etl-airflow/airflow-apache/lib/python3.11/site-packages/airflow/example_dags/tutorial_taskflow_api.py took 0.057 seconds
[2025-04-27T20:45:05.301-0300] {processor.py:161} INFO - Started process (PID=19996) to work on /home/facuvega/Descargas/crypto-etl-airflow/airflow-apache/lib/python3.11/site-packages/airflow/example_dags/tutorial_taskflow_api.py
[2025-04-27T20:45:05.302-0300] {processor.py:830} INFO - Processing file /home/facuvega/Descargas/crypto-etl-airflow/airflow-apache/lib/python3.11/site-packages/airflow/example_dags/tutorial_taskflow_api.py for tasks to queue
[2025-04-27T20:45:05.304-0300] {logging_mixin.py:188} INFO - [2025-04-27T20:45:05.303-0300] {dagbag.py:540} INFO - Filling up the DagBag from /home/facuvega/Descargas/crypto-etl-airflow/airflow-apache/lib/python3.11/site-packages/airflow/example_dags/tutorial_taskflow_api.py
[2025-04-27T20:45:05.311-0300] {processor.py:840} INFO - DAG(s) 'tutorial_taskflow_api' retrieved from /home/facuvega/Descargas/crypto-etl-airflow/airflow-apache/lib/python3.11/site-packages/airflow/example_dags/tutorial_taskflow_api.py
[2025-04-27T20:45:05.324-0300] {logging_mixin.py:188} INFO - [2025-04-27T20:45:05.324-0300] {dag.py:3096} INFO - Sync 1 DAGs
[2025-04-27T20:45:05.335-0300] {logging_mixin.py:188} INFO - [2025-04-27T20:45:05.334-0300] {dag.py:3954} INFO - Setting next_dagrun for tutorial_taskflow_api to None, run_after=None
[2025-04-27T20:45:05.351-0300] {processor.py:183} INFO - Processing /home/facuvega/Descargas/crypto-etl-airflow/airflow-apache/lib/python3.11/site-packages/airflow/example_dags/tutorial_taskflow_api.py took 0.055 seconds
[2025-04-27T20:45:43.744-0300] {processor.py:161} INFO - Started process (PID=20174) to work on /home/facuvega/Descargas/crypto-etl-airflow/airflow-apache/lib/python3.11/site-packages/airflow/example_dags/tutorial_taskflow_api.py
[2025-04-27T20:45:43.744-0300] {processor.py:830} INFO - Processing file /home/facuvega/Descargas/crypto-etl-airflow/airflow-apache/lib/python3.11/site-packages/airflow/example_dags/tutorial_taskflow_api.py for tasks to queue
[2025-04-27T20:45:43.746-0300] {logging_mixin.py:188} INFO - [2025-04-27T20:45:43.746-0300] {dagbag.py:540} INFO - Filling up the DagBag from /home/facuvega/Descargas/crypto-etl-airflow/airflow-apache/lib/python3.11/site-packages/airflow/example_dags/tutorial_taskflow_api.py
[2025-04-27T20:45:43.752-0300] {processor.py:840} INFO - DAG(s) 'tutorial_taskflow_api' retrieved from /home/facuvega/Descargas/crypto-etl-airflow/airflow-apache/lib/python3.11/site-packages/airflow/example_dags/tutorial_taskflow_api.py
[2025-04-27T20:45:43.764-0300] {logging_mixin.py:188} INFO - [2025-04-27T20:45:43.764-0300] {dag.py:3096} INFO - Sync 1 DAGs
[2025-04-27T20:45:43.773-0300] {logging_mixin.py:188} INFO - [2025-04-27T20:45:43.773-0300] {dag.py:3954} INFO - Setting next_dagrun for tutorial_taskflow_api to None, run_after=None
[2025-04-27T20:45:43.796-0300] {processor.py:183} INFO - Processing /home/facuvega/Descargas/crypto-etl-airflow/airflow-apache/lib/python3.11/site-packages/airflow/example_dags/tutorial_taskflow_api.py took 0.057 seconds
[2025-04-27T20:46:21.503-0300] {processor.py:161} INFO - Started process (PID=20342) to work on /home/facuvega/Descargas/crypto-etl-airflow/airflow-apache/lib/python3.11/site-packages/airflow/example_dags/tutorial_taskflow_api.py
[2025-04-27T20:46:21.504-0300] {processor.py:830} INFO - Processing file /home/facuvega/Descargas/crypto-etl-airflow/airflow-apache/lib/python3.11/site-packages/airflow/example_dags/tutorial_taskflow_api.py for tasks to queue
[2025-04-27T20:46:21.506-0300] {logging_mixin.py:188} INFO - [2025-04-27T20:46:21.505-0300] {dagbag.py:540} INFO - Filling up the DagBag from /home/facuvega/Descargas/crypto-etl-airflow/airflow-apache/lib/python3.11/site-packages/airflow/example_dags/tutorial_taskflow_api.py
[2025-04-27T20:46:21.513-0300] {processor.py:840} INFO - DAG(s) 'tutorial_taskflow_api' retrieved from /home/facuvega/Descargas/crypto-etl-airflow/airflow-apache/lib/python3.11/site-packages/airflow/example_dags/tutorial_taskflow_api.py
[2025-04-27T20:46:21.527-0300] {logging_mixin.py:188} INFO - [2025-04-27T20:46:21.527-0300] {dag.py:3096} INFO - Sync 1 DAGs
[2025-04-27T20:46:21.536-0300] {logging_mixin.py:188} INFO - [2025-04-27T20:46:21.536-0300] {dag.py:3954} INFO - Setting next_dagrun for tutorial_taskflow_api to None, run_after=None
[2025-04-27T20:46:21.552-0300] {processor.py:183} INFO - Processing /home/facuvega/Descargas/crypto-etl-airflow/airflow-apache/lib/python3.11/site-packages/airflow/example_dags/tutorial_taskflow_api.py took 0.054 seconds
[2025-04-27T20:47:01.003-0300] {processor.py:161} INFO - Started process (PID=20521) to work on /home/facuvega/Descargas/crypto-etl-airflow/airflow-apache/lib/python3.11/site-packages/airflow/example_dags/tutorial_taskflow_api.py
[2025-04-27T20:47:01.004-0300] {processor.py:830} INFO - Processing file /home/facuvega/Descargas/crypto-etl-airflow/airflow-apache/lib/python3.11/site-packages/airflow/example_dags/tutorial_taskflow_api.py for tasks to queue
[2025-04-27T20:47:01.005-0300] {logging_mixin.py:188} INFO - [2025-04-27T20:47:01.005-0300] {dagbag.py:540} INFO - Filling up the DagBag from /home/facuvega/Descargas/crypto-etl-airflow/airflow-apache/lib/python3.11/site-packages/airflow/example_dags/tutorial_taskflow_api.py
[2025-04-27T20:47:01.013-0300] {processor.py:840} INFO - DAG(s) 'tutorial_taskflow_api' retrieved from /home/facuvega/Descargas/crypto-etl-airflow/airflow-apache/lib/python3.11/site-packages/airflow/example_dags/tutorial_taskflow_api.py
[2025-04-27T20:47:01.028-0300] {logging_mixin.py:188} INFO - [2025-04-27T20:47:01.028-0300] {dag.py:3096} INFO - Sync 1 DAGs
[2025-04-27T20:47:01.038-0300] {logging_mixin.py:188} INFO - [2025-04-27T20:47:01.038-0300] {dag.py:3954} INFO - Setting next_dagrun for tutorial_taskflow_api to None, run_after=None
[2025-04-27T20:47:01.053-0300] {processor.py:183} INFO - Processing /home/facuvega/Descargas/crypto-etl-airflow/airflow-apache/lib/python3.11/site-packages/airflow/example_dags/tutorial_taskflow_api.py took 0.057 seconds
[2025-04-27T20:47:42.153-0300] {processor.py:161} INFO - Started process (PID=20899) to work on /home/facuvega/Descargas/crypto-etl-airflow/airflow-apache/lib/python3.11/site-packages/airflow/example_dags/tutorial_taskflow_api.py
[2025-04-27T20:47:42.154-0300] {processor.py:830} INFO - Processing file /home/facuvega/Descargas/crypto-etl-airflow/airflow-apache/lib/python3.11/site-packages/airflow/example_dags/tutorial_taskflow_api.py for tasks to queue
[2025-04-27T20:47:42.156-0300] {logging_mixin.py:188} INFO - [2025-04-27T20:47:42.155-0300] {dagbag.py:540} INFO - Filling up the DagBag from /home/facuvega/Descargas/crypto-etl-airflow/airflow-apache/lib/python3.11/site-packages/airflow/example_dags/tutorial_taskflow_api.py
[2025-04-27T20:47:42.163-0300] {processor.py:840} INFO - DAG(s) 'tutorial_taskflow_api' retrieved from /home/facuvega/Descargas/crypto-etl-airflow/airflow-apache/lib/python3.11/site-packages/airflow/example_dags/tutorial_taskflow_api.py
[2025-04-27T20:47:42.176-0300] {logging_mixin.py:188} INFO - [2025-04-27T20:47:42.176-0300] {dag.py:3096} INFO - Sync 1 DAGs
[2025-04-27T20:47:42.185-0300] {logging_mixin.py:188} INFO - [2025-04-27T20:47:42.185-0300] {dag.py:3954} INFO - Setting next_dagrun for tutorial_taskflow_api to None, run_after=None
[2025-04-27T20:47:42.208-0300] {processor.py:183} INFO - Processing /home/facuvega/Descargas/crypto-etl-airflow/airflow-apache/lib/python3.11/site-packages/airflow/example_dags/tutorial_taskflow_api.py took 0.062 seconds
[2025-04-27T20:48:21.009-0300] {processor.py:161} INFO - Started process (PID=21151) to work on /home/facuvega/Descargas/crypto-etl-airflow/airflow-apache/lib/python3.11/site-packages/airflow/example_dags/tutorial_taskflow_api.py
[2025-04-27T20:48:21.010-0300] {processor.py:830} INFO - Processing file /home/facuvega/Descargas/crypto-etl-airflow/airflow-apache/lib/python3.11/site-packages/airflow/example_dags/tutorial_taskflow_api.py for tasks to queue
[2025-04-27T20:48:21.012-0300] {logging_mixin.py:188} INFO - [2025-04-27T20:48:21.012-0300] {dagbag.py:540} INFO - Filling up the DagBag from /home/facuvega/Descargas/crypto-etl-airflow/airflow-apache/lib/python3.11/site-packages/airflow/example_dags/tutorial_taskflow_api.py
[2025-04-27T20:48:21.021-0300] {processor.py:840} INFO - DAG(s) 'tutorial_taskflow_api' retrieved from /home/facuvega/Descargas/crypto-etl-airflow/airflow-apache/lib/python3.11/site-packages/airflow/example_dags/tutorial_taskflow_api.py
[2025-04-27T20:48:21.038-0300] {logging_mixin.py:188} INFO - [2025-04-27T20:48:21.038-0300] {dag.py:3096} INFO - Sync 1 DAGs
[2025-04-27T20:48:21.053-0300] {logging_mixin.py:188} INFO - [2025-04-27T20:48:21.052-0300] {dag.py:3954} INFO - Setting next_dagrun for tutorial_taskflow_api to None, run_after=None
[2025-04-27T20:48:21.088-0300] {processor.py:183} INFO - Processing /home/facuvega/Descargas/crypto-etl-airflow/airflow-apache/lib/python3.11/site-packages/airflow/example_dags/tutorial_taskflow_api.py took 0.086 seconds
[2025-04-27T20:49:06.172-0300] {processor.py:161} INFO - Started process (PID=21417) to work on /home/facuvega/Descargas/crypto-etl-airflow/airflow-apache/lib/python3.11/site-packages/airflow/example_dags/tutorial_taskflow_api.py
[2025-04-27T20:49:06.173-0300] {processor.py:830} INFO - Processing file /home/facuvega/Descargas/crypto-etl-airflow/airflow-apache/lib/python3.11/site-packages/airflow/example_dags/tutorial_taskflow_api.py for tasks to queue
[2025-04-27T20:49:06.175-0300] {logging_mixin.py:188} INFO - [2025-04-27T20:49:06.174-0300] {dagbag.py:540} INFO - Filling up the DagBag from /home/facuvega/Descargas/crypto-etl-airflow/airflow-apache/lib/python3.11/site-packages/airflow/example_dags/tutorial_taskflow_api.py
[2025-04-27T20:49:06.182-0300] {processor.py:840} INFO - DAG(s) 'tutorial_taskflow_api' retrieved from /home/facuvega/Descargas/crypto-etl-airflow/airflow-apache/lib/python3.11/site-packages/airflow/example_dags/tutorial_taskflow_api.py
[2025-04-27T20:49:06.199-0300] {logging_mixin.py:188} INFO - [2025-04-27T20:49:06.199-0300] {dag.py:3096} INFO - Sync 1 DAGs
[2025-04-27T20:49:06.208-0300] {logging_mixin.py:188} INFO - [2025-04-27T20:49:06.208-0300] {dag.py:3954} INFO - Setting next_dagrun for tutorial_taskflow_api to None, run_after=None
[2025-04-27T20:49:06.222-0300] {processor.py:183} INFO - Processing /home/facuvega/Descargas/crypto-etl-airflow/airflow-apache/lib/python3.11/site-packages/airflow/example_dags/tutorial_taskflow_api.py took 0.057 seconds
[2025-04-27T20:49:51.078-0300] {processor.py:161} INFO - Started process (PID=21739) to work on /home/facuvega/Descargas/crypto-etl-airflow/airflow-apache/lib/python3.11/site-packages/airflow/example_dags/tutorial_taskflow_api.py
[2025-04-27T20:49:51.079-0300] {processor.py:830} INFO - Processing file /home/facuvega/Descargas/crypto-etl-airflow/airflow-apache/lib/python3.11/site-packages/airflow/example_dags/tutorial_taskflow_api.py for tasks to queue
[2025-04-27T20:49:51.080-0300] {logging_mixin.py:188} INFO - [2025-04-27T20:49:51.080-0300] {dagbag.py:540} INFO - Filling up the DagBag from /home/facuvega/Descargas/crypto-etl-airflow/airflow-apache/lib/python3.11/site-packages/airflow/example_dags/tutorial_taskflow_api.py
[2025-04-27T20:49:51.087-0300] {processor.py:840} INFO - DAG(s) 'tutorial_taskflow_api' retrieved from /home/facuvega/Descargas/crypto-etl-airflow/airflow-apache/lib/python3.11/site-packages/airflow/example_dags/tutorial_taskflow_api.py
[2025-04-27T20:49:51.102-0300] {logging_mixin.py:188} INFO - [2025-04-27T20:49:51.102-0300] {dag.py:3096} INFO - Sync 1 DAGs
[2025-04-27T20:49:51.115-0300] {logging_mixin.py:188} INFO - [2025-04-27T20:49:51.114-0300] {dag.py:3954} INFO - Setting next_dagrun for tutorial_taskflow_api to None, run_after=None
[2025-04-27T20:49:51.147-0300] {processor.py:183} INFO - Processing /home/facuvega/Descargas/crypto-etl-airflow/airflow-apache/lib/python3.11/site-packages/airflow/example_dags/tutorial_taskflow_api.py took 0.076 seconds
[2025-04-27T20:50:35.544-0300] {processor.py:161} INFO - Started process (PID=21984) to work on /home/facuvega/Descargas/crypto-etl-airflow/airflow-apache/lib/python3.11/site-packages/airflow/example_dags/tutorial_taskflow_api.py
[2025-04-27T20:50:35.545-0300] {processor.py:830} INFO - Processing file /home/facuvega/Descargas/crypto-etl-airflow/airflow-apache/lib/python3.11/site-packages/airflow/example_dags/tutorial_taskflow_api.py for tasks to queue
[2025-04-27T20:50:35.547-0300] {logging_mixin.py:188} INFO - [2025-04-27T20:50:35.546-0300] {dagbag.py:540} INFO - Filling up the DagBag from /home/facuvega/Descargas/crypto-etl-airflow/airflow-apache/lib/python3.11/site-packages/airflow/example_dags/tutorial_taskflow_api.py
[2025-04-27T20:50:35.554-0300] {processor.py:840} INFO - DAG(s) 'tutorial_taskflow_api' retrieved from /home/facuvega/Descargas/crypto-etl-airflow/airflow-apache/lib/python3.11/site-packages/airflow/example_dags/tutorial_taskflow_api.py
[2025-04-27T20:50:35.571-0300] {logging_mixin.py:188} INFO - [2025-04-27T20:50:35.570-0300] {dag.py:3096} INFO - Sync 1 DAGs
[2025-04-27T20:50:35.580-0300] {logging_mixin.py:188} INFO - [2025-04-27T20:50:35.580-0300] {dag.py:3954} INFO - Setting next_dagrun for tutorial_taskflow_api to None, run_after=None
[2025-04-27T20:50:35.596-0300] {processor.py:183} INFO - Processing /home/facuvega/Descargas/crypto-etl-airflow/airflow-apache/lib/python3.11/site-packages/airflow/example_dags/tutorial_taskflow_api.py took 0.058 seconds
[2025-04-27T20:51:15.039-0300] {processor.py:161} INFO - Started process (PID=22250) to work on /home/facuvega/Descargas/crypto-etl-airflow/airflow-apache/lib/python3.11/site-packages/airflow/example_dags/tutorial_taskflow_api.py
[2025-04-27T20:51:15.040-0300] {processor.py:830} INFO - Processing file /home/facuvega/Descargas/crypto-etl-airflow/airflow-apache/lib/python3.11/site-packages/airflow/example_dags/tutorial_taskflow_api.py for tasks to queue
[2025-04-27T20:51:15.042-0300] {logging_mixin.py:188} INFO - [2025-04-27T20:51:15.041-0300] {dagbag.py:540} INFO - Filling up the DagBag from /home/facuvega/Descargas/crypto-etl-airflow/airflow-apache/lib/python3.11/site-packages/airflow/example_dags/tutorial_taskflow_api.py
[2025-04-27T20:51:15.050-0300] {processor.py:840} INFO - DAG(s) 'tutorial_taskflow_api' retrieved from /home/facuvega/Descargas/crypto-etl-airflow/airflow-apache/lib/python3.11/site-packages/airflow/example_dags/tutorial_taskflow_api.py
[2025-04-27T20:51:15.066-0300] {logging_mixin.py:188} INFO - [2025-04-27T20:51:15.066-0300] {dag.py:3096} INFO - Sync 1 DAGs
[2025-04-27T20:51:15.078-0300] {logging_mixin.py:188} INFO - [2025-04-27T20:51:15.078-0300] {dag.py:3954} INFO - Setting next_dagrun for tutorial_taskflow_api to None, run_after=None
[2025-04-27T20:51:15.094-0300] {processor.py:183} INFO - Processing /home/facuvega/Descargas/crypto-etl-airflow/airflow-apache/lib/python3.11/site-packages/airflow/example_dags/tutorial_taskflow_api.py took 0.062 seconds
