[2025-04-27T20:09:54.170-0300] {processor.py:161} INFO - Started process (PID=9145) to work on /home/facuvega/Descargas/crypto-etl-airflow/airflow-apache/lib/python3.11/site-packages/airflow/example_dags/tutorial_dag.py
[2025-04-27T20:09:54.171-0300] {processor.py:830} INFO - Processing file /home/facuvega/Descargas/crypto-etl-airflow/airflow-apache/lib/python3.11/site-packages/airflow/example_dags/tutorial_dag.py for tasks to queue
[2025-04-27T20:09:54.173-0300] {logging_mixin.py:188} INFO - [2025-04-27T20:09:54.172-0300] {dagbag.py:540} INFO - Filling up the DagBag from /home/facuvega/Descargas/crypto-etl-airflow/airflow-apache/lib/python3.11/site-packages/airflow/example_dags/tutorial_dag.py
[2025-04-27T20:09:54.179-0300] {processor.py:840} INFO - DAG(s) 'tutorial_dag' retrieved from /home/facuvega/Descargas/crypto-etl-airflow/airflow-apache/lib/python3.11/site-packages/airflow/example_dags/tutorial_dag.py
[2025-04-27T20:09:54.422-0300] {logging_mixin.py:188} INFO - [2025-04-27T20:09:54.421-0300] {override.py:1829} INFO - Created Permission View: can edit on DAG:tutorial_dag
[2025-04-27T20:09:54.433-0300] {logging_mixin.py:188} INFO - [2025-04-27T20:09:54.433-0300] {override.py:1829} INFO - Created Permission View: can delete on DAG:tutorial_dag
[2025-04-27T20:09:54.440-0300] {logging_mixin.py:188} INFO - [2025-04-27T20:09:54.439-0300] {override.py:1829} INFO - Created Permission View: can read on DAG:tutorial_dag
[2025-04-27T20:09:54.443-0300] {logging_mixin.py:188} INFO - [2025-04-27T20:09:54.443-0300] {dag.py:3096} INFO - Sync 1 DAGs
[2025-04-27T20:09:54.459-0300] {logging_mixin.py:188} INFO - [2025-04-27T20:09:54.459-0300] {dag.py:3118} INFO - Creating ORM DAG for tutorial_dag
[2025-04-27T20:09:54.462-0300] {logging_mixin.py:188} INFO - [2025-04-27T20:09:54.462-0300] {dag.py:3954} INFO - Setting next_dagrun for tutorial_dag to None, run_after=None
[2025-04-27T20:09:54.499-0300] {processor.py:183} INFO - Processing /home/facuvega/Descargas/crypto-etl-airflow/airflow-apache/lib/python3.11/site-packages/airflow/example_dags/tutorial_dag.py took 0.333 seconds
[2025-04-27T20:10:56.801-0300] {processor.py:161} INFO - Started process (PID=9808) to work on /home/facuvega/Descargas/crypto-etl-airflow/airflow-apache/lib/python3.11/site-packages/airflow/example_dags/tutorial_dag.py
[2025-04-27T20:10:56.802-0300] {processor.py:830} INFO - Processing file /home/facuvega/Descargas/crypto-etl-airflow/airflow-apache/lib/python3.11/site-packages/airflow/example_dags/tutorial_dag.py for tasks to queue
[2025-04-27T20:10:56.803-0300] {logging_mixin.py:188} INFO - [2025-04-27T20:10:56.803-0300] {dagbag.py:540} INFO - Filling up the DagBag from /home/facuvega/Descargas/crypto-etl-airflow/airflow-apache/lib/python3.11/site-packages/airflow/example_dags/tutorial_dag.py
[2025-04-27T20:10:56.808-0300] {processor.py:840} INFO - DAG(s) 'tutorial_dag' retrieved from /home/facuvega/Descargas/crypto-etl-airflow/airflow-apache/lib/python3.11/site-packages/airflow/example_dags/tutorial_dag.py
[2025-04-27T20:10:56.821-0300] {logging_mixin.py:188} INFO - [2025-04-27T20:10:56.821-0300] {dag.py:3096} INFO - Sync 1 DAGs
[2025-04-27T20:10:56.830-0300] {logging_mixin.py:188} INFO - [2025-04-27T20:10:56.829-0300] {dag.py:3954} INFO - Setting next_dagrun for tutorial_dag to None, run_after=None
[2025-04-27T20:10:56.844-0300] {processor.py:183} INFO - Processing /home/facuvega/Descargas/crypto-etl-airflow/airflow-apache/lib/python3.11/site-packages/airflow/example_dags/tutorial_dag.py took 0.048 seconds
[2025-04-27T20:11:47.021-0300] {processor.py:161} INFO - Started process (PID=10088) to work on /home/facuvega/Descargas/crypto-etl-airflow/airflow-apache/lib/python3.11/site-packages/airflow/example_dags/tutorial_dag.py
[2025-04-27T20:11:47.022-0300] {processor.py:830} INFO - Processing file /home/facuvega/Descargas/crypto-etl-airflow/airflow-apache/lib/python3.11/site-packages/airflow/example_dags/tutorial_dag.py for tasks to queue
[2025-04-27T20:11:47.023-0300] {logging_mixin.py:188} INFO - [2025-04-27T20:11:47.023-0300] {dagbag.py:540} INFO - Filling up the DagBag from /home/facuvega/Descargas/crypto-etl-airflow/airflow-apache/lib/python3.11/site-packages/airflow/example_dags/tutorial_dag.py
[2025-04-27T20:11:47.029-0300] {processor.py:840} INFO - DAG(s) 'tutorial_dag' retrieved from /home/facuvega/Descargas/crypto-etl-airflow/airflow-apache/lib/python3.11/site-packages/airflow/example_dags/tutorial_dag.py
[2025-04-27T20:11:47.042-0300] {logging_mixin.py:188} INFO - [2025-04-27T20:11:47.042-0300] {dag.py:3096} INFO - Sync 1 DAGs
[2025-04-27T20:11:47.050-0300] {logging_mixin.py:188} INFO - [2025-04-27T20:11:47.050-0300] {dag.py:3954} INFO - Setting next_dagrun for tutorial_dag to None, run_after=None
[2025-04-27T20:11:47.064-0300] {processor.py:183} INFO - Processing /home/facuvega/Descargas/crypto-etl-airflow/airflow-apache/lib/python3.11/site-packages/airflow/example_dags/tutorial_dag.py took 0.049 seconds
[2025-04-27T20:12:28.368-0300] {processor.py:161} INFO - Started process (PID=10353) to work on /home/facuvega/Descargas/crypto-etl-airflow/airflow-apache/lib/python3.11/site-packages/airflow/example_dags/tutorial_dag.py
[2025-04-27T20:12:28.369-0300] {processor.py:830} INFO - Processing file /home/facuvega/Descargas/crypto-etl-airflow/airflow-apache/lib/python3.11/site-packages/airflow/example_dags/tutorial_dag.py for tasks to queue
[2025-04-27T20:12:28.371-0300] {logging_mixin.py:188} INFO - [2025-04-27T20:12:28.370-0300] {dagbag.py:540} INFO - Filling up the DagBag from /home/facuvega/Descargas/crypto-etl-airflow/airflow-apache/lib/python3.11/site-packages/airflow/example_dags/tutorial_dag.py
[2025-04-27T20:12:28.378-0300] {processor.py:840} INFO - DAG(s) 'tutorial_dag' retrieved from /home/facuvega/Descargas/crypto-etl-airflow/airflow-apache/lib/python3.11/site-packages/airflow/example_dags/tutorial_dag.py
[2025-04-27T20:12:28.390-0300] {logging_mixin.py:188} INFO - [2025-04-27T20:12:28.390-0300] {dag.py:3096} INFO - Sync 1 DAGs
[2025-04-27T20:12:28.399-0300] {logging_mixin.py:188} INFO - [2025-04-27T20:12:28.399-0300] {dag.py:3954} INFO - Setting next_dagrun for tutorial_dag to None, run_after=None
[2025-04-27T20:12:28.412-0300] {processor.py:183} INFO - Processing /home/facuvega/Descargas/crypto-etl-airflow/airflow-apache/lib/python3.11/site-packages/airflow/example_dags/tutorial_dag.py took 0.050 seconds
[2025-04-27T20:13:10.953-0300] {processor.py:161} INFO - Started process (PID=10621) to work on /home/facuvega/Descargas/crypto-etl-airflow/airflow-apache/lib/python3.11/site-packages/airflow/example_dags/tutorial_dag.py
[2025-04-27T20:13:10.954-0300] {processor.py:830} INFO - Processing file /home/facuvega/Descargas/crypto-etl-airflow/airflow-apache/lib/python3.11/site-packages/airflow/example_dags/tutorial_dag.py for tasks to queue
[2025-04-27T20:13:10.955-0300] {logging_mixin.py:188} INFO - [2025-04-27T20:13:10.955-0300] {dagbag.py:540} INFO - Filling up the DagBag from /home/facuvega/Descargas/crypto-etl-airflow/airflow-apache/lib/python3.11/site-packages/airflow/example_dags/tutorial_dag.py
[2025-04-27T20:13:10.962-0300] {processor.py:840} INFO - DAG(s) 'tutorial_dag' retrieved from /home/facuvega/Descargas/crypto-etl-airflow/airflow-apache/lib/python3.11/site-packages/airflow/example_dags/tutorial_dag.py
[2025-04-27T20:13:10.976-0300] {logging_mixin.py:188} INFO - [2025-04-27T20:13:10.976-0300] {dag.py:3096} INFO - Sync 1 DAGs
[2025-04-27T20:13:10.986-0300] {logging_mixin.py:188} INFO - [2025-04-27T20:13:10.986-0300] {dag.py:3954} INFO - Setting next_dagrun for tutorial_dag to None, run_after=None
[2025-04-27T20:13:11.000-0300] {processor.py:183} INFO - Processing /home/facuvega/Descargas/crypto-etl-airflow/airflow-apache/lib/python3.11/site-packages/airflow/example_dags/tutorial_dag.py took 0.054 seconds
[2025-04-27T20:13:58.391-0300] {processor.py:161} INFO - Started process (PID=10838) to work on /home/facuvega/Descargas/crypto-etl-airflow/airflow-apache/lib/python3.11/site-packages/airflow/example_dags/tutorial_dag.py
[2025-04-27T20:13:58.392-0300] {processor.py:830} INFO - Processing file /home/facuvega/Descargas/crypto-etl-airflow/airflow-apache/lib/python3.11/site-packages/airflow/example_dags/tutorial_dag.py for tasks to queue
[2025-04-27T20:13:58.395-0300] {logging_mixin.py:188} INFO - [2025-04-27T20:13:58.394-0300] {dagbag.py:540} INFO - Filling up the DagBag from /home/facuvega/Descargas/crypto-etl-airflow/airflow-apache/lib/python3.11/site-packages/airflow/example_dags/tutorial_dag.py
[2025-04-27T20:13:58.400-0300] {processor.py:840} INFO - DAG(s) 'tutorial_dag' retrieved from /home/facuvega/Descargas/crypto-etl-airflow/airflow-apache/lib/python3.11/site-packages/airflow/example_dags/tutorial_dag.py
[2025-04-27T20:13:58.415-0300] {logging_mixin.py:188} INFO - [2025-04-27T20:13:58.415-0300] {dag.py:3096} INFO - Sync 1 DAGs
[2025-04-27T20:13:58.425-0300] {logging_mixin.py:188} INFO - [2025-04-27T20:13:58.424-0300] {dag.py:3954} INFO - Setting next_dagrun for tutorial_dag to None, run_after=None
[2025-04-27T20:13:58.440-0300] {processor.py:183} INFO - Processing /home/facuvega/Descargas/crypto-etl-airflow/airflow-apache/lib/python3.11/site-packages/airflow/example_dags/tutorial_dag.py took 0.055 seconds
[2025-04-27T20:14:38.395-0300] {processor.py:161} INFO - Started process (PID=11020) to work on /home/facuvega/Descargas/crypto-etl-airflow/airflow-apache/lib/python3.11/site-packages/airflow/example_dags/tutorial_dag.py
[2025-04-27T20:14:38.396-0300] {processor.py:830} INFO - Processing file /home/facuvega/Descargas/crypto-etl-airflow/airflow-apache/lib/python3.11/site-packages/airflow/example_dags/tutorial_dag.py for tasks to queue
[2025-04-27T20:14:38.398-0300] {logging_mixin.py:188} INFO - [2025-04-27T20:14:38.397-0300] {dagbag.py:540} INFO - Filling up the DagBag from /home/facuvega/Descargas/crypto-etl-airflow/airflow-apache/lib/python3.11/site-packages/airflow/example_dags/tutorial_dag.py
[2025-04-27T20:14:38.408-0300] {processor.py:840} INFO - DAG(s) 'tutorial_dag' retrieved from /home/facuvega/Descargas/crypto-etl-airflow/airflow-apache/lib/python3.11/site-packages/airflow/example_dags/tutorial_dag.py
[2025-04-27T20:14:38.420-0300] {logging_mixin.py:188} INFO - [2025-04-27T20:14:38.419-0300] {dag.py:3096} INFO - Sync 1 DAGs
[2025-04-27T20:14:38.427-0300] {logging_mixin.py:188} INFO - [2025-04-27T20:14:38.427-0300] {dag.py:3954} INFO - Setting next_dagrun for tutorial_dag to None, run_after=None
[2025-04-27T20:14:38.441-0300] {processor.py:183} INFO - Processing /home/facuvega/Descargas/crypto-etl-airflow/airflow-apache/lib/python3.11/site-packages/airflow/example_dags/tutorial_dag.py took 0.050 seconds
[2025-04-27T20:15:19.423-0300] {processor.py:161} INFO - Started process (PID=11233) to work on /home/facuvega/Descargas/crypto-etl-airflow/airflow-apache/lib/python3.11/site-packages/airflow/example_dags/tutorial_dag.py
[2025-04-27T20:15:19.424-0300] {processor.py:830} INFO - Processing file /home/facuvega/Descargas/crypto-etl-airflow/airflow-apache/lib/python3.11/site-packages/airflow/example_dags/tutorial_dag.py for tasks to queue
[2025-04-27T20:15:19.425-0300] {logging_mixin.py:188} INFO - [2025-04-27T20:15:19.425-0300] {dagbag.py:540} INFO - Filling up the DagBag from /home/facuvega/Descargas/crypto-etl-airflow/airflow-apache/lib/python3.11/site-packages/airflow/example_dags/tutorial_dag.py
[2025-04-27T20:15:19.431-0300] {processor.py:840} INFO - DAG(s) 'tutorial_dag' retrieved from /home/facuvega/Descargas/crypto-etl-airflow/airflow-apache/lib/python3.11/site-packages/airflow/example_dags/tutorial_dag.py
[2025-04-27T20:15:19.446-0300] {logging_mixin.py:188} INFO - [2025-04-27T20:15:19.445-0300] {dag.py:3096} INFO - Sync 1 DAGs
[2025-04-27T20:15:19.455-0300] {logging_mixin.py:188} INFO - [2025-04-27T20:15:19.454-0300] {dag.py:3954} INFO - Setting next_dagrun for tutorial_dag to None, run_after=None
[2025-04-27T20:15:19.469-0300] {processor.py:183} INFO - Processing /home/facuvega/Descargas/crypto-etl-airflow/airflow-apache/lib/python3.11/site-packages/airflow/example_dags/tutorial_dag.py took 0.052 seconds
[2025-04-27T20:15:59.525-0300] {processor.py:161} INFO - Started process (PID=11415) to work on /home/facuvega/Descargas/crypto-etl-airflow/airflow-apache/lib/python3.11/site-packages/airflow/example_dags/tutorial_dag.py
[2025-04-27T20:15:59.526-0300] {processor.py:830} INFO - Processing file /home/facuvega/Descargas/crypto-etl-airflow/airflow-apache/lib/python3.11/site-packages/airflow/example_dags/tutorial_dag.py for tasks to queue
[2025-04-27T20:15:59.527-0300] {logging_mixin.py:188} INFO - [2025-04-27T20:15:59.527-0300] {dagbag.py:540} INFO - Filling up the DagBag from /home/facuvega/Descargas/crypto-etl-airflow/airflow-apache/lib/python3.11/site-packages/airflow/example_dags/tutorial_dag.py
[2025-04-27T20:15:59.532-0300] {processor.py:840} INFO - DAG(s) 'tutorial_dag' retrieved from /home/facuvega/Descargas/crypto-etl-airflow/airflow-apache/lib/python3.11/site-packages/airflow/example_dags/tutorial_dag.py
[2025-04-27T20:15:59.545-0300] {logging_mixin.py:188} INFO - [2025-04-27T20:15:59.545-0300] {dag.py:3096} INFO - Sync 1 DAGs
[2025-04-27T20:15:59.553-0300] {logging_mixin.py:188} INFO - [2025-04-27T20:15:59.553-0300] {dag.py:3954} INFO - Setting next_dagrun for tutorial_dag to None, run_after=None
[2025-04-27T20:15:59.569-0300] {processor.py:183} INFO - Processing /home/facuvega/Descargas/crypto-etl-airflow/airflow-apache/lib/python3.11/site-packages/airflow/example_dags/tutorial_dag.py took 0.049 seconds
[2025-04-27T20:16:38.921-0300] {processor.py:161} INFO - Started process (PID=11593) to work on /home/facuvega/Descargas/crypto-etl-airflow/airflow-apache/lib/python3.11/site-packages/airflow/example_dags/tutorial_dag.py
[2025-04-27T20:16:38.922-0300] {processor.py:830} INFO - Processing file /home/facuvega/Descargas/crypto-etl-airflow/airflow-apache/lib/python3.11/site-packages/airflow/example_dags/tutorial_dag.py for tasks to queue
[2025-04-27T20:16:38.924-0300] {logging_mixin.py:188} INFO - [2025-04-27T20:16:38.924-0300] {dagbag.py:540} INFO - Filling up the DagBag from /home/facuvega/Descargas/crypto-etl-airflow/airflow-apache/lib/python3.11/site-packages/airflow/example_dags/tutorial_dag.py
[2025-04-27T20:16:38.930-0300] {processor.py:840} INFO - DAG(s) 'tutorial_dag' retrieved from /home/facuvega/Descargas/crypto-etl-airflow/airflow-apache/lib/python3.11/site-packages/airflow/example_dags/tutorial_dag.py
[2025-04-27T20:16:38.943-0300] {logging_mixin.py:188} INFO - [2025-04-27T20:16:38.943-0300] {dag.py:3096} INFO - Sync 1 DAGs
[2025-04-27T20:16:38.954-0300] {logging_mixin.py:188} INFO - [2025-04-27T20:16:38.954-0300] {dag.py:3954} INFO - Setting next_dagrun for tutorial_dag to None, run_after=None
[2025-04-27T20:16:38.968-0300] {processor.py:183} INFO - Processing /home/facuvega/Descargas/crypto-etl-airflow/airflow-apache/lib/python3.11/site-packages/airflow/example_dags/tutorial_dag.py took 0.052 seconds
[2025-04-27T20:17:22.804-0300] {processor.py:161} INFO - Started process (PID=11790) to work on /home/facuvega/Descargas/crypto-etl-airflow/airflow-apache/lib/python3.11/site-packages/airflow/example_dags/tutorial_dag.py
[2025-04-27T20:17:22.805-0300] {processor.py:830} INFO - Processing file /home/facuvega/Descargas/crypto-etl-airflow/airflow-apache/lib/python3.11/site-packages/airflow/example_dags/tutorial_dag.py for tasks to queue
[2025-04-27T20:17:22.807-0300] {logging_mixin.py:188} INFO - [2025-04-27T20:17:22.806-0300] {dagbag.py:540} INFO - Filling up the DagBag from /home/facuvega/Descargas/crypto-etl-airflow/airflow-apache/lib/python3.11/site-packages/airflow/example_dags/tutorial_dag.py
[2025-04-27T20:17:22.812-0300] {processor.py:840} INFO - DAG(s) 'tutorial_dag' retrieved from /home/facuvega/Descargas/crypto-etl-airflow/airflow-apache/lib/python3.11/site-packages/airflow/example_dags/tutorial_dag.py
[2025-04-27T20:17:22.827-0300] {logging_mixin.py:188} INFO - [2025-04-27T20:17:22.827-0300] {dag.py:3096} INFO - Sync 1 DAGs
[2025-04-27T20:17:22.837-0300] {logging_mixin.py:188} INFO - [2025-04-27T20:17:22.837-0300] {dag.py:3954} INFO - Setting next_dagrun for tutorial_dag to None, run_after=None
[2025-04-27T20:17:22.853-0300] {processor.py:183} INFO - Processing /home/facuvega/Descargas/crypto-etl-airflow/airflow-apache/lib/python3.11/site-packages/airflow/example_dags/tutorial_dag.py took 0.055 seconds
[2025-04-27T20:18:01.933-0300] {processor.py:161} INFO - Started process (PID=12099) to work on /home/facuvega/Descargas/crypto-etl-airflow/airflow-apache/lib/python3.11/site-packages/airflow/example_dags/tutorial_dag.py
[2025-04-27T20:18:01.934-0300] {processor.py:830} INFO - Processing file /home/facuvega/Descargas/crypto-etl-airflow/airflow-apache/lib/python3.11/site-packages/airflow/example_dags/tutorial_dag.py for tasks to queue
[2025-04-27T20:18:01.935-0300] {logging_mixin.py:188} INFO - [2025-04-27T20:18:01.935-0300] {dagbag.py:540} INFO - Filling up the DagBag from /home/facuvega/Descargas/crypto-etl-airflow/airflow-apache/lib/python3.11/site-packages/airflow/example_dags/tutorial_dag.py
[2025-04-27T20:18:01.941-0300] {processor.py:840} INFO - DAG(s) 'tutorial_dag' retrieved from /home/facuvega/Descargas/crypto-etl-airflow/airflow-apache/lib/python3.11/site-packages/airflow/example_dags/tutorial_dag.py
[2025-04-27T20:18:01.957-0300] {logging_mixin.py:188} INFO - [2025-04-27T20:18:01.957-0300] {dag.py:3096} INFO - Sync 1 DAGs
[2025-04-27T20:18:01.969-0300] {logging_mixin.py:188} INFO - [2025-04-27T20:18:01.968-0300] {dag.py:3954} INFO - Setting next_dagrun for tutorial_dag to None, run_after=None
[2025-04-27T20:18:01.988-0300] {processor.py:183} INFO - Processing /home/facuvega/Descargas/crypto-etl-airflow/airflow-apache/lib/python3.11/site-packages/airflow/example_dags/tutorial_dag.py took 0.061 seconds
[2025-04-27T20:18:41.788-0300] {processor.py:161} INFO - Started process (PID=12278) to work on /home/facuvega/Descargas/crypto-etl-airflow/airflow-apache/lib/python3.11/site-packages/airflow/example_dags/tutorial_dag.py
[2025-04-27T20:18:41.789-0300] {processor.py:830} INFO - Processing file /home/facuvega/Descargas/crypto-etl-airflow/airflow-apache/lib/python3.11/site-packages/airflow/example_dags/tutorial_dag.py for tasks to queue
[2025-04-27T20:18:41.791-0300] {logging_mixin.py:188} INFO - [2025-04-27T20:18:41.791-0300] {dagbag.py:540} INFO - Filling up the DagBag from /home/facuvega/Descargas/crypto-etl-airflow/airflow-apache/lib/python3.11/site-packages/airflow/example_dags/tutorial_dag.py
[2025-04-27T20:18:41.797-0300] {processor.py:840} INFO - DAG(s) 'tutorial_dag' retrieved from /home/facuvega/Descargas/crypto-etl-airflow/airflow-apache/lib/python3.11/site-packages/airflow/example_dags/tutorial_dag.py
[2025-04-27T20:18:41.812-0300] {logging_mixin.py:188} INFO - [2025-04-27T20:18:41.812-0300] {dag.py:3096} INFO - Sync 1 DAGs
[2025-04-27T20:18:41.822-0300] {logging_mixin.py:188} INFO - [2025-04-27T20:18:41.822-0300] {dag.py:3954} INFO - Setting next_dagrun for tutorial_dag to None, run_after=None
[2025-04-27T20:18:41.838-0300] {processor.py:183} INFO - Processing /home/facuvega/Descargas/crypto-etl-airflow/airflow-apache/lib/python3.11/site-packages/airflow/example_dags/tutorial_dag.py took 0.055 seconds
[2025-04-27T20:19:21.316-0300] {processor.py:161} INFO - Started process (PID=12456) to work on /home/facuvega/Descargas/crypto-etl-airflow/airflow-apache/lib/python3.11/site-packages/airflow/example_dags/tutorial_dag.py
[2025-04-27T20:19:21.317-0300] {processor.py:830} INFO - Processing file /home/facuvega/Descargas/crypto-etl-airflow/airflow-apache/lib/python3.11/site-packages/airflow/example_dags/tutorial_dag.py for tasks to queue
[2025-04-27T20:19:21.319-0300] {logging_mixin.py:188} INFO - [2025-04-27T20:19:21.319-0300] {dagbag.py:540} INFO - Filling up the DagBag from /home/facuvega/Descargas/crypto-etl-airflow/airflow-apache/lib/python3.11/site-packages/airflow/example_dags/tutorial_dag.py
[2025-04-27T20:19:21.324-0300] {processor.py:840} INFO - DAG(s) 'tutorial_dag' retrieved from /home/facuvega/Descargas/crypto-etl-airflow/airflow-apache/lib/python3.11/site-packages/airflow/example_dags/tutorial_dag.py
[2025-04-27T20:19:21.337-0300] {logging_mixin.py:188} INFO - [2025-04-27T20:19:21.337-0300] {dag.py:3096} INFO - Sync 1 DAGs
[2025-04-27T20:19:21.346-0300] {logging_mixin.py:188} INFO - [2025-04-27T20:19:21.346-0300] {dag.py:3954} INFO - Setting next_dagrun for tutorial_dag to None, run_after=None
[2025-04-27T20:19:21.362-0300] {processor.py:183} INFO - Processing /home/facuvega/Descargas/crypto-etl-airflow/airflow-apache/lib/python3.11/site-packages/airflow/example_dags/tutorial_dag.py took 0.051 seconds
[2025-04-27T20:20:00.492-0300] {processor.py:161} INFO - Started process (PID=12688) to work on /home/facuvega/Descargas/crypto-etl-airflow/airflow-apache/lib/python3.11/site-packages/airflow/example_dags/tutorial_dag.py
[2025-04-27T20:20:00.493-0300] {processor.py:830} INFO - Processing file /home/facuvega/Descargas/crypto-etl-airflow/airflow-apache/lib/python3.11/site-packages/airflow/example_dags/tutorial_dag.py for tasks to queue
[2025-04-27T20:20:00.495-0300] {logging_mixin.py:188} INFO - [2025-04-27T20:20:00.495-0300] {dagbag.py:540} INFO - Filling up the DagBag from /home/facuvega/Descargas/crypto-etl-airflow/airflow-apache/lib/python3.11/site-packages/airflow/example_dags/tutorial_dag.py
[2025-04-27T20:20:00.502-0300] {processor.py:840} INFO - DAG(s) 'tutorial_dag' retrieved from /home/facuvega/Descargas/crypto-etl-airflow/airflow-apache/lib/python3.11/site-packages/airflow/example_dags/tutorial_dag.py
[2025-04-27T20:20:00.517-0300] {logging_mixin.py:188} INFO - [2025-04-27T20:20:00.517-0300] {dag.py:3096} INFO - Sync 1 DAGs
[2025-04-27T20:20:00.528-0300] {logging_mixin.py:188} INFO - [2025-04-27T20:20:00.528-0300] {dag.py:3954} INFO - Setting next_dagrun for tutorial_dag to None, run_after=None
[2025-04-27T20:20:00.545-0300] {processor.py:183} INFO - Processing /home/facuvega/Descargas/crypto-etl-airflow/airflow-apache/lib/python3.11/site-packages/airflow/example_dags/tutorial_dag.py took 0.059 seconds
[2025-04-27T20:20:40.813-0300] {processor.py:161} INFO - Started process (PID=12872) to work on /home/facuvega/Descargas/crypto-etl-airflow/airflow-apache/lib/python3.11/site-packages/airflow/example_dags/tutorial_dag.py
[2025-04-27T20:20:40.814-0300] {processor.py:830} INFO - Processing file /home/facuvega/Descargas/crypto-etl-airflow/airflow-apache/lib/python3.11/site-packages/airflow/example_dags/tutorial_dag.py for tasks to queue
[2025-04-27T20:20:40.816-0300] {logging_mixin.py:188} INFO - [2025-04-27T20:20:40.816-0300] {dagbag.py:540} INFO - Filling up the DagBag from /home/facuvega/Descargas/crypto-etl-airflow/airflow-apache/lib/python3.11/site-packages/airflow/example_dags/tutorial_dag.py
[2025-04-27T20:20:40.823-0300] {processor.py:840} INFO - DAG(s) 'tutorial_dag' retrieved from /home/facuvega/Descargas/crypto-etl-airflow/airflow-apache/lib/python3.11/site-packages/airflow/example_dags/tutorial_dag.py
[2025-04-27T20:20:40.840-0300] {logging_mixin.py:188} INFO - [2025-04-27T20:20:40.840-0300] {dag.py:3096} INFO - Sync 1 DAGs
[2025-04-27T20:20:40.850-0300] {logging_mixin.py:188} INFO - [2025-04-27T20:20:40.850-0300] {dag.py:3954} INFO - Setting next_dagrun for tutorial_dag to None, run_after=None
[2025-04-27T20:20:40.868-0300] {processor.py:183} INFO - Processing /home/facuvega/Descargas/crypto-etl-airflow/airflow-apache/lib/python3.11/site-packages/airflow/example_dags/tutorial_dag.py took 0.061 seconds
[2025-04-27T20:21:19.803-0300] {processor.py:161} INFO - Started process (PID=13049) to work on /home/facuvega/Descargas/crypto-etl-airflow/airflow-apache/lib/python3.11/site-packages/airflow/example_dags/tutorial_dag.py
[2025-04-27T20:21:19.804-0300] {processor.py:830} INFO - Processing file /home/facuvega/Descargas/crypto-etl-airflow/airflow-apache/lib/python3.11/site-packages/airflow/example_dags/tutorial_dag.py for tasks to queue
[2025-04-27T20:21:19.805-0300] {logging_mixin.py:188} INFO - [2025-04-27T20:21:19.805-0300] {dagbag.py:540} INFO - Filling up the DagBag from /home/facuvega/Descargas/crypto-etl-airflow/airflow-apache/lib/python3.11/site-packages/airflow/example_dags/tutorial_dag.py
[2025-04-27T20:21:19.810-0300] {processor.py:840} INFO - DAG(s) 'tutorial_dag' retrieved from /home/facuvega/Descargas/crypto-etl-airflow/airflow-apache/lib/python3.11/site-packages/airflow/example_dags/tutorial_dag.py
[2025-04-27T20:21:19.823-0300] {logging_mixin.py:188} INFO - [2025-04-27T20:21:19.823-0300] {dag.py:3096} INFO - Sync 1 DAGs
[2025-04-27T20:21:19.833-0300] {logging_mixin.py:188} INFO - [2025-04-27T20:21:19.833-0300] {dag.py:3954} INFO - Setting next_dagrun for tutorial_dag to None, run_after=None
[2025-04-27T20:21:19.848-0300] {processor.py:183} INFO - Processing /home/facuvega/Descargas/crypto-etl-airflow/airflow-apache/lib/python3.11/site-packages/airflow/example_dags/tutorial_dag.py took 0.050 seconds
[2025-04-27T20:22:02.052-0300] {processor.py:161} INFO - Started process (PID=13237) to work on /home/facuvega/Descargas/crypto-etl-airflow/airflow-apache/lib/python3.11/site-packages/airflow/example_dags/tutorial_dag.py
[2025-04-27T20:22:02.052-0300] {processor.py:830} INFO - Processing file /home/facuvega/Descargas/crypto-etl-airflow/airflow-apache/lib/python3.11/site-packages/airflow/example_dags/tutorial_dag.py for tasks to queue
[2025-04-27T20:22:02.054-0300] {logging_mixin.py:188} INFO - [2025-04-27T20:22:02.054-0300] {dagbag.py:540} INFO - Filling up the DagBag from /home/facuvega/Descargas/crypto-etl-airflow/airflow-apache/lib/python3.11/site-packages/airflow/example_dags/tutorial_dag.py
[2025-04-27T20:22:02.059-0300] {processor.py:840} INFO - DAG(s) 'tutorial_dag' retrieved from /home/facuvega/Descargas/crypto-etl-airflow/airflow-apache/lib/python3.11/site-packages/airflow/example_dags/tutorial_dag.py
[2025-04-27T20:22:02.073-0300] {logging_mixin.py:188} INFO - [2025-04-27T20:22:02.072-0300] {dag.py:3096} INFO - Sync 1 DAGs
[2025-04-27T20:22:02.083-0300] {logging_mixin.py:188} INFO - [2025-04-27T20:22:02.083-0300] {dag.py:3954} INFO - Setting next_dagrun for tutorial_dag to None, run_after=None
[2025-04-27T20:22:02.101-0300] {processor.py:183} INFO - Processing /home/facuvega/Descargas/crypto-etl-airflow/airflow-apache/lib/python3.11/site-packages/airflow/example_dags/tutorial_dag.py took 0.054 seconds
[2025-04-27T20:22:44.754-0300] {processor.py:161} INFO - Started process (PID=13429) to work on /home/facuvega/Descargas/crypto-etl-airflow/airflow-apache/lib/python3.11/site-packages/airflow/example_dags/tutorial_dag.py
[2025-04-27T20:22:44.755-0300] {processor.py:830} INFO - Processing file /home/facuvega/Descargas/crypto-etl-airflow/airflow-apache/lib/python3.11/site-packages/airflow/example_dags/tutorial_dag.py for tasks to queue
[2025-04-27T20:22:44.756-0300] {logging_mixin.py:188} INFO - [2025-04-27T20:22:44.756-0300] {dagbag.py:540} INFO - Filling up the DagBag from /home/facuvega/Descargas/crypto-etl-airflow/airflow-apache/lib/python3.11/site-packages/airflow/example_dags/tutorial_dag.py
[2025-04-27T20:22:44.761-0300] {processor.py:840} INFO - DAG(s) 'tutorial_dag' retrieved from /home/facuvega/Descargas/crypto-etl-airflow/airflow-apache/lib/python3.11/site-packages/airflow/example_dags/tutorial_dag.py
[2025-04-27T20:22:44.774-0300] {logging_mixin.py:188} INFO - [2025-04-27T20:22:44.774-0300] {dag.py:3096} INFO - Sync 1 DAGs
[2025-04-27T20:22:44.782-0300] {logging_mixin.py:188} INFO - [2025-04-27T20:22:44.782-0300] {dag.py:3954} INFO - Setting next_dagrun for tutorial_dag to None, run_after=None
[2025-04-27T20:22:44.796-0300] {processor.py:183} INFO - Processing /home/facuvega/Descargas/crypto-etl-airflow/airflow-apache/lib/python3.11/site-packages/airflow/example_dags/tutorial_dag.py took 0.048 seconds
[2025-04-27T20:23:28.736-0300] {processor.py:161} INFO - Started process (PID=13619) to work on /home/facuvega/Descargas/crypto-etl-airflow/airflow-apache/lib/python3.11/site-packages/airflow/example_dags/tutorial_dag.py
[2025-04-27T20:23:28.737-0300] {processor.py:830} INFO - Processing file /home/facuvega/Descargas/crypto-etl-airflow/airflow-apache/lib/python3.11/site-packages/airflow/example_dags/tutorial_dag.py for tasks to queue
[2025-04-27T20:23:28.739-0300] {logging_mixin.py:188} INFO - [2025-04-27T20:23:28.739-0300] {dagbag.py:540} INFO - Filling up the DagBag from /home/facuvega/Descargas/crypto-etl-airflow/airflow-apache/lib/python3.11/site-packages/airflow/example_dags/tutorial_dag.py
[2025-04-27T20:23:28.745-0300] {processor.py:840} INFO - DAG(s) 'tutorial_dag' retrieved from /home/facuvega/Descargas/crypto-etl-airflow/airflow-apache/lib/python3.11/site-packages/airflow/example_dags/tutorial_dag.py
[2025-04-27T20:23:28.760-0300] {logging_mixin.py:188} INFO - [2025-04-27T20:23:28.760-0300] {dag.py:3096} INFO - Sync 1 DAGs
[2025-04-27T20:23:28.769-0300] {logging_mixin.py:188} INFO - [2025-04-27T20:23:28.768-0300] {dag.py:3954} INFO - Setting next_dagrun for tutorial_dag to None, run_after=None
[2025-04-27T20:23:28.785-0300] {processor.py:183} INFO - Processing /home/facuvega/Descargas/crypto-etl-airflow/airflow-apache/lib/python3.11/site-packages/airflow/example_dags/tutorial_dag.py took 0.056 seconds
[2025-04-27T20:24:06.598-0300] {processor.py:161} INFO - Started process (PID=13789) to work on /home/facuvega/Descargas/crypto-etl-airflow/airflow-apache/lib/python3.11/site-packages/airflow/example_dags/tutorial_dag.py
[2025-04-27T20:24:06.599-0300] {processor.py:830} INFO - Processing file /home/facuvega/Descargas/crypto-etl-airflow/airflow-apache/lib/python3.11/site-packages/airflow/example_dags/tutorial_dag.py for tasks to queue
[2025-04-27T20:24:06.601-0300] {logging_mixin.py:188} INFO - [2025-04-27T20:24:06.600-0300] {dagbag.py:540} INFO - Filling up the DagBag from /home/facuvega/Descargas/crypto-etl-airflow/airflow-apache/lib/python3.11/site-packages/airflow/example_dags/tutorial_dag.py
[2025-04-27T20:24:06.605-0300] {processor.py:840} INFO - DAG(s) 'tutorial_dag' retrieved from /home/facuvega/Descargas/crypto-etl-airflow/airflow-apache/lib/python3.11/site-packages/airflow/example_dags/tutorial_dag.py
[2025-04-27T20:24:06.617-0300] {logging_mixin.py:188} INFO - [2025-04-27T20:24:06.617-0300] {dag.py:3096} INFO - Sync 1 DAGs
[2025-04-27T20:24:06.626-0300] {logging_mixin.py:188} INFO - [2025-04-27T20:24:06.626-0300] {dag.py:3954} INFO - Setting next_dagrun for tutorial_dag to None, run_after=None
[2025-04-27T20:24:06.639-0300] {processor.py:183} INFO - Processing /home/facuvega/Descargas/crypto-etl-airflow/airflow-apache/lib/python3.11/site-packages/airflow/example_dags/tutorial_dag.py took 0.046 seconds
[2025-04-27T20:24:44.131-0300] {processor.py:161} INFO - Started process (PID=13996) to work on /home/facuvega/Descargas/crypto-etl-airflow/airflow-apache/lib/python3.11/site-packages/airflow/example_dags/tutorial_dag.py
[2025-04-27T20:24:44.132-0300] {processor.py:830} INFO - Processing file /home/facuvega/Descargas/crypto-etl-airflow/airflow-apache/lib/python3.11/site-packages/airflow/example_dags/tutorial_dag.py for tasks to queue
[2025-04-27T20:24:44.134-0300] {logging_mixin.py:188} INFO - [2025-04-27T20:24:44.134-0300] {dagbag.py:540} INFO - Filling up the DagBag from /home/facuvega/Descargas/crypto-etl-airflow/airflow-apache/lib/python3.11/site-packages/airflow/example_dags/tutorial_dag.py
[2025-04-27T20:24:44.138-0300] {processor.py:840} INFO - DAG(s) 'tutorial_dag' retrieved from /home/facuvega/Descargas/crypto-etl-airflow/airflow-apache/lib/python3.11/site-packages/airflow/example_dags/tutorial_dag.py
[2025-04-27T20:24:44.151-0300] {logging_mixin.py:188} INFO - [2025-04-27T20:24:44.151-0300] {dag.py:3096} INFO - Sync 1 DAGs
[2025-04-27T20:24:44.159-0300] {logging_mixin.py:188} INFO - [2025-04-27T20:24:44.159-0300] {dag.py:3954} INFO - Setting next_dagrun for tutorial_dag to None, run_after=None
[2025-04-27T20:24:44.174-0300] {processor.py:183} INFO - Processing /home/facuvega/Descargas/crypto-etl-airflow/airflow-apache/lib/python3.11/site-packages/airflow/example_dags/tutorial_dag.py took 0.048 seconds
[2025-04-27T20:25:22.894-0300] {processor.py:161} INFO - Started process (PID=14172) to work on /home/facuvega/Descargas/crypto-etl-airflow/airflow-apache/lib/python3.11/site-packages/airflow/example_dags/tutorial_dag.py
[2025-04-27T20:25:22.895-0300] {processor.py:830} INFO - Processing file /home/facuvega/Descargas/crypto-etl-airflow/airflow-apache/lib/python3.11/site-packages/airflow/example_dags/tutorial_dag.py for tasks to queue
[2025-04-27T20:25:22.897-0300] {logging_mixin.py:188} INFO - [2025-04-27T20:25:22.896-0300] {dagbag.py:540} INFO - Filling up the DagBag from /home/facuvega/Descargas/crypto-etl-airflow/airflow-apache/lib/python3.11/site-packages/airflow/example_dags/tutorial_dag.py
[2025-04-27T20:25:22.904-0300] {processor.py:840} INFO - DAG(s) 'tutorial_dag' retrieved from /home/facuvega/Descargas/crypto-etl-airflow/airflow-apache/lib/python3.11/site-packages/airflow/example_dags/tutorial_dag.py
[2025-04-27T20:25:22.919-0300] {logging_mixin.py:188} INFO - [2025-04-27T20:25:22.919-0300] {dag.py:3096} INFO - Sync 1 DAGs
[2025-04-27T20:25:22.931-0300] {logging_mixin.py:188} INFO - [2025-04-27T20:25:22.930-0300] {dag.py:3954} INFO - Setting next_dagrun for tutorial_dag to None, run_after=None
[2025-04-27T20:25:22.953-0300] {processor.py:183} INFO - Processing /home/facuvega/Descargas/crypto-etl-airflow/airflow-apache/lib/python3.11/site-packages/airflow/example_dags/tutorial_dag.py took 0.065 seconds
[2025-04-27T20:26:06.737-0300] {processor.py:161} INFO - Started process (PID=14365) to work on /home/facuvega/Descargas/crypto-etl-airflow/airflow-apache/lib/python3.11/site-packages/airflow/example_dags/tutorial_dag.py
[2025-04-27T20:26:06.738-0300] {processor.py:830} INFO - Processing file /home/facuvega/Descargas/crypto-etl-airflow/airflow-apache/lib/python3.11/site-packages/airflow/example_dags/tutorial_dag.py for tasks to queue
[2025-04-27T20:26:06.740-0300] {logging_mixin.py:188} INFO - [2025-04-27T20:26:06.739-0300] {dagbag.py:540} INFO - Filling up the DagBag from /home/facuvega/Descargas/crypto-etl-airflow/airflow-apache/lib/python3.11/site-packages/airflow/example_dags/tutorial_dag.py
[2025-04-27T20:26:06.747-0300] {processor.py:840} INFO - DAG(s) 'tutorial_dag' retrieved from /home/facuvega/Descargas/crypto-etl-airflow/airflow-apache/lib/python3.11/site-packages/airflow/example_dags/tutorial_dag.py
[2025-04-27T20:26:06.768-0300] {logging_mixin.py:188} INFO - [2025-04-27T20:26:06.767-0300] {dag.py:3096} INFO - Sync 1 DAGs
[2025-04-27T20:26:06.777-0300] {logging_mixin.py:188} INFO - [2025-04-27T20:26:06.777-0300] {dag.py:3954} INFO - Setting next_dagrun for tutorial_dag to None, run_after=None
[2025-04-27T20:26:06.794-0300] {processor.py:183} INFO - Processing /home/facuvega/Descargas/crypto-etl-airflow/airflow-apache/lib/python3.11/site-packages/airflow/example_dags/tutorial_dag.py took 0.063 seconds
[2025-04-27T20:26:47.912-0300] {processor.py:161} INFO - Started process (PID=14574) to work on /home/facuvega/Descargas/crypto-etl-airflow/airflow-apache/lib/python3.11/site-packages/airflow/example_dags/tutorial_dag.py
[2025-04-27T20:26:47.913-0300] {processor.py:830} INFO - Processing file /home/facuvega/Descargas/crypto-etl-airflow/airflow-apache/lib/python3.11/site-packages/airflow/example_dags/tutorial_dag.py for tasks to queue
[2025-04-27T20:26:47.914-0300] {logging_mixin.py:188} INFO - [2025-04-27T20:26:47.914-0300] {dagbag.py:540} INFO - Filling up the DagBag from /home/facuvega/Descargas/crypto-etl-airflow/airflow-apache/lib/python3.11/site-packages/airflow/example_dags/tutorial_dag.py
[2025-04-27T20:26:47.919-0300] {processor.py:840} INFO - DAG(s) 'tutorial_dag' retrieved from /home/facuvega/Descargas/crypto-etl-airflow/airflow-apache/lib/python3.11/site-packages/airflow/example_dags/tutorial_dag.py
[2025-04-27T20:26:47.933-0300] {logging_mixin.py:188} INFO - [2025-04-27T20:26:47.932-0300] {dag.py:3096} INFO - Sync 1 DAGs
[2025-04-27T20:26:47.941-0300] {logging_mixin.py:188} INFO - [2025-04-27T20:26:47.941-0300] {dag.py:3954} INFO - Setting next_dagrun for tutorial_dag to None, run_after=None
[2025-04-27T20:26:47.953-0300] {processor.py:183} INFO - Processing /home/facuvega/Descargas/crypto-etl-airflow/airflow-apache/lib/python3.11/site-packages/airflow/example_dags/tutorial_dag.py took 0.046 seconds
[2025-04-27T20:27:27.567-0300] {processor.py:161} INFO - Started process (PID=14751) to work on /home/facuvega/Descargas/crypto-etl-airflow/airflow-apache/lib/python3.11/site-packages/airflow/example_dags/tutorial_dag.py
[2025-04-27T20:27:27.568-0300] {processor.py:830} INFO - Processing file /home/facuvega/Descargas/crypto-etl-airflow/airflow-apache/lib/python3.11/site-packages/airflow/example_dags/tutorial_dag.py for tasks to queue
[2025-04-27T20:27:27.570-0300] {logging_mixin.py:188} INFO - [2025-04-27T20:27:27.570-0300] {dagbag.py:540} INFO - Filling up the DagBag from /home/facuvega/Descargas/crypto-etl-airflow/airflow-apache/lib/python3.11/site-packages/airflow/example_dags/tutorial_dag.py
[2025-04-27T20:27:27.575-0300] {processor.py:840} INFO - DAG(s) 'tutorial_dag' retrieved from /home/facuvega/Descargas/crypto-etl-airflow/airflow-apache/lib/python3.11/site-packages/airflow/example_dags/tutorial_dag.py
[2025-04-27T20:27:27.589-0300] {logging_mixin.py:188} INFO - [2025-04-27T20:27:27.589-0300] {dag.py:3096} INFO - Sync 1 DAGs
[2025-04-27T20:27:27.599-0300] {logging_mixin.py:188} INFO - [2025-04-27T20:27:27.598-0300] {dag.py:3954} INFO - Setting next_dagrun for tutorial_dag to None, run_after=None
[2025-04-27T20:27:27.612-0300] {processor.py:183} INFO - Processing /home/facuvega/Descargas/crypto-etl-airflow/airflow-apache/lib/python3.11/site-packages/airflow/example_dags/tutorial_dag.py took 0.050 seconds
[2025-04-27T20:28:06.071-0300] {processor.py:161} INFO - Started process (PID=14926) to work on /home/facuvega/Descargas/crypto-etl-airflow/airflow-apache/lib/python3.11/site-packages/airflow/example_dags/tutorial_dag.py
[2025-04-27T20:28:06.072-0300] {processor.py:830} INFO - Processing file /home/facuvega/Descargas/crypto-etl-airflow/airflow-apache/lib/python3.11/site-packages/airflow/example_dags/tutorial_dag.py for tasks to queue
[2025-04-27T20:28:06.074-0300] {logging_mixin.py:188} INFO - [2025-04-27T20:28:06.073-0300] {dagbag.py:540} INFO - Filling up the DagBag from /home/facuvega/Descargas/crypto-etl-airflow/airflow-apache/lib/python3.11/site-packages/airflow/example_dags/tutorial_dag.py
[2025-04-27T20:28:06.080-0300] {processor.py:840} INFO - DAG(s) 'tutorial_dag' retrieved from /home/facuvega/Descargas/crypto-etl-airflow/airflow-apache/lib/python3.11/site-packages/airflow/example_dags/tutorial_dag.py
[2025-04-27T20:28:06.095-0300] {logging_mixin.py:188} INFO - [2025-04-27T20:28:06.095-0300] {dag.py:3096} INFO - Sync 1 DAGs
[2025-04-27T20:28:06.105-0300] {logging_mixin.py:188} INFO - [2025-04-27T20:28:06.105-0300] {dag.py:3954} INFO - Setting next_dagrun for tutorial_dag to None, run_after=None
[2025-04-27T20:28:06.121-0300] {processor.py:183} INFO - Processing /home/facuvega/Descargas/crypto-etl-airflow/airflow-apache/lib/python3.11/site-packages/airflow/example_dags/tutorial_dag.py took 0.056 seconds
[2025-04-27T20:28:48.756-0300] {processor.py:161} INFO - Started process (PID=15122) to work on /home/facuvega/Descargas/crypto-etl-airflow/airflow-apache/lib/python3.11/site-packages/airflow/example_dags/tutorial_dag.py
[2025-04-27T20:28:48.757-0300] {processor.py:830} INFO - Processing file /home/facuvega/Descargas/crypto-etl-airflow/airflow-apache/lib/python3.11/site-packages/airflow/example_dags/tutorial_dag.py for tasks to queue
[2025-04-27T20:28:48.758-0300] {logging_mixin.py:188} INFO - [2025-04-27T20:28:48.758-0300] {dagbag.py:540} INFO - Filling up the DagBag from /home/facuvega/Descargas/crypto-etl-airflow/airflow-apache/lib/python3.11/site-packages/airflow/example_dags/tutorial_dag.py
[2025-04-27T20:28:48.764-0300] {processor.py:840} INFO - DAG(s) 'tutorial_dag' retrieved from /home/facuvega/Descargas/crypto-etl-airflow/airflow-apache/lib/python3.11/site-packages/airflow/example_dags/tutorial_dag.py
[2025-04-27T20:28:48.776-0300] {logging_mixin.py:188} INFO - [2025-04-27T20:28:48.776-0300] {dag.py:3096} INFO - Sync 1 DAGs
[2025-04-27T20:28:48.786-0300] {logging_mixin.py:188} INFO - [2025-04-27T20:28:48.786-0300] {dag.py:3954} INFO - Setting next_dagrun for tutorial_dag to None, run_after=None
[2025-04-27T20:28:48.802-0300] {processor.py:183} INFO - Processing /home/facuvega/Descargas/crypto-etl-airflow/airflow-apache/lib/python3.11/site-packages/airflow/example_dags/tutorial_dag.py took 0.051 seconds
[2025-04-27T20:29:30.443-0300] {processor.py:161} INFO - Started process (PID=15314) to work on /home/facuvega/Descargas/crypto-etl-airflow/airflow-apache/lib/python3.11/site-packages/airflow/example_dags/tutorial_dag.py
[2025-04-27T20:29:30.444-0300] {processor.py:830} INFO - Processing file /home/facuvega/Descargas/crypto-etl-airflow/airflow-apache/lib/python3.11/site-packages/airflow/example_dags/tutorial_dag.py for tasks to queue
[2025-04-27T20:29:30.446-0300] {logging_mixin.py:188} INFO - [2025-04-27T20:29:30.446-0300] {dagbag.py:540} INFO - Filling up the DagBag from /home/facuvega/Descargas/crypto-etl-airflow/airflow-apache/lib/python3.11/site-packages/airflow/example_dags/tutorial_dag.py
[2025-04-27T20:29:30.451-0300] {processor.py:840} INFO - DAG(s) 'tutorial_dag' retrieved from /home/facuvega/Descargas/crypto-etl-airflow/airflow-apache/lib/python3.11/site-packages/airflow/example_dags/tutorial_dag.py
[2025-04-27T20:29:30.464-0300] {logging_mixin.py:188} INFO - [2025-04-27T20:29:30.463-0300] {dag.py:3096} INFO - Sync 1 DAGs
[2025-04-27T20:29:30.472-0300] {logging_mixin.py:188} INFO - [2025-04-27T20:29:30.471-0300] {dag.py:3954} INFO - Setting next_dagrun for tutorial_dag to None, run_after=None
[2025-04-27T20:29:30.485-0300] {processor.py:183} INFO - Processing /home/facuvega/Descargas/crypto-etl-airflow/airflow-apache/lib/python3.11/site-packages/airflow/example_dags/tutorial_dag.py took 0.046 seconds
[2025-04-27T20:30:08.721-0300] {processor.py:161} INFO - Started process (PID=15523) to work on /home/facuvega/Descargas/crypto-etl-airflow/airflow-apache/lib/python3.11/site-packages/airflow/example_dags/tutorial_dag.py
[2025-04-27T20:30:08.722-0300] {processor.py:830} INFO - Processing file /home/facuvega/Descargas/crypto-etl-airflow/airflow-apache/lib/python3.11/site-packages/airflow/example_dags/tutorial_dag.py for tasks to queue
[2025-04-27T20:30:08.724-0300] {logging_mixin.py:188} INFO - [2025-04-27T20:30:08.724-0300] {dagbag.py:540} INFO - Filling up the DagBag from /home/facuvega/Descargas/crypto-etl-airflow/airflow-apache/lib/python3.11/site-packages/airflow/example_dags/tutorial_dag.py
[2025-04-27T20:30:08.729-0300] {processor.py:840} INFO - DAG(s) 'tutorial_dag' retrieved from /home/facuvega/Descargas/crypto-etl-airflow/airflow-apache/lib/python3.11/site-packages/airflow/example_dags/tutorial_dag.py
[2025-04-27T20:30:08.742-0300] {logging_mixin.py:188} INFO - [2025-04-27T20:30:08.742-0300] {dag.py:3096} INFO - Sync 1 DAGs
[2025-04-27T20:30:08.751-0300] {logging_mixin.py:188} INFO - [2025-04-27T20:30:08.751-0300] {dag.py:3954} INFO - Setting next_dagrun for tutorial_dag to None, run_after=None
[2025-04-27T20:30:08.764-0300] {processor.py:183} INFO - Processing /home/facuvega/Descargas/crypto-etl-airflow/airflow-apache/lib/python3.11/site-packages/airflow/example_dags/tutorial_dag.py took 0.048 seconds
[2025-04-27T20:30:48.694-0300] {processor.py:161} INFO - Started process (PID=15696) to work on /home/facuvega/Descargas/crypto-etl-airflow/airflow-apache/lib/python3.11/site-packages/airflow/example_dags/tutorial_dag.py
[2025-04-27T20:30:48.695-0300] {processor.py:830} INFO - Processing file /home/facuvega/Descargas/crypto-etl-airflow/airflow-apache/lib/python3.11/site-packages/airflow/example_dags/tutorial_dag.py for tasks to queue
[2025-04-27T20:30:48.697-0300] {logging_mixin.py:188} INFO - [2025-04-27T20:30:48.696-0300] {dagbag.py:540} INFO - Filling up the DagBag from /home/facuvega/Descargas/crypto-etl-airflow/airflow-apache/lib/python3.11/site-packages/airflow/example_dags/tutorial_dag.py
[2025-04-27T20:30:48.702-0300] {processor.py:840} INFO - DAG(s) 'tutorial_dag' retrieved from /home/facuvega/Descargas/crypto-etl-airflow/airflow-apache/lib/python3.11/site-packages/airflow/example_dags/tutorial_dag.py
[2025-04-27T20:30:48.716-0300] {logging_mixin.py:188} INFO - [2025-04-27T20:30:48.716-0300] {dag.py:3096} INFO - Sync 1 DAGs
[2025-04-27T20:30:48.724-0300] {logging_mixin.py:188} INFO - [2025-04-27T20:30:48.724-0300] {dag.py:3954} INFO - Setting next_dagrun for tutorial_dag to None, run_after=None
[2025-04-27T20:30:48.740-0300] {processor.py:183} INFO - Processing /home/facuvega/Descargas/crypto-etl-airflow/airflow-apache/lib/python3.11/site-packages/airflow/example_dags/tutorial_dag.py took 0.051 seconds
[2025-04-27T20:31:28.413-0300] {processor.py:161} INFO - Started process (PID=15880) to work on /home/facuvega/Descargas/crypto-etl-airflow/airflow-apache/lib/python3.11/site-packages/airflow/example_dags/tutorial_dag.py
[2025-04-27T20:31:28.414-0300] {processor.py:830} INFO - Processing file /home/facuvega/Descargas/crypto-etl-airflow/airflow-apache/lib/python3.11/site-packages/airflow/example_dags/tutorial_dag.py for tasks to queue
[2025-04-27T20:31:28.415-0300] {logging_mixin.py:188} INFO - [2025-04-27T20:31:28.415-0300] {dagbag.py:540} INFO - Filling up the DagBag from /home/facuvega/Descargas/crypto-etl-airflow/airflow-apache/lib/python3.11/site-packages/airflow/example_dags/tutorial_dag.py
[2025-04-27T20:31:28.420-0300] {processor.py:840} INFO - DAG(s) 'tutorial_dag' retrieved from /home/facuvega/Descargas/crypto-etl-airflow/airflow-apache/lib/python3.11/site-packages/airflow/example_dags/tutorial_dag.py
[2025-04-27T20:31:28.433-0300] {logging_mixin.py:188} INFO - [2025-04-27T20:31:28.432-0300] {dag.py:3096} INFO - Sync 1 DAGs
[2025-04-27T20:31:28.441-0300] {logging_mixin.py:188} INFO - [2025-04-27T20:31:28.441-0300] {dag.py:3954} INFO - Setting next_dagrun for tutorial_dag to None, run_after=None
[2025-04-27T20:31:28.455-0300] {processor.py:183} INFO - Processing /home/facuvega/Descargas/crypto-etl-airflow/airflow-apache/lib/python3.11/site-packages/airflow/example_dags/tutorial_dag.py took 0.047 seconds
[2025-04-27T20:32:05.559-0300] {processor.py:161} INFO - Started process (PID=16044) to work on /home/facuvega/Descargas/crypto-etl-airflow/airflow-apache/lib/python3.11/site-packages/airflow/example_dags/tutorial_dag.py
[2025-04-27T20:32:05.560-0300] {processor.py:830} INFO - Processing file /home/facuvega/Descargas/crypto-etl-airflow/airflow-apache/lib/python3.11/site-packages/airflow/example_dags/tutorial_dag.py for tasks to queue
[2025-04-27T20:32:05.561-0300] {logging_mixin.py:188} INFO - [2025-04-27T20:32:05.561-0300] {dagbag.py:540} INFO - Filling up the DagBag from /home/facuvega/Descargas/crypto-etl-airflow/airflow-apache/lib/python3.11/site-packages/airflow/example_dags/tutorial_dag.py
[2025-04-27T20:32:05.567-0300] {processor.py:840} INFO - DAG(s) 'tutorial_dag' retrieved from /home/facuvega/Descargas/crypto-etl-airflow/airflow-apache/lib/python3.11/site-packages/airflow/example_dags/tutorial_dag.py
[2025-04-27T20:32:05.580-0300] {logging_mixin.py:188} INFO - [2025-04-27T20:32:05.580-0300] {dag.py:3096} INFO - Sync 1 DAGs
[2025-04-27T20:32:05.589-0300] {logging_mixin.py:188} INFO - [2025-04-27T20:32:05.588-0300] {dag.py:3954} INFO - Setting next_dagrun for tutorial_dag to None, run_after=None
[2025-04-27T20:32:05.605-0300] {processor.py:183} INFO - Processing /home/facuvega/Descargas/crypto-etl-airflow/airflow-apache/lib/python3.11/site-packages/airflow/example_dags/tutorial_dag.py took 0.050 seconds
[2025-04-27T20:32:47.186-0300] {processor.py:161} INFO - Started process (PID=16234) to work on /home/facuvega/Descargas/crypto-etl-airflow/airflow-apache/lib/python3.11/site-packages/airflow/example_dags/tutorial_dag.py
[2025-04-27T20:32:47.187-0300] {processor.py:830} INFO - Processing file /home/facuvega/Descargas/crypto-etl-airflow/airflow-apache/lib/python3.11/site-packages/airflow/example_dags/tutorial_dag.py for tasks to queue
[2025-04-27T20:32:47.189-0300] {logging_mixin.py:188} INFO - [2025-04-27T20:32:47.188-0300] {dagbag.py:540} INFO - Filling up the DagBag from /home/facuvega/Descargas/crypto-etl-airflow/airflow-apache/lib/python3.11/site-packages/airflow/example_dags/tutorial_dag.py
[2025-04-27T20:32:47.194-0300] {processor.py:840} INFO - DAG(s) 'tutorial_dag' retrieved from /home/facuvega/Descargas/crypto-etl-airflow/airflow-apache/lib/python3.11/site-packages/airflow/example_dags/tutorial_dag.py
[2025-04-27T20:32:47.209-0300] {logging_mixin.py:188} INFO - [2025-04-27T20:32:47.208-0300] {dag.py:3096} INFO - Sync 1 DAGs
[2025-04-27T20:32:47.219-0300] {logging_mixin.py:188} INFO - [2025-04-27T20:32:47.219-0300] {dag.py:3954} INFO - Setting next_dagrun for tutorial_dag to None, run_after=None
[2025-04-27T20:32:47.234-0300] {processor.py:183} INFO - Processing /home/facuvega/Descargas/crypto-etl-airflow/airflow-apache/lib/python3.11/site-packages/airflow/example_dags/tutorial_dag.py took 0.053 seconds
[2025-04-27T20:33:30.842-0300] {processor.py:161} INFO - Started process (PID=16591) to work on /home/facuvega/Descargas/crypto-etl-airflow/airflow-apache/lib/python3.11/site-packages/airflow/example_dags/tutorial_dag.py
[2025-04-27T20:33:30.843-0300] {processor.py:830} INFO - Processing file /home/facuvega/Descargas/crypto-etl-airflow/airflow-apache/lib/python3.11/site-packages/airflow/example_dags/tutorial_dag.py for tasks to queue
[2025-04-27T20:33:30.844-0300] {logging_mixin.py:188} INFO - [2025-04-27T20:33:30.844-0300] {dagbag.py:540} INFO - Filling up the DagBag from /home/facuvega/Descargas/crypto-etl-airflow/airflow-apache/lib/python3.11/site-packages/airflow/example_dags/tutorial_dag.py
[2025-04-27T20:33:30.849-0300] {processor.py:840} INFO - DAG(s) 'tutorial_dag' retrieved from /home/facuvega/Descargas/crypto-etl-airflow/airflow-apache/lib/python3.11/site-packages/airflow/example_dags/tutorial_dag.py
[2025-04-27T20:33:30.861-0300] {logging_mixin.py:188} INFO - [2025-04-27T20:33:30.861-0300] {dag.py:3096} INFO - Sync 1 DAGs
[2025-04-27T20:33:30.873-0300] {logging_mixin.py:188} INFO - [2025-04-27T20:33:30.872-0300] {dag.py:3954} INFO - Setting next_dagrun for tutorial_dag to None, run_after=None
[2025-04-27T20:33:30.889-0300] {processor.py:183} INFO - Processing /home/facuvega/Descargas/crypto-etl-airflow/airflow-apache/lib/python3.11/site-packages/airflow/example_dags/tutorial_dag.py took 0.052 seconds
[2025-04-27T20:34:14.055-0300] {processor.py:161} INFO - Started process (PID=16795) to work on /home/facuvega/Descargas/crypto-etl-airflow/airflow-apache/lib/python3.11/site-packages/airflow/example_dags/tutorial_dag.py
[2025-04-27T20:34:14.056-0300] {processor.py:830} INFO - Processing file /home/facuvega/Descargas/crypto-etl-airflow/airflow-apache/lib/python3.11/site-packages/airflow/example_dags/tutorial_dag.py for tasks to queue
[2025-04-27T20:34:14.057-0300] {logging_mixin.py:188} INFO - [2025-04-27T20:34:14.057-0300] {dagbag.py:540} INFO - Filling up the DagBag from /home/facuvega/Descargas/crypto-etl-airflow/airflow-apache/lib/python3.11/site-packages/airflow/example_dags/tutorial_dag.py
[2025-04-27T20:34:14.063-0300] {processor.py:840} INFO - DAG(s) 'tutorial_dag' retrieved from /home/facuvega/Descargas/crypto-etl-airflow/airflow-apache/lib/python3.11/site-packages/airflow/example_dags/tutorial_dag.py
[2025-04-27T20:34:14.078-0300] {logging_mixin.py:188} INFO - [2025-04-27T20:34:14.078-0300] {dag.py:3096} INFO - Sync 1 DAGs
[2025-04-27T20:34:14.088-0300] {logging_mixin.py:188} INFO - [2025-04-27T20:34:14.088-0300] {dag.py:3954} INFO - Setting next_dagrun for tutorial_dag to None, run_after=None
[2025-04-27T20:34:14.102-0300] {processor.py:183} INFO - Processing /home/facuvega/Descargas/crypto-etl-airflow/airflow-apache/lib/python3.11/site-packages/airflow/example_dags/tutorial_dag.py took 0.052 seconds
[2025-04-27T20:34:56.240-0300] {processor.py:161} INFO - Started process (PID=17036) to work on /home/facuvega/Descargas/crypto-etl-airflow/airflow-apache/lib/python3.11/site-packages/airflow/example_dags/tutorial_dag.py
[2025-04-27T20:34:56.241-0300] {processor.py:830} INFO - Processing file /home/facuvega/Descargas/crypto-etl-airflow/airflow-apache/lib/python3.11/site-packages/airflow/example_dags/tutorial_dag.py for tasks to queue
[2025-04-27T20:34:56.243-0300] {logging_mixin.py:188} INFO - [2025-04-27T20:34:56.243-0300] {dagbag.py:540} INFO - Filling up the DagBag from /home/facuvega/Descargas/crypto-etl-airflow/airflow-apache/lib/python3.11/site-packages/airflow/example_dags/tutorial_dag.py
[2025-04-27T20:34:56.250-0300] {processor.py:840} INFO - DAG(s) 'tutorial_dag' retrieved from /home/facuvega/Descargas/crypto-etl-airflow/airflow-apache/lib/python3.11/site-packages/airflow/example_dags/tutorial_dag.py
[2025-04-27T20:34:56.268-0300] {logging_mixin.py:188} INFO - [2025-04-27T20:34:56.268-0300] {dag.py:3096} INFO - Sync 1 DAGs
[2025-04-27T20:34:56.279-0300] {logging_mixin.py:188} INFO - [2025-04-27T20:34:56.279-0300] {dag.py:3954} INFO - Setting next_dagrun for tutorial_dag to None, run_after=None
[2025-04-27T20:34:56.295-0300] {processor.py:183} INFO - Processing /home/facuvega/Descargas/crypto-etl-airflow/airflow-apache/lib/python3.11/site-packages/airflow/example_dags/tutorial_dag.py took 0.060 seconds
[2025-04-27T20:35:40.799-0300] {processor.py:161} INFO - Started process (PID=17237) to work on /home/facuvega/Descargas/crypto-etl-airflow/airflow-apache/lib/python3.11/site-packages/airflow/example_dags/tutorial_dag.py
[2025-04-27T20:35:40.800-0300] {processor.py:830} INFO - Processing file /home/facuvega/Descargas/crypto-etl-airflow/airflow-apache/lib/python3.11/site-packages/airflow/example_dags/tutorial_dag.py for tasks to queue
[2025-04-27T20:35:40.801-0300] {logging_mixin.py:188} INFO - [2025-04-27T20:35:40.801-0300] {dagbag.py:540} INFO - Filling up the DagBag from /home/facuvega/Descargas/crypto-etl-airflow/airflow-apache/lib/python3.11/site-packages/airflow/example_dags/tutorial_dag.py
[2025-04-27T20:35:40.808-0300] {processor.py:840} INFO - DAG(s) 'tutorial_dag' retrieved from /home/facuvega/Descargas/crypto-etl-airflow/airflow-apache/lib/python3.11/site-packages/airflow/example_dags/tutorial_dag.py
[2025-04-27T20:35:40.823-0300] {logging_mixin.py:188} INFO - [2025-04-27T20:35:40.822-0300] {dag.py:3096} INFO - Sync 1 DAGs
[2025-04-27T20:35:40.832-0300] {logging_mixin.py:188} INFO - [2025-04-27T20:35:40.832-0300] {dag.py:3954} INFO - Setting next_dagrun for tutorial_dag to None, run_after=None
[2025-04-27T20:35:40.846-0300] {processor.py:183} INFO - Processing /home/facuvega/Descargas/crypto-etl-airflow/airflow-apache/lib/python3.11/site-packages/airflow/example_dags/tutorial_dag.py took 0.053 seconds
[2025-04-27T20:36:19.777-0300] {processor.py:161} INFO - Started process (PID=17420) to work on /home/facuvega/Descargas/crypto-etl-airflow/airflow-apache/lib/python3.11/site-packages/airflow/example_dags/tutorial_dag.py
[2025-04-27T20:36:19.778-0300] {processor.py:830} INFO - Processing file /home/facuvega/Descargas/crypto-etl-airflow/airflow-apache/lib/python3.11/site-packages/airflow/example_dags/tutorial_dag.py for tasks to queue
[2025-04-27T20:36:19.779-0300] {logging_mixin.py:188} INFO - [2025-04-27T20:36:19.779-0300] {dagbag.py:540} INFO - Filling up the DagBag from /home/facuvega/Descargas/crypto-etl-airflow/airflow-apache/lib/python3.11/site-packages/airflow/example_dags/tutorial_dag.py
[2025-04-27T20:36:19.784-0300] {processor.py:840} INFO - DAG(s) 'tutorial_dag' retrieved from /home/facuvega/Descargas/crypto-etl-airflow/airflow-apache/lib/python3.11/site-packages/airflow/example_dags/tutorial_dag.py
[2025-04-27T20:36:19.797-0300] {logging_mixin.py:188} INFO - [2025-04-27T20:36:19.797-0300] {dag.py:3096} INFO - Sync 1 DAGs
[2025-04-27T20:36:19.809-0300] {logging_mixin.py:188} INFO - [2025-04-27T20:36:19.808-0300] {dag.py:3954} INFO - Setting next_dagrun for tutorial_dag to None, run_after=None
[2025-04-27T20:36:19.823-0300] {processor.py:183} INFO - Processing /home/facuvega/Descargas/crypto-etl-airflow/airflow-apache/lib/python3.11/site-packages/airflow/example_dags/tutorial_dag.py took 0.051 seconds
[2025-04-27T20:36:58.073-0300] {processor.py:161} INFO - Started process (PID=17585) to work on /home/facuvega/Descargas/crypto-etl-airflow/airflow-apache/lib/python3.11/site-packages/airflow/example_dags/tutorial_dag.py
[2025-04-27T20:36:58.074-0300] {processor.py:830} INFO - Processing file /home/facuvega/Descargas/crypto-etl-airflow/airflow-apache/lib/python3.11/site-packages/airflow/example_dags/tutorial_dag.py for tasks to queue
[2025-04-27T20:36:58.076-0300] {logging_mixin.py:188} INFO - [2025-04-27T20:36:58.076-0300] {dagbag.py:540} INFO - Filling up the DagBag from /home/facuvega/Descargas/crypto-etl-airflow/airflow-apache/lib/python3.11/site-packages/airflow/example_dags/tutorial_dag.py
[2025-04-27T20:36:58.081-0300] {processor.py:840} INFO - DAG(s) 'tutorial_dag' retrieved from /home/facuvega/Descargas/crypto-etl-airflow/airflow-apache/lib/python3.11/site-packages/airflow/example_dags/tutorial_dag.py
[2025-04-27T20:36:58.096-0300] {logging_mixin.py:188} INFO - [2025-04-27T20:36:58.096-0300] {dag.py:3096} INFO - Sync 1 DAGs
[2025-04-27T20:36:58.106-0300] {logging_mixin.py:188} INFO - [2025-04-27T20:36:58.106-0300] {dag.py:3954} INFO - Setting next_dagrun for tutorial_dag to None, run_after=None
[2025-04-27T20:36:58.121-0300] {processor.py:183} INFO - Processing /home/facuvega/Descargas/crypto-etl-airflow/airflow-apache/lib/python3.11/site-packages/airflow/example_dags/tutorial_dag.py took 0.053 seconds
[2025-04-27T20:37:39.456-0300] {processor.py:161} INFO - Started process (PID=17774) to work on /home/facuvega/Descargas/crypto-etl-airflow/airflow-apache/lib/python3.11/site-packages/airflow/example_dags/tutorial_dag.py
[2025-04-27T20:37:39.456-0300] {processor.py:830} INFO - Processing file /home/facuvega/Descargas/crypto-etl-airflow/airflow-apache/lib/python3.11/site-packages/airflow/example_dags/tutorial_dag.py for tasks to queue
[2025-04-27T20:37:39.458-0300] {logging_mixin.py:188} INFO - [2025-04-27T20:37:39.458-0300] {dagbag.py:540} INFO - Filling up the DagBag from /home/facuvega/Descargas/crypto-etl-airflow/airflow-apache/lib/python3.11/site-packages/airflow/example_dags/tutorial_dag.py
[2025-04-27T20:37:39.463-0300] {processor.py:840} INFO - DAG(s) 'tutorial_dag' retrieved from /home/facuvega/Descargas/crypto-etl-airflow/airflow-apache/lib/python3.11/site-packages/airflow/example_dags/tutorial_dag.py
[2025-04-27T20:37:39.477-0300] {logging_mixin.py:188} INFO - [2025-04-27T20:37:39.476-0300] {dag.py:3096} INFO - Sync 1 DAGs
[2025-04-27T20:37:39.485-0300] {logging_mixin.py:188} INFO - [2025-04-27T20:37:39.485-0300] {dag.py:3954} INFO - Setting next_dagrun for tutorial_dag to None, run_after=None
[2025-04-27T20:37:39.501-0300] {processor.py:183} INFO - Processing /home/facuvega/Descargas/crypto-etl-airflow/airflow-apache/lib/python3.11/site-packages/airflow/example_dags/tutorial_dag.py took 0.051 seconds
[2025-04-27T20:38:19.448-0300] {processor.py:161} INFO - Started process (PID=17959) to work on /home/facuvega/Descargas/crypto-etl-airflow/airflow-apache/lib/python3.11/site-packages/airflow/example_dags/tutorial_dag.py
[2025-04-27T20:38:19.449-0300] {processor.py:830} INFO - Processing file /home/facuvega/Descargas/crypto-etl-airflow/airflow-apache/lib/python3.11/site-packages/airflow/example_dags/tutorial_dag.py for tasks to queue
[2025-04-27T20:38:19.451-0300] {logging_mixin.py:188} INFO - [2025-04-27T20:38:19.451-0300] {dagbag.py:540} INFO - Filling up the DagBag from /home/facuvega/Descargas/crypto-etl-airflow/airflow-apache/lib/python3.11/site-packages/airflow/example_dags/tutorial_dag.py
[2025-04-27T20:38:19.458-0300] {processor.py:840} INFO - DAG(s) 'tutorial_dag' retrieved from /home/facuvega/Descargas/crypto-etl-airflow/airflow-apache/lib/python3.11/site-packages/airflow/example_dags/tutorial_dag.py
[2025-04-27T20:38:19.472-0300] {logging_mixin.py:188} INFO - [2025-04-27T20:38:19.472-0300] {dag.py:3096} INFO - Sync 1 DAGs
[2025-04-27T20:38:19.481-0300] {logging_mixin.py:188} INFO - [2025-04-27T20:38:19.481-0300] {dag.py:3954} INFO - Setting next_dagrun for tutorial_dag to None, run_after=None
[2025-04-27T20:38:19.498-0300] {processor.py:183} INFO - Processing /home/facuvega/Descargas/crypto-etl-airflow/airflow-apache/lib/python3.11/site-packages/airflow/example_dags/tutorial_dag.py took 0.055 seconds
[2025-04-27T20:39:01.524-0300] {processor.py:161} INFO - Started process (PID=18140) to work on /home/facuvega/Descargas/crypto-etl-airflow/airflow-apache/lib/python3.11/site-packages/airflow/example_dags/tutorial_dag.py
[2025-04-27T20:39:01.528-0300] {processor.py:830} INFO - Processing file /home/facuvega/Descargas/crypto-etl-airflow/airflow-apache/lib/python3.11/site-packages/airflow/example_dags/tutorial_dag.py for tasks to queue
[2025-04-27T20:39:01.529-0300] {logging_mixin.py:188} INFO - [2025-04-27T20:39:01.529-0300] {dagbag.py:540} INFO - Filling up the DagBag from /home/facuvega/Descargas/crypto-etl-airflow/airflow-apache/lib/python3.11/site-packages/airflow/example_dags/tutorial_dag.py
[2025-04-27T20:39:01.537-0300] {processor.py:840} INFO - DAG(s) 'tutorial_dag' retrieved from /home/facuvega/Descargas/crypto-etl-airflow/airflow-apache/lib/python3.11/site-packages/airflow/example_dags/tutorial_dag.py
[2025-04-27T20:39:01.552-0300] {logging_mixin.py:188} INFO - [2025-04-27T20:39:01.552-0300] {dag.py:3096} INFO - Sync 1 DAGs
[2025-04-27T20:39:01.562-0300] {logging_mixin.py:188} INFO - [2025-04-27T20:39:01.562-0300] {dag.py:3954} INFO - Setting next_dagrun for tutorial_dag to None, run_after=None
[2025-04-27T20:39:01.578-0300] {processor.py:183} INFO - Processing /home/facuvega/Descargas/crypto-etl-airflow/airflow-apache/lib/python3.11/site-packages/airflow/example_dags/tutorial_dag.py took 0.065 seconds
[2025-04-27T20:39:40.371-0300] {processor.py:161} INFO - Started process (PID=18446) to work on /home/facuvega/Descargas/crypto-etl-airflow/airflow-apache/lib/python3.11/site-packages/airflow/example_dags/tutorial_dag.py
[2025-04-27T20:39:40.373-0300] {processor.py:830} INFO - Processing file /home/facuvega/Descargas/crypto-etl-airflow/airflow-apache/lib/python3.11/site-packages/airflow/example_dags/tutorial_dag.py for tasks to queue
[2025-04-27T20:39:40.374-0300] {logging_mixin.py:188} INFO - [2025-04-27T20:39:40.374-0300] {dagbag.py:540} INFO - Filling up the DagBag from /home/facuvega/Descargas/crypto-etl-airflow/airflow-apache/lib/python3.11/site-packages/airflow/example_dags/tutorial_dag.py
[2025-04-27T20:39:40.381-0300] {processor.py:840} INFO - DAG(s) 'tutorial_dag' retrieved from /home/facuvega/Descargas/crypto-etl-airflow/airflow-apache/lib/python3.11/site-packages/airflow/example_dags/tutorial_dag.py
[2025-04-27T20:39:40.397-0300] {logging_mixin.py:188} INFO - [2025-04-27T20:39:40.396-0300] {dag.py:3096} INFO - Sync 1 DAGs
[2025-04-27T20:39:40.408-0300] {logging_mixin.py:188} INFO - [2025-04-27T20:39:40.408-0300] {dag.py:3954} INFO - Setting next_dagrun for tutorial_dag to None, run_after=None
[2025-04-27T20:39:40.432-0300] {processor.py:183} INFO - Processing /home/facuvega/Descargas/crypto-etl-airflow/airflow-apache/lib/python3.11/site-packages/airflow/example_dags/tutorial_dag.py took 0.066 seconds
[2025-04-27T20:40:21.743-0300] {processor.py:161} INFO - Started process (PID=18671) to work on /home/facuvega/Descargas/crypto-etl-airflow/airflow-apache/lib/python3.11/site-packages/airflow/example_dags/tutorial_dag.py
[2025-04-27T20:40:21.744-0300] {processor.py:830} INFO - Processing file /home/facuvega/Descargas/crypto-etl-airflow/airflow-apache/lib/python3.11/site-packages/airflow/example_dags/tutorial_dag.py for tasks to queue
[2025-04-27T20:40:21.746-0300] {logging_mixin.py:188} INFO - [2025-04-27T20:40:21.746-0300] {dagbag.py:540} INFO - Filling up the DagBag from /home/facuvega/Descargas/crypto-etl-airflow/airflow-apache/lib/python3.11/site-packages/airflow/example_dags/tutorial_dag.py
[2025-04-27T20:40:21.752-0300] {processor.py:840} INFO - DAG(s) 'tutorial_dag' retrieved from /home/facuvega/Descargas/crypto-etl-airflow/airflow-apache/lib/python3.11/site-packages/airflow/example_dags/tutorial_dag.py
[2025-04-27T20:40:21.769-0300] {logging_mixin.py:188} INFO - [2025-04-27T20:40:21.768-0300] {dag.py:3096} INFO - Sync 1 DAGs
[2025-04-27T20:40:21.779-0300] {logging_mixin.py:188} INFO - [2025-04-27T20:40:21.779-0300] {dag.py:3954} INFO - Setting next_dagrun for tutorial_dag to None, run_after=None
[2025-04-27T20:40:21.794-0300] {processor.py:183} INFO - Processing /home/facuvega/Descargas/crypto-etl-airflow/airflow-apache/lib/python3.11/site-packages/airflow/example_dags/tutorial_dag.py took 0.057 seconds
[2025-04-27T20:41:06.657-0300] {processor.py:161} INFO - Started process (PID=18865) to work on /home/facuvega/Descargas/crypto-etl-airflow/airflow-apache/lib/python3.11/site-packages/airflow/example_dags/tutorial_dag.py
[2025-04-27T20:41:06.658-0300] {processor.py:830} INFO - Processing file /home/facuvega/Descargas/crypto-etl-airflow/airflow-apache/lib/python3.11/site-packages/airflow/example_dags/tutorial_dag.py for tasks to queue
[2025-04-27T20:41:06.660-0300] {logging_mixin.py:188} INFO - [2025-04-27T20:41:06.659-0300] {dagbag.py:540} INFO - Filling up the DagBag from /home/facuvega/Descargas/crypto-etl-airflow/airflow-apache/lib/python3.11/site-packages/airflow/example_dags/tutorial_dag.py
[2025-04-27T20:41:06.665-0300] {processor.py:840} INFO - DAG(s) 'tutorial_dag' retrieved from /home/facuvega/Descargas/crypto-etl-airflow/airflow-apache/lib/python3.11/site-packages/airflow/example_dags/tutorial_dag.py
[2025-04-27T20:41:06.679-0300] {logging_mixin.py:188} INFO - [2025-04-27T20:41:06.679-0300] {dag.py:3096} INFO - Sync 1 DAGs
[2025-04-27T20:41:06.688-0300] {logging_mixin.py:188} INFO - [2025-04-27T20:41:06.688-0300] {dag.py:3954} INFO - Setting next_dagrun for tutorial_dag to None, run_after=None
[2025-04-27T20:41:06.703-0300] {processor.py:183} INFO - Processing /home/facuvega/Descargas/crypto-etl-airflow/airflow-apache/lib/python3.11/site-packages/airflow/example_dags/tutorial_dag.py took 0.051 seconds
[2025-04-27T20:41:47.907-0300] {processor.py:161} INFO - Started process (PID=19050) to work on /home/facuvega/Descargas/crypto-etl-airflow/airflow-apache/lib/python3.11/site-packages/airflow/example_dags/tutorial_dag.py
[2025-04-27T20:41:47.908-0300] {processor.py:830} INFO - Processing file /home/facuvega/Descargas/crypto-etl-airflow/airflow-apache/lib/python3.11/site-packages/airflow/example_dags/tutorial_dag.py for tasks to queue
[2025-04-27T20:41:47.910-0300] {logging_mixin.py:188} INFO - [2025-04-27T20:41:47.909-0300] {dagbag.py:540} INFO - Filling up the DagBag from /home/facuvega/Descargas/crypto-etl-airflow/airflow-apache/lib/python3.11/site-packages/airflow/example_dags/tutorial_dag.py
[2025-04-27T20:41:47.916-0300] {processor.py:840} INFO - DAG(s) 'tutorial_dag' retrieved from /home/facuvega/Descargas/crypto-etl-airflow/airflow-apache/lib/python3.11/site-packages/airflow/example_dags/tutorial_dag.py
[2025-04-27T20:41:47.930-0300] {logging_mixin.py:188} INFO - [2025-04-27T20:41:47.930-0300] {dag.py:3096} INFO - Sync 1 DAGs
[2025-04-27T20:41:47.940-0300] {logging_mixin.py:188} INFO - [2025-04-27T20:41:47.939-0300] {dag.py:3954} INFO - Setting next_dagrun for tutorial_dag to None, run_after=None
[2025-04-27T20:41:47.959-0300] {processor.py:183} INFO - Processing /home/facuvega/Descargas/crypto-etl-airflow/airflow-apache/lib/python3.11/site-packages/airflow/example_dags/tutorial_dag.py took 0.058 seconds
[2025-04-27T20:42:28.538-0300] {processor.py:161} INFO - Started process (PID=19235) to work on /home/facuvega/Descargas/crypto-etl-airflow/airflow-apache/lib/python3.11/site-packages/airflow/example_dags/tutorial_dag.py
[2025-04-27T20:42:28.539-0300] {processor.py:830} INFO - Processing file /home/facuvega/Descargas/crypto-etl-airflow/airflow-apache/lib/python3.11/site-packages/airflow/example_dags/tutorial_dag.py for tasks to queue
[2025-04-27T20:42:28.540-0300] {logging_mixin.py:188} INFO - [2025-04-27T20:42:28.540-0300] {dagbag.py:540} INFO - Filling up the DagBag from /home/facuvega/Descargas/crypto-etl-airflow/airflow-apache/lib/python3.11/site-packages/airflow/example_dags/tutorial_dag.py
[2025-04-27T20:42:28.546-0300] {processor.py:840} INFO - DAG(s) 'tutorial_dag' retrieved from /home/facuvega/Descargas/crypto-etl-airflow/airflow-apache/lib/python3.11/site-packages/airflow/example_dags/tutorial_dag.py
[2025-04-27T20:42:28.561-0300] {logging_mixin.py:188} INFO - [2025-04-27T20:42:28.561-0300] {dag.py:3096} INFO - Sync 1 DAGs
[2025-04-27T20:42:28.571-0300] {logging_mixin.py:188} INFO - [2025-04-27T20:42:28.570-0300] {dag.py:3954} INFO - Setting next_dagrun for tutorial_dag to None, run_after=None
[2025-04-27T20:42:28.585-0300] {processor.py:183} INFO - Processing /home/facuvega/Descargas/crypto-etl-airflow/airflow-apache/lib/python3.11/site-packages/airflow/example_dags/tutorial_dag.py took 0.053 seconds
[2025-04-27T20:43:08.208-0300] {processor.py:161} INFO - Started process (PID=19416) to work on /home/facuvega/Descargas/crypto-etl-airflow/airflow-apache/lib/python3.11/site-packages/airflow/example_dags/tutorial_dag.py
[2025-04-27T20:43:08.209-0300] {processor.py:830} INFO - Processing file /home/facuvega/Descargas/crypto-etl-airflow/airflow-apache/lib/python3.11/site-packages/airflow/example_dags/tutorial_dag.py for tasks to queue
[2025-04-27T20:43:08.210-0300] {logging_mixin.py:188} INFO - [2025-04-27T20:43:08.210-0300] {dagbag.py:540} INFO - Filling up the DagBag from /home/facuvega/Descargas/crypto-etl-airflow/airflow-apache/lib/python3.11/site-packages/airflow/example_dags/tutorial_dag.py
[2025-04-27T20:43:08.216-0300] {processor.py:840} INFO - DAG(s) 'tutorial_dag' retrieved from /home/facuvega/Descargas/crypto-etl-airflow/airflow-apache/lib/python3.11/site-packages/airflow/example_dags/tutorial_dag.py
[2025-04-27T20:43:08.231-0300] {logging_mixin.py:188} INFO - [2025-04-27T20:43:08.230-0300] {dag.py:3096} INFO - Sync 1 DAGs
[2025-04-27T20:43:08.241-0300] {logging_mixin.py:188} INFO - [2025-04-27T20:43:08.241-0300] {dag.py:3954} INFO - Setting next_dagrun for tutorial_dag to None, run_after=None
[2025-04-27T20:43:08.259-0300] {processor.py:183} INFO - Processing /home/facuvega/Descargas/crypto-etl-airflow/airflow-apache/lib/python3.11/site-packages/airflow/example_dags/tutorial_dag.py took 0.057 seconds
[2025-04-27T20:43:47.099-0300] {processor.py:161} INFO - Started process (PID=19601) to work on /home/facuvega/Descargas/crypto-etl-airflow/airflow-apache/lib/python3.11/site-packages/airflow/example_dags/tutorial_dag.py
[2025-04-27T20:43:47.100-0300] {processor.py:830} INFO - Processing file /home/facuvega/Descargas/crypto-etl-airflow/airflow-apache/lib/python3.11/site-packages/airflow/example_dags/tutorial_dag.py for tasks to queue
[2025-04-27T20:43:47.102-0300] {logging_mixin.py:188} INFO - [2025-04-27T20:43:47.102-0300] {dagbag.py:540} INFO - Filling up the DagBag from /home/facuvega/Descargas/crypto-etl-airflow/airflow-apache/lib/python3.11/site-packages/airflow/example_dags/tutorial_dag.py
[2025-04-27T20:43:47.108-0300] {processor.py:840} INFO - DAG(s) 'tutorial_dag' retrieved from /home/facuvega/Descargas/crypto-etl-airflow/airflow-apache/lib/python3.11/site-packages/airflow/example_dags/tutorial_dag.py
[2025-04-27T20:43:47.123-0300] {logging_mixin.py:188} INFO - [2025-04-27T20:43:47.123-0300] {dag.py:3096} INFO - Sync 1 DAGs
[2025-04-27T20:43:47.134-0300] {logging_mixin.py:188} INFO - [2025-04-27T20:43:47.133-0300] {dag.py:3954} INFO - Setting next_dagrun for tutorial_dag to None, run_after=None
[2025-04-27T20:43:47.150-0300] {processor.py:183} INFO - Processing /home/facuvega/Descargas/crypto-etl-airflow/airflow-apache/lib/python3.11/site-packages/airflow/example_dags/tutorial_dag.py took 0.058 seconds
[2025-04-27T20:44:24.249-0300] {processor.py:161} INFO - Started process (PID=19776) to work on /home/facuvega/Descargas/crypto-etl-airflow/airflow-apache/lib/python3.11/site-packages/airflow/example_dags/tutorial_dag.py
[2025-04-27T20:44:24.250-0300] {processor.py:830} INFO - Processing file /home/facuvega/Descargas/crypto-etl-airflow/airflow-apache/lib/python3.11/site-packages/airflow/example_dags/tutorial_dag.py for tasks to queue
[2025-04-27T20:44:24.252-0300] {logging_mixin.py:188} INFO - [2025-04-27T20:44:24.252-0300] {dagbag.py:540} INFO - Filling up the DagBag from /home/facuvega/Descargas/crypto-etl-airflow/airflow-apache/lib/python3.11/site-packages/airflow/example_dags/tutorial_dag.py
[2025-04-27T20:44:24.260-0300] {processor.py:840} INFO - DAG(s) 'tutorial_dag' retrieved from /home/facuvega/Descargas/crypto-etl-airflow/airflow-apache/lib/python3.11/site-packages/airflow/example_dags/tutorial_dag.py
[2025-04-27T20:44:24.279-0300] {logging_mixin.py:188} INFO - [2025-04-27T20:44:24.279-0300] {dag.py:3096} INFO - Sync 1 DAGs
[2025-04-27T20:44:24.291-0300] {logging_mixin.py:188} INFO - [2025-04-27T20:44:24.291-0300] {dag.py:3954} INFO - Setting next_dagrun for tutorial_dag to None, run_after=None
[2025-04-27T20:44:24.313-0300] {processor.py:183} INFO - Processing /home/facuvega/Descargas/crypto-etl-airflow/airflow-apache/lib/python3.11/site-packages/airflow/example_dags/tutorial_dag.py took 0.071 seconds
[2025-04-27T20:45:08.167-0300] {processor.py:161} INFO - Started process (PID=20006) to work on /home/facuvega/Descargas/crypto-etl-airflow/airflow-apache/lib/python3.11/site-packages/airflow/example_dags/tutorial_dag.py
[2025-04-27T20:45:08.168-0300] {processor.py:830} INFO - Processing file /home/facuvega/Descargas/crypto-etl-airflow/airflow-apache/lib/python3.11/site-packages/airflow/example_dags/tutorial_dag.py for tasks to queue
[2025-04-27T20:45:08.169-0300] {logging_mixin.py:188} INFO - [2025-04-27T20:45:08.169-0300] {dagbag.py:540} INFO - Filling up the DagBag from /home/facuvega/Descargas/crypto-etl-airflow/airflow-apache/lib/python3.11/site-packages/airflow/example_dags/tutorial_dag.py
[2025-04-27T20:45:08.174-0300] {processor.py:840} INFO - DAG(s) 'tutorial_dag' retrieved from /home/facuvega/Descargas/crypto-etl-airflow/airflow-apache/lib/python3.11/site-packages/airflow/example_dags/tutorial_dag.py
[2025-04-27T20:45:08.189-0300] {logging_mixin.py:188} INFO - [2025-04-27T20:45:08.189-0300] {dag.py:3096} INFO - Sync 1 DAGs
[2025-04-27T20:45:08.200-0300] {logging_mixin.py:188} INFO - [2025-04-27T20:45:08.200-0300] {dag.py:3954} INFO - Setting next_dagrun for tutorial_dag to None, run_after=None
[2025-04-27T20:45:08.216-0300] {processor.py:183} INFO - Processing /home/facuvega/Descargas/crypto-etl-airflow/airflow-apache/lib/python3.11/site-packages/airflow/example_dags/tutorial_dag.py took 0.055 seconds
[2025-04-27T20:45:45.665-0300] {processor.py:161} INFO - Started process (PID=20184) to work on /home/facuvega/Descargas/crypto-etl-airflow/airflow-apache/lib/python3.11/site-packages/airflow/example_dags/tutorial_dag.py
[2025-04-27T20:45:45.666-0300] {processor.py:830} INFO - Processing file /home/facuvega/Descargas/crypto-etl-airflow/airflow-apache/lib/python3.11/site-packages/airflow/example_dags/tutorial_dag.py for tasks to queue
[2025-04-27T20:45:45.667-0300] {logging_mixin.py:188} INFO - [2025-04-27T20:45:45.667-0300] {dagbag.py:540} INFO - Filling up the DagBag from /home/facuvega/Descargas/crypto-etl-airflow/airflow-apache/lib/python3.11/site-packages/airflow/example_dags/tutorial_dag.py
[2025-04-27T20:45:45.673-0300] {processor.py:840} INFO - DAG(s) 'tutorial_dag' retrieved from /home/facuvega/Descargas/crypto-etl-airflow/airflow-apache/lib/python3.11/site-packages/airflow/example_dags/tutorial_dag.py
[2025-04-27T20:45:45.687-0300] {logging_mixin.py:188} INFO - [2025-04-27T20:45:45.687-0300] {dag.py:3096} INFO - Sync 1 DAGs
[2025-04-27T20:45:45.696-0300] {logging_mixin.py:188} INFO - [2025-04-27T20:45:45.696-0300] {dag.py:3954} INFO - Setting next_dagrun for tutorial_dag to None, run_after=None
[2025-04-27T20:45:45.710-0300] {processor.py:183} INFO - Processing /home/facuvega/Descargas/crypto-etl-airflow/airflow-apache/lib/python3.11/site-packages/airflow/example_dags/tutorial_dag.py took 0.051 seconds
[2025-04-27T20:46:24.011-0300] {processor.py:161} INFO - Started process (PID=20353) to work on /home/facuvega/Descargas/crypto-etl-airflow/airflow-apache/lib/python3.11/site-packages/airflow/example_dags/tutorial_dag.py
[2025-04-27T20:46:24.012-0300] {processor.py:830} INFO - Processing file /home/facuvega/Descargas/crypto-etl-airflow/airflow-apache/lib/python3.11/site-packages/airflow/example_dags/tutorial_dag.py for tasks to queue
[2025-04-27T20:46:24.014-0300] {logging_mixin.py:188} INFO - [2025-04-27T20:46:24.014-0300] {dagbag.py:540} INFO - Filling up the DagBag from /home/facuvega/Descargas/crypto-etl-airflow/airflow-apache/lib/python3.11/site-packages/airflow/example_dags/tutorial_dag.py
[2025-04-27T20:46:24.021-0300] {processor.py:840} INFO - DAG(s) 'tutorial_dag' retrieved from /home/facuvega/Descargas/crypto-etl-airflow/airflow-apache/lib/python3.11/site-packages/airflow/example_dags/tutorial_dag.py
[2025-04-27T20:46:24.037-0300] {logging_mixin.py:188} INFO - [2025-04-27T20:46:24.036-0300] {dag.py:3096} INFO - Sync 1 DAGs
[2025-04-27T20:46:24.049-0300] {logging_mixin.py:188} INFO - [2025-04-27T20:46:24.048-0300] {dag.py:3954} INFO - Setting next_dagrun for tutorial_dag to None, run_after=None
[2025-04-27T20:46:24.069-0300] {processor.py:183} INFO - Processing /home/facuvega/Descargas/crypto-etl-airflow/airflow-apache/lib/python3.11/site-packages/airflow/example_dags/tutorial_dag.py took 0.063 seconds
[2025-04-27T20:47:02.727-0300] {processor.py:161} INFO - Started process (PID=20531) to work on /home/facuvega/Descargas/crypto-etl-airflow/airflow-apache/lib/python3.11/site-packages/airflow/example_dags/tutorial_dag.py
[2025-04-27T20:47:02.728-0300] {processor.py:830} INFO - Processing file /home/facuvega/Descargas/crypto-etl-airflow/airflow-apache/lib/python3.11/site-packages/airflow/example_dags/tutorial_dag.py for tasks to queue
[2025-04-27T20:47:02.730-0300] {logging_mixin.py:188} INFO - [2025-04-27T20:47:02.729-0300] {dagbag.py:540} INFO - Filling up the DagBag from /home/facuvega/Descargas/crypto-etl-airflow/airflow-apache/lib/python3.11/site-packages/airflow/example_dags/tutorial_dag.py
[2025-04-27T20:47:02.736-0300] {processor.py:840} INFO - DAG(s) 'tutorial_dag' retrieved from /home/facuvega/Descargas/crypto-etl-airflow/airflow-apache/lib/python3.11/site-packages/airflow/example_dags/tutorial_dag.py
[2025-04-27T20:47:02.751-0300] {logging_mixin.py:188} INFO - [2025-04-27T20:47:02.751-0300] {dag.py:3096} INFO - Sync 1 DAGs
[2025-04-27T20:47:02.763-0300] {logging_mixin.py:188} INFO - [2025-04-27T20:47:02.763-0300] {dag.py:3954} INFO - Setting next_dagrun for tutorial_dag to None, run_after=None
[2025-04-27T20:47:02.779-0300] {processor.py:183} INFO - Processing /home/facuvega/Descargas/crypto-etl-airflow/airflow-apache/lib/python3.11/site-packages/airflow/example_dags/tutorial_dag.py took 0.058 seconds
[2025-04-27T20:47:44.199-0300] {processor.py:161} INFO - Started process (PID=20909) to work on /home/facuvega/Descargas/crypto-etl-airflow/airflow-apache/lib/python3.11/site-packages/airflow/example_dags/tutorial_dag.py
[2025-04-27T20:47:44.201-0300] {processor.py:830} INFO - Processing file /home/facuvega/Descargas/crypto-etl-airflow/airflow-apache/lib/python3.11/site-packages/airflow/example_dags/tutorial_dag.py for tasks to queue
[2025-04-27T20:47:44.203-0300] {logging_mixin.py:188} INFO - [2025-04-27T20:47:44.202-0300] {dagbag.py:540} INFO - Filling up the DagBag from /home/facuvega/Descargas/crypto-etl-airflow/airflow-apache/lib/python3.11/site-packages/airflow/example_dags/tutorial_dag.py
[2025-04-27T20:47:44.210-0300] {processor.py:840} INFO - DAG(s) 'tutorial_dag' retrieved from /home/facuvega/Descargas/crypto-etl-airflow/airflow-apache/lib/python3.11/site-packages/airflow/example_dags/tutorial_dag.py
[2025-04-27T20:47:44.230-0300] {logging_mixin.py:188} INFO - [2025-04-27T20:47:44.230-0300] {dag.py:3096} INFO - Sync 1 DAGs
[2025-04-27T20:47:44.243-0300] {logging_mixin.py:188} INFO - [2025-04-27T20:47:44.242-0300] {dag.py:3954} INFO - Setting next_dagrun for tutorial_dag to None, run_after=None
[2025-04-27T20:47:44.263-0300] {processor.py:183} INFO - Processing /home/facuvega/Descargas/crypto-etl-airflow/airflow-apache/lib/python3.11/site-packages/airflow/example_dags/tutorial_dag.py took 0.071 seconds
[2025-04-27T20:48:23.868-0300] {processor.py:161} INFO - Started process (PID=21163) to work on /home/facuvega/Descargas/crypto-etl-airflow/airflow-apache/lib/python3.11/site-packages/airflow/example_dags/tutorial_dag.py
[2025-04-27T20:48:23.871-0300] {processor.py:830} INFO - Processing file /home/facuvega/Descargas/crypto-etl-airflow/airflow-apache/lib/python3.11/site-packages/airflow/example_dags/tutorial_dag.py for tasks to queue
[2025-04-27T20:48:23.876-0300] {logging_mixin.py:188} INFO - [2025-04-27T20:48:23.875-0300] {dagbag.py:540} INFO - Filling up the DagBag from /home/facuvega/Descargas/crypto-etl-airflow/airflow-apache/lib/python3.11/site-packages/airflow/example_dags/tutorial_dag.py
[2025-04-27T20:48:23.893-0300] {processor.py:840} INFO - DAG(s) 'tutorial_dag' retrieved from /home/facuvega/Descargas/crypto-etl-airflow/airflow-apache/lib/python3.11/site-packages/airflow/example_dags/tutorial_dag.py
[2025-04-27T20:48:23.928-0300] {logging_mixin.py:188} INFO - [2025-04-27T20:48:23.928-0300] {dag.py:3096} INFO - Sync 1 DAGs
[2025-04-27T20:48:23.948-0300] {logging_mixin.py:188} INFO - [2025-04-27T20:48:23.948-0300] {dag.py:3954} INFO - Setting next_dagrun for tutorial_dag to None, run_after=None
[2025-04-27T20:48:23.981-0300] {processor.py:183} INFO - Processing /home/facuvega/Descargas/crypto-etl-airflow/airflow-apache/lib/python3.11/site-packages/airflow/example_dags/tutorial_dag.py took 0.126 seconds
[2025-04-27T20:49:09.590-0300] {processor.py:161} INFO - Started process (PID=21436) to work on /home/facuvega/Descargas/crypto-etl-airflow/airflow-apache/lib/python3.11/site-packages/airflow/example_dags/tutorial_dag.py
[2025-04-27T20:49:09.592-0300] {processor.py:830} INFO - Processing file /home/facuvega/Descargas/crypto-etl-airflow/airflow-apache/lib/python3.11/site-packages/airflow/example_dags/tutorial_dag.py for tasks to queue
[2025-04-27T20:49:09.594-0300] {logging_mixin.py:188} INFO - [2025-04-27T20:49:09.593-0300] {dagbag.py:540} INFO - Filling up the DagBag from /home/facuvega/Descargas/crypto-etl-airflow/airflow-apache/lib/python3.11/site-packages/airflow/example_dags/tutorial_dag.py
[2025-04-27T20:49:09.600-0300] {processor.py:840} INFO - DAG(s) 'tutorial_dag' retrieved from /home/facuvega/Descargas/crypto-etl-airflow/airflow-apache/lib/python3.11/site-packages/airflow/example_dags/tutorial_dag.py
[2025-04-27T20:49:09.620-0300] {logging_mixin.py:188} INFO - [2025-04-27T20:49:09.619-0300] {dag.py:3096} INFO - Sync 1 DAGs
[2025-04-27T20:49:09.634-0300] {logging_mixin.py:188} INFO - [2025-04-27T20:49:09.634-0300] {dag.py:3954} INFO - Setting next_dagrun for tutorial_dag to None, run_after=None
[2025-04-27T20:49:09.656-0300] {processor.py:183} INFO - Processing /home/facuvega/Descargas/crypto-etl-airflow/airflow-apache/lib/python3.11/site-packages/airflow/example_dags/tutorial_dag.py took 0.073 seconds
[2025-04-27T20:49:54.497-0300] {processor.py:161} INFO - Started process (PID=21756) to work on /home/facuvega/Descargas/crypto-etl-airflow/airflow-apache/lib/python3.11/site-packages/airflow/example_dags/tutorial_dag.py
[2025-04-27T20:49:54.498-0300] {processor.py:830} INFO - Processing file /home/facuvega/Descargas/crypto-etl-airflow/airflow-apache/lib/python3.11/site-packages/airflow/example_dags/tutorial_dag.py for tasks to queue
[2025-04-27T20:49:54.500-0300] {logging_mixin.py:188} INFO - [2025-04-27T20:49:54.500-0300] {dagbag.py:540} INFO - Filling up the DagBag from /home/facuvega/Descargas/crypto-etl-airflow/airflow-apache/lib/python3.11/site-packages/airflow/example_dags/tutorial_dag.py
[2025-04-27T20:49:54.507-0300] {processor.py:840} INFO - DAG(s) 'tutorial_dag' retrieved from /home/facuvega/Descargas/crypto-etl-airflow/airflow-apache/lib/python3.11/site-packages/airflow/example_dags/tutorial_dag.py
[2025-04-27T20:49:54.523-0300] {logging_mixin.py:188} INFO - [2025-04-27T20:49:54.523-0300] {dag.py:3096} INFO - Sync 1 DAGs
[2025-04-27T20:49:54.534-0300] {logging_mixin.py:188} INFO - [2025-04-27T20:49:54.534-0300] {dag.py:3954} INFO - Setting next_dagrun for tutorial_dag to None, run_after=None
[2025-04-27T20:49:54.551-0300] {processor.py:183} INFO - Processing /home/facuvega/Descargas/crypto-etl-airflow/airflow-apache/lib/python3.11/site-packages/airflow/example_dags/tutorial_dag.py took 0.060 seconds
[2025-04-27T20:50:38.819-0300] {processor.py:161} INFO - Started process (PID=22002) to work on /home/facuvega/Descargas/crypto-etl-airflow/airflow-apache/lib/python3.11/site-packages/airflow/example_dags/tutorial_dag.py
[2025-04-27T20:50:38.821-0300] {processor.py:830} INFO - Processing file /home/facuvega/Descargas/crypto-etl-airflow/airflow-apache/lib/python3.11/site-packages/airflow/example_dags/tutorial_dag.py for tasks to queue
[2025-04-27T20:50:38.823-0300] {logging_mixin.py:188} INFO - [2025-04-27T20:50:38.823-0300] {dagbag.py:540} INFO - Filling up the DagBag from /home/facuvega/Descargas/crypto-etl-airflow/airflow-apache/lib/python3.11/site-packages/airflow/example_dags/tutorial_dag.py
[2025-04-27T20:50:38.832-0300] {processor.py:840} INFO - DAG(s) 'tutorial_dag' retrieved from /home/facuvega/Descargas/crypto-etl-airflow/airflow-apache/lib/python3.11/site-packages/airflow/example_dags/tutorial_dag.py
[2025-04-27T20:50:38.857-0300] {logging_mixin.py:188} INFO - [2025-04-27T20:50:38.857-0300] {dag.py:3096} INFO - Sync 1 DAGs
[2025-04-27T20:50:38.869-0300] {logging_mixin.py:188} INFO - [2025-04-27T20:50:38.869-0300] {dag.py:3954} INFO - Setting next_dagrun for tutorial_dag to None, run_after=None
[2025-04-27T20:50:38.883-0300] {processor.py:183} INFO - Processing /home/facuvega/Descargas/crypto-etl-airflow/airflow-apache/lib/python3.11/site-packages/airflow/example_dags/tutorial_dag.py took 0.070 seconds
[2025-04-27T20:51:18.510-0300] {processor.py:161} INFO - Started process (PID=22280) to work on /home/facuvega/Descargas/crypto-etl-airflow/airflow-apache/lib/python3.11/site-packages/airflow/example_dags/tutorial_dag.py
[2025-04-27T20:51:18.512-0300] {processor.py:830} INFO - Processing file /home/facuvega/Descargas/crypto-etl-airflow/airflow-apache/lib/python3.11/site-packages/airflow/example_dags/tutorial_dag.py for tasks to queue
[2025-04-27T20:51:18.517-0300] {logging_mixin.py:188} INFO - [2025-04-27T20:51:18.513-0300] {dagbag.py:540} INFO - Filling up the DagBag from /home/facuvega/Descargas/crypto-etl-airflow/airflow-apache/lib/python3.11/site-packages/airflow/example_dags/tutorial_dag.py
[2025-04-27T20:51:18.527-0300] {processor.py:840} INFO - DAG(s) 'tutorial_dag' retrieved from /home/facuvega/Descargas/crypto-etl-airflow/airflow-apache/lib/python3.11/site-packages/airflow/example_dags/tutorial_dag.py
[2025-04-27T20:51:18.552-0300] {logging_mixin.py:188} INFO - [2025-04-27T20:51:18.552-0300] {dag.py:3096} INFO - Sync 1 DAGs
[2025-04-27T20:51:18.570-0300] {logging_mixin.py:188} INFO - [2025-04-27T20:51:18.570-0300] {dag.py:3954} INFO - Setting next_dagrun for tutorial_dag to None, run_after=None
[2025-04-27T20:51:18.601-0300] {processor.py:183} INFO - Processing /home/facuvega/Descargas/crypto-etl-airflow/airflow-apache/lib/python3.11/site-packages/airflow/example_dags/tutorial_dag.py took 0.104 seconds
