[2025-05-03T06:04:15.125-0300] {local_task_job_runner.py:120} INFO - ::group::Pre task execution logs
[2025-05-03T06:04:15.176-0300] {taskinstance.py:2073} INFO - Dependencies all met for dep_context=non-requeueable deps ti=<TaskInstance: crypto_pipeline.run_etl manual__2025-05-03T09:04:06.922277+00:00 [queued]>
[2025-05-03T06:04:15.180-0300] {taskinstance.py:2073} INFO - Dependencies all met for dep_context=requeueable deps ti=<TaskInstance: crypto_pipeline.run_etl manual__2025-05-03T09:04:06.922277+00:00 [queued]>
[2025-05-03T06:04:15.180-0300] {taskinstance.py:2303} INFO - Starting attempt 1 of 2
[2025-05-03T06:04:15.191-0300] {taskinstance.py:2327} INFO - Executing <Task(BashOperator): run_etl> on 2025-05-03 09:04:06.922277+00:00
[2025-05-03T06:04:15.201-0300] {standard_task_runner.py:63} INFO - Started process 57603 to run task
[2025-05-03T06:04:15.209-0300] {standard_task_runner.py:90} INFO - Running: ['airflow', 'tasks', 'run', 'crypto_pipeline', 'run_etl', 'manual__2025-05-03T09:04:06.922277+00:00', '--job-id', '32', '--raw', '--subdir', 'DAGS_FOLDER/mi_primer_dag.py', '--cfg-path', '/tmp/tmpu6_rsff2']
[2025-05-03T06:04:15.211-0300] {standard_task_runner.py:91} INFO - Job 32: Subtask run_etl
[2025-05-03T06:04:15.303-0300] {task_command.py:426} INFO - Running <TaskInstance: crypto_pipeline.run_etl manual__2025-05-03T09:04:06.922277+00:00 [running]> on host facuvega
[2025-05-03T06:04:15.351-0300] {taskinstance.py:2644} INFO - Exporting env vars: AIRFLOW_CTX_DAG_OWNER='airflow' AIRFLOW_CTX_DAG_ID='crypto_pipeline' AIRFLOW_CTX_TASK_ID='run_etl' AIRFLOW_CTX_EXECUTION_DATE='2025-05-03T09:04:06.922277+00:00' AIRFLOW_CTX_TRY_NUMBER='1' AIRFLOW_CTX_DAG_RUN_ID='manual__2025-05-03T09:04:06.922277+00:00'
[2025-05-03T06:04:15.353-0300] {taskinstance.py:430} INFO - ::endgroup::
[2025-05-03T06:04:15.354-0300] {subprocess.py:63} INFO - Tmp dir root location: /tmp
[2025-05-03T06:04:15.355-0300] {subprocess.py:75} INFO - Running command: ['/usr/bin/bash', '-c', 'python /home/facuvega/Descargas/crypto-etl-airflow/scripts/etl.py']
[2025-05-03T06:04:15.377-0300] {subprocess.py:86} INFO - Output:
[2025-05-03T06:04:16.337-0300] {subprocess.py:93} INFO - ⏳ Ejecutando ETL...
[2025-05-03T06:04:16.339-0300] {subprocess.py:93} INFO - ✅ Datos validados correctamente
[2025-05-03T06:04:16.340-0300] {subprocess.py:93} INFO - ✅ Nuevo registro guardado para BTC
[2025-05-03T06:04:16.340-0300] {subprocess.py:93} INFO - ✅ Nuevo registro guardado para ETH
[2025-05-03T06:04:16.340-0300] {subprocess.py:93} INFO - ✅ Nuevo registro guardado para USDT
[2025-05-03T06:04:16.340-0300] {subprocess.py:93} INFO - ✅ Nuevo registro guardado para XRP
[2025-05-03T06:04:16.346-0300] {subprocess.py:93} INFO - ✅ Nuevo registro guardado para BNB
[2025-05-03T06:04:16.350-0300] {subprocess.py:93} INFO - ✅ Datos guardados correctamente en la base de datos
[2025-05-03T06:04:16.351-0300] {subprocess.py:93} INFO - ✅ ETL completado correctamente
[2025-05-03T06:04:16.473-0300] {subprocess.py:97} INFO - Command exited with return code 0
[2025-05-03T06:04:16.474-0300] {taskinstance.py:441} INFO - ::group::Post task execution logs
[2025-05-03T06:04:16.489-0300] {taskinstance.py:1205} INFO - Marking task as SUCCESS. dag_id=crypto_pipeline, task_id=run_etl, execution_date=20250503T090406, start_date=20250503T090415, end_date=20250503T090416
[2025-05-03T06:04:16.522-0300] {local_task_job_runner.py:240} INFO - Task exited with return code 0
[2025-05-03T06:04:16.543-0300] {taskinstance.py:3482} INFO - 1 downstream tasks scheduled from follow-on schedule check
[2025-05-03T06:04:16.548-0300] {local_task_job_runner.py:222} INFO - ::endgroup::
