[2025-05-04T03:50:19.049-0300] {processor.py:161} INFO - Started process (PID=19307) to work on /home/facuvega/Descargas/crypto-etl-airflow/dags/mi_primer_dag.py
[2025-05-04T03:50:19.049-0300] {processor.py:830} INFO - Processing file /home/facuvega/Descargas/crypto-etl-airflow/dags/mi_primer_dag.py for tasks to queue
[2025-05-04T03:50:19.051-0300] {logging_mixin.py:188} INFO - [2025-05-04T03:50:19.051-0300] {dagbag.py:540} INFO - Filling up the DagBag from /home/facuvega/Descargas/crypto-etl-airflow/dags/mi_primer_dag.py
[2025-05-04T03:50:19.073-0300] {processor.py:840} INFO - DAG(s) 'crypto_pipeline' retrieved from /home/facuvega/Descargas/crypto-etl-airflow/dags/mi_primer_dag.py
[2025-05-04T03:50:19.515-0300] {logging_mixin.py:188} INFO - [2025-05-04T03:50:19.515-0300] {dag.py:3096} INFO - Sync 1 DAGs
[2025-05-04T03:50:19.538-0300] {logging_mixin.py:188} INFO - [2025-05-04T03:50:19.538-0300] {dag.py:3954} INFO - Setting next_dagrun for crypto_pipeline to 2025-05-03 00:00:00+00:00, run_after=2025-05-04 00:00:00+00:00
[2025-05-04T03:50:19.558-0300] {processor.py:183} INFO - Processing /home/facuvega/Descargas/crypto-etl-airflow/dags/mi_primer_dag.py took 0.515 seconds
[2025-05-04T03:51:23.159-0300] {processor.py:161} INFO - Started process (PID=19807) to work on /home/facuvega/Descargas/crypto-etl-airflow/dags/mi_primer_dag.py
[2025-05-04T03:51:23.161-0300] {processor.py:830} INFO - Processing file /home/facuvega/Descargas/crypto-etl-airflow/dags/mi_primer_dag.py for tasks to queue
[2025-05-04T03:51:23.162-0300] {logging_mixin.py:188} INFO - [2025-05-04T03:51:23.162-0300] {dagbag.py:540} INFO - Filling up the DagBag from /home/facuvega/Descargas/crypto-etl-airflow/dags/mi_primer_dag.py
[2025-05-04T03:51:23.169-0300] {processor.py:840} INFO - DAG(s) 'crypto_pipeline' retrieved from /home/facuvega/Descargas/crypto-etl-airflow/dags/mi_primer_dag.py
[2025-05-04T03:51:23.180-0300] {logging_mixin.py:188} INFO - [2025-05-04T03:51:23.180-0300] {dag.py:3096} INFO - Sync 1 DAGs
[2025-05-04T03:51:23.194-0300] {logging_mixin.py:188} INFO - [2025-05-04T03:51:23.194-0300] {dag.py:3954} INFO - Setting next_dagrun for crypto_pipeline to 2025-05-04 00:00:00+00:00, run_after=2025-05-05 00:00:00+00:00
[2025-05-04T03:51:23.206-0300] {processor.py:183} INFO - Processing /home/facuvega/Descargas/crypto-etl-airflow/dags/mi_primer_dag.py took 0.052 seconds
[2025-05-04T03:52:07.083-0300] {processor.py:161} INFO - Started process (PID=20011) to work on /home/facuvega/Descargas/crypto-etl-airflow/dags/mi_primer_dag.py
[2025-05-04T03:52:07.084-0300] {processor.py:830} INFO - Processing file /home/facuvega/Descargas/crypto-etl-airflow/dags/mi_primer_dag.py for tasks to queue
[2025-05-04T03:52:07.085-0300] {logging_mixin.py:188} INFO - [2025-05-04T03:52:07.085-0300] {dagbag.py:540} INFO - Filling up the DagBag from /home/facuvega/Descargas/crypto-etl-airflow/dags/mi_primer_dag.py
[2025-05-04T03:52:07.092-0300] {processor.py:840} INFO - DAG(s) 'crypto_pipeline' retrieved from /home/facuvega/Descargas/crypto-etl-airflow/dags/mi_primer_dag.py
[2025-05-04T03:52:07.104-0300] {logging_mixin.py:188} INFO - [2025-05-04T03:52:07.104-0300] {dag.py:3096} INFO - Sync 1 DAGs
[2025-05-04T03:52:07.118-0300] {logging_mixin.py:188} INFO - [2025-05-04T03:52:07.118-0300] {dag.py:3954} INFO - Setting next_dagrun for crypto_pipeline to 2025-05-04 00:00:00+00:00, run_after=2025-05-05 00:00:00+00:00
[2025-05-04T03:52:07.131-0300] {processor.py:183} INFO - Processing /home/facuvega/Descargas/crypto-etl-airflow/dags/mi_primer_dag.py took 0.053 seconds
[2025-05-04T03:52:50.446-0300] {processor.py:161} INFO - Started process (PID=20221) to work on /home/facuvega/Descargas/crypto-etl-airflow/dags/mi_primer_dag.py
[2025-05-04T03:52:50.446-0300] {processor.py:830} INFO - Processing file /home/facuvega/Descargas/crypto-etl-airflow/dags/mi_primer_dag.py for tasks to queue
[2025-05-04T03:52:50.448-0300] {logging_mixin.py:188} INFO - [2025-05-04T03:52:50.447-0300] {dagbag.py:540} INFO - Filling up the DagBag from /home/facuvega/Descargas/crypto-etl-airflow/dags/mi_primer_dag.py
[2025-05-04T03:52:50.454-0300] {processor.py:840} INFO - DAG(s) 'crypto_pipeline' retrieved from /home/facuvega/Descargas/crypto-etl-airflow/dags/mi_primer_dag.py
[2025-05-04T03:52:50.465-0300] {logging_mixin.py:188} INFO - [2025-05-04T03:52:50.465-0300] {dag.py:3096} INFO - Sync 1 DAGs
[2025-05-04T03:52:50.479-0300] {logging_mixin.py:188} INFO - [2025-05-04T03:52:50.479-0300] {dag.py:3954} INFO - Setting next_dagrun for crypto_pipeline to 2025-05-04 00:00:00+00:00, run_after=2025-05-05 00:00:00+00:00
[2025-05-04T03:52:50.492-0300] {processor.py:183} INFO - Processing /home/facuvega/Descargas/crypto-etl-airflow/dags/mi_primer_dag.py took 0.051 seconds
[2025-05-04T03:53:42.790-0300] {processor.py:161} INFO - Started process (PID=20791) to work on /home/facuvega/Descargas/crypto-etl-airflow/dags/mi_primer_dag.py
[2025-05-04T03:53:42.792-0300] {processor.py:830} INFO - Processing file /home/facuvega/Descargas/crypto-etl-airflow/dags/mi_primer_dag.py for tasks to queue
[2025-05-04T03:53:42.798-0300] {logging_mixin.py:188} INFO - [2025-05-04T03:53:42.797-0300] {dagbag.py:540} INFO - Filling up the DagBag from /home/facuvega/Descargas/crypto-etl-airflow/dags/mi_primer_dag.py
[2025-05-04T03:53:42.838-0300] {processor.py:840} INFO - DAG(s) 'crypto_pipeline' retrieved from /home/facuvega/Descargas/crypto-etl-airflow/dags/mi_primer_dag.py
[2025-05-04T03:53:42.853-0300] {logging_mixin.py:188} INFO - [2025-05-04T03:53:42.853-0300] {dag.py:3096} INFO - Sync 1 DAGs
[2025-05-04T03:53:42.889-0300] {logging_mixin.py:188} INFO - [2025-05-04T03:53:42.888-0300] {dag.py:3954} INFO - Setting next_dagrun for crypto_pipeline to 2025-05-04 00:00:00+00:00, run_after=2025-05-05 00:00:00+00:00
[2025-05-04T03:53:42.930-0300] {processor.py:183} INFO - Processing /home/facuvega/Descargas/crypto-etl-airflow/dags/mi_primer_dag.py took 0.151 seconds
[2025-05-04T03:54:29.408-0300] {processor.py:161} INFO - Started process (PID=21008) to work on /home/facuvega/Descargas/crypto-etl-airflow/dags/mi_primer_dag.py
[2025-05-04T03:54:29.409-0300] {processor.py:830} INFO - Processing file /home/facuvega/Descargas/crypto-etl-airflow/dags/mi_primer_dag.py for tasks to queue
[2025-05-04T03:54:29.411-0300] {logging_mixin.py:188} INFO - [2025-05-04T03:54:29.410-0300] {dagbag.py:540} INFO - Filling up the DagBag from /home/facuvega/Descargas/crypto-etl-airflow/dags/mi_primer_dag.py
[2025-05-04T03:54:29.419-0300] {processor.py:840} INFO - DAG(s) 'crypto_pipeline' retrieved from /home/facuvega/Descargas/crypto-etl-airflow/dags/mi_primer_dag.py
[2025-05-04T03:54:29.431-0300] {logging_mixin.py:188} INFO - [2025-05-04T03:54:29.431-0300] {dag.py:3096} INFO - Sync 1 DAGs
[2025-05-04T03:54:29.447-0300] {logging_mixin.py:188} INFO - [2025-05-04T03:54:29.447-0300] {dag.py:3954} INFO - Setting next_dagrun for crypto_pipeline to 2025-05-04 00:00:00+00:00, run_after=2025-05-05 00:00:00+00:00
[2025-05-04T03:54:29.460-0300] {processor.py:183} INFO - Processing /home/facuvega/Descargas/crypto-etl-airflow/dags/mi_primer_dag.py took 0.057 seconds
[2025-05-04T03:55:08.364-0300] {processor.py:161} INFO - Started process (PID=21187) to work on /home/facuvega/Descargas/crypto-etl-airflow/dags/mi_primer_dag.py
[2025-05-04T03:55:08.365-0300] {processor.py:830} INFO - Processing file /home/facuvega/Descargas/crypto-etl-airflow/dags/mi_primer_dag.py for tasks to queue
[2025-05-04T03:55:08.368-0300] {logging_mixin.py:188} INFO - [2025-05-04T03:55:08.367-0300] {dagbag.py:540} INFO - Filling up the DagBag from /home/facuvega/Descargas/crypto-etl-airflow/dags/mi_primer_dag.py
[2025-05-04T03:55:08.394-0300] {processor.py:840} INFO - DAG(s) 'crypto_pipeline' retrieved from /home/facuvega/Descargas/crypto-etl-airflow/dags/mi_primer_dag.py
[2025-05-04T03:55:08.436-0300] {logging_mixin.py:188} INFO - [2025-05-04T03:55:08.436-0300] {dag.py:3096} INFO - Sync 1 DAGs
[2025-05-04T03:55:08.486-0300] {logging_mixin.py:188} INFO - [2025-05-04T03:55:08.486-0300] {dag.py:3954} INFO - Setting next_dagrun for crypto_pipeline to 2025-05-04 00:00:00+00:00, run_after=2025-05-05 00:00:00+00:00
[2025-05-04T03:55:08.531-0300] {processor.py:183} INFO - Processing /home/facuvega/Descargas/crypto-etl-airflow/dags/mi_primer_dag.py took 0.184 seconds
[2025-05-04T03:55:59.549-0300] {processor.py:161} INFO - Started process (PID=21525) to work on /home/facuvega/Descargas/crypto-etl-airflow/dags/mi_primer_dag.py
[2025-05-04T03:55:59.550-0300] {processor.py:830} INFO - Processing file /home/facuvega/Descargas/crypto-etl-airflow/dags/mi_primer_dag.py for tasks to queue
[2025-05-04T03:55:59.552-0300] {logging_mixin.py:188} INFO - [2025-05-04T03:55:59.551-0300] {dagbag.py:540} INFO - Filling up the DagBag from /home/facuvega/Descargas/crypto-etl-airflow/dags/mi_primer_dag.py
[2025-05-04T03:55:59.560-0300] {processor.py:840} INFO - DAG(s) 'crypto_pipeline' retrieved from /home/facuvega/Descargas/crypto-etl-airflow/dags/mi_primer_dag.py
[2025-05-04T03:55:59.573-0300] {logging_mixin.py:188} INFO - [2025-05-04T03:55:59.573-0300] {dag.py:3096} INFO - Sync 1 DAGs
[2025-05-04T03:55:59.589-0300] {logging_mixin.py:188} INFO - [2025-05-04T03:55:59.589-0300] {dag.py:3954} INFO - Setting next_dagrun for crypto_pipeline to 2025-05-04 00:00:00+00:00, run_after=2025-05-05 00:00:00+00:00
[2025-05-04T03:55:59.603-0300] {processor.py:183} INFO - Processing /home/facuvega/Descargas/crypto-etl-airflow/dags/mi_primer_dag.py took 0.059 seconds
[2025-05-04T03:56:19.668-0300] {processor.py:161} INFO - Started process (PID=21617) to work on /home/facuvega/Descargas/crypto-etl-airflow/dags/mi_primer_dag.py
[2025-05-04T03:56:19.669-0300] {processor.py:830} INFO - Processing file /home/facuvega/Descargas/crypto-etl-airflow/dags/mi_primer_dag.py for tasks to queue
[2025-05-04T03:56:19.670-0300] {logging_mixin.py:188} INFO - [2025-05-04T03:56:19.670-0300] {dagbag.py:540} INFO - Filling up the DagBag from /home/facuvega/Descargas/crypto-etl-airflow/dags/mi_primer_dag.py
[2025-05-04T03:56:19.679-0300] {processor.py:840} INFO - DAG(s) 'crypto_pipeline' retrieved from /home/facuvega/Descargas/crypto-etl-airflow/dags/mi_primer_dag.py
[2025-05-04T03:56:19.692-0300] {logging_mixin.py:188} INFO - [2025-05-04T03:56:19.692-0300] {dag.py:3096} INFO - Sync 1 DAGs
[2025-05-04T03:56:19.707-0300] {logging_mixin.py:188} INFO - [2025-05-04T03:56:19.707-0300] {dag.py:3954} INFO - Setting next_dagrun for crypto_pipeline to 2025-05-04 00:00:00+00:00, run_after=2025-05-05 00:00:00+00:00
[2025-05-04T03:56:19.720-0300] {processor.py:183} INFO - Processing /home/facuvega/Descargas/crypto-etl-airflow/dags/mi_primer_dag.py took 0.057 seconds
[2025-05-04T03:57:00.053-0300] {processor.py:161} INFO - Started process (PID=21801) to work on /home/facuvega/Descargas/crypto-etl-airflow/dags/mi_primer_dag.py
[2025-05-04T03:57:00.054-0300] {processor.py:830} INFO - Processing file /home/facuvega/Descargas/crypto-etl-airflow/dags/mi_primer_dag.py for tasks to queue
[2025-05-04T03:57:00.056-0300] {logging_mixin.py:188} INFO - [2025-05-04T03:57:00.055-0300] {dagbag.py:540} INFO - Filling up the DagBag from /home/facuvega/Descargas/crypto-etl-airflow/dags/mi_primer_dag.py
[2025-05-04T03:57:00.065-0300] {processor.py:840} INFO - DAG(s) 'crypto_pipeline' retrieved from /home/facuvega/Descargas/crypto-etl-airflow/dags/mi_primer_dag.py
[2025-05-04T03:57:00.138-0300] {logging_mixin.py:188} INFO - [2025-05-04T03:57:00.138-0300] {dag.py:3096} INFO - Sync 1 DAGs
[2025-05-04T03:57:00.151-0300] {logging_mixin.py:188} INFO - [2025-05-04T03:57:00.151-0300] {dag.py:3954} INFO - Setting next_dagrun for crypto_pipeline to 2025-05-04 00:00:00+00:00, run_after=2025-05-05 00:00:00+00:00
[2025-05-04T03:57:00.165-0300] {processor.py:183} INFO - Processing /home/facuvega/Descargas/crypto-etl-airflow/dags/mi_primer_dag.py took 0.119 seconds
[2025-05-04T03:57:50.618-0300] {processor.py:161} INFO - Started process (PID=22286) to work on /home/facuvega/Descargas/crypto-etl-airflow/dags/mi_primer_dag.py
[2025-05-04T03:57:50.619-0300] {processor.py:830} INFO - Processing file /home/facuvega/Descargas/crypto-etl-airflow/dags/mi_primer_dag.py for tasks to queue
[2025-05-04T03:57:50.621-0300] {logging_mixin.py:188} INFO - [2025-05-04T03:57:50.621-0300] {dagbag.py:540} INFO - Filling up the DagBag from /home/facuvega/Descargas/crypto-etl-airflow/dags/mi_primer_dag.py
[2025-05-04T03:57:50.634-0300] {processor.py:840} INFO - DAG(s) 'crypto_pipeline' retrieved from /home/facuvega/Descargas/crypto-etl-airflow/dags/mi_primer_dag.py
[2025-05-04T03:57:50.937-0300] {logging_mixin.py:188} INFO - [2025-05-04T03:57:50.934-0300] {dag.py:3096} INFO - Sync 1 DAGs
[2025-05-04T03:57:50.962-0300] {logging_mixin.py:188} INFO - [2025-05-04T03:57:50.961-0300] {dag.py:3954} INFO - Setting next_dagrun for crypto_pipeline to 2025-05-04 00:00:00+00:00, run_after=2025-05-05 00:00:00+00:00
[2025-05-04T03:57:51.000-0300] {processor.py:183} INFO - Processing /home/facuvega/Descargas/crypto-etl-airflow/dags/mi_primer_dag.py took 0.387 seconds
[2025-05-04T03:58:47.409-0300] {processor.py:161} INFO - Started process (PID=22730) to work on /home/facuvega/Descargas/crypto-etl-airflow/dags/mi_primer_dag.py
[2025-05-04T03:58:47.410-0300] {processor.py:830} INFO - Processing file /home/facuvega/Descargas/crypto-etl-airflow/dags/mi_primer_dag.py for tasks to queue
[2025-05-04T03:58:47.412-0300] {logging_mixin.py:188} INFO - [2025-05-04T03:58:47.411-0300] {dagbag.py:540} INFO - Filling up the DagBag from /home/facuvega/Descargas/crypto-etl-airflow/dags/mi_primer_dag.py
[2025-05-04T03:58:47.419-0300] {processor.py:840} INFO - DAG(s) 'crypto_pipeline' retrieved from /home/facuvega/Descargas/crypto-etl-airflow/dags/mi_primer_dag.py
[2025-05-04T03:58:47.431-0300] {logging_mixin.py:188} INFO - [2025-05-04T03:58:47.430-0300] {dag.py:3096} INFO - Sync 1 DAGs
[2025-05-04T03:58:47.445-0300] {logging_mixin.py:188} INFO - [2025-05-04T03:58:47.444-0300] {dag.py:3954} INFO - Setting next_dagrun for crypto_pipeline to 2025-05-04 00:00:00+00:00, run_after=2025-05-05 00:00:00+00:00
[2025-05-04T03:58:47.457-0300] {processor.py:183} INFO - Processing /home/facuvega/Descargas/crypto-etl-airflow/dags/mi_primer_dag.py took 0.053 seconds
[2025-05-04T03:59:42.683-0300] {processor.py:161} INFO - Started process (PID=23111) to work on /home/facuvega/Descargas/crypto-etl-airflow/dags/mi_primer_dag.py
[2025-05-04T03:59:42.685-0300] {processor.py:830} INFO - Processing file /home/facuvega/Descargas/crypto-etl-airflow/dags/mi_primer_dag.py for tasks to queue
[2025-05-04T03:59:42.690-0300] {logging_mixin.py:188} INFO - [2025-05-04T03:59:42.689-0300] {dagbag.py:540} INFO - Filling up the DagBag from /home/facuvega/Descargas/crypto-etl-airflow/dags/mi_primer_dag.py
[2025-05-04T03:59:42.703-0300] {processor.py:840} INFO - DAG(s) 'crypto_pipeline' retrieved from /home/facuvega/Descargas/crypto-etl-airflow/dags/mi_primer_dag.py
[2025-05-04T03:59:42.721-0300] {logging_mixin.py:188} INFO - [2025-05-04T03:59:42.721-0300] {dag.py:3096} INFO - Sync 1 DAGs
[2025-05-04T03:59:42.743-0300] {logging_mixin.py:188} INFO - [2025-05-04T03:59:42.743-0300] {dag.py:3954} INFO - Setting next_dagrun for crypto_pipeline to 2025-05-04 00:00:00+00:00, run_after=2025-05-05 00:00:00+00:00
[2025-05-04T03:59:42.767-0300] {processor.py:183} INFO - Processing /home/facuvega/Descargas/crypto-etl-airflow/dags/mi_primer_dag.py took 0.096 seconds
[2025-05-04T04:00:21.306-0300] {processor.py:161} INFO - Started process (PID=23675) to work on /home/facuvega/Descargas/crypto-etl-airflow/dags/mi_primer_dag.py
[2025-05-04T04:00:21.307-0300] {processor.py:830} INFO - Processing file /home/facuvega/Descargas/crypto-etl-airflow/dags/mi_primer_dag.py for tasks to queue
[2025-05-04T04:00:21.309-0300] {logging_mixin.py:188} INFO - [2025-05-04T04:00:21.309-0300] {dagbag.py:540} INFO - Filling up the DagBag from /home/facuvega/Descargas/crypto-etl-airflow/dags/mi_primer_dag.py
[2025-05-04T04:00:21.318-0300] {processor.py:840} INFO - DAG(s) 'crypto_pipeline' retrieved from /home/facuvega/Descargas/crypto-etl-airflow/dags/mi_primer_dag.py
[2025-05-04T04:00:21.333-0300] {logging_mixin.py:188} INFO - [2025-05-04T04:00:21.333-0300] {dag.py:3096} INFO - Sync 1 DAGs
[2025-05-04T04:00:21.355-0300] {logging_mixin.py:188} INFO - [2025-05-04T04:00:21.354-0300] {dag.py:3954} INFO - Setting next_dagrun for crypto_pipeline to 2025-05-04 00:00:00+00:00, run_after=2025-05-05 00:00:00+00:00
[2025-05-04T04:00:21.376-0300] {processor.py:183} INFO - Processing /home/facuvega/Descargas/crypto-etl-airflow/dags/mi_primer_dag.py took 0.077 seconds
[2025-05-04T04:01:16.055-0300] {processor.py:161} INFO - Started process (PID=23998) to work on /home/facuvega/Descargas/crypto-etl-airflow/dags/mi_primer_dag.py
[2025-05-04T04:01:16.061-0300] {processor.py:830} INFO - Processing file /home/facuvega/Descargas/crypto-etl-airflow/dags/mi_primer_dag.py for tasks to queue
[2025-05-04T04:01:16.065-0300] {logging_mixin.py:188} INFO - [2025-05-04T04:01:16.065-0300] {dagbag.py:540} INFO - Filling up the DagBag from /home/facuvega/Descargas/crypto-etl-airflow/dags/mi_primer_dag.py
[2025-05-04T04:01:16.091-0300] {processor.py:840} INFO - DAG(s) 'crypto_pipeline' retrieved from /home/facuvega/Descargas/crypto-etl-airflow/dags/mi_primer_dag.py
[2025-05-04T04:01:16.113-0300] {logging_mixin.py:188} INFO - [2025-05-04T04:01:16.113-0300] {dag.py:3096} INFO - Sync 1 DAGs
[2025-05-04T04:01:16.131-0300] {logging_mixin.py:188} INFO - [2025-05-04T04:01:16.131-0300] {dag.py:3954} INFO - Setting next_dagrun for crypto_pipeline to 2025-05-04 00:00:00+00:00, run_after=2025-05-05 00:00:00+00:00
[2025-05-04T04:01:16.147-0300] {processor.py:183} INFO - Processing /home/facuvega/Descargas/crypto-etl-airflow/dags/mi_primer_dag.py took 0.102 seconds
[2025-05-04T04:02:00.728-0300] {processor.py:161} INFO - Started process (PID=24225) to work on /home/facuvega/Descargas/crypto-etl-airflow/dags/mi_primer_dag.py
[2025-05-04T04:02:00.729-0300] {processor.py:830} INFO - Processing file /home/facuvega/Descargas/crypto-etl-airflow/dags/mi_primer_dag.py for tasks to queue
[2025-05-04T04:02:00.731-0300] {logging_mixin.py:188} INFO - [2025-05-04T04:02:00.731-0300] {dagbag.py:540} INFO - Filling up the DagBag from /home/facuvega/Descargas/crypto-etl-airflow/dags/mi_primer_dag.py
[2025-05-04T04:02:00.749-0300] {processor.py:840} INFO - DAG(s) 'crypto_pipeline' retrieved from /home/facuvega/Descargas/crypto-etl-airflow/dags/mi_primer_dag.py
[2025-05-04T04:02:00.765-0300] {logging_mixin.py:188} INFO - [2025-05-04T04:02:00.764-0300] {dag.py:3096} INFO - Sync 1 DAGs
[2025-05-04T04:02:00.783-0300] {logging_mixin.py:188} INFO - [2025-05-04T04:02:00.783-0300] {dag.py:3954} INFO - Setting next_dagrun for crypto_pipeline to 2025-05-04 00:00:00+00:00, run_after=2025-05-05 00:00:00+00:00
[2025-05-04T04:02:00.854-0300] {processor.py:183} INFO - Processing /home/facuvega/Descargas/crypto-etl-airflow/dags/mi_primer_dag.py took 0.136 seconds
[2025-05-04T04:02:50.131-0300] {processor.py:161} INFO - Started process (PID=24655) to work on /home/facuvega/Descargas/crypto-etl-airflow/dags/mi_primer_dag.py
[2025-05-04T04:02:50.133-0300] {processor.py:830} INFO - Processing file /home/facuvega/Descargas/crypto-etl-airflow/dags/mi_primer_dag.py for tasks to queue
[2025-05-04T04:02:50.134-0300] {logging_mixin.py:188} INFO - [2025-05-04T04:02:50.134-0300] {dagbag.py:540} INFO - Filling up the DagBag from /home/facuvega/Descargas/crypto-etl-airflow/dags/mi_primer_dag.py
[2025-05-04T04:02:50.147-0300] {processor.py:840} INFO - DAG(s) 'crypto_pipeline' retrieved from /home/facuvega/Descargas/crypto-etl-airflow/dags/mi_primer_dag.py
[2025-05-04T04:02:50.448-0300] {logging_mixin.py:188} INFO - [2025-05-04T04:02:50.448-0300] {dag.py:3096} INFO - Sync 1 DAGs
[2025-05-04T04:02:50.458-0300] {logging_mixin.py:188} INFO - [2025-05-04T04:02:50.458-0300] {dag.py:3954} INFO - Setting next_dagrun for crypto_pipeline to 2025-05-04 00:00:00+00:00, run_after=2025-05-05 00:00:00+00:00
[2025-05-04T04:02:50.470-0300] {processor.py:183} INFO - Processing /home/facuvega/Descargas/crypto-etl-airflow/dags/mi_primer_dag.py took 0.343 seconds
[2025-05-04T04:03:51.342-0300] {processor.py:161} INFO - Started process (PID=25119) to work on /home/facuvega/Descargas/crypto-etl-airflow/dags/mi_primer_dag.py
[2025-05-04T04:03:51.343-0300] {processor.py:830} INFO - Processing file /home/facuvega/Descargas/crypto-etl-airflow/dags/mi_primer_dag.py for tasks to queue
[2025-05-04T04:03:51.345-0300] {logging_mixin.py:188} INFO - [2025-05-04T04:03:51.345-0300] {dagbag.py:540} INFO - Filling up the DagBag from /home/facuvega/Descargas/crypto-etl-airflow/dags/mi_primer_dag.py
[2025-05-04T04:03:51.352-0300] {processor.py:840} INFO - DAG(s) 'crypto_pipeline' retrieved from /home/facuvega/Descargas/crypto-etl-airflow/dags/mi_primer_dag.py
[2025-05-04T04:03:51.389-0300] {logging_mixin.py:188} INFO - [2025-05-04T04:03:51.389-0300] {dag.py:3096} INFO - Sync 1 DAGs
[2025-05-04T04:03:51.437-0300] {logging_mixin.py:188} INFO - [2025-05-04T04:03:51.437-0300] {dag.py:3954} INFO - Setting next_dagrun for crypto_pipeline to 2025-05-04 00:00:00+00:00, run_after=2025-05-05 00:00:00+00:00
[2025-05-04T04:03:51.468-0300] {processor.py:183} INFO - Processing /home/facuvega/Descargas/crypto-etl-airflow/dags/mi_primer_dag.py took 0.135 seconds
[2025-05-04T04:04:54.149-0300] {processor.py:161} INFO - Started process (PID=25895) to work on /home/facuvega/Descargas/crypto-etl-airflow/dags/mi_primer_dag.py
[2025-05-04T04:04:54.154-0300] {processor.py:830} INFO - Processing file /home/facuvega/Descargas/crypto-etl-airflow/dags/mi_primer_dag.py for tasks to queue
[2025-05-04T04:04:54.160-0300] {logging_mixin.py:188} INFO - [2025-05-04T04:04:54.159-0300] {dagbag.py:540} INFO - Filling up the DagBag from /home/facuvega/Descargas/crypto-etl-airflow/dags/mi_primer_dag.py
[2025-05-04T04:04:54.200-0300] {processor.py:840} INFO - DAG(s) 'crypto_pipeline' retrieved from /home/facuvega/Descargas/crypto-etl-airflow/dags/mi_primer_dag.py
[2025-05-04T04:04:54.238-0300] {logging_mixin.py:188} INFO - [2025-05-04T04:04:54.238-0300] {dag.py:3096} INFO - Sync 1 DAGs
[2025-05-04T04:04:54.273-0300] {logging_mixin.py:188} INFO - [2025-05-04T04:04:54.273-0300] {dag.py:3954} INFO - Setting next_dagrun for crypto_pipeline to 2025-05-04 00:00:00+00:00, run_after=2025-05-05 00:00:00+00:00
[2025-05-04T04:04:54.297-0300] {processor.py:183} INFO - Processing /home/facuvega/Descargas/crypto-etl-airflow/dags/mi_primer_dag.py took 0.159 seconds
[2025-05-04T04:05:40.861-0300] {processor.py:161} INFO - Started process (PID=26375) to work on /home/facuvega/Descargas/crypto-etl-airflow/dags/mi_primer_dag.py
[2025-05-04T04:05:40.862-0300] {processor.py:830} INFO - Processing file /home/facuvega/Descargas/crypto-etl-airflow/dags/mi_primer_dag.py for tasks to queue
[2025-05-04T04:05:40.864-0300] {logging_mixin.py:188} INFO - [2025-05-04T04:05:40.864-0300] {dagbag.py:540} INFO - Filling up the DagBag from /home/facuvega/Descargas/crypto-etl-airflow/dags/mi_primer_dag.py
[2025-05-04T04:05:40.871-0300] {processor.py:840} INFO - DAG(s) 'crypto_pipeline' retrieved from /home/facuvega/Descargas/crypto-etl-airflow/dags/mi_primer_dag.py
[2025-05-04T04:05:40.883-0300] {logging_mixin.py:188} INFO - [2025-05-04T04:05:40.883-0300] {dag.py:3096} INFO - Sync 1 DAGs
[2025-05-04T04:05:40.902-0300] {logging_mixin.py:188} INFO - [2025-05-04T04:05:40.902-0300] {dag.py:3954} INFO - Setting next_dagrun for crypto_pipeline to 2025-05-04 00:00:00+00:00, run_after=2025-05-05 00:00:00+00:00
[2025-05-04T04:05:40.915-0300] {processor.py:183} INFO - Processing /home/facuvega/Descargas/crypto-etl-airflow/dags/mi_primer_dag.py took 0.060 seconds
[2025-05-04T04:06:27.651-0300] {processor.py:161} INFO - Started process (PID=26659) to work on /home/facuvega/Descargas/crypto-etl-airflow/dags/mi_primer_dag.py
[2025-05-04T04:06:27.657-0300] {processor.py:830} INFO - Processing file /home/facuvega/Descargas/crypto-etl-airflow/dags/mi_primer_dag.py for tasks to queue
[2025-05-04T04:06:27.664-0300] {logging_mixin.py:188} INFO - [2025-05-04T04:06:27.662-0300] {dagbag.py:540} INFO - Filling up the DagBag from /home/facuvega/Descargas/crypto-etl-airflow/dags/mi_primer_dag.py
[2025-05-04T04:06:27.686-0300] {processor.py:840} INFO - DAG(s) 'crypto_pipeline' retrieved from /home/facuvega/Descargas/crypto-etl-airflow/dags/mi_primer_dag.py
[2025-05-04T04:06:27.746-0300] {logging_mixin.py:188} INFO - [2025-05-04T04:06:27.746-0300] {dag.py:3096} INFO - Sync 1 DAGs
[2025-05-04T04:06:27.805-0300] {logging_mixin.py:188} INFO - [2025-05-04T04:06:27.805-0300] {dag.py:3954} INFO - Setting next_dagrun for crypto_pipeline to 2025-05-04 00:00:00+00:00, run_after=2025-05-05 00:00:00+00:00
[2025-05-04T04:06:27.830-0300] {processor.py:183} INFO - Processing /home/facuvega/Descargas/crypto-etl-airflow/dags/mi_primer_dag.py took 0.205 seconds
[2025-05-04T04:07:16.422-0300] {processor.py:161} INFO - Started process (PID=26886) to work on /home/facuvega/Descargas/crypto-etl-airflow/dags/mi_primer_dag.py
[2025-05-04T04:07:16.423-0300] {processor.py:830} INFO - Processing file /home/facuvega/Descargas/crypto-etl-airflow/dags/mi_primer_dag.py for tasks to queue
[2025-05-04T04:07:16.427-0300] {logging_mixin.py:188} INFO - [2025-05-04T04:07:16.427-0300] {dagbag.py:540} INFO - Filling up the DagBag from /home/facuvega/Descargas/crypto-etl-airflow/dags/mi_primer_dag.py
[2025-05-04T04:07:16.449-0300] {processor.py:840} INFO - DAG(s) 'crypto_pipeline' retrieved from /home/facuvega/Descargas/crypto-etl-airflow/dags/mi_primer_dag.py
[2025-05-04T04:07:16.488-0300] {logging_mixin.py:188} INFO - [2025-05-04T04:07:16.488-0300] {dag.py:3096} INFO - Sync 1 DAGs
[2025-05-04T04:07:16.540-0300] {logging_mixin.py:188} INFO - [2025-05-04T04:07:16.540-0300] {dag.py:3954} INFO - Setting next_dagrun for crypto_pipeline to 2025-05-04 00:00:00+00:00, run_after=2025-05-05 00:00:00+00:00
[2025-05-04T04:07:16.560-0300] {processor.py:183} INFO - Processing /home/facuvega/Descargas/crypto-etl-airflow/dags/mi_primer_dag.py took 0.160 seconds
[2025-05-04T04:08:01.436-0300] {processor.py:161} INFO - Started process (PID=27144) to work on /home/facuvega/Descargas/crypto-etl-airflow/dags/mi_primer_dag.py
[2025-05-04T04:08:01.437-0300] {processor.py:830} INFO - Processing file /home/facuvega/Descargas/crypto-etl-airflow/dags/mi_primer_dag.py for tasks to queue
[2025-05-04T04:08:01.438-0300] {logging_mixin.py:188} INFO - [2025-05-04T04:08:01.438-0300] {dagbag.py:540} INFO - Filling up the DagBag from /home/facuvega/Descargas/crypto-etl-airflow/dags/mi_primer_dag.py
[2025-05-04T04:08:01.446-0300] {processor.py:840} INFO - DAG(s) 'crypto_pipeline' retrieved from /home/facuvega/Descargas/crypto-etl-airflow/dags/mi_primer_dag.py
[2025-05-04T04:08:01.459-0300] {logging_mixin.py:188} INFO - [2025-05-04T04:08:01.459-0300] {dag.py:3096} INFO - Sync 1 DAGs
[2025-05-04T04:08:01.479-0300] {logging_mixin.py:188} INFO - [2025-05-04T04:08:01.479-0300] {dag.py:3954} INFO - Setting next_dagrun for crypto_pipeline to 2025-05-04 00:00:00+00:00, run_after=2025-05-05 00:00:00+00:00
[2025-05-04T04:08:01.497-0300] {processor.py:183} INFO - Processing /home/facuvega/Descargas/crypto-etl-airflow/dags/mi_primer_dag.py took 0.067 seconds
[2025-05-04T04:09:38.905-0300] {processor.py:161} INFO - Started process (PID=27856) to work on /home/facuvega/Descargas/crypto-etl-airflow/dags/mi_primer_dag.py
[2025-05-04T04:09:38.906-0300] {processor.py:830} INFO - Processing file /home/facuvega/Descargas/crypto-etl-airflow/dags/mi_primer_dag.py for tasks to queue
[2025-05-04T04:09:38.908-0300] {logging_mixin.py:188} INFO - [2025-05-04T04:09:38.907-0300] {dagbag.py:540} INFO - Filling up the DagBag from /home/facuvega/Descargas/crypto-etl-airflow/dags/mi_primer_dag.py
[2025-05-04T04:09:38.917-0300] {processor.py:840} INFO - DAG(s) 'crypto_pipeline' retrieved from /home/facuvega/Descargas/crypto-etl-airflow/dags/mi_primer_dag.py
[2025-05-04T04:09:38.935-0300] {logging_mixin.py:188} INFO - [2025-05-04T04:09:38.934-0300] {dag.py:3096} INFO - Sync 1 DAGs
[2025-05-04T04:09:38.951-0300] {logging_mixin.py:188} INFO - [2025-05-04T04:09:38.951-0300] {dag.py:3954} INFO - Setting next_dagrun for crypto_pipeline to 2025-05-04 00:00:00+00:00, run_after=2025-05-05 00:00:00+00:00
[2025-05-04T04:09:38.969-0300] {processor.py:183} INFO - Processing /home/facuvega/Descargas/crypto-etl-airflow/dags/mi_primer_dag.py took 0.069 seconds
[2025-05-04T04:11:05.108-0300] {processor.py:161} INFO - Started process (PID=29150) to work on /home/facuvega/Descargas/crypto-etl-airflow/dags/mi_primer_dag.py
[2025-05-04T04:11:05.114-0300] {processor.py:830} INFO - Processing file /home/facuvega/Descargas/crypto-etl-airflow/dags/mi_primer_dag.py for tasks to queue
[2025-05-04T04:11:05.117-0300] {logging_mixin.py:188} INFO - [2025-05-04T04:11:05.117-0300] {dagbag.py:540} INFO - Filling up the DagBag from /home/facuvega/Descargas/crypto-etl-airflow/dags/mi_primer_dag.py
[2025-05-04T04:11:05.159-0300] {processor.py:840} INFO - DAG(s) 'crypto_pipeline' retrieved from /home/facuvega/Descargas/crypto-etl-airflow/dags/mi_primer_dag.py
[2025-05-04T04:11:05.203-0300] {logging_mixin.py:188} INFO - [2025-05-04T04:11:05.203-0300] {dag.py:3096} INFO - Sync 1 DAGs
[2025-05-04T04:11:05.239-0300] {logging_mixin.py:188} INFO - [2025-05-04T04:11:05.238-0300] {dag.py:3954} INFO - Setting next_dagrun for crypto_pipeline to 2025-05-04 00:00:00+00:00, run_after=2025-05-05 00:00:00+00:00
[2025-05-04T04:11:05.278-0300] {processor.py:183} INFO - Processing /home/facuvega/Descargas/crypto-etl-airflow/dags/mi_primer_dag.py took 0.188 seconds
[2025-05-04T04:11:54.906-0300] {processor.py:161} INFO - Started process (PID=29373) to work on /home/facuvega/Descargas/crypto-etl-airflow/dags/mi_primer_dag.py
[2025-05-04T04:11:54.909-0300] {processor.py:830} INFO - Processing file /home/facuvega/Descargas/crypto-etl-airflow/dags/mi_primer_dag.py for tasks to queue
[2025-05-04T04:11:54.911-0300] {logging_mixin.py:188} INFO - [2025-05-04T04:11:54.910-0300] {dagbag.py:540} INFO - Filling up the DagBag from /home/facuvega/Descargas/crypto-etl-airflow/dags/mi_primer_dag.py
[2025-05-04T04:11:54.920-0300] {processor.py:840} INFO - DAG(s) 'crypto_pipeline' retrieved from /home/facuvega/Descargas/crypto-etl-airflow/dags/mi_primer_dag.py
[2025-05-04T04:11:54.940-0300] {logging_mixin.py:188} INFO - [2025-05-04T04:11:54.939-0300] {dag.py:3096} INFO - Sync 1 DAGs
[2025-05-04T04:11:54.988-0300] {logging_mixin.py:188} INFO - [2025-05-04T04:11:54.985-0300] {dag.py:3954} INFO - Setting next_dagrun for crypto_pipeline to 2025-05-04 00:00:00+00:00, run_after=2025-05-05 00:00:00+00:00
[2025-05-04T04:11:55.076-0300] {processor.py:183} INFO - Processing /home/facuvega/Descargas/crypto-etl-airflow/dags/mi_primer_dag.py took 0.178 seconds
[2025-05-04T04:12:43.242-0300] {processor.py:161} INFO - Started process (PID=29596) to work on /home/facuvega/Descargas/crypto-etl-airflow/dags/mi_primer_dag.py
[2025-05-04T04:12:43.243-0300] {processor.py:830} INFO - Processing file /home/facuvega/Descargas/crypto-etl-airflow/dags/mi_primer_dag.py for tasks to queue
[2025-05-04T04:12:43.245-0300] {logging_mixin.py:188} INFO - [2025-05-04T04:12:43.245-0300] {dagbag.py:540} INFO - Filling up the DagBag from /home/facuvega/Descargas/crypto-etl-airflow/dags/mi_primer_dag.py
[2025-05-04T04:12:43.252-0300] {processor.py:840} INFO - DAG(s) 'crypto_pipeline' retrieved from /home/facuvega/Descargas/crypto-etl-airflow/dags/mi_primer_dag.py
[2025-05-04T04:12:43.263-0300] {logging_mixin.py:188} INFO - [2025-05-04T04:12:43.263-0300] {dag.py:3096} INFO - Sync 1 DAGs
[2025-05-04T04:12:43.277-0300] {logging_mixin.py:188} INFO - [2025-05-04T04:12:43.277-0300] {dag.py:3954} INFO - Setting next_dagrun for crypto_pipeline to 2025-05-04 00:00:00+00:00, run_after=2025-05-05 00:00:00+00:00
[2025-05-04T04:12:43.289-0300] {processor.py:183} INFO - Processing /home/facuvega/Descargas/crypto-etl-airflow/dags/mi_primer_dag.py took 0.052 seconds
[2025-05-04T04:13:25.358-0300] {processor.py:161} INFO - Started process (PID=29788) to work on /home/facuvega/Descargas/crypto-etl-airflow/dags/mi_primer_dag.py
[2025-05-04T04:13:25.358-0300] {processor.py:830} INFO - Processing file /home/facuvega/Descargas/crypto-etl-airflow/dags/mi_primer_dag.py for tasks to queue
[2025-05-04T04:13:25.360-0300] {logging_mixin.py:188} INFO - [2025-05-04T04:13:25.360-0300] {dagbag.py:540} INFO - Filling up the DagBag from /home/facuvega/Descargas/crypto-etl-airflow/dags/mi_primer_dag.py
[2025-05-04T04:13:25.367-0300] {processor.py:840} INFO - DAG(s) 'crypto_pipeline' retrieved from /home/facuvega/Descargas/crypto-etl-airflow/dags/mi_primer_dag.py
[2025-05-04T04:13:25.378-0300] {logging_mixin.py:188} INFO - [2025-05-04T04:13:25.378-0300] {dag.py:3096} INFO - Sync 1 DAGs
[2025-05-04T04:13:25.392-0300] {logging_mixin.py:188} INFO - [2025-05-04T04:13:25.392-0300] {dag.py:3954} INFO - Setting next_dagrun for crypto_pipeline to 2025-05-04 00:00:00+00:00, run_after=2025-05-05 00:00:00+00:00
[2025-05-04T04:13:25.407-0300] {processor.py:183} INFO - Processing /home/facuvega/Descargas/crypto-etl-airflow/dags/mi_primer_dag.py took 0.054 seconds
[2025-05-04T04:14:06.849-0300] {processor.py:161} INFO - Started process (PID=29970) to work on /home/facuvega/Descargas/crypto-etl-airflow/dags/mi_primer_dag.py
[2025-05-04T04:14:06.850-0300] {processor.py:830} INFO - Processing file /home/facuvega/Descargas/crypto-etl-airflow/dags/mi_primer_dag.py for tasks to queue
[2025-05-04T04:14:06.852-0300] {logging_mixin.py:188} INFO - [2025-05-04T04:14:06.852-0300] {dagbag.py:540} INFO - Filling up the DagBag from /home/facuvega/Descargas/crypto-etl-airflow/dags/mi_primer_dag.py
[2025-05-04T04:14:06.858-0300] {processor.py:840} INFO - DAG(s) 'crypto_pipeline' retrieved from /home/facuvega/Descargas/crypto-etl-airflow/dags/mi_primer_dag.py
[2025-05-04T04:14:06.869-0300] {logging_mixin.py:188} INFO - [2025-05-04T04:14:06.869-0300] {dag.py:3096} INFO - Sync 1 DAGs
[2025-05-04T04:14:06.883-0300] {logging_mixin.py:188} INFO - [2025-05-04T04:14:06.883-0300] {dag.py:3954} INFO - Setting next_dagrun for crypto_pipeline to 2025-05-04 00:00:00+00:00, run_after=2025-05-05 00:00:00+00:00
[2025-05-04T04:14:06.895-0300] {processor.py:183} INFO - Processing /home/facuvega/Descargas/crypto-etl-airflow/dags/mi_primer_dag.py took 0.051 seconds
[2025-05-04T04:14:46.484-0300] {processor.py:161} INFO - Started process (PID=30181) to work on /home/facuvega/Descargas/crypto-etl-airflow/dags/mi_primer_dag.py
[2025-05-04T04:14:46.485-0300] {processor.py:830} INFO - Processing file /home/facuvega/Descargas/crypto-etl-airflow/dags/mi_primer_dag.py for tasks to queue
[2025-05-04T04:14:46.487-0300] {logging_mixin.py:188} INFO - [2025-05-04T04:14:46.486-0300] {dagbag.py:540} INFO - Filling up the DagBag from /home/facuvega/Descargas/crypto-etl-airflow/dags/mi_primer_dag.py
[2025-05-04T04:14:46.493-0300] {processor.py:840} INFO - DAG(s) 'crypto_pipeline' retrieved from /home/facuvega/Descargas/crypto-etl-airflow/dags/mi_primer_dag.py
[2025-05-04T04:14:46.504-0300] {logging_mixin.py:188} INFO - [2025-05-04T04:14:46.504-0300] {dag.py:3096} INFO - Sync 1 DAGs
[2025-05-04T04:14:46.519-0300] {logging_mixin.py:188} INFO - [2025-05-04T04:14:46.519-0300] {dag.py:3954} INFO - Setting next_dagrun for crypto_pipeline to 2025-05-04 00:00:00+00:00, run_after=2025-05-05 00:00:00+00:00
[2025-05-04T04:14:46.531-0300] {processor.py:183} INFO - Processing /home/facuvega/Descargas/crypto-etl-airflow/dags/mi_primer_dag.py took 0.051 seconds
[2025-05-04T04:15:37.647-0300] {processor.py:161} INFO - Started process (PID=30498) to work on /home/facuvega/Descargas/crypto-etl-airflow/dags/mi_primer_dag.py
[2025-05-04T04:15:37.648-0300] {processor.py:830} INFO - Processing file /home/facuvega/Descargas/crypto-etl-airflow/dags/mi_primer_dag.py for tasks to queue
[2025-05-04T04:15:37.649-0300] {logging_mixin.py:188} INFO - [2025-05-04T04:15:37.649-0300] {dagbag.py:540} INFO - Filling up the DagBag from /home/facuvega/Descargas/crypto-etl-airflow/dags/mi_primer_dag.py
[2025-05-04T04:15:37.656-0300] {processor.py:840} INFO - DAG(s) 'crypto_pipeline' retrieved from /home/facuvega/Descargas/crypto-etl-airflow/dags/mi_primer_dag.py
[2025-05-04T04:15:37.668-0300] {logging_mixin.py:188} INFO - [2025-05-04T04:15:37.668-0300] {dag.py:3096} INFO - Sync 1 DAGs
[2025-05-04T04:15:37.684-0300] {logging_mixin.py:188} INFO - [2025-05-04T04:15:37.683-0300] {dag.py:3954} INFO - Setting next_dagrun for crypto_pipeline to 2025-05-04 00:00:00+00:00, run_after=2025-05-05 00:00:00+00:00
[2025-05-04T04:15:37.697-0300] {processor.py:183} INFO - Processing /home/facuvega/Descargas/crypto-etl-airflow/dags/mi_primer_dag.py took 0.055 seconds
[2025-05-04T04:16:27.555-0300] {processor.py:161} INFO - Started process (PID=30716) to work on /home/facuvega/Descargas/crypto-etl-airflow/dags/mi_primer_dag.py
[2025-05-04T04:16:27.557-0300] {processor.py:830} INFO - Processing file /home/facuvega/Descargas/crypto-etl-airflow/dags/mi_primer_dag.py for tasks to queue
[2025-05-04T04:16:27.559-0300] {logging_mixin.py:188} INFO - [2025-05-04T04:16:27.558-0300] {dagbag.py:540} INFO - Filling up the DagBag from /home/facuvega/Descargas/crypto-etl-airflow/dags/mi_primer_dag.py
[2025-05-04T04:16:27.567-0300] {processor.py:840} INFO - DAG(s) 'crypto_pipeline' retrieved from /home/facuvega/Descargas/crypto-etl-airflow/dags/mi_primer_dag.py
[2025-05-04T04:16:27.596-0300] {logging_mixin.py:188} INFO - [2025-05-04T04:16:27.596-0300] {dag.py:3096} INFO - Sync 1 DAGs
[2025-05-04T04:16:27.629-0300] {logging_mixin.py:188} INFO - [2025-05-04T04:16:27.629-0300] {dag.py:3954} INFO - Setting next_dagrun for crypto_pipeline to 2025-05-04 00:00:00+00:00, run_after=2025-05-05 00:00:00+00:00
[2025-05-04T04:16:27.651-0300] {processor.py:183} INFO - Processing /home/facuvega/Descargas/crypto-etl-airflow/dags/mi_primer_dag.py took 0.102 seconds
[2025-05-04T04:16:47.983-0300] {processor.py:161} INFO - Started process (PID=30982) to work on /home/facuvega/Descargas/crypto-etl-airflow/dags/mi_primer_dag.py
[2025-05-04T04:16:47.984-0300] {processor.py:830} INFO - Processing file /home/facuvega/Descargas/crypto-etl-airflow/dags/mi_primer_dag.py for tasks to queue
[2025-05-04T04:16:47.985-0300] {logging_mixin.py:188} INFO - [2025-05-04T04:16:47.985-0300] {dagbag.py:540} INFO - Filling up the DagBag from /home/facuvega/Descargas/crypto-etl-airflow/dags/mi_primer_dag.py
[2025-05-04T04:16:47.999-0300] {processor.py:840} INFO - DAG(s) 'crypto_pipeline' retrieved from /home/facuvega/Descargas/crypto-etl-airflow/dags/mi_primer_dag.py
[2025-05-04T04:16:48.022-0300] {logging_mixin.py:188} INFO - [2025-05-04T04:16:48.022-0300] {dag.py:3096} INFO - Sync 1 DAGs
[2025-05-04T04:16:48.047-0300] {logging_mixin.py:188} INFO - [2025-05-04T04:16:48.046-0300] {dag.py:3954} INFO - Setting next_dagrun for crypto_pipeline to 2025-05-04 00:00:00+00:00, run_after=2025-05-05 00:00:00+00:00
[2025-05-04T04:16:48.078-0300] {processor.py:183} INFO - Processing /home/facuvega/Descargas/crypto-etl-airflow/dags/mi_primer_dag.py took 0.101 seconds
[2025-05-04T04:17:47.849-0300] {processor.py:161} INFO - Started process (PID=31438) to work on /home/facuvega/Descargas/crypto-etl-airflow/dags/mi_primer_dag.py
[2025-05-04T04:17:47.851-0300] {processor.py:830} INFO - Processing file /home/facuvega/Descargas/crypto-etl-airflow/dags/mi_primer_dag.py for tasks to queue
[2025-05-04T04:17:47.853-0300] {logging_mixin.py:188} INFO - [2025-05-04T04:17:47.852-0300] {dagbag.py:540} INFO - Filling up the DagBag from /home/facuvega/Descargas/crypto-etl-airflow/dags/mi_primer_dag.py
[2025-05-04T04:17:47.869-0300] {processor.py:840} INFO - DAG(s) 'crypto_pipeline' retrieved from /home/facuvega/Descargas/crypto-etl-airflow/dags/mi_primer_dag.py
[2025-05-04T04:17:47.884-0300] {logging_mixin.py:188} INFO - [2025-05-04T04:17:47.884-0300] {dag.py:3096} INFO - Sync 1 DAGs
[2025-05-04T04:17:47.906-0300] {logging_mixin.py:188} INFO - [2025-05-04T04:17:47.905-0300] {dag.py:3954} INFO - Setting next_dagrun for crypto_pipeline to 2025-05-04 00:00:00+00:00, run_after=2025-05-05 00:00:00+00:00
[2025-05-04T04:17:47.919-0300] {processor.py:183} INFO - Processing /home/facuvega/Descargas/crypto-etl-airflow/dags/mi_primer_dag.py took 0.076 seconds
[2025-05-04T04:18:29.612-0300] {processor.py:161} INFO - Started process (PID=31952) to work on /home/facuvega/Descargas/crypto-etl-airflow/dags/mi_primer_dag.py
[2025-05-04T04:18:29.613-0300] {processor.py:830} INFO - Processing file /home/facuvega/Descargas/crypto-etl-airflow/dags/mi_primer_dag.py for tasks to queue
[2025-05-04T04:18:29.615-0300] {logging_mixin.py:188} INFO - [2025-05-04T04:18:29.614-0300] {dagbag.py:540} INFO - Filling up the DagBag from /home/facuvega/Descargas/crypto-etl-airflow/dags/mi_primer_dag.py
[2025-05-04T04:18:29.626-0300] {processor.py:840} INFO - DAG(s) 'crypto_pipeline' retrieved from /home/facuvega/Descargas/crypto-etl-airflow/dags/mi_primer_dag.py
[2025-05-04T04:18:29.643-0300] {logging_mixin.py:188} INFO - [2025-05-04T04:18:29.643-0300] {dag.py:3096} INFO - Sync 1 DAGs
[2025-05-04T04:18:29.667-0300] {logging_mixin.py:188} INFO - [2025-05-04T04:18:29.667-0300] {dag.py:3954} INFO - Setting next_dagrun for crypto_pipeline to 2025-05-04 00:00:00+00:00, run_after=2025-05-05 00:00:00+00:00
[2025-05-04T04:18:29.687-0300] {processor.py:183} INFO - Processing /home/facuvega/Descargas/crypto-etl-airflow/dags/mi_primer_dag.py took 0.084 seconds
[2025-05-04T04:19:19.983-0300] {processor.py:161} INFO - Started process (PID=32644) to work on /home/facuvega/Descargas/crypto-etl-airflow/dags/mi_primer_dag.py
[2025-05-04T04:19:19.984-0300] {processor.py:830} INFO - Processing file /home/facuvega/Descargas/crypto-etl-airflow/dags/mi_primer_dag.py for tasks to queue
[2025-05-04T04:19:19.987-0300] {logging_mixin.py:188} INFO - [2025-05-04T04:19:19.986-0300] {dagbag.py:540} INFO - Filling up the DagBag from /home/facuvega/Descargas/crypto-etl-airflow/dags/mi_primer_dag.py
[2025-05-04T04:19:19.997-0300] {processor.py:840} INFO - DAG(s) 'crypto_pipeline' retrieved from /home/facuvega/Descargas/crypto-etl-airflow/dags/mi_primer_dag.py
[2025-05-04T04:19:20.014-0300] {logging_mixin.py:188} INFO - [2025-05-04T04:19:20.014-0300] {dag.py:3096} INFO - Sync 1 DAGs
[2025-05-04T04:19:20.036-0300] {logging_mixin.py:188} INFO - [2025-05-04T04:19:20.036-0300] {dag.py:3954} INFO - Setting next_dagrun for crypto_pipeline to 2025-05-04 00:00:00+00:00, run_after=2025-05-05 00:00:00+00:00
[2025-05-04T04:19:20.057-0300] {processor.py:183} INFO - Processing /home/facuvega/Descargas/crypto-etl-airflow/dags/mi_primer_dag.py took 0.084 seconds
[2025-05-04T04:19:51.874-0300] {processor.py:161} INFO - Started process (PID=32873) to work on /home/facuvega/Descargas/crypto-etl-airflow/dags/mi_primer_dag.py
[2025-05-04T04:19:51.875-0300] {processor.py:830} INFO - Processing file /home/facuvega/Descargas/crypto-etl-airflow/dags/mi_primer_dag.py for tasks to queue
[2025-05-04T04:19:51.877-0300] {logging_mixin.py:188} INFO - [2025-05-04T04:19:51.876-0300] {dagbag.py:540} INFO - Filling up the DagBag from /home/facuvega/Descargas/crypto-etl-airflow/dags/mi_primer_dag.py
[2025-05-04T04:19:51.886-0300] {processor.py:840} INFO - DAG(s) 'crypto_pipeline' retrieved from /home/facuvega/Descargas/crypto-etl-airflow/dags/mi_primer_dag.py
[2025-05-04T04:19:51.903-0300] {logging_mixin.py:188} INFO - [2025-05-04T04:19:51.903-0300] {dag.py:3096} INFO - Sync 1 DAGs
[2025-05-04T04:19:51.927-0300] {logging_mixin.py:188} INFO - [2025-05-04T04:19:51.927-0300] {dag.py:3954} INFO - Setting next_dagrun for crypto_pipeline to 2025-05-04 00:00:00+00:00, run_after=2025-05-05 00:00:00+00:00
[2025-05-04T04:19:51.949-0300] {processor.py:183} INFO - Processing /home/facuvega/Descargas/crypto-etl-airflow/dags/mi_primer_dag.py took 0.081 seconds
[2025-05-04T04:20:39.102-0300] {processor.py:161} INFO - Started process (PID=33090) to work on /home/facuvega/Descargas/crypto-etl-airflow/dags/mi_primer_dag.py
[2025-05-04T04:20:39.103-0300] {processor.py:830} INFO - Processing file /home/facuvega/Descargas/crypto-etl-airflow/dags/mi_primer_dag.py for tasks to queue
[2025-05-04T04:20:39.105-0300] {logging_mixin.py:188} INFO - [2025-05-04T04:20:39.104-0300] {dagbag.py:540} INFO - Filling up the DagBag from /home/facuvega/Descargas/crypto-etl-airflow/dags/mi_primer_dag.py
[2025-05-04T04:20:39.113-0300] {processor.py:840} INFO - DAG(s) 'crypto_pipeline' retrieved from /home/facuvega/Descargas/crypto-etl-airflow/dags/mi_primer_dag.py
[2025-05-04T04:20:39.129-0300] {logging_mixin.py:188} INFO - [2025-05-04T04:20:39.128-0300] {dag.py:3096} INFO - Sync 1 DAGs
[2025-05-04T04:20:39.153-0300] {logging_mixin.py:188} INFO - [2025-05-04T04:20:39.153-0300] {dag.py:3954} INFO - Setting next_dagrun for crypto_pipeline to 2025-05-04 00:00:00+00:00, run_after=2025-05-05 00:00:00+00:00
[2025-05-04T04:20:39.172-0300] {processor.py:183} INFO - Processing /home/facuvega/Descargas/crypto-etl-airflow/dags/mi_primer_dag.py took 0.076 seconds
[2025-05-04T04:21:21.460-0300] {processor.py:161} INFO - Started process (PID=33281) to work on /home/facuvega/Descargas/crypto-etl-airflow/dags/mi_primer_dag.py
[2025-05-04T04:21:21.462-0300] {processor.py:830} INFO - Processing file /home/facuvega/Descargas/crypto-etl-airflow/dags/mi_primer_dag.py for tasks to queue
[2025-05-04T04:21:21.463-0300] {logging_mixin.py:188} INFO - [2025-05-04T04:21:21.463-0300] {dagbag.py:540} INFO - Filling up the DagBag from /home/facuvega/Descargas/crypto-etl-airflow/dags/mi_primer_dag.py
[2025-05-04T04:21:21.471-0300] {processor.py:840} INFO - DAG(s) 'crypto_pipeline' retrieved from /home/facuvega/Descargas/crypto-etl-airflow/dags/mi_primer_dag.py
[2025-05-04T04:21:21.484-0300] {logging_mixin.py:188} INFO - [2025-05-04T04:21:21.484-0300] {dag.py:3096} INFO - Sync 1 DAGs
[2025-05-04T04:21:21.500-0300] {logging_mixin.py:188} INFO - [2025-05-04T04:21:21.500-0300] {dag.py:3954} INFO - Setting next_dagrun for crypto_pipeline to 2025-05-04 00:00:00+00:00, run_after=2025-05-05 00:00:00+00:00
[2025-05-04T04:21:21.513-0300] {processor.py:183} INFO - Processing /home/facuvega/Descargas/crypto-etl-airflow/dags/mi_primer_dag.py took 0.058 seconds
[2025-05-04T04:21:58.503-0300] {processor.py:161} INFO - Started process (PID=33668) to work on /home/facuvega/Descargas/crypto-etl-airflow/dags/mi_primer_dag.py
[2025-05-04T04:21:58.504-0300] {processor.py:830} INFO - Processing file /home/facuvega/Descargas/crypto-etl-airflow/dags/mi_primer_dag.py for tasks to queue
[2025-05-04T04:21:58.506-0300] {logging_mixin.py:188} INFO - [2025-05-04T04:21:58.505-0300] {dagbag.py:540} INFO - Filling up the DagBag from /home/facuvega/Descargas/crypto-etl-airflow/dags/mi_primer_dag.py
[2025-05-04T04:21:58.518-0300] {processor.py:840} INFO - DAG(s) 'crypto_pipeline' retrieved from /home/facuvega/Descargas/crypto-etl-airflow/dags/mi_primer_dag.py
[2025-05-04T04:21:58.537-0300] {logging_mixin.py:188} INFO - [2025-05-04T04:21:58.537-0300] {dag.py:3096} INFO - Sync 1 DAGs
[2025-05-04T04:21:58.553-0300] {logging_mixin.py:188} INFO - [2025-05-04T04:21:58.552-0300] {dag.py:3954} INFO - Setting next_dagrun for crypto_pipeline to 2025-05-04 00:00:00+00:00, run_after=2025-05-05 00:00:00+00:00
[2025-05-04T04:21:58.565-0300] {processor.py:183} INFO - Processing /home/facuvega/Descargas/crypto-etl-airflow/dags/mi_primer_dag.py took 0.066 seconds
[2025-05-04T04:22:57.458-0300] {processor.py:161} INFO - Started process (PID=34238) to work on /home/facuvega/Descargas/crypto-etl-airflow/dags/mi_primer_dag.py
[2025-05-04T04:22:57.459-0300] {processor.py:830} INFO - Processing file /home/facuvega/Descargas/crypto-etl-airflow/dags/mi_primer_dag.py for tasks to queue
[2025-05-04T04:22:57.460-0300] {logging_mixin.py:188} INFO - [2025-05-04T04:22:57.460-0300] {dagbag.py:540} INFO - Filling up the DagBag from /home/facuvega/Descargas/crypto-etl-airflow/dags/mi_primer_dag.py
[2025-05-04T04:22:57.468-0300] {processor.py:840} INFO - DAG(s) 'crypto_pipeline' retrieved from /home/facuvega/Descargas/crypto-etl-airflow/dags/mi_primer_dag.py
[2025-05-04T04:22:57.481-0300] {logging_mixin.py:188} INFO - [2025-05-04T04:22:57.480-0300] {dag.py:3096} INFO - Sync 1 DAGs
[2025-05-04T04:22:57.503-0300] {logging_mixin.py:188} INFO - [2025-05-04T04:22:57.503-0300] {dag.py:3954} INFO - Setting next_dagrun for crypto_pipeline to 2025-05-04 00:00:00+00:00, run_after=2025-05-05 00:00:00+00:00
[2025-05-04T04:22:57.517-0300] {processor.py:183} INFO - Processing /home/facuvega/Descargas/crypto-etl-airflow/dags/mi_primer_dag.py took 0.071 seconds
[2025-05-04T04:23:46.178-0300] {processor.py:161} INFO - Started process (PID=34999) to work on /home/facuvega/Descargas/crypto-etl-airflow/dags/mi_primer_dag.py
[2025-05-04T04:23:46.180-0300] {processor.py:830} INFO - Processing file /home/facuvega/Descargas/crypto-etl-airflow/dags/mi_primer_dag.py for tasks to queue
[2025-05-04T04:23:46.184-0300] {logging_mixin.py:188} INFO - [2025-05-04T04:23:46.183-0300] {dagbag.py:540} INFO - Filling up the DagBag from /home/facuvega/Descargas/crypto-etl-airflow/dags/mi_primer_dag.py
[2025-05-04T04:23:46.198-0300] {processor.py:840} INFO - DAG(s) 'crypto_pipeline' retrieved from /home/facuvega/Descargas/crypto-etl-airflow/dags/mi_primer_dag.py
[2025-05-04T04:23:46.220-0300] {logging_mixin.py:188} INFO - [2025-05-04T04:23:46.220-0300] {dag.py:3096} INFO - Sync 1 DAGs
[2025-05-04T04:23:46.248-0300] {logging_mixin.py:188} INFO - [2025-05-04T04:23:46.247-0300] {dag.py:3954} INFO - Setting next_dagrun for crypto_pipeline to 2025-05-04 00:00:00+00:00, run_after=2025-05-05 00:00:00+00:00
[2025-05-04T04:23:46.273-0300] {processor.py:183} INFO - Processing /home/facuvega/Descargas/crypto-etl-airflow/dags/mi_primer_dag.py took 0.104 seconds
