[2025-04-27T23:00:19.323-0300] {processor.py:161} INFO - Started process (PID=51606) to work on /home/facuvega/Descargas/crypto-etl-airflow/airflow-apache/lib/python3.11/site-packages/airflow/example_dags/subdags/subdag.py
[2025-04-27T23:00:19.328-0300] {processor.py:830} INFO - Processing file /home/facuvega/Descargas/crypto-etl-airflow/airflow-apache/lib/python3.11/site-packages/airflow/example_dags/subdags/subdag.py for tasks to queue
[2025-04-27T23:00:19.329-0300] {logging_mixin.py:188} INFO - [2025-04-27T23:00:19.329-0300] {dagbag.py:540} INFO - Filling up the DagBag from /home/facuvega/Descargas/crypto-etl-airflow/airflow-apache/lib/python3.11/site-packages/airflow/example_dags/subdags/subdag.py
[2025-04-27T23:00:19.355-0300] {processor.py:842} WARNING - No viable dags retrieved from /home/facuvega/Descargas/crypto-etl-airflow/airflow-apache/lib/python3.11/site-packages/airflow/example_dags/subdags/subdag.py
[2025-04-27T23:00:19.378-0300] {processor.py:183} INFO - Processing /home/facuvega/Descargas/crypto-etl-airflow/airflow-apache/lib/python3.11/site-packages/airflow/example_dags/subdags/subdag.py took 0.069 seconds
[2025-04-27T23:05:16.854-0300] {processor.py:161} INFO - Started process (PID=53575) to work on /home/facuvega/Descargas/crypto-etl-airflow/airflow-apache/lib/python3.11/site-packages/airflow/example_dags/subdags/subdag.py
[2025-04-27T23:05:16.855-0300] {processor.py:830} INFO - Processing file /home/facuvega/Descargas/crypto-etl-airflow/airflow-apache/lib/python3.11/site-packages/airflow/example_dags/subdags/subdag.py for tasks to queue
[2025-04-27T23:05:16.857-0300] {logging_mixin.py:188} INFO - [2025-04-27T23:05:16.857-0300] {dagbag.py:540} INFO - Filling up the DagBag from /home/facuvega/Descargas/crypto-etl-airflow/airflow-apache/lib/python3.11/site-packages/airflow/example_dags/subdags/subdag.py
[2025-04-27T23:05:16.859-0300] {processor.py:842} WARNING - No viable dags retrieved from /home/facuvega/Descargas/crypto-etl-airflow/airflow-apache/lib/python3.11/site-packages/airflow/example_dags/subdags/subdag.py
[2025-04-27T23:05:16.869-0300] {processor.py:183} INFO - Processing /home/facuvega/Descargas/crypto-etl-airflow/airflow-apache/lib/python3.11/site-packages/airflow/example_dags/subdags/subdag.py took 0.020 seconds
[2025-04-27T23:06:12.408-0300] {processor.py:161} INFO - Started process (PID=54056) to work on /home/facuvega/Descargas/crypto-etl-airflow/airflow-apache/lib/python3.11/site-packages/airflow/example_dags/subdags/subdag.py
[2025-04-27T23:06:12.409-0300] {processor.py:830} INFO - Processing file /home/facuvega/Descargas/crypto-etl-airflow/airflow-apache/lib/python3.11/site-packages/airflow/example_dags/subdags/subdag.py for tasks to queue
[2025-04-27T23:06:12.410-0300] {logging_mixin.py:188} INFO - [2025-04-27T23:06:12.410-0300] {dagbag.py:540} INFO - Filling up the DagBag from /home/facuvega/Descargas/crypto-etl-airflow/airflow-apache/lib/python3.11/site-packages/airflow/example_dags/subdags/subdag.py
[2025-04-27T23:06:12.413-0300] {processor.py:842} WARNING - No viable dags retrieved from /home/facuvega/Descargas/crypto-etl-airflow/airflow-apache/lib/python3.11/site-packages/airflow/example_dags/subdags/subdag.py
[2025-04-27T23:06:12.422-0300] {processor.py:183} INFO - Processing /home/facuvega/Descargas/crypto-etl-airflow/airflow-apache/lib/python3.11/site-packages/airflow/example_dags/subdags/subdag.py took 0.020 seconds
[2025-04-27T23:06:53.480-0300] {processor.py:161} INFO - Started process (PID=54431) to work on /home/facuvega/Descargas/crypto-etl-airflow/airflow-apache/lib/python3.11/site-packages/airflow/example_dags/subdags/subdag.py
[2025-04-27T23:06:53.481-0300] {processor.py:830} INFO - Processing file /home/facuvega/Descargas/crypto-etl-airflow/airflow-apache/lib/python3.11/site-packages/airflow/example_dags/subdags/subdag.py for tasks to queue
[2025-04-27T23:06:53.483-0300] {logging_mixin.py:188} INFO - [2025-04-27T23:06:53.483-0300] {dagbag.py:540} INFO - Filling up the DagBag from /home/facuvega/Descargas/crypto-etl-airflow/airflow-apache/lib/python3.11/site-packages/airflow/example_dags/subdags/subdag.py
[2025-04-27T23:06:53.485-0300] {processor.py:842} WARNING - No viable dags retrieved from /home/facuvega/Descargas/crypto-etl-airflow/airflow-apache/lib/python3.11/site-packages/airflow/example_dags/subdags/subdag.py
[2025-04-27T23:06:53.494-0300] {processor.py:183} INFO - Processing /home/facuvega/Descargas/crypto-etl-airflow/airflow-apache/lib/python3.11/site-packages/airflow/example_dags/subdags/subdag.py took 0.019 seconds
[2025-04-27T23:07:33.322-0300] {processor.py:161} INFO - Started process (PID=54608) to work on /home/facuvega/Descargas/crypto-etl-airflow/airflow-apache/lib/python3.11/site-packages/airflow/example_dags/subdags/subdag.py
[2025-04-27T23:07:33.323-0300] {processor.py:830} INFO - Processing file /home/facuvega/Descargas/crypto-etl-airflow/airflow-apache/lib/python3.11/site-packages/airflow/example_dags/subdags/subdag.py for tasks to queue
[2025-04-27T23:07:33.324-0300] {logging_mixin.py:188} INFO - [2025-04-27T23:07:33.324-0300] {dagbag.py:540} INFO - Filling up the DagBag from /home/facuvega/Descargas/crypto-etl-airflow/airflow-apache/lib/python3.11/site-packages/airflow/example_dags/subdags/subdag.py
[2025-04-27T23:07:33.326-0300] {processor.py:842} WARNING - No viable dags retrieved from /home/facuvega/Descargas/crypto-etl-airflow/airflow-apache/lib/python3.11/site-packages/airflow/example_dags/subdags/subdag.py
[2025-04-27T23:07:33.334-0300] {processor.py:183} INFO - Processing /home/facuvega/Descargas/crypto-etl-airflow/airflow-apache/lib/python3.11/site-packages/airflow/example_dags/subdags/subdag.py took 0.019 seconds
[2025-04-27T23:08:13.337-0300] {processor.py:161} INFO - Started process (PID=54789) to work on /home/facuvega/Descargas/crypto-etl-airflow/airflow-apache/lib/python3.11/site-packages/airflow/example_dags/subdags/subdag.py
[2025-04-27T23:08:13.338-0300] {processor.py:830} INFO - Processing file /home/facuvega/Descargas/crypto-etl-airflow/airflow-apache/lib/python3.11/site-packages/airflow/example_dags/subdags/subdag.py for tasks to queue
[2025-04-27T23:08:13.339-0300] {logging_mixin.py:188} INFO - [2025-04-27T23:08:13.339-0300] {dagbag.py:540} INFO - Filling up the DagBag from /home/facuvega/Descargas/crypto-etl-airflow/airflow-apache/lib/python3.11/site-packages/airflow/example_dags/subdags/subdag.py
[2025-04-27T23:08:13.341-0300] {processor.py:842} WARNING - No viable dags retrieved from /home/facuvega/Descargas/crypto-etl-airflow/airflow-apache/lib/python3.11/site-packages/airflow/example_dags/subdags/subdag.py
[2025-04-27T23:08:13.349-0300] {processor.py:183} INFO - Processing /home/facuvega/Descargas/crypto-etl-airflow/airflow-apache/lib/python3.11/site-packages/airflow/example_dags/subdags/subdag.py took 0.017 seconds
[2025-04-27T23:08:56.577-0300] {processor.py:161} INFO - Started process (PID=54981) to work on /home/facuvega/Descargas/crypto-etl-airflow/airflow-apache/lib/python3.11/site-packages/airflow/example_dags/subdags/subdag.py
[2025-04-27T23:08:56.578-0300] {processor.py:830} INFO - Processing file /home/facuvega/Descargas/crypto-etl-airflow/airflow-apache/lib/python3.11/site-packages/airflow/example_dags/subdags/subdag.py for tasks to queue
[2025-04-27T23:08:56.580-0300] {logging_mixin.py:188} INFO - [2025-04-27T23:08:56.579-0300] {dagbag.py:540} INFO - Filling up the DagBag from /home/facuvega/Descargas/crypto-etl-airflow/airflow-apache/lib/python3.11/site-packages/airflow/example_dags/subdags/subdag.py
[2025-04-27T23:08:56.581-0300] {processor.py:842} WARNING - No viable dags retrieved from /home/facuvega/Descargas/crypto-etl-airflow/airflow-apache/lib/python3.11/site-packages/airflow/example_dags/subdags/subdag.py
[2025-04-27T23:08:56.590-0300] {processor.py:183} INFO - Processing /home/facuvega/Descargas/crypto-etl-airflow/airflow-apache/lib/python3.11/site-packages/airflow/example_dags/subdags/subdag.py took 0.018 seconds
[2025-04-27T23:09:38.861-0300] {processor.py:161} INFO - Started process (PID=55170) to work on /home/facuvega/Descargas/crypto-etl-airflow/airflow-apache/lib/python3.11/site-packages/airflow/example_dags/subdags/subdag.py
[2025-04-27T23:09:38.862-0300] {processor.py:830} INFO - Processing file /home/facuvega/Descargas/crypto-etl-airflow/airflow-apache/lib/python3.11/site-packages/airflow/example_dags/subdags/subdag.py for tasks to queue
[2025-04-27T23:09:38.863-0300] {logging_mixin.py:188} INFO - [2025-04-27T23:09:38.863-0300] {dagbag.py:540} INFO - Filling up the DagBag from /home/facuvega/Descargas/crypto-etl-airflow/airflow-apache/lib/python3.11/site-packages/airflow/example_dags/subdags/subdag.py
[2025-04-27T23:09:38.865-0300] {processor.py:842} WARNING - No viable dags retrieved from /home/facuvega/Descargas/crypto-etl-airflow/airflow-apache/lib/python3.11/site-packages/airflow/example_dags/subdags/subdag.py
[2025-04-27T23:09:38.873-0300] {processor.py:183} INFO - Processing /home/facuvega/Descargas/crypto-etl-airflow/airflow-apache/lib/python3.11/site-packages/airflow/example_dags/subdags/subdag.py took 0.017 seconds
[2025-04-27T23:10:17.560-0300] {processor.py:161} INFO - Started process (PID=55392) to work on /home/facuvega/Descargas/crypto-etl-airflow/airflow-apache/lib/python3.11/site-packages/airflow/example_dags/subdags/subdag.py
[2025-04-27T23:10:17.561-0300] {processor.py:830} INFO - Processing file /home/facuvega/Descargas/crypto-etl-airflow/airflow-apache/lib/python3.11/site-packages/airflow/example_dags/subdags/subdag.py for tasks to queue
[2025-04-27T23:10:17.565-0300] {logging_mixin.py:188} INFO - [2025-04-27T23:10:17.564-0300] {dagbag.py:540} INFO - Filling up the DagBag from /home/facuvega/Descargas/crypto-etl-airflow/airflow-apache/lib/python3.11/site-packages/airflow/example_dags/subdags/subdag.py
[2025-04-27T23:10:17.567-0300] {processor.py:842} WARNING - No viable dags retrieved from /home/facuvega/Descargas/crypto-etl-airflow/airflow-apache/lib/python3.11/site-packages/airflow/example_dags/subdags/subdag.py
[2025-04-27T23:10:17.585-0300] {processor.py:183} INFO - Processing /home/facuvega/Descargas/crypto-etl-airflow/airflow-apache/lib/python3.11/site-packages/airflow/example_dags/subdags/subdag.py took 0.031 seconds
[2025-04-27T23:10:58.026-0300] {processor.py:161} INFO - Started process (PID=55699) to work on /home/facuvega/Descargas/crypto-etl-airflow/airflow-apache/lib/python3.11/site-packages/airflow/example_dags/subdags/subdag.py
[2025-04-27T23:10:58.027-0300] {processor.py:830} INFO - Processing file /home/facuvega/Descargas/crypto-etl-airflow/airflow-apache/lib/python3.11/site-packages/airflow/example_dags/subdags/subdag.py for tasks to queue
[2025-04-27T23:10:58.028-0300] {logging_mixin.py:188} INFO - [2025-04-27T23:10:58.028-0300] {dagbag.py:540} INFO - Filling up the DagBag from /home/facuvega/Descargas/crypto-etl-airflow/airflow-apache/lib/python3.11/site-packages/airflow/example_dags/subdags/subdag.py
[2025-04-27T23:10:58.030-0300] {processor.py:842} WARNING - No viable dags retrieved from /home/facuvega/Descargas/crypto-etl-airflow/airflow-apache/lib/python3.11/site-packages/airflow/example_dags/subdags/subdag.py
[2025-04-27T23:10:58.039-0300] {processor.py:183} INFO - Processing /home/facuvega/Descargas/crypto-etl-airflow/airflow-apache/lib/python3.11/site-packages/airflow/example_dags/subdags/subdag.py took 0.020 seconds
[2025-04-27T23:11:38.092-0300] {processor.py:161} INFO - Started process (PID=55920) to work on /home/facuvega/Descargas/crypto-etl-airflow/airflow-apache/lib/python3.11/site-packages/airflow/example_dags/subdags/subdag.py
[2025-04-27T23:11:38.093-0300] {processor.py:830} INFO - Processing file /home/facuvega/Descargas/crypto-etl-airflow/airflow-apache/lib/python3.11/site-packages/airflow/example_dags/subdags/subdag.py for tasks to queue
[2025-04-27T23:11:38.095-0300] {logging_mixin.py:188} INFO - [2025-04-27T23:11:38.094-0300] {dagbag.py:540} INFO - Filling up the DagBag from /home/facuvega/Descargas/crypto-etl-airflow/airflow-apache/lib/python3.11/site-packages/airflow/example_dags/subdags/subdag.py
[2025-04-27T23:11:38.097-0300] {processor.py:842} WARNING - No viable dags retrieved from /home/facuvega/Descargas/crypto-etl-airflow/airflow-apache/lib/python3.11/site-packages/airflow/example_dags/subdags/subdag.py
[2025-04-27T23:11:38.105-0300] {processor.py:183} INFO - Processing /home/facuvega/Descargas/crypto-etl-airflow/airflow-apache/lib/python3.11/site-packages/airflow/example_dags/subdags/subdag.py took 0.018 seconds
[2025-04-27T23:12:17.547-0300] {processor.py:161} INFO - Started process (PID=56103) to work on /home/facuvega/Descargas/crypto-etl-airflow/airflow-apache/lib/python3.11/site-packages/airflow/example_dags/subdags/subdag.py
[2025-04-27T23:12:17.548-0300] {processor.py:830} INFO - Processing file /home/facuvega/Descargas/crypto-etl-airflow/airflow-apache/lib/python3.11/site-packages/airflow/example_dags/subdags/subdag.py for tasks to queue
[2025-04-27T23:12:17.549-0300] {logging_mixin.py:188} INFO - [2025-04-27T23:12:17.549-0300] {dagbag.py:540} INFO - Filling up the DagBag from /home/facuvega/Descargas/crypto-etl-airflow/airflow-apache/lib/python3.11/site-packages/airflow/example_dags/subdags/subdag.py
[2025-04-27T23:12:17.551-0300] {processor.py:842} WARNING - No viable dags retrieved from /home/facuvega/Descargas/crypto-etl-airflow/airflow-apache/lib/python3.11/site-packages/airflow/example_dags/subdags/subdag.py
[2025-04-27T23:12:17.560-0300] {processor.py:183} INFO - Processing /home/facuvega/Descargas/crypto-etl-airflow/airflow-apache/lib/python3.11/site-packages/airflow/example_dags/subdags/subdag.py took 0.018 seconds
[2025-04-27T23:12:55.659-0300] {processor.py:161} INFO - Started process (PID=56282) to work on /home/facuvega/Descargas/crypto-etl-airflow/airflow-apache/lib/python3.11/site-packages/airflow/example_dags/subdags/subdag.py
[2025-04-27T23:12:55.660-0300] {processor.py:830} INFO - Processing file /home/facuvega/Descargas/crypto-etl-airflow/airflow-apache/lib/python3.11/site-packages/airflow/example_dags/subdags/subdag.py for tasks to queue
[2025-04-27T23:12:55.662-0300] {logging_mixin.py:188} INFO - [2025-04-27T23:12:55.661-0300] {dagbag.py:540} INFO - Filling up the DagBag from /home/facuvega/Descargas/crypto-etl-airflow/airflow-apache/lib/python3.11/site-packages/airflow/example_dags/subdags/subdag.py
[2025-04-27T23:12:55.663-0300] {processor.py:842} WARNING - No viable dags retrieved from /home/facuvega/Descargas/crypto-etl-airflow/airflow-apache/lib/python3.11/site-packages/airflow/example_dags/subdags/subdag.py
[2025-04-27T23:12:55.671-0300] {processor.py:183} INFO - Processing /home/facuvega/Descargas/crypto-etl-airflow/airflow-apache/lib/python3.11/site-packages/airflow/example_dags/subdags/subdag.py took 0.017 seconds
[2025-04-27T23:13:35.083-0300] {processor.py:161} INFO - Started process (PID=56486) to work on /home/facuvega/Descargas/crypto-etl-airflow/airflow-apache/lib/python3.11/site-packages/airflow/example_dags/subdags/subdag.py
[2025-04-27T23:13:35.084-0300] {processor.py:830} INFO - Processing file /home/facuvega/Descargas/crypto-etl-airflow/airflow-apache/lib/python3.11/site-packages/airflow/example_dags/subdags/subdag.py for tasks to queue
[2025-04-27T23:13:35.087-0300] {logging_mixin.py:188} INFO - [2025-04-27T23:13:35.086-0300] {dagbag.py:540} INFO - Filling up the DagBag from /home/facuvega/Descargas/crypto-etl-airflow/airflow-apache/lib/python3.11/site-packages/airflow/example_dags/subdags/subdag.py
[2025-04-27T23:13:35.089-0300] {processor.py:842} WARNING - No viable dags retrieved from /home/facuvega/Descargas/crypto-etl-airflow/airflow-apache/lib/python3.11/site-packages/airflow/example_dags/subdags/subdag.py
[2025-04-27T23:13:35.099-0300] {processor.py:183} INFO - Processing /home/facuvega/Descargas/crypto-etl-airflow/airflow-apache/lib/python3.11/site-packages/airflow/example_dags/subdags/subdag.py took 0.022 seconds
[2025-04-27T23:14:19.616-0300] {processor.py:161} INFO - Started process (PID=56687) to work on /home/facuvega/Descargas/crypto-etl-airflow/airflow-apache/lib/python3.11/site-packages/airflow/example_dags/subdags/subdag.py
[2025-04-27T23:14:19.618-0300] {processor.py:830} INFO - Processing file /home/facuvega/Descargas/crypto-etl-airflow/airflow-apache/lib/python3.11/site-packages/airflow/example_dags/subdags/subdag.py for tasks to queue
[2025-04-27T23:14:19.624-0300] {logging_mixin.py:188} INFO - [2025-04-27T23:14:19.621-0300] {dagbag.py:540} INFO - Filling up the DagBag from /home/facuvega/Descargas/crypto-etl-airflow/airflow-apache/lib/python3.11/site-packages/airflow/example_dags/subdags/subdag.py
[2025-04-27T23:14:19.629-0300] {processor.py:842} WARNING - No viable dags retrieved from /home/facuvega/Descargas/crypto-etl-airflow/airflow-apache/lib/python3.11/site-packages/airflow/example_dags/subdags/subdag.py
[2025-04-27T23:14:19.682-0300] {processor.py:183} INFO - Processing /home/facuvega/Descargas/crypto-etl-airflow/airflow-apache/lib/python3.11/site-packages/airflow/example_dags/subdags/subdag.py took 0.073 seconds
[2025-04-27T23:15:06.083-0300] {processor.py:161} INFO - Started process (PID=56899) to work on /home/facuvega/Descargas/crypto-etl-airflow/airflow-apache/lib/python3.11/site-packages/airflow/example_dags/subdags/subdag.py
[2025-04-27T23:15:06.084-0300] {processor.py:830} INFO - Processing file /home/facuvega/Descargas/crypto-etl-airflow/airflow-apache/lib/python3.11/site-packages/airflow/example_dags/subdags/subdag.py for tasks to queue
[2025-04-27T23:15:06.086-0300] {logging_mixin.py:188} INFO - [2025-04-27T23:15:06.085-0300] {dagbag.py:540} INFO - Filling up the DagBag from /home/facuvega/Descargas/crypto-etl-airflow/airflow-apache/lib/python3.11/site-packages/airflow/example_dags/subdags/subdag.py
[2025-04-27T23:15:06.087-0300] {processor.py:842} WARNING - No viable dags retrieved from /home/facuvega/Descargas/crypto-etl-airflow/airflow-apache/lib/python3.11/site-packages/airflow/example_dags/subdags/subdag.py
[2025-04-27T23:15:06.099-0300] {processor.py:183} INFO - Processing /home/facuvega/Descargas/crypto-etl-airflow/airflow-apache/lib/python3.11/site-packages/airflow/example_dags/subdags/subdag.py took 0.021 seconds
[2025-04-27T23:15:42.137-0300] {processor.py:161} INFO - Started process (PID=57116) to work on /home/facuvega/Descargas/crypto-etl-airflow/airflow-apache/lib/python3.11/site-packages/airflow/example_dags/subdags/subdag.py
[2025-04-27T23:15:42.138-0300] {processor.py:830} INFO - Processing file /home/facuvega/Descargas/crypto-etl-airflow/airflow-apache/lib/python3.11/site-packages/airflow/example_dags/subdags/subdag.py for tasks to queue
[2025-04-27T23:15:42.139-0300] {logging_mixin.py:188} INFO - [2025-04-27T23:15:42.139-0300] {dagbag.py:540} INFO - Filling up the DagBag from /home/facuvega/Descargas/crypto-etl-airflow/airflow-apache/lib/python3.11/site-packages/airflow/example_dags/subdags/subdag.py
[2025-04-27T23:15:42.141-0300] {processor.py:842} WARNING - No viable dags retrieved from /home/facuvega/Descargas/crypto-etl-airflow/airflow-apache/lib/python3.11/site-packages/airflow/example_dags/subdags/subdag.py
[2025-04-27T23:15:42.150-0300] {processor.py:183} INFO - Processing /home/facuvega/Descargas/crypto-etl-airflow/airflow-apache/lib/python3.11/site-packages/airflow/example_dags/subdags/subdag.py took 0.019 seconds
[2025-04-27T23:16:19.701-0300] {processor.py:161} INFO - Started process (PID=57297) to work on /home/facuvega/Descargas/crypto-etl-airflow/airflow-apache/lib/python3.11/site-packages/airflow/example_dags/subdags/subdag.py
[2025-04-27T23:16:19.702-0300] {processor.py:830} INFO - Processing file /home/facuvega/Descargas/crypto-etl-airflow/airflow-apache/lib/python3.11/site-packages/airflow/example_dags/subdags/subdag.py for tasks to queue
[2025-04-27T23:16:19.705-0300] {logging_mixin.py:188} INFO - [2025-04-27T23:16:19.704-0300] {dagbag.py:540} INFO - Filling up the DagBag from /home/facuvega/Descargas/crypto-etl-airflow/airflow-apache/lib/python3.11/site-packages/airflow/example_dags/subdags/subdag.py
[2025-04-27T23:16:19.707-0300] {processor.py:842} WARNING - No viable dags retrieved from /home/facuvega/Descargas/crypto-etl-airflow/airflow-apache/lib/python3.11/site-packages/airflow/example_dags/subdags/subdag.py
[2025-04-27T23:16:19.723-0300] {processor.py:183} INFO - Processing /home/facuvega/Descargas/crypto-etl-airflow/airflow-apache/lib/python3.11/site-packages/airflow/example_dags/subdags/subdag.py took 0.030 seconds
[2025-04-27T23:16:59.578-0300] {processor.py:161} INFO - Started process (PID=57517) to work on /home/facuvega/Descargas/crypto-etl-airflow/airflow-apache/lib/python3.11/site-packages/airflow/example_dags/subdags/subdag.py
[2025-04-27T23:16:59.579-0300] {processor.py:830} INFO - Processing file /home/facuvega/Descargas/crypto-etl-airflow/airflow-apache/lib/python3.11/site-packages/airflow/example_dags/subdags/subdag.py for tasks to queue
[2025-04-27T23:16:59.581-0300] {logging_mixin.py:188} INFO - [2025-04-27T23:16:59.580-0300] {dagbag.py:540} INFO - Filling up the DagBag from /home/facuvega/Descargas/crypto-etl-airflow/airflow-apache/lib/python3.11/site-packages/airflow/example_dags/subdags/subdag.py
[2025-04-27T23:16:59.582-0300] {processor.py:842} WARNING - No viable dags retrieved from /home/facuvega/Descargas/crypto-etl-airflow/airflow-apache/lib/python3.11/site-packages/airflow/example_dags/subdags/subdag.py
[2025-04-27T23:16:59.590-0300] {processor.py:183} INFO - Processing /home/facuvega/Descargas/crypto-etl-airflow/airflow-apache/lib/python3.11/site-packages/airflow/example_dags/subdags/subdag.py took 0.017 seconds
[2025-04-27T23:17:44.063-0300] {processor.py:161} INFO - Started process (PID=57753) to work on /home/facuvega/Descargas/crypto-etl-airflow/airflow-apache/lib/python3.11/site-packages/airflow/example_dags/subdags/subdag.py
[2025-04-27T23:17:44.064-0300] {processor.py:830} INFO - Processing file /home/facuvega/Descargas/crypto-etl-airflow/airflow-apache/lib/python3.11/site-packages/airflow/example_dags/subdags/subdag.py for tasks to queue
[2025-04-27T23:17:44.065-0300] {logging_mixin.py:188} INFO - [2025-04-27T23:17:44.065-0300] {dagbag.py:540} INFO - Filling up the DagBag from /home/facuvega/Descargas/crypto-etl-airflow/airflow-apache/lib/python3.11/site-packages/airflow/example_dags/subdags/subdag.py
[2025-04-27T23:17:44.067-0300] {processor.py:842} WARNING - No viable dags retrieved from /home/facuvega/Descargas/crypto-etl-airflow/airflow-apache/lib/python3.11/site-packages/airflow/example_dags/subdags/subdag.py
[2025-04-27T23:17:44.076-0300] {processor.py:183} INFO - Processing /home/facuvega/Descargas/crypto-etl-airflow/airflow-apache/lib/python3.11/site-packages/airflow/example_dags/subdags/subdag.py took 0.017 seconds
[2025-04-27T23:18:30.664-0300] {processor.py:161} INFO - Started process (PID=58089) to work on /home/facuvega/Descargas/crypto-etl-airflow/airflow-apache/lib/python3.11/site-packages/airflow/example_dags/subdags/subdag.py
[2025-04-27T23:18:30.665-0300] {processor.py:830} INFO - Processing file /home/facuvega/Descargas/crypto-etl-airflow/airflow-apache/lib/python3.11/site-packages/airflow/example_dags/subdags/subdag.py for tasks to queue
[2025-04-27T23:18:30.667-0300] {logging_mixin.py:188} INFO - [2025-04-27T23:18:30.667-0300] {dagbag.py:540} INFO - Filling up the DagBag from /home/facuvega/Descargas/crypto-etl-airflow/airflow-apache/lib/python3.11/site-packages/airflow/example_dags/subdags/subdag.py
[2025-04-27T23:18:30.670-0300] {processor.py:842} WARNING - No viable dags retrieved from /home/facuvega/Descargas/crypto-etl-airflow/airflow-apache/lib/python3.11/site-packages/airflow/example_dags/subdags/subdag.py
[2025-04-27T23:18:30.683-0300] {processor.py:183} INFO - Processing /home/facuvega/Descargas/crypto-etl-airflow/airflow-apache/lib/python3.11/site-packages/airflow/example_dags/subdags/subdag.py took 0.024 seconds
