[2025-05-03T05:34:39.148-0300] {local_task_job_runner.py:120} INFO - ::group::Pre task execution logs
[2025-05-03T05:34:39.185-0300] {taskinstance.py:2073} INFO - Dependencies all met for dep_context=non-requeueable deps ti=<TaskInstance: crypto_pipeline.run_etl manual__2025-05-03T08:34:28.983757+00:00 [queued]>
[2025-05-03T05:34:39.189-0300] {taskinstance.py:2073} INFO - Dependencies all met for dep_context=requeueable deps ti=<TaskInstance: crypto_pipeline.run_etl manual__2025-05-03T08:34:28.983757+00:00 [queued]>
[2025-05-03T05:34:39.189-0300] {taskinstance.py:2303} INFO - Starting attempt 1 of 2
[2025-05-03T05:34:39.200-0300] {taskinstance.py:2327} INFO - Executing <Task(BashOperator): run_etl> on 2025-05-03 08:34:28.983757+00:00
[2025-05-03T05:34:39.212-0300] {standard_task_runner.py:63} INFO - Started process 42530 to run task
[2025-05-03T05:34:39.220-0300] {standard_task_runner.py:90} INFO - Running: ['airflow', 'tasks', 'run', 'crypto_pipeline', 'run_etl', 'manual__2025-05-03T08:34:28.983757+00:00', '--job-id', '21', '--raw', '--subdir', 'DAGS_FOLDER/mi_primer_dag.py', '--cfg-path', '/tmp/tmpspj9merm']
[2025-05-03T05:34:39.227-0300] {standard_task_runner.py:91} INFO - Job 21: Subtask run_etl
[2025-05-03T05:34:39.271-0300] {task_command.py:426} INFO - Running <TaskInstance: crypto_pipeline.run_etl manual__2025-05-03T08:34:28.983757+00:00 [running]> on host facuvega
[2025-05-03T05:34:39.327-0300] {taskinstance.py:2644} INFO - Exporting env vars: AIRFLOW_CTX_DAG_OWNER='airflow' AIRFLOW_CTX_DAG_ID='crypto_pipeline' AIRFLOW_CTX_TASK_ID='run_etl' AIRFLOW_CTX_EXECUTION_DATE='2025-05-03T08:34:28.983757+00:00' AIRFLOW_CTX_TRY_NUMBER='1' AIRFLOW_CTX_DAG_RUN_ID='manual__2025-05-03T08:34:28.983757+00:00'
[2025-05-03T05:34:39.329-0300] {taskinstance.py:430} INFO - ::endgroup::
[2025-05-03T05:34:39.329-0300] {subprocess.py:63} INFO - Tmp dir root location: /tmp
[2025-05-03T05:34:39.330-0300] {subprocess.py:75} INFO - Running command: ['/usr/bin/bash', '-c', 'python /home/facuvega/Descargas/crypto-etl-airflow/scripts/etl.py']
[2025-05-03T05:34:39.356-0300] {subprocess.py:86} INFO - Output:
[2025-05-03T05:34:40.616-0300] {subprocess.py:93} INFO - ⏳ Ejecutando ETL...
[2025-05-03T05:34:40.616-0300] {subprocess.py:93} INFO - ✅ Datos validados correctamente
[2025-05-03T05:34:40.617-0300] {subprocess.py:93} INFO - ✅ Nuevo registro guardado para BTC
[2025-05-03T05:34:40.617-0300] {subprocess.py:93} INFO - ✅ Nuevo registro guardado para ETH
[2025-05-03T05:34:40.617-0300] {subprocess.py:93} INFO - ✅ Nuevo registro guardado para USDT
[2025-05-03T05:34:40.617-0300] {subprocess.py:93} INFO - ✅ Nuevo registro guardado para XRP
[2025-05-03T05:34:40.617-0300] {subprocess.py:93} INFO - ✅ Nuevo registro guardado para BNB
[2025-05-03T05:34:40.617-0300] {subprocess.py:93} INFO - ✅ Datos guardados correctamente en la base de datos
[2025-05-03T05:34:40.617-0300] {subprocess.py:93} INFO - ✅ ETL completado correctamente
[2025-05-03T05:34:40.932-0300] {subprocess.py:97} INFO - Command exited with return code 0
[2025-05-03T05:34:40.934-0300] {taskinstance.py:441} INFO - ::group::Post task execution logs
[2025-05-03T05:34:40.957-0300] {taskinstance.py:1205} INFO - Marking task as SUCCESS. dag_id=crypto_pipeline, task_id=run_etl, execution_date=20250503T083428, start_date=20250503T083439, end_date=20250503T083440
[2025-05-03T05:34:41.038-0300] {local_task_job_runner.py:240} INFO - Task exited with return code 0
[2025-05-03T05:34:41.066-0300] {taskinstance.py:3482} INFO - 1 downstream tasks scheduled from follow-on schedule check
[2025-05-03T05:34:41.072-0300] {local_task_job_runner.py:222} INFO - ::endgroup::
