[2025-05-04T03:50:30.358-0300] {processor.py:161} INFO - Started process (PID=19477) to work on /home/facuvega/Descargas/crypto-etl-airflow/airflow-apache/lib/python3.11/site-packages/airflow/example_dags/plugins/workday.py
[2025-05-04T03:50:30.377-0300] {processor.py:830} INFO - Processing file /home/facuvega/Descargas/crypto-etl-airflow/airflow-apache/lib/python3.11/site-packages/airflow/example_dags/plugins/workday.py for tasks to queue
[2025-05-04T03:50:30.414-0300] {logging_mixin.py:188} INFO - [2025-05-04T03:50:30.393-0300] {dagbag.py:540} INFO - Filling up the DagBag from /home/facuvega/Descargas/crypto-etl-airflow/airflow-apache/lib/python3.11/site-packages/airflow/example_dags/plugins/workday.py
[2025-05-04T03:50:34.376-0300] {processor.py:842} WARNING - No viable dags retrieved from /home/facuvega/Descargas/crypto-etl-airflow/airflow-apache/lib/python3.11/site-packages/airflow/example_dags/plugins/workday.py
[2025-05-04T03:50:34.386-0300] {processor.py:183} INFO - Processing /home/facuvega/Descargas/crypto-etl-airflow/airflow-apache/lib/python3.11/site-packages/airflow/example_dags/plugins/workday.py took 4.156 seconds
[2025-05-04T03:51:28.204-0300] {processor.py:161} INFO - Started process (PID=19834) to work on /home/facuvega/Descargas/crypto-etl-airflow/airflow-apache/lib/python3.11/site-packages/airflow/example_dags/plugins/workday.py
[2025-05-04T03:51:28.204-0300] {processor.py:830} INFO - Processing file /home/facuvega/Descargas/crypto-etl-airflow/airflow-apache/lib/python3.11/site-packages/airflow/example_dags/plugins/workday.py for tasks to queue
[2025-05-04T03:51:28.206-0300] {logging_mixin.py:188} INFO - [2025-05-04T03:51:28.205-0300] {dagbag.py:540} INFO - Filling up the DagBag from /home/facuvega/Descargas/crypto-etl-airflow/airflow-apache/lib/python3.11/site-packages/airflow/example_dags/plugins/workday.py
[2025-05-04T03:51:28.473-0300] {processor.py:842} WARNING - No viable dags retrieved from /home/facuvega/Descargas/crypto-etl-airflow/airflow-apache/lib/python3.11/site-packages/airflow/example_dags/plugins/workday.py
[2025-05-04T03:51:28.479-0300] {processor.py:183} INFO - Processing /home/facuvega/Descargas/crypto-etl-airflow/airflow-apache/lib/python3.11/site-packages/airflow/example_dags/plugins/workday.py took 0.281 seconds
[2025-05-04T03:52:12.134-0300] {processor.py:161} INFO - Started process (PID=20032) to work on /home/facuvega/Descargas/crypto-etl-airflow/airflow-apache/lib/python3.11/site-packages/airflow/example_dags/plugins/workday.py
[2025-05-04T03:52:12.135-0300] {processor.py:830} INFO - Processing file /home/facuvega/Descargas/crypto-etl-airflow/airflow-apache/lib/python3.11/site-packages/airflow/example_dags/plugins/workday.py for tasks to queue
[2025-05-04T03:52:12.136-0300] {logging_mixin.py:188} INFO - [2025-05-04T03:52:12.136-0300] {dagbag.py:540} INFO - Filling up the DagBag from /home/facuvega/Descargas/crypto-etl-airflow/airflow-apache/lib/python3.11/site-packages/airflow/example_dags/plugins/workday.py
[2025-05-04T03:52:12.470-0300] {processor.py:842} WARNING - No viable dags retrieved from /home/facuvega/Descargas/crypto-etl-airflow/airflow-apache/lib/python3.11/site-packages/airflow/example_dags/plugins/workday.py
[2025-05-04T03:52:12.476-0300] {processor.py:183} INFO - Processing /home/facuvega/Descargas/crypto-etl-airflow/airflow-apache/lib/python3.11/site-packages/airflow/example_dags/plugins/workday.py took 0.347 seconds
[2025-05-04T03:52:55.901-0300] {processor.py:161} INFO - Started process (PID=20247) to work on /home/facuvega/Descargas/crypto-etl-airflow/airflow-apache/lib/python3.11/site-packages/airflow/example_dags/plugins/workday.py
[2025-05-04T03:52:55.902-0300] {processor.py:830} INFO - Processing file /home/facuvega/Descargas/crypto-etl-airflow/airflow-apache/lib/python3.11/site-packages/airflow/example_dags/plugins/workday.py for tasks to queue
[2025-05-04T03:52:55.904-0300] {logging_mixin.py:188} INFO - [2025-05-04T03:52:55.904-0300] {dagbag.py:540} INFO - Filling up the DagBag from /home/facuvega/Descargas/crypto-etl-airflow/airflow-apache/lib/python3.11/site-packages/airflow/example_dags/plugins/workday.py
[2025-05-04T03:52:56.100-0300] {processor.py:842} WARNING - No viable dags retrieved from /home/facuvega/Descargas/crypto-etl-airflow/airflow-apache/lib/python3.11/site-packages/airflow/example_dags/plugins/workday.py
[2025-05-04T03:52:56.106-0300] {processor.py:183} INFO - Processing /home/facuvega/Descargas/crypto-etl-airflow/airflow-apache/lib/python3.11/site-packages/airflow/example_dags/plugins/workday.py took 0.210 seconds
[2025-05-04T03:53:48.205-0300] {processor.py:161} INFO - Started process (PID=20812) to work on /home/facuvega/Descargas/crypto-etl-airflow/airflow-apache/lib/python3.11/site-packages/airflow/example_dags/plugins/workday.py
[2025-05-04T03:53:48.206-0300] {processor.py:830} INFO - Processing file /home/facuvega/Descargas/crypto-etl-airflow/airflow-apache/lib/python3.11/site-packages/airflow/example_dags/plugins/workday.py for tasks to queue
[2025-05-04T03:53:48.209-0300] {logging_mixin.py:188} INFO - [2025-05-04T03:53:48.208-0300] {dagbag.py:540} INFO - Filling up the DagBag from /home/facuvega/Descargas/crypto-etl-airflow/airflow-apache/lib/python3.11/site-packages/airflow/example_dags/plugins/workday.py
[2025-05-04T03:53:48.964-0300] {processor.py:842} WARNING - No viable dags retrieved from /home/facuvega/Descargas/crypto-etl-airflow/airflow-apache/lib/python3.11/site-packages/airflow/example_dags/plugins/workday.py
[2025-05-04T03:53:49.039-0300] {processor.py:183} INFO - Processing /home/facuvega/Descargas/crypto-etl-airflow/airflow-apache/lib/python3.11/site-packages/airflow/example_dags/plugins/workday.py took 0.843 seconds
[2025-05-04T03:54:33.630-0300] {processor.py:161} INFO - Started process (PID=21026) to work on /home/facuvega/Descargas/crypto-etl-airflow/airflow-apache/lib/python3.11/site-packages/airflow/example_dags/plugins/workday.py
[2025-05-04T03:54:33.631-0300] {processor.py:830} INFO - Processing file /home/facuvega/Descargas/crypto-etl-airflow/airflow-apache/lib/python3.11/site-packages/airflow/example_dags/plugins/workday.py for tasks to queue
[2025-05-04T03:54:33.633-0300] {logging_mixin.py:188} INFO - [2025-05-04T03:54:33.633-0300] {dagbag.py:540} INFO - Filling up the DagBag from /home/facuvega/Descargas/crypto-etl-airflow/airflow-apache/lib/python3.11/site-packages/airflow/example_dags/plugins/workday.py
[2025-05-04T03:54:33.879-0300] {processor.py:842} WARNING - No viable dags retrieved from /home/facuvega/Descargas/crypto-etl-airflow/airflow-apache/lib/python3.11/site-packages/airflow/example_dags/plugins/workday.py
[2025-05-04T03:54:33.887-0300] {processor.py:183} INFO - Processing /home/facuvega/Descargas/crypto-etl-airflow/airflow-apache/lib/python3.11/site-packages/airflow/example_dags/plugins/workday.py took 0.263 seconds
[2025-05-04T03:55:13.699-0300] {processor.py:161} INFO - Started process (PID=21214) to work on /home/facuvega/Descargas/crypto-etl-airflow/airflow-apache/lib/python3.11/site-packages/airflow/example_dags/plugins/workday.py
[2025-05-04T03:55:13.700-0300] {processor.py:830} INFO - Processing file /home/facuvega/Descargas/crypto-etl-airflow/airflow-apache/lib/python3.11/site-packages/airflow/example_dags/plugins/workday.py for tasks to queue
[2025-05-04T03:55:13.704-0300] {logging_mixin.py:188} INFO - [2025-05-04T03:55:13.704-0300] {dagbag.py:540} INFO - Filling up the DagBag from /home/facuvega/Descargas/crypto-etl-airflow/airflow-apache/lib/python3.11/site-packages/airflow/example_dags/plugins/workday.py
[2025-05-04T03:55:14.207-0300] {processor.py:842} WARNING - No viable dags retrieved from /home/facuvega/Descargas/crypto-etl-airflow/airflow-apache/lib/python3.11/site-packages/airflow/example_dags/plugins/workday.py
[2025-05-04T03:55:14.216-0300] {processor.py:183} INFO - Processing /home/facuvega/Descargas/crypto-etl-airflow/airflow-apache/lib/python3.11/site-packages/airflow/example_dags/plugins/workday.py took 0.524 seconds
[2025-05-04T03:56:04.695-0300] {processor.py:161} INFO - Started process (PID=21549) to work on /home/facuvega/Descargas/crypto-etl-airflow/airflow-apache/lib/python3.11/site-packages/airflow/example_dags/plugins/workday.py
[2025-05-04T03:56:04.696-0300] {processor.py:830} INFO - Processing file /home/facuvega/Descargas/crypto-etl-airflow/airflow-apache/lib/python3.11/site-packages/airflow/example_dags/plugins/workday.py for tasks to queue
[2025-05-04T03:56:04.698-0300] {logging_mixin.py:188} INFO - [2025-05-04T03:56:04.697-0300] {dagbag.py:540} INFO - Filling up the DagBag from /home/facuvega/Descargas/crypto-etl-airflow/airflow-apache/lib/python3.11/site-packages/airflow/example_dags/plugins/workday.py
[2025-05-04T03:56:04.912-0300] {processor.py:842} WARNING - No viable dags retrieved from /home/facuvega/Descargas/crypto-etl-airflow/airflow-apache/lib/python3.11/site-packages/airflow/example_dags/plugins/workday.py
[2025-05-04T03:56:04.919-0300] {processor.py:183} INFO - Processing /home/facuvega/Descargas/crypto-etl-airflow/airflow-apache/lib/python3.11/site-packages/airflow/example_dags/plugins/workday.py took 0.229 seconds
[2025-05-04T03:56:44.522-0300] {processor.py:161} INFO - Started process (PID=21723) to work on /home/facuvega/Descargas/crypto-etl-airflow/airflow-apache/lib/python3.11/site-packages/airflow/example_dags/plugins/workday.py
[2025-05-04T03:56:44.523-0300] {processor.py:830} INFO - Processing file /home/facuvega/Descargas/crypto-etl-airflow/airflow-apache/lib/python3.11/site-packages/airflow/example_dags/plugins/workday.py for tasks to queue
[2025-05-04T03:56:44.525-0300] {logging_mixin.py:188} INFO - [2025-05-04T03:56:44.524-0300] {dagbag.py:540} INFO - Filling up the DagBag from /home/facuvega/Descargas/crypto-etl-airflow/airflow-apache/lib/python3.11/site-packages/airflow/example_dags/plugins/workday.py
[2025-05-04T03:56:44.761-0300] {processor.py:842} WARNING - No viable dags retrieved from /home/facuvega/Descargas/crypto-etl-airflow/airflow-apache/lib/python3.11/site-packages/airflow/example_dags/plugins/workday.py
[2025-05-04T03:56:44.769-0300] {processor.py:183} INFO - Processing /home/facuvega/Descargas/crypto-etl-airflow/airflow-apache/lib/python3.11/site-packages/airflow/example_dags/plugins/workday.py took 0.253 seconds
[2025-05-04T03:57:56.641-0300] {processor.py:161} INFO - Started process (PID=22379) to work on /home/facuvega/Descargas/crypto-etl-airflow/airflow-apache/lib/python3.11/site-packages/airflow/example_dags/plugins/workday.py
[2025-05-04T03:57:56.642-0300] {processor.py:830} INFO - Processing file /home/facuvega/Descargas/crypto-etl-airflow/airflow-apache/lib/python3.11/site-packages/airflow/example_dags/plugins/workday.py for tasks to queue
[2025-05-04T03:57:56.643-0300] {logging_mixin.py:188} INFO - [2025-05-04T03:57:56.643-0300] {dagbag.py:540} INFO - Filling up the DagBag from /home/facuvega/Descargas/crypto-etl-airflow/airflow-apache/lib/python3.11/site-packages/airflow/example_dags/plugins/workday.py
[2025-05-04T03:57:57.107-0300] {processor.py:842} WARNING - No viable dags retrieved from /home/facuvega/Descargas/crypto-etl-airflow/airflow-apache/lib/python3.11/site-packages/airflow/example_dags/plugins/workday.py
[2025-05-04T03:57:57.112-0300] {processor.py:183} INFO - Processing /home/facuvega/Descargas/crypto-etl-airflow/airflow-apache/lib/python3.11/site-packages/airflow/example_dags/plugins/workday.py took 0.476 seconds
[2025-05-04T03:58:51.366-0300] {processor.py:161} INFO - Started process (PID=22749) to work on /home/facuvega/Descargas/crypto-etl-airflow/airflow-apache/lib/python3.11/site-packages/airflow/example_dags/plugins/workday.py
[2025-05-04T03:58:51.368-0300] {processor.py:830} INFO - Processing file /home/facuvega/Descargas/crypto-etl-airflow/airflow-apache/lib/python3.11/site-packages/airflow/example_dags/plugins/workday.py for tasks to queue
[2025-05-04T03:58:51.369-0300] {logging_mixin.py:188} INFO - [2025-05-04T03:58:51.369-0300] {dagbag.py:540} INFO - Filling up the DagBag from /home/facuvega/Descargas/crypto-etl-airflow/airflow-apache/lib/python3.11/site-packages/airflow/example_dags/plugins/workday.py
[2025-05-04T03:58:51.941-0300] {processor.py:842} WARNING - No viable dags retrieved from /home/facuvega/Descargas/crypto-etl-airflow/airflow-apache/lib/python3.11/site-packages/airflow/example_dags/plugins/workday.py
[2025-05-04T03:58:51.952-0300] {processor.py:183} INFO - Processing /home/facuvega/Descargas/crypto-etl-airflow/airflow-apache/lib/python3.11/site-packages/airflow/example_dags/plugins/workday.py took 0.590 seconds
[2025-05-04T03:59:56.876-0300] {processor.py:161} INFO - Started process (PID=23352) to work on /home/facuvega/Descargas/crypto-etl-airflow/airflow-apache/lib/python3.11/site-packages/airflow/example_dags/plugins/workday.py
[2025-05-04T03:59:56.878-0300] {processor.py:830} INFO - Processing file /home/facuvega/Descargas/crypto-etl-airflow/airflow-apache/lib/python3.11/site-packages/airflow/example_dags/plugins/workday.py for tasks to queue
[2025-05-04T03:59:56.880-0300] {logging_mixin.py:188} INFO - [2025-05-04T03:59:56.879-0300] {dagbag.py:540} INFO - Filling up the DagBag from /home/facuvega/Descargas/crypto-etl-airflow/airflow-apache/lib/python3.11/site-packages/airflow/example_dags/plugins/workday.py
[2025-05-04T03:59:57.279-0300] {processor.py:842} WARNING - No viable dags retrieved from /home/facuvega/Descargas/crypto-etl-airflow/airflow-apache/lib/python3.11/site-packages/airflow/example_dags/plugins/workday.py
[2025-05-04T03:59:57.288-0300] {processor.py:183} INFO - Processing /home/facuvega/Descargas/crypto-etl-airflow/airflow-apache/lib/python3.11/site-packages/airflow/example_dags/plugins/workday.py took 0.420 seconds
[2025-05-04T04:00:53.096-0300] {processor.py:161} INFO - Started process (PID=23888) to work on /home/facuvega/Descargas/crypto-etl-airflow/airflow-apache/lib/python3.11/site-packages/airflow/example_dags/plugins/workday.py
[2025-05-04T04:00:53.098-0300] {processor.py:830} INFO - Processing file /home/facuvega/Descargas/crypto-etl-airflow/airflow-apache/lib/python3.11/site-packages/airflow/example_dags/plugins/workday.py for tasks to queue
[2025-05-04T04:00:53.104-0300] {logging_mixin.py:188} INFO - [2025-05-04T04:00:53.103-0300] {dagbag.py:540} INFO - Filling up the DagBag from /home/facuvega/Descargas/crypto-etl-airflow/airflow-apache/lib/python3.11/site-packages/airflow/example_dags/plugins/workday.py
[2025-05-04T04:00:53.505-0300] {processor.py:842} WARNING - No viable dags retrieved from /home/facuvega/Descargas/crypto-etl-airflow/airflow-apache/lib/python3.11/site-packages/airflow/example_dags/plugins/workday.py
[2025-05-04T04:00:53.512-0300] {processor.py:183} INFO - Processing /home/facuvega/Descargas/crypto-etl-airflow/airflow-apache/lib/python3.11/site-packages/airflow/example_dags/plugins/workday.py took 0.429 seconds
[2025-05-04T04:01:40.811-0300] {processor.py:161} INFO - Started process (PID=24115) to work on /home/facuvega/Descargas/crypto-etl-airflow/airflow-apache/lib/python3.11/site-packages/airflow/example_dags/plugins/workday.py
[2025-05-04T04:01:40.812-0300] {processor.py:830} INFO - Processing file /home/facuvega/Descargas/crypto-etl-airflow/airflow-apache/lib/python3.11/site-packages/airflow/example_dags/plugins/workday.py for tasks to queue
[2025-05-04T04:01:40.814-0300] {logging_mixin.py:188} INFO - [2025-05-04T04:01:40.813-0300] {dagbag.py:540} INFO - Filling up the DagBag from /home/facuvega/Descargas/crypto-etl-airflow/airflow-apache/lib/python3.11/site-packages/airflow/example_dags/plugins/workday.py
[2025-05-04T04:01:41.019-0300] {processor.py:842} WARNING - No viable dags retrieved from /home/facuvega/Descargas/crypto-etl-airflow/airflow-apache/lib/python3.11/site-packages/airflow/example_dags/plugins/workday.py
[2025-05-04T04:01:41.026-0300] {processor.py:183} INFO - Processing /home/facuvega/Descargas/crypto-etl-airflow/airflow-apache/lib/python3.11/site-packages/airflow/example_dags/plugins/workday.py took 0.221 seconds
[2025-05-04T04:02:56.296-0300] {processor.py:161} INFO - Started process (PID=24759) to work on /home/facuvega/Descargas/crypto-etl-airflow/airflow-apache/lib/python3.11/site-packages/airflow/example_dags/plugins/workday.py
[2025-05-04T04:02:56.297-0300] {processor.py:830} INFO - Processing file /home/facuvega/Descargas/crypto-etl-airflow/airflow-apache/lib/python3.11/site-packages/airflow/example_dags/plugins/workday.py for tasks to queue
[2025-05-04T04:02:56.299-0300] {logging_mixin.py:188} INFO - [2025-05-04T04:02:56.298-0300] {dagbag.py:540} INFO - Filling up the DagBag from /home/facuvega/Descargas/crypto-etl-airflow/airflow-apache/lib/python3.11/site-packages/airflow/example_dags/plugins/workday.py
[2025-05-04T04:02:57.416-0300] {processor.py:842} WARNING - No viable dags retrieved from /home/facuvega/Descargas/crypto-etl-airflow/airflow-apache/lib/python3.11/site-packages/airflow/example_dags/plugins/workday.py
[2025-05-04T04:02:57.423-0300] {processor.py:183} INFO - Processing /home/facuvega/Descargas/crypto-etl-airflow/airflow-apache/lib/python3.11/site-packages/airflow/example_dags/plugins/workday.py took 1.139 seconds
[2025-05-04T04:03:56.605-0300] {processor.py:161} INFO - Started process (PID=25138) to work on /home/facuvega/Descargas/crypto-etl-airflow/airflow-apache/lib/python3.11/site-packages/airflow/example_dags/plugins/workday.py
[2025-05-04T04:03:56.606-0300] {processor.py:830} INFO - Processing file /home/facuvega/Descargas/crypto-etl-airflow/airflow-apache/lib/python3.11/site-packages/airflow/example_dags/plugins/workday.py for tasks to queue
[2025-05-04T04:03:56.608-0300] {logging_mixin.py:188} INFO - [2025-05-04T04:03:56.607-0300] {dagbag.py:540} INFO - Filling up the DagBag from /home/facuvega/Descargas/crypto-etl-airflow/airflow-apache/lib/python3.11/site-packages/airflow/example_dags/plugins/workday.py
[2025-05-04T04:03:56.936-0300] {processor.py:842} WARNING - No viable dags retrieved from /home/facuvega/Descargas/crypto-etl-airflow/airflow-apache/lib/python3.11/site-packages/airflow/example_dags/plugins/workday.py
[2025-05-04T04:03:56.943-0300] {processor.py:183} INFO - Processing /home/facuvega/Descargas/crypto-etl-airflow/airflow-apache/lib/python3.11/site-packages/airflow/example_dags/plugins/workday.py took 0.342 seconds
[2025-05-04T04:05:04.119-0300] {processor.py:161} INFO - Started process (PID=26088) to work on /home/facuvega/Descargas/crypto-etl-airflow/airflow-apache/lib/python3.11/site-packages/airflow/example_dags/plugins/workday.py
[2025-05-04T04:05:04.120-0300] {processor.py:830} INFO - Processing file /home/facuvega/Descargas/crypto-etl-airflow/airflow-apache/lib/python3.11/site-packages/airflow/example_dags/plugins/workday.py for tasks to queue
[2025-05-04T04:05:04.123-0300] {logging_mixin.py:188} INFO - [2025-05-04T04:05:04.123-0300] {dagbag.py:540} INFO - Filling up the DagBag from /home/facuvega/Descargas/crypto-etl-airflow/airflow-apache/lib/python3.11/site-packages/airflow/example_dags/plugins/workday.py
[2025-05-04T04:05:04.713-0300] {processor.py:842} WARNING - No viable dags retrieved from /home/facuvega/Descargas/crypto-etl-airflow/airflow-apache/lib/python3.11/site-packages/airflow/example_dags/plugins/workday.py
[2025-05-04T04:05:04.721-0300] {processor.py:183} INFO - Processing /home/facuvega/Descargas/crypto-etl-airflow/airflow-apache/lib/python3.11/site-packages/airflow/example_dags/plugins/workday.py took 0.614 seconds
[2025-05-04T04:05:44.870-0300] {processor.py:161} INFO - Started process (PID=26393) to work on /home/facuvega/Descargas/crypto-etl-airflow/airflow-apache/lib/python3.11/site-packages/airflow/example_dags/plugins/workday.py
[2025-05-04T04:05:44.870-0300] {processor.py:830} INFO - Processing file /home/facuvega/Descargas/crypto-etl-airflow/airflow-apache/lib/python3.11/site-packages/airflow/example_dags/plugins/workday.py for tasks to queue
[2025-05-04T04:05:44.872-0300] {logging_mixin.py:188} INFO - [2025-05-04T04:05:44.872-0300] {dagbag.py:540} INFO - Filling up the DagBag from /home/facuvega/Descargas/crypto-etl-airflow/airflow-apache/lib/python3.11/site-packages/airflow/example_dags/plugins/workday.py
[2025-05-04T04:05:45.098-0300] {processor.py:842} WARNING - No viable dags retrieved from /home/facuvega/Descargas/crypto-etl-airflow/airflow-apache/lib/python3.11/site-packages/airflow/example_dags/plugins/workday.py
[2025-05-04T04:05:45.105-0300] {processor.py:183} INFO - Processing /home/facuvega/Descargas/crypto-etl-airflow/airflow-apache/lib/python3.11/site-packages/airflow/example_dags/plugins/workday.py took 0.242 seconds
[2025-05-04T04:06:32.977-0300] {processor.py:161} INFO - Started process (PID=26683) to work on /home/facuvega/Descargas/crypto-etl-airflow/airflow-apache/lib/python3.11/site-packages/airflow/example_dags/plugins/workday.py
[2025-05-04T04:06:32.978-0300] {processor.py:830} INFO - Processing file /home/facuvega/Descargas/crypto-etl-airflow/airflow-apache/lib/python3.11/site-packages/airflow/example_dags/plugins/workday.py for tasks to queue
[2025-05-04T04:06:32.981-0300] {logging_mixin.py:188} INFO - [2025-05-04T04:06:32.980-0300] {dagbag.py:540} INFO - Filling up the DagBag from /home/facuvega/Descargas/crypto-etl-airflow/airflow-apache/lib/python3.11/site-packages/airflow/example_dags/plugins/workday.py
[2025-05-04T04:06:33.335-0300] {processor.py:842} WARNING - No viable dags retrieved from /home/facuvega/Descargas/crypto-etl-airflow/airflow-apache/lib/python3.11/site-packages/airflow/example_dags/plugins/workday.py
[2025-05-04T04:06:33.364-0300] {processor.py:183} INFO - Processing /home/facuvega/Descargas/crypto-etl-airflow/airflow-apache/lib/python3.11/site-packages/airflow/example_dags/plugins/workday.py took 0.393 seconds
[2025-05-04T04:07:21.513-0300] {processor.py:161} INFO - Started process (PID=26912) to work on /home/facuvega/Descargas/crypto-etl-airflow/airflow-apache/lib/python3.11/site-packages/airflow/example_dags/plugins/workday.py
[2025-05-04T04:07:21.514-0300] {processor.py:830} INFO - Processing file /home/facuvega/Descargas/crypto-etl-airflow/airflow-apache/lib/python3.11/site-packages/airflow/example_dags/plugins/workday.py for tasks to queue
[2025-05-04T04:07:21.516-0300] {logging_mixin.py:188} INFO - [2025-05-04T04:07:21.515-0300] {dagbag.py:540} INFO - Filling up the DagBag from /home/facuvega/Descargas/crypto-etl-airflow/airflow-apache/lib/python3.11/site-packages/airflow/example_dags/plugins/workday.py
[2025-05-04T04:07:21.856-0300] {processor.py:842} WARNING - No viable dags retrieved from /home/facuvega/Descargas/crypto-etl-airflow/airflow-apache/lib/python3.11/site-packages/airflow/example_dags/plugins/workday.py
[2025-05-04T04:07:21.865-0300] {processor.py:183} INFO - Processing /home/facuvega/Descargas/crypto-etl-airflow/airflow-apache/lib/python3.11/site-packages/airflow/example_dags/plugins/workday.py took 0.358 seconds
[2025-05-04T04:09:45.075-0300] {processor.py:161} INFO - Started process (PID=27944) to work on /home/facuvega/Descargas/crypto-etl-airflow/airflow-apache/lib/python3.11/site-packages/airflow/example_dags/plugins/workday.py
[2025-05-04T04:09:45.076-0300] {processor.py:830} INFO - Processing file /home/facuvega/Descargas/crypto-etl-airflow/airflow-apache/lib/python3.11/site-packages/airflow/example_dags/plugins/workday.py for tasks to queue
[2025-05-04T04:09:45.083-0300] {logging_mixin.py:188} INFO - [2025-05-04T04:09:45.080-0300] {dagbag.py:540} INFO - Filling up the DagBag from /home/facuvega/Descargas/crypto-etl-airflow/airflow-apache/lib/python3.11/site-packages/airflow/example_dags/plugins/workday.py
[2025-05-04T04:09:45.623-0300] {processor.py:842} WARNING - No viable dags retrieved from /home/facuvega/Descargas/crypto-etl-airflow/airflow-apache/lib/python3.11/site-packages/airflow/example_dags/plugins/workday.py
[2025-05-04T04:09:45.628-0300] {processor.py:183} INFO - Processing /home/facuvega/Descargas/crypto-etl-airflow/airflow-apache/lib/python3.11/site-packages/airflow/example_dags/plugins/workday.py took 0.563 seconds
[2025-05-04T04:11:10.412-0300] {processor.py:161} INFO - Started process (PID=29173) to work on /home/facuvega/Descargas/crypto-etl-airflow/airflow-apache/lib/python3.11/site-packages/airflow/example_dags/plugins/workday.py
[2025-05-04T04:11:10.413-0300] {processor.py:830} INFO - Processing file /home/facuvega/Descargas/crypto-etl-airflow/airflow-apache/lib/python3.11/site-packages/airflow/example_dags/plugins/workday.py for tasks to queue
[2025-05-04T04:11:10.415-0300] {logging_mixin.py:188} INFO - [2025-05-04T04:11:10.415-0300] {dagbag.py:540} INFO - Filling up the DagBag from /home/facuvega/Descargas/crypto-etl-airflow/airflow-apache/lib/python3.11/site-packages/airflow/example_dags/plugins/workday.py
[2025-05-04T04:11:10.763-0300] {processor.py:842} WARNING - No viable dags retrieved from /home/facuvega/Descargas/crypto-etl-airflow/airflow-apache/lib/python3.11/site-packages/airflow/example_dags/plugins/workday.py
[2025-05-04T04:11:10.771-0300] {processor.py:183} INFO - Processing /home/facuvega/Descargas/crypto-etl-airflow/airflow-apache/lib/python3.11/site-packages/airflow/example_dags/plugins/workday.py took 0.365 seconds
[2025-05-04T04:12:00.704-0300] {processor.py:161} INFO - Started process (PID=29401) to work on /home/facuvega/Descargas/crypto-etl-airflow/airflow-apache/lib/python3.11/site-packages/airflow/example_dags/plugins/workday.py
[2025-05-04T04:12:00.705-0300] {processor.py:830} INFO - Processing file /home/facuvega/Descargas/crypto-etl-airflow/airflow-apache/lib/python3.11/site-packages/airflow/example_dags/plugins/workday.py for tasks to queue
[2025-05-04T04:12:00.707-0300] {logging_mixin.py:188} INFO - [2025-05-04T04:12:00.706-0300] {dagbag.py:540} INFO - Filling up the DagBag from /home/facuvega/Descargas/crypto-etl-airflow/airflow-apache/lib/python3.11/site-packages/airflow/example_dags/plugins/workday.py
[2025-05-04T04:12:00.984-0300] {processor.py:842} WARNING - No viable dags retrieved from /home/facuvega/Descargas/crypto-etl-airflow/airflow-apache/lib/python3.11/site-packages/airflow/example_dags/plugins/workday.py
[2025-05-04T04:12:00.992-0300] {processor.py:183} INFO - Processing /home/facuvega/Descargas/crypto-etl-airflow/airflow-apache/lib/python3.11/site-packages/airflow/example_dags/plugins/workday.py took 0.293 seconds
[2025-05-04T04:12:48.083-0300] {processor.py:161} INFO - Started process (PID=29615) to work on /home/facuvega/Descargas/crypto-etl-airflow/airflow-apache/lib/python3.11/site-packages/airflow/example_dags/plugins/workday.py
[2025-05-04T04:12:48.084-0300] {processor.py:830} INFO - Processing file /home/facuvega/Descargas/crypto-etl-airflow/airflow-apache/lib/python3.11/site-packages/airflow/example_dags/plugins/workday.py for tasks to queue
[2025-05-04T04:12:48.085-0300] {logging_mixin.py:188} INFO - [2025-05-04T04:12:48.085-0300] {dagbag.py:540} INFO - Filling up the DagBag from /home/facuvega/Descargas/crypto-etl-airflow/airflow-apache/lib/python3.11/site-packages/airflow/example_dags/plugins/workday.py
[2025-05-04T04:12:48.289-0300] {processor.py:842} WARNING - No viable dags retrieved from /home/facuvega/Descargas/crypto-etl-airflow/airflow-apache/lib/python3.11/site-packages/airflow/example_dags/plugins/workday.py
[2025-05-04T04:12:48.296-0300] {processor.py:183} INFO - Processing /home/facuvega/Descargas/crypto-etl-airflow/airflow-apache/lib/python3.11/site-packages/airflow/example_dags/plugins/workday.py took 0.218 seconds
[2025-05-04T04:13:30.591-0300] {processor.py:161} INFO - Started process (PID=29807) to work on /home/facuvega/Descargas/crypto-etl-airflow/airflow-apache/lib/python3.11/site-packages/airflow/example_dags/plugins/workday.py
[2025-05-04T04:13:30.592-0300] {processor.py:830} INFO - Processing file /home/facuvega/Descargas/crypto-etl-airflow/airflow-apache/lib/python3.11/site-packages/airflow/example_dags/plugins/workday.py for tasks to queue
[2025-05-04T04:13:30.594-0300] {logging_mixin.py:188} INFO - [2025-05-04T04:13:30.593-0300] {dagbag.py:540} INFO - Filling up the DagBag from /home/facuvega/Descargas/crypto-etl-airflow/airflow-apache/lib/python3.11/site-packages/airflow/example_dags/plugins/workday.py
[2025-05-04T04:13:30.791-0300] {processor.py:842} WARNING - No viable dags retrieved from /home/facuvega/Descargas/crypto-etl-airflow/airflow-apache/lib/python3.11/site-packages/airflow/example_dags/plugins/workday.py
[2025-05-04T04:13:30.798-0300] {processor.py:183} INFO - Processing /home/facuvega/Descargas/crypto-etl-airflow/airflow-apache/lib/python3.11/site-packages/airflow/example_dags/plugins/workday.py took 0.211 seconds
[2025-05-04T04:14:10.786-0300] {processor.py:161} INFO - Started process (PID=29989) to work on /home/facuvega/Descargas/crypto-etl-airflow/airflow-apache/lib/python3.11/site-packages/airflow/example_dags/plugins/workday.py
[2025-05-04T04:14:10.787-0300] {processor.py:830} INFO - Processing file /home/facuvega/Descargas/crypto-etl-airflow/airflow-apache/lib/python3.11/site-packages/airflow/example_dags/plugins/workday.py for tasks to queue
[2025-05-04T04:14:10.789-0300] {logging_mixin.py:188} INFO - [2025-05-04T04:14:10.788-0300] {dagbag.py:540} INFO - Filling up the DagBag from /home/facuvega/Descargas/crypto-etl-airflow/airflow-apache/lib/python3.11/site-packages/airflow/example_dags/plugins/workday.py
[2025-05-04T04:14:10.985-0300] {processor.py:842} WARNING - No viable dags retrieved from /home/facuvega/Descargas/crypto-etl-airflow/airflow-apache/lib/python3.11/site-packages/airflow/example_dags/plugins/workday.py
[2025-05-04T04:14:10.991-0300] {processor.py:183} INFO - Processing /home/facuvega/Descargas/crypto-etl-airflow/airflow-apache/lib/python3.11/site-packages/airflow/example_dags/plugins/workday.py took 0.210 seconds
[2025-05-04T04:14:51.638-0300] {processor.py:161} INFO - Started process (PID=30202) to work on /home/facuvega/Descargas/crypto-etl-airflow/airflow-apache/lib/python3.11/site-packages/airflow/example_dags/plugins/workday.py
[2025-05-04T04:14:51.639-0300] {processor.py:830} INFO - Processing file /home/facuvega/Descargas/crypto-etl-airflow/airflow-apache/lib/python3.11/site-packages/airflow/example_dags/plugins/workday.py for tasks to queue
[2025-05-04T04:14:51.641-0300] {logging_mixin.py:188} INFO - [2025-05-04T04:14:51.640-0300] {dagbag.py:540} INFO - Filling up the DagBag from /home/facuvega/Descargas/crypto-etl-airflow/airflow-apache/lib/python3.11/site-packages/airflow/example_dags/plugins/workday.py
[2025-05-04T04:14:51.934-0300] {processor.py:842} WARNING - No viable dags retrieved from /home/facuvega/Descargas/crypto-etl-airflow/airflow-apache/lib/python3.11/site-packages/airflow/example_dags/plugins/workday.py
[2025-05-04T04:14:51.942-0300] {processor.py:183} INFO - Processing /home/facuvega/Descargas/crypto-etl-airflow/airflow-apache/lib/python3.11/site-packages/airflow/example_dags/plugins/workday.py took 0.312 seconds
[2025-05-04T04:15:41.984-0300] {processor.py:161} INFO - Started process (PID=30517) to work on /home/facuvega/Descargas/crypto-etl-airflow/airflow-apache/lib/python3.11/site-packages/airflow/example_dags/plugins/workday.py
[2025-05-04T04:15:41.985-0300] {processor.py:830} INFO - Processing file /home/facuvega/Descargas/crypto-etl-airflow/airflow-apache/lib/python3.11/site-packages/airflow/example_dags/plugins/workday.py for tasks to queue
[2025-05-04T04:15:41.987-0300] {logging_mixin.py:188} INFO - [2025-05-04T04:15:41.986-0300] {dagbag.py:540} INFO - Filling up the DagBag from /home/facuvega/Descargas/crypto-etl-airflow/airflow-apache/lib/python3.11/site-packages/airflow/example_dags/plugins/workday.py
[2025-05-04T04:15:42.189-0300] {processor.py:842} WARNING - No viable dags retrieved from /home/facuvega/Descargas/crypto-etl-airflow/airflow-apache/lib/python3.11/site-packages/airflow/example_dags/plugins/workday.py
[2025-05-04T04:15:42.196-0300] {processor.py:183} INFO - Processing /home/facuvega/Descargas/crypto-etl-airflow/airflow-apache/lib/python3.11/site-packages/airflow/example_dags/plugins/workday.py took 0.217 seconds
[2025-05-04T04:16:52.846-0300] {processor.py:161} INFO - Started process (PID=31035) to work on /home/facuvega/Descargas/crypto-etl-airflow/airflow-apache/lib/python3.11/site-packages/airflow/example_dags/plugins/workday.py
[2025-05-04T04:16:52.847-0300] {processor.py:830} INFO - Processing file /home/facuvega/Descargas/crypto-etl-airflow/airflow-apache/lib/python3.11/site-packages/airflow/example_dags/plugins/workday.py for tasks to queue
[2025-05-04T04:16:52.849-0300] {logging_mixin.py:188} INFO - [2025-05-04T04:16:52.848-0300] {dagbag.py:540} INFO - Filling up the DagBag from /home/facuvega/Descargas/crypto-etl-airflow/airflow-apache/lib/python3.11/site-packages/airflow/example_dags/plugins/workday.py
[2025-05-04T04:16:53.411-0300] {processor.py:842} WARNING - No viable dags retrieved from /home/facuvega/Descargas/crypto-etl-airflow/airflow-apache/lib/python3.11/site-packages/airflow/example_dags/plugins/workday.py
[2025-05-04T04:16:53.416-0300] {processor.py:183} INFO - Processing /home/facuvega/Descargas/crypto-etl-airflow/airflow-apache/lib/python3.11/site-packages/airflow/example_dags/plugins/workday.py took 0.574 seconds
[2025-05-04T04:17:52.753-0300] {processor.py:161} INFO - Started process (PID=31464) to work on /home/facuvega/Descargas/crypto-etl-airflow/airflow-apache/lib/python3.11/site-packages/airflow/example_dags/plugins/workday.py
[2025-05-04T04:17:52.754-0300] {processor.py:830} INFO - Processing file /home/facuvega/Descargas/crypto-etl-airflow/airflow-apache/lib/python3.11/site-packages/airflow/example_dags/plugins/workday.py for tasks to queue
[2025-05-04T04:17:52.756-0300] {logging_mixin.py:188} INFO - [2025-05-04T04:17:52.756-0300] {dagbag.py:540} INFO - Filling up the DagBag from /home/facuvega/Descargas/crypto-etl-airflow/airflow-apache/lib/python3.11/site-packages/airflow/example_dags/plugins/workday.py
[2025-05-04T04:17:53.329-0300] {processor.py:842} WARNING - No viable dags retrieved from /home/facuvega/Descargas/crypto-etl-airflow/airflow-apache/lib/python3.11/site-packages/airflow/example_dags/plugins/workday.py
[2025-05-04T04:17:53.336-0300] {processor.py:183} INFO - Processing /home/facuvega/Descargas/crypto-etl-airflow/airflow-apache/lib/python3.11/site-packages/airflow/example_dags/plugins/workday.py took 0.588 seconds
[2025-05-04T04:18:33.648-0300] {processor.py:161} INFO - Started process (PID=32005) to work on /home/facuvega/Descargas/crypto-etl-airflow/airflow-apache/lib/python3.11/site-packages/airflow/example_dags/plugins/workday.py
[2025-05-04T04:18:33.649-0300] {processor.py:830} INFO - Processing file /home/facuvega/Descargas/crypto-etl-airflow/airflow-apache/lib/python3.11/site-packages/airflow/example_dags/plugins/workday.py for tasks to queue
[2025-05-04T04:18:33.652-0300] {logging_mixin.py:188} INFO - [2025-05-04T04:18:33.651-0300] {dagbag.py:540} INFO - Filling up the DagBag from /home/facuvega/Descargas/crypto-etl-airflow/airflow-apache/lib/python3.11/site-packages/airflow/example_dags/plugins/workday.py
[2025-05-04T04:18:34.494-0300] {processor.py:842} WARNING - No viable dags retrieved from /home/facuvega/Descargas/crypto-etl-airflow/airflow-apache/lib/python3.11/site-packages/airflow/example_dags/plugins/workday.py
[2025-05-04T04:18:34.506-0300] {processor.py:183} INFO - Processing /home/facuvega/Descargas/crypto-etl-airflow/airflow-apache/lib/python3.11/site-packages/airflow/example_dags/plugins/workday.py took 0.868 seconds
[2025-05-04T04:19:25.076-0300] {processor.py:161} INFO - Started process (PID=32700) to work on /home/facuvega/Descargas/crypto-etl-airflow/airflow-apache/lib/python3.11/site-packages/airflow/example_dags/plugins/workday.py
[2025-05-04T04:19:25.078-0300] {processor.py:830} INFO - Processing file /home/facuvega/Descargas/crypto-etl-airflow/airflow-apache/lib/python3.11/site-packages/airflow/example_dags/plugins/workday.py for tasks to queue
[2025-05-04T04:19:25.086-0300] {logging_mixin.py:188} INFO - [2025-05-04T04:19:25.082-0300] {dagbag.py:540} INFO - Filling up the DagBag from /home/facuvega/Descargas/crypto-etl-airflow/airflow-apache/lib/python3.11/site-packages/airflow/example_dags/plugins/workday.py
[2025-05-04T04:19:25.565-0300] {processor.py:842} WARNING - No viable dags retrieved from /home/facuvega/Descargas/crypto-etl-airflow/airflow-apache/lib/python3.11/site-packages/airflow/example_dags/plugins/workday.py
[2025-05-04T04:19:25.582-0300] {processor.py:183} INFO - Processing /home/facuvega/Descargas/crypto-etl-airflow/airflow-apache/lib/python3.11/site-packages/airflow/example_dags/plugins/workday.py took 0.516 seconds
[2025-05-04T04:20:19.616-0300] {processor.py:161} INFO - Started process (PID=33005) to work on /home/facuvega/Descargas/crypto-etl-airflow/airflow-apache/lib/python3.11/site-packages/airflow/example_dags/plugins/workday.py
[2025-05-04T04:20:19.618-0300] {processor.py:830} INFO - Processing file /home/facuvega/Descargas/crypto-etl-airflow/airflow-apache/lib/python3.11/site-packages/airflow/example_dags/plugins/workday.py for tasks to queue
[2025-05-04T04:20:19.621-0300] {logging_mixin.py:188} INFO - [2025-05-04T04:20:19.620-0300] {dagbag.py:540} INFO - Filling up the DagBag from /home/facuvega/Descargas/crypto-etl-airflow/airflow-apache/lib/python3.11/site-packages/airflow/example_dags/plugins/workday.py
[2025-05-04T04:20:19.951-0300] {processor.py:842} WARNING - No viable dags retrieved from /home/facuvega/Descargas/crypto-etl-airflow/airflow-apache/lib/python3.11/site-packages/airflow/example_dags/plugins/workday.py
[2025-05-04T04:20:19.959-0300] {processor.py:183} INFO - Processing /home/facuvega/Descargas/crypto-etl-airflow/airflow-apache/lib/python3.11/site-packages/airflow/example_dags/plugins/workday.py took 0.353 seconds
[2025-05-04T04:21:03.182-0300] {processor.py:161} INFO - Started process (PID=33197) to work on /home/facuvega/Descargas/crypto-etl-airflow/airflow-apache/lib/python3.11/site-packages/airflow/example_dags/plugins/workday.py
[2025-05-04T04:21:03.183-0300] {processor.py:830} INFO - Processing file /home/facuvega/Descargas/crypto-etl-airflow/airflow-apache/lib/python3.11/site-packages/airflow/example_dags/plugins/workday.py for tasks to queue
[2025-05-04T04:21:03.185-0300] {logging_mixin.py:188} INFO - [2025-05-04T04:21:03.185-0300] {dagbag.py:540} INFO - Filling up the DagBag from /home/facuvega/Descargas/crypto-etl-airflow/airflow-apache/lib/python3.11/site-packages/airflow/example_dags/plugins/workday.py
[2025-05-04T04:21:03.402-0300] {processor.py:842} WARNING - No viable dags retrieved from /home/facuvega/Descargas/crypto-etl-airflow/airflow-apache/lib/python3.11/site-packages/airflow/example_dags/plugins/workday.py
[2025-05-04T04:21:03.409-0300] {processor.py:183} INFO - Processing /home/facuvega/Descargas/crypto-etl-airflow/airflow-apache/lib/python3.11/site-packages/airflow/example_dags/plugins/workday.py took 0.232 seconds
[2025-05-04T04:22:04.598-0300] {processor.py:161} INFO - Started process (PID=33782) to work on /home/facuvega/Descargas/crypto-etl-airflow/airflow-apache/lib/python3.11/site-packages/airflow/example_dags/plugins/workday.py
[2025-05-04T04:22:04.599-0300] {processor.py:830} INFO - Processing file /home/facuvega/Descargas/crypto-etl-airflow/airflow-apache/lib/python3.11/site-packages/airflow/example_dags/plugins/workday.py for tasks to queue
[2025-05-04T04:22:04.601-0300] {logging_mixin.py:188} INFO - [2025-05-04T04:22:04.601-0300] {dagbag.py:540} INFO - Filling up the DagBag from /home/facuvega/Descargas/crypto-etl-airflow/airflow-apache/lib/python3.11/site-packages/airflow/example_dags/plugins/workday.py
[2025-05-04T04:22:05.506-0300] {processor.py:842} WARNING - No viable dags retrieved from /home/facuvega/Descargas/crypto-etl-airflow/airflow-apache/lib/python3.11/site-packages/airflow/example_dags/plugins/workday.py
[2025-05-04T04:22:05.511-0300] {processor.py:183} INFO - Processing /home/facuvega/Descargas/crypto-etl-airflow/airflow-apache/lib/python3.11/site-packages/airflow/example_dags/plugins/workday.py took 0.920 seconds
[2025-05-04T04:23:02.775-0300] {processor.py:161} INFO - Started process (PID=34301) to work on /home/facuvega/Descargas/crypto-etl-airflow/airflow-apache/lib/python3.11/site-packages/airflow/example_dags/plugins/workday.py
[2025-05-04T04:23:02.777-0300] {processor.py:830} INFO - Processing file /home/facuvega/Descargas/crypto-etl-airflow/airflow-apache/lib/python3.11/site-packages/airflow/example_dags/plugins/workday.py for tasks to queue
[2025-05-04T04:23:02.798-0300] {logging_mixin.py:188} INFO - [2025-05-04T04:23:02.794-0300] {dagbag.py:540} INFO - Filling up the DagBag from /home/facuvega/Descargas/crypto-etl-airflow/airflow-apache/lib/python3.11/site-packages/airflow/example_dags/plugins/workday.py
[2025-05-04T04:23:05.448-0300] {processor.py:842} WARNING - No viable dags retrieved from /home/facuvega/Descargas/crypto-etl-airflow/airflow-apache/lib/python3.11/site-packages/airflow/example_dags/plugins/workday.py
[2025-05-04T04:23:05.490-0300] {processor.py:183} INFO - Processing /home/facuvega/Descargas/crypto-etl-airflow/airflow-apache/lib/python3.11/site-packages/airflow/example_dags/plugins/workday.py took 2.756 seconds
[2025-05-04T04:23:58.448-0300] {processor.py:161} INFO - Started process (PID=35144) to work on /home/facuvega/Descargas/crypto-etl-airflow/airflow-apache/lib/python3.11/site-packages/airflow/example_dags/plugins/workday.py
[2025-05-04T04:23:58.449-0300] {processor.py:830} INFO - Processing file /home/facuvega/Descargas/crypto-etl-airflow/airflow-apache/lib/python3.11/site-packages/airflow/example_dags/plugins/workday.py for tasks to queue
[2025-05-04T04:23:58.453-0300] {logging_mixin.py:188} INFO - [2025-05-04T04:23:58.453-0300] {dagbag.py:540} INFO - Filling up the DagBag from /home/facuvega/Descargas/crypto-etl-airflow/airflow-apache/lib/python3.11/site-packages/airflow/example_dags/plugins/workday.py
[2025-05-04T04:23:59.336-0300] {processor.py:842} WARNING - No viable dags retrieved from /home/facuvega/Descargas/crypto-etl-airflow/airflow-apache/lib/python3.11/site-packages/airflow/example_dags/plugins/workday.py
[2025-05-04T04:23:59.348-0300] {processor.py:183} INFO - Processing /home/facuvega/Descargas/crypto-etl-airflow/airflow-apache/lib/python3.11/site-packages/airflow/example_dags/plugins/workday.py took 0.909 seconds
