[2025-04-27T23:00:22.843-0300] {processor.py:161} INFO - Started process (PID=51650) to work on /home/facuvega/Descargas/crypto-etl-airflow/airflow-apache/lib/python3.11/site-packages/airflow/example_dags/plugins/event_listener.py
[2025-04-27T23:00:22.844-0300] {processor.py:830} INFO - Processing file /home/facuvega/Descargas/crypto-etl-airflow/airflow-apache/lib/python3.11/site-packages/airflow/example_dags/plugins/event_listener.py for tasks to queue
[2025-04-27T23:00:22.846-0300] {logging_mixin.py:188} INFO - [2025-04-27T23:00:22.846-0300] {dagbag.py:540} INFO - Filling up the DagBag from /home/facuvega/Descargas/crypto-etl-airflow/airflow-apache/lib/python3.11/site-packages/airflow/example_dags/plugins/event_listener.py
[2025-04-27T23:00:22.850-0300] {processor.py:842} WARNING - No viable dags retrieved from /home/facuvega/Descargas/crypto-etl-airflow/airflow-apache/lib/python3.11/site-packages/airflow/example_dags/plugins/event_listener.py
[2025-04-27T23:00:22.862-0300] {processor.py:183} INFO - Processing /home/facuvega/Descargas/crypto-etl-airflow/airflow-apache/lib/python3.11/site-packages/airflow/example_dags/plugins/event_listener.py took 0.024 seconds
[2025-04-27T23:05:20.285-0300] {processor.py:161} INFO - Started process (PID=53601) to work on /home/facuvega/Descargas/crypto-etl-airflow/airflow-apache/lib/python3.11/site-packages/airflow/example_dags/plugins/event_listener.py
[2025-04-27T23:05:20.286-0300] {processor.py:830} INFO - Processing file /home/facuvega/Descargas/crypto-etl-airflow/airflow-apache/lib/python3.11/site-packages/airflow/example_dags/plugins/event_listener.py for tasks to queue
[2025-04-27T23:05:20.288-0300] {logging_mixin.py:188} INFO - [2025-04-27T23:05:20.287-0300] {dagbag.py:540} INFO - Filling up the DagBag from /home/facuvega/Descargas/crypto-etl-airflow/airflow-apache/lib/python3.11/site-packages/airflow/example_dags/plugins/event_listener.py
[2025-04-27T23:05:20.290-0300] {processor.py:842} WARNING - No viable dags retrieved from /home/facuvega/Descargas/crypto-etl-airflow/airflow-apache/lib/python3.11/site-packages/airflow/example_dags/plugins/event_listener.py
[2025-04-27T23:05:20.298-0300] {processor.py:183} INFO - Processing /home/facuvega/Descargas/crypto-etl-airflow/airflow-apache/lib/python3.11/site-packages/airflow/example_dags/plugins/event_listener.py took 0.017 seconds
[2025-04-27T23:06:15.043-0300] {processor.py:161} INFO - Started process (PID=54074) to work on /home/facuvega/Descargas/crypto-etl-airflow/airflow-apache/lib/python3.11/site-packages/airflow/example_dags/plugins/event_listener.py
[2025-04-27T23:06:15.044-0300] {processor.py:830} INFO - Processing file /home/facuvega/Descargas/crypto-etl-airflow/airflow-apache/lib/python3.11/site-packages/airflow/example_dags/plugins/event_listener.py for tasks to queue
[2025-04-27T23:06:15.045-0300] {logging_mixin.py:188} INFO - [2025-04-27T23:06:15.045-0300] {dagbag.py:540} INFO - Filling up the DagBag from /home/facuvega/Descargas/crypto-etl-airflow/airflow-apache/lib/python3.11/site-packages/airflow/example_dags/plugins/event_listener.py
[2025-04-27T23:06:15.047-0300] {processor.py:842} WARNING - No viable dags retrieved from /home/facuvega/Descargas/crypto-etl-airflow/airflow-apache/lib/python3.11/site-packages/airflow/example_dags/plugins/event_listener.py
[2025-04-27T23:06:15.055-0300] {processor.py:183} INFO - Processing /home/facuvega/Descargas/crypto-etl-airflow/airflow-apache/lib/python3.11/site-packages/airflow/example_dags/plugins/event_listener.py took 0.017 seconds
[2025-04-27T23:06:56.364-0300] {processor.py:161} INFO - Started process (PID=54441) to work on /home/facuvega/Descargas/crypto-etl-airflow/airflow-apache/lib/python3.11/site-packages/airflow/example_dags/plugins/event_listener.py
[2025-04-27T23:06:56.365-0300] {processor.py:830} INFO - Processing file /home/facuvega/Descargas/crypto-etl-airflow/airflow-apache/lib/python3.11/site-packages/airflow/example_dags/plugins/event_listener.py for tasks to queue
[2025-04-27T23:06:56.366-0300] {logging_mixin.py:188} INFO - [2025-04-27T23:06:56.366-0300] {dagbag.py:540} INFO - Filling up the DagBag from /home/facuvega/Descargas/crypto-etl-airflow/airflow-apache/lib/python3.11/site-packages/airflow/example_dags/plugins/event_listener.py
[2025-04-27T23:06:56.368-0300] {processor.py:842} WARNING - No viable dags retrieved from /home/facuvega/Descargas/crypto-etl-airflow/airflow-apache/lib/python3.11/site-packages/airflow/example_dags/plugins/event_listener.py
[2025-04-27T23:06:56.377-0300] {processor.py:183} INFO - Processing /home/facuvega/Descargas/crypto-etl-airflow/airflow-apache/lib/python3.11/site-packages/airflow/example_dags/plugins/event_listener.py took 0.019 seconds
[2025-04-27T23:07:36.184-0300] {processor.py:161} INFO - Started process (PID=54624) to work on /home/facuvega/Descargas/crypto-etl-airflow/airflow-apache/lib/python3.11/site-packages/airflow/example_dags/plugins/event_listener.py
[2025-04-27T23:07:36.185-0300] {processor.py:830} INFO - Processing file /home/facuvega/Descargas/crypto-etl-airflow/airflow-apache/lib/python3.11/site-packages/airflow/example_dags/plugins/event_listener.py for tasks to queue
[2025-04-27T23:07:36.186-0300] {logging_mixin.py:188} INFO - [2025-04-27T23:07:36.186-0300] {dagbag.py:540} INFO - Filling up the DagBag from /home/facuvega/Descargas/crypto-etl-airflow/airflow-apache/lib/python3.11/site-packages/airflow/example_dags/plugins/event_listener.py
[2025-04-27T23:07:36.189-0300] {processor.py:842} WARNING - No viable dags retrieved from /home/facuvega/Descargas/crypto-etl-airflow/airflow-apache/lib/python3.11/site-packages/airflow/example_dags/plugins/event_listener.py
[2025-04-27T23:07:36.198-0300] {processor.py:183} INFO - Processing /home/facuvega/Descargas/crypto-etl-airflow/airflow-apache/lib/python3.11/site-packages/airflow/example_dags/plugins/event_listener.py took 0.020 seconds
[2025-04-27T23:08:16.740-0300] {processor.py:161} INFO - Started process (PID=54805) to work on /home/facuvega/Descargas/crypto-etl-airflow/airflow-apache/lib/python3.11/site-packages/airflow/example_dags/plugins/event_listener.py
[2025-04-27T23:08:16.741-0300] {processor.py:830} INFO - Processing file /home/facuvega/Descargas/crypto-etl-airflow/airflow-apache/lib/python3.11/site-packages/airflow/example_dags/plugins/event_listener.py for tasks to queue
[2025-04-27T23:08:16.743-0300] {logging_mixin.py:188} INFO - [2025-04-27T23:08:16.742-0300] {dagbag.py:540} INFO - Filling up the DagBag from /home/facuvega/Descargas/crypto-etl-airflow/airflow-apache/lib/python3.11/site-packages/airflow/example_dags/plugins/event_listener.py
[2025-04-27T23:08:16.745-0300] {processor.py:842} WARNING - No viable dags retrieved from /home/facuvega/Descargas/crypto-etl-airflow/airflow-apache/lib/python3.11/site-packages/airflow/example_dags/plugins/event_listener.py
[2025-04-27T23:08:16.753-0300] {processor.py:183} INFO - Processing /home/facuvega/Descargas/crypto-etl-airflow/airflow-apache/lib/python3.11/site-packages/airflow/example_dags/plugins/event_listener.py took 0.018 seconds
[2025-04-27T23:08:59.445-0300] {processor.py:161} INFO - Started process (PID=54997) to work on /home/facuvega/Descargas/crypto-etl-airflow/airflow-apache/lib/python3.11/site-packages/airflow/example_dags/plugins/event_listener.py
[2025-04-27T23:08:59.446-0300] {processor.py:830} INFO - Processing file /home/facuvega/Descargas/crypto-etl-airflow/airflow-apache/lib/python3.11/site-packages/airflow/example_dags/plugins/event_listener.py for tasks to queue
[2025-04-27T23:08:59.447-0300] {logging_mixin.py:188} INFO - [2025-04-27T23:08:59.447-0300] {dagbag.py:540} INFO - Filling up the DagBag from /home/facuvega/Descargas/crypto-etl-airflow/airflow-apache/lib/python3.11/site-packages/airflow/example_dags/plugins/event_listener.py
[2025-04-27T23:08:59.449-0300] {processor.py:842} WARNING - No viable dags retrieved from /home/facuvega/Descargas/crypto-etl-airflow/airflow-apache/lib/python3.11/site-packages/airflow/example_dags/plugins/event_listener.py
[2025-04-27T23:08:59.457-0300] {processor.py:183} INFO - Processing /home/facuvega/Descargas/crypto-etl-airflow/airflow-apache/lib/python3.11/site-packages/airflow/example_dags/plugins/event_listener.py took 0.017 seconds
[2025-04-27T23:09:41.718-0300] {processor.py:161} INFO - Started process (PID=55188) to work on /home/facuvega/Descargas/crypto-etl-airflow/airflow-apache/lib/python3.11/site-packages/airflow/example_dags/plugins/event_listener.py
[2025-04-27T23:09:41.719-0300] {processor.py:830} INFO - Processing file /home/facuvega/Descargas/crypto-etl-airflow/airflow-apache/lib/python3.11/site-packages/airflow/example_dags/plugins/event_listener.py for tasks to queue
[2025-04-27T23:09:41.721-0300] {logging_mixin.py:188} INFO - [2025-04-27T23:09:41.721-0300] {dagbag.py:540} INFO - Filling up the DagBag from /home/facuvega/Descargas/crypto-etl-airflow/airflow-apache/lib/python3.11/site-packages/airflow/example_dags/plugins/event_listener.py
[2025-04-27T23:09:41.723-0300] {processor.py:842} WARNING - No viable dags retrieved from /home/facuvega/Descargas/crypto-etl-airflow/airflow-apache/lib/python3.11/site-packages/airflow/example_dags/plugins/event_listener.py
[2025-04-27T23:09:41.731-0300] {processor.py:183} INFO - Processing /home/facuvega/Descargas/crypto-etl-airflow/airflow-apache/lib/python3.11/site-packages/airflow/example_dags/plugins/event_listener.py took 0.017 seconds
[2025-04-27T23:10:20.891-0300] {processor.py:161} INFO - Started process (PID=55437) to work on /home/facuvega/Descargas/crypto-etl-airflow/airflow-apache/lib/python3.11/site-packages/airflow/example_dags/plugins/event_listener.py
[2025-04-27T23:10:20.892-0300] {processor.py:830} INFO - Processing file /home/facuvega/Descargas/crypto-etl-airflow/airflow-apache/lib/python3.11/site-packages/airflow/example_dags/plugins/event_listener.py for tasks to queue
[2025-04-27T23:10:20.893-0300] {logging_mixin.py:188} INFO - [2025-04-27T23:10:20.893-0300] {dagbag.py:540} INFO - Filling up the DagBag from /home/facuvega/Descargas/crypto-etl-airflow/airflow-apache/lib/python3.11/site-packages/airflow/example_dags/plugins/event_listener.py
[2025-04-27T23:10:20.895-0300] {processor.py:842} WARNING - No viable dags retrieved from /home/facuvega/Descargas/crypto-etl-airflow/airflow-apache/lib/python3.11/site-packages/airflow/example_dags/plugins/event_listener.py
[2025-04-27T23:10:20.903-0300] {processor.py:183} INFO - Processing /home/facuvega/Descargas/crypto-etl-airflow/airflow-apache/lib/python3.11/site-packages/airflow/example_dags/plugins/event_listener.py took 0.017 seconds
[2025-04-27T23:11:01.495-0300] {processor.py:161} INFO - Started process (PID=55727) to work on /home/facuvega/Descargas/crypto-etl-airflow/airflow-apache/lib/python3.11/site-packages/airflow/example_dags/plugins/event_listener.py
[2025-04-27T23:11:01.496-0300] {processor.py:830} INFO - Processing file /home/facuvega/Descargas/crypto-etl-airflow/airflow-apache/lib/python3.11/site-packages/airflow/example_dags/plugins/event_listener.py for tasks to queue
[2025-04-27T23:11:01.498-0300] {logging_mixin.py:188} INFO - [2025-04-27T23:11:01.497-0300] {dagbag.py:540} INFO - Filling up the DagBag from /home/facuvega/Descargas/crypto-etl-airflow/airflow-apache/lib/python3.11/site-packages/airflow/example_dags/plugins/event_listener.py
[2025-04-27T23:11:01.500-0300] {processor.py:842} WARNING - No viable dags retrieved from /home/facuvega/Descargas/crypto-etl-airflow/airflow-apache/lib/python3.11/site-packages/airflow/example_dags/plugins/event_listener.py
[2025-04-27T23:11:01.509-0300] {processor.py:183} INFO - Processing /home/facuvega/Descargas/crypto-etl-airflow/airflow-apache/lib/python3.11/site-packages/airflow/example_dags/plugins/event_listener.py took 0.020 seconds
[2025-04-27T23:11:41.287-0300] {processor.py:161} INFO - Started process (PID=55930) to work on /home/facuvega/Descargas/crypto-etl-airflow/airflow-apache/lib/python3.11/site-packages/airflow/example_dags/plugins/event_listener.py
[2025-04-27T23:11:41.288-0300] {processor.py:830} INFO - Processing file /home/facuvega/Descargas/crypto-etl-airflow/airflow-apache/lib/python3.11/site-packages/airflow/example_dags/plugins/event_listener.py for tasks to queue
[2025-04-27T23:11:41.290-0300] {logging_mixin.py:188} INFO - [2025-04-27T23:11:41.289-0300] {dagbag.py:540} INFO - Filling up the DagBag from /home/facuvega/Descargas/crypto-etl-airflow/airflow-apache/lib/python3.11/site-packages/airflow/example_dags/plugins/event_listener.py
[2025-04-27T23:11:41.292-0300] {processor.py:842} WARNING - No viable dags retrieved from /home/facuvega/Descargas/crypto-etl-airflow/airflow-apache/lib/python3.11/site-packages/airflow/example_dags/plugins/event_listener.py
[2025-04-27T23:11:41.300-0300] {processor.py:183} INFO - Processing /home/facuvega/Descargas/crypto-etl-airflow/airflow-apache/lib/python3.11/site-packages/airflow/example_dags/plugins/event_listener.py took 0.018 seconds
[2025-04-27T23:12:20.129-0300] {processor.py:161} INFO - Started process (PID=56114) to work on /home/facuvega/Descargas/crypto-etl-airflow/airflow-apache/lib/python3.11/site-packages/airflow/example_dags/plugins/event_listener.py
[2025-04-27T23:12:20.130-0300] {processor.py:830} INFO - Processing file /home/facuvega/Descargas/crypto-etl-airflow/airflow-apache/lib/python3.11/site-packages/airflow/example_dags/plugins/event_listener.py for tasks to queue
[2025-04-27T23:12:20.132-0300] {logging_mixin.py:188} INFO - [2025-04-27T23:12:20.131-0300] {dagbag.py:540} INFO - Filling up the DagBag from /home/facuvega/Descargas/crypto-etl-airflow/airflow-apache/lib/python3.11/site-packages/airflow/example_dags/plugins/event_listener.py
[2025-04-27T23:12:20.133-0300] {processor.py:842} WARNING - No viable dags retrieved from /home/facuvega/Descargas/crypto-etl-airflow/airflow-apache/lib/python3.11/site-packages/airflow/example_dags/plugins/event_listener.py
[2025-04-27T23:12:20.141-0300] {processor.py:183} INFO - Processing /home/facuvega/Descargas/crypto-etl-airflow/airflow-apache/lib/python3.11/site-packages/airflow/example_dags/plugins/event_listener.py took 0.017 seconds
[2025-04-27T23:12:58.952-0300] {processor.py:161} INFO - Started process (PID=56300) to work on /home/facuvega/Descargas/crypto-etl-airflow/airflow-apache/lib/python3.11/site-packages/airflow/example_dags/plugins/event_listener.py
[2025-04-27T23:12:58.953-0300] {processor.py:830} INFO - Processing file /home/facuvega/Descargas/crypto-etl-airflow/airflow-apache/lib/python3.11/site-packages/airflow/example_dags/plugins/event_listener.py for tasks to queue
[2025-04-27T23:12:58.955-0300] {logging_mixin.py:188} INFO - [2025-04-27T23:12:58.954-0300] {dagbag.py:540} INFO - Filling up the DagBag from /home/facuvega/Descargas/crypto-etl-airflow/airflow-apache/lib/python3.11/site-packages/airflow/example_dags/plugins/event_listener.py
[2025-04-27T23:12:58.957-0300] {processor.py:842} WARNING - No viable dags retrieved from /home/facuvega/Descargas/crypto-etl-airflow/airflow-apache/lib/python3.11/site-packages/airflow/example_dags/plugins/event_listener.py
[2025-04-27T23:12:58.966-0300] {processor.py:183} INFO - Processing /home/facuvega/Descargas/crypto-etl-airflow/airflow-apache/lib/python3.11/site-packages/airflow/example_dags/plugins/event_listener.py took 0.021 seconds
[2025-04-27T23:13:37.968-0300] {processor.py:161} INFO - Started process (PID=56503) to work on /home/facuvega/Descargas/crypto-etl-airflow/airflow-apache/lib/python3.11/site-packages/airflow/example_dags/plugins/event_listener.py
[2025-04-27T23:13:37.971-0300] {processor.py:830} INFO - Processing file /home/facuvega/Descargas/crypto-etl-airflow/airflow-apache/lib/python3.11/site-packages/airflow/example_dags/plugins/event_listener.py for tasks to queue
[2025-04-27T23:13:37.974-0300] {logging_mixin.py:188} INFO - [2025-04-27T23:13:37.973-0300] {dagbag.py:540} INFO - Filling up the DagBag from /home/facuvega/Descargas/crypto-etl-airflow/airflow-apache/lib/python3.11/site-packages/airflow/example_dags/plugins/event_listener.py
[2025-04-27T23:13:37.976-0300] {processor.py:842} WARNING - No viable dags retrieved from /home/facuvega/Descargas/crypto-etl-airflow/airflow-apache/lib/python3.11/site-packages/airflow/example_dags/plugins/event_listener.py
[2025-04-27T23:13:37.997-0300] {processor.py:183} INFO - Processing /home/facuvega/Descargas/crypto-etl-airflow/airflow-apache/lib/python3.11/site-packages/airflow/example_dags/plugins/event_listener.py took 0.036 seconds
[2025-04-27T23:14:22.478-0300] {processor.py:161} INFO - Started process (PID=56697) to work on /home/facuvega/Descargas/crypto-etl-airflow/airflow-apache/lib/python3.11/site-packages/airflow/example_dags/plugins/event_listener.py
[2025-04-27T23:14:22.480-0300] {processor.py:830} INFO - Processing file /home/facuvega/Descargas/crypto-etl-airflow/airflow-apache/lib/python3.11/site-packages/airflow/example_dags/plugins/event_listener.py for tasks to queue
[2025-04-27T23:14:22.482-0300] {logging_mixin.py:188} INFO - [2025-04-27T23:14:22.481-0300] {dagbag.py:540} INFO - Filling up the DagBag from /home/facuvega/Descargas/crypto-etl-airflow/airflow-apache/lib/python3.11/site-packages/airflow/example_dags/plugins/event_listener.py
[2025-04-27T23:14:22.485-0300] {processor.py:842} WARNING - No viable dags retrieved from /home/facuvega/Descargas/crypto-etl-airflow/airflow-apache/lib/python3.11/site-packages/airflow/example_dags/plugins/event_listener.py
[2025-04-27T23:14:22.502-0300] {processor.py:183} INFO - Processing /home/facuvega/Descargas/crypto-etl-airflow/airflow-apache/lib/python3.11/site-packages/airflow/example_dags/plugins/event_listener.py took 0.034 seconds
[2025-04-27T23:15:07.917-0300] {processor.py:161} INFO - Started process (PID=56910) to work on /home/facuvega/Descargas/crypto-etl-airflow/airflow-apache/lib/python3.11/site-packages/airflow/example_dags/plugins/event_listener.py
[2025-04-27T23:15:07.918-0300] {processor.py:830} INFO - Processing file /home/facuvega/Descargas/crypto-etl-airflow/airflow-apache/lib/python3.11/site-packages/airflow/example_dags/plugins/event_listener.py for tasks to queue
[2025-04-27T23:15:07.919-0300] {logging_mixin.py:188} INFO - [2025-04-27T23:15:07.919-0300] {dagbag.py:540} INFO - Filling up the DagBag from /home/facuvega/Descargas/crypto-etl-airflow/airflow-apache/lib/python3.11/site-packages/airflow/example_dags/plugins/event_listener.py
[2025-04-27T23:15:07.921-0300] {processor.py:842} WARNING - No viable dags retrieved from /home/facuvega/Descargas/crypto-etl-airflow/airflow-apache/lib/python3.11/site-packages/airflow/example_dags/plugins/event_listener.py
[2025-04-27T23:15:07.930-0300] {processor.py:183} INFO - Processing /home/facuvega/Descargas/crypto-etl-airflow/airflow-apache/lib/python3.11/site-packages/airflow/example_dags/plugins/event_listener.py took 0.018 seconds
[2025-04-27T23:15:45.595-0300] {processor.py:161} INFO - Started process (PID=57128) to work on /home/facuvega/Descargas/crypto-etl-airflow/airflow-apache/lib/python3.11/site-packages/airflow/example_dags/plugins/event_listener.py
[2025-04-27T23:15:45.597-0300] {processor.py:830} INFO - Processing file /home/facuvega/Descargas/crypto-etl-airflow/airflow-apache/lib/python3.11/site-packages/airflow/example_dags/plugins/event_listener.py for tasks to queue
[2025-04-27T23:15:45.599-0300] {logging_mixin.py:188} INFO - [2025-04-27T23:15:45.599-0300] {dagbag.py:540} INFO - Filling up the DagBag from /home/facuvega/Descargas/crypto-etl-airflow/airflow-apache/lib/python3.11/site-packages/airflow/example_dags/plugins/event_listener.py
[2025-04-27T23:15:45.604-0300] {processor.py:842} WARNING - No viable dags retrieved from /home/facuvega/Descargas/crypto-etl-airflow/airflow-apache/lib/python3.11/site-packages/airflow/example_dags/plugins/event_listener.py
[2025-04-27T23:15:45.639-0300] {processor.py:183} INFO - Processing /home/facuvega/Descargas/crypto-etl-airflow/airflow-apache/lib/python3.11/site-packages/airflow/example_dags/plugins/event_listener.py took 0.062 seconds
[2025-04-27T23:16:23.123-0300] {processor.py:161} INFO - Started process (PID=57318) to work on /home/facuvega/Descargas/crypto-etl-airflow/airflow-apache/lib/python3.11/site-packages/airflow/example_dags/plugins/event_listener.py
[2025-04-27T23:16:23.125-0300] {processor.py:830} INFO - Processing file /home/facuvega/Descargas/crypto-etl-airflow/airflow-apache/lib/python3.11/site-packages/airflow/example_dags/plugins/event_listener.py for tasks to queue
[2025-04-27T23:16:23.127-0300] {logging_mixin.py:188} INFO - [2025-04-27T23:16:23.126-0300] {dagbag.py:540} INFO - Filling up the DagBag from /home/facuvega/Descargas/crypto-etl-airflow/airflow-apache/lib/python3.11/site-packages/airflow/example_dags/plugins/event_listener.py
[2025-04-27T23:16:23.129-0300] {processor.py:842} WARNING - No viable dags retrieved from /home/facuvega/Descargas/crypto-etl-airflow/airflow-apache/lib/python3.11/site-packages/airflow/example_dags/plugins/event_listener.py
[2025-04-27T23:16:23.141-0300] {processor.py:183} INFO - Processing /home/facuvega/Descargas/crypto-etl-airflow/airflow-apache/lib/python3.11/site-packages/airflow/example_dags/plugins/event_listener.py took 0.024 seconds
[2025-04-27T23:17:02.997-0300] {processor.py:161} INFO - Started process (PID=57531) to work on /home/facuvega/Descargas/crypto-etl-airflow/airflow-apache/lib/python3.11/site-packages/airflow/example_dags/plugins/event_listener.py
[2025-04-27T23:17:02.998-0300] {processor.py:830} INFO - Processing file /home/facuvega/Descargas/crypto-etl-airflow/airflow-apache/lib/python3.11/site-packages/airflow/example_dags/plugins/event_listener.py for tasks to queue
[2025-04-27T23:17:02.999-0300] {logging_mixin.py:188} INFO - [2025-04-27T23:17:02.999-0300] {dagbag.py:540} INFO - Filling up the DagBag from /home/facuvega/Descargas/crypto-etl-airflow/airflow-apache/lib/python3.11/site-packages/airflow/example_dags/plugins/event_listener.py
[2025-04-27T23:17:03.001-0300] {processor.py:842} WARNING - No viable dags retrieved from /home/facuvega/Descargas/crypto-etl-airflow/airflow-apache/lib/python3.11/site-packages/airflow/example_dags/plugins/event_listener.py
[2025-04-27T23:17:03.009-0300] {processor.py:183} INFO - Processing /home/facuvega/Descargas/crypto-etl-airflow/airflow-apache/lib/python3.11/site-packages/airflow/example_dags/plugins/event_listener.py took 0.017 seconds
[2025-04-27T23:17:46.966-0300] {processor.py:161} INFO - Started process (PID=57763) to work on /home/facuvega/Descargas/crypto-etl-airflow/airflow-apache/lib/python3.11/site-packages/airflow/example_dags/plugins/event_listener.py
[2025-04-27T23:17:46.969-0300] {processor.py:830} INFO - Processing file /home/facuvega/Descargas/crypto-etl-airflow/airflow-apache/lib/python3.11/site-packages/airflow/example_dags/plugins/event_listener.py for tasks to queue
[2025-04-27T23:17:46.973-0300] {logging_mixin.py:188} INFO - [2025-04-27T23:17:46.972-0300] {dagbag.py:540} INFO - Filling up the DagBag from /home/facuvega/Descargas/crypto-etl-airflow/airflow-apache/lib/python3.11/site-packages/airflow/example_dags/plugins/event_listener.py
[2025-04-27T23:17:46.976-0300] {processor.py:842} WARNING - No viable dags retrieved from /home/facuvega/Descargas/crypto-etl-airflow/airflow-apache/lib/python3.11/site-packages/airflow/example_dags/plugins/event_listener.py
[2025-04-27T23:17:46.993-0300] {processor.py:183} INFO - Processing /home/facuvega/Descargas/crypto-etl-airflow/airflow-apache/lib/python3.11/site-packages/airflow/example_dags/plugins/event_listener.py took 0.040 seconds
[2025-04-27T23:18:33.976-0300] {processor.py:161} INFO - Started process (PID=58105) to work on /home/facuvega/Descargas/crypto-etl-airflow/airflow-apache/lib/python3.11/site-packages/airflow/example_dags/plugins/event_listener.py
[2025-04-27T23:18:33.977-0300] {processor.py:830} INFO - Processing file /home/facuvega/Descargas/crypto-etl-airflow/airflow-apache/lib/python3.11/site-packages/airflow/example_dags/plugins/event_listener.py for tasks to queue
[2025-04-27T23:18:33.978-0300] {logging_mixin.py:188} INFO - [2025-04-27T23:18:33.978-0300] {dagbag.py:540} INFO - Filling up the DagBag from /home/facuvega/Descargas/crypto-etl-airflow/airflow-apache/lib/python3.11/site-packages/airflow/example_dags/plugins/event_listener.py
[2025-04-27T23:18:33.980-0300] {processor.py:842} WARNING - No viable dags retrieved from /home/facuvega/Descargas/crypto-etl-airflow/airflow-apache/lib/python3.11/site-packages/airflow/example_dags/plugins/event_listener.py
[2025-04-27T23:18:33.989-0300] {processor.py:183} INFO - Processing /home/facuvega/Descargas/crypto-etl-airflow/airflow-apache/lib/python3.11/site-packages/airflow/example_dags/plugins/event_listener.py took 0.018 seconds
