[2025-04-27T23:00:23.990-0300] {processor.py:161} INFO - Started process (PID=51672) to work on /home/facuvega/Descargas/crypto-etl-airflow/airflow-apache/lib/python3.11/site-packages/airflow/example_dags/plugins/workday.py
[2025-04-27T23:00:23.991-0300] {processor.py:830} INFO - Processing file /home/facuvega/Descargas/crypto-etl-airflow/airflow-apache/lib/python3.11/site-packages/airflow/example_dags/plugins/workday.py for tasks to queue
[2025-04-27T23:00:23.992-0300] {logging_mixin.py:188} INFO - [2025-04-27T23:00:23.992-0300] {dagbag.py:540} INFO - Filling up the DagBag from /home/facuvega/Descargas/crypto-etl-airflow/airflow-apache/lib/python3.11/site-packages/airflow/example_dags/plugins/workday.py
[2025-04-27T23:00:24.472-0300] {processor.py:842} WARNING - No viable dags retrieved from /home/facuvega/Descargas/crypto-etl-airflow/airflow-apache/lib/python3.11/site-packages/airflow/example_dags/plugins/workday.py
[2025-04-27T23:00:24.477-0300] {processor.py:183} INFO - Processing /home/facuvega/Descargas/crypto-etl-airflow/airflow-apache/lib/python3.11/site-packages/airflow/example_dags/plugins/workday.py took 0.494 seconds
[2025-04-27T23:05:21.419-0300] {processor.py:161} INFO - Started process (PID=53616) to work on /home/facuvega/Descargas/crypto-etl-airflow/airflow-apache/lib/python3.11/site-packages/airflow/example_dags/plugins/workday.py
[2025-04-27T23:05:21.420-0300] {processor.py:830} INFO - Processing file /home/facuvega/Descargas/crypto-etl-airflow/airflow-apache/lib/python3.11/site-packages/airflow/example_dags/plugins/workday.py for tasks to queue
[2025-04-27T23:05:21.421-0300] {logging_mixin.py:188} INFO - [2025-04-27T23:05:21.421-0300] {dagbag.py:540} INFO - Filling up the DagBag from /home/facuvega/Descargas/crypto-etl-airflow/airflow-apache/lib/python3.11/site-packages/airflow/example_dags/plugins/workday.py
[2025-04-27T23:05:22.004-0300] {processor.py:842} WARNING - No viable dags retrieved from /home/facuvega/Descargas/crypto-etl-airflow/airflow-apache/lib/python3.11/site-packages/airflow/example_dags/plugins/workday.py
[2025-04-27T23:05:22.009-0300] {processor.py:183} INFO - Processing /home/facuvega/Descargas/crypto-etl-airflow/airflow-apache/lib/python3.11/site-packages/airflow/example_dags/plugins/workday.py took 0.595 seconds
[2025-04-27T23:06:16.184-0300] {processor.py:161} INFO - Started process (PID=54076) to work on /home/facuvega/Descargas/crypto-etl-airflow/airflow-apache/lib/python3.11/site-packages/airflow/example_dags/plugins/workday.py
[2025-04-27T23:06:16.185-0300] {processor.py:830} INFO - Processing file /home/facuvega/Descargas/crypto-etl-airflow/airflow-apache/lib/python3.11/site-packages/airflow/example_dags/plugins/workday.py for tasks to queue
[2025-04-27T23:06:16.186-0300] {logging_mixin.py:188} INFO - [2025-04-27T23:06:16.186-0300] {dagbag.py:540} INFO - Filling up the DagBag from /home/facuvega/Descargas/crypto-etl-airflow/airflow-apache/lib/python3.11/site-packages/airflow/example_dags/plugins/workday.py
[2025-04-27T23:06:16.549-0300] {processor.py:842} WARNING - No viable dags retrieved from /home/facuvega/Descargas/crypto-etl-airflow/airflow-apache/lib/python3.11/site-packages/airflow/example_dags/plugins/workday.py
[2025-04-27T23:06:16.557-0300] {processor.py:183} INFO - Processing /home/facuvega/Descargas/crypto-etl-airflow/airflow-apache/lib/python3.11/site-packages/airflow/example_dags/plugins/workday.py took 0.379 seconds
[2025-04-27T23:06:57.501-0300] {processor.py:161} INFO - Started process (PID=54449) to work on /home/facuvega/Descargas/crypto-etl-airflow/airflow-apache/lib/python3.11/site-packages/airflow/example_dags/plugins/workday.py
[2025-04-27T23:06:57.503-0300] {processor.py:830} INFO - Processing file /home/facuvega/Descargas/crypto-etl-airflow/airflow-apache/lib/python3.11/site-packages/airflow/example_dags/plugins/workday.py for tasks to queue
[2025-04-27T23:06:57.506-0300] {logging_mixin.py:188} INFO - [2025-04-27T23:06:57.505-0300] {dagbag.py:540} INFO - Filling up the DagBag from /home/facuvega/Descargas/crypto-etl-airflow/airflow-apache/lib/python3.11/site-packages/airflow/example_dags/plugins/workday.py
[2025-04-27T23:06:57.752-0300] {processor.py:842} WARNING - No viable dags retrieved from /home/facuvega/Descargas/crypto-etl-airflow/airflow-apache/lib/python3.11/site-packages/airflow/example_dags/plugins/workday.py
[2025-04-27T23:06:57.759-0300] {processor.py:183} INFO - Processing /home/facuvega/Descargas/crypto-etl-airflow/airflow-apache/lib/python3.11/site-packages/airflow/example_dags/plugins/workday.py took 0.264 seconds
[2025-04-27T23:07:37.325-0300] {processor.py:161} INFO - Started process (PID=54625) to work on /home/facuvega/Descargas/crypto-etl-airflow/airflow-apache/lib/python3.11/site-packages/airflow/example_dags/plugins/workday.py
[2025-04-27T23:07:37.326-0300] {processor.py:830} INFO - Processing file /home/facuvega/Descargas/crypto-etl-airflow/airflow-apache/lib/python3.11/site-packages/airflow/example_dags/plugins/workday.py for tasks to queue
[2025-04-27T23:07:37.328-0300] {logging_mixin.py:188} INFO - [2025-04-27T23:07:37.327-0300] {dagbag.py:540} INFO - Filling up the DagBag from /home/facuvega/Descargas/crypto-etl-airflow/airflow-apache/lib/python3.11/site-packages/airflow/example_dags/plugins/workday.py
[2025-04-27T23:07:37.537-0300] {processor.py:842} WARNING - No viable dags retrieved from /home/facuvega/Descargas/crypto-etl-airflow/airflow-apache/lib/python3.11/site-packages/airflow/example_dags/plugins/workday.py
[2025-04-27T23:07:37.545-0300] {processor.py:183} INFO - Processing /home/facuvega/Descargas/crypto-etl-airflow/airflow-apache/lib/python3.11/site-packages/airflow/example_dags/plugins/workday.py took 0.225 seconds
[2025-04-27T23:08:17.032-0300] {processor.py:161} INFO - Started process (PID=54806) to work on /home/facuvega/Descargas/crypto-etl-airflow/airflow-apache/lib/python3.11/site-packages/airflow/example_dags/plugins/workday.py
[2025-04-27T23:08:17.034-0300] {processor.py:830} INFO - Processing file /home/facuvega/Descargas/crypto-etl-airflow/airflow-apache/lib/python3.11/site-packages/airflow/example_dags/plugins/workday.py for tasks to queue
[2025-04-27T23:08:17.035-0300] {logging_mixin.py:188} INFO - [2025-04-27T23:08:17.035-0300] {dagbag.py:540} INFO - Filling up the DagBag from /home/facuvega/Descargas/crypto-etl-airflow/airflow-apache/lib/python3.11/site-packages/airflow/example_dags/plugins/workday.py
[2025-04-27T23:08:17.243-0300] {processor.py:842} WARNING - No viable dags retrieved from /home/facuvega/Descargas/crypto-etl-airflow/airflow-apache/lib/python3.11/site-packages/airflow/example_dags/plugins/workday.py
[2025-04-27T23:08:17.249-0300] {processor.py:183} INFO - Processing /home/facuvega/Descargas/crypto-etl-airflow/airflow-apache/lib/python3.11/site-packages/airflow/example_dags/plugins/workday.py took 0.223 seconds
[2025-04-27T23:08:59.892-0300] {processor.py:161} INFO - Started process (PID=54998) to work on /home/facuvega/Descargas/crypto-etl-airflow/airflow-apache/lib/python3.11/site-packages/airflow/example_dags/plugins/workday.py
[2025-04-27T23:08:59.893-0300] {processor.py:830} INFO - Processing file /home/facuvega/Descargas/crypto-etl-airflow/airflow-apache/lib/python3.11/site-packages/airflow/example_dags/plugins/workday.py for tasks to queue
[2025-04-27T23:08:59.894-0300] {logging_mixin.py:188} INFO - [2025-04-27T23:08:59.894-0300] {dagbag.py:540} INFO - Filling up the DagBag from /home/facuvega/Descargas/crypto-etl-airflow/airflow-apache/lib/python3.11/site-packages/airflow/example_dags/plugins/workday.py
[2025-04-27T23:09:00.099-0300] {processor.py:842} WARNING - No viable dags retrieved from /home/facuvega/Descargas/crypto-etl-airflow/airflow-apache/lib/python3.11/site-packages/airflow/example_dags/plugins/workday.py
[2025-04-27T23:09:00.106-0300] {processor.py:183} INFO - Processing /home/facuvega/Descargas/crypto-etl-airflow/airflow-apache/lib/python3.11/site-packages/airflow/example_dags/plugins/workday.py took 0.218 seconds
[2025-04-27T23:09:42.864-0300] {processor.py:161} INFO - Started process (PID=55189) to work on /home/facuvega/Descargas/crypto-etl-airflow/airflow-apache/lib/python3.11/site-packages/airflow/example_dags/plugins/workday.py
[2025-04-27T23:09:42.865-0300] {processor.py:830} INFO - Processing file /home/facuvega/Descargas/crypto-etl-airflow/airflow-apache/lib/python3.11/site-packages/airflow/example_dags/plugins/workday.py for tasks to queue
[2025-04-27T23:09:42.866-0300] {logging_mixin.py:188} INFO - [2025-04-27T23:09:42.866-0300] {dagbag.py:540} INFO - Filling up the DagBag from /home/facuvega/Descargas/crypto-etl-airflow/airflow-apache/lib/python3.11/site-packages/airflow/example_dags/plugins/workday.py
[2025-04-27T23:09:43.191-0300] {processor.py:842} WARNING - No viable dags retrieved from /home/facuvega/Descargas/crypto-etl-airflow/airflow-apache/lib/python3.11/site-packages/airflow/example_dags/plugins/workday.py
[2025-04-27T23:09:43.205-0300] {processor.py:183} INFO - Processing /home/facuvega/Descargas/crypto-etl-airflow/airflow-apache/lib/python3.11/site-packages/airflow/example_dags/plugins/workday.py took 0.347 seconds
[2025-04-27T23:10:21.261-0300] {processor.py:161} INFO - Started process (PID=55438) to work on /home/facuvega/Descargas/crypto-etl-airflow/airflow-apache/lib/python3.11/site-packages/airflow/example_dags/plugins/workday.py
[2025-04-27T23:10:21.262-0300] {processor.py:830} INFO - Processing file /home/facuvega/Descargas/crypto-etl-airflow/airflow-apache/lib/python3.11/site-packages/airflow/example_dags/plugins/workday.py for tasks to queue
[2025-04-27T23:10:21.263-0300] {logging_mixin.py:188} INFO - [2025-04-27T23:10:21.263-0300] {dagbag.py:540} INFO - Filling up the DagBag from /home/facuvega/Descargas/crypto-etl-airflow/airflow-apache/lib/python3.11/site-packages/airflow/example_dags/plugins/workday.py
[2025-04-27T23:10:21.476-0300] {processor.py:842} WARNING - No viable dags retrieved from /home/facuvega/Descargas/crypto-etl-airflow/airflow-apache/lib/python3.11/site-packages/airflow/example_dags/plugins/workday.py
[2025-04-27T23:10:21.483-0300] {processor.py:183} INFO - Processing /home/facuvega/Descargas/crypto-etl-airflow/airflow-apache/lib/python3.11/site-packages/airflow/example_dags/plugins/workday.py took 0.228 seconds
[2025-04-27T23:11:01.920-0300] {processor.py:161} INFO - Started process (PID=55730) to work on /home/facuvega/Descargas/crypto-etl-airflow/airflow-apache/lib/python3.11/site-packages/airflow/example_dags/plugins/workday.py
[2025-04-27T23:11:01.923-0300] {processor.py:830} INFO - Processing file /home/facuvega/Descargas/crypto-etl-airflow/airflow-apache/lib/python3.11/site-packages/airflow/example_dags/plugins/workday.py for tasks to queue
[2025-04-27T23:11:01.926-0300] {logging_mixin.py:188} INFO - [2025-04-27T23:11:01.926-0300] {dagbag.py:540} INFO - Filling up the DagBag from /home/facuvega/Descargas/crypto-etl-airflow/airflow-apache/lib/python3.11/site-packages/airflow/example_dags/plugins/workday.py
[2025-04-27T23:11:02.944-0300] {processor.py:842} WARNING - No viable dags retrieved from /home/facuvega/Descargas/crypto-etl-airflow/airflow-apache/lib/python3.11/site-packages/airflow/example_dags/plugins/workday.py
[2025-04-27T23:11:02.959-0300] {processor.py:183} INFO - Processing /home/facuvega/Descargas/crypto-etl-airflow/airflow-apache/lib/python3.11/site-packages/airflow/example_dags/plugins/workday.py took 1.061 seconds
[2025-04-27T23:11:42.422-0300] {processor.py:161} INFO - Started process (PID=55938) to work on /home/facuvega/Descargas/crypto-etl-airflow/airflow-apache/lib/python3.11/site-packages/airflow/example_dags/plugins/workday.py
[2025-04-27T23:11:42.423-0300] {processor.py:830} INFO - Processing file /home/facuvega/Descargas/crypto-etl-airflow/airflow-apache/lib/python3.11/site-packages/airflow/example_dags/plugins/workday.py for tasks to queue
[2025-04-27T23:11:42.424-0300] {logging_mixin.py:188} INFO - [2025-04-27T23:11:42.424-0300] {dagbag.py:540} INFO - Filling up the DagBag from /home/facuvega/Descargas/crypto-etl-airflow/airflow-apache/lib/python3.11/site-packages/airflow/example_dags/plugins/workday.py
[2025-04-27T23:11:42.642-0300] {processor.py:842} WARNING - No viable dags retrieved from /home/facuvega/Descargas/crypto-etl-airflow/airflow-apache/lib/python3.11/site-packages/airflow/example_dags/plugins/workday.py
[2025-04-27T23:11:42.649-0300] {processor.py:183} INFO - Processing /home/facuvega/Descargas/crypto-etl-airflow/airflow-apache/lib/python3.11/site-packages/airflow/example_dags/plugins/workday.py took 0.232 seconds
[2025-04-27T23:12:20.407-0300] {processor.py:161} INFO - Started process (PID=56121) to work on /home/facuvega/Descargas/crypto-etl-airflow/airflow-apache/lib/python3.11/site-packages/airflow/example_dags/plugins/workday.py
[2025-04-27T23:12:20.408-0300] {processor.py:830} INFO - Processing file /home/facuvega/Descargas/crypto-etl-airflow/airflow-apache/lib/python3.11/site-packages/airflow/example_dags/plugins/workday.py for tasks to queue
[2025-04-27T23:12:20.410-0300] {logging_mixin.py:188} INFO - [2025-04-27T23:12:20.409-0300] {dagbag.py:540} INFO - Filling up the DagBag from /home/facuvega/Descargas/crypto-etl-airflow/airflow-apache/lib/python3.11/site-packages/airflow/example_dags/plugins/workday.py
[2025-04-27T23:12:20.681-0300] {processor.py:842} WARNING - No viable dags retrieved from /home/facuvega/Descargas/crypto-etl-airflow/airflow-apache/lib/python3.11/site-packages/airflow/example_dags/plugins/workday.py
[2025-04-27T23:12:20.688-0300] {processor.py:183} INFO - Processing /home/facuvega/Descargas/crypto-etl-airflow/airflow-apache/lib/python3.11/site-packages/airflow/example_dags/plugins/workday.py took 0.287 seconds
[2025-04-27T23:13:00.087-0300] {processor.py:161} INFO - Started process (PID=56301) to work on /home/facuvega/Descargas/crypto-etl-airflow/airflow-apache/lib/python3.11/site-packages/airflow/example_dags/plugins/workday.py
[2025-04-27T23:13:00.088-0300] {processor.py:830} INFO - Processing file /home/facuvega/Descargas/crypto-etl-airflow/airflow-apache/lib/python3.11/site-packages/airflow/example_dags/plugins/workday.py for tasks to queue
[2025-04-27T23:13:00.089-0300] {logging_mixin.py:188} INFO - [2025-04-27T23:13:00.089-0300] {dagbag.py:540} INFO - Filling up the DagBag from /home/facuvega/Descargas/crypto-etl-airflow/airflow-apache/lib/python3.11/site-packages/airflow/example_dags/plugins/workday.py
[2025-04-27T23:13:00.282-0300] {processor.py:842} WARNING - No viable dags retrieved from /home/facuvega/Descargas/crypto-etl-airflow/airflow-apache/lib/python3.11/site-packages/airflow/example_dags/plugins/workday.py
[2025-04-27T23:13:00.288-0300] {processor.py:183} INFO - Processing /home/facuvega/Descargas/crypto-etl-airflow/airflow-apache/lib/python3.11/site-packages/airflow/example_dags/plugins/workday.py took 0.206 seconds
[2025-04-27T23:13:39.134-0300] {processor.py:161} INFO - Started process (PID=56504) to work on /home/facuvega/Descargas/crypto-etl-airflow/airflow-apache/lib/python3.11/site-packages/airflow/example_dags/plugins/workday.py
[2025-04-27T23:13:39.135-0300] {processor.py:830} INFO - Processing file /home/facuvega/Descargas/crypto-etl-airflow/airflow-apache/lib/python3.11/site-packages/airflow/example_dags/plugins/workday.py for tasks to queue
[2025-04-27T23:13:39.137-0300] {logging_mixin.py:188} INFO - [2025-04-27T23:13:39.136-0300] {dagbag.py:540} INFO - Filling up the DagBag from /home/facuvega/Descargas/crypto-etl-airflow/airflow-apache/lib/python3.11/site-packages/airflow/example_dags/plugins/workday.py
[2025-04-27T23:13:39.434-0300] {processor.py:842} WARNING - No viable dags retrieved from /home/facuvega/Descargas/crypto-etl-airflow/airflow-apache/lib/python3.11/site-packages/airflow/example_dags/plugins/workday.py
[2025-04-27T23:13:39.444-0300] {processor.py:183} INFO - Processing /home/facuvega/Descargas/crypto-etl-airflow/airflow-apache/lib/python3.11/site-packages/airflow/example_dags/plugins/workday.py took 0.318 seconds
[2025-04-27T23:14:23.645-0300] {processor.py:161} INFO - Started process (PID=56705) to work on /home/facuvega/Descargas/crypto-etl-airflow/airflow-apache/lib/python3.11/site-packages/airflow/example_dags/plugins/workday.py
[2025-04-27T23:14:23.647-0300] {processor.py:830} INFO - Processing file /home/facuvega/Descargas/crypto-etl-airflow/airflow-apache/lib/python3.11/site-packages/airflow/example_dags/plugins/workday.py for tasks to queue
[2025-04-27T23:14:23.652-0300] {logging_mixin.py:188} INFO - [2025-04-27T23:14:23.650-0300] {dagbag.py:540} INFO - Filling up the DagBag from /home/facuvega/Descargas/crypto-etl-airflow/airflow-apache/lib/python3.11/site-packages/airflow/example_dags/plugins/workday.py
[2025-04-27T23:14:24.034-0300] {processor.py:842} WARNING - No viable dags retrieved from /home/facuvega/Descargas/crypto-etl-airflow/airflow-apache/lib/python3.11/site-packages/airflow/example_dags/plugins/workday.py
[2025-04-27T23:14:24.046-0300] {processor.py:183} INFO - Processing /home/facuvega/Descargas/crypto-etl-airflow/airflow-apache/lib/python3.11/site-packages/airflow/example_dags/plugins/workday.py took 0.407 seconds
[2025-04-27T23:15:09.071-0300] {processor.py:161} INFO - Started process (PID=56911) to work on /home/facuvega/Descargas/crypto-etl-airflow/airflow-apache/lib/python3.11/site-packages/airflow/example_dags/plugins/workday.py
[2025-04-27T23:15:09.071-0300] {processor.py:830} INFO - Processing file /home/facuvega/Descargas/crypto-etl-airflow/airflow-apache/lib/python3.11/site-packages/airflow/example_dags/plugins/workday.py for tasks to queue
[2025-04-27T23:15:09.073-0300] {logging_mixin.py:188} INFO - [2025-04-27T23:15:09.073-0300] {dagbag.py:540} INFO - Filling up the DagBag from /home/facuvega/Descargas/crypto-etl-airflow/airflow-apache/lib/python3.11/site-packages/airflow/example_dags/plugins/workday.py
[2025-04-27T23:15:09.333-0300] {processor.py:842} WARNING - No viable dags retrieved from /home/facuvega/Descargas/crypto-etl-airflow/airflow-apache/lib/python3.11/site-packages/airflow/example_dags/plugins/workday.py
[2025-04-27T23:15:09.340-0300] {processor.py:183} INFO - Processing /home/facuvega/Descargas/crypto-etl-airflow/airflow-apache/lib/python3.11/site-packages/airflow/example_dags/plugins/workday.py took 0.277 seconds
[2025-04-27T23:15:46.735-0300] {processor.py:161} INFO - Started process (PID=57140) to work on /home/facuvega/Descargas/crypto-etl-airflow/airflow-apache/lib/python3.11/site-packages/airflow/example_dags/plugins/workday.py
[2025-04-27T23:15:46.736-0300] {processor.py:830} INFO - Processing file /home/facuvega/Descargas/crypto-etl-airflow/airflow-apache/lib/python3.11/site-packages/airflow/example_dags/plugins/workday.py for tasks to queue
[2025-04-27T23:15:46.738-0300] {logging_mixin.py:188} INFO - [2025-04-27T23:15:46.738-0300] {dagbag.py:540} INFO - Filling up the DagBag from /home/facuvega/Descargas/crypto-etl-airflow/airflow-apache/lib/python3.11/site-packages/airflow/example_dags/plugins/workday.py
[2025-04-27T23:15:47.066-0300] {processor.py:842} WARNING - No viable dags retrieved from /home/facuvega/Descargas/crypto-etl-airflow/airflow-apache/lib/python3.11/site-packages/airflow/example_dags/plugins/workday.py
[2025-04-27T23:15:47.072-0300] {processor.py:183} INFO - Processing /home/facuvega/Descargas/crypto-etl-airflow/airflow-apache/lib/python3.11/site-packages/airflow/example_dags/plugins/workday.py took 0.344 seconds
[2025-04-27T23:16:23.305-0300] {processor.py:161} INFO - Started process (PID=57319) to work on /home/facuvega/Descargas/crypto-etl-airflow/airflow-apache/lib/python3.11/site-packages/airflow/example_dags/plugins/workday.py
[2025-04-27T23:16:23.306-0300] {processor.py:830} INFO - Processing file /home/facuvega/Descargas/crypto-etl-airflow/airflow-apache/lib/python3.11/site-packages/airflow/example_dags/plugins/workday.py for tasks to queue
[2025-04-27T23:16:23.307-0300] {logging_mixin.py:188} INFO - [2025-04-27T23:16:23.307-0300] {dagbag.py:540} INFO - Filling up the DagBag from /home/facuvega/Descargas/crypto-etl-airflow/airflow-apache/lib/python3.11/site-packages/airflow/example_dags/plugins/workday.py
[2025-04-27T23:16:23.531-0300] {processor.py:842} WARNING - No viable dags retrieved from /home/facuvega/Descargas/crypto-etl-airflow/airflow-apache/lib/python3.11/site-packages/airflow/example_dags/plugins/workday.py
[2025-04-27T23:16:23.541-0300] {processor.py:183} INFO - Processing /home/facuvega/Descargas/crypto-etl-airflow/airflow-apache/lib/python3.11/site-packages/airflow/example_dags/plugins/workday.py took 0.242 seconds
[2025-04-27T23:17:04.144-0300] {processor.py:161} INFO - Started process (PID=57538) to work on /home/facuvega/Descargas/crypto-etl-airflow/airflow-apache/lib/python3.11/site-packages/airflow/example_dags/plugins/workday.py
[2025-04-27T23:17:04.145-0300] {processor.py:830} INFO - Processing file /home/facuvega/Descargas/crypto-etl-airflow/airflow-apache/lib/python3.11/site-packages/airflow/example_dags/plugins/workday.py for tasks to queue
[2025-04-27T23:17:04.147-0300] {logging_mixin.py:188} INFO - [2025-04-27T23:17:04.147-0300] {dagbag.py:540} INFO - Filling up the DagBag from /home/facuvega/Descargas/crypto-etl-airflow/airflow-apache/lib/python3.11/site-packages/airflow/example_dags/plugins/workday.py
[2025-04-27T23:17:04.345-0300] {processor.py:842} WARNING - No viable dags retrieved from /home/facuvega/Descargas/crypto-etl-airflow/airflow-apache/lib/python3.11/site-packages/airflow/example_dags/plugins/workday.py
[2025-04-27T23:17:04.351-0300] {processor.py:183} INFO - Processing /home/facuvega/Descargas/crypto-etl-airflow/airflow-apache/lib/python3.11/site-packages/airflow/example_dags/plugins/workday.py took 0.215 seconds
[2025-04-27T23:17:48.135-0300] {processor.py:161} INFO - Started process (PID=57785) to work on /home/facuvega/Descargas/crypto-etl-airflow/airflow-apache/lib/python3.11/site-packages/airflow/example_dags/plugins/workday.py
[2025-04-27T23:17:48.136-0300] {processor.py:830} INFO - Processing file /home/facuvega/Descargas/crypto-etl-airflow/airflow-apache/lib/python3.11/site-packages/airflow/example_dags/plugins/workday.py for tasks to queue
[2025-04-27T23:17:48.139-0300] {logging_mixin.py:188} INFO - [2025-04-27T23:17:48.138-0300] {dagbag.py:540} INFO - Filling up the DagBag from /home/facuvega/Descargas/crypto-etl-airflow/airflow-apache/lib/python3.11/site-packages/airflow/example_dags/plugins/workday.py
[2025-04-27T23:17:48.419-0300] {processor.py:842} WARNING - No viable dags retrieved from /home/facuvega/Descargas/crypto-etl-airflow/airflow-apache/lib/python3.11/site-packages/airflow/example_dags/plugins/workday.py
[2025-04-27T23:17:48.427-0300] {processor.py:183} INFO - Processing /home/facuvega/Descargas/crypto-etl-airflow/airflow-apache/lib/python3.11/site-packages/airflow/example_dags/plugins/workday.py took 0.299 seconds
[2025-04-27T23:18:35.137-0300] {processor.py:161} INFO - Started process (PID=58106) to work on /home/facuvega/Descargas/crypto-etl-airflow/airflow-apache/lib/python3.11/site-packages/airflow/example_dags/plugins/workday.py
[2025-04-27T23:18:35.138-0300] {processor.py:830} INFO - Processing file /home/facuvega/Descargas/crypto-etl-airflow/airflow-apache/lib/python3.11/site-packages/airflow/example_dags/plugins/workday.py for tasks to queue
[2025-04-27T23:18:35.140-0300] {logging_mixin.py:188} INFO - [2025-04-27T23:18:35.140-0300] {dagbag.py:540} INFO - Filling up the DagBag from /home/facuvega/Descargas/crypto-etl-airflow/airflow-apache/lib/python3.11/site-packages/airflow/example_dags/plugins/workday.py
[2025-04-27T23:18:35.540-0300] {processor.py:842} WARNING - No viable dags retrieved from /home/facuvega/Descargas/crypto-etl-airflow/airflow-apache/lib/python3.11/site-packages/airflow/example_dags/plugins/workday.py
[2025-04-27T23:18:35.550-0300] {processor.py:183} INFO - Processing /home/facuvega/Descargas/crypto-etl-airflow/airflow-apache/lib/python3.11/site-packages/airflow/example_dags/plugins/workday.py took 0.421 seconds
