[2025-05-03T04:38:48.080-0300] {processor.py:161} INFO - Started process (PID=15423) to work on /home/facuvega/Descargas/crypto-etl-airflow/airflow-apache/lib/python3.11/site-packages/airflow/example_dags/example_display_name.py
[2025-05-03T04:38:48.081-0300] {processor.py:830} INFO - Processing file /home/facuvega/Descargas/crypto-etl-airflow/airflow-apache/lib/python3.11/site-packages/airflow/example_dags/example_display_name.py for tasks to queue
[2025-05-03T04:38:48.083-0300] {logging_mixin.py:188} INFO - [2025-05-03T04:38:48.082-0300] {dagbag.py:540} INFO - Filling up the DagBag from /home/facuvega/Descargas/crypto-etl-airflow/airflow-apache/lib/python3.11/site-packages/airflow/example_dags/example_display_name.py
[2025-05-03T04:38:48.088-0300] {processor.py:840} INFO - DAG(s) 'example_display_name' retrieved from /home/facuvega/Descargas/crypto-etl-airflow/airflow-apache/lib/python3.11/site-packages/airflow/example_dags/example_display_name.py
[2025-05-03T04:38:48.101-0300] {logging_mixin.py:188} INFO - [2025-05-03T04:38:48.100-0300] {dag.py:3096} INFO - Sync 1 DAGs
[2025-05-03T04:38:48.108-0300] {logging_mixin.py:188} INFO - [2025-05-03T04:38:48.108-0300] {dag.py:3954} INFO - Setting next_dagrun for example_display_name to None, run_after=None
[2025-05-03T04:38:48.121-0300] {processor.py:183} INFO - Processing /home/facuvega/Descargas/crypto-etl-airflow/airflow-apache/lib/python3.11/site-packages/airflow/example_dags/example_display_name.py took 0.046 seconds
[2025-05-03T04:39:50.076-0300] {processor.py:161} INFO - Started process (PID=15705) to work on /home/facuvega/Descargas/crypto-etl-airflow/airflow-apache/lib/python3.11/site-packages/airflow/example_dags/example_display_name.py
[2025-05-03T04:39:50.077-0300] {processor.py:830} INFO - Processing file /home/facuvega/Descargas/crypto-etl-airflow/airflow-apache/lib/python3.11/site-packages/airflow/example_dags/example_display_name.py for tasks to queue
[2025-05-03T04:39:50.078-0300] {logging_mixin.py:188} INFO - [2025-05-03T04:39:50.078-0300] {dagbag.py:540} INFO - Filling up the DagBag from /home/facuvega/Descargas/crypto-etl-airflow/airflow-apache/lib/python3.11/site-packages/airflow/example_dags/example_display_name.py
[2025-05-03T04:39:50.083-0300] {processor.py:840} INFO - DAG(s) 'example_display_name' retrieved from /home/facuvega/Descargas/crypto-etl-airflow/airflow-apache/lib/python3.11/site-packages/airflow/example_dags/example_display_name.py
[2025-05-03T04:39:50.095-0300] {logging_mixin.py:188} INFO - [2025-05-03T04:39:50.094-0300] {dag.py:3096} INFO - Sync 1 DAGs
[2025-05-03T04:39:50.102-0300] {logging_mixin.py:188} INFO - [2025-05-03T04:39:50.102-0300] {dag.py:3954} INFO - Setting next_dagrun for example_display_name to None, run_after=None
[2025-05-03T04:39:50.115-0300] {processor.py:183} INFO - Processing /home/facuvega/Descargas/crypto-etl-airflow/airflow-apache/lib/python3.11/site-packages/airflow/example_dags/example_display_name.py took 0.044 seconds
[2025-05-03T04:40:48.127-0300] {processor.py:161} INFO - Started process (PID=15983) to work on /home/facuvega/Descargas/crypto-etl-airflow/airflow-apache/lib/python3.11/site-packages/airflow/example_dags/example_display_name.py
[2025-05-03T04:40:48.129-0300] {processor.py:830} INFO - Processing file /home/facuvega/Descargas/crypto-etl-airflow/airflow-apache/lib/python3.11/site-packages/airflow/example_dags/example_display_name.py for tasks to queue
[2025-05-03T04:40:48.130-0300] {logging_mixin.py:188} INFO - [2025-05-03T04:40:48.130-0300] {dagbag.py:540} INFO - Filling up the DagBag from /home/facuvega/Descargas/crypto-etl-airflow/airflow-apache/lib/python3.11/site-packages/airflow/example_dags/example_display_name.py
[2025-05-03T04:40:48.136-0300] {processor.py:840} INFO - DAG(s) 'example_display_name' retrieved from /home/facuvega/Descargas/crypto-etl-airflow/airflow-apache/lib/python3.11/site-packages/airflow/example_dags/example_display_name.py
[2025-05-03T04:40:48.155-0300] {logging_mixin.py:188} INFO - [2025-05-03T04:40:48.155-0300] {dag.py:3096} INFO - Sync 1 DAGs
[2025-05-03T04:40:48.165-0300] {logging_mixin.py:188} INFO - [2025-05-03T04:40:48.165-0300] {dag.py:3954} INFO - Setting next_dagrun for example_display_name to None, run_after=None
[2025-05-03T04:40:48.186-0300] {processor.py:183} INFO - Processing /home/facuvega/Descargas/crypto-etl-airflow/airflow-apache/lib/python3.11/site-packages/airflow/example_dags/example_display_name.py took 0.064 seconds
[2025-05-03T04:41:51.087-0300] {processor.py:161} INFO - Started process (PID=16282) to work on /home/facuvega/Descargas/crypto-etl-airflow/airflow-apache/lib/python3.11/site-packages/airflow/example_dags/example_display_name.py
[2025-05-03T04:41:51.093-0300] {processor.py:830} INFO - Processing file /home/facuvega/Descargas/crypto-etl-airflow/airflow-apache/lib/python3.11/site-packages/airflow/example_dags/example_display_name.py for tasks to queue
[2025-05-03T04:41:51.100-0300] {logging_mixin.py:188} INFO - [2025-05-03T04:41:51.097-0300] {dagbag.py:540} INFO - Filling up the DagBag from /home/facuvega/Descargas/crypto-etl-airflow/airflow-apache/lib/python3.11/site-packages/airflow/example_dags/example_display_name.py
[2025-05-03T04:41:51.116-0300] {processor.py:840} INFO - DAG(s) 'example_display_name' retrieved from /home/facuvega/Descargas/crypto-etl-airflow/airflow-apache/lib/python3.11/site-packages/airflow/example_dags/example_display_name.py
[2025-05-03T04:41:51.147-0300] {logging_mixin.py:188} INFO - [2025-05-03T04:41:51.146-0300] {dag.py:3096} INFO - Sync 1 DAGs
[2025-05-03T04:41:51.168-0300] {logging_mixin.py:188} INFO - [2025-05-03T04:41:51.168-0300] {dag.py:3954} INFO - Setting next_dagrun for example_display_name to None, run_after=None
[2025-05-03T04:41:51.197-0300] {processor.py:183} INFO - Processing /home/facuvega/Descargas/crypto-etl-airflow/airflow-apache/lib/python3.11/site-packages/airflow/example_dags/example_display_name.py took 0.146 seconds
[2025-05-03T04:43:28.092-0300] {processor.py:161} INFO - Started process (PID=17145) to work on /home/facuvega/Descargas/crypto-etl-airflow/airflow-apache/lib/python3.11/site-packages/airflow/example_dags/example_display_name.py
[2025-05-03T04:43:28.093-0300] {processor.py:830} INFO - Processing file /home/facuvega/Descargas/crypto-etl-airflow/airflow-apache/lib/python3.11/site-packages/airflow/example_dags/example_display_name.py for tasks to queue
[2025-05-03T04:43:28.095-0300] {logging_mixin.py:188} INFO - [2025-05-03T04:43:28.095-0300] {dagbag.py:540} INFO - Filling up the DagBag from /home/facuvega/Descargas/crypto-etl-airflow/airflow-apache/lib/python3.11/site-packages/airflow/example_dags/example_display_name.py
[2025-05-03T04:43:28.100-0300] {processor.py:840} INFO - DAG(s) 'example_display_name' retrieved from /home/facuvega/Descargas/crypto-etl-airflow/airflow-apache/lib/python3.11/site-packages/airflow/example_dags/example_display_name.py
[2025-05-03T04:43:28.115-0300] {logging_mixin.py:188} INFO - [2025-05-03T04:43:28.114-0300] {dag.py:3096} INFO - Sync 1 DAGs
[2025-05-03T04:43:28.124-0300] {logging_mixin.py:188} INFO - [2025-05-03T04:43:28.124-0300] {dag.py:3954} INFO - Setting next_dagrun for example_display_name to None, run_after=None
[2025-05-03T04:43:28.141-0300] {processor.py:183} INFO - Processing /home/facuvega/Descargas/crypto-etl-airflow/airflow-apache/lib/python3.11/site-packages/airflow/example_dags/example_display_name.py took 0.054 seconds
[2025-05-03T04:44:20.198-0300] {processor.py:161} INFO - Started process (PID=17460) to work on /home/facuvega/Descargas/crypto-etl-airflow/airflow-apache/lib/python3.11/site-packages/airflow/example_dags/example_display_name.py
[2025-05-03T04:44:20.199-0300] {processor.py:830} INFO - Processing file /home/facuvega/Descargas/crypto-etl-airflow/airflow-apache/lib/python3.11/site-packages/airflow/example_dags/example_display_name.py for tasks to queue
[2025-05-03T04:44:20.201-0300] {logging_mixin.py:188} INFO - [2025-05-03T04:44:20.201-0300] {dagbag.py:540} INFO - Filling up the DagBag from /home/facuvega/Descargas/crypto-etl-airflow/airflow-apache/lib/python3.11/site-packages/airflow/example_dags/example_display_name.py
[2025-05-03T04:44:20.206-0300] {processor.py:840} INFO - DAG(s) 'example_display_name' retrieved from /home/facuvega/Descargas/crypto-etl-airflow/airflow-apache/lib/python3.11/site-packages/airflow/example_dags/example_display_name.py
[2025-05-03T04:44:20.219-0300] {logging_mixin.py:188} INFO - [2025-05-03T04:44:20.219-0300] {dag.py:3096} INFO - Sync 1 DAGs
[2025-05-03T04:44:20.227-0300] {logging_mixin.py:188} INFO - [2025-05-03T04:44:20.227-0300] {dag.py:3954} INFO - Setting next_dagrun for example_display_name to None, run_after=None
[2025-05-03T04:44:20.240-0300] {processor.py:183} INFO - Processing /home/facuvega/Descargas/crypto-etl-airflow/airflow-apache/lib/python3.11/site-packages/airflow/example_dags/example_display_name.py took 0.047 seconds
[2025-05-03T04:45:20.986-0300] {processor.py:161} INFO - Started process (PID=17834) to work on /home/facuvega/Descargas/crypto-etl-airflow/airflow-apache/lib/python3.11/site-packages/airflow/example_dags/example_display_name.py
[2025-05-03T04:45:20.987-0300] {processor.py:830} INFO - Processing file /home/facuvega/Descargas/crypto-etl-airflow/airflow-apache/lib/python3.11/site-packages/airflow/example_dags/example_display_name.py for tasks to queue
[2025-05-03T04:45:20.988-0300] {logging_mixin.py:188} INFO - [2025-05-03T04:45:20.988-0300] {dagbag.py:540} INFO - Filling up the DagBag from /home/facuvega/Descargas/crypto-etl-airflow/airflow-apache/lib/python3.11/site-packages/airflow/example_dags/example_display_name.py
[2025-05-03T04:45:20.993-0300] {processor.py:840} INFO - DAG(s) 'example_display_name' retrieved from /home/facuvega/Descargas/crypto-etl-airflow/airflow-apache/lib/python3.11/site-packages/airflow/example_dags/example_display_name.py
[2025-05-03T04:45:21.005-0300] {logging_mixin.py:188} INFO - [2025-05-03T04:45:21.004-0300] {dag.py:3096} INFO - Sync 1 DAGs
[2025-05-03T04:45:21.012-0300] {logging_mixin.py:188} INFO - [2025-05-03T04:45:21.012-0300] {dag.py:3954} INFO - Setting next_dagrun for example_display_name to None, run_after=None
[2025-05-03T04:45:21.025-0300] {processor.py:183} INFO - Processing /home/facuvega/Descargas/crypto-etl-airflow/airflow-apache/lib/python3.11/site-packages/airflow/example_dags/example_display_name.py took 0.044 seconds
[2025-05-03T04:47:38.452-0300] {processor.py:161} INFO - Started process (PID=19110) to work on /home/facuvega/Descargas/crypto-etl-airflow/airflow-apache/lib/python3.11/site-packages/airflow/example_dags/example_display_name.py
[2025-05-03T04:47:38.453-0300] {processor.py:830} INFO - Processing file /home/facuvega/Descargas/crypto-etl-airflow/airflow-apache/lib/python3.11/site-packages/airflow/example_dags/example_display_name.py for tasks to queue
[2025-05-03T04:47:38.457-0300] {logging_mixin.py:188} INFO - [2025-05-03T04:47:38.456-0300] {dagbag.py:540} INFO - Filling up the DagBag from /home/facuvega/Descargas/crypto-etl-airflow/airflow-apache/lib/python3.11/site-packages/airflow/example_dags/example_display_name.py
[2025-05-03T04:47:38.463-0300] {processor.py:840} INFO - DAG(s) 'example_display_name' retrieved from /home/facuvega/Descargas/crypto-etl-airflow/airflow-apache/lib/python3.11/site-packages/airflow/example_dags/example_display_name.py
[2025-05-03T04:47:38.540-0300] {logging_mixin.py:188} INFO - [2025-05-03T04:47:38.540-0300] {dag.py:3096} INFO - Sync 1 DAGs
[2025-05-03T04:47:38.547-0300] {logging_mixin.py:188} INFO - [2025-05-03T04:47:38.547-0300] {dag.py:3954} INFO - Setting next_dagrun for example_display_name to None, run_after=None
[2025-05-03T04:47:38.561-0300] {processor.py:183} INFO - Processing /home/facuvega/Descargas/crypto-etl-airflow/airflow-apache/lib/python3.11/site-packages/airflow/example_dags/example_display_name.py took 0.115 seconds
[2025-05-03T04:48:32.959-0300] {processor.py:161} INFO - Started process (PID=19419) to work on /home/facuvega/Descargas/crypto-etl-airflow/airflow-apache/lib/python3.11/site-packages/airflow/example_dags/example_display_name.py
[2025-05-03T04:48:32.961-0300] {processor.py:830} INFO - Processing file /home/facuvega/Descargas/crypto-etl-airflow/airflow-apache/lib/python3.11/site-packages/airflow/example_dags/example_display_name.py for tasks to queue
[2025-05-03T04:48:32.965-0300] {logging_mixin.py:188} INFO - [2025-05-03T04:48:32.964-0300] {dagbag.py:540} INFO - Filling up the DagBag from /home/facuvega/Descargas/crypto-etl-airflow/airflow-apache/lib/python3.11/site-packages/airflow/example_dags/example_display_name.py
[2025-05-03T04:48:32.972-0300] {processor.py:840} INFO - DAG(s) 'example_display_name' retrieved from /home/facuvega/Descargas/crypto-etl-airflow/airflow-apache/lib/python3.11/site-packages/airflow/example_dags/example_display_name.py
[2025-05-03T04:48:33.003-0300] {logging_mixin.py:188} INFO - [2025-05-03T04:48:33.003-0300] {dag.py:3096} INFO - Sync 1 DAGs
[2025-05-03T04:48:33.025-0300] {logging_mixin.py:188} INFO - [2025-05-03T04:48:33.025-0300] {dag.py:3954} INFO - Setting next_dagrun for example_display_name to None, run_after=None
[2025-05-03T04:48:33.045-0300] {processor.py:183} INFO - Processing /home/facuvega/Descargas/crypto-etl-airflow/airflow-apache/lib/python3.11/site-packages/airflow/example_dags/example_display_name.py took 0.093 seconds
[2025-05-03T04:49:36.785-0300] {processor.py:161} INFO - Started process (PID=19707) to work on /home/facuvega/Descargas/crypto-etl-airflow/airflow-apache/lib/python3.11/site-packages/airflow/example_dags/example_display_name.py
[2025-05-03T04:49:36.786-0300] {processor.py:830} INFO - Processing file /home/facuvega/Descargas/crypto-etl-airflow/airflow-apache/lib/python3.11/site-packages/airflow/example_dags/example_display_name.py for tasks to queue
[2025-05-03T04:49:36.788-0300] {logging_mixin.py:188} INFO - [2025-05-03T04:49:36.788-0300] {dagbag.py:540} INFO - Filling up the DagBag from /home/facuvega/Descargas/crypto-etl-airflow/airflow-apache/lib/python3.11/site-packages/airflow/example_dags/example_display_name.py
[2025-05-03T04:49:36.794-0300] {processor.py:840} INFO - DAG(s) 'example_display_name' retrieved from /home/facuvega/Descargas/crypto-etl-airflow/airflow-apache/lib/python3.11/site-packages/airflow/example_dags/example_display_name.py
[2025-05-03T04:49:36.807-0300] {logging_mixin.py:188} INFO - [2025-05-03T04:49:36.807-0300] {dag.py:3096} INFO - Sync 1 DAGs
[2025-05-03T04:49:36.817-0300] {logging_mixin.py:188} INFO - [2025-05-03T04:49:36.817-0300] {dag.py:3954} INFO - Setting next_dagrun for example_display_name to None, run_after=None
[2025-05-03T04:49:36.830-0300] {processor.py:183} INFO - Processing /home/facuvega/Descargas/crypto-etl-airflow/airflow-apache/lib/python3.11/site-packages/airflow/example_dags/example_display_name.py took 0.051 seconds
[2025-05-03T04:50:51.465-0300] {processor.py:161} INFO - Started process (PID=20428) to work on /home/facuvega/Descargas/crypto-etl-airflow/airflow-apache/lib/python3.11/site-packages/airflow/example_dags/example_display_name.py
[2025-05-03T04:50:51.466-0300] {processor.py:830} INFO - Processing file /home/facuvega/Descargas/crypto-etl-airflow/airflow-apache/lib/python3.11/site-packages/airflow/example_dags/example_display_name.py for tasks to queue
[2025-05-03T04:50:51.469-0300] {logging_mixin.py:188} INFO - [2025-05-03T04:50:51.468-0300] {dagbag.py:540} INFO - Filling up the DagBag from /home/facuvega/Descargas/crypto-etl-airflow/airflow-apache/lib/python3.11/site-packages/airflow/example_dags/example_display_name.py
[2025-05-03T04:50:51.476-0300] {processor.py:840} INFO - DAG(s) 'example_display_name' retrieved from /home/facuvega/Descargas/crypto-etl-airflow/airflow-apache/lib/python3.11/site-packages/airflow/example_dags/example_display_name.py
[2025-05-03T04:50:51.492-0300] {logging_mixin.py:188} INFO - [2025-05-03T04:50:51.492-0300] {dag.py:3096} INFO - Sync 1 DAGs
[2025-05-03T04:50:51.504-0300] {logging_mixin.py:188} INFO - [2025-05-03T04:50:51.504-0300] {dag.py:3954} INFO - Setting next_dagrun for example_display_name to None, run_after=None
[2025-05-03T04:50:51.521-0300] {processor.py:183} INFO - Processing /home/facuvega/Descargas/crypto-etl-airflow/airflow-apache/lib/python3.11/site-packages/airflow/example_dags/example_display_name.py took 0.064 seconds
[2025-05-03T04:51:55.122-0300] {processor.py:161} INFO - Started process (PID=21164) to work on /home/facuvega/Descargas/crypto-etl-airflow/airflow-apache/lib/python3.11/site-packages/airflow/example_dags/example_display_name.py
[2025-05-03T04:51:55.125-0300] {processor.py:830} INFO - Processing file /home/facuvega/Descargas/crypto-etl-airflow/airflow-apache/lib/python3.11/site-packages/airflow/example_dags/example_display_name.py for tasks to queue
[2025-05-03T04:51:55.130-0300] {logging_mixin.py:188} INFO - [2025-05-03T04:51:55.128-0300] {dagbag.py:540} INFO - Filling up the DagBag from /home/facuvega/Descargas/crypto-etl-airflow/airflow-apache/lib/python3.11/site-packages/airflow/example_dags/example_display_name.py
[2025-05-03T04:51:55.149-0300] {processor.py:840} INFO - DAG(s) 'example_display_name' retrieved from /home/facuvega/Descargas/crypto-etl-airflow/airflow-apache/lib/python3.11/site-packages/airflow/example_dags/example_display_name.py
[2025-05-03T04:51:55.210-0300] {logging_mixin.py:188} INFO - [2025-05-03T04:51:55.208-0300] {dag.py:3096} INFO - Sync 1 DAGs
[2025-05-03T04:51:55.233-0300] {logging_mixin.py:188} INFO - [2025-05-03T04:51:55.233-0300] {dag.py:3954} INFO - Setting next_dagrun for example_display_name to None, run_after=None
[2025-05-03T04:51:55.307-0300] {processor.py:183} INFO - Processing /home/facuvega/Descargas/crypto-etl-airflow/airflow-apache/lib/python3.11/site-packages/airflow/example_dags/example_display_name.py took 0.198 seconds
[2025-05-03T04:53:05.010-0300] {processor.py:161} INFO - Started process (PID=21861) to work on /home/facuvega/Descargas/crypto-etl-airflow/airflow-apache/lib/python3.11/site-packages/airflow/example_dags/example_display_name.py
[2025-05-03T04:53:05.011-0300] {processor.py:830} INFO - Processing file /home/facuvega/Descargas/crypto-etl-airflow/airflow-apache/lib/python3.11/site-packages/airflow/example_dags/example_display_name.py for tasks to queue
[2025-05-03T04:53:05.014-0300] {logging_mixin.py:188} INFO - [2025-05-03T04:53:05.012-0300] {dagbag.py:540} INFO - Filling up the DagBag from /home/facuvega/Descargas/crypto-etl-airflow/airflow-apache/lib/python3.11/site-packages/airflow/example_dags/example_display_name.py
[2025-05-03T04:53:05.020-0300] {processor.py:840} INFO - DAG(s) 'example_display_name' retrieved from /home/facuvega/Descargas/crypto-etl-airflow/airflow-apache/lib/python3.11/site-packages/airflow/example_dags/example_display_name.py
[2025-05-03T04:53:05.039-0300] {logging_mixin.py:188} INFO - [2025-05-03T04:53:05.039-0300] {dag.py:3096} INFO - Sync 1 DAGs
[2025-05-03T04:53:05.053-0300] {logging_mixin.py:188} INFO - [2025-05-03T04:53:05.053-0300] {dag.py:3954} INFO - Setting next_dagrun for example_display_name to None, run_after=None
[2025-05-03T04:53:05.074-0300] {processor.py:183} INFO - Processing /home/facuvega/Descargas/crypto-etl-airflow/airflow-apache/lib/python3.11/site-packages/airflow/example_dags/example_display_name.py took 0.073 seconds
[2025-05-03T04:54:07.128-0300] {processor.py:161} INFO - Started process (PID=22601) to work on /home/facuvega/Descargas/crypto-etl-airflow/airflow-apache/lib/python3.11/site-packages/airflow/example_dags/example_display_name.py
[2025-05-03T04:54:07.129-0300] {processor.py:830} INFO - Processing file /home/facuvega/Descargas/crypto-etl-airflow/airflow-apache/lib/python3.11/site-packages/airflow/example_dags/example_display_name.py for tasks to queue
[2025-05-03T04:54:07.132-0300] {logging_mixin.py:188} INFO - [2025-05-03T04:54:07.131-0300] {dagbag.py:540} INFO - Filling up the DagBag from /home/facuvega/Descargas/crypto-etl-airflow/airflow-apache/lib/python3.11/site-packages/airflow/example_dags/example_display_name.py
[2025-05-03T04:54:07.139-0300] {processor.py:840} INFO - DAG(s) 'example_display_name' retrieved from /home/facuvega/Descargas/crypto-etl-airflow/airflow-apache/lib/python3.11/site-packages/airflow/example_dags/example_display_name.py
[2025-05-03T04:54:07.158-0300] {logging_mixin.py:188} INFO - [2025-05-03T04:54:07.158-0300] {dag.py:3096} INFO - Sync 1 DAGs
[2025-05-03T04:54:07.171-0300] {logging_mixin.py:188} INFO - [2025-05-03T04:54:07.171-0300] {dag.py:3954} INFO - Setting next_dagrun for example_display_name to None, run_after=None
[2025-05-03T04:54:07.198-0300] {processor.py:183} INFO - Processing /home/facuvega/Descargas/crypto-etl-airflow/airflow-apache/lib/python3.11/site-packages/airflow/example_dags/example_display_name.py took 0.077 seconds
[2025-05-03T04:55:00.100-0300] {processor.py:161} INFO - Started process (PID=23221) to work on /home/facuvega/Descargas/crypto-etl-airflow/airflow-apache/lib/python3.11/site-packages/airflow/example_dags/example_display_name.py
[2025-05-03T04:55:00.101-0300] {processor.py:830} INFO - Processing file /home/facuvega/Descargas/crypto-etl-airflow/airflow-apache/lib/python3.11/site-packages/airflow/example_dags/example_display_name.py for tasks to queue
[2025-05-03T04:55:00.104-0300] {logging_mixin.py:188} INFO - [2025-05-03T04:55:00.104-0300] {dagbag.py:540} INFO - Filling up the DagBag from /home/facuvega/Descargas/crypto-etl-airflow/airflow-apache/lib/python3.11/site-packages/airflow/example_dags/example_display_name.py
[2025-05-03T04:55:00.110-0300] {processor.py:840} INFO - DAG(s) 'example_display_name' retrieved from /home/facuvega/Descargas/crypto-etl-airflow/airflow-apache/lib/python3.11/site-packages/airflow/example_dags/example_display_name.py
[2025-05-03T04:55:00.126-0300] {logging_mixin.py:188} INFO - [2025-05-03T04:55:00.126-0300] {dag.py:3096} INFO - Sync 1 DAGs
[2025-05-03T04:55:00.137-0300] {logging_mixin.py:188} INFO - [2025-05-03T04:55:00.137-0300] {dag.py:3954} INFO - Setting next_dagrun for example_display_name to None, run_after=None
[2025-05-03T04:55:00.153-0300] {processor.py:183} INFO - Processing /home/facuvega/Descargas/crypto-etl-airflow/airflow-apache/lib/python3.11/site-packages/airflow/example_dags/example_display_name.py took 0.059 seconds
[2025-05-03T04:56:13.207-0300] {processor.py:161} INFO - Started process (PID=23794) to work on /home/facuvega/Descargas/crypto-etl-airflow/airflow-apache/lib/python3.11/site-packages/airflow/example_dags/example_display_name.py
[2025-05-03T04:56:13.208-0300] {processor.py:830} INFO - Processing file /home/facuvega/Descargas/crypto-etl-airflow/airflow-apache/lib/python3.11/site-packages/airflow/example_dags/example_display_name.py for tasks to queue
[2025-05-03T04:56:13.211-0300] {logging_mixin.py:188} INFO - [2025-05-03T04:56:13.210-0300] {dagbag.py:540} INFO - Filling up the DagBag from /home/facuvega/Descargas/crypto-etl-airflow/airflow-apache/lib/python3.11/site-packages/airflow/example_dags/example_display_name.py
[2025-05-03T04:56:13.221-0300] {processor.py:840} INFO - DAG(s) 'example_display_name' retrieved from /home/facuvega/Descargas/crypto-etl-airflow/airflow-apache/lib/python3.11/site-packages/airflow/example_dags/example_display_name.py
[2025-05-03T04:56:13.239-0300] {logging_mixin.py:188} INFO - [2025-05-03T04:56:13.239-0300] {dag.py:3096} INFO - Sync 1 DAGs
[2025-05-03T04:56:13.253-0300] {logging_mixin.py:188} INFO - [2025-05-03T04:56:13.253-0300] {dag.py:3954} INFO - Setting next_dagrun for example_display_name to None, run_after=None
[2025-05-03T04:56:13.275-0300] {processor.py:183} INFO - Processing /home/facuvega/Descargas/crypto-etl-airflow/airflow-apache/lib/python3.11/site-packages/airflow/example_dags/example_display_name.py took 0.076 seconds
[2025-05-03T04:57:16.218-0300] {processor.py:161} INFO - Started process (PID=24182) to work on /home/facuvega/Descargas/crypto-etl-airflow/airflow-apache/lib/python3.11/site-packages/airflow/example_dags/example_display_name.py
[2025-05-03T04:57:16.219-0300] {processor.py:830} INFO - Processing file /home/facuvega/Descargas/crypto-etl-airflow/airflow-apache/lib/python3.11/site-packages/airflow/example_dags/example_display_name.py for tasks to queue
[2025-05-03T04:57:16.221-0300] {logging_mixin.py:188} INFO - [2025-05-03T04:57:16.220-0300] {dagbag.py:540} INFO - Filling up the DagBag from /home/facuvega/Descargas/crypto-etl-airflow/airflow-apache/lib/python3.11/site-packages/airflow/example_dags/example_display_name.py
[2025-05-03T04:57:16.227-0300] {processor.py:840} INFO - DAG(s) 'example_display_name' retrieved from /home/facuvega/Descargas/crypto-etl-airflow/airflow-apache/lib/python3.11/site-packages/airflow/example_dags/example_display_name.py
[2025-05-03T04:57:16.239-0300] {logging_mixin.py:188} INFO - [2025-05-03T04:57:16.239-0300] {dag.py:3096} INFO - Sync 1 DAGs
[2025-05-03T04:57:16.248-0300] {logging_mixin.py:188} INFO - [2025-05-03T04:57:16.248-0300] {dag.py:3954} INFO - Setting next_dagrun for example_display_name to None, run_after=None
[2025-05-03T04:57:16.261-0300] {processor.py:183} INFO - Processing /home/facuvega/Descargas/crypto-etl-airflow/airflow-apache/lib/python3.11/site-packages/airflow/example_dags/example_display_name.py took 0.049 seconds
[2025-05-03T04:58:23.727-0300] {processor.py:161} INFO - Started process (PID=24674) to work on /home/facuvega/Descargas/crypto-etl-airflow/airflow-apache/lib/python3.11/site-packages/airflow/example_dags/example_display_name.py
[2025-05-03T04:58:23.728-0300] {processor.py:830} INFO - Processing file /home/facuvega/Descargas/crypto-etl-airflow/airflow-apache/lib/python3.11/site-packages/airflow/example_dags/example_display_name.py for tasks to queue
[2025-05-03T04:58:23.729-0300] {logging_mixin.py:188} INFO - [2025-05-03T04:58:23.729-0300] {dagbag.py:540} INFO - Filling up the DagBag from /home/facuvega/Descargas/crypto-etl-airflow/airflow-apache/lib/python3.11/site-packages/airflow/example_dags/example_display_name.py
[2025-05-03T04:58:23.735-0300] {processor.py:840} INFO - DAG(s) 'example_display_name' retrieved from /home/facuvega/Descargas/crypto-etl-airflow/airflow-apache/lib/python3.11/site-packages/airflow/example_dags/example_display_name.py
[2025-05-03T04:58:23.748-0300] {logging_mixin.py:188} INFO - [2025-05-03T04:58:23.748-0300] {dag.py:3096} INFO - Sync 1 DAGs
[2025-05-03T04:58:23.757-0300] {logging_mixin.py:188} INFO - [2025-05-03T04:58:23.757-0300] {dag.py:3954} INFO - Setting next_dagrun for example_display_name to None, run_after=None
[2025-05-03T04:58:23.771-0300] {processor.py:183} INFO - Processing /home/facuvega/Descargas/crypto-etl-airflow/airflow-apache/lib/python3.11/site-packages/airflow/example_dags/example_display_name.py took 0.050 seconds
[2025-05-03T04:59:25.498-0300] {processor.py:161} INFO - Started process (PID=24954) to work on /home/facuvega/Descargas/crypto-etl-airflow/airflow-apache/lib/python3.11/site-packages/airflow/example_dags/example_display_name.py
[2025-05-03T04:59:25.499-0300] {processor.py:830} INFO - Processing file /home/facuvega/Descargas/crypto-etl-airflow/airflow-apache/lib/python3.11/site-packages/airflow/example_dags/example_display_name.py for tasks to queue
[2025-05-03T04:59:25.502-0300] {logging_mixin.py:188} INFO - [2025-05-03T04:59:25.501-0300] {dagbag.py:540} INFO - Filling up the DagBag from /home/facuvega/Descargas/crypto-etl-airflow/airflow-apache/lib/python3.11/site-packages/airflow/example_dags/example_display_name.py
[2025-05-03T04:59:25.510-0300] {processor.py:840} INFO - DAG(s) 'example_display_name' retrieved from /home/facuvega/Descargas/crypto-etl-airflow/airflow-apache/lib/python3.11/site-packages/airflow/example_dags/example_display_name.py
[2025-05-03T04:59:25.525-0300] {logging_mixin.py:188} INFO - [2025-05-03T04:59:25.525-0300] {dag.py:3096} INFO - Sync 1 DAGs
[2025-05-03T04:59:25.537-0300] {logging_mixin.py:188} INFO - [2025-05-03T04:59:25.537-0300] {dag.py:3954} INFO - Setting next_dagrun for example_display_name to None, run_after=None
[2025-05-03T04:59:25.555-0300] {processor.py:183} INFO - Processing /home/facuvega/Descargas/crypto-etl-airflow/airflow-apache/lib/python3.11/site-packages/airflow/example_dags/example_display_name.py took 0.065 seconds
[2025-05-03T05:00:33.145-0300] {processor.py:161} INFO - Started process (PID=25257) to work on /home/facuvega/Descargas/crypto-etl-airflow/airflow-apache/lib/python3.11/site-packages/airflow/example_dags/example_display_name.py
[2025-05-03T05:00:33.147-0300] {processor.py:830} INFO - Processing file /home/facuvega/Descargas/crypto-etl-airflow/airflow-apache/lib/python3.11/site-packages/airflow/example_dags/example_display_name.py for tasks to queue
[2025-05-03T05:00:33.149-0300] {logging_mixin.py:188} INFO - [2025-05-03T05:00:33.148-0300] {dagbag.py:540} INFO - Filling up the DagBag from /home/facuvega/Descargas/crypto-etl-airflow/airflow-apache/lib/python3.11/site-packages/airflow/example_dags/example_display_name.py
[2025-05-03T05:00:33.155-0300] {processor.py:840} INFO - DAG(s) 'example_display_name' retrieved from /home/facuvega/Descargas/crypto-etl-airflow/airflow-apache/lib/python3.11/site-packages/airflow/example_dags/example_display_name.py
[2025-05-03T05:00:33.172-0300] {logging_mixin.py:188} INFO - [2025-05-03T05:00:33.171-0300] {dag.py:3096} INFO - Sync 1 DAGs
[2025-05-03T05:00:33.182-0300] {logging_mixin.py:188} INFO - [2025-05-03T05:00:33.182-0300] {dag.py:3954} INFO - Setting next_dagrun for example_display_name to None, run_after=None
[2025-05-03T05:00:33.200-0300] {processor.py:183} INFO - Processing /home/facuvega/Descargas/crypto-etl-airflow/airflow-apache/lib/python3.11/site-packages/airflow/example_dags/example_display_name.py took 0.062 seconds
[2025-05-03T05:03:40.780-0300] {processor.py:161} INFO - Started process (PID=26914) to work on /home/facuvega/Descargas/crypto-etl-airflow/airflow-apache/lib/python3.11/site-packages/airflow/example_dags/example_display_name.py
[2025-05-03T05:03:40.781-0300] {processor.py:830} INFO - Processing file /home/facuvega/Descargas/crypto-etl-airflow/airflow-apache/lib/python3.11/site-packages/airflow/example_dags/example_display_name.py for tasks to queue
[2025-05-03T05:03:40.782-0300] {logging_mixin.py:188} INFO - [2025-05-03T05:03:40.782-0300] {dagbag.py:540} INFO - Filling up the DagBag from /home/facuvega/Descargas/crypto-etl-airflow/airflow-apache/lib/python3.11/site-packages/airflow/example_dags/example_display_name.py
[2025-05-03T05:03:40.787-0300] {processor.py:840} INFO - DAG(s) 'example_display_name' retrieved from /home/facuvega/Descargas/crypto-etl-airflow/airflow-apache/lib/python3.11/site-packages/airflow/example_dags/example_display_name.py
[2025-05-03T05:03:40.799-0300] {logging_mixin.py:188} INFO - [2025-05-03T05:03:40.799-0300] {dag.py:3096} INFO - Sync 1 DAGs
[2025-05-03T05:03:40.807-0300] {logging_mixin.py:188} INFO - [2025-05-03T05:03:40.807-0300] {dag.py:3954} INFO - Setting next_dagrun for example_display_name to None, run_after=None
[2025-05-03T05:03:40.820-0300] {processor.py:183} INFO - Processing /home/facuvega/Descargas/crypto-etl-airflow/airflow-apache/lib/python3.11/site-packages/airflow/example_dags/example_display_name.py took 0.045 seconds
[2025-05-03T05:04:34.681-0300] {processor.py:161} INFO - Started process (PID=27375) to work on /home/facuvega/Descargas/crypto-etl-airflow/airflow-apache/lib/python3.11/site-packages/airflow/example_dags/example_display_name.py
[2025-05-03T05:04:34.683-0300] {processor.py:830} INFO - Processing file /home/facuvega/Descargas/crypto-etl-airflow/airflow-apache/lib/python3.11/site-packages/airflow/example_dags/example_display_name.py for tasks to queue
[2025-05-03T05:04:34.687-0300] {logging_mixin.py:188} INFO - [2025-05-03T05:04:34.687-0300] {dagbag.py:540} INFO - Filling up the DagBag from /home/facuvega/Descargas/crypto-etl-airflow/airflow-apache/lib/python3.11/site-packages/airflow/example_dags/example_display_name.py
[2025-05-03T05:04:34.701-0300] {processor.py:840} INFO - DAG(s) 'example_display_name' retrieved from /home/facuvega/Descargas/crypto-etl-airflow/airflow-apache/lib/python3.11/site-packages/airflow/example_dags/example_display_name.py
[2025-05-03T05:04:34.726-0300] {logging_mixin.py:188} INFO - [2025-05-03T05:04:34.726-0300] {dag.py:3096} INFO - Sync 1 DAGs
[2025-05-03T05:04:34.740-0300] {logging_mixin.py:188} INFO - [2025-05-03T05:04:34.739-0300] {dag.py:3954} INFO - Setting next_dagrun for example_display_name to None, run_after=None
[2025-05-03T05:04:34.764-0300] {processor.py:183} INFO - Processing /home/facuvega/Descargas/crypto-etl-airflow/airflow-apache/lib/python3.11/site-packages/airflow/example_dags/example_display_name.py took 0.095 seconds
[2025-05-03T05:05:43.633-0300] {processor.py:161} INFO - Started process (PID=27944) to work on /home/facuvega/Descargas/crypto-etl-airflow/airflow-apache/lib/python3.11/site-packages/airflow/example_dags/example_display_name.py
[2025-05-03T05:05:43.634-0300] {processor.py:830} INFO - Processing file /home/facuvega/Descargas/crypto-etl-airflow/airflow-apache/lib/python3.11/site-packages/airflow/example_dags/example_display_name.py for tasks to queue
[2025-05-03T05:05:43.635-0300] {logging_mixin.py:188} INFO - [2025-05-03T05:05:43.635-0300] {dagbag.py:540} INFO - Filling up the DagBag from /home/facuvega/Descargas/crypto-etl-airflow/airflow-apache/lib/python3.11/site-packages/airflow/example_dags/example_display_name.py
[2025-05-03T05:05:43.640-0300] {processor.py:840} INFO - DAG(s) 'example_display_name' retrieved from /home/facuvega/Descargas/crypto-etl-airflow/airflow-apache/lib/python3.11/site-packages/airflow/example_dags/example_display_name.py
[2025-05-03T05:05:43.652-0300] {logging_mixin.py:188} INFO - [2025-05-03T05:05:43.651-0300] {dag.py:3096} INFO - Sync 1 DAGs
[2025-05-03T05:05:43.659-0300] {logging_mixin.py:188} INFO - [2025-05-03T05:05:43.659-0300] {dag.py:3954} INFO - Setting next_dagrun for example_display_name to None, run_after=None
[2025-05-03T05:05:43.672-0300] {processor.py:183} INFO - Processing /home/facuvega/Descargas/crypto-etl-airflow/airflow-apache/lib/python3.11/site-packages/airflow/example_dags/example_display_name.py took 0.045 seconds
[2025-05-03T05:06:46.592-0300] {processor.py:161} INFO - Started process (PID=28279) to work on /home/facuvega/Descargas/crypto-etl-airflow/airflow-apache/lib/python3.11/site-packages/airflow/example_dags/example_display_name.py
[2025-05-03T05:06:46.594-0300] {processor.py:830} INFO - Processing file /home/facuvega/Descargas/crypto-etl-airflow/airflow-apache/lib/python3.11/site-packages/airflow/example_dags/example_display_name.py for tasks to queue
[2025-05-03T05:06:46.598-0300] {logging_mixin.py:188} INFO - [2025-05-03T05:06:46.596-0300] {dagbag.py:540} INFO - Filling up the DagBag from /home/facuvega/Descargas/crypto-etl-airflow/airflow-apache/lib/python3.11/site-packages/airflow/example_dags/example_display_name.py
[2025-05-03T05:06:46.606-0300] {processor.py:840} INFO - DAG(s) 'example_display_name' retrieved from /home/facuvega/Descargas/crypto-etl-airflow/airflow-apache/lib/python3.11/site-packages/airflow/example_dags/example_display_name.py
[2025-05-03T05:06:46.626-0300] {logging_mixin.py:188} INFO - [2025-05-03T05:06:46.625-0300] {dag.py:3096} INFO - Sync 1 DAGs
[2025-05-03T05:06:46.642-0300] {logging_mixin.py:188} INFO - [2025-05-03T05:06:46.641-0300] {dag.py:3954} INFO - Setting next_dagrun for example_display_name to None, run_after=None
[2025-05-03T05:06:46.667-0300] {processor.py:183} INFO - Processing /home/facuvega/Descargas/crypto-etl-airflow/airflow-apache/lib/python3.11/site-packages/airflow/example_dags/example_display_name.py took 0.083 seconds
[2025-05-03T05:07:59.497-0300] {processor.py:161} INFO - Started process (PID=28913) to work on /home/facuvega/Descargas/crypto-etl-airflow/airflow-apache/lib/python3.11/site-packages/airflow/example_dags/example_display_name.py
[2025-05-03T05:07:59.499-0300] {processor.py:830} INFO - Processing file /home/facuvega/Descargas/crypto-etl-airflow/airflow-apache/lib/python3.11/site-packages/airflow/example_dags/example_display_name.py for tasks to queue
[2025-05-03T05:07:59.502-0300] {logging_mixin.py:188} INFO - [2025-05-03T05:07:59.501-0300] {dagbag.py:540} INFO - Filling up the DagBag from /home/facuvega/Descargas/crypto-etl-airflow/airflow-apache/lib/python3.11/site-packages/airflow/example_dags/example_display_name.py
[2025-05-03T05:07:59.511-0300] {processor.py:840} INFO - DAG(s) 'example_display_name' retrieved from /home/facuvega/Descargas/crypto-etl-airflow/airflow-apache/lib/python3.11/site-packages/airflow/example_dags/example_display_name.py
[2025-05-03T05:07:59.538-0300] {logging_mixin.py:188} INFO - [2025-05-03T05:07:59.537-0300] {dag.py:3096} INFO - Sync 1 DAGs
[2025-05-03T05:07:59.556-0300] {logging_mixin.py:188} INFO - [2025-05-03T05:07:59.555-0300] {dag.py:3954} INFO - Setting next_dagrun for example_display_name to None, run_after=None
[2025-05-03T05:07:59.647-0300] {processor.py:183} INFO - Processing /home/facuvega/Descargas/crypto-etl-airflow/airflow-apache/lib/python3.11/site-packages/airflow/example_dags/example_display_name.py took 0.162 seconds
[2025-05-03T05:09:10.791-0300] {processor.py:161} INFO - Started process (PID=29300) to work on /home/facuvega/Descargas/crypto-etl-airflow/airflow-apache/lib/python3.11/site-packages/airflow/example_dags/example_display_name.py
[2025-05-03T05:09:10.792-0300] {processor.py:830} INFO - Processing file /home/facuvega/Descargas/crypto-etl-airflow/airflow-apache/lib/python3.11/site-packages/airflow/example_dags/example_display_name.py for tasks to queue
[2025-05-03T05:09:10.794-0300] {logging_mixin.py:188} INFO - [2025-05-03T05:09:10.793-0300] {dagbag.py:540} INFO - Filling up the DagBag from /home/facuvega/Descargas/crypto-etl-airflow/airflow-apache/lib/python3.11/site-packages/airflow/example_dags/example_display_name.py
[2025-05-03T05:09:10.800-0300] {processor.py:840} INFO - DAG(s) 'example_display_name' retrieved from /home/facuvega/Descargas/crypto-etl-airflow/airflow-apache/lib/python3.11/site-packages/airflow/example_dags/example_display_name.py
[2025-05-03T05:09:10.814-0300] {logging_mixin.py:188} INFO - [2025-05-03T05:09:10.814-0300] {dag.py:3096} INFO - Sync 1 DAGs
[2025-05-03T05:09:10.823-0300] {logging_mixin.py:188} INFO - [2025-05-03T05:09:10.823-0300] {dag.py:3954} INFO - Setting next_dagrun for example_display_name to None, run_after=None
[2025-05-03T05:09:10.837-0300] {processor.py:183} INFO - Processing /home/facuvega/Descargas/crypto-etl-airflow/airflow-apache/lib/python3.11/site-packages/airflow/example_dags/example_display_name.py took 0.052 seconds
[2025-05-03T05:10:29.691-0300] {processor.py:161} INFO - Started process (PID=29951) to work on /home/facuvega/Descargas/crypto-etl-airflow/airflow-apache/lib/python3.11/site-packages/airflow/example_dags/example_display_name.py
[2025-05-03T05:10:29.692-0300] {processor.py:830} INFO - Processing file /home/facuvega/Descargas/crypto-etl-airflow/airflow-apache/lib/python3.11/site-packages/airflow/example_dags/example_display_name.py for tasks to queue
[2025-05-03T05:10:29.695-0300] {logging_mixin.py:188} INFO - [2025-05-03T05:10:29.694-0300] {dagbag.py:540} INFO - Filling up the DagBag from /home/facuvega/Descargas/crypto-etl-airflow/airflow-apache/lib/python3.11/site-packages/airflow/example_dags/example_display_name.py
[2025-05-03T05:10:29.705-0300] {processor.py:840} INFO - DAG(s) 'example_display_name' retrieved from /home/facuvega/Descargas/crypto-etl-airflow/airflow-apache/lib/python3.11/site-packages/airflow/example_dags/example_display_name.py
[2025-05-03T05:10:29.722-0300] {logging_mixin.py:188} INFO - [2025-05-03T05:10:29.722-0300] {dag.py:3096} INFO - Sync 1 DAGs
[2025-05-03T05:10:29.734-0300] {logging_mixin.py:188} INFO - [2025-05-03T05:10:29.734-0300] {dag.py:3954} INFO - Setting next_dagrun for example_display_name to None, run_after=None
[2025-05-03T05:10:29.754-0300] {processor.py:183} INFO - Processing /home/facuvega/Descargas/crypto-etl-airflow/airflow-apache/lib/python3.11/site-packages/airflow/example_dags/example_display_name.py took 0.069 seconds
[2025-05-03T05:11:35.425-0300] {processor.py:161} INFO - Started process (PID=30262) to work on /home/facuvega/Descargas/crypto-etl-airflow/airflow-apache/lib/python3.11/site-packages/airflow/example_dags/example_display_name.py
[2025-05-03T05:11:35.426-0300] {processor.py:830} INFO - Processing file /home/facuvega/Descargas/crypto-etl-airflow/airflow-apache/lib/python3.11/site-packages/airflow/example_dags/example_display_name.py for tasks to queue
[2025-05-03T05:11:35.428-0300] {logging_mixin.py:188} INFO - [2025-05-03T05:11:35.428-0300] {dagbag.py:540} INFO - Filling up the DagBag from /home/facuvega/Descargas/crypto-etl-airflow/airflow-apache/lib/python3.11/site-packages/airflow/example_dags/example_display_name.py
[2025-05-03T05:11:35.433-0300] {processor.py:840} INFO - DAG(s) 'example_display_name' retrieved from /home/facuvega/Descargas/crypto-etl-airflow/airflow-apache/lib/python3.11/site-packages/airflow/example_dags/example_display_name.py
[2025-05-03T05:11:35.445-0300] {logging_mixin.py:188} INFO - [2025-05-03T05:11:35.445-0300] {dag.py:3096} INFO - Sync 1 DAGs
[2025-05-03T05:11:35.454-0300] {logging_mixin.py:188} INFO - [2025-05-03T05:11:35.454-0300] {dag.py:3954} INFO - Setting next_dagrun for example_display_name to None, run_after=None
[2025-05-03T05:11:35.467-0300] {processor.py:183} INFO - Processing /home/facuvega/Descargas/crypto-etl-airflow/airflow-apache/lib/python3.11/site-packages/airflow/example_dags/example_display_name.py took 0.047 seconds
[2025-05-03T05:12:57.787-0300] {processor.py:161} INFO - Started process (PID=31041) to work on /home/facuvega/Descargas/crypto-etl-airflow/airflow-apache/lib/python3.11/site-packages/airflow/example_dags/example_display_name.py
[2025-05-03T05:12:57.788-0300] {processor.py:830} INFO - Processing file /home/facuvega/Descargas/crypto-etl-airflow/airflow-apache/lib/python3.11/site-packages/airflow/example_dags/example_display_name.py for tasks to queue
[2025-05-03T05:12:57.790-0300] {logging_mixin.py:188} INFO - [2025-05-03T05:12:57.790-0300] {dagbag.py:540} INFO - Filling up the DagBag from /home/facuvega/Descargas/crypto-etl-airflow/airflow-apache/lib/python3.11/site-packages/airflow/example_dags/example_display_name.py
[2025-05-03T05:12:57.799-0300] {processor.py:840} INFO - DAG(s) 'example_display_name' retrieved from /home/facuvega/Descargas/crypto-etl-airflow/airflow-apache/lib/python3.11/site-packages/airflow/example_dags/example_display_name.py
[2025-05-03T05:12:57.816-0300] {logging_mixin.py:188} INFO - [2025-05-03T05:12:57.815-0300] {dag.py:3096} INFO - Sync 1 DAGs
[2025-05-03T05:12:57.830-0300] {logging_mixin.py:188} INFO - [2025-05-03T05:12:57.829-0300] {dag.py:3954} INFO - Setting next_dagrun for example_display_name to None, run_after=None
[2025-05-03T05:12:57.848-0300] {processor.py:183} INFO - Processing /home/facuvega/Descargas/crypto-etl-airflow/airflow-apache/lib/python3.11/site-packages/airflow/example_dags/example_display_name.py took 0.066 seconds
[2025-05-03T05:15:46.825-0300] {processor.py:161} INFO - Started process (PID=32734) to work on /home/facuvega/Descargas/crypto-etl-airflow/airflow-apache/lib/python3.11/site-packages/airflow/example_dags/example_display_name.py
[2025-05-03T05:15:46.827-0300] {processor.py:830} INFO - Processing file /home/facuvega/Descargas/crypto-etl-airflow/airflow-apache/lib/python3.11/site-packages/airflow/example_dags/example_display_name.py for tasks to queue
[2025-05-03T05:15:46.831-0300] {logging_mixin.py:188} INFO - [2025-05-03T05:15:46.830-0300] {dagbag.py:540} INFO - Filling up the DagBag from /home/facuvega/Descargas/crypto-etl-airflow/airflow-apache/lib/python3.11/site-packages/airflow/example_dags/example_display_name.py
[2025-05-03T05:15:46.839-0300] {processor.py:840} INFO - DAG(s) 'example_display_name' retrieved from /home/facuvega/Descargas/crypto-etl-airflow/airflow-apache/lib/python3.11/site-packages/airflow/example_dags/example_display_name.py
[2025-05-03T05:15:46.858-0300] {logging_mixin.py:188} INFO - [2025-05-03T05:15:46.858-0300] {dag.py:3096} INFO - Sync 1 DAGs
[2025-05-03T05:15:46.869-0300] {logging_mixin.py:188} INFO - [2025-05-03T05:15:46.868-0300] {dag.py:3954} INFO - Setting next_dagrun for example_display_name to None, run_after=None
[2025-05-03T05:15:46.887-0300] {processor.py:183} INFO - Processing /home/facuvega/Descargas/crypto-etl-airflow/airflow-apache/lib/python3.11/site-packages/airflow/example_dags/example_display_name.py took 0.068 seconds
[2025-05-03T05:16:57.390-0300] {processor.py:161} INFO - Started process (PID=33559) to work on /home/facuvega/Descargas/crypto-etl-airflow/airflow-apache/lib/python3.11/site-packages/airflow/example_dags/example_display_name.py
[2025-05-03T05:16:57.391-0300] {processor.py:830} INFO - Processing file /home/facuvega/Descargas/crypto-etl-airflow/airflow-apache/lib/python3.11/site-packages/airflow/example_dags/example_display_name.py for tasks to queue
[2025-05-03T05:16:57.393-0300] {logging_mixin.py:188} INFO - [2025-05-03T05:16:57.392-0300] {dagbag.py:540} INFO - Filling up the DagBag from /home/facuvega/Descargas/crypto-etl-airflow/airflow-apache/lib/python3.11/site-packages/airflow/example_dags/example_display_name.py
[2025-05-03T05:16:57.400-0300] {processor.py:840} INFO - DAG(s) 'example_display_name' retrieved from /home/facuvega/Descargas/crypto-etl-airflow/airflow-apache/lib/python3.11/site-packages/airflow/example_dags/example_display_name.py
[2025-05-03T05:16:57.418-0300] {logging_mixin.py:188} INFO - [2025-05-03T05:16:57.417-0300] {dag.py:3096} INFO - Sync 1 DAGs
[2025-05-03T05:16:57.428-0300] {logging_mixin.py:188} INFO - [2025-05-03T05:16:57.428-0300] {dag.py:3954} INFO - Setting next_dagrun for example_display_name to None, run_after=None
[2025-05-03T05:16:57.445-0300] {processor.py:183} INFO - Processing /home/facuvega/Descargas/crypto-etl-airflow/airflow-apache/lib/python3.11/site-packages/airflow/example_dags/example_display_name.py took 0.061 seconds
[2025-05-03T05:17:59.565-0300] {processor.py:161} INFO - Started process (PID=34208) to work on /home/facuvega/Descargas/crypto-etl-airflow/airflow-apache/lib/python3.11/site-packages/airflow/example_dags/example_display_name.py
[2025-05-03T05:17:59.566-0300] {processor.py:830} INFO - Processing file /home/facuvega/Descargas/crypto-etl-airflow/airflow-apache/lib/python3.11/site-packages/airflow/example_dags/example_display_name.py for tasks to queue
[2025-05-03T05:17:59.567-0300] {logging_mixin.py:188} INFO - [2025-05-03T05:17:59.567-0300] {dagbag.py:540} INFO - Filling up the DagBag from /home/facuvega/Descargas/crypto-etl-airflow/airflow-apache/lib/python3.11/site-packages/airflow/example_dags/example_display_name.py
[2025-05-03T05:17:59.572-0300] {processor.py:840} INFO - DAG(s) 'example_display_name' retrieved from /home/facuvega/Descargas/crypto-etl-airflow/airflow-apache/lib/python3.11/site-packages/airflow/example_dags/example_display_name.py
[2025-05-03T05:17:59.584-0300] {logging_mixin.py:188} INFO - [2025-05-03T05:17:59.584-0300] {dag.py:3096} INFO - Sync 1 DAGs
[2025-05-03T05:17:59.592-0300] {logging_mixin.py:188} INFO - [2025-05-03T05:17:59.592-0300] {dag.py:3954} INFO - Setting next_dagrun for example_display_name to None, run_after=None
[2025-05-03T05:17:59.604-0300] {processor.py:183} INFO - Processing /home/facuvega/Descargas/crypto-etl-airflow/airflow-apache/lib/python3.11/site-packages/airflow/example_dags/example_display_name.py took 0.045 seconds
[2025-05-03T05:19:01.851-0300] {processor.py:161} INFO - Started process (PID=34495) to work on /home/facuvega/Descargas/crypto-etl-airflow/airflow-apache/lib/python3.11/site-packages/airflow/example_dags/example_display_name.py
[2025-05-03T05:19:01.853-0300] {processor.py:830} INFO - Processing file /home/facuvega/Descargas/crypto-etl-airflow/airflow-apache/lib/python3.11/site-packages/airflow/example_dags/example_display_name.py for tasks to queue
[2025-05-03T05:19:01.854-0300] {logging_mixin.py:188} INFO - [2025-05-03T05:19:01.854-0300] {dagbag.py:540} INFO - Filling up the DagBag from /home/facuvega/Descargas/crypto-etl-airflow/airflow-apache/lib/python3.11/site-packages/airflow/example_dags/example_display_name.py
[2025-05-03T05:19:01.859-0300] {processor.py:840} INFO - DAG(s) 'example_display_name' retrieved from /home/facuvega/Descargas/crypto-etl-airflow/airflow-apache/lib/python3.11/site-packages/airflow/example_dags/example_display_name.py
[2025-05-03T05:19:01.871-0300] {logging_mixin.py:188} INFO - [2025-05-03T05:19:01.871-0300] {dag.py:3096} INFO - Sync 1 DAGs
[2025-05-03T05:19:01.879-0300] {logging_mixin.py:188} INFO - [2025-05-03T05:19:01.879-0300] {dag.py:3954} INFO - Setting next_dagrun for example_display_name to None, run_after=None
[2025-05-03T05:19:01.899-0300] {processor.py:183} INFO - Processing /home/facuvega/Descargas/crypto-etl-airflow/airflow-apache/lib/python3.11/site-packages/airflow/example_dags/example_display_name.py took 0.052 seconds
[2025-05-03T05:23:01.831-0300] {processor.py:161} INFO - Started process (PID=37216) to work on /home/facuvega/Descargas/crypto-etl-airflow/airflow-apache/lib/python3.11/site-packages/airflow/example_dags/example_display_name.py
[2025-05-03T05:23:01.832-0300] {processor.py:830} INFO - Processing file /home/facuvega/Descargas/crypto-etl-airflow/airflow-apache/lib/python3.11/site-packages/airflow/example_dags/example_display_name.py for tasks to queue
[2025-05-03T05:23:01.834-0300] {logging_mixin.py:188} INFO - [2025-05-03T05:23:01.834-0300] {dagbag.py:540} INFO - Filling up the DagBag from /home/facuvega/Descargas/crypto-etl-airflow/airflow-apache/lib/python3.11/site-packages/airflow/example_dags/example_display_name.py
[2025-05-03T05:23:01.841-0300] {processor.py:840} INFO - DAG(s) 'example_display_name' retrieved from /home/facuvega/Descargas/crypto-etl-airflow/airflow-apache/lib/python3.11/site-packages/airflow/example_dags/example_display_name.py
[2025-05-03T05:23:01.861-0300] {logging_mixin.py:188} INFO - [2025-05-03T05:23:01.860-0300] {dag.py:3096} INFO - Sync 1 DAGs
[2025-05-03T05:23:01.872-0300] {logging_mixin.py:188} INFO - [2025-05-03T05:23:01.872-0300] {dag.py:3954} INFO - Setting next_dagrun for example_display_name to None, run_after=None
[2025-05-03T05:23:01.892-0300] {processor.py:183} INFO - Processing /home/facuvega/Descargas/crypto-etl-airflow/airflow-apache/lib/python3.11/site-packages/airflow/example_dags/example_display_name.py took 0.069 seconds
[2025-05-03T05:24:01.223-0300] {processor.py:161} INFO - Started process (PID=37897) to work on /home/facuvega/Descargas/crypto-etl-airflow/airflow-apache/lib/python3.11/site-packages/airflow/example_dags/example_display_name.py
[2025-05-03T05:24:01.224-0300] {processor.py:830} INFO - Processing file /home/facuvega/Descargas/crypto-etl-airflow/airflow-apache/lib/python3.11/site-packages/airflow/example_dags/example_display_name.py for tasks to queue
[2025-05-03T05:24:01.226-0300] {logging_mixin.py:188} INFO - [2025-05-03T05:24:01.226-0300] {dagbag.py:540} INFO - Filling up the DagBag from /home/facuvega/Descargas/crypto-etl-airflow/airflow-apache/lib/python3.11/site-packages/airflow/example_dags/example_display_name.py
[2025-05-03T05:24:01.233-0300] {processor.py:840} INFO - DAG(s) 'example_display_name' retrieved from /home/facuvega/Descargas/crypto-etl-airflow/airflow-apache/lib/python3.11/site-packages/airflow/example_dags/example_display_name.py
[2025-05-03T05:24:01.249-0300] {logging_mixin.py:188} INFO - [2025-05-03T05:24:01.249-0300] {dag.py:3096} INFO - Sync 1 DAGs
[2025-05-03T05:24:01.260-0300] {logging_mixin.py:188} INFO - [2025-05-03T05:24:01.259-0300] {dag.py:3954} INFO - Setting next_dagrun for example_display_name to None, run_after=None
[2025-05-03T05:24:01.277-0300] {processor.py:183} INFO - Processing /home/facuvega/Descargas/crypto-etl-airflow/airflow-apache/lib/python3.11/site-packages/airflow/example_dags/example_display_name.py took 0.061 seconds
[2025-05-03T05:25:08.008-0300] {processor.py:161} INFO - Started process (PID=38687) to work on /home/facuvega/Descargas/crypto-etl-airflow/airflow-apache/lib/python3.11/site-packages/airflow/example_dags/example_display_name.py
[2025-05-03T05:25:08.009-0300] {processor.py:830} INFO - Processing file /home/facuvega/Descargas/crypto-etl-airflow/airflow-apache/lib/python3.11/site-packages/airflow/example_dags/example_display_name.py for tasks to queue
[2025-05-03T05:25:08.010-0300] {logging_mixin.py:188} INFO - [2025-05-03T05:25:08.010-0300] {dagbag.py:540} INFO - Filling up the DagBag from /home/facuvega/Descargas/crypto-etl-airflow/airflow-apache/lib/python3.11/site-packages/airflow/example_dags/example_display_name.py
[2025-05-03T05:25:08.017-0300] {processor.py:840} INFO - DAG(s) 'example_display_name' retrieved from /home/facuvega/Descargas/crypto-etl-airflow/airflow-apache/lib/python3.11/site-packages/airflow/example_dags/example_display_name.py
[2025-05-03T05:25:08.031-0300] {logging_mixin.py:188} INFO - [2025-05-03T05:25:08.030-0300] {dag.py:3096} INFO - Sync 1 DAGs
[2025-05-03T05:25:08.040-0300] {logging_mixin.py:188} INFO - [2025-05-03T05:25:08.040-0300] {dag.py:3954} INFO - Setting next_dagrun for example_display_name to None, run_after=None
[2025-05-03T05:25:08.056-0300] {processor.py:183} INFO - Processing /home/facuvega/Descargas/crypto-etl-airflow/airflow-apache/lib/python3.11/site-packages/airflow/example_dags/example_display_name.py took 0.054 seconds
[2025-05-03T05:26:14.616-0300] {processor.py:161} INFO - Started process (PID=39230) to work on /home/facuvega/Descargas/crypto-etl-airflow/airflow-apache/lib/python3.11/site-packages/airflow/example_dags/example_display_name.py
[2025-05-03T05:26:14.617-0300] {processor.py:830} INFO - Processing file /home/facuvega/Descargas/crypto-etl-airflow/airflow-apache/lib/python3.11/site-packages/airflow/example_dags/example_display_name.py for tasks to queue
[2025-05-03T05:26:14.618-0300] {logging_mixin.py:188} INFO - [2025-05-03T05:26:14.618-0300] {dagbag.py:540} INFO - Filling up the DagBag from /home/facuvega/Descargas/crypto-etl-airflow/airflow-apache/lib/python3.11/site-packages/airflow/example_dags/example_display_name.py
[2025-05-03T05:26:14.624-0300] {processor.py:840} INFO - DAG(s) 'example_display_name' retrieved from /home/facuvega/Descargas/crypto-etl-airflow/airflow-apache/lib/python3.11/site-packages/airflow/example_dags/example_display_name.py
[2025-05-03T05:26:14.636-0300] {logging_mixin.py:188} INFO - [2025-05-03T05:26:14.636-0300] {dag.py:3096} INFO - Sync 1 DAGs
[2025-05-03T05:26:14.652-0300] {logging_mixin.py:188} INFO - [2025-05-03T05:26:14.651-0300] {dag.py:3954} INFO - Setting next_dagrun for example_display_name to None, run_after=None
[2025-05-03T05:26:14.666-0300] {processor.py:183} INFO - Processing /home/facuvega/Descargas/crypto-etl-airflow/airflow-apache/lib/python3.11/site-packages/airflow/example_dags/example_display_name.py took 0.055 seconds
[2025-05-03T05:27:20.942-0300] {processor.py:161} INFO - Started process (PID=39670) to work on /home/facuvega/Descargas/crypto-etl-airflow/airflow-apache/lib/python3.11/site-packages/airflow/example_dags/example_display_name.py
[2025-05-03T05:27:20.943-0300] {processor.py:830} INFO - Processing file /home/facuvega/Descargas/crypto-etl-airflow/airflow-apache/lib/python3.11/site-packages/airflow/example_dags/example_display_name.py for tasks to queue
[2025-05-03T05:27:20.944-0300] {logging_mixin.py:188} INFO - [2025-05-03T05:27:20.944-0300] {dagbag.py:540} INFO - Filling up the DagBag from /home/facuvega/Descargas/crypto-etl-airflow/airflow-apache/lib/python3.11/site-packages/airflow/example_dags/example_display_name.py
[2025-05-03T05:27:20.950-0300] {processor.py:840} INFO - DAG(s) 'example_display_name' retrieved from /home/facuvega/Descargas/crypto-etl-airflow/airflow-apache/lib/python3.11/site-packages/airflow/example_dags/example_display_name.py
[2025-05-03T05:27:20.965-0300] {logging_mixin.py:188} INFO - [2025-05-03T05:27:20.965-0300] {dag.py:3096} INFO - Sync 1 DAGs
[2025-05-03T05:27:20.979-0300] {logging_mixin.py:188} INFO - [2025-05-03T05:27:20.979-0300] {dag.py:3954} INFO - Setting next_dagrun for example_display_name to None, run_after=None
[2025-05-03T05:27:20.999-0300] {processor.py:183} INFO - Processing /home/facuvega/Descargas/crypto-etl-airflow/airflow-apache/lib/python3.11/site-packages/airflow/example_dags/example_display_name.py took 0.065 seconds
[2025-05-03T05:28:19.627-0300] {processor.py:161} INFO - Started process (PID=40019) to work on /home/facuvega/Descargas/crypto-etl-airflow/airflow-apache/lib/python3.11/site-packages/airflow/example_dags/example_display_name.py
[2025-05-03T05:28:19.628-0300] {processor.py:830} INFO - Processing file /home/facuvega/Descargas/crypto-etl-airflow/airflow-apache/lib/python3.11/site-packages/airflow/example_dags/example_display_name.py for tasks to queue
[2025-05-03T05:28:19.630-0300] {logging_mixin.py:188} INFO - [2025-05-03T05:28:19.629-0300] {dagbag.py:540} INFO - Filling up the DagBag from /home/facuvega/Descargas/crypto-etl-airflow/airflow-apache/lib/python3.11/site-packages/airflow/example_dags/example_display_name.py
[2025-05-03T05:28:19.637-0300] {processor.py:840} INFO - DAG(s) 'example_display_name' retrieved from /home/facuvega/Descargas/crypto-etl-airflow/airflow-apache/lib/python3.11/site-packages/airflow/example_dags/example_display_name.py
[2025-05-03T05:28:19.652-0300] {logging_mixin.py:188} INFO - [2025-05-03T05:28:19.652-0300] {dag.py:3096} INFO - Sync 1 DAGs
[2025-05-03T05:28:19.662-0300] {logging_mixin.py:188} INFO - [2025-05-03T05:28:19.661-0300] {dag.py:3954} INFO - Setting next_dagrun for example_display_name to None, run_after=None
[2025-05-03T05:28:19.686-0300] {processor.py:183} INFO - Processing /home/facuvega/Descargas/crypto-etl-airflow/airflow-apache/lib/python3.11/site-packages/airflow/example_dags/example_display_name.py took 0.068 seconds
[2025-05-03T05:29:30.191-0300] {processor.py:161} INFO - Started process (PID=40412) to work on /home/facuvega/Descargas/crypto-etl-airflow/airflow-apache/lib/python3.11/site-packages/airflow/example_dags/example_display_name.py
[2025-05-03T05:29:30.192-0300] {processor.py:830} INFO - Processing file /home/facuvega/Descargas/crypto-etl-airflow/airflow-apache/lib/python3.11/site-packages/airflow/example_dags/example_display_name.py for tasks to queue
[2025-05-03T05:29:30.193-0300] {logging_mixin.py:188} INFO - [2025-05-03T05:29:30.193-0300] {dagbag.py:540} INFO - Filling up the DagBag from /home/facuvega/Descargas/crypto-etl-airflow/airflow-apache/lib/python3.11/site-packages/airflow/example_dags/example_display_name.py
[2025-05-03T05:29:30.199-0300] {processor.py:840} INFO - DAG(s) 'example_display_name' retrieved from /home/facuvega/Descargas/crypto-etl-airflow/airflow-apache/lib/python3.11/site-packages/airflow/example_dags/example_display_name.py
[2025-05-03T05:29:30.213-0300] {logging_mixin.py:188} INFO - [2025-05-03T05:29:30.213-0300] {dag.py:3096} INFO - Sync 1 DAGs
[2025-05-03T05:29:30.222-0300] {logging_mixin.py:188} INFO - [2025-05-03T05:29:30.222-0300] {dag.py:3954} INFO - Setting next_dagrun for example_display_name to None, run_after=None
[2025-05-03T05:29:30.238-0300] {processor.py:183} INFO - Processing /home/facuvega/Descargas/crypto-etl-airflow/airflow-apache/lib/python3.11/site-packages/airflow/example_dags/example_display_name.py took 0.053 seconds
[2025-05-03T05:30:33.520-0300] {processor.py:161} INFO - Started process (PID=40704) to work on /home/facuvega/Descargas/crypto-etl-airflow/airflow-apache/lib/python3.11/site-packages/airflow/example_dags/example_display_name.py
[2025-05-03T05:30:33.521-0300] {processor.py:830} INFO - Processing file /home/facuvega/Descargas/crypto-etl-airflow/airflow-apache/lib/python3.11/site-packages/airflow/example_dags/example_display_name.py for tasks to queue
[2025-05-03T05:30:33.523-0300] {logging_mixin.py:188} INFO - [2025-05-03T05:30:33.522-0300] {dagbag.py:540} INFO - Filling up the DagBag from /home/facuvega/Descargas/crypto-etl-airflow/airflow-apache/lib/python3.11/site-packages/airflow/example_dags/example_display_name.py
[2025-05-03T05:30:33.528-0300] {processor.py:840} INFO - DAG(s) 'example_display_name' retrieved from /home/facuvega/Descargas/crypto-etl-airflow/airflow-apache/lib/python3.11/site-packages/airflow/example_dags/example_display_name.py
[2025-05-03T05:30:33.540-0300] {logging_mixin.py:188} INFO - [2025-05-03T05:30:33.540-0300] {dag.py:3096} INFO - Sync 1 DAGs
[2025-05-03T05:30:33.549-0300] {logging_mixin.py:188} INFO - [2025-05-03T05:30:33.549-0300] {dag.py:3954} INFO - Setting next_dagrun for example_display_name to None, run_after=None
[2025-05-03T05:30:33.562-0300] {processor.py:183} INFO - Processing /home/facuvega/Descargas/crypto-etl-airflow/airflow-apache/lib/python3.11/site-packages/airflow/example_dags/example_display_name.py took 0.048 seconds
[2025-05-03T05:31:33.824-0300] {processor.py:161} INFO - Started process (PID=40984) to work on /home/facuvega/Descargas/crypto-etl-airflow/airflow-apache/lib/python3.11/site-packages/airflow/example_dags/example_display_name.py
[2025-05-03T05:31:33.825-0300] {processor.py:830} INFO - Processing file /home/facuvega/Descargas/crypto-etl-airflow/airflow-apache/lib/python3.11/site-packages/airflow/example_dags/example_display_name.py for tasks to queue
[2025-05-03T05:31:33.828-0300] {logging_mixin.py:188} INFO - [2025-05-03T05:31:33.827-0300] {dagbag.py:540} INFO - Filling up the DagBag from /home/facuvega/Descargas/crypto-etl-airflow/airflow-apache/lib/python3.11/site-packages/airflow/example_dags/example_display_name.py
[2025-05-03T05:31:33.848-0300] {processor.py:840} INFO - DAG(s) 'example_display_name' retrieved from /home/facuvega/Descargas/crypto-etl-airflow/airflow-apache/lib/python3.11/site-packages/airflow/example_dags/example_display_name.py
[2025-05-03T05:31:33.872-0300] {logging_mixin.py:188} INFO - [2025-05-03T05:31:33.872-0300] {dag.py:3096} INFO - Sync 1 DAGs
[2025-05-03T05:31:33.892-0300] {logging_mixin.py:188} INFO - [2025-05-03T05:31:33.890-0300] {dag.py:3954} INFO - Setting next_dagrun for example_display_name to None, run_after=None
[2025-05-03T05:31:33.927-0300] {processor.py:183} INFO - Processing /home/facuvega/Descargas/crypto-etl-airflow/airflow-apache/lib/python3.11/site-packages/airflow/example_dags/example_display_name.py took 0.123 seconds
[2025-05-03T05:33:57.946-0300] {processor.py:161} INFO - Started process (PID=42052) to work on /home/facuvega/Descargas/crypto-etl-airflow/airflow-apache/lib/python3.11/site-packages/airflow/example_dags/example_display_name.py
[2025-05-03T05:33:57.947-0300] {processor.py:830} INFO - Processing file /home/facuvega/Descargas/crypto-etl-airflow/airflow-apache/lib/python3.11/site-packages/airflow/example_dags/example_display_name.py for tasks to queue
[2025-05-03T05:33:57.949-0300] {logging_mixin.py:188} INFO - [2025-05-03T05:33:57.948-0300] {dagbag.py:540} INFO - Filling up the DagBag from /home/facuvega/Descargas/crypto-etl-airflow/airflow-apache/lib/python3.11/site-packages/airflow/example_dags/example_display_name.py
[2025-05-03T05:33:57.954-0300] {processor.py:840} INFO - DAG(s) 'example_display_name' retrieved from /home/facuvega/Descargas/crypto-etl-airflow/airflow-apache/lib/python3.11/site-packages/airflow/example_dags/example_display_name.py
[2025-05-03T05:33:57.967-0300] {logging_mixin.py:188} INFO - [2025-05-03T05:33:57.967-0300] {dag.py:3096} INFO - Sync 1 DAGs
[2025-05-03T05:33:57.976-0300] {logging_mixin.py:188} INFO - [2025-05-03T05:33:57.976-0300] {dag.py:3954} INFO - Setting next_dagrun for example_display_name to None, run_after=None
[2025-05-03T05:33:57.989-0300] {processor.py:183} INFO - Processing /home/facuvega/Descargas/crypto-etl-airflow/airflow-apache/lib/python3.11/site-packages/airflow/example_dags/example_display_name.py took 0.049 seconds
[2025-05-03T05:35:35.937-0300] {processor.py:161} INFO - Started process (PID=43289) to work on /home/facuvega/Descargas/crypto-etl-airflow/airflow-apache/lib/python3.11/site-packages/airflow/example_dags/example_display_name.py
[2025-05-03T05:35:35.938-0300] {processor.py:830} INFO - Processing file /home/facuvega/Descargas/crypto-etl-airflow/airflow-apache/lib/python3.11/site-packages/airflow/example_dags/example_display_name.py for tasks to queue
[2025-05-03T05:35:35.940-0300] {logging_mixin.py:188} INFO - [2025-05-03T05:35:35.940-0300] {dagbag.py:540} INFO - Filling up the DagBag from /home/facuvega/Descargas/crypto-etl-airflow/airflow-apache/lib/python3.11/site-packages/airflow/example_dags/example_display_name.py
[2025-05-03T05:35:35.948-0300] {processor.py:840} INFO - DAG(s) 'example_display_name' retrieved from /home/facuvega/Descargas/crypto-etl-airflow/airflow-apache/lib/python3.11/site-packages/airflow/example_dags/example_display_name.py
[2025-05-03T05:35:35.963-0300] {logging_mixin.py:188} INFO - [2025-05-03T05:35:35.962-0300] {dag.py:3096} INFO - Sync 1 DAGs
[2025-05-03T05:35:35.976-0300] {logging_mixin.py:188} INFO - [2025-05-03T05:35:35.976-0300] {dag.py:3954} INFO - Setting next_dagrun for example_display_name to None, run_after=None
[2025-05-03T05:35:35.995-0300] {processor.py:183} INFO - Processing /home/facuvega/Descargas/crypto-etl-airflow/airflow-apache/lib/python3.11/site-packages/airflow/example_dags/example_display_name.py took 0.065 seconds
[2025-05-03T05:36:41.643-0300] {processor.py:161} INFO - Started process (PID=44081) to work on /home/facuvega/Descargas/crypto-etl-airflow/airflow-apache/lib/python3.11/site-packages/airflow/example_dags/example_display_name.py
[2025-05-03T05:36:41.644-0300] {processor.py:830} INFO - Processing file /home/facuvega/Descargas/crypto-etl-airflow/airflow-apache/lib/python3.11/site-packages/airflow/example_dags/example_display_name.py for tasks to queue
[2025-05-03T05:36:41.647-0300] {logging_mixin.py:188} INFO - [2025-05-03T05:36:41.647-0300] {dagbag.py:540} INFO - Filling up the DagBag from /home/facuvega/Descargas/crypto-etl-airflow/airflow-apache/lib/python3.11/site-packages/airflow/example_dags/example_display_name.py
[2025-05-03T05:36:41.654-0300] {processor.py:840} INFO - DAG(s) 'example_display_name' retrieved from /home/facuvega/Descargas/crypto-etl-airflow/airflow-apache/lib/python3.11/site-packages/airflow/example_dags/example_display_name.py
[2025-05-03T05:36:41.671-0300] {logging_mixin.py:188} INFO - [2025-05-03T05:36:41.671-0300] {dag.py:3096} INFO - Sync 1 DAGs
[2025-05-03T05:36:41.683-0300] {logging_mixin.py:188} INFO - [2025-05-03T05:36:41.683-0300] {dag.py:3954} INFO - Setting next_dagrun for example_display_name to None, run_after=None
[2025-05-03T05:36:41.701-0300] {processor.py:183} INFO - Processing /home/facuvega/Descargas/crypto-etl-airflow/airflow-apache/lib/python3.11/site-packages/airflow/example_dags/example_display_name.py took 0.064 seconds
[2025-05-03T05:37:43.256-0300] {processor.py:161} INFO - Started process (PID=44814) to work on /home/facuvega/Descargas/crypto-etl-airflow/airflow-apache/lib/python3.11/site-packages/airflow/example_dags/example_display_name.py
[2025-05-03T05:37:43.257-0300] {processor.py:830} INFO - Processing file /home/facuvega/Descargas/crypto-etl-airflow/airflow-apache/lib/python3.11/site-packages/airflow/example_dags/example_display_name.py for tasks to queue
[2025-05-03T05:37:43.260-0300] {logging_mixin.py:188} INFO - [2025-05-03T05:37:43.259-0300] {dagbag.py:540} INFO - Filling up the DagBag from /home/facuvega/Descargas/crypto-etl-airflow/airflow-apache/lib/python3.11/site-packages/airflow/example_dags/example_display_name.py
[2025-05-03T05:37:43.267-0300] {processor.py:840} INFO - DAG(s) 'example_display_name' retrieved from /home/facuvega/Descargas/crypto-etl-airflow/airflow-apache/lib/python3.11/site-packages/airflow/example_dags/example_display_name.py
[2025-05-03T05:37:43.283-0300] {logging_mixin.py:188} INFO - [2025-05-03T05:37:43.283-0300] {dag.py:3096} INFO - Sync 1 DAGs
[2025-05-03T05:37:43.294-0300] {logging_mixin.py:188} INFO - [2025-05-03T05:37:43.294-0300] {dag.py:3954} INFO - Setting next_dagrun for example_display_name to None, run_after=None
[2025-05-03T05:37:43.312-0300] {processor.py:183} INFO - Processing /home/facuvega/Descargas/crypto-etl-airflow/airflow-apache/lib/python3.11/site-packages/airflow/example_dags/example_display_name.py took 0.063 seconds
[2025-05-03T05:38:47.179-0300] {processor.py:161} INFO - Started process (PID=45585) to work on /home/facuvega/Descargas/crypto-etl-airflow/airflow-apache/lib/python3.11/site-packages/airflow/example_dags/example_display_name.py
[2025-05-03T05:38:47.182-0300] {processor.py:830} INFO - Processing file /home/facuvega/Descargas/crypto-etl-airflow/airflow-apache/lib/python3.11/site-packages/airflow/example_dags/example_display_name.py for tasks to queue
[2025-05-03T05:38:47.188-0300] {logging_mixin.py:188} INFO - [2025-05-03T05:38:47.184-0300] {dagbag.py:540} INFO - Filling up the DagBag from /home/facuvega/Descargas/crypto-etl-airflow/airflow-apache/lib/python3.11/site-packages/airflow/example_dags/example_display_name.py
[2025-05-03T05:38:47.217-0300] {processor.py:840} INFO - DAG(s) 'example_display_name' retrieved from /home/facuvega/Descargas/crypto-etl-airflow/airflow-apache/lib/python3.11/site-packages/airflow/example_dags/example_display_name.py
[2025-05-03T05:38:47.239-0300] {logging_mixin.py:188} INFO - [2025-05-03T05:38:47.239-0300] {dag.py:3096} INFO - Sync 1 DAGs
[2025-05-03T05:38:47.253-0300] {logging_mixin.py:188} INFO - [2025-05-03T05:38:47.253-0300] {dag.py:3954} INFO - Setting next_dagrun for example_display_name to None, run_after=None
[2025-05-03T05:38:47.307-0300] {processor.py:183} INFO - Processing /home/facuvega/Descargas/crypto-etl-airflow/airflow-apache/lib/python3.11/site-packages/airflow/example_dags/example_display_name.py took 0.140 seconds
[2025-05-03T05:39:59.708-0300] {processor.py:161} INFO - Started process (PID=46231) to work on /home/facuvega/Descargas/crypto-etl-airflow/airflow-apache/lib/python3.11/site-packages/airflow/example_dags/example_display_name.py
[2025-05-03T05:39:59.709-0300] {processor.py:830} INFO - Processing file /home/facuvega/Descargas/crypto-etl-airflow/airflow-apache/lib/python3.11/site-packages/airflow/example_dags/example_display_name.py for tasks to queue
[2025-05-03T05:39:59.711-0300] {logging_mixin.py:188} INFO - [2025-05-03T05:39:59.711-0300] {dagbag.py:540} INFO - Filling up the DagBag from /home/facuvega/Descargas/crypto-etl-airflow/airflow-apache/lib/python3.11/site-packages/airflow/example_dags/example_display_name.py
[2025-05-03T05:39:59.718-0300] {processor.py:840} INFO - DAG(s) 'example_display_name' retrieved from /home/facuvega/Descargas/crypto-etl-airflow/airflow-apache/lib/python3.11/site-packages/airflow/example_dags/example_display_name.py
[2025-05-03T05:39:59.731-0300] {logging_mixin.py:188} INFO - [2025-05-03T05:39:59.731-0300] {dag.py:3096} INFO - Sync 1 DAGs
[2025-05-03T05:39:59.740-0300] {logging_mixin.py:188} INFO - [2025-05-03T05:39:59.740-0300] {dag.py:3954} INFO - Setting next_dagrun for example_display_name to None, run_after=None
[2025-05-03T05:39:59.754-0300] {processor.py:183} INFO - Processing /home/facuvega/Descargas/crypto-etl-airflow/airflow-apache/lib/python3.11/site-packages/airflow/example_dags/example_display_name.py took 0.052 seconds
[2025-05-03T05:41:05.530-0300] {processor.py:161} INFO - Started process (PID=46530) to work on /home/facuvega/Descargas/crypto-etl-airflow/airflow-apache/lib/python3.11/site-packages/airflow/example_dags/example_display_name.py
[2025-05-03T05:41:05.530-0300] {processor.py:830} INFO - Processing file /home/facuvega/Descargas/crypto-etl-airflow/airflow-apache/lib/python3.11/site-packages/airflow/example_dags/example_display_name.py for tasks to queue
[2025-05-03T05:41:05.532-0300] {logging_mixin.py:188} INFO - [2025-05-03T05:41:05.532-0300] {dagbag.py:540} INFO - Filling up the DagBag from /home/facuvega/Descargas/crypto-etl-airflow/airflow-apache/lib/python3.11/site-packages/airflow/example_dags/example_display_name.py
[2025-05-03T05:41:05.538-0300] {processor.py:840} INFO - DAG(s) 'example_display_name' retrieved from /home/facuvega/Descargas/crypto-etl-airflow/airflow-apache/lib/python3.11/site-packages/airflow/example_dags/example_display_name.py
[2025-05-03T05:41:05.551-0300] {logging_mixin.py:188} INFO - [2025-05-03T05:41:05.551-0300] {dag.py:3096} INFO - Sync 1 DAGs
[2025-05-03T05:41:05.559-0300] {logging_mixin.py:188} INFO - [2025-05-03T05:41:05.559-0300] {dag.py:3954} INFO - Setting next_dagrun for example_display_name to None, run_after=None
[2025-05-03T05:41:05.574-0300] {processor.py:183} INFO - Processing /home/facuvega/Descargas/crypto-etl-airflow/airflow-apache/lib/python3.11/site-packages/airflow/example_dags/example_display_name.py took 0.050 seconds
[2025-05-03T05:42:05.729-0300] {processor.py:161} INFO - Started process (PID=46824) to work on /home/facuvega/Descargas/crypto-etl-airflow/airflow-apache/lib/python3.11/site-packages/airflow/example_dags/example_display_name.py
[2025-05-03T05:42:05.730-0300] {processor.py:830} INFO - Processing file /home/facuvega/Descargas/crypto-etl-airflow/airflow-apache/lib/python3.11/site-packages/airflow/example_dags/example_display_name.py for tasks to queue
[2025-05-03T05:42:05.732-0300] {logging_mixin.py:188} INFO - [2025-05-03T05:42:05.732-0300] {dagbag.py:540} INFO - Filling up the DagBag from /home/facuvega/Descargas/crypto-etl-airflow/airflow-apache/lib/python3.11/site-packages/airflow/example_dags/example_display_name.py
[2025-05-03T05:42:05.738-0300] {processor.py:840} INFO - DAG(s) 'example_display_name' retrieved from /home/facuvega/Descargas/crypto-etl-airflow/airflow-apache/lib/python3.11/site-packages/airflow/example_dags/example_display_name.py
[2025-05-03T05:42:05.753-0300] {logging_mixin.py:188} INFO - [2025-05-03T05:42:05.753-0300] {dag.py:3096} INFO - Sync 1 DAGs
[2025-05-03T05:42:05.762-0300] {logging_mixin.py:188} INFO - [2025-05-03T05:42:05.761-0300] {dag.py:3954} INFO - Setting next_dagrun for example_display_name to None, run_after=None
[2025-05-03T05:42:05.775-0300] {processor.py:183} INFO - Processing /home/facuvega/Descargas/crypto-etl-airflow/airflow-apache/lib/python3.11/site-packages/airflow/example_dags/example_display_name.py took 0.052 seconds
[2025-05-03T05:43:14.068-0300] {processor.py:161} INFO - Started process (PID=47209) to work on /home/facuvega/Descargas/crypto-etl-airflow/airflow-apache/lib/python3.11/site-packages/airflow/example_dags/example_display_name.py
[2025-05-03T05:43:14.069-0300] {processor.py:830} INFO - Processing file /home/facuvega/Descargas/crypto-etl-airflow/airflow-apache/lib/python3.11/site-packages/airflow/example_dags/example_display_name.py for tasks to queue
[2025-05-03T05:43:14.071-0300] {logging_mixin.py:188} INFO - [2025-05-03T05:43:14.071-0300] {dagbag.py:540} INFO - Filling up the DagBag from /home/facuvega/Descargas/crypto-etl-airflow/airflow-apache/lib/python3.11/site-packages/airflow/example_dags/example_display_name.py
[2025-05-03T05:43:14.084-0300] {processor.py:840} INFO - DAG(s) 'example_display_name' retrieved from /home/facuvega/Descargas/crypto-etl-airflow/airflow-apache/lib/python3.11/site-packages/airflow/example_dags/example_display_name.py
[2025-05-03T05:43:14.101-0300] {logging_mixin.py:188} INFO - [2025-05-03T05:43:14.101-0300] {dag.py:3096} INFO - Sync 1 DAGs
[2025-05-03T05:43:14.131-0300] {logging_mixin.py:188} INFO - [2025-05-03T05:43:14.130-0300] {dag.py:3954} INFO - Setting next_dagrun for example_display_name to None, run_after=None
[2025-05-03T05:43:14.145-0300] {processor.py:183} INFO - Processing /home/facuvega/Descargas/crypto-etl-airflow/airflow-apache/lib/python3.11/site-packages/airflow/example_dags/example_display_name.py took 0.086 seconds
[2025-05-03T05:44:07.553-0300] {processor.py:161} INFO - Started process (PID=47457) to work on /home/facuvega/Descargas/crypto-etl-airflow/airflow-apache/lib/python3.11/site-packages/airflow/example_dags/example_display_name.py
[2025-05-03T05:44:07.554-0300] {processor.py:830} INFO - Processing file /home/facuvega/Descargas/crypto-etl-airflow/airflow-apache/lib/python3.11/site-packages/airflow/example_dags/example_display_name.py for tasks to queue
[2025-05-03T05:44:07.556-0300] {logging_mixin.py:188} INFO - [2025-05-03T05:44:07.555-0300] {dagbag.py:540} INFO - Filling up the DagBag from /home/facuvega/Descargas/crypto-etl-airflow/airflow-apache/lib/python3.11/site-packages/airflow/example_dags/example_display_name.py
[2025-05-03T05:44:07.562-0300] {processor.py:840} INFO - DAG(s) 'example_display_name' retrieved from /home/facuvega/Descargas/crypto-etl-airflow/airflow-apache/lib/python3.11/site-packages/airflow/example_dags/example_display_name.py
[2025-05-03T05:44:07.575-0300] {logging_mixin.py:188} INFO - [2025-05-03T05:44:07.575-0300] {dag.py:3096} INFO - Sync 1 DAGs
[2025-05-03T05:44:07.584-0300] {logging_mixin.py:188} INFO - [2025-05-03T05:44:07.584-0300] {dag.py:3954} INFO - Setting next_dagrun for example_display_name to None, run_after=None
[2025-05-03T05:44:07.599-0300] {processor.py:183} INFO - Processing /home/facuvega/Descargas/crypto-etl-airflow/airflow-apache/lib/python3.11/site-packages/airflow/example_dags/example_display_name.py took 0.052 seconds
[2025-05-03T05:45:12.190-0300] {processor.py:161} INFO - Started process (PID=47750) to work on /home/facuvega/Descargas/crypto-etl-airflow/airflow-apache/lib/python3.11/site-packages/airflow/example_dags/example_display_name.py
[2025-05-03T05:45:12.191-0300] {processor.py:830} INFO - Processing file /home/facuvega/Descargas/crypto-etl-airflow/airflow-apache/lib/python3.11/site-packages/airflow/example_dags/example_display_name.py for tasks to queue
[2025-05-03T05:45:12.193-0300] {logging_mixin.py:188} INFO - [2025-05-03T05:45:12.192-0300] {dagbag.py:540} INFO - Filling up the DagBag from /home/facuvega/Descargas/crypto-etl-airflow/airflow-apache/lib/python3.11/site-packages/airflow/example_dags/example_display_name.py
[2025-05-03T05:45:12.199-0300] {processor.py:840} INFO - DAG(s) 'example_display_name' retrieved from /home/facuvega/Descargas/crypto-etl-airflow/airflow-apache/lib/python3.11/site-packages/airflow/example_dags/example_display_name.py
[2025-05-03T05:45:12.213-0300] {logging_mixin.py:188} INFO - [2025-05-03T05:45:12.212-0300] {dag.py:3096} INFO - Sync 1 DAGs
[2025-05-03T05:45:12.223-0300] {logging_mixin.py:188} INFO - [2025-05-03T05:45:12.223-0300] {dag.py:3954} INFO - Setting next_dagrun for example_display_name to None, run_after=None
[2025-05-03T05:45:12.237-0300] {processor.py:183} INFO - Processing /home/facuvega/Descargas/crypto-etl-airflow/airflow-apache/lib/python3.11/site-packages/airflow/example_dags/example_display_name.py took 0.053 seconds
[2025-05-03T05:46:12.781-0300] {processor.py:161} INFO - Started process (PID=48029) to work on /home/facuvega/Descargas/crypto-etl-airflow/airflow-apache/lib/python3.11/site-packages/airflow/example_dags/example_display_name.py
[2025-05-03T05:46:12.782-0300] {processor.py:830} INFO - Processing file /home/facuvega/Descargas/crypto-etl-airflow/airflow-apache/lib/python3.11/site-packages/airflow/example_dags/example_display_name.py for tasks to queue
[2025-05-03T05:46:12.784-0300] {logging_mixin.py:188} INFO - [2025-05-03T05:46:12.783-0300] {dagbag.py:540} INFO - Filling up the DagBag from /home/facuvega/Descargas/crypto-etl-airflow/airflow-apache/lib/python3.11/site-packages/airflow/example_dags/example_display_name.py
[2025-05-03T05:46:12.790-0300] {processor.py:840} INFO - DAG(s) 'example_display_name' retrieved from /home/facuvega/Descargas/crypto-etl-airflow/airflow-apache/lib/python3.11/site-packages/airflow/example_dags/example_display_name.py
[2025-05-03T05:46:12.803-0300] {logging_mixin.py:188} INFO - [2025-05-03T05:46:12.803-0300] {dag.py:3096} INFO - Sync 1 DAGs
[2025-05-03T05:46:12.812-0300] {logging_mixin.py:188} INFO - [2025-05-03T05:46:12.812-0300] {dag.py:3954} INFO - Setting next_dagrun for example_display_name to None, run_after=None
[2025-05-03T05:46:12.825-0300] {processor.py:183} INFO - Processing /home/facuvega/Descargas/crypto-etl-airflow/airflow-apache/lib/python3.11/site-packages/airflow/example_dags/example_display_name.py took 0.050 seconds
[2025-05-03T05:47:19.135-0300] {processor.py:161} INFO - Started process (PID=48320) to work on /home/facuvega/Descargas/crypto-etl-airflow/airflow-apache/lib/python3.11/site-packages/airflow/example_dags/example_display_name.py
[2025-05-03T05:47:19.136-0300] {processor.py:830} INFO - Processing file /home/facuvega/Descargas/crypto-etl-airflow/airflow-apache/lib/python3.11/site-packages/airflow/example_dags/example_display_name.py for tasks to queue
[2025-05-03T05:47:19.138-0300] {logging_mixin.py:188} INFO - [2025-05-03T05:47:19.137-0300] {dagbag.py:540} INFO - Filling up the DagBag from /home/facuvega/Descargas/crypto-etl-airflow/airflow-apache/lib/python3.11/site-packages/airflow/example_dags/example_display_name.py
[2025-05-03T05:47:19.144-0300] {processor.py:840} INFO - DAG(s) 'example_display_name' retrieved from /home/facuvega/Descargas/crypto-etl-airflow/airflow-apache/lib/python3.11/site-packages/airflow/example_dags/example_display_name.py
[2025-05-03T05:47:19.157-0300] {logging_mixin.py:188} INFO - [2025-05-03T05:47:19.157-0300] {dag.py:3096} INFO - Sync 1 DAGs
[2025-05-03T05:47:19.167-0300] {logging_mixin.py:188} INFO - [2025-05-03T05:47:19.167-0300] {dag.py:3954} INFO - Setting next_dagrun for example_display_name to None, run_after=None
[2025-05-03T05:47:19.182-0300] {processor.py:183} INFO - Processing /home/facuvega/Descargas/crypto-etl-airflow/airflow-apache/lib/python3.11/site-packages/airflow/example_dags/example_display_name.py took 0.053 seconds
[2025-05-03T05:48:19.676-0300] {processor.py:161} INFO - Started process (PID=48627) to work on /home/facuvega/Descargas/crypto-etl-airflow/airflow-apache/lib/python3.11/site-packages/airflow/example_dags/example_display_name.py
[2025-05-03T05:48:19.677-0300] {processor.py:830} INFO - Processing file /home/facuvega/Descargas/crypto-etl-airflow/airflow-apache/lib/python3.11/site-packages/airflow/example_dags/example_display_name.py for tasks to queue
[2025-05-03T05:48:19.679-0300] {logging_mixin.py:188} INFO - [2025-05-03T05:48:19.679-0300] {dagbag.py:540} INFO - Filling up the DagBag from /home/facuvega/Descargas/crypto-etl-airflow/airflow-apache/lib/python3.11/site-packages/airflow/example_dags/example_display_name.py
[2025-05-03T05:48:19.686-0300] {processor.py:840} INFO - DAG(s) 'example_display_name' retrieved from /home/facuvega/Descargas/crypto-etl-airflow/airflow-apache/lib/python3.11/site-packages/airflow/example_dags/example_display_name.py
[2025-05-03T05:48:19.698-0300] {logging_mixin.py:188} INFO - [2025-05-03T05:48:19.698-0300] {dag.py:3096} INFO - Sync 1 DAGs
[2025-05-03T05:48:19.707-0300] {logging_mixin.py:188} INFO - [2025-05-03T05:48:19.707-0300] {dag.py:3954} INFO - Setting next_dagrun for example_display_name to None, run_after=None
[2025-05-03T05:48:19.721-0300] {processor.py:183} INFO - Processing /home/facuvega/Descargas/crypto-etl-airflow/airflow-apache/lib/python3.11/site-packages/airflow/example_dags/example_display_name.py took 0.051 seconds
[2025-05-03T05:49:18.665-0300] {processor.py:161} INFO - Started process (PID=49086) to work on /home/facuvega/Descargas/crypto-etl-airflow/airflow-apache/lib/python3.11/site-packages/airflow/example_dags/example_display_name.py
[2025-05-03T05:49:18.666-0300] {processor.py:830} INFO - Processing file /home/facuvega/Descargas/crypto-etl-airflow/airflow-apache/lib/python3.11/site-packages/airflow/example_dags/example_display_name.py for tasks to queue
[2025-05-03T05:49:18.668-0300] {logging_mixin.py:188} INFO - [2025-05-03T05:49:18.668-0300] {dagbag.py:540} INFO - Filling up the DagBag from /home/facuvega/Descargas/crypto-etl-airflow/airflow-apache/lib/python3.11/site-packages/airflow/example_dags/example_display_name.py
[2025-05-03T05:49:18.674-0300] {processor.py:840} INFO - DAG(s) 'example_display_name' retrieved from /home/facuvega/Descargas/crypto-etl-airflow/airflow-apache/lib/python3.11/site-packages/airflow/example_dags/example_display_name.py
[2025-05-03T05:49:18.687-0300] {logging_mixin.py:188} INFO - [2025-05-03T05:49:18.686-0300] {dag.py:3096} INFO - Sync 1 DAGs
[2025-05-03T05:49:18.696-0300] {logging_mixin.py:188} INFO - [2025-05-03T05:49:18.696-0300] {dag.py:3954} INFO - Setting next_dagrun for example_display_name to None, run_after=None
[2025-05-03T05:49:18.710-0300] {processor.py:183} INFO - Processing /home/facuvega/Descargas/crypto-etl-airflow/airflow-apache/lib/python3.11/site-packages/airflow/example_dags/example_display_name.py took 0.050 seconds
[2025-05-03T05:50:20.805-0300] {processor.py:161} INFO - Started process (PID=49579) to work on /home/facuvega/Descargas/crypto-etl-airflow/airflow-apache/lib/python3.11/site-packages/airflow/example_dags/example_display_name.py
[2025-05-03T05:50:20.806-0300] {processor.py:830} INFO - Processing file /home/facuvega/Descargas/crypto-etl-airflow/airflow-apache/lib/python3.11/site-packages/airflow/example_dags/example_display_name.py for tasks to queue
[2025-05-03T05:50:20.808-0300] {logging_mixin.py:188} INFO - [2025-05-03T05:50:20.807-0300] {dagbag.py:540} INFO - Filling up the DagBag from /home/facuvega/Descargas/crypto-etl-airflow/airflow-apache/lib/python3.11/site-packages/airflow/example_dags/example_display_name.py
[2025-05-03T05:50:20.814-0300] {processor.py:840} INFO - DAG(s) 'example_display_name' retrieved from /home/facuvega/Descargas/crypto-etl-airflow/airflow-apache/lib/python3.11/site-packages/airflow/example_dags/example_display_name.py
[2025-05-03T05:50:20.829-0300] {logging_mixin.py:188} INFO - [2025-05-03T05:50:20.829-0300] {dag.py:3096} INFO - Sync 1 DAGs
[2025-05-03T05:50:20.839-0300] {logging_mixin.py:188} INFO - [2025-05-03T05:50:20.839-0300] {dag.py:3954} INFO - Setting next_dagrun for example_display_name to None, run_after=None
[2025-05-03T05:50:20.855-0300] {processor.py:183} INFO - Processing /home/facuvega/Descargas/crypto-etl-airflow/airflow-apache/lib/python3.11/site-packages/airflow/example_dags/example_display_name.py took 0.057 seconds
[2025-05-03T05:53:44.453-0300] {processor.py:161} INFO - Started process (PID=51089) to work on /home/facuvega/Descargas/crypto-etl-airflow/airflow-apache/lib/python3.11/site-packages/airflow/example_dags/example_display_name.py
[2025-05-03T05:53:44.454-0300] {processor.py:830} INFO - Processing file /home/facuvega/Descargas/crypto-etl-airflow/airflow-apache/lib/python3.11/site-packages/airflow/example_dags/example_display_name.py for tasks to queue
[2025-05-03T05:53:44.456-0300] {logging_mixin.py:188} INFO - [2025-05-03T05:53:44.456-0300] {dagbag.py:540} INFO - Filling up the DagBag from /home/facuvega/Descargas/crypto-etl-airflow/airflow-apache/lib/python3.11/site-packages/airflow/example_dags/example_display_name.py
[2025-05-03T05:53:44.462-0300] {processor.py:840} INFO - DAG(s) 'example_display_name' retrieved from /home/facuvega/Descargas/crypto-etl-airflow/airflow-apache/lib/python3.11/site-packages/airflow/example_dags/example_display_name.py
[2025-05-03T05:53:44.475-0300] {logging_mixin.py:188} INFO - [2025-05-03T05:53:44.475-0300] {dag.py:3096} INFO - Sync 1 DAGs
[2025-05-03T05:53:44.485-0300] {logging_mixin.py:188} INFO - [2025-05-03T05:53:44.485-0300] {dag.py:3954} INFO - Setting next_dagrun for example_display_name to None, run_after=None
[2025-05-03T05:53:44.499-0300] {processor.py:183} INFO - Processing /home/facuvega/Descargas/crypto-etl-airflow/airflow-apache/lib/python3.11/site-packages/airflow/example_dags/example_display_name.py took 0.051 seconds
[2025-05-03T05:55:02.004-0300] {processor.py:161} INFO - Started process (PID=52113) to work on /home/facuvega/Descargas/crypto-etl-airflow/airflow-apache/lib/python3.11/site-packages/airflow/example_dags/example_display_name.py
[2025-05-03T05:55:02.008-0300] {processor.py:830} INFO - Processing file /home/facuvega/Descargas/crypto-etl-airflow/airflow-apache/lib/python3.11/site-packages/airflow/example_dags/example_display_name.py for tasks to queue
[2025-05-03T05:55:02.056-0300] {logging_mixin.py:188} INFO - [2025-05-03T05:55:02.055-0300] {dagbag.py:540} INFO - Filling up the DagBag from /home/facuvega/Descargas/crypto-etl-airflow/airflow-apache/lib/python3.11/site-packages/airflow/example_dags/example_display_name.py
[2025-05-03T05:55:02.079-0300] {processor.py:840} INFO - DAG(s) 'example_display_name' retrieved from /home/facuvega/Descargas/crypto-etl-airflow/airflow-apache/lib/python3.11/site-packages/airflow/example_dags/example_display_name.py
[2025-05-03T05:55:02.147-0300] {logging_mixin.py:188} INFO - [2025-05-03T05:55:02.145-0300] {dag.py:3096} INFO - Sync 1 DAGs
[2025-05-03T05:55:02.178-0300] {logging_mixin.py:188} INFO - [2025-05-03T05:55:02.177-0300] {dag.py:3954} INFO - Setting next_dagrun for example_display_name to None, run_after=None
[2025-05-03T05:55:02.256-0300] {processor.py:183} INFO - Processing /home/facuvega/Descargas/crypto-etl-airflow/airflow-apache/lib/python3.11/site-packages/airflow/example_dags/example_display_name.py took 0.307 seconds
[2025-05-03T05:55:59.231-0300] {processor.py:161} INFO - Started process (PID=52780) to work on /home/facuvega/Descargas/crypto-etl-airflow/airflow-apache/lib/python3.11/site-packages/airflow/example_dags/example_display_name.py
[2025-05-03T05:55:59.234-0300] {processor.py:830} INFO - Processing file /home/facuvega/Descargas/crypto-etl-airflow/airflow-apache/lib/python3.11/site-packages/airflow/example_dags/example_display_name.py for tasks to queue
[2025-05-03T05:55:59.239-0300] {logging_mixin.py:188} INFO - [2025-05-03T05:55:59.238-0300] {dagbag.py:540} INFO - Filling up the DagBag from /home/facuvega/Descargas/crypto-etl-airflow/airflow-apache/lib/python3.11/site-packages/airflow/example_dags/example_display_name.py
[2025-05-03T05:55:59.259-0300] {processor.py:840} INFO - DAG(s) 'example_display_name' retrieved from /home/facuvega/Descargas/crypto-etl-airflow/airflow-apache/lib/python3.11/site-packages/airflow/example_dags/example_display_name.py
[2025-05-03T05:55:59.288-0300] {logging_mixin.py:188} INFO - [2025-05-03T05:55:59.288-0300] {dag.py:3096} INFO - Sync 1 DAGs
[2025-05-03T05:55:59.317-0300] {logging_mixin.py:188} INFO - [2025-05-03T05:55:59.317-0300] {dag.py:3954} INFO - Setting next_dagrun for example_display_name to None, run_after=None
[2025-05-03T05:55:59.365-0300] {processor.py:183} INFO - Processing /home/facuvega/Descargas/crypto-etl-airflow/airflow-apache/lib/python3.11/site-packages/airflow/example_dags/example_display_name.py took 0.148 seconds
[2025-05-03T05:59:17.742-0300] {processor.py:161} INFO - Started process (PID=54361) to work on /home/facuvega/Descargas/crypto-etl-airflow/airflow-apache/lib/python3.11/site-packages/airflow/example_dags/example_display_name.py
[2025-05-03T05:59:17.745-0300] {processor.py:830} INFO - Processing file /home/facuvega/Descargas/crypto-etl-airflow/airflow-apache/lib/python3.11/site-packages/airflow/example_dags/example_display_name.py for tasks to queue
[2025-05-03T05:59:17.750-0300] {logging_mixin.py:188} INFO - [2025-05-03T05:59:17.747-0300] {dagbag.py:540} INFO - Filling up the DagBag from /home/facuvega/Descargas/crypto-etl-airflow/airflow-apache/lib/python3.11/site-packages/airflow/example_dags/example_display_name.py
[2025-05-03T05:59:17.776-0300] {processor.py:840} INFO - DAG(s) 'example_display_name' retrieved from /home/facuvega/Descargas/crypto-etl-airflow/airflow-apache/lib/python3.11/site-packages/airflow/example_dags/example_display_name.py
[2025-05-03T05:59:17.828-0300] {logging_mixin.py:188} INFO - [2025-05-03T05:59:17.828-0300] {dag.py:3096} INFO - Sync 1 DAGs
[2025-05-03T05:59:17.843-0300] {logging_mixin.py:188} INFO - [2025-05-03T05:59:17.843-0300] {dag.py:3954} INFO - Setting next_dagrun for example_display_name to None, run_after=None
[2025-05-03T05:59:17.865-0300] {processor.py:183} INFO - Processing /home/facuvega/Descargas/crypto-etl-airflow/airflow-apache/lib/python3.11/site-packages/airflow/example_dags/example_display_name.py took 0.136 seconds
[2025-05-03T06:00:55.434-0300] {processor.py:161} INFO - Started process (PID=55803) to work on /home/facuvega/Descargas/crypto-etl-airflow/airflow-apache/lib/python3.11/site-packages/airflow/example_dags/example_display_name.py
[2025-05-03T06:00:55.435-0300] {processor.py:830} INFO - Processing file /home/facuvega/Descargas/crypto-etl-airflow/airflow-apache/lib/python3.11/site-packages/airflow/example_dags/example_display_name.py for tasks to queue
[2025-05-03T06:00:55.437-0300] {logging_mixin.py:188} INFO - [2025-05-03T06:00:55.437-0300] {dagbag.py:540} INFO - Filling up the DagBag from /home/facuvega/Descargas/crypto-etl-airflow/airflow-apache/lib/python3.11/site-packages/airflow/example_dags/example_display_name.py
[2025-05-03T06:00:55.444-0300] {processor.py:840} INFO - DAG(s) 'example_display_name' retrieved from /home/facuvega/Descargas/crypto-etl-airflow/airflow-apache/lib/python3.11/site-packages/airflow/example_dags/example_display_name.py
[2025-05-03T06:00:55.458-0300] {logging_mixin.py:188} INFO - [2025-05-03T06:00:55.458-0300] {dag.py:3096} INFO - Sync 1 DAGs
[2025-05-03T06:00:55.468-0300] {logging_mixin.py:188} INFO - [2025-05-03T06:00:55.468-0300] {dag.py:3954} INFO - Setting next_dagrun for example_display_name to None, run_after=None
[2025-05-03T06:00:55.483-0300] {processor.py:183} INFO - Processing /home/facuvega/Descargas/crypto-etl-airflow/airflow-apache/lib/python3.11/site-packages/airflow/example_dags/example_display_name.py took 0.055 seconds
[2025-05-03T06:03:14.706-0300] {processor.py:161} INFO - Started process (PID=56934) to work on /home/facuvega/Descargas/crypto-etl-airflow/airflow-apache/lib/python3.11/site-packages/airflow/example_dags/example_display_name.py
[2025-05-03T06:03:14.707-0300] {processor.py:830} INFO - Processing file /home/facuvega/Descargas/crypto-etl-airflow/airflow-apache/lib/python3.11/site-packages/airflow/example_dags/example_display_name.py for tasks to queue
[2025-05-03T06:03:14.708-0300] {logging_mixin.py:188} INFO - [2025-05-03T06:03:14.708-0300] {dagbag.py:540} INFO - Filling up the DagBag from /home/facuvega/Descargas/crypto-etl-airflow/airflow-apache/lib/python3.11/site-packages/airflow/example_dags/example_display_name.py
[2025-05-03T06:03:14.713-0300] {processor.py:840} INFO - DAG(s) 'example_display_name' retrieved from /home/facuvega/Descargas/crypto-etl-airflow/airflow-apache/lib/python3.11/site-packages/airflow/example_dags/example_display_name.py
[2025-05-03T06:03:14.725-0300] {logging_mixin.py:188} INFO - [2025-05-03T06:03:14.725-0300] {dag.py:3096} INFO - Sync 1 DAGs
[2025-05-03T06:03:14.733-0300] {logging_mixin.py:188} INFO - [2025-05-03T06:03:14.733-0300] {dag.py:3954} INFO - Setting next_dagrun for example_display_name to None, run_after=None
[2025-05-03T06:03:14.746-0300] {processor.py:183} INFO - Processing /home/facuvega/Descargas/crypto-etl-airflow/airflow-apache/lib/python3.11/site-packages/airflow/example_dags/example_display_name.py took 0.045 seconds
[2025-05-03T06:04:26.382-0300] {processor.py:161} INFO - Started process (PID=57804) to work on /home/facuvega/Descargas/crypto-etl-airflow/airflow-apache/lib/python3.11/site-packages/airflow/example_dags/example_display_name.py
[2025-05-03T06:04:26.385-0300] {processor.py:830} INFO - Processing file /home/facuvega/Descargas/crypto-etl-airflow/airflow-apache/lib/python3.11/site-packages/airflow/example_dags/example_display_name.py for tasks to queue
[2025-05-03T06:04:26.387-0300] {logging_mixin.py:188} INFO - [2025-05-03T06:04:26.387-0300] {dagbag.py:540} INFO - Filling up the DagBag from /home/facuvega/Descargas/crypto-etl-airflow/airflow-apache/lib/python3.11/site-packages/airflow/example_dags/example_display_name.py
[2025-05-03T06:04:26.404-0300] {processor.py:840} INFO - DAG(s) 'example_display_name' retrieved from /home/facuvega/Descargas/crypto-etl-airflow/airflow-apache/lib/python3.11/site-packages/airflow/example_dags/example_display_name.py
[2025-05-03T06:04:26.431-0300] {logging_mixin.py:188} INFO - [2025-05-03T06:04:26.430-0300] {dag.py:3096} INFO - Sync 1 DAGs
[2025-05-03T06:04:26.448-0300] {logging_mixin.py:188} INFO - [2025-05-03T06:04:26.448-0300] {dag.py:3954} INFO - Setting next_dagrun for example_display_name to None, run_after=None
[2025-05-03T06:04:26.476-0300] {processor.py:183} INFO - Processing /home/facuvega/Descargas/crypto-etl-airflow/airflow-apache/lib/python3.11/site-packages/airflow/example_dags/example_display_name.py took 0.104 seconds
[2025-05-03T06:05:33.111-0300] {processor.py:161} INFO - Started process (PID=58648) to work on /home/facuvega/Descargas/crypto-etl-airflow/airflow-apache/lib/python3.11/site-packages/airflow/example_dags/example_display_name.py
[2025-05-03T06:05:33.113-0300] {processor.py:830} INFO - Processing file /home/facuvega/Descargas/crypto-etl-airflow/airflow-apache/lib/python3.11/site-packages/airflow/example_dags/example_display_name.py for tasks to queue
[2025-05-03T06:05:33.116-0300] {logging_mixin.py:188} INFO - [2025-05-03T06:05:33.115-0300] {dagbag.py:540} INFO - Filling up the DagBag from /home/facuvega/Descargas/crypto-etl-airflow/airflow-apache/lib/python3.11/site-packages/airflow/example_dags/example_display_name.py
[2025-05-03T06:05:33.123-0300] {processor.py:840} INFO - DAG(s) 'example_display_name' retrieved from /home/facuvega/Descargas/crypto-etl-airflow/airflow-apache/lib/python3.11/site-packages/airflow/example_dags/example_display_name.py
[2025-05-03T06:05:33.141-0300] {logging_mixin.py:188} INFO - [2025-05-03T06:05:33.141-0300] {dag.py:3096} INFO - Sync 1 DAGs
[2025-05-03T06:05:33.153-0300] {logging_mixin.py:188} INFO - [2025-05-03T06:05:33.153-0300] {dag.py:3954} INFO - Setting next_dagrun for example_display_name to None, run_after=None
[2025-05-03T06:05:33.173-0300] {processor.py:183} INFO - Processing /home/facuvega/Descargas/crypto-etl-airflow/airflow-apache/lib/python3.11/site-packages/airflow/example_dags/example_display_name.py took 0.068 seconds
