[2025-05-03T04:38:53.076-0300] {processor.py:161} INFO - Started process (PID=15442) to work on /home/facuvega/Descargas/crypto-etl-airflow/airflow-apache/lib/python3.11/site-packages/airflow/example_dags/example_bash_decorator.py
[2025-05-03T04:38:53.077-0300] {processor.py:830} INFO - Processing file /home/facuvega/Descargas/crypto-etl-airflow/airflow-apache/lib/python3.11/site-packages/airflow/example_dags/example_bash_decorator.py for tasks to queue
[2025-05-03T04:38:53.079-0300] {logging_mixin.py:188} INFO - [2025-05-03T04:38:53.078-0300] {dagbag.py:540} INFO - Filling up the DagBag from /home/facuvega/Descargas/crypto-etl-airflow/airflow-apache/lib/python3.11/site-packages/airflow/example_dags/example_bash_decorator.py
[2025-05-03T04:38:53.091-0300] {processor.py:840} INFO - DAG(s) 'example_bash_decorator' retrieved from /home/facuvega/Descargas/crypto-etl-airflow/airflow-apache/lib/python3.11/site-packages/airflow/example_dags/example_bash_decorator.py
[2025-05-03T04:38:53.167-0300] {logging_mixin.py:188} INFO - [2025-05-03T04:38:53.167-0300] {dag.py:3096} INFO - Sync 1 DAGs
[2025-05-03T04:38:53.175-0300] {logging_mixin.py:188} INFO - [2025-05-03T04:38:53.175-0300] {dag.py:3954} INFO - Setting next_dagrun for example_bash_decorator to None, run_after=None
[2025-05-03T04:38:53.190-0300] {processor.py:183} INFO - Processing /home/facuvega/Descargas/crypto-etl-airflow/airflow-apache/lib/python3.11/site-packages/airflow/example_dags/example_bash_decorator.py took 0.119 seconds
[2025-05-03T04:39:53.993-0300] {processor.py:161} INFO - Started process (PID=15725) to work on /home/facuvega/Descargas/crypto-etl-airflow/airflow-apache/lib/python3.11/site-packages/airflow/example_dags/example_bash_decorator.py
[2025-05-03T04:39:53.995-0300] {processor.py:830} INFO - Processing file /home/facuvega/Descargas/crypto-etl-airflow/airflow-apache/lib/python3.11/site-packages/airflow/example_dags/example_bash_decorator.py for tasks to queue
[2025-05-03T04:39:53.998-0300] {logging_mixin.py:188} INFO - [2025-05-03T04:39:53.997-0300] {dagbag.py:540} INFO - Filling up the DagBag from /home/facuvega/Descargas/crypto-etl-airflow/airflow-apache/lib/python3.11/site-packages/airflow/example_dags/example_bash_decorator.py
[2025-05-03T04:39:54.019-0300] {processor.py:840} INFO - DAG(s) 'example_bash_decorator' retrieved from /home/facuvega/Descargas/crypto-etl-airflow/airflow-apache/lib/python3.11/site-packages/airflow/example_dags/example_bash_decorator.py
[2025-05-03T04:39:54.036-0300] {logging_mixin.py:188} INFO - [2025-05-03T04:39:54.036-0300] {dag.py:3096} INFO - Sync 1 DAGs
[2025-05-03T04:39:54.045-0300] {logging_mixin.py:188} INFO - [2025-05-03T04:39:54.045-0300] {dag.py:3954} INFO - Setting next_dagrun for example_bash_decorator to None, run_after=None
[2025-05-03T04:39:54.060-0300] {processor.py:183} INFO - Processing /home/facuvega/Descargas/crypto-etl-airflow/airflow-apache/lib/python3.11/site-packages/airflow/example_dags/example_bash_decorator.py took 0.075 seconds
[2025-05-03T04:40:53.574-0300] {processor.py:161} INFO - Started process (PID=16010) to work on /home/facuvega/Descargas/crypto-etl-airflow/airflow-apache/lib/python3.11/site-packages/airflow/example_dags/example_bash_decorator.py
[2025-05-03T04:40:53.575-0300] {processor.py:830} INFO - Processing file /home/facuvega/Descargas/crypto-etl-airflow/airflow-apache/lib/python3.11/site-packages/airflow/example_dags/example_bash_decorator.py for tasks to queue
[2025-05-03T04:40:53.577-0300] {logging_mixin.py:188} INFO - [2025-05-03T04:40:53.577-0300] {dagbag.py:540} INFO - Filling up the DagBag from /home/facuvega/Descargas/crypto-etl-airflow/airflow-apache/lib/python3.11/site-packages/airflow/example_dags/example_bash_decorator.py
[2025-05-03T04:40:53.594-0300] {processor.py:840} INFO - DAG(s) 'example_bash_decorator' retrieved from /home/facuvega/Descargas/crypto-etl-airflow/airflow-apache/lib/python3.11/site-packages/airflow/example_dags/example_bash_decorator.py
[2025-05-03T04:40:53.613-0300] {logging_mixin.py:188} INFO - [2025-05-03T04:40:53.612-0300] {dag.py:3096} INFO - Sync 1 DAGs
[2025-05-03T04:40:53.622-0300] {logging_mixin.py:188} INFO - [2025-05-03T04:40:53.622-0300] {dag.py:3954} INFO - Setting next_dagrun for example_bash_decorator to None, run_after=None
[2025-05-03T04:40:53.652-0300] {processor.py:183} INFO - Processing /home/facuvega/Descargas/crypto-etl-airflow/airflow-apache/lib/python3.11/site-packages/airflow/example_dags/example_bash_decorator.py took 0.087 seconds
[2025-05-03T04:41:55.617-0300] {processor.py:161} INFO - Started process (PID=16299) to work on /home/facuvega/Descargas/crypto-etl-airflow/airflow-apache/lib/python3.11/site-packages/airflow/example_dags/example_bash_decorator.py
[2025-05-03T04:41:55.618-0300] {processor.py:830} INFO - Processing file /home/facuvega/Descargas/crypto-etl-airflow/airflow-apache/lib/python3.11/site-packages/airflow/example_dags/example_bash_decorator.py for tasks to queue
[2025-05-03T04:41:55.619-0300] {logging_mixin.py:188} INFO - [2025-05-03T04:41:55.619-0300] {dagbag.py:540} INFO - Filling up the DagBag from /home/facuvega/Descargas/crypto-etl-airflow/airflow-apache/lib/python3.11/site-packages/airflow/example_dags/example_bash_decorator.py
[2025-05-03T04:41:55.630-0300] {processor.py:840} INFO - DAG(s) 'example_bash_decorator' retrieved from /home/facuvega/Descargas/crypto-etl-airflow/airflow-apache/lib/python3.11/site-packages/airflow/example_dags/example_bash_decorator.py
[2025-05-03T04:41:55.644-0300] {logging_mixin.py:188} INFO - [2025-05-03T04:41:55.643-0300] {dag.py:3096} INFO - Sync 1 DAGs
[2025-05-03T04:41:55.651-0300] {logging_mixin.py:188} INFO - [2025-05-03T04:41:55.651-0300] {dag.py:3954} INFO - Setting next_dagrun for example_bash_decorator to None, run_after=None
[2025-05-03T04:41:55.664-0300] {processor.py:183} INFO - Processing /home/facuvega/Descargas/crypto-etl-airflow/airflow-apache/lib/python3.11/site-packages/airflow/example_dags/example_bash_decorator.py took 0.053 seconds
[2025-05-03T04:43:33.377-0300] {processor.py:161} INFO - Started process (PID=17170) to work on /home/facuvega/Descargas/crypto-etl-airflow/airflow-apache/lib/python3.11/site-packages/airflow/example_dags/example_bash_decorator.py
[2025-05-03T04:43:33.379-0300] {processor.py:830} INFO - Processing file /home/facuvega/Descargas/crypto-etl-airflow/airflow-apache/lib/python3.11/site-packages/airflow/example_dags/example_bash_decorator.py for tasks to queue
[2025-05-03T04:43:33.388-0300] {logging_mixin.py:188} INFO - [2025-05-03T04:43:33.387-0300] {dagbag.py:540} INFO - Filling up the DagBag from /home/facuvega/Descargas/crypto-etl-airflow/airflow-apache/lib/python3.11/site-packages/airflow/example_dags/example_bash_decorator.py
[2025-05-03T04:43:33.510-0300] {processor.py:840} INFO - DAG(s) 'example_bash_decorator' retrieved from /home/facuvega/Descargas/crypto-etl-airflow/airflow-apache/lib/python3.11/site-packages/airflow/example_dags/example_bash_decorator.py
[2025-05-03T04:43:34.266-0300] {logging_mixin.py:188} INFO - [2025-05-03T04:43:34.266-0300] {dag.py:3096} INFO - Sync 1 DAGs
[2025-05-03T04:43:34.302-0300] {logging_mixin.py:188} INFO - [2025-05-03T04:43:34.298-0300] {dag.py:3954} INFO - Setting next_dagrun for example_bash_decorator to None, run_after=None
[2025-05-03T04:43:34.390-0300] {processor.py:183} INFO - Processing /home/facuvega/Descargas/crypto-etl-airflow/airflow-apache/lib/python3.11/site-packages/airflow/example_dags/example_bash_decorator.py took 1.024 seconds
[2025-05-03T04:44:41.579-0300] {processor.py:161} INFO - Started process (PID=17563) to work on /home/facuvega/Descargas/crypto-etl-airflow/airflow-apache/lib/python3.11/site-packages/airflow/example_dags/example_bash_decorator.py
[2025-05-03T04:44:41.580-0300] {processor.py:830} INFO - Processing file /home/facuvega/Descargas/crypto-etl-airflow/airflow-apache/lib/python3.11/site-packages/airflow/example_dags/example_bash_decorator.py for tasks to queue
[2025-05-03T04:44:41.581-0300] {logging_mixin.py:188} INFO - [2025-05-03T04:44:41.581-0300] {dagbag.py:540} INFO - Filling up the DagBag from /home/facuvega/Descargas/crypto-etl-airflow/airflow-apache/lib/python3.11/site-packages/airflow/example_dags/example_bash_decorator.py
[2025-05-03T04:44:41.592-0300] {processor.py:840} INFO - DAG(s) 'example_bash_decorator' retrieved from /home/facuvega/Descargas/crypto-etl-airflow/airflow-apache/lib/python3.11/site-packages/airflow/example_dags/example_bash_decorator.py
[2025-05-03T04:44:41.609-0300] {logging_mixin.py:188} INFO - [2025-05-03T04:44:41.609-0300] {dag.py:3096} INFO - Sync 1 DAGs
[2025-05-03T04:44:41.616-0300] {logging_mixin.py:188} INFO - [2025-05-03T04:44:41.616-0300] {dag.py:3954} INFO - Setting next_dagrun for example_bash_decorator to None, run_after=None
[2025-05-03T04:44:41.630-0300] {processor.py:183} INFO - Processing /home/facuvega/Descargas/crypto-etl-airflow/airflow-apache/lib/python3.11/site-packages/airflow/example_dags/example_bash_decorator.py took 0.056 seconds
[2025-05-03T04:45:42.398-0300] {processor.py:161} INFO - Started process (PID=17938) to work on /home/facuvega/Descargas/crypto-etl-airflow/airflow-apache/lib/python3.11/site-packages/airflow/example_dags/example_bash_decorator.py
[2025-05-03T04:45:42.399-0300] {processor.py:830} INFO - Processing file /home/facuvega/Descargas/crypto-etl-airflow/airflow-apache/lib/python3.11/site-packages/airflow/example_dags/example_bash_decorator.py for tasks to queue
[2025-05-03T04:45:42.400-0300] {logging_mixin.py:188} INFO - [2025-05-03T04:45:42.400-0300] {dagbag.py:540} INFO - Filling up the DagBag from /home/facuvega/Descargas/crypto-etl-airflow/airflow-apache/lib/python3.11/site-packages/airflow/example_dags/example_bash_decorator.py
[2025-05-03T04:45:42.414-0300] {processor.py:840} INFO - DAG(s) 'example_bash_decorator' retrieved from /home/facuvega/Descargas/crypto-etl-airflow/airflow-apache/lib/python3.11/site-packages/airflow/example_dags/example_bash_decorator.py
[2025-05-03T04:45:42.428-0300] {logging_mixin.py:188} INFO - [2025-05-03T04:45:42.428-0300] {dag.py:3096} INFO - Sync 1 DAGs
[2025-05-03T04:45:42.435-0300] {logging_mixin.py:188} INFO - [2025-05-03T04:45:42.435-0300] {dag.py:3954} INFO - Setting next_dagrun for example_bash_decorator to None, run_after=None
[2025-05-03T04:45:42.449-0300] {processor.py:183} INFO - Processing /home/facuvega/Descargas/crypto-etl-airflow/airflow-apache/lib/python3.11/site-packages/airflow/example_dags/example_bash_decorator.py took 0.056 seconds
[2025-05-03T04:47:44.762-0300] {processor.py:161} INFO - Started process (PID=19137) to work on /home/facuvega/Descargas/crypto-etl-airflow/airflow-apache/lib/python3.11/site-packages/airflow/example_dags/example_bash_decorator.py
[2025-05-03T04:47:44.764-0300] {processor.py:830} INFO - Processing file /home/facuvega/Descargas/crypto-etl-airflow/airflow-apache/lib/python3.11/site-packages/airflow/example_dags/example_bash_decorator.py for tasks to queue
[2025-05-03T04:47:44.768-0300] {logging_mixin.py:188} INFO - [2025-05-03T04:47:44.767-0300] {dagbag.py:540} INFO - Filling up the DagBag from /home/facuvega/Descargas/crypto-etl-airflow/airflow-apache/lib/python3.11/site-packages/airflow/example_dags/example_bash_decorator.py
[2025-05-03T04:47:44.791-0300] {processor.py:840} INFO - DAG(s) 'example_bash_decorator' retrieved from /home/facuvega/Descargas/crypto-etl-airflow/airflow-apache/lib/python3.11/site-packages/airflow/example_dags/example_bash_decorator.py
[2025-05-03T04:47:44.906-0300] {logging_mixin.py:188} INFO - [2025-05-03T04:47:44.906-0300] {dag.py:3096} INFO - Sync 1 DAGs
[2025-05-03T04:47:44.913-0300] {logging_mixin.py:188} INFO - [2025-05-03T04:47:44.913-0300] {dag.py:3954} INFO - Setting next_dagrun for example_bash_decorator to None, run_after=None
[2025-05-03T04:47:44.928-0300] {processor.py:183} INFO - Processing /home/facuvega/Descargas/crypto-etl-airflow/airflow-apache/lib/python3.11/site-packages/airflow/example_dags/example_bash_decorator.py took 0.177 seconds
[2025-05-03T04:48:36.951-0300] {processor.py:161} INFO - Started process (PID=19439) to work on /home/facuvega/Descargas/crypto-etl-airflow/airflow-apache/lib/python3.11/site-packages/airflow/example_dags/example_bash_decorator.py
[2025-05-03T04:48:36.952-0300] {processor.py:830} INFO - Processing file /home/facuvega/Descargas/crypto-etl-airflow/airflow-apache/lib/python3.11/site-packages/airflow/example_dags/example_bash_decorator.py for tasks to queue
[2025-05-03T04:48:36.954-0300] {logging_mixin.py:188} INFO - [2025-05-03T04:48:36.953-0300] {dagbag.py:540} INFO - Filling up the DagBag from /home/facuvega/Descargas/crypto-etl-airflow/airflow-apache/lib/python3.11/site-packages/airflow/example_dags/example_bash_decorator.py
[2025-05-03T04:48:36.966-0300] {processor.py:840} INFO - DAG(s) 'example_bash_decorator' retrieved from /home/facuvega/Descargas/crypto-etl-airflow/airflow-apache/lib/python3.11/site-packages/airflow/example_dags/example_bash_decorator.py
[2025-05-03T04:48:36.982-0300] {logging_mixin.py:188} INFO - [2025-05-03T04:48:36.982-0300] {dag.py:3096} INFO - Sync 1 DAGs
[2025-05-03T04:48:36.992-0300] {logging_mixin.py:188} INFO - [2025-05-03T04:48:36.991-0300] {dag.py:3954} INFO - Setting next_dagrun for example_bash_decorator to None, run_after=None
[2025-05-03T04:48:37.013-0300] {processor.py:183} INFO - Processing /home/facuvega/Descargas/crypto-etl-airflow/airflow-apache/lib/python3.11/site-packages/airflow/example_dags/example_bash_decorator.py took 0.068 seconds
[2025-05-03T04:49:40.922-0300] {processor.py:161} INFO - Started process (PID=19727) to work on /home/facuvega/Descargas/crypto-etl-airflow/airflow-apache/lib/python3.11/site-packages/airflow/example_dags/example_bash_decorator.py
[2025-05-03T04:49:40.923-0300] {processor.py:830} INFO - Processing file /home/facuvega/Descargas/crypto-etl-airflow/airflow-apache/lib/python3.11/site-packages/airflow/example_dags/example_bash_decorator.py for tasks to queue
[2025-05-03T04:49:40.926-0300] {logging_mixin.py:188} INFO - [2025-05-03T04:49:40.925-0300] {dagbag.py:540} INFO - Filling up the DagBag from /home/facuvega/Descargas/crypto-etl-airflow/airflow-apache/lib/python3.11/site-packages/airflow/example_dags/example_bash_decorator.py
[2025-05-03T04:49:40.945-0300] {processor.py:840} INFO - DAG(s) 'example_bash_decorator' retrieved from /home/facuvega/Descargas/crypto-etl-airflow/airflow-apache/lib/python3.11/site-packages/airflow/example_dags/example_bash_decorator.py
[2025-05-03T04:49:40.970-0300] {logging_mixin.py:188} INFO - [2025-05-03T04:49:40.969-0300] {dag.py:3096} INFO - Sync 1 DAGs
[2025-05-03T04:49:40.984-0300] {logging_mixin.py:188} INFO - [2025-05-03T04:49:40.983-0300] {dag.py:3954} INFO - Setting next_dagrun for example_bash_decorator to None, run_after=None
[2025-05-03T04:49:40.998-0300] {processor.py:183} INFO - Processing /home/facuvega/Descargas/crypto-etl-airflow/airflow-apache/lib/python3.11/site-packages/airflow/example_dags/example_bash_decorator.py took 0.088 seconds
[2025-05-03T04:50:56.612-0300] {processor.py:161} INFO - Started process (PID=20483) to work on /home/facuvega/Descargas/crypto-etl-airflow/airflow-apache/lib/python3.11/site-packages/airflow/example_dags/example_bash_decorator.py
[2025-05-03T04:50:56.613-0300] {processor.py:830} INFO - Processing file /home/facuvega/Descargas/crypto-etl-airflow/airflow-apache/lib/python3.11/site-packages/airflow/example_dags/example_bash_decorator.py for tasks to queue
[2025-05-03T04:50:56.615-0300] {logging_mixin.py:188} INFO - [2025-05-03T04:50:56.615-0300] {dagbag.py:540} INFO - Filling up the DagBag from /home/facuvega/Descargas/crypto-etl-airflow/airflow-apache/lib/python3.11/site-packages/airflow/example_dags/example_bash_decorator.py
[2025-05-03T04:50:56.631-0300] {processor.py:840} INFO - DAG(s) 'example_bash_decorator' retrieved from /home/facuvega/Descargas/crypto-etl-airflow/airflow-apache/lib/python3.11/site-packages/airflow/example_dags/example_bash_decorator.py
[2025-05-03T04:50:56.652-0300] {logging_mixin.py:188} INFO - [2025-05-03T04:50:56.651-0300] {dag.py:3096} INFO - Sync 1 DAGs
[2025-05-03T04:50:56.664-0300] {logging_mixin.py:188} INFO - [2025-05-03T04:50:56.663-0300] {dag.py:3954} INFO - Setting next_dagrun for example_bash_decorator to None, run_after=None
[2025-05-03T04:50:56.682-0300] {processor.py:183} INFO - Processing /home/facuvega/Descargas/crypto-etl-airflow/airflow-apache/lib/python3.11/site-packages/airflow/example_dags/example_bash_decorator.py took 0.078 seconds
[2025-05-03T04:51:59.765-0300] {processor.py:161} INFO - Started process (PID=21185) to work on /home/facuvega/Descargas/crypto-etl-airflow/airflow-apache/lib/python3.11/site-packages/airflow/example_dags/example_bash_decorator.py
[2025-05-03T04:51:59.766-0300] {processor.py:830} INFO - Processing file /home/facuvega/Descargas/crypto-etl-airflow/airflow-apache/lib/python3.11/site-packages/airflow/example_dags/example_bash_decorator.py for tasks to queue
[2025-05-03T04:51:59.768-0300] {logging_mixin.py:188} INFO - [2025-05-03T04:51:59.767-0300] {dagbag.py:540} INFO - Filling up the DagBag from /home/facuvega/Descargas/crypto-etl-airflow/airflow-apache/lib/python3.11/site-packages/airflow/example_dags/example_bash_decorator.py
[2025-05-03T04:51:59.783-0300] {processor.py:840} INFO - DAG(s) 'example_bash_decorator' retrieved from /home/facuvega/Descargas/crypto-etl-airflow/airflow-apache/lib/python3.11/site-packages/airflow/example_dags/example_bash_decorator.py
[2025-05-03T04:51:59.799-0300] {logging_mixin.py:188} INFO - [2025-05-03T04:51:59.799-0300] {dag.py:3096} INFO - Sync 1 DAGs
[2025-05-03T04:51:59.812-0300] {logging_mixin.py:188} INFO - [2025-05-03T04:51:59.812-0300] {dag.py:3954} INFO - Setting next_dagrun for example_bash_decorator to None, run_after=None
[2025-05-03T04:51:59.837-0300] {processor.py:183} INFO - Processing /home/facuvega/Descargas/crypto-etl-airflow/airflow-apache/lib/python3.11/site-packages/airflow/example_dags/example_bash_decorator.py took 0.078 seconds
[2025-05-03T04:53:09.093-0300] {processor.py:161} INFO - Started process (PID=21898) to work on /home/facuvega/Descargas/crypto-etl-airflow/airflow-apache/lib/python3.11/site-packages/airflow/example_dags/example_bash_decorator.py
[2025-05-03T04:53:09.095-0300] {processor.py:830} INFO - Processing file /home/facuvega/Descargas/crypto-etl-airflow/airflow-apache/lib/python3.11/site-packages/airflow/example_dags/example_bash_decorator.py for tasks to queue
[2025-05-03T04:53:09.097-0300] {logging_mixin.py:188} INFO - [2025-05-03T04:53:09.097-0300] {dagbag.py:540} INFO - Filling up the DagBag from /home/facuvega/Descargas/crypto-etl-airflow/airflow-apache/lib/python3.11/site-packages/airflow/example_dags/example_bash_decorator.py
[2025-05-03T04:53:09.115-0300] {processor.py:840} INFO - DAG(s) 'example_bash_decorator' retrieved from /home/facuvega/Descargas/crypto-etl-airflow/airflow-apache/lib/python3.11/site-packages/airflow/example_dags/example_bash_decorator.py
[2025-05-03T04:53:09.136-0300] {logging_mixin.py:188} INFO - [2025-05-03T04:53:09.136-0300] {dag.py:3096} INFO - Sync 1 DAGs
[2025-05-03T04:53:09.147-0300] {logging_mixin.py:188} INFO - [2025-05-03T04:53:09.147-0300] {dag.py:3954} INFO - Setting next_dagrun for example_bash_decorator to None, run_after=None
[2025-05-03T04:53:09.168-0300] {processor.py:183} INFO - Processing /home/facuvega/Descargas/crypto-etl-airflow/airflow-apache/lib/python3.11/site-packages/airflow/example_dags/example_bash_decorator.py took 0.083 seconds
[2025-05-03T04:54:12.298-0300] {processor.py:161} INFO - Started process (PID=22666) to work on /home/facuvega/Descargas/crypto-etl-airflow/airflow-apache/lib/python3.11/site-packages/airflow/example_dags/example_bash_decorator.py
[2025-05-03T04:54:12.299-0300] {processor.py:830} INFO - Processing file /home/facuvega/Descargas/crypto-etl-airflow/airflow-apache/lib/python3.11/site-packages/airflow/example_dags/example_bash_decorator.py for tasks to queue
[2025-05-03T04:54:12.301-0300] {logging_mixin.py:188} INFO - [2025-05-03T04:54:12.301-0300] {dagbag.py:540} INFO - Filling up the DagBag from /home/facuvega/Descargas/crypto-etl-airflow/airflow-apache/lib/python3.11/site-packages/airflow/example_dags/example_bash_decorator.py
[2025-05-03T04:54:12.315-0300] {processor.py:840} INFO - DAG(s) 'example_bash_decorator' retrieved from /home/facuvega/Descargas/crypto-etl-airflow/airflow-apache/lib/python3.11/site-packages/airflow/example_dags/example_bash_decorator.py
[2025-05-03T04:54:12.333-0300] {logging_mixin.py:188} INFO - [2025-05-03T04:54:12.333-0300] {dag.py:3096} INFO - Sync 1 DAGs
[2025-05-03T04:54:12.343-0300] {logging_mixin.py:188} INFO - [2025-05-03T04:54:12.343-0300] {dag.py:3954} INFO - Setting next_dagrun for example_bash_decorator to None, run_after=None
[2025-05-03T04:54:12.359-0300] {processor.py:183} INFO - Processing /home/facuvega/Descargas/crypto-etl-airflow/airflow-apache/lib/python3.11/site-packages/airflow/example_dags/example_bash_decorator.py took 0.067 seconds
[2025-05-03T04:55:26.644-0300] {processor.py:161} INFO - Started process (PID=23578) to work on /home/facuvega/Descargas/crypto-etl-airflow/airflow-apache/lib/python3.11/site-packages/airflow/example_dags/example_bash_decorator.py
[2025-05-03T04:55:26.645-0300] {processor.py:830} INFO - Processing file /home/facuvega/Descargas/crypto-etl-airflow/airflow-apache/lib/python3.11/site-packages/airflow/example_dags/example_bash_decorator.py for tasks to queue
[2025-05-03T04:55:26.648-0300] {logging_mixin.py:188} INFO - [2025-05-03T04:55:26.648-0300] {dagbag.py:540} INFO - Filling up the DagBag from /home/facuvega/Descargas/crypto-etl-airflow/airflow-apache/lib/python3.11/site-packages/airflow/example_dags/example_bash_decorator.py
[2025-05-03T04:55:26.662-0300] {processor.py:840} INFO - DAG(s) 'example_bash_decorator' retrieved from /home/facuvega/Descargas/crypto-etl-airflow/airflow-apache/lib/python3.11/site-packages/airflow/example_dags/example_bash_decorator.py
[2025-05-03T04:55:26.682-0300] {logging_mixin.py:188} INFO - [2025-05-03T04:55:26.682-0300] {dag.py:3096} INFO - Sync 1 DAGs
[2025-05-03T04:55:26.696-0300] {logging_mixin.py:188} INFO - [2025-05-03T04:55:26.695-0300] {dag.py:3954} INFO - Setting next_dagrun for example_bash_decorator to None, run_after=None
[2025-05-03T04:55:26.716-0300] {processor.py:183} INFO - Processing /home/facuvega/Descargas/crypto-etl-airflow/airflow-apache/lib/python3.11/site-packages/airflow/example_dags/example_bash_decorator.py took 0.081 seconds
[2025-05-03T04:56:36.206-0300] {processor.py:161} INFO - Started process (PID=23956) to work on /home/facuvega/Descargas/crypto-etl-airflow/airflow-apache/lib/python3.11/site-packages/airflow/example_dags/example_bash_decorator.py
[2025-05-03T04:56:36.207-0300] {processor.py:830} INFO - Processing file /home/facuvega/Descargas/crypto-etl-airflow/airflow-apache/lib/python3.11/site-packages/airflow/example_dags/example_bash_decorator.py for tasks to queue
[2025-05-03T04:56:36.209-0300] {logging_mixin.py:188} INFO - [2025-05-03T04:56:36.208-0300] {dagbag.py:540} INFO - Filling up the DagBag from /home/facuvega/Descargas/crypto-etl-airflow/airflow-apache/lib/python3.11/site-packages/airflow/example_dags/example_bash_decorator.py
[2025-05-03T04:56:36.221-0300] {processor.py:840} INFO - DAG(s) 'example_bash_decorator' retrieved from /home/facuvega/Descargas/crypto-etl-airflow/airflow-apache/lib/python3.11/site-packages/airflow/example_dags/example_bash_decorator.py
[2025-05-03T04:56:36.237-0300] {logging_mixin.py:188} INFO - [2025-05-03T04:56:36.237-0300] {dag.py:3096} INFO - Sync 1 DAGs
[2025-05-03T04:56:36.246-0300] {logging_mixin.py:188} INFO - [2025-05-03T04:56:36.246-0300] {dag.py:3954} INFO - Setting next_dagrun for example_bash_decorator to None, run_after=None
[2025-05-03T04:56:36.260-0300] {processor.py:183} INFO - Processing /home/facuvega/Descargas/crypto-etl-airflow/airflow-apache/lib/python3.11/site-packages/airflow/example_dags/example_bash_decorator.py took 0.061 seconds
[2025-05-03T04:57:40.322-0300] {processor.py:161} INFO - Started process (PID=24298) to work on /home/facuvega/Descargas/crypto-etl-airflow/airflow-apache/lib/python3.11/site-packages/airflow/example_dags/example_bash_decorator.py
[2025-05-03T04:57:40.323-0300] {processor.py:830} INFO - Processing file /home/facuvega/Descargas/crypto-etl-airflow/airflow-apache/lib/python3.11/site-packages/airflow/example_dags/example_bash_decorator.py for tasks to queue
[2025-05-03T04:57:40.325-0300] {logging_mixin.py:188} INFO - [2025-05-03T04:57:40.325-0300] {dagbag.py:540} INFO - Filling up the DagBag from /home/facuvega/Descargas/crypto-etl-airflow/airflow-apache/lib/python3.11/site-packages/airflow/example_dags/example_bash_decorator.py
[2025-05-03T04:57:40.338-0300] {processor.py:840} INFO - DAG(s) 'example_bash_decorator' retrieved from /home/facuvega/Descargas/crypto-etl-airflow/airflow-apache/lib/python3.11/site-packages/airflow/example_dags/example_bash_decorator.py
[2025-05-03T04:57:40.359-0300] {logging_mixin.py:188} INFO - [2025-05-03T04:57:40.359-0300] {dag.py:3096} INFO - Sync 1 DAGs
[2025-05-03T04:57:40.369-0300] {logging_mixin.py:188} INFO - [2025-05-03T04:57:40.369-0300] {dag.py:3954} INFO - Setting next_dagrun for example_bash_decorator to None, run_after=None
[2025-05-03T04:57:40.386-0300] {processor.py:183} INFO - Processing /home/facuvega/Descargas/crypto-etl-airflow/airflow-apache/lib/python3.11/site-packages/airflow/example_dags/example_bash_decorator.py took 0.072 seconds
[2025-05-03T04:58:45.893-0300] {processor.py:161} INFO - Started process (PID=24782) to work on /home/facuvega/Descargas/crypto-etl-airflow/airflow-apache/lib/python3.11/site-packages/airflow/example_dags/example_bash_decorator.py
[2025-05-03T04:58:45.894-0300] {processor.py:830} INFO - Processing file /home/facuvega/Descargas/crypto-etl-airflow/airflow-apache/lib/python3.11/site-packages/airflow/example_dags/example_bash_decorator.py for tasks to queue
[2025-05-03T04:58:45.895-0300] {logging_mixin.py:188} INFO - [2025-05-03T04:58:45.895-0300] {dagbag.py:540} INFO - Filling up the DagBag from /home/facuvega/Descargas/crypto-etl-airflow/airflow-apache/lib/python3.11/site-packages/airflow/example_dags/example_bash_decorator.py
[2025-05-03T04:58:45.907-0300] {processor.py:840} INFO - DAG(s) 'example_bash_decorator' retrieved from /home/facuvega/Descargas/crypto-etl-airflow/airflow-apache/lib/python3.11/site-packages/airflow/example_dags/example_bash_decorator.py
[2025-05-03T04:58:45.921-0300] {logging_mixin.py:188} INFO - [2025-05-03T04:58:45.921-0300] {dag.py:3096} INFO - Sync 1 DAGs
[2025-05-03T04:58:45.930-0300] {logging_mixin.py:188} INFO - [2025-05-03T04:58:45.930-0300] {dag.py:3954} INFO - Setting next_dagrun for example_bash_decorator to None, run_after=None
[2025-05-03T04:58:45.946-0300] {processor.py:183} INFO - Processing /home/facuvega/Descargas/crypto-etl-airflow/airflow-apache/lib/python3.11/site-packages/airflow/example_dags/example_bash_decorator.py took 0.060 seconds
[2025-05-03T04:59:49.468-0300] {processor.py:161} INFO - Started process (PID=25063) to work on /home/facuvega/Descargas/crypto-etl-airflow/airflow-apache/lib/python3.11/site-packages/airflow/example_dags/example_bash_decorator.py
[2025-05-03T04:59:49.469-0300] {processor.py:830} INFO - Processing file /home/facuvega/Descargas/crypto-etl-airflow/airflow-apache/lib/python3.11/site-packages/airflow/example_dags/example_bash_decorator.py for tasks to queue
[2025-05-03T04:59:49.472-0300] {logging_mixin.py:188} INFO - [2025-05-03T04:59:49.471-0300] {dagbag.py:540} INFO - Filling up the DagBag from /home/facuvega/Descargas/crypto-etl-airflow/airflow-apache/lib/python3.11/site-packages/airflow/example_dags/example_bash_decorator.py
[2025-05-03T04:59:49.491-0300] {processor.py:840} INFO - DAG(s) 'example_bash_decorator' retrieved from /home/facuvega/Descargas/crypto-etl-airflow/airflow-apache/lib/python3.11/site-packages/airflow/example_dags/example_bash_decorator.py
[2025-05-03T04:59:49.516-0300] {logging_mixin.py:188} INFO - [2025-05-03T04:59:49.515-0300] {dag.py:3096} INFO - Sync 1 DAGs
[2025-05-03T04:59:49.532-0300] {logging_mixin.py:188} INFO - [2025-05-03T04:59:49.532-0300] {dag.py:3954} INFO - Setting next_dagrun for example_bash_decorator to None, run_after=None
[2025-05-03T04:59:49.554-0300] {processor.py:183} INFO - Processing /home/facuvega/Descargas/crypto-etl-airflow/airflow-apache/lib/python3.11/site-packages/airflow/example_dags/example_bash_decorator.py took 0.095 seconds
[2025-05-03T05:00:55.545-0300] {processor.py:161} INFO - Started process (PID=25359) to work on /home/facuvega/Descargas/crypto-etl-airflow/airflow-apache/lib/python3.11/site-packages/airflow/example_dags/example_bash_decorator.py
[2025-05-03T05:00:55.546-0300] {processor.py:830} INFO - Processing file /home/facuvega/Descargas/crypto-etl-airflow/airflow-apache/lib/python3.11/site-packages/airflow/example_dags/example_bash_decorator.py for tasks to queue
[2025-05-03T05:00:55.548-0300] {logging_mixin.py:188} INFO - [2025-05-03T05:00:55.548-0300] {dagbag.py:540} INFO - Filling up the DagBag from /home/facuvega/Descargas/crypto-etl-airflow/airflow-apache/lib/python3.11/site-packages/airflow/example_dags/example_bash_decorator.py
[2025-05-03T05:00:55.562-0300] {processor.py:840} INFO - DAG(s) 'example_bash_decorator' retrieved from /home/facuvega/Descargas/crypto-etl-airflow/airflow-apache/lib/python3.11/site-packages/airflow/example_dags/example_bash_decorator.py
[2025-05-03T05:00:55.578-0300] {logging_mixin.py:188} INFO - [2025-05-03T05:00:55.578-0300] {dag.py:3096} INFO - Sync 1 DAGs
[2025-05-03T05:00:55.589-0300] {logging_mixin.py:188} INFO - [2025-05-03T05:00:55.589-0300] {dag.py:3954} INFO - Setting next_dagrun for example_bash_decorator to None, run_after=None
[2025-05-03T05:00:55.603-0300] {processor.py:183} INFO - Processing /home/facuvega/Descargas/crypto-etl-airflow/airflow-apache/lib/python3.11/site-packages/airflow/example_dags/example_bash_decorator.py took 0.065 seconds
[2025-05-03T05:03:45.537-0300] {processor.py:161} INFO - Started process (PID=26934) to work on /home/facuvega/Descargas/crypto-etl-airflow/airflow-apache/lib/python3.11/site-packages/airflow/example_dags/example_bash_decorator.py
[2025-05-03T05:03:45.538-0300] {processor.py:830} INFO - Processing file /home/facuvega/Descargas/crypto-etl-airflow/airflow-apache/lib/python3.11/site-packages/airflow/example_dags/example_bash_decorator.py for tasks to queue
[2025-05-03T05:03:45.540-0300] {logging_mixin.py:188} INFO - [2025-05-03T05:03:45.539-0300] {dagbag.py:540} INFO - Filling up the DagBag from /home/facuvega/Descargas/crypto-etl-airflow/airflow-apache/lib/python3.11/site-packages/airflow/example_dags/example_bash_decorator.py
[2025-05-03T05:03:45.550-0300] {processor.py:840} INFO - DAG(s) 'example_bash_decorator' retrieved from /home/facuvega/Descargas/crypto-etl-airflow/airflow-apache/lib/python3.11/site-packages/airflow/example_dags/example_bash_decorator.py
[2025-05-03T05:03:45.617-0300] {logging_mixin.py:188} INFO - [2025-05-03T05:03:45.616-0300] {dag.py:3096} INFO - Sync 1 DAGs
[2025-05-03T05:03:45.623-0300] {logging_mixin.py:188} INFO - [2025-05-03T05:03:45.622-0300] {dag.py:3954} INFO - Setting next_dagrun for example_bash_decorator to None, run_after=None
[2025-05-03T05:03:45.635-0300] {processor.py:183} INFO - Processing /home/facuvega/Descargas/crypto-etl-airflow/airflow-apache/lib/python3.11/site-packages/airflow/example_dags/example_bash_decorator.py took 0.102 seconds
[2025-05-03T05:04:59.241-0300] {processor.py:161} INFO - Started process (PID=27524) to work on /home/facuvega/Descargas/crypto-etl-airflow/airflow-apache/lib/python3.11/site-packages/airflow/example_dags/example_bash_decorator.py
[2025-05-03T05:04:59.242-0300] {processor.py:830} INFO - Processing file /home/facuvega/Descargas/crypto-etl-airflow/airflow-apache/lib/python3.11/site-packages/airflow/example_dags/example_bash_decorator.py for tasks to queue
[2025-05-03T05:04:59.244-0300] {logging_mixin.py:188} INFO - [2025-05-03T05:04:59.243-0300] {dagbag.py:540} INFO - Filling up the DagBag from /home/facuvega/Descargas/crypto-etl-airflow/airflow-apache/lib/python3.11/site-packages/airflow/example_dags/example_bash_decorator.py
[2025-05-03T05:04:59.257-0300] {processor.py:840} INFO - DAG(s) 'example_bash_decorator' retrieved from /home/facuvega/Descargas/crypto-etl-airflow/airflow-apache/lib/python3.11/site-packages/airflow/example_dags/example_bash_decorator.py
[2025-05-03T05:04:59.275-0300] {logging_mixin.py:188} INFO - [2025-05-03T05:04:59.275-0300] {dag.py:3096} INFO - Sync 1 DAGs
[2025-05-03T05:04:59.286-0300] {logging_mixin.py:188} INFO - [2025-05-03T05:04:59.285-0300] {dag.py:3954} INFO - Setting next_dagrun for example_bash_decorator to None, run_after=None
[2025-05-03T05:04:59.303-0300] {processor.py:183} INFO - Processing /home/facuvega/Descargas/crypto-etl-airflow/airflow-apache/lib/python3.11/site-packages/airflow/example_dags/example_bash_decorator.py took 0.068 seconds
[2025-05-03T05:06:06.092-0300] {processor.py:161} INFO - Started process (PID=28086) to work on /home/facuvega/Descargas/crypto-etl-airflow/airflow-apache/lib/python3.11/site-packages/airflow/example_dags/example_bash_decorator.py
[2025-05-03T05:06:06.094-0300] {processor.py:830} INFO - Processing file /home/facuvega/Descargas/crypto-etl-airflow/airflow-apache/lib/python3.11/site-packages/airflow/example_dags/example_bash_decorator.py for tasks to queue
[2025-05-03T05:06:06.096-0300] {logging_mixin.py:188} INFO - [2025-05-03T05:06:06.095-0300] {dagbag.py:540} INFO - Filling up the DagBag from /home/facuvega/Descargas/crypto-etl-airflow/airflow-apache/lib/python3.11/site-packages/airflow/example_dags/example_bash_decorator.py
[2025-05-03T05:06:06.114-0300] {processor.py:840} INFO - DAG(s) 'example_bash_decorator' retrieved from /home/facuvega/Descargas/crypto-etl-airflow/airflow-apache/lib/python3.11/site-packages/airflow/example_dags/example_bash_decorator.py
[2025-05-03T05:06:06.134-0300] {logging_mixin.py:188} INFO - [2025-05-03T05:06:06.133-0300] {dag.py:3096} INFO - Sync 1 DAGs
[2025-05-03T05:06:06.146-0300] {logging_mixin.py:188} INFO - [2025-05-03T05:06:06.146-0300] {dag.py:3954} INFO - Setting next_dagrun for example_bash_decorator to None, run_after=None
[2025-05-03T05:06:06.163-0300] {processor.py:183} INFO - Processing /home/facuvega/Descargas/crypto-etl-airflow/airflow-apache/lib/python3.11/site-packages/airflow/example_dags/example_bash_decorator.py took 0.079 seconds
[2025-05-03T05:07:10.430-0300] {processor.py:161} INFO - Started process (PID=28544) to work on /home/facuvega/Descargas/crypto-etl-airflow/airflow-apache/lib/python3.11/site-packages/airflow/example_dags/example_bash_decorator.py
[2025-05-03T05:07:10.433-0300] {processor.py:830} INFO - Processing file /home/facuvega/Descargas/crypto-etl-airflow/airflow-apache/lib/python3.11/site-packages/airflow/example_dags/example_bash_decorator.py for tasks to queue
[2025-05-03T05:07:10.439-0300] {logging_mixin.py:188} INFO - [2025-05-03T05:07:10.436-0300] {dagbag.py:540} INFO - Filling up the DagBag from /home/facuvega/Descargas/crypto-etl-airflow/airflow-apache/lib/python3.11/site-packages/airflow/example_dags/example_bash_decorator.py
[2025-05-03T05:07:10.485-0300] {processor.py:840} INFO - DAG(s) 'example_bash_decorator' retrieved from /home/facuvega/Descargas/crypto-etl-airflow/airflow-apache/lib/python3.11/site-packages/airflow/example_dags/example_bash_decorator.py
[2025-05-03T05:07:10.523-0300] {logging_mixin.py:188} INFO - [2025-05-03T05:07:10.521-0300] {dag.py:3096} INFO - Sync 1 DAGs
[2025-05-03T05:07:10.551-0300] {logging_mixin.py:188} INFO - [2025-05-03T05:07:10.550-0300] {dag.py:3954} INFO - Setting next_dagrun for example_bash_decorator to None, run_after=None
[2025-05-03T05:07:10.584-0300] {processor.py:183} INFO - Processing /home/facuvega/Descargas/crypto-etl-airflow/airflow-apache/lib/python3.11/site-packages/airflow/example_dags/example_bash_decorator.py took 0.169 seconds
[2025-05-03T05:08:25.449-0300] {processor.py:161} INFO - Started process (PID=29021) to work on /home/facuvega/Descargas/crypto-etl-airflow/airflow-apache/lib/python3.11/site-packages/airflow/example_dags/example_bash_decorator.py
[2025-05-03T05:08:25.451-0300] {processor.py:830} INFO - Processing file /home/facuvega/Descargas/crypto-etl-airflow/airflow-apache/lib/python3.11/site-packages/airflow/example_dags/example_bash_decorator.py for tasks to queue
[2025-05-03T05:08:25.453-0300] {logging_mixin.py:188} INFO - [2025-05-03T05:08:25.453-0300] {dagbag.py:540} INFO - Filling up the DagBag from /home/facuvega/Descargas/crypto-etl-airflow/airflow-apache/lib/python3.11/site-packages/airflow/example_dags/example_bash_decorator.py
[2025-05-03T05:08:25.475-0300] {processor.py:840} INFO - DAG(s) 'example_bash_decorator' retrieved from /home/facuvega/Descargas/crypto-etl-airflow/airflow-apache/lib/python3.11/site-packages/airflow/example_dags/example_bash_decorator.py
[2025-05-03T05:08:25.499-0300] {logging_mixin.py:188} INFO - [2025-05-03T05:08:25.498-0300] {dag.py:3096} INFO - Sync 1 DAGs
[2025-05-03T05:08:25.518-0300] {logging_mixin.py:188} INFO - [2025-05-03T05:08:25.518-0300] {dag.py:3954} INFO - Setting next_dagrun for example_bash_decorator to None, run_after=None
[2025-05-03T05:08:25.557-0300] {processor.py:183} INFO - Processing /home/facuvega/Descargas/crypto-etl-airflow/airflow-apache/lib/python3.11/site-packages/airflow/example_dags/example_bash_decorator.py took 0.118 seconds
[2025-05-03T05:09:36.240-0300] {processor.py:161} INFO - Started process (PID=29412) to work on /home/facuvega/Descargas/crypto-etl-airflow/airflow-apache/lib/python3.11/site-packages/airflow/example_dags/example_bash_decorator.py
[2025-05-03T05:09:36.242-0300] {processor.py:830} INFO - Processing file /home/facuvega/Descargas/crypto-etl-airflow/airflow-apache/lib/python3.11/site-packages/airflow/example_dags/example_bash_decorator.py for tasks to queue
[2025-05-03T05:09:36.247-0300] {logging_mixin.py:188} INFO - [2025-05-03T05:09:36.246-0300] {dagbag.py:540} INFO - Filling up the DagBag from /home/facuvega/Descargas/crypto-etl-airflow/airflow-apache/lib/python3.11/site-packages/airflow/example_dags/example_bash_decorator.py
[2025-05-03T05:09:36.281-0300] {processor.py:840} INFO - DAG(s) 'example_bash_decorator' retrieved from /home/facuvega/Descargas/crypto-etl-airflow/airflow-apache/lib/python3.11/site-packages/airflow/example_dags/example_bash_decorator.py
[2025-05-03T05:09:36.299-0300] {logging_mixin.py:188} INFO - [2025-05-03T05:09:36.299-0300] {dag.py:3096} INFO - Sync 1 DAGs
[2025-05-03T05:09:36.309-0300] {logging_mixin.py:188} INFO - [2025-05-03T05:09:36.308-0300] {dag.py:3954} INFO - Setting next_dagrun for example_bash_decorator to None, run_after=None
[2025-05-03T05:09:36.326-0300] {processor.py:183} INFO - Processing /home/facuvega/Descargas/crypto-etl-airflow/airflow-apache/lib/python3.11/site-packages/airflow/example_dags/example_bash_decorator.py took 0.099 seconds
[2025-05-03T05:10:34.651-0300] {processor.py:161} INFO - Started process (PID=29976) to work on /home/facuvega/Descargas/crypto-etl-airflow/airflow-apache/lib/python3.11/site-packages/airflow/example_dags/example_bash_decorator.py
[2025-05-03T05:10:34.652-0300] {processor.py:830} INFO - Processing file /home/facuvega/Descargas/crypto-etl-airflow/airflow-apache/lib/python3.11/site-packages/airflow/example_dags/example_bash_decorator.py for tasks to queue
[2025-05-03T05:10:34.654-0300] {logging_mixin.py:188} INFO - [2025-05-03T05:10:34.654-0300] {dagbag.py:540} INFO - Filling up the DagBag from /home/facuvega/Descargas/crypto-etl-airflow/airflow-apache/lib/python3.11/site-packages/airflow/example_dags/example_bash_decorator.py
[2025-05-03T05:10:34.672-0300] {processor.py:840} INFO - DAG(s) 'example_bash_decorator' retrieved from /home/facuvega/Descargas/crypto-etl-airflow/airflow-apache/lib/python3.11/site-packages/airflow/example_dags/example_bash_decorator.py
[2025-05-03T05:10:34.696-0300] {logging_mixin.py:188} INFO - [2025-05-03T05:10:34.696-0300] {dag.py:3096} INFO - Sync 1 DAGs
[2025-05-03T05:10:34.711-0300] {logging_mixin.py:188} INFO - [2025-05-03T05:10:34.711-0300] {dag.py:3954} INFO - Setting next_dagrun for example_bash_decorator to None, run_after=None
[2025-05-03T05:10:34.737-0300] {processor.py:183} INFO - Processing /home/facuvega/Descargas/crypto-etl-airflow/airflow-apache/lib/python3.11/site-packages/airflow/example_dags/example_bash_decorator.py took 0.095 seconds
[2025-05-03T05:11:40.571-0300] {processor.py:161} INFO - Started process (PID=30290) to work on /home/facuvega/Descargas/crypto-etl-airflow/airflow-apache/lib/python3.11/site-packages/airflow/example_dags/example_bash_decorator.py
[2025-05-03T05:11:40.572-0300] {processor.py:830} INFO - Processing file /home/facuvega/Descargas/crypto-etl-airflow/airflow-apache/lib/python3.11/site-packages/airflow/example_dags/example_bash_decorator.py for tasks to queue
[2025-05-03T05:11:40.574-0300] {logging_mixin.py:188} INFO - [2025-05-03T05:11:40.574-0300] {dagbag.py:540} INFO - Filling up the DagBag from /home/facuvega/Descargas/crypto-etl-airflow/airflow-apache/lib/python3.11/site-packages/airflow/example_dags/example_bash_decorator.py
[2025-05-03T05:11:40.585-0300] {processor.py:840} INFO - DAG(s) 'example_bash_decorator' retrieved from /home/facuvega/Descargas/crypto-etl-airflow/airflow-apache/lib/python3.11/site-packages/airflow/example_dags/example_bash_decorator.py
[2025-05-03T05:11:40.599-0300] {logging_mixin.py:188} INFO - [2025-05-03T05:11:40.599-0300] {dag.py:3096} INFO - Sync 1 DAGs
[2025-05-03T05:11:40.608-0300] {logging_mixin.py:188} INFO - [2025-05-03T05:11:40.608-0300] {dag.py:3954} INFO - Setting next_dagrun for example_bash_decorator to None, run_after=None
[2025-05-03T05:11:40.620-0300] {processor.py:183} INFO - Processing /home/facuvega/Descargas/crypto-etl-airflow/airflow-apache/lib/python3.11/site-packages/airflow/example_dags/example_bash_decorator.py took 0.054 seconds
[2025-05-03T05:13:02.752-0300] {processor.py:161} INFO - Started process (PID=31059) to work on /home/facuvega/Descargas/crypto-etl-airflow/airflow-apache/lib/python3.11/site-packages/airflow/example_dags/example_bash_decorator.py
[2025-05-03T05:13:02.753-0300] {processor.py:830} INFO - Processing file /home/facuvega/Descargas/crypto-etl-airflow/airflow-apache/lib/python3.11/site-packages/airflow/example_dags/example_bash_decorator.py for tasks to queue
[2025-05-03T05:13:02.755-0300] {logging_mixin.py:188} INFO - [2025-05-03T05:13:02.754-0300] {dagbag.py:540} INFO - Filling up the DagBag from /home/facuvega/Descargas/crypto-etl-airflow/airflow-apache/lib/python3.11/site-packages/airflow/example_dags/example_bash_decorator.py
[2025-05-03T05:13:02.766-0300] {processor.py:840} INFO - DAG(s) 'example_bash_decorator' retrieved from /home/facuvega/Descargas/crypto-etl-airflow/airflow-apache/lib/python3.11/site-packages/airflow/example_dags/example_bash_decorator.py
[2025-05-03T05:13:02.780-0300] {logging_mixin.py:188} INFO - [2025-05-03T05:13:02.780-0300] {dag.py:3096} INFO - Sync 1 DAGs
[2025-05-03T05:13:02.789-0300] {logging_mixin.py:188} INFO - [2025-05-03T05:13:02.788-0300] {dag.py:3954} INFO - Setting next_dagrun for example_bash_decorator to None, run_after=None
[2025-05-03T05:13:02.806-0300] {processor.py:183} INFO - Processing /home/facuvega/Descargas/crypto-etl-airflow/airflow-apache/lib/python3.11/site-packages/airflow/example_dags/example_bash_decorator.py took 0.060 seconds
[2025-05-03T05:15:52.069-0300] {processor.py:161} INFO - Started process (PID=32800) to work on /home/facuvega/Descargas/crypto-etl-airflow/airflow-apache/lib/python3.11/site-packages/airflow/example_dags/example_bash_decorator.py
[2025-05-03T05:15:52.081-0300] {processor.py:830} INFO - Processing file /home/facuvega/Descargas/crypto-etl-airflow/airflow-apache/lib/python3.11/site-packages/airflow/example_dags/example_bash_decorator.py for tasks to queue
[2025-05-03T05:15:52.088-0300] {logging_mixin.py:188} INFO - [2025-05-03T05:15:52.084-0300] {dagbag.py:540} INFO - Filling up the DagBag from /home/facuvega/Descargas/crypto-etl-airflow/airflow-apache/lib/python3.11/site-packages/airflow/example_dags/example_bash_decorator.py
[2025-05-03T05:15:52.122-0300] {processor.py:840} INFO - DAG(s) 'example_bash_decorator' retrieved from /home/facuvega/Descargas/crypto-etl-airflow/airflow-apache/lib/python3.11/site-packages/airflow/example_dags/example_bash_decorator.py
[2025-05-03T05:15:52.307-0300] {logging_mixin.py:188} INFO - [2025-05-03T05:15:52.307-0300] {dag.py:3096} INFO - Sync 1 DAGs
[2025-05-03T05:15:52.318-0300] {logging_mixin.py:188} INFO - [2025-05-03T05:15:52.318-0300] {dag.py:3954} INFO - Setting next_dagrun for example_bash_decorator to None, run_after=None
[2025-05-03T05:15:52.340-0300] {processor.py:183} INFO - Processing /home/facuvega/Descargas/crypto-etl-airflow/airflow-apache/lib/python3.11/site-packages/airflow/example_dags/example_bash_decorator.py took 0.288 seconds
[2025-05-03T05:17:01.742-0300] {processor.py:161} INFO - Started process (PID=33618) to work on /home/facuvega/Descargas/crypto-etl-airflow/airflow-apache/lib/python3.11/site-packages/airflow/example_dags/example_bash_decorator.py
[2025-05-03T05:17:01.744-0300] {processor.py:830} INFO - Processing file /home/facuvega/Descargas/crypto-etl-airflow/airflow-apache/lib/python3.11/site-packages/airflow/example_dags/example_bash_decorator.py for tasks to queue
[2025-05-03T05:17:01.745-0300] {logging_mixin.py:188} INFO - [2025-05-03T05:17:01.745-0300] {dagbag.py:540} INFO - Filling up the DagBag from /home/facuvega/Descargas/crypto-etl-airflow/airflow-apache/lib/python3.11/site-packages/airflow/example_dags/example_bash_decorator.py
[2025-05-03T05:17:01.761-0300] {processor.py:840} INFO - DAG(s) 'example_bash_decorator' retrieved from /home/facuvega/Descargas/crypto-etl-airflow/airflow-apache/lib/python3.11/site-packages/airflow/example_dags/example_bash_decorator.py
[2025-05-03T05:17:01.778-0300] {logging_mixin.py:188} INFO - [2025-05-03T05:17:01.778-0300] {dag.py:3096} INFO - Sync 1 DAGs
[2025-05-03T05:17:01.788-0300] {logging_mixin.py:188} INFO - [2025-05-03T05:17:01.788-0300] {dag.py:3954} INFO - Setting next_dagrun for example_bash_decorator to None, run_after=None
[2025-05-03T05:17:01.806-0300] {processor.py:183} INFO - Processing /home/facuvega/Descargas/crypto-etl-airflow/airflow-apache/lib/python3.11/site-packages/airflow/example_dags/example_bash_decorator.py took 0.070 seconds
[2025-05-03T05:18:04.507-0300] {processor.py:161} INFO - Started process (PID=34227) to work on /home/facuvega/Descargas/crypto-etl-airflow/airflow-apache/lib/python3.11/site-packages/airflow/example_dags/example_bash_decorator.py
[2025-05-03T05:18:04.508-0300] {processor.py:830} INFO - Processing file /home/facuvega/Descargas/crypto-etl-airflow/airflow-apache/lib/python3.11/site-packages/airflow/example_dags/example_bash_decorator.py for tasks to queue
[2025-05-03T05:18:04.509-0300] {logging_mixin.py:188} INFO - [2025-05-03T05:18:04.509-0300] {dagbag.py:540} INFO - Filling up the DagBag from /home/facuvega/Descargas/crypto-etl-airflow/airflow-apache/lib/python3.11/site-packages/airflow/example_dags/example_bash_decorator.py
[2025-05-03T05:18:04.520-0300] {processor.py:840} INFO - DAG(s) 'example_bash_decorator' retrieved from /home/facuvega/Descargas/crypto-etl-airflow/airflow-apache/lib/python3.11/site-packages/airflow/example_dags/example_bash_decorator.py
[2025-05-03T05:18:04.533-0300] {logging_mixin.py:188} INFO - [2025-05-03T05:18:04.532-0300] {dag.py:3096} INFO - Sync 1 DAGs
[2025-05-03T05:18:04.540-0300] {logging_mixin.py:188} INFO - [2025-05-03T05:18:04.540-0300] {dag.py:3954} INFO - Setting next_dagrun for example_bash_decorator to None, run_after=None
[2025-05-03T05:18:04.553-0300] {processor.py:183} INFO - Processing /home/facuvega/Descargas/crypto-etl-airflow/airflow-apache/lib/python3.11/site-packages/airflow/example_dags/example_bash_decorator.py took 0.051 seconds
[2025-05-03T05:19:06.997-0300] {processor.py:161} INFO - Started process (PID=34525) to work on /home/facuvega/Descargas/crypto-etl-airflow/airflow-apache/lib/python3.11/site-packages/airflow/example_dags/example_bash_decorator.py
[2025-05-03T05:19:06.998-0300] {processor.py:830} INFO - Processing file /home/facuvega/Descargas/crypto-etl-airflow/airflow-apache/lib/python3.11/site-packages/airflow/example_dags/example_bash_decorator.py for tasks to queue
[2025-05-03T05:19:06.999-0300] {logging_mixin.py:188} INFO - [2025-05-03T05:19:06.999-0300] {dagbag.py:540} INFO - Filling up the DagBag from /home/facuvega/Descargas/crypto-etl-airflow/airflow-apache/lib/python3.11/site-packages/airflow/example_dags/example_bash_decorator.py
[2025-05-03T05:19:07.012-0300] {processor.py:840} INFO - DAG(s) 'example_bash_decorator' retrieved from /home/facuvega/Descargas/crypto-etl-airflow/airflow-apache/lib/python3.11/site-packages/airflow/example_dags/example_bash_decorator.py
[2025-05-03T05:19:07.027-0300] {logging_mixin.py:188} INFO - [2025-05-03T05:19:07.026-0300] {dag.py:3096} INFO - Sync 1 DAGs
[2025-05-03T05:19:07.036-0300] {logging_mixin.py:188} INFO - [2025-05-03T05:19:07.036-0300] {dag.py:3954} INFO - Setting next_dagrun for example_bash_decorator to None, run_after=None
[2025-05-03T05:19:07.051-0300] {processor.py:183} INFO - Processing /home/facuvega/Descargas/crypto-etl-airflow/airflow-apache/lib/python3.11/site-packages/airflow/example_dags/example_bash_decorator.py took 0.059 seconds
[2025-05-03T05:23:07.904-0300] {processor.py:161} INFO - Started process (PID=37276) to work on /home/facuvega/Descargas/crypto-etl-airflow/airflow-apache/lib/python3.11/site-packages/airflow/example_dags/example_bash_decorator.py
[2025-05-03T05:23:07.906-0300] {processor.py:830} INFO - Processing file /home/facuvega/Descargas/crypto-etl-airflow/airflow-apache/lib/python3.11/site-packages/airflow/example_dags/example_bash_decorator.py for tasks to queue
[2025-05-03T05:23:07.908-0300] {logging_mixin.py:188} INFO - [2025-05-03T05:23:07.907-0300] {dagbag.py:540} INFO - Filling up the DagBag from /home/facuvega/Descargas/crypto-etl-airflow/airflow-apache/lib/python3.11/site-packages/airflow/example_dags/example_bash_decorator.py
[2025-05-03T05:23:07.921-0300] {processor.py:840} INFO - DAG(s) 'example_bash_decorator' retrieved from /home/facuvega/Descargas/crypto-etl-airflow/airflow-apache/lib/python3.11/site-packages/airflow/example_dags/example_bash_decorator.py
[2025-05-03T05:23:08.006-0300] {logging_mixin.py:188} INFO - [2025-05-03T05:23:08.006-0300] {dag.py:3096} INFO - Sync 1 DAGs
[2025-05-03T05:23:08.021-0300] {logging_mixin.py:188} INFO - [2025-05-03T05:23:08.020-0300] {dag.py:3954} INFO - Setting next_dagrun for example_bash_decorator to None, run_after=None
[2025-05-03T05:23:08.043-0300] {processor.py:183} INFO - Processing /home/facuvega/Descargas/crypto-etl-airflow/airflow-apache/lib/python3.11/site-packages/airflow/example_dags/example_bash_decorator.py took 0.145 seconds
[2025-05-03T05:24:06.383-0300] {processor.py:161} INFO - Started process (PID=37970) to work on /home/facuvega/Descargas/crypto-etl-airflow/airflow-apache/lib/python3.11/site-packages/airflow/example_dags/example_bash_decorator.py
[2025-05-03T05:24:06.384-0300] {processor.py:830} INFO - Processing file /home/facuvega/Descargas/crypto-etl-airflow/airflow-apache/lib/python3.11/site-packages/airflow/example_dags/example_bash_decorator.py for tasks to queue
[2025-05-03T05:24:06.386-0300] {logging_mixin.py:188} INFO - [2025-05-03T05:24:06.385-0300] {dagbag.py:540} INFO - Filling up the DagBag from /home/facuvega/Descargas/crypto-etl-airflow/airflow-apache/lib/python3.11/site-packages/airflow/example_dags/example_bash_decorator.py
[2025-05-03T05:24:06.398-0300] {processor.py:840} INFO - DAG(s) 'example_bash_decorator' retrieved from /home/facuvega/Descargas/crypto-etl-airflow/airflow-apache/lib/python3.11/site-packages/airflow/example_dags/example_bash_decorator.py
[2025-05-03T05:24:06.414-0300] {logging_mixin.py:188} INFO - [2025-05-03T05:24:06.414-0300] {dag.py:3096} INFO - Sync 1 DAGs
[2025-05-03T05:24:06.427-0300] {logging_mixin.py:188} INFO - [2025-05-03T05:24:06.427-0300] {dag.py:3954} INFO - Setting next_dagrun for example_bash_decorator to None, run_after=None
[2025-05-03T05:24:06.445-0300] {processor.py:183} INFO - Processing /home/facuvega/Descargas/crypto-etl-airflow/airflow-apache/lib/python3.11/site-packages/airflow/example_dags/example_bash_decorator.py took 0.069 seconds
[2025-05-03T05:25:12.346-0300] {processor.py:161} INFO - Started process (PID=38743) to work on /home/facuvega/Descargas/crypto-etl-airflow/airflow-apache/lib/python3.11/site-packages/airflow/example_dags/example_bash_decorator.py
[2025-05-03T05:25:12.348-0300] {processor.py:830} INFO - Processing file /home/facuvega/Descargas/crypto-etl-airflow/airflow-apache/lib/python3.11/site-packages/airflow/example_dags/example_bash_decorator.py for tasks to queue
[2025-05-03T05:25:12.350-0300] {logging_mixin.py:188} INFO - [2025-05-03T05:25:12.349-0300] {dagbag.py:540} INFO - Filling up the DagBag from /home/facuvega/Descargas/crypto-etl-airflow/airflow-apache/lib/python3.11/site-packages/airflow/example_dags/example_bash_decorator.py
[2025-05-03T05:25:12.364-0300] {processor.py:840} INFO - DAG(s) 'example_bash_decorator' retrieved from /home/facuvega/Descargas/crypto-etl-airflow/airflow-apache/lib/python3.11/site-packages/airflow/example_dags/example_bash_decorator.py
[2025-05-03T05:25:12.382-0300] {logging_mixin.py:188} INFO - [2025-05-03T05:25:12.382-0300] {dag.py:3096} INFO - Sync 1 DAGs
[2025-05-03T05:25:12.393-0300] {logging_mixin.py:188} INFO - [2025-05-03T05:25:12.393-0300] {dag.py:3954} INFO - Setting next_dagrun for example_bash_decorator to None, run_after=None
[2025-05-03T05:25:12.408-0300] {processor.py:183} INFO - Processing /home/facuvega/Descargas/crypto-etl-airflow/airflow-apache/lib/python3.11/site-packages/airflow/example_dags/example_bash_decorator.py took 0.069 seconds
[2025-05-03T05:26:19.152-0300] {processor.py:161} INFO - Started process (PID=39256) to work on /home/facuvega/Descargas/crypto-etl-airflow/airflow-apache/lib/python3.11/site-packages/airflow/example_dags/example_bash_decorator.py
[2025-05-03T05:26:19.153-0300] {processor.py:830} INFO - Processing file /home/facuvega/Descargas/crypto-etl-airflow/airflow-apache/lib/python3.11/site-packages/airflow/example_dags/example_bash_decorator.py for tasks to queue
[2025-05-03T05:26:19.155-0300] {logging_mixin.py:188} INFO - [2025-05-03T05:26:19.155-0300] {dagbag.py:540} INFO - Filling up the DagBag from /home/facuvega/Descargas/crypto-etl-airflow/airflow-apache/lib/python3.11/site-packages/airflow/example_dags/example_bash_decorator.py
[2025-05-03T05:26:19.167-0300] {processor.py:840} INFO - DAG(s) 'example_bash_decorator' retrieved from /home/facuvega/Descargas/crypto-etl-airflow/airflow-apache/lib/python3.11/site-packages/airflow/example_dags/example_bash_decorator.py
[2025-05-03T05:26:19.182-0300] {logging_mixin.py:188} INFO - [2025-05-03T05:26:19.181-0300] {dag.py:3096} INFO - Sync 1 DAGs
[2025-05-03T05:26:19.190-0300] {logging_mixin.py:188} INFO - [2025-05-03T05:26:19.190-0300] {dag.py:3954} INFO - Setting next_dagrun for example_bash_decorator to None, run_after=None
[2025-05-03T05:26:19.204-0300] {processor.py:183} INFO - Processing /home/facuvega/Descargas/crypto-etl-airflow/airflow-apache/lib/python3.11/site-packages/airflow/example_dags/example_bash_decorator.py took 0.056 seconds
[2025-05-03T05:27:25.730-0300] {processor.py:161} INFO - Started process (PID=39689) to work on /home/facuvega/Descargas/crypto-etl-airflow/airflow-apache/lib/python3.11/site-packages/airflow/example_dags/example_bash_decorator.py
[2025-05-03T05:27:25.731-0300] {processor.py:830} INFO - Processing file /home/facuvega/Descargas/crypto-etl-airflow/airflow-apache/lib/python3.11/site-packages/airflow/example_dags/example_bash_decorator.py for tasks to queue
[2025-05-03T05:27:25.732-0300] {logging_mixin.py:188} INFO - [2025-05-03T05:27:25.732-0300] {dagbag.py:540} INFO - Filling up the DagBag from /home/facuvega/Descargas/crypto-etl-airflow/airflow-apache/lib/python3.11/site-packages/airflow/example_dags/example_bash_decorator.py
[2025-05-03T05:27:25.745-0300] {processor.py:840} INFO - DAG(s) 'example_bash_decorator' retrieved from /home/facuvega/Descargas/crypto-etl-airflow/airflow-apache/lib/python3.11/site-packages/airflow/example_dags/example_bash_decorator.py
[2025-05-03T05:27:25.759-0300] {logging_mixin.py:188} INFO - [2025-05-03T05:27:25.759-0300] {dag.py:3096} INFO - Sync 1 DAGs
[2025-05-03T05:27:25.768-0300] {logging_mixin.py:188} INFO - [2025-05-03T05:27:25.768-0300] {dag.py:3954} INFO - Setting next_dagrun for example_bash_decorator to None, run_after=None
[2025-05-03T05:27:25.780-0300] {processor.py:183} INFO - Processing /home/facuvega/Descargas/crypto-etl-airflow/airflow-apache/lib/python3.11/site-packages/airflow/example_dags/example_bash_decorator.py took 0.056 seconds
[2025-05-03T05:28:48.077-0300] {processor.py:161} INFO - Started process (PID=40219) to work on /home/facuvega/Descargas/crypto-etl-airflow/airflow-apache/lib/python3.11/site-packages/airflow/example_dags/example_bash_decorator.py
[2025-05-03T05:28:48.078-0300] {processor.py:830} INFO - Processing file /home/facuvega/Descargas/crypto-etl-airflow/airflow-apache/lib/python3.11/site-packages/airflow/example_dags/example_bash_decorator.py for tasks to queue
[2025-05-03T05:28:48.080-0300] {logging_mixin.py:188} INFO - [2025-05-03T05:28:48.079-0300] {dagbag.py:540} INFO - Filling up the DagBag from /home/facuvega/Descargas/crypto-etl-airflow/airflow-apache/lib/python3.11/site-packages/airflow/example_dags/example_bash_decorator.py
[2025-05-03T05:28:48.095-0300] {processor.py:840} INFO - DAG(s) 'example_bash_decorator' retrieved from /home/facuvega/Descargas/crypto-etl-airflow/airflow-apache/lib/python3.11/site-packages/airflow/example_dags/example_bash_decorator.py
[2025-05-03T05:28:48.115-0300] {logging_mixin.py:188} INFO - [2025-05-03T05:28:48.114-0300] {dag.py:3096} INFO - Sync 1 DAGs
[2025-05-03T05:28:48.127-0300] {logging_mixin.py:188} INFO - [2025-05-03T05:28:48.126-0300] {dag.py:3954} INFO - Setting next_dagrun for example_bash_decorator to None, run_after=None
[2025-05-03T05:28:48.147-0300] {processor.py:183} INFO - Processing /home/facuvega/Descargas/crypto-etl-airflow/airflow-apache/lib/python3.11/site-packages/airflow/example_dags/example_bash_decorator.py took 0.078 seconds
[2025-05-03T05:29:51.512-0300] {processor.py:161} INFO - Started process (PID=40514) to work on /home/facuvega/Descargas/crypto-etl-airflow/airflow-apache/lib/python3.11/site-packages/airflow/example_dags/example_bash_decorator.py
[2025-05-03T05:29:51.513-0300] {processor.py:830} INFO - Processing file /home/facuvega/Descargas/crypto-etl-airflow/airflow-apache/lib/python3.11/site-packages/airflow/example_dags/example_bash_decorator.py for tasks to queue
[2025-05-03T05:29:51.515-0300] {logging_mixin.py:188} INFO - [2025-05-03T05:29:51.514-0300] {dagbag.py:540} INFO - Filling up the DagBag from /home/facuvega/Descargas/crypto-etl-airflow/airflow-apache/lib/python3.11/site-packages/airflow/example_dags/example_bash_decorator.py
[2025-05-03T05:29:51.536-0300] {processor.py:840} INFO - DAG(s) 'example_bash_decorator' retrieved from /home/facuvega/Descargas/crypto-etl-airflow/airflow-apache/lib/python3.11/site-packages/airflow/example_dags/example_bash_decorator.py
[2025-05-03T05:29:51.557-0300] {logging_mixin.py:188} INFO - [2025-05-03T05:29:51.557-0300] {dag.py:3096} INFO - Sync 1 DAGs
[2025-05-03T05:29:51.571-0300] {logging_mixin.py:188} INFO - [2025-05-03T05:29:51.571-0300] {dag.py:3954} INFO - Setting next_dagrun for example_bash_decorator to None, run_after=None
[2025-05-03T05:29:51.593-0300] {processor.py:183} INFO - Processing /home/facuvega/Descargas/crypto-etl-airflow/airflow-apache/lib/python3.11/site-packages/airflow/example_dags/example_bash_decorator.py took 0.090 seconds
[2025-05-03T05:30:52.943-0300] {processor.py:161} INFO - Started process (PID=40798) to work on /home/facuvega/Descargas/crypto-etl-airflow/airflow-apache/lib/python3.11/site-packages/airflow/example_dags/example_bash_decorator.py
[2025-05-03T05:30:52.944-0300] {processor.py:830} INFO - Processing file /home/facuvega/Descargas/crypto-etl-airflow/airflow-apache/lib/python3.11/site-packages/airflow/example_dags/example_bash_decorator.py for tasks to queue
[2025-05-03T05:30:52.946-0300] {logging_mixin.py:188} INFO - [2025-05-03T05:30:52.945-0300] {dagbag.py:540} INFO - Filling up the DagBag from /home/facuvega/Descargas/crypto-etl-airflow/airflow-apache/lib/python3.11/site-packages/airflow/example_dags/example_bash_decorator.py
[2025-05-03T05:30:52.958-0300] {processor.py:840} INFO - DAG(s) 'example_bash_decorator' retrieved from /home/facuvega/Descargas/crypto-etl-airflow/airflow-apache/lib/python3.11/site-packages/airflow/example_dags/example_bash_decorator.py
[2025-05-03T05:30:52.973-0300] {logging_mixin.py:188} INFO - [2025-05-03T05:30:52.973-0300] {dag.py:3096} INFO - Sync 1 DAGs
[2025-05-03T05:30:52.982-0300] {logging_mixin.py:188} INFO - [2025-05-03T05:30:52.981-0300] {dag.py:3954} INFO - Setting next_dagrun for example_bash_decorator to None, run_after=None
[2025-05-03T05:30:52.995-0300] {processor.py:183} INFO - Processing /home/facuvega/Descargas/crypto-etl-airflow/airflow-apache/lib/python3.11/site-packages/airflow/example_dags/example_bash_decorator.py took 0.058 seconds
[2025-05-03T05:31:55.105-0300] {processor.py:161} INFO - Started process (PID=41113) to work on /home/facuvega/Descargas/crypto-etl-airflow/airflow-apache/lib/python3.11/site-packages/airflow/example_dags/example_bash_decorator.py
[2025-05-03T05:31:55.106-0300] {processor.py:830} INFO - Processing file /home/facuvega/Descargas/crypto-etl-airflow/airflow-apache/lib/python3.11/site-packages/airflow/example_dags/example_bash_decorator.py for tasks to queue
[2025-05-03T05:31:55.108-0300] {logging_mixin.py:188} INFO - [2025-05-03T05:31:55.108-0300] {dagbag.py:540} INFO - Filling up the DagBag from /home/facuvega/Descargas/crypto-etl-airflow/airflow-apache/lib/python3.11/site-packages/airflow/example_dags/example_bash_decorator.py
[2025-05-03T05:31:55.125-0300] {processor.py:840} INFO - DAG(s) 'example_bash_decorator' retrieved from /home/facuvega/Descargas/crypto-etl-airflow/airflow-apache/lib/python3.11/site-packages/airflow/example_dags/example_bash_decorator.py
[2025-05-03T05:31:55.146-0300] {logging_mixin.py:188} INFO - [2025-05-03T05:31:55.146-0300] {dag.py:3096} INFO - Sync 1 DAGs
[2025-05-03T05:31:55.159-0300] {logging_mixin.py:188} INFO - [2025-05-03T05:31:55.159-0300] {dag.py:3954} INFO - Setting next_dagrun for example_bash_decorator to None, run_after=None
[2025-05-03T05:31:55.178-0300] {processor.py:183} INFO - Processing /home/facuvega/Descargas/crypto-etl-airflow/airflow-apache/lib/python3.11/site-packages/airflow/example_dags/example_bash_decorator.py took 0.083 seconds
[2025-05-03T05:34:02.211-0300] {processor.py:161} INFO - Started process (PID=42071) to work on /home/facuvega/Descargas/crypto-etl-airflow/airflow-apache/lib/python3.11/site-packages/airflow/example_dags/example_bash_decorator.py
[2025-05-03T05:34:02.212-0300] {processor.py:830} INFO - Processing file /home/facuvega/Descargas/crypto-etl-airflow/airflow-apache/lib/python3.11/site-packages/airflow/example_dags/example_bash_decorator.py for tasks to queue
[2025-05-03T05:34:02.214-0300] {logging_mixin.py:188} INFO - [2025-05-03T05:34:02.214-0300] {dagbag.py:540} INFO - Filling up the DagBag from /home/facuvega/Descargas/crypto-etl-airflow/airflow-apache/lib/python3.11/site-packages/airflow/example_dags/example_bash_decorator.py
[2025-05-03T05:34:02.226-0300] {processor.py:840} INFO - DAG(s) 'example_bash_decorator' retrieved from /home/facuvega/Descargas/crypto-etl-airflow/airflow-apache/lib/python3.11/site-packages/airflow/example_dags/example_bash_decorator.py
[2025-05-03T05:34:02.296-0300] {logging_mixin.py:188} INFO - [2025-05-03T05:34:02.296-0300] {dag.py:3096} INFO - Sync 1 DAGs
[2025-05-03T05:34:02.302-0300] {logging_mixin.py:188} INFO - [2025-05-03T05:34:02.302-0300] {dag.py:3954} INFO - Setting next_dagrun for example_bash_decorator to None, run_after=None
[2025-05-03T05:34:02.315-0300] {processor.py:183} INFO - Processing /home/facuvega/Descargas/crypto-etl-airflow/airflow-apache/lib/python3.11/site-packages/airflow/example_dags/example_bash_decorator.py took 0.110 seconds
[2025-05-03T05:35:41.087-0300] {processor.py:161} INFO - Started process (PID=43343) to work on /home/facuvega/Descargas/crypto-etl-airflow/airflow-apache/lib/python3.11/site-packages/airflow/example_dags/example_bash_decorator.py
[2025-05-03T05:35:41.088-0300] {processor.py:830} INFO - Processing file /home/facuvega/Descargas/crypto-etl-airflow/airflow-apache/lib/python3.11/site-packages/airflow/example_dags/example_bash_decorator.py for tasks to queue
[2025-05-03T05:35:41.090-0300] {logging_mixin.py:188} INFO - [2025-05-03T05:35:41.089-0300] {dagbag.py:540} INFO - Filling up the DagBag from /home/facuvega/Descargas/crypto-etl-airflow/airflow-apache/lib/python3.11/site-packages/airflow/example_dags/example_bash_decorator.py
[2025-05-03T05:35:41.105-0300] {processor.py:840} INFO - DAG(s) 'example_bash_decorator' retrieved from /home/facuvega/Descargas/crypto-etl-airflow/airflow-apache/lib/python3.11/site-packages/airflow/example_dags/example_bash_decorator.py
[2025-05-03T05:35:41.123-0300] {logging_mixin.py:188} INFO - [2025-05-03T05:35:41.123-0300] {dag.py:3096} INFO - Sync 1 DAGs
[2025-05-03T05:35:41.135-0300] {logging_mixin.py:188} INFO - [2025-05-03T05:35:41.135-0300] {dag.py:3954} INFO - Setting next_dagrun for example_bash_decorator to None, run_after=None
[2025-05-03T05:35:41.152-0300] {processor.py:183} INFO - Processing /home/facuvega/Descargas/crypto-etl-airflow/airflow-apache/lib/python3.11/site-packages/airflow/example_dags/example_bash_decorator.py took 0.072 seconds
[2025-05-03T05:36:46.078-0300] {processor.py:161} INFO - Started process (PID=44120) to work on /home/facuvega/Descargas/crypto-etl-airflow/airflow-apache/lib/python3.11/site-packages/airflow/example_dags/example_bash_decorator.py
[2025-05-03T05:36:46.079-0300] {processor.py:830} INFO - Processing file /home/facuvega/Descargas/crypto-etl-airflow/airflow-apache/lib/python3.11/site-packages/airflow/example_dags/example_bash_decorator.py for tasks to queue
[2025-05-03T05:36:46.082-0300] {logging_mixin.py:188} INFO - [2025-05-03T05:36:46.081-0300] {dagbag.py:540} INFO - Filling up the DagBag from /home/facuvega/Descargas/crypto-etl-airflow/airflow-apache/lib/python3.11/site-packages/airflow/example_dags/example_bash_decorator.py
[2025-05-03T05:36:46.100-0300] {processor.py:840} INFO - DAG(s) 'example_bash_decorator' retrieved from /home/facuvega/Descargas/crypto-etl-airflow/airflow-apache/lib/python3.11/site-packages/airflow/example_dags/example_bash_decorator.py
[2025-05-03T05:36:46.118-0300] {logging_mixin.py:188} INFO - [2025-05-03T05:36:46.118-0300] {dag.py:3096} INFO - Sync 1 DAGs
[2025-05-03T05:36:46.132-0300] {logging_mixin.py:188} INFO - [2025-05-03T05:36:46.131-0300] {dag.py:3954} INFO - Setting next_dagrun for example_bash_decorator to None, run_after=None
[2025-05-03T05:36:46.149-0300] {processor.py:183} INFO - Processing /home/facuvega/Descargas/crypto-etl-airflow/airflow-apache/lib/python3.11/site-packages/airflow/example_dags/example_bash_decorator.py took 0.079 seconds
[2025-05-03T05:37:48.346-0300] {processor.py:161} INFO - Started process (PID=44875) to work on /home/facuvega/Descargas/crypto-etl-airflow/airflow-apache/lib/python3.11/site-packages/airflow/example_dags/example_bash_decorator.py
[2025-05-03T05:37:48.347-0300] {processor.py:830} INFO - Processing file /home/facuvega/Descargas/crypto-etl-airflow/airflow-apache/lib/python3.11/site-packages/airflow/example_dags/example_bash_decorator.py for tasks to queue
[2025-05-03T05:37:48.349-0300] {logging_mixin.py:188} INFO - [2025-05-03T05:37:48.349-0300] {dagbag.py:540} INFO - Filling up the DagBag from /home/facuvega/Descargas/crypto-etl-airflow/airflow-apache/lib/python3.11/site-packages/airflow/example_dags/example_bash_decorator.py
[2025-05-03T05:37:48.363-0300] {processor.py:840} INFO - DAG(s) 'example_bash_decorator' retrieved from /home/facuvega/Descargas/crypto-etl-airflow/airflow-apache/lib/python3.11/site-packages/airflow/example_dags/example_bash_decorator.py
[2025-05-03T05:37:48.380-0300] {logging_mixin.py:188} INFO - [2025-05-03T05:37:48.380-0300] {dag.py:3096} INFO - Sync 1 DAGs
[2025-05-03T05:37:48.390-0300] {logging_mixin.py:188} INFO - [2025-05-03T05:37:48.390-0300] {dag.py:3954} INFO - Setting next_dagrun for example_bash_decorator to None, run_after=None
[2025-05-03T05:37:48.407-0300] {processor.py:183} INFO - Processing /home/facuvega/Descargas/crypto-etl-airflow/airflow-apache/lib/python3.11/site-packages/airflow/example_dags/example_bash_decorator.py took 0.069 seconds
[2025-05-03T05:38:53.116-0300] {processor.py:161} INFO - Started process (PID=45667) to work on /home/facuvega/Descargas/crypto-etl-airflow/airflow-apache/lib/python3.11/site-packages/airflow/example_dags/example_bash_decorator.py
[2025-05-03T05:38:53.117-0300] {processor.py:830} INFO - Processing file /home/facuvega/Descargas/crypto-etl-airflow/airflow-apache/lib/python3.11/site-packages/airflow/example_dags/example_bash_decorator.py for tasks to queue
[2025-05-03T05:38:53.121-0300] {logging_mixin.py:188} INFO - [2025-05-03T05:38:53.120-0300] {dagbag.py:540} INFO - Filling up the DagBag from /home/facuvega/Descargas/crypto-etl-airflow/airflow-apache/lib/python3.11/site-packages/airflow/example_dags/example_bash_decorator.py
[2025-05-03T05:38:53.136-0300] {processor.py:840} INFO - DAG(s) 'example_bash_decorator' retrieved from /home/facuvega/Descargas/crypto-etl-airflow/airflow-apache/lib/python3.11/site-packages/airflow/example_dags/example_bash_decorator.py
[2025-05-03T05:38:53.154-0300] {logging_mixin.py:188} INFO - [2025-05-03T05:38:53.153-0300] {dag.py:3096} INFO - Sync 1 DAGs
[2025-05-03T05:38:53.164-0300] {logging_mixin.py:188} INFO - [2025-05-03T05:38:53.163-0300] {dag.py:3954} INFO - Setting next_dagrun for example_bash_decorator to None, run_after=None
[2025-05-03T05:38:53.179-0300] {processor.py:183} INFO - Processing /home/facuvega/Descargas/crypto-etl-airflow/airflow-apache/lib/python3.11/site-packages/airflow/example_dags/example_bash_decorator.py took 0.070 seconds
[2025-05-03T05:40:04.330-0300] {processor.py:161} INFO - Started process (PID=46257) to work on /home/facuvega/Descargas/crypto-etl-airflow/airflow-apache/lib/python3.11/site-packages/airflow/example_dags/example_bash_decorator.py
[2025-05-03T05:40:04.331-0300] {processor.py:830} INFO - Processing file /home/facuvega/Descargas/crypto-etl-airflow/airflow-apache/lib/python3.11/site-packages/airflow/example_dags/example_bash_decorator.py for tasks to queue
[2025-05-03T05:40:04.333-0300] {logging_mixin.py:188} INFO - [2025-05-03T05:40:04.333-0300] {dagbag.py:540} INFO - Filling up the DagBag from /home/facuvega/Descargas/crypto-etl-airflow/airflow-apache/lib/python3.11/site-packages/airflow/example_dags/example_bash_decorator.py
[2025-05-03T05:40:04.347-0300] {processor.py:840} INFO - DAG(s) 'example_bash_decorator' retrieved from /home/facuvega/Descargas/crypto-etl-airflow/airflow-apache/lib/python3.11/site-packages/airflow/example_dags/example_bash_decorator.py
[2025-05-03T05:40:04.364-0300] {logging_mixin.py:188} INFO - [2025-05-03T05:40:04.364-0300] {dag.py:3096} INFO - Sync 1 DAGs
[2025-05-03T05:40:04.375-0300] {logging_mixin.py:188} INFO - [2025-05-03T05:40:04.374-0300] {dag.py:3954} INFO - Setting next_dagrun for example_bash_decorator to None, run_after=None
[2025-05-03T05:40:04.391-0300] {processor.py:183} INFO - Processing /home/facuvega/Descargas/crypto-etl-airflow/airflow-apache/lib/python3.11/site-packages/airflow/example_dags/example_bash_decorator.py took 0.073 seconds
[2025-05-03T05:41:10.672-0300] {processor.py:161} INFO - Started process (PID=46555) to work on /home/facuvega/Descargas/crypto-etl-airflow/airflow-apache/lib/python3.11/site-packages/airflow/example_dags/example_bash_decorator.py
[2025-05-03T05:41:10.673-0300] {processor.py:830} INFO - Processing file /home/facuvega/Descargas/crypto-etl-airflow/airflow-apache/lib/python3.11/site-packages/airflow/example_dags/example_bash_decorator.py for tasks to queue
[2025-05-03T05:41:10.675-0300] {logging_mixin.py:188} INFO - [2025-05-03T05:41:10.674-0300] {dagbag.py:540} INFO - Filling up the DagBag from /home/facuvega/Descargas/crypto-etl-airflow/airflow-apache/lib/python3.11/site-packages/airflow/example_dags/example_bash_decorator.py
[2025-05-03T05:41:10.690-0300] {processor.py:840} INFO - DAG(s) 'example_bash_decorator' retrieved from /home/facuvega/Descargas/crypto-etl-airflow/airflow-apache/lib/python3.11/site-packages/airflow/example_dags/example_bash_decorator.py
[2025-05-03T05:41:10.722-0300] {logging_mixin.py:188} INFO - [2025-05-03T05:41:10.722-0300] {dag.py:3096} INFO - Sync 1 DAGs
[2025-05-03T05:41:10.745-0300] {logging_mixin.py:188} INFO - [2025-05-03T05:41:10.744-0300] {dag.py:3954} INFO - Setting next_dagrun for example_bash_decorator to None, run_after=None
[2025-05-03T05:41:10.780-0300] {processor.py:183} INFO - Processing /home/facuvega/Descargas/crypto-etl-airflow/airflow-apache/lib/python3.11/site-packages/airflow/example_dags/example_bash_decorator.py took 0.114 seconds
[2025-05-03T05:42:10.405-0300] {processor.py:161} INFO - Started process (PID=46842) to work on /home/facuvega/Descargas/crypto-etl-airflow/airflow-apache/lib/python3.11/site-packages/airflow/example_dags/example_bash_decorator.py
[2025-05-03T05:42:10.406-0300] {processor.py:830} INFO - Processing file /home/facuvega/Descargas/crypto-etl-airflow/airflow-apache/lib/python3.11/site-packages/airflow/example_dags/example_bash_decorator.py for tasks to queue
[2025-05-03T05:42:10.408-0300] {logging_mixin.py:188} INFO - [2025-05-03T05:42:10.408-0300] {dagbag.py:540} INFO - Filling up the DagBag from /home/facuvega/Descargas/crypto-etl-airflow/airflow-apache/lib/python3.11/site-packages/airflow/example_dags/example_bash_decorator.py
[2025-05-03T05:42:10.420-0300] {processor.py:840} INFO - DAG(s) 'example_bash_decorator' retrieved from /home/facuvega/Descargas/crypto-etl-airflow/airflow-apache/lib/python3.11/site-packages/airflow/example_dags/example_bash_decorator.py
[2025-05-03T05:42:10.435-0300] {logging_mixin.py:188} INFO - [2025-05-03T05:42:10.435-0300] {dag.py:3096} INFO - Sync 1 DAGs
[2025-05-03T05:42:10.444-0300] {logging_mixin.py:188} INFO - [2025-05-03T05:42:10.444-0300] {dag.py:3954} INFO - Setting next_dagrun for example_bash_decorator to None, run_after=None
[2025-05-03T05:42:10.458-0300] {processor.py:183} INFO - Processing /home/facuvega/Descargas/crypto-etl-airflow/airflow-apache/lib/python3.11/site-packages/airflow/example_dags/example_bash_decorator.py took 0.058 seconds
[2025-05-03T05:43:19.346-0300] {processor.py:161} INFO - Started process (PID=47236) to work on /home/facuvega/Descargas/crypto-etl-airflow/airflow-apache/lib/python3.11/site-packages/airflow/example_dags/example_bash_decorator.py
[2025-05-03T05:43:19.347-0300] {processor.py:830} INFO - Processing file /home/facuvega/Descargas/crypto-etl-airflow/airflow-apache/lib/python3.11/site-packages/airflow/example_dags/example_bash_decorator.py for tasks to queue
[2025-05-03T05:43:19.349-0300] {logging_mixin.py:188} INFO - [2025-05-03T05:43:19.348-0300] {dagbag.py:540} INFO - Filling up the DagBag from /home/facuvega/Descargas/crypto-etl-airflow/airflow-apache/lib/python3.11/site-packages/airflow/example_dags/example_bash_decorator.py
[2025-05-03T05:43:19.364-0300] {processor.py:840} INFO - DAG(s) 'example_bash_decorator' retrieved from /home/facuvega/Descargas/crypto-etl-airflow/airflow-apache/lib/python3.11/site-packages/airflow/example_dags/example_bash_decorator.py
[2025-05-03T05:43:19.382-0300] {logging_mixin.py:188} INFO - [2025-05-03T05:43:19.382-0300] {dag.py:3096} INFO - Sync 1 DAGs
[2025-05-03T05:43:19.402-0300] {logging_mixin.py:188} INFO - [2025-05-03T05:43:19.401-0300] {dag.py:3954} INFO - Setting next_dagrun for example_bash_decorator to None, run_after=None
[2025-05-03T05:43:19.453-0300] {processor.py:183} INFO - Processing /home/facuvega/Descargas/crypto-etl-airflow/airflow-apache/lib/python3.11/site-packages/airflow/example_dags/example_bash_decorator.py took 0.113 seconds
[2025-05-03T05:44:32.785-0300] {processor.py:161} INFO - Started process (PID=47567) to work on /home/facuvega/Descargas/crypto-etl-airflow/airflow-apache/lib/python3.11/site-packages/airflow/example_dags/example_bash_decorator.py
[2025-05-03T05:44:32.786-0300] {processor.py:830} INFO - Processing file /home/facuvega/Descargas/crypto-etl-airflow/airflow-apache/lib/python3.11/site-packages/airflow/example_dags/example_bash_decorator.py for tasks to queue
[2025-05-03T05:44:32.788-0300] {logging_mixin.py:188} INFO - [2025-05-03T05:44:32.787-0300] {dagbag.py:540} INFO - Filling up the DagBag from /home/facuvega/Descargas/crypto-etl-airflow/airflow-apache/lib/python3.11/site-packages/airflow/example_dags/example_bash_decorator.py
[2025-05-03T05:44:32.800-0300] {processor.py:840} INFO - DAG(s) 'example_bash_decorator' retrieved from /home/facuvega/Descargas/crypto-etl-airflow/airflow-apache/lib/python3.11/site-packages/airflow/example_dags/example_bash_decorator.py
[2025-05-03T05:44:32.815-0300] {logging_mixin.py:188} INFO - [2025-05-03T05:44:32.815-0300] {dag.py:3096} INFO - Sync 1 DAGs
[2025-05-03T05:44:32.824-0300] {logging_mixin.py:188} INFO - [2025-05-03T05:44:32.824-0300] {dag.py:3954} INFO - Setting next_dagrun for example_bash_decorator to None, run_after=None
[2025-05-03T05:44:32.838-0300] {processor.py:183} INFO - Processing /home/facuvega/Descargas/crypto-etl-airflow/airflow-apache/lib/python3.11/site-packages/airflow/example_dags/example_bash_decorator.py took 0.059 seconds
[2025-05-03T05:45:33.973-0300] {processor.py:161} INFO - Started process (PID=47846) to work on /home/facuvega/Descargas/crypto-etl-airflow/airflow-apache/lib/python3.11/site-packages/airflow/example_dags/example_bash_decorator.py
[2025-05-03T05:45:33.974-0300] {processor.py:830} INFO - Processing file /home/facuvega/Descargas/crypto-etl-airflow/airflow-apache/lib/python3.11/site-packages/airflow/example_dags/example_bash_decorator.py for tasks to queue
[2025-05-03T05:45:33.976-0300] {logging_mixin.py:188} INFO - [2025-05-03T05:45:33.975-0300] {dagbag.py:540} INFO - Filling up the DagBag from /home/facuvega/Descargas/crypto-etl-airflow/airflow-apache/lib/python3.11/site-packages/airflow/example_dags/example_bash_decorator.py
[2025-05-03T05:45:33.988-0300] {processor.py:840} INFO - DAG(s) 'example_bash_decorator' retrieved from /home/facuvega/Descargas/crypto-etl-airflow/airflow-apache/lib/python3.11/site-packages/airflow/example_dags/example_bash_decorator.py
[2025-05-03T05:45:34.003-0300] {logging_mixin.py:188} INFO - [2025-05-03T05:45:34.003-0300] {dag.py:3096} INFO - Sync 1 DAGs
[2025-05-03T05:45:34.012-0300] {logging_mixin.py:188} INFO - [2025-05-03T05:45:34.012-0300] {dag.py:3954} INFO - Setting next_dagrun for example_bash_decorator to None, run_after=None
[2025-05-03T05:45:34.025-0300] {processor.py:183} INFO - Processing /home/facuvega/Descargas/crypto-etl-airflow/airflow-apache/lib/python3.11/site-packages/airflow/example_dags/example_bash_decorator.py took 0.058 seconds
[2025-05-03T05:46:35.816-0300] {processor.py:161} INFO - Started process (PID=48132) to work on /home/facuvega/Descargas/crypto-etl-airflow/airflow-apache/lib/python3.11/site-packages/airflow/example_dags/example_bash_decorator.py
[2025-05-03T05:46:35.817-0300] {processor.py:830} INFO - Processing file /home/facuvega/Descargas/crypto-etl-airflow/airflow-apache/lib/python3.11/site-packages/airflow/example_dags/example_bash_decorator.py for tasks to queue
[2025-05-03T05:46:35.819-0300] {logging_mixin.py:188} INFO - [2025-05-03T05:46:35.819-0300] {dagbag.py:540} INFO - Filling up the DagBag from /home/facuvega/Descargas/crypto-etl-airflow/airflow-apache/lib/python3.11/site-packages/airflow/example_dags/example_bash_decorator.py
[2025-05-03T05:46:35.831-0300] {processor.py:840} INFO - DAG(s) 'example_bash_decorator' retrieved from /home/facuvega/Descargas/crypto-etl-airflow/airflow-apache/lib/python3.11/site-packages/airflow/example_dags/example_bash_decorator.py
[2025-05-03T05:46:35.846-0300] {logging_mixin.py:188} INFO - [2025-05-03T05:46:35.846-0300] {dag.py:3096} INFO - Sync 1 DAGs
[2025-05-03T05:46:35.857-0300] {logging_mixin.py:188} INFO - [2025-05-03T05:46:35.857-0300] {dag.py:3954} INFO - Setting next_dagrun for example_bash_decorator to None, run_after=None
[2025-05-03T05:46:35.871-0300] {processor.py:183} INFO - Processing /home/facuvega/Descargas/crypto-etl-airflow/airflow-apache/lib/python3.11/site-packages/airflow/example_dags/example_bash_decorator.py took 0.061 seconds
[2025-05-03T05:47:41.428-0300] {processor.py:161} INFO - Started process (PID=48420) to work on /home/facuvega/Descargas/crypto-etl-airflow/airflow-apache/lib/python3.11/site-packages/airflow/example_dags/example_bash_decorator.py
[2025-05-03T05:47:41.430-0300] {processor.py:830} INFO - Processing file /home/facuvega/Descargas/crypto-etl-airflow/airflow-apache/lib/python3.11/site-packages/airflow/example_dags/example_bash_decorator.py for tasks to queue
[2025-05-03T05:47:41.432-0300] {logging_mixin.py:188} INFO - [2025-05-03T05:47:41.432-0300] {dagbag.py:540} INFO - Filling up the DagBag from /home/facuvega/Descargas/crypto-etl-airflow/airflow-apache/lib/python3.11/site-packages/airflow/example_dags/example_bash_decorator.py
[2025-05-03T05:47:41.444-0300] {processor.py:840} INFO - DAG(s) 'example_bash_decorator' retrieved from /home/facuvega/Descargas/crypto-etl-airflow/airflow-apache/lib/python3.11/site-packages/airflow/example_dags/example_bash_decorator.py
[2025-05-03T05:47:41.458-0300] {logging_mixin.py:188} INFO - [2025-05-03T05:47:41.458-0300] {dag.py:3096} INFO - Sync 1 DAGs
[2025-05-03T05:47:41.469-0300] {logging_mixin.py:188} INFO - [2025-05-03T05:47:41.469-0300] {dag.py:3954} INFO - Setting next_dagrun for example_bash_decorator to None, run_after=None
[2025-05-03T05:47:41.483-0300] {processor.py:183} INFO - Processing /home/facuvega/Descargas/crypto-etl-airflow/airflow-apache/lib/python3.11/site-packages/airflow/example_dags/example_bash_decorator.py took 0.061 seconds
[2025-05-03T05:48:42.509-0300] {processor.py:161} INFO - Started process (PID=48725) to work on /home/facuvega/Descargas/crypto-etl-airflow/airflow-apache/lib/python3.11/site-packages/airflow/example_dags/example_bash_decorator.py
[2025-05-03T05:48:42.510-0300] {processor.py:830} INFO - Processing file /home/facuvega/Descargas/crypto-etl-airflow/airflow-apache/lib/python3.11/site-packages/airflow/example_dags/example_bash_decorator.py for tasks to queue
[2025-05-03T05:48:42.512-0300] {logging_mixin.py:188} INFO - [2025-05-03T05:48:42.511-0300] {dagbag.py:540} INFO - Filling up the DagBag from /home/facuvega/Descargas/crypto-etl-airflow/airflow-apache/lib/python3.11/site-packages/airflow/example_dags/example_bash_decorator.py
[2025-05-03T05:48:42.524-0300] {processor.py:840} INFO - DAG(s) 'example_bash_decorator' retrieved from /home/facuvega/Descargas/crypto-etl-airflow/airflow-apache/lib/python3.11/site-packages/airflow/example_dags/example_bash_decorator.py
[2025-05-03T05:48:42.539-0300] {logging_mixin.py:188} INFO - [2025-05-03T05:48:42.539-0300] {dag.py:3096} INFO - Sync 1 DAGs
[2025-05-03T05:48:42.549-0300] {logging_mixin.py:188} INFO - [2025-05-03T05:48:42.548-0300] {dag.py:3954} INFO - Setting next_dagrun for example_bash_decorator to None, run_after=None
[2025-05-03T05:48:42.565-0300] {processor.py:183} INFO - Processing /home/facuvega/Descargas/crypto-etl-airflow/airflow-apache/lib/python3.11/site-packages/airflow/example_dags/example_bash_decorator.py took 0.062 seconds
[2025-05-03T05:49:39.643-0300] {processor.py:161} INFO - Started process (PID=49176) to work on /home/facuvega/Descargas/crypto-etl-airflow/airflow-apache/lib/python3.11/site-packages/airflow/example_dags/example_bash_decorator.py
[2025-05-03T05:49:39.644-0300] {processor.py:830} INFO - Processing file /home/facuvega/Descargas/crypto-etl-airflow/airflow-apache/lib/python3.11/site-packages/airflow/example_dags/example_bash_decorator.py for tasks to queue
[2025-05-03T05:49:39.646-0300] {logging_mixin.py:188} INFO - [2025-05-03T05:49:39.646-0300] {dagbag.py:540} INFO - Filling up the DagBag from /home/facuvega/Descargas/crypto-etl-airflow/airflow-apache/lib/python3.11/site-packages/airflow/example_dags/example_bash_decorator.py
[2025-05-03T05:49:39.658-0300] {processor.py:840} INFO - DAG(s) 'example_bash_decorator' retrieved from /home/facuvega/Descargas/crypto-etl-airflow/airflow-apache/lib/python3.11/site-packages/airflow/example_dags/example_bash_decorator.py
[2025-05-03T05:49:39.673-0300] {logging_mixin.py:188} INFO - [2025-05-03T05:49:39.673-0300] {dag.py:3096} INFO - Sync 1 DAGs
[2025-05-03T05:49:39.682-0300] {logging_mixin.py:188} INFO - [2025-05-03T05:49:39.682-0300] {dag.py:3954} INFO - Setting next_dagrun for example_bash_decorator to None, run_after=None
[2025-05-03T05:49:39.696-0300] {processor.py:183} INFO - Processing /home/facuvega/Descargas/crypto-etl-airflow/airflow-apache/lib/python3.11/site-packages/airflow/example_dags/example_bash_decorator.py took 0.059 seconds
[2025-05-03T05:50:42.986-0300] {processor.py:161} INFO - Started process (PID=49796) to work on /home/facuvega/Descargas/crypto-etl-airflow/airflow-apache/lib/python3.11/site-packages/airflow/example_dags/example_bash_decorator.py
[2025-05-03T05:50:42.987-0300] {processor.py:830} INFO - Processing file /home/facuvega/Descargas/crypto-etl-airflow/airflow-apache/lib/python3.11/site-packages/airflow/example_dags/example_bash_decorator.py for tasks to queue
[2025-05-03T05:50:42.989-0300] {logging_mixin.py:188} INFO - [2025-05-03T05:50:42.989-0300] {dagbag.py:540} INFO - Filling up the DagBag from /home/facuvega/Descargas/crypto-etl-airflow/airflow-apache/lib/python3.11/site-packages/airflow/example_dags/example_bash_decorator.py
[2025-05-03T05:50:43.001-0300] {processor.py:840} INFO - DAG(s) 'example_bash_decorator' retrieved from /home/facuvega/Descargas/crypto-etl-airflow/airflow-apache/lib/python3.11/site-packages/airflow/example_dags/example_bash_decorator.py
[2025-05-03T05:50:43.016-0300] {logging_mixin.py:188} INFO - [2025-05-03T05:50:43.016-0300] {dag.py:3096} INFO - Sync 1 DAGs
[2025-05-03T05:50:43.025-0300] {logging_mixin.py:188} INFO - [2025-05-03T05:50:43.025-0300] {dag.py:3954} INFO - Setting next_dagrun for example_bash_decorator to None, run_after=None
[2025-05-03T05:50:43.040-0300] {processor.py:183} INFO - Processing /home/facuvega/Descargas/crypto-etl-airflow/airflow-apache/lib/python3.11/site-packages/airflow/example_dags/example_bash_decorator.py took 0.059 seconds
[2025-05-03T05:53:49.548-0300] {processor.py:161} INFO - Started process (PID=51107) to work on /home/facuvega/Descargas/crypto-etl-airflow/airflow-apache/lib/python3.11/site-packages/airflow/example_dags/example_bash_decorator.py
[2025-05-03T05:53:49.549-0300] {processor.py:830} INFO - Processing file /home/facuvega/Descargas/crypto-etl-airflow/airflow-apache/lib/python3.11/site-packages/airflow/example_dags/example_bash_decorator.py for tasks to queue
[2025-05-03T05:53:49.551-0300] {logging_mixin.py:188} INFO - [2025-05-03T05:53:49.550-0300] {dagbag.py:540} INFO - Filling up the DagBag from /home/facuvega/Descargas/crypto-etl-airflow/airflow-apache/lib/python3.11/site-packages/airflow/example_dags/example_bash_decorator.py
[2025-05-03T05:53:49.563-0300] {processor.py:840} INFO - DAG(s) 'example_bash_decorator' retrieved from /home/facuvega/Descargas/crypto-etl-airflow/airflow-apache/lib/python3.11/site-packages/airflow/example_dags/example_bash_decorator.py
[2025-05-03T05:53:49.635-0300] {logging_mixin.py:188} INFO - [2025-05-03T05:53:49.635-0300] {dag.py:3096} INFO - Sync 1 DAGs
[2025-05-03T05:53:49.642-0300] {logging_mixin.py:188} INFO - [2025-05-03T05:53:49.642-0300] {dag.py:3954} INFO - Setting next_dagrun for example_bash_decorator to None, run_after=None
[2025-05-03T05:53:49.655-0300] {processor.py:183} INFO - Processing /home/facuvega/Descargas/crypto-etl-airflow/airflow-apache/lib/python3.11/site-packages/airflow/example_dags/example_bash_decorator.py took 0.114 seconds
[2025-05-03T05:55:08.210-0300] {processor.py:161} INFO - Started process (PID=52184) to work on /home/facuvega/Descargas/crypto-etl-airflow/airflow-apache/lib/python3.11/site-packages/airflow/example_dags/example_bash_decorator.py
[2025-05-03T05:55:08.211-0300] {processor.py:830} INFO - Processing file /home/facuvega/Descargas/crypto-etl-airflow/airflow-apache/lib/python3.11/site-packages/airflow/example_dags/example_bash_decorator.py for tasks to queue
[2025-05-03T05:55:08.213-0300] {logging_mixin.py:188} INFO - [2025-05-03T05:55:08.213-0300] {dagbag.py:540} INFO - Filling up the DagBag from /home/facuvega/Descargas/crypto-etl-airflow/airflow-apache/lib/python3.11/site-packages/airflow/example_dags/example_bash_decorator.py
[2025-05-03T05:55:08.241-0300] {processor.py:840} INFO - DAG(s) 'example_bash_decorator' retrieved from /home/facuvega/Descargas/crypto-etl-airflow/airflow-apache/lib/python3.11/site-packages/airflow/example_dags/example_bash_decorator.py
[2025-05-03T05:55:08.261-0300] {logging_mixin.py:188} INFO - [2025-05-03T05:55:08.260-0300] {dag.py:3096} INFO - Sync 1 DAGs
[2025-05-03T05:55:08.272-0300] {logging_mixin.py:188} INFO - [2025-05-03T05:55:08.272-0300] {dag.py:3954} INFO - Setting next_dagrun for example_bash_decorator to None, run_after=None
[2025-05-03T05:55:08.288-0300] {processor.py:183} INFO - Processing /home/facuvega/Descargas/crypto-etl-airflow/airflow-apache/lib/python3.11/site-packages/airflow/example_dags/example_bash_decorator.py took 0.085 seconds
[2025-05-03T05:59:28.978-0300] {processor.py:161} INFO - Started process (PID=54559) to work on /home/facuvega/Descargas/crypto-etl-airflow/airflow-apache/lib/python3.11/site-packages/airflow/example_dags/example_bash_decorator.py
[2025-05-03T05:59:28.980-0300] {processor.py:830} INFO - Processing file /home/facuvega/Descargas/crypto-etl-airflow/airflow-apache/lib/python3.11/site-packages/airflow/example_dags/example_bash_decorator.py for tasks to queue
[2025-05-03T05:59:28.982-0300] {logging_mixin.py:188} INFO - [2025-05-03T05:59:28.981-0300] {dagbag.py:540} INFO - Filling up the DagBag from /home/facuvega/Descargas/crypto-etl-airflow/airflow-apache/lib/python3.11/site-packages/airflow/example_dags/example_bash_decorator.py
[2025-05-03T05:59:28.998-0300] {processor.py:840} INFO - DAG(s) 'example_bash_decorator' retrieved from /home/facuvega/Descargas/crypto-etl-airflow/airflow-apache/lib/python3.11/site-packages/airflow/example_dags/example_bash_decorator.py
[2025-05-03T05:59:29.105-0300] {logging_mixin.py:188} INFO - [2025-05-03T05:59:29.105-0300] {dag.py:3096} INFO - Sync 1 DAGs
[2025-05-03T05:59:29.111-0300] {logging_mixin.py:188} INFO - [2025-05-03T05:59:29.111-0300] {dag.py:3954} INFO - Setting next_dagrun for example_bash_decorator to None, run_after=None
[2025-05-03T05:59:29.125-0300] {processor.py:183} INFO - Processing /home/facuvega/Descargas/crypto-etl-airflow/airflow-apache/lib/python3.11/site-packages/airflow/example_dags/example_bash_decorator.py took 0.153 seconds
[2025-05-03T06:01:00.705-0300] {processor.py:161} INFO - Started process (PID=55835) to work on /home/facuvega/Descargas/crypto-etl-airflow/airflow-apache/lib/python3.11/site-packages/airflow/example_dags/example_bash_decorator.py
[2025-05-03T06:01:00.709-0300] {processor.py:830} INFO - Processing file /home/facuvega/Descargas/crypto-etl-airflow/airflow-apache/lib/python3.11/site-packages/airflow/example_dags/example_bash_decorator.py for tasks to queue
[2025-05-03T06:01:00.748-0300] {logging_mixin.py:188} INFO - [2025-05-03T06:01:00.746-0300] {dagbag.py:540} INFO - Filling up the DagBag from /home/facuvega/Descargas/crypto-etl-airflow/airflow-apache/lib/python3.11/site-packages/airflow/example_dags/example_bash_decorator.py
[2025-05-03T06:01:00.938-0300] {processor.py:840} INFO - DAG(s) 'example_bash_decorator' retrieved from /home/facuvega/Descargas/crypto-etl-airflow/airflow-apache/lib/python3.11/site-packages/airflow/example_dags/example_bash_decorator.py
[2025-05-03T06:01:01.226-0300] {logging_mixin.py:188} INFO - [2025-05-03T06:01:01.225-0300] {dag.py:3096} INFO - Sync 1 DAGs
[2025-05-03T06:01:01.281-0300] {logging_mixin.py:188} INFO - [2025-05-03T06:01:01.281-0300] {dag.py:3954} INFO - Setting next_dagrun for example_bash_decorator to None, run_after=None
[2025-05-03T06:01:01.367-0300] {processor.py:183} INFO - Processing /home/facuvega/Descargas/crypto-etl-airflow/airflow-apache/lib/python3.11/site-packages/airflow/example_dags/example_bash_decorator.py took 0.734 seconds
[2025-05-03T06:03:20.116-0300] {processor.py:161} INFO - Started process (PID=56960) to work on /home/facuvega/Descargas/crypto-etl-airflow/airflow-apache/lib/python3.11/site-packages/airflow/example_dags/example_bash_decorator.py
[2025-05-03T06:03:20.117-0300] {processor.py:830} INFO - Processing file /home/facuvega/Descargas/crypto-etl-airflow/airflow-apache/lib/python3.11/site-packages/airflow/example_dags/example_bash_decorator.py for tasks to queue
[2025-05-03T06:03:20.119-0300] {logging_mixin.py:188} INFO - [2025-05-03T06:03:20.118-0300] {dagbag.py:540} INFO - Filling up the DagBag from /home/facuvega/Descargas/crypto-etl-airflow/airflow-apache/lib/python3.11/site-packages/airflow/example_dags/example_bash_decorator.py
[2025-05-03T06:03:20.130-0300] {processor.py:840} INFO - DAG(s) 'example_bash_decorator' retrieved from /home/facuvega/Descargas/crypto-etl-airflow/airflow-apache/lib/python3.11/site-packages/airflow/example_dags/example_bash_decorator.py
[2025-05-03T06:03:20.198-0300] {logging_mixin.py:188} INFO - [2025-05-03T06:03:20.198-0300] {dag.py:3096} INFO - Sync 1 DAGs
[2025-05-03T06:03:20.204-0300] {logging_mixin.py:188} INFO - [2025-05-03T06:03:20.204-0300] {dag.py:3954} INFO - Setting next_dagrun for example_bash_decorator to None, run_after=None
[2025-05-03T06:03:20.217-0300] {processor.py:183} INFO - Processing /home/facuvega/Descargas/crypto-etl-airflow/airflow-apache/lib/python3.11/site-packages/airflow/example_dags/example_bash_decorator.py took 0.107 seconds
[2025-05-03T06:05:04.490-0300] {processor.py:161} INFO - Started process (PID=58282) to work on /home/facuvega/Descargas/crypto-etl-airflow/airflow-apache/lib/python3.11/site-packages/airflow/example_dags/example_bash_decorator.py
[2025-05-03T06:05:04.491-0300] {processor.py:830} INFO - Processing file /home/facuvega/Descargas/crypto-etl-airflow/airflow-apache/lib/python3.11/site-packages/airflow/example_dags/example_bash_decorator.py for tasks to queue
[2025-05-03T06:05:04.494-0300] {logging_mixin.py:188} INFO - [2025-05-03T06:05:04.494-0300] {dagbag.py:540} INFO - Filling up the DagBag from /home/facuvega/Descargas/crypto-etl-airflow/airflow-apache/lib/python3.11/site-packages/airflow/example_dags/example_bash_decorator.py
[2025-05-03T06:05:04.508-0300] {processor.py:840} INFO - DAG(s) 'example_bash_decorator' retrieved from /home/facuvega/Descargas/crypto-etl-airflow/airflow-apache/lib/python3.11/site-packages/airflow/example_dags/example_bash_decorator.py
[2025-05-03T06:05:04.526-0300] {logging_mixin.py:188} INFO - [2025-05-03T06:05:04.525-0300] {dag.py:3096} INFO - Sync 1 DAGs
[2025-05-03T06:05:04.536-0300] {logging_mixin.py:188} INFO - [2025-05-03T06:05:04.536-0300] {dag.py:3954} INFO - Setting next_dagrun for example_bash_decorator to None, run_after=None
[2025-05-03T06:05:04.553-0300] {processor.py:183} INFO - Processing /home/facuvega/Descargas/crypto-etl-airflow/airflow-apache/lib/python3.11/site-packages/airflow/example_dags/example_bash_decorator.py took 0.069 seconds
