[2025-05-03T05:54:11.265-0300] {local_task_job_runner.py:120} INFO - ::group::Pre task execution logs
[2025-05-03T05:54:11.311-0300] {taskinstance.py:2073} INFO - Dependencies all met for dep_context=non-requeueable deps ti=<TaskInstance: crypto_pipeline.run_etl manual__2025-05-03T08:54:00.026544+00:00 [queued]>
[2025-05-03T05:54:11.318-0300] {taskinstance.py:2073} INFO - Dependencies all met for dep_context=requeueable deps ti=<TaskInstance: crypto_pipeline.run_etl manual__2025-05-03T08:54:00.026544+00:00 [queued]>
[2025-05-03T05:54:11.318-0300] {taskinstance.py:2303} INFO - Starting attempt 1 of 2
[2025-05-03T05:54:11.340-0300] {taskinstance.py:2327} INFO - Executing <Task(BashOperator): run_etl> on 2025-05-03 08:54:00.026544+00:00
[2025-05-03T05:54:11.352-0300] {standard_task_runner.py:63} INFO - Started process 51430 to run task
[2025-05-03T05:54:11.358-0300] {standard_task_runner.py:90} INFO - Running: ['airflow', 'tasks', 'run', 'crypto_pipeline', 'run_etl', 'manual__2025-05-03T08:54:00.026544+00:00', '--job-id', '25', '--raw', '--subdir', 'DAGS_FOLDER/mi_primer_dag.py', '--cfg-path', '/tmp/tmpj6hp295f']
[2025-05-03T05:54:11.361-0300] {standard_task_runner.py:91} INFO - Job 25: Subtask run_etl
[2025-05-03T05:54:11.400-0300] {task_command.py:426} INFO - Running <TaskInstance: crypto_pipeline.run_etl manual__2025-05-03T08:54:00.026544+00:00 [running]> on host facuvega
[2025-05-03T05:54:11.499-0300] {taskinstance.py:2644} INFO - Exporting env vars: AIRFLOW_CTX_DAG_OWNER='airflow' AIRFLOW_CTX_DAG_ID='crypto_pipeline' AIRFLOW_CTX_TASK_ID='run_etl' AIRFLOW_CTX_EXECUTION_DATE='2025-05-03T08:54:00.026544+00:00' AIRFLOW_CTX_TRY_NUMBER='1' AIRFLOW_CTX_DAG_RUN_ID='manual__2025-05-03T08:54:00.026544+00:00'
[2025-05-03T05:54:11.504-0300] {taskinstance.py:430} INFO - ::endgroup::
[2025-05-03T05:54:11.509-0300] {subprocess.py:63} INFO - Tmp dir root location: /tmp
[2025-05-03T05:54:11.510-0300] {subprocess.py:75} INFO - Running command: ['/usr/bin/bash', '-c', 'python /home/facuvega/Descargas/crypto-etl-airflow/scripts/etl.py']
[2025-05-03T05:54:11.536-0300] {subprocess.py:86} INFO - Output:
[2025-05-03T05:54:12.883-0300] {subprocess.py:93} INFO - ⏳ Ejecutando ETL...
[2025-05-03T05:54:12.883-0300] {subprocess.py:93} INFO - ✅ Datos validados correctamente
[2025-05-03T05:54:12.883-0300] {subprocess.py:93} INFO - ✅ Nuevo registro guardado para BTC
[2025-05-03T05:54:12.883-0300] {subprocess.py:93} INFO - ✅ Nuevo registro guardado para ETH
[2025-05-03T05:54:12.884-0300] {subprocess.py:93} INFO - ✅ Nuevo registro guardado para USDT
[2025-05-03T05:54:12.884-0300] {subprocess.py:93} INFO - ✅ Nuevo registro guardado para XRP
[2025-05-03T05:54:12.884-0300] {subprocess.py:93} INFO - ✅ Nuevo registro guardado para BNB
[2025-05-03T05:54:12.884-0300] {subprocess.py:93} INFO - ✅ Datos guardados correctamente en la base de datos
[2025-05-03T05:54:12.884-0300] {subprocess.py:93} INFO - ✅ ETL completado correctamente
[2025-05-03T05:54:13.040-0300] {subprocess.py:97} INFO - Command exited with return code 0
[2025-05-03T05:54:13.044-0300] {taskinstance.py:441} INFO - ::group::Post task execution logs
[2025-05-03T05:54:13.069-0300] {taskinstance.py:1205} INFO - Marking task as SUCCESS. dag_id=crypto_pipeline, task_id=run_etl, execution_date=20250503T085400, start_date=20250503T085411, end_date=20250503T085413
[2025-05-03T05:54:13.121-0300] {local_task_job_runner.py:240} INFO - Task exited with return code 0
[2025-05-03T05:54:13.136-0300] {taskinstance.py:3482} INFO - 1 downstream tasks scheduled from follow-on schedule check
[2025-05-03T05:54:13.138-0300] {local_task_job_runner.py:222} INFO - ::endgroup::
