[2025-05-06T11:03:17.343-0300] {local_task_job_runner.py:120} INFO - ::group::Pre task execution logs
[2025-05-06T11:03:17.363-0300] {taskinstance.py:2073} INFO - Dependencies all met for dep_context=non-requeueable deps ti=<TaskInstance: crypto_pipeline.run_prediction manual__2025-05-06T13:46:30.224980+00:00 [queued]>
[2025-05-06T11:03:17.368-0300] {taskinstance.py:2073} INFO - Dependencies all met for dep_context=requeueable deps ti=<TaskInstance: crypto_pipeline.run_prediction manual__2025-05-06T13:46:30.224980+00:00 [queued]>
[2025-05-06T11:03:17.369-0300] {taskinstance.py:2303} INFO - Starting attempt 2 of 2
[2025-05-06T11:03:17.377-0300] {taskinstance.py:2327} INFO - Executing <Task(BashOperator): run_prediction> on 2025-05-06 13:46:30.224980+00:00
[2025-05-06T11:03:17.386-0300] {standard_task_runner.py:63} INFO - Started process 75410 to run task
[2025-05-06T11:03:17.389-0300] {standard_task_runner.py:90} INFO - Running: ['airflow', 'tasks', 'run', 'crypto_pipeline', 'run_prediction', 'manual__2025-05-06T13:46:30.224980+00:00', '--job-id', '86', '--raw', '--subdir', 'DAGS_FOLDER/mi_primer_dag.py', '--cfg-path', '/tmp/tmp65bglbnc']
[2025-05-06T11:03:17.394-0300] {standard_task_runner.py:91} INFO - Job 86: Subtask run_prediction
[2025-05-06T11:03:17.425-0300] {task_command.py:426} INFO - Running <TaskInstance: crypto_pipeline.run_prediction manual__2025-05-06T13:46:30.224980+00:00 [running]> on host facuvega
[2025-05-06T11:03:17.463-0300] {taskinstance.py:2644} INFO - Exporting env vars: AIRFLOW_CTX_DAG_OWNER='airflow' AIRFLOW_CTX_DAG_ID='crypto_pipeline' AIRFLOW_CTX_TASK_ID='run_prediction' AIRFLOW_CTX_EXECUTION_DATE='2025-05-06T13:46:30.224980+00:00' AIRFLOW_CTX_TRY_NUMBER='2' AIRFLOW_CTX_DAG_RUN_ID='manual__2025-05-06T13:46:30.224980+00:00'
[2025-05-06T11:03:17.464-0300] {taskinstance.py:430} INFO - ::endgroup::
[2025-05-06T11:03:17.464-0300] {subprocess.py:63} INFO - Tmp dir root location: /tmp
[2025-05-06T11:03:17.465-0300] {subprocess.py:75} INFO - Running command: ['/usr/bin/bash', '-c', 'python /home/facuvega/Descargas/crypto-etl-airflow/scripts/main.py']
[2025-05-06T11:03:17.484-0300] {subprocess.py:86} INFO - Output:
[2025-05-06T11:03:18.250-0300] {subprocess.py:93} INFO - /home/facuvega/Descargas/crypto-etl-airflow/airflow-apache/lib/python3.11/site-packages/sklearn/metrics/_regression.py:1266: UndefinedMetricWarning: R^2 score is not well-defined with less than two samples.
[2025-05-06T11:03:18.250-0300] {subprocess.py:93} INFO -   warnings.warn(msg, UndefinedMetricWarning)
[2025-05-06T11:03:18.251-0300] {subprocess.py:93} INFO -  precision del modelo : nan%
[2025-05-06T11:03:18.252-0300] {subprocess.py:93} INFO - prediccion pára 2025-05-06 10:46:21 : $93894.000000
[2025-05-06T11:03:18.466-0300] {subprocess.py:97} INFO - Command exited with return code 0
[2025-05-06T11:03:18.467-0300] {taskinstance.py:441} INFO - ::group::Post task execution logs
[2025-05-06T11:03:18.485-0300] {taskinstance.py:1205} INFO - Marking task as SUCCESS. dag_id=crypto_pipeline, task_id=run_prediction, execution_date=20250506T134630, start_date=20250506T140317, end_date=20250506T140318
[2025-05-06T11:03:18.537-0300] {local_task_job_runner.py:240} INFO - Task exited with return code 0
[2025-05-06T11:03:18.552-0300] {taskinstance.py:3482} INFO - 0 downstream tasks scheduled from follow-on schedule check
[2025-05-06T11:03:18.555-0300] {local_task_job_runner.py:222} INFO - ::endgroup::
